[2023-11-05T00:22:22.292+0000] {processor.py:153} INFO - Started process (PID=54226) to work on /home/airflow/.local/lib/python3.7/site-packages/airflow/example_dags/example_local_kubernetes_executor.py
[2023-11-05T00:22:22.293+0000] {processor.py:743} INFO - Processing file /home/airflow/.local/lib/python3.7/site-packages/airflow/example_dags/example_local_kubernetes_executor.py for tasks to queue
[2023-11-05T00:22:22.293+0000] {logging_mixin.py:137} INFO - [2023-11-05T00:22:22.293+0000] {dagbag.py:538} INFO - Filling up the DagBag from /home/airflow/.local/lib/python3.7/site-packages/airflow/example_dags/example_local_kubernetes_executor.py
[2023-11-05T00:22:22.308+0000] {processor.py:753} INFO - DAG(s) dict_keys(['example_local_kubernetes_executor']) retrieved from /home/airflow/.local/lib/python3.7/site-packages/airflow/example_dags/example_local_kubernetes_executor.py
[2023-11-05T00:22:22.325+0000] {logging_mixin.py:137} INFO - [2023-11-05T00:22:22.325+0000] {dag.py:2690} INFO - Sync 1 DAGs
[2023-11-05T00:22:22.337+0000] {logging_mixin.py:137} INFO - [2023-11-05T00:22:22.336+0000] {dag.py:3441} INFO - Setting next_dagrun for example_local_kubernetes_executor to None, run_after=None
[2023-11-05T00:22:22.347+0000] {processor.py:175} INFO - Processing /home/airflow/.local/lib/python3.7/site-packages/airflow/example_dags/example_local_kubernetes_executor.py took 0.056 seconds
[2023-11-05T01:45:51.575+0000] {processor.py:153} INFO - Started process (PID=54302) to work on /home/airflow/.local/lib/python3.7/site-packages/airflow/example_dags/example_local_kubernetes_executor.py
[2023-11-05T01:45:51.575+0000] {processor.py:743} INFO - Processing file /home/airflow/.local/lib/python3.7/site-packages/airflow/example_dags/example_local_kubernetes_executor.py for tasks to queue
[2023-11-05T01:45:51.575+0000] {logging_mixin.py:137} INFO - [2023-11-05T01:45:51.575+0000] {dagbag.py:538} INFO - Filling up the DagBag from /home/airflow/.local/lib/python3.7/site-packages/airflow/example_dags/example_local_kubernetes_executor.py
[2023-11-05T01:45:51.589+0000] {processor.py:753} INFO - DAG(s) dict_keys(['example_local_kubernetes_executor']) retrieved from /home/airflow/.local/lib/python3.7/site-packages/airflow/example_dags/example_local_kubernetes_executor.py
[2023-11-05T01:45:51.604+0000] {logging_mixin.py:137} INFO - [2023-11-05T01:45:51.604+0000] {dag.py:2690} INFO - Sync 1 DAGs
[2023-11-05T01:45:51.615+0000] {logging_mixin.py:137} INFO - [2023-11-05T01:45:51.615+0000] {dag.py:3441} INFO - Setting next_dagrun for example_local_kubernetes_executor to None, run_after=None
[2023-11-05T01:45:51.624+0000] {processor.py:175} INFO - Processing /home/airflow/.local/lib/python3.7/site-packages/airflow/example_dags/example_local_kubernetes_executor.py took 0.052 seconds
[2023-11-05T03:06:15.934+0000] {processor.py:153} INFO - Started process (PID=54396) to work on /home/airflow/.local/lib/python3.7/site-packages/airflow/example_dags/example_local_kubernetes_executor.py
[2023-11-05T03:06:15.934+0000] {processor.py:743} INFO - Processing file /home/airflow/.local/lib/python3.7/site-packages/airflow/example_dags/example_local_kubernetes_executor.py for tasks to queue
[2023-11-05T03:06:15.935+0000] {logging_mixin.py:137} INFO - [2023-11-05T03:06:15.935+0000] {dagbag.py:538} INFO - Filling up the DagBag from /home/airflow/.local/lib/python3.7/site-packages/airflow/example_dags/example_local_kubernetes_executor.py
[2023-11-05T03:06:15.949+0000] {processor.py:753} INFO - DAG(s) dict_keys(['example_local_kubernetes_executor']) retrieved from /home/airflow/.local/lib/python3.7/site-packages/airflow/example_dags/example_local_kubernetes_executor.py
[2023-11-05T03:06:15.964+0000] {logging_mixin.py:137} INFO - [2023-11-05T03:06:15.963+0000] {dag.py:2690} INFO - Sync 1 DAGs
[2023-11-05T03:06:15.976+0000] {logging_mixin.py:137} INFO - [2023-11-05T03:06:15.976+0000] {dag.py:3441} INFO - Setting next_dagrun for example_local_kubernetes_executor to None, run_after=None
[2023-11-05T03:06:15.984+0000] {processor.py:175} INFO - Processing /home/airflow/.local/lib/python3.7/site-packages/airflow/example_dags/example_local_kubernetes_executor.py took 0.052 seconds
[2023-11-05T04:28:42.359+0000] {processor.py:153} INFO - Started process (PID=54473) to work on /home/airflow/.local/lib/python3.7/site-packages/airflow/example_dags/example_local_kubernetes_executor.py
[2023-11-05T04:28:42.360+0000] {processor.py:743} INFO - Processing file /home/airflow/.local/lib/python3.7/site-packages/airflow/example_dags/example_local_kubernetes_executor.py for tasks to queue
[2023-11-05T04:28:42.360+0000] {logging_mixin.py:137} INFO - [2023-11-05T04:28:42.360+0000] {dagbag.py:538} INFO - Filling up the DagBag from /home/airflow/.local/lib/python3.7/site-packages/airflow/example_dags/example_local_kubernetes_executor.py
[2023-11-05T04:28:42.374+0000] {processor.py:753} INFO - DAG(s) dict_keys(['example_local_kubernetes_executor']) retrieved from /home/airflow/.local/lib/python3.7/site-packages/airflow/example_dags/example_local_kubernetes_executor.py
[2023-11-05T04:28:42.389+0000] {logging_mixin.py:137} INFO - [2023-11-05T04:28:42.389+0000] {dag.py:2690} INFO - Sync 1 DAGs
[2023-11-05T04:28:42.401+0000] {logging_mixin.py:137} INFO - [2023-11-05T04:28:42.401+0000] {dag.py:3441} INFO - Setting next_dagrun for example_local_kubernetes_executor to None, run_after=None
[2023-11-05T04:28:42.409+0000] {processor.py:175} INFO - Processing /home/airflow/.local/lib/python3.7/site-packages/airflow/example_dags/example_local_kubernetes_executor.py took 0.052 seconds
[2023-11-05T05:49:38.740+0000] {processor.py:153} INFO - Started process (PID=54568) to work on /home/airflow/.local/lib/python3.7/site-packages/airflow/example_dags/example_local_kubernetes_executor.py
[2023-11-05T05:49:38.740+0000] {processor.py:743} INFO - Processing file /home/airflow/.local/lib/python3.7/site-packages/airflow/example_dags/example_local_kubernetes_executor.py for tasks to queue
[2023-11-05T05:49:38.741+0000] {logging_mixin.py:137} INFO - [2023-11-05T05:49:38.741+0000] {dagbag.py:538} INFO - Filling up the DagBag from /home/airflow/.local/lib/python3.7/site-packages/airflow/example_dags/example_local_kubernetes_executor.py
[2023-11-05T05:49:38.754+0000] {processor.py:753} INFO - DAG(s) dict_keys(['example_local_kubernetes_executor']) retrieved from /home/airflow/.local/lib/python3.7/site-packages/airflow/example_dags/example_local_kubernetes_executor.py
[2023-11-05T05:49:38.769+0000] {logging_mixin.py:137} INFO - [2023-11-05T05:49:38.769+0000] {dag.py:2690} INFO - Sync 1 DAGs
[2023-11-05T05:49:38.781+0000] {logging_mixin.py:137} INFO - [2023-11-05T05:49:38.781+0000] {dag.py:3441} INFO - Setting next_dagrun for example_local_kubernetes_executor to None, run_after=None
[2023-11-05T05:49:38.791+0000] {processor.py:175} INFO - Processing /home/airflow/.local/lib/python3.7/site-packages/airflow/example_dags/example_local_kubernetes_executor.py took 0.053 seconds
[2023-11-05T06:56:44.603+0000] {processor.py:153} INFO - Started process (PID=54663) to work on /home/airflow/.local/lib/python3.7/site-packages/airflow/example_dags/example_local_kubernetes_executor.py
[2023-11-05T06:56:44.603+0000] {processor.py:743} INFO - Processing file /home/airflow/.local/lib/python3.7/site-packages/airflow/example_dags/example_local_kubernetes_executor.py for tasks to queue
[2023-11-05T06:56:44.604+0000] {logging_mixin.py:137} INFO - [2023-11-05T06:56:44.604+0000] {dagbag.py:538} INFO - Filling up the DagBag from /home/airflow/.local/lib/python3.7/site-packages/airflow/example_dags/example_local_kubernetes_executor.py
[2023-11-05T06:56:44.618+0000] {processor.py:753} INFO - DAG(s) dict_keys(['example_local_kubernetes_executor']) retrieved from /home/airflow/.local/lib/python3.7/site-packages/airflow/example_dags/example_local_kubernetes_executor.py
[2023-11-05T06:56:44.633+0000] {logging_mixin.py:137} INFO - [2023-11-05T06:56:44.633+0000] {dag.py:2690} INFO - Sync 1 DAGs
[2023-11-05T06:56:44.647+0000] {logging_mixin.py:137} INFO - [2023-11-05T06:56:44.647+0000] {dag.py:3441} INFO - Setting next_dagrun for example_local_kubernetes_executor to None, run_after=None
[2023-11-05T06:56:44.656+0000] {processor.py:175} INFO - Processing /home/airflow/.local/lib/python3.7/site-packages/airflow/example_dags/example_local_kubernetes_executor.py took 0.055 seconds
[2023-11-05T08:18:11.773+0000] {processor.py:153} INFO - Started process (PID=54740) to work on /home/airflow/.local/lib/python3.7/site-packages/airflow/example_dags/example_local_kubernetes_executor.py
[2023-11-05T08:18:11.774+0000] {processor.py:743} INFO - Processing file /home/airflow/.local/lib/python3.7/site-packages/airflow/example_dags/example_local_kubernetes_executor.py for tasks to queue
[2023-11-05T08:18:11.774+0000] {logging_mixin.py:137} INFO - [2023-11-05T08:18:11.774+0000] {dagbag.py:538} INFO - Filling up the DagBag from /home/airflow/.local/lib/python3.7/site-packages/airflow/example_dags/example_local_kubernetes_executor.py
[2023-11-05T08:18:11.789+0000] {processor.py:753} INFO - DAG(s) dict_keys(['example_local_kubernetes_executor']) retrieved from /home/airflow/.local/lib/python3.7/site-packages/airflow/example_dags/example_local_kubernetes_executor.py
[2023-11-05T08:18:11.804+0000] {logging_mixin.py:137} INFO - [2023-11-05T08:18:11.804+0000] {dag.py:2690} INFO - Sync 1 DAGs
[2023-11-05T08:18:11.816+0000] {logging_mixin.py:137} INFO - [2023-11-05T08:18:11.816+0000] {dag.py:3441} INFO - Setting next_dagrun for example_local_kubernetes_executor to None, run_after=None
[2023-11-05T08:18:11.825+0000] {processor.py:175} INFO - Processing /home/airflow/.local/lib/python3.7/site-packages/airflow/example_dags/example_local_kubernetes_executor.py took 0.054 seconds
[2023-11-05T09:41:33.627+0000] {processor.py:153} INFO - Started process (PID=54835) to work on /home/airflow/.local/lib/python3.7/site-packages/airflow/example_dags/example_local_kubernetes_executor.py
[2023-11-05T09:41:33.628+0000] {processor.py:743} INFO - Processing file /home/airflow/.local/lib/python3.7/site-packages/airflow/example_dags/example_local_kubernetes_executor.py for tasks to queue
[2023-11-05T09:41:33.628+0000] {logging_mixin.py:137} INFO - [2023-11-05T09:41:33.628+0000] {dagbag.py:538} INFO - Filling up the DagBag from /home/airflow/.local/lib/python3.7/site-packages/airflow/example_dags/example_local_kubernetes_executor.py
[2023-11-05T09:41:33.642+0000] {processor.py:753} INFO - DAG(s) dict_keys(['example_local_kubernetes_executor']) retrieved from /home/airflow/.local/lib/python3.7/site-packages/airflow/example_dags/example_local_kubernetes_executor.py
[2023-11-05T09:41:33.656+0000] {logging_mixin.py:137} INFO - [2023-11-05T09:41:33.656+0000] {dag.py:2690} INFO - Sync 1 DAGs
[2023-11-05T09:41:33.668+0000] {logging_mixin.py:137} INFO - [2023-11-05T09:41:33.668+0000] {dag.py:3441} INFO - Setting next_dagrun for example_local_kubernetes_executor to None, run_after=None
[2023-11-05T09:41:33.676+0000] {processor.py:175} INFO - Processing /home/airflow/.local/lib/python3.7/site-packages/airflow/example_dags/example_local_kubernetes_executor.py took 0.051 seconds
[2023-11-05T11:06:46.535+0000] {processor.py:153} INFO - Started process (PID=54912) to work on /home/airflow/.local/lib/python3.7/site-packages/airflow/example_dags/example_local_kubernetes_executor.py
[2023-11-05T11:06:46.536+0000] {processor.py:743} INFO - Processing file /home/airflow/.local/lib/python3.7/site-packages/airflow/example_dags/example_local_kubernetes_executor.py for tasks to queue
[2023-11-05T11:06:46.537+0000] {logging_mixin.py:137} INFO - [2023-11-05T11:06:46.537+0000] {dagbag.py:538} INFO - Filling up the DagBag from /home/airflow/.local/lib/python3.7/site-packages/airflow/example_dags/example_local_kubernetes_executor.py
[2023-11-05T11:06:46.560+0000] {processor.py:753} INFO - DAG(s) dict_keys(['example_local_kubernetes_executor']) retrieved from /home/airflow/.local/lib/python3.7/site-packages/airflow/example_dags/example_local_kubernetes_executor.py
[2023-11-05T11:06:46.584+0000] {logging_mixin.py:137} INFO - [2023-11-05T11:06:46.584+0000] {dag.py:2690} INFO - Sync 1 DAGs
[2023-11-05T11:06:46.600+0000] {logging_mixin.py:137} INFO - [2023-11-05T11:06:46.600+0000] {dag.py:3441} INFO - Setting next_dagrun for example_local_kubernetes_executor to None, run_after=None
[2023-11-05T11:06:46.613+0000] {processor.py:175} INFO - Processing /home/airflow/.local/lib/python3.7/site-packages/airflow/example_dags/example_local_kubernetes_executor.py took 0.081 seconds
[2023-11-05T12:29:56.139+0000] {processor.py:153} INFO - Started process (PID=55007) to work on /home/airflow/.local/lib/python3.7/site-packages/airflow/example_dags/example_local_kubernetes_executor.py
[2023-11-05T12:29:56.140+0000] {processor.py:743} INFO - Processing file /home/airflow/.local/lib/python3.7/site-packages/airflow/example_dags/example_local_kubernetes_executor.py for tasks to queue
[2023-11-05T12:29:56.140+0000] {logging_mixin.py:137} INFO - [2023-11-05T12:29:56.140+0000] {dagbag.py:538} INFO - Filling up the DagBag from /home/airflow/.local/lib/python3.7/site-packages/airflow/example_dags/example_local_kubernetes_executor.py
[2023-11-05T12:29:56.160+0000] {processor.py:753} INFO - DAG(s) dict_keys(['example_local_kubernetes_executor']) retrieved from /home/airflow/.local/lib/python3.7/site-packages/airflow/example_dags/example_local_kubernetes_executor.py
[2023-11-05T12:29:56.177+0000] {logging_mixin.py:137} INFO - [2023-11-05T12:29:56.177+0000] {dag.py:2690} INFO - Sync 1 DAGs
[2023-11-05T12:29:56.189+0000] {logging_mixin.py:137} INFO - [2023-11-05T12:29:56.189+0000] {dag.py:3441} INFO - Setting next_dagrun for example_local_kubernetes_executor to None, run_after=None
[2023-11-05T12:29:56.198+0000] {processor.py:175} INFO - Processing /home/airflow/.local/lib/python3.7/site-packages/airflow/example_dags/example_local_kubernetes_executor.py took 0.061 seconds
[2023-11-05T12:54:02.758+0000] {processor.py:153} INFO - Started process (PID=55102) to work on /home/airflow/.local/lib/python3.7/site-packages/airflow/example_dags/example_local_kubernetes_executor.py
[2023-11-05T12:54:02.758+0000] {processor.py:743} INFO - Processing file /home/airflow/.local/lib/python3.7/site-packages/airflow/example_dags/example_local_kubernetes_executor.py for tasks to queue
[2023-11-05T12:54:02.759+0000] {logging_mixin.py:137} INFO - [2023-11-05T12:54:02.759+0000] {dagbag.py:538} INFO - Filling up the DagBag from /home/airflow/.local/lib/python3.7/site-packages/airflow/example_dags/example_local_kubernetes_executor.py
[2023-11-05T12:54:02.773+0000] {processor.py:753} INFO - DAG(s) dict_keys(['example_local_kubernetes_executor']) retrieved from /home/airflow/.local/lib/python3.7/site-packages/airflow/example_dags/example_local_kubernetes_executor.py
[2023-11-05T12:54:02.788+0000] {logging_mixin.py:137} INFO - [2023-11-05T12:54:02.788+0000] {dag.py:2690} INFO - Sync 1 DAGs
[2023-11-05T12:54:02.800+0000] {logging_mixin.py:137} INFO - [2023-11-05T12:54:02.800+0000] {dag.py:3441} INFO - Setting next_dagrun for example_local_kubernetes_executor to None, run_after=None
[2023-11-05T12:54:02.810+0000] {processor.py:175} INFO - Processing /home/airflow/.local/lib/python3.7/site-packages/airflow/example_dags/example_local_kubernetes_executor.py took 0.054 seconds
[2023-11-05T12:54:32.858+0000] {processor.py:153} INFO - Started process (PID=55179) to work on /home/airflow/.local/lib/python3.7/site-packages/airflow/example_dags/example_local_kubernetes_executor.py
[2023-11-05T12:54:32.858+0000] {processor.py:743} INFO - Processing file /home/airflow/.local/lib/python3.7/site-packages/airflow/example_dags/example_local_kubernetes_executor.py for tasks to queue
[2023-11-05T12:54:32.859+0000] {logging_mixin.py:137} INFO - [2023-11-05T12:54:32.859+0000] {dagbag.py:538} INFO - Filling up the DagBag from /home/airflow/.local/lib/python3.7/site-packages/airflow/example_dags/example_local_kubernetes_executor.py
[2023-11-05T12:54:32.873+0000] {processor.py:753} INFO - DAG(s) dict_keys(['example_local_kubernetes_executor']) retrieved from /home/airflow/.local/lib/python3.7/site-packages/airflow/example_dags/example_local_kubernetes_executor.py
[2023-11-05T12:54:32.888+0000] {logging_mixin.py:137} INFO - [2023-11-05T12:54:32.887+0000] {dag.py:2690} INFO - Sync 1 DAGs
[2023-11-05T12:54:32.900+0000] {logging_mixin.py:137} INFO - [2023-11-05T12:54:32.900+0000] {dag.py:3441} INFO - Setting next_dagrun for example_local_kubernetes_executor to None, run_after=None
[2023-11-05T12:54:32.908+0000] {processor.py:175} INFO - Processing /home/airflow/.local/lib/python3.7/site-packages/airflow/example_dags/example_local_kubernetes_executor.py took 0.052 seconds
[2023-11-05T12:55:03.833+0000] {processor.py:153} INFO - Started process (PID=55274) to work on /home/airflow/.local/lib/python3.7/site-packages/airflow/example_dags/example_local_kubernetes_executor.py
[2023-11-05T12:55:03.834+0000] {processor.py:743} INFO - Processing file /home/airflow/.local/lib/python3.7/site-packages/airflow/example_dags/example_local_kubernetes_executor.py for tasks to queue
[2023-11-05T12:55:03.834+0000] {logging_mixin.py:137} INFO - [2023-11-05T12:55:03.834+0000] {dagbag.py:538} INFO - Filling up the DagBag from /home/airflow/.local/lib/python3.7/site-packages/airflow/example_dags/example_local_kubernetes_executor.py
[2023-11-05T12:55:03.849+0000] {processor.py:753} INFO - DAG(s) dict_keys(['example_local_kubernetes_executor']) retrieved from /home/airflow/.local/lib/python3.7/site-packages/airflow/example_dags/example_local_kubernetes_executor.py
[2023-11-05T12:55:03.863+0000] {logging_mixin.py:137} INFO - [2023-11-05T12:55:03.863+0000] {dag.py:2690} INFO - Sync 1 DAGs
[2023-11-05T12:55:03.875+0000] {logging_mixin.py:137} INFO - [2023-11-05T12:55:03.875+0000] {dag.py:3441} INFO - Setting next_dagrun for example_local_kubernetes_executor to None, run_after=None
[2023-11-05T12:55:03.884+0000] {processor.py:175} INFO - Processing /home/airflow/.local/lib/python3.7/site-packages/airflow/example_dags/example_local_kubernetes_executor.py took 0.052 seconds
[2023-11-05T12:55:34.644+0000] {processor.py:153} INFO - Started process (PID=55369) to work on /home/airflow/.local/lib/python3.7/site-packages/airflow/example_dags/example_local_kubernetes_executor.py
[2023-11-05T12:55:34.645+0000] {processor.py:743} INFO - Processing file /home/airflow/.local/lib/python3.7/site-packages/airflow/example_dags/example_local_kubernetes_executor.py for tasks to queue
[2023-11-05T12:55:34.645+0000] {logging_mixin.py:137} INFO - [2023-11-05T12:55:34.645+0000] {dagbag.py:538} INFO - Filling up the DagBag from /home/airflow/.local/lib/python3.7/site-packages/airflow/example_dags/example_local_kubernetes_executor.py
[2023-11-05T12:55:34.665+0000] {processor.py:753} INFO - DAG(s) dict_keys(['example_local_kubernetes_executor']) retrieved from /home/airflow/.local/lib/python3.7/site-packages/airflow/example_dags/example_local_kubernetes_executor.py
[2023-11-05T12:55:34.680+0000] {logging_mixin.py:137} INFO - [2023-11-05T12:55:34.680+0000] {dag.py:2690} INFO - Sync 1 DAGs
[2023-11-05T12:55:34.692+0000] {logging_mixin.py:137} INFO - [2023-11-05T12:55:34.692+0000] {dag.py:3441} INFO - Setting next_dagrun for example_local_kubernetes_executor to None, run_after=None
[2023-11-05T12:55:34.702+0000] {processor.py:175} INFO - Processing /home/airflow/.local/lib/python3.7/site-packages/airflow/example_dags/example_local_kubernetes_executor.py took 0.060 seconds
[2023-11-05T12:56:06.008+0000] {processor.py:153} INFO - Started process (PID=55464) to work on /home/airflow/.local/lib/python3.7/site-packages/airflow/example_dags/example_local_kubernetes_executor.py
[2023-11-05T12:56:06.009+0000] {processor.py:743} INFO - Processing file /home/airflow/.local/lib/python3.7/site-packages/airflow/example_dags/example_local_kubernetes_executor.py for tasks to queue
[2023-11-05T12:56:06.009+0000] {logging_mixin.py:137} INFO - [2023-11-05T12:56:06.009+0000] {dagbag.py:538} INFO - Filling up the DagBag from /home/airflow/.local/lib/python3.7/site-packages/airflow/example_dags/example_local_kubernetes_executor.py
[2023-11-05T12:56:06.024+0000] {processor.py:753} INFO - DAG(s) dict_keys(['example_local_kubernetes_executor']) retrieved from /home/airflow/.local/lib/python3.7/site-packages/airflow/example_dags/example_local_kubernetes_executor.py
[2023-11-05T12:56:06.040+0000] {logging_mixin.py:137} INFO - [2023-11-05T12:56:06.040+0000] {dag.py:2690} INFO - Sync 1 DAGs
[2023-11-05T12:56:06.053+0000] {logging_mixin.py:137} INFO - [2023-11-05T12:56:06.053+0000] {dag.py:3441} INFO - Setting next_dagrun for example_local_kubernetes_executor to None, run_after=None
[2023-11-05T12:56:06.062+0000] {processor.py:175} INFO - Processing /home/airflow/.local/lib/python3.7/site-packages/airflow/example_dags/example_local_kubernetes_executor.py took 0.056 seconds
[2023-11-05T12:56:36.974+0000] {processor.py:153} INFO - Started process (PID=55541) to work on /home/airflow/.local/lib/python3.7/site-packages/airflow/example_dags/example_local_kubernetes_executor.py
[2023-11-05T12:56:36.976+0000] {processor.py:743} INFO - Processing file /home/airflow/.local/lib/python3.7/site-packages/airflow/example_dags/example_local_kubernetes_executor.py for tasks to queue
[2023-11-05T12:56:36.977+0000] {logging_mixin.py:137} INFO - [2023-11-05T12:56:36.977+0000] {dagbag.py:538} INFO - Filling up the DagBag from /home/airflow/.local/lib/python3.7/site-packages/airflow/example_dags/example_local_kubernetes_executor.py
[2023-11-05T12:56:37.002+0000] {processor.py:753} INFO - DAG(s) dict_keys(['example_local_kubernetes_executor']) retrieved from /home/airflow/.local/lib/python3.7/site-packages/airflow/example_dags/example_local_kubernetes_executor.py
[2023-11-05T12:56:37.022+0000] {logging_mixin.py:137} INFO - [2023-11-05T12:56:37.022+0000] {dag.py:2690} INFO - Sync 1 DAGs
[2023-11-05T12:56:37.035+0000] {logging_mixin.py:137} INFO - [2023-11-05T12:56:37.035+0000] {dag.py:3441} INFO - Setting next_dagrun for example_local_kubernetes_executor to None, run_after=None
[2023-11-05T12:56:37.044+0000] {processor.py:175} INFO - Processing /home/airflow/.local/lib/python3.7/site-packages/airflow/example_dags/example_local_kubernetes_executor.py took 0.075 seconds
[2023-11-05T12:57:07.835+0000] {processor.py:153} INFO - Started process (PID=55636) to work on /home/airflow/.local/lib/python3.7/site-packages/airflow/example_dags/example_local_kubernetes_executor.py
[2023-11-05T12:57:07.836+0000] {processor.py:743} INFO - Processing file /home/airflow/.local/lib/python3.7/site-packages/airflow/example_dags/example_local_kubernetes_executor.py for tasks to queue
[2023-11-05T12:57:07.837+0000] {logging_mixin.py:137} INFO - [2023-11-05T12:57:07.837+0000] {dagbag.py:538} INFO - Filling up the DagBag from /home/airflow/.local/lib/python3.7/site-packages/airflow/example_dags/example_local_kubernetes_executor.py
[2023-11-05T12:57:07.864+0000] {processor.py:753} INFO - DAG(s) dict_keys(['example_local_kubernetes_executor']) retrieved from /home/airflow/.local/lib/python3.7/site-packages/airflow/example_dags/example_local_kubernetes_executor.py
[2023-11-05T12:57:07.884+0000] {logging_mixin.py:137} INFO - [2023-11-05T12:57:07.884+0000] {dag.py:2690} INFO - Sync 1 DAGs
[2023-11-05T12:57:07.898+0000] {logging_mixin.py:137} INFO - [2023-11-05T12:57:07.898+0000] {dag.py:3441} INFO - Setting next_dagrun for example_local_kubernetes_executor to None, run_after=None
[2023-11-05T12:57:07.907+0000] {processor.py:175} INFO - Processing /home/airflow/.local/lib/python3.7/site-packages/airflow/example_dags/example_local_kubernetes_executor.py took 0.077 seconds
[2023-11-05T12:57:38.820+0000] {processor.py:153} INFO - Started process (PID=55731) to work on /home/airflow/.local/lib/python3.7/site-packages/airflow/example_dags/example_local_kubernetes_executor.py
[2023-11-05T12:57:38.821+0000] {processor.py:743} INFO - Processing file /home/airflow/.local/lib/python3.7/site-packages/airflow/example_dags/example_local_kubernetes_executor.py for tasks to queue
[2023-11-05T12:57:38.822+0000] {logging_mixin.py:137} INFO - [2023-11-05T12:57:38.821+0000] {dagbag.py:538} INFO - Filling up the DagBag from /home/airflow/.local/lib/python3.7/site-packages/airflow/example_dags/example_local_kubernetes_executor.py
[2023-11-05T12:57:38.842+0000] {processor.py:753} INFO - DAG(s) dict_keys(['example_local_kubernetes_executor']) retrieved from /home/airflow/.local/lib/python3.7/site-packages/airflow/example_dags/example_local_kubernetes_executor.py
[2023-11-05T12:57:38.860+0000] {logging_mixin.py:137} INFO - [2023-11-05T12:57:38.860+0000] {dag.py:2690} INFO - Sync 1 DAGs
[2023-11-05T12:57:38.873+0000] {logging_mixin.py:137} INFO - [2023-11-05T12:57:38.873+0000] {dag.py:3441} INFO - Setting next_dagrun for example_local_kubernetes_executor to None, run_after=None
[2023-11-05T12:57:38.883+0000] {processor.py:175} INFO - Processing /home/airflow/.local/lib/python3.7/site-packages/airflow/example_dags/example_local_kubernetes_executor.py took 0.067 seconds
[2023-11-05T12:58:09.602+0000] {processor.py:153} INFO - Started process (PID=55826) to work on /home/airflow/.local/lib/python3.7/site-packages/airflow/example_dags/example_local_kubernetes_executor.py
[2023-11-05T12:58:09.603+0000] {processor.py:743} INFO - Processing file /home/airflow/.local/lib/python3.7/site-packages/airflow/example_dags/example_local_kubernetes_executor.py for tasks to queue
[2023-11-05T12:58:09.604+0000] {logging_mixin.py:137} INFO - [2023-11-05T12:58:09.603+0000] {dagbag.py:538} INFO - Filling up the DagBag from /home/airflow/.local/lib/python3.7/site-packages/airflow/example_dags/example_local_kubernetes_executor.py
[2023-11-05T12:58:09.629+0000] {processor.py:753} INFO - DAG(s) dict_keys(['example_local_kubernetes_executor']) retrieved from /home/airflow/.local/lib/python3.7/site-packages/airflow/example_dags/example_local_kubernetes_executor.py
[2023-11-05T12:58:09.660+0000] {logging_mixin.py:137} INFO - [2023-11-05T12:58:09.660+0000] {dag.py:2690} INFO - Sync 1 DAGs
[2023-11-05T12:58:09.682+0000] {logging_mixin.py:137} INFO - [2023-11-05T12:58:09.682+0000] {dag.py:3441} INFO - Setting next_dagrun for example_local_kubernetes_executor to None, run_after=None
[2023-11-05T12:58:09.696+0000] {processor.py:175} INFO - Processing /home/airflow/.local/lib/python3.7/site-packages/airflow/example_dags/example_local_kubernetes_executor.py took 0.096 seconds
[2023-11-05T12:58:40.534+0000] {processor.py:153} INFO - Started process (PID=55903) to work on /home/airflow/.local/lib/python3.7/site-packages/airflow/example_dags/example_local_kubernetes_executor.py
[2023-11-05T12:58:40.536+0000] {processor.py:743} INFO - Processing file /home/airflow/.local/lib/python3.7/site-packages/airflow/example_dags/example_local_kubernetes_executor.py for tasks to queue
[2023-11-05T12:58:40.537+0000] {logging_mixin.py:137} INFO - [2023-11-05T12:58:40.537+0000] {dagbag.py:538} INFO - Filling up the DagBag from /home/airflow/.local/lib/python3.7/site-packages/airflow/example_dags/example_local_kubernetes_executor.py
[2023-11-05T12:58:40.563+0000] {processor.py:753} INFO - DAG(s) dict_keys(['example_local_kubernetes_executor']) retrieved from /home/airflow/.local/lib/python3.7/site-packages/airflow/example_dags/example_local_kubernetes_executor.py
[2023-11-05T12:58:40.583+0000] {logging_mixin.py:137} INFO - [2023-11-05T12:58:40.583+0000] {dag.py:2690} INFO - Sync 1 DAGs
[2023-11-05T12:58:40.597+0000] {logging_mixin.py:137} INFO - [2023-11-05T12:58:40.597+0000] {dag.py:3441} INFO - Setting next_dagrun for example_local_kubernetes_executor to None, run_after=None
[2023-11-05T12:58:40.606+0000] {processor.py:175} INFO - Processing /home/airflow/.local/lib/python3.7/site-packages/airflow/example_dags/example_local_kubernetes_executor.py took 0.077 seconds
[2023-11-05T12:59:11.553+0000] {processor.py:153} INFO - Started process (PID=55998) to work on /home/airflow/.local/lib/python3.7/site-packages/airflow/example_dags/example_local_kubernetes_executor.py
[2023-11-05T12:59:11.555+0000] {processor.py:743} INFO - Processing file /home/airflow/.local/lib/python3.7/site-packages/airflow/example_dags/example_local_kubernetes_executor.py for tasks to queue
[2023-11-05T12:59:11.556+0000] {logging_mixin.py:137} INFO - [2023-11-05T12:59:11.555+0000] {dagbag.py:538} INFO - Filling up the DagBag from /home/airflow/.local/lib/python3.7/site-packages/airflow/example_dags/example_local_kubernetes_executor.py
[2023-11-05T12:59:11.574+0000] {processor.py:753} INFO - DAG(s) dict_keys(['example_local_kubernetes_executor']) retrieved from /home/airflow/.local/lib/python3.7/site-packages/airflow/example_dags/example_local_kubernetes_executor.py
[2023-11-05T12:59:11.592+0000] {logging_mixin.py:137} INFO - [2023-11-05T12:59:11.592+0000] {dag.py:2690} INFO - Sync 1 DAGs
[2023-11-05T12:59:11.605+0000] {logging_mixin.py:137} INFO - [2023-11-05T12:59:11.605+0000] {dag.py:3441} INFO - Setting next_dagrun for example_local_kubernetes_executor to None, run_after=None
[2023-11-05T12:59:11.617+0000] {processor.py:175} INFO - Processing /home/airflow/.local/lib/python3.7/site-packages/airflow/example_dags/example_local_kubernetes_executor.py took 0.070 seconds
[2023-11-05T12:59:42.483+0000] {processor.py:153} INFO - Started process (PID=56093) to work on /home/airflow/.local/lib/python3.7/site-packages/airflow/example_dags/example_local_kubernetes_executor.py
[2023-11-05T12:59:42.484+0000] {processor.py:743} INFO - Processing file /home/airflow/.local/lib/python3.7/site-packages/airflow/example_dags/example_local_kubernetes_executor.py for tasks to queue
[2023-11-05T12:59:42.484+0000] {logging_mixin.py:137} INFO - [2023-11-05T12:59:42.484+0000] {dagbag.py:538} INFO - Filling up the DagBag from /home/airflow/.local/lib/python3.7/site-packages/airflow/example_dags/example_local_kubernetes_executor.py
[2023-11-05T12:59:42.506+0000] {processor.py:753} INFO - DAG(s) dict_keys(['example_local_kubernetes_executor']) retrieved from /home/airflow/.local/lib/python3.7/site-packages/airflow/example_dags/example_local_kubernetes_executor.py
[2023-11-05T12:59:42.535+0000] {logging_mixin.py:137} INFO - [2023-11-05T12:59:42.535+0000] {dag.py:2690} INFO - Sync 1 DAGs
[2023-11-05T12:59:42.551+0000] {logging_mixin.py:137} INFO - [2023-11-05T12:59:42.551+0000] {dag.py:3441} INFO - Setting next_dagrun for example_local_kubernetes_executor to None, run_after=None
[2023-11-05T12:59:42.562+0000] {processor.py:175} INFO - Processing /home/airflow/.local/lib/python3.7/site-packages/airflow/example_dags/example_local_kubernetes_executor.py took 0.082 seconds
[2023-11-05T13:00:13.630+0000] {processor.py:153} INFO - Started process (PID=56170) to work on /home/airflow/.local/lib/python3.7/site-packages/airflow/example_dags/example_local_kubernetes_executor.py
[2023-11-05T13:00:13.631+0000] {processor.py:743} INFO - Processing file /home/airflow/.local/lib/python3.7/site-packages/airflow/example_dags/example_local_kubernetes_executor.py for tasks to queue
[2023-11-05T13:00:13.632+0000] {logging_mixin.py:137} INFO - [2023-11-05T13:00:13.632+0000] {dagbag.py:538} INFO - Filling up the DagBag from /home/airflow/.local/lib/python3.7/site-packages/airflow/example_dags/example_local_kubernetes_executor.py
[2023-11-05T13:00:13.645+0000] {processor.py:753} INFO - DAG(s) dict_keys(['example_local_kubernetes_executor']) retrieved from /home/airflow/.local/lib/python3.7/site-packages/airflow/example_dags/example_local_kubernetes_executor.py
[2023-11-05T13:00:13.660+0000] {logging_mixin.py:137} INFO - [2023-11-05T13:00:13.660+0000] {dag.py:2690} INFO - Sync 1 DAGs
[2023-11-05T13:00:13.673+0000] {logging_mixin.py:137} INFO - [2023-11-05T13:00:13.673+0000] {dag.py:3441} INFO - Setting next_dagrun for example_local_kubernetes_executor to None, run_after=None
[2023-11-05T13:00:13.683+0000] {processor.py:175} INFO - Processing /home/airflow/.local/lib/python3.7/site-packages/airflow/example_dags/example_local_kubernetes_executor.py took 0.054 seconds
[2023-11-05T13:16:02.447+0000] {processor.py:153} INFO - Started process (PID=56247) to work on /home/airflow/.local/lib/python3.7/site-packages/airflow/example_dags/example_local_kubernetes_executor.py
[2023-11-05T13:16:02.448+0000] {processor.py:743} INFO - Processing file /home/airflow/.local/lib/python3.7/site-packages/airflow/example_dags/example_local_kubernetes_executor.py for tasks to queue
[2023-11-05T13:16:02.448+0000] {logging_mixin.py:137} INFO - [2023-11-05T13:16:02.448+0000] {dagbag.py:538} INFO - Filling up the DagBag from /home/airflow/.local/lib/python3.7/site-packages/airflow/example_dags/example_local_kubernetes_executor.py
[2023-11-05T13:16:02.462+0000] {processor.py:753} INFO - DAG(s) dict_keys(['example_local_kubernetes_executor']) retrieved from /home/airflow/.local/lib/python3.7/site-packages/airflow/example_dags/example_local_kubernetes_executor.py
[2023-11-05T13:16:02.478+0000] {logging_mixin.py:137} INFO - [2023-11-05T13:16:02.478+0000] {dag.py:2690} INFO - Sync 1 DAGs
[2023-11-05T13:16:02.489+0000] {logging_mixin.py:137} INFO - [2023-11-05T13:16:02.489+0000] {dag.py:3441} INFO - Setting next_dagrun for example_local_kubernetes_executor to None, run_after=None
[2023-11-05T13:16:02.497+0000] {processor.py:175} INFO - Processing /home/airflow/.local/lib/python3.7/site-packages/airflow/example_dags/example_local_kubernetes_executor.py took 0.053 seconds
[2023-11-05T14:40:40.629+0000] {processor.py:153} INFO - Started process (PID=56342) to work on /home/airflow/.local/lib/python3.7/site-packages/airflow/example_dags/example_local_kubernetes_executor.py
[2023-11-05T14:40:40.630+0000] {processor.py:743} INFO - Processing file /home/airflow/.local/lib/python3.7/site-packages/airflow/example_dags/example_local_kubernetes_executor.py for tasks to queue
[2023-11-05T14:40:40.631+0000] {logging_mixin.py:137} INFO - [2023-11-05T14:40:40.631+0000] {dagbag.py:538} INFO - Filling up the DagBag from /home/airflow/.local/lib/python3.7/site-packages/airflow/example_dags/example_local_kubernetes_executor.py
[2023-11-05T14:40:40.653+0000] {processor.py:753} INFO - DAG(s) dict_keys(['example_local_kubernetes_executor']) retrieved from /home/airflow/.local/lib/python3.7/site-packages/airflow/example_dags/example_local_kubernetes_executor.py
[2023-11-05T14:40:40.672+0000] {logging_mixin.py:137} INFO - [2023-11-05T14:40:40.672+0000] {dag.py:2690} INFO - Sync 1 DAGs
[2023-11-05T14:40:40.684+0000] {logging_mixin.py:137} INFO - [2023-11-05T14:40:40.684+0000] {dag.py:3441} INFO - Setting next_dagrun for example_local_kubernetes_executor to None, run_after=None
[2023-11-05T14:40:40.693+0000] {processor.py:175} INFO - Processing /home/airflow/.local/lib/python3.7/site-packages/airflow/example_dags/example_local_kubernetes_executor.py took 0.067 seconds
[2023-11-05T15:58:50.877+0000] {processor.py:153} INFO - Started process (PID=56419) to work on /home/airflow/.local/lib/python3.7/site-packages/airflow/example_dags/example_local_kubernetes_executor.py
[2023-11-05T15:58:50.878+0000] {processor.py:743} INFO - Processing file /home/airflow/.local/lib/python3.7/site-packages/airflow/example_dags/example_local_kubernetes_executor.py for tasks to queue
[2023-11-05T15:58:50.878+0000] {logging_mixin.py:137} INFO - [2023-11-05T15:58:50.878+0000] {dagbag.py:538} INFO - Filling up the DagBag from /home/airflow/.local/lib/python3.7/site-packages/airflow/example_dags/example_local_kubernetes_executor.py
[2023-11-05T15:58:50.892+0000] {processor.py:753} INFO - DAG(s) dict_keys(['example_local_kubernetes_executor']) retrieved from /home/airflow/.local/lib/python3.7/site-packages/airflow/example_dags/example_local_kubernetes_executor.py
[2023-11-05T15:58:50.906+0000] {logging_mixin.py:137} INFO - [2023-11-05T15:58:50.906+0000] {dag.py:2690} INFO - Sync 1 DAGs
[2023-11-05T15:58:50.918+0000] {logging_mixin.py:137} INFO - [2023-11-05T15:58:50.918+0000] {dag.py:3441} INFO - Setting next_dagrun for example_local_kubernetes_executor to None, run_after=None
[2023-11-05T15:58:50.927+0000] {processor.py:175} INFO - Processing /home/airflow/.local/lib/python3.7/site-packages/airflow/example_dags/example_local_kubernetes_executor.py took 0.051 seconds
[2023-11-05T17:21:51.238+0000] {processor.py:153} INFO - Started process (PID=56514) to work on /home/airflow/.local/lib/python3.7/site-packages/airflow/example_dags/example_local_kubernetes_executor.py
[2023-11-05T17:21:51.239+0000] {processor.py:743} INFO - Processing file /home/airflow/.local/lib/python3.7/site-packages/airflow/example_dags/example_local_kubernetes_executor.py for tasks to queue
[2023-11-05T17:21:51.240+0000] {logging_mixin.py:137} INFO - [2023-11-05T17:21:51.239+0000] {dagbag.py:538} INFO - Filling up the DagBag from /home/airflow/.local/lib/python3.7/site-packages/airflow/example_dags/example_local_kubernetes_executor.py
[2023-11-05T17:21:51.253+0000] {processor.py:753} INFO - DAG(s) dict_keys(['example_local_kubernetes_executor']) retrieved from /home/airflow/.local/lib/python3.7/site-packages/airflow/example_dags/example_local_kubernetes_executor.py
[2023-11-05T17:21:51.268+0000] {logging_mixin.py:137} INFO - [2023-11-05T17:21:51.268+0000] {dag.py:2690} INFO - Sync 1 DAGs
[2023-11-05T17:21:51.280+0000] {logging_mixin.py:137} INFO - [2023-11-05T17:21:51.280+0000] {dag.py:3441} INFO - Setting next_dagrun for example_local_kubernetes_executor to None, run_after=None
[2023-11-05T17:21:51.289+0000] {processor.py:175} INFO - Processing /home/airflow/.local/lib/python3.7/site-packages/airflow/example_dags/example_local_kubernetes_executor.py took 0.052 seconds
[2023-11-05T18:44:06.757+0000] {processor.py:153} INFO - Started process (PID=56591) to work on /home/airflow/.local/lib/python3.7/site-packages/airflow/example_dags/example_local_kubernetes_executor.py
[2023-11-05T18:44:06.757+0000] {processor.py:743} INFO - Processing file /home/airflow/.local/lib/python3.7/site-packages/airflow/example_dags/example_local_kubernetes_executor.py for tasks to queue
[2023-11-05T18:44:06.758+0000] {logging_mixin.py:137} INFO - [2023-11-05T18:44:06.758+0000] {dagbag.py:538} INFO - Filling up the DagBag from /home/airflow/.local/lib/python3.7/site-packages/airflow/example_dags/example_local_kubernetes_executor.py
[2023-11-05T18:44:06.772+0000] {processor.py:753} INFO - DAG(s) dict_keys(['example_local_kubernetes_executor']) retrieved from /home/airflow/.local/lib/python3.7/site-packages/airflow/example_dags/example_local_kubernetes_executor.py
[2023-11-05T18:44:06.787+0000] {logging_mixin.py:137} INFO - [2023-11-05T18:44:06.787+0000] {dag.py:2690} INFO - Sync 1 DAGs
[2023-11-05T18:44:06.798+0000] {logging_mixin.py:137} INFO - [2023-11-05T18:44:06.798+0000] {dag.py:3441} INFO - Setting next_dagrun for example_local_kubernetes_executor to None, run_after=None
[2023-11-05T18:44:06.808+0000] {processor.py:175} INFO - Processing /home/airflow/.local/lib/python3.7/site-packages/airflow/example_dags/example_local_kubernetes_executor.py took 0.053 seconds
[2023-11-05T20:01:50.299+0000] {processor.py:153} INFO - Started process (PID=56685) to work on /home/airflow/.local/lib/python3.7/site-packages/airflow/example_dags/example_local_kubernetes_executor.py
[2023-11-05T20:01:50.300+0000] {processor.py:743} INFO - Processing file /home/airflow/.local/lib/python3.7/site-packages/airflow/example_dags/example_local_kubernetes_executor.py for tasks to queue
[2023-11-05T20:01:50.300+0000] {logging_mixin.py:137} INFO - [2023-11-05T20:01:50.300+0000] {dagbag.py:538} INFO - Filling up the DagBag from /home/airflow/.local/lib/python3.7/site-packages/airflow/example_dags/example_local_kubernetes_executor.py
[2023-11-05T20:01:50.314+0000] {processor.py:753} INFO - DAG(s) dict_keys(['example_local_kubernetes_executor']) retrieved from /home/airflow/.local/lib/python3.7/site-packages/airflow/example_dags/example_local_kubernetes_executor.py
[2023-11-05T20:01:50.328+0000] {logging_mixin.py:137} INFO - [2023-11-05T20:01:50.328+0000] {dag.py:2690} INFO - Sync 1 DAGs
[2023-11-05T20:01:50.340+0000] {logging_mixin.py:137} INFO - [2023-11-05T20:01:50.340+0000] {dag.py:3441} INFO - Setting next_dagrun for example_local_kubernetes_executor to None, run_after=None
[2023-11-05T20:01:50.349+0000] {processor.py:175} INFO - Processing /home/airflow/.local/lib/python3.7/site-packages/airflow/example_dags/example_local_kubernetes_executor.py took 0.052 seconds
[2023-11-05T21:26:22.559+0000] {processor.py:153} INFO - Started process (PID=56780) to work on /home/airflow/.local/lib/python3.7/site-packages/airflow/example_dags/example_local_kubernetes_executor.py
[2023-11-05T21:26:22.560+0000] {processor.py:743} INFO - Processing file /home/airflow/.local/lib/python3.7/site-packages/airflow/example_dags/example_local_kubernetes_executor.py for tasks to queue
[2023-11-05T21:26:22.561+0000] {logging_mixin.py:137} INFO - [2023-11-05T21:26:22.561+0000] {dagbag.py:538} INFO - Filling up the DagBag from /home/airflow/.local/lib/python3.7/site-packages/airflow/example_dags/example_local_kubernetes_executor.py
[2023-11-05T21:26:22.578+0000] {processor.py:753} INFO - DAG(s) dict_keys(['example_local_kubernetes_executor']) retrieved from /home/airflow/.local/lib/python3.7/site-packages/airflow/example_dags/example_local_kubernetes_executor.py
[2023-11-05T21:26:22.596+0000] {logging_mixin.py:137} INFO - [2023-11-05T21:26:22.596+0000] {dag.py:2690} INFO - Sync 1 DAGs
[2023-11-05T21:26:22.613+0000] {logging_mixin.py:137} INFO - [2023-11-05T21:26:22.613+0000] {dag.py:3441} INFO - Setting next_dagrun for example_local_kubernetes_executor to None, run_after=None
[2023-11-05T21:26:22.625+0000] {processor.py:175} INFO - Processing /home/airflow/.local/lib/python3.7/site-packages/airflow/example_dags/example_local_kubernetes_executor.py took 0.068 seconds
[2023-11-05T22:48:55.923+0000] {processor.py:153} INFO - Started process (PID=56857) to work on /home/airflow/.local/lib/python3.7/site-packages/airflow/example_dags/example_local_kubernetes_executor.py
[2023-11-05T22:48:55.924+0000] {processor.py:743} INFO - Processing file /home/airflow/.local/lib/python3.7/site-packages/airflow/example_dags/example_local_kubernetes_executor.py for tasks to queue
[2023-11-05T22:48:55.924+0000] {logging_mixin.py:137} INFO - [2023-11-05T22:48:55.924+0000] {dagbag.py:538} INFO - Filling up the DagBag from /home/airflow/.local/lib/python3.7/site-packages/airflow/example_dags/example_local_kubernetes_executor.py
[2023-11-05T22:48:55.939+0000] {processor.py:753} INFO - DAG(s) dict_keys(['example_local_kubernetes_executor']) retrieved from /home/airflow/.local/lib/python3.7/site-packages/airflow/example_dags/example_local_kubernetes_executor.py
[2023-11-05T22:48:55.955+0000] {logging_mixin.py:137} INFO - [2023-11-05T22:48:55.955+0000] {dag.py:2690} INFO - Sync 1 DAGs
[2023-11-05T22:48:55.967+0000] {logging_mixin.py:137} INFO - [2023-11-05T22:48:55.967+0000] {dag.py:3441} INFO - Setting next_dagrun for example_local_kubernetes_executor to None, run_after=None
[2023-11-05T22:48:55.978+0000] {processor.py:175} INFO - Processing /home/airflow/.local/lib/python3.7/site-packages/airflow/example_dags/example_local_kubernetes_executor.py took 0.058 seconds
[2023-11-05T23:23:07.646+0000] {processor.py:153} INFO - Started process (PID=56953) to work on /home/airflow/.local/lib/python3.7/site-packages/airflow/example_dags/example_local_kubernetes_executor.py
[2023-11-05T23:23:07.646+0000] {processor.py:743} INFO - Processing file /home/airflow/.local/lib/python3.7/site-packages/airflow/example_dags/example_local_kubernetes_executor.py for tasks to queue
[2023-11-05T23:23:07.647+0000] {logging_mixin.py:137} INFO - [2023-11-05T23:23:07.647+0000] {dagbag.py:538} INFO - Filling up the DagBag from /home/airflow/.local/lib/python3.7/site-packages/airflow/example_dags/example_local_kubernetes_executor.py
[2023-11-05T23:23:07.661+0000] {processor.py:753} INFO - DAG(s) dict_keys(['example_local_kubernetes_executor']) retrieved from /home/airflow/.local/lib/python3.7/site-packages/airflow/example_dags/example_local_kubernetes_executor.py
[2023-11-05T23:23:07.675+0000] {logging_mixin.py:137} INFO - [2023-11-05T23:23:07.675+0000] {dag.py:2690} INFO - Sync 1 DAGs
[2023-11-05T23:23:07.687+0000] {logging_mixin.py:137} INFO - [2023-11-05T23:23:07.687+0000] {dag.py:3441} INFO - Setting next_dagrun for example_local_kubernetes_executor to None, run_after=None
[2023-11-05T23:23:07.695+0000] {processor.py:175} INFO - Processing /home/airflow/.local/lib/python3.7/site-packages/airflow/example_dags/example_local_kubernetes_executor.py took 0.052 seconds
[2023-11-05T23:26:37.466+0000] {processor.py:153} INFO - Started process (PID=57030) to work on /home/airflow/.local/lib/python3.7/site-packages/airflow/example_dags/example_local_kubernetes_executor.py
[2023-11-05T23:26:37.467+0000] {processor.py:743} INFO - Processing file /home/airflow/.local/lib/python3.7/site-packages/airflow/example_dags/example_local_kubernetes_executor.py for tasks to queue
[2023-11-05T23:26:37.467+0000] {logging_mixin.py:137} INFO - [2023-11-05T23:26:37.467+0000] {dagbag.py:538} INFO - Filling up the DagBag from /home/airflow/.local/lib/python3.7/site-packages/airflow/example_dags/example_local_kubernetes_executor.py
[2023-11-05T23:26:37.482+0000] {processor.py:753} INFO - DAG(s) dict_keys(['example_local_kubernetes_executor']) retrieved from /home/airflow/.local/lib/python3.7/site-packages/airflow/example_dags/example_local_kubernetes_executor.py
[2023-11-05T23:26:37.497+0000] {logging_mixin.py:137} INFO - [2023-11-05T23:26:37.497+0000] {dag.py:2690} INFO - Sync 1 DAGs
[2023-11-05T23:26:37.509+0000] {logging_mixin.py:137} INFO - [2023-11-05T23:26:37.509+0000] {dag.py:3441} INFO - Setting next_dagrun for example_local_kubernetes_executor to None, run_after=None
[2023-11-05T23:26:37.517+0000] {processor.py:175} INFO - Processing /home/airflow/.local/lib/python3.7/site-packages/airflow/example_dags/example_local_kubernetes_executor.py took 0.053 seconds
[2023-11-05T23:30:18.823+0000] {processor.py:153} INFO - Started process (PID=57125) to work on /home/airflow/.local/lib/python3.7/site-packages/airflow/example_dags/example_local_kubernetes_executor.py
[2023-11-05T23:30:18.823+0000] {processor.py:743} INFO - Processing file /home/airflow/.local/lib/python3.7/site-packages/airflow/example_dags/example_local_kubernetes_executor.py for tasks to queue
[2023-11-05T23:30:18.824+0000] {logging_mixin.py:137} INFO - [2023-11-05T23:30:18.824+0000] {dagbag.py:538} INFO - Filling up the DagBag from /home/airflow/.local/lib/python3.7/site-packages/airflow/example_dags/example_local_kubernetes_executor.py
[2023-11-05T23:30:18.838+0000] {processor.py:753} INFO - DAG(s) dict_keys(['example_local_kubernetes_executor']) retrieved from /home/airflow/.local/lib/python3.7/site-packages/airflow/example_dags/example_local_kubernetes_executor.py
[2023-11-05T23:30:18.852+0000] {logging_mixin.py:137} INFO - [2023-11-05T23:30:18.852+0000] {dag.py:2690} INFO - Sync 1 DAGs
[2023-11-05T23:30:18.865+0000] {logging_mixin.py:137} INFO - [2023-11-05T23:30:18.865+0000] {dag.py:3441} INFO - Setting next_dagrun for example_local_kubernetes_executor to None, run_after=None
[2023-11-05T23:30:18.873+0000] {processor.py:175} INFO - Processing /home/airflow/.local/lib/python3.7/site-packages/airflow/example_dags/example_local_kubernetes_executor.py took 0.053 seconds
[2023-11-05T23:33:58.949+0000] {processor.py:153} INFO - Started process (PID=57220) to work on /home/airflow/.local/lib/python3.7/site-packages/airflow/example_dags/example_local_kubernetes_executor.py
[2023-11-05T23:33:58.950+0000] {processor.py:743} INFO - Processing file /home/airflow/.local/lib/python3.7/site-packages/airflow/example_dags/example_local_kubernetes_executor.py for tasks to queue
[2023-11-05T23:33:58.950+0000] {logging_mixin.py:137} INFO - [2023-11-05T23:33:58.950+0000] {dagbag.py:538} INFO - Filling up the DagBag from /home/airflow/.local/lib/python3.7/site-packages/airflow/example_dags/example_local_kubernetes_executor.py
[2023-11-05T23:33:58.964+0000] {processor.py:753} INFO - DAG(s) dict_keys(['example_local_kubernetes_executor']) retrieved from /home/airflow/.local/lib/python3.7/site-packages/airflow/example_dags/example_local_kubernetes_executor.py
[2023-11-05T23:33:58.979+0000] {logging_mixin.py:137} INFO - [2023-11-05T23:33:58.979+0000] {dag.py:2690} INFO - Sync 1 DAGs
[2023-11-05T23:33:58.992+0000] {logging_mixin.py:137} INFO - [2023-11-05T23:33:58.992+0000] {dag.py:3441} INFO - Setting next_dagrun for example_local_kubernetes_executor to None, run_after=None
[2023-11-05T23:33:59.001+0000] {processor.py:175} INFO - Processing /home/airflow/.local/lib/python3.7/site-packages/airflow/example_dags/example_local_kubernetes_executor.py took 0.054 seconds
[2023-11-05T23:37:39.321+0000] {processor.py:153} INFO - Started process (PID=57297) to work on /home/airflow/.local/lib/python3.7/site-packages/airflow/example_dags/example_local_kubernetes_executor.py
[2023-11-05T23:37:39.322+0000] {processor.py:743} INFO - Processing file /home/airflow/.local/lib/python3.7/site-packages/airflow/example_dags/example_local_kubernetes_executor.py for tasks to queue
[2023-11-05T23:37:39.322+0000] {logging_mixin.py:137} INFO - [2023-11-05T23:37:39.322+0000] {dagbag.py:538} INFO - Filling up the DagBag from /home/airflow/.local/lib/python3.7/site-packages/airflow/example_dags/example_local_kubernetes_executor.py
[2023-11-05T23:37:39.336+0000] {processor.py:753} INFO - DAG(s) dict_keys(['example_local_kubernetes_executor']) retrieved from /home/airflow/.local/lib/python3.7/site-packages/airflow/example_dags/example_local_kubernetes_executor.py
[2023-11-05T23:37:39.352+0000] {logging_mixin.py:137} INFO - [2023-11-05T23:37:39.352+0000] {dag.py:2690} INFO - Sync 1 DAGs
[2023-11-05T23:37:39.363+0000] {logging_mixin.py:137} INFO - [2023-11-05T23:37:39.363+0000] {dag.py:3441} INFO - Setting next_dagrun for example_local_kubernetes_executor to None, run_after=None
[2023-11-05T23:37:39.372+0000] {processor.py:175} INFO - Processing /home/airflow/.local/lib/python3.7/site-packages/airflow/example_dags/example_local_kubernetes_executor.py took 0.052 seconds
[2023-11-05T23:40:39.141+0000] {processor.py:153} INFO - Started process (PID=57392) to work on /home/airflow/.local/lib/python3.7/site-packages/airflow/example_dags/example_local_kubernetes_executor.py
[2023-11-05T23:40:39.142+0000] {processor.py:743} INFO - Processing file /home/airflow/.local/lib/python3.7/site-packages/airflow/example_dags/example_local_kubernetes_executor.py for tasks to queue
[2023-11-05T23:40:39.142+0000] {logging_mixin.py:137} INFO - [2023-11-05T23:40:39.142+0000] {dagbag.py:538} INFO - Filling up the DagBag from /home/airflow/.local/lib/python3.7/site-packages/airflow/example_dags/example_local_kubernetes_executor.py
[2023-11-05T23:40:39.157+0000] {processor.py:753} INFO - DAG(s) dict_keys(['example_local_kubernetes_executor']) retrieved from /home/airflow/.local/lib/python3.7/site-packages/airflow/example_dags/example_local_kubernetes_executor.py
[2023-11-05T23:40:39.173+0000] {logging_mixin.py:137} INFO - [2023-11-05T23:40:39.173+0000] {dag.py:2690} INFO - Sync 1 DAGs
[2023-11-05T23:40:39.185+0000] {logging_mixin.py:137} INFO - [2023-11-05T23:40:39.185+0000] {dag.py:3441} INFO - Setting next_dagrun for example_local_kubernetes_executor to None, run_after=None
[2023-11-05T23:40:39.194+0000] {processor.py:175} INFO - Processing /home/airflow/.local/lib/python3.7/site-packages/airflow/example_dags/example_local_kubernetes_executor.py took 0.055 seconds
[2023-11-05T23:44:20.072+0000] {processor.py:153} INFO - Started process (PID=57487) to work on /home/airflow/.local/lib/python3.7/site-packages/airflow/example_dags/example_local_kubernetes_executor.py
[2023-11-05T23:44:20.073+0000] {processor.py:743} INFO - Processing file /home/airflow/.local/lib/python3.7/site-packages/airflow/example_dags/example_local_kubernetes_executor.py for tasks to queue
[2023-11-05T23:44:20.073+0000] {logging_mixin.py:137} INFO - [2023-11-05T23:44:20.073+0000] {dagbag.py:538} INFO - Filling up the DagBag from /home/airflow/.local/lib/python3.7/site-packages/airflow/example_dags/example_local_kubernetes_executor.py
[2023-11-05T23:44:20.089+0000] {processor.py:753} INFO - DAG(s) dict_keys(['example_local_kubernetes_executor']) retrieved from /home/airflow/.local/lib/python3.7/site-packages/airflow/example_dags/example_local_kubernetes_executor.py
[2023-11-05T23:44:20.109+0000] {logging_mixin.py:137} INFO - [2023-11-05T23:44:20.109+0000] {dag.py:2690} INFO - Sync 1 DAGs
[2023-11-05T23:44:20.125+0000] {logging_mixin.py:137} INFO - [2023-11-05T23:44:20.125+0000] {dag.py:3441} INFO - Setting next_dagrun for example_local_kubernetes_executor to None, run_after=None
[2023-11-05T23:44:20.136+0000] {processor.py:175} INFO - Processing /home/airflow/.local/lib/python3.7/site-packages/airflow/example_dags/example_local_kubernetes_executor.py took 0.066 seconds
[2023-11-05T23:48:00.483+0000] {processor.py:153} INFO - Started process (PID=57564) to work on /home/airflow/.local/lib/python3.7/site-packages/airflow/example_dags/example_local_kubernetes_executor.py
[2023-11-05T23:48:00.484+0000] {processor.py:743} INFO - Processing file /home/airflow/.local/lib/python3.7/site-packages/airflow/example_dags/example_local_kubernetes_executor.py for tasks to queue
[2023-11-05T23:48:00.484+0000] {logging_mixin.py:137} INFO - [2023-11-05T23:48:00.484+0000] {dagbag.py:538} INFO - Filling up the DagBag from /home/airflow/.local/lib/python3.7/site-packages/airflow/example_dags/example_local_kubernetes_executor.py
[2023-11-05T23:48:00.498+0000] {processor.py:753} INFO - DAG(s) dict_keys(['example_local_kubernetes_executor']) retrieved from /home/airflow/.local/lib/python3.7/site-packages/airflow/example_dags/example_local_kubernetes_executor.py
[2023-11-05T23:48:00.512+0000] {logging_mixin.py:137} INFO - [2023-11-05T23:48:00.512+0000] {dag.py:2690} INFO - Sync 1 DAGs
[2023-11-05T23:48:00.525+0000] {logging_mixin.py:137} INFO - [2023-11-05T23:48:00.525+0000] {dag.py:3441} INFO - Setting next_dagrun for example_local_kubernetes_executor to None, run_after=None
[2023-11-05T23:48:00.533+0000] {processor.py:175} INFO - Processing /home/airflow/.local/lib/python3.7/site-packages/airflow/example_dags/example_local_kubernetes_executor.py took 0.051 seconds
