[2023-11-05T00:22:21.605+0000] {processor.py:153} INFO - Started process (PID=54212) to work on /home/airflow/.local/lib/python3.7/site-packages/airflow/example_dags/example_latest_only.py
[2023-11-05T00:22:21.606+0000] {processor.py:743} INFO - Processing file /home/airflow/.local/lib/python3.7/site-packages/airflow/example_dags/example_latest_only.py for tasks to queue
[2023-11-05T00:22:21.607+0000] {logging_mixin.py:137} INFO - [2023-11-05T00:22:21.606+0000] {dagbag.py:538} INFO - Filling up the DagBag from /home/airflow/.local/lib/python3.7/site-packages/airflow/example_dags/example_latest_only.py
[2023-11-05T00:22:21.617+0000] {processor.py:753} INFO - DAG(s) dict_keys(['latest_only']) retrieved from /home/airflow/.local/lib/python3.7/site-packages/airflow/example_dags/example_latest_only.py
[2023-11-05T00:22:21.633+0000] {logging_mixin.py:137} INFO - [2023-11-05T00:22:21.633+0000] {dag.py:2690} INFO - Sync 1 DAGs
[2023-11-05T00:22:21.646+0000] {logging_mixin.py:137} INFO - [2023-11-05T00:22:21.646+0000] {dag.py:3441} INFO - Setting next_dagrun for latest_only to 2023-11-04T20:22:21.645963+00:00, run_after=2023-11-05T00:22:21.645963+00:00
[2023-11-05T00:22:21.657+0000] {processor.py:175} INFO - Processing /home/airflow/.local/lib/python3.7/site-packages/airflow/example_dags/example_latest_only.py took 0.054 seconds
[2023-11-05T01:45:50.993+0000] {processor.py:153} INFO - Started process (PID=54288) to work on /home/airflow/.local/lib/python3.7/site-packages/airflow/example_dags/example_latest_only.py
[2023-11-05T01:45:50.994+0000] {processor.py:743} INFO - Processing file /home/airflow/.local/lib/python3.7/site-packages/airflow/example_dags/example_latest_only.py for tasks to queue
[2023-11-05T01:45:50.995+0000] {logging_mixin.py:137} INFO - [2023-11-05T01:45:50.995+0000] {dagbag.py:538} INFO - Filling up the DagBag from /home/airflow/.local/lib/python3.7/site-packages/airflow/example_dags/example_latest_only.py
[2023-11-05T01:45:51.009+0000] {processor.py:753} INFO - DAG(s) dict_keys(['latest_only']) retrieved from /home/airflow/.local/lib/python3.7/site-packages/airflow/example_dags/example_latest_only.py
[2023-11-05T01:45:51.033+0000] {logging_mixin.py:137} INFO - [2023-11-05T01:45:51.032+0000] {dag.py:2690} INFO - Sync 1 DAGs
[2023-11-05T01:45:51.057+0000] {logging_mixin.py:137} INFO - [2023-11-05T01:45:51.057+0000] {dag.py:3441} INFO - Setting next_dagrun for latest_only to 2023-11-04T21:45:51.057153+00:00, run_after=2023-11-05T01:45:51.057153+00:00
[2023-11-05T01:45:51.070+0000] {processor.py:175} INFO - Processing /home/airflow/.local/lib/python3.7/site-packages/airflow/example_dags/example_latest_only.py took 0.081 seconds
[2023-11-05T03:06:15.390+0000] {processor.py:153} INFO - Started process (PID=54382) to work on /home/airflow/.local/lib/python3.7/site-packages/airflow/example_dags/example_latest_only.py
[2023-11-05T03:06:15.391+0000] {processor.py:743} INFO - Processing file /home/airflow/.local/lib/python3.7/site-packages/airflow/example_dags/example_latest_only.py for tasks to queue
[2023-11-05T03:06:15.391+0000] {logging_mixin.py:137} INFO - [2023-11-05T03:06:15.391+0000] {dagbag.py:538} INFO - Filling up the DagBag from /home/airflow/.local/lib/python3.7/site-packages/airflow/example_dags/example_latest_only.py
[2023-11-05T03:06:15.400+0000] {processor.py:753} INFO - DAG(s) dict_keys(['latest_only']) retrieved from /home/airflow/.local/lib/python3.7/site-packages/airflow/example_dags/example_latest_only.py
[2023-11-05T03:06:15.413+0000] {logging_mixin.py:137} INFO - [2023-11-05T03:06:15.413+0000] {dag.py:2690} INFO - Sync 1 DAGs
[2023-11-05T03:06:15.425+0000] {logging_mixin.py:137} INFO - [2023-11-05T03:06:15.425+0000] {dag.py:3441} INFO - Setting next_dagrun for latest_only to 2023-11-04T23:06:15.425336+00:00, run_after=2023-11-05T03:06:15.425336+00:00
[2023-11-05T03:06:15.433+0000] {processor.py:175} INFO - Processing /home/airflow/.local/lib/python3.7/site-packages/airflow/example_dags/example_latest_only.py took 0.045 seconds
[2023-11-05T04:28:41.896+0000] {processor.py:153} INFO - Started process (PID=54459) to work on /home/airflow/.local/lib/python3.7/site-packages/airflow/example_dags/example_latest_only.py
[2023-11-05T04:28:41.897+0000] {processor.py:743} INFO - Processing file /home/airflow/.local/lib/python3.7/site-packages/airflow/example_dags/example_latest_only.py for tasks to queue
[2023-11-05T04:28:41.898+0000] {logging_mixin.py:137} INFO - [2023-11-05T04:28:41.898+0000] {dagbag.py:538} INFO - Filling up the DagBag from /home/airflow/.local/lib/python3.7/site-packages/airflow/example_dags/example_latest_only.py
[2023-11-05T04:28:41.912+0000] {processor.py:753} INFO - DAG(s) dict_keys(['latest_only']) retrieved from /home/airflow/.local/lib/python3.7/site-packages/airflow/example_dags/example_latest_only.py
[2023-11-05T04:28:41.934+0000] {logging_mixin.py:137} INFO - [2023-11-05T04:28:41.933+0000] {dag.py:2690} INFO - Sync 1 DAGs
[2023-11-05T04:28:41.947+0000] {logging_mixin.py:137} INFO - [2023-11-05T04:28:41.947+0000] {dag.py:3441} INFO - Setting next_dagrun for latest_only to 2023-11-05T00:28:41.947553+00:00, run_after=2023-11-05T04:28:41.947553+00:00
[2023-11-05T04:28:41.958+0000] {processor.py:175} INFO - Processing /home/airflow/.local/lib/python3.7/site-packages/airflow/example_dags/example_latest_only.py took 0.065 seconds
[2023-11-05T05:49:38.163+0000] {processor.py:153} INFO - Started process (PID=54554) to work on /home/airflow/.local/lib/python3.7/site-packages/airflow/example_dags/example_latest_only.py
[2023-11-05T05:49:38.163+0000] {processor.py:743} INFO - Processing file /home/airflow/.local/lib/python3.7/site-packages/airflow/example_dags/example_latest_only.py for tasks to queue
[2023-11-05T05:49:38.164+0000] {logging_mixin.py:137} INFO - [2023-11-05T05:49:38.164+0000] {dagbag.py:538} INFO - Filling up the DagBag from /home/airflow/.local/lib/python3.7/site-packages/airflow/example_dags/example_latest_only.py
[2023-11-05T05:49:38.173+0000] {processor.py:753} INFO - DAG(s) dict_keys(['latest_only']) retrieved from /home/airflow/.local/lib/python3.7/site-packages/airflow/example_dags/example_latest_only.py
[2023-11-05T05:49:38.186+0000] {logging_mixin.py:137} INFO - [2023-11-05T05:49:38.186+0000] {dag.py:2690} INFO - Sync 1 DAGs
[2023-11-05T05:49:38.198+0000] {logging_mixin.py:137} INFO - [2023-11-05T05:49:38.198+0000] {dag.py:3441} INFO - Setting next_dagrun for latest_only to 2023-11-05T01:49:38.198261+00:00, run_after=2023-11-05T05:49:38.198261+00:00
[2023-11-05T05:49:38.206+0000] {processor.py:175} INFO - Processing /home/airflow/.local/lib/python3.7/site-packages/airflow/example_dags/example_latest_only.py took 0.045 seconds
[2023-11-05T06:56:43.983+0000] {processor.py:153} INFO - Started process (PID=54649) to work on /home/airflow/.local/lib/python3.7/site-packages/airflow/example_dags/example_latest_only.py
[2023-11-05T06:56:43.983+0000] {processor.py:743} INFO - Processing file /home/airflow/.local/lib/python3.7/site-packages/airflow/example_dags/example_latest_only.py for tasks to queue
[2023-11-05T06:56:43.984+0000] {logging_mixin.py:137} INFO - [2023-11-05T06:56:43.984+0000] {dagbag.py:538} INFO - Filling up the DagBag from /home/airflow/.local/lib/python3.7/site-packages/airflow/example_dags/example_latest_only.py
[2023-11-05T06:56:43.994+0000] {processor.py:753} INFO - DAG(s) dict_keys(['latest_only']) retrieved from /home/airflow/.local/lib/python3.7/site-packages/airflow/example_dags/example_latest_only.py
[2023-11-05T06:56:44.010+0000] {logging_mixin.py:137} INFO - [2023-11-05T06:56:44.010+0000] {dag.py:2690} INFO - Sync 1 DAGs
[2023-11-05T06:56:44.023+0000] {logging_mixin.py:137} INFO - [2023-11-05T06:56:44.023+0000] {dag.py:3441} INFO - Setting next_dagrun for latest_only to 2023-11-05T02:56:44.023722+00:00, run_after=2023-11-05T06:56:44.023722+00:00
[2023-11-05T06:56:44.032+0000] {processor.py:175} INFO - Processing /home/airflow/.local/lib/python3.7/site-packages/airflow/example_dags/example_latest_only.py took 0.052 seconds
[2023-11-05T08:18:11.147+0000] {processor.py:153} INFO - Started process (PID=54726) to work on /home/airflow/.local/lib/python3.7/site-packages/airflow/example_dags/example_latest_only.py
[2023-11-05T08:18:11.147+0000] {processor.py:743} INFO - Processing file /home/airflow/.local/lib/python3.7/site-packages/airflow/example_dags/example_latest_only.py for tasks to queue
[2023-11-05T08:18:11.148+0000] {logging_mixin.py:137} INFO - [2023-11-05T08:18:11.148+0000] {dagbag.py:538} INFO - Filling up the DagBag from /home/airflow/.local/lib/python3.7/site-packages/airflow/example_dags/example_latest_only.py
[2023-11-05T08:18:11.157+0000] {processor.py:753} INFO - DAG(s) dict_keys(['latest_only']) retrieved from /home/airflow/.local/lib/python3.7/site-packages/airflow/example_dags/example_latest_only.py
[2023-11-05T08:18:11.170+0000] {logging_mixin.py:137} INFO - [2023-11-05T08:18:11.170+0000] {dag.py:2690} INFO - Sync 1 DAGs
[2023-11-05T08:18:11.182+0000] {logging_mixin.py:137} INFO - [2023-11-05T08:18:11.182+0000] {dag.py:3441} INFO - Setting next_dagrun for latest_only to 2023-11-05T04:18:11.182416+00:00, run_after=2023-11-05T08:18:11.182416+00:00
[2023-11-05T08:18:11.192+0000] {processor.py:175} INFO - Processing /home/airflow/.local/lib/python3.7/site-packages/airflow/example_dags/example_latest_only.py took 0.047 seconds
[2023-11-05T09:41:33.193+0000] {processor.py:153} INFO - Started process (PID=54821) to work on /home/airflow/.local/lib/python3.7/site-packages/airflow/example_dags/example_latest_only.py
[2023-11-05T09:41:33.194+0000] {processor.py:743} INFO - Processing file /home/airflow/.local/lib/python3.7/site-packages/airflow/example_dags/example_latest_only.py for tasks to queue
[2023-11-05T09:41:33.194+0000] {logging_mixin.py:137} INFO - [2023-11-05T09:41:33.194+0000] {dagbag.py:538} INFO - Filling up the DagBag from /home/airflow/.local/lib/python3.7/site-packages/airflow/example_dags/example_latest_only.py
[2023-11-05T09:41:33.204+0000] {processor.py:753} INFO - DAG(s) dict_keys(['latest_only']) retrieved from /home/airflow/.local/lib/python3.7/site-packages/airflow/example_dags/example_latest_only.py
[2023-11-05T09:41:33.217+0000] {logging_mixin.py:137} INFO - [2023-11-05T09:41:33.217+0000] {dag.py:2690} INFO - Sync 1 DAGs
[2023-11-05T09:41:33.229+0000] {logging_mixin.py:137} INFO - [2023-11-05T09:41:33.229+0000] {dag.py:3441} INFO - Setting next_dagrun for latest_only to 2023-11-05T05:41:33.229146+00:00, run_after=2023-11-05T09:41:33.229146+00:00
[2023-11-05T09:41:33.237+0000] {processor.py:175} INFO - Processing /home/airflow/.local/lib/python3.7/site-packages/airflow/example_dags/example_latest_only.py took 0.046 seconds
[2023-11-05T11:06:45.706+0000] {processor.py:153} INFO - Started process (PID=54898) to work on /home/airflow/.local/lib/python3.7/site-packages/airflow/example_dags/example_latest_only.py
[2023-11-05T11:06:45.707+0000] {processor.py:743} INFO - Processing file /home/airflow/.local/lib/python3.7/site-packages/airflow/example_dags/example_latest_only.py for tasks to queue
[2023-11-05T11:06:45.707+0000] {logging_mixin.py:137} INFO - [2023-11-05T11:06:45.707+0000] {dagbag.py:538} INFO - Filling up the DagBag from /home/airflow/.local/lib/python3.7/site-packages/airflow/example_dags/example_latest_only.py
[2023-11-05T11:06:45.716+0000] {processor.py:753} INFO - DAG(s) dict_keys(['latest_only']) retrieved from /home/airflow/.local/lib/python3.7/site-packages/airflow/example_dags/example_latest_only.py
[2023-11-05T11:06:45.728+0000] {logging_mixin.py:137} INFO - [2023-11-05T11:06:45.728+0000] {dag.py:2690} INFO - Sync 1 DAGs
[2023-11-05T11:06:45.740+0000] {logging_mixin.py:137} INFO - [2023-11-05T11:06:45.740+0000] {dag.py:3441} INFO - Setting next_dagrun for latest_only to 2023-11-05T07:06:45.740510+00:00, run_after=2023-11-05T11:06:45.740510+00:00
[2023-11-05T11:06:45.749+0000] {processor.py:175} INFO - Processing /home/airflow/.local/lib/python3.7/site-packages/airflow/example_dags/example_latest_only.py took 0.044 seconds
[2023-11-05T12:29:55.461+0000] {processor.py:153} INFO - Started process (PID=54993) to work on /home/airflow/.local/lib/python3.7/site-packages/airflow/example_dags/example_latest_only.py
[2023-11-05T12:29:55.462+0000] {processor.py:743} INFO - Processing file /home/airflow/.local/lib/python3.7/site-packages/airflow/example_dags/example_latest_only.py for tasks to queue
[2023-11-05T12:29:55.462+0000] {logging_mixin.py:137} INFO - [2023-11-05T12:29:55.462+0000] {dagbag.py:538} INFO - Filling up the DagBag from /home/airflow/.local/lib/python3.7/site-packages/airflow/example_dags/example_latest_only.py
[2023-11-05T12:29:55.472+0000] {processor.py:753} INFO - DAG(s) dict_keys(['latest_only']) retrieved from /home/airflow/.local/lib/python3.7/site-packages/airflow/example_dags/example_latest_only.py
[2023-11-05T12:29:55.500+0000] {logging_mixin.py:137} INFO - [2023-11-05T12:29:55.500+0000] {dag.py:2690} INFO - Sync 1 DAGs
[2023-11-05T12:29:55.546+0000] {logging_mixin.py:137} INFO - [2023-11-05T12:29:55.546+0000] {dag.py:3441} INFO - Setting next_dagrun for latest_only to 2023-11-05T08:29:55.545857+00:00, run_after=2023-11-05T12:29:55.545857+00:00
[2023-11-05T12:29:55.565+0000] {processor.py:175} INFO - Processing /home/airflow/.local/lib/python3.7/site-packages/airflow/example_dags/example_latest_only.py took 0.106 seconds
[2023-11-05T12:54:01.748+0000] {processor.py:153} INFO - Started process (PID=55088) to work on /home/airflow/.local/lib/python3.7/site-packages/airflow/example_dags/example_latest_only.py
[2023-11-05T12:54:01.750+0000] {processor.py:743} INFO - Processing file /home/airflow/.local/lib/python3.7/site-packages/airflow/example_dags/example_latest_only.py for tasks to queue
[2023-11-05T12:54:01.751+0000] {logging_mixin.py:137} INFO - [2023-11-05T12:54:01.751+0000] {dagbag.py:538} INFO - Filling up the DagBag from /home/airflow/.local/lib/python3.7/site-packages/airflow/example_dags/example_latest_only.py
[2023-11-05T12:54:01.774+0000] {processor.py:753} INFO - DAG(s) dict_keys(['latest_only']) retrieved from /home/airflow/.local/lib/python3.7/site-packages/airflow/example_dags/example_latest_only.py
[2023-11-05T12:54:01.818+0000] {logging_mixin.py:137} INFO - [2023-11-05T12:54:01.818+0000] {dag.py:2690} INFO - Sync 1 DAGs
[2023-11-05T12:54:01.846+0000] {logging_mixin.py:137} INFO - [2023-11-05T12:54:01.846+0000] {dag.py:3441} INFO - Setting next_dagrun for latest_only to 2023-11-05T08:54:01.845552+00:00, run_after=2023-11-05T12:54:01.845552+00:00
[2023-11-05T12:54:01.889+0000] {processor.py:175} INFO - Processing /home/airflow/.local/lib/python3.7/site-packages/airflow/example_dags/example_latest_only.py took 0.150 seconds
[2023-11-05T12:54:32.346+0000] {processor.py:153} INFO - Started process (PID=55165) to work on /home/airflow/.local/lib/python3.7/site-packages/airflow/example_dags/example_latest_only.py
[2023-11-05T12:54:32.347+0000] {processor.py:743} INFO - Processing file /home/airflow/.local/lib/python3.7/site-packages/airflow/example_dags/example_latest_only.py for tasks to queue
[2023-11-05T12:54:32.347+0000] {logging_mixin.py:137} INFO - [2023-11-05T12:54:32.347+0000] {dagbag.py:538} INFO - Filling up the DagBag from /home/airflow/.local/lib/python3.7/site-packages/airflow/example_dags/example_latest_only.py
[2023-11-05T12:54:32.357+0000] {processor.py:753} INFO - DAG(s) dict_keys(['latest_only']) retrieved from /home/airflow/.local/lib/python3.7/site-packages/airflow/example_dags/example_latest_only.py
[2023-11-05T12:54:32.371+0000] {logging_mixin.py:137} INFO - [2023-11-05T12:54:32.371+0000] {dag.py:2690} INFO - Sync 1 DAGs
[2023-11-05T12:54:32.384+0000] {logging_mixin.py:137} INFO - [2023-11-05T12:54:32.384+0000] {dag.py:3441} INFO - Setting next_dagrun for latest_only to 2023-11-05T08:54:32.384393+00:00, run_after=2023-11-05T12:54:32.384393+00:00
[2023-11-05T12:54:32.393+0000] {processor.py:175} INFO - Processing /home/airflow/.local/lib/python3.7/site-packages/airflow/example_dags/example_latest_only.py took 0.050 seconds
[2023-11-05T12:55:03.286+0000] {processor.py:153} INFO - Started process (PID=55260) to work on /home/airflow/.local/lib/python3.7/site-packages/airflow/example_dags/example_latest_only.py
[2023-11-05T12:55:03.286+0000] {processor.py:743} INFO - Processing file /home/airflow/.local/lib/python3.7/site-packages/airflow/example_dags/example_latest_only.py for tasks to queue
[2023-11-05T12:55:03.287+0000] {logging_mixin.py:137} INFO - [2023-11-05T12:55:03.287+0000] {dagbag.py:538} INFO - Filling up the DagBag from /home/airflow/.local/lib/python3.7/site-packages/airflow/example_dags/example_latest_only.py
[2023-11-05T12:55:03.295+0000] {processor.py:753} INFO - DAG(s) dict_keys(['latest_only']) retrieved from /home/airflow/.local/lib/python3.7/site-packages/airflow/example_dags/example_latest_only.py
[2023-11-05T12:55:03.308+0000] {logging_mixin.py:137} INFO - [2023-11-05T12:55:03.308+0000] {dag.py:2690} INFO - Sync 1 DAGs
[2023-11-05T12:55:03.320+0000] {logging_mixin.py:137} INFO - [2023-11-05T12:55:03.320+0000] {dag.py:3441} INFO - Setting next_dagrun for latest_only to 2023-11-05T08:55:03.320421+00:00, run_after=2023-11-05T12:55:03.320421+00:00
[2023-11-05T12:55:03.328+0000] {processor.py:175} INFO - Processing /home/airflow/.local/lib/python3.7/site-packages/airflow/example_dags/example_latest_only.py took 0.044 seconds
[2023-11-05T12:55:34.216+0000] {processor.py:153} INFO - Started process (PID=55355) to work on /home/airflow/.local/lib/python3.7/site-packages/airflow/example_dags/example_latest_only.py
[2023-11-05T12:55:34.217+0000] {processor.py:743} INFO - Processing file /home/airflow/.local/lib/python3.7/site-packages/airflow/example_dags/example_latest_only.py for tasks to queue
[2023-11-05T12:55:34.217+0000] {logging_mixin.py:137} INFO - [2023-11-05T12:55:34.217+0000] {dagbag.py:538} INFO - Filling up the DagBag from /home/airflow/.local/lib/python3.7/site-packages/airflow/example_dags/example_latest_only.py
[2023-11-05T12:55:34.228+0000] {processor.py:753} INFO - DAG(s) dict_keys(['latest_only']) retrieved from /home/airflow/.local/lib/python3.7/site-packages/airflow/example_dags/example_latest_only.py
[2023-11-05T12:55:34.241+0000] {logging_mixin.py:137} INFO - [2023-11-05T12:55:34.241+0000] {dag.py:2690} INFO - Sync 1 DAGs
[2023-11-05T12:55:34.254+0000] {logging_mixin.py:137} INFO - [2023-11-05T12:55:34.254+0000] {dag.py:3441} INFO - Setting next_dagrun for latest_only to 2023-11-05T08:55:34.254683+00:00, run_after=2023-11-05T12:55:34.254683+00:00
[2023-11-05T12:55:34.263+0000] {processor.py:175} INFO - Processing /home/airflow/.local/lib/python3.7/site-packages/airflow/example_dags/example_latest_only.py took 0.049 seconds
[2023-11-05T12:56:05.258+0000] {processor.py:153} INFO - Started process (PID=55450) to work on /home/airflow/.local/lib/python3.7/site-packages/airflow/example_dags/example_latest_only.py
[2023-11-05T12:56:05.258+0000] {processor.py:743} INFO - Processing file /home/airflow/.local/lib/python3.7/site-packages/airflow/example_dags/example_latest_only.py for tasks to queue
[2023-11-05T12:56:05.259+0000] {logging_mixin.py:137} INFO - [2023-11-05T12:56:05.259+0000] {dagbag.py:538} INFO - Filling up the DagBag from /home/airflow/.local/lib/python3.7/site-packages/airflow/example_dags/example_latest_only.py
[2023-11-05T12:56:05.272+0000] {processor.py:753} INFO - DAG(s) dict_keys(['latest_only']) retrieved from /home/airflow/.local/lib/python3.7/site-packages/airflow/example_dags/example_latest_only.py
[2023-11-05T12:56:05.294+0000] {logging_mixin.py:137} INFO - [2023-11-05T12:56:05.294+0000] {dag.py:2690} INFO - Sync 1 DAGs
[2023-11-05T12:56:05.310+0000] {logging_mixin.py:137} INFO - [2023-11-05T12:56:05.310+0000] {dag.py:3441} INFO - Setting next_dagrun for latest_only to 2023-11-05T08:56:05.309934+00:00, run_after=2023-11-05T12:56:05.309934+00:00
[2023-11-05T12:56:05.323+0000] {processor.py:175} INFO - Processing /home/airflow/.local/lib/python3.7/site-packages/airflow/example_dags/example_latest_only.py took 0.069 seconds
[2023-11-05T12:56:35.547+0000] {processor.py:153} INFO - Started process (PID=55527) to work on /home/airflow/.local/lib/python3.7/site-packages/airflow/example_dags/example_latest_only.py
[2023-11-05T12:56:35.547+0000] {processor.py:743} INFO - Processing file /home/airflow/.local/lib/python3.7/site-packages/airflow/example_dags/example_latest_only.py for tasks to queue
[2023-11-05T12:56:35.548+0000] {logging_mixin.py:137} INFO - [2023-11-05T12:56:35.548+0000] {dagbag.py:538} INFO - Filling up the DagBag from /home/airflow/.local/lib/python3.7/site-packages/airflow/example_dags/example_latest_only.py
[2023-11-05T12:56:35.557+0000] {processor.py:753} INFO - DAG(s) dict_keys(['latest_only']) retrieved from /home/airflow/.local/lib/python3.7/site-packages/airflow/example_dags/example_latest_only.py
[2023-11-05T12:56:35.571+0000] {logging_mixin.py:137} INFO - [2023-11-05T12:56:35.571+0000] {dag.py:2690} INFO - Sync 1 DAGs
[2023-11-05T12:56:35.584+0000] {logging_mixin.py:137} INFO - [2023-11-05T12:56:35.584+0000] {dag.py:3441} INFO - Setting next_dagrun for latest_only to 2023-11-05T08:56:35.584752+00:00, run_after=2023-11-05T12:56:35.584752+00:00
[2023-11-05T12:56:35.593+0000] {processor.py:175} INFO - Processing /home/airflow/.local/lib/python3.7/site-packages/airflow/example_dags/example_latest_only.py took 0.049 seconds
[2023-11-05T12:57:06.363+0000] {processor.py:153} INFO - Started process (PID=55622) to work on /home/airflow/.local/lib/python3.7/site-packages/airflow/example_dags/example_latest_only.py
[2023-11-05T12:57:06.364+0000] {processor.py:743} INFO - Processing file /home/airflow/.local/lib/python3.7/site-packages/airflow/example_dags/example_latest_only.py for tasks to queue
[2023-11-05T12:57:06.364+0000] {logging_mixin.py:137} INFO - [2023-11-05T12:57:06.364+0000] {dagbag.py:538} INFO - Filling up the DagBag from /home/airflow/.local/lib/python3.7/site-packages/airflow/example_dags/example_latest_only.py
[2023-11-05T12:57:06.373+0000] {processor.py:753} INFO - DAG(s) dict_keys(['latest_only']) retrieved from /home/airflow/.local/lib/python3.7/site-packages/airflow/example_dags/example_latest_only.py
[2023-11-05T12:57:06.385+0000] {logging_mixin.py:137} INFO - [2023-11-05T12:57:06.385+0000] {dag.py:2690} INFO - Sync 1 DAGs
[2023-11-05T12:57:06.397+0000] {logging_mixin.py:137} INFO - [2023-11-05T12:57:06.397+0000] {dag.py:3441} INFO - Setting next_dagrun for latest_only to 2023-11-05T08:57:06.397421+00:00, run_after=2023-11-05T12:57:06.397421+00:00
[2023-11-05T12:57:06.405+0000] {processor.py:175} INFO - Processing /home/airflow/.local/lib/python3.7/site-packages/airflow/example_dags/example_latest_only.py took 0.044 seconds
[2023-11-05T12:57:37.351+0000] {processor.py:153} INFO - Started process (PID=55717) to work on /home/airflow/.local/lib/python3.7/site-packages/airflow/example_dags/example_latest_only.py
[2023-11-05T12:57:37.351+0000] {processor.py:743} INFO - Processing file /home/airflow/.local/lib/python3.7/site-packages/airflow/example_dags/example_latest_only.py for tasks to queue
[2023-11-05T12:57:37.352+0000] {logging_mixin.py:137} INFO - [2023-11-05T12:57:37.352+0000] {dagbag.py:538} INFO - Filling up the DagBag from /home/airflow/.local/lib/python3.7/site-packages/airflow/example_dags/example_latest_only.py
[2023-11-05T12:57:37.362+0000] {processor.py:753} INFO - DAG(s) dict_keys(['latest_only']) retrieved from /home/airflow/.local/lib/python3.7/site-packages/airflow/example_dags/example_latest_only.py
[2023-11-05T12:57:37.376+0000] {logging_mixin.py:137} INFO - [2023-11-05T12:57:37.376+0000] {dag.py:2690} INFO - Sync 1 DAGs
[2023-11-05T12:57:37.390+0000] {logging_mixin.py:137} INFO - [2023-11-05T12:57:37.390+0000] {dag.py:3441} INFO - Setting next_dagrun for latest_only to 2023-11-05T08:57:37.389886+00:00, run_after=2023-11-05T12:57:37.389886+00:00
[2023-11-05T12:57:37.398+0000] {processor.py:175} INFO - Processing /home/airflow/.local/lib/python3.7/site-packages/airflow/example_dags/example_latest_only.py took 0.050 seconds
[2023-11-05T12:58:08.158+0000] {processor.py:153} INFO - Started process (PID=55794) to work on /home/airflow/.local/lib/python3.7/site-packages/airflow/example_dags/example_latest_only.py
[2023-11-05T12:58:08.158+0000] {processor.py:743} INFO - Processing file /home/airflow/.local/lib/python3.7/site-packages/airflow/example_dags/example_latest_only.py for tasks to queue
[2023-11-05T12:58:08.159+0000] {logging_mixin.py:137} INFO - [2023-11-05T12:58:08.159+0000] {dagbag.py:538} INFO - Filling up the DagBag from /home/airflow/.local/lib/python3.7/site-packages/airflow/example_dags/example_latest_only.py
[2023-11-05T12:58:08.167+0000] {processor.py:753} INFO - DAG(s) dict_keys(['latest_only']) retrieved from /home/airflow/.local/lib/python3.7/site-packages/airflow/example_dags/example_latest_only.py
[2023-11-05T12:58:08.179+0000] {logging_mixin.py:137} INFO - [2023-11-05T12:58:08.179+0000] {dag.py:2690} INFO - Sync 1 DAGs
[2023-11-05T12:58:08.190+0000] {logging_mixin.py:137} INFO - [2023-11-05T12:58:08.190+0000] {dag.py:3441} INFO - Setting next_dagrun for latest_only to 2023-11-05T08:58:08.190733+00:00, run_after=2023-11-05T12:58:08.190733+00:00
[2023-11-05T12:58:08.199+0000] {processor.py:175} INFO - Processing /home/airflow/.local/lib/python3.7/site-packages/airflow/example_dags/example_latest_only.py took 0.044 seconds
[2023-11-05T12:58:39.073+0000] {processor.py:153} INFO - Started process (PID=55889) to work on /home/airflow/.local/lib/python3.7/site-packages/airflow/example_dags/example_latest_only.py
[2023-11-05T12:58:39.074+0000] {processor.py:743} INFO - Processing file /home/airflow/.local/lib/python3.7/site-packages/airflow/example_dags/example_latest_only.py for tasks to queue
[2023-11-05T12:58:39.074+0000] {logging_mixin.py:137} INFO - [2023-11-05T12:58:39.074+0000] {dagbag.py:538} INFO - Filling up the DagBag from /home/airflow/.local/lib/python3.7/site-packages/airflow/example_dags/example_latest_only.py
[2023-11-05T12:58:39.083+0000] {processor.py:753} INFO - DAG(s) dict_keys(['latest_only']) retrieved from /home/airflow/.local/lib/python3.7/site-packages/airflow/example_dags/example_latest_only.py
[2023-11-05T12:58:39.097+0000] {logging_mixin.py:137} INFO - [2023-11-05T12:58:39.097+0000] {dag.py:2690} INFO - Sync 1 DAGs
[2023-11-05T12:58:39.109+0000] {logging_mixin.py:137} INFO - [2023-11-05T12:58:39.109+0000] {dag.py:3441} INFO - Setting next_dagrun for latest_only to 2023-11-05T08:58:39.109716+00:00, run_after=2023-11-05T12:58:39.109716+00:00
[2023-11-05T12:58:39.118+0000] {processor.py:175} INFO - Processing /home/airflow/.local/lib/python3.7/site-packages/airflow/example_dags/example_latest_only.py took 0.047 seconds
[2023-11-05T12:59:10.093+0000] {processor.py:153} INFO - Started process (PID=55984) to work on /home/airflow/.local/lib/python3.7/site-packages/airflow/example_dags/example_latest_only.py
[2023-11-05T12:59:10.096+0000] {processor.py:743} INFO - Processing file /home/airflow/.local/lib/python3.7/site-packages/airflow/example_dags/example_latest_only.py for tasks to queue
[2023-11-05T12:59:10.097+0000] {logging_mixin.py:137} INFO - [2023-11-05T12:59:10.097+0000] {dagbag.py:538} INFO - Filling up the DagBag from /home/airflow/.local/lib/python3.7/site-packages/airflow/example_dags/example_latest_only.py
[2023-11-05T12:59:10.113+0000] {processor.py:753} INFO - DAG(s) dict_keys(['latest_only']) retrieved from /home/airflow/.local/lib/python3.7/site-packages/airflow/example_dags/example_latest_only.py
[2023-11-05T12:59:10.130+0000] {logging_mixin.py:137} INFO - [2023-11-05T12:59:10.130+0000] {dag.py:2690} INFO - Sync 1 DAGs
[2023-11-05T12:59:10.148+0000] {logging_mixin.py:137} INFO - [2023-11-05T12:59:10.148+0000] {dag.py:3441} INFO - Setting next_dagrun for latest_only to 2023-11-05T08:59:10.147997+00:00, run_after=2023-11-05T12:59:10.147997+00:00
[2023-11-05T12:59:10.159+0000] {processor.py:175} INFO - Processing /home/airflow/.local/lib/python3.7/site-packages/airflow/example_dags/example_latest_only.py took 0.070 seconds
[2023-11-05T12:59:41.604+0000] {processor.py:153} INFO - Started process (PID=56079) to work on /home/airflow/.local/lib/python3.7/site-packages/airflow/example_dags/example_latest_only.py
[2023-11-05T12:59:41.605+0000] {processor.py:743} INFO - Processing file /home/airflow/.local/lib/python3.7/site-packages/airflow/example_dags/example_latest_only.py for tasks to queue
[2023-11-05T12:59:41.606+0000] {logging_mixin.py:137} INFO - [2023-11-05T12:59:41.606+0000] {dagbag.py:538} INFO - Filling up the DagBag from /home/airflow/.local/lib/python3.7/site-packages/airflow/example_dags/example_latest_only.py
[2023-11-05T12:59:41.617+0000] {processor.py:753} INFO - DAG(s) dict_keys(['latest_only']) retrieved from /home/airflow/.local/lib/python3.7/site-packages/airflow/example_dags/example_latest_only.py
[2023-11-05T12:59:41.632+0000] {logging_mixin.py:137} INFO - [2023-11-05T12:59:41.632+0000] {dag.py:2690} INFO - Sync 1 DAGs
[2023-11-05T12:59:41.647+0000] {logging_mixin.py:137} INFO - [2023-11-05T12:59:41.646+0000] {dag.py:3441} INFO - Setting next_dagrun for latest_only to 2023-11-05T08:59:41.646804+00:00, run_after=2023-11-05T12:59:41.646804+00:00
[2023-11-05T12:59:41.661+0000] {processor.py:175} INFO - Processing /home/airflow/.local/lib/python3.7/site-packages/airflow/example_dags/example_latest_only.py took 0.059 seconds
[2023-11-05T13:00:11.909+0000] {processor.py:153} INFO - Started process (PID=56156) to work on /home/airflow/.local/lib/python3.7/site-packages/airflow/example_dags/example_latest_only.py
[2023-11-05T13:00:11.909+0000] {processor.py:743} INFO - Processing file /home/airflow/.local/lib/python3.7/site-packages/airflow/example_dags/example_latest_only.py for tasks to queue
[2023-11-05T13:00:11.910+0000] {logging_mixin.py:137} INFO - [2023-11-05T13:00:11.910+0000] {dagbag.py:538} INFO - Filling up the DagBag from /home/airflow/.local/lib/python3.7/site-packages/airflow/example_dags/example_latest_only.py
[2023-11-05T13:00:11.919+0000] {processor.py:753} INFO - DAG(s) dict_keys(['latest_only']) retrieved from /home/airflow/.local/lib/python3.7/site-packages/airflow/example_dags/example_latest_only.py
[2023-11-05T13:00:11.933+0000] {logging_mixin.py:137} INFO - [2023-11-05T13:00:11.932+0000] {dag.py:2690} INFO - Sync 1 DAGs
[2023-11-05T13:00:11.945+0000] {logging_mixin.py:137} INFO - [2023-11-05T13:00:11.945+0000] {dag.py:3441} INFO - Setting next_dagrun for latest_only to 2023-11-05T09:00:11.945204+00:00, run_after=2023-11-05T13:00:11.945204+00:00
[2023-11-05T13:00:11.954+0000] {processor.py:175} INFO - Processing /home/airflow/.local/lib/python3.7/site-packages/airflow/example_dags/example_latest_only.py took 0.047 seconds
[2023-11-05T13:16:01.925+0000] {processor.py:153} INFO - Started process (PID=56233) to work on /home/airflow/.local/lib/python3.7/site-packages/airflow/example_dags/example_latest_only.py
[2023-11-05T13:16:01.926+0000] {processor.py:743} INFO - Processing file /home/airflow/.local/lib/python3.7/site-packages/airflow/example_dags/example_latest_only.py for tasks to queue
[2023-11-05T13:16:01.926+0000] {logging_mixin.py:137} INFO - [2023-11-05T13:16:01.926+0000] {dagbag.py:538} INFO - Filling up the DagBag from /home/airflow/.local/lib/python3.7/site-packages/airflow/example_dags/example_latest_only.py
[2023-11-05T13:16:01.936+0000] {processor.py:753} INFO - DAG(s) dict_keys(['latest_only']) retrieved from /home/airflow/.local/lib/python3.7/site-packages/airflow/example_dags/example_latest_only.py
[2023-11-05T13:16:01.948+0000] {logging_mixin.py:137} INFO - [2023-11-05T13:16:01.948+0000] {dag.py:2690} INFO - Sync 1 DAGs
[2023-11-05T13:16:01.960+0000] {logging_mixin.py:137} INFO - [2023-11-05T13:16:01.960+0000] {dag.py:3441} INFO - Setting next_dagrun for latest_only to 2023-11-05T09:16:01.960471+00:00, run_after=2023-11-05T13:16:01.960471+00:00
[2023-11-05T13:16:01.968+0000] {processor.py:175} INFO - Processing /home/airflow/.local/lib/python3.7/site-packages/airflow/example_dags/example_latest_only.py took 0.045 seconds
[2023-11-05T14:40:39.955+0000] {processor.py:153} INFO - Started process (PID=56328) to work on /home/airflow/.local/lib/python3.7/site-packages/airflow/example_dags/example_latest_only.py
[2023-11-05T14:40:39.956+0000] {processor.py:743} INFO - Processing file /home/airflow/.local/lib/python3.7/site-packages/airflow/example_dags/example_latest_only.py for tasks to queue
[2023-11-05T14:40:39.957+0000] {logging_mixin.py:137} INFO - [2023-11-05T14:40:39.957+0000] {dagbag.py:538} INFO - Filling up the DagBag from /home/airflow/.local/lib/python3.7/site-packages/airflow/example_dags/example_latest_only.py
[2023-11-05T14:40:39.970+0000] {processor.py:753} INFO - DAG(s) dict_keys(['latest_only']) retrieved from /home/airflow/.local/lib/python3.7/site-packages/airflow/example_dags/example_latest_only.py
[2023-11-05T14:40:39.986+0000] {logging_mixin.py:137} INFO - [2023-11-05T14:40:39.986+0000] {dag.py:2690} INFO - Sync 1 DAGs
[2023-11-05T14:40:40.000+0000] {logging_mixin.py:137} INFO - [2023-11-05T14:40:40.000+0000] {dag.py:3441} INFO - Setting next_dagrun for latest_only to 2023-11-05T10:40:40.000588+00:00, run_after=2023-11-05T14:40:40.000588+00:00
[2023-11-05T14:40:40.012+0000] {processor.py:175} INFO - Processing /home/airflow/.local/lib/python3.7/site-packages/airflow/example_dags/example_latest_only.py took 0.061 seconds
[2023-11-05T15:58:50.320+0000] {processor.py:153} INFO - Started process (PID=56405) to work on /home/airflow/.local/lib/python3.7/site-packages/airflow/example_dags/example_latest_only.py
[2023-11-05T15:58:50.321+0000] {processor.py:743} INFO - Processing file /home/airflow/.local/lib/python3.7/site-packages/airflow/example_dags/example_latest_only.py for tasks to queue
[2023-11-05T15:58:50.321+0000] {logging_mixin.py:137} INFO - [2023-11-05T15:58:50.321+0000] {dagbag.py:538} INFO - Filling up the DagBag from /home/airflow/.local/lib/python3.7/site-packages/airflow/example_dags/example_latest_only.py
[2023-11-05T15:58:50.330+0000] {processor.py:753} INFO - DAG(s) dict_keys(['latest_only']) retrieved from /home/airflow/.local/lib/python3.7/site-packages/airflow/example_dags/example_latest_only.py
[2023-11-05T15:58:50.343+0000] {logging_mixin.py:137} INFO - [2023-11-05T15:58:50.343+0000] {dag.py:2690} INFO - Sync 1 DAGs
[2023-11-05T15:58:50.354+0000] {logging_mixin.py:137} INFO - [2023-11-05T15:58:50.354+0000] {dag.py:3441} INFO - Setting next_dagrun for latest_only to 2023-11-05T11:58:50.354768+00:00, run_after=2023-11-05T15:58:50.354768+00:00
[2023-11-05T15:58:50.366+0000] {processor.py:175} INFO - Processing /home/airflow/.local/lib/python3.7/site-packages/airflow/example_dags/example_latest_only.py took 0.048 seconds
[2023-11-05T17:21:50.542+0000] {processor.py:153} INFO - Started process (PID=56500) to work on /home/airflow/.local/lib/python3.7/site-packages/airflow/example_dags/example_latest_only.py
[2023-11-05T17:21:50.543+0000] {processor.py:743} INFO - Processing file /home/airflow/.local/lib/python3.7/site-packages/airflow/example_dags/example_latest_only.py for tasks to queue
[2023-11-05T17:21:50.544+0000] {logging_mixin.py:137} INFO - [2023-11-05T17:21:50.543+0000] {dagbag.py:538} INFO - Filling up the DagBag from /home/airflow/.local/lib/python3.7/site-packages/airflow/example_dags/example_latest_only.py
[2023-11-05T17:21:50.562+0000] {processor.py:753} INFO - DAG(s) dict_keys(['latest_only']) retrieved from /home/airflow/.local/lib/python3.7/site-packages/airflow/example_dags/example_latest_only.py
[2023-11-05T17:21:50.584+0000] {logging_mixin.py:137} INFO - [2023-11-05T17:21:50.584+0000] {dag.py:2690} INFO - Sync 1 DAGs
[2023-11-05T17:21:50.601+0000] {logging_mixin.py:137} INFO - [2023-11-05T17:21:50.600+0000] {dag.py:3441} INFO - Setting next_dagrun for latest_only to 2023-11-05T13:21:50.600717+00:00, run_after=2023-11-05T17:21:50.600717+00:00
[2023-11-05T17:21:50.613+0000] {processor.py:175} INFO - Processing /home/airflow/.local/lib/python3.7/site-packages/airflow/example_dags/example_latest_only.py took 0.075 seconds
[2023-11-05T18:44:06.255+0000] {processor.py:153} INFO - Started process (PID=56577) to work on /home/airflow/.local/lib/python3.7/site-packages/airflow/example_dags/example_latest_only.py
[2023-11-05T18:44:06.255+0000] {processor.py:743} INFO - Processing file /home/airflow/.local/lib/python3.7/site-packages/airflow/example_dags/example_latest_only.py for tasks to queue
[2023-11-05T18:44:06.256+0000] {logging_mixin.py:137} INFO - [2023-11-05T18:44:06.256+0000] {dagbag.py:538} INFO - Filling up the DagBag from /home/airflow/.local/lib/python3.7/site-packages/airflow/example_dags/example_latest_only.py
[2023-11-05T18:44:06.267+0000] {processor.py:753} INFO - DAG(s) dict_keys(['latest_only']) retrieved from /home/airflow/.local/lib/python3.7/site-packages/airflow/example_dags/example_latest_only.py
[2023-11-05T18:44:06.280+0000] {logging_mixin.py:137} INFO - [2023-11-05T18:44:06.280+0000] {dag.py:2690} INFO - Sync 1 DAGs
[2023-11-05T18:44:06.292+0000] {logging_mixin.py:137} INFO - [2023-11-05T18:44:06.292+0000] {dag.py:3441} INFO - Setting next_dagrun for latest_only to 2023-11-05T14:44:06.292378+00:00, run_after=2023-11-05T18:44:06.292378+00:00
[2023-11-05T18:44:06.301+0000] {processor.py:175} INFO - Processing /home/airflow/.local/lib/python3.7/site-packages/airflow/example_dags/example_latest_only.py took 0.049 seconds
[2023-11-05T20:01:49.659+0000] {processor.py:153} INFO - Started process (PID=56671) to work on /home/airflow/.local/lib/python3.7/site-packages/airflow/example_dags/example_latest_only.py
[2023-11-05T20:01:49.661+0000] {processor.py:743} INFO - Processing file /home/airflow/.local/lib/python3.7/site-packages/airflow/example_dags/example_latest_only.py for tasks to queue
[2023-11-05T20:01:49.662+0000] {logging_mixin.py:137} INFO - [2023-11-05T20:01:49.661+0000] {dagbag.py:538} INFO - Filling up the DagBag from /home/airflow/.local/lib/python3.7/site-packages/airflow/example_dags/example_latest_only.py
[2023-11-05T20:01:49.673+0000] {processor.py:753} INFO - DAG(s) dict_keys(['latest_only']) retrieved from /home/airflow/.local/lib/python3.7/site-packages/airflow/example_dags/example_latest_only.py
[2023-11-05T20:01:49.695+0000] {logging_mixin.py:137} INFO - [2023-11-05T20:01:49.695+0000] {dag.py:2690} INFO - Sync 1 DAGs
[2023-11-05T20:01:49.713+0000] {logging_mixin.py:137} INFO - [2023-11-05T20:01:49.713+0000] {dag.py:3441} INFO - Setting next_dagrun for latest_only to 2023-11-05T16:01:49.713634+00:00, run_after=2023-11-05T20:01:49.713634+00:00
[2023-11-05T20:01:49.725+0000] {processor.py:175} INFO - Processing /home/airflow/.local/lib/python3.7/site-packages/airflow/example_dags/example_latest_only.py took 0.068 seconds
[2023-11-05T21:26:21.920+0000] {processor.py:153} INFO - Started process (PID=56757) to work on /home/airflow/.local/lib/python3.7/site-packages/airflow/example_dags/example_latest_only.py
[2023-11-05T21:26:21.921+0000] {processor.py:743} INFO - Processing file /home/airflow/.local/lib/python3.7/site-packages/airflow/example_dags/example_latest_only.py for tasks to queue
[2023-11-05T21:26:21.922+0000] {logging_mixin.py:137} INFO - [2023-11-05T21:26:21.922+0000] {dagbag.py:538} INFO - Filling up the DagBag from /home/airflow/.local/lib/python3.7/site-packages/airflow/example_dags/example_latest_only.py
[2023-11-05T21:26:21.932+0000] {processor.py:753} INFO - DAG(s) dict_keys(['latest_only']) retrieved from /home/airflow/.local/lib/python3.7/site-packages/airflow/example_dags/example_latest_only.py
[2023-11-05T21:26:21.945+0000] {logging_mixin.py:137} INFO - [2023-11-05T21:26:21.945+0000] {dag.py:2690} INFO - Sync 1 DAGs
[2023-11-05T21:26:21.958+0000] {logging_mixin.py:137} INFO - [2023-11-05T21:26:21.958+0000] {dag.py:3441} INFO - Setting next_dagrun for latest_only to 2023-11-05T17:26:21.958589+00:00, run_after=2023-11-05T21:26:21.958589+00:00
[2023-11-05T21:26:21.968+0000] {processor.py:175} INFO - Processing /home/airflow/.local/lib/python3.7/site-packages/airflow/example_dags/example_latest_only.py took 0.049 seconds
[2023-11-05T22:48:55.383+0000] {processor.py:153} INFO - Started process (PID=56843) to work on /home/airflow/.local/lib/python3.7/site-packages/airflow/example_dags/example_latest_only.py
[2023-11-05T22:48:55.383+0000] {processor.py:743} INFO - Processing file /home/airflow/.local/lib/python3.7/site-packages/airflow/example_dags/example_latest_only.py for tasks to queue
[2023-11-05T22:48:55.384+0000] {logging_mixin.py:137} INFO - [2023-11-05T22:48:55.384+0000] {dagbag.py:538} INFO - Filling up the DagBag from /home/airflow/.local/lib/python3.7/site-packages/airflow/example_dags/example_latest_only.py
[2023-11-05T22:48:55.394+0000] {processor.py:753} INFO - DAG(s) dict_keys(['latest_only']) retrieved from /home/airflow/.local/lib/python3.7/site-packages/airflow/example_dags/example_latest_only.py
[2023-11-05T22:48:55.407+0000] {logging_mixin.py:137} INFO - [2023-11-05T22:48:55.407+0000] {dag.py:2690} INFO - Sync 1 DAGs
[2023-11-05T22:48:55.421+0000] {logging_mixin.py:137} INFO - [2023-11-05T22:48:55.421+0000] {dag.py:3441} INFO - Setting next_dagrun for latest_only to 2023-11-05T18:48:55.421679+00:00, run_after=2023-11-05T22:48:55.421679+00:00
[2023-11-05T22:48:55.433+0000] {processor.py:175} INFO - Processing /home/airflow/.local/lib/python3.7/site-packages/airflow/example_dags/example_latest_only.py took 0.052 seconds
[2023-11-05T23:23:07.068+0000] {processor.py:153} INFO - Started process (PID=56939) to work on /home/airflow/.local/lib/python3.7/site-packages/airflow/example_dags/example_latest_only.py
[2023-11-05T23:23:07.069+0000] {processor.py:743} INFO - Processing file /home/airflow/.local/lib/python3.7/site-packages/airflow/example_dags/example_latest_only.py for tasks to queue
[2023-11-05T23:23:07.069+0000] {logging_mixin.py:137} INFO - [2023-11-05T23:23:07.069+0000] {dagbag.py:538} INFO - Filling up the DagBag from /home/airflow/.local/lib/python3.7/site-packages/airflow/example_dags/example_latest_only.py
[2023-11-05T23:23:07.078+0000] {processor.py:753} INFO - DAG(s) dict_keys(['latest_only']) retrieved from /home/airflow/.local/lib/python3.7/site-packages/airflow/example_dags/example_latest_only.py
[2023-11-05T23:23:07.092+0000] {logging_mixin.py:137} INFO - [2023-11-05T23:23:07.092+0000] {dag.py:2690} INFO - Sync 1 DAGs
[2023-11-05T23:23:07.110+0000] {logging_mixin.py:137} INFO - [2023-11-05T23:23:07.110+0000] {dag.py:3441} INFO - Setting next_dagrun for latest_only to 2023-11-05T19:23:07.110273+00:00, run_after=2023-11-05T23:23:07.110273+00:00
[2023-11-05T23:23:07.119+0000] {processor.py:175} INFO - Processing /home/airflow/.local/lib/python3.7/site-packages/airflow/example_dags/example_latest_only.py took 0.052 seconds
[2023-11-05T23:26:36.755+0000] {processor.py:153} INFO - Started process (PID=57016) to work on /home/airflow/.local/lib/python3.7/site-packages/airflow/example_dags/example_latest_only.py
[2023-11-05T23:26:36.757+0000] {processor.py:743} INFO - Processing file /home/airflow/.local/lib/python3.7/site-packages/airflow/example_dags/example_latest_only.py for tasks to queue
[2023-11-05T23:26:36.758+0000] {logging_mixin.py:137} INFO - [2023-11-05T23:26:36.758+0000] {dagbag.py:538} INFO - Filling up the DagBag from /home/airflow/.local/lib/python3.7/site-packages/airflow/example_dags/example_latest_only.py
[2023-11-05T23:26:36.775+0000] {processor.py:753} INFO - DAG(s) dict_keys(['latest_only']) retrieved from /home/airflow/.local/lib/python3.7/site-packages/airflow/example_dags/example_latest_only.py
[2023-11-05T23:26:36.794+0000] {logging_mixin.py:137} INFO - [2023-11-05T23:26:36.794+0000] {dag.py:2690} INFO - Sync 1 DAGs
[2023-11-05T23:26:36.810+0000] {logging_mixin.py:137} INFO - [2023-11-05T23:26:36.810+0000] {dag.py:3441} INFO - Setting next_dagrun for latest_only to 2023-11-05T19:26:36.810130+00:00, run_after=2023-11-05T23:26:36.810130+00:00
[2023-11-05T23:26:36.822+0000] {processor.py:175} INFO - Processing /home/airflow/.local/lib/python3.7/site-packages/airflow/example_dags/example_latest_only.py took 0.071 seconds
[2023-11-05T23:30:17.866+0000] {processor.py:153} INFO - Started process (PID=57111) to work on /home/airflow/.local/lib/python3.7/site-packages/airflow/example_dags/example_latest_only.py
[2023-11-05T23:30:17.867+0000] {processor.py:743} INFO - Processing file /home/airflow/.local/lib/python3.7/site-packages/airflow/example_dags/example_latest_only.py for tasks to queue
[2023-11-05T23:30:17.868+0000] {logging_mixin.py:137} INFO - [2023-11-05T23:30:17.868+0000] {dagbag.py:538} INFO - Filling up the DagBag from /home/airflow/.local/lib/python3.7/site-packages/airflow/example_dags/example_latest_only.py
[2023-11-05T23:30:17.879+0000] {processor.py:753} INFO - DAG(s) dict_keys(['latest_only']) retrieved from /home/airflow/.local/lib/python3.7/site-packages/airflow/example_dags/example_latest_only.py
[2023-11-05T23:30:17.896+0000] {logging_mixin.py:137} INFO - [2023-11-05T23:30:17.896+0000] {dag.py:2690} INFO - Sync 1 DAGs
[2023-11-05T23:30:17.909+0000] {logging_mixin.py:137} INFO - [2023-11-05T23:30:17.909+0000] {dag.py:3441} INFO - Setting next_dagrun for latest_only to 2023-11-05T19:30:17.909308+00:00, run_after=2023-11-05T23:30:17.909308+00:00
[2023-11-05T23:30:17.919+0000] {processor.py:175} INFO - Processing /home/airflow/.local/lib/python3.7/site-packages/airflow/example_dags/example_latest_only.py took 0.056 seconds
[2023-11-05T23:33:58.050+0000] {processor.py:153} INFO - Started process (PID=57206) to work on /home/airflow/.local/lib/python3.7/site-packages/airflow/example_dags/example_latest_only.py
[2023-11-05T23:33:58.051+0000] {processor.py:743} INFO - Processing file /home/airflow/.local/lib/python3.7/site-packages/airflow/example_dags/example_latest_only.py for tasks to queue
[2023-11-05T23:33:58.052+0000] {logging_mixin.py:137} INFO - [2023-11-05T23:33:58.052+0000] {dagbag.py:538} INFO - Filling up the DagBag from /home/airflow/.local/lib/python3.7/site-packages/airflow/example_dags/example_latest_only.py
[2023-11-05T23:33:58.064+0000] {processor.py:753} INFO - DAG(s) dict_keys(['latest_only']) retrieved from /home/airflow/.local/lib/python3.7/site-packages/airflow/example_dags/example_latest_only.py
[2023-11-05T23:33:58.081+0000] {logging_mixin.py:137} INFO - [2023-11-05T23:33:58.081+0000] {dag.py:2690} INFO - Sync 1 DAGs
[2023-11-05T23:33:58.096+0000] {logging_mixin.py:137} INFO - [2023-11-05T23:33:58.095+0000] {dag.py:3441} INFO - Setting next_dagrun for latest_only to 2023-11-05T19:33:58.095695+00:00, run_after=2023-11-05T23:33:58.095695+00:00
[2023-11-05T23:33:58.110+0000] {processor.py:175} INFO - Processing /home/airflow/.local/lib/python3.7/site-packages/airflow/example_dags/example_latest_only.py took 0.063 seconds
[2023-11-05T23:37:38.821+0000] {processor.py:153} INFO - Started process (PID=57283) to work on /home/airflow/.local/lib/python3.7/site-packages/airflow/example_dags/example_latest_only.py
[2023-11-05T23:37:38.821+0000] {processor.py:743} INFO - Processing file /home/airflow/.local/lib/python3.7/site-packages/airflow/example_dags/example_latest_only.py for tasks to queue
[2023-11-05T23:37:38.822+0000] {logging_mixin.py:137} INFO - [2023-11-05T23:37:38.822+0000] {dagbag.py:538} INFO - Filling up the DagBag from /home/airflow/.local/lib/python3.7/site-packages/airflow/example_dags/example_latest_only.py
[2023-11-05T23:37:38.831+0000] {processor.py:753} INFO - DAG(s) dict_keys(['latest_only']) retrieved from /home/airflow/.local/lib/python3.7/site-packages/airflow/example_dags/example_latest_only.py
[2023-11-05T23:37:38.844+0000] {logging_mixin.py:137} INFO - [2023-11-05T23:37:38.844+0000] {dag.py:2690} INFO - Sync 1 DAGs
[2023-11-05T23:37:38.856+0000] {logging_mixin.py:137} INFO - [2023-11-05T23:37:38.856+0000] {dag.py:3441} INFO - Setting next_dagrun for latest_only to 2023-11-05T19:37:38.856148+00:00, run_after=2023-11-05T23:37:38.856148+00:00
[2023-11-05T23:37:38.864+0000] {processor.py:175} INFO - Processing /home/airflow/.local/lib/python3.7/site-packages/airflow/example_dags/example_latest_only.py took 0.046 seconds
[2023-11-05T23:40:37.955+0000] {processor.py:153} INFO - Started process (PID=57378) to work on /home/airflow/.local/lib/python3.7/site-packages/airflow/example_dags/example_latest_only.py
[2023-11-05T23:40:37.958+0000] {processor.py:743} INFO - Processing file /home/airflow/.local/lib/python3.7/site-packages/airflow/example_dags/example_latest_only.py for tasks to queue
[2023-11-05T23:40:37.959+0000] {logging_mixin.py:137} INFO - [2023-11-05T23:40:37.959+0000] {dagbag.py:538} INFO - Filling up the DagBag from /home/airflow/.local/lib/python3.7/site-packages/airflow/example_dags/example_latest_only.py
[2023-11-05T23:40:37.995+0000] {processor.py:753} INFO - DAG(s) dict_keys(['latest_only']) retrieved from /home/airflow/.local/lib/python3.7/site-packages/airflow/example_dags/example_latest_only.py
[2023-11-05T23:40:38.025+0000] {logging_mixin.py:137} INFO - [2023-11-05T23:40:38.025+0000] {dag.py:2690} INFO - Sync 1 DAGs
[2023-11-05T23:40:38.043+0000] {logging_mixin.py:137} INFO - [2023-11-05T23:40:38.043+0000] {dag.py:3441} INFO - Setting next_dagrun for latest_only to 2023-11-05T19:40:38.043326+00:00, run_after=2023-11-05T23:40:38.043326+00:00
[2023-11-05T23:40:38.057+0000] {processor.py:175} INFO - Processing /home/airflow/.local/lib/python3.7/site-packages/airflow/example_dags/example_latest_only.py took 0.108 seconds
[2023-11-05T23:44:19.521+0000] {processor.py:153} INFO - Started process (PID=57473) to work on /home/airflow/.local/lib/python3.7/site-packages/airflow/example_dags/example_latest_only.py
[2023-11-05T23:44:19.523+0000] {processor.py:743} INFO - Processing file /home/airflow/.local/lib/python3.7/site-packages/airflow/example_dags/example_latest_only.py for tasks to queue
[2023-11-05T23:44:19.523+0000] {logging_mixin.py:137} INFO - [2023-11-05T23:44:19.523+0000] {dagbag.py:538} INFO - Filling up the DagBag from /home/airflow/.local/lib/python3.7/site-packages/airflow/example_dags/example_latest_only.py
[2023-11-05T23:44:19.537+0000] {processor.py:753} INFO - DAG(s) dict_keys(['latest_only']) retrieved from /home/airflow/.local/lib/python3.7/site-packages/airflow/example_dags/example_latest_only.py
[2023-11-05T23:44:19.557+0000] {logging_mixin.py:137} INFO - [2023-11-05T23:44:19.557+0000] {dag.py:2690} INFO - Sync 1 DAGs
[2023-11-05T23:44:19.572+0000] {logging_mixin.py:137} INFO - [2023-11-05T23:44:19.572+0000] {dag.py:3441} INFO - Setting next_dagrun for latest_only to 2023-11-05T19:44:19.572291+00:00, run_after=2023-11-05T23:44:19.572291+00:00
[2023-11-05T23:44:19.583+0000] {processor.py:175} INFO - Processing /home/airflow/.local/lib/python3.7/site-packages/airflow/example_dags/example_latest_only.py took 0.064 seconds
[2023-11-05T23:48:00.023+0000] {processor.py:153} INFO - Started process (PID=57550) to work on /home/airflow/.local/lib/python3.7/site-packages/airflow/example_dags/example_latest_only.py
[2023-11-05T23:48:00.029+0000] {processor.py:743} INFO - Processing file /home/airflow/.local/lib/python3.7/site-packages/airflow/example_dags/example_latest_only.py for tasks to queue
[2023-11-05T23:48:00.030+0000] {logging_mixin.py:137} INFO - [2023-11-05T23:48:00.030+0000] {dagbag.py:538} INFO - Filling up the DagBag from /home/airflow/.local/lib/python3.7/site-packages/airflow/example_dags/example_latest_only.py
[2023-11-05T23:48:00.041+0000] {processor.py:753} INFO - DAG(s) dict_keys(['latest_only']) retrieved from /home/airflow/.local/lib/python3.7/site-packages/airflow/example_dags/example_latest_only.py
[2023-11-05T23:48:00.058+0000] {logging_mixin.py:137} INFO - [2023-11-05T23:48:00.058+0000] {dag.py:2690} INFO - Sync 1 DAGs
[2023-11-05T23:48:00.074+0000] {logging_mixin.py:137} INFO - [2023-11-05T23:48:00.074+0000] {dag.py:3441} INFO - Setting next_dagrun for latest_only to 2023-11-05T19:48:00.074426+00:00, run_after=2023-11-05T23:48:00.074426+00:00
[2023-11-05T23:48:00.083+0000] {processor.py:175} INFO - Processing /home/airflow/.local/lib/python3.7/site-packages/airflow/example_dags/example_latest_only.py took 0.065 seconds
