[2023-11-05T00:22:19.339+0000] {processor.py:153} INFO - Started process (PID=54194) to work on /home/airflow/.local/lib/python3.7/site-packages/airflow/example_dags/example_trigger_controller_dag.py
[2023-11-05T00:22:19.350+0000] {processor.py:743} INFO - Processing file /home/airflow/.local/lib/python3.7/site-packages/airflow/example_dags/example_trigger_controller_dag.py for tasks to queue
[2023-11-05T00:22:19.352+0000] {logging_mixin.py:137} INFO - [2023-11-05T00:22:19.351+0000] {dagbag.py:538} INFO - Filling up the DagBag from /home/airflow/.local/lib/python3.7/site-packages/airflow/example_dags/example_trigger_controller_dag.py
[2023-11-05T00:22:19.380+0000] {processor.py:753} INFO - DAG(s) dict_keys(['example_trigger_controller_dag']) retrieved from /home/airflow/.local/lib/python3.7/site-packages/airflow/example_dags/example_trigger_controller_dag.py
[2023-11-05T00:22:21.063+0000] {logging_mixin.py:137} INFO - [2023-11-05T00:22:21.063+0000] {dag.py:2690} INFO - Sync 1 DAGs
[2023-11-05T00:22:21.103+0000] {logging_mixin.py:137} INFO - [2023-11-05T00:22:21.103+0000] {dag.py:3441} INFO - Setting next_dagrun for example_trigger_controller_dag to 2021-01-01T00:00:00+00:00, run_after=2021-01-01T00:00:00+00:00
[2023-11-05T00:22:21.127+0000] {processor.py:175} INFO - Processing /home/airflow/.local/lib/python3.7/site-packages/airflow/example_dags/example_trigger_controller_dag.py took 1.814 seconds
[2023-11-05T01:45:50.130+0000] {processor.py:153} INFO - Started process (PID=54279) to work on /home/airflow/.local/lib/python3.7/site-packages/airflow/example_dags/example_trigger_controller_dag.py
[2023-11-05T01:45:50.131+0000] {processor.py:743} INFO - Processing file /home/airflow/.local/lib/python3.7/site-packages/airflow/example_dags/example_trigger_controller_dag.py for tasks to queue
[2023-11-05T01:45:50.131+0000] {logging_mixin.py:137} INFO - [2023-11-05T01:45:50.131+0000] {dagbag.py:538} INFO - Filling up the DagBag from /home/airflow/.local/lib/python3.7/site-packages/airflow/example_dags/example_trigger_controller_dag.py
[2023-11-05T01:45:50.139+0000] {processor.py:753} INFO - DAG(s) dict_keys(['example_trigger_controller_dag']) retrieved from /home/airflow/.local/lib/python3.7/site-packages/airflow/example_dags/example_trigger_controller_dag.py
[2023-11-05T01:45:50.161+0000] {logging_mixin.py:137} INFO - [2023-11-05T01:45:50.161+0000] {dag.py:2690} INFO - Sync 1 DAGs
[2023-11-05T01:45:50.179+0000] {logging_mixin.py:137} INFO - [2023-11-05T01:45:50.179+0000] {dag.py:3441} INFO - Setting next_dagrun for example_trigger_controller_dag to 2021-01-01T00:00:00+00:00, run_after=2021-01-01T00:00:00+00:00
[2023-11-05T01:45:50.195+0000] {processor.py:175} INFO - Processing /home/airflow/.local/lib/python3.7/site-packages/airflow/example_dags/example_trigger_controller_dag.py took 0.067 seconds
[2023-11-05T03:06:15.049+0000] {processor.py:153} INFO - Started process (PID=54373) to work on /home/airflow/.local/lib/python3.7/site-packages/airflow/example_dags/example_trigger_controller_dag.py
[2023-11-05T03:06:15.050+0000] {processor.py:743} INFO - Processing file /home/airflow/.local/lib/python3.7/site-packages/airflow/example_dags/example_trigger_controller_dag.py for tasks to queue
[2023-11-05T03:06:15.050+0000] {logging_mixin.py:137} INFO - [2023-11-05T03:06:15.050+0000] {dagbag.py:538} INFO - Filling up the DagBag from /home/airflow/.local/lib/python3.7/site-packages/airflow/example_dags/example_trigger_controller_dag.py
[2023-11-05T03:06:15.059+0000] {processor.py:753} INFO - DAG(s) dict_keys(['example_trigger_controller_dag']) retrieved from /home/airflow/.local/lib/python3.7/site-packages/airflow/example_dags/example_trigger_controller_dag.py
[2023-11-05T03:06:15.077+0000] {logging_mixin.py:137} INFO - [2023-11-05T03:06:15.077+0000] {dag.py:2690} INFO - Sync 1 DAGs
[2023-11-05T03:06:15.092+0000] {logging_mixin.py:137} INFO - [2023-11-05T03:06:15.092+0000] {dag.py:3441} INFO - Setting next_dagrun for example_trigger_controller_dag to 2021-01-01T00:00:00+00:00, run_after=2021-01-01T00:00:00+00:00
[2023-11-05T03:06:15.104+0000] {processor.py:175} INFO - Processing /home/airflow/.local/lib/python3.7/site-packages/airflow/example_dags/example_trigger_controller_dag.py took 0.056 seconds
[2023-11-05T04:28:41.087+0000] {processor.py:153} INFO - Started process (PID=54450) to work on /home/airflow/.local/lib/python3.7/site-packages/airflow/example_dags/example_trigger_controller_dag.py
[2023-11-05T04:28:41.088+0000] {processor.py:743} INFO - Processing file /home/airflow/.local/lib/python3.7/site-packages/airflow/example_dags/example_trigger_controller_dag.py for tasks to queue
[2023-11-05T04:28:41.089+0000] {logging_mixin.py:137} INFO - [2023-11-05T04:28:41.089+0000] {dagbag.py:538} INFO - Filling up the DagBag from /home/airflow/.local/lib/python3.7/site-packages/airflow/example_dags/example_trigger_controller_dag.py
[2023-11-05T04:28:41.100+0000] {processor.py:753} INFO - DAG(s) dict_keys(['example_trigger_controller_dag']) retrieved from /home/airflow/.local/lib/python3.7/site-packages/airflow/example_dags/example_trigger_controller_dag.py
[2023-11-05T04:28:41.118+0000] {logging_mixin.py:137} INFO - [2023-11-05T04:28:41.118+0000] {dag.py:2690} INFO - Sync 1 DAGs
[2023-11-05T04:28:41.133+0000] {logging_mixin.py:137} INFO - [2023-11-05T04:28:41.133+0000] {dag.py:3441} INFO - Setting next_dagrun for example_trigger_controller_dag to 2021-01-01T00:00:00+00:00, run_after=2021-01-01T00:00:00+00:00
[2023-11-05T04:28:41.147+0000] {processor.py:175} INFO - Processing /home/airflow/.local/lib/python3.7/site-packages/airflow/example_dags/example_trigger_controller_dag.py took 0.063 seconds
[2023-11-05T05:49:37.874+0000] {processor.py:153} INFO - Started process (PID=54545) to work on /home/airflow/.local/lib/python3.7/site-packages/airflow/example_dags/example_trigger_controller_dag.py
[2023-11-05T05:49:37.875+0000] {processor.py:743} INFO - Processing file /home/airflow/.local/lib/python3.7/site-packages/airflow/example_dags/example_trigger_controller_dag.py for tasks to queue
[2023-11-05T05:49:37.875+0000] {logging_mixin.py:137} INFO - [2023-11-05T05:49:37.875+0000] {dagbag.py:538} INFO - Filling up the DagBag from /home/airflow/.local/lib/python3.7/site-packages/airflow/example_dags/example_trigger_controller_dag.py
[2023-11-05T05:49:37.884+0000] {processor.py:753} INFO - DAG(s) dict_keys(['example_trigger_controller_dag']) retrieved from /home/airflow/.local/lib/python3.7/site-packages/airflow/example_dags/example_trigger_controller_dag.py
[2023-11-05T05:49:37.898+0000] {logging_mixin.py:137} INFO - [2023-11-05T05:49:37.898+0000] {dag.py:2690} INFO - Sync 1 DAGs
[2023-11-05T05:49:37.915+0000] {logging_mixin.py:137} INFO - [2023-11-05T05:49:37.914+0000] {dag.py:3441} INFO - Setting next_dagrun for example_trigger_controller_dag to 2021-01-01T00:00:00+00:00, run_after=2021-01-01T00:00:00+00:00
[2023-11-05T05:49:37.924+0000] {processor.py:175} INFO - Processing /home/airflow/.local/lib/python3.7/site-packages/airflow/example_dags/example_trigger_controller_dag.py took 0.052 seconds
[2023-11-05T06:56:43.304+0000] {processor.py:153} INFO - Started process (PID=54631) to work on /home/airflow/.local/lib/python3.7/site-packages/airflow/example_dags/example_trigger_controller_dag.py
[2023-11-05T06:56:43.306+0000] {processor.py:743} INFO - Processing file /home/airflow/.local/lib/python3.7/site-packages/airflow/example_dags/example_trigger_controller_dag.py for tasks to queue
[2023-11-05T06:56:43.307+0000] {logging_mixin.py:137} INFO - [2023-11-05T06:56:43.307+0000] {dagbag.py:538} INFO - Filling up the DagBag from /home/airflow/.local/lib/python3.7/site-packages/airflow/example_dags/example_trigger_controller_dag.py
[2023-11-05T06:56:43.321+0000] {processor.py:753} INFO - DAG(s) dict_keys(['example_trigger_controller_dag']) retrieved from /home/airflow/.local/lib/python3.7/site-packages/airflow/example_dags/example_trigger_controller_dag.py
[2023-11-05T06:56:43.353+0000] {logging_mixin.py:137} INFO - [2023-11-05T06:56:43.352+0000] {dag.py:2690} INFO - Sync 1 DAGs
[2023-11-05T06:56:43.384+0000] {logging_mixin.py:137} INFO - [2023-11-05T06:56:43.384+0000] {dag.py:3441} INFO - Setting next_dagrun for example_trigger_controller_dag to 2021-01-01T00:00:00+00:00, run_after=2021-01-01T00:00:00+00:00
[2023-11-05T06:56:43.410+0000] {processor.py:175} INFO - Processing /home/airflow/.local/lib/python3.7/site-packages/airflow/example_dags/example_trigger_controller_dag.py took 0.111 seconds
[2023-11-05T08:18:10.801+0000] {processor.py:153} INFO - Started process (PID=54717) to work on /home/airflow/.local/lib/python3.7/site-packages/airflow/example_dags/example_trigger_controller_dag.py
[2023-11-05T08:18:10.802+0000] {processor.py:743} INFO - Processing file /home/airflow/.local/lib/python3.7/site-packages/airflow/example_dags/example_trigger_controller_dag.py for tasks to queue
[2023-11-05T08:18:10.803+0000] {logging_mixin.py:137} INFO - [2023-11-05T08:18:10.803+0000] {dagbag.py:538} INFO - Filling up the DagBag from /home/airflow/.local/lib/python3.7/site-packages/airflow/example_dags/example_trigger_controller_dag.py
[2023-11-05T08:18:10.811+0000] {processor.py:753} INFO - DAG(s) dict_keys(['example_trigger_controller_dag']) retrieved from /home/airflow/.local/lib/python3.7/site-packages/airflow/example_dags/example_trigger_controller_dag.py
[2023-11-05T08:18:10.826+0000] {logging_mixin.py:137} INFO - [2023-11-05T08:18:10.826+0000] {dag.py:2690} INFO - Sync 1 DAGs
[2023-11-05T08:18:10.841+0000] {logging_mixin.py:137} INFO - [2023-11-05T08:18:10.841+0000] {dag.py:3441} INFO - Setting next_dagrun for example_trigger_controller_dag to 2021-01-01T00:00:00+00:00, run_after=2021-01-01T00:00:00+00:00
[2023-11-05T08:18:10.850+0000] {processor.py:175} INFO - Processing /home/airflow/.local/lib/python3.7/site-packages/airflow/example_dags/example_trigger_controller_dag.py took 0.051 seconds
[2023-11-05T09:41:32.883+0000] {processor.py:153} INFO - Started process (PID=54812) to work on /home/airflow/.local/lib/python3.7/site-packages/airflow/example_dags/example_trigger_controller_dag.py
[2023-11-05T09:41:32.883+0000] {processor.py:743} INFO - Processing file /home/airflow/.local/lib/python3.7/site-packages/airflow/example_dags/example_trigger_controller_dag.py for tasks to queue
[2023-11-05T09:41:32.884+0000] {logging_mixin.py:137} INFO - [2023-11-05T09:41:32.884+0000] {dagbag.py:538} INFO - Filling up the DagBag from /home/airflow/.local/lib/python3.7/site-packages/airflow/example_dags/example_trigger_controller_dag.py
[2023-11-05T09:41:32.893+0000] {processor.py:753} INFO - DAG(s) dict_keys(['example_trigger_controller_dag']) retrieved from /home/airflow/.local/lib/python3.7/site-packages/airflow/example_dags/example_trigger_controller_dag.py
[2023-11-05T09:41:32.907+0000] {logging_mixin.py:137} INFO - [2023-11-05T09:41:32.907+0000] {dag.py:2690} INFO - Sync 1 DAGs
[2023-11-05T09:41:32.920+0000] {logging_mixin.py:137} INFO - [2023-11-05T09:41:32.920+0000] {dag.py:3441} INFO - Setting next_dagrun for example_trigger_controller_dag to 2021-01-01T00:00:00+00:00, run_after=2021-01-01T00:00:00+00:00
[2023-11-05T09:41:32.929+0000] {processor.py:175} INFO - Processing /home/airflow/.local/lib/python3.7/site-packages/airflow/example_dags/example_trigger_controller_dag.py took 0.048 seconds
[2023-11-05T11:06:45.453+0000] {processor.py:153} INFO - Started process (PID=54889) to work on /home/airflow/.local/lib/python3.7/site-packages/airflow/example_dags/example_trigger_controller_dag.py
[2023-11-05T11:06:45.453+0000] {processor.py:743} INFO - Processing file /home/airflow/.local/lib/python3.7/site-packages/airflow/example_dags/example_trigger_controller_dag.py for tasks to queue
[2023-11-05T11:06:45.454+0000] {logging_mixin.py:137} INFO - [2023-11-05T11:06:45.454+0000] {dagbag.py:538} INFO - Filling up the DagBag from /home/airflow/.local/lib/python3.7/site-packages/airflow/example_dags/example_trigger_controller_dag.py
[2023-11-05T11:06:45.462+0000] {processor.py:753} INFO - DAG(s) dict_keys(['example_trigger_controller_dag']) retrieved from /home/airflow/.local/lib/python3.7/site-packages/airflow/example_dags/example_trigger_controller_dag.py
[2023-11-05T11:06:45.475+0000] {logging_mixin.py:137} INFO - [2023-11-05T11:06:45.475+0000] {dag.py:2690} INFO - Sync 1 DAGs
[2023-11-05T11:06:45.488+0000] {logging_mixin.py:137} INFO - [2023-11-05T11:06:45.488+0000] {dag.py:3441} INFO - Setting next_dagrun for example_trigger_controller_dag to 2021-01-01T00:00:00+00:00, run_after=2021-01-01T00:00:00+00:00
[2023-11-05T11:06:45.497+0000] {processor.py:175} INFO - Processing /home/airflow/.local/lib/python3.7/site-packages/airflow/example_dags/example_trigger_controller_dag.py took 0.046 seconds
[2023-11-05T12:29:55.123+0000] {processor.py:153} INFO - Started process (PID=54984) to work on /home/airflow/.local/lib/python3.7/site-packages/airflow/example_dags/example_trigger_controller_dag.py
[2023-11-05T12:29:55.124+0000] {processor.py:743} INFO - Processing file /home/airflow/.local/lib/python3.7/site-packages/airflow/example_dags/example_trigger_controller_dag.py for tasks to queue
[2023-11-05T12:29:55.126+0000] {logging_mixin.py:137} INFO - [2023-11-05T12:29:55.125+0000] {dagbag.py:538} INFO - Filling up the DagBag from /home/airflow/.local/lib/python3.7/site-packages/airflow/example_dags/example_trigger_controller_dag.py
[2023-11-05T12:29:55.140+0000] {processor.py:753} INFO - DAG(s) dict_keys(['example_trigger_controller_dag']) retrieved from /home/airflow/.local/lib/python3.7/site-packages/airflow/example_dags/example_trigger_controller_dag.py
[2023-11-05T12:29:55.165+0000] {logging_mixin.py:137} INFO - [2023-11-05T12:29:55.165+0000] {dag.py:2690} INFO - Sync 1 DAGs
[2023-11-05T12:29:55.186+0000] {logging_mixin.py:137} INFO - [2023-11-05T12:29:55.186+0000] {dag.py:3441} INFO - Setting next_dagrun for example_trigger_controller_dag to 2021-01-01T00:00:00+00:00, run_after=2021-01-01T00:00:00+00:00
[2023-11-05T12:29:55.207+0000] {processor.py:175} INFO - Processing /home/airflow/.local/lib/python3.7/site-packages/airflow/example_dags/example_trigger_controller_dag.py took 0.088 seconds
[2023-11-05T12:54:01.342+0000] {processor.py:153} INFO - Started process (PID=55079) to work on /home/airflow/.local/lib/python3.7/site-packages/airflow/example_dags/example_trigger_controller_dag.py
[2023-11-05T12:54:01.342+0000] {processor.py:743} INFO - Processing file /home/airflow/.local/lib/python3.7/site-packages/airflow/example_dags/example_trigger_controller_dag.py for tasks to queue
[2023-11-05T12:54:01.343+0000] {logging_mixin.py:137} INFO - [2023-11-05T12:54:01.343+0000] {dagbag.py:538} INFO - Filling up the DagBag from /home/airflow/.local/lib/python3.7/site-packages/airflow/example_dags/example_trigger_controller_dag.py
[2023-11-05T12:54:01.353+0000] {processor.py:753} INFO - DAG(s) dict_keys(['example_trigger_controller_dag']) retrieved from /home/airflow/.local/lib/python3.7/site-packages/airflow/example_dags/example_trigger_controller_dag.py
[2023-11-05T12:54:01.368+0000] {logging_mixin.py:137} INFO - [2023-11-05T12:54:01.368+0000] {dag.py:2690} INFO - Sync 1 DAGs
[2023-11-05T12:54:01.381+0000] {logging_mixin.py:137} INFO - [2023-11-05T12:54:01.381+0000] {dag.py:3441} INFO - Setting next_dagrun for example_trigger_controller_dag to 2021-01-01T00:00:00+00:00, run_after=2021-01-01T00:00:00+00:00
[2023-11-05T12:54:01.390+0000] {processor.py:175} INFO - Processing /home/airflow/.local/lib/python3.7/site-packages/airflow/example_dags/example_trigger_controller_dag.py took 0.051 seconds
[2023-11-05T12:54:31.992+0000] {processor.py:153} INFO - Started process (PID=55156) to work on /home/airflow/.local/lib/python3.7/site-packages/airflow/example_dags/example_trigger_controller_dag.py
[2023-11-05T12:54:31.993+0000] {processor.py:743} INFO - Processing file /home/airflow/.local/lib/python3.7/site-packages/airflow/example_dags/example_trigger_controller_dag.py for tasks to queue
[2023-11-05T12:54:31.993+0000] {logging_mixin.py:137} INFO - [2023-11-05T12:54:31.993+0000] {dagbag.py:538} INFO - Filling up the DagBag from /home/airflow/.local/lib/python3.7/site-packages/airflow/example_dags/example_trigger_controller_dag.py
[2023-11-05T12:54:32.003+0000] {processor.py:753} INFO - DAG(s) dict_keys(['example_trigger_controller_dag']) retrieved from /home/airflow/.local/lib/python3.7/site-packages/airflow/example_dags/example_trigger_controller_dag.py
[2023-11-05T12:54:32.019+0000] {logging_mixin.py:137} INFO - [2023-11-05T12:54:32.019+0000] {dag.py:2690} INFO - Sync 1 DAGs
[2023-11-05T12:54:32.032+0000] {logging_mixin.py:137} INFO - [2023-11-05T12:54:32.032+0000] {dag.py:3441} INFO - Setting next_dagrun for example_trigger_controller_dag to 2021-01-01T00:00:00+00:00, run_after=2021-01-01T00:00:00+00:00
[2023-11-05T12:54:32.042+0000] {processor.py:175} INFO - Processing /home/airflow/.local/lib/python3.7/site-packages/airflow/example_dags/example_trigger_controller_dag.py took 0.052 seconds
[2023-11-05T12:55:02.794+0000] {processor.py:153} INFO - Started process (PID=55250) to work on /home/airflow/.local/lib/python3.7/site-packages/airflow/example_dags/example_trigger_controller_dag.py
[2023-11-05T12:55:02.795+0000] {processor.py:743} INFO - Processing file /home/airflow/.local/lib/python3.7/site-packages/airflow/example_dags/example_trigger_controller_dag.py for tasks to queue
[2023-11-05T12:55:02.796+0000] {logging_mixin.py:137} INFO - [2023-11-05T12:55:02.796+0000] {dagbag.py:538} INFO - Filling up the DagBag from /home/airflow/.local/lib/python3.7/site-packages/airflow/example_dags/example_trigger_controller_dag.py
[2023-11-05T12:55:02.812+0000] {processor.py:753} INFO - DAG(s) dict_keys(['example_trigger_controller_dag']) retrieved from /home/airflow/.local/lib/python3.7/site-packages/airflow/example_dags/example_trigger_controller_dag.py
[2023-11-05T12:55:02.833+0000] {logging_mixin.py:137} INFO - [2023-11-05T12:55:02.833+0000] {dag.py:2690} INFO - Sync 1 DAGs
[2023-11-05T12:55:02.847+0000] {logging_mixin.py:137} INFO - [2023-11-05T12:55:02.847+0000] {dag.py:3441} INFO - Setting next_dagrun for example_trigger_controller_dag to 2021-01-01T00:00:00+00:00, run_after=2021-01-01T00:00:00+00:00
[2023-11-05T12:55:02.856+0000] {processor.py:175} INFO - Processing /home/airflow/.local/lib/python3.7/site-packages/airflow/example_dags/example_trigger_controller_dag.py took 0.067 seconds
[2023-11-05T12:55:33.716+0000] {processor.py:153} INFO - Started process (PID=55345) to work on /home/airflow/.local/lib/python3.7/site-packages/airflow/example_dags/example_trigger_controller_dag.py
[2023-11-05T12:55:33.717+0000] {processor.py:743} INFO - Processing file /home/airflow/.local/lib/python3.7/site-packages/airflow/example_dags/example_trigger_controller_dag.py for tasks to queue
[2023-11-05T12:55:33.718+0000] {logging_mixin.py:137} INFO - [2023-11-05T12:55:33.718+0000] {dagbag.py:538} INFO - Filling up the DagBag from /home/airflow/.local/lib/python3.7/site-packages/airflow/example_dags/example_trigger_controller_dag.py
[2023-11-05T12:55:33.732+0000] {processor.py:753} INFO - DAG(s) dict_keys(['example_trigger_controller_dag']) retrieved from /home/airflow/.local/lib/python3.7/site-packages/airflow/example_dags/example_trigger_controller_dag.py
[2023-11-05T12:55:33.757+0000] {logging_mixin.py:137} INFO - [2023-11-05T12:55:33.757+0000] {dag.py:2690} INFO - Sync 1 DAGs
[2023-11-05T12:55:33.773+0000] {logging_mixin.py:137} INFO - [2023-11-05T12:55:33.773+0000] {dag.py:3441} INFO - Setting next_dagrun for example_trigger_controller_dag to 2021-01-01T00:00:00+00:00, run_after=2021-01-01T00:00:00+00:00
[2023-11-05T12:55:33.783+0000] {processor.py:175} INFO - Processing /home/airflow/.local/lib/python3.7/site-packages/airflow/example_dags/example_trigger_controller_dag.py took 0.070 seconds
[2023-11-05T12:56:04.589+0000] {processor.py:153} INFO - Started process (PID=55440) to work on /home/airflow/.local/lib/python3.7/site-packages/airflow/example_dags/example_trigger_controller_dag.py
[2023-11-05T12:56:04.590+0000] {processor.py:743} INFO - Processing file /home/airflow/.local/lib/python3.7/site-packages/airflow/example_dags/example_trigger_controller_dag.py for tasks to queue
[2023-11-05T12:56:04.590+0000] {logging_mixin.py:137} INFO - [2023-11-05T12:56:04.590+0000] {dagbag.py:538} INFO - Filling up the DagBag from /home/airflow/.local/lib/python3.7/site-packages/airflow/example_dags/example_trigger_controller_dag.py
[2023-11-05T12:56:04.612+0000] {processor.py:753} INFO - DAG(s) dict_keys(['example_trigger_controller_dag']) retrieved from /home/airflow/.local/lib/python3.7/site-packages/airflow/example_dags/example_trigger_controller_dag.py
[2023-11-05T12:56:04.641+0000] {logging_mixin.py:137} INFO - [2023-11-05T12:56:04.641+0000] {dag.py:2690} INFO - Sync 1 DAGs
[2023-11-05T12:56:04.661+0000] {logging_mixin.py:137} INFO - [2023-11-05T12:56:04.660+0000] {dag.py:3441} INFO - Setting next_dagrun for example_trigger_controller_dag to 2021-01-01T00:00:00+00:00, run_after=2021-01-01T00:00:00+00:00
[2023-11-05T12:56:04.673+0000] {processor.py:175} INFO - Processing /home/airflow/.local/lib/python3.7/site-packages/airflow/example_dags/example_trigger_controller_dag.py took 0.088 seconds
[2023-11-05T12:56:34.958+0000] {processor.py:153} INFO - Started process (PID=55516) to work on /home/airflow/.local/lib/python3.7/site-packages/airflow/example_dags/example_trigger_controller_dag.py
[2023-11-05T12:56:34.959+0000] {processor.py:743} INFO - Processing file /home/airflow/.local/lib/python3.7/site-packages/airflow/example_dags/example_trigger_controller_dag.py for tasks to queue
[2023-11-05T12:56:34.961+0000] {logging_mixin.py:137} INFO - [2023-11-05T12:56:34.961+0000] {dagbag.py:538} INFO - Filling up the DagBag from /home/airflow/.local/lib/python3.7/site-packages/airflow/example_dags/example_trigger_controller_dag.py
[2023-11-05T12:56:34.974+0000] {processor.py:753} INFO - DAG(s) dict_keys(['example_trigger_controller_dag']) retrieved from /home/airflow/.local/lib/python3.7/site-packages/airflow/example_dags/example_trigger_controller_dag.py
[2023-11-05T12:56:34.997+0000] {logging_mixin.py:137} INFO - [2023-11-05T12:56:34.997+0000] {dag.py:2690} INFO - Sync 1 DAGs
[2023-11-05T12:56:35.013+0000] {logging_mixin.py:137} INFO - [2023-11-05T12:56:35.013+0000] {dag.py:3441} INFO - Setting next_dagrun for example_trigger_controller_dag to 2021-01-01T00:00:00+00:00, run_after=2021-01-01T00:00:00+00:00
[2023-11-05T12:56:35.024+0000] {processor.py:175} INFO - Processing /home/airflow/.local/lib/python3.7/site-packages/airflow/example_dags/example_trigger_controller_dag.py took 0.070 seconds
[2023-11-05T12:57:05.881+0000] {processor.py:153} INFO - Started process (PID=55612) to work on /home/airflow/.local/lib/python3.7/site-packages/airflow/example_dags/example_trigger_controller_dag.py
[2023-11-05T12:57:05.883+0000] {processor.py:743} INFO - Processing file /home/airflow/.local/lib/python3.7/site-packages/airflow/example_dags/example_trigger_controller_dag.py for tasks to queue
[2023-11-05T12:57:05.884+0000] {logging_mixin.py:137} INFO - [2023-11-05T12:57:05.884+0000] {dagbag.py:538} INFO - Filling up the DagBag from /home/airflow/.local/lib/python3.7/site-packages/airflow/example_dags/example_trigger_controller_dag.py
[2023-11-05T12:57:05.899+0000] {processor.py:753} INFO - DAG(s) dict_keys(['example_trigger_controller_dag']) retrieved from /home/airflow/.local/lib/python3.7/site-packages/airflow/example_dags/example_trigger_controller_dag.py
[2023-11-05T12:57:05.918+0000] {logging_mixin.py:137} INFO - [2023-11-05T12:57:05.918+0000] {dag.py:2690} INFO - Sync 1 DAGs
[2023-11-05T12:57:05.932+0000] {logging_mixin.py:137} INFO - [2023-11-05T12:57:05.932+0000] {dag.py:3441} INFO - Setting next_dagrun for example_trigger_controller_dag to 2021-01-01T00:00:00+00:00, run_after=2021-01-01T00:00:00+00:00
[2023-11-05T12:57:05.941+0000] {processor.py:175} INFO - Processing /home/airflow/.local/lib/python3.7/site-packages/airflow/example_dags/example_trigger_controller_dag.py took 0.065 seconds
[2023-11-05T12:57:36.820+0000] {processor.py:153} INFO - Started process (PID=55707) to work on /home/airflow/.local/lib/python3.7/site-packages/airflow/example_dags/example_trigger_controller_dag.py
[2023-11-05T12:57:36.821+0000] {processor.py:743} INFO - Processing file /home/airflow/.local/lib/python3.7/site-packages/airflow/example_dags/example_trigger_controller_dag.py for tasks to queue
[2023-11-05T12:57:36.822+0000] {logging_mixin.py:137} INFO - [2023-11-05T12:57:36.822+0000] {dagbag.py:538} INFO - Filling up the DagBag from /home/airflow/.local/lib/python3.7/site-packages/airflow/example_dags/example_trigger_controller_dag.py
[2023-11-05T12:57:36.831+0000] {processor.py:753} INFO - DAG(s) dict_keys(['example_trigger_controller_dag']) retrieved from /home/airflow/.local/lib/python3.7/site-packages/airflow/example_dags/example_trigger_controller_dag.py
[2023-11-05T12:57:36.847+0000] {logging_mixin.py:137} INFO - [2023-11-05T12:57:36.847+0000] {dag.py:2690} INFO - Sync 1 DAGs
[2023-11-05T12:57:36.861+0000] {logging_mixin.py:137} INFO - [2023-11-05T12:57:36.860+0000] {dag.py:3441} INFO - Setting next_dagrun for example_trigger_controller_dag to 2021-01-01T00:00:00+00:00, run_after=2021-01-01T00:00:00+00:00
[2023-11-05T12:57:36.870+0000] {processor.py:175} INFO - Processing /home/airflow/.local/lib/python3.7/site-packages/airflow/example_dags/example_trigger_controller_dag.py took 0.052 seconds
[2023-11-05T12:58:07.729+0000] {processor.py:153} INFO - Started process (PID=55784) to work on /home/airflow/.local/lib/python3.7/site-packages/airflow/example_dags/example_trigger_controller_dag.py
[2023-11-05T12:58:07.731+0000] {processor.py:743} INFO - Processing file /home/airflow/.local/lib/python3.7/site-packages/airflow/example_dags/example_trigger_controller_dag.py for tasks to queue
[2023-11-05T12:58:07.732+0000] {logging_mixin.py:137} INFO - [2023-11-05T12:58:07.731+0000] {dagbag.py:538} INFO - Filling up the DagBag from /home/airflow/.local/lib/python3.7/site-packages/airflow/example_dags/example_trigger_controller_dag.py
[2023-11-05T12:58:07.749+0000] {processor.py:753} INFO - DAG(s) dict_keys(['example_trigger_controller_dag']) retrieved from /home/airflow/.local/lib/python3.7/site-packages/airflow/example_dags/example_trigger_controller_dag.py
[2023-11-05T12:58:07.771+0000] {logging_mixin.py:137} INFO - [2023-11-05T12:58:07.771+0000] {dag.py:2690} INFO - Sync 1 DAGs
[2023-11-05T12:58:07.789+0000] {logging_mixin.py:137} INFO - [2023-11-05T12:58:07.789+0000] {dag.py:3441} INFO - Setting next_dagrun for example_trigger_controller_dag to 2021-01-01T00:00:00+00:00, run_after=2021-01-01T00:00:00+00:00
[2023-11-05T12:58:07.799+0000] {processor.py:175} INFO - Processing /home/airflow/.local/lib/python3.7/site-packages/airflow/example_dags/example_trigger_controller_dag.py took 0.076 seconds
[2023-11-05T12:58:38.542+0000] {processor.py:153} INFO - Started process (PID=55879) to work on /home/airflow/.local/lib/python3.7/site-packages/airflow/example_dags/example_trigger_controller_dag.py
[2023-11-05T12:58:38.543+0000] {processor.py:743} INFO - Processing file /home/airflow/.local/lib/python3.7/site-packages/airflow/example_dags/example_trigger_controller_dag.py for tasks to queue
[2023-11-05T12:58:38.544+0000] {logging_mixin.py:137} INFO - [2023-11-05T12:58:38.544+0000] {dagbag.py:538} INFO - Filling up the DagBag from /home/airflow/.local/lib/python3.7/site-packages/airflow/example_dags/example_trigger_controller_dag.py
[2023-11-05T12:58:38.561+0000] {processor.py:753} INFO - DAG(s) dict_keys(['example_trigger_controller_dag']) retrieved from /home/airflow/.local/lib/python3.7/site-packages/airflow/example_dags/example_trigger_controller_dag.py
[2023-11-05T12:58:38.581+0000] {logging_mixin.py:137} INFO - [2023-11-05T12:58:38.580+0000] {dag.py:2690} INFO - Sync 1 DAGs
[2023-11-05T12:58:38.594+0000] {logging_mixin.py:137} INFO - [2023-11-05T12:58:38.594+0000] {dag.py:3441} INFO - Setting next_dagrun for example_trigger_controller_dag to 2021-01-01T00:00:00+00:00, run_after=2021-01-01T00:00:00+00:00
[2023-11-05T12:58:38.604+0000] {processor.py:175} INFO - Processing /home/airflow/.local/lib/python3.7/site-packages/airflow/example_dags/example_trigger_controller_dag.py took 0.067 seconds
[2023-11-05T12:59:09.492+0000] {processor.py:153} INFO - Started process (PID=55974) to work on /home/airflow/.local/lib/python3.7/site-packages/airflow/example_dags/example_trigger_controller_dag.py
[2023-11-05T12:59:09.494+0000] {processor.py:743} INFO - Processing file /home/airflow/.local/lib/python3.7/site-packages/airflow/example_dags/example_trigger_controller_dag.py for tasks to queue
[2023-11-05T12:59:09.495+0000] {logging_mixin.py:137} INFO - [2023-11-05T12:59:09.495+0000] {dagbag.py:538} INFO - Filling up the DagBag from /home/airflow/.local/lib/python3.7/site-packages/airflow/example_dags/example_trigger_controller_dag.py
[2023-11-05T12:59:09.510+0000] {processor.py:753} INFO - DAG(s) dict_keys(['example_trigger_controller_dag']) retrieved from /home/airflow/.local/lib/python3.7/site-packages/airflow/example_dags/example_trigger_controller_dag.py
[2023-11-05T12:59:09.535+0000] {logging_mixin.py:137} INFO - [2023-11-05T12:59:09.535+0000] {dag.py:2690} INFO - Sync 1 DAGs
[2023-11-05T12:59:09.551+0000] {logging_mixin.py:137} INFO - [2023-11-05T12:59:09.550+0000] {dag.py:3441} INFO - Setting next_dagrun for example_trigger_controller_dag to 2021-01-01T00:00:00+00:00, run_after=2021-01-01T00:00:00+00:00
[2023-11-05T12:59:09.564+0000] {processor.py:175} INFO - Processing /home/airflow/.local/lib/python3.7/site-packages/airflow/example_dags/example_trigger_controller_dag.py took 0.077 seconds
[2023-11-05T12:59:40.549+0000] {processor.py:153} INFO - Started process (PID=56060) to work on /home/airflow/.local/lib/python3.7/site-packages/airflow/example_dags/example_trigger_controller_dag.py
[2023-11-05T12:59:40.551+0000] {processor.py:743} INFO - Processing file /home/airflow/.local/lib/python3.7/site-packages/airflow/example_dags/example_trigger_controller_dag.py for tasks to queue
[2023-11-05T12:59:40.552+0000] {logging_mixin.py:137} INFO - [2023-11-05T12:59:40.552+0000] {dagbag.py:538} INFO - Filling up the DagBag from /home/airflow/.local/lib/python3.7/site-packages/airflow/example_dags/example_trigger_controller_dag.py
[2023-11-05T12:59:40.565+0000] {processor.py:753} INFO - DAG(s) dict_keys(['example_trigger_controller_dag']) retrieved from /home/airflow/.local/lib/python3.7/site-packages/airflow/example_dags/example_trigger_controller_dag.py
[2023-11-05T12:59:40.597+0000] {logging_mixin.py:137} INFO - [2023-11-05T12:59:40.597+0000] {dag.py:2690} INFO - Sync 1 DAGs
[2023-11-05T12:59:40.618+0000] {logging_mixin.py:137} INFO - [2023-11-05T12:59:40.617+0000] {dag.py:3441} INFO - Setting next_dagrun for example_trigger_controller_dag to 2021-01-01T00:00:00+00:00, run_after=2021-01-01T00:00:00+00:00
[2023-11-05T12:59:40.647+0000] {processor.py:175} INFO - Processing /home/airflow/.local/lib/python3.7/site-packages/airflow/example_dags/example_trigger_controller_dag.py took 0.103 seconds
[2023-11-05T13:00:11.435+0000] {processor.py:153} INFO - Started process (PID=56146) to work on /home/airflow/.local/lib/python3.7/site-packages/airflow/example_dags/example_trigger_controller_dag.py
[2023-11-05T13:00:11.437+0000] {processor.py:743} INFO - Processing file /home/airflow/.local/lib/python3.7/site-packages/airflow/example_dags/example_trigger_controller_dag.py for tasks to queue
[2023-11-05T13:00:11.438+0000] {logging_mixin.py:137} INFO - [2023-11-05T13:00:11.437+0000] {dagbag.py:538} INFO - Filling up the DagBag from /home/airflow/.local/lib/python3.7/site-packages/airflow/example_dags/example_trigger_controller_dag.py
[2023-11-05T13:00:11.453+0000] {processor.py:753} INFO - DAG(s) dict_keys(['example_trigger_controller_dag']) retrieved from /home/airflow/.local/lib/python3.7/site-packages/airflow/example_dags/example_trigger_controller_dag.py
[2023-11-05T13:00:11.473+0000] {logging_mixin.py:137} INFO - [2023-11-05T13:00:11.473+0000] {dag.py:2690} INFO - Sync 1 DAGs
[2023-11-05T13:00:11.487+0000] {logging_mixin.py:137} INFO - [2023-11-05T13:00:11.487+0000] {dag.py:3441} INFO - Setting next_dagrun for example_trigger_controller_dag to 2021-01-01T00:00:00+00:00, run_after=2021-01-01T00:00:00+00:00
[2023-11-05T13:00:11.497+0000] {processor.py:175} INFO - Processing /home/airflow/.local/lib/python3.7/site-packages/airflow/example_dags/example_trigger_controller_dag.py took 0.066 seconds
[2023-11-05T13:16:01.571+0000] {processor.py:153} INFO - Started process (PID=56224) to work on /home/airflow/.local/lib/python3.7/site-packages/airflow/example_dags/example_trigger_controller_dag.py
[2023-11-05T13:16:01.573+0000] {processor.py:743} INFO - Processing file /home/airflow/.local/lib/python3.7/site-packages/airflow/example_dags/example_trigger_controller_dag.py for tasks to queue
[2023-11-05T13:16:01.573+0000] {logging_mixin.py:137} INFO - [2023-11-05T13:16:01.573+0000] {dagbag.py:538} INFO - Filling up the DagBag from /home/airflow/.local/lib/python3.7/site-packages/airflow/example_dags/example_trigger_controller_dag.py
[2023-11-05T13:16:01.584+0000] {processor.py:753} INFO - DAG(s) dict_keys(['example_trigger_controller_dag']) retrieved from /home/airflow/.local/lib/python3.7/site-packages/airflow/example_dags/example_trigger_controller_dag.py
[2023-11-05T13:16:01.600+0000] {logging_mixin.py:137} INFO - [2023-11-05T13:16:01.600+0000] {dag.py:2690} INFO - Sync 1 DAGs
[2023-11-05T13:16:01.615+0000] {logging_mixin.py:137} INFO - [2023-11-05T13:16:01.615+0000] {dag.py:3441} INFO - Setting next_dagrun for example_trigger_controller_dag to 2021-01-01T00:00:00+00:00, run_after=2021-01-01T00:00:00+00:00
[2023-11-05T13:16:01.626+0000] {processor.py:175} INFO - Processing /home/airflow/.local/lib/python3.7/site-packages/airflow/example_dags/example_trigger_controller_dag.py took 0.057 seconds
[2023-11-05T14:40:39.153+0000] {processor.py:153} INFO - Started process (PID=56310) to work on /home/airflow/.local/lib/python3.7/site-packages/airflow/example_dags/example_trigger_controller_dag.py
[2023-11-05T14:40:39.156+0000] {processor.py:743} INFO - Processing file /home/airflow/.local/lib/python3.7/site-packages/airflow/example_dags/example_trigger_controller_dag.py for tasks to queue
[2023-11-05T14:40:39.161+0000] {logging_mixin.py:137} INFO - [2023-11-05T14:40:39.160+0000] {dagbag.py:538} INFO - Filling up the DagBag from /home/airflow/.local/lib/python3.7/site-packages/airflow/example_dags/example_trigger_controller_dag.py
[2023-11-05T14:40:39.185+0000] {processor.py:753} INFO - DAG(s) dict_keys(['example_trigger_controller_dag']) retrieved from /home/airflow/.local/lib/python3.7/site-packages/airflow/example_dags/example_trigger_controller_dag.py
[2023-11-05T14:40:39.253+0000] {logging_mixin.py:137} INFO - [2023-11-05T14:40:39.253+0000] {dag.py:2690} INFO - Sync 1 DAGs
[2023-11-05T14:40:39.274+0000] {logging_mixin.py:137} INFO - [2023-11-05T14:40:39.274+0000] {dag.py:3441} INFO - Setting next_dagrun for example_trigger_controller_dag to 2021-01-01T00:00:00+00:00, run_after=2021-01-01T00:00:00+00:00
[2023-11-05T14:40:39.291+0000] {processor.py:175} INFO - Processing /home/airflow/.local/lib/python3.7/site-packages/airflow/example_dags/example_trigger_controller_dag.py took 0.146 seconds
[2023-11-05T15:58:49.935+0000] {processor.py:153} INFO - Started process (PID=56396) to work on /home/airflow/.local/lib/python3.7/site-packages/airflow/example_dags/example_trigger_controller_dag.py
[2023-11-05T15:58:49.936+0000] {processor.py:743} INFO - Processing file /home/airflow/.local/lib/python3.7/site-packages/airflow/example_dags/example_trigger_controller_dag.py for tasks to queue
[2023-11-05T15:58:49.937+0000] {logging_mixin.py:137} INFO - [2023-11-05T15:58:49.937+0000] {dagbag.py:538} INFO - Filling up the DagBag from /home/airflow/.local/lib/python3.7/site-packages/airflow/example_dags/example_trigger_controller_dag.py
[2023-11-05T15:58:49.948+0000] {processor.py:753} INFO - DAG(s) dict_keys(['example_trigger_controller_dag']) retrieved from /home/airflow/.local/lib/python3.7/site-packages/airflow/example_dags/example_trigger_controller_dag.py
[2023-11-05T15:58:49.968+0000] {logging_mixin.py:137} INFO - [2023-11-05T15:58:49.968+0000] {dag.py:2690} INFO - Sync 1 DAGs
[2023-11-05T15:58:49.980+0000] {logging_mixin.py:137} INFO - [2023-11-05T15:58:49.980+0000] {dag.py:3441} INFO - Setting next_dagrun for example_trigger_controller_dag to 2021-01-01T00:00:00+00:00, run_after=2021-01-01T00:00:00+00:00
[2023-11-05T15:58:49.989+0000] {processor.py:175} INFO - Processing /home/airflow/.local/lib/python3.7/site-packages/airflow/example_dags/example_trigger_controller_dag.py took 0.058 seconds
[2023-11-05T17:21:50.039+0000] {processor.py:153} INFO - Started process (PID=56491) to work on /home/airflow/.local/lib/python3.7/site-packages/airflow/example_dags/example_trigger_controller_dag.py
[2023-11-05T17:21:50.039+0000] {processor.py:743} INFO - Processing file /home/airflow/.local/lib/python3.7/site-packages/airflow/example_dags/example_trigger_controller_dag.py for tasks to queue
[2023-11-05T17:21:50.040+0000] {logging_mixin.py:137} INFO - [2023-11-05T17:21:50.040+0000] {dagbag.py:538} INFO - Filling up the DagBag from /home/airflow/.local/lib/python3.7/site-packages/airflow/example_dags/example_trigger_controller_dag.py
[2023-11-05T17:21:50.048+0000] {processor.py:753} INFO - DAG(s) dict_keys(['example_trigger_controller_dag']) retrieved from /home/airflow/.local/lib/python3.7/site-packages/airflow/example_dags/example_trigger_controller_dag.py
[2023-11-05T17:21:50.061+0000] {logging_mixin.py:137} INFO - [2023-11-05T17:21:50.061+0000] {dag.py:2690} INFO - Sync 1 DAGs
[2023-11-05T17:21:50.080+0000] {logging_mixin.py:137} INFO - [2023-11-05T17:21:50.079+0000] {dag.py:3441} INFO - Setting next_dagrun for example_trigger_controller_dag to 2021-01-01T00:00:00+00:00, run_after=2021-01-01T00:00:00+00:00
[2023-11-05T17:21:50.104+0000] {processor.py:175} INFO - Processing /home/airflow/.local/lib/python3.7/site-packages/airflow/example_dags/example_trigger_controller_dag.py took 0.067 seconds
[2023-11-05T18:44:05.819+0000] {processor.py:153} INFO - Started process (PID=56568) to work on /home/airflow/.local/lib/python3.7/site-packages/airflow/example_dags/example_trigger_controller_dag.py
[2023-11-05T18:44:05.820+0000] {processor.py:743} INFO - Processing file /home/airflow/.local/lib/python3.7/site-packages/airflow/example_dags/example_trigger_controller_dag.py for tasks to queue
[2023-11-05T18:44:05.820+0000] {logging_mixin.py:137} INFO - [2023-11-05T18:44:05.820+0000] {dagbag.py:538} INFO - Filling up the DagBag from /home/airflow/.local/lib/python3.7/site-packages/airflow/example_dags/example_trigger_controller_dag.py
[2023-11-05T18:44:05.829+0000] {processor.py:753} INFO - DAG(s) dict_keys(['example_trigger_controller_dag']) retrieved from /home/airflow/.local/lib/python3.7/site-packages/airflow/example_dags/example_trigger_controller_dag.py
[2023-11-05T18:44:05.845+0000] {logging_mixin.py:137} INFO - [2023-11-05T18:44:05.845+0000] {dag.py:2690} INFO - Sync 1 DAGs
[2023-11-05T18:44:05.857+0000] {logging_mixin.py:137} INFO - [2023-11-05T18:44:05.857+0000] {dag.py:3441} INFO - Setting next_dagrun for example_trigger_controller_dag to 2021-01-01T00:00:00+00:00, run_after=2021-01-01T00:00:00+00:00
[2023-11-05T18:44:05.866+0000] {processor.py:175} INFO - Processing /home/airflow/.local/lib/python3.7/site-packages/airflow/example_dags/example_trigger_controller_dag.py took 0.049 seconds
[2023-11-05T20:01:49.151+0000] {processor.py:153} INFO - Started process (PID=56662) to work on /home/airflow/.local/lib/python3.7/site-packages/airflow/example_dags/example_trigger_controller_dag.py
[2023-11-05T20:01:49.153+0000] {processor.py:743} INFO - Processing file /home/airflow/.local/lib/python3.7/site-packages/airflow/example_dags/example_trigger_controller_dag.py for tasks to queue
[2023-11-05T20:01:49.155+0000] {logging_mixin.py:137} INFO - [2023-11-05T20:01:49.155+0000] {dagbag.py:538} INFO - Filling up the DagBag from /home/airflow/.local/lib/python3.7/site-packages/airflow/example_dags/example_trigger_controller_dag.py
[2023-11-05T20:01:49.171+0000] {processor.py:753} INFO - DAG(s) dict_keys(['example_trigger_controller_dag']) retrieved from /home/airflow/.local/lib/python3.7/site-packages/airflow/example_dags/example_trigger_controller_dag.py
[2023-11-05T20:01:49.200+0000] {logging_mixin.py:137} INFO - [2023-11-05T20:01:49.200+0000] {dag.py:2690} INFO - Sync 1 DAGs
[2023-11-05T20:01:49.225+0000] {logging_mixin.py:137} INFO - [2023-11-05T20:01:49.225+0000] {dag.py:3441} INFO - Setting next_dagrun for example_trigger_controller_dag to 2021-01-01T00:00:00+00:00, run_after=2021-01-01T00:00:00+00:00
[2023-11-05T20:01:49.238+0000] {processor.py:175} INFO - Processing /home/airflow/.local/lib/python3.7/site-packages/airflow/example_dags/example_trigger_controller_dag.py took 0.098 seconds
[2023-11-05T21:26:21.335+0000] {processor.py:153} INFO - Started process (PID=56739) to work on /home/airflow/.local/lib/python3.7/site-packages/airflow/example_dags/example_trigger_controller_dag.py
[2023-11-05T21:26:21.336+0000] {processor.py:743} INFO - Processing file /home/airflow/.local/lib/python3.7/site-packages/airflow/example_dags/example_trigger_controller_dag.py for tasks to queue
[2023-11-05T21:26:21.337+0000] {logging_mixin.py:137} INFO - [2023-11-05T21:26:21.337+0000] {dagbag.py:538} INFO - Filling up the DagBag from /home/airflow/.local/lib/python3.7/site-packages/airflow/example_dags/example_trigger_controller_dag.py
[2023-11-05T21:26:21.348+0000] {processor.py:753} INFO - DAG(s) dict_keys(['example_trigger_controller_dag']) retrieved from /home/airflow/.local/lib/python3.7/site-packages/airflow/example_dags/example_trigger_controller_dag.py
[2023-11-05T21:26:21.369+0000] {logging_mixin.py:137} INFO - [2023-11-05T21:26:21.368+0000] {dag.py:2690} INFO - Sync 1 DAGs
[2023-11-05T21:26:21.388+0000] {logging_mixin.py:137} INFO - [2023-11-05T21:26:21.388+0000] {dag.py:3441} INFO - Setting next_dagrun for example_trigger_controller_dag to 2021-01-01T00:00:00+00:00, run_after=2021-01-01T00:00:00+00:00
[2023-11-05T21:26:21.404+0000] {processor.py:175} INFO - Processing /home/airflow/.local/lib/python3.7/site-packages/airflow/example_dags/example_trigger_controller_dag.py took 0.072 seconds
[2023-11-05T22:48:55.063+0000] {processor.py:153} INFO - Started process (PID=56834) to work on /home/airflow/.local/lib/python3.7/site-packages/airflow/example_dags/example_trigger_controller_dag.py
[2023-11-05T22:48:55.064+0000] {processor.py:743} INFO - Processing file /home/airflow/.local/lib/python3.7/site-packages/airflow/example_dags/example_trigger_controller_dag.py for tasks to queue
[2023-11-05T22:48:55.064+0000] {logging_mixin.py:137} INFO - [2023-11-05T22:48:55.064+0000] {dagbag.py:538} INFO - Filling up the DagBag from /home/airflow/.local/lib/python3.7/site-packages/airflow/example_dags/example_trigger_controller_dag.py
[2023-11-05T22:48:55.073+0000] {processor.py:753} INFO - DAG(s) dict_keys(['example_trigger_controller_dag']) retrieved from /home/airflow/.local/lib/python3.7/site-packages/airflow/example_dags/example_trigger_controller_dag.py
[2023-11-05T22:48:55.088+0000] {logging_mixin.py:137} INFO - [2023-11-05T22:48:55.087+0000] {dag.py:2690} INFO - Sync 1 DAGs
[2023-11-05T22:48:55.100+0000] {logging_mixin.py:137} INFO - [2023-11-05T22:48:55.100+0000] {dag.py:3441} INFO - Setting next_dagrun for example_trigger_controller_dag to 2021-01-01T00:00:00+00:00, run_after=2021-01-01T00:00:00+00:00
[2023-11-05T22:48:55.111+0000] {processor.py:175} INFO - Processing /home/airflow/.local/lib/python3.7/site-packages/airflow/example_dags/example_trigger_controller_dag.py took 0.050 seconds
[2023-11-05T23:23:06.677+0000] {processor.py:153} INFO - Started process (PID=56930) to work on /home/airflow/.local/lib/python3.7/site-packages/airflow/example_dags/example_trigger_controller_dag.py
[2023-11-05T23:23:06.678+0000] {processor.py:743} INFO - Processing file /home/airflow/.local/lib/python3.7/site-packages/airflow/example_dags/example_trigger_controller_dag.py for tasks to queue
[2023-11-05T23:23:06.679+0000] {logging_mixin.py:137} INFO - [2023-11-05T23:23:06.679+0000] {dagbag.py:538} INFO - Filling up the DagBag from /home/airflow/.local/lib/python3.7/site-packages/airflow/example_dags/example_trigger_controller_dag.py
[2023-11-05T23:23:06.690+0000] {processor.py:753} INFO - DAG(s) dict_keys(['example_trigger_controller_dag']) retrieved from /home/airflow/.local/lib/python3.7/site-packages/airflow/example_dags/example_trigger_controller_dag.py
[2023-11-05T23:23:06.709+0000] {logging_mixin.py:137} INFO - [2023-11-05T23:23:06.709+0000] {dag.py:2690} INFO - Sync 1 DAGs
[2023-11-05T23:23:06.721+0000] {logging_mixin.py:137} INFO - [2023-11-05T23:23:06.721+0000] {dag.py:3441} INFO - Setting next_dagrun for example_trigger_controller_dag to 2021-01-01T00:00:00+00:00, run_after=2021-01-01T00:00:00+00:00
[2023-11-05T23:23:06.732+0000] {processor.py:175} INFO - Processing /home/airflow/.local/lib/python3.7/site-packages/airflow/example_dags/example_trigger_controller_dag.py took 0.059 seconds
[2023-11-05T23:26:36.265+0000] {processor.py:153} INFO - Started process (PID=57007) to work on /home/airflow/.local/lib/python3.7/site-packages/airflow/example_dags/example_trigger_controller_dag.py
[2023-11-05T23:26:36.266+0000] {processor.py:743} INFO - Processing file /home/airflow/.local/lib/python3.7/site-packages/airflow/example_dags/example_trigger_controller_dag.py for tasks to queue
[2023-11-05T23:26:36.266+0000] {logging_mixin.py:137} INFO - [2023-11-05T23:26:36.266+0000] {dagbag.py:538} INFO - Filling up the DagBag from /home/airflow/.local/lib/python3.7/site-packages/airflow/example_dags/example_trigger_controller_dag.py
[2023-11-05T23:26:36.274+0000] {processor.py:753} INFO - DAG(s) dict_keys(['example_trigger_controller_dag']) retrieved from /home/airflow/.local/lib/python3.7/site-packages/airflow/example_dags/example_trigger_controller_dag.py
[2023-11-05T23:26:36.289+0000] {logging_mixin.py:137} INFO - [2023-11-05T23:26:36.288+0000] {dag.py:2690} INFO - Sync 1 DAGs
[2023-11-05T23:26:36.303+0000] {logging_mixin.py:137} INFO - [2023-11-05T23:26:36.302+0000] {dag.py:3441} INFO - Setting next_dagrun for example_trigger_controller_dag to 2021-01-01T00:00:00+00:00, run_after=2021-01-01T00:00:00+00:00
[2023-11-05T23:26:36.311+0000] {processor.py:175} INFO - Processing /home/airflow/.local/lib/python3.7/site-packages/airflow/example_dags/example_trigger_controller_dag.py took 0.049 seconds
[2023-11-05T23:30:17.476+0000] {processor.py:153} INFO - Started process (PID=57102) to work on /home/airflow/.local/lib/python3.7/site-packages/airflow/example_dags/example_trigger_controller_dag.py
[2023-11-05T23:30:17.477+0000] {processor.py:743} INFO - Processing file /home/airflow/.local/lib/python3.7/site-packages/airflow/example_dags/example_trigger_controller_dag.py for tasks to queue
[2023-11-05T23:30:17.478+0000] {logging_mixin.py:137} INFO - [2023-11-05T23:30:17.478+0000] {dagbag.py:538} INFO - Filling up the DagBag from /home/airflow/.local/lib/python3.7/site-packages/airflow/example_dags/example_trigger_controller_dag.py
[2023-11-05T23:30:17.488+0000] {processor.py:753} INFO - DAG(s) dict_keys(['example_trigger_controller_dag']) retrieved from /home/airflow/.local/lib/python3.7/site-packages/airflow/example_dags/example_trigger_controller_dag.py
[2023-11-05T23:30:17.505+0000] {logging_mixin.py:137} INFO - [2023-11-05T23:30:17.505+0000] {dag.py:2690} INFO - Sync 1 DAGs
[2023-11-05T23:30:17.518+0000] {logging_mixin.py:137} INFO - [2023-11-05T23:30:17.518+0000] {dag.py:3441} INFO - Setting next_dagrun for example_trigger_controller_dag to 2021-01-01T00:00:00+00:00, run_after=2021-01-01T00:00:00+00:00
[2023-11-05T23:30:17.528+0000] {processor.py:175} INFO - Processing /home/airflow/.local/lib/python3.7/site-packages/airflow/example_dags/example_trigger_controller_dag.py took 0.054 seconds
[2023-11-05T23:33:57.612+0000] {processor.py:153} INFO - Started process (PID=57197) to work on /home/airflow/.local/lib/python3.7/site-packages/airflow/example_dags/example_trigger_controller_dag.py
[2023-11-05T23:33:57.614+0000] {processor.py:743} INFO - Processing file /home/airflow/.local/lib/python3.7/site-packages/airflow/example_dags/example_trigger_controller_dag.py for tasks to queue
[2023-11-05T23:33:57.615+0000] {logging_mixin.py:137} INFO - [2023-11-05T23:33:57.614+0000] {dagbag.py:538} INFO - Filling up the DagBag from /home/airflow/.local/lib/python3.7/site-packages/airflow/example_dags/example_trigger_controller_dag.py
[2023-11-05T23:33:57.627+0000] {processor.py:753} INFO - DAG(s) dict_keys(['example_trigger_controller_dag']) retrieved from /home/airflow/.local/lib/python3.7/site-packages/airflow/example_dags/example_trigger_controller_dag.py
[2023-11-05T23:33:57.657+0000] {logging_mixin.py:137} INFO - [2023-11-05T23:33:57.657+0000] {dag.py:2690} INFO - Sync 1 DAGs
[2023-11-05T23:33:57.675+0000] {logging_mixin.py:137} INFO - [2023-11-05T23:33:57.674+0000] {dag.py:3441} INFO - Setting next_dagrun for example_trigger_controller_dag to 2021-01-01T00:00:00+00:00, run_after=2021-01-01T00:00:00+00:00
[2023-11-05T23:33:57.691+0000] {processor.py:175} INFO - Processing /home/airflow/.local/lib/python3.7/site-packages/airflow/example_dags/example_trigger_controller_dag.py took 0.081 seconds
[2023-11-05T23:37:37.993+0000] {processor.py:153} INFO - Started process (PID=57274) to work on /home/airflow/.local/lib/python3.7/site-packages/airflow/example_dags/example_trigger_controller_dag.py
[2023-11-05T23:37:37.995+0000] {processor.py:743} INFO - Processing file /home/airflow/.local/lib/python3.7/site-packages/airflow/example_dags/example_trigger_controller_dag.py for tasks to queue
[2023-11-05T23:37:37.995+0000] {logging_mixin.py:137} INFO - [2023-11-05T23:37:37.995+0000] {dagbag.py:538} INFO - Filling up the DagBag from /home/airflow/.local/lib/python3.7/site-packages/airflow/example_dags/example_trigger_controller_dag.py
[2023-11-05T23:37:38.006+0000] {processor.py:753} INFO - DAG(s) dict_keys(['example_trigger_controller_dag']) retrieved from /home/airflow/.local/lib/python3.7/site-packages/airflow/example_dags/example_trigger_controller_dag.py
[2023-11-05T23:37:38.026+0000] {logging_mixin.py:137} INFO - [2023-11-05T23:37:38.026+0000] {dag.py:2690} INFO - Sync 1 DAGs
[2023-11-05T23:37:38.046+0000] {logging_mixin.py:137} INFO - [2023-11-05T23:37:38.046+0000] {dag.py:3441} INFO - Setting next_dagrun for example_trigger_controller_dag to 2021-01-01T00:00:00+00:00, run_after=2021-01-01T00:00:00+00:00
[2023-11-05T23:37:38.061+0000] {processor.py:175} INFO - Processing /home/airflow/.local/lib/python3.7/site-packages/airflow/example_dags/example_trigger_controller_dag.py took 0.071 seconds
[2023-11-05T23:40:37.434+0000] {processor.py:153} INFO - Started process (PID=57369) to work on /home/airflow/.local/lib/python3.7/site-packages/airflow/example_dags/example_trigger_controller_dag.py
[2023-11-05T23:40:37.434+0000] {processor.py:743} INFO - Processing file /home/airflow/.local/lib/python3.7/site-packages/airflow/example_dags/example_trigger_controller_dag.py for tasks to queue
[2023-11-05T23:40:37.435+0000] {logging_mixin.py:137} INFO - [2023-11-05T23:40:37.435+0000] {dagbag.py:538} INFO - Filling up the DagBag from /home/airflow/.local/lib/python3.7/site-packages/airflow/example_dags/example_trigger_controller_dag.py
[2023-11-05T23:40:37.443+0000] {processor.py:753} INFO - DAG(s) dict_keys(['example_trigger_controller_dag']) retrieved from /home/airflow/.local/lib/python3.7/site-packages/airflow/example_dags/example_trigger_controller_dag.py
[2023-11-05T23:40:37.456+0000] {logging_mixin.py:137} INFO - [2023-11-05T23:40:37.456+0000] {dag.py:2690} INFO - Sync 1 DAGs
[2023-11-05T23:40:37.468+0000] {logging_mixin.py:137} INFO - [2023-11-05T23:40:37.468+0000] {dag.py:3441} INFO - Setting next_dagrun for example_trigger_controller_dag to 2021-01-01T00:00:00+00:00, run_after=2021-01-01T00:00:00+00:00
[2023-11-05T23:40:37.477+0000] {processor.py:175} INFO - Processing /home/airflow/.local/lib/python3.7/site-packages/airflow/example_dags/example_trigger_controller_dag.py took 0.045 seconds
[2023-11-05T23:44:18.570+0000] {processor.py:153} INFO - Started process (PID=57455) to work on /home/airflow/.local/lib/python3.7/site-packages/airflow/example_dags/example_trigger_controller_dag.py
[2023-11-05T23:44:18.571+0000] {processor.py:743} INFO - Processing file /home/airflow/.local/lib/python3.7/site-packages/airflow/example_dags/example_trigger_controller_dag.py for tasks to queue
[2023-11-05T23:44:18.572+0000] {logging_mixin.py:137} INFO - [2023-11-05T23:44:18.572+0000] {dagbag.py:538} INFO - Filling up the DagBag from /home/airflow/.local/lib/python3.7/site-packages/airflow/example_dags/example_trigger_controller_dag.py
[2023-11-05T23:44:18.590+0000] {processor.py:753} INFO - DAG(s) dict_keys(['example_trigger_controller_dag']) retrieved from /home/airflow/.local/lib/python3.7/site-packages/airflow/example_dags/example_trigger_controller_dag.py
[2023-11-05T23:44:18.636+0000] {logging_mixin.py:137} INFO - [2023-11-05T23:44:18.635+0000] {dag.py:2690} INFO - Sync 1 DAGs
[2023-11-05T23:44:18.667+0000] {logging_mixin.py:137} INFO - [2023-11-05T23:44:18.667+0000] {dag.py:3441} INFO - Setting next_dagrun for example_trigger_controller_dag to 2021-01-01T00:00:00+00:00, run_after=2021-01-01T00:00:00+00:00
[2023-11-05T23:44:18.702+0000] {processor.py:175} INFO - Processing /home/airflow/.local/lib/python3.7/site-packages/airflow/example_dags/example_trigger_controller_dag.py took 0.136 seconds
[2023-11-05T23:47:59.291+0000] {processor.py:153} INFO - Started process (PID=57541) to work on /home/airflow/.local/lib/python3.7/site-packages/airflow/example_dags/example_trigger_controller_dag.py
[2023-11-05T23:47:59.293+0000] {processor.py:743} INFO - Processing file /home/airflow/.local/lib/python3.7/site-packages/airflow/example_dags/example_trigger_controller_dag.py for tasks to queue
[2023-11-05T23:47:59.296+0000] {logging_mixin.py:137} INFO - [2023-11-05T23:47:59.295+0000] {dagbag.py:538} INFO - Filling up the DagBag from /home/airflow/.local/lib/python3.7/site-packages/airflow/example_dags/example_trigger_controller_dag.py
[2023-11-05T23:47:59.347+0000] {processor.py:753} INFO - DAG(s) dict_keys(['example_trigger_controller_dag']) retrieved from /home/airflow/.local/lib/python3.7/site-packages/airflow/example_dags/example_trigger_controller_dag.py
[2023-11-05T23:47:59.399+0000] {logging_mixin.py:137} INFO - [2023-11-05T23:47:59.398+0000] {dag.py:2690} INFO - Sync 1 DAGs
[2023-11-05T23:47:59.439+0000] {logging_mixin.py:137} INFO - [2023-11-05T23:47:59.438+0000] {dag.py:3441} INFO - Setting next_dagrun for example_trigger_controller_dag to 2021-01-01T00:00:00+00:00, run_after=2021-01-01T00:00:00+00:00
[2023-11-05T23:47:59.469+0000] {processor.py:175} INFO - Processing /home/airflow/.local/lib/python3.7/site-packages/airflow/example_dags/example_trigger_controller_dag.py took 0.185 seconds
