[2023-11-03T00:16:21.981+0000] {processor.py:153} INFO - Started process (PID=25877) to work on /home/airflow/.local/lib/python3.7/site-packages/airflow/example_dags/example_branch_labels.py
[2023-11-03T00:16:21.982+0000] {processor.py:743} INFO - Processing file /home/airflow/.local/lib/python3.7/site-packages/airflow/example_dags/example_branch_labels.py for tasks to queue
[2023-11-03T00:16:21.983+0000] {logging_mixin.py:137} INFO - [2023-11-03T00:16:21.982+0000] {dagbag.py:538} INFO - Filling up the DagBag from /home/airflow/.local/lib/python3.7/site-packages/airflow/example_dags/example_branch_labels.py
[2023-11-03T00:16:21.996+0000] {processor.py:753} INFO - DAG(s) dict_keys(['example_branch_labels']) retrieved from /home/airflow/.local/lib/python3.7/site-packages/airflow/example_dags/example_branch_labels.py
[2023-11-03T00:16:22.012+0000] {logging_mixin.py:137} INFO - [2023-11-03T00:16:22.012+0000] {dag.py:2690} INFO - Sync 1 DAGs
[2023-11-03T00:16:22.027+0000] {logging_mixin.py:137} INFO - [2023-11-03T00:16:22.027+0000] {dag.py:3441} INFO - Setting next_dagrun for example_branch_labels to 2023-11-02T00:00:00+00:00, run_after=2023-11-03T00:00:00+00:00
[2023-11-03T00:16:22.037+0000] {processor.py:175} INFO - Processing /home/airflow/.local/lib/python3.7/site-packages/airflow/example_dags/example_branch_labels.py took 0.060 seconds
[2023-11-03T01:38:30.063+0000] {processor.py:153} INFO - Started process (PID=25954) to work on /home/airflow/.local/lib/python3.7/site-packages/airflow/example_dags/example_branch_labels.py
[2023-11-03T01:38:30.064+0000] {processor.py:743} INFO - Processing file /home/airflow/.local/lib/python3.7/site-packages/airflow/example_dags/example_branch_labels.py for tasks to queue
[2023-11-03T01:38:30.065+0000] {logging_mixin.py:137} INFO - [2023-11-03T01:38:30.065+0000] {dagbag.py:538} INFO - Filling up the DagBag from /home/airflow/.local/lib/python3.7/site-packages/airflow/example_dags/example_branch_labels.py
[2023-11-03T01:38:30.095+0000] {processor.py:753} INFO - DAG(s) dict_keys(['example_branch_labels']) retrieved from /home/airflow/.local/lib/python3.7/site-packages/airflow/example_dags/example_branch_labels.py
[2023-11-03T01:38:30.123+0000] {logging_mixin.py:137} INFO - [2023-11-03T01:38:30.123+0000] {dag.py:2690} INFO - Sync 1 DAGs
[2023-11-03T01:38:30.139+0000] {logging_mixin.py:137} INFO - [2023-11-03T01:38:30.139+0000] {dag.py:3441} INFO - Setting next_dagrun for example_branch_labels to 2023-11-02T00:00:00+00:00, run_after=2023-11-03T00:00:00+00:00
[2023-11-03T01:38:30.148+0000] {processor.py:175} INFO - Processing /home/airflow/.local/lib/python3.7/site-packages/airflow/example_dags/example_branch_labels.py took 0.090 seconds
[2023-11-03T03:02:21.817+0000] {processor.py:153} INFO - Started process (PID=26049) to work on /home/airflow/.local/lib/python3.7/site-packages/airflow/example_dags/example_branch_labels.py
[2023-11-03T03:02:21.818+0000] {processor.py:743} INFO - Processing file /home/airflow/.local/lib/python3.7/site-packages/airflow/example_dags/example_branch_labels.py for tasks to queue
[2023-11-03T03:02:21.819+0000] {logging_mixin.py:137} INFO - [2023-11-03T03:02:21.819+0000] {dagbag.py:538} INFO - Filling up the DagBag from /home/airflow/.local/lib/python3.7/site-packages/airflow/example_dags/example_branch_labels.py
[2023-11-03T03:02:21.830+0000] {processor.py:753} INFO - DAG(s) dict_keys(['example_branch_labels']) retrieved from /home/airflow/.local/lib/python3.7/site-packages/airflow/example_dags/example_branch_labels.py
[2023-11-03T03:02:21.845+0000] {logging_mixin.py:137} INFO - [2023-11-03T03:02:21.845+0000] {dag.py:2690} INFO - Sync 1 DAGs
[2023-11-03T03:02:21.858+0000] {logging_mixin.py:137} INFO - [2023-11-03T03:02:21.858+0000] {dag.py:3441} INFO - Setting next_dagrun for example_branch_labels to 2023-11-02T00:00:00+00:00, run_after=2023-11-03T00:00:00+00:00
[2023-11-03T03:02:21.868+0000] {processor.py:175} INFO - Processing /home/airflow/.local/lib/python3.7/site-packages/airflow/example_dags/example_branch_labels.py took 0.059 seconds
[2023-11-03T04:23:53.645+0000] {processor.py:153} INFO - Started process (PID=26144) to work on /home/airflow/.local/lib/python3.7/site-packages/airflow/example_dags/example_branch_labels.py
[2023-11-03T04:23:53.646+0000] {processor.py:743} INFO - Processing file /home/airflow/.local/lib/python3.7/site-packages/airflow/example_dags/example_branch_labels.py for tasks to queue
[2023-11-03T04:23:53.647+0000] {logging_mixin.py:137} INFO - [2023-11-03T04:23:53.647+0000] {dagbag.py:538} INFO - Filling up the DagBag from /home/airflow/.local/lib/python3.7/site-packages/airflow/example_dags/example_branch_labels.py
[2023-11-03T04:23:53.676+0000] {processor.py:753} INFO - DAG(s) dict_keys(['example_branch_labels']) retrieved from /home/airflow/.local/lib/python3.7/site-packages/airflow/example_dags/example_branch_labels.py
[2023-11-03T04:23:53.708+0000] {logging_mixin.py:137} INFO - [2023-11-03T04:23:53.708+0000] {dag.py:2690} INFO - Sync 1 DAGs
[2023-11-03T04:23:53.728+0000] {logging_mixin.py:137} INFO - [2023-11-03T04:23:53.728+0000] {dag.py:3441} INFO - Setting next_dagrun for example_branch_labels to 2023-11-02T00:00:00+00:00, run_after=2023-11-03T00:00:00+00:00
[2023-11-03T04:23:53.902+0000] {processor.py:175} INFO - Processing /home/airflow/.local/lib/python3.7/site-packages/airflow/example_dags/example_branch_labels.py took 0.263 seconds
[2023-11-03T05:44:48.068+0000] {processor.py:153} INFO - Started process (PID=26221) to work on /home/airflow/.local/lib/python3.7/site-packages/airflow/example_dags/example_branch_labels.py
[2023-11-03T05:44:48.068+0000] {processor.py:743} INFO - Processing file /home/airflow/.local/lib/python3.7/site-packages/airflow/example_dags/example_branch_labels.py for tasks to queue
[2023-11-03T05:44:48.068+0000] {logging_mixin.py:137} INFO - [2023-11-03T05:44:48.068+0000] {dagbag.py:538} INFO - Filling up the DagBag from /home/airflow/.local/lib/python3.7/site-packages/airflow/example_dags/example_branch_labels.py
[2023-11-03T05:44:48.079+0000] {processor.py:753} INFO - DAG(s) dict_keys(['example_branch_labels']) retrieved from /home/airflow/.local/lib/python3.7/site-packages/airflow/example_dags/example_branch_labels.py
[2023-11-03T05:44:48.094+0000] {logging_mixin.py:137} INFO - [2023-11-03T05:44:48.094+0000] {dag.py:2690} INFO - Sync 1 DAGs
[2023-11-03T05:44:48.106+0000] {logging_mixin.py:137} INFO - [2023-11-03T05:44:48.106+0000] {dag.py:3441} INFO - Setting next_dagrun for example_branch_labels to 2023-11-02T00:00:00+00:00, run_after=2023-11-03T00:00:00+00:00
[2023-11-03T05:44:48.115+0000] {processor.py:175} INFO - Processing /home/airflow/.local/lib/python3.7/site-packages/airflow/example_dags/example_branch_labels.py took 0.049 seconds
[2023-11-03T07:12:33.142+0000] {processor.py:153} INFO - Started process (PID=26316) to work on /home/airflow/.local/lib/python3.7/site-packages/airflow/example_dags/example_branch_labels.py
[2023-11-03T07:12:33.143+0000] {processor.py:743} INFO - Processing file /home/airflow/.local/lib/python3.7/site-packages/airflow/example_dags/example_branch_labels.py for tasks to queue
[2023-11-03T07:12:33.144+0000] {logging_mixin.py:137} INFO - [2023-11-03T07:12:33.144+0000] {dagbag.py:538} INFO - Filling up the DagBag from /home/airflow/.local/lib/python3.7/site-packages/airflow/example_dags/example_branch_labels.py
[2023-11-03T07:12:33.157+0000] {processor.py:753} INFO - DAG(s) dict_keys(['example_branch_labels']) retrieved from /home/airflow/.local/lib/python3.7/site-packages/airflow/example_dags/example_branch_labels.py
[2023-11-03T07:12:33.176+0000] {logging_mixin.py:137} INFO - [2023-11-03T07:12:33.176+0000] {dag.py:2690} INFO - Sync 1 DAGs
[2023-11-03T07:12:33.192+0000] {logging_mixin.py:137} INFO - [2023-11-03T07:12:33.192+0000] {dag.py:3441} INFO - Setting next_dagrun for example_branch_labels to 2023-11-02T00:00:00+00:00, run_after=2023-11-03T00:00:00+00:00
[2023-11-03T07:12:33.204+0000] {processor.py:175} INFO - Processing /home/airflow/.local/lib/python3.7/site-packages/airflow/example_dags/example_branch_labels.py took 0.065 seconds
[2023-11-03T08:35:15.507+0000] {processor.py:153} INFO - Started process (PID=26412) to work on /home/airflow/.local/lib/python3.7/site-packages/airflow/example_dags/example_branch_labels.py
[2023-11-03T08:35:15.509+0000] {processor.py:743} INFO - Processing file /home/airflow/.local/lib/python3.7/site-packages/airflow/example_dags/example_branch_labels.py for tasks to queue
[2023-11-03T08:35:15.510+0000] {logging_mixin.py:137} INFO - [2023-11-03T08:35:15.509+0000] {dagbag.py:538} INFO - Filling up the DagBag from /home/airflow/.local/lib/python3.7/site-packages/airflow/example_dags/example_branch_labels.py
[2023-11-03T08:35:15.525+0000] {processor.py:753} INFO - DAG(s) dict_keys(['example_branch_labels']) retrieved from /home/airflow/.local/lib/python3.7/site-packages/airflow/example_dags/example_branch_labels.py
[2023-11-03T08:35:15.544+0000] {logging_mixin.py:137} INFO - [2023-11-03T08:35:15.544+0000] {dag.py:2690} INFO - Sync 1 DAGs
[2023-11-03T08:35:15.562+0000] {logging_mixin.py:137} INFO - [2023-11-03T08:35:15.562+0000] {dag.py:3441} INFO - Setting next_dagrun for example_branch_labels to 2023-11-02T00:00:00+00:00, run_after=2023-11-03T00:00:00+00:00
[2023-11-03T08:35:15.575+0000] {processor.py:175} INFO - Processing /home/airflow/.local/lib/python3.7/site-packages/airflow/example_dags/example_branch_labels.py took 0.078 seconds
[2023-11-03T09:56:11.766+0000] {processor.py:153} INFO - Started process (PID=26489) to work on /home/airflow/.local/lib/python3.7/site-packages/airflow/example_dags/example_branch_labels.py
[2023-11-03T09:56:11.767+0000] {processor.py:743} INFO - Processing file /home/airflow/.local/lib/python3.7/site-packages/airflow/example_dags/example_branch_labels.py for tasks to queue
[2023-11-03T09:56:11.768+0000] {logging_mixin.py:137} INFO - [2023-11-03T09:56:11.768+0000] {dagbag.py:538} INFO - Filling up the DagBag from /home/airflow/.local/lib/python3.7/site-packages/airflow/example_dags/example_branch_labels.py
[2023-11-03T09:56:11.783+0000] {processor.py:753} INFO - DAG(s) dict_keys(['example_branch_labels']) retrieved from /home/airflow/.local/lib/python3.7/site-packages/airflow/example_dags/example_branch_labels.py
[2023-11-03T09:56:11.831+0000] {logging_mixin.py:137} INFO - [2023-11-03T09:56:11.831+0000] {dag.py:2690} INFO - Sync 1 DAGs
[2023-11-03T09:56:11.871+0000] {logging_mixin.py:137} INFO - [2023-11-03T09:56:11.870+0000] {dag.py:3441} INFO - Setting next_dagrun for example_branch_labels to 2023-11-02T00:00:00+00:00, run_after=2023-11-03T00:00:00+00:00
[2023-11-03T09:56:11.886+0000] {processor.py:175} INFO - Processing /home/airflow/.local/lib/python3.7/site-packages/airflow/example_dags/example_branch_labels.py took 0.123 seconds
[2023-11-03T11:19:36.827+0000] {processor.py:153} INFO - Started process (PID=26584) to work on /home/airflow/.local/lib/python3.7/site-packages/airflow/example_dags/example_branch_labels.py
[2023-11-03T11:19:36.830+0000] {processor.py:743} INFO - Processing file /home/airflow/.local/lib/python3.7/site-packages/airflow/example_dags/example_branch_labels.py for tasks to queue
[2023-11-03T11:19:36.831+0000] {logging_mixin.py:137} INFO - [2023-11-03T11:19:36.831+0000] {dagbag.py:538} INFO - Filling up the DagBag from /home/airflow/.local/lib/python3.7/site-packages/airflow/example_dags/example_branch_labels.py
[2023-11-03T11:19:36.851+0000] {processor.py:753} INFO - DAG(s) dict_keys(['example_branch_labels']) retrieved from /home/airflow/.local/lib/python3.7/site-packages/airflow/example_dags/example_branch_labels.py
[2023-11-03T11:19:36.883+0000] {logging_mixin.py:137} INFO - [2023-11-03T11:19:36.883+0000] {dag.py:2690} INFO - Sync 1 DAGs
[2023-11-03T11:19:36.910+0000] {logging_mixin.py:137} INFO - [2023-11-03T11:19:36.909+0000] {dag.py:3441} INFO - Setting next_dagrun for example_branch_labels to 2023-11-02T00:00:00+00:00, run_after=2023-11-03T00:00:00+00:00
[2023-11-03T11:19:36.931+0000] {processor.py:175} INFO - Processing /home/airflow/.local/lib/python3.7/site-packages/airflow/example_dags/example_branch_labels.py took 0.112 seconds
[2023-11-03T12:43:37.548+0000] {processor.py:153} INFO - Started process (PID=26661) to work on /home/airflow/.local/lib/python3.7/site-packages/airflow/example_dags/example_branch_labels.py
[2023-11-03T12:43:37.549+0000] {processor.py:743} INFO - Processing file /home/airflow/.local/lib/python3.7/site-packages/airflow/example_dags/example_branch_labels.py for tasks to queue
[2023-11-03T12:43:37.550+0000] {logging_mixin.py:137} INFO - [2023-11-03T12:43:37.550+0000] {dagbag.py:538} INFO - Filling up the DagBag from /home/airflow/.local/lib/python3.7/site-packages/airflow/example_dags/example_branch_labels.py
[2023-11-03T12:43:37.564+0000] {processor.py:753} INFO - DAG(s) dict_keys(['example_branch_labels']) retrieved from /home/airflow/.local/lib/python3.7/site-packages/airflow/example_dags/example_branch_labels.py
[2023-11-03T12:43:37.583+0000] {logging_mixin.py:137} INFO - [2023-11-03T12:43:37.583+0000] {dag.py:2690} INFO - Sync 1 DAGs
[2023-11-03T12:43:37.602+0000] {logging_mixin.py:137} INFO - [2023-11-03T12:43:37.602+0000] {dag.py:3441} INFO - Setting next_dagrun for example_branch_labels to 2023-11-02T00:00:00+00:00, run_after=2023-11-03T00:00:00+00:00
[2023-11-03T12:43:37.616+0000] {processor.py:175} INFO - Processing /home/airflow/.local/lib/python3.7/site-packages/airflow/example_dags/example_branch_labels.py took 0.072 seconds
[2023-11-03T13:53:58.665+0000] {processor.py:153} INFO - Started process (PID=26756) to work on /home/airflow/.local/lib/python3.7/site-packages/airflow/example_dags/example_branch_labels.py
[2023-11-03T13:53:58.666+0000] {processor.py:743} INFO - Processing file /home/airflow/.local/lib/python3.7/site-packages/airflow/example_dags/example_branch_labels.py for tasks to queue
[2023-11-03T13:53:58.666+0000] {logging_mixin.py:137} INFO - [2023-11-03T13:53:58.666+0000] {dagbag.py:538} INFO - Filling up the DagBag from /home/airflow/.local/lib/python3.7/site-packages/airflow/example_dags/example_branch_labels.py
[2023-11-03T13:53:58.677+0000] {processor.py:753} INFO - DAG(s) dict_keys(['example_branch_labels']) retrieved from /home/airflow/.local/lib/python3.7/site-packages/airflow/example_dags/example_branch_labels.py
[2023-11-03T13:53:58.692+0000] {logging_mixin.py:137} INFO - [2023-11-03T13:53:58.692+0000] {dag.py:2690} INFO - Sync 1 DAGs
[2023-11-03T13:53:58.709+0000] {logging_mixin.py:137} INFO - [2023-11-03T13:53:58.708+0000] {dag.py:3441} INFO - Setting next_dagrun for example_branch_labels to 2023-11-02T00:00:00+00:00, run_after=2023-11-03T00:00:00+00:00
[2023-11-03T13:53:58.719+0000] {processor.py:175} INFO - Processing /home/airflow/.local/lib/python3.7/site-packages/airflow/example_dags/example_branch_labels.py took 0.056 seconds
[2023-11-03T15:13:30.359+0000] {processor.py:153} INFO - Started process (PID=26851) to work on /home/airflow/.local/lib/python3.7/site-packages/airflow/example_dags/example_branch_labels.py
[2023-11-03T15:13:30.360+0000] {processor.py:743} INFO - Processing file /home/airflow/.local/lib/python3.7/site-packages/airflow/example_dags/example_branch_labels.py for tasks to queue
[2023-11-03T15:13:30.360+0000] {logging_mixin.py:137} INFO - [2023-11-03T15:13:30.360+0000] {dagbag.py:538} INFO - Filling up the DagBag from /home/airflow/.local/lib/python3.7/site-packages/airflow/example_dags/example_branch_labels.py
[2023-11-03T15:13:30.370+0000] {processor.py:753} INFO - DAG(s) dict_keys(['example_branch_labels']) retrieved from /home/airflow/.local/lib/python3.7/site-packages/airflow/example_dags/example_branch_labels.py
[2023-11-03T15:13:30.385+0000] {logging_mixin.py:137} INFO - [2023-11-03T15:13:30.385+0000] {dag.py:2690} INFO - Sync 1 DAGs
[2023-11-03T15:13:30.399+0000] {logging_mixin.py:137} INFO - [2023-11-03T15:13:30.399+0000] {dag.py:3441} INFO - Setting next_dagrun for example_branch_labels to 2023-11-02T00:00:00+00:00, run_after=2023-11-03T00:00:00+00:00
[2023-11-03T15:13:30.410+0000] {processor.py:175} INFO - Processing /home/airflow/.local/lib/python3.7/site-packages/airflow/example_dags/example_branch_labels.py took 0.053 seconds
[2023-11-03T16:13:34.877+0000] {processor.py:153} INFO - Started process (PID=26928) to work on /home/airflow/.local/lib/python3.7/site-packages/airflow/example_dags/example_branch_labels.py
[2023-11-03T16:13:34.877+0000] {processor.py:743} INFO - Processing file /home/airflow/.local/lib/python3.7/site-packages/airflow/example_dags/example_branch_labels.py for tasks to queue
[2023-11-03T16:13:34.878+0000] {logging_mixin.py:137} INFO - [2023-11-03T16:13:34.878+0000] {dagbag.py:538} INFO - Filling up the DagBag from /home/airflow/.local/lib/python3.7/site-packages/airflow/example_dags/example_branch_labels.py
[2023-11-03T16:13:34.888+0000] {processor.py:753} INFO - DAG(s) dict_keys(['example_branch_labels']) retrieved from /home/airflow/.local/lib/python3.7/site-packages/airflow/example_dags/example_branch_labels.py
[2023-11-03T16:13:34.903+0000] {logging_mixin.py:137} INFO - [2023-11-03T16:13:34.903+0000] {dag.py:2690} INFO - Sync 1 DAGs
[2023-11-03T16:13:34.918+0000] {logging_mixin.py:137} INFO - [2023-11-03T16:13:34.918+0000] {dag.py:3441} INFO - Setting next_dagrun for example_branch_labels to 2023-11-02T00:00:00+00:00, run_after=2023-11-03T00:00:00+00:00
[2023-11-03T16:13:34.929+0000] {processor.py:175} INFO - Processing /home/airflow/.local/lib/python3.7/site-packages/airflow/example_dags/example_branch_labels.py took 0.055 seconds
[2023-11-03T17:35:14.798+0000] {processor.py:153} INFO - Started process (PID=27024) to work on /home/airflow/.local/lib/python3.7/site-packages/airflow/example_dags/example_branch_labels.py
[2023-11-03T17:35:14.799+0000] {processor.py:743} INFO - Processing file /home/airflow/.local/lib/python3.7/site-packages/airflow/example_dags/example_branch_labels.py for tasks to queue
[2023-11-03T17:35:14.800+0000] {logging_mixin.py:137} INFO - [2023-11-03T17:35:14.800+0000] {dagbag.py:538} INFO - Filling up the DagBag from /home/airflow/.local/lib/python3.7/site-packages/airflow/example_dags/example_branch_labels.py
[2023-11-03T17:35:14.817+0000] {processor.py:753} INFO - DAG(s) dict_keys(['example_branch_labels']) retrieved from /home/airflow/.local/lib/python3.7/site-packages/airflow/example_dags/example_branch_labels.py
[2023-11-03T17:35:14.844+0000] {logging_mixin.py:137} INFO - [2023-11-03T17:35:14.844+0000] {dag.py:2690} INFO - Sync 1 DAGs
[2023-11-03T17:35:14.866+0000] {logging_mixin.py:137} INFO - [2023-11-03T17:35:14.866+0000] {dag.py:3441} INFO - Setting next_dagrun for example_branch_labels to 2023-11-02T00:00:00+00:00, run_after=2023-11-03T00:00:00+00:00
[2023-11-03T17:35:14.881+0000] {processor.py:175} INFO - Processing /home/airflow/.local/lib/python3.7/site-packages/airflow/example_dags/example_branch_labels.py took 0.087 seconds
[2023-11-03T18:56:10.905+0000] {processor.py:153} INFO - Started process (PID=27110) to work on /home/airflow/.local/lib/python3.7/site-packages/airflow/example_dags/example_branch_labels.py
[2023-11-03T18:56:10.906+0000] {processor.py:743} INFO - Processing file /home/airflow/.local/lib/python3.7/site-packages/airflow/example_dags/example_branch_labels.py for tasks to queue
[2023-11-03T18:56:10.907+0000] {logging_mixin.py:137} INFO - [2023-11-03T18:56:10.907+0000] {dagbag.py:538} INFO - Filling up the DagBag from /home/airflow/.local/lib/python3.7/site-packages/airflow/example_dags/example_branch_labels.py
[2023-11-03T18:56:10.919+0000] {processor.py:753} INFO - DAG(s) dict_keys(['example_branch_labels']) retrieved from /home/airflow/.local/lib/python3.7/site-packages/airflow/example_dags/example_branch_labels.py
[2023-11-03T18:56:10.938+0000] {logging_mixin.py:137} INFO - [2023-11-03T18:56:10.938+0000] {dag.py:2690} INFO - Sync 1 DAGs
[2023-11-03T18:56:10.952+0000] {logging_mixin.py:137} INFO - [2023-11-03T18:56:10.952+0000] {dag.py:3441} INFO - Setting next_dagrun for example_branch_labels to 2023-11-02T00:00:00+00:00, run_after=2023-11-03T00:00:00+00:00
[2023-11-03T18:56:10.963+0000] {processor.py:175} INFO - Processing /home/airflow/.local/lib/python3.7/site-packages/airflow/example_dags/example_branch_labels.py took 0.061 seconds
[2023-11-03T20:19:44.246+0000] {processor.py:153} INFO - Started process (PID=27196) to work on /home/airflow/.local/lib/python3.7/site-packages/airflow/example_dags/example_branch_labels.py
[2023-11-03T20:19:44.248+0000] {processor.py:743} INFO - Processing file /home/airflow/.local/lib/python3.7/site-packages/airflow/example_dags/example_branch_labels.py for tasks to queue
[2023-11-03T20:19:44.248+0000] {logging_mixin.py:137} INFO - [2023-11-03T20:19:44.248+0000] {dagbag.py:538} INFO - Filling up the DagBag from /home/airflow/.local/lib/python3.7/site-packages/airflow/example_dags/example_branch_labels.py
[2023-11-03T20:19:44.261+0000] {processor.py:753} INFO - DAG(s) dict_keys(['example_branch_labels']) retrieved from /home/airflow/.local/lib/python3.7/site-packages/airflow/example_dags/example_branch_labels.py
[2023-11-03T20:19:44.285+0000] {logging_mixin.py:137} INFO - [2023-11-03T20:19:44.284+0000] {dag.py:2690} INFO - Sync 1 DAGs
[2023-11-03T20:19:44.316+0000] {logging_mixin.py:137} INFO - [2023-11-03T20:19:44.316+0000] {dag.py:3441} INFO - Setting next_dagrun for example_branch_labels to 2023-11-02T00:00:00+00:00, run_after=2023-11-03T00:00:00+00:00
[2023-11-03T20:19:44.333+0000] {processor.py:175} INFO - Processing /home/airflow/.local/lib/python3.7/site-packages/airflow/example_dags/example_branch_labels.py took 0.090 seconds
[2023-11-03T21:36:43.380+0000] {processor.py:153} INFO - Started process (PID=27291) to work on /home/airflow/.local/lib/python3.7/site-packages/airflow/example_dags/example_branch_labels.py
[2023-11-03T21:36:43.381+0000] {processor.py:743} INFO - Processing file /home/airflow/.local/lib/python3.7/site-packages/airflow/example_dags/example_branch_labels.py for tasks to queue
[2023-11-03T21:36:43.382+0000] {logging_mixin.py:137} INFO - [2023-11-03T21:36:43.382+0000] {dagbag.py:538} INFO - Filling up the DagBag from /home/airflow/.local/lib/python3.7/site-packages/airflow/example_dags/example_branch_labels.py
[2023-11-03T21:36:43.392+0000] {processor.py:753} INFO - DAG(s) dict_keys(['example_branch_labels']) retrieved from /home/airflow/.local/lib/python3.7/site-packages/airflow/example_dags/example_branch_labels.py
[2023-11-03T21:36:43.408+0000] {logging_mixin.py:137} INFO - [2023-11-03T21:36:43.408+0000] {dag.py:2690} INFO - Sync 1 DAGs
[2023-11-03T21:36:43.425+0000] {logging_mixin.py:137} INFO - [2023-11-03T21:36:43.425+0000] {dag.py:3441} INFO - Setting next_dagrun for example_branch_labels to 2023-11-02T00:00:00+00:00, run_after=2023-11-03T00:00:00+00:00
[2023-11-03T21:36:43.436+0000] {processor.py:175} INFO - Processing /home/airflow/.local/lib/python3.7/site-packages/airflow/example_dags/example_branch_labels.py took 0.058 seconds
[2023-11-03T22:41:09.765+0000] {processor.py:153} INFO - Started process (PID=27368) to work on /home/airflow/.local/lib/python3.7/site-packages/airflow/example_dags/example_branch_labels.py
[2023-11-03T22:41:09.770+0000] {processor.py:743} INFO - Processing file /home/airflow/.local/lib/python3.7/site-packages/airflow/example_dags/example_branch_labels.py for tasks to queue
[2023-11-03T22:41:09.772+0000] {logging_mixin.py:137} INFO - [2023-11-03T22:41:09.771+0000] {dagbag.py:538} INFO - Filling up the DagBag from /home/airflow/.local/lib/python3.7/site-packages/airflow/example_dags/example_branch_labels.py
[2023-11-03T22:41:09.805+0000] {processor.py:753} INFO - DAG(s) dict_keys(['example_branch_labels']) retrieved from /home/airflow/.local/lib/python3.7/site-packages/airflow/example_dags/example_branch_labels.py
[2023-11-03T22:41:09.853+0000] {logging_mixin.py:137} INFO - [2023-11-03T22:41:09.853+0000] {dag.py:2690} INFO - Sync 1 DAGs
[2023-11-03T22:41:09.886+0000] {logging_mixin.py:137} INFO - [2023-11-03T22:41:09.885+0000] {dag.py:3441} INFO - Setting next_dagrun for example_branch_labels to 2023-11-02T00:00:00+00:00, run_after=2023-11-03T00:00:00+00:00
[2023-11-03T22:41:09.919+0000] {processor.py:175} INFO - Processing /home/airflow/.local/lib/python3.7/site-packages/airflow/example_dags/example_branch_labels.py took 0.170 seconds
