[2023-11-03T00:16:23.327+0000] {processor.py:153} INFO - Started process (PID=25908) to work on /home/airflow/.local/lib/python3.7/site-packages/airflow/example_dags/example_skip_dag.py
[2023-11-03T00:16:23.328+0000] {processor.py:743} INFO - Processing file /home/airflow/.local/lib/python3.7/site-packages/airflow/example_dags/example_skip_dag.py for tasks to queue
[2023-11-03T00:16:23.328+0000] {logging_mixin.py:137} INFO - [2023-11-03T00:16:23.328+0000] {dagbag.py:538} INFO - Filling up the DagBag from /home/airflow/.local/lib/python3.7/site-packages/airflow/example_dags/example_skip_dag.py
[2023-11-03T00:16:23.337+0000] {processor.py:753} INFO - DAG(s) dict_keys(['example_skip_dag']) retrieved from /home/airflow/.local/lib/python3.7/site-packages/airflow/example_dags/example_skip_dag.py
[2023-11-03T00:16:23.350+0000] {logging_mixin.py:137} INFO - [2023-11-03T00:16:23.350+0000] {dag.py:2690} INFO - Sync 1 DAGs
[2023-11-03T00:16:23.364+0000] {logging_mixin.py:137} INFO - [2023-11-03T00:16:23.364+0000] {dag.py:3441} INFO - Setting next_dagrun for example_skip_dag to 2023-11-02T00:16:23.364405+00:00, run_after=2023-11-03T00:16:23.364405+00:00
[2023-11-03T00:16:23.373+0000] {processor.py:175} INFO - Processing /home/airflow/.local/lib/python3.7/site-packages/airflow/example_dags/example_skip_dag.py took 0.047 seconds
[2023-11-03T01:38:31.187+0000] {processor.py:153} INFO - Started process (PID=25994) to work on /home/airflow/.local/lib/python3.7/site-packages/airflow/example_dags/example_skip_dag.py
[2023-11-03T01:38:31.188+0000] {processor.py:743} INFO - Processing file /home/airflow/.local/lib/python3.7/site-packages/airflow/example_dags/example_skip_dag.py for tasks to queue
[2023-11-03T01:38:31.188+0000] {logging_mixin.py:137} INFO - [2023-11-03T01:38:31.188+0000] {dagbag.py:538} INFO - Filling up the DagBag from /home/airflow/.local/lib/python3.7/site-packages/airflow/example_dags/example_skip_dag.py
[2023-11-03T01:38:31.198+0000] {processor.py:753} INFO - DAG(s) dict_keys(['example_skip_dag']) retrieved from /home/airflow/.local/lib/python3.7/site-packages/airflow/example_dags/example_skip_dag.py
[2023-11-03T01:38:31.213+0000] {logging_mixin.py:137} INFO - [2023-11-03T01:38:31.213+0000] {dag.py:2690} INFO - Sync 1 DAGs
[2023-11-03T01:38:31.228+0000] {logging_mixin.py:137} INFO - [2023-11-03T01:38:31.228+0000] {dag.py:3441} INFO - Setting next_dagrun for example_skip_dag to 2023-11-02T01:38:31.227891+00:00, run_after=2023-11-03T01:38:31.227891+00:00
[2023-11-03T01:38:31.238+0000] {processor.py:175} INFO - Processing /home/airflow/.local/lib/python3.7/site-packages/airflow/example_dags/example_skip_dag.py took 0.053 seconds
[2023-11-03T03:02:23.756+0000] {processor.py:153} INFO - Started process (PID=26080) to work on /home/airflow/.local/lib/python3.7/site-packages/airflow/example_dags/example_skip_dag.py
[2023-11-03T03:02:23.756+0000] {processor.py:743} INFO - Processing file /home/airflow/.local/lib/python3.7/site-packages/airflow/example_dags/example_skip_dag.py for tasks to queue
[2023-11-03T03:02:23.757+0000] {logging_mixin.py:137} INFO - [2023-11-03T03:02:23.757+0000] {dagbag.py:538} INFO - Filling up the DagBag from /home/airflow/.local/lib/python3.7/site-packages/airflow/example_dags/example_skip_dag.py
[2023-11-03T03:02:23.766+0000] {processor.py:753} INFO - DAG(s) dict_keys(['example_skip_dag']) retrieved from /home/airflow/.local/lib/python3.7/site-packages/airflow/example_dags/example_skip_dag.py
[2023-11-03T03:02:23.779+0000] {logging_mixin.py:137} INFO - [2023-11-03T03:02:23.779+0000] {dag.py:2690} INFO - Sync 1 DAGs
[2023-11-03T03:02:23.791+0000] {logging_mixin.py:137} INFO - [2023-11-03T03:02:23.791+0000] {dag.py:3441} INFO - Setting next_dagrun for example_skip_dag to 2023-11-02T03:02:23.791590+00:00, run_after=2023-11-03T03:02:23.791590+00:00
[2023-11-03T03:02:23.800+0000] {processor.py:175} INFO - Processing /home/airflow/.local/lib/python3.7/site-packages/airflow/example_dags/example_skip_dag.py took 0.046 seconds
[2023-11-03T04:23:54.980+0000] {processor.py:153} INFO - Started process (PID=26175) to work on /home/airflow/.local/lib/python3.7/site-packages/airflow/example_dags/example_skip_dag.py
[2023-11-03T04:23:54.980+0000] {processor.py:743} INFO - Processing file /home/airflow/.local/lib/python3.7/site-packages/airflow/example_dags/example_skip_dag.py for tasks to queue
[2023-11-03T04:23:54.981+0000] {logging_mixin.py:137} INFO - [2023-11-03T04:23:54.981+0000] {dagbag.py:538} INFO - Filling up the DagBag from /home/airflow/.local/lib/python3.7/site-packages/airflow/example_dags/example_skip_dag.py
[2023-11-03T04:23:54.990+0000] {processor.py:753} INFO - DAG(s) dict_keys(['example_skip_dag']) retrieved from /home/airflow/.local/lib/python3.7/site-packages/airflow/example_dags/example_skip_dag.py
[2023-11-03T04:23:55.003+0000] {logging_mixin.py:137} INFO - [2023-11-03T04:23:55.003+0000] {dag.py:2690} INFO - Sync 1 DAGs
[2023-11-03T04:23:55.016+0000] {logging_mixin.py:137} INFO - [2023-11-03T04:23:55.016+0000] {dag.py:3441} INFO - Setting next_dagrun for example_skip_dag to 2023-11-02T04:23:55.015936+00:00, run_after=2023-11-03T04:23:55.015936+00:00
[2023-11-03T04:23:55.024+0000] {processor.py:175} INFO - Processing /home/airflow/.local/lib/python3.7/site-packages/airflow/example_dags/example_skip_dag.py took 0.047 seconds
[2023-11-03T05:44:49.554+0000] {processor.py:153} INFO - Started process (PID=26252) to work on /home/airflow/.local/lib/python3.7/site-packages/airflow/example_dags/example_skip_dag.py
[2023-11-03T05:44:49.556+0000] {processor.py:743} INFO - Processing file /home/airflow/.local/lib/python3.7/site-packages/airflow/example_dags/example_skip_dag.py for tasks to queue
[2023-11-03T05:44:49.556+0000] {logging_mixin.py:137} INFO - [2023-11-03T05:44:49.556+0000] {dagbag.py:538} INFO - Filling up the DagBag from /home/airflow/.local/lib/python3.7/site-packages/airflow/example_dags/example_skip_dag.py
[2023-11-03T05:44:49.574+0000] {processor.py:753} INFO - DAG(s) dict_keys(['example_skip_dag']) retrieved from /home/airflow/.local/lib/python3.7/site-packages/airflow/example_dags/example_skip_dag.py
[2023-11-03T05:44:49.595+0000] {logging_mixin.py:137} INFO - [2023-11-03T05:44:49.595+0000] {dag.py:2690} INFO - Sync 1 DAGs
[2023-11-03T05:44:49.634+0000] {logging_mixin.py:137} INFO - [2023-11-03T05:44:49.633+0000] {dag.py:3441} INFO - Setting next_dagrun for example_skip_dag to 2023-11-02T05:44:49.633665+00:00, run_after=2023-11-03T05:44:49.633665+00:00
[2023-11-03T05:44:49.646+0000] {processor.py:175} INFO - Processing /home/airflow/.local/lib/python3.7/site-packages/airflow/example_dags/example_skip_dag.py took 0.096 seconds
[2023-11-03T07:12:34.562+0000] {processor.py:153} INFO - Started process (PID=26347) to work on /home/airflow/.local/lib/python3.7/site-packages/airflow/example_dags/example_skip_dag.py
[2023-11-03T07:12:34.563+0000] {processor.py:743} INFO - Processing file /home/airflow/.local/lib/python3.7/site-packages/airflow/example_dags/example_skip_dag.py for tasks to queue
[2023-11-03T07:12:34.563+0000] {logging_mixin.py:137} INFO - [2023-11-03T07:12:34.563+0000] {dagbag.py:538} INFO - Filling up the DagBag from /home/airflow/.local/lib/python3.7/site-packages/airflow/example_dags/example_skip_dag.py
[2023-11-03T07:12:34.574+0000] {processor.py:753} INFO - DAG(s) dict_keys(['example_skip_dag']) retrieved from /home/airflow/.local/lib/python3.7/site-packages/airflow/example_dags/example_skip_dag.py
[2023-11-03T07:12:34.587+0000] {logging_mixin.py:137} INFO - [2023-11-03T07:12:34.587+0000] {dag.py:2690} INFO - Sync 1 DAGs
[2023-11-03T07:12:34.600+0000] {logging_mixin.py:137} INFO - [2023-11-03T07:12:34.599+0000] {dag.py:3441} INFO - Setting next_dagrun for example_skip_dag to 2023-11-02T07:12:34.599804+00:00, run_after=2023-11-03T07:12:34.599804+00:00
[2023-11-03T07:12:34.609+0000] {processor.py:175} INFO - Processing /home/airflow/.local/lib/python3.7/site-packages/airflow/example_dags/example_skip_dag.py took 0.049 seconds
[2023-11-03T08:35:16.895+0000] {processor.py:153} INFO - Started process (PID=26443) to work on /home/airflow/.local/lib/python3.7/site-packages/airflow/example_dags/example_skip_dag.py
[2023-11-03T08:35:16.895+0000] {processor.py:743} INFO - Processing file /home/airflow/.local/lib/python3.7/site-packages/airflow/example_dags/example_skip_dag.py for tasks to queue
[2023-11-03T08:35:16.896+0000] {logging_mixin.py:137} INFO - [2023-11-03T08:35:16.896+0000] {dagbag.py:538} INFO - Filling up the DagBag from /home/airflow/.local/lib/python3.7/site-packages/airflow/example_dags/example_skip_dag.py
[2023-11-03T08:35:16.906+0000] {processor.py:753} INFO - DAG(s) dict_keys(['example_skip_dag']) retrieved from /home/airflow/.local/lib/python3.7/site-packages/airflow/example_dags/example_skip_dag.py
[2023-11-03T08:35:16.920+0000] {logging_mixin.py:137} INFO - [2023-11-03T08:35:16.920+0000] {dag.py:2690} INFO - Sync 1 DAGs
[2023-11-03T08:35:16.933+0000] {logging_mixin.py:137} INFO - [2023-11-03T08:35:16.933+0000] {dag.py:3441} INFO - Setting next_dagrun for example_skip_dag to 2023-11-02T08:35:16.932880+00:00, run_after=2023-11-03T08:35:16.932880+00:00
[2023-11-03T08:35:16.942+0000] {processor.py:175} INFO - Processing /home/airflow/.local/lib/python3.7/site-packages/airflow/example_dags/example_skip_dag.py took 0.049 seconds
[2023-11-03T09:56:13.215+0000] {processor.py:153} INFO - Started process (PID=26520) to work on /home/airflow/.local/lib/python3.7/site-packages/airflow/example_dags/example_skip_dag.py
[2023-11-03T09:56:13.216+0000] {processor.py:743} INFO - Processing file /home/airflow/.local/lib/python3.7/site-packages/airflow/example_dags/example_skip_dag.py for tasks to queue
[2023-11-03T09:56:13.216+0000] {logging_mixin.py:137} INFO - [2023-11-03T09:56:13.216+0000] {dagbag.py:538} INFO - Filling up the DagBag from /home/airflow/.local/lib/python3.7/site-packages/airflow/example_dags/example_skip_dag.py
[2023-11-03T09:56:13.226+0000] {processor.py:753} INFO - DAG(s) dict_keys(['example_skip_dag']) retrieved from /home/airflow/.local/lib/python3.7/site-packages/airflow/example_dags/example_skip_dag.py
[2023-11-03T09:56:13.238+0000] {logging_mixin.py:137} INFO - [2023-11-03T09:56:13.238+0000] {dag.py:2690} INFO - Sync 1 DAGs
[2023-11-03T09:56:13.251+0000] {logging_mixin.py:137} INFO - [2023-11-03T09:56:13.251+0000] {dag.py:3441} INFO - Setting next_dagrun for example_skip_dag to 2023-11-02T09:56:13.250904+00:00, run_after=2023-11-03T09:56:13.250904+00:00
[2023-11-03T09:56:13.259+0000] {processor.py:175} INFO - Processing /home/airflow/.local/lib/python3.7/site-packages/airflow/example_dags/example_skip_dag.py took 0.045 seconds
[2023-11-03T11:19:38.680+0000] {processor.py:153} INFO - Started process (PID=26615) to work on /home/airflow/.local/lib/python3.7/site-packages/airflow/example_dags/example_skip_dag.py
[2023-11-03T11:19:38.680+0000] {processor.py:743} INFO - Processing file /home/airflow/.local/lib/python3.7/site-packages/airflow/example_dags/example_skip_dag.py for tasks to queue
[2023-11-03T11:19:38.681+0000] {logging_mixin.py:137} INFO - [2023-11-03T11:19:38.681+0000] {dagbag.py:538} INFO - Filling up the DagBag from /home/airflow/.local/lib/python3.7/site-packages/airflow/example_dags/example_skip_dag.py
[2023-11-03T11:19:38.691+0000] {processor.py:753} INFO - DAG(s) dict_keys(['example_skip_dag']) retrieved from /home/airflow/.local/lib/python3.7/site-packages/airflow/example_dags/example_skip_dag.py
[2023-11-03T11:19:38.705+0000] {logging_mixin.py:137} INFO - [2023-11-03T11:19:38.704+0000] {dag.py:2690} INFO - Sync 1 DAGs
[2023-11-03T11:19:38.717+0000] {logging_mixin.py:137} INFO - [2023-11-03T11:19:38.717+0000] {dag.py:3441} INFO - Setting next_dagrun for example_skip_dag to 2023-11-02T11:19:38.716951+00:00, run_after=2023-11-03T11:19:38.716951+00:00
[2023-11-03T11:19:38.725+0000] {processor.py:175} INFO - Processing /home/airflow/.local/lib/python3.7/site-packages/airflow/example_dags/example_skip_dag.py took 0.048 seconds
[2023-11-03T12:43:39.111+0000] {processor.py:153} INFO - Started process (PID=26710) to work on /home/airflow/.local/lib/python3.7/site-packages/airflow/example_dags/example_skip_dag.py
[2023-11-03T12:43:39.111+0000] {processor.py:743} INFO - Processing file /home/airflow/.local/lib/python3.7/site-packages/airflow/example_dags/example_skip_dag.py for tasks to queue
[2023-11-03T12:43:39.112+0000] {logging_mixin.py:137} INFO - [2023-11-03T12:43:39.112+0000] {dagbag.py:538} INFO - Filling up the DagBag from /home/airflow/.local/lib/python3.7/site-packages/airflow/example_dags/example_skip_dag.py
[2023-11-03T12:43:39.122+0000] {processor.py:753} INFO - DAG(s) dict_keys(['example_skip_dag']) retrieved from /home/airflow/.local/lib/python3.7/site-packages/airflow/example_dags/example_skip_dag.py
[2023-11-03T12:43:39.136+0000] {logging_mixin.py:137} INFO - [2023-11-03T12:43:39.136+0000] {dag.py:2690} INFO - Sync 1 DAGs
[2023-11-03T12:43:39.148+0000] {logging_mixin.py:137} INFO - [2023-11-03T12:43:39.148+0000] {dag.py:3441} INFO - Setting next_dagrun for example_skip_dag to 2023-11-02T12:43:39.148474+00:00, run_after=2023-11-03T12:43:39.148474+00:00
[2023-11-03T12:43:39.157+0000] {processor.py:175} INFO - Processing /home/airflow/.local/lib/python3.7/site-packages/airflow/example_dags/example_skip_dag.py took 0.048 seconds
[2023-11-03T13:54:00.000+0000] {processor.py:153} INFO - Started process (PID=26787) to work on /home/airflow/.local/lib/python3.7/site-packages/airflow/example_dags/example_skip_dag.py
[2023-11-03T13:54:00.000+0000] {processor.py:743} INFO - Processing file /home/airflow/.local/lib/python3.7/site-packages/airflow/example_dags/example_skip_dag.py for tasks to queue
[2023-11-03T13:54:00.001+0000] {logging_mixin.py:137} INFO - [2023-11-03T13:54:00.001+0000] {dagbag.py:538} INFO - Filling up the DagBag from /home/airflow/.local/lib/python3.7/site-packages/airflow/example_dags/example_skip_dag.py
[2023-11-03T13:54:00.011+0000] {processor.py:753} INFO - DAG(s) dict_keys(['example_skip_dag']) retrieved from /home/airflow/.local/lib/python3.7/site-packages/airflow/example_dags/example_skip_dag.py
[2023-11-03T13:54:00.024+0000] {logging_mixin.py:137} INFO - [2023-11-03T13:54:00.024+0000] {dag.py:2690} INFO - Sync 1 DAGs
[2023-11-03T13:54:00.037+0000] {logging_mixin.py:137} INFO - [2023-11-03T13:54:00.037+0000] {dag.py:3441} INFO - Setting next_dagrun for example_skip_dag to 2023-11-02T13:54:00.037699+00:00, run_after=2023-11-03T13:54:00.037699+00:00
[2023-11-03T13:54:00.046+0000] {processor.py:175} INFO - Processing /home/airflow/.local/lib/python3.7/site-packages/airflow/example_dags/example_skip_dag.py took 0.049 seconds
[2023-11-03T15:13:31.525+0000] {processor.py:153} INFO - Started process (PID=26882) to work on /home/airflow/.local/lib/python3.7/site-packages/airflow/example_dags/example_skip_dag.py
[2023-11-03T15:13:31.525+0000] {processor.py:743} INFO - Processing file /home/airflow/.local/lib/python3.7/site-packages/airflow/example_dags/example_skip_dag.py for tasks to queue
[2023-11-03T15:13:31.526+0000] {logging_mixin.py:137} INFO - [2023-11-03T15:13:31.526+0000] {dagbag.py:538} INFO - Filling up the DagBag from /home/airflow/.local/lib/python3.7/site-packages/airflow/example_dags/example_skip_dag.py
[2023-11-03T15:13:31.535+0000] {processor.py:753} INFO - DAG(s) dict_keys(['example_skip_dag']) retrieved from /home/airflow/.local/lib/python3.7/site-packages/airflow/example_dags/example_skip_dag.py
[2023-11-03T15:13:31.548+0000] {logging_mixin.py:137} INFO - [2023-11-03T15:13:31.548+0000] {dag.py:2690} INFO - Sync 1 DAGs
[2023-11-03T15:13:31.560+0000] {logging_mixin.py:137} INFO - [2023-11-03T15:13:31.560+0000] {dag.py:3441} INFO - Setting next_dagrun for example_skip_dag to 2023-11-02T15:13:31.560482+00:00, run_after=2023-11-03T15:13:31.560482+00:00
[2023-11-03T15:13:31.570+0000] {processor.py:175} INFO - Processing /home/airflow/.local/lib/python3.7/site-packages/airflow/example_dags/example_skip_dag.py took 0.047 seconds
[2023-11-03T16:13:36.490+0000] {processor.py:153} INFO - Started process (PID=26959) to work on /home/airflow/.local/lib/python3.7/site-packages/airflow/example_dags/example_skip_dag.py
[2023-11-03T16:13:36.491+0000] {processor.py:743} INFO - Processing file /home/airflow/.local/lib/python3.7/site-packages/airflow/example_dags/example_skip_dag.py for tasks to queue
[2023-11-03T16:13:36.491+0000] {logging_mixin.py:137} INFO - [2023-11-03T16:13:36.491+0000] {dagbag.py:538} INFO - Filling up the DagBag from /home/airflow/.local/lib/python3.7/site-packages/airflow/example_dags/example_skip_dag.py
[2023-11-03T16:13:36.500+0000] {processor.py:753} INFO - DAG(s) dict_keys(['example_skip_dag']) retrieved from /home/airflow/.local/lib/python3.7/site-packages/airflow/example_dags/example_skip_dag.py
[2023-11-03T16:13:36.514+0000] {logging_mixin.py:137} INFO - [2023-11-03T16:13:36.514+0000] {dag.py:2690} INFO - Sync 1 DAGs
[2023-11-03T16:13:36.526+0000] {logging_mixin.py:137} INFO - [2023-11-03T16:13:36.526+0000] {dag.py:3441} INFO - Setting next_dagrun for example_skip_dag to 2023-11-02T16:13:36.526203+00:00, run_after=2023-11-03T16:13:36.526203+00:00
[2023-11-03T16:13:36.534+0000] {processor.py:175} INFO - Processing /home/airflow/.local/lib/python3.7/site-packages/airflow/example_dags/example_skip_dag.py took 0.046 seconds
[2023-11-03T17:35:16.844+0000] {processor.py:153} INFO - Started process (PID=27055) to work on /home/airflow/.local/lib/python3.7/site-packages/airflow/example_dags/example_skip_dag.py
[2023-11-03T17:35:16.845+0000] {processor.py:743} INFO - Processing file /home/airflow/.local/lib/python3.7/site-packages/airflow/example_dags/example_skip_dag.py for tasks to queue
[2023-11-03T17:35:16.845+0000] {logging_mixin.py:137} INFO - [2023-11-03T17:35:16.845+0000] {dagbag.py:538} INFO - Filling up the DagBag from /home/airflow/.local/lib/python3.7/site-packages/airflow/example_dags/example_skip_dag.py
[2023-11-03T17:35:16.856+0000] {processor.py:753} INFO - DAG(s) dict_keys(['example_skip_dag']) retrieved from /home/airflow/.local/lib/python3.7/site-packages/airflow/example_dags/example_skip_dag.py
[2023-11-03T17:35:16.870+0000] {logging_mixin.py:137} INFO - [2023-11-03T17:35:16.870+0000] {dag.py:2690} INFO - Sync 1 DAGs
[2023-11-03T17:35:16.885+0000] {logging_mixin.py:137} INFO - [2023-11-03T17:35:16.885+0000] {dag.py:3441} INFO - Setting next_dagrun for example_skip_dag to 2023-11-02T17:35:16.885338+00:00, run_after=2023-11-03T17:35:16.885338+00:00
[2023-11-03T17:35:16.897+0000] {processor.py:175} INFO - Processing /home/airflow/.local/lib/python3.7/site-packages/airflow/example_dags/example_skip_dag.py took 0.055 seconds
[2023-11-03T18:56:13.118+0000] {processor.py:153} INFO - Started process (PID=27150) to work on /home/airflow/.local/lib/python3.7/site-packages/airflow/example_dags/example_skip_dag.py
[2023-11-03T18:56:13.119+0000] {processor.py:743} INFO - Processing file /home/airflow/.local/lib/python3.7/site-packages/airflow/example_dags/example_skip_dag.py for tasks to queue
[2023-11-03T18:56:13.119+0000] {logging_mixin.py:137} INFO - [2023-11-03T18:56:13.119+0000] {dagbag.py:538} INFO - Filling up the DagBag from /home/airflow/.local/lib/python3.7/site-packages/airflow/example_dags/example_skip_dag.py
[2023-11-03T18:56:13.128+0000] {processor.py:753} INFO - DAG(s) dict_keys(['example_skip_dag']) retrieved from /home/airflow/.local/lib/python3.7/site-packages/airflow/example_dags/example_skip_dag.py
[2023-11-03T18:56:13.141+0000] {logging_mixin.py:137} INFO - [2023-11-03T18:56:13.141+0000] {dag.py:2690} INFO - Sync 1 DAGs
[2023-11-03T18:56:13.153+0000] {logging_mixin.py:137} INFO - [2023-11-03T18:56:13.153+0000] {dag.py:3441} INFO - Setting next_dagrun for example_skip_dag to 2023-11-02T18:56:13.153346+00:00, run_after=2023-11-03T18:56:13.153346+00:00
[2023-11-03T18:56:13.161+0000] {processor.py:175} INFO - Processing /home/airflow/.local/lib/python3.7/site-packages/airflow/example_dags/example_skip_dag.py took 0.045 seconds
[2023-11-03T20:19:45.697+0000] {processor.py:153} INFO - Started process (PID=27227) to work on /home/airflow/.local/lib/python3.7/site-packages/airflow/example_dags/example_skip_dag.py
[2023-11-03T20:19:45.698+0000] {processor.py:743} INFO - Processing file /home/airflow/.local/lib/python3.7/site-packages/airflow/example_dags/example_skip_dag.py for tasks to queue
[2023-11-03T20:19:45.698+0000] {logging_mixin.py:137} INFO - [2023-11-03T20:19:45.698+0000] {dagbag.py:538} INFO - Filling up the DagBag from /home/airflow/.local/lib/python3.7/site-packages/airflow/example_dags/example_skip_dag.py
[2023-11-03T20:19:45.708+0000] {processor.py:753} INFO - DAG(s) dict_keys(['example_skip_dag']) retrieved from /home/airflow/.local/lib/python3.7/site-packages/airflow/example_dags/example_skip_dag.py
[2023-11-03T20:19:45.721+0000] {logging_mixin.py:137} INFO - [2023-11-03T20:19:45.721+0000] {dag.py:2690} INFO - Sync 1 DAGs
[2023-11-03T20:19:45.733+0000] {logging_mixin.py:137} INFO - [2023-11-03T20:19:45.733+0000] {dag.py:3441} INFO - Setting next_dagrun for example_skip_dag to 2023-11-02T20:19:45.732921+00:00, run_after=2023-11-03T20:19:45.732921+00:00
[2023-11-03T20:19:45.741+0000] {processor.py:175} INFO - Processing /home/airflow/.local/lib/python3.7/site-packages/airflow/example_dags/example_skip_dag.py took 0.046 seconds
[2023-11-03T21:36:44.982+0000] {processor.py:153} INFO - Started process (PID=27322) to work on /home/airflow/.local/lib/python3.7/site-packages/airflow/example_dags/example_skip_dag.py
[2023-11-03T21:36:44.983+0000] {processor.py:743} INFO - Processing file /home/airflow/.local/lib/python3.7/site-packages/airflow/example_dags/example_skip_dag.py for tasks to queue
[2023-11-03T21:36:44.984+0000] {logging_mixin.py:137} INFO - [2023-11-03T21:36:44.984+0000] {dagbag.py:538} INFO - Filling up the DagBag from /home/airflow/.local/lib/python3.7/site-packages/airflow/example_dags/example_skip_dag.py
[2023-11-03T21:36:45.007+0000] {processor.py:753} INFO - DAG(s) dict_keys(['example_skip_dag']) retrieved from /home/airflow/.local/lib/python3.7/site-packages/airflow/example_dags/example_skip_dag.py
[2023-11-03T21:36:45.035+0000] {logging_mixin.py:137} INFO - [2023-11-03T21:36:45.035+0000] {dag.py:2690} INFO - Sync 1 DAGs
[2023-11-03T21:36:45.066+0000] {logging_mixin.py:137} INFO - [2023-11-03T21:36:45.066+0000] {dag.py:3441} INFO - Setting next_dagrun for example_skip_dag to 2023-11-02T21:36:45.066683+00:00, run_after=2023-11-03T21:36:45.066683+00:00
[2023-11-03T21:36:45.085+0000] {processor.py:175} INFO - Processing /home/airflow/.local/lib/python3.7/site-packages/airflow/example_dags/example_skip_dag.py took 0.106 seconds
[2023-11-03T22:41:11.379+0000] {processor.py:153} INFO - Started process (PID=27417) to work on /home/airflow/.local/lib/python3.7/site-packages/airflow/example_dags/example_skip_dag.py
[2023-11-03T22:41:11.379+0000] {processor.py:743} INFO - Processing file /home/airflow/.local/lib/python3.7/site-packages/airflow/example_dags/example_skip_dag.py for tasks to queue
[2023-11-03T22:41:11.380+0000] {logging_mixin.py:137} INFO - [2023-11-03T22:41:11.380+0000] {dagbag.py:538} INFO - Filling up the DagBag from /home/airflow/.local/lib/python3.7/site-packages/airflow/example_dags/example_skip_dag.py
[2023-11-03T22:41:11.389+0000] {processor.py:753} INFO - DAG(s) dict_keys(['example_skip_dag']) retrieved from /home/airflow/.local/lib/python3.7/site-packages/airflow/example_dags/example_skip_dag.py
[2023-11-03T22:41:11.402+0000] {logging_mixin.py:137} INFO - [2023-11-03T22:41:11.402+0000] {dag.py:2690} INFO - Sync 1 DAGs
[2023-11-03T22:41:11.414+0000] {logging_mixin.py:137} INFO - [2023-11-03T22:41:11.414+0000] {dag.py:3441} INFO - Setting next_dagrun for example_skip_dag to 2023-11-02T22:41:11.414655+00:00, run_after=2023-11-03T22:41:11.414655+00:00
[2023-11-03T22:41:11.423+0000] {processor.py:175} INFO - Processing /home/airflow/.local/lib/python3.7/site-packages/airflow/example_dags/example_skip_dag.py took 0.047 seconds
