[2023-11-03T00:16:22.566+0000] {processor.py:153} INFO - Started process (PID=25887) to work on /home/airflow/.local/lib/python3.7/site-packages/airflow/example_dags/example_latest_only_with_trigger.py
[2023-11-03T00:16:22.567+0000] {processor.py:743} INFO - Processing file /home/airflow/.local/lib/python3.7/site-packages/airflow/example_dags/example_latest_only_with_trigger.py for tasks to queue
[2023-11-03T00:16:22.567+0000] {logging_mixin.py:137} INFO - [2023-11-03T00:16:22.567+0000] {dagbag.py:538} INFO - Filling up the DagBag from /home/airflow/.local/lib/python3.7/site-packages/airflow/example_dags/example_latest_only_with_trigger.py
[2023-11-03T00:16:22.578+0000] {processor.py:753} INFO - DAG(s) dict_keys(['latest_only_with_trigger']) retrieved from /home/airflow/.local/lib/python3.7/site-packages/airflow/example_dags/example_latest_only_with_trigger.py
[2023-11-03T00:16:22.598+0000] {logging_mixin.py:137} INFO - [2023-11-03T00:16:22.598+0000] {dag.py:2690} INFO - Sync 1 DAGs
[2023-11-03T00:16:22.614+0000] {logging_mixin.py:137} INFO - [2023-11-03T00:16:22.614+0000] {dag.py:3441} INFO - Setting next_dagrun for latest_only_with_trigger to 2023-11-02T20:16:22.614368+00:00, run_after=2023-11-03T00:16:22.614368+00:00
[2023-11-03T00:16:22.627+0000] {processor.py:175} INFO - Processing /home/airflow/.local/lib/python3.7/site-packages/airflow/example_dags/example_latest_only_with_trigger.py took 0.063 seconds
[2023-11-03T01:38:30.409+0000] {processor.py:153} INFO - Started process (PID=25964) to work on /home/airflow/.local/lib/python3.7/site-packages/airflow/example_dags/example_latest_only_with_trigger.py
[2023-11-03T01:38:30.410+0000] {processor.py:743} INFO - Processing file /home/airflow/.local/lib/python3.7/site-packages/airflow/example_dags/example_latest_only_with_trigger.py for tasks to queue
[2023-11-03T01:38:30.410+0000] {logging_mixin.py:137} INFO - [2023-11-03T01:38:30.410+0000] {dagbag.py:538} INFO - Filling up the DagBag from /home/airflow/.local/lib/python3.7/site-packages/airflow/example_dags/example_latest_only_with_trigger.py
[2023-11-03T01:38:30.420+0000] {processor.py:753} INFO - DAG(s) dict_keys(['latest_only_with_trigger']) retrieved from /home/airflow/.local/lib/python3.7/site-packages/airflow/example_dags/example_latest_only_with_trigger.py
[2023-11-03T01:38:30.433+0000] {logging_mixin.py:137} INFO - [2023-11-03T01:38:30.433+0000] {dag.py:2690} INFO - Sync 1 DAGs
[2023-11-03T01:38:30.445+0000] {logging_mixin.py:137} INFO - [2023-11-03T01:38:30.445+0000] {dag.py:3441} INFO - Setting next_dagrun for latest_only_with_trigger to 2023-11-02T21:38:30.444484+00:00, run_after=2023-11-03T01:38:30.444484+00:00
[2023-11-03T01:38:30.453+0000] {processor.py:175} INFO - Processing /home/airflow/.local/lib/python3.7/site-packages/airflow/example_dags/example_latest_only_with_trigger.py took 0.045 seconds
[2023-11-03T03:02:22.850+0000] {processor.py:153} INFO - Started process (PID=26059) to work on /home/airflow/.local/lib/python3.7/site-packages/airflow/example_dags/example_latest_only_with_trigger.py
[2023-11-03T03:02:22.851+0000] {processor.py:743} INFO - Processing file /home/airflow/.local/lib/python3.7/site-packages/airflow/example_dags/example_latest_only_with_trigger.py for tasks to queue
[2023-11-03T03:02:22.852+0000] {logging_mixin.py:137} INFO - [2023-11-03T03:02:22.852+0000] {dagbag.py:538} INFO - Filling up the DagBag from /home/airflow/.local/lib/python3.7/site-packages/airflow/example_dags/example_latest_only_with_trigger.py
[2023-11-03T03:02:22.865+0000] {processor.py:753} INFO - DAG(s) dict_keys(['latest_only_with_trigger']) retrieved from /home/airflow/.local/lib/python3.7/site-packages/airflow/example_dags/example_latest_only_with_trigger.py
[2023-11-03T03:02:22.885+0000] {logging_mixin.py:137} INFO - [2023-11-03T03:02:22.885+0000] {dag.py:2690} INFO - Sync 1 DAGs
[2023-11-03T03:02:22.905+0000] {logging_mixin.py:137} INFO - [2023-11-03T03:02:22.905+0000] {dag.py:3441} INFO - Setting next_dagrun for latest_only_with_trigger to 2023-11-02T23:02:22.904723+00:00, run_after=2023-11-03T03:02:22.904723+00:00
[2023-11-03T03:02:22.918+0000] {processor.py:175} INFO - Processing /home/airflow/.local/lib/python3.7/site-packages/airflow/example_dags/example_latest_only_with_trigger.py took 0.071 seconds
[2023-11-03T04:23:54.260+0000] {processor.py:153} INFO - Started process (PID=26154) to work on /home/airflow/.local/lib/python3.7/site-packages/airflow/example_dags/example_latest_only_with_trigger.py
[2023-11-03T04:23:54.261+0000] {processor.py:743} INFO - Processing file /home/airflow/.local/lib/python3.7/site-packages/airflow/example_dags/example_latest_only_with_trigger.py for tasks to queue
[2023-11-03T04:23:54.261+0000] {logging_mixin.py:137} INFO - [2023-11-03T04:23:54.261+0000] {dagbag.py:538} INFO - Filling up the DagBag from /home/airflow/.local/lib/python3.7/site-packages/airflow/example_dags/example_latest_only_with_trigger.py
[2023-11-03T04:23:54.273+0000] {processor.py:753} INFO - DAG(s) dict_keys(['latest_only_with_trigger']) retrieved from /home/airflow/.local/lib/python3.7/site-packages/airflow/example_dags/example_latest_only_with_trigger.py
[2023-11-03T04:23:54.288+0000] {logging_mixin.py:137} INFO - [2023-11-03T04:23:54.288+0000] {dag.py:2690} INFO - Sync 1 DAGs
[2023-11-03T04:23:54.299+0000] {logging_mixin.py:137} INFO - [2023-11-03T04:23:54.299+0000] {dag.py:3441} INFO - Setting next_dagrun for latest_only_with_trigger to 2023-11-03T00:23:54.299476+00:00, run_after=2023-11-03T04:23:54.299476+00:00
[2023-11-03T04:23:54.307+0000] {processor.py:175} INFO - Processing /home/airflow/.local/lib/python3.7/site-packages/airflow/example_dags/example_latest_only_with_trigger.py took 0.049 seconds
[2023-11-03T05:44:48.427+0000] {processor.py:153} INFO - Started process (PID=26231) to work on /home/airflow/.local/lib/python3.7/site-packages/airflow/example_dags/example_latest_only_with_trigger.py
[2023-11-03T05:44:48.427+0000] {processor.py:743} INFO - Processing file /home/airflow/.local/lib/python3.7/site-packages/airflow/example_dags/example_latest_only_with_trigger.py for tasks to queue
[2023-11-03T05:44:48.428+0000] {logging_mixin.py:137} INFO - [2023-11-03T05:44:48.428+0000] {dagbag.py:538} INFO - Filling up the DagBag from /home/airflow/.local/lib/python3.7/site-packages/airflow/example_dags/example_latest_only_with_trigger.py
[2023-11-03T05:44:48.437+0000] {processor.py:753} INFO - DAG(s) dict_keys(['latest_only_with_trigger']) retrieved from /home/airflow/.local/lib/python3.7/site-packages/airflow/example_dags/example_latest_only_with_trigger.py
[2023-11-03T05:44:48.451+0000] {logging_mixin.py:137} INFO - [2023-11-03T05:44:48.451+0000] {dag.py:2690} INFO - Sync 1 DAGs
[2023-11-03T05:44:48.463+0000] {logging_mixin.py:137} INFO - [2023-11-03T05:44:48.463+0000] {dag.py:3441} INFO - Setting next_dagrun for latest_only_with_trigger to 2023-11-03T01:44:48.463347+00:00, run_after=2023-11-03T05:44:48.463347+00:00
[2023-11-03T05:44:48.471+0000] {processor.py:175} INFO - Processing /home/airflow/.local/lib/python3.7/site-packages/airflow/example_dags/example_latest_only_with_trigger.py took 0.047 seconds
[2023-11-03T07:12:33.788+0000] {processor.py:153} INFO - Started process (PID=26326) to work on /home/airflow/.local/lib/python3.7/site-packages/airflow/example_dags/example_latest_only_with_trigger.py
[2023-11-03T07:12:33.789+0000] {processor.py:743} INFO - Processing file /home/airflow/.local/lib/python3.7/site-packages/airflow/example_dags/example_latest_only_with_trigger.py for tasks to queue
[2023-11-03T07:12:33.790+0000] {logging_mixin.py:137} INFO - [2023-11-03T07:12:33.790+0000] {dagbag.py:538} INFO - Filling up the DagBag from /home/airflow/.local/lib/python3.7/site-packages/airflow/example_dags/example_latest_only_with_trigger.py
[2023-11-03T07:12:33.809+0000] {processor.py:753} INFO - DAG(s) dict_keys(['latest_only_with_trigger']) retrieved from /home/airflow/.local/lib/python3.7/site-packages/airflow/example_dags/example_latest_only_with_trigger.py
[2023-11-03T07:12:33.828+0000] {logging_mixin.py:137} INFO - [2023-11-03T07:12:33.828+0000] {dag.py:2690} INFO - Sync 1 DAGs
[2023-11-03T07:12:33.841+0000] {logging_mixin.py:137} INFO - [2023-11-03T07:12:33.841+0000] {dag.py:3441} INFO - Setting next_dagrun for latest_only_with_trigger to 2023-11-03T03:12:33.841456+00:00, run_after=2023-11-03T07:12:33.841456+00:00
[2023-11-03T07:12:33.851+0000] {processor.py:175} INFO - Processing /home/airflow/.local/lib/python3.7/site-packages/airflow/example_dags/example_latest_only_with_trigger.py took 0.068 seconds
[2023-11-03T08:35:15.947+0000] {processor.py:153} INFO - Started process (PID=26422) to work on /home/airflow/.local/lib/python3.7/site-packages/airflow/example_dags/example_latest_only_with_trigger.py
[2023-11-03T08:35:15.947+0000] {processor.py:743} INFO - Processing file /home/airflow/.local/lib/python3.7/site-packages/airflow/example_dags/example_latest_only_with_trigger.py for tasks to queue
[2023-11-03T08:35:15.948+0000] {logging_mixin.py:137} INFO - [2023-11-03T08:35:15.948+0000] {dagbag.py:538} INFO - Filling up the DagBag from /home/airflow/.local/lib/python3.7/site-packages/airflow/example_dags/example_latest_only_with_trigger.py
[2023-11-03T08:35:15.958+0000] {processor.py:753} INFO - DAG(s) dict_keys(['latest_only_with_trigger']) retrieved from /home/airflow/.local/lib/python3.7/site-packages/airflow/example_dags/example_latest_only_with_trigger.py
[2023-11-03T08:35:15.977+0000] {logging_mixin.py:137} INFO - [2023-11-03T08:35:15.977+0000] {dag.py:2690} INFO - Sync 1 DAGs
[2023-11-03T08:35:15.994+0000] {logging_mixin.py:137} INFO - [2023-11-03T08:35:15.994+0000] {dag.py:3441} INFO - Setting next_dagrun for latest_only_with_trigger to 2023-11-03T04:35:15.994362+00:00, run_after=2023-11-03T08:35:15.994362+00:00
[2023-11-03T08:35:16.005+0000] {processor.py:175} INFO - Processing /home/airflow/.local/lib/python3.7/site-packages/airflow/example_dags/example_latest_only_with_trigger.py took 0.061 seconds
[2023-11-03T09:56:12.376+0000] {processor.py:153} INFO - Started process (PID=26499) to work on /home/airflow/.local/lib/python3.7/site-packages/airflow/example_dags/example_latest_only_with_trigger.py
[2023-11-03T09:56:12.377+0000] {processor.py:743} INFO - Processing file /home/airflow/.local/lib/python3.7/site-packages/airflow/example_dags/example_latest_only_with_trigger.py for tasks to queue
[2023-11-03T09:56:12.378+0000] {logging_mixin.py:137} INFO - [2023-11-03T09:56:12.378+0000] {dagbag.py:538} INFO - Filling up the DagBag from /home/airflow/.local/lib/python3.7/site-packages/airflow/example_dags/example_latest_only_with_trigger.py
[2023-11-03T09:56:12.395+0000] {processor.py:753} INFO - DAG(s) dict_keys(['latest_only_with_trigger']) retrieved from /home/airflow/.local/lib/python3.7/site-packages/airflow/example_dags/example_latest_only_with_trigger.py
[2023-11-03T09:56:12.419+0000] {logging_mixin.py:137} INFO - [2023-11-03T09:56:12.418+0000] {dag.py:2690} INFO - Sync 1 DAGs
[2023-11-03T09:56:12.439+0000] {logging_mixin.py:137} INFO - [2023-11-03T09:56:12.439+0000] {dag.py:3441} INFO - Setting next_dagrun for latest_only_with_trigger to 2023-11-03T05:56:12.438262+00:00, run_after=2023-11-03T09:56:12.438262+00:00
[2023-11-03T09:56:12.450+0000] {processor.py:175} INFO - Processing /home/airflow/.local/lib/python3.7/site-packages/airflow/example_dags/example_latest_only_with_trigger.py took 0.079 seconds
[2023-11-03T11:19:37.856+0000] {processor.py:153} INFO - Started process (PID=26594) to work on /home/airflow/.local/lib/python3.7/site-packages/airflow/example_dags/example_latest_only_with_trigger.py
[2023-11-03T11:19:37.856+0000] {processor.py:743} INFO - Processing file /home/airflow/.local/lib/python3.7/site-packages/airflow/example_dags/example_latest_only_with_trigger.py for tasks to queue
[2023-11-03T11:19:37.857+0000] {logging_mixin.py:137} INFO - [2023-11-03T11:19:37.857+0000] {dagbag.py:538} INFO - Filling up the DagBag from /home/airflow/.local/lib/python3.7/site-packages/airflow/example_dags/example_latest_only_with_trigger.py
[2023-11-03T11:19:37.867+0000] {processor.py:753} INFO - DAG(s) dict_keys(['latest_only_with_trigger']) retrieved from /home/airflow/.local/lib/python3.7/site-packages/airflow/example_dags/example_latest_only_with_trigger.py
[2023-11-03T11:19:37.881+0000] {logging_mixin.py:137} INFO - [2023-11-03T11:19:37.881+0000] {dag.py:2690} INFO - Sync 1 DAGs
[2023-11-03T11:19:37.894+0000] {logging_mixin.py:137} INFO - [2023-11-03T11:19:37.894+0000] {dag.py:3441} INFO - Setting next_dagrun for latest_only_with_trigger to 2023-11-03T07:19:37.894642+00:00, run_after=2023-11-03T11:19:37.894642+00:00
[2023-11-03T11:19:37.903+0000] {processor.py:175} INFO - Processing /home/airflow/.local/lib/python3.7/site-packages/airflow/example_dags/example_latest_only_with_trigger.py took 0.049 seconds
[2023-11-03T12:43:38.289+0000] {processor.py:153} INFO - Started process (PID=26671) to work on /home/airflow/.local/lib/python3.7/site-packages/airflow/example_dags/example_latest_only_with_trigger.py
[2023-11-03T12:43:38.290+0000] {processor.py:743} INFO - Processing file /home/airflow/.local/lib/python3.7/site-packages/airflow/example_dags/example_latest_only_with_trigger.py for tasks to queue
[2023-11-03T12:43:38.290+0000] {logging_mixin.py:137} INFO - [2023-11-03T12:43:38.290+0000] {dagbag.py:538} INFO - Filling up the DagBag from /home/airflow/.local/lib/python3.7/site-packages/airflow/example_dags/example_latest_only_with_trigger.py
[2023-11-03T12:43:38.300+0000] {processor.py:753} INFO - DAG(s) dict_keys(['latest_only_with_trigger']) retrieved from /home/airflow/.local/lib/python3.7/site-packages/airflow/example_dags/example_latest_only_with_trigger.py
[2023-11-03T12:43:38.314+0000] {logging_mixin.py:137} INFO - [2023-11-03T12:43:38.314+0000] {dag.py:2690} INFO - Sync 1 DAGs
[2023-11-03T12:43:38.326+0000] {logging_mixin.py:137} INFO - [2023-11-03T12:43:38.326+0000] {dag.py:3441} INFO - Setting next_dagrun for latest_only_with_trigger to 2023-11-03T08:43:38.325927+00:00, run_after=2023-11-03T12:43:38.325927+00:00
[2023-11-03T12:43:38.334+0000] {processor.py:175} INFO - Processing /home/airflow/.local/lib/python3.7/site-packages/airflow/example_dags/example_latest_only_with_trigger.py took 0.046 seconds
[2023-11-03T13:53:59.048+0000] {processor.py:153} INFO - Started process (PID=26766) to work on /home/airflow/.local/lib/python3.7/site-packages/airflow/example_dags/example_latest_only_with_trigger.py
[2023-11-03T13:53:59.048+0000] {processor.py:743} INFO - Processing file /home/airflow/.local/lib/python3.7/site-packages/airflow/example_dags/example_latest_only_with_trigger.py for tasks to queue
[2023-11-03T13:53:59.048+0000] {logging_mixin.py:137} INFO - [2023-11-03T13:53:59.048+0000] {dagbag.py:538} INFO - Filling up the DagBag from /home/airflow/.local/lib/python3.7/site-packages/airflow/example_dags/example_latest_only_with_trigger.py
[2023-11-03T13:53:59.058+0000] {processor.py:753} INFO - DAG(s) dict_keys(['latest_only_with_trigger']) retrieved from /home/airflow/.local/lib/python3.7/site-packages/airflow/example_dags/example_latest_only_with_trigger.py
[2023-11-03T13:53:59.071+0000] {logging_mixin.py:137} INFO - [2023-11-03T13:53:59.071+0000] {dag.py:2690} INFO - Sync 1 DAGs
[2023-11-03T13:53:59.083+0000] {logging_mixin.py:137} INFO - [2023-11-03T13:53:59.083+0000] {dag.py:3441} INFO - Setting next_dagrun for latest_only_with_trigger to 2023-11-03T09:53:59.082736+00:00, run_after=2023-11-03T13:53:59.082736+00:00
[2023-11-03T13:53:59.091+0000] {processor.py:175} INFO - Processing /home/airflow/.local/lib/python3.7/site-packages/airflow/example_dags/example_latest_only_with_trigger.py took 0.045 seconds
[2023-11-03T15:13:30.746+0000] {processor.py:153} INFO - Started process (PID=26861) to work on /home/airflow/.local/lib/python3.7/site-packages/airflow/example_dags/example_latest_only_with_trigger.py
[2023-11-03T15:13:30.747+0000] {processor.py:743} INFO - Processing file /home/airflow/.local/lib/python3.7/site-packages/airflow/example_dags/example_latest_only_with_trigger.py for tasks to queue
[2023-11-03T15:13:30.747+0000] {logging_mixin.py:137} INFO - [2023-11-03T15:13:30.747+0000] {dagbag.py:538} INFO - Filling up the DagBag from /home/airflow/.local/lib/python3.7/site-packages/airflow/example_dags/example_latest_only_with_trigger.py
[2023-11-03T15:13:30.758+0000] {processor.py:753} INFO - DAG(s) dict_keys(['latest_only_with_trigger']) retrieved from /home/airflow/.local/lib/python3.7/site-packages/airflow/example_dags/example_latest_only_with_trigger.py
[2023-11-03T15:13:30.773+0000] {logging_mixin.py:137} INFO - [2023-11-03T15:13:30.773+0000] {dag.py:2690} INFO - Sync 1 DAGs
[2023-11-03T15:13:30.797+0000] {logging_mixin.py:137} INFO - [2023-11-03T15:13:30.797+0000] {dag.py:3441} INFO - Setting next_dagrun for latest_only_with_trigger to 2023-11-03T11:13:30.797237+00:00, run_after=2023-11-03T15:13:30.797237+00:00
[2023-11-03T15:13:30.816+0000] {processor.py:175} INFO - Processing /home/airflow/.local/lib/python3.7/site-packages/airflow/example_dags/example_latest_only_with_trigger.py took 0.073 seconds
[2023-11-03T16:13:35.541+0000] {processor.py:153} INFO - Started process (PID=26938) to work on /home/airflow/.local/lib/python3.7/site-packages/airflow/example_dags/example_latest_only_with_trigger.py
[2023-11-03T16:13:35.542+0000] {processor.py:743} INFO - Processing file /home/airflow/.local/lib/python3.7/site-packages/airflow/example_dags/example_latest_only_with_trigger.py for tasks to queue
[2023-11-03T16:13:35.542+0000] {logging_mixin.py:137} INFO - [2023-11-03T16:13:35.542+0000] {dagbag.py:538} INFO - Filling up the DagBag from /home/airflow/.local/lib/python3.7/site-packages/airflow/example_dags/example_latest_only_with_trigger.py
[2023-11-03T16:13:35.559+0000] {processor.py:753} INFO - DAG(s) dict_keys(['latest_only_with_trigger']) retrieved from /home/airflow/.local/lib/python3.7/site-packages/airflow/example_dags/example_latest_only_with_trigger.py
[2023-11-03T16:13:35.588+0000] {logging_mixin.py:137} INFO - [2023-11-03T16:13:35.588+0000] {dag.py:2690} INFO - Sync 1 DAGs
[2023-11-03T16:13:35.607+0000] {logging_mixin.py:137} INFO - [2023-11-03T16:13:35.607+0000] {dag.py:3441} INFO - Setting next_dagrun for latest_only_with_trigger to 2023-11-03T12:13:35.607270+00:00, run_after=2023-11-03T16:13:35.607270+00:00
[2023-11-03T16:13:35.621+0000] {processor.py:175} INFO - Processing /home/airflow/.local/lib/python3.7/site-packages/airflow/example_dags/example_latest_only_with_trigger.py took 0.084 seconds
[2023-11-03T17:35:15.380+0000] {processor.py:153} INFO - Started process (PID=27034) to work on /home/airflow/.local/lib/python3.7/site-packages/airflow/example_dags/example_latest_only_with_trigger.py
[2023-11-03T17:35:15.381+0000] {processor.py:743} INFO - Processing file /home/airflow/.local/lib/python3.7/site-packages/airflow/example_dags/example_latest_only_with_trigger.py for tasks to queue
[2023-11-03T17:35:15.381+0000] {logging_mixin.py:137} INFO - [2023-11-03T17:35:15.381+0000] {dagbag.py:538} INFO - Filling up the DagBag from /home/airflow/.local/lib/python3.7/site-packages/airflow/example_dags/example_latest_only_with_trigger.py
[2023-11-03T17:35:15.392+0000] {processor.py:753} INFO - DAG(s) dict_keys(['latest_only_with_trigger']) retrieved from /home/airflow/.local/lib/python3.7/site-packages/airflow/example_dags/example_latest_only_with_trigger.py
[2023-11-03T17:35:15.407+0000] {logging_mixin.py:137} INFO - [2023-11-03T17:35:15.406+0000] {dag.py:2690} INFO - Sync 1 DAGs
[2023-11-03T17:35:15.419+0000] {logging_mixin.py:137} INFO - [2023-11-03T17:35:15.419+0000] {dag.py:3441} INFO - Setting next_dagrun for latest_only_with_trigger to 2023-11-03T13:35:15.418878+00:00, run_after=2023-11-03T17:35:15.418878+00:00
[2023-11-03T17:35:15.429+0000] {processor.py:175} INFO - Processing /home/airflow/.local/lib/python3.7/site-packages/airflow/example_dags/example_latest_only_with_trigger.py took 0.051 seconds
[2023-11-03T18:56:12.170+0000] {processor.py:153} INFO - Started process (PID=27129) to work on /home/airflow/.local/lib/python3.7/site-packages/airflow/example_dags/example_latest_only_with_trigger.py
[2023-11-03T18:56:12.187+0000] {processor.py:743} INFO - Processing file /home/airflow/.local/lib/python3.7/site-packages/airflow/example_dags/example_latest_only_with_trigger.py for tasks to queue
[2023-11-03T18:56:12.194+0000] {logging_mixin.py:137} INFO - [2023-11-03T18:56:12.193+0000] {dagbag.py:538} INFO - Filling up the DagBag from /home/airflow/.local/lib/python3.7/site-packages/airflow/example_dags/example_latest_only_with_trigger.py
[2023-11-03T18:56:12.255+0000] {processor.py:753} INFO - DAG(s) dict_keys(['latest_only_with_trigger']) retrieved from /home/airflow/.local/lib/python3.7/site-packages/airflow/example_dags/example_latest_only_with_trigger.py
[2023-11-03T18:56:12.292+0000] {logging_mixin.py:137} INFO - [2023-11-03T18:56:12.292+0000] {dag.py:2690} INFO - Sync 1 DAGs
[2023-11-03T18:56:12.315+0000] {logging_mixin.py:137} INFO - [2023-11-03T18:56:12.315+0000] {dag.py:3441} INFO - Setting next_dagrun for latest_only_with_trigger to 2023-11-03T14:56:12.315440+00:00, run_after=2023-11-03T18:56:12.315440+00:00
[2023-11-03T18:56:12.330+0000] {processor.py:175} INFO - Processing /home/airflow/.local/lib/python3.7/site-packages/airflow/example_dags/example_latest_only_with_trigger.py took 0.479 seconds
[2023-11-03T20:19:44.982+0000] {processor.py:153} INFO - Started process (PID=27206) to work on /home/airflow/.local/lib/python3.7/site-packages/airflow/example_dags/example_latest_only_with_trigger.py
[2023-11-03T20:19:44.983+0000] {processor.py:743} INFO - Processing file /home/airflow/.local/lib/python3.7/site-packages/airflow/example_dags/example_latest_only_with_trigger.py for tasks to queue
[2023-11-03T20:19:44.983+0000] {logging_mixin.py:137} INFO - [2023-11-03T20:19:44.983+0000] {dagbag.py:538} INFO - Filling up the DagBag from /home/airflow/.local/lib/python3.7/site-packages/airflow/example_dags/example_latest_only_with_trigger.py
[2023-11-03T20:19:44.993+0000] {processor.py:753} INFO - DAG(s) dict_keys(['latest_only_with_trigger']) retrieved from /home/airflow/.local/lib/python3.7/site-packages/airflow/example_dags/example_latest_only_with_trigger.py
[2023-11-03T20:19:45.007+0000] {logging_mixin.py:137} INFO - [2023-11-03T20:19:45.007+0000] {dag.py:2690} INFO - Sync 1 DAGs
[2023-11-03T20:19:45.019+0000] {logging_mixin.py:137} INFO - [2023-11-03T20:19:45.019+0000] {dag.py:3441} INFO - Setting next_dagrun for latest_only_with_trigger to 2023-11-03T16:19:45.018984+00:00, run_after=2023-11-03T20:19:45.018984+00:00
[2023-11-03T20:19:45.027+0000] {processor.py:175} INFO - Processing /home/airflow/.local/lib/python3.7/site-packages/airflow/example_dags/example_latest_only_with_trigger.py took 0.047 seconds
[2023-11-03T21:36:43.770+0000] {processor.py:153} INFO - Started process (PID=27301) to work on /home/airflow/.local/lib/python3.7/site-packages/airflow/example_dags/example_latest_only_with_trigger.py
[2023-11-03T21:36:43.770+0000] {processor.py:743} INFO - Processing file /home/airflow/.local/lib/python3.7/site-packages/airflow/example_dags/example_latest_only_with_trigger.py for tasks to queue
[2023-11-03T21:36:43.771+0000] {logging_mixin.py:137} INFO - [2023-11-03T21:36:43.771+0000] {dagbag.py:538} INFO - Filling up the DagBag from /home/airflow/.local/lib/python3.7/site-packages/airflow/example_dags/example_latest_only_with_trigger.py
[2023-11-03T21:36:43.780+0000] {processor.py:753} INFO - DAG(s) dict_keys(['latest_only_with_trigger']) retrieved from /home/airflow/.local/lib/python3.7/site-packages/airflow/example_dags/example_latest_only_with_trigger.py
[2023-11-03T21:36:43.793+0000] {logging_mixin.py:137} INFO - [2023-11-03T21:36:43.793+0000] {dag.py:2690} INFO - Sync 1 DAGs
[2023-11-03T21:36:43.805+0000] {logging_mixin.py:137} INFO - [2023-11-03T21:36:43.805+0000] {dag.py:3441} INFO - Setting next_dagrun for latest_only_with_trigger to 2023-11-03T17:36:43.804956+00:00, run_after=2023-11-03T21:36:43.804956+00:00
[2023-11-03T21:36:43.814+0000] {processor.py:175} INFO - Processing /home/airflow/.local/lib/python3.7/site-packages/airflow/example_dags/example_latest_only_with_trigger.py took 0.046 seconds
[2023-11-03T22:41:10.487+0000] {processor.py:153} INFO - Started process (PID=27387) to work on /home/airflow/.local/lib/python3.7/site-packages/airflow/example_dags/example_latest_only_with_trigger.py
[2023-11-03T22:41:10.487+0000] {processor.py:743} INFO - Processing file /home/airflow/.local/lib/python3.7/site-packages/airflow/example_dags/example_latest_only_with_trigger.py for tasks to queue
[2023-11-03T22:41:10.488+0000] {logging_mixin.py:137} INFO - [2023-11-03T22:41:10.488+0000] {dagbag.py:538} INFO - Filling up the DagBag from /home/airflow/.local/lib/python3.7/site-packages/airflow/example_dags/example_latest_only_with_trigger.py
[2023-11-03T22:41:10.500+0000] {processor.py:753} INFO - DAG(s) dict_keys(['latest_only_with_trigger']) retrieved from /home/airflow/.local/lib/python3.7/site-packages/airflow/example_dags/example_latest_only_with_trigger.py
[2023-11-03T22:41:10.516+0000] {logging_mixin.py:137} INFO - [2023-11-03T22:41:10.516+0000] {dag.py:2690} INFO - Sync 1 DAGs
[2023-11-03T22:41:10.529+0000] {logging_mixin.py:137} INFO - [2023-11-03T22:41:10.529+0000] {dag.py:3441} INFO - Setting next_dagrun for latest_only_with_trigger to 2023-11-03T18:41:10.529526+00:00, run_after=2023-11-03T22:41:10.529526+00:00
[2023-11-03T22:41:10.539+0000] {processor.py:175} INFO - Processing /home/airflow/.local/lib/python3.7/site-packages/airflow/example_dags/example_latest_only_with_trigger.py took 0.054 seconds
