[2023-10-22T01:17:20.412+0000] {processor.py:153} INFO - Started process (PID=9701) to work on /home/airflow/.local/lib/python3.7/site-packages/airflow/example_dags/example_task_group_decorator.py
[2023-10-22T01:17:20.415+0000] {processor.py:743} INFO - Processing file /home/airflow/.local/lib/python3.7/site-packages/airflow/example_dags/example_task_group_decorator.py for tasks to queue
[2023-10-22T01:17:20.417+0000] {logging_mixin.py:137} INFO - [2023-10-22T01:17:20.417+0000] {dagbag.py:538} INFO - Filling up the DagBag from /home/airflow/.local/lib/python3.7/site-packages/airflow/example_dags/example_task_group_decorator.py
[2023-10-22T01:17:20.464+0000] {processor.py:753} INFO - DAG(s) dict_keys(['example_task_group_decorator']) retrieved from /home/airflow/.local/lib/python3.7/site-packages/airflow/example_dags/example_task_group_decorator.py
[2023-10-22T01:17:20.488+0000] {logging_mixin.py:137} INFO - [2023-10-22T01:17:20.488+0000] {dag.py:2690} INFO - Sync 1 DAGs
[2023-10-22T01:17:20.506+0000] {logging_mixin.py:137} INFO - [2023-10-22T01:17:20.506+0000] {dag.py:3441} INFO - Setting next_dagrun for example_task_group_decorator to 2023-10-21T01:17:20.506316+00:00, run_after=2023-10-22T01:17:20.506316+00:00
[2023-10-22T01:17:20.518+0000] {processor.py:175} INFO - Processing /home/airflow/.local/lib/python3.7/site-packages/airflow/example_dags/example_task_group_decorator.py took 0.110 seconds
[2023-10-22T02:40:00.817+0000] {processor.py:153} INFO - Started process (PID=9777) to work on /home/airflow/.local/lib/python3.7/site-packages/airflow/example_dags/example_task_group_decorator.py
[2023-10-22T02:40:00.817+0000] {processor.py:743} INFO - Processing file /home/airflow/.local/lib/python3.7/site-packages/airflow/example_dags/example_task_group_decorator.py for tasks to queue
[2023-10-22T02:40:00.818+0000] {logging_mixin.py:137} INFO - [2023-10-22T02:40:00.818+0000] {dagbag.py:538} INFO - Filling up the DagBag from /home/airflow/.local/lib/python3.7/site-packages/airflow/example_dags/example_task_group_decorator.py
[2023-10-22T02:40:00.837+0000] {processor.py:753} INFO - DAG(s) dict_keys(['example_task_group_decorator']) retrieved from /home/airflow/.local/lib/python3.7/site-packages/airflow/example_dags/example_task_group_decorator.py
[2023-10-22T02:40:00.858+0000] {logging_mixin.py:137} INFO - [2023-10-22T02:40:00.858+0000] {dag.py:2690} INFO - Sync 1 DAGs
[2023-10-22T02:40:00.876+0000] {logging_mixin.py:137} INFO - [2023-10-22T02:40:00.876+0000] {dag.py:3441} INFO - Setting next_dagrun for example_task_group_decorator to 2023-10-21T02:40:00.875826+00:00, run_after=2023-10-22T02:40:00.875826+00:00
[2023-10-22T02:40:00.888+0000] {processor.py:175} INFO - Processing /home/airflow/.local/lib/python3.7/site-packages/airflow/example_dags/example_task_group_decorator.py took 0.074 seconds
[2023-10-22T03:51:39.084+0000] {processor.py:153} INFO - Started process (PID=9871) to work on /home/airflow/.local/lib/python3.7/site-packages/airflow/example_dags/example_task_group_decorator.py
[2023-10-22T03:51:39.085+0000] {processor.py:743} INFO - Processing file /home/airflow/.local/lib/python3.7/site-packages/airflow/example_dags/example_task_group_decorator.py for tasks to queue
[2023-10-22T03:51:39.086+0000] {logging_mixin.py:137} INFO - [2023-10-22T03:51:39.086+0000] {dagbag.py:538} INFO - Filling up the DagBag from /home/airflow/.local/lib/python3.7/site-packages/airflow/example_dags/example_task_group_decorator.py
[2023-10-22T03:51:39.114+0000] {processor.py:753} INFO - DAG(s) dict_keys(['example_task_group_decorator']) retrieved from /home/airflow/.local/lib/python3.7/site-packages/airflow/example_dags/example_task_group_decorator.py
[2023-10-22T03:51:39.133+0000] {logging_mixin.py:137} INFO - [2023-10-22T03:51:39.133+0000] {dag.py:2690} INFO - Sync 1 DAGs
[2023-10-22T03:51:39.146+0000] {logging_mixin.py:137} INFO - [2023-10-22T03:51:39.146+0000] {dag.py:3441} INFO - Setting next_dagrun for example_task_group_decorator to 2023-10-21T03:51:39.146042+00:00, run_after=2023-10-22T03:51:39.146042+00:00
[2023-10-22T03:51:39.156+0000] {processor.py:175} INFO - Processing /home/airflow/.local/lib/python3.7/site-packages/airflow/example_dags/example_task_group_decorator.py took 0.085 seconds
[2023-10-22T05:13:51.231+0000] {processor.py:153} INFO - Started process (PID=9965) to work on /home/airflow/.local/lib/python3.7/site-packages/airflow/example_dags/example_task_group_decorator.py
[2023-10-22T05:13:51.232+0000] {processor.py:743} INFO - Processing file /home/airflow/.local/lib/python3.7/site-packages/airflow/example_dags/example_task_group_decorator.py for tasks to queue
[2023-10-22T05:13:51.234+0000] {logging_mixin.py:137} INFO - [2023-10-22T05:13:51.234+0000] {dagbag.py:538} INFO - Filling up the DagBag from /home/airflow/.local/lib/python3.7/site-packages/airflow/example_dags/example_task_group_decorator.py
[2023-10-22T05:13:51.266+0000] {processor.py:753} INFO - DAG(s) dict_keys(['example_task_group_decorator']) retrieved from /home/airflow/.local/lib/python3.7/site-packages/airflow/example_dags/example_task_group_decorator.py
[2023-10-22T05:13:51.289+0000] {logging_mixin.py:137} INFO - [2023-10-22T05:13:51.288+0000] {dag.py:2690} INFO - Sync 1 DAGs
[2023-10-22T05:13:51.312+0000] {logging_mixin.py:137} INFO - [2023-10-22T05:13:51.312+0000] {dag.py:3441} INFO - Setting next_dagrun for example_task_group_decorator to 2023-10-21T05:13:51.311790+00:00, run_after=2023-10-22T05:13:51.311790+00:00
[2023-10-22T05:13:51.330+0000] {processor.py:175} INFO - Processing /home/airflow/.local/lib/python3.7/site-packages/airflow/example_dags/example_task_group_decorator.py took 0.104 seconds
[2023-10-22T06:36:47.947+0000] {processor.py:153} INFO - Started process (PID=10041) to work on /home/airflow/.local/lib/python3.7/site-packages/airflow/example_dags/example_task_group_decorator.py
[2023-10-22T06:36:47.948+0000] {processor.py:743} INFO - Processing file /home/airflow/.local/lib/python3.7/site-packages/airflow/example_dags/example_task_group_decorator.py for tasks to queue
[2023-10-22T06:36:47.949+0000] {logging_mixin.py:137} INFO - [2023-10-22T06:36:47.948+0000] {dagbag.py:538} INFO - Filling up the DagBag from /home/airflow/.local/lib/python3.7/site-packages/airflow/example_dags/example_task_group_decorator.py
[2023-10-22T06:36:47.967+0000] {processor.py:753} INFO - DAG(s) dict_keys(['example_task_group_decorator']) retrieved from /home/airflow/.local/lib/python3.7/site-packages/airflow/example_dags/example_task_group_decorator.py
[2023-10-22T06:36:47.986+0000] {logging_mixin.py:137} INFO - [2023-10-22T06:36:47.986+0000] {dag.py:2690} INFO - Sync 1 DAGs
[2023-10-22T06:36:48.000+0000] {logging_mixin.py:137} INFO - [2023-10-22T06:36:48.000+0000] {dag.py:3441} INFO - Setting next_dagrun for example_task_group_decorator to 2023-10-21T06:36:48.000333+00:00, run_after=2023-10-22T06:36:48.000333+00:00
[2023-10-22T06:36:48.010+0000] {processor.py:175} INFO - Processing /home/airflow/.local/lib/python3.7/site-packages/airflow/example_dags/example_task_group_decorator.py took 0.066 seconds
[2023-10-22T07:57:13.088+0000] {processor.py:153} INFO - Started process (PID=10135) to work on /home/airflow/.local/lib/python3.7/site-packages/airflow/example_dags/example_task_group_decorator.py
[2023-10-22T07:57:13.088+0000] {processor.py:743} INFO - Processing file /home/airflow/.local/lib/python3.7/site-packages/airflow/example_dags/example_task_group_decorator.py for tasks to queue
[2023-10-22T07:57:13.089+0000] {logging_mixin.py:137} INFO - [2023-10-22T07:57:13.089+0000] {dagbag.py:538} INFO - Filling up the DagBag from /home/airflow/.local/lib/python3.7/site-packages/airflow/example_dags/example_task_group_decorator.py
[2023-10-22T07:57:13.110+0000] {processor.py:753} INFO - DAG(s) dict_keys(['example_task_group_decorator']) retrieved from /home/airflow/.local/lib/python3.7/site-packages/airflow/example_dags/example_task_group_decorator.py
[2023-10-22T07:57:13.127+0000] {logging_mixin.py:137} INFO - [2023-10-22T07:57:13.127+0000] {dag.py:2690} INFO - Sync 1 DAGs
[2023-10-22T07:57:13.143+0000] {logging_mixin.py:137} INFO - [2023-10-22T07:57:13.143+0000] {dag.py:3441} INFO - Setting next_dagrun for example_task_group_decorator to 2023-10-21T07:57:13.143242+00:00, run_after=2023-10-22T07:57:13.143242+00:00
[2023-10-22T07:57:13.152+0000] {processor.py:175} INFO - Processing /home/airflow/.local/lib/python3.7/site-packages/airflow/example_dags/example_task_group_decorator.py took 0.067 seconds
[2023-10-22T09:18:55.744+0000] {processor.py:153} INFO - Started process (PID=10229) to work on /home/airflow/.local/lib/python3.7/site-packages/airflow/example_dags/example_task_group_decorator.py
[2023-10-22T09:18:55.744+0000] {processor.py:743} INFO - Processing file /home/airflow/.local/lib/python3.7/site-packages/airflow/example_dags/example_task_group_decorator.py for tasks to queue
[2023-10-22T09:18:55.745+0000] {logging_mixin.py:137} INFO - [2023-10-22T09:18:55.745+0000] {dagbag.py:538} INFO - Filling up the DagBag from /home/airflow/.local/lib/python3.7/site-packages/airflow/example_dags/example_task_group_decorator.py
[2023-10-22T09:18:55.766+0000] {processor.py:753} INFO - DAG(s) dict_keys(['example_task_group_decorator']) retrieved from /home/airflow/.local/lib/python3.7/site-packages/airflow/example_dags/example_task_group_decorator.py
[2023-10-22T09:18:55.784+0000] {logging_mixin.py:137} INFO - [2023-10-22T09:18:55.784+0000] {dag.py:2690} INFO - Sync 1 DAGs
[2023-10-22T09:18:55.798+0000] {logging_mixin.py:137} INFO - [2023-10-22T09:18:55.798+0000] {dag.py:3441} INFO - Setting next_dagrun for example_task_group_decorator to 2023-10-21T09:18:55.798313+00:00, run_after=2023-10-22T09:18:55.798313+00:00
[2023-10-22T09:18:55.808+0000] {processor.py:175} INFO - Processing /home/airflow/.local/lib/python3.7/site-packages/airflow/example_dags/example_task_group_decorator.py took 0.070 seconds
[2023-10-22T10:24:12.727+0000] {processor.py:153} INFO - Started process (PID=10305) to work on /home/airflow/.local/lib/python3.7/site-packages/airflow/example_dags/example_task_group_decorator.py
[2023-10-22T10:24:12.728+0000] {processor.py:743} INFO - Processing file /home/airflow/.local/lib/python3.7/site-packages/airflow/example_dags/example_task_group_decorator.py for tasks to queue
[2023-10-22T10:24:12.729+0000] {logging_mixin.py:137} INFO - [2023-10-22T10:24:12.729+0000] {dagbag.py:538} INFO - Filling up the DagBag from /home/airflow/.local/lib/python3.7/site-packages/airflow/example_dags/example_task_group_decorator.py
[2023-10-22T10:24:12.748+0000] {processor.py:753} INFO - DAG(s) dict_keys(['example_task_group_decorator']) retrieved from /home/airflow/.local/lib/python3.7/site-packages/airflow/example_dags/example_task_group_decorator.py
[2023-10-22T10:24:12.767+0000] {logging_mixin.py:137} INFO - [2023-10-22T10:24:12.767+0000] {dag.py:2690} INFO - Sync 1 DAGs
[2023-10-22T10:24:12.784+0000] {logging_mixin.py:137} INFO - [2023-10-22T10:24:12.784+0000] {dag.py:3441} INFO - Setting next_dagrun for example_task_group_decorator to 2023-10-21T10:24:12.783752+00:00, run_after=2023-10-22T10:24:12.783752+00:00
[2023-10-22T10:24:12.795+0000] {processor.py:175} INFO - Processing /home/airflow/.local/lib/python3.7/site-packages/airflow/example_dags/example_task_group_decorator.py took 0.071 seconds
[2023-10-22T11:27:50.630+0000] {processor.py:153} INFO - Started process (PID=10399) to work on /home/airflow/.local/lib/python3.7/site-packages/airflow/example_dags/example_task_group_decorator.py
[2023-10-22T11:27:50.631+0000] {processor.py:743} INFO - Processing file /home/airflow/.local/lib/python3.7/site-packages/airflow/example_dags/example_task_group_decorator.py for tasks to queue
[2023-10-22T11:27:50.632+0000] {logging_mixin.py:137} INFO - [2023-10-22T11:27:50.632+0000] {dagbag.py:538} INFO - Filling up the DagBag from /home/airflow/.local/lib/python3.7/site-packages/airflow/example_dags/example_task_group_decorator.py
[2023-10-22T11:27:50.652+0000] {processor.py:753} INFO - DAG(s) dict_keys(['example_task_group_decorator']) retrieved from /home/airflow/.local/lib/python3.7/site-packages/airflow/example_dags/example_task_group_decorator.py
[2023-10-22T11:27:50.668+0000] {logging_mixin.py:137} INFO - [2023-10-22T11:27:50.668+0000] {dag.py:2690} INFO - Sync 1 DAGs
[2023-10-22T11:27:50.682+0000] {logging_mixin.py:137} INFO - [2023-10-22T11:27:50.682+0000] {dag.py:3441} INFO - Setting next_dagrun for example_task_group_decorator to 2023-10-21T11:27:50.682069+00:00, run_after=2023-10-22T11:27:50.682069+00:00
[2023-10-22T11:27:50.692+0000] {processor.py:175} INFO - Processing /home/airflow/.local/lib/python3.7/site-packages/airflow/example_dags/example_task_group_decorator.py took 0.066 seconds
[2023-10-22T12:49:12.894+0000] {processor.py:153} INFO - Started process (PID=10476) to work on /home/airflow/.local/lib/python3.7/site-packages/airflow/example_dags/example_task_group_decorator.py
[2023-10-22T12:49:12.895+0000] {processor.py:743} INFO - Processing file /home/airflow/.local/lib/python3.7/site-packages/airflow/example_dags/example_task_group_decorator.py for tasks to queue
[2023-10-22T12:49:12.895+0000] {logging_mixin.py:137} INFO - [2023-10-22T12:49:12.895+0000] {dagbag.py:538} INFO - Filling up the DagBag from /home/airflow/.local/lib/python3.7/site-packages/airflow/example_dags/example_task_group_decorator.py
[2023-10-22T12:49:12.910+0000] {processor.py:753} INFO - DAG(s) dict_keys(['example_task_group_decorator']) retrieved from /home/airflow/.local/lib/python3.7/site-packages/airflow/example_dags/example_task_group_decorator.py
[2023-10-22T12:49:12.924+0000] {logging_mixin.py:137} INFO - [2023-10-22T12:49:12.924+0000] {dag.py:2690} INFO - Sync 1 DAGs
[2023-10-22T12:49:12.935+0000] {logging_mixin.py:137} INFO - [2023-10-22T12:49:12.935+0000] {dag.py:3441} INFO - Setting next_dagrun for example_task_group_decorator to 2023-10-21T12:49:12.935689+00:00, run_after=2023-10-22T12:49:12.935689+00:00
[2023-10-22T12:49:12.944+0000] {processor.py:175} INFO - Processing /home/airflow/.local/lib/python3.7/site-packages/airflow/example_dags/example_task_group_decorator.py took 0.051 seconds
[2023-10-22T14:09:53.916+0000] {processor.py:153} INFO - Started process (PID=10570) to work on /home/airflow/.local/lib/python3.7/site-packages/airflow/example_dags/example_task_group_decorator.py
[2023-10-22T14:09:53.918+0000] {processor.py:743} INFO - Processing file /home/airflow/.local/lib/python3.7/site-packages/airflow/example_dags/example_task_group_decorator.py for tasks to queue
[2023-10-22T14:09:53.919+0000] {logging_mixin.py:137} INFO - [2023-10-22T14:09:53.919+0000] {dagbag.py:538} INFO - Filling up the DagBag from /home/airflow/.local/lib/python3.7/site-packages/airflow/example_dags/example_task_group_decorator.py
[2023-10-22T14:09:53.948+0000] {processor.py:753} INFO - DAG(s) dict_keys(['example_task_group_decorator']) retrieved from /home/airflow/.local/lib/python3.7/site-packages/airflow/example_dags/example_task_group_decorator.py
[2023-10-22T14:09:53.980+0000] {logging_mixin.py:137} INFO - [2023-10-22T14:09:53.980+0000] {dag.py:2690} INFO - Sync 1 DAGs
[2023-10-22T14:09:54.005+0000] {logging_mixin.py:137} INFO - [2023-10-22T14:09:54.005+0000] {dag.py:3441} INFO - Setting next_dagrun for example_task_group_decorator to 2023-10-21T14:09:54.005679+00:00, run_after=2023-10-22T14:09:54.005679+00:00
[2023-10-22T14:09:54.024+0000] {processor.py:175} INFO - Processing /home/airflow/.local/lib/python3.7/site-packages/airflow/example_dags/example_task_group_decorator.py took 0.114 seconds
[2023-10-22T15:34:25.496+0000] {processor.py:153} INFO - Started process (PID=10664) to work on /home/airflow/.local/lib/python3.7/site-packages/airflow/example_dags/example_task_group_decorator.py
[2023-10-22T15:34:25.499+0000] {processor.py:743} INFO - Processing file /home/airflow/.local/lib/python3.7/site-packages/airflow/example_dags/example_task_group_decorator.py for tasks to queue
[2023-10-22T15:34:25.501+0000] {logging_mixin.py:137} INFO - [2023-10-22T15:34:25.500+0000] {dagbag.py:538} INFO - Filling up the DagBag from /home/airflow/.local/lib/python3.7/site-packages/airflow/example_dags/example_task_group_decorator.py
[2023-10-22T15:34:25.533+0000] {processor.py:753} INFO - DAG(s) dict_keys(['example_task_group_decorator']) retrieved from /home/airflow/.local/lib/python3.7/site-packages/airflow/example_dags/example_task_group_decorator.py
[2023-10-22T15:34:25.565+0000] {logging_mixin.py:137} INFO - [2023-10-22T15:34:25.565+0000] {dag.py:2690} INFO - Sync 1 DAGs
[2023-10-22T15:34:25.586+0000] {logging_mixin.py:137} INFO - [2023-10-22T15:34:25.586+0000] {dag.py:3441} INFO - Setting next_dagrun for example_task_group_decorator to 2023-10-21T15:34:25.585762+00:00, run_after=2023-10-22T15:34:25.585762+00:00
[2023-10-22T15:34:25.599+0000] {processor.py:175} INFO - Processing /home/airflow/.local/lib/python3.7/site-packages/airflow/example_dags/example_task_group_decorator.py took 0.111 seconds
[2023-10-22T16:28:39.811+0000] {processor.py:153} INFO - Started process (PID=10740) to work on /home/airflow/.local/lib/python3.7/site-packages/airflow/example_dags/example_task_group_decorator.py
[2023-10-22T16:28:39.812+0000] {processor.py:743} INFO - Processing file /home/airflow/.local/lib/python3.7/site-packages/airflow/example_dags/example_task_group_decorator.py for tasks to queue
[2023-10-22T16:28:39.813+0000] {logging_mixin.py:137} INFO - [2023-10-22T16:28:39.813+0000] {dagbag.py:538} INFO - Filling up the DagBag from /home/airflow/.local/lib/python3.7/site-packages/airflow/example_dags/example_task_group_decorator.py
[2023-10-22T16:28:39.837+0000] {processor.py:753} INFO - DAG(s) dict_keys(['example_task_group_decorator']) retrieved from /home/airflow/.local/lib/python3.7/site-packages/airflow/example_dags/example_task_group_decorator.py
[2023-10-22T16:28:39.861+0000] {logging_mixin.py:137} INFO - [2023-10-22T16:28:39.861+0000] {dag.py:2690} INFO - Sync 1 DAGs
[2023-10-22T16:28:39.878+0000] {logging_mixin.py:137} INFO - [2023-10-22T16:28:39.878+0000] {dag.py:3441} INFO - Setting next_dagrun for example_task_group_decorator to 2023-10-21T16:28:39.877929+00:00, run_after=2023-10-22T16:28:39.877929+00:00
[2023-10-22T16:28:39.890+0000] {processor.py:175} INFO - Processing /home/airflow/.local/lib/python3.7/site-packages/airflow/example_dags/example_task_group_decorator.py took 0.083 seconds
[2023-10-22T16:45:49.497+0000] {processor.py:153} INFO - Started process (PID=10833) to work on /home/airflow/.local/lib/python3.7/site-packages/airflow/example_dags/example_task_group_decorator.py
[2023-10-22T16:45:49.498+0000] {processor.py:743} INFO - Processing file /home/airflow/.local/lib/python3.7/site-packages/airflow/example_dags/example_task_group_decorator.py for tasks to queue
[2023-10-22T16:45:49.498+0000] {logging_mixin.py:137} INFO - [2023-10-22T16:45:49.498+0000] {dagbag.py:538} INFO - Filling up the DagBag from /home/airflow/.local/lib/python3.7/site-packages/airflow/example_dags/example_task_group_decorator.py
[2023-10-22T16:45:49.519+0000] {processor.py:753} INFO - DAG(s) dict_keys(['example_task_group_decorator']) retrieved from /home/airflow/.local/lib/python3.7/site-packages/airflow/example_dags/example_task_group_decorator.py
[2023-10-22T16:45:49.538+0000] {logging_mixin.py:137} INFO - [2023-10-22T16:45:49.538+0000] {dag.py:2690} INFO - Sync 1 DAGs
[2023-10-22T16:45:49.555+0000] {logging_mixin.py:137} INFO - [2023-10-22T16:45:49.554+0000] {dag.py:3441} INFO - Setting next_dagrun for example_task_group_decorator to 2023-10-21T16:45:49.554743+00:00, run_after=2023-10-22T16:45:49.554743+00:00
[2023-10-22T16:45:49.566+0000] {processor.py:175} INFO - Processing /home/airflow/.local/lib/python3.7/site-packages/airflow/example_dags/example_task_group_decorator.py took 0.072 seconds
[2023-10-22T16:46:20.487+0000] {processor.py:153} INFO - Started process (PID=10927) to work on /home/airflow/.local/lib/python3.7/site-packages/airflow/example_dags/example_task_group_decorator.py
[2023-10-22T16:46:20.487+0000] {processor.py:743} INFO - Processing file /home/airflow/.local/lib/python3.7/site-packages/airflow/example_dags/example_task_group_decorator.py for tasks to queue
[2023-10-22T16:46:20.488+0000] {logging_mixin.py:137} INFO - [2023-10-22T16:46:20.488+0000] {dagbag.py:538} INFO - Filling up the DagBag from /home/airflow/.local/lib/python3.7/site-packages/airflow/example_dags/example_task_group_decorator.py
[2023-10-22T16:46:20.503+0000] {processor.py:753} INFO - DAG(s) dict_keys(['example_task_group_decorator']) retrieved from /home/airflow/.local/lib/python3.7/site-packages/airflow/example_dags/example_task_group_decorator.py
[2023-10-22T16:46:20.516+0000] {logging_mixin.py:137} INFO - [2023-10-22T16:46:20.516+0000] {dag.py:2690} INFO - Sync 1 DAGs
[2023-10-22T16:46:20.527+0000] {logging_mixin.py:137} INFO - [2023-10-22T16:46:20.526+0000] {dag.py:3441} INFO - Setting next_dagrun for example_task_group_decorator to 2023-10-21T16:46:20.526843+00:00, run_after=2023-10-22T16:46:20.526843+00:00
[2023-10-22T16:46:20.535+0000] {processor.py:175} INFO - Processing /home/airflow/.local/lib/python3.7/site-packages/airflow/example_dags/example_task_group_decorator.py took 0.050 seconds
[2023-10-22T17:02:07.304+0000] {processor.py:153} INFO - Started process (PID=11003) to work on /home/airflow/.local/lib/python3.7/site-packages/airflow/example_dags/example_task_group_decorator.py
[2023-10-22T17:02:07.307+0000] {processor.py:743} INFO - Processing file /home/airflow/.local/lib/python3.7/site-packages/airflow/example_dags/example_task_group_decorator.py for tasks to queue
[2023-10-22T17:02:07.308+0000] {logging_mixin.py:137} INFO - [2023-10-22T17:02:07.308+0000] {dagbag.py:538} INFO - Filling up the DagBag from /home/airflow/.local/lib/python3.7/site-packages/airflow/example_dags/example_task_group_decorator.py
[2023-10-22T17:02:07.341+0000] {processor.py:753} INFO - DAG(s) dict_keys(['example_task_group_decorator']) retrieved from /home/airflow/.local/lib/python3.7/site-packages/airflow/example_dags/example_task_group_decorator.py
[2023-10-22T17:02:07.365+0000] {logging_mixin.py:137} INFO - [2023-10-22T17:02:07.365+0000] {dag.py:2690} INFO - Sync 1 DAGs
[2023-10-22T17:02:07.381+0000] {logging_mixin.py:137} INFO - [2023-10-22T17:02:07.381+0000] {dag.py:3441} INFO - Setting next_dagrun for example_task_group_decorator to 2023-10-21T17:02:07.381201+00:00, run_after=2023-10-22T17:02:07.381201+00:00
[2023-10-22T17:02:07.393+0000] {processor.py:175} INFO - Processing /home/airflow/.local/lib/python3.7/site-packages/airflow/example_dags/example_task_group_decorator.py took 0.100 seconds
[2023-10-22T18:08:06.095+0000] {processor.py:153} INFO - Started process (PID=11097) to work on /home/airflow/.local/lib/python3.7/site-packages/airflow/example_dags/example_task_group_decorator.py
[2023-10-22T18:08:06.095+0000] {processor.py:743} INFO - Processing file /home/airflow/.local/lib/python3.7/site-packages/airflow/example_dags/example_task_group_decorator.py for tasks to queue
[2023-10-22T18:08:06.096+0000] {logging_mixin.py:137} INFO - [2023-10-22T18:08:06.096+0000] {dagbag.py:538} INFO - Filling up the DagBag from /home/airflow/.local/lib/python3.7/site-packages/airflow/example_dags/example_task_group_decorator.py
[2023-10-22T18:08:06.114+0000] {processor.py:753} INFO - DAG(s) dict_keys(['example_task_group_decorator']) retrieved from /home/airflow/.local/lib/python3.7/site-packages/airflow/example_dags/example_task_group_decorator.py
[2023-10-22T18:08:06.130+0000] {logging_mixin.py:137} INFO - [2023-10-22T18:08:06.130+0000] {dag.py:2690} INFO - Sync 1 DAGs
[2023-10-22T18:08:06.142+0000] {logging_mixin.py:137} INFO - [2023-10-22T18:08:06.141+0000] {dag.py:3441} INFO - Setting next_dagrun for example_task_group_decorator to 2023-10-21T18:08:06.141852+00:00, run_after=2023-10-22T18:08:06.141852+00:00
[2023-10-22T18:08:06.150+0000] {processor.py:175} INFO - Processing /home/airflow/.local/lib/python3.7/site-packages/airflow/example_dags/example_task_group_decorator.py took 0.058 seconds
[2023-10-22T18:41:32.914+0000] {processor.py:153} INFO - Started process (PID=11191) to work on /home/airflow/.local/lib/python3.7/site-packages/airflow/example_dags/example_task_group_decorator.py
[2023-10-22T18:41:32.915+0000] {processor.py:743} INFO - Processing file /home/airflow/.local/lib/python3.7/site-packages/airflow/example_dags/example_task_group_decorator.py for tasks to queue
[2023-10-22T18:41:32.915+0000] {logging_mixin.py:137} INFO - [2023-10-22T18:41:32.915+0000] {dagbag.py:538} INFO - Filling up the DagBag from /home/airflow/.local/lib/python3.7/site-packages/airflow/example_dags/example_task_group_decorator.py
[2023-10-22T18:41:32.934+0000] {processor.py:753} INFO - DAG(s) dict_keys(['example_task_group_decorator']) retrieved from /home/airflow/.local/lib/python3.7/site-packages/airflow/example_dags/example_task_group_decorator.py
[2023-10-22T18:41:32.963+0000] {logging_mixin.py:137} INFO - [2023-10-22T18:41:32.963+0000] {dag.py:2690} INFO - Sync 1 DAGs
[2023-10-22T18:41:32.974+0000] {logging_mixin.py:137} INFO - [2023-10-22T18:41:32.974+0000] {dag.py:3441} INFO - Setting next_dagrun for example_task_group_decorator to 2023-10-21T18:41:32.974698+00:00, run_after=2023-10-22T18:41:32.974698+00:00
[2023-10-22T18:41:33.016+0000] {processor.py:175} INFO - Processing /home/airflow/.local/lib/python3.7/site-packages/airflow/example_dags/example_task_group_decorator.py took 0.105 seconds
[2023-10-22T19:57:25.590+0000] {processor.py:153} INFO - Started process (PID=11267) to work on /home/airflow/.local/lib/python3.7/site-packages/airflow/example_dags/example_task_group_decorator.py
[2023-10-22T19:57:25.590+0000] {processor.py:743} INFO - Processing file /home/airflow/.local/lib/python3.7/site-packages/airflow/example_dags/example_task_group_decorator.py for tasks to queue
[2023-10-22T19:57:25.591+0000] {logging_mixin.py:137} INFO - [2023-10-22T19:57:25.591+0000] {dagbag.py:538} INFO - Filling up the DagBag from /home/airflow/.local/lib/python3.7/site-packages/airflow/example_dags/example_task_group_decorator.py
[2023-10-22T19:57:25.610+0000] {processor.py:753} INFO - DAG(s) dict_keys(['example_task_group_decorator']) retrieved from /home/airflow/.local/lib/python3.7/site-packages/airflow/example_dags/example_task_group_decorator.py
[2023-10-22T19:57:25.627+0000] {logging_mixin.py:137} INFO - [2023-10-22T19:57:25.627+0000] {dag.py:2690} INFO - Sync 1 DAGs
[2023-10-22T19:57:25.643+0000] {logging_mixin.py:137} INFO - [2023-10-22T19:57:25.643+0000] {dag.py:3441} INFO - Setting next_dagrun for example_task_group_decorator to 2023-10-21T19:57:25.643279+00:00, run_after=2023-10-22T19:57:25.643279+00:00
[2023-10-22T19:57:25.656+0000] {processor.py:175} INFO - Processing /home/airflow/.local/lib/python3.7/site-packages/airflow/example_dags/example_task_group_decorator.py took 0.069 seconds
[2023-10-22T21:10:37.865+0000] {processor.py:153} INFO - Started process (PID=11361) to work on /home/airflow/.local/lib/python3.7/site-packages/airflow/example_dags/example_task_group_decorator.py
[2023-10-22T21:10:37.867+0000] {processor.py:743} INFO - Processing file /home/airflow/.local/lib/python3.7/site-packages/airflow/example_dags/example_task_group_decorator.py for tasks to queue
[2023-10-22T21:10:37.868+0000] {logging_mixin.py:137} INFO - [2023-10-22T21:10:37.867+0000] {dagbag.py:538} INFO - Filling up the DagBag from /home/airflow/.local/lib/python3.7/site-packages/airflow/example_dags/example_task_group_decorator.py
[2023-10-22T21:10:37.885+0000] {processor.py:753} INFO - DAG(s) dict_keys(['example_task_group_decorator']) retrieved from /home/airflow/.local/lib/python3.7/site-packages/airflow/example_dags/example_task_group_decorator.py
[2023-10-22T21:10:37.901+0000] {logging_mixin.py:137} INFO - [2023-10-22T21:10:37.901+0000] {dag.py:2690} INFO - Sync 1 DAGs
[2023-10-22T21:10:37.914+0000] {logging_mixin.py:137} INFO - [2023-10-22T21:10:37.914+0000] {dag.py:3441} INFO - Setting next_dagrun for example_task_group_decorator to 2023-10-21T21:10:37.914345+00:00, run_after=2023-10-22T21:10:37.914345+00:00
[2023-10-22T21:10:37.923+0000] {processor.py:175} INFO - Processing /home/airflow/.local/lib/python3.7/site-packages/airflow/example_dags/example_task_group_decorator.py took 0.060 seconds
[2023-10-22T22:36:23.171+0000] {processor.py:153} INFO - Started process (PID=11442) to work on /home/airflow/.local/lib/python3.7/site-packages/airflow/example_dags/example_task_group_decorator.py
[2023-10-22T22:36:23.172+0000] {processor.py:743} INFO - Processing file /home/airflow/.local/lib/python3.7/site-packages/airflow/example_dags/example_task_group_decorator.py for tasks to queue
[2023-10-22T22:36:23.173+0000] {logging_mixin.py:137} INFO - [2023-10-22T22:36:23.172+0000] {dagbag.py:538} INFO - Filling up the DagBag from /home/airflow/.local/lib/python3.7/site-packages/airflow/example_dags/example_task_group_decorator.py
[2023-10-22T22:36:23.191+0000] {processor.py:753} INFO - DAG(s) dict_keys(['example_task_group_decorator']) retrieved from /home/airflow/.local/lib/python3.7/site-packages/airflow/example_dags/example_task_group_decorator.py
[2023-10-22T22:36:23.205+0000] {logging_mixin.py:137} INFO - [2023-10-22T22:36:23.205+0000] {dag.py:2690} INFO - Sync 1 DAGs
[2023-10-22T22:36:23.217+0000] {logging_mixin.py:137} INFO - [2023-10-22T22:36:23.217+0000] {dag.py:3441} INFO - Setting next_dagrun for example_task_group_decorator to 2023-10-21T22:36:23.217763+00:00, run_after=2023-10-22T22:36:23.217763+00:00
[2023-10-22T22:36:23.227+0000] {processor.py:175} INFO - Processing /home/airflow/.local/lib/python3.7/site-packages/airflow/example_dags/example_task_group_decorator.py took 0.058 seconds
[2023-10-22T23:59:40.746+0000] {processor.py:153} INFO - Started process (PID=11531) to work on /home/airflow/.local/lib/python3.7/site-packages/airflow/example_dags/example_task_group_decorator.py
[2023-10-22T23:59:40.746+0000] {processor.py:743} INFO - Processing file /home/airflow/.local/lib/python3.7/site-packages/airflow/example_dags/example_task_group_decorator.py for tasks to queue
[2023-10-22T23:59:40.747+0000] {logging_mixin.py:137} INFO - [2023-10-22T23:59:40.747+0000] {dagbag.py:538} INFO - Filling up the DagBag from /home/airflow/.local/lib/python3.7/site-packages/airflow/example_dags/example_task_group_decorator.py
[2023-10-22T23:59:40.762+0000] {processor.py:753} INFO - DAG(s) dict_keys(['example_task_group_decorator']) retrieved from /home/airflow/.local/lib/python3.7/site-packages/airflow/example_dags/example_task_group_decorator.py
[2023-10-22T23:59:40.775+0000] {logging_mixin.py:137} INFO - [2023-10-22T23:59:40.775+0000] {dag.py:2690} INFO - Sync 1 DAGs
[2023-10-22T23:59:40.787+0000] {logging_mixin.py:137} INFO - [2023-10-22T23:59:40.787+0000] {dag.py:3441} INFO - Setting next_dagrun for example_task_group_decorator to 2023-10-21T23:59:40.787216+00:00, run_after=2023-10-22T23:59:40.787216+00:00
[2023-10-22T23:59:40.795+0000] {processor.py:175} INFO - Processing /home/airflow/.local/lib/python3.7/site-packages/airflow/example_dags/example_task_group_decorator.py took 0.051 seconds
