[2023-10-22T01:17:20.064+0000] {processor.py:153} INFO - Started process (PID=9695) to work on /home/airflow/.local/lib/python3.7/site-packages/airflow/example_dags/example_sla_dag.py
[2023-10-22T01:17:20.065+0000] {processor.py:743} INFO - Processing file /home/airflow/.local/lib/python3.7/site-packages/airflow/example_dags/example_sla_dag.py for tasks to queue
[2023-10-22T01:17:20.066+0000] {logging_mixin.py:137} INFO - [2023-10-22T01:17:20.066+0000] {dagbag.py:538} INFO - Filling up the DagBag from /home/airflow/.local/lib/python3.7/site-packages/airflow/example_dags/example_sla_dag.py
[2023-10-22T01:17:20.082+0000] {processor.py:753} INFO - DAG(s) dict_keys(['example_sla_dag']) retrieved from /home/airflow/.local/lib/python3.7/site-packages/airflow/example_dags/example_sla_dag.py
[2023-10-22T01:17:20.099+0000] {logging_mixin.py:137} INFO - [2023-10-22T01:17:20.099+0000] {dag.py:2690} INFO - Sync 1 DAGs
[2023-10-22T01:17:20.115+0000] {logging_mixin.py:137} INFO - [2023-10-22T01:17:20.115+0000] {dag.py:3441} INFO - Setting next_dagrun for example_sla_dag to 2023-10-22T01:14:00+00:00, run_after=2023-10-22T01:16:00+00:00
[2023-10-22T01:17:20.126+0000] {processor.py:175} INFO - Processing /home/airflow/.local/lib/python3.7/site-packages/airflow/example_dags/example_sla_dag.py took 0.064 seconds
[2023-10-22T02:40:00.443+0000] {processor.py:153} INFO - Started process (PID=9771) to work on /home/airflow/.local/lib/python3.7/site-packages/airflow/example_dags/example_sla_dag.py
[2023-10-22T02:40:00.443+0000] {processor.py:743} INFO - Processing file /home/airflow/.local/lib/python3.7/site-packages/airflow/example_dags/example_sla_dag.py for tasks to queue
[2023-10-22T02:40:00.444+0000] {logging_mixin.py:137} INFO - [2023-10-22T02:40:00.444+0000] {dagbag.py:538} INFO - Filling up the DagBag from /home/airflow/.local/lib/python3.7/site-packages/airflow/example_dags/example_sla_dag.py
[2023-10-22T02:40:00.463+0000] {processor.py:753} INFO - DAG(s) dict_keys(['example_sla_dag']) retrieved from /home/airflow/.local/lib/python3.7/site-packages/airflow/example_dags/example_sla_dag.py
[2023-10-22T02:40:00.485+0000] {logging_mixin.py:137} INFO - [2023-10-22T02:40:00.485+0000] {dag.py:2690} INFO - Sync 1 DAGs
[2023-10-22T02:40:00.507+0000] {logging_mixin.py:137} INFO - [2023-10-22T02:40:00.507+0000] {dag.py:3441} INFO - Setting next_dagrun for example_sla_dag to 2023-10-22T02:38:00+00:00, run_after=2023-10-22T02:40:00+00:00
[2023-10-22T02:40:00.523+0000] {processor.py:175} INFO - Processing /home/airflow/.local/lib/python3.7/site-packages/airflow/example_dags/example_sla_dag.py took 0.083 seconds
[2023-10-22T03:51:38.669+0000] {processor.py:153} INFO - Started process (PID=9865) to work on /home/airflow/.local/lib/python3.7/site-packages/airflow/example_dags/example_sla_dag.py
[2023-10-22T03:51:38.670+0000] {processor.py:743} INFO - Processing file /home/airflow/.local/lib/python3.7/site-packages/airflow/example_dags/example_sla_dag.py for tasks to queue
[2023-10-22T03:51:38.671+0000] {logging_mixin.py:137} INFO - [2023-10-22T03:51:38.670+0000] {dagbag.py:538} INFO - Filling up the DagBag from /home/airflow/.local/lib/python3.7/site-packages/airflow/example_dags/example_sla_dag.py
[2023-10-22T03:51:38.688+0000] {processor.py:753} INFO - DAG(s) dict_keys(['example_sla_dag']) retrieved from /home/airflow/.local/lib/python3.7/site-packages/airflow/example_dags/example_sla_dag.py
[2023-10-22T03:51:38.711+0000] {logging_mixin.py:137} INFO - [2023-10-22T03:51:38.711+0000] {dag.py:2690} INFO - Sync 1 DAGs
[2023-10-22T03:51:38.729+0000] {logging_mixin.py:137} INFO - [2023-10-22T03:51:38.729+0000] {dag.py:3441} INFO - Setting next_dagrun for example_sla_dag to 2023-10-22T03:48:00+00:00, run_after=2023-10-22T03:50:00+00:00
[2023-10-22T03:51:38.741+0000] {processor.py:175} INFO - Processing /home/airflow/.local/lib/python3.7/site-packages/airflow/example_dags/example_sla_dag.py took 0.074 seconds
[2023-10-22T05:13:50.847+0000] {processor.py:153} INFO - Started process (PID=9959) to work on /home/airflow/.local/lib/python3.7/site-packages/airflow/example_dags/example_sla_dag.py
[2023-10-22T05:13:50.848+0000] {processor.py:743} INFO - Processing file /home/airflow/.local/lib/python3.7/site-packages/airflow/example_dags/example_sla_dag.py for tasks to queue
[2023-10-22T05:13:50.849+0000] {logging_mixin.py:137} INFO - [2023-10-22T05:13:50.849+0000] {dagbag.py:538} INFO - Filling up the DagBag from /home/airflow/.local/lib/python3.7/site-packages/airflow/example_dags/example_sla_dag.py
[2023-10-22T05:13:50.865+0000] {processor.py:753} INFO - DAG(s) dict_keys(['example_sla_dag']) retrieved from /home/airflow/.local/lib/python3.7/site-packages/airflow/example_dags/example_sla_dag.py
[2023-10-22T05:13:50.883+0000] {logging_mixin.py:137} INFO - [2023-10-22T05:13:50.883+0000] {dag.py:2690} INFO - Sync 1 DAGs
[2023-10-22T05:13:50.903+0000] {logging_mixin.py:137} INFO - [2023-10-22T05:13:50.902+0000] {dag.py:3441} INFO - Setting next_dagrun for example_sla_dag to 2023-10-22T05:10:00+00:00, run_after=2023-10-22T05:12:00+00:00
[2023-10-22T05:13:50.917+0000] {processor.py:175} INFO - Processing /home/airflow/.local/lib/python3.7/site-packages/airflow/example_dags/example_sla_dag.py took 0.072 seconds
[2023-10-22T06:36:47.625+0000] {processor.py:153} INFO - Started process (PID=10035) to work on /home/airflow/.local/lib/python3.7/site-packages/airflow/example_dags/example_sla_dag.py
[2023-10-22T06:36:47.625+0000] {processor.py:743} INFO - Processing file /home/airflow/.local/lib/python3.7/site-packages/airflow/example_dags/example_sla_dag.py for tasks to queue
[2023-10-22T06:36:47.625+0000] {logging_mixin.py:137} INFO - [2023-10-22T06:36:47.625+0000] {dagbag.py:538} INFO - Filling up the DagBag from /home/airflow/.local/lib/python3.7/site-packages/airflow/example_dags/example_sla_dag.py
[2023-10-22T06:36:47.638+0000] {processor.py:753} INFO - DAG(s) dict_keys(['example_sla_dag']) retrieved from /home/airflow/.local/lib/python3.7/site-packages/airflow/example_dags/example_sla_dag.py
[2023-10-22T06:36:47.651+0000] {logging_mixin.py:137} INFO - [2023-10-22T06:36:47.651+0000] {dag.py:2690} INFO - Sync 1 DAGs
[2023-10-22T06:36:47.663+0000] {logging_mixin.py:137} INFO - [2023-10-22T06:36:47.663+0000] {dag.py:3441} INFO - Setting next_dagrun for example_sla_dag to 2023-10-22T06:34:00+00:00, run_after=2023-10-22T06:36:00+00:00
[2023-10-22T06:36:47.671+0000] {processor.py:175} INFO - Processing /home/airflow/.local/lib/python3.7/site-packages/airflow/example_dags/example_sla_dag.py took 0.049 seconds
[2023-10-22T07:57:12.722+0000] {processor.py:153} INFO - Started process (PID=10129) to work on /home/airflow/.local/lib/python3.7/site-packages/airflow/example_dags/example_sla_dag.py
[2023-10-22T07:57:12.724+0000] {processor.py:743} INFO - Processing file /home/airflow/.local/lib/python3.7/site-packages/airflow/example_dags/example_sla_dag.py for tasks to queue
[2023-10-22T07:57:12.726+0000] {logging_mixin.py:137} INFO - [2023-10-22T07:57:12.725+0000] {dagbag.py:538} INFO - Filling up the DagBag from /home/airflow/.local/lib/python3.7/site-packages/airflow/example_dags/example_sla_dag.py
[2023-10-22T07:57:12.758+0000] {processor.py:753} INFO - DAG(s) dict_keys(['example_sla_dag']) retrieved from /home/airflow/.local/lib/python3.7/site-packages/airflow/example_dags/example_sla_dag.py
[2023-10-22T07:57:12.783+0000] {logging_mixin.py:137} INFO - [2023-10-22T07:57:12.783+0000] {dag.py:2690} INFO - Sync 1 DAGs
[2023-10-22T07:57:12.800+0000] {logging_mixin.py:137} INFO - [2023-10-22T07:57:12.799+0000] {dag.py:3441} INFO - Setting next_dagrun for example_sla_dag to 2023-10-22T07:54:00+00:00, run_after=2023-10-22T07:56:00+00:00
[2023-10-22T07:57:12.811+0000] {processor.py:175} INFO - Processing /home/airflow/.local/lib/python3.7/site-packages/airflow/example_dags/example_sla_dag.py took 0.092 seconds
[2023-10-22T09:18:55.366+0000] {processor.py:153} INFO - Started process (PID=10223) to work on /home/airflow/.local/lib/python3.7/site-packages/airflow/example_dags/example_sla_dag.py
[2023-10-22T09:18:55.367+0000] {processor.py:743} INFO - Processing file /home/airflow/.local/lib/python3.7/site-packages/airflow/example_dags/example_sla_dag.py for tasks to queue
[2023-10-22T09:18:55.368+0000] {logging_mixin.py:137} INFO - [2023-10-22T09:18:55.368+0000] {dagbag.py:538} INFO - Filling up the DagBag from /home/airflow/.local/lib/python3.7/site-packages/airflow/example_dags/example_sla_dag.py
[2023-10-22T09:18:55.389+0000] {processor.py:753} INFO - DAG(s) dict_keys(['example_sla_dag']) retrieved from /home/airflow/.local/lib/python3.7/site-packages/airflow/example_dags/example_sla_dag.py
[2023-10-22T09:18:55.413+0000] {logging_mixin.py:137} INFO - [2023-10-22T09:18:55.413+0000] {dag.py:2690} INFO - Sync 1 DAGs
[2023-10-22T09:18:55.429+0000] {logging_mixin.py:137} INFO - [2023-10-22T09:18:55.429+0000] {dag.py:3441} INFO - Setting next_dagrun for example_sla_dag to 2023-10-22T09:16:00+00:00, run_after=2023-10-22T09:18:00+00:00
[2023-10-22T09:18:55.440+0000] {processor.py:175} INFO - Processing /home/airflow/.local/lib/python3.7/site-packages/airflow/example_dags/example_sla_dag.py took 0.076 seconds
[2023-10-22T10:24:12.387+0000] {processor.py:153} INFO - Started process (PID=10299) to work on /home/airflow/.local/lib/python3.7/site-packages/airflow/example_dags/example_sla_dag.py
[2023-10-22T10:24:12.388+0000] {processor.py:743} INFO - Processing file /home/airflow/.local/lib/python3.7/site-packages/airflow/example_dags/example_sla_dag.py for tasks to queue
[2023-10-22T10:24:12.388+0000] {logging_mixin.py:137} INFO - [2023-10-22T10:24:12.388+0000] {dagbag.py:538} INFO - Filling up the DagBag from /home/airflow/.local/lib/python3.7/site-packages/airflow/example_dags/example_sla_dag.py
[2023-10-22T10:24:12.403+0000] {processor.py:753} INFO - DAG(s) dict_keys(['example_sla_dag']) retrieved from /home/airflow/.local/lib/python3.7/site-packages/airflow/example_dags/example_sla_dag.py
[2023-10-22T10:24:12.422+0000] {logging_mixin.py:137} INFO - [2023-10-22T10:24:12.422+0000] {dag.py:2690} INFO - Sync 1 DAGs
[2023-10-22T10:24:12.438+0000] {logging_mixin.py:137} INFO - [2023-10-22T10:24:12.438+0000] {dag.py:3441} INFO - Setting next_dagrun for example_sla_dag to 2023-10-22T10:22:00+00:00, run_after=2023-10-22T10:24:00+00:00
[2023-10-22T10:24:12.449+0000] {processor.py:175} INFO - Processing /home/airflow/.local/lib/python3.7/site-packages/airflow/example_dags/example_sla_dag.py took 0.065 seconds
[2023-10-22T11:27:50.280+0000] {processor.py:153} INFO - Started process (PID=10393) to work on /home/airflow/.local/lib/python3.7/site-packages/airflow/example_dags/example_sla_dag.py
[2023-10-22T11:27:50.282+0000] {processor.py:743} INFO - Processing file /home/airflow/.local/lib/python3.7/site-packages/airflow/example_dags/example_sla_dag.py for tasks to queue
[2023-10-22T11:27:50.283+0000] {logging_mixin.py:137} INFO - [2023-10-22T11:27:50.283+0000] {dagbag.py:538} INFO - Filling up the DagBag from /home/airflow/.local/lib/python3.7/site-packages/airflow/example_dags/example_sla_dag.py
[2023-10-22T11:27:50.308+0000] {processor.py:753} INFO - DAG(s) dict_keys(['example_sla_dag']) retrieved from /home/airflow/.local/lib/python3.7/site-packages/airflow/example_dags/example_sla_dag.py
[2023-10-22T11:27:50.334+0000] {logging_mixin.py:137} INFO - [2023-10-22T11:27:50.334+0000] {dag.py:2690} INFO - Sync 1 DAGs
[2023-10-22T11:27:50.351+0000] {logging_mixin.py:137} INFO - [2023-10-22T11:27:50.351+0000] {dag.py:3441} INFO - Setting next_dagrun for example_sla_dag to 2023-10-22T11:24:00+00:00, run_after=2023-10-22T11:26:00+00:00
[2023-10-22T11:27:50.362+0000] {processor.py:175} INFO - Processing /home/airflow/.local/lib/python3.7/site-packages/airflow/example_dags/example_sla_dag.py took 0.087 seconds
[2023-10-22T12:49:12.592+0000] {processor.py:153} INFO - Started process (PID=10470) to work on /home/airflow/.local/lib/python3.7/site-packages/airflow/example_dags/example_sla_dag.py
[2023-10-22T12:49:12.593+0000] {processor.py:743} INFO - Processing file /home/airflow/.local/lib/python3.7/site-packages/airflow/example_dags/example_sla_dag.py for tasks to queue
[2023-10-22T12:49:12.594+0000] {logging_mixin.py:137} INFO - [2023-10-22T12:49:12.593+0000] {dagbag.py:538} INFO - Filling up the DagBag from /home/airflow/.local/lib/python3.7/site-packages/airflow/example_dags/example_sla_dag.py
[2023-10-22T12:49:12.612+0000] {processor.py:753} INFO - DAG(s) dict_keys(['example_sla_dag']) retrieved from /home/airflow/.local/lib/python3.7/site-packages/airflow/example_dags/example_sla_dag.py
[2023-10-22T12:49:12.628+0000] {logging_mixin.py:137} INFO - [2023-10-22T12:49:12.628+0000] {dag.py:2690} INFO - Sync 1 DAGs
[2023-10-22T12:49:12.643+0000] {logging_mixin.py:137} INFO - [2023-10-22T12:49:12.643+0000] {dag.py:3441} INFO - Setting next_dagrun for example_sla_dag to 2023-10-22T12:46:00+00:00, run_after=2023-10-22T12:48:00+00:00
[2023-10-22T12:49:12.653+0000] {processor.py:175} INFO - Processing /home/airflow/.local/lib/python3.7/site-packages/airflow/example_dags/example_sla_dag.py took 0.066 seconds
[2023-10-22T14:09:53.504+0000] {processor.py:153} INFO - Started process (PID=10564) to work on /home/airflow/.local/lib/python3.7/site-packages/airflow/example_dags/example_sla_dag.py
[2023-10-22T14:09:53.505+0000] {processor.py:743} INFO - Processing file /home/airflow/.local/lib/python3.7/site-packages/airflow/example_dags/example_sla_dag.py for tasks to queue
[2023-10-22T14:09:53.506+0000] {logging_mixin.py:137} INFO - [2023-10-22T14:09:53.505+0000] {dagbag.py:538} INFO - Filling up the DagBag from /home/airflow/.local/lib/python3.7/site-packages/airflow/example_dags/example_sla_dag.py
[2023-10-22T14:09:53.522+0000] {processor.py:753} INFO - DAG(s) dict_keys(['example_sla_dag']) retrieved from /home/airflow/.local/lib/python3.7/site-packages/airflow/example_dags/example_sla_dag.py
[2023-10-22T14:09:53.545+0000] {logging_mixin.py:137} INFO - [2023-10-22T14:09:53.545+0000] {dag.py:2690} INFO - Sync 1 DAGs
[2023-10-22T14:09:53.576+0000] {logging_mixin.py:137} INFO - [2023-10-22T14:09:53.576+0000] {dag.py:3441} INFO - Setting next_dagrun for example_sla_dag to 2023-10-22T14:06:00+00:00, run_after=2023-10-22T14:08:00+00:00
[2023-10-22T14:09:53.594+0000] {processor.py:175} INFO - Processing /home/airflow/.local/lib/python3.7/site-packages/airflow/example_dags/example_sla_dag.py took 0.093 seconds
[2023-10-22T15:34:24.893+0000] {processor.py:153} INFO - Started process (PID=10658) to work on /home/airflow/.local/lib/python3.7/site-packages/airflow/example_dags/example_sla_dag.py
[2023-10-22T15:34:24.894+0000] {processor.py:743} INFO - Processing file /home/airflow/.local/lib/python3.7/site-packages/airflow/example_dags/example_sla_dag.py for tasks to queue
[2023-10-22T15:34:24.895+0000] {logging_mixin.py:137} INFO - [2023-10-22T15:34:24.895+0000] {dagbag.py:538} INFO - Filling up the DagBag from /home/airflow/.local/lib/python3.7/site-packages/airflow/example_dags/example_sla_dag.py
[2023-10-22T15:34:24.922+0000] {processor.py:753} INFO - DAG(s) dict_keys(['example_sla_dag']) retrieved from /home/airflow/.local/lib/python3.7/site-packages/airflow/example_dags/example_sla_dag.py
[2023-10-22T15:34:24.951+0000] {logging_mixin.py:137} INFO - [2023-10-22T15:34:24.950+0000] {dag.py:2690} INFO - Sync 1 DAGs
[2023-10-22T15:34:24.984+0000] {logging_mixin.py:137} INFO - [2023-10-22T15:34:24.983+0000] {dag.py:3441} INFO - Setting next_dagrun for example_sla_dag to 2023-10-22T15:32:00+00:00, run_after=2023-10-22T15:34:00+00:00
[2023-10-22T15:34:25.008+0000] {processor.py:175} INFO - Processing /home/airflow/.local/lib/python3.7/site-packages/airflow/example_dags/example_sla_dag.py took 0.118 seconds
[2023-10-22T16:28:39.464+0000] {processor.py:153} INFO - Started process (PID=10734) to work on /home/airflow/.local/lib/python3.7/site-packages/airflow/example_dags/example_sla_dag.py
[2023-10-22T16:28:39.464+0000] {processor.py:743} INFO - Processing file /home/airflow/.local/lib/python3.7/site-packages/airflow/example_dags/example_sla_dag.py for tasks to queue
[2023-10-22T16:28:39.465+0000] {logging_mixin.py:137} INFO - [2023-10-22T16:28:39.465+0000] {dagbag.py:538} INFO - Filling up the DagBag from /home/airflow/.local/lib/python3.7/site-packages/airflow/example_dags/example_sla_dag.py
[2023-10-22T16:28:39.482+0000] {processor.py:753} INFO - DAG(s) dict_keys(['example_sla_dag']) retrieved from /home/airflow/.local/lib/python3.7/site-packages/airflow/example_dags/example_sla_dag.py
[2023-10-22T16:28:39.500+0000] {logging_mixin.py:137} INFO - [2023-10-22T16:28:39.500+0000] {dag.py:2690} INFO - Sync 1 DAGs
[2023-10-22T16:28:39.516+0000] {logging_mixin.py:137} INFO - [2023-10-22T16:28:39.516+0000] {dag.py:3441} INFO - Setting next_dagrun for example_sla_dag to 2023-10-22T16:26:00+00:00, run_after=2023-10-22T16:28:00+00:00
[2023-10-22T16:28:39.526+0000] {processor.py:175} INFO - Processing /home/airflow/.local/lib/python3.7/site-packages/airflow/example_dags/example_sla_dag.py took 0.065 seconds
[2023-10-22T16:45:49.199+0000] {processor.py:153} INFO - Started process (PID=10827) to work on /home/airflow/.local/lib/python3.7/site-packages/airflow/example_dags/example_sla_dag.py
[2023-10-22T16:45:49.200+0000] {processor.py:743} INFO - Processing file /home/airflow/.local/lib/python3.7/site-packages/airflow/example_dags/example_sla_dag.py for tasks to queue
[2023-10-22T16:45:49.200+0000] {logging_mixin.py:137} INFO - [2023-10-22T16:45:49.200+0000] {dagbag.py:538} INFO - Filling up the DagBag from /home/airflow/.local/lib/python3.7/site-packages/airflow/example_dags/example_sla_dag.py
[2023-10-22T16:45:49.213+0000] {processor.py:753} INFO - DAG(s) dict_keys(['example_sla_dag']) retrieved from /home/airflow/.local/lib/python3.7/site-packages/airflow/example_dags/example_sla_dag.py
[2023-10-22T16:45:49.227+0000] {logging_mixin.py:137} INFO - [2023-10-22T16:45:49.227+0000] {dag.py:2690} INFO - Sync 1 DAGs
[2023-10-22T16:45:49.239+0000] {logging_mixin.py:137} INFO - [2023-10-22T16:45:49.239+0000] {dag.py:3441} INFO - Setting next_dagrun for example_sla_dag to 2023-10-22T16:42:00+00:00, run_after=2023-10-22T16:44:00+00:00
[2023-10-22T16:45:49.247+0000] {processor.py:175} INFO - Processing /home/airflow/.local/lib/python3.7/site-packages/airflow/example_dags/example_sla_dag.py took 0.049 seconds
[2023-10-22T16:46:20.255+0000] {processor.py:153} INFO - Started process (PID=10921) to work on /home/airflow/.local/lib/python3.7/site-packages/airflow/example_dags/example_sla_dag.py
[2023-10-22T16:46:20.255+0000] {processor.py:743} INFO - Processing file /home/airflow/.local/lib/python3.7/site-packages/airflow/example_dags/example_sla_dag.py for tasks to queue
[2023-10-22T16:46:20.256+0000] {logging_mixin.py:137} INFO - [2023-10-22T16:46:20.256+0000] {dagbag.py:538} INFO - Filling up the DagBag from /home/airflow/.local/lib/python3.7/site-packages/airflow/example_dags/example_sla_dag.py
[2023-10-22T16:46:20.269+0000] {processor.py:753} INFO - DAG(s) dict_keys(['example_sla_dag']) retrieved from /home/airflow/.local/lib/python3.7/site-packages/airflow/example_dags/example_sla_dag.py
[2023-10-22T16:46:20.283+0000] {logging_mixin.py:137} INFO - [2023-10-22T16:46:20.283+0000] {dag.py:2690} INFO - Sync 1 DAGs
[2023-10-22T16:46:20.297+0000] {logging_mixin.py:137} INFO - [2023-10-22T16:46:20.297+0000] {dag.py:3441} INFO - Setting next_dagrun for example_sla_dag to 2023-10-22T16:44:00+00:00, run_after=2023-10-22T16:46:00+00:00
[2023-10-22T16:46:20.306+0000] {processor.py:175} INFO - Processing /home/airflow/.local/lib/python3.7/site-packages/airflow/example_dags/example_sla_dag.py took 0.053 seconds
[2023-10-22T17:02:06.577+0000] {processor.py:153} INFO - Started process (PID=10997) to work on /home/airflow/.local/lib/python3.7/site-packages/airflow/example_dags/example_sla_dag.py
[2023-10-22T17:02:06.577+0000] {processor.py:743} INFO - Processing file /home/airflow/.local/lib/python3.7/site-packages/airflow/example_dags/example_sla_dag.py for tasks to queue
[2023-10-22T17:02:06.578+0000] {logging_mixin.py:137} INFO - [2023-10-22T17:02:06.578+0000] {dagbag.py:538} INFO - Filling up the DagBag from /home/airflow/.local/lib/python3.7/site-packages/airflow/example_dags/example_sla_dag.py
[2023-10-22T17:02:06.592+0000] {processor.py:753} INFO - DAG(s) dict_keys(['example_sla_dag']) retrieved from /home/airflow/.local/lib/python3.7/site-packages/airflow/example_dags/example_sla_dag.py
[2023-10-22T17:02:06.610+0000] {logging_mixin.py:137} INFO - [2023-10-22T17:02:06.610+0000] {dag.py:2690} INFO - Sync 1 DAGs
[2023-10-22T17:02:06.627+0000] {logging_mixin.py:137} INFO - [2023-10-22T17:02:06.627+0000] {dag.py:3441} INFO - Setting next_dagrun for example_sla_dag to 2023-10-22T17:00:00+00:00, run_after=2023-10-22T17:02:00+00:00
[2023-10-22T17:02:06.638+0000] {processor.py:175} INFO - Processing /home/airflow/.local/lib/python3.7/site-packages/airflow/example_dags/example_sla_dag.py took 0.064 seconds
[2023-10-22T18:08:05.723+0000] {processor.py:153} INFO - Started process (PID=11091) to work on /home/airflow/.local/lib/python3.7/site-packages/airflow/example_dags/example_sla_dag.py
[2023-10-22T18:08:05.724+0000] {processor.py:743} INFO - Processing file /home/airflow/.local/lib/python3.7/site-packages/airflow/example_dags/example_sla_dag.py for tasks to queue
[2023-10-22T18:08:05.724+0000] {logging_mixin.py:137} INFO - [2023-10-22T18:08:05.724+0000] {dagbag.py:538} INFO - Filling up the DagBag from /home/airflow/.local/lib/python3.7/site-packages/airflow/example_dags/example_sla_dag.py
[2023-10-22T18:08:05.742+0000] {processor.py:753} INFO - DAG(s) dict_keys(['example_sla_dag']) retrieved from /home/airflow/.local/lib/python3.7/site-packages/airflow/example_dags/example_sla_dag.py
[2023-10-22T18:08:05.760+0000] {logging_mixin.py:137} INFO - [2023-10-22T18:08:05.760+0000] {dag.py:2690} INFO - Sync 1 DAGs
[2023-10-22T18:08:05.776+0000] {logging_mixin.py:137} INFO - [2023-10-22T18:08:05.776+0000] {dag.py:3441} INFO - Setting next_dagrun for example_sla_dag to 2023-10-22T18:06:00+00:00, run_after=2023-10-22T18:08:00+00:00
[2023-10-22T18:08:05.786+0000] {processor.py:175} INFO - Processing /home/airflow/.local/lib/python3.7/site-packages/airflow/example_dags/example_sla_dag.py took 0.066 seconds
[2023-10-22T18:41:32.328+0000] {processor.py:153} INFO - Started process (PID=11185) to work on /home/airflow/.local/lib/python3.7/site-packages/airflow/example_dags/example_sla_dag.py
[2023-10-22T18:41:32.342+0000] {processor.py:743} INFO - Processing file /home/airflow/.local/lib/python3.7/site-packages/airflow/example_dags/example_sla_dag.py for tasks to queue
[2023-10-22T18:41:32.344+0000] {logging_mixin.py:137} INFO - [2023-10-22T18:41:32.343+0000] {dagbag.py:538} INFO - Filling up the DagBag from /home/airflow/.local/lib/python3.7/site-packages/airflow/example_dags/example_sla_dag.py
[2023-10-22T18:41:32.370+0000] {processor.py:753} INFO - DAG(s) dict_keys(['example_sla_dag']) retrieved from /home/airflow/.local/lib/python3.7/site-packages/airflow/example_dags/example_sla_dag.py
[2023-10-22T18:41:32.407+0000] {logging_mixin.py:137} INFO - [2023-10-22T18:41:32.406+0000] {dag.py:2690} INFO - Sync 1 DAGs
[2023-10-22T18:41:32.451+0000] {logging_mixin.py:137} INFO - [2023-10-22T18:41:32.451+0000] {dag.py:3441} INFO - Setting next_dagrun for example_sla_dag to 2023-10-22T18:38:00+00:00, run_after=2023-10-22T18:40:00+00:00
[2023-10-22T18:41:32.491+0000] {processor.py:175} INFO - Processing /home/airflow/.local/lib/python3.7/site-packages/airflow/example_dags/example_sla_dag.py took 0.168 seconds
[2023-10-22T19:57:25.253+0000] {processor.py:153} INFO - Started process (PID=11261) to work on /home/airflow/.local/lib/python3.7/site-packages/airflow/example_dags/example_sla_dag.py
[2023-10-22T19:57:25.253+0000] {processor.py:743} INFO - Processing file /home/airflow/.local/lib/python3.7/site-packages/airflow/example_dags/example_sla_dag.py for tasks to queue
[2023-10-22T19:57:25.254+0000] {logging_mixin.py:137} INFO - [2023-10-22T19:57:25.254+0000] {dagbag.py:538} INFO - Filling up the DagBag from /home/airflow/.local/lib/python3.7/site-packages/airflow/example_dags/example_sla_dag.py
[2023-10-22T19:57:25.273+0000] {processor.py:753} INFO - DAG(s) dict_keys(['example_sla_dag']) retrieved from /home/airflow/.local/lib/python3.7/site-packages/airflow/example_dags/example_sla_dag.py
[2023-10-22T19:57:25.292+0000] {logging_mixin.py:137} INFO - [2023-10-22T19:57:25.292+0000] {dag.py:2690} INFO - Sync 1 DAGs
[2023-10-22T19:57:25.309+0000] {logging_mixin.py:137} INFO - [2023-10-22T19:57:25.308+0000] {dag.py:3441} INFO - Setting next_dagrun for example_sla_dag to 2023-10-22T19:54:00+00:00, run_after=2023-10-22T19:56:00+00:00
[2023-10-22T19:57:25.319+0000] {processor.py:175} INFO - Processing /home/airflow/.local/lib/python3.7/site-packages/airflow/example_dags/example_sla_dag.py took 0.069 seconds
[2023-10-22T21:10:37.462+0000] {processor.py:153} INFO - Started process (PID=11355) to work on /home/airflow/.local/lib/python3.7/site-packages/airflow/example_dags/example_sla_dag.py
[2023-10-22T21:10:37.464+0000] {processor.py:743} INFO - Processing file /home/airflow/.local/lib/python3.7/site-packages/airflow/example_dags/example_sla_dag.py for tasks to queue
[2023-10-22T21:10:37.465+0000] {logging_mixin.py:137} INFO - [2023-10-22T21:10:37.465+0000] {dagbag.py:538} INFO - Filling up the DagBag from /home/airflow/.local/lib/python3.7/site-packages/airflow/example_dags/example_sla_dag.py
[2023-10-22T21:10:37.483+0000] {processor.py:753} INFO - DAG(s) dict_keys(['example_sla_dag']) retrieved from /home/airflow/.local/lib/python3.7/site-packages/airflow/example_dags/example_sla_dag.py
[2023-10-22T21:10:37.504+0000] {logging_mixin.py:137} INFO - [2023-10-22T21:10:37.504+0000] {dag.py:2690} INFO - Sync 1 DAGs
[2023-10-22T21:10:37.521+0000] {logging_mixin.py:137} INFO - [2023-10-22T21:10:37.521+0000] {dag.py:3441} INFO - Setting next_dagrun for example_sla_dag to 2023-10-22T21:08:00+00:00, run_after=2023-10-22T21:10:00+00:00
[2023-10-22T21:10:37.533+0000] {processor.py:175} INFO - Processing /home/airflow/.local/lib/python3.7/site-packages/airflow/example_dags/example_sla_dag.py took 0.076 seconds
[2023-10-22T22:36:22.929+0000] {processor.py:153} INFO - Started process (PID=11431) to work on /home/airflow/.local/lib/python3.7/site-packages/airflow/example_dags/example_sla_dag.py
[2023-10-22T22:36:22.930+0000] {processor.py:743} INFO - Processing file /home/airflow/.local/lib/python3.7/site-packages/airflow/example_dags/example_sla_dag.py for tasks to queue
[2023-10-22T22:36:22.930+0000] {logging_mixin.py:137} INFO - [2023-10-22T22:36:22.930+0000] {dagbag.py:538} INFO - Filling up the DagBag from /home/airflow/.local/lib/python3.7/site-packages/airflow/example_dags/example_sla_dag.py
[2023-10-22T22:36:22.943+0000] {processor.py:753} INFO - DAG(s) dict_keys(['example_sla_dag']) retrieved from /home/airflow/.local/lib/python3.7/site-packages/airflow/example_dags/example_sla_dag.py
[2023-10-22T22:36:22.957+0000] {logging_mixin.py:137} INFO - [2023-10-22T22:36:22.956+0000] {dag.py:2690} INFO - Sync 1 DAGs
[2023-10-22T22:36:22.969+0000] {logging_mixin.py:137} INFO - [2023-10-22T22:36:22.969+0000] {dag.py:3441} INFO - Setting next_dagrun for example_sla_dag to 2023-10-22T22:34:00+00:00, run_after=2023-10-22T22:36:00+00:00
[2023-10-22T22:36:22.978+0000] {processor.py:175} INFO - Processing /home/airflow/.local/lib/python3.7/site-packages/airflow/example_dags/example_sla_dag.py took 0.050 seconds
[2023-10-22T23:59:40.417+0000] {processor.py:153} INFO - Started process (PID=11525) to work on /home/airflow/.local/lib/python3.7/site-packages/airflow/example_dags/example_sla_dag.py
[2023-10-22T23:59:40.418+0000] {processor.py:743} INFO - Processing file /home/airflow/.local/lib/python3.7/site-packages/airflow/example_dags/example_sla_dag.py for tasks to queue
[2023-10-22T23:59:40.418+0000] {logging_mixin.py:137} INFO - [2023-10-22T23:59:40.418+0000] {dagbag.py:538} INFO - Filling up the DagBag from /home/airflow/.local/lib/python3.7/site-packages/airflow/example_dags/example_sla_dag.py
[2023-10-22T23:59:40.433+0000] {processor.py:753} INFO - DAG(s) dict_keys(['example_sla_dag']) retrieved from /home/airflow/.local/lib/python3.7/site-packages/airflow/example_dags/example_sla_dag.py
[2023-10-22T23:59:40.454+0000] {logging_mixin.py:137} INFO - [2023-10-22T23:59:40.454+0000] {dag.py:2690} INFO - Sync 1 DAGs
[2023-10-22T23:59:40.473+0000] {logging_mixin.py:137} INFO - [2023-10-22T23:59:40.472+0000] {dag.py:3441} INFO - Setting next_dagrun for example_sla_dag to 2023-10-22T23:56:00+00:00, run_after=2023-10-22T23:58:00+00:00
[2023-10-22T23:59:40.484+0000] {processor.py:175} INFO - Processing /home/airflow/.local/lib/python3.7/site-packages/airflow/example_dags/example_sla_dag.py took 0.070 seconds
