[2023-10-22T01:17:20.694+0000] {processor.py:153} INFO - Started process (PID=9707) to work on /home/airflow/.local/lib/python3.7/site-packages/airflow/example_dags/example_complex.py
[2023-10-22T01:17:20.695+0000] {processor.py:743} INFO - Processing file /home/airflow/.local/lib/python3.7/site-packages/airflow/example_dags/example_complex.py for tasks to queue
[2023-10-22T01:17:20.695+0000] {logging_mixin.py:137} INFO - [2023-10-22T01:17:20.695+0000] {dagbag.py:538} INFO - Filling up the DagBag from /home/airflow/.local/lib/python3.7/site-packages/airflow/example_dags/example_complex.py
[2023-10-22T01:17:20.702+0000] {logging_mixin.py:137} INFO - [2023-10-22T01:17:20.702+0000] {taskmixin.py:205} WARNING - Dependency <Task(BashOperator): create_entry_group>, delete_entry_group already registered for DAG: example_complex
[2023-10-22T01:17:20.702+0000] {logging_mixin.py:137} INFO - [2023-10-22T01:17:20.702+0000] {taskmixin.py:205} WARNING - Dependency <Task(BashOperator): delete_entry_group>, create_entry_group already registered for DAG: example_complex
[2023-10-22T01:17:20.702+0000] {logging_mixin.py:137} INFO - [2023-10-22T01:17:20.702+0000] {taskmixin.py:205} WARNING - Dependency <Task(BashOperator): create_entry_gcs>, delete_entry already registered for DAG: example_complex
[2023-10-22T01:17:20.702+0000] {logging_mixin.py:137} INFO - [2023-10-22T01:17:20.702+0000] {taskmixin.py:205} WARNING - Dependency <Task(BashOperator): delete_entry>, create_entry_gcs already registered for DAG: example_complex
[2023-10-22T01:17:20.703+0000] {logging_mixin.py:137} INFO - [2023-10-22T01:17:20.703+0000] {taskmixin.py:205} WARNING - Dependency <Task(BashOperator): create_tag>, delete_tag already registered for DAG: example_complex
[2023-10-22T01:17:20.703+0000] {logging_mixin.py:137} INFO - [2023-10-22T01:17:20.703+0000] {taskmixin.py:205} WARNING - Dependency <Task(BashOperator): delete_tag>, create_tag already registered for DAG: example_complex
[2023-10-22T01:17:20.707+0000] {processor.py:753} INFO - DAG(s) dict_keys(['example_complex']) retrieved from /home/airflow/.local/lib/python3.7/site-packages/airflow/example_dags/example_complex.py
[2023-10-22T01:17:20.727+0000] {logging_mixin.py:137} INFO - [2023-10-22T01:17:20.727+0000] {dag.py:2690} INFO - Sync 1 DAGs
[2023-10-22T01:17:20.740+0000] {logging_mixin.py:137} INFO - [2023-10-22T01:17:20.740+0000] {dag.py:3441} INFO - Setting next_dagrun for example_complex to None, run_after=None
[2023-10-22T01:17:20.749+0000] {processor.py:175} INFO - Processing /home/airflow/.local/lib/python3.7/site-packages/airflow/example_dags/example_complex.py took 0.057 seconds
[2023-10-22T02:40:01.169+0000] {processor.py:153} INFO - Started process (PID=9783) to work on /home/airflow/.local/lib/python3.7/site-packages/airflow/example_dags/example_complex.py
[2023-10-22T02:40:01.171+0000] {processor.py:743} INFO - Processing file /home/airflow/.local/lib/python3.7/site-packages/airflow/example_dags/example_complex.py for tasks to queue
[2023-10-22T02:40:01.172+0000] {logging_mixin.py:137} INFO - [2023-10-22T02:40:01.172+0000] {dagbag.py:538} INFO - Filling up the DagBag from /home/airflow/.local/lib/python3.7/site-packages/airflow/example_dags/example_complex.py
[2023-10-22T02:40:01.187+0000] {logging_mixin.py:137} INFO - [2023-10-22T02:40:01.186+0000] {taskmixin.py:205} WARNING - Dependency <Task(BashOperator): create_entry_group>, delete_entry_group already registered for DAG: example_complex
[2023-10-22T02:40:01.187+0000] {logging_mixin.py:137} INFO - [2023-10-22T02:40:01.187+0000] {taskmixin.py:205} WARNING - Dependency <Task(BashOperator): delete_entry_group>, create_entry_group already registered for DAG: example_complex
[2023-10-22T02:40:01.187+0000] {logging_mixin.py:137} INFO - [2023-10-22T02:40:01.187+0000] {taskmixin.py:205} WARNING - Dependency <Task(BashOperator): create_entry_gcs>, delete_entry already registered for DAG: example_complex
[2023-10-22T02:40:01.187+0000] {logging_mixin.py:137} INFO - [2023-10-22T02:40:01.187+0000] {taskmixin.py:205} WARNING - Dependency <Task(BashOperator): delete_entry>, create_entry_gcs already registered for DAG: example_complex
[2023-10-22T02:40:01.188+0000] {logging_mixin.py:137} INFO - [2023-10-22T02:40:01.188+0000] {taskmixin.py:205} WARNING - Dependency <Task(BashOperator): create_tag>, delete_tag already registered for DAG: example_complex
[2023-10-22T02:40:01.188+0000] {logging_mixin.py:137} INFO - [2023-10-22T02:40:01.188+0000] {taskmixin.py:205} WARNING - Dependency <Task(BashOperator): delete_tag>, create_tag already registered for DAG: example_complex
[2023-10-22T02:40:01.193+0000] {processor.py:753} INFO - DAG(s) dict_keys(['example_complex']) retrieved from /home/airflow/.local/lib/python3.7/site-packages/airflow/example_dags/example_complex.py
[2023-10-22T02:40:01.219+0000] {logging_mixin.py:137} INFO - [2023-10-22T02:40:01.219+0000] {dag.py:2690} INFO - Sync 1 DAGs
[2023-10-22T02:40:01.237+0000] {logging_mixin.py:137} INFO - [2023-10-22T02:40:01.237+0000] {dag.py:3441} INFO - Setting next_dagrun for example_complex to None, run_after=None
[2023-10-22T02:40:01.248+0000] {processor.py:175} INFO - Processing /home/airflow/.local/lib/python3.7/site-packages/airflow/example_dags/example_complex.py took 0.085 seconds
[2023-10-22T03:51:39.392+0000] {processor.py:153} INFO - Started process (PID=9877) to work on /home/airflow/.local/lib/python3.7/site-packages/airflow/example_dags/example_complex.py
[2023-10-22T03:51:39.393+0000] {processor.py:743} INFO - Processing file /home/airflow/.local/lib/python3.7/site-packages/airflow/example_dags/example_complex.py for tasks to queue
[2023-10-22T03:51:39.393+0000] {logging_mixin.py:137} INFO - [2023-10-22T03:51:39.393+0000] {dagbag.py:538} INFO - Filling up the DagBag from /home/airflow/.local/lib/python3.7/site-packages/airflow/example_dags/example_complex.py
[2023-10-22T03:51:39.401+0000] {logging_mixin.py:137} INFO - [2023-10-22T03:51:39.401+0000] {taskmixin.py:205} WARNING - Dependency <Task(BashOperator): create_entry_group>, delete_entry_group already registered for DAG: example_complex
[2023-10-22T03:51:39.402+0000] {logging_mixin.py:137} INFO - [2023-10-22T03:51:39.401+0000] {taskmixin.py:205} WARNING - Dependency <Task(BashOperator): delete_entry_group>, create_entry_group already registered for DAG: example_complex
[2023-10-22T03:51:39.402+0000] {logging_mixin.py:137} INFO - [2023-10-22T03:51:39.402+0000] {taskmixin.py:205} WARNING - Dependency <Task(BashOperator): create_entry_gcs>, delete_entry already registered for DAG: example_complex
[2023-10-22T03:51:39.402+0000] {logging_mixin.py:137} INFO - [2023-10-22T03:51:39.402+0000] {taskmixin.py:205} WARNING - Dependency <Task(BashOperator): delete_entry>, create_entry_gcs already registered for DAG: example_complex
[2023-10-22T03:51:39.402+0000] {logging_mixin.py:137} INFO - [2023-10-22T03:51:39.402+0000] {taskmixin.py:205} WARNING - Dependency <Task(BashOperator): create_tag>, delete_tag already registered for DAG: example_complex
[2023-10-22T03:51:39.402+0000] {logging_mixin.py:137} INFO - [2023-10-22T03:51:39.402+0000] {taskmixin.py:205} WARNING - Dependency <Task(BashOperator): delete_tag>, create_tag already registered for DAG: example_complex
[2023-10-22T03:51:39.407+0000] {processor.py:753} INFO - DAG(s) dict_keys(['example_complex']) retrieved from /home/airflow/.local/lib/python3.7/site-packages/airflow/example_dags/example_complex.py
[2023-10-22T03:51:39.424+0000] {logging_mixin.py:137} INFO - [2023-10-22T03:51:39.424+0000] {dag.py:2690} INFO - Sync 1 DAGs
[2023-10-22T03:51:39.436+0000] {logging_mixin.py:137} INFO - [2023-10-22T03:51:39.436+0000] {dag.py:3441} INFO - Setting next_dagrun for example_complex to None, run_after=None
[2023-10-22T03:51:39.445+0000] {processor.py:175} INFO - Processing /home/airflow/.local/lib/python3.7/site-packages/airflow/example_dags/example_complex.py took 0.056 seconds
[2023-10-22T05:13:51.544+0000] {processor.py:153} INFO - Started process (PID=9971) to work on /home/airflow/.local/lib/python3.7/site-packages/airflow/example_dags/example_complex.py
[2023-10-22T05:13:51.545+0000] {processor.py:743} INFO - Processing file /home/airflow/.local/lib/python3.7/site-packages/airflow/example_dags/example_complex.py for tasks to queue
[2023-10-22T05:13:51.546+0000] {logging_mixin.py:137} INFO - [2023-10-22T05:13:51.546+0000] {dagbag.py:538} INFO - Filling up the DagBag from /home/airflow/.local/lib/python3.7/site-packages/airflow/example_dags/example_complex.py
[2023-10-22T05:13:51.556+0000] {logging_mixin.py:137} INFO - [2023-10-22T05:13:51.556+0000] {taskmixin.py:205} WARNING - Dependency <Task(BashOperator): create_entry_group>, delete_entry_group already registered for DAG: example_complex
[2023-10-22T05:13:51.557+0000] {logging_mixin.py:137} INFO - [2023-10-22T05:13:51.557+0000] {taskmixin.py:205} WARNING - Dependency <Task(BashOperator): delete_entry_group>, create_entry_group already registered for DAG: example_complex
[2023-10-22T05:13:51.557+0000] {logging_mixin.py:137} INFO - [2023-10-22T05:13:51.557+0000] {taskmixin.py:205} WARNING - Dependency <Task(BashOperator): create_entry_gcs>, delete_entry already registered for DAG: example_complex
[2023-10-22T05:13:51.557+0000] {logging_mixin.py:137} INFO - [2023-10-22T05:13:51.557+0000] {taskmixin.py:205} WARNING - Dependency <Task(BashOperator): delete_entry>, create_entry_gcs already registered for DAG: example_complex
[2023-10-22T05:13:51.557+0000] {logging_mixin.py:137} INFO - [2023-10-22T05:13:51.557+0000] {taskmixin.py:205} WARNING - Dependency <Task(BashOperator): create_tag>, delete_tag already registered for DAG: example_complex
[2023-10-22T05:13:51.558+0000] {logging_mixin.py:137} INFO - [2023-10-22T05:13:51.558+0000] {taskmixin.py:205} WARNING - Dependency <Task(BashOperator): delete_tag>, create_tag already registered for DAG: example_complex
[2023-10-22T05:13:51.564+0000] {processor.py:753} INFO - DAG(s) dict_keys(['example_complex']) retrieved from /home/airflow/.local/lib/python3.7/site-packages/airflow/example_dags/example_complex.py
[2023-10-22T05:13:51.593+0000] {logging_mixin.py:137} INFO - [2023-10-22T05:13:51.593+0000] {dag.py:2690} INFO - Sync 1 DAGs
[2023-10-22T05:13:51.613+0000] {logging_mixin.py:137} INFO - [2023-10-22T05:13:51.613+0000] {dag.py:3441} INFO - Setting next_dagrun for example_complex to None, run_after=None
[2023-10-22T05:13:51.628+0000] {processor.py:175} INFO - Processing /home/airflow/.local/lib/python3.7/site-packages/airflow/example_dags/example_complex.py took 0.088 seconds
[2023-10-22T06:36:48.283+0000] {processor.py:153} INFO - Started process (PID=10047) to work on /home/airflow/.local/lib/python3.7/site-packages/airflow/example_dags/example_complex.py
[2023-10-22T06:36:48.284+0000] {processor.py:743} INFO - Processing file /home/airflow/.local/lib/python3.7/site-packages/airflow/example_dags/example_complex.py for tasks to queue
[2023-10-22T06:36:48.285+0000] {logging_mixin.py:137} INFO - [2023-10-22T06:36:48.285+0000] {dagbag.py:538} INFO - Filling up the DagBag from /home/airflow/.local/lib/python3.7/site-packages/airflow/example_dags/example_complex.py
[2023-10-22T06:36:48.294+0000] {logging_mixin.py:137} INFO - [2023-10-22T06:36:48.293+0000] {taskmixin.py:205} WARNING - Dependency <Task(BashOperator): create_entry_group>, delete_entry_group already registered for DAG: example_complex
[2023-10-22T06:36:48.294+0000] {logging_mixin.py:137} INFO - [2023-10-22T06:36:48.294+0000] {taskmixin.py:205} WARNING - Dependency <Task(BashOperator): delete_entry_group>, create_entry_group already registered for DAG: example_complex
[2023-10-22T06:36:48.294+0000] {logging_mixin.py:137} INFO - [2023-10-22T06:36:48.294+0000] {taskmixin.py:205} WARNING - Dependency <Task(BashOperator): create_entry_gcs>, delete_entry already registered for DAG: example_complex
[2023-10-22T06:36:48.295+0000] {logging_mixin.py:137} INFO - [2023-10-22T06:36:48.295+0000] {taskmixin.py:205} WARNING - Dependency <Task(BashOperator): delete_entry>, create_entry_gcs already registered for DAG: example_complex
[2023-10-22T06:36:48.295+0000] {logging_mixin.py:137} INFO - [2023-10-22T06:36:48.295+0000] {taskmixin.py:205} WARNING - Dependency <Task(BashOperator): create_tag>, delete_tag already registered for DAG: example_complex
[2023-10-22T06:36:48.296+0000] {logging_mixin.py:137} INFO - [2023-10-22T06:36:48.295+0000] {taskmixin.py:205} WARNING - Dependency <Task(BashOperator): delete_tag>, create_tag already registered for DAG: example_complex
[2023-10-22T06:36:48.301+0000] {processor.py:753} INFO - DAG(s) dict_keys(['example_complex']) retrieved from /home/airflow/.local/lib/python3.7/site-packages/airflow/example_dags/example_complex.py
[2023-10-22T06:36:48.327+0000] {logging_mixin.py:137} INFO - [2023-10-22T06:36:48.327+0000] {dag.py:2690} INFO - Sync 1 DAGs
[2023-10-22T06:36:48.343+0000] {logging_mixin.py:137} INFO - [2023-10-22T06:36:48.343+0000] {dag.py:3441} INFO - Setting next_dagrun for example_complex to None, run_after=None
[2023-10-22T06:36:48.355+0000] {processor.py:175} INFO - Processing /home/airflow/.local/lib/python3.7/site-packages/airflow/example_dags/example_complex.py took 0.075 seconds
[2023-10-22T07:57:13.366+0000] {processor.py:153} INFO - Started process (PID=10141) to work on /home/airflow/.local/lib/python3.7/site-packages/airflow/example_dags/example_complex.py
[2023-10-22T07:57:13.366+0000] {processor.py:743} INFO - Processing file /home/airflow/.local/lib/python3.7/site-packages/airflow/example_dags/example_complex.py for tasks to queue
[2023-10-22T07:57:13.367+0000] {logging_mixin.py:137} INFO - [2023-10-22T07:57:13.367+0000] {dagbag.py:538} INFO - Filling up the DagBag from /home/airflow/.local/lib/python3.7/site-packages/airflow/example_dags/example_complex.py
[2023-10-22T07:57:13.373+0000] {logging_mixin.py:137} INFO - [2023-10-22T07:57:13.373+0000] {taskmixin.py:205} WARNING - Dependency <Task(BashOperator): create_entry_group>, delete_entry_group already registered for DAG: example_complex
[2023-10-22T07:57:13.374+0000] {logging_mixin.py:137} INFO - [2023-10-22T07:57:13.374+0000] {taskmixin.py:205} WARNING - Dependency <Task(BashOperator): delete_entry_group>, create_entry_group already registered for DAG: example_complex
[2023-10-22T07:57:13.374+0000] {logging_mixin.py:137} INFO - [2023-10-22T07:57:13.374+0000] {taskmixin.py:205} WARNING - Dependency <Task(BashOperator): create_entry_gcs>, delete_entry already registered for DAG: example_complex
[2023-10-22T07:57:13.374+0000] {logging_mixin.py:137} INFO - [2023-10-22T07:57:13.374+0000] {taskmixin.py:205} WARNING - Dependency <Task(BashOperator): delete_entry>, create_entry_gcs already registered for DAG: example_complex
[2023-10-22T07:57:13.374+0000] {logging_mixin.py:137} INFO - [2023-10-22T07:57:13.374+0000] {taskmixin.py:205} WARNING - Dependency <Task(BashOperator): create_tag>, delete_tag already registered for DAG: example_complex
[2023-10-22T07:57:13.375+0000] {logging_mixin.py:137} INFO - [2023-10-22T07:57:13.375+0000] {taskmixin.py:205} WARNING - Dependency <Task(BashOperator): delete_tag>, create_tag already registered for DAG: example_complex
[2023-10-22T07:57:13.379+0000] {processor.py:753} INFO - DAG(s) dict_keys(['example_complex']) retrieved from /home/airflow/.local/lib/python3.7/site-packages/airflow/example_dags/example_complex.py
[2023-10-22T07:57:13.394+0000] {logging_mixin.py:137} INFO - [2023-10-22T07:57:13.394+0000] {dag.py:2690} INFO - Sync 1 DAGs
[2023-10-22T07:57:13.405+0000] {logging_mixin.py:137} INFO - [2023-10-22T07:57:13.405+0000] {dag.py:3441} INFO - Setting next_dagrun for example_complex to None, run_after=None
[2023-10-22T07:57:13.413+0000] {processor.py:175} INFO - Processing /home/airflow/.local/lib/python3.7/site-packages/airflow/example_dags/example_complex.py took 0.050 seconds
[2023-10-22T09:18:56.183+0000] {processor.py:153} INFO - Started process (PID=10235) to work on /home/airflow/.local/lib/python3.7/site-packages/airflow/example_dags/example_complex.py
[2023-10-22T09:18:56.184+0000] {processor.py:743} INFO - Processing file /home/airflow/.local/lib/python3.7/site-packages/airflow/example_dags/example_complex.py for tasks to queue
[2023-10-22T09:18:56.185+0000] {logging_mixin.py:137} INFO - [2023-10-22T09:18:56.184+0000] {dagbag.py:538} INFO - Filling up the DagBag from /home/airflow/.local/lib/python3.7/site-packages/airflow/example_dags/example_complex.py
[2023-10-22T09:18:56.195+0000] {logging_mixin.py:137} INFO - [2023-10-22T09:18:56.195+0000] {taskmixin.py:205} WARNING - Dependency <Task(BashOperator): create_entry_group>, delete_entry_group already registered for DAG: example_complex
[2023-10-22T09:18:56.195+0000] {logging_mixin.py:137} INFO - [2023-10-22T09:18:56.195+0000] {taskmixin.py:205} WARNING - Dependency <Task(BashOperator): delete_entry_group>, create_entry_group already registered for DAG: example_complex
[2023-10-22T09:18:56.195+0000] {logging_mixin.py:137} INFO - [2023-10-22T09:18:56.195+0000] {taskmixin.py:205} WARNING - Dependency <Task(BashOperator): create_entry_gcs>, delete_entry already registered for DAG: example_complex
[2023-10-22T09:18:56.196+0000] {logging_mixin.py:137} INFO - [2023-10-22T09:18:56.196+0000] {taskmixin.py:205} WARNING - Dependency <Task(BashOperator): delete_entry>, create_entry_gcs already registered for DAG: example_complex
[2023-10-22T09:18:56.196+0000] {logging_mixin.py:137} INFO - [2023-10-22T09:18:56.196+0000] {taskmixin.py:205} WARNING - Dependency <Task(BashOperator): create_tag>, delete_tag already registered for DAG: example_complex
[2023-10-22T09:18:56.197+0000] {logging_mixin.py:137} INFO - [2023-10-22T09:18:56.196+0000] {taskmixin.py:205} WARNING - Dependency <Task(BashOperator): delete_tag>, create_tag already registered for DAG: example_complex
[2023-10-22T09:18:56.203+0000] {processor.py:753} INFO - DAG(s) dict_keys(['example_complex']) retrieved from /home/airflow/.local/lib/python3.7/site-packages/airflow/example_dags/example_complex.py
[2023-10-22T09:18:56.221+0000] {logging_mixin.py:137} INFO - [2023-10-22T09:18:56.221+0000] {dag.py:2690} INFO - Sync 1 DAGs
[2023-10-22T09:18:56.234+0000] {logging_mixin.py:137} INFO - [2023-10-22T09:18:56.234+0000] {dag.py:3441} INFO - Setting next_dagrun for example_complex to None, run_after=None
[2023-10-22T09:18:56.242+0000] {processor.py:175} INFO - Processing /home/airflow/.local/lib/python3.7/site-packages/airflow/example_dags/example_complex.py took 0.062 seconds
[2023-10-22T10:24:12.969+0000] {processor.py:153} INFO - Started process (PID=10311) to work on /home/airflow/.local/lib/python3.7/site-packages/airflow/example_dags/example_complex.py
[2023-10-22T10:24:12.970+0000] {processor.py:743} INFO - Processing file /home/airflow/.local/lib/python3.7/site-packages/airflow/example_dags/example_complex.py for tasks to queue
[2023-10-22T10:24:12.970+0000] {logging_mixin.py:137} INFO - [2023-10-22T10:24:12.970+0000] {dagbag.py:538} INFO - Filling up the DagBag from /home/airflow/.local/lib/python3.7/site-packages/airflow/example_dags/example_complex.py
[2023-10-22T10:24:12.977+0000] {logging_mixin.py:137} INFO - [2023-10-22T10:24:12.977+0000] {taskmixin.py:205} WARNING - Dependency <Task(BashOperator): create_entry_group>, delete_entry_group already registered for DAG: example_complex
[2023-10-22T10:24:12.977+0000] {logging_mixin.py:137} INFO - [2023-10-22T10:24:12.977+0000] {taskmixin.py:205} WARNING - Dependency <Task(BashOperator): delete_entry_group>, create_entry_group already registered for DAG: example_complex
[2023-10-22T10:24:12.977+0000] {logging_mixin.py:137} INFO - [2023-10-22T10:24:12.977+0000] {taskmixin.py:205} WARNING - Dependency <Task(BashOperator): create_entry_gcs>, delete_entry already registered for DAG: example_complex
[2023-10-22T10:24:12.977+0000] {logging_mixin.py:137} INFO - [2023-10-22T10:24:12.977+0000] {taskmixin.py:205} WARNING - Dependency <Task(BashOperator): delete_entry>, create_entry_gcs already registered for DAG: example_complex
[2023-10-22T10:24:12.978+0000] {logging_mixin.py:137} INFO - [2023-10-22T10:24:12.977+0000] {taskmixin.py:205} WARNING - Dependency <Task(BashOperator): create_tag>, delete_tag already registered for DAG: example_complex
[2023-10-22T10:24:12.978+0000] {logging_mixin.py:137} INFO - [2023-10-22T10:24:12.978+0000] {taskmixin.py:205} WARNING - Dependency <Task(BashOperator): delete_tag>, create_tag already registered for DAG: example_complex
[2023-10-22T10:24:12.982+0000] {processor.py:753} INFO - DAG(s) dict_keys(['example_complex']) retrieved from /home/airflow/.local/lib/python3.7/site-packages/airflow/example_dags/example_complex.py
[2023-10-22T10:24:12.998+0000] {logging_mixin.py:137} INFO - [2023-10-22T10:24:12.998+0000] {dag.py:2690} INFO - Sync 1 DAGs
[2023-10-22T10:24:13.011+0000] {logging_mixin.py:137} INFO - [2023-10-22T10:24:13.010+0000] {dag.py:3441} INFO - Setting next_dagrun for example_complex to None, run_after=None
[2023-10-22T10:24:13.019+0000] {processor.py:175} INFO - Processing /home/airflow/.local/lib/python3.7/site-packages/airflow/example_dags/example_complex.py took 0.051 seconds
[2023-10-22T11:27:50.883+0000] {processor.py:153} INFO - Started process (PID=10405) to work on /home/airflow/.local/lib/python3.7/site-packages/airflow/example_dags/example_complex.py
[2023-10-22T11:27:50.884+0000] {processor.py:743} INFO - Processing file /home/airflow/.local/lib/python3.7/site-packages/airflow/example_dags/example_complex.py for tasks to queue
[2023-10-22T11:27:50.884+0000] {logging_mixin.py:137} INFO - [2023-10-22T11:27:50.884+0000] {dagbag.py:538} INFO - Filling up the DagBag from /home/airflow/.local/lib/python3.7/site-packages/airflow/example_dags/example_complex.py
[2023-10-22T11:27:50.891+0000] {logging_mixin.py:137} INFO - [2023-10-22T11:27:50.891+0000] {taskmixin.py:205} WARNING - Dependency <Task(BashOperator): create_entry_group>, delete_entry_group already registered for DAG: example_complex
[2023-10-22T11:27:50.891+0000] {logging_mixin.py:137} INFO - [2023-10-22T11:27:50.891+0000] {taskmixin.py:205} WARNING - Dependency <Task(BashOperator): delete_entry_group>, create_entry_group already registered for DAG: example_complex
[2023-10-22T11:27:50.891+0000] {logging_mixin.py:137} INFO - [2023-10-22T11:27:50.891+0000] {taskmixin.py:205} WARNING - Dependency <Task(BashOperator): create_entry_gcs>, delete_entry already registered for DAG: example_complex
[2023-10-22T11:27:50.892+0000] {logging_mixin.py:137} INFO - [2023-10-22T11:27:50.892+0000] {taskmixin.py:205} WARNING - Dependency <Task(BashOperator): delete_entry>, create_entry_gcs already registered for DAG: example_complex
[2023-10-22T11:27:50.892+0000] {logging_mixin.py:137} INFO - [2023-10-22T11:27:50.892+0000] {taskmixin.py:205} WARNING - Dependency <Task(BashOperator): create_tag>, delete_tag already registered for DAG: example_complex
[2023-10-22T11:27:50.892+0000] {logging_mixin.py:137} INFO - [2023-10-22T11:27:50.892+0000] {taskmixin.py:205} WARNING - Dependency <Task(BashOperator): delete_tag>, create_tag already registered for DAG: example_complex
[2023-10-22T11:27:50.896+0000] {processor.py:753} INFO - DAG(s) dict_keys(['example_complex']) retrieved from /home/airflow/.local/lib/python3.7/site-packages/airflow/example_dags/example_complex.py
[2023-10-22T11:27:50.912+0000] {logging_mixin.py:137} INFO - [2023-10-22T11:27:50.912+0000] {dag.py:2690} INFO - Sync 1 DAGs
[2023-10-22T11:27:50.924+0000] {logging_mixin.py:137} INFO - [2023-10-22T11:27:50.924+0000] {dag.py:3441} INFO - Setting next_dagrun for example_complex to None, run_after=None
[2023-10-22T11:27:50.932+0000] {processor.py:175} INFO - Processing /home/airflow/.local/lib/python3.7/site-packages/airflow/example_dags/example_complex.py took 0.051 seconds
[2023-10-22T12:49:13.076+0000] {processor.py:153} INFO - Started process (PID=10482) to work on /home/airflow/.local/lib/python3.7/site-packages/airflow/example_dags/example_complex.py
[2023-10-22T12:49:13.077+0000] {processor.py:743} INFO - Processing file /home/airflow/.local/lib/python3.7/site-packages/airflow/example_dags/example_complex.py for tasks to queue
[2023-10-22T12:49:13.077+0000] {logging_mixin.py:137} INFO - [2023-10-22T12:49:13.077+0000] {dagbag.py:538} INFO - Filling up the DagBag from /home/airflow/.local/lib/python3.7/site-packages/airflow/example_dags/example_complex.py
[2023-10-22T12:49:13.083+0000] {logging_mixin.py:137} INFO - [2023-10-22T12:49:13.083+0000] {taskmixin.py:205} WARNING - Dependency <Task(BashOperator): create_entry_group>, delete_entry_group already registered for DAG: example_complex
[2023-10-22T12:49:13.083+0000] {logging_mixin.py:137} INFO - [2023-10-22T12:49:13.083+0000] {taskmixin.py:205} WARNING - Dependency <Task(BashOperator): delete_entry_group>, create_entry_group already registered for DAG: example_complex
[2023-10-22T12:49:13.084+0000] {logging_mixin.py:137} INFO - [2023-10-22T12:49:13.083+0000] {taskmixin.py:205} WARNING - Dependency <Task(BashOperator): create_entry_gcs>, delete_entry already registered for DAG: example_complex
[2023-10-22T12:49:13.084+0000] {logging_mixin.py:137} INFO - [2023-10-22T12:49:13.084+0000] {taskmixin.py:205} WARNING - Dependency <Task(BashOperator): delete_entry>, create_entry_gcs already registered for DAG: example_complex
[2023-10-22T12:49:13.084+0000] {logging_mixin.py:137} INFO - [2023-10-22T12:49:13.084+0000] {taskmixin.py:205} WARNING - Dependency <Task(BashOperator): create_tag>, delete_tag already registered for DAG: example_complex
[2023-10-22T12:49:13.084+0000] {logging_mixin.py:137} INFO - [2023-10-22T12:49:13.084+0000] {taskmixin.py:205} WARNING - Dependency <Task(BashOperator): delete_tag>, create_tag already registered for DAG: example_complex
[2023-10-22T12:49:13.088+0000] {processor.py:753} INFO - DAG(s) dict_keys(['example_complex']) retrieved from /home/airflow/.local/lib/python3.7/site-packages/airflow/example_dags/example_complex.py
[2023-10-22T12:49:13.103+0000] {logging_mixin.py:137} INFO - [2023-10-22T12:49:13.103+0000] {dag.py:2690} INFO - Sync 1 DAGs
[2023-10-22T12:49:13.115+0000] {logging_mixin.py:137} INFO - [2023-10-22T12:49:13.115+0000] {dag.py:3441} INFO - Setting next_dagrun for example_complex to None, run_after=None
[2023-10-22T12:49:13.123+0000] {processor.py:175} INFO - Processing /home/airflow/.local/lib/python3.7/site-packages/airflow/example_dags/example_complex.py took 0.049 seconds
[2023-10-22T14:09:54.253+0000] {processor.py:153} INFO - Started process (PID=10576) to work on /home/airflow/.local/lib/python3.7/site-packages/airflow/example_dags/example_complex.py
[2023-10-22T14:09:54.254+0000] {processor.py:743} INFO - Processing file /home/airflow/.local/lib/python3.7/site-packages/airflow/example_dags/example_complex.py for tasks to queue
[2023-10-22T14:09:54.254+0000] {logging_mixin.py:137} INFO - [2023-10-22T14:09:54.254+0000] {dagbag.py:538} INFO - Filling up the DagBag from /home/airflow/.local/lib/python3.7/site-packages/airflow/example_dags/example_complex.py
[2023-10-22T14:09:54.260+0000] {logging_mixin.py:137} INFO - [2023-10-22T14:09:54.260+0000] {taskmixin.py:205} WARNING - Dependency <Task(BashOperator): create_entry_group>, delete_entry_group already registered for DAG: example_complex
[2023-10-22T14:09:54.261+0000] {logging_mixin.py:137} INFO - [2023-10-22T14:09:54.261+0000] {taskmixin.py:205} WARNING - Dependency <Task(BashOperator): delete_entry_group>, create_entry_group already registered for DAG: example_complex
[2023-10-22T14:09:54.261+0000] {logging_mixin.py:137} INFO - [2023-10-22T14:09:54.261+0000] {taskmixin.py:205} WARNING - Dependency <Task(BashOperator): create_entry_gcs>, delete_entry already registered for DAG: example_complex
[2023-10-22T14:09:54.261+0000] {logging_mixin.py:137} INFO - [2023-10-22T14:09:54.261+0000] {taskmixin.py:205} WARNING - Dependency <Task(BashOperator): delete_entry>, create_entry_gcs already registered for DAG: example_complex
[2023-10-22T14:09:54.261+0000] {logging_mixin.py:137} INFO - [2023-10-22T14:09:54.261+0000] {taskmixin.py:205} WARNING - Dependency <Task(BashOperator): create_tag>, delete_tag already registered for DAG: example_complex
[2023-10-22T14:09:54.261+0000] {logging_mixin.py:137} INFO - [2023-10-22T14:09:54.261+0000] {taskmixin.py:205} WARNING - Dependency <Task(BashOperator): delete_tag>, create_tag already registered for DAG: example_complex
[2023-10-22T14:09:54.265+0000] {processor.py:753} INFO - DAG(s) dict_keys(['example_complex']) retrieved from /home/airflow/.local/lib/python3.7/site-packages/airflow/example_dags/example_complex.py
[2023-10-22T14:09:54.281+0000] {logging_mixin.py:137} INFO - [2023-10-22T14:09:54.281+0000] {dag.py:2690} INFO - Sync 1 DAGs
[2023-10-22T14:09:54.293+0000] {logging_mixin.py:137} INFO - [2023-10-22T14:09:54.293+0000] {dag.py:3441} INFO - Setting next_dagrun for example_complex to None, run_after=None
[2023-10-22T14:09:54.301+0000] {processor.py:175} INFO - Processing /home/airflow/.local/lib/python3.7/site-packages/airflow/example_dags/example_complex.py took 0.050 seconds
[2023-10-22T15:34:25.838+0000] {processor.py:153} INFO - Started process (PID=10670) to work on /home/airflow/.local/lib/python3.7/site-packages/airflow/example_dags/example_complex.py
[2023-10-22T15:34:25.838+0000] {processor.py:743} INFO - Processing file /home/airflow/.local/lib/python3.7/site-packages/airflow/example_dags/example_complex.py for tasks to queue
[2023-10-22T15:34:25.839+0000] {logging_mixin.py:137} INFO - [2023-10-22T15:34:25.839+0000] {dagbag.py:538} INFO - Filling up the DagBag from /home/airflow/.local/lib/python3.7/site-packages/airflow/example_dags/example_complex.py
[2023-10-22T15:34:25.848+0000] {logging_mixin.py:137} INFO - [2023-10-22T15:34:25.848+0000] {taskmixin.py:205} WARNING - Dependency <Task(BashOperator): create_entry_group>, delete_entry_group already registered for DAG: example_complex
[2023-10-22T15:34:25.849+0000] {logging_mixin.py:137} INFO - [2023-10-22T15:34:25.849+0000] {taskmixin.py:205} WARNING - Dependency <Task(BashOperator): delete_entry_group>, create_entry_group already registered for DAG: example_complex
[2023-10-22T15:34:25.849+0000] {logging_mixin.py:137} INFO - [2023-10-22T15:34:25.849+0000] {taskmixin.py:205} WARNING - Dependency <Task(BashOperator): create_entry_gcs>, delete_entry already registered for DAG: example_complex
[2023-10-22T15:34:25.849+0000] {logging_mixin.py:137} INFO - [2023-10-22T15:34:25.849+0000] {taskmixin.py:205} WARNING - Dependency <Task(BashOperator): delete_entry>, create_entry_gcs already registered for DAG: example_complex
[2023-10-22T15:34:25.849+0000] {logging_mixin.py:137} INFO - [2023-10-22T15:34:25.849+0000] {taskmixin.py:205} WARNING - Dependency <Task(BashOperator): create_tag>, delete_tag already registered for DAG: example_complex
[2023-10-22T15:34:25.850+0000] {logging_mixin.py:137} INFO - [2023-10-22T15:34:25.850+0000] {taskmixin.py:205} WARNING - Dependency <Task(BashOperator): delete_tag>, create_tag already registered for DAG: example_complex
[2023-10-22T15:34:25.857+0000] {processor.py:753} INFO - DAG(s) dict_keys(['example_complex']) retrieved from /home/airflow/.local/lib/python3.7/site-packages/airflow/example_dags/example_complex.py
[2023-10-22T15:34:25.875+0000] {logging_mixin.py:137} INFO - [2023-10-22T15:34:25.875+0000] {dag.py:2690} INFO - Sync 1 DAGs
[2023-10-22T15:34:25.888+0000] {logging_mixin.py:137} INFO - [2023-10-22T15:34:25.888+0000] {dag.py:3441} INFO - Setting next_dagrun for example_complex to None, run_after=None
[2023-10-22T15:34:25.897+0000] {processor.py:175} INFO - Processing /home/airflow/.local/lib/python3.7/site-packages/airflow/example_dags/example_complex.py took 0.062 seconds
[2023-10-22T16:28:40.086+0000] {processor.py:153} INFO - Started process (PID=10746) to work on /home/airflow/.local/lib/python3.7/site-packages/airflow/example_dags/example_complex.py
[2023-10-22T16:28:40.086+0000] {processor.py:743} INFO - Processing file /home/airflow/.local/lib/python3.7/site-packages/airflow/example_dags/example_complex.py for tasks to queue
[2023-10-22T16:28:40.087+0000] {logging_mixin.py:137} INFO - [2023-10-22T16:28:40.087+0000] {dagbag.py:538} INFO - Filling up the DagBag from /home/airflow/.local/lib/python3.7/site-packages/airflow/example_dags/example_complex.py
[2023-10-22T16:28:40.093+0000] {logging_mixin.py:137} INFO - [2023-10-22T16:28:40.093+0000] {taskmixin.py:205} WARNING - Dependency <Task(BashOperator): create_entry_group>, delete_entry_group already registered for DAG: example_complex
[2023-10-22T16:28:40.093+0000] {logging_mixin.py:137} INFO - [2023-10-22T16:28:40.093+0000] {taskmixin.py:205} WARNING - Dependency <Task(BashOperator): delete_entry_group>, create_entry_group already registered for DAG: example_complex
[2023-10-22T16:28:40.093+0000] {logging_mixin.py:137} INFO - [2023-10-22T16:28:40.093+0000] {taskmixin.py:205} WARNING - Dependency <Task(BashOperator): create_entry_gcs>, delete_entry already registered for DAG: example_complex
[2023-10-22T16:28:40.093+0000] {logging_mixin.py:137} INFO - [2023-10-22T16:28:40.093+0000] {taskmixin.py:205} WARNING - Dependency <Task(BashOperator): delete_entry>, create_entry_gcs already registered for DAG: example_complex
[2023-10-22T16:28:40.094+0000] {logging_mixin.py:137} INFO - [2023-10-22T16:28:40.093+0000] {taskmixin.py:205} WARNING - Dependency <Task(BashOperator): create_tag>, delete_tag already registered for DAG: example_complex
[2023-10-22T16:28:40.094+0000] {logging_mixin.py:137} INFO - [2023-10-22T16:28:40.094+0000] {taskmixin.py:205} WARNING - Dependency <Task(BashOperator): delete_tag>, create_tag already registered for DAG: example_complex
[2023-10-22T16:28:40.097+0000] {processor.py:753} INFO - DAG(s) dict_keys(['example_complex']) retrieved from /home/airflow/.local/lib/python3.7/site-packages/airflow/example_dags/example_complex.py
[2023-10-22T16:28:40.113+0000] {logging_mixin.py:137} INFO - [2023-10-22T16:28:40.113+0000] {dag.py:2690} INFO - Sync 1 DAGs
[2023-10-22T16:28:40.125+0000] {logging_mixin.py:137} INFO - [2023-10-22T16:28:40.125+0000] {dag.py:3441} INFO - Setting next_dagrun for example_complex to None, run_after=None
[2023-10-22T16:28:40.133+0000] {processor.py:175} INFO - Processing /home/airflow/.local/lib/python3.7/site-packages/airflow/example_dags/example_complex.py took 0.049 seconds
[2023-10-22T16:45:49.815+0000] {processor.py:153} INFO - Started process (PID=10839) to work on /home/airflow/.local/lib/python3.7/site-packages/airflow/example_dags/example_complex.py
[2023-10-22T16:45:49.816+0000] {processor.py:743} INFO - Processing file /home/airflow/.local/lib/python3.7/site-packages/airflow/example_dags/example_complex.py for tasks to queue
[2023-10-22T16:45:49.817+0000] {logging_mixin.py:137} INFO - [2023-10-22T16:45:49.817+0000] {dagbag.py:538} INFO - Filling up the DagBag from /home/airflow/.local/lib/python3.7/site-packages/airflow/example_dags/example_complex.py
[2023-10-22T16:45:49.826+0000] {logging_mixin.py:137} INFO - [2023-10-22T16:45:49.826+0000] {taskmixin.py:205} WARNING - Dependency <Task(BashOperator): create_entry_group>, delete_entry_group already registered for DAG: example_complex
[2023-10-22T16:45:49.827+0000] {logging_mixin.py:137} INFO - [2023-10-22T16:45:49.827+0000] {taskmixin.py:205} WARNING - Dependency <Task(BashOperator): delete_entry_group>, create_entry_group already registered for DAG: example_complex
[2023-10-22T16:45:49.827+0000] {logging_mixin.py:137} INFO - [2023-10-22T16:45:49.827+0000] {taskmixin.py:205} WARNING - Dependency <Task(BashOperator): create_entry_gcs>, delete_entry already registered for DAG: example_complex
[2023-10-22T16:45:49.827+0000] {logging_mixin.py:137} INFO - [2023-10-22T16:45:49.827+0000] {taskmixin.py:205} WARNING - Dependency <Task(BashOperator): delete_entry>, create_entry_gcs already registered for DAG: example_complex
[2023-10-22T16:45:49.828+0000] {logging_mixin.py:137} INFO - [2023-10-22T16:45:49.828+0000] {taskmixin.py:205} WARNING - Dependency <Task(BashOperator): create_tag>, delete_tag already registered for DAG: example_complex
[2023-10-22T16:45:49.828+0000] {logging_mixin.py:137} INFO - [2023-10-22T16:45:49.828+0000] {taskmixin.py:205} WARNING - Dependency <Task(BashOperator): delete_tag>, create_tag already registered for DAG: example_complex
[2023-10-22T16:45:49.834+0000] {processor.py:753} INFO - DAG(s) dict_keys(['example_complex']) retrieved from /home/airflow/.local/lib/python3.7/site-packages/airflow/example_dags/example_complex.py
[2023-10-22T16:45:49.858+0000] {logging_mixin.py:137} INFO - [2023-10-22T16:45:49.858+0000] {dag.py:2690} INFO - Sync 1 DAGs
[2023-10-22T16:45:49.876+0000] {logging_mixin.py:137} INFO - [2023-10-22T16:45:49.876+0000] {dag.py:3441} INFO - Setting next_dagrun for example_complex to None, run_after=None
[2023-10-22T16:45:49.887+0000] {processor.py:175} INFO - Processing /home/airflow/.local/lib/python3.7/site-packages/airflow/example_dags/example_complex.py took 0.075 seconds
[2023-10-22T16:46:20.668+0000] {processor.py:153} INFO - Started process (PID=10933) to work on /home/airflow/.local/lib/python3.7/site-packages/airflow/example_dags/example_complex.py
[2023-10-22T16:46:20.668+0000] {processor.py:743} INFO - Processing file /home/airflow/.local/lib/python3.7/site-packages/airflow/example_dags/example_complex.py for tasks to queue
[2023-10-22T16:46:20.668+0000] {logging_mixin.py:137} INFO - [2023-10-22T16:46:20.668+0000] {dagbag.py:538} INFO - Filling up the DagBag from /home/airflow/.local/lib/python3.7/site-packages/airflow/example_dags/example_complex.py
[2023-10-22T16:46:20.675+0000] {logging_mixin.py:137} INFO - [2023-10-22T16:46:20.674+0000] {taskmixin.py:205} WARNING - Dependency <Task(BashOperator): create_entry_group>, delete_entry_group already registered for DAG: example_complex
[2023-10-22T16:46:20.675+0000] {logging_mixin.py:137} INFO - [2023-10-22T16:46:20.675+0000] {taskmixin.py:205} WARNING - Dependency <Task(BashOperator): delete_entry_group>, create_entry_group already registered for DAG: example_complex
[2023-10-22T16:46:20.675+0000] {logging_mixin.py:137} INFO - [2023-10-22T16:46:20.675+0000] {taskmixin.py:205} WARNING - Dependency <Task(BashOperator): create_entry_gcs>, delete_entry already registered for DAG: example_complex
[2023-10-22T16:46:20.675+0000] {logging_mixin.py:137} INFO - [2023-10-22T16:46:20.675+0000] {taskmixin.py:205} WARNING - Dependency <Task(BashOperator): delete_entry>, create_entry_gcs already registered for DAG: example_complex
[2023-10-22T16:46:20.675+0000] {logging_mixin.py:137} INFO - [2023-10-22T16:46:20.675+0000] {taskmixin.py:205} WARNING - Dependency <Task(BashOperator): create_tag>, delete_tag already registered for DAG: example_complex
[2023-10-22T16:46:20.676+0000] {logging_mixin.py:137} INFO - [2023-10-22T16:46:20.676+0000] {taskmixin.py:205} WARNING - Dependency <Task(BashOperator): delete_tag>, create_tag already registered for DAG: example_complex
[2023-10-22T16:46:20.680+0000] {processor.py:753} INFO - DAG(s) dict_keys(['example_complex']) retrieved from /home/airflow/.local/lib/python3.7/site-packages/airflow/example_dags/example_complex.py
[2023-10-22T16:46:20.695+0000] {logging_mixin.py:137} INFO - [2023-10-22T16:46:20.695+0000] {dag.py:2690} INFO - Sync 1 DAGs
[2023-10-22T16:46:20.706+0000] {logging_mixin.py:137} INFO - [2023-10-22T16:46:20.706+0000] {dag.py:3441} INFO - Setting next_dagrun for example_complex to None, run_after=None
[2023-10-22T16:46:20.714+0000] {processor.py:175} INFO - Processing /home/airflow/.local/lib/python3.7/site-packages/airflow/example_dags/example_complex.py took 0.049 seconds
[2023-10-22T17:02:07.540+0000] {processor.py:153} INFO - Started process (PID=11009) to work on /home/airflow/.local/lib/python3.7/site-packages/airflow/example_dags/example_complex.py
[2023-10-22T17:02:07.540+0000] {processor.py:743} INFO - Processing file /home/airflow/.local/lib/python3.7/site-packages/airflow/example_dags/example_complex.py for tasks to queue
[2023-10-22T17:02:07.540+0000] {logging_mixin.py:137} INFO - [2023-10-22T17:02:07.540+0000] {dagbag.py:538} INFO - Filling up the DagBag from /home/airflow/.local/lib/python3.7/site-packages/airflow/example_dags/example_complex.py
[2023-10-22T17:02:07.547+0000] {logging_mixin.py:137} INFO - [2023-10-22T17:02:07.547+0000] {taskmixin.py:205} WARNING - Dependency <Task(BashOperator): create_entry_group>, delete_entry_group already registered for DAG: example_complex
[2023-10-22T17:02:07.547+0000] {logging_mixin.py:137} INFO - [2023-10-22T17:02:07.547+0000] {taskmixin.py:205} WARNING - Dependency <Task(BashOperator): delete_entry_group>, create_entry_group already registered for DAG: example_complex
[2023-10-22T17:02:07.547+0000] {logging_mixin.py:137} INFO - [2023-10-22T17:02:07.547+0000] {taskmixin.py:205} WARNING - Dependency <Task(BashOperator): create_entry_gcs>, delete_entry already registered for DAG: example_complex
[2023-10-22T17:02:07.547+0000] {logging_mixin.py:137} INFO - [2023-10-22T17:02:07.547+0000] {taskmixin.py:205} WARNING - Dependency <Task(BashOperator): delete_entry>, create_entry_gcs already registered for DAG: example_complex
[2023-10-22T17:02:07.548+0000] {logging_mixin.py:137} INFO - [2023-10-22T17:02:07.548+0000] {taskmixin.py:205} WARNING - Dependency <Task(BashOperator): create_tag>, delete_tag already registered for DAG: example_complex
[2023-10-22T17:02:07.548+0000] {logging_mixin.py:137} INFO - [2023-10-22T17:02:07.548+0000] {taskmixin.py:205} WARNING - Dependency <Task(BashOperator): delete_tag>, create_tag already registered for DAG: example_complex
[2023-10-22T17:02:07.552+0000] {processor.py:753} INFO - DAG(s) dict_keys(['example_complex']) retrieved from /home/airflow/.local/lib/python3.7/site-packages/airflow/example_dags/example_complex.py
[2023-10-22T17:02:07.568+0000] {logging_mixin.py:137} INFO - [2023-10-22T17:02:07.568+0000] {dag.py:2690} INFO - Sync 1 DAGs
[2023-10-22T17:02:07.580+0000] {logging_mixin.py:137} INFO - [2023-10-22T17:02:07.580+0000] {dag.py:3441} INFO - Setting next_dagrun for example_complex to None, run_after=None
[2023-10-22T17:02:07.590+0000] {processor.py:175} INFO - Processing /home/airflow/.local/lib/python3.7/site-packages/airflow/example_dags/example_complex.py took 0.052 seconds
[2023-10-22T18:08:06.291+0000] {processor.py:153} INFO - Started process (PID=11103) to work on /home/airflow/.local/lib/python3.7/site-packages/airflow/example_dags/example_complex.py
[2023-10-22T18:08:06.292+0000] {processor.py:743} INFO - Processing file /home/airflow/.local/lib/python3.7/site-packages/airflow/example_dags/example_complex.py for tasks to queue
[2023-10-22T18:08:06.292+0000] {logging_mixin.py:137} INFO - [2023-10-22T18:08:06.292+0000] {dagbag.py:538} INFO - Filling up the DagBag from /home/airflow/.local/lib/python3.7/site-packages/airflow/example_dags/example_complex.py
[2023-10-22T18:08:06.298+0000] {logging_mixin.py:137} INFO - [2023-10-22T18:08:06.298+0000] {taskmixin.py:205} WARNING - Dependency <Task(BashOperator): create_entry_group>, delete_entry_group already registered for DAG: example_complex
[2023-10-22T18:08:06.298+0000] {logging_mixin.py:137} INFO - [2023-10-22T18:08:06.298+0000] {taskmixin.py:205} WARNING - Dependency <Task(BashOperator): delete_entry_group>, create_entry_group already registered for DAG: example_complex
[2023-10-22T18:08:06.298+0000] {logging_mixin.py:137} INFO - [2023-10-22T18:08:06.298+0000] {taskmixin.py:205} WARNING - Dependency <Task(BashOperator): create_entry_gcs>, delete_entry already registered for DAG: example_complex
[2023-10-22T18:08:06.299+0000] {logging_mixin.py:137} INFO - [2023-10-22T18:08:06.299+0000] {taskmixin.py:205} WARNING - Dependency <Task(BashOperator): delete_entry>, create_entry_gcs already registered for DAG: example_complex
[2023-10-22T18:08:06.299+0000] {logging_mixin.py:137} INFO - [2023-10-22T18:08:06.299+0000] {taskmixin.py:205} WARNING - Dependency <Task(BashOperator): create_tag>, delete_tag already registered for DAG: example_complex
[2023-10-22T18:08:06.299+0000] {logging_mixin.py:137} INFO - [2023-10-22T18:08:06.299+0000] {taskmixin.py:205} WARNING - Dependency <Task(BashOperator): delete_tag>, create_tag already registered for DAG: example_complex
[2023-10-22T18:08:06.303+0000] {processor.py:753} INFO - DAG(s) dict_keys(['example_complex']) retrieved from /home/airflow/.local/lib/python3.7/site-packages/airflow/example_dags/example_complex.py
[2023-10-22T18:08:06.319+0000] {logging_mixin.py:137} INFO - [2023-10-22T18:08:06.319+0000] {dag.py:2690} INFO - Sync 1 DAGs
[2023-10-22T18:08:06.331+0000] {logging_mixin.py:137} INFO - [2023-10-22T18:08:06.330+0000] {dag.py:3441} INFO - Setting next_dagrun for example_complex to None, run_after=None
[2023-10-22T18:08:06.339+0000] {processor.py:175} INFO - Processing /home/airflow/.local/lib/python3.7/site-packages/airflow/example_dags/example_complex.py took 0.050 seconds
[2023-10-22T18:41:33.222+0000] {processor.py:153} INFO - Started process (PID=11197) to work on /home/airflow/.local/lib/python3.7/site-packages/airflow/example_dags/example_complex.py
[2023-10-22T18:41:33.223+0000] {processor.py:743} INFO - Processing file /home/airflow/.local/lib/python3.7/site-packages/airflow/example_dags/example_complex.py for tasks to queue
[2023-10-22T18:41:33.223+0000] {logging_mixin.py:137} INFO - [2023-10-22T18:41:33.223+0000] {dagbag.py:538} INFO - Filling up the DagBag from /home/airflow/.local/lib/python3.7/site-packages/airflow/example_dags/example_complex.py
[2023-10-22T18:41:33.230+0000] {logging_mixin.py:137} INFO - [2023-10-22T18:41:33.230+0000] {taskmixin.py:205} WARNING - Dependency <Task(BashOperator): create_entry_group>, delete_entry_group already registered for DAG: example_complex
[2023-10-22T18:41:33.230+0000] {logging_mixin.py:137} INFO - [2023-10-22T18:41:33.230+0000] {taskmixin.py:205} WARNING - Dependency <Task(BashOperator): delete_entry_group>, create_entry_group already registered for DAG: example_complex
[2023-10-22T18:41:33.231+0000] {logging_mixin.py:137} INFO - [2023-10-22T18:41:33.231+0000] {taskmixin.py:205} WARNING - Dependency <Task(BashOperator): create_entry_gcs>, delete_entry already registered for DAG: example_complex
[2023-10-22T18:41:33.231+0000] {logging_mixin.py:137} INFO - [2023-10-22T18:41:33.231+0000] {taskmixin.py:205} WARNING - Dependency <Task(BashOperator): delete_entry>, create_entry_gcs already registered for DAG: example_complex
[2023-10-22T18:41:33.231+0000] {logging_mixin.py:137} INFO - [2023-10-22T18:41:33.231+0000] {taskmixin.py:205} WARNING - Dependency <Task(BashOperator): create_tag>, delete_tag already registered for DAG: example_complex
[2023-10-22T18:41:33.231+0000] {logging_mixin.py:137} INFO - [2023-10-22T18:41:33.231+0000] {taskmixin.py:205} WARNING - Dependency <Task(BashOperator): delete_tag>, create_tag already registered for DAG: example_complex
[2023-10-22T18:41:33.236+0000] {processor.py:753} INFO - DAG(s) dict_keys(['example_complex']) retrieved from /home/airflow/.local/lib/python3.7/site-packages/airflow/example_dags/example_complex.py
[2023-10-22T18:41:33.252+0000] {logging_mixin.py:137} INFO - [2023-10-22T18:41:33.252+0000] {dag.py:2690} INFO - Sync 1 DAGs
[2023-10-22T18:41:33.264+0000] {logging_mixin.py:137} INFO - [2023-10-22T18:41:33.264+0000] {dag.py:3441} INFO - Setting next_dagrun for example_complex to None, run_after=None
[2023-10-22T18:41:33.273+0000] {processor.py:175} INFO - Processing /home/airflow/.local/lib/python3.7/site-packages/airflow/example_dags/example_complex.py took 0.053 seconds
[2023-10-22T19:57:25.855+0000] {processor.py:153} INFO - Started process (PID=11273) to work on /home/airflow/.local/lib/python3.7/site-packages/airflow/example_dags/example_complex.py
[2023-10-22T19:57:25.856+0000] {processor.py:743} INFO - Processing file /home/airflow/.local/lib/python3.7/site-packages/airflow/example_dags/example_complex.py for tasks to queue
[2023-10-22T19:57:25.856+0000] {logging_mixin.py:137} INFO - [2023-10-22T19:57:25.856+0000] {dagbag.py:538} INFO - Filling up the DagBag from /home/airflow/.local/lib/python3.7/site-packages/airflow/example_dags/example_complex.py
[2023-10-22T19:57:25.862+0000] {logging_mixin.py:137} INFO - [2023-10-22T19:57:25.862+0000] {taskmixin.py:205} WARNING - Dependency <Task(BashOperator): create_entry_group>, delete_entry_group already registered for DAG: example_complex
[2023-10-22T19:57:25.863+0000] {logging_mixin.py:137} INFO - [2023-10-22T19:57:25.863+0000] {taskmixin.py:205} WARNING - Dependency <Task(BashOperator): delete_entry_group>, create_entry_group already registered for DAG: example_complex
[2023-10-22T19:57:25.863+0000] {logging_mixin.py:137} INFO - [2023-10-22T19:57:25.863+0000] {taskmixin.py:205} WARNING - Dependency <Task(BashOperator): create_entry_gcs>, delete_entry already registered for DAG: example_complex
[2023-10-22T19:57:25.863+0000] {logging_mixin.py:137} INFO - [2023-10-22T19:57:25.863+0000] {taskmixin.py:205} WARNING - Dependency <Task(BashOperator): delete_entry>, create_entry_gcs already registered for DAG: example_complex
[2023-10-22T19:57:25.864+0000] {logging_mixin.py:137} INFO - [2023-10-22T19:57:25.863+0000] {taskmixin.py:205} WARNING - Dependency <Task(BashOperator): create_tag>, delete_tag already registered for DAG: example_complex
[2023-10-22T19:57:25.864+0000] {logging_mixin.py:137} INFO - [2023-10-22T19:57:25.864+0000] {taskmixin.py:205} WARNING - Dependency <Task(BashOperator): delete_tag>, create_tag already registered for DAG: example_complex
[2023-10-22T19:57:25.868+0000] {processor.py:753} INFO - DAG(s) dict_keys(['example_complex']) retrieved from /home/airflow/.local/lib/python3.7/site-packages/airflow/example_dags/example_complex.py
[2023-10-22T19:57:25.884+0000] {logging_mixin.py:137} INFO - [2023-10-22T19:57:25.884+0000] {dag.py:2690} INFO - Sync 1 DAGs
[2023-10-22T19:57:25.896+0000] {logging_mixin.py:137} INFO - [2023-10-22T19:57:25.896+0000] {dag.py:3441} INFO - Setting next_dagrun for example_complex to None, run_after=None
[2023-10-22T19:57:25.905+0000] {processor.py:175} INFO - Processing /home/airflow/.local/lib/python3.7/site-packages/airflow/example_dags/example_complex.py took 0.051 seconds
[2023-10-22T21:10:38.122+0000] {processor.py:153} INFO - Started process (PID=11367) to work on /home/airflow/.local/lib/python3.7/site-packages/airflow/example_dags/example_complex.py
[2023-10-22T21:10:38.122+0000] {processor.py:743} INFO - Processing file /home/airflow/.local/lib/python3.7/site-packages/airflow/example_dags/example_complex.py for tasks to queue
[2023-10-22T21:10:38.123+0000] {logging_mixin.py:137} INFO - [2023-10-22T21:10:38.123+0000] {dagbag.py:538} INFO - Filling up the DagBag from /home/airflow/.local/lib/python3.7/site-packages/airflow/example_dags/example_complex.py
[2023-10-22T21:10:38.129+0000] {logging_mixin.py:137} INFO - [2023-10-22T21:10:38.129+0000] {taskmixin.py:205} WARNING - Dependency <Task(BashOperator): create_entry_group>, delete_entry_group already registered for DAG: example_complex
[2023-10-22T21:10:38.129+0000] {logging_mixin.py:137} INFO - [2023-10-22T21:10:38.129+0000] {taskmixin.py:205} WARNING - Dependency <Task(BashOperator): delete_entry_group>, create_entry_group already registered for DAG: example_complex
[2023-10-22T21:10:38.129+0000] {logging_mixin.py:137} INFO - [2023-10-22T21:10:38.129+0000] {taskmixin.py:205} WARNING - Dependency <Task(BashOperator): create_entry_gcs>, delete_entry already registered for DAG: example_complex
[2023-10-22T21:10:38.130+0000] {logging_mixin.py:137} INFO - [2023-10-22T21:10:38.130+0000] {taskmixin.py:205} WARNING - Dependency <Task(BashOperator): delete_entry>, create_entry_gcs already registered for DAG: example_complex
[2023-10-22T21:10:38.130+0000] {logging_mixin.py:137} INFO - [2023-10-22T21:10:38.130+0000] {taskmixin.py:205} WARNING - Dependency <Task(BashOperator): create_tag>, delete_tag already registered for DAG: example_complex
[2023-10-22T21:10:38.130+0000] {logging_mixin.py:137} INFO - [2023-10-22T21:10:38.130+0000] {taskmixin.py:205} WARNING - Dependency <Task(BashOperator): delete_tag>, create_tag already registered for DAG: example_complex
[2023-10-22T21:10:38.134+0000] {processor.py:753} INFO - DAG(s) dict_keys(['example_complex']) retrieved from /home/airflow/.local/lib/python3.7/site-packages/airflow/example_dags/example_complex.py
[2023-10-22T21:10:38.151+0000] {logging_mixin.py:137} INFO - [2023-10-22T21:10:38.150+0000] {dag.py:2690} INFO - Sync 1 DAGs
[2023-10-22T21:10:38.162+0000] {logging_mixin.py:137} INFO - [2023-10-22T21:10:38.162+0000] {dag.py:3441} INFO - Setting next_dagrun for example_complex to None, run_after=None
[2023-10-22T21:10:38.170+0000] {processor.py:175} INFO - Processing /home/airflow/.local/lib/python3.7/site-packages/airflow/example_dags/example_complex.py took 0.050 seconds
[2023-10-22T22:36:23.437+0000] {processor.py:153} INFO - Started process (PID=11452) to work on /home/airflow/.local/lib/python3.7/site-packages/airflow/example_dags/example_complex.py
[2023-10-22T22:36:23.437+0000] {processor.py:743} INFO - Processing file /home/airflow/.local/lib/python3.7/site-packages/airflow/example_dags/example_complex.py for tasks to queue
[2023-10-22T22:36:23.438+0000] {logging_mixin.py:137} INFO - [2023-10-22T22:36:23.438+0000] {dagbag.py:538} INFO - Filling up the DagBag from /home/airflow/.local/lib/python3.7/site-packages/airflow/example_dags/example_complex.py
[2023-10-22T22:36:23.445+0000] {logging_mixin.py:137} INFO - [2023-10-22T22:36:23.445+0000] {taskmixin.py:205} WARNING - Dependency <Task(BashOperator): create_entry_group>, delete_entry_group already registered for DAG: example_complex
[2023-10-22T22:36:23.445+0000] {logging_mixin.py:137} INFO - [2023-10-22T22:36:23.445+0000] {taskmixin.py:205} WARNING - Dependency <Task(BashOperator): delete_entry_group>, create_entry_group already registered for DAG: example_complex
[2023-10-22T22:36:23.446+0000] {logging_mixin.py:137} INFO - [2023-10-22T22:36:23.446+0000] {taskmixin.py:205} WARNING - Dependency <Task(BashOperator): create_entry_gcs>, delete_entry already registered for DAG: example_complex
[2023-10-22T22:36:23.446+0000] {logging_mixin.py:137} INFO - [2023-10-22T22:36:23.446+0000] {taskmixin.py:205} WARNING - Dependency <Task(BashOperator): delete_entry>, create_entry_gcs already registered for DAG: example_complex
[2023-10-22T22:36:23.446+0000] {logging_mixin.py:137} INFO - [2023-10-22T22:36:23.446+0000] {taskmixin.py:205} WARNING - Dependency <Task(BashOperator): create_tag>, delete_tag already registered for DAG: example_complex
[2023-10-22T22:36:23.446+0000] {logging_mixin.py:137} INFO - [2023-10-22T22:36:23.446+0000] {taskmixin.py:205} WARNING - Dependency <Task(BashOperator): delete_tag>, create_tag already registered for DAG: example_complex
[2023-10-22T22:36:23.450+0000] {processor.py:753} INFO - DAG(s) dict_keys(['example_complex']) retrieved from /home/airflow/.local/lib/python3.7/site-packages/airflow/example_dags/example_complex.py
[2023-10-22T22:36:23.475+0000] {logging_mixin.py:137} INFO - [2023-10-22T22:36:23.475+0000] {dag.py:2690} INFO - Sync 1 DAGs
[2023-10-22T22:36:23.519+0000] {logging_mixin.py:137} INFO - [2023-10-22T22:36:23.519+0000] {dag.py:3441} INFO - Setting next_dagrun for example_complex to None, run_after=None
[2023-10-22T22:36:23.553+0000] {processor.py:175} INFO - Processing /home/airflow/.local/lib/python3.7/site-packages/airflow/example_dags/example_complex.py took 0.119 seconds
[2023-10-22T23:59:40.983+0000] {processor.py:153} INFO - Started process (PID=11537) to work on /home/airflow/.local/lib/python3.7/site-packages/airflow/example_dags/example_complex.py
[2023-10-22T23:59:40.983+0000] {processor.py:743} INFO - Processing file /home/airflow/.local/lib/python3.7/site-packages/airflow/example_dags/example_complex.py for tasks to queue
[2023-10-22T23:59:40.984+0000] {logging_mixin.py:137} INFO - [2023-10-22T23:59:40.984+0000] {dagbag.py:538} INFO - Filling up the DagBag from /home/airflow/.local/lib/python3.7/site-packages/airflow/example_dags/example_complex.py
[2023-10-22T23:59:40.990+0000] {logging_mixin.py:137} INFO - [2023-10-22T23:59:40.990+0000] {taskmixin.py:205} WARNING - Dependency <Task(BashOperator): create_entry_group>, delete_entry_group already registered for DAG: example_complex
[2023-10-22T23:59:40.990+0000] {logging_mixin.py:137} INFO - [2023-10-22T23:59:40.990+0000] {taskmixin.py:205} WARNING - Dependency <Task(BashOperator): delete_entry_group>, create_entry_group already registered for DAG: example_complex
[2023-10-22T23:59:40.991+0000] {logging_mixin.py:137} INFO - [2023-10-22T23:59:40.991+0000] {taskmixin.py:205} WARNING - Dependency <Task(BashOperator): create_entry_gcs>, delete_entry already registered for DAG: example_complex
[2023-10-22T23:59:40.991+0000] {logging_mixin.py:137} INFO - [2023-10-22T23:59:40.991+0000] {taskmixin.py:205} WARNING - Dependency <Task(BashOperator): delete_entry>, create_entry_gcs already registered for DAG: example_complex
[2023-10-22T23:59:40.991+0000] {logging_mixin.py:137} INFO - [2023-10-22T23:59:40.991+0000] {taskmixin.py:205} WARNING - Dependency <Task(BashOperator): create_tag>, delete_tag already registered for DAG: example_complex
[2023-10-22T23:59:40.991+0000] {logging_mixin.py:137} INFO - [2023-10-22T23:59:40.991+0000] {taskmixin.py:205} WARNING - Dependency <Task(BashOperator): delete_tag>, create_tag already registered for DAG: example_complex
[2023-10-22T23:59:40.995+0000] {processor.py:753} INFO - DAG(s) dict_keys(['example_complex']) retrieved from /home/airflow/.local/lib/python3.7/site-packages/airflow/example_dags/example_complex.py
[2023-10-22T23:59:41.010+0000] {logging_mixin.py:137} INFO - [2023-10-22T23:59:41.010+0000] {dag.py:2690} INFO - Sync 1 DAGs
[2023-10-22T23:59:41.021+0000] {logging_mixin.py:137} INFO - [2023-10-22T23:59:41.021+0000] {dag.py:3441} INFO - Setting next_dagrun for example_complex to None, run_after=None
[2023-10-22T23:59:41.029+0000] {processor.py:175} INFO - Processing /home/airflow/.local/lib/python3.7/site-packages/airflow/example_dags/example_complex.py took 0.048 seconds
