[2023-10-22T01:17:21.151+0000] {processor.py:153} INFO - Started process (PID=9721) to work on /home/airflow/.local/lib/python3.7/site-packages/airflow/example_dags/example_dag_decorator.py
[2023-10-22T01:17:21.151+0000] {processor.py:743} INFO - Processing file /home/airflow/.local/lib/python3.7/site-packages/airflow/example_dags/example_dag_decorator.py for tasks to queue
[2023-10-22T01:17:21.152+0000] {logging_mixin.py:137} INFO - [2023-10-22T01:17:21.152+0000] {dagbag.py:538} INFO - Filling up the DagBag from /home/airflow/.local/lib/python3.7/site-packages/airflow/example_dags/example_dag_decorator.py
[2023-10-22T01:17:21.161+0000] {logging_mixin.py:137} INFO - [2023-10-22T01:17:21.161+0000] {taskmixin.py:205} WARNING - Dependency <Task(_PythonDecoratedOperator): prepare_email>, send_email already registered for DAG: example_dag_decorator
[2023-10-22T01:17:21.161+0000] {logging_mixin.py:137} INFO - [2023-10-22T01:17:21.161+0000] {taskmixin.py:205} WARNING - Dependency <Task(EmailOperator): send_email>, prepare_email already registered for DAG: example_dag_decorator
[2023-10-22T01:17:21.168+0000] {processor.py:753} INFO - DAG(s) dict_keys(['example_dag_decorator']) retrieved from /home/airflow/.local/lib/python3.7/site-packages/airflow/example_dags/example_dag_decorator.py
[2023-10-22T01:17:21.200+0000] {logging_mixin.py:137} INFO - [2023-10-22T01:17:21.200+0000] {dag.py:2690} INFO - Sync 1 DAGs
[2023-10-22T01:17:21.210+0000] {logging_mixin.py:137} INFO - [2023-10-22T01:17:21.210+0000] {dag.py:3441} INFO - Setting next_dagrun for example_dag_decorator to None, run_after=None
[2023-10-22T01:17:21.219+0000] {processor.py:175} INFO - Processing /home/airflow/.local/lib/python3.7/site-packages/airflow/example_dags/example_dag_decorator.py took 0.070 seconds
[2023-10-22T02:40:01.661+0000] {processor.py:153} INFO - Started process (PID=9797) to work on /home/airflow/.local/lib/python3.7/site-packages/airflow/example_dags/example_dag_decorator.py
[2023-10-22T02:40:01.662+0000] {processor.py:743} INFO - Processing file /home/airflow/.local/lib/python3.7/site-packages/airflow/example_dags/example_dag_decorator.py for tasks to queue
[2023-10-22T02:40:01.662+0000] {logging_mixin.py:137} INFO - [2023-10-22T02:40:01.662+0000] {dagbag.py:538} INFO - Filling up the DagBag from /home/airflow/.local/lib/python3.7/site-packages/airflow/example_dags/example_dag_decorator.py
[2023-10-22T02:40:01.671+0000] {logging_mixin.py:137} INFO - [2023-10-22T02:40:01.671+0000] {taskmixin.py:205} WARNING - Dependency <Task(_PythonDecoratedOperator): prepare_email>, send_email already registered for DAG: example_dag_decorator
[2023-10-22T02:40:01.671+0000] {logging_mixin.py:137} INFO - [2023-10-22T02:40:01.671+0000] {taskmixin.py:205} WARNING - Dependency <Task(EmailOperator): send_email>, prepare_email already registered for DAG: example_dag_decorator
[2023-10-22T02:40:01.679+0000] {processor.py:753} INFO - DAG(s) dict_keys(['example_dag_decorator']) retrieved from /home/airflow/.local/lib/python3.7/site-packages/airflow/example_dags/example_dag_decorator.py
[2023-10-22T02:40:01.712+0000] {logging_mixin.py:137} INFO - [2023-10-22T02:40:01.712+0000] {dag.py:2690} INFO - Sync 1 DAGs
[2023-10-22T02:40:01.723+0000] {logging_mixin.py:137} INFO - [2023-10-22T02:40:01.723+0000] {dag.py:3441} INFO - Setting next_dagrun for example_dag_decorator to None, run_after=None
[2023-10-22T02:40:01.732+0000] {processor.py:175} INFO - Processing /home/airflow/.local/lib/python3.7/site-packages/airflow/example_dags/example_dag_decorator.py took 0.073 seconds
[2023-10-22T03:51:39.893+0000] {processor.py:153} INFO - Started process (PID=9891) to work on /home/airflow/.local/lib/python3.7/site-packages/airflow/example_dags/example_dag_decorator.py
[2023-10-22T03:51:39.893+0000] {processor.py:743} INFO - Processing file /home/airflow/.local/lib/python3.7/site-packages/airflow/example_dags/example_dag_decorator.py for tasks to queue
[2023-10-22T03:51:39.894+0000] {logging_mixin.py:137} INFO - [2023-10-22T03:51:39.893+0000] {dagbag.py:538} INFO - Filling up the DagBag from /home/airflow/.local/lib/python3.7/site-packages/airflow/example_dags/example_dag_decorator.py
[2023-10-22T03:51:39.903+0000] {logging_mixin.py:137} INFO - [2023-10-22T03:51:39.903+0000] {taskmixin.py:205} WARNING - Dependency <Task(_PythonDecoratedOperator): prepare_email>, send_email already registered for DAG: example_dag_decorator
[2023-10-22T03:51:39.903+0000] {logging_mixin.py:137} INFO - [2023-10-22T03:51:39.903+0000] {taskmixin.py:205} WARNING - Dependency <Task(EmailOperator): send_email>, prepare_email already registered for DAG: example_dag_decorator
[2023-10-22T03:51:39.910+0000] {processor.py:753} INFO - DAG(s) dict_keys(['example_dag_decorator']) retrieved from /home/airflow/.local/lib/python3.7/site-packages/airflow/example_dags/example_dag_decorator.py
[2023-10-22T03:51:39.941+0000] {logging_mixin.py:137} INFO - [2023-10-22T03:51:39.941+0000] {dag.py:2690} INFO - Sync 1 DAGs
[2023-10-22T03:51:39.952+0000] {logging_mixin.py:137} INFO - [2023-10-22T03:51:39.952+0000] {dag.py:3441} INFO - Setting next_dagrun for example_dag_decorator to None, run_after=None
[2023-10-22T03:51:39.961+0000] {processor.py:175} INFO - Processing /home/airflow/.local/lib/python3.7/site-packages/airflow/example_dags/example_dag_decorator.py took 0.070 seconds
[2023-10-22T05:13:52.088+0000] {processor.py:153} INFO - Started process (PID=9985) to work on /home/airflow/.local/lib/python3.7/site-packages/airflow/example_dags/example_dag_decorator.py
[2023-10-22T05:13:52.088+0000] {processor.py:743} INFO - Processing file /home/airflow/.local/lib/python3.7/site-packages/airflow/example_dags/example_dag_decorator.py for tasks to queue
[2023-10-22T05:13:52.089+0000] {logging_mixin.py:137} INFO - [2023-10-22T05:13:52.089+0000] {dagbag.py:538} INFO - Filling up the DagBag from /home/airflow/.local/lib/python3.7/site-packages/airflow/example_dags/example_dag_decorator.py
[2023-10-22T05:13:52.099+0000] {logging_mixin.py:137} INFO - [2023-10-22T05:13:52.099+0000] {taskmixin.py:205} WARNING - Dependency <Task(_PythonDecoratedOperator): prepare_email>, send_email already registered for DAG: example_dag_decorator
[2023-10-22T05:13:52.099+0000] {logging_mixin.py:137} INFO - [2023-10-22T05:13:52.099+0000] {taskmixin.py:205} WARNING - Dependency <Task(EmailOperator): send_email>, prepare_email already registered for DAG: example_dag_decorator
[2023-10-22T05:13:52.108+0000] {processor.py:753} INFO - DAG(s) dict_keys(['example_dag_decorator']) retrieved from /home/airflow/.local/lib/python3.7/site-packages/airflow/example_dags/example_dag_decorator.py
[2023-10-22T05:13:52.143+0000] {logging_mixin.py:137} INFO - [2023-10-22T05:13:52.143+0000] {dag.py:2690} INFO - Sync 1 DAGs
[2023-10-22T05:13:52.154+0000] {logging_mixin.py:137} INFO - [2023-10-22T05:13:52.154+0000] {dag.py:3441} INFO - Setting next_dagrun for example_dag_decorator to None, run_after=None
[2023-10-22T05:13:52.163+0000] {processor.py:175} INFO - Processing /home/airflow/.local/lib/python3.7/site-packages/airflow/example_dags/example_dag_decorator.py took 0.078 seconds
[2023-10-22T06:36:48.766+0000] {processor.py:153} INFO - Started process (PID=10061) to work on /home/airflow/.local/lib/python3.7/site-packages/airflow/example_dags/example_dag_decorator.py
[2023-10-22T06:36:48.766+0000] {processor.py:743} INFO - Processing file /home/airflow/.local/lib/python3.7/site-packages/airflow/example_dags/example_dag_decorator.py for tasks to queue
[2023-10-22T06:36:48.767+0000] {logging_mixin.py:137} INFO - [2023-10-22T06:36:48.767+0000] {dagbag.py:538} INFO - Filling up the DagBag from /home/airflow/.local/lib/python3.7/site-packages/airflow/example_dags/example_dag_decorator.py
[2023-10-22T06:36:48.776+0000] {logging_mixin.py:137} INFO - [2023-10-22T06:36:48.776+0000] {taskmixin.py:205} WARNING - Dependency <Task(_PythonDecoratedOperator): prepare_email>, send_email already registered for DAG: example_dag_decorator
[2023-10-22T06:36:48.776+0000] {logging_mixin.py:137} INFO - [2023-10-22T06:36:48.776+0000] {taskmixin.py:205} WARNING - Dependency <Task(EmailOperator): send_email>, prepare_email already registered for DAG: example_dag_decorator
[2023-10-22T06:36:48.784+0000] {processor.py:753} INFO - DAG(s) dict_keys(['example_dag_decorator']) retrieved from /home/airflow/.local/lib/python3.7/site-packages/airflow/example_dags/example_dag_decorator.py
[2023-10-22T06:36:48.815+0000] {logging_mixin.py:137} INFO - [2023-10-22T06:36:48.815+0000] {dag.py:2690} INFO - Sync 1 DAGs
[2023-10-22T06:36:48.827+0000] {logging_mixin.py:137} INFO - [2023-10-22T06:36:48.827+0000] {dag.py:3441} INFO - Setting next_dagrun for example_dag_decorator to None, run_after=None
[2023-10-22T06:36:48.836+0000] {processor.py:175} INFO - Processing /home/airflow/.local/lib/python3.7/site-packages/airflow/example_dags/example_dag_decorator.py took 0.072 seconds
[2023-10-22T07:57:13.839+0000] {processor.py:153} INFO - Started process (PID=10155) to work on /home/airflow/.local/lib/python3.7/site-packages/airflow/example_dags/example_dag_decorator.py
[2023-10-22T07:57:13.840+0000] {processor.py:743} INFO - Processing file /home/airflow/.local/lib/python3.7/site-packages/airflow/example_dags/example_dag_decorator.py for tasks to queue
[2023-10-22T07:57:13.840+0000] {logging_mixin.py:137} INFO - [2023-10-22T07:57:13.840+0000] {dagbag.py:538} INFO - Filling up the DagBag from /home/airflow/.local/lib/python3.7/site-packages/airflow/example_dags/example_dag_decorator.py
[2023-10-22T07:57:13.850+0000] {logging_mixin.py:137} INFO - [2023-10-22T07:57:13.849+0000] {taskmixin.py:205} WARNING - Dependency <Task(_PythonDecoratedOperator): prepare_email>, send_email already registered for DAG: example_dag_decorator
[2023-10-22T07:57:13.850+0000] {logging_mixin.py:137} INFO - [2023-10-22T07:57:13.850+0000] {taskmixin.py:205} WARNING - Dependency <Task(EmailOperator): send_email>, prepare_email already registered for DAG: example_dag_decorator
[2023-10-22T07:57:13.857+0000] {processor.py:753} INFO - DAG(s) dict_keys(['example_dag_decorator']) retrieved from /home/airflow/.local/lib/python3.7/site-packages/airflow/example_dags/example_dag_decorator.py
[2023-10-22T07:57:13.889+0000] {logging_mixin.py:137} INFO - [2023-10-22T07:57:13.889+0000] {dag.py:2690} INFO - Sync 1 DAGs
[2023-10-22T07:57:13.899+0000] {logging_mixin.py:137} INFO - [2023-10-22T07:57:13.899+0000] {dag.py:3441} INFO - Setting next_dagrun for example_dag_decorator to None, run_after=None
[2023-10-22T07:57:13.908+0000] {processor.py:175} INFO - Processing /home/airflow/.local/lib/python3.7/site-packages/airflow/example_dags/example_dag_decorator.py took 0.071 seconds
[2023-10-22T09:18:56.650+0000] {processor.py:153} INFO - Started process (PID=10249) to work on /home/airflow/.local/lib/python3.7/site-packages/airflow/example_dags/example_dag_decorator.py
[2023-10-22T09:18:56.650+0000] {processor.py:743} INFO - Processing file /home/airflow/.local/lib/python3.7/site-packages/airflow/example_dags/example_dag_decorator.py for tasks to queue
[2023-10-22T09:18:56.651+0000] {logging_mixin.py:137} INFO - [2023-10-22T09:18:56.651+0000] {dagbag.py:538} INFO - Filling up the DagBag from /home/airflow/.local/lib/python3.7/site-packages/airflow/example_dags/example_dag_decorator.py
[2023-10-22T09:18:56.660+0000] {logging_mixin.py:137} INFO - [2023-10-22T09:18:56.659+0000] {taskmixin.py:205} WARNING - Dependency <Task(_PythonDecoratedOperator): prepare_email>, send_email already registered for DAG: example_dag_decorator
[2023-10-22T09:18:56.660+0000] {logging_mixin.py:137} INFO - [2023-10-22T09:18:56.660+0000] {taskmixin.py:205} WARNING - Dependency <Task(EmailOperator): send_email>, prepare_email already registered for DAG: example_dag_decorator
[2023-10-22T09:18:56.670+0000] {processor.py:753} INFO - DAG(s) dict_keys(['example_dag_decorator']) retrieved from /home/airflow/.local/lib/python3.7/site-packages/airflow/example_dags/example_dag_decorator.py
[2023-10-22T09:18:56.712+0000] {logging_mixin.py:137} INFO - [2023-10-22T09:18:56.712+0000] {dag.py:2690} INFO - Sync 1 DAGs
[2023-10-22T09:18:56.723+0000] {logging_mixin.py:137} INFO - [2023-10-22T09:18:56.723+0000] {dag.py:3441} INFO - Setting next_dagrun for example_dag_decorator to None, run_after=None
[2023-10-22T09:18:56.732+0000] {processor.py:175} INFO - Processing /home/airflow/.local/lib/python3.7/site-packages/airflow/example_dags/example_dag_decorator.py took 0.084 seconds
[2023-10-22T10:24:13.409+0000] {processor.py:153} INFO - Started process (PID=10325) to work on /home/airflow/.local/lib/python3.7/site-packages/airflow/example_dags/example_dag_decorator.py
[2023-10-22T10:24:13.409+0000] {processor.py:743} INFO - Processing file /home/airflow/.local/lib/python3.7/site-packages/airflow/example_dags/example_dag_decorator.py for tasks to queue
[2023-10-22T10:24:13.409+0000] {logging_mixin.py:137} INFO - [2023-10-22T10:24:13.409+0000] {dagbag.py:538} INFO - Filling up the DagBag from /home/airflow/.local/lib/python3.7/site-packages/airflow/example_dags/example_dag_decorator.py
[2023-10-22T10:24:13.419+0000] {logging_mixin.py:137} INFO - [2023-10-22T10:24:13.418+0000] {taskmixin.py:205} WARNING - Dependency <Task(_PythonDecoratedOperator): prepare_email>, send_email already registered for DAG: example_dag_decorator
[2023-10-22T10:24:13.419+0000] {logging_mixin.py:137} INFO - [2023-10-22T10:24:13.419+0000] {taskmixin.py:205} WARNING - Dependency <Task(EmailOperator): send_email>, prepare_email already registered for DAG: example_dag_decorator
[2023-10-22T10:24:13.426+0000] {processor.py:753} INFO - DAG(s) dict_keys(['example_dag_decorator']) retrieved from /home/airflow/.local/lib/python3.7/site-packages/airflow/example_dags/example_dag_decorator.py
[2023-10-22T10:24:13.457+0000] {logging_mixin.py:137} INFO - [2023-10-22T10:24:13.457+0000] {dag.py:2690} INFO - Sync 1 DAGs
[2023-10-22T10:24:13.468+0000] {logging_mixin.py:137} INFO - [2023-10-22T10:24:13.467+0000] {dag.py:3441} INFO - Setting next_dagrun for example_dag_decorator to None, run_after=None
[2023-10-22T10:24:13.476+0000] {processor.py:175} INFO - Processing /home/airflow/.local/lib/python3.7/site-packages/airflow/example_dags/example_dag_decorator.py took 0.069 seconds
[2023-10-22T11:27:51.314+0000] {processor.py:153} INFO - Started process (PID=10419) to work on /home/airflow/.local/lib/python3.7/site-packages/airflow/example_dags/example_dag_decorator.py
[2023-10-22T11:27:51.315+0000] {processor.py:743} INFO - Processing file /home/airflow/.local/lib/python3.7/site-packages/airflow/example_dags/example_dag_decorator.py for tasks to queue
[2023-10-22T11:27:51.315+0000] {logging_mixin.py:137} INFO - [2023-10-22T11:27:51.315+0000] {dagbag.py:538} INFO - Filling up the DagBag from /home/airflow/.local/lib/python3.7/site-packages/airflow/example_dags/example_dag_decorator.py
[2023-10-22T11:27:51.325+0000] {logging_mixin.py:137} INFO - [2023-10-22T11:27:51.324+0000] {taskmixin.py:205} WARNING - Dependency <Task(_PythonDecoratedOperator): prepare_email>, send_email already registered for DAG: example_dag_decorator
[2023-10-22T11:27:51.325+0000] {logging_mixin.py:137} INFO - [2023-10-22T11:27:51.325+0000] {taskmixin.py:205} WARNING - Dependency <Task(EmailOperator): send_email>, prepare_email already registered for DAG: example_dag_decorator
[2023-10-22T11:27:51.331+0000] {processor.py:753} INFO - DAG(s) dict_keys(['example_dag_decorator']) retrieved from /home/airflow/.local/lib/python3.7/site-packages/airflow/example_dags/example_dag_decorator.py
[2023-10-22T11:27:51.362+0000] {logging_mixin.py:137} INFO - [2023-10-22T11:27:51.362+0000] {dag.py:2690} INFO - Sync 1 DAGs
[2023-10-22T11:27:51.372+0000] {logging_mixin.py:137} INFO - [2023-10-22T11:27:51.372+0000] {dag.py:3441} INFO - Setting next_dagrun for example_dag_decorator to None, run_after=None
[2023-10-22T11:27:51.381+0000] {processor.py:175} INFO - Processing /home/airflow/.local/lib/python3.7/site-packages/airflow/example_dags/example_dag_decorator.py took 0.068 seconds
[2023-10-22T12:49:13.523+0000] {processor.py:153} INFO - Started process (PID=10496) to work on /home/airflow/.local/lib/python3.7/site-packages/airflow/example_dags/example_dag_decorator.py
[2023-10-22T12:49:13.523+0000] {processor.py:743} INFO - Processing file /home/airflow/.local/lib/python3.7/site-packages/airflow/example_dags/example_dag_decorator.py for tasks to queue
[2023-10-22T12:49:13.524+0000] {logging_mixin.py:137} INFO - [2023-10-22T12:49:13.523+0000] {dagbag.py:538} INFO - Filling up the DagBag from /home/airflow/.local/lib/python3.7/site-packages/airflow/example_dags/example_dag_decorator.py
[2023-10-22T12:49:13.533+0000] {logging_mixin.py:137} INFO - [2023-10-22T12:49:13.533+0000] {taskmixin.py:205} WARNING - Dependency <Task(_PythonDecoratedOperator): prepare_email>, send_email already registered for DAG: example_dag_decorator
[2023-10-22T12:49:13.533+0000] {logging_mixin.py:137} INFO - [2023-10-22T12:49:13.533+0000] {taskmixin.py:205} WARNING - Dependency <Task(EmailOperator): send_email>, prepare_email already registered for DAG: example_dag_decorator
[2023-10-22T12:49:13.540+0000] {processor.py:753} INFO - DAG(s) dict_keys(['example_dag_decorator']) retrieved from /home/airflow/.local/lib/python3.7/site-packages/airflow/example_dags/example_dag_decorator.py
[2023-10-22T12:49:13.571+0000] {logging_mixin.py:137} INFO - [2023-10-22T12:49:13.571+0000] {dag.py:2690} INFO - Sync 1 DAGs
[2023-10-22T12:49:13.582+0000] {logging_mixin.py:137} INFO - [2023-10-22T12:49:13.582+0000] {dag.py:3441} INFO - Setting next_dagrun for example_dag_decorator to None, run_after=None
[2023-10-22T12:49:13.591+0000] {processor.py:175} INFO - Processing /home/airflow/.local/lib/python3.7/site-packages/airflow/example_dags/example_dag_decorator.py took 0.070 seconds
[2023-10-22T14:09:54.699+0000] {processor.py:153} INFO - Started process (PID=10590) to work on /home/airflow/.local/lib/python3.7/site-packages/airflow/example_dags/example_dag_decorator.py
[2023-10-22T14:09:54.700+0000] {processor.py:743} INFO - Processing file /home/airflow/.local/lib/python3.7/site-packages/airflow/example_dags/example_dag_decorator.py for tasks to queue
[2023-10-22T14:09:54.700+0000] {logging_mixin.py:137} INFO - [2023-10-22T14:09:54.700+0000] {dagbag.py:538} INFO - Filling up the DagBag from /home/airflow/.local/lib/python3.7/site-packages/airflow/example_dags/example_dag_decorator.py
[2023-10-22T14:09:54.709+0000] {logging_mixin.py:137} INFO - [2023-10-22T14:09:54.709+0000] {taskmixin.py:205} WARNING - Dependency <Task(_PythonDecoratedOperator): prepare_email>, send_email already registered for DAG: example_dag_decorator
[2023-10-22T14:09:54.709+0000] {logging_mixin.py:137} INFO - [2023-10-22T14:09:54.709+0000] {taskmixin.py:205} WARNING - Dependency <Task(EmailOperator): send_email>, prepare_email already registered for DAG: example_dag_decorator
[2023-10-22T14:09:54.717+0000] {processor.py:753} INFO - DAG(s) dict_keys(['example_dag_decorator']) retrieved from /home/airflow/.local/lib/python3.7/site-packages/airflow/example_dags/example_dag_decorator.py
[2023-10-22T14:09:54.749+0000] {logging_mixin.py:137} INFO - [2023-10-22T14:09:54.749+0000] {dag.py:2690} INFO - Sync 1 DAGs
[2023-10-22T14:09:54.760+0000] {logging_mixin.py:137} INFO - [2023-10-22T14:09:54.760+0000] {dag.py:3441} INFO - Setting next_dagrun for example_dag_decorator to None, run_after=None
[2023-10-22T14:09:54.768+0000] {processor.py:175} INFO - Processing /home/airflow/.local/lib/python3.7/site-packages/airflow/example_dags/example_dag_decorator.py took 0.071 seconds
[2023-10-22T15:34:26.387+0000] {processor.py:153} INFO - Started process (PID=10684) to work on /home/airflow/.local/lib/python3.7/site-packages/airflow/example_dags/example_dag_decorator.py
[2023-10-22T15:34:26.387+0000] {processor.py:743} INFO - Processing file /home/airflow/.local/lib/python3.7/site-packages/airflow/example_dags/example_dag_decorator.py for tasks to queue
[2023-10-22T15:34:26.387+0000] {logging_mixin.py:137} INFO - [2023-10-22T15:34:26.387+0000] {dagbag.py:538} INFO - Filling up the DagBag from /home/airflow/.local/lib/python3.7/site-packages/airflow/example_dags/example_dag_decorator.py
[2023-10-22T15:34:26.396+0000] {logging_mixin.py:137} INFO - [2023-10-22T15:34:26.396+0000] {taskmixin.py:205} WARNING - Dependency <Task(_PythonDecoratedOperator): prepare_email>, send_email already registered for DAG: example_dag_decorator
[2023-10-22T15:34:26.397+0000] {logging_mixin.py:137} INFO - [2023-10-22T15:34:26.397+0000] {taskmixin.py:205} WARNING - Dependency <Task(EmailOperator): send_email>, prepare_email already registered for DAG: example_dag_decorator
[2023-10-22T15:34:26.404+0000] {processor.py:753} INFO - DAG(s) dict_keys(['example_dag_decorator']) retrieved from /home/airflow/.local/lib/python3.7/site-packages/airflow/example_dags/example_dag_decorator.py
[2023-10-22T15:34:26.436+0000] {logging_mixin.py:137} INFO - [2023-10-22T15:34:26.436+0000] {dag.py:2690} INFO - Sync 1 DAGs
[2023-10-22T15:34:26.448+0000] {logging_mixin.py:137} INFO - [2023-10-22T15:34:26.448+0000] {dag.py:3441} INFO - Setting next_dagrun for example_dag_decorator to None, run_after=None
[2023-10-22T15:34:26.457+0000] {processor.py:175} INFO - Processing /home/airflow/.local/lib/python3.7/site-packages/airflow/example_dags/example_dag_decorator.py took 0.073 seconds
[2023-10-22T16:28:40.525+0000] {processor.py:153} INFO - Started process (PID=10760) to work on /home/airflow/.local/lib/python3.7/site-packages/airflow/example_dags/example_dag_decorator.py
[2023-10-22T16:28:40.525+0000] {processor.py:743} INFO - Processing file /home/airflow/.local/lib/python3.7/site-packages/airflow/example_dags/example_dag_decorator.py for tasks to queue
[2023-10-22T16:28:40.526+0000] {logging_mixin.py:137} INFO - [2023-10-22T16:28:40.526+0000] {dagbag.py:538} INFO - Filling up the DagBag from /home/airflow/.local/lib/python3.7/site-packages/airflow/example_dags/example_dag_decorator.py
[2023-10-22T16:28:40.535+0000] {logging_mixin.py:137} INFO - [2023-10-22T16:28:40.535+0000] {taskmixin.py:205} WARNING - Dependency <Task(_PythonDecoratedOperator): prepare_email>, send_email already registered for DAG: example_dag_decorator
[2023-10-22T16:28:40.535+0000] {logging_mixin.py:137} INFO - [2023-10-22T16:28:40.535+0000] {taskmixin.py:205} WARNING - Dependency <Task(EmailOperator): send_email>, prepare_email already registered for DAG: example_dag_decorator
[2023-10-22T16:28:40.542+0000] {processor.py:753} INFO - DAG(s) dict_keys(['example_dag_decorator']) retrieved from /home/airflow/.local/lib/python3.7/site-packages/airflow/example_dags/example_dag_decorator.py
[2023-10-22T16:28:40.574+0000] {logging_mixin.py:137} INFO - [2023-10-22T16:28:40.574+0000] {dag.py:2690} INFO - Sync 1 DAGs
[2023-10-22T16:28:40.584+0000] {logging_mixin.py:137} INFO - [2023-10-22T16:28:40.584+0000] {dag.py:3441} INFO - Setting next_dagrun for example_dag_decorator to None, run_after=None
[2023-10-22T16:28:40.593+0000] {processor.py:175} INFO - Processing /home/airflow/.local/lib/python3.7/site-packages/airflow/example_dags/example_dag_decorator.py took 0.070 seconds
[2023-10-22T16:45:50.418+0000] {processor.py:153} INFO - Started process (PID=10853) to work on /home/airflow/.local/lib/python3.7/site-packages/airflow/example_dags/example_dag_decorator.py
[2023-10-22T16:45:50.419+0000] {processor.py:743} INFO - Processing file /home/airflow/.local/lib/python3.7/site-packages/airflow/example_dags/example_dag_decorator.py for tasks to queue
[2023-10-22T16:45:50.419+0000] {logging_mixin.py:137} INFO - [2023-10-22T16:45:50.419+0000] {dagbag.py:538} INFO - Filling up the DagBag from /home/airflow/.local/lib/python3.7/site-packages/airflow/example_dags/example_dag_decorator.py
[2023-10-22T16:45:50.429+0000] {logging_mixin.py:137} INFO - [2023-10-22T16:45:50.429+0000] {taskmixin.py:205} WARNING - Dependency <Task(_PythonDecoratedOperator): prepare_email>, send_email already registered for DAG: example_dag_decorator
[2023-10-22T16:45:50.429+0000] {logging_mixin.py:137} INFO - [2023-10-22T16:45:50.429+0000] {taskmixin.py:205} WARNING - Dependency <Task(EmailOperator): send_email>, prepare_email already registered for DAG: example_dag_decorator
[2023-10-22T16:45:50.437+0000] {processor.py:753} INFO - DAG(s) dict_keys(['example_dag_decorator']) retrieved from /home/airflow/.local/lib/python3.7/site-packages/airflow/example_dags/example_dag_decorator.py
[2023-10-22T16:45:50.470+0000] {logging_mixin.py:137} INFO - [2023-10-22T16:45:50.470+0000] {dag.py:2690} INFO - Sync 1 DAGs
[2023-10-22T16:45:50.481+0000] {logging_mixin.py:137} INFO - [2023-10-22T16:45:50.481+0000] {dag.py:3441} INFO - Setting next_dagrun for example_dag_decorator to None, run_after=None
[2023-10-22T16:45:50.490+0000] {processor.py:175} INFO - Processing /home/airflow/.local/lib/python3.7/site-packages/airflow/example_dags/example_dag_decorator.py took 0.074 seconds
[2023-10-22T16:46:21.099+0000] {processor.py:153} INFO - Started process (PID=10947) to work on /home/airflow/.local/lib/python3.7/site-packages/airflow/example_dags/example_dag_decorator.py
[2023-10-22T16:46:21.099+0000] {processor.py:743} INFO - Processing file /home/airflow/.local/lib/python3.7/site-packages/airflow/example_dags/example_dag_decorator.py for tasks to queue
[2023-10-22T16:46:21.100+0000] {logging_mixin.py:137} INFO - [2023-10-22T16:46:21.100+0000] {dagbag.py:538} INFO - Filling up the DagBag from /home/airflow/.local/lib/python3.7/site-packages/airflow/example_dags/example_dag_decorator.py
[2023-10-22T16:46:21.109+0000] {logging_mixin.py:137} INFO - [2023-10-22T16:46:21.109+0000] {taskmixin.py:205} WARNING - Dependency <Task(_PythonDecoratedOperator): prepare_email>, send_email already registered for DAG: example_dag_decorator
[2023-10-22T16:46:21.110+0000] {logging_mixin.py:137} INFO - [2023-10-22T16:46:21.110+0000] {taskmixin.py:205} WARNING - Dependency <Task(EmailOperator): send_email>, prepare_email already registered for DAG: example_dag_decorator
[2023-10-22T16:46:21.117+0000] {processor.py:753} INFO - DAG(s) dict_keys(['example_dag_decorator']) retrieved from /home/airflow/.local/lib/python3.7/site-packages/airflow/example_dags/example_dag_decorator.py
[2023-10-22T16:46:21.153+0000] {logging_mixin.py:137} INFO - [2023-10-22T16:46:21.153+0000] {dag.py:2690} INFO - Sync 1 DAGs
[2023-10-22T16:46:21.165+0000] {logging_mixin.py:137} INFO - [2023-10-22T16:46:21.165+0000] {dag.py:3441} INFO - Setting next_dagrun for example_dag_decorator to None, run_after=None
[2023-10-22T16:46:21.175+0000] {processor.py:175} INFO - Processing /home/airflow/.local/lib/python3.7/site-packages/airflow/example_dags/example_dag_decorator.py took 0.078 seconds
[2023-10-22T17:02:07.988+0000] {processor.py:153} INFO - Started process (PID=11023) to work on /home/airflow/.local/lib/python3.7/site-packages/airflow/example_dags/example_dag_decorator.py
[2023-10-22T17:02:07.988+0000] {processor.py:743} INFO - Processing file /home/airflow/.local/lib/python3.7/site-packages/airflow/example_dags/example_dag_decorator.py for tasks to queue
[2023-10-22T17:02:07.988+0000] {logging_mixin.py:137} INFO - [2023-10-22T17:02:07.988+0000] {dagbag.py:538} INFO - Filling up the DagBag from /home/airflow/.local/lib/python3.7/site-packages/airflow/example_dags/example_dag_decorator.py
[2023-10-22T17:02:07.998+0000] {logging_mixin.py:137} INFO - [2023-10-22T17:02:07.998+0000] {taskmixin.py:205} WARNING - Dependency <Task(_PythonDecoratedOperator): prepare_email>, send_email already registered for DAG: example_dag_decorator
[2023-10-22T17:02:07.998+0000] {logging_mixin.py:137} INFO - [2023-10-22T17:02:07.998+0000] {taskmixin.py:205} WARNING - Dependency <Task(EmailOperator): send_email>, prepare_email already registered for DAG: example_dag_decorator
[2023-10-22T17:02:08.004+0000] {processor.py:753} INFO - DAG(s) dict_keys(['example_dag_decorator']) retrieved from /home/airflow/.local/lib/python3.7/site-packages/airflow/example_dags/example_dag_decorator.py
[2023-10-22T17:02:08.037+0000] {logging_mixin.py:137} INFO - [2023-10-22T17:02:08.037+0000] {dag.py:2690} INFO - Sync 1 DAGs
[2023-10-22T17:02:08.048+0000] {logging_mixin.py:137} INFO - [2023-10-22T17:02:08.048+0000] {dag.py:3441} INFO - Setting next_dagrun for example_dag_decorator to None, run_after=None
[2023-10-22T17:02:08.056+0000] {processor.py:175} INFO - Processing /home/airflow/.local/lib/python3.7/site-packages/airflow/example_dags/example_dag_decorator.py took 0.071 seconds
[2023-10-22T18:08:06.739+0000] {processor.py:153} INFO - Started process (PID=11117) to work on /home/airflow/.local/lib/python3.7/site-packages/airflow/example_dags/example_dag_decorator.py
[2023-10-22T18:08:06.740+0000] {processor.py:743} INFO - Processing file /home/airflow/.local/lib/python3.7/site-packages/airflow/example_dags/example_dag_decorator.py for tasks to queue
[2023-10-22T18:08:06.740+0000] {logging_mixin.py:137} INFO - [2023-10-22T18:08:06.740+0000] {dagbag.py:538} INFO - Filling up the DagBag from /home/airflow/.local/lib/python3.7/site-packages/airflow/example_dags/example_dag_decorator.py
[2023-10-22T18:08:06.750+0000] {logging_mixin.py:137} INFO - [2023-10-22T18:08:06.750+0000] {taskmixin.py:205} WARNING - Dependency <Task(_PythonDecoratedOperator): prepare_email>, send_email already registered for DAG: example_dag_decorator
[2023-10-22T18:08:06.750+0000] {logging_mixin.py:137} INFO - [2023-10-22T18:08:06.750+0000] {taskmixin.py:205} WARNING - Dependency <Task(EmailOperator): send_email>, prepare_email already registered for DAG: example_dag_decorator
[2023-10-22T18:08:06.757+0000] {processor.py:753} INFO - DAG(s) dict_keys(['example_dag_decorator']) retrieved from /home/airflow/.local/lib/python3.7/site-packages/airflow/example_dags/example_dag_decorator.py
[2023-10-22T18:08:06.790+0000] {logging_mixin.py:137} INFO - [2023-10-22T18:08:06.790+0000] {dag.py:2690} INFO - Sync 1 DAGs
[2023-10-22T18:08:06.800+0000] {logging_mixin.py:137} INFO - [2023-10-22T18:08:06.800+0000] {dag.py:3441} INFO - Setting next_dagrun for example_dag_decorator to None, run_after=None
[2023-10-22T18:08:06.809+0000] {processor.py:175} INFO - Processing /home/airflow/.local/lib/python3.7/site-packages/airflow/example_dags/example_dag_decorator.py took 0.073 seconds
[2023-10-22T18:41:33.667+0000] {processor.py:153} INFO - Started process (PID=11211) to work on /home/airflow/.local/lib/python3.7/site-packages/airflow/example_dags/example_dag_decorator.py
[2023-10-22T18:41:33.667+0000] {processor.py:743} INFO - Processing file /home/airflow/.local/lib/python3.7/site-packages/airflow/example_dags/example_dag_decorator.py for tasks to queue
[2023-10-22T18:41:33.667+0000] {logging_mixin.py:137} INFO - [2023-10-22T18:41:33.667+0000] {dagbag.py:538} INFO - Filling up the DagBag from /home/airflow/.local/lib/python3.7/site-packages/airflow/example_dags/example_dag_decorator.py
[2023-10-22T18:41:33.677+0000] {logging_mixin.py:137} INFO - [2023-10-22T18:41:33.677+0000] {taskmixin.py:205} WARNING - Dependency <Task(_PythonDecoratedOperator): prepare_email>, send_email already registered for DAG: example_dag_decorator
[2023-10-22T18:41:33.677+0000] {logging_mixin.py:137} INFO - [2023-10-22T18:41:33.677+0000] {taskmixin.py:205} WARNING - Dependency <Task(EmailOperator): send_email>, prepare_email already registered for DAG: example_dag_decorator
[2023-10-22T18:41:33.684+0000] {processor.py:753} INFO - DAG(s) dict_keys(['example_dag_decorator']) retrieved from /home/airflow/.local/lib/python3.7/site-packages/airflow/example_dags/example_dag_decorator.py
[2023-10-22T18:41:33.716+0000] {logging_mixin.py:137} INFO - [2023-10-22T18:41:33.716+0000] {dag.py:2690} INFO - Sync 1 DAGs
[2023-10-22T18:41:33.727+0000] {logging_mixin.py:137} INFO - [2023-10-22T18:41:33.727+0000] {dag.py:3441} INFO - Setting next_dagrun for example_dag_decorator to None, run_after=None
[2023-10-22T18:41:33.736+0000] {processor.py:175} INFO - Processing /home/airflow/.local/lib/python3.7/site-packages/airflow/example_dags/example_dag_decorator.py took 0.071 seconds
[2023-10-22T19:57:26.305+0000] {processor.py:153} INFO - Started process (PID=11287) to work on /home/airflow/.local/lib/python3.7/site-packages/airflow/example_dags/example_dag_decorator.py
[2023-10-22T19:57:26.306+0000] {processor.py:743} INFO - Processing file /home/airflow/.local/lib/python3.7/site-packages/airflow/example_dags/example_dag_decorator.py for tasks to queue
[2023-10-22T19:57:26.306+0000] {logging_mixin.py:137} INFO - [2023-10-22T19:57:26.306+0000] {dagbag.py:538} INFO - Filling up the DagBag from /home/airflow/.local/lib/python3.7/site-packages/airflow/example_dags/example_dag_decorator.py
[2023-10-22T19:57:26.316+0000] {logging_mixin.py:137} INFO - [2023-10-22T19:57:26.316+0000] {taskmixin.py:205} WARNING - Dependency <Task(_PythonDecoratedOperator): prepare_email>, send_email already registered for DAG: example_dag_decorator
[2023-10-22T19:57:26.316+0000] {logging_mixin.py:137} INFO - [2023-10-22T19:57:26.316+0000] {taskmixin.py:205} WARNING - Dependency <Task(EmailOperator): send_email>, prepare_email already registered for DAG: example_dag_decorator
[2023-10-22T19:57:26.322+0000] {processor.py:753} INFO - DAG(s) dict_keys(['example_dag_decorator']) retrieved from /home/airflow/.local/lib/python3.7/site-packages/airflow/example_dags/example_dag_decorator.py
[2023-10-22T19:57:26.354+0000] {logging_mixin.py:137} INFO - [2023-10-22T19:57:26.354+0000] {dag.py:2690} INFO - Sync 1 DAGs
[2023-10-22T19:57:26.364+0000] {logging_mixin.py:137} INFO - [2023-10-22T19:57:26.364+0000] {dag.py:3441} INFO - Setting next_dagrun for example_dag_decorator to None, run_after=None
[2023-10-22T19:57:26.373+0000] {processor.py:175} INFO - Processing /home/airflow/.local/lib/python3.7/site-packages/airflow/example_dags/example_dag_decorator.py took 0.069 seconds
[2023-10-22T21:10:38.607+0000] {processor.py:153} INFO - Started process (PID=11381) to work on /home/airflow/.local/lib/python3.7/site-packages/airflow/example_dags/example_dag_decorator.py
[2023-10-22T21:10:38.608+0000] {processor.py:743} INFO - Processing file /home/airflow/.local/lib/python3.7/site-packages/airflow/example_dags/example_dag_decorator.py for tasks to queue
[2023-10-22T21:10:38.608+0000] {logging_mixin.py:137} INFO - [2023-10-22T21:10:38.608+0000] {dagbag.py:538} INFO - Filling up the DagBag from /home/airflow/.local/lib/python3.7/site-packages/airflow/example_dags/example_dag_decorator.py
[2023-10-22T21:10:38.616+0000] {logging_mixin.py:137} INFO - [2023-10-22T21:10:38.616+0000] {taskmixin.py:205} WARNING - Dependency <Task(_PythonDecoratedOperator): prepare_email>, send_email already registered for DAG: example_dag_decorator
[2023-10-22T21:10:38.617+0000] {logging_mixin.py:137} INFO - [2023-10-22T21:10:38.617+0000] {taskmixin.py:205} WARNING - Dependency <Task(EmailOperator): send_email>, prepare_email already registered for DAG: example_dag_decorator
[2023-10-22T21:10:38.624+0000] {processor.py:753} INFO - DAG(s) dict_keys(['example_dag_decorator']) retrieved from /home/airflow/.local/lib/python3.7/site-packages/airflow/example_dags/example_dag_decorator.py
[2023-10-22T21:10:38.656+0000] {logging_mixin.py:137} INFO - [2023-10-22T21:10:38.656+0000] {dag.py:2690} INFO - Sync 1 DAGs
[2023-10-22T21:10:38.666+0000] {logging_mixin.py:137} INFO - [2023-10-22T21:10:38.666+0000] {dag.py:3441} INFO - Setting next_dagrun for example_dag_decorator to None, run_after=None
[2023-10-22T21:10:38.676+0000] {processor.py:175} INFO - Processing /home/airflow/.local/lib/python3.7/site-packages/airflow/example_dags/example_dag_decorator.py took 0.071 seconds
[2023-10-22T22:36:24.585+0000] {processor.py:153} INFO - Started process (PID=11475) to work on /home/airflow/.local/lib/python3.7/site-packages/airflow/example_dags/example_dag_decorator.py
[2023-10-22T22:36:24.586+0000] {processor.py:743} INFO - Processing file /home/airflow/.local/lib/python3.7/site-packages/airflow/example_dags/example_dag_decorator.py for tasks to queue
[2023-10-22T22:36:24.587+0000] {logging_mixin.py:137} INFO - [2023-10-22T22:36:24.587+0000] {dagbag.py:538} INFO - Filling up the DagBag from /home/airflow/.local/lib/python3.7/site-packages/airflow/example_dags/example_dag_decorator.py
[2023-10-22T22:36:24.599+0000] {logging_mixin.py:137} INFO - [2023-10-22T22:36:24.599+0000] {taskmixin.py:205} WARNING - Dependency <Task(_PythonDecoratedOperator): prepare_email>, send_email already registered for DAG: example_dag_decorator
[2023-10-22T22:36:24.599+0000] {logging_mixin.py:137} INFO - [2023-10-22T22:36:24.599+0000] {taskmixin.py:205} WARNING - Dependency <Task(EmailOperator): send_email>, prepare_email already registered for DAG: example_dag_decorator
[2023-10-22T22:36:24.607+0000] {processor.py:753} INFO - DAG(s) dict_keys(['example_dag_decorator']) retrieved from /home/airflow/.local/lib/python3.7/site-packages/airflow/example_dags/example_dag_decorator.py
[2023-10-22T22:36:24.645+0000] {logging_mixin.py:137} INFO - [2023-10-22T22:36:24.644+0000] {dag.py:2690} INFO - Sync 1 DAGs
[2023-10-22T22:36:24.656+0000] {logging_mixin.py:137} INFO - [2023-10-22T22:36:24.656+0000] {dag.py:3441} INFO - Setting next_dagrun for example_dag_decorator to None, run_after=None
[2023-10-22T22:36:24.666+0000] {processor.py:175} INFO - Processing /home/airflow/.local/lib/python3.7/site-packages/airflow/example_dags/example_dag_decorator.py took 0.084 seconds
[2023-10-22T23:59:41.405+0000] {processor.py:153} INFO - Started process (PID=11551) to work on /home/airflow/.local/lib/python3.7/site-packages/airflow/example_dags/example_dag_decorator.py
[2023-10-22T23:59:41.405+0000] {processor.py:743} INFO - Processing file /home/airflow/.local/lib/python3.7/site-packages/airflow/example_dags/example_dag_decorator.py for tasks to queue
[2023-10-22T23:59:41.406+0000] {logging_mixin.py:137} INFO - [2023-10-22T23:59:41.406+0000] {dagbag.py:538} INFO - Filling up the DagBag from /home/airflow/.local/lib/python3.7/site-packages/airflow/example_dags/example_dag_decorator.py
[2023-10-22T23:59:41.415+0000] {logging_mixin.py:137} INFO - [2023-10-22T23:59:41.415+0000] {taskmixin.py:205} WARNING - Dependency <Task(_PythonDecoratedOperator): prepare_email>, send_email already registered for DAG: example_dag_decorator
[2023-10-22T23:59:41.415+0000] {logging_mixin.py:137} INFO - [2023-10-22T23:59:41.415+0000] {taskmixin.py:205} WARNING - Dependency <Task(EmailOperator): send_email>, prepare_email already registered for DAG: example_dag_decorator
[2023-10-22T23:59:41.422+0000] {processor.py:753} INFO - DAG(s) dict_keys(['example_dag_decorator']) retrieved from /home/airflow/.local/lib/python3.7/site-packages/airflow/example_dags/example_dag_decorator.py
[2023-10-22T23:59:41.455+0000] {logging_mixin.py:137} INFO - [2023-10-22T23:59:41.455+0000] {dag.py:2690} INFO - Sync 1 DAGs
[2023-10-22T23:59:41.466+0000] {logging_mixin.py:137} INFO - [2023-10-22T23:59:41.466+0000] {dag.py:3441} INFO - Setting next_dagrun for example_dag_decorator to None, run_after=None
[2023-10-22T23:59:41.476+0000] {processor.py:175} INFO - Processing /home/airflow/.local/lib/python3.7/site-packages/airflow/example_dags/example_dag_decorator.py took 0.073 seconds
