[2023-10-22T01:17:20.163+0000] {processor.py:153} INFO - Started process (PID=9696) to work on /home/airflow/.local/lib/python3.7/site-packages/airflow/example_dags/example_branch_labels.py
[2023-10-22T01:17:20.165+0000] {processor.py:743} INFO - Processing file /home/airflow/.local/lib/python3.7/site-packages/airflow/example_dags/example_branch_labels.py for tasks to queue
[2023-10-22T01:17:20.166+0000] {logging_mixin.py:137} INFO - [2023-10-22T01:17:20.166+0000] {dagbag.py:538} INFO - Filling up the DagBag from /home/airflow/.local/lib/python3.7/site-packages/airflow/example_dags/example_branch_labels.py
[2023-10-22T01:17:20.182+0000] {processor.py:753} INFO - DAG(s) dict_keys(['example_branch_labels']) retrieved from /home/airflow/.local/lib/python3.7/site-packages/airflow/example_dags/example_branch_labels.py
[2023-10-22T01:17:20.205+0000] {logging_mixin.py:137} INFO - [2023-10-22T01:17:20.205+0000] {dag.py:2690} INFO - Sync 1 DAGs
[2023-10-22T01:17:20.221+0000] {logging_mixin.py:137} INFO - [2023-10-22T01:17:20.221+0000] {dag.py:3441} INFO - Setting next_dagrun for example_branch_labels to 2023-10-21T00:00:00+00:00, run_after=2023-10-22T00:00:00+00:00
[2023-10-22T01:17:20.234+0000] {processor.py:175} INFO - Processing /home/airflow/.local/lib/python3.7/site-packages/airflow/example_dags/example_branch_labels.py took 0.077 seconds
[2023-10-22T02:40:00.546+0000] {processor.py:153} INFO - Started process (PID=9772) to work on /home/airflow/.local/lib/python3.7/site-packages/airflow/example_dags/example_branch_labels.py
[2023-10-22T02:40:00.547+0000] {processor.py:743} INFO - Processing file /home/airflow/.local/lib/python3.7/site-packages/airflow/example_dags/example_branch_labels.py for tasks to queue
[2023-10-22T02:40:00.548+0000] {logging_mixin.py:137} INFO - [2023-10-22T02:40:00.548+0000] {dagbag.py:538} INFO - Filling up the DagBag from /home/airflow/.local/lib/python3.7/site-packages/airflow/example_dags/example_branch_labels.py
[2023-10-22T02:40:00.562+0000] {processor.py:753} INFO - DAG(s) dict_keys(['example_branch_labels']) retrieved from /home/airflow/.local/lib/python3.7/site-packages/airflow/example_dags/example_branch_labels.py
[2023-10-22T02:40:00.590+0000] {logging_mixin.py:137} INFO - [2023-10-22T02:40:00.590+0000] {dag.py:2690} INFO - Sync 1 DAGs
[2023-10-22T02:40:00.627+0000] {logging_mixin.py:137} INFO - [2023-10-22T02:40:00.627+0000] {dag.py:3441} INFO - Setting next_dagrun for example_branch_labels to 2023-10-21T00:00:00+00:00, run_after=2023-10-22T00:00:00+00:00
[2023-10-22T02:40:00.641+0000] {processor.py:175} INFO - Processing /home/airflow/.local/lib/python3.7/site-packages/airflow/example_dags/example_branch_labels.py took 0.100 seconds
[2023-10-22T03:51:38.759+0000] {processor.py:153} INFO - Started process (PID=9866) to work on /home/airflow/.local/lib/python3.7/site-packages/airflow/example_dags/example_branch_labels.py
[2023-10-22T03:51:38.760+0000] {processor.py:743} INFO - Processing file /home/airflow/.local/lib/python3.7/site-packages/airflow/example_dags/example_branch_labels.py for tasks to queue
[2023-10-22T03:51:38.761+0000] {logging_mixin.py:137} INFO - [2023-10-22T03:51:38.760+0000] {dagbag.py:538} INFO - Filling up the DagBag from /home/airflow/.local/lib/python3.7/site-packages/airflow/example_dags/example_branch_labels.py
[2023-10-22T03:51:38.771+0000] {processor.py:753} INFO - DAG(s) dict_keys(['example_branch_labels']) retrieved from /home/airflow/.local/lib/python3.7/site-packages/airflow/example_dags/example_branch_labels.py
[2023-10-22T03:51:38.794+0000] {logging_mixin.py:137} INFO - [2023-10-22T03:51:38.794+0000] {dag.py:2690} INFO - Sync 1 DAGs
[2023-10-22T03:51:38.812+0000] {logging_mixin.py:137} INFO - [2023-10-22T03:51:38.812+0000] {dag.py:3441} INFO - Setting next_dagrun for example_branch_labels to 2023-10-21T00:00:00+00:00, run_after=2023-10-22T00:00:00+00:00
[2023-10-22T03:51:38.825+0000] {processor.py:175} INFO - Processing /home/airflow/.local/lib/python3.7/site-packages/airflow/example_dags/example_branch_labels.py took 0.069 seconds
[2023-10-22T05:13:50.944+0000] {processor.py:153} INFO - Started process (PID=9960) to work on /home/airflow/.local/lib/python3.7/site-packages/airflow/example_dags/example_branch_labels.py
[2023-10-22T05:13:50.946+0000] {processor.py:743} INFO - Processing file /home/airflow/.local/lib/python3.7/site-packages/airflow/example_dags/example_branch_labels.py for tasks to queue
[2023-10-22T05:13:50.947+0000] {logging_mixin.py:137} INFO - [2023-10-22T05:13:50.947+0000] {dagbag.py:538} INFO - Filling up the DagBag from /home/airflow/.local/lib/python3.7/site-packages/airflow/example_dags/example_branch_labels.py
[2023-10-22T05:13:50.971+0000] {processor.py:753} INFO - DAG(s) dict_keys(['example_branch_labels']) retrieved from /home/airflow/.local/lib/python3.7/site-packages/airflow/example_dags/example_branch_labels.py
[2023-10-22T05:13:51.008+0000] {logging_mixin.py:137} INFO - [2023-10-22T05:13:51.008+0000] {dag.py:2690} INFO - Sync 1 DAGs
[2023-10-22T05:13:51.030+0000] {logging_mixin.py:137} INFO - [2023-10-22T05:13:51.030+0000] {dag.py:3441} INFO - Setting next_dagrun for example_branch_labels to 2023-10-21T00:00:00+00:00, run_after=2023-10-22T00:00:00+00:00
[2023-10-22T05:13:51.044+0000] {processor.py:175} INFO - Processing /home/airflow/.local/lib/python3.7/site-packages/airflow/example_dags/example_branch_labels.py took 0.108 seconds
[2023-10-22T06:36:47.690+0000] {processor.py:153} INFO - Started process (PID=10036) to work on /home/airflow/.local/lib/python3.7/site-packages/airflow/example_dags/example_branch_labels.py
[2023-10-22T06:36:47.691+0000] {processor.py:743} INFO - Processing file /home/airflow/.local/lib/python3.7/site-packages/airflow/example_dags/example_branch_labels.py for tasks to queue
[2023-10-22T06:36:47.692+0000] {logging_mixin.py:137} INFO - [2023-10-22T06:36:47.692+0000] {dagbag.py:538} INFO - Filling up the DagBag from /home/airflow/.local/lib/python3.7/site-packages/airflow/example_dags/example_branch_labels.py
[2023-10-22T06:36:47.706+0000] {processor.py:753} INFO - DAG(s) dict_keys(['example_branch_labels']) retrieved from /home/airflow/.local/lib/python3.7/site-packages/airflow/example_dags/example_branch_labels.py
[2023-10-22T06:36:47.728+0000] {logging_mixin.py:137} INFO - [2023-10-22T06:36:47.728+0000] {dag.py:2690} INFO - Sync 1 DAGs
[2023-10-22T06:36:47.749+0000] {logging_mixin.py:137} INFO - [2023-10-22T06:36:47.749+0000] {dag.py:3441} INFO - Setting next_dagrun for example_branch_labels to 2023-10-21T00:00:00+00:00, run_after=2023-10-22T00:00:00+00:00
[2023-10-22T06:36:47.763+0000] {processor.py:175} INFO - Processing /home/airflow/.local/lib/python3.7/site-packages/airflow/example_dags/example_branch_labels.py took 0.076 seconds
[2023-10-22T07:57:12.829+0000] {processor.py:153} INFO - Started process (PID=10130) to work on /home/airflow/.local/lib/python3.7/site-packages/airflow/example_dags/example_branch_labels.py
[2023-10-22T07:57:12.830+0000] {processor.py:743} INFO - Processing file /home/airflow/.local/lib/python3.7/site-packages/airflow/example_dags/example_branch_labels.py for tasks to queue
[2023-10-22T07:57:12.831+0000] {logging_mixin.py:137} INFO - [2023-10-22T07:57:12.831+0000] {dagbag.py:538} INFO - Filling up the DagBag from /home/airflow/.local/lib/python3.7/site-packages/airflow/example_dags/example_branch_labels.py
[2023-10-22T07:57:12.842+0000] {processor.py:753} INFO - DAG(s) dict_keys(['example_branch_labels']) retrieved from /home/airflow/.local/lib/python3.7/site-packages/airflow/example_dags/example_branch_labels.py
[2023-10-22T07:57:12.871+0000] {logging_mixin.py:137} INFO - [2023-10-22T07:57:12.871+0000] {dag.py:2690} INFO - Sync 1 DAGs
[2023-10-22T07:57:12.888+0000] {logging_mixin.py:137} INFO - [2023-10-22T07:57:12.888+0000] {dag.py:3441} INFO - Setting next_dagrun for example_branch_labels to 2023-10-21T00:00:00+00:00, run_after=2023-10-22T00:00:00+00:00
[2023-10-22T07:57:12.899+0000] {processor.py:175} INFO - Processing /home/airflow/.local/lib/python3.7/site-packages/airflow/example_dags/example_branch_labels.py took 0.072 seconds
[2023-10-22T09:18:55.456+0000] {processor.py:153} INFO - Started process (PID=10224) to work on /home/airflow/.local/lib/python3.7/site-packages/airflow/example_dags/example_branch_labels.py
[2023-10-22T09:18:55.457+0000] {processor.py:743} INFO - Processing file /home/airflow/.local/lib/python3.7/site-packages/airflow/example_dags/example_branch_labels.py for tasks to queue
[2023-10-22T09:18:55.458+0000] {logging_mixin.py:137} INFO - [2023-10-22T09:18:55.458+0000] {dagbag.py:538} INFO - Filling up the DagBag from /home/airflow/.local/lib/python3.7/site-packages/airflow/example_dags/example_branch_labels.py
[2023-10-22T09:18:55.470+0000] {processor.py:753} INFO - DAG(s) dict_keys(['example_branch_labels']) retrieved from /home/airflow/.local/lib/python3.7/site-packages/airflow/example_dags/example_branch_labels.py
[2023-10-22T09:18:55.489+0000] {logging_mixin.py:137} INFO - [2023-10-22T09:18:55.489+0000] {dag.py:2690} INFO - Sync 1 DAGs
[2023-10-22T09:18:55.503+0000] {logging_mixin.py:137} INFO - [2023-10-22T09:18:55.503+0000] {dag.py:3441} INFO - Setting next_dagrun for example_branch_labels to 2023-10-21T00:00:00+00:00, run_after=2023-10-22T00:00:00+00:00
[2023-10-22T09:18:55.515+0000] {processor.py:175} INFO - Processing /home/airflow/.local/lib/python3.7/site-packages/airflow/example_dags/example_branch_labels.py took 0.061 seconds
[2023-10-22T10:24:12.470+0000] {processor.py:153} INFO - Started process (PID=10300) to work on /home/airflow/.local/lib/python3.7/site-packages/airflow/example_dags/example_branch_labels.py
[2023-10-22T10:24:12.472+0000] {processor.py:743} INFO - Processing file /home/airflow/.local/lib/python3.7/site-packages/airflow/example_dags/example_branch_labels.py for tasks to queue
[2023-10-22T10:24:12.473+0000] {logging_mixin.py:137} INFO - [2023-10-22T10:24:12.473+0000] {dagbag.py:538} INFO - Filling up the DagBag from /home/airflow/.local/lib/python3.7/site-packages/airflow/example_dags/example_branch_labels.py
[2023-10-22T10:24:12.493+0000] {processor.py:753} INFO - DAG(s) dict_keys(['example_branch_labels']) retrieved from /home/airflow/.local/lib/python3.7/site-packages/airflow/example_dags/example_branch_labels.py
[2023-10-22T10:24:12.520+0000] {logging_mixin.py:137} INFO - [2023-10-22T10:24:12.520+0000] {dag.py:2690} INFO - Sync 1 DAGs
[2023-10-22T10:24:12.540+0000] {logging_mixin.py:137} INFO - [2023-10-22T10:24:12.540+0000] {dag.py:3441} INFO - Setting next_dagrun for example_branch_labels to 2023-10-21T00:00:00+00:00, run_after=2023-10-22T00:00:00+00:00
[2023-10-22T10:24:12.551+0000] {processor.py:175} INFO - Processing /home/airflow/.local/lib/python3.7/site-packages/airflow/example_dags/example_branch_labels.py took 0.085 seconds
[2023-10-22T11:27:50.380+0000] {processor.py:153} INFO - Started process (PID=10394) to work on /home/airflow/.local/lib/python3.7/site-packages/airflow/example_dags/example_branch_labels.py
[2023-10-22T11:27:50.381+0000] {processor.py:743} INFO - Processing file /home/airflow/.local/lib/python3.7/site-packages/airflow/example_dags/example_branch_labels.py for tasks to queue
[2023-10-22T11:27:50.382+0000] {logging_mixin.py:137} INFO - [2023-10-22T11:27:50.381+0000] {dagbag.py:538} INFO - Filling up the DagBag from /home/airflow/.local/lib/python3.7/site-packages/airflow/example_dags/example_branch_labels.py
[2023-10-22T11:27:50.392+0000] {processor.py:753} INFO - DAG(s) dict_keys(['example_branch_labels']) retrieved from /home/airflow/.local/lib/python3.7/site-packages/airflow/example_dags/example_branch_labels.py
[2023-10-22T11:27:50.411+0000] {logging_mixin.py:137} INFO - [2023-10-22T11:27:50.411+0000] {dag.py:2690} INFO - Sync 1 DAGs
[2023-10-22T11:27:50.427+0000] {logging_mixin.py:137} INFO - [2023-10-22T11:27:50.426+0000] {dag.py:3441} INFO - Setting next_dagrun for example_branch_labels to 2023-10-21T00:00:00+00:00, run_after=2023-10-22T00:00:00+00:00
[2023-10-22T11:27:50.438+0000] {processor.py:175} INFO - Processing /home/airflow/.local/lib/python3.7/site-packages/airflow/example_dags/example_branch_labels.py took 0.061 seconds
[2023-10-22T12:49:12.673+0000] {processor.py:153} INFO - Started process (PID=10471) to work on /home/airflow/.local/lib/python3.7/site-packages/airflow/example_dags/example_branch_labels.py
[2023-10-22T12:49:12.674+0000] {processor.py:743} INFO - Processing file /home/airflow/.local/lib/python3.7/site-packages/airflow/example_dags/example_branch_labels.py for tasks to queue
[2023-10-22T12:49:12.675+0000] {logging_mixin.py:137} INFO - [2023-10-22T12:49:12.675+0000] {dagbag.py:538} INFO - Filling up the DagBag from /home/airflow/.local/lib/python3.7/site-packages/airflow/example_dags/example_branch_labels.py
[2023-10-22T12:49:12.689+0000] {processor.py:753} INFO - DAG(s) dict_keys(['example_branch_labels']) retrieved from /home/airflow/.local/lib/python3.7/site-packages/airflow/example_dags/example_branch_labels.py
[2023-10-22T12:49:12.717+0000] {logging_mixin.py:137} INFO - [2023-10-22T12:49:12.717+0000] {dag.py:2690} INFO - Sync 1 DAGs
[2023-10-22T12:49:12.734+0000] {logging_mixin.py:137} INFO - [2023-10-22T12:49:12.734+0000] {dag.py:3441} INFO - Setting next_dagrun for example_branch_labels to 2023-10-21T00:00:00+00:00, run_after=2023-10-22T00:00:00+00:00
[2023-10-22T12:49:12.746+0000] {processor.py:175} INFO - Processing /home/airflow/.local/lib/python3.7/site-packages/airflow/example_dags/example_branch_labels.py took 0.077 seconds
[2023-10-22T14:09:53.517+0000] {processor.py:153} INFO - Started process (PID=10565) to work on /home/airflow/.local/lib/python3.7/site-packages/airflow/example_dags/example_branch_labels.py
[2023-10-22T14:09:53.518+0000] {processor.py:743} INFO - Processing file /home/airflow/.local/lib/python3.7/site-packages/airflow/example_dags/example_branch_labels.py for tasks to queue
[2023-10-22T14:09:53.519+0000] {logging_mixin.py:137} INFO - [2023-10-22T14:09:53.519+0000] {dagbag.py:538} INFO - Filling up the DagBag from /home/airflow/.local/lib/python3.7/site-packages/airflow/example_dags/example_branch_labels.py
[2023-10-22T14:09:53.530+0000] {processor.py:753} INFO - DAG(s) dict_keys(['example_branch_labels']) retrieved from /home/airflow/.local/lib/python3.7/site-packages/airflow/example_dags/example_branch_labels.py
[2023-10-22T14:09:53.556+0000] {logging_mixin.py:137} INFO - [2023-10-22T14:09:53.556+0000] {dag.py:2690} INFO - Sync 1 DAGs
[2023-10-22T14:09:53.577+0000] {logging_mixin.py:137} INFO - [2023-10-22T14:09:53.577+0000] {dag.py:3441} INFO - Setting next_dagrun for example_branch_labels to 2023-10-21T00:00:00+00:00, run_after=2023-10-22T00:00:00+00:00
[2023-10-22T14:09:53.594+0000] {processor.py:175} INFO - Processing /home/airflow/.local/lib/python3.7/site-packages/airflow/example_dags/example_branch_labels.py took 0.082 seconds
[2023-10-22T15:34:25.041+0000] {processor.py:153} INFO - Started process (PID=10659) to work on /home/airflow/.local/lib/python3.7/site-packages/airflow/example_dags/example_branch_labels.py
[2023-10-22T15:34:25.042+0000] {processor.py:743} INFO - Processing file /home/airflow/.local/lib/python3.7/site-packages/airflow/example_dags/example_branch_labels.py for tasks to queue
[2023-10-22T15:34:25.043+0000] {logging_mixin.py:137} INFO - [2023-10-22T15:34:25.043+0000] {dagbag.py:538} INFO - Filling up the DagBag from /home/airflow/.local/lib/python3.7/site-packages/airflow/example_dags/example_branch_labels.py
[2023-10-22T15:34:25.061+0000] {processor.py:753} INFO - DAG(s) dict_keys(['example_branch_labels']) retrieved from /home/airflow/.local/lib/python3.7/site-packages/airflow/example_dags/example_branch_labels.py
[2023-10-22T15:34:25.096+0000] {logging_mixin.py:137} INFO - [2023-10-22T15:34:25.096+0000] {dag.py:2690} INFO - Sync 1 DAGs
[2023-10-22T15:34:25.127+0000] {logging_mixin.py:137} INFO - [2023-10-22T15:34:25.126+0000] {dag.py:3441} INFO - Setting next_dagrun for example_branch_labels to 2023-10-21T00:00:00+00:00, run_after=2023-10-22T00:00:00+00:00
[2023-10-22T15:34:25.150+0000] {processor.py:175} INFO - Processing /home/airflow/.local/lib/python3.7/site-packages/airflow/example_dags/example_branch_labels.py took 0.115 seconds
[2023-10-22T16:28:39.542+0000] {processor.py:153} INFO - Started process (PID=10735) to work on /home/airflow/.local/lib/python3.7/site-packages/airflow/example_dags/example_branch_labels.py
[2023-10-22T16:28:39.543+0000] {processor.py:743} INFO - Processing file /home/airflow/.local/lib/python3.7/site-packages/airflow/example_dags/example_branch_labels.py for tasks to queue
[2023-10-22T16:28:39.544+0000] {logging_mixin.py:137} INFO - [2023-10-22T16:28:39.544+0000] {dagbag.py:538} INFO - Filling up the DagBag from /home/airflow/.local/lib/python3.7/site-packages/airflow/example_dags/example_branch_labels.py
[2023-10-22T16:28:39.555+0000] {processor.py:753} INFO - DAG(s) dict_keys(['example_branch_labels']) retrieved from /home/airflow/.local/lib/python3.7/site-packages/airflow/example_dags/example_branch_labels.py
[2023-10-22T16:28:39.579+0000] {logging_mixin.py:137} INFO - [2023-10-22T16:28:39.579+0000] {dag.py:2690} INFO - Sync 1 DAGs
[2023-10-22T16:28:39.601+0000] {logging_mixin.py:137} INFO - [2023-10-22T16:28:39.601+0000] {dag.py:3441} INFO - Setting next_dagrun for example_branch_labels to 2023-10-21T00:00:00+00:00, run_after=2023-10-22T00:00:00+00:00
[2023-10-22T16:28:39.615+0000] {processor.py:175} INFO - Processing /home/airflow/.local/lib/python3.7/site-packages/airflow/example_dags/example_branch_labels.py took 0.076 seconds
[2023-10-22T16:45:49.259+0000] {processor.py:153} INFO - Started process (PID=10828) to work on /home/airflow/.local/lib/python3.7/site-packages/airflow/example_dags/example_branch_labels.py
[2023-10-22T16:45:49.259+0000] {processor.py:743} INFO - Processing file /home/airflow/.local/lib/python3.7/site-packages/airflow/example_dags/example_branch_labels.py for tasks to queue
[2023-10-22T16:45:49.260+0000] {logging_mixin.py:137} INFO - [2023-10-22T16:45:49.260+0000] {dagbag.py:538} INFO - Filling up the DagBag from /home/airflow/.local/lib/python3.7/site-packages/airflow/example_dags/example_branch_labels.py
[2023-10-22T16:45:49.268+0000] {processor.py:753} INFO - DAG(s) dict_keys(['example_branch_labels']) retrieved from /home/airflow/.local/lib/python3.7/site-packages/airflow/example_dags/example_branch_labels.py
[2023-10-22T16:45:49.282+0000] {logging_mixin.py:137} INFO - [2023-10-22T16:45:49.282+0000] {dag.py:2690} INFO - Sync 1 DAGs
[2023-10-22T16:45:49.294+0000] {logging_mixin.py:137} INFO - [2023-10-22T16:45:49.294+0000] {dag.py:3441} INFO - Setting next_dagrun for example_branch_labels to 2023-10-21T00:00:00+00:00, run_after=2023-10-22T00:00:00+00:00
[2023-10-22T16:45:49.302+0000] {processor.py:175} INFO - Processing /home/airflow/.local/lib/python3.7/site-packages/airflow/example_dags/example_branch_labels.py took 0.045 seconds
[2023-10-22T16:46:20.319+0000] {processor.py:153} INFO - Started process (PID=10922) to work on /home/airflow/.local/lib/python3.7/site-packages/airflow/example_dags/example_branch_labels.py
[2023-10-22T16:46:20.319+0000] {processor.py:743} INFO - Processing file /home/airflow/.local/lib/python3.7/site-packages/airflow/example_dags/example_branch_labels.py for tasks to queue
[2023-10-22T16:46:20.320+0000] {logging_mixin.py:137} INFO - [2023-10-22T16:46:20.320+0000] {dagbag.py:538} INFO - Filling up the DagBag from /home/airflow/.local/lib/python3.7/site-packages/airflow/example_dags/example_branch_labels.py
[2023-10-22T16:46:20.329+0000] {processor.py:753} INFO - DAG(s) dict_keys(['example_branch_labels']) retrieved from /home/airflow/.local/lib/python3.7/site-packages/airflow/example_dags/example_branch_labels.py
[2023-10-22T16:46:20.343+0000] {logging_mixin.py:137} INFO - [2023-10-22T16:46:20.343+0000] {dag.py:2690} INFO - Sync 1 DAGs
[2023-10-22T16:46:20.355+0000] {logging_mixin.py:137} INFO - [2023-10-22T16:46:20.355+0000] {dag.py:3441} INFO - Setting next_dagrun for example_branch_labels to 2023-10-21T00:00:00+00:00, run_after=2023-10-22T00:00:00+00:00
[2023-10-22T16:46:20.363+0000] {processor.py:175} INFO - Processing /home/airflow/.local/lib/python3.7/site-packages/airflow/example_dags/example_branch_labels.py took 0.047 seconds
[2023-10-22T17:02:06.656+0000] {processor.py:153} INFO - Started process (PID=10998) to work on /home/airflow/.local/lib/python3.7/site-packages/airflow/example_dags/example_branch_labels.py
[2023-10-22T17:02:06.658+0000] {processor.py:743} INFO - Processing file /home/airflow/.local/lib/python3.7/site-packages/airflow/example_dags/example_branch_labels.py for tasks to queue
[2023-10-22T17:02:06.658+0000] {logging_mixin.py:137} INFO - [2023-10-22T17:02:06.658+0000] {dagbag.py:538} INFO - Filling up the DagBag from /home/airflow/.local/lib/python3.7/site-packages/airflow/example_dags/example_branch_labels.py
[2023-10-22T17:02:06.672+0000] {processor.py:753} INFO - DAG(s) dict_keys(['example_branch_labels']) retrieved from /home/airflow/.local/lib/python3.7/site-packages/airflow/example_dags/example_branch_labels.py
[2023-10-22T17:02:06.694+0000] {logging_mixin.py:137} INFO - [2023-10-22T17:02:06.694+0000] {dag.py:2690} INFO - Sync 1 DAGs
[2023-10-22T17:02:06.711+0000] {logging_mixin.py:137} INFO - [2023-10-22T17:02:06.711+0000] {dag.py:3441} INFO - Setting next_dagrun for example_branch_labels to 2023-10-21T00:00:00+00:00, run_after=2023-10-22T00:00:00+00:00
[2023-10-22T17:02:06.723+0000] {processor.py:175} INFO - Processing /home/airflow/.local/lib/python3.7/site-packages/airflow/example_dags/example_branch_labels.py took 0.070 seconds
[2023-10-22T18:08:05.807+0000] {processor.py:153} INFO - Started process (PID=11092) to work on /home/airflow/.local/lib/python3.7/site-packages/airflow/example_dags/example_branch_labels.py
[2023-10-22T18:08:05.808+0000] {processor.py:743} INFO - Processing file /home/airflow/.local/lib/python3.7/site-packages/airflow/example_dags/example_branch_labels.py for tasks to queue
[2023-10-22T18:08:05.809+0000] {logging_mixin.py:137} INFO - [2023-10-22T18:08:05.809+0000] {dagbag.py:538} INFO - Filling up the DagBag from /home/airflow/.local/lib/python3.7/site-packages/airflow/example_dags/example_branch_labels.py
[2023-10-22T18:08:05.821+0000] {processor.py:753} INFO - DAG(s) dict_keys(['example_branch_labels']) retrieved from /home/airflow/.local/lib/python3.7/site-packages/airflow/example_dags/example_branch_labels.py
[2023-10-22T18:08:05.837+0000] {logging_mixin.py:137} INFO - [2023-10-22T18:08:05.837+0000] {dag.py:2690} INFO - Sync 1 DAGs
[2023-10-22T18:08:05.853+0000] {logging_mixin.py:137} INFO - [2023-10-22T18:08:05.853+0000] {dag.py:3441} INFO - Setting next_dagrun for example_branch_labels to 2023-10-21T00:00:00+00:00, run_after=2023-10-22T00:00:00+00:00
[2023-10-22T18:08:05.863+0000] {processor.py:175} INFO - Processing /home/airflow/.local/lib/python3.7/site-packages/airflow/example_dags/example_branch_labels.py took 0.060 seconds
[2023-10-22T18:41:32.368+0000] {processor.py:153} INFO - Started process (PID=11186) to work on /home/airflow/.local/lib/python3.7/site-packages/airflow/example_dags/example_branch_labels.py
[2023-10-22T18:41:32.370+0000] {processor.py:743} INFO - Processing file /home/airflow/.local/lib/python3.7/site-packages/airflow/example_dags/example_branch_labels.py for tasks to queue
[2023-10-22T18:41:32.371+0000] {logging_mixin.py:137} INFO - [2023-10-22T18:41:32.371+0000] {dagbag.py:538} INFO - Filling up the DagBag from /home/airflow/.local/lib/python3.7/site-packages/airflow/example_dags/example_branch_labels.py
[2023-10-22T18:41:32.390+0000] {processor.py:753} INFO - DAG(s) dict_keys(['example_branch_labels']) retrieved from /home/airflow/.local/lib/python3.7/site-packages/airflow/example_dags/example_branch_labels.py
[2023-10-22T18:41:32.437+0000] {logging_mixin.py:137} INFO - [2023-10-22T18:41:32.437+0000] {dag.py:2690} INFO - Sync 1 DAGs
[2023-10-22T18:41:32.476+0000] {logging_mixin.py:137} INFO - [2023-10-22T18:41:32.476+0000] {dag.py:3441} INFO - Setting next_dagrun for example_branch_labels to 2023-10-21T00:00:00+00:00, run_after=2023-10-22T00:00:00+00:00
[2023-10-22T18:41:32.507+0000] {processor.py:175} INFO - Processing /home/airflow/.local/lib/python3.7/site-packages/airflow/example_dags/example_branch_labels.py took 0.144 seconds
[2023-10-22T19:57:25.335+0000] {processor.py:153} INFO - Started process (PID=11262) to work on /home/airflow/.local/lib/python3.7/site-packages/airflow/example_dags/example_branch_labels.py
[2023-10-22T19:57:25.336+0000] {processor.py:743} INFO - Processing file /home/airflow/.local/lib/python3.7/site-packages/airflow/example_dags/example_branch_labels.py for tasks to queue
[2023-10-22T19:57:25.336+0000] {logging_mixin.py:137} INFO - [2023-10-22T19:57:25.336+0000] {dagbag.py:538} INFO - Filling up the DagBag from /home/airflow/.local/lib/python3.7/site-packages/airflow/example_dags/example_branch_labels.py
[2023-10-22T19:57:25.347+0000] {processor.py:753} INFO - DAG(s) dict_keys(['example_branch_labels']) retrieved from /home/airflow/.local/lib/python3.7/site-packages/airflow/example_dags/example_branch_labels.py
[2023-10-22T19:57:25.370+0000] {logging_mixin.py:137} INFO - [2023-10-22T19:57:25.370+0000] {dag.py:2690} INFO - Sync 1 DAGs
[2023-10-22T19:57:25.388+0000] {logging_mixin.py:137} INFO - [2023-10-22T19:57:25.387+0000] {dag.py:3441} INFO - Setting next_dagrun for example_branch_labels to 2023-10-21T00:00:00+00:00, run_after=2023-10-22T00:00:00+00:00
[2023-10-22T19:57:25.400+0000] {processor.py:175} INFO - Processing /home/airflow/.local/lib/python3.7/site-packages/airflow/example_dags/example_branch_labels.py took 0.068 seconds
[2023-10-22T21:10:37.550+0000] {processor.py:153} INFO - Started process (PID=11356) to work on /home/airflow/.local/lib/python3.7/site-packages/airflow/example_dags/example_branch_labels.py
[2023-10-22T21:10:37.551+0000] {processor.py:743} INFO - Processing file /home/airflow/.local/lib/python3.7/site-packages/airflow/example_dags/example_branch_labels.py for tasks to queue
[2023-10-22T21:10:37.552+0000] {logging_mixin.py:137} INFO - [2023-10-22T21:10:37.552+0000] {dagbag.py:538} INFO - Filling up the DagBag from /home/airflow/.local/lib/python3.7/site-packages/airflow/example_dags/example_branch_labels.py
[2023-10-22T21:10:37.563+0000] {processor.py:753} INFO - DAG(s) dict_keys(['example_branch_labels']) retrieved from /home/airflow/.local/lib/python3.7/site-packages/airflow/example_dags/example_branch_labels.py
[2023-10-22T21:10:37.583+0000] {logging_mixin.py:137} INFO - [2023-10-22T21:10:37.583+0000] {dag.py:2690} INFO - Sync 1 DAGs
[2023-10-22T21:10:37.598+0000] {logging_mixin.py:137} INFO - [2023-10-22T21:10:37.598+0000] {dag.py:3441} INFO - Setting next_dagrun for example_branch_labels to 2023-10-21T00:00:00+00:00, run_after=2023-10-22T00:00:00+00:00
[2023-10-22T21:10:37.611+0000] {processor.py:175} INFO - Processing /home/airflow/.local/lib/python3.7/site-packages/airflow/example_dags/example_branch_labels.py took 0.064 seconds
[2023-10-22T22:36:22.990+0000] {processor.py:153} INFO - Started process (PID=11432) to work on /home/airflow/.local/lib/python3.7/site-packages/airflow/example_dags/example_branch_labels.py
[2023-10-22T22:36:22.990+0000] {processor.py:743} INFO - Processing file /home/airflow/.local/lib/python3.7/site-packages/airflow/example_dags/example_branch_labels.py for tasks to queue
[2023-10-22T22:36:22.991+0000] {logging_mixin.py:137} INFO - [2023-10-22T22:36:22.991+0000] {dagbag.py:538} INFO - Filling up the DagBag from /home/airflow/.local/lib/python3.7/site-packages/airflow/example_dags/example_branch_labels.py
[2023-10-22T22:36:23.000+0000] {processor.py:753} INFO - DAG(s) dict_keys(['example_branch_labels']) retrieved from /home/airflow/.local/lib/python3.7/site-packages/airflow/example_dags/example_branch_labels.py
[2023-10-22T22:36:23.014+0000] {logging_mixin.py:137} INFO - [2023-10-22T22:36:23.014+0000] {dag.py:2690} INFO - Sync 1 DAGs
[2023-10-22T22:36:23.027+0000] {logging_mixin.py:137} INFO - [2023-10-22T22:36:23.027+0000] {dag.py:3441} INFO - Setting next_dagrun for example_branch_labels to 2023-10-21T00:00:00+00:00, run_after=2023-10-22T00:00:00+00:00
[2023-10-22T22:36:23.036+0000] {processor.py:175} INFO - Processing /home/airflow/.local/lib/python3.7/site-packages/airflow/example_dags/example_branch_labels.py took 0.048 seconds
[2023-10-22T23:59:40.504+0000] {processor.py:153} INFO - Started process (PID=11526) to work on /home/airflow/.local/lib/python3.7/site-packages/airflow/example_dags/example_branch_labels.py
[2023-10-22T23:59:40.505+0000] {processor.py:743} INFO - Processing file /home/airflow/.local/lib/python3.7/site-packages/airflow/example_dags/example_branch_labels.py for tasks to queue
[2023-10-22T23:59:40.506+0000] {logging_mixin.py:137} INFO - [2023-10-22T23:59:40.506+0000] {dagbag.py:538} INFO - Filling up the DagBag from /home/airflow/.local/lib/python3.7/site-packages/airflow/example_dags/example_branch_labels.py
[2023-10-22T23:59:40.519+0000] {processor.py:753} INFO - DAG(s) dict_keys(['example_branch_labels']) retrieved from /home/airflow/.local/lib/python3.7/site-packages/airflow/example_dags/example_branch_labels.py
[2023-10-22T23:59:40.541+0000] {logging_mixin.py:137} INFO - [2023-10-22T23:59:40.541+0000] {dag.py:2690} INFO - Sync 1 DAGs
[2023-10-22T23:59:40.556+0000] {logging_mixin.py:137} INFO - [2023-10-22T23:59:40.556+0000] {dag.py:3441} INFO - Setting next_dagrun for example_branch_labels to 2023-10-21T00:00:00+00:00, run_after=2023-10-22T00:00:00+00:00
[2023-10-22T23:59:40.566+0000] {processor.py:175} INFO - Processing /home/airflow/.local/lib/python3.7/site-packages/airflow/example_dags/example_branch_labels.py took 0.066 seconds
