[2023-10-22T01:17:20.332+0000] {processor.py:153} INFO - Started process (PID=9699) to work on /home/airflow/.local/lib/python3.7/site-packages/airflow/example_dags/example_trigger_controller_dag.py
[2023-10-22T01:17:20.333+0000] {processor.py:743} INFO - Processing file /home/airflow/.local/lib/python3.7/site-packages/airflow/example_dags/example_trigger_controller_dag.py for tasks to queue
[2023-10-22T01:17:20.333+0000] {logging_mixin.py:137} INFO - [2023-10-22T01:17:20.333+0000] {dagbag.py:538} INFO - Filling up the DagBag from /home/airflow/.local/lib/python3.7/site-packages/airflow/example_dags/example_trigger_controller_dag.py
[2023-10-22T01:17:20.344+0000] {processor.py:753} INFO - DAG(s) dict_keys(['example_trigger_controller_dag']) retrieved from /home/airflow/.local/lib/python3.7/site-packages/airflow/example_dags/example_trigger_controller_dag.py
[2023-10-22T01:17:20.363+0000] {logging_mixin.py:137} INFO - [2023-10-22T01:17:20.363+0000] {dag.py:2690} INFO - Sync 1 DAGs
[2023-10-22T01:17:20.376+0000] {logging_mixin.py:137} INFO - [2023-10-22T01:17:20.376+0000] {dag.py:3441} INFO - Setting next_dagrun for example_trigger_controller_dag to 2021-01-01T00:00:00+00:00, run_after=2021-01-01T00:00:00+00:00
[2023-10-22T01:17:20.388+0000] {processor.py:175} INFO - Processing /home/airflow/.local/lib/python3.7/site-packages/airflow/example_dags/example_trigger_controller_dag.py took 0.061 seconds
[2023-10-22T02:40:00.743+0000] {processor.py:153} INFO - Started process (PID=9775) to work on /home/airflow/.local/lib/python3.7/site-packages/airflow/example_dags/example_trigger_controller_dag.py
[2023-10-22T02:40:00.744+0000] {processor.py:743} INFO - Processing file /home/airflow/.local/lib/python3.7/site-packages/airflow/example_dags/example_trigger_controller_dag.py for tasks to queue
[2023-10-22T02:40:00.745+0000] {logging_mixin.py:137} INFO - [2023-10-22T02:40:00.745+0000] {dagbag.py:538} INFO - Filling up the DagBag from /home/airflow/.local/lib/python3.7/site-packages/airflow/example_dags/example_trigger_controller_dag.py
[2023-10-22T02:40:00.754+0000] {processor.py:753} INFO - DAG(s) dict_keys(['example_trigger_controller_dag']) retrieved from /home/airflow/.local/lib/python3.7/site-packages/airflow/example_dags/example_trigger_controller_dag.py
[2023-10-22T02:40:00.773+0000] {logging_mixin.py:137} INFO - [2023-10-22T02:40:00.773+0000] {dag.py:2690} INFO - Sync 1 DAGs
[2023-10-22T02:40:00.788+0000] {logging_mixin.py:137} INFO - [2023-10-22T02:40:00.788+0000] {dag.py:3441} INFO - Setting next_dagrun for example_trigger_controller_dag to 2021-01-01T00:00:00+00:00, run_after=2021-01-01T00:00:00+00:00
[2023-10-22T02:40:00.799+0000] {processor.py:175} INFO - Processing /home/airflow/.local/lib/python3.7/site-packages/airflow/example_dags/example_trigger_controller_dag.py took 0.060 seconds
[2023-10-22T03:51:38.982+0000] {processor.py:153} INFO - Started process (PID=9869) to work on /home/airflow/.local/lib/python3.7/site-packages/airflow/example_dags/example_trigger_controller_dag.py
[2023-10-22T03:51:38.983+0000] {processor.py:743} INFO - Processing file /home/airflow/.local/lib/python3.7/site-packages/airflow/example_dags/example_trigger_controller_dag.py for tasks to queue
[2023-10-22T03:51:38.984+0000] {logging_mixin.py:137} INFO - [2023-10-22T03:51:38.984+0000] {dagbag.py:538} INFO - Filling up the DagBag from /home/airflow/.local/lib/python3.7/site-packages/airflow/example_dags/example_trigger_controller_dag.py
[2023-10-22T03:51:38.998+0000] {processor.py:753} INFO - DAG(s) dict_keys(['example_trigger_controller_dag']) retrieved from /home/airflow/.local/lib/python3.7/site-packages/airflow/example_dags/example_trigger_controller_dag.py
[2023-10-22T03:51:39.021+0000] {logging_mixin.py:137} INFO - [2023-10-22T03:51:39.021+0000] {dag.py:2690} INFO - Sync 1 DAGs
[2023-10-22T03:51:39.037+0000] {logging_mixin.py:137} INFO - [2023-10-22T03:51:39.037+0000] {dag.py:3441} INFO - Setting next_dagrun for example_trigger_controller_dag to 2021-01-01T00:00:00+00:00, run_after=2021-01-01T00:00:00+00:00
[2023-10-22T03:51:39.049+0000] {processor.py:175} INFO - Processing /home/airflow/.local/lib/python3.7/site-packages/airflow/example_dags/example_trigger_controller_dag.py took 0.071 seconds
[2023-10-22T05:13:51.149+0000] {processor.py:153} INFO - Started process (PID=9963) to work on /home/airflow/.local/lib/python3.7/site-packages/airflow/example_dags/example_trigger_controller_dag.py
[2023-10-22T05:13:51.150+0000] {processor.py:743} INFO - Processing file /home/airflow/.local/lib/python3.7/site-packages/airflow/example_dags/example_trigger_controller_dag.py for tasks to queue
[2023-10-22T05:13:51.150+0000] {logging_mixin.py:137} INFO - [2023-10-22T05:13:51.150+0000] {dagbag.py:538} INFO - Filling up the DagBag from /home/airflow/.local/lib/python3.7/site-packages/airflow/example_dags/example_trigger_controller_dag.py
[2023-10-22T05:13:51.159+0000] {processor.py:753} INFO - DAG(s) dict_keys(['example_trigger_controller_dag']) retrieved from /home/airflow/.local/lib/python3.7/site-packages/airflow/example_dags/example_trigger_controller_dag.py
[2023-10-22T05:13:51.179+0000] {logging_mixin.py:137} INFO - [2023-10-22T05:13:51.179+0000] {dag.py:2690} INFO - Sync 1 DAGs
[2023-10-22T05:13:51.195+0000] {logging_mixin.py:137} INFO - [2023-10-22T05:13:51.195+0000] {dag.py:3441} INFO - Setting next_dagrun for example_trigger_controller_dag to 2021-01-01T00:00:00+00:00, run_after=2021-01-01T00:00:00+00:00
[2023-10-22T05:13:51.207+0000] {processor.py:175} INFO - Processing /home/airflow/.local/lib/python3.7/site-packages/airflow/example_dags/example_trigger_controller_dag.py took 0.061 seconds
[2023-10-22T06:36:47.865+0000] {processor.py:153} INFO - Started process (PID=10039) to work on /home/airflow/.local/lib/python3.7/site-packages/airflow/example_dags/example_trigger_controller_dag.py
[2023-10-22T06:36:47.866+0000] {processor.py:743} INFO - Processing file /home/airflow/.local/lib/python3.7/site-packages/airflow/example_dags/example_trigger_controller_dag.py for tasks to queue
[2023-10-22T06:36:47.867+0000] {logging_mixin.py:137} INFO - [2023-10-22T06:36:47.867+0000] {dagbag.py:538} INFO - Filling up the DagBag from /home/airflow/.local/lib/python3.7/site-packages/airflow/example_dags/example_trigger_controller_dag.py
[2023-10-22T06:36:47.882+0000] {processor.py:753} INFO - DAG(s) dict_keys(['example_trigger_controller_dag']) retrieved from /home/airflow/.local/lib/python3.7/site-packages/airflow/example_dags/example_trigger_controller_dag.py
[2023-10-22T06:36:47.902+0000] {logging_mixin.py:137} INFO - [2023-10-22T06:36:47.902+0000] {dag.py:2690} INFO - Sync 1 DAGs
[2023-10-22T06:36:47.918+0000] {logging_mixin.py:137} INFO - [2023-10-22T06:36:47.918+0000] {dag.py:3441} INFO - Setting next_dagrun for example_trigger_controller_dag to 2021-01-01T00:00:00+00:00, run_after=2021-01-01T00:00:00+00:00
[2023-10-22T06:36:47.929+0000] {processor.py:175} INFO - Processing /home/airflow/.local/lib/python3.7/site-packages/airflow/example_dags/example_trigger_controller_dag.py took 0.070 seconds
[2023-10-22T07:57:13.005+0000] {processor.py:153} INFO - Started process (PID=10133) to work on /home/airflow/.local/lib/python3.7/site-packages/airflow/example_dags/example_trigger_controller_dag.py
[2023-10-22T07:57:13.006+0000] {processor.py:743} INFO - Processing file /home/airflow/.local/lib/python3.7/site-packages/airflow/example_dags/example_trigger_controller_dag.py for tasks to queue
[2023-10-22T07:57:13.006+0000] {logging_mixin.py:137} INFO - [2023-10-22T07:57:13.006+0000] {dagbag.py:538} INFO - Filling up the DagBag from /home/airflow/.local/lib/python3.7/site-packages/airflow/example_dags/example_trigger_controller_dag.py
[2023-10-22T07:57:13.015+0000] {processor.py:753} INFO - DAG(s) dict_keys(['example_trigger_controller_dag']) retrieved from /home/airflow/.local/lib/python3.7/site-packages/airflow/example_dags/example_trigger_controller_dag.py
[2023-10-22T07:57:13.040+0000] {logging_mixin.py:137} INFO - [2023-10-22T07:57:13.040+0000] {dag.py:2690} INFO - Sync 1 DAGs
[2023-10-22T07:57:13.058+0000] {logging_mixin.py:137} INFO - [2023-10-22T07:57:13.058+0000] {dag.py:3441} INFO - Setting next_dagrun for example_trigger_controller_dag to 2021-01-01T00:00:00+00:00, run_after=2021-01-01T00:00:00+00:00
[2023-10-22T07:57:13.071+0000] {processor.py:175} INFO - Processing /home/airflow/.local/lib/python3.7/site-packages/airflow/example_dags/example_trigger_controller_dag.py took 0.073 seconds
[2023-10-22T09:18:55.636+0000] {processor.py:153} INFO - Started process (PID=10227) to work on /home/airflow/.local/lib/python3.7/site-packages/airflow/example_dags/example_trigger_controller_dag.py
[2023-10-22T09:18:55.637+0000] {processor.py:743} INFO - Processing file /home/airflow/.local/lib/python3.7/site-packages/airflow/example_dags/example_trigger_controller_dag.py for tasks to queue
[2023-10-22T09:18:55.637+0000] {logging_mixin.py:137} INFO - [2023-10-22T09:18:55.637+0000] {dagbag.py:538} INFO - Filling up the DagBag from /home/airflow/.local/lib/python3.7/site-packages/airflow/example_dags/example_trigger_controller_dag.py
[2023-10-22T09:18:55.648+0000] {processor.py:753} INFO - DAG(s) dict_keys(['example_trigger_controller_dag']) retrieved from /home/airflow/.local/lib/python3.7/site-packages/airflow/example_dags/example_trigger_controller_dag.py
[2023-10-22T09:18:55.677+0000] {logging_mixin.py:137} INFO - [2023-10-22T09:18:55.677+0000] {dag.py:2690} INFO - Sync 1 DAGs
[2023-10-22T09:18:55.697+0000] {logging_mixin.py:137} INFO - [2023-10-22T09:18:55.697+0000] {dag.py:3441} INFO - Setting next_dagrun for example_trigger_controller_dag to 2021-01-01T00:00:00+00:00, run_after=2021-01-01T00:00:00+00:00
[2023-10-22T09:18:55.715+0000] {processor.py:175} INFO - Processing /home/airflow/.local/lib/python3.7/site-packages/airflow/example_dags/example_trigger_controller_dag.py took 0.083 seconds
[2023-10-22T10:24:12.644+0000] {processor.py:153} INFO - Started process (PID=10303) to work on /home/airflow/.local/lib/python3.7/site-packages/airflow/example_dags/example_trigger_controller_dag.py
[2023-10-22T10:24:12.646+0000] {processor.py:743} INFO - Processing file /home/airflow/.local/lib/python3.7/site-packages/airflow/example_dags/example_trigger_controller_dag.py for tasks to queue
[2023-10-22T10:24:12.647+0000] {logging_mixin.py:137} INFO - [2023-10-22T10:24:12.647+0000] {dagbag.py:538} INFO - Filling up the DagBag from /home/airflow/.local/lib/python3.7/site-packages/airflow/example_dags/example_trigger_controller_dag.py
[2023-10-22T10:24:12.659+0000] {processor.py:753} INFO - DAG(s) dict_keys(['example_trigger_controller_dag']) retrieved from /home/airflow/.local/lib/python3.7/site-packages/airflow/example_dags/example_trigger_controller_dag.py
[2023-10-22T10:24:12.680+0000] {logging_mixin.py:137} INFO - [2023-10-22T10:24:12.680+0000] {dag.py:2690} INFO - Sync 1 DAGs
[2023-10-22T10:24:12.695+0000] {logging_mixin.py:137} INFO - [2023-10-22T10:24:12.695+0000] {dag.py:3441} INFO - Setting next_dagrun for example_trigger_controller_dag to 2021-01-01T00:00:00+00:00, run_after=2021-01-01T00:00:00+00:00
[2023-10-22T10:24:12.705+0000] {processor.py:175} INFO - Processing /home/airflow/.local/lib/python3.7/site-packages/airflow/example_dags/example_trigger_controller_dag.py took 0.066 seconds
[2023-10-22T11:27:50.550+0000] {processor.py:153} INFO - Started process (PID=10397) to work on /home/airflow/.local/lib/python3.7/site-packages/airflow/example_dags/example_trigger_controller_dag.py
[2023-10-22T11:27:50.551+0000] {processor.py:743} INFO - Processing file /home/airflow/.local/lib/python3.7/site-packages/airflow/example_dags/example_trigger_controller_dag.py for tasks to queue
[2023-10-22T11:27:50.552+0000] {logging_mixin.py:137} INFO - [2023-10-22T11:27:50.552+0000] {dagbag.py:538} INFO - Filling up the DagBag from /home/airflow/.local/lib/python3.7/site-packages/airflow/example_dags/example_trigger_controller_dag.py
[2023-10-22T11:27:50.560+0000] {processor.py:753} INFO - DAG(s) dict_keys(['example_trigger_controller_dag']) retrieved from /home/airflow/.local/lib/python3.7/site-packages/airflow/example_dags/example_trigger_controller_dag.py
[2023-10-22T11:27:50.578+0000] {logging_mixin.py:137} INFO - [2023-10-22T11:27:50.578+0000] {dag.py:2690} INFO - Sync 1 DAGs
[2023-10-22T11:27:50.591+0000] {logging_mixin.py:137} INFO - [2023-10-22T11:27:50.591+0000] {dag.py:3441} INFO - Setting next_dagrun for example_trigger_controller_dag to 2021-01-01T00:00:00+00:00, run_after=2021-01-01T00:00:00+00:00
[2023-10-22T11:27:50.603+0000] {processor.py:175} INFO - Processing /home/airflow/.local/lib/python3.7/site-packages/airflow/example_dags/example_trigger_controller_dag.py took 0.055 seconds
[2023-10-22T12:49:12.765+0000] {processor.py:153} INFO - Started process (PID=10474) to work on /home/airflow/.local/lib/python3.7/site-packages/airflow/example_dags/example_trigger_controller_dag.py
[2023-10-22T12:49:12.766+0000] {processor.py:743} INFO - Processing file /home/airflow/.local/lib/python3.7/site-packages/airflow/example_dags/example_trigger_controller_dag.py for tasks to queue
[2023-10-22T12:49:12.767+0000] {logging_mixin.py:137} INFO - [2023-10-22T12:49:12.766+0000] {dagbag.py:538} INFO - Filling up the DagBag from /home/airflow/.local/lib/python3.7/site-packages/airflow/example_dags/example_trigger_controller_dag.py
[2023-10-22T12:49:12.775+0000] {processor.py:753} INFO - DAG(s) dict_keys(['example_trigger_controller_dag']) retrieved from /home/airflow/.local/lib/python3.7/site-packages/airflow/example_dags/example_trigger_controller_dag.py
[2023-10-22T12:49:12.795+0000] {logging_mixin.py:137} INFO - [2023-10-22T12:49:12.795+0000] {dag.py:2690} INFO - Sync 1 DAGs
[2023-10-22T12:49:12.810+0000] {logging_mixin.py:137} INFO - [2023-10-22T12:49:12.809+0000] {dag.py:3441} INFO - Setting next_dagrun for example_trigger_controller_dag to 2021-01-01T00:00:00+00:00, run_after=2021-01-01T00:00:00+00:00
[2023-10-22T12:49:12.820+0000] {processor.py:175} INFO - Processing /home/airflow/.local/lib/python3.7/site-packages/airflow/example_dags/example_trigger_controller_dag.py took 0.057 seconds
[2023-10-22T14:09:53.721+0000] {processor.py:153} INFO - Started process (PID=10568) to work on /home/airflow/.local/lib/python3.7/site-packages/airflow/example_dags/example_trigger_controller_dag.py
[2023-10-22T14:09:53.722+0000] {processor.py:743} INFO - Processing file /home/airflow/.local/lib/python3.7/site-packages/airflow/example_dags/example_trigger_controller_dag.py for tasks to queue
[2023-10-22T14:09:53.723+0000] {logging_mixin.py:137} INFO - [2023-10-22T14:09:53.723+0000] {dagbag.py:538} INFO - Filling up the DagBag from /home/airflow/.local/lib/python3.7/site-packages/airflow/example_dags/example_trigger_controller_dag.py
[2023-10-22T14:09:53.736+0000] {processor.py:753} INFO - DAG(s) dict_keys(['example_trigger_controller_dag']) retrieved from /home/airflow/.local/lib/python3.7/site-packages/airflow/example_dags/example_trigger_controller_dag.py
[2023-10-22T14:09:53.763+0000] {logging_mixin.py:137} INFO - [2023-10-22T14:09:53.762+0000] {dag.py:2690} INFO - Sync 1 DAGs
[2023-10-22T14:09:53.786+0000] {logging_mixin.py:137} INFO - [2023-10-22T14:09:53.786+0000] {dag.py:3441} INFO - Setting next_dagrun for example_trigger_controller_dag to 2021-01-01T00:00:00+00:00, run_after=2021-01-01T00:00:00+00:00
[2023-10-22T14:09:53.807+0000] {processor.py:175} INFO - Processing /home/airflow/.local/lib/python3.7/site-packages/airflow/example_dags/example_trigger_controller_dag.py took 0.089 seconds
[2023-10-22T15:34:25.313+0000] {processor.py:153} INFO - Started process (PID=10662) to work on /home/airflow/.local/lib/python3.7/site-packages/airflow/example_dags/example_trigger_controller_dag.py
[2023-10-22T15:34:25.314+0000] {processor.py:743} INFO - Processing file /home/airflow/.local/lib/python3.7/site-packages/airflow/example_dags/example_trigger_controller_dag.py for tasks to queue
[2023-10-22T15:34:25.315+0000] {logging_mixin.py:137} INFO - [2023-10-22T15:34:25.315+0000] {dagbag.py:538} INFO - Filling up the DagBag from /home/airflow/.local/lib/python3.7/site-packages/airflow/example_dags/example_trigger_controller_dag.py
[2023-10-22T15:34:25.332+0000] {processor.py:753} INFO - DAG(s) dict_keys(['example_trigger_controller_dag']) retrieved from /home/airflow/.local/lib/python3.7/site-packages/airflow/example_dags/example_trigger_controller_dag.py
[2023-10-22T15:34:25.381+0000] {logging_mixin.py:137} INFO - [2023-10-22T15:34:25.380+0000] {dag.py:2690} INFO - Sync 1 DAGs
[2023-10-22T15:34:25.410+0000] {logging_mixin.py:137} INFO - [2023-10-22T15:34:25.410+0000] {dag.py:3441} INFO - Setting next_dagrun for example_trigger_controller_dag to 2021-01-01T00:00:00+00:00, run_after=2021-01-01T00:00:00+00:00
[2023-10-22T15:34:25.447+0000] {processor.py:175} INFO - Processing /home/airflow/.local/lib/python3.7/site-packages/airflow/example_dags/example_trigger_controller_dag.py took 0.136 seconds
[2023-10-22T16:28:39.727+0000] {processor.py:153} INFO - Started process (PID=10738) to work on /home/airflow/.local/lib/python3.7/site-packages/airflow/example_dags/example_trigger_controller_dag.py
[2023-10-22T16:28:39.728+0000] {processor.py:743} INFO - Processing file /home/airflow/.local/lib/python3.7/site-packages/airflow/example_dags/example_trigger_controller_dag.py for tasks to queue
[2023-10-22T16:28:39.729+0000] {logging_mixin.py:137} INFO - [2023-10-22T16:28:39.728+0000] {dagbag.py:538} INFO - Filling up the DagBag from /home/airflow/.local/lib/python3.7/site-packages/airflow/example_dags/example_trigger_controller_dag.py
[2023-10-22T16:28:39.738+0000] {processor.py:753} INFO - DAG(s) dict_keys(['example_trigger_controller_dag']) retrieved from /home/airflow/.local/lib/python3.7/site-packages/airflow/example_dags/example_trigger_controller_dag.py
[2023-10-22T16:28:39.758+0000] {logging_mixin.py:137} INFO - [2023-10-22T16:28:39.757+0000] {dag.py:2690} INFO - Sync 1 DAGs
[2023-10-22T16:28:39.776+0000] {logging_mixin.py:137} INFO - [2023-10-22T16:28:39.776+0000] {dag.py:3441} INFO - Setting next_dagrun for example_trigger_controller_dag to 2021-01-01T00:00:00+00:00, run_after=2021-01-01T00:00:00+00:00
[2023-10-22T16:28:39.789+0000] {processor.py:175} INFO - Processing /home/airflow/.local/lib/python3.7/site-packages/airflow/example_dags/example_trigger_controller_dag.py took 0.065 seconds
[2023-10-22T16:45:49.391+0000] {processor.py:153} INFO - Started process (PID=10831) to work on /home/airflow/.local/lib/python3.7/site-packages/airflow/example_dags/example_trigger_controller_dag.py
[2023-10-22T16:45:49.393+0000] {processor.py:743} INFO - Processing file /home/airflow/.local/lib/python3.7/site-packages/airflow/example_dags/example_trigger_controller_dag.py for tasks to queue
[2023-10-22T16:45:49.393+0000] {logging_mixin.py:137} INFO - [2023-10-22T16:45:49.393+0000] {dagbag.py:538} INFO - Filling up the DagBag from /home/airflow/.local/lib/python3.7/site-packages/airflow/example_dags/example_trigger_controller_dag.py
[2023-10-22T16:45:49.408+0000] {processor.py:753} INFO - DAG(s) dict_keys(['example_trigger_controller_dag']) retrieved from /home/airflow/.local/lib/python3.7/site-packages/airflow/example_dags/example_trigger_controller_dag.py
[2023-10-22T16:45:49.430+0000] {logging_mixin.py:137} INFO - [2023-10-22T16:45:49.430+0000] {dag.py:2690} INFO - Sync 1 DAGs
[2023-10-22T16:45:49.449+0000] {logging_mixin.py:137} INFO - [2023-10-22T16:45:49.449+0000] {dag.py:3441} INFO - Setting next_dagrun for example_trigger_controller_dag to 2021-01-01T00:00:00+00:00, run_after=2021-01-01T00:00:00+00:00
[2023-10-22T16:45:49.463+0000] {processor.py:175} INFO - Processing /home/airflow/.local/lib/python3.7/site-packages/airflow/example_dags/example_trigger_controller_dag.py took 0.075 seconds
[2023-10-22T16:46:20.434+0000] {processor.py:153} INFO - Started process (PID=10925) to work on /home/airflow/.local/lib/python3.7/site-packages/airflow/example_dags/example_trigger_controller_dag.py
[2023-10-22T16:46:20.435+0000] {processor.py:743} INFO - Processing file /home/airflow/.local/lib/python3.7/site-packages/airflow/example_dags/example_trigger_controller_dag.py for tasks to queue
[2023-10-22T16:46:20.435+0000] {logging_mixin.py:137} INFO - [2023-10-22T16:46:20.435+0000] {dagbag.py:538} INFO - Filling up the DagBag from /home/airflow/.local/lib/python3.7/site-packages/airflow/example_dags/example_trigger_controller_dag.py
[2023-10-22T16:46:20.442+0000] {processor.py:753} INFO - DAG(s) dict_keys(['example_trigger_controller_dag']) retrieved from /home/airflow/.local/lib/python3.7/site-packages/airflow/example_dags/example_trigger_controller_dag.py
[2023-10-22T16:46:20.456+0000] {logging_mixin.py:137} INFO - [2023-10-22T16:46:20.456+0000] {dag.py:2690} INFO - Sync 1 DAGs
[2023-10-22T16:46:20.467+0000] {logging_mixin.py:137} INFO - [2023-10-22T16:46:20.467+0000] {dag.py:3441} INFO - Setting next_dagrun for example_trigger_controller_dag to 2021-01-01T00:00:00+00:00, run_after=2021-01-01T00:00:00+00:00
[2023-10-22T16:46:20.475+0000] {processor.py:175} INFO - Processing /home/airflow/.local/lib/python3.7/site-packages/airflow/example_dags/example_trigger_controller_dag.py took 0.043 seconds
[2023-10-22T17:02:06.826+0000] {processor.py:153} INFO - Started process (PID=11001) to work on /home/airflow/.local/lib/python3.7/site-packages/airflow/example_dags/example_trigger_controller_dag.py
[2023-10-22T17:02:06.827+0000] {processor.py:743} INFO - Processing file /home/airflow/.local/lib/python3.7/site-packages/airflow/example_dags/example_trigger_controller_dag.py for tasks to queue
[2023-10-22T17:02:06.828+0000] {logging_mixin.py:137} INFO - [2023-10-22T17:02:06.828+0000] {dagbag.py:538} INFO - Filling up the DagBag from /home/airflow/.local/lib/python3.7/site-packages/airflow/example_dags/example_trigger_controller_dag.py
[2023-10-22T17:02:06.839+0000] {processor.py:753} INFO - DAG(s) dict_keys(['example_trigger_controller_dag']) retrieved from /home/airflow/.local/lib/python3.7/site-packages/airflow/example_dags/example_trigger_controller_dag.py
[2023-10-22T17:02:06.865+0000] {logging_mixin.py:137} INFO - [2023-10-22T17:02:06.864+0000] {dag.py:2690} INFO - Sync 1 DAGs
[2023-10-22T17:02:06.883+0000] {logging_mixin.py:137} INFO - [2023-10-22T17:02:06.883+0000] {dag.py:3441} INFO - Setting next_dagrun for example_trigger_controller_dag to 2021-01-01T00:00:00+00:00, run_after=2021-01-01T00:00:00+00:00
[2023-10-22T17:02:06.894+0000] {processor.py:175} INFO - Processing /home/airflow/.local/lib/python3.7/site-packages/airflow/example_dags/example_trigger_controller_dag.py took 0.072 seconds
[2023-10-22T18:08:05.976+0000] {processor.py:153} INFO - Started process (PID=11095) to work on /home/airflow/.local/lib/python3.7/site-packages/airflow/example_dags/example_trigger_controller_dag.py
[2023-10-22T18:08:05.977+0000] {processor.py:743} INFO - Processing file /home/airflow/.local/lib/python3.7/site-packages/airflow/example_dags/example_trigger_controller_dag.py for tasks to queue
[2023-10-22T18:08:05.978+0000] {logging_mixin.py:137} INFO - [2023-10-22T18:08:05.978+0000] {dagbag.py:538} INFO - Filling up the DagBag from /home/airflow/.local/lib/python3.7/site-packages/airflow/example_dags/example_trigger_controller_dag.py
[2023-10-22T18:08:05.991+0000] {processor.py:753} INFO - DAG(s) dict_keys(['example_trigger_controller_dag']) retrieved from /home/airflow/.local/lib/python3.7/site-packages/airflow/example_dags/example_trigger_controller_dag.py
[2023-10-22T18:08:06.027+0000] {logging_mixin.py:137} INFO - [2023-10-22T18:08:06.027+0000] {dag.py:2690} INFO - Sync 1 DAGs
[2023-10-22T18:08:06.066+0000] {logging_mixin.py:137} INFO - [2023-10-22T18:08:06.066+0000] {dag.py:3441} INFO - Setting next_dagrun for example_trigger_controller_dag to 2021-01-01T00:00:00+00:00, run_after=2021-01-01T00:00:00+00:00
[2023-10-22T18:08:06.077+0000] {processor.py:175} INFO - Processing /home/airflow/.local/lib/python3.7/site-packages/airflow/example_dags/example_trigger_controller_dag.py took 0.105 seconds
[2023-10-22T18:41:32.723+0000] {processor.py:153} INFO - Started process (PID=11189) to work on /home/airflow/.local/lib/python3.7/site-packages/airflow/example_dags/example_trigger_controller_dag.py
[2023-10-22T18:41:32.724+0000] {processor.py:743} INFO - Processing file /home/airflow/.local/lib/python3.7/site-packages/airflow/example_dags/example_trigger_controller_dag.py for tasks to queue
[2023-10-22T18:41:32.725+0000] {logging_mixin.py:137} INFO - [2023-10-22T18:41:32.725+0000] {dagbag.py:538} INFO - Filling up the DagBag from /home/airflow/.local/lib/python3.7/site-packages/airflow/example_dags/example_trigger_controller_dag.py
[2023-10-22T18:41:32.743+0000] {processor.py:753} INFO - DAG(s) dict_keys(['example_trigger_controller_dag']) retrieved from /home/airflow/.local/lib/python3.7/site-packages/airflow/example_dags/example_trigger_controller_dag.py
[2023-10-22T18:41:32.803+0000] {logging_mixin.py:137} INFO - [2023-10-22T18:41:32.803+0000] {dag.py:2690} INFO - Sync 1 DAGs
[2023-10-22T18:41:32.840+0000] {logging_mixin.py:137} INFO - [2023-10-22T18:41:32.840+0000] {dag.py:3441} INFO - Setting next_dagrun for example_trigger_controller_dag to 2021-01-01T00:00:00+00:00, run_after=2021-01-01T00:00:00+00:00
[2023-10-22T18:41:32.886+0000] {processor.py:175} INFO - Processing /home/airflow/.local/lib/python3.7/site-packages/airflow/example_dags/example_trigger_controller_dag.py took 0.169 seconds
[2023-10-22T19:57:25.501+0000] {processor.py:153} INFO - Started process (PID=11265) to work on /home/airflow/.local/lib/python3.7/site-packages/airflow/example_dags/example_trigger_controller_dag.py
[2023-10-22T19:57:25.502+0000] {processor.py:743} INFO - Processing file /home/airflow/.local/lib/python3.7/site-packages/airflow/example_dags/example_trigger_controller_dag.py for tasks to queue
[2023-10-22T19:57:25.503+0000] {logging_mixin.py:137} INFO - [2023-10-22T19:57:25.503+0000] {dagbag.py:538} INFO - Filling up the DagBag from /home/airflow/.local/lib/python3.7/site-packages/airflow/example_dags/example_trigger_controller_dag.py
[2023-10-22T19:57:25.512+0000] {processor.py:753} INFO - DAG(s) dict_keys(['example_trigger_controller_dag']) retrieved from /home/airflow/.local/lib/python3.7/site-packages/airflow/example_dags/example_trigger_controller_dag.py
[2023-10-22T19:57:25.532+0000] {logging_mixin.py:137} INFO - [2023-10-22T19:57:25.532+0000] {dag.py:2690} INFO - Sync 1 DAGs
[2023-10-22T19:57:25.547+0000] {logging_mixin.py:137} INFO - [2023-10-22T19:57:25.547+0000] {dag.py:3441} INFO - Setting next_dagrun for example_trigger_controller_dag to 2021-01-01T00:00:00+00:00, run_after=2021-01-01T00:00:00+00:00
[2023-10-22T19:57:25.563+0000] {processor.py:175} INFO - Processing /home/airflow/.local/lib/python3.7/site-packages/airflow/example_dags/example_trigger_controller_dag.py took 0.065 seconds
[2023-10-22T21:10:37.722+0000] {processor.py:153} INFO - Started process (PID=11359) to work on /home/airflow/.local/lib/python3.7/site-packages/airflow/example_dags/example_trigger_controller_dag.py
[2023-10-22T21:10:37.724+0000] {processor.py:743} INFO - Processing file /home/airflow/.local/lib/python3.7/site-packages/airflow/example_dags/example_trigger_controller_dag.py for tasks to queue
[2023-10-22T21:10:37.725+0000] {logging_mixin.py:137} INFO - [2023-10-22T21:10:37.725+0000] {dagbag.py:538} INFO - Filling up the DagBag from /home/airflow/.local/lib/python3.7/site-packages/airflow/example_dags/example_trigger_controller_dag.py
[2023-10-22T21:10:37.747+0000] {processor.py:753} INFO - DAG(s) dict_keys(['example_trigger_controller_dag']) retrieved from /home/airflow/.local/lib/python3.7/site-packages/airflow/example_dags/example_trigger_controller_dag.py
[2023-10-22T21:10:37.791+0000] {logging_mixin.py:137} INFO - [2023-10-22T21:10:37.791+0000] {dag.py:2690} INFO - Sync 1 DAGs
[2023-10-22T21:10:37.835+0000] {logging_mixin.py:137} INFO - [2023-10-22T21:10:37.830+0000] {dag.py:3441} INFO - Setting next_dagrun for example_trigger_controller_dag to 2021-01-01T00:00:00+00:00, run_after=2021-01-01T00:00:00+00:00
[2023-10-22T21:10:37.849+0000] {processor.py:175} INFO - Processing /home/airflow/.local/lib/python3.7/site-packages/airflow/example_dags/example_trigger_controller_dag.py took 0.131 seconds
[2023-10-22T22:36:23.109+0000] {processor.py:153} INFO - Started process (PID=11435) to work on /home/airflow/.local/lib/python3.7/site-packages/airflow/example_dags/example_trigger_controller_dag.py
[2023-10-22T22:36:23.109+0000] {processor.py:743} INFO - Processing file /home/airflow/.local/lib/python3.7/site-packages/airflow/example_dags/example_trigger_controller_dag.py for tasks to queue
[2023-10-22T22:36:23.110+0000] {logging_mixin.py:137} INFO - [2023-10-22T22:36:23.110+0000] {dagbag.py:538} INFO - Filling up the DagBag from /home/airflow/.local/lib/python3.7/site-packages/airflow/example_dags/example_trigger_controller_dag.py
[2023-10-22T22:36:23.116+0000] {processor.py:753} INFO - DAG(s) dict_keys(['example_trigger_controller_dag']) retrieved from /home/airflow/.local/lib/python3.7/site-packages/airflow/example_dags/example_trigger_controller_dag.py
[2023-10-22T22:36:23.133+0000] {logging_mixin.py:137} INFO - [2023-10-22T22:36:23.133+0000] {dag.py:2690} INFO - Sync 1 DAGs
[2023-10-22T22:36:23.147+0000] {logging_mixin.py:137} INFO - [2023-10-22T22:36:23.147+0000] {dag.py:3441} INFO - Setting next_dagrun for example_trigger_controller_dag to 2021-01-01T00:00:00+00:00, run_after=2021-01-01T00:00:00+00:00
[2023-10-22T22:36:23.157+0000] {processor.py:175} INFO - Processing /home/airflow/.local/lib/python3.7/site-packages/airflow/example_dags/example_trigger_controller_dag.py took 0.051 seconds
[2023-10-22T23:59:40.681+0000] {processor.py:153} INFO - Started process (PID=11529) to work on /home/airflow/.local/lib/python3.7/site-packages/airflow/example_dags/example_trigger_controller_dag.py
[2023-10-22T23:59:40.682+0000] {processor.py:743} INFO - Processing file /home/airflow/.local/lib/python3.7/site-packages/airflow/example_dags/example_trigger_controller_dag.py for tasks to queue
[2023-10-22T23:59:40.683+0000] {logging_mixin.py:137} INFO - [2023-10-22T23:59:40.682+0000] {dagbag.py:538} INFO - Filling up the DagBag from /home/airflow/.local/lib/python3.7/site-packages/airflow/example_dags/example_trigger_controller_dag.py
[2023-10-22T23:59:40.692+0000] {processor.py:753} INFO - DAG(s) dict_keys(['example_trigger_controller_dag']) retrieved from /home/airflow/.local/lib/python3.7/site-packages/airflow/example_dags/example_trigger_controller_dag.py
[2023-10-22T23:59:40.711+0000] {logging_mixin.py:137} INFO - [2023-10-22T23:59:40.710+0000] {dag.py:2690} INFO - Sync 1 DAGs
[2023-10-22T23:59:40.723+0000] {logging_mixin.py:137} INFO - [2023-10-22T23:59:40.723+0000] {dag.py:3441} INFO - Setting next_dagrun for example_trigger_controller_dag to 2021-01-01T00:00:00+00:00, run_after=2021-01-01T00:00:00+00:00
[2023-10-22T23:59:40.733+0000] {processor.py:175} INFO - Processing /home/airflow/.local/lib/python3.7/site-packages/airflow/example_dags/example_trigger_controller_dag.py took 0.055 seconds
