[2023-10-22T01:17:20.171+0000] {processor.py:153} INFO - Started process (PID=9697) to work on /home/airflow/.local/lib/python3.7/site-packages/airflow/example_dags/tutorial.py
[2023-10-22T01:17:20.172+0000] {processor.py:743} INFO - Processing file /home/airflow/.local/lib/python3.7/site-packages/airflow/example_dags/tutorial.py for tasks to queue
[2023-10-22T01:17:20.173+0000] {logging_mixin.py:137} INFO - [2023-10-22T01:17:20.173+0000] {dagbag.py:538} INFO - Filling up the DagBag from /home/airflow/.local/lib/python3.7/site-packages/airflow/example_dags/tutorial.py
[2023-10-22T01:17:20.187+0000] {processor.py:753} INFO - DAG(s) dict_keys(['tutorial']) retrieved from /home/airflow/.local/lib/python3.7/site-packages/airflow/example_dags/tutorial.py
[2023-10-22T01:17:20.206+0000] {logging_mixin.py:137} INFO - [2023-10-22T01:17:20.206+0000] {dag.py:2690} INFO - Sync 1 DAGs
[2023-10-22T01:17:20.221+0000] {logging_mixin.py:137} INFO - [2023-10-22T01:17:20.221+0000] {dag.py:3441} INFO - Setting next_dagrun for tutorial to 2023-10-21T01:17:20.221352+00:00, run_after=2023-10-22T01:17:20.221352+00:00
[2023-10-22T01:17:20.235+0000] {processor.py:175} INFO - Processing /home/airflow/.local/lib/python3.7/site-packages/airflow/example_dags/tutorial.py took 0.069 seconds
[2023-10-22T02:40:00.549+0000] {processor.py:153} INFO - Started process (PID=9773) to work on /home/airflow/.local/lib/python3.7/site-packages/airflow/example_dags/tutorial.py
[2023-10-22T02:40:00.550+0000] {processor.py:743} INFO - Processing file /home/airflow/.local/lib/python3.7/site-packages/airflow/example_dags/tutorial.py for tasks to queue
[2023-10-22T02:40:00.550+0000] {logging_mixin.py:137} INFO - [2023-10-22T02:40:00.550+0000] {dagbag.py:538} INFO - Filling up the DagBag from /home/airflow/.local/lib/python3.7/site-packages/airflow/example_dags/tutorial.py
[2023-10-22T02:40:00.564+0000] {processor.py:753} INFO - DAG(s) dict_keys(['tutorial']) retrieved from /home/airflow/.local/lib/python3.7/site-packages/airflow/example_dags/tutorial.py
[2023-10-22T02:40:00.589+0000] {logging_mixin.py:137} INFO - [2023-10-22T02:40:00.588+0000] {dag.py:2690} INFO - Sync 1 DAGs
[2023-10-22T02:40:00.626+0000] {logging_mixin.py:137} INFO - [2023-10-22T02:40:00.626+0000] {dag.py:3441} INFO - Setting next_dagrun for tutorial to 2023-10-21T02:40:00.625793+00:00, run_after=2023-10-22T02:40:00.625793+00:00
[2023-10-22T02:40:00.641+0000] {processor.py:175} INFO - Processing /home/airflow/.local/lib/python3.7/site-packages/airflow/example_dags/tutorial.py took 0.096 seconds
[2023-10-22T03:51:38.763+0000] {processor.py:153} INFO - Started process (PID=9867) to work on /home/airflow/.local/lib/python3.7/site-packages/airflow/example_dags/tutorial.py
[2023-10-22T03:51:38.764+0000] {processor.py:743} INFO - Processing file /home/airflow/.local/lib/python3.7/site-packages/airflow/example_dags/tutorial.py for tasks to queue
[2023-10-22T03:51:38.764+0000] {logging_mixin.py:137} INFO - [2023-10-22T03:51:38.764+0000] {dagbag.py:538} INFO - Filling up the DagBag from /home/airflow/.local/lib/python3.7/site-packages/airflow/example_dags/tutorial.py
[2023-10-22T03:51:38.775+0000] {processor.py:753} INFO - DAG(s) dict_keys(['tutorial']) retrieved from /home/airflow/.local/lib/python3.7/site-packages/airflow/example_dags/tutorial.py
[2023-10-22T03:51:38.797+0000] {logging_mixin.py:137} INFO - [2023-10-22T03:51:38.797+0000] {dag.py:2690} INFO - Sync 1 DAGs
[2023-10-22T03:51:38.814+0000] {logging_mixin.py:137} INFO - [2023-10-22T03:51:38.814+0000] {dag.py:3441} INFO - Setting next_dagrun for tutorial to 2023-10-21T03:51:38.813800+00:00, run_after=2023-10-22T03:51:38.813800+00:00
[2023-10-22T03:51:38.827+0000] {processor.py:175} INFO - Processing /home/airflow/.local/lib/python3.7/site-packages/airflow/example_dags/tutorial.py took 0.067 seconds
[2023-10-22T05:13:50.950+0000] {processor.py:153} INFO - Started process (PID=9961) to work on /home/airflow/.local/lib/python3.7/site-packages/airflow/example_dags/tutorial.py
[2023-10-22T05:13:50.952+0000] {processor.py:743} INFO - Processing file /home/airflow/.local/lib/python3.7/site-packages/airflow/example_dags/tutorial.py for tasks to queue
[2023-10-22T05:13:50.952+0000] {logging_mixin.py:137} INFO - [2023-10-22T05:13:50.952+0000] {dagbag.py:538} INFO - Filling up the DagBag from /home/airflow/.local/lib/python3.7/site-packages/airflow/example_dags/tutorial.py
[2023-10-22T05:13:50.981+0000] {processor.py:753} INFO - DAG(s) dict_keys(['tutorial']) retrieved from /home/airflow/.local/lib/python3.7/site-packages/airflow/example_dags/tutorial.py
[2023-10-22T05:13:51.013+0000] {logging_mixin.py:137} INFO - [2023-10-22T05:13:51.012+0000] {dag.py:2690} INFO - Sync 1 DAGs
[2023-10-22T05:13:51.032+0000] {logging_mixin.py:137} INFO - [2023-10-22T05:13:51.032+0000] {dag.py:3441} INFO - Setting next_dagrun for tutorial to 2023-10-21T05:13:51.031978+00:00, run_after=2023-10-22T05:13:51.031978+00:00
[2023-10-22T05:13:51.045+0000] {processor.py:175} INFO - Processing /home/airflow/.local/lib/python3.7/site-packages/airflow/example_dags/tutorial.py took 0.101 seconds
[2023-10-22T06:36:47.693+0000] {processor.py:153} INFO - Started process (PID=10037) to work on /home/airflow/.local/lib/python3.7/site-packages/airflow/example_dags/tutorial.py
[2023-10-22T06:36:47.694+0000] {processor.py:743} INFO - Processing file /home/airflow/.local/lib/python3.7/site-packages/airflow/example_dags/tutorial.py for tasks to queue
[2023-10-22T06:36:47.694+0000] {logging_mixin.py:137} INFO - [2023-10-22T06:36:47.694+0000] {dagbag.py:538} INFO - Filling up the DagBag from /home/airflow/.local/lib/python3.7/site-packages/airflow/example_dags/tutorial.py
[2023-10-22T06:36:47.707+0000] {processor.py:753} INFO - DAG(s) dict_keys(['tutorial']) retrieved from /home/airflow/.local/lib/python3.7/site-packages/airflow/example_dags/tutorial.py
[2023-10-22T06:36:47.728+0000] {logging_mixin.py:137} INFO - [2023-10-22T06:36:47.728+0000] {dag.py:2690} INFO - Sync 1 DAGs
[2023-10-22T06:36:47.749+0000] {logging_mixin.py:137} INFO - [2023-10-22T06:36:47.749+0000] {dag.py:3441} INFO - Setting next_dagrun for tutorial to 2023-10-21T06:36:47.749083+00:00, run_after=2023-10-22T06:36:47.749083+00:00
[2023-10-22T06:36:47.763+0000] {processor.py:175} INFO - Processing /home/airflow/.local/lib/python3.7/site-packages/airflow/example_dags/tutorial.py took 0.073 seconds
[2023-10-22T07:57:12.834+0000] {processor.py:153} INFO - Started process (PID=10131) to work on /home/airflow/.local/lib/python3.7/site-packages/airflow/example_dags/tutorial.py
[2023-10-22T07:57:12.834+0000] {processor.py:743} INFO - Processing file /home/airflow/.local/lib/python3.7/site-packages/airflow/example_dags/tutorial.py for tasks to queue
[2023-10-22T07:57:12.835+0000] {logging_mixin.py:137} INFO - [2023-10-22T07:57:12.835+0000] {dagbag.py:538} INFO - Filling up the DagBag from /home/airflow/.local/lib/python3.7/site-packages/airflow/example_dags/tutorial.py
[2023-10-22T07:57:12.847+0000] {processor.py:753} INFO - DAG(s) dict_keys(['tutorial']) retrieved from /home/airflow/.local/lib/python3.7/site-packages/airflow/example_dags/tutorial.py
[2023-10-22T07:57:12.873+0000] {logging_mixin.py:137} INFO - [2023-10-22T07:57:12.873+0000] {dag.py:2690} INFO - Sync 1 DAGs
[2023-10-22T07:57:12.888+0000] {logging_mixin.py:137} INFO - [2023-10-22T07:57:12.888+0000] {dag.py:3441} INFO - Setting next_dagrun for tutorial to 2023-10-21T07:57:12.888611+00:00, run_after=2023-10-22T07:57:12.888611+00:00
[2023-10-22T07:57:12.899+0000] {processor.py:175} INFO - Processing /home/airflow/.local/lib/python3.7/site-packages/airflow/example_dags/tutorial.py took 0.068 seconds
[2023-10-22T09:18:55.460+0000] {processor.py:153} INFO - Started process (PID=10225) to work on /home/airflow/.local/lib/python3.7/site-packages/airflow/example_dags/tutorial.py
[2023-10-22T09:18:55.461+0000] {processor.py:743} INFO - Processing file /home/airflow/.local/lib/python3.7/site-packages/airflow/example_dags/tutorial.py for tasks to queue
[2023-10-22T09:18:55.462+0000] {logging_mixin.py:137} INFO - [2023-10-22T09:18:55.462+0000] {dagbag.py:538} INFO - Filling up the DagBag from /home/airflow/.local/lib/python3.7/site-packages/airflow/example_dags/tutorial.py
[2023-10-22T09:18:55.472+0000] {processor.py:753} INFO - DAG(s) dict_keys(['tutorial']) retrieved from /home/airflow/.local/lib/python3.7/site-packages/airflow/example_dags/tutorial.py
[2023-10-22T09:18:55.489+0000] {logging_mixin.py:137} INFO - [2023-10-22T09:18:55.489+0000] {dag.py:2690} INFO - Sync 1 DAGs
[2023-10-22T09:18:55.503+0000] {logging_mixin.py:137} INFO - [2023-10-22T09:18:55.502+0000] {dag.py:3441} INFO - Setting next_dagrun for tutorial to 2023-10-21T09:18:55.502743+00:00, run_after=2023-10-22T09:18:55.502743+00:00
[2023-10-22T09:18:55.515+0000] {processor.py:175} INFO - Processing /home/airflow/.local/lib/python3.7/site-packages/airflow/example_dags/tutorial.py took 0.058 seconds
[2023-10-22T10:24:12.476+0000] {processor.py:153} INFO - Started process (PID=10301) to work on /home/airflow/.local/lib/python3.7/site-packages/airflow/example_dags/tutorial.py
[2023-10-22T10:24:12.478+0000] {processor.py:743} INFO - Processing file /home/airflow/.local/lib/python3.7/site-packages/airflow/example_dags/tutorial.py for tasks to queue
[2023-10-22T10:24:12.479+0000] {logging_mixin.py:137} INFO - [2023-10-22T10:24:12.478+0000] {dagbag.py:538} INFO - Filling up the DagBag from /home/airflow/.local/lib/python3.7/site-packages/airflow/example_dags/tutorial.py
[2023-10-22T10:24:12.499+0000] {processor.py:753} INFO - DAG(s) dict_keys(['tutorial']) retrieved from /home/airflow/.local/lib/python3.7/site-packages/airflow/example_dags/tutorial.py
[2023-10-22T10:24:12.523+0000] {logging_mixin.py:137} INFO - [2023-10-22T10:24:12.523+0000] {dag.py:2690} INFO - Sync 1 DAGs
[2023-10-22T10:24:12.540+0000] {logging_mixin.py:137} INFO - [2023-10-22T10:24:12.540+0000] {dag.py:3441} INFO - Setting next_dagrun for tutorial to 2023-10-21T10:24:12.540514+00:00, run_after=2023-10-22T10:24:12.540514+00:00
[2023-10-22T10:24:12.551+0000] {processor.py:175} INFO - Processing /home/airflow/.local/lib/python3.7/site-packages/airflow/example_dags/tutorial.py took 0.081 seconds
[2023-10-22T11:27:50.384+0000] {processor.py:153} INFO - Started process (PID=10395) to work on /home/airflow/.local/lib/python3.7/site-packages/airflow/example_dags/tutorial.py
[2023-10-22T11:27:50.384+0000] {processor.py:743} INFO - Processing file /home/airflow/.local/lib/python3.7/site-packages/airflow/example_dags/tutorial.py for tasks to queue
[2023-10-22T11:27:50.385+0000] {logging_mixin.py:137} INFO - [2023-10-22T11:27:50.385+0000] {dagbag.py:538} INFO - Filling up the DagBag from /home/airflow/.local/lib/python3.7/site-packages/airflow/example_dags/tutorial.py
[2023-10-22T11:27:50.395+0000] {processor.py:753} INFO - DAG(s) dict_keys(['tutorial']) retrieved from /home/airflow/.local/lib/python3.7/site-packages/airflow/example_dags/tutorial.py
[2023-10-22T11:27:50.411+0000] {logging_mixin.py:137} INFO - [2023-10-22T11:27:50.411+0000] {dag.py:2690} INFO - Sync 1 DAGs
[2023-10-22T11:27:50.426+0000] {logging_mixin.py:137} INFO - [2023-10-22T11:27:50.426+0000] {dag.py:3441} INFO - Setting next_dagrun for tutorial to 2023-10-21T11:27:50.426239+00:00, run_after=2023-10-22T11:27:50.426239+00:00
[2023-10-22T11:27:50.438+0000] {processor.py:175} INFO - Processing /home/airflow/.local/lib/python3.7/site-packages/airflow/example_dags/tutorial.py took 0.057 seconds
[2023-10-22T12:49:12.677+0000] {processor.py:153} INFO - Started process (PID=10472) to work on /home/airflow/.local/lib/python3.7/site-packages/airflow/example_dags/tutorial.py
[2023-10-22T12:49:12.678+0000] {processor.py:743} INFO - Processing file /home/airflow/.local/lib/python3.7/site-packages/airflow/example_dags/tutorial.py for tasks to queue
[2023-10-22T12:49:12.679+0000] {logging_mixin.py:137} INFO - [2023-10-22T12:49:12.679+0000] {dagbag.py:538} INFO - Filling up the DagBag from /home/airflow/.local/lib/python3.7/site-packages/airflow/example_dags/tutorial.py
[2023-10-22T12:49:12.693+0000] {processor.py:753} INFO - DAG(s) dict_keys(['tutorial']) retrieved from /home/airflow/.local/lib/python3.7/site-packages/airflow/example_dags/tutorial.py
[2023-10-22T12:49:12.718+0000] {logging_mixin.py:137} INFO - [2023-10-22T12:49:12.718+0000] {dag.py:2690} INFO - Sync 1 DAGs
[2023-10-22T12:49:12.733+0000] {logging_mixin.py:137} INFO - [2023-10-22T12:49:12.733+0000] {dag.py:3441} INFO - Setting next_dagrun for tutorial to 2023-10-21T12:49:12.733419+00:00, run_after=2023-10-22T12:49:12.733419+00:00
[2023-10-22T12:49:12.746+0000] {processor.py:175} INFO - Processing /home/airflow/.local/lib/python3.7/site-packages/airflow/example_dags/tutorial.py took 0.073 seconds
[2023-10-22T14:09:53.618+0000] {processor.py:153} INFO - Started process (PID=10566) to work on /home/airflow/.local/lib/python3.7/site-packages/airflow/example_dags/tutorial.py
[2023-10-22T14:09:53.619+0000] {processor.py:743} INFO - Processing file /home/airflow/.local/lib/python3.7/site-packages/airflow/example_dags/tutorial.py for tasks to queue
[2023-10-22T14:09:53.620+0000] {logging_mixin.py:137} INFO - [2023-10-22T14:09:53.620+0000] {dagbag.py:538} INFO - Filling up the DagBag from /home/airflow/.local/lib/python3.7/site-packages/airflow/example_dags/tutorial.py
[2023-10-22T14:09:53.639+0000] {processor.py:753} INFO - DAG(s) dict_keys(['tutorial']) retrieved from /home/airflow/.local/lib/python3.7/site-packages/airflow/example_dags/tutorial.py
[2023-10-22T14:09:53.662+0000] {logging_mixin.py:137} INFO - [2023-10-22T14:09:53.662+0000] {dag.py:2690} INFO - Sync 1 DAGs
[2023-10-22T14:09:53.683+0000] {logging_mixin.py:137} INFO - [2023-10-22T14:09:53.683+0000] {dag.py:3441} INFO - Setting next_dagrun for tutorial to 2023-10-21T14:09:53.683177+00:00, run_after=2023-10-22T14:09:53.683177+00:00
[2023-10-22T14:09:53.697+0000] {processor.py:175} INFO - Processing /home/airflow/.local/lib/python3.7/site-packages/airflow/example_dags/tutorial.py took 0.084 seconds
[2023-10-22T15:34:25.044+0000] {processor.py:153} INFO - Started process (PID=10660) to work on /home/airflow/.local/lib/python3.7/site-packages/airflow/example_dags/tutorial.py
[2023-10-22T15:34:25.046+0000] {processor.py:743} INFO - Processing file /home/airflow/.local/lib/python3.7/site-packages/airflow/example_dags/tutorial.py for tasks to queue
[2023-10-22T15:34:25.047+0000] {logging_mixin.py:137} INFO - [2023-10-22T15:34:25.047+0000] {dagbag.py:538} INFO - Filling up the DagBag from /home/airflow/.local/lib/python3.7/site-packages/airflow/example_dags/tutorial.py
[2023-10-22T15:34:25.066+0000] {processor.py:753} INFO - DAG(s) dict_keys(['tutorial']) retrieved from /home/airflow/.local/lib/python3.7/site-packages/airflow/example_dags/tutorial.py
[2023-10-22T15:34:25.092+0000] {logging_mixin.py:137} INFO - [2023-10-22T15:34:25.092+0000] {dag.py:2690} INFO - Sync 1 DAGs
[2023-10-22T15:34:25.124+0000] {logging_mixin.py:137} INFO - [2023-10-22T15:34:25.123+0000] {dag.py:3441} INFO - Setting next_dagrun for tutorial to 2023-10-21T15:34:25.123548+00:00, run_after=2023-10-22T15:34:25.123548+00:00
[2023-10-22T15:34:25.147+0000] {processor.py:175} INFO - Processing /home/airflow/.local/lib/python3.7/site-packages/airflow/example_dags/tutorial.py took 0.110 seconds
[2023-10-22T16:28:39.547+0000] {processor.py:153} INFO - Started process (PID=10736) to work on /home/airflow/.local/lib/python3.7/site-packages/airflow/example_dags/tutorial.py
[2023-10-22T16:28:39.547+0000] {processor.py:743} INFO - Processing file /home/airflow/.local/lib/python3.7/site-packages/airflow/example_dags/tutorial.py for tasks to queue
[2023-10-22T16:28:39.548+0000] {logging_mixin.py:137} INFO - [2023-10-22T16:28:39.548+0000] {dagbag.py:538} INFO - Filling up the DagBag from /home/airflow/.local/lib/python3.7/site-packages/airflow/example_dags/tutorial.py
[2023-10-22T16:28:39.559+0000] {processor.py:753} INFO - DAG(s) dict_keys(['tutorial']) retrieved from /home/airflow/.local/lib/python3.7/site-packages/airflow/example_dags/tutorial.py
[2023-10-22T16:28:39.580+0000] {logging_mixin.py:137} INFO - [2023-10-22T16:28:39.580+0000] {dag.py:2690} INFO - Sync 1 DAGs
[2023-10-22T16:28:39.600+0000] {logging_mixin.py:137} INFO - [2023-10-22T16:28:39.600+0000] {dag.py:3441} INFO - Setting next_dagrun for tutorial to 2023-10-21T16:28:39.599714+00:00, run_after=2023-10-22T16:28:39.599714+00:00
[2023-10-22T16:28:39.616+0000] {processor.py:175} INFO - Processing /home/airflow/.local/lib/python3.7/site-packages/airflow/example_dags/tutorial.py took 0.072 seconds
[2023-10-22T16:45:49.261+0000] {processor.py:153} INFO - Started process (PID=10829) to work on /home/airflow/.local/lib/python3.7/site-packages/airflow/example_dags/tutorial.py
[2023-10-22T16:45:49.261+0000] {processor.py:743} INFO - Processing file /home/airflow/.local/lib/python3.7/site-packages/airflow/example_dags/tutorial.py for tasks to queue
[2023-10-22T16:45:49.262+0000] {logging_mixin.py:137} INFO - [2023-10-22T16:45:49.261+0000] {dagbag.py:538} INFO - Filling up the DagBag from /home/airflow/.local/lib/python3.7/site-packages/airflow/example_dags/tutorial.py
[2023-10-22T16:45:49.269+0000] {processor.py:753} INFO - DAG(s) dict_keys(['tutorial']) retrieved from /home/airflow/.local/lib/python3.7/site-packages/airflow/example_dags/tutorial.py
[2023-10-22T16:45:49.282+0000] {logging_mixin.py:137} INFO - [2023-10-22T16:45:49.282+0000] {dag.py:2690} INFO - Sync 1 DAGs
[2023-10-22T16:45:49.293+0000] {logging_mixin.py:137} INFO - [2023-10-22T16:45:49.293+0000] {dag.py:3441} INFO - Setting next_dagrun for tutorial to 2023-10-21T16:45:49.293520+00:00, run_after=2023-10-22T16:45:49.293520+00:00
[2023-10-22T16:45:49.302+0000] {processor.py:175} INFO - Processing /home/airflow/.local/lib/python3.7/site-packages/airflow/example_dags/tutorial.py took 0.043 seconds
[2023-10-22T16:46:20.321+0000] {processor.py:153} INFO - Started process (PID=10923) to work on /home/airflow/.local/lib/python3.7/site-packages/airflow/example_dags/tutorial.py
[2023-10-22T16:46:20.322+0000] {processor.py:743} INFO - Processing file /home/airflow/.local/lib/python3.7/site-packages/airflow/example_dags/tutorial.py for tasks to queue
[2023-10-22T16:46:20.322+0000] {logging_mixin.py:137} INFO - [2023-10-22T16:46:20.322+0000] {dagbag.py:538} INFO - Filling up the DagBag from /home/airflow/.local/lib/python3.7/site-packages/airflow/example_dags/tutorial.py
[2023-10-22T16:46:20.330+0000] {processor.py:753} INFO - DAG(s) dict_keys(['tutorial']) retrieved from /home/airflow/.local/lib/python3.7/site-packages/airflow/example_dags/tutorial.py
[2023-10-22T16:46:20.343+0000] {logging_mixin.py:137} INFO - [2023-10-22T16:46:20.343+0000] {dag.py:2690} INFO - Sync 1 DAGs
[2023-10-22T16:46:20.355+0000] {logging_mixin.py:137} INFO - [2023-10-22T16:46:20.354+0000] {dag.py:3441} INFO - Setting next_dagrun for tutorial to 2023-10-21T16:46:20.354853+00:00, run_after=2023-10-22T16:46:20.354853+00:00
[2023-10-22T16:46:20.364+0000] {processor.py:175} INFO - Processing /home/airflow/.local/lib/python3.7/site-packages/airflow/example_dags/tutorial.py took 0.045 seconds
[2023-10-22T17:02:06.660+0000] {processor.py:153} INFO - Started process (PID=10999) to work on /home/airflow/.local/lib/python3.7/site-packages/airflow/example_dags/tutorial.py
[2023-10-22T17:02:06.661+0000] {processor.py:743} INFO - Processing file /home/airflow/.local/lib/python3.7/site-packages/airflow/example_dags/tutorial.py for tasks to queue
[2023-10-22T17:02:06.662+0000] {logging_mixin.py:137} INFO - [2023-10-22T17:02:06.661+0000] {dagbag.py:538} INFO - Filling up the DagBag from /home/airflow/.local/lib/python3.7/site-packages/airflow/example_dags/tutorial.py
[2023-10-22T17:02:06.676+0000] {processor.py:753} INFO - DAG(s) dict_keys(['tutorial']) retrieved from /home/airflow/.local/lib/python3.7/site-packages/airflow/example_dags/tutorial.py
[2023-10-22T17:02:06.695+0000] {logging_mixin.py:137} INFO - [2023-10-22T17:02:06.695+0000] {dag.py:2690} INFO - Sync 1 DAGs
[2023-10-22T17:02:06.710+0000] {logging_mixin.py:137} INFO - [2023-10-22T17:02:06.710+0000] {dag.py:3441} INFO - Setting next_dagrun for tutorial to 2023-10-21T17:02:06.710556+00:00, run_after=2023-10-22T17:02:06.710556+00:00
[2023-10-22T17:02:06.724+0000] {processor.py:175} INFO - Processing /home/airflow/.local/lib/python3.7/site-packages/airflow/example_dags/tutorial.py took 0.068 seconds
[2023-10-22T18:08:05.810+0000] {processor.py:153} INFO - Started process (PID=11093) to work on /home/airflow/.local/lib/python3.7/site-packages/airflow/example_dags/tutorial.py
[2023-10-22T18:08:05.811+0000] {processor.py:743} INFO - Processing file /home/airflow/.local/lib/python3.7/site-packages/airflow/example_dags/tutorial.py for tasks to queue
[2023-10-22T18:08:05.811+0000] {logging_mixin.py:137} INFO - [2023-10-22T18:08:05.811+0000] {dagbag.py:538} INFO - Filling up the DagBag from /home/airflow/.local/lib/python3.7/site-packages/airflow/example_dags/tutorial.py
[2023-10-22T18:08:05.822+0000] {processor.py:753} INFO - DAG(s) dict_keys(['tutorial']) retrieved from /home/airflow/.local/lib/python3.7/site-packages/airflow/example_dags/tutorial.py
[2023-10-22T18:08:05.837+0000] {logging_mixin.py:137} INFO - [2023-10-22T18:08:05.837+0000] {dag.py:2690} INFO - Sync 1 DAGs
[2023-10-22T18:08:05.852+0000] {logging_mixin.py:137} INFO - [2023-10-22T18:08:05.852+0000] {dag.py:3441} INFO - Setting next_dagrun for tutorial to 2023-10-21T18:08:05.852257+00:00, run_after=2023-10-22T18:08:05.852257+00:00
[2023-10-22T18:08:05.864+0000] {processor.py:175} INFO - Processing /home/airflow/.local/lib/python3.7/site-packages/airflow/example_dags/tutorial.py took 0.057 seconds
[2023-10-22T18:41:32.536+0000] {processor.py:153} INFO - Started process (PID=11187) to work on /home/airflow/.local/lib/python3.7/site-packages/airflow/example_dags/tutorial.py
[2023-10-22T18:41:32.537+0000] {processor.py:743} INFO - Processing file /home/airflow/.local/lib/python3.7/site-packages/airflow/example_dags/tutorial.py for tasks to queue
[2023-10-22T18:41:32.538+0000] {logging_mixin.py:137} INFO - [2023-10-22T18:41:32.538+0000] {dagbag.py:538} INFO - Filling up the DagBag from /home/airflow/.local/lib/python3.7/site-packages/airflow/example_dags/tutorial.py
[2023-10-22T18:41:32.560+0000] {processor.py:753} INFO - DAG(s) dict_keys(['tutorial']) retrieved from /home/airflow/.local/lib/python3.7/site-packages/airflow/example_dags/tutorial.py
[2023-10-22T18:41:32.605+0000] {logging_mixin.py:137} INFO - [2023-10-22T18:41:32.605+0000] {dag.py:2690} INFO - Sync 1 DAGs
[2023-10-22T18:41:32.641+0000] {logging_mixin.py:137} INFO - [2023-10-22T18:41:32.641+0000] {dag.py:3441} INFO - Setting next_dagrun for tutorial to 2023-10-21T18:41:32.641182+00:00, run_after=2023-10-22T18:41:32.641182+00:00
[2023-10-22T18:41:32.680+0000] {processor.py:175} INFO - Processing /home/airflow/.local/lib/python3.7/site-packages/airflow/example_dags/tutorial.py took 0.152 seconds
[2023-10-22T19:57:25.337+0000] {processor.py:153} INFO - Started process (PID=11263) to work on /home/airflow/.local/lib/python3.7/site-packages/airflow/example_dags/tutorial.py
[2023-10-22T19:57:25.337+0000] {processor.py:743} INFO - Processing file /home/airflow/.local/lib/python3.7/site-packages/airflow/example_dags/tutorial.py for tasks to queue
[2023-10-22T19:57:25.338+0000] {logging_mixin.py:137} INFO - [2023-10-22T19:57:25.338+0000] {dagbag.py:538} INFO - Filling up the DagBag from /home/airflow/.local/lib/python3.7/site-packages/airflow/example_dags/tutorial.py
[2023-10-22T19:57:25.348+0000] {processor.py:753} INFO - DAG(s) dict_keys(['tutorial']) retrieved from /home/airflow/.local/lib/python3.7/site-packages/airflow/example_dags/tutorial.py
[2023-10-22T19:57:25.369+0000] {logging_mixin.py:137} INFO - [2023-10-22T19:57:25.369+0000] {dag.py:2690} INFO - Sync 1 DAGs
[2023-10-22T19:57:25.387+0000] {logging_mixin.py:137} INFO - [2023-10-22T19:57:25.387+0000] {dag.py:3441} INFO - Setting next_dagrun for tutorial to 2023-10-21T19:57:25.386851+00:00, run_after=2023-10-22T19:57:25.386851+00:00
[2023-10-22T19:57:25.403+0000] {processor.py:175} INFO - Processing /home/airflow/.local/lib/python3.7/site-packages/airflow/example_dags/tutorial.py took 0.068 seconds
[2023-10-22T21:10:37.554+0000] {processor.py:153} INFO - Started process (PID=11357) to work on /home/airflow/.local/lib/python3.7/site-packages/airflow/example_dags/tutorial.py
[2023-10-22T21:10:37.555+0000] {processor.py:743} INFO - Processing file /home/airflow/.local/lib/python3.7/site-packages/airflow/example_dags/tutorial.py for tasks to queue
[2023-10-22T21:10:37.556+0000] {logging_mixin.py:137} INFO - [2023-10-22T21:10:37.556+0000] {dagbag.py:538} INFO - Filling up the DagBag from /home/airflow/.local/lib/python3.7/site-packages/airflow/example_dags/tutorial.py
[2023-10-22T21:10:37.567+0000] {processor.py:753} INFO - DAG(s) dict_keys(['tutorial']) retrieved from /home/airflow/.local/lib/python3.7/site-packages/airflow/example_dags/tutorial.py
[2023-10-22T21:10:37.584+0000] {logging_mixin.py:137} INFO - [2023-10-22T21:10:37.584+0000] {dag.py:2690} INFO - Sync 1 DAGs
[2023-10-22T21:10:37.598+0000] {logging_mixin.py:137} INFO - [2023-10-22T21:10:37.598+0000] {dag.py:3441} INFO - Setting next_dagrun for tutorial to 2023-10-21T21:10:37.597991+00:00, run_after=2023-10-22T21:10:37.597991+00:00
[2023-10-22T21:10:37.611+0000] {processor.py:175} INFO - Processing /home/airflow/.local/lib/python3.7/site-packages/airflow/example_dags/tutorial.py took 0.060 seconds
[2023-10-22T22:36:22.992+0000] {processor.py:153} INFO - Started process (PID=11433) to work on /home/airflow/.local/lib/python3.7/site-packages/airflow/example_dags/tutorial.py
[2023-10-22T22:36:22.992+0000] {processor.py:743} INFO - Processing file /home/airflow/.local/lib/python3.7/site-packages/airflow/example_dags/tutorial.py for tasks to queue
[2023-10-22T22:36:22.993+0000] {logging_mixin.py:137} INFO - [2023-10-22T22:36:22.993+0000] {dagbag.py:538} INFO - Filling up the DagBag from /home/airflow/.local/lib/python3.7/site-packages/airflow/example_dags/tutorial.py
[2023-10-22T22:36:23.001+0000] {processor.py:753} INFO - DAG(s) dict_keys(['tutorial']) retrieved from /home/airflow/.local/lib/python3.7/site-packages/airflow/example_dags/tutorial.py
[2023-10-22T22:36:23.014+0000] {logging_mixin.py:137} INFO - [2023-10-22T22:36:23.014+0000] {dag.py:2690} INFO - Sync 1 DAGs
[2023-10-22T22:36:23.026+0000] {logging_mixin.py:137} INFO - [2023-10-22T22:36:23.026+0000] {dag.py:3441} INFO - Setting next_dagrun for tutorial to 2023-10-21T22:36:23.026726+00:00, run_after=2023-10-22T22:36:23.026726+00:00
[2023-10-22T22:36:23.036+0000] {processor.py:175} INFO - Processing /home/airflow/.local/lib/python3.7/site-packages/airflow/example_dags/tutorial.py took 0.046 seconds
[2023-10-22T23:59:40.507+0000] {processor.py:153} INFO - Started process (PID=11527) to work on /home/airflow/.local/lib/python3.7/site-packages/airflow/example_dags/tutorial.py
[2023-10-22T23:59:40.508+0000] {processor.py:743} INFO - Processing file /home/airflow/.local/lib/python3.7/site-packages/airflow/example_dags/tutorial.py for tasks to queue
[2023-10-22T23:59:40.509+0000] {logging_mixin.py:137} INFO - [2023-10-22T23:59:40.509+0000] {dagbag.py:538} INFO - Filling up the DagBag from /home/airflow/.local/lib/python3.7/site-packages/airflow/example_dags/tutorial.py
[2023-10-22T23:59:40.521+0000] {processor.py:753} INFO - DAG(s) dict_keys(['tutorial']) retrieved from /home/airflow/.local/lib/python3.7/site-packages/airflow/example_dags/tutorial.py
[2023-10-22T23:59:40.541+0000] {logging_mixin.py:137} INFO - [2023-10-22T23:59:40.541+0000] {dag.py:2690} INFO - Sync 1 DAGs
[2023-10-22T23:59:40.556+0000] {logging_mixin.py:137} INFO - [2023-10-22T23:59:40.556+0000] {dag.py:3441} INFO - Setting next_dagrun for tutorial to 2023-10-21T23:59:40.555872+00:00, run_after=2023-10-22T23:59:40.555872+00:00
[2023-10-22T23:59:40.568+0000] {processor.py:175} INFO - Processing /home/airflow/.local/lib/python3.7/site-packages/airflow/example_dags/tutorial.py took 0.064 seconds
