[2023-11-11T00:09:09.388+0000] {processor.py:153} INFO - Started process (PID=95666) to work on /home/airflow/.local/lib/python3.7/site-packages/airflow/example_dags/example_sla_dag.py
[2023-11-11T00:09:09.389+0000] {processor.py:743} INFO - Processing file /home/airflow/.local/lib/python3.7/site-packages/airflow/example_dags/example_sla_dag.py for tasks to queue
[2023-11-11T00:09:09.389+0000] {logging_mixin.py:137} INFO - [2023-11-11T00:09:09.389+0000] {dagbag.py:538} INFO - Filling up the DagBag from /home/airflow/.local/lib/python3.7/site-packages/airflow/example_dags/example_sla_dag.py
[2023-11-11T00:09:09.403+0000] {processor.py:753} INFO - DAG(s) dict_keys(['example_sla_dag']) retrieved from /home/airflow/.local/lib/python3.7/site-packages/airflow/example_dags/example_sla_dag.py
[2023-11-11T00:09:09.426+0000] {logging_mixin.py:137} INFO - [2023-11-11T00:09:09.426+0000] {dag.py:2690} INFO - Sync 1 DAGs
[2023-11-11T00:09:09.454+0000] {logging_mixin.py:137} INFO - [2023-11-11T00:09:09.453+0000] {dag.py:3441} INFO - Setting next_dagrun for example_sla_dag to 2023-11-11T00:06:00+00:00, run_after=2023-11-11T00:08:00+00:00
[2023-11-11T00:09:09.476+0000] {processor.py:175} INFO - Processing /home/airflow/.local/lib/python3.7/site-packages/airflow/example_dags/example_sla_dag.py took 0.090 seconds
[2023-11-11T01:31:23.602+0000] {processor.py:153} INFO - Started process (PID=95761) to work on /home/airflow/.local/lib/python3.7/site-packages/airflow/example_dags/example_sla_dag.py
[2023-11-11T01:31:23.603+0000] {processor.py:743} INFO - Processing file /home/airflow/.local/lib/python3.7/site-packages/airflow/example_dags/example_sla_dag.py for tasks to queue
[2023-11-11T01:31:23.603+0000] {logging_mixin.py:137} INFO - [2023-11-11T01:31:23.603+0000] {dagbag.py:538} INFO - Filling up the DagBag from /home/airflow/.local/lib/python3.7/site-packages/airflow/example_dags/example_sla_dag.py
[2023-11-11T01:31:23.619+0000] {processor.py:753} INFO - DAG(s) dict_keys(['example_sla_dag']) retrieved from /home/airflow/.local/lib/python3.7/site-packages/airflow/example_dags/example_sla_dag.py
[2023-11-11T01:31:23.635+0000] {logging_mixin.py:137} INFO - [2023-11-11T01:31:23.635+0000] {dag.py:2690} INFO - Sync 1 DAGs
[2023-11-11T01:31:23.650+0000] {logging_mixin.py:137} INFO - [2023-11-11T01:31:23.650+0000] {dag.py:3441} INFO - Setting next_dagrun for example_sla_dag to 2023-11-11T01:28:00+00:00, run_after=2023-11-11T01:30:00+00:00
[2023-11-11T01:31:23.661+0000] {processor.py:175} INFO - Processing /home/airflow/.local/lib/python3.7/site-packages/airflow/example_dags/example_sla_dag.py took 0.062 seconds
[2023-11-11T02:52:42.225+0000] {processor.py:153} INFO - Started process (PID=95856) to work on /home/airflow/.local/lib/python3.7/site-packages/airflow/example_dags/example_sla_dag.py
[2023-11-11T02:52:42.226+0000] {processor.py:743} INFO - Processing file /home/airflow/.local/lib/python3.7/site-packages/airflow/example_dags/example_sla_dag.py for tasks to queue
[2023-11-11T02:52:42.226+0000] {logging_mixin.py:137} INFO - [2023-11-11T02:52:42.226+0000] {dagbag.py:538} INFO - Filling up the DagBag from /home/airflow/.local/lib/python3.7/site-packages/airflow/example_dags/example_sla_dag.py
[2023-11-11T02:52:42.241+0000] {processor.py:753} INFO - DAG(s) dict_keys(['example_sla_dag']) retrieved from /home/airflow/.local/lib/python3.7/site-packages/airflow/example_dags/example_sla_dag.py
[2023-11-11T02:52:42.257+0000] {logging_mixin.py:137} INFO - [2023-11-11T02:52:42.257+0000] {dag.py:2690} INFO - Sync 1 DAGs
[2023-11-11T02:52:42.272+0000] {logging_mixin.py:137} INFO - [2023-11-11T02:52:42.272+0000] {dag.py:3441} INFO - Setting next_dagrun for example_sla_dag to 2023-11-11T02:50:00+00:00, run_after=2023-11-11T02:52:00+00:00
[2023-11-11T02:52:42.280+0000] {processor.py:175} INFO - Processing /home/airflow/.local/lib/python3.7/site-packages/airflow/example_dags/example_sla_dag.py took 0.058 seconds
[2023-11-11T04:16:10.314+0000] {processor.py:153} INFO - Started process (PID=95933) to work on /home/airflow/.local/lib/python3.7/site-packages/airflow/example_dags/example_sla_dag.py
[2023-11-11T04:16:10.315+0000] {processor.py:743} INFO - Processing file /home/airflow/.local/lib/python3.7/site-packages/airflow/example_dags/example_sla_dag.py for tasks to queue
[2023-11-11T04:16:10.315+0000] {logging_mixin.py:137} INFO - [2023-11-11T04:16:10.315+0000] {dagbag.py:538} INFO - Filling up the DagBag from /home/airflow/.local/lib/python3.7/site-packages/airflow/example_dags/example_sla_dag.py
[2023-11-11T04:16:10.337+0000] {processor.py:753} INFO - DAG(s) dict_keys(['example_sla_dag']) retrieved from /home/airflow/.local/lib/python3.7/site-packages/airflow/example_dags/example_sla_dag.py
[2023-11-11T04:16:10.367+0000] {logging_mixin.py:137} INFO - [2023-11-11T04:16:10.367+0000] {dag.py:2690} INFO - Sync 1 DAGs
[2023-11-11T04:16:10.389+0000] {logging_mixin.py:137} INFO - [2023-11-11T04:16:10.389+0000] {dag.py:3441} INFO - Setting next_dagrun for example_sla_dag to 2023-11-11T04:14:00+00:00, run_after=2023-11-11T04:16:00+00:00
[2023-11-11T04:16:10.405+0000] {processor.py:175} INFO - Processing /home/airflow/.local/lib/python3.7/site-packages/airflow/example_dags/example_sla_dag.py took 0.094 seconds
[2023-11-11T05:38:23.909+0000] {processor.py:153} INFO - Started process (PID=96027) to work on /home/airflow/.local/lib/python3.7/site-packages/airflow/example_dags/example_sla_dag.py
[2023-11-11T05:38:23.910+0000] {processor.py:743} INFO - Processing file /home/airflow/.local/lib/python3.7/site-packages/airflow/example_dags/example_sla_dag.py for tasks to queue
[2023-11-11T05:38:23.911+0000] {logging_mixin.py:137} INFO - [2023-11-11T05:38:23.911+0000] {dagbag.py:538} INFO - Filling up the DagBag from /home/airflow/.local/lib/python3.7/site-packages/airflow/example_dags/example_sla_dag.py
[2023-11-11T05:38:23.928+0000] {processor.py:753} INFO - DAG(s) dict_keys(['example_sla_dag']) retrieved from /home/airflow/.local/lib/python3.7/site-packages/airflow/example_dags/example_sla_dag.py
[2023-11-11T05:38:23.947+0000] {logging_mixin.py:137} INFO - [2023-11-11T05:38:23.947+0000] {dag.py:2690} INFO - Sync 1 DAGs
[2023-11-11T05:38:23.964+0000] {logging_mixin.py:137} INFO - [2023-11-11T05:38:23.963+0000] {dag.py:3441} INFO - Setting next_dagrun for example_sla_dag to 2023-11-11T05:36:00+00:00, run_after=2023-11-11T05:38:00+00:00
[2023-11-11T05:38:23.978+0000] {processor.py:175} INFO - Processing /home/airflow/.local/lib/python3.7/site-packages/airflow/example_dags/example_sla_dag.py took 0.073 seconds
[2023-11-11T07:00:05.270+0000] {processor.py:153} INFO - Started process (PID=96122) to work on /home/airflow/.local/lib/python3.7/site-packages/airflow/example_dags/example_sla_dag.py
[2023-11-11T07:00:05.271+0000] {processor.py:743} INFO - Processing file /home/airflow/.local/lib/python3.7/site-packages/airflow/example_dags/example_sla_dag.py for tasks to queue
[2023-11-11T07:00:05.271+0000] {logging_mixin.py:137} INFO - [2023-11-11T07:00:05.271+0000] {dagbag.py:538} INFO - Filling up the DagBag from /home/airflow/.local/lib/python3.7/site-packages/airflow/example_dags/example_sla_dag.py
[2023-11-11T07:00:05.286+0000] {processor.py:753} INFO - DAG(s) dict_keys(['example_sla_dag']) retrieved from /home/airflow/.local/lib/python3.7/site-packages/airflow/example_dags/example_sla_dag.py
[2023-11-11T07:00:05.302+0000] {logging_mixin.py:137} INFO - [2023-11-11T07:00:05.302+0000] {dag.py:2690} INFO - Sync 1 DAGs
[2023-11-11T07:00:05.315+0000] {logging_mixin.py:137} INFO - [2023-11-11T07:00:05.315+0000] {dag.py:3441} INFO - Setting next_dagrun for example_sla_dag to 2023-11-11T06:58:00+00:00, run_after=2023-11-11T07:00:00+00:00
[2023-11-11T07:00:05.324+0000] {processor.py:175} INFO - Processing /home/airflow/.local/lib/python3.7/site-packages/airflow/example_dags/example_sla_dag.py took 0.056 seconds
[2023-11-11T08:22:44.107+0000] {processor.py:153} INFO - Started process (PID=96199) to work on /home/airflow/.local/lib/python3.7/site-packages/airflow/example_dags/example_sla_dag.py
[2023-11-11T08:22:44.108+0000] {processor.py:743} INFO - Processing file /home/airflow/.local/lib/python3.7/site-packages/airflow/example_dags/example_sla_dag.py for tasks to queue
[2023-11-11T08:22:44.108+0000] {logging_mixin.py:137} INFO - [2023-11-11T08:22:44.108+0000] {dagbag.py:538} INFO - Filling up the DagBag from /home/airflow/.local/lib/python3.7/site-packages/airflow/example_dags/example_sla_dag.py
[2023-11-11T08:22:44.122+0000] {processor.py:753} INFO - DAG(s) dict_keys(['example_sla_dag']) retrieved from /home/airflow/.local/lib/python3.7/site-packages/airflow/example_dags/example_sla_dag.py
[2023-11-11T08:22:44.137+0000] {logging_mixin.py:137} INFO - [2023-11-11T08:22:44.137+0000] {dag.py:2690} INFO - Sync 1 DAGs
[2023-11-11T08:22:44.150+0000] {logging_mixin.py:137} INFO - [2023-11-11T08:22:44.150+0000] {dag.py:3441} INFO - Setting next_dagrun for example_sla_dag to 2023-11-11T08:20:00+00:00, run_after=2023-11-11T08:22:00+00:00
[2023-11-11T08:22:44.160+0000] {processor.py:175} INFO - Processing /home/airflow/.local/lib/python3.7/site-packages/airflow/example_dags/example_sla_dag.py took 0.054 seconds
[2023-11-11T09:47:15.650+0000] {processor.py:153} INFO - Started process (PID=96294) to work on /home/airflow/.local/lib/python3.7/site-packages/airflow/example_dags/example_sla_dag.py
[2023-11-11T09:47:15.651+0000] {processor.py:743} INFO - Processing file /home/airflow/.local/lib/python3.7/site-packages/airflow/example_dags/example_sla_dag.py for tasks to queue
[2023-11-11T09:47:15.652+0000] {logging_mixin.py:137} INFO - [2023-11-11T09:47:15.651+0000] {dagbag.py:538} INFO - Filling up the DagBag from /home/airflow/.local/lib/python3.7/site-packages/airflow/example_dags/example_sla_dag.py
[2023-11-11T09:47:15.669+0000] {processor.py:753} INFO - DAG(s) dict_keys(['example_sla_dag']) retrieved from /home/airflow/.local/lib/python3.7/site-packages/airflow/example_dags/example_sla_dag.py
[2023-11-11T09:47:15.695+0000] {logging_mixin.py:137} INFO - [2023-11-11T09:47:15.695+0000] {dag.py:2690} INFO - Sync 1 DAGs
[2023-11-11T09:47:15.712+0000] {logging_mixin.py:137} INFO - [2023-11-11T09:47:15.712+0000] {dag.py:3441} INFO - Setting next_dagrun for example_sla_dag to 2023-11-11T09:44:00+00:00, run_after=2023-11-11T09:46:00+00:00
[2023-11-11T09:47:15.724+0000] {processor.py:175} INFO - Processing /home/airflow/.local/lib/python3.7/site-packages/airflow/example_dags/example_sla_dag.py took 0.077 seconds
[2023-11-11T11:12:14.287+0000] {processor.py:153} INFO - Started process (PID=96389) to work on /home/airflow/.local/lib/python3.7/site-packages/airflow/example_dags/example_sla_dag.py
[2023-11-11T11:12:14.294+0000] {processor.py:743} INFO - Processing file /home/airflow/.local/lib/python3.7/site-packages/airflow/example_dags/example_sla_dag.py for tasks to queue
[2023-11-11T11:12:14.302+0000] {logging_mixin.py:137} INFO - [2023-11-11T11:12:14.302+0000] {dagbag.py:538} INFO - Filling up the DagBag from /home/airflow/.local/lib/python3.7/site-packages/airflow/example_dags/example_sla_dag.py
[2023-11-11T11:12:14.352+0000] {processor.py:753} INFO - DAG(s) dict_keys(['example_sla_dag']) retrieved from /home/airflow/.local/lib/python3.7/site-packages/airflow/example_dags/example_sla_dag.py
[2023-11-11T11:12:14.397+0000] {logging_mixin.py:137} INFO - [2023-11-11T11:12:14.397+0000] {dag.py:2690} INFO - Sync 1 DAGs
[2023-11-11T11:12:14.424+0000] {logging_mixin.py:137} INFO - [2023-11-11T11:12:14.424+0000] {dag.py:3441} INFO - Setting next_dagrun for example_sla_dag to 2023-11-11T11:10:00+00:00, run_after=2023-11-11T11:12:00+00:00
[2023-11-11T11:12:14.447+0000] {processor.py:175} INFO - Processing /home/airflow/.local/lib/python3.7/site-packages/airflow/example_dags/example_sla_dag.py took 0.169 seconds
[2023-11-11T12:37:23.357+0000] {processor.py:153} INFO - Started process (PID=96466) to work on /home/airflow/.local/lib/python3.7/site-packages/airflow/example_dags/example_sla_dag.py
[2023-11-11T12:37:23.359+0000] {processor.py:743} INFO - Processing file /home/airflow/.local/lib/python3.7/site-packages/airflow/example_dags/example_sla_dag.py for tasks to queue
[2023-11-11T12:37:23.360+0000] {logging_mixin.py:137} INFO - [2023-11-11T12:37:23.360+0000] {dagbag.py:538} INFO - Filling up the DagBag from /home/airflow/.local/lib/python3.7/site-packages/airflow/example_dags/example_sla_dag.py
[2023-11-11T12:37:23.389+0000] {processor.py:753} INFO - DAG(s) dict_keys(['example_sla_dag']) retrieved from /home/airflow/.local/lib/python3.7/site-packages/airflow/example_dags/example_sla_dag.py
[2023-11-11T12:37:23.418+0000] {logging_mixin.py:137} INFO - [2023-11-11T12:37:23.418+0000] {dag.py:2690} INFO - Sync 1 DAGs
[2023-11-11T12:37:23.437+0000] {logging_mixin.py:137} INFO - [2023-11-11T12:37:23.437+0000] {dag.py:3441} INFO - Setting next_dagrun for example_sla_dag to 2023-11-11T12:34:00+00:00, run_after=2023-11-11T12:36:00+00:00
[2023-11-11T12:37:23.462+0000] {processor.py:175} INFO - Processing /home/airflow/.local/lib/python3.7/site-packages/airflow/example_dags/example_sla_dag.py took 0.110 seconds
[2023-11-11T14:00:42.343+0000] {processor.py:153} INFO - Started process (PID=96561) to work on /home/airflow/.local/lib/python3.7/site-packages/airflow/example_dags/example_sla_dag.py
[2023-11-11T14:00:42.343+0000] {processor.py:743} INFO - Processing file /home/airflow/.local/lib/python3.7/site-packages/airflow/example_dags/example_sla_dag.py for tasks to queue
[2023-11-11T14:00:42.344+0000] {logging_mixin.py:137} INFO - [2023-11-11T14:00:42.344+0000] {dagbag.py:538} INFO - Filling up the DagBag from /home/airflow/.local/lib/python3.7/site-packages/airflow/example_dags/example_sla_dag.py
[2023-11-11T14:00:42.360+0000] {processor.py:753} INFO - DAG(s) dict_keys(['example_sla_dag']) retrieved from /home/airflow/.local/lib/python3.7/site-packages/airflow/example_dags/example_sla_dag.py
[2023-11-11T14:00:42.377+0000] {logging_mixin.py:137} INFO - [2023-11-11T14:00:42.377+0000] {dag.py:2690} INFO - Sync 1 DAGs
[2023-11-11T14:00:42.393+0000] {logging_mixin.py:137} INFO - [2023-11-11T14:00:42.393+0000] {dag.py:3441} INFO - Setting next_dagrun for example_sla_dag to 2023-11-11T13:58:00+00:00, run_after=2023-11-11T14:00:00+00:00
[2023-11-11T14:00:42.404+0000] {processor.py:175} INFO - Processing /home/airflow/.local/lib/python3.7/site-packages/airflow/example_dags/example_sla_dag.py took 0.064 seconds
[2023-11-11T14:58:10.054+0000] {processor.py:153} INFO - Started process (PID=96657) to work on /home/airflow/.local/lib/python3.7/site-packages/airflow/example_dags/example_sla_dag.py
[2023-11-11T14:58:10.055+0000] {processor.py:743} INFO - Processing file /home/airflow/.local/lib/python3.7/site-packages/airflow/example_dags/example_sla_dag.py for tasks to queue
[2023-11-11T14:58:10.056+0000] {logging_mixin.py:137} INFO - [2023-11-11T14:58:10.056+0000] {dagbag.py:538} INFO - Filling up the DagBag from /home/airflow/.local/lib/python3.7/site-packages/airflow/example_dags/example_sla_dag.py
[2023-11-11T14:58:10.077+0000] {processor.py:753} INFO - DAG(s) dict_keys(['example_sla_dag']) retrieved from /home/airflow/.local/lib/python3.7/site-packages/airflow/example_dags/example_sla_dag.py
[2023-11-11T14:58:10.093+0000] {logging_mixin.py:137} INFO - [2023-11-11T14:58:10.093+0000] {dag.py:2690} INFO - Sync 1 DAGs
[2023-11-11T14:58:10.107+0000] {logging_mixin.py:137} INFO - [2023-11-11T14:58:10.107+0000] {dag.py:3441} INFO - Setting next_dagrun for example_sla_dag to 2023-11-11T14:56:00+00:00, run_after=2023-11-11T14:58:00+00:00
[2023-11-11T14:58:10.116+0000] {processor.py:175} INFO - Processing /home/airflow/.local/lib/python3.7/site-packages/airflow/example_dags/example_sla_dag.py took 0.065 seconds
[2023-11-11T16:22:04.415+0000] {processor.py:153} INFO - Started process (PID=96734) to work on /home/airflow/.local/lib/python3.7/site-packages/airflow/example_dags/example_sla_dag.py
[2023-11-11T16:22:04.416+0000] {processor.py:743} INFO - Processing file /home/airflow/.local/lib/python3.7/site-packages/airflow/example_dags/example_sla_dag.py for tasks to queue
[2023-11-11T16:22:04.417+0000] {logging_mixin.py:137} INFO - [2023-11-11T16:22:04.417+0000] {dagbag.py:538} INFO - Filling up the DagBag from /home/airflow/.local/lib/python3.7/site-packages/airflow/example_dags/example_sla_dag.py
[2023-11-11T16:22:04.435+0000] {processor.py:753} INFO - DAG(s) dict_keys(['example_sla_dag']) retrieved from /home/airflow/.local/lib/python3.7/site-packages/airflow/example_dags/example_sla_dag.py
[2023-11-11T16:22:04.458+0000] {logging_mixin.py:137} INFO - [2023-11-11T16:22:04.458+0000] {dag.py:2690} INFO - Sync 1 DAGs
[2023-11-11T16:22:04.478+0000] {logging_mixin.py:137} INFO - [2023-11-11T16:22:04.478+0000] {dag.py:3441} INFO - Setting next_dagrun for example_sla_dag to 2023-11-11T16:20:00+00:00, run_after=2023-11-11T16:22:00+00:00
[2023-11-11T16:22:04.491+0000] {processor.py:175} INFO - Processing /home/airflow/.local/lib/python3.7/site-packages/airflow/example_dags/example_sla_dag.py took 0.079 seconds
[2023-11-11T17:42:31.022+0000] {processor.py:153} INFO - Started process (PID=96829) to work on /home/airflow/.local/lib/python3.7/site-packages/airflow/example_dags/example_sla_dag.py
[2023-11-11T17:42:31.023+0000] {processor.py:743} INFO - Processing file /home/airflow/.local/lib/python3.7/site-packages/airflow/example_dags/example_sla_dag.py for tasks to queue
[2023-11-11T17:42:31.024+0000] {logging_mixin.py:137} INFO - [2023-11-11T17:42:31.024+0000] {dagbag.py:538} INFO - Filling up the DagBag from /home/airflow/.local/lib/python3.7/site-packages/airflow/example_dags/example_sla_dag.py
[2023-11-11T17:42:31.043+0000] {processor.py:753} INFO - DAG(s) dict_keys(['example_sla_dag']) retrieved from /home/airflow/.local/lib/python3.7/site-packages/airflow/example_dags/example_sla_dag.py
[2023-11-11T17:42:31.063+0000] {logging_mixin.py:137} INFO - [2023-11-11T17:42:31.063+0000] {dag.py:2690} INFO - Sync 1 DAGs
[2023-11-11T17:42:31.079+0000] {logging_mixin.py:137} INFO - [2023-11-11T17:42:31.079+0000] {dag.py:3441} INFO - Setting next_dagrun for example_sla_dag to 2023-11-11T17:40:00+00:00, run_after=2023-11-11T17:42:00+00:00
[2023-11-11T17:42:31.091+0000] {processor.py:175} INFO - Processing /home/airflow/.local/lib/python3.7/site-packages/airflow/example_dags/example_sla_dag.py took 0.072 seconds
[2023-11-11T19:02:25.950+0000] {processor.py:153} INFO - Started process (PID=96906) to work on /home/airflow/.local/lib/python3.7/site-packages/airflow/example_dags/example_sla_dag.py
[2023-11-11T19:02:25.950+0000] {processor.py:743} INFO - Processing file /home/airflow/.local/lib/python3.7/site-packages/airflow/example_dags/example_sla_dag.py for tasks to queue
[2023-11-11T19:02:25.951+0000] {logging_mixin.py:137} INFO - [2023-11-11T19:02:25.951+0000] {dagbag.py:538} INFO - Filling up the DagBag from /home/airflow/.local/lib/python3.7/site-packages/airflow/example_dags/example_sla_dag.py
[2023-11-11T19:02:25.966+0000] {processor.py:753} INFO - DAG(s) dict_keys(['example_sla_dag']) retrieved from /home/airflow/.local/lib/python3.7/site-packages/airflow/example_dags/example_sla_dag.py
[2023-11-11T19:02:25.980+0000] {logging_mixin.py:137} INFO - [2023-11-11T19:02:25.979+0000] {dag.py:2690} INFO - Sync 1 DAGs
[2023-11-11T19:02:25.994+0000] {logging_mixin.py:137} INFO - [2023-11-11T19:02:25.994+0000] {dag.py:3441} INFO - Setting next_dagrun for example_sla_dag to 2023-11-11T19:00:00+00:00, run_after=2023-11-11T19:02:00+00:00
[2023-11-11T19:02:26.002+0000] {processor.py:175} INFO - Processing /home/airflow/.local/lib/python3.7/site-packages/airflow/example_dags/example_sla_dag.py took 0.054 seconds
[2023-11-11T20:23:32.304+0000] {processor.py:153} INFO - Started process (PID=97001) to work on /home/airflow/.local/lib/python3.7/site-packages/airflow/example_dags/example_sla_dag.py
[2023-11-11T20:23:32.305+0000] {processor.py:743} INFO - Processing file /home/airflow/.local/lib/python3.7/site-packages/airflow/example_dags/example_sla_dag.py for tasks to queue
[2023-11-11T20:23:32.307+0000] {logging_mixin.py:137} INFO - [2023-11-11T20:23:32.307+0000] {dagbag.py:538} INFO - Filling up the DagBag from /home/airflow/.local/lib/python3.7/site-packages/airflow/example_dags/example_sla_dag.py
[2023-11-11T20:23:32.325+0000] {processor.py:753} INFO - DAG(s) dict_keys(['example_sla_dag']) retrieved from /home/airflow/.local/lib/python3.7/site-packages/airflow/example_dags/example_sla_dag.py
[2023-11-11T20:23:32.344+0000] {logging_mixin.py:137} INFO - [2023-11-11T20:23:32.344+0000] {dag.py:2690} INFO - Sync 1 DAGs
[2023-11-11T20:23:32.360+0000] {logging_mixin.py:137} INFO - [2023-11-11T20:23:32.360+0000] {dag.py:3441} INFO - Setting next_dagrun for example_sla_dag to 2023-11-11T20:20:00+00:00, run_after=2023-11-11T20:22:00+00:00
[2023-11-11T20:23:32.372+0000] {processor.py:175} INFO - Processing /home/airflow/.local/lib/python3.7/site-packages/airflow/example_dags/example_sla_dag.py took 0.071 seconds
[2023-11-11T21:41:37.000+0000] {processor.py:153} INFO - Started process (PID=97096) to work on /home/airflow/.local/lib/python3.7/site-packages/airflow/example_dags/example_sla_dag.py
[2023-11-11T21:41:37.001+0000] {processor.py:743} INFO - Processing file /home/airflow/.local/lib/python3.7/site-packages/airflow/example_dags/example_sla_dag.py for tasks to queue
[2023-11-11T21:41:37.002+0000] {logging_mixin.py:137} INFO - [2023-11-11T21:41:37.002+0000] {dagbag.py:538} INFO - Filling up the DagBag from /home/airflow/.local/lib/python3.7/site-packages/airflow/example_dags/example_sla_dag.py
[2023-11-11T21:41:37.028+0000] {processor.py:753} INFO - DAG(s) dict_keys(['example_sla_dag']) retrieved from /home/airflow/.local/lib/python3.7/site-packages/airflow/example_dags/example_sla_dag.py
[2023-11-11T21:41:37.053+0000] {logging_mixin.py:137} INFO - [2023-11-11T21:41:37.053+0000] {dag.py:2690} INFO - Sync 1 DAGs
[2023-11-11T21:41:37.074+0000] {logging_mixin.py:137} INFO - [2023-11-11T21:41:37.073+0000] {dag.py:3441} INFO - Setting next_dagrun for example_sla_dag to 2023-11-11T21:38:00+00:00, run_after=2023-11-11T21:40:00+00:00
[2023-11-11T21:41:37.098+0000] {processor.py:175} INFO - Processing /home/airflow/.local/lib/python3.7/site-packages/airflow/example_dags/example_sla_dag.py took 0.101 seconds
[2023-11-11T23:03:57.084+0000] {processor.py:153} INFO - Started process (PID=97182) to work on /home/airflow/.local/lib/python3.7/site-packages/airflow/example_dags/example_sla_dag.py
[2023-11-11T23:03:57.085+0000] {processor.py:743} INFO - Processing file /home/airflow/.local/lib/python3.7/site-packages/airflow/example_dags/example_sla_dag.py for tasks to queue
[2023-11-11T23:03:57.087+0000] {logging_mixin.py:137} INFO - [2023-11-11T23:03:57.086+0000] {dagbag.py:538} INFO - Filling up the DagBag from /home/airflow/.local/lib/python3.7/site-packages/airflow/example_dags/example_sla_dag.py
[2023-11-11T23:03:57.109+0000] {processor.py:753} INFO - DAG(s) dict_keys(['example_sla_dag']) retrieved from /home/airflow/.local/lib/python3.7/site-packages/airflow/example_dags/example_sla_dag.py
[2023-11-11T23:03:57.145+0000] {logging_mixin.py:137} INFO - [2023-11-11T23:03:57.145+0000] {dag.py:2690} INFO - Sync 1 DAGs
[2023-11-11T23:03:57.217+0000] {logging_mixin.py:137} INFO - [2023-11-11T23:03:57.216+0000] {dag.py:3441} INFO - Setting next_dagrun for example_sla_dag to 2023-11-11T23:00:00+00:00, run_after=2023-11-11T23:02:00+00:00
[2023-11-11T23:03:57.276+0000] {processor.py:175} INFO - Processing /home/airflow/.local/lib/python3.7/site-packages/airflow/example_dags/example_sla_dag.py took 0.197 seconds
[2023-11-11T23:59:20.893+0000] {processor.py:153} INFO - Started process (PID=97268) to work on /home/airflow/.local/lib/python3.7/site-packages/airflow/example_dags/example_sla_dag.py
[2023-11-11T23:59:20.894+0000] {processor.py:743} INFO - Processing file /home/airflow/.local/lib/python3.7/site-packages/airflow/example_dags/example_sla_dag.py for tasks to queue
[2023-11-11T23:59:20.895+0000] {logging_mixin.py:137} INFO - [2023-11-11T23:59:20.895+0000] {dagbag.py:538} INFO - Filling up the DagBag from /home/airflow/.local/lib/python3.7/site-packages/airflow/example_dags/example_sla_dag.py
[2023-11-11T23:59:20.914+0000] {processor.py:753} INFO - DAG(s) dict_keys(['example_sla_dag']) retrieved from /home/airflow/.local/lib/python3.7/site-packages/airflow/example_dags/example_sla_dag.py
[2023-11-11T23:59:20.936+0000] {logging_mixin.py:137} INFO - [2023-11-11T23:59:20.936+0000] {dag.py:2690} INFO - Sync 1 DAGs
[2023-11-11T23:59:20.953+0000] {logging_mixin.py:137} INFO - [2023-11-11T23:59:20.953+0000] {dag.py:3441} INFO - Setting next_dagrun for example_sla_dag to 2023-11-11T23:56:00+00:00, run_after=2023-11-11T23:58:00+00:00
[2023-11-11T23:59:20.965+0000] {processor.py:175} INFO - Processing /home/airflow/.local/lib/python3.7/site-packages/airflow/example_dags/example_sla_dag.py took 0.075 seconds
