[2023-11-11T00:09:10.280+0000] {processor.py:153} INFO - Started process (PID=95677) to work on /home/airflow/.local/lib/python3.7/site-packages/airflow/example_dags/example_latest_only_with_trigger.py
[2023-11-11T00:09:10.281+0000] {processor.py:743} INFO - Processing file /home/airflow/.local/lib/python3.7/site-packages/airflow/example_dags/example_latest_only_with_trigger.py for tasks to queue
[2023-11-11T00:09:10.282+0000] {logging_mixin.py:137} INFO - [2023-11-11T00:09:10.282+0000] {dagbag.py:538} INFO - Filling up the DagBag from /home/airflow/.local/lib/python3.7/site-packages/airflow/example_dags/example_latest_only_with_trigger.py
[2023-11-11T00:09:10.293+0000] {processor.py:753} INFO - DAG(s) dict_keys(['latest_only_with_trigger']) retrieved from /home/airflow/.local/lib/python3.7/site-packages/airflow/example_dags/example_latest_only_with_trigger.py
[2023-11-11T00:09:10.307+0000] {logging_mixin.py:137} INFO - [2023-11-11T00:09:10.307+0000] {dag.py:2690} INFO - Sync 1 DAGs
[2023-11-11T00:09:10.321+0000] {logging_mixin.py:137} INFO - [2023-11-11T00:09:10.321+0000] {dag.py:3441} INFO - Setting next_dagrun for latest_only_with_trigger to 2023-11-10T20:09:10.320913+00:00, run_after=2023-11-11T00:09:10.320913+00:00
[2023-11-11T00:09:10.330+0000] {processor.py:175} INFO - Processing /home/airflow/.local/lib/python3.7/site-packages/airflow/example_dags/example_latest_only_with_trigger.py took 0.053 seconds
[2023-11-11T01:31:24.217+0000] {processor.py:153} INFO - Started process (PID=95772) to work on /home/airflow/.local/lib/python3.7/site-packages/airflow/example_dags/example_latest_only_with_trigger.py
[2023-11-11T01:31:24.217+0000] {processor.py:743} INFO - Processing file /home/airflow/.local/lib/python3.7/site-packages/airflow/example_dags/example_latest_only_with_trigger.py for tasks to queue
[2023-11-11T01:31:24.218+0000] {logging_mixin.py:137} INFO - [2023-11-11T01:31:24.218+0000] {dagbag.py:538} INFO - Filling up the DagBag from /home/airflow/.local/lib/python3.7/site-packages/airflow/example_dags/example_latest_only_with_trigger.py
[2023-11-11T01:31:24.227+0000] {processor.py:753} INFO - DAG(s) dict_keys(['latest_only_with_trigger']) retrieved from /home/airflow/.local/lib/python3.7/site-packages/airflow/example_dags/example_latest_only_with_trigger.py
[2023-11-11T01:31:24.242+0000] {logging_mixin.py:137} INFO - [2023-11-11T01:31:24.242+0000] {dag.py:2690} INFO - Sync 1 DAGs
[2023-11-11T01:31:24.255+0000] {logging_mixin.py:137} INFO - [2023-11-11T01:31:24.255+0000] {dag.py:3441} INFO - Setting next_dagrun for latest_only_with_trigger to 2023-11-10T21:31:24.255388+00:00, run_after=2023-11-11T01:31:24.255388+00:00
[2023-11-11T01:31:24.266+0000] {processor.py:175} INFO - Processing /home/airflow/.local/lib/python3.7/site-packages/airflow/example_dags/example_latest_only_with_trigger.py took 0.052 seconds
[2023-11-11T02:52:42.643+0000] {processor.py:153} INFO - Started process (PID=95867) to work on /home/airflow/.local/lib/python3.7/site-packages/airflow/example_dags/example_latest_only_with_trigger.py
[2023-11-11T02:52:42.643+0000] {processor.py:743} INFO - Processing file /home/airflow/.local/lib/python3.7/site-packages/airflow/example_dags/example_latest_only_with_trigger.py for tasks to queue
[2023-11-11T02:52:42.644+0000] {logging_mixin.py:137} INFO - [2023-11-11T02:52:42.644+0000] {dagbag.py:538} INFO - Filling up the DagBag from /home/airflow/.local/lib/python3.7/site-packages/airflow/example_dags/example_latest_only_with_trigger.py
[2023-11-11T02:52:42.652+0000] {processor.py:753} INFO - DAG(s) dict_keys(['latest_only_with_trigger']) retrieved from /home/airflow/.local/lib/python3.7/site-packages/airflow/example_dags/example_latest_only_with_trigger.py
[2023-11-11T02:52:42.665+0000] {logging_mixin.py:137} INFO - [2023-11-11T02:52:42.665+0000] {dag.py:2690} INFO - Sync 1 DAGs
[2023-11-11T02:52:42.677+0000] {logging_mixin.py:137} INFO - [2023-11-11T02:52:42.677+0000] {dag.py:3441} INFO - Setting next_dagrun for latest_only_with_trigger to 2023-11-10T22:52:42.677283+00:00, run_after=2023-11-11T02:52:42.677283+00:00
[2023-11-11T02:52:42.685+0000] {processor.py:175} INFO - Processing /home/airflow/.local/lib/python3.7/site-packages/airflow/example_dags/example_latest_only_with_trigger.py took 0.044 seconds
[2023-11-11T04:16:10.765+0000] {processor.py:153} INFO - Started process (PID=95944) to work on /home/airflow/.local/lib/python3.7/site-packages/airflow/example_dags/example_latest_only_with_trigger.py
[2023-11-11T04:16:10.766+0000] {processor.py:743} INFO - Processing file /home/airflow/.local/lib/python3.7/site-packages/airflow/example_dags/example_latest_only_with_trigger.py for tasks to queue
[2023-11-11T04:16:10.766+0000] {logging_mixin.py:137} INFO - [2023-11-11T04:16:10.766+0000] {dagbag.py:538} INFO - Filling up the DagBag from /home/airflow/.local/lib/python3.7/site-packages/airflow/example_dags/example_latest_only_with_trigger.py
[2023-11-11T04:16:10.775+0000] {processor.py:753} INFO - DAG(s) dict_keys(['latest_only_with_trigger']) retrieved from /home/airflow/.local/lib/python3.7/site-packages/airflow/example_dags/example_latest_only_with_trigger.py
[2023-11-11T04:16:10.788+0000] {logging_mixin.py:137} INFO - [2023-11-11T04:16:10.788+0000] {dag.py:2690} INFO - Sync 1 DAGs
[2023-11-11T04:16:10.800+0000] {logging_mixin.py:137} INFO - [2023-11-11T04:16:10.800+0000] {dag.py:3441} INFO - Setting next_dagrun for latest_only_with_trigger to 2023-11-11T00:16:10.800150+00:00, run_after=2023-11-11T04:16:10.800150+00:00
[2023-11-11T04:16:10.808+0000] {processor.py:175} INFO - Processing /home/airflow/.local/lib/python3.7/site-packages/airflow/example_dags/example_latest_only_with_trigger.py took 0.045 seconds
[2023-11-11T05:38:24.452+0000] {processor.py:153} INFO - Started process (PID=96038) to work on /home/airflow/.local/lib/python3.7/site-packages/airflow/example_dags/example_latest_only_with_trigger.py
[2023-11-11T05:38:24.453+0000] {processor.py:743} INFO - Processing file /home/airflow/.local/lib/python3.7/site-packages/airflow/example_dags/example_latest_only_with_trigger.py for tasks to queue
[2023-11-11T05:38:24.453+0000] {logging_mixin.py:137} INFO - [2023-11-11T05:38:24.453+0000] {dagbag.py:538} INFO - Filling up the DagBag from /home/airflow/.local/lib/python3.7/site-packages/airflow/example_dags/example_latest_only_with_trigger.py
[2023-11-11T05:38:24.463+0000] {processor.py:753} INFO - DAG(s) dict_keys(['latest_only_with_trigger']) retrieved from /home/airflow/.local/lib/python3.7/site-packages/airflow/example_dags/example_latest_only_with_trigger.py
[2023-11-11T05:38:24.477+0000] {logging_mixin.py:137} INFO - [2023-11-11T05:38:24.477+0000] {dag.py:2690} INFO - Sync 1 DAGs
[2023-11-11T05:38:24.490+0000] {logging_mixin.py:137} INFO - [2023-11-11T05:38:24.490+0000] {dag.py:3441} INFO - Setting next_dagrun for latest_only_with_trigger to 2023-11-11T01:38:24.490002+00:00, run_after=2023-11-11T05:38:24.490002+00:00
[2023-11-11T05:38:24.499+0000] {processor.py:175} INFO - Processing /home/airflow/.local/lib/python3.7/site-packages/airflow/example_dags/example_latest_only_with_trigger.py took 0.049 seconds
[2023-11-11T07:00:05.920+0000] {processor.py:153} INFO - Started process (PID=96133) to work on /home/airflow/.local/lib/python3.7/site-packages/airflow/example_dags/example_latest_only_with_trigger.py
[2023-11-11T07:00:05.921+0000] {processor.py:743} INFO - Processing file /home/airflow/.local/lib/python3.7/site-packages/airflow/example_dags/example_latest_only_with_trigger.py for tasks to queue
[2023-11-11T07:00:05.922+0000] {logging_mixin.py:137} INFO - [2023-11-11T07:00:05.922+0000] {dagbag.py:538} INFO - Filling up the DagBag from /home/airflow/.local/lib/python3.7/site-packages/airflow/example_dags/example_latest_only_with_trigger.py
[2023-11-11T07:00:05.936+0000] {processor.py:753} INFO - DAG(s) dict_keys(['latest_only_with_trigger']) retrieved from /home/airflow/.local/lib/python3.7/site-packages/airflow/example_dags/example_latest_only_with_trigger.py
[2023-11-11T07:00:05.956+0000] {logging_mixin.py:137} INFO - [2023-11-11T07:00:05.956+0000] {dag.py:2690} INFO - Sync 1 DAGs
[2023-11-11T07:00:05.971+0000] {logging_mixin.py:137} INFO - [2023-11-11T07:00:05.971+0000] {dag.py:3441} INFO - Setting next_dagrun for latest_only_with_trigger to 2023-11-11T03:00:05.971145+00:00, run_after=2023-11-11T07:00:05.971145+00:00
[2023-11-11T07:00:05.983+0000] {processor.py:175} INFO - Processing /home/airflow/.local/lib/python3.7/site-packages/airflow/example_dags/example_latest_only_with_trigger.py took 0.066 seconds
[2023-11-11T08:22:44.569+0000] {processor.py:153} INFO - Started process (PID=96210) to work on /home/airflow/.local/lib/python3.7/site-packages/airflow/example_dags/example_latest_only_with_trigger.py
[2023-11-11T08:22:44.569+0000] {processor.py:743} INFO - Processing file /home/airflow/.local/lib/python3.7/site-packages/airflow/example_dags/example_latest_only_with_trigger.py for tasks to queue
[2023-11-11T08:22:44.570+0000] {logging_mixin.py:137} INFO - [2023-11-11T08:22:44.570+0000] {dagbag.py:538} INFO - Filling up the DagBag from /home/airflow/.local/lib/python3.7/site-packages/airflow/example_dags/example_latest_only_with_trigger.py
[2023-11-11T08:22:44.579+0000] {processor.py:753} INFO - DAG(s) dict_keys(['latest_only_with_trigger']) retrieved from /home/airflow/.local/lib/python3.7/site-packages/airflow/example_dags/example_latest_only_with_trigger.py
[2023-11-11T08:22:44.592+0000] {logging_mixin.py:137} INFO - [2023-11-11T08:22:44.591+0000] {dag.py:2690} INFO - Sync 1 DAGs
[2023-11-11T08:22:44.603+0000] {logging_mixin.py:137} INFO - [2023-11-11T08:22:44.603+0000] {dag.py:3441} INFO - Setting next_dagrun for latest_only_with_trigger to 2023-11-11T04:22:44.603069+00:00, run_after=2023-11-11T08:22:44.603069+00:00
[2023-11-11T08:22:44.610+0000] {processor.py:175} INFO - Processing /home/airflow/.local/lib/python3.7/site-packages/airflow/example_dags/example_latest_only_with_trigger.py took 0.043 seconds
[2023-11-11T09:47:16.120+0000] {processor.py:153} INFO - Started process (PID=96305) to work on /home/airflow/.local/lib/python3.7/site-packages/airflow/example_dags/example_latest_only_with_trigger.py
[2023-11-11T09:47:16.121+0000] {processor.py:743} INFO - Processing file /home/airflow/.local/lib/python3.7/site-packages/airflow/example_dags/example_latest_only_with_trigger.py for tasks to queue
[2023-11-11T09:47:16.121+0000] {logging_mixin.py:137} INFO - [2023-11-11T09:47:16.121+0000] {dagbag.py:538} INFO - Filling up the DagBag from /home/airflow/.local/lib/python3.7/site-packages/airflow/example_dags/example_latest_only_with_trigger.py
[2023-11-11T09:47:16.131+0000] {processor.py:753} INFO - DAG(s) dict_keys(['latest_only_with_trigger']) retrieved from /home/airflow/.local/lib/python3.7/site-packages/airflow/example_dags/example_latest_only_with_trigger.py
[2023-11-11T09:47:16.143+0000] {logging_mixin.py:137} INFO - [2023-11-11T09:47:16.143+0000] {dag.py:2690} INFO - Sync 1 DAGs
[2023-11-11T09:47:16.155+0000] {logging_mixin.py:137} INFO - [2023-11-11T09:47:16.155+0000] {dag.py:3441} INFO - Setting next_dagrun for latest_only_with_trigger to 2023-11-11T05:47:16.155159+00:00, run_after=2023-11-11T09:47:16.155159+00:00
[2023-11-11T09:47:16.163+0000] {processor.py:175} INFO - Processing /home/airflow/.local/lib/python3.7/site-packages/airflow/example_dags/example_latest_only_with_trigger.py took 0.045 seconds
[2023-11-11T11:12:15.183+0000] {processor.py:153} INFO - Started process (PID=96400) to work on /home/airflow/.local/lib/python3.7/site-packages/airflow/example_dags/example_latest_only_with_trigger.py
[2023-11-11T11:12:15.184+0000] {processor.py:743} INFO - Processing file /home/airflow/.local/lib/python3.7/site-packages/airflow/example_dags/example_latest_only_with_trigger.py for tasks to queue
[2023-11-11T11:12:15.184+0000] {logging_mixin.py:137} INFO - [2023-11-11T11:12:15.184+0000] {dagbag.py:538} INFO - Filling up the DagBag from /home/airflow/.local/lib/python3.7/site-packages/airflow/example_dags/example_latest_only_with_trigger.py
[2023-11-11T11:12:15.195+0000] {processor.py:753} INFO - DAG(s) dict_keys(['latest_only_with_trigger']) retrieved from /home/airflow/.local/lib/python3.7/site-packages/airflow/example_dags/example_latest_only_with_trigger.py
[2023-11-11T11:12:15.213+0000] {logging_mixin.py:137} INFO - [2023-11-11T11:12:15.213+0000] {dag.py:2690} INFO - Sync 1 DAGs
[2023-11-11T11:12:15.228+0000] {logging_mixin.py:137} INFO - [2023-11-11T11:12:15.227+0000] {dag.py:3441} INFO - Setting next_dagrun for latest_only_with_trigger to 2023-11-11T07:12:15.227835+00:00, run_after=2023-11-11T11:12:15.227835+00:00
[2023-11-11T11:12:15.239+0000] {processor.py:175} INFO - Processing /home/airflow/.local/lib/python3.7/site-packages/airflow/example_dags/example_latest_only_with_trigger.py took 0.058 seconds
[2023-11-11T12:37:24.091+0000] {processor.py:153} INFO - Started process (PID=96477) to work on /home/airflow/.local/lib/python3.7/site-packages/airflow/example_dags/example_latest_only_with_trigger.py
[2023-11-11T12:37:24.092+0000] {processor.py:743} INFO - Processing file /home/airflow/.local/lib/python3.7/site-packages/airflow/example_dags/example_latest_only_with_trigger.py for tasks to queue
[2023-11-11T12:37:24.092+0000] {logging_mixin.py:137} INFO - [2023-11-11T12:37:24.092+0000] {dagbag.py:538} INFO - Filling up the DagBag from /home/airflow/.local/lib/python3.7/site-packages/airflow/example_dags/example_latest_only_with_trigger.py
[2023-11-11T12:37:24.102+0000] {processor.py:753} INFO - DAG(s) dict_keys(['latest_only_with_trigger']) retrieved from /home/airflow/.local/lib/python3.7/site-packages/airflow/example_dags/example_latest_only_with_trigger.py
[2023-11-11T12:37:24.114+0000] {logging_mixin.py:137} INFO - [2023-11-11T12:37:24.114+0000] {dag.py:2690} INFO - Sync 1 DAGs
[2023-11-11T12:37:24.126+0000] {logging_mixin.py:137} INFO - [2023-11-11T12:37:24.126+0000] {dag.py:3441} INFO - Setting next_dagrun for latest_only_with_trigger to 2023-11-11T08:37:24.126635+00:00, run_after=2023-11-11T12:37:24.126635+00:00
[2023-11-11T12:37:24.135+0000] {processor.py:175} INFO - Processing /home/airflow/.local/lib/python3.7/site-packages/airflow/example_dags/example_latest_only_with_trigger.py took 0.046 seconds
[2023-11-11T14:00:42.858+0000] {processor.py:153} INFO - Started process (PID=96572) to work on /home/airflow/.local/lib/python3.7/site-packages/airflow/example_dags/example_latest_only_with_trigger.py
[2023-11-11T14:00:42.859+0000] {processor.py:743} INFO - Processing file /home/airflow/.local/lib/python3.7/site-packages/airflow/example_dags/example_latest_only_with_trigger.py for tasks to queue
[2023-11-11T14:00:42.860+0000] {logging_mixin.py:137} INFO - [2023-11-11T14:00:42.860+0000] {dagbag.py:538} INFO - Filling up the DagBag from /home/airflow/.local/lib/python3.7/site-packages/airflow/example_dags/example_latest_only_with_trigger.py
[2023-11-11T14:00:42.878+0000] {processor.py:753} INFO - DAG(s) dict_keys(['latest_only_with_trigger']) retrieved from /home/airflow/.local/lib/python3.7/site-packages/airflow/example_dags/example_latest_only_with_trigger.py
[2023-11-11T14:00:42.900+0000] {logging_mixin.py:137} INFO - [2023-11-11T14:00:42.900+0000] {dag.py:2690} INFO - Sync 1 DAGs
[2023-11-11T14:00:42.914+0000] {logging_mixin.py:137} INFO - [2023-11-11T14:00:42.914+0000] {dag.py:3441} INFO - Setting next_dagrun for latest_only_with_trigger to 2023-11-11T10:00:42.913968+00:00, run_after=2023-11-11T14:00:42.913968+00:00
[2023-11-11T14:00:42.927+0000] {processor.py:175} INFO - Processing /home/airflow/.local/lib/python3.7/site-packages/airflow/example_dags/example_latest_only_with_trigger.py took 0.073 seconds
[2023-11-11T14:58:10.601+0000] {processor.py:153} INFO - Started process (PID=96668) to work on /home/airflow/.local/lib/python3.7/site-packages/airflow/example_dags/example_latest_only_with_trigger.py
[2023-11-11T14:58:10.601+0000] {processor.py:743} INFO - Processing file /home/airflow/.local/lib/python3.7/site-packages/airflow/example_dags/example_latest_only_with_trigger.py for tasks to queue
[2023-11-11T14:58:10.602+0000] {logging_mixin.py:137} INFO - [2023-11-11T14:58:10.602+0000] {dagbag.py:538} INFO - Filling up the DagBag from /home/airflow/.local/lib/python3.7/site-packages/airflow/example_dags/example_latest_only_with_trigger.py
[2023-11-11T14:58:10.611+0000] {processor.py:753} INFO - DAG(s) dict_keys(['latest_only_with_trigger']) retrieved from /home/airflow/.local/lib/python3.7/site-packages/airflow/example_dags/example_latest_only_with_trigger.py
[2023-11-11T14:58:10.624+0000] {logging_mixin.py:137} INFO - [2023-11-11T14:58:10.624+0000] {dag.py:2690} INFO - Sync 1 DAGs
[2023-11-11T14:58:10.636+0000] {logging_mixin.py:137} INFO - [2023-11-11T14:58:10.636+0000] {dag.py:3441} INFO - Setting next_dagrun for latest_only_with_trigger to 2023-11-11T10:58:10.636291+00:00, run_after=2023-11-11T14:58:10.636291+00:00
[2023-11-11T14:58:10.644+0000] {processor.py:175} INFO - Processing /home/airflow/.local/lib/python3.7/site-packages/airflow/example_dags/example_latest_only_with_trigger.py took 0.045 seconds
[2023-11-11T16:22:04.822+0000] {processor.py:153} INFO - Started process (PID=96745) to work on /home/airflow/.local/lib/python3.7/site-packages/airflow/example_dags/example_latest_only_with_trigger.py
[2023-11-11T16:22:04.823+0000] {processor.py:743} INFO - Processing file /home/airflow/.local/lib/python3.7/site-packages/airflow/example_dags/example_latest_only_with_trigger.py for tasks to queue
[2023-11-11T16:22:04.823+0000] {logging_mixin.py:137} INFO - [2023-11-11T16:22:04.823+0000] {dagbag.py:538} INFO - Filling up the DagBag from /home/airflow/.local/lib/python3.7/site-packages/airflow/example_dags/example_latest_only_with_trigger.py
[2023-11-11T16:22:04.832+0000] {processor.py:753} INFO - DAG(s) dict_keys(['latest_only_with_trigger']) retrieved from /home/airflow/.local/lib/python3.7/site-packages/airflow/example_dags/example_latest_only_with_trigger.py
[2023-11-11T16:22:04.845+0000] {logging_mixin.py:137} INFO - [2023-11-11T16:22:04.845+0000] {dag.py:2690} INFO - Sync 1 DAGs
[2023-11-11T16:22:04.857+0000] {logging_mixin.py:137} INFO - [2023-11-11T16:22:04.857+0000] {dag.py:3441} INFO - Setting next_dagrun for latest_only_with_trigger to 2023-11-11T12:22:04.857016+00:00, run_after=2023-11-11T16:22:04.857016+00:00
[2023-11-11T16:22:04.865+0000] {processor.py:175} INFO - Processing /home/airflow/.local/lib/python3.7/site-packages/airflow/example_dags/example_latest_only_with_trigger.py took 0.045 seconds
[2023-11-11T17:42:31.668+0000] {processor.py:153} INFO - Started process (PID=96840) to work on /home/airflow/.local/lib/python3.7/site-packages/airflow/example_dags/example_latest_only_with_trigger.py
[2023-11-11T17:42:31.669+0000] {processor.py:743} INFO - Processing file /home/airflow/.local/lib/python3.7/site-packages/airflow/example_dags/example_latest_only_with_trigger.py for tasks to queue
[2023-11-11T17:42:31.669+0000] {logging_mixin.py:137} INFO - [2023-11-11T17:42:31.669+0000] {dagbag.py:538} INFO - Filling up the DagBag from /home/airflow/.local/lib/python3.7/site-packages/airflow/example_dags/example_latest_only_with_trigger.py
[2023-11-11T17:42:31.679+0000] {processor.py:753} INFO - DAG(s) dict_keys(['latest_only_with_trigger']) retrieved from /home/airflow/.local/lib/python3.7/site-packages/airflow/example_dags/example_latest_only_with_trigger.py
[2023-11-11T17:42:31.692+0000] {logging_mixin.py:137} INFO - [2023-11-11T17:42:31.692+0000] {dag.py:2690} INFO - Sync 1 DAGs
[2023-11-11T17:42:31.704+0000] {logging_mixin.py:137} INFO - [2023-11-11T17:42:31.704+0000] {dag.py:3441} INFO - Setting next_dagrun for latest_only_with_trigger to 2023-11-11T13:42:31.704206+00:00, run_after=2023-11-11T17:42:31.704206+00:00
[2023-11-11T17:42:31.712+0000] {processor.py:175} INFO - Processing /home/airflow/.local/lib/python3.7/site-packages/airflow/example_dags/example_latest_only_with_trigger.py took 0.046 seconds
[2023-11-11T19:02:26.455+0000] {processor.py:153} INFO - Started process (PID=96924) to work on /home/airflow/.local/lib/python3.7/site-packages/airflow/example_dags/example_latest_only_with_trigger.py
[2023-11-11T19:02:26.457+0000] {processor.py:743} INFO - Processing file /home/airflow/.local/lib/python3.7/site-packages/airflow/example_dags/example_latest_only_with_trigger.py for tasks to queue
[2023-11-11T19:02:26.457+0000] {logging_mixin.py:137} INFO - [2023-11-11T19:02:26.457+0000] {dagbag.py:538} INFO - Filling up the DagBag from /home/airflow/.local/lib/python3.7/site-packages/airflow/example_dags/example_latest_only_with_trigger.py
[2023-11-11T19:02:26.469+0000] {processor.py:753} INFO - DAG(s) dict_keys(['latest_only_with_trigger']) retrieved from /home/airflow/.local/lib/python3.7/site-packages/airflow/example_dags/example_latest_only_with_trigger.py
[2023-11-11T19:02:26.484+0000] {logging_mixin.py:137} INFO - [2023-11-11T19:02:26.484+0000] {dag.py:2690} INFO - Sync 1 DAGs
[2023-11-11T19:02:26.499+0000] {logging_mixin.py:137} INFO - [2023-11-11T19:02:26.498+0000] {dag.py:3441} INFO - Setting next_dagrun for latest_only_with_trigger to 2023-11-11T15:02:26.498851+00:00, run_after=2023-11-11T19:02:26.498851+00:00
[2023-11-11T19:02:26.508+0000] {processor.py:175} INFO - Processing /home/airflow/.local/lib/python3.7/site-packages/airflow/example_dags/example_latest_only_with_trigger.py took 0.055 seconds
[2023-11-11T20:23:32.893+0000] {processor.py:153} INFO - Started process (PID=97012) to work on /home/airflow/.local/lib/python3.7/site-packages/airflow/example_dags/example_latest_only_with_trigger.py
[2023-11-11T20:23:32.893+0000] {processor.py:743} INFO - Processing file /home/airflow/.local/lib/python3.7/site-packages/airflow/example_dags/example_latest_only_with_trigger.py for tasks to queue
[2023-11-11T20:23:32.894+0000] {logging_mixin.py:137} INFO - [2023-11-11T20:23:32.893+0000] {dagbag.py:538} INFO - Filling up the DagBag from /home/airflow/.local/lib/python3.7/site-packages/airflow/example_dags/example_latest_only_with_trigger.py
[2023-11-11T20:23:32.903+0000] {processor.py:753} INFO - DAG(s) dict_keys(['latest_only_with_trigger']) retrieved from /home/airflow/.local/lib/python3.7/site-packages/airflow/example_dags/example_latest_only_with_trigger.py
[2023-11-11T20:23:32.916+0000] {logging_mixin.py:137} INFO - [2023-11-11T20:23:32.916+0000] {dag.py:2690} INFO - Sync 1 DAGs
[2023-11-11T20:23:32.928+0000] {logging_mixin.py:137} INFO - [2023-11-11T20:23:32.928+0000] {dag.py:3441} INFO - Setting next_dagrun for latest_only_with_trigger to 2023-11-11T16:23:32.928386+00:00, run_after=2023-11-11T20:23:32.928386+00:00
[2023-11-11T20:23:32.936+0000] {processor.py:175} INFO - Processing /home/airflow/.local/lib/python3.7/site-packages/airflow/example_dags/example_latest_only_with_trigger.py took 0.045 seconds
[2023-11-11T21:41:37.638+0000] {processor.py:153} INFO - Started process (PID=97107) to work on /home/airflow/.local/lib/python3.7/site-packages/airflow/example_dags/example_latest_only_with_trigger.py
[2023-11-11T21:41:37.639+0000] {processor.py:743} INFO - Processing file /home/airflow/.local/lib/python3.7/site-packages/airflow/example_dags/example_latest_only_with_trigger.py for tasks to queue
[2023-11-11T21:41:37.639+0000] {logging_mixin.py:137} INFO - [2023-11-11T21:41:37.639+0000] {dagbag.py:538} INFO - Filling up the DagBag from /home/airflow/.local/lib/python3.7/site-packages/airflow/example_dags/example_latest_only_with_trigger.py
[2023-11-11T21:41:37.649+0000] {processor.py:753} INFO - DAG(s) dict_keys(['latest_only_with_trigger']) retrieved from /home/airflow/.local/lib/python3.7/site-packages/airflow/example_dags/example_latest_only_with_trigger.py
[2023-11-11T21:41:37.662+0000] {logging_mixin.py:137} INFO - [2023-11-11T21:41:37.662+0000] {dag.py:2690} INFO - Sync 1 DAGs
[2023-11-11T21:41:37.674+0000] {logging_mixin.py:137} INFO - [2023-11-11T21:41:37.674+0000] {dag.py:3441} INFO - Setting next_dagrun for latest_only_with_trigger to 2023-11-11T17:41:37.674311+00:00, run_after=2023-11-11T21:41:37.674311+00:00
[2023-11-11T21:41:37.683+0000] {processor.py:175} INFO - Processing /home/airflow/.local/lib/python3.7/site-packages/airflow/example_dags/example_latest_only_with_trigger.py took 0.047 seconds
[2023-11-11T23:03:58.108+0000] {processor.py:153} INFO - Started process (PID=97202) to work on /home/airflow/.local/lib/python3.7/site-packages/airflow/example_dags/example_latest_only_with_trigger.py
[2023-11-11T23:03:58.109+0000] {processor.py:743} INFO - Processing file /home/airflow/.local/lib/python3.7/site-packages/airflow/example_dags/example_latest_only_with_trigger.py for tasks to queue
[2023-11-11T23:03:58.109+0000] {logging_mixin.py:137} INFO - [2023-11-11T23:03:58.109+0000] {dagbag.py:538} INFO - Filling up the DagBag from /home/airflow/.local/lib/python3.7/site-packages/airflow/example_dags/example_latest_only_with_trigger.py
[2023-11-11T23:03:58.120+0000] {processor.py:753} INFO - DAG(s) dict_keys(['latest_only_with_trigger']) retrieved from /home/airflow/.local/lib/python3.7/site-packages/airflow/example_dags/example_latest_only_with_trigger.py
[2023-11-11T23:03:58.134+0000] {logging_mixin.py:137} INFO - [2023-11-11T23:03:58.134+0000] {dag.py:2690} INFO - Sync 1 DAGs
[2023-11-11T23:03:58.148+0000] {logging_mixin.py:137} INFO - [2023-11-11T23:03:58.148+0000] {dag.py:3441} INFO - Setting next_dagrun for latest_only_with_trigger to 2023-11-11T19:03:58.148677+00:00, run_after=2023-11-11T23:03:58.148677+00:00
[2023-11-11T23:03:58.157+0000] {processor.py:175} INFO - Processing /home/airflow/.local/lib/python3.7/site-packages/airflow/example_dags/example_latest_only_with_trigger.py took 0.051 seconds
[2023-11-11T23:59:21.326+0000] {processor.py:153} INFO - Started process (PID=97279) to work on /home/airflow/.local/lib/python3.7/site-packages/airflow/example_dags/example_latest_only_with_trigger.py
[2023-11-11T23:59:21.327+0000] {processor.py:743} INFO - Processing file /home/airflow/.local/lib/python3.7/site-packages/airflow/example_dags/example_latest_only_with_trigger.py for tasks to queue
[2023-11-11T23:59:21.327+0000] {logging_mixin.py:137} INFO - [2023-11-11T23:59:21.327+0000] {dagbag.py:538} INFO - Filling up the DagBag from /home/airflow/.local/lib/python3.7/site-packages/airflow/example_dags/example_latest_only_with_trigger.py
[2023-11-11T23:59:21.337+0000] {processor.py:753} INFO - DAG(s) dict_keys(['latest_only_with_trigger']) retrieved from /home/airflow/.local/lib/python3.7/site-packages/airflow/example_dags/example_latest_only_with_trigger.py
[2023-11-11T23:59:21.350+0000] {logging_mixin.py:137} INFO - [2023-11-11T23:59:21.350+0000] {dag.py:2690} INFO - Sync 1 DAGs
[2023-11-11T23:59:21.363+0000] {logging_mixin.py:137} INFO - [2023-11-11T23:59:21.363+0000] {dag.py:3441} INFO - Setting next_dagrun for latest_only_with_trigger to 2023-11-11T19:59:21.363122+00:00, run_after=2023-11-11T23:59:21.363122+00:00
[2023-11-11T23:59:21.371+0000] {processor.py:175} INFO - Processing /home/airflow/.local/lib/python3.7/site-packages/airflow/example_dags/example_latest_only_with_trigger.py took 0.047 seconds
