[2023-11-11T00:09:10.600+0000] {processor.py:153} INFO - Started process (PID=95687) to work on /home/airflow/.local/lib/python3.7/site-packages/airflow/example_dags/example_nested_branch_dag.py
[2023-11-11T00:09:10.600+0000] {processor.py:743} INFO - Processing file /home/airflow/.local/lib/python3.7/site-packages/airflow/example_dags/example_nested_branch_dag.py for tasks to queue
[2023-11-11T00:09:10.601+0000] {logging_mixin.py:137} INFO - [2023-11-11T00:09:10.601+0000] {dagbag.py:538} INFO - Filling up the DagBag from /home/airflow/.local/lib/python3.7/site-packages/airflow/example_dags/example_nested_branch_dag.py
[2023-11-11T00:09:10.617+0000] {processor.py:753} INFO - DAG(s) dict_keys(['example_nested_branch_dag']) retrieved from /home/airflow/.local/lib/python3.7/site-packages/airflow/example_dags/example_nested_branch_dag.py
[2023-11-11T00:09:10.635+0000] {logging_mixin.py:137} INFO - [2023-11-11T00:09:10.635+0000] {dag.py:2690} INFO - Sync 1 DAGs
[2023-11-11T00:09:10.650+0000] {logging_mixin.py:137} INFO - [2023-11-11T00:09:10.650+0000] {dag.py:3441} INFO - Setting next_dagrun for example_nested_branch_dag to 2023-11-10T00:00:00+00:00, run_after=2023-11-11T00:00:00+00:00
[2023-11-11T00:09:10.660+0000] {processor.py:175} INFO - Processing /home/airflow/.local/lib/python3.7/site-packages/airflow/example_dags/example_nested_branch_dag.py took 0.063 seconds
[2023-11-11T01:31:24.581+0000] {processor.py:153} INFO - Started process (PID=95782) to work on /home/airflow/.local/lib/python3.7/site-packages/airflow/example_dags/example_nested_branch_dag.py
[2023-11-11T01:31:24.581+0000] {processor.py:743} INFO - Processing file /home/airflow/.local/lib/python3.7/site-packages/airflow/example_dags/example_nested_branch_dag.py for tasks to queue
[2023-11-11T01:31:24.581+0000] {logging_mixin.py:137} INFO - [2023-11-11T01:31:24.581+0000] {dagbag.py:538} INFO - Filling up the DagBag from /home/airflow/.local/lib/python3.7/site-packages/airflow/example_dags/example_nested_branch_dag.py
[2023-11-11T01:31:24.596+0000] {processor.py:753} INFO - DAG(s) dict_keys(['example_nested_branch_dag']) retrieved from /home/airflow/.local/lib/python3.7/site-packages/airflow/example_dags/example_nested_branch_dag.py
[2023-11-11T01:31:24.610+0000] {logging_mixin.py:137} INFO - [2023-11-11T01:31:24.610+0000] {dag.py:2690} INFO - Sync 1 DAGs
[2023-11-11T01:31:24.623+0000] {logging_mixin.py:137} INFO - [2023-11-11T01:31:24.623+0000] {dag.py:3441} INFO - Setting next_dagrun for example_nested_branch_dag to 2023-11-10T00:00:00+00:00, run_after=2023-11-11T00:00:00+00:00
[2023-11-11T01:31:24.631+0000] {processor.py:175} INFO - Processing /home/airflow/.local/lib/python3.7/site-packages/airflow/example_dags/example_nested_branch_dag.py took 0.053 seconds
[2023-11-11T02:52:42.983+0000] {processor.py:153} INFO - Started process (PID=95877) to work on /home/airflow/.local/lib/python3.7/site-packages/airflow/example_dags/example_nested_branch_dag.py
[2023-11-11T02:52:42.984+0000] {processor.py:743} INFO - Processing file /home/airflow/.local/lib/python3.7/site-packages/airflow/example_dags/example_nested_branch_dag.py for tasks to queue
[2023-11-11T02:52:42.984+0000] {logging_mixin.py:137} INFO - [2023-11-11T02:52:42.984+0000] {dagbag.py:538} INFO - Filling up the DagBag from /home/airflow/.local/lib/python3.7/site-packages/airflow/example_dags/example_nested_branch_dag.py
[2023-11-11T02:52:42.998+0000] {processor.py:753} INFO - DAG(s) dict_keys(['example_nested_branch_dag']) retrieved from /home/airflow/.local/lib/python3.7/site-packages/airflow/example_dags/example_nested_branch_dag.py
[2023-11-11T02:52:43.012+0000] {logging_mixin.py:137} INFO - [2023-11-11T02:52:43.011+0000] {dag.py:2690} INFO - Sync 1 DAGs
[2023-11-11T02:52:43.025+0000] {logging_mixin.py:137} INFO - [2023-11-11T02:52:43.024+0000] {dag.py:3441} INFO - Setting next_dagrun for example_nested_branch_dag to 2023-11-10T00:00:00+00:00, run_after=2023-11-11T00:00:00+00:00
[2023-11-11T02:52:43.033+0000] {processor.py:175} INFO - Processing /home/airflow/.local/lib/python3.7/site-packages/airflow/example_dags/example_nested_branch_dag.py took 0.052 seconds
[2023-11-11T04:16:11.107+0000] {processor.py:153} INFO - Started process (PID=95954) to work on /home/airflow/.local/lib/python3.7/site-packages/airflow/example_dags/example_nested_branch_dag.py
[2023-11-11T04:16:11.107+0000] {processor.py:743} INFO - Processing file /home/airflow/.local/lib/python3.7/site-packages/airflow/example_dags/example_nested_branch_dag.py for tasks to queue
[2023-11-11T04:16:11.108+0000] {logging_mixin.py:137} INFO - [2023-11-11T04:16:11.107+0000] {dagbag.py:538} INFO - Filling up the DagBag from /home/airflow/.local/lib/python3.7/site-packages/airflow/example_dags/example_nested_branch_dag.py
[2023-11-11T04:16:11.122+0000] {processor.py:753} INFO - DAG(s) dict_keys(['example_nested_branch_dag']) retrieved from /home/airflow/.local/lib/python3.7/site-packages/airflow/example_dags/example_nested_branch_dag.py
[2023-11-11T04:16:11.136+0000] {logging_mixin.py:137} INFO - [2023-11-11T04:16:11.136+0000] {dag.py:2690} INFO - Sync 1 DAGs
[2023-11-11T04:16:11.148+0000] {logging_mixin.py:137} INFO - [2023-11-11T04:16:11.148+0000] {dag.py:3441} INFO - Setting next_dagrun for example_nested_branch_dag to 2023-11-10T00:00:00+00:00, run_after=2023-11-11T00:00:00+00:00
[2023-11-11T04:16:11.156+0000] {processor.py:175} INFO - Processing /home/airflow/.local/lib/python3.7/site-packages/airflow/example_dags/example_nested_branch_dag.py took 0.052 seconds
[2023-11-11T05:38:24.844+0000] {processor.py:153} INFO - Started process (PID=96048) to work on /home/airflow/.local/lib/python3.7/site-packages/airflow/example_dags/example_nested_branch_dag.py
[2023-11-11T05:38:24.844+0000] {processor.py:743} INFO - Processing file /home/airflow/.local/lib/python3.7/site-packages/airflow/example_dags/example_nested_branch_dag.py for tasks to queue
[2023-11-11T05:38:24.845+0000] {logging_mixin.py:137} INFO - [2023-11-11T05:38:24.845+0000] {dagbag.py:538} INFO - Filling up the DagBag from /home/airflow/.local/lib/python3.7/site-packages/airflow/example_dags/example_nested_branch_dag.py
[2023-11-11T05:38:24.858+0000] {processor.py:753} INFO - DAG(s) dict_keys(['example_nested_branch_dag']) retrieved from /home/airflow/.local/lib/python3.7/site-packages/airflow/example_dags/example_nested_branch_dag.py
[2023-11-11T05:38:24.871+0000] {logging_mixin.py:137} INFO - [2023-11-11T05:38:24.871+0000] {dag.py:2690} INFO - Sync 1 DAGs
[2023-11-11T05:38:24.884+0000] {logging_mixin.py:137} INFO - [2023-11-11T05:38:24.884+0000] {dag.py:3441} INFO - Setting next_dagrun for example_nested_branch_dag to 2023-11-10T00:00:00+00:00, run_after=2023-11-11T00:00:00+00:00
[2023-11-11T05:38:24.893+0000] {processor.py:175} INFO - Processing /home/airflow/.local/lib/python3.7/site-packages/airflow/example_dags/example_nested_branch_dag.py took 0.052 seconds
[2023-11-11T07:00:06.398+0000] {processor.py:153} INFO - Started process (PID=96143) to work on /home/airflow/.local/lib/python3.7/site-packages/airflow/example_dags/example_nested_branch_dag.py
[2023-11-11T07:00:06.399+0000] {processor.py:743} INFO - Processing file /home/airflow/.local/lib/python3.7/site-packages/airflow/example_dags/example_nested_branch_dag.py for tasks to queue
[2023-11-11T07:00:06.399+0000] {logging_mixin.py:137} INFO - [2023-11-11T07:00:06.399+0000] {dagbag.py:538} INFO - Filling up the DagBag from /home/airflow/.local/lib/python3.7/site-packages/airflow/example_dags/example_nested_branch_dag.py
[2023-11-11T07:00:06.413+0000] {processor.py:753} INFO - DAG(s) dict_keys(['example_nested_branch_dag']) retrieved from /home/airflow/.local/lib/python3.7/site-packages/airflow/example_dags/example_nested_branch_dag.py
[2023-11-11T07:00:06.426+0000] {logging_mixin.py:137} INFO - [2023-11-11T07:00:06.426+0000] {dag.py:2690} INFO - Sync 1 DAGs
[2023-11-11T07:00:06.438+0000] {logging_mixin.py:137} INFO - [2023-11-11T07:00:06.438+0000] {dag.py:3441} INFO - Setting next_dagrun for example_nested_branch_dag to 2023-11-10T00:00:00+00:00, run_after=2023-11-11T00:00:00+00:00
[2023-11-11T07:00:06.446+0000] {processor.py:175} INFO - Processing /home/airflow/.local/lib/python3.7/site-packages/airflow/example_dags/example_nested_branch_dag.py took 0.051 seconds
[2023-11-11T08:22:44.912+0000] {processor.py:153} INFO - Started process (PID=96220) to work on /home/airflow/.local/lib/python3.7/site-packages/airflow/example_dags/example_nested_branch_dag.py
[2023-11-11T08:22:44.913+0000] {processor.py:743} INFO - Processing file /home/airflow/.local/lib/python3.7/site-packages/airflow/example_dags/example_nested_branch_dag.py for tasks to queue
[2023-11-11T08:22:44.913+0000] {logging_mixin.py:137} INFO - [2023-11-11T08:22:44.913+0000] {dagbag.py:538} INFO - Filling up the DagBag from /home/airflow/.local/lib/python3.7/site-packages/airflow/example_dags/example_nested_branch_dag.py
[2023-11-11T08:22:44.927+0000] {processor.py:753} INFO - DAG(s) dict_keys(['example_nested_branch_dag']) retrieved from /home/airflow/.local/lib/python3.7/site-packages/airflow/example_dags/example_nested_branch_dag.py
[2023-11-11T08:22:44.942+0000] {logging_mixin.py:137} INFO - [2023-11-11T08:22:44.942+0000] {dag.py:2690} INFO - Sync 1 DAGs
[2023-11-11T08:22:44.954+0000] {logging_mixin.py:137} INFO - [2023-11-11T08:22:44.954+0000] {dag.py:3441} INFO - Setting next_dagrun for example_nested_branch_dag to 2023-11-10T00:00:00+00:00, run_after=2023-11-11T00:00:00+00:00
[2023-11-11T08:22:44.962+0000] {processor.py:175} INFO - Processing /home/airflow/.local/lib/python3.7/site-packages/airflow/example_dags/example_nested_branch_dag.py took 0.052 seconds
[2023-11-11T09:47:16.479+0000] {processor.py:153} INFO - Started process (PID=96315) to work on /home/airflow/.local/lib/python3.7/site-packages/airflow/example_dags/example_nested_branch_dag.py
[2023-11-11T09:47:16.480+0000] {processor.py:743} INFO - Processing file /home/airflow/.local/lib/python3.7/site-packages/airflow/example_dags/example_nested_branch_dag.py for tasks to queue
[2023-11-11T09:47:16.480+0000] {logging_mixin.py:137} INFO - [2023-11-11T09:47:16.480+0000] {dagbag.py:538} INFO - Filling up the DagBag from /home/airflow/.local/lib/python3.7/site-packages/airflow/example_dags/example_nested_branch_dag.py
[2023-11-11T09:47:16.495+0000] {processor.py:753} INFO - DAG(s) dict_keys(['example_nested_branch_dag']) retrieved from /home/airflow/.local/lib/python3.7/site-packages/airflow/example_dags/example_nested_branch_dag.py
[2023-11-11T09:47:16.508+0000] {logging_mixin.py:137} INFO - [2023-11-11T09:47:16.508+0000] {dag.py:2690} INFO - Sync 1 DAGs
[2023-11-11T09:47:16.521+0000] {logging_mixin.py:137} INFO - [2023-11-11T09:47:16.521+0000] {dag.py:3441} INFO - Setting next_dagrun for example_nested_branch_dag to 2023-11-10T00:00:00+00:00, run_after=2023-11-11T00:00:00+00:00
[2023-11-11T09:47:16.530+0000] {processor.py:175} INFO - Processing /home/airflow/.local/lib/python3.7/site-packages/airflow/example_dags/example_nested_branch_dag.py took 0.054 seconds
[2023-11-11T11:12:15.544+0000] {processor.py:153} INFO - Started process (PID=96410) to work on /home/airflow/.local/lib/python3.7/site-packages/airflow/example_dags/example_nested_branch_dag.py
[2023-11-11T11:12:15.545+0000] {processor.py:743} INFO - Processing file /home/airflow/.local/lib/python3.7/site-packages/airflow/example_dags/example_nested_branch_dag.py for tasks to queue
[2023-11-11T11:12:15.545+0000] {logging_mixin.py:137} INFO - [2023-11-11T11:12:15.545+0000] {dagbag.py:538} INFO - Filling up the DagBag from /home/airflow/.local/lib/python3.7/site-packages/airflow/example_dags/example_nested_branch_dag.py
[2023-11-11T11:12:15.558+0000] {processor.py:753} INFO - DAG(s) dict_keys(['example_nested_branch_dag']) retrieved from /home/airflow/.local/lib/python3.7/site-packages/airflow/example_dags/example_nested_branch_dag.py
[2023-11-11T11:12:15.571+0000] {logging_mixin.py:137} INFO - [2023-11-11T11:12:15.571+0000] {dag.py:2690} INFO - Sync 1 DAGs
[2023-11-11T11:12:15.584+0000] {logging_mixin.py:137} INFO - [2023-11-11T11:12:15.584+0000] {dag.py:3441} INFO - Setting next_dagrun for example_nested_branch_dag to 2023-11-10T00:00:00+00:00, run_after=2023-11-11T00:00:00+00:00
[2023-11-11T11:12:15.592+0000] {processor.py:175} INFO - Processing /home/airflow/.local/lib/python3.7/site-packages/airflow/example_dags/example_nested_branch_dag.py took 0.050 seconds
[2023-11-11T12:37:24.384+0000] {processor.py:153} INFO - Started process (PID=96487) to work on /home/airflow/.local/lib/python3.7/site-packages/airflow/example_dags/example_nested_branch_dag.py
[2023-11-11T12:37:24.384+0000] {processor.py:743} INFO - Processing file /home/airflow/.local/lib/python3.7/site-packages/airflow/example_dags/example_nested_branch_dag.py for tasks to queue
[2023-11-11T12:37:24.385+0000] {logging_mixin.py:137} INFO - [2023-11-11T12:37:24.385+0000] {dagbag.py:538} INFO - Filling up the DagBag from /home/airflow/.local/lib/python3.7/site-packages/airflow/example_dags/example_nested_branch_dag.py
[2023-11-11T12:37:24.399+0000] {processor.py:753} INFO - DAG(s) dict_keys(['example_nested_branch_dag']) retrieved from /home/airflow/.local/lib/python3.7/site-packages/airflow/example_dags/example_nested_branch_dag.py
[2023-11-11T12:37:24.413+0000] {logging_mixin.py:137} INFO - [2023-11-11T12:37:24.413+0000] {dag.py:2690} INFO - Sync 1 DAGs
[2023-11-11T12:37:24.425+0000] {logging_mixin.py:137} INFO - [2023-11-11T12:37:24.425+0000] {dag.py:3441} INFO - Setting next_dagrun for example_nested_branch_dag to 2023-11-10T00:00:00+00:00, run_after=2023-11-11T00:00:00+00:00
[2023-11-11T12:37:24.433+0000] {processor.py:175} INFO - Processing /home/airflow/.local/lib/python3.7/site-packages/airflow/example_dags/example_nested_branch_dag.py took 0.052 seconds
[2023-11-11T14:00:43.255+0000] {processor.py:153} INFO - Started process (PID=96582) to work on /home/airflow/.local/lib/python3.7/site-packages/airflow/example_dags/example_nested_branch_dag.py
[2023-11-11T14:00:43.255+0000] {processor.py:743} INFO - Processing file /home/airflow/.local/lib/python3.7/site-packages/airflow/example_dags/example_nested_branch_dag.py for tasks to queue
[2023-11-11T14:00:43.256+0000] {logging_mixin.py:137} INFO - [2023-11-11T14:00:43.256+0000] {dagbag.py:538} INFO - Filling up the DagBag from /home/airflow/.local/lib/python3.7/site-packages/airflow/example_dags/example_nested_branch_dag.py
[2023-11-11T14:00:43.270+0000] {processor.py:753} INFO - DAG(s) dict_keys(['example_nested_branch_dag']) retrieved from /home/airflow/.local/lib/python3.7/site-packages/airflow/example_dags/example_nested_branch_dag.py
[2023-11-11T14:00:43.283+0000] {logging_mixin.py:137} INFO - [2023-11-11T14:00:43.283+0000] {dag.py:2690} INFO - Sync 1 DAGs
[2023-11-11T14:00:43.296+0000] {logging_mixin.py:137} INFO - [2023-11-11T14:00:43.295+0000] {dag.py:3441} INFO - Setting next_dagrun for example_nested_branch_dag to 2023-11-10T00:00:00+00:00, run_after=2023-11-11T00:00:00+00:00
[2023-11-11T14:00:43.304+0000] {processor.py:175} INFO - Processing /home/airflow/.local/lib/python3.7/site-packages/airflow/example_dags/example_nested_branch_dag.py took 0.052 seconds
[2023-11-11T14:58:10.899+0000] {processor.py:153} INFO - Started process (PID=96678) to work on /home/airflow/.local/lib/python3.7/site-packages/airflow/example_dags/example_nested_branch_dag.py
[2023-11-11T14:58:10.899+0000] {processor.py:743} INFO - Processing file /home/airflow/.local/lib/python3.7/site-packages/airflow/example_dags/example_nested_branch_dag.py for tasks to queue
[2023-11-11T14:58:10.900+0000] {logging_mixin.py:137} INFO - [2023-11-11T14:58:10.899+0000] {dagbag.py:538} INFO - Filling up the DagBag from /home/airflow/.local/lib/python3.7/site-packages/airflow/example_dags/example_nested_branch_dag.py
[2023-11-11T14:58:10.914+0000] {processor.py:753} INFO - DAG(s) dict_keys(['example_nested_branch_dag']) retrieved from /home/airflow/.local/lib/python3.7/site-packages/airflow/example_dags/example_nested_branch_dag.py
[2023-11-11T14:58:10.929+0000] {logging_mixin.py:137} INFO - [2023-11-11T14:58:10.929+0000] {dag.py:2690} INFO - Sync 1 DAGs
[2023-11-11T14:58:10.942+0000] {logging_mixin.py:137} INFO - [2023-11-11T14:58:10.942+0000] {dag.py:3441} INFO - Setting next_dagrun for example_nested_branch_dag to 2023-11-10T00:00:00+00:00, run_after=2023-11-11T00:00:00+00:00
[2023-11-11T14:58:10.951+0000] {processor.py:175} INFO - Processing /home/airflow/.local/lib/python3.7/site-packages/airflow/example_dags/example_nested_branch_dag.py took 0.055 seconds
[2023-11-11T16:22:05.168+0000] {processor.py:153} INFO - Started process (PID=96755) to work on /home/airflow/.local/lib/python3.7/site-packages/airflow/example_dags/example_nested_branch_dag.py
[2023-11-11T16:22:05.169+0000] {processor.py:743} INFO - Processing file /home/airflow/.local/lib/python3.7/site-packages/airflow/example_dags/example_nested_branch_dag.py for tasks to queue
[2023-11-11T16:22:05.169+0000] {logging_mixin.py:137} INFO - [2023-11-11T16:22:05.169+0000] {dagbag.py:538} INFO - Filling up the DagBag from /home/airflow/.local/lib/python3.7/site-packages/airflow/example_dags/example_nested_branch_dag.py
[2023-11-11T16:22:05.183+0000] {processor.py:753} INFO - DAG(s) dict_keys(['example_nested_branch_dag']) retrieved from /home/airflow/.local/lib/python3.7/site-packages/airflow/example_dags/example_nested_branch_dag.py
[2023-11-11T16:22:05.197+0000] {logging_mixin.py:137} INFO - [2023-11-11T16:22:05.197+0000] {dag.py:2690} INFO - Sync 1 DAGs
[2023-11-11T16:22:05.209+0000] {logging_mixin.py:137} INFO - [2023-11-11T16:22:05.209+0000] {dag.py:3441} INFO - Setting next_dagrun for example_nested_branch_dag to 2023-11-10T00:00:00+00:00, run_after=2023-11-11T00:00:00+00:00
[2023-11-11T16:22:05.218+0000] {processor.py:175} INFO - Processing /home/airflow/.local/lib/python3.7/site-packages/airflow/example_dags/example_nested_branch_dag.py took 0.052 seconds
[2023-11-11T17:42:32.015+0000] {processor.py:153} INFO - Started process (PID=96850) to work on /home/airflow/.local/lib/python3.7/site-packages/airflow/example_dags/example_nested_branch_dag.py
[2023-11-11T17:42:32.016+0000] {processor.py:743} INFO - Processing file /home/airflow/.local/lib/python3.7/site-packages/airflow/example_dags/example_nested_branch_dag.py for tasks to queue
[2023-11-11T17:42:32.016+0000] {logging_mixin.py:137} INFO - [2023-11-11T17:42:32.016+0000] {dagbag.py:538} INFO - Filling up the DagBag from /home/airflow/.local/lib/python3.7/site-packages/airflow/example_dags/example_nested_branch_dag.py
[2023-11-11T17:42:32.029+0000] {processor.py:753} INFO - DAG(s) dict_keys(['example_nested_branch_dag']) retrieved from /home/airflow/.local/lib/python3.7/site-packages/airflow/example_dags/example_nested_branch_dag.py
[2023-11-11T17:42:32.042+0000] {logging_mixin.py:137} INFO - [2023-11-11T17:42:32.042+0000] {dag.py:2690} INFO - Sync 1 DAGs
[2023-11-11T17:42:32.054+0000] {logging_mixin.py:137} INFO - [2023-11-11T17:42:32.054+0000] {dag.py:3441} INFO - Setting next_dagrun for example_nested_branch_dag to 2023-11-10T00:00:00+00:00, run_after=2023-11-11T00:00:00+00:00
[2023-11-11T17:42:32.063+0000] {processor.py:175} INFO - Processing /home/airflow/.local/lib/python3.7/site-packages/airflow/example_dags/example_nested_branch_dag.py took 0.050 seconds
[2023-11-11T19:02:26.765+0000] {processor.py:153} INFO - Started process (PID=96936) to work on /home/airflow/.local/lib/python3.7/site-packages/airflow/example_dags/example_nested_branch_dag.py
[2023-11-11T19:02:26.766+0000] {processor.py:743} INFO - Processing file /home/airflow/.local/lib/python3.7/site-packages/airflow/example_dags/example_nested_branch_dag.py for tasks to queue
[2023-11-11T19:02:26.766+0000] {logging_mixin.py:137} INFO - [2023-11-11T19:02:26.766+0000] {dagbag.py:538} INFO - Filling up the DagBag from /home/airflow/.local/lib/python3.7/site-packages/airflow/example_dags/example_nested_branch_dag.py
[2023-11-11T19:02:26.780+0000] {processor.py:753} INFO - DAG(s) dict_keys(['example_nested_branch_dag']) retrieved from /home/airflow/.local/lib/python3.7/site-packages/airflow/example_dags/example_nested_branch_dag.py
[2023-11-11T19:02:26.796+0000] {logging_mixin.py:137} INFO - [2023-11-11T19:02:26.796+0000] {dag.py:2690} INFO - Sync 1 DAGs
[2023-11-11T19:02:26.832+0000] {logging_mixin.py:137} INFO - [2023-11-11T19:02:26.832+0000] {dag.py:3441} INFO - Setting next_dagrun for example_nested_branch_dag to 2023-11-10T00:00:00+00:00, run_after=2023-11-11T00:00:00+00:00
[2023-11-11T19:02:26.869+0000] {processor.py:175} INFO - Processing /home/airflow/.local/lib/python3.7/site-packages/airflow/example_dags/example_nested_branch_dag.py took 0.107 seconds
[2023-11-11T20:23:33.183+0000] {processor.py:153} INFO - Started process (PID=97022) to work on /home/airflow/.local/lib/python3.7/site-packages/airflow/example_dags/example_nested_branch_dag.py
[2023-11-11T20:23:33.183+0000] {processor.py:743} INFO - Processing file /home/airflow/.local/lib/python3.7/site-packages/airflow/example_dags/example_nested_branch_dag.py for tasks to queue
[2023-11-11T20:23:33.183+0000] {logging_mixin.py:137} INFO - [2023-11-11T20:23:33.183+0000] {dagbag.py:538} INFO - Filling up the DagBag from /home/airflow/.local/lib/python3.7/site-packages/airflow/example_dags/example_nested_branch_dag.py
[2023-11-11T20:23:33.198+0000] {processor.py:753} INFO - DAG(s) dict_keys(['example_nested_branch_dag']) retrieved from /home/airflow/.local/lib/python3.7/site-packages/airflow/example_dags/example_nested_branch_dag.py
[2023-11-11T20:23:33.211+0000] {logging_mixin.py:137} INFO - [2023-11-11T20:23:33.211+0000] {dag.py:2690} INFO - Sync 1 DAGs
[2023-11-11T20:23:33.224+0000] {logging_mixin.py:137} INFO - [2023-11-11T20:23:33.224+0000] {dag.py:3441} INFO - Setting next_dagrun for example_nested_branch_dag to 2023-11-10T00:00:00+00:00, run_after=2023-11-11T00:00:00+00:00
[2023-11-11T20:23:33.232+0000] {processor.py:175} INFO - Processing /home/airflow/.local/lib/python3.7/site-packages/airflow/example_dags/example_nested_branch_dag.py took 0.052 seconds
[2023-11-11T21:41:37.990+0000] {processor.py:153} INFO - Started process (PID=97117) to work on /home/airflow/.local/lib/python3.7/site-packages/airflow/example_dags/example_nested_branch_dag.py
[2023-11-11T21:41:37.990+0000] {processor.py:743} INFO - Processing file /home/airflow/.local/lib/python3.7/site-packages/airflow/example_dags/example_nested_branch_dag.py for tasks to queue
[2023-11-11T21:41:37.990+0000] {logging_mixin.py:137} INFO - [2023-11-11T21:41:37.990+0000] {dagbag.py:538} INFO - Filling up the DagBag from /home/airflow/.local/lib/python3.7/site-packages/airflow/example_dags/example_nested_branch_dag.py
[2023-11-11T21:41:38.004+0000] {processor.py:753} INFO - DAG(s) dict_keys(['example_nested_branch_dag']) retrieved from /home/airflow/.local/lib/python3.7/site-packages/airflow/example_dags/example_nested_branch_dag.py
[2023-11-11T21:41:38.017+0000] {logging_mixin.py:137} INFO - [2023-11-11T21:41:38.017+0000] {dag.py:2690} INFO - Sync 1 DAGs
[2023-11-11T21:41:38.030+0000] {logging_mixin.py:137} INFO - [2023-11-11T21:41:38.030+0000] {dag.py:3441} INFO - Setting next_dagrun for example_nested_branch_dag to 2023-11-10T00:00:00+00:00, run_after=2023-11-11T00:00:00+00:00
[2023-11-11T21:41:38.039+0000] {processor.py:175} INFO - Processing /home/airflow/.local/lib/python3.7/site-packages/airflow/example_dags/example_nested_branch_dag.py took 0.052 seconds
[2023-11-11T23:03:58.467+0000] {processor.py:153} INFO - Started process (PID=97212) to work on /home/airflow/.local/lib/python3.7/site-packages/airflow/example_dags/example_nested_branch_dag.py
[2023-11-11T23:03:58.468+0000] {processor.py:743} INFO - Processing file /home/airflow/.local/lib/python3.7/site-packages/airflow/example_dags/example_nested_branch_dag.py for tasks to queue
[2023-11-11T23:03:58.468+0000] {logging_mixin.py:137} INFO - [2023-11-11T23:03:58.468+0000] {dagbag.py:538} INFO - Filling up the DagBag from /home/airflow/.local/lib/python3.7/site-packages/airflow/example_dags/example_nested_branch_dag.py
[2023-11-11T23:03:58.482+0000] {processor.py:753} INFO - DAG(s) dict_keys(['example_nested_branch_dag']) retrieved from /home/airflow/.local/lib/python3.7/site-packages/airflow/example_dags/example_nested_branch_dag.py
[2023-11-11T23:03:58.495+0000] {logging_mixin.py:137} INFO - [2023-11-11T23:03:58.495+0000] {dag.py:2690} INFO - Sync 1 DAGs
[2023-11-11T23:03:58.507+0000] {logging_mixin.py:137} INFO - [2023-11-11T23:03:58.507+0000] {dag.py:3441} INFO - Setting next_dagrun for example_nested_branch_dag to 2023-11-10T00:00:00+00:00, run_after=2023-11-11T00:00:00+00:00
[2023-11-11T23:03:58.517+0000] {processor.py:175} INFO - Processing /home/airflow/.local/lib/python3.7/site-packages/airflow/example_dags/example_nested_branch_dag.py took 0.051 seconds
[2023-11-11T23:59:22.060+0000] {processor.py:153} INFO - Started process (PID=97289) to work on /home/airflow/.local/lib/python3.7/site-packages/airflow/example_dags/example_nested_branch_dag.py
[2023-11-11T23:59:22.061+0000] {processor.py:743} INFO - Processing file /home/airflow/.local/lib/python3.7/site-packages/airflow/example_dags/example_nested_branch_dag.py for tasks to queue
[2023-11-11T23:59:22.061+0000] {logging_mixin.py:137} INFO - [2023-11-11T23:59:22.061+0000] {dagbag.py:538} INFO - Filling up the DagBag from /home/airflow/.local/lib/python3.7/site-packages/airflow/example_dags/example_nested_branch_dag.py
[2023-11-11T23:59:22.075+0000] {processor.py:753} INFO - DAG(s) dict_keys(['example_nested_branch_dag']) retrieved from /home/airflow/.local/lib/python3.7/site-packages/airflow/example_dags/example_nested_branch_dag.py
[2023-11-11T23:59:22.091+0000] {logging_mixin.py:137} INFO - [2023-11-11T23:59:22.091+0000] {dag.py:2690} INFO - Sync 1 DAGs
[2023-11-11T23:59:22.104+0000] {logging_mixin.py:137} INFO - [2023-11-11T23:59:22.104+0000] {dag.py:3441} INFO - Setting next_dagrun for example_nested_branch_dag to 2023-11-10T00:00:00+00:00, run_after=2023-11-11T00:00:00+00:00
[2023-11-11T23:59:22.112+0000] {processor.py:175} INFO - Processing /home/airflow/.local/lib/python3.7/site-packages/airflow/example_dags/example_nested_branch_dag.py took 0.054 seconds
