[2023-11-11T00:09:10.462+0000] {processor.py:153} INFO - Started process (PID=95683) to work on /home/airflow/.local/lib/python3.7/site-packages/airflow/example_dags/tutorial_dag.py
[2023-11-11T00:09:10.463+0000] {processor.py:743} INFO - Processing file /home/airflow/.local/lib/python3.7/site-packages/airflow/example_dags/tutorial_dag.py for tasks to queue
[2023-11-11T00:09:10.463+0000] {logging_mixin.py:137} INFO - [2023-11-11T00:09:10.463+0000] {dagbag.py:538} INFO - Filling up the DagBag from /home/airflow/.local/lib/python3.7/site-packages/airflow/example_dags/tutorial_dag.py
[2023-11-11T00:09:10.472+0000] {processor.py:753} INFO - DAG(s) dict_keys(['tutorial_dag']) retrieved from /home/airflow/.local/lib/python3.7/site-packages/airflow/example_dags/tutorial_dag.py
[2023-11-11T00:09:10.486+0000] {logging_mixin.py:137} INFO - [2023-11-11T00:09:10.486+0000] {dag.py:2690} INFO - Sync 1 DAGs
[2023-11-11T00:09:10.498+0000] {logging_mixin.py:137} INFO - [2023-11-11T00:09:10.498+0000] {dag.py:3441} INFO - Setting next_dagrun for tutorial_dag to None, run_after=None
[2023-11-11T00:09:10.506+0000] {processor.py:175} INFO - Processing /home/airflow/.local/lib/python3.7/site-packages/airflow/example_dags/tutorial_dag.py took 0.046 seconds
[2023-11-11T01:31:24.462+0000] {processor.py:153} INFO - Started process (PID=95778) to work on /home/airflow/.local/lib/python3.7/site-packages/airflow/example_dags/tutorial_dag.py
[2023-11-11T01:31:24.463+0000] {processor.py:743} INFO - Processing file /home/airflow/.local/lib/python3.7/site-packages/airflow/example_dags/tutorial_dag.py for tasks to queue
[2023-11-11T01:31:24.463+0000] {logging_mixin.py:137} INFO - [2023-11-11T01:31:24.463+0000] {dagbag.py:538} INFO - Filling up the DagBag from /home/airflow/.local/lib/python3.7/site-packages/airflow/example_dags/tutorial_dag.py
[2023-11-11T01:31:24.471+0000] {processor.py:753} INFO - DAG(s) dict_keys(['tutorial_dag']) retrieved from /home/airflow/.local/lib/python3.7/site-packages/airflow/example_dags/tutorial_dag.py
[2023-11-11T01:31:24.485+0000] {logging_mixin.py:137} INFO - [2023-11-11T01:31:24.484+0000] {dag.py:2690} INFO - Sync 1 DAGs
[2023-11-11T01:31:24.496+0000] {logging_mixin.py:137} INFO - [2023-11-11T01:31:24.496+0000] {dag.py:3441} INFO - Setting next_dagrun for tutorial_dag to None, run_after=None
[2023-11-11T01:31:24.505+0000] {processor.py:175} INFO - Processing /home/airflow/.local/lib/python3.7/site-packages/airflow/example_dags/tutorial_dag.py took 0.045 seconds
[2023-11-11T02:52:42.864+0000] {processor.py:153} INFO - Started process (PID=95873) to work on /home/airflow/.local/lib/python3.7/site-packages/airflow/example_dags/tutorial_dag.py
[2023-11-11T02:52:42.865+0000] {processor.py:743} INFO - Processing file /home/airflow/.local/lib/python3.7/site-packages/airflow/example_dags/tutorial_dag.py for tasks to queue
[2023-11-11T02:52:42.865+0000] {logging_mixin.py:137} INFO - [2023-11-11T02:52:42.865+0000] {dagbag.py:538} INFO - Filling up the DagBag from /home/airflow/.local/lib/python3.7/site-packages/airflow/example_dags/tutorial_dag.py
[2023-11-11T02:52:42.873+0000] {processor.py:753} INFO - DAG(s) dict_keys(['tutorial_dag']) retrieved from /home/airflow/.local/lib/python3.7/site-packages/airflow/example_dags/tutorial_dag.py
[2023-11-11T02:52:42.887+0000] {logging_mixin.py:137} INFO - [2023-11-11T02:52:42.887+0000] {dag.py:2690} INFO - Sync 1 DAGs
[2023-11-11T02:52:42.899+0000] {logging_mixin.py:137} INFO - [2023-11-11T02:52:42.899+0000] {dag.py:3441} INFO - Setting next_dagrun for tutorial_dag to None, run_after=None
[2023-11-11T02:52:42.907+0000] {processor.py:175} INFO - Processing /home/airflow/.local/lib/python3.7/site-packages/airflow/example_dags/tutorial_dag.py took 0.045 seconds
[2023-11-11T04:16:10.987+0000] {processor.py:153} INFO - Started process (PID=95950) to work on /home/airflow/.local/lib/python3.7/site-packages/airflow/example_dags/tutorial_dag.py
[2023-11-11T04:16:10.987+0000] {processor.py:743} INFO - Processing file /home/airflow/.local/lib/python3.7/site-packages/airflow/example_dags/tutorial_dag.py for tasks to queue
[2023-11-11T04:16:10.988+0000] {logging_mixin.py:137} INFO - [2023-11-11T04:16:10.988+0000] {dagbag.py:538} INFO - Filling up the DagBag from /home/airflow/.local/lib/python3.7/site-packages/airflow/example_dags/tutorial_dag.py
[2023-11-11T04:16:10.997+0000] {processor.py:753} INFO - DAG(s) dict_keys(['tutorial_dag']) retrieved from /home/airflow/.local/lib/python3.7/site-packages/airflow/example_dags/tutorial_dag.py
[2023-11-11T04:16:11.010+0000] {logging_mixin.py:137} INFO - [2023-11-11T04:16:11.010+0000] {dag.py:2690} INFO - Sync 1 DAGs
[2023-11-11T04:16:11.022+0000] {logging_mixin.py:137} INFO - [2023-11-11T04:16:11.022+0000] {dag.py:3441} INFO - Setting next_dagrun for tutorial_dag to None, run_after=None
[2023-11-11T04:16:11.030+0000] {processor.py:175} INFO - Processing /home/airflow/.local/lib/python3.7/site-packages/airflow/example_dags/tutorial_dag.py took 0.045 seconds
[2023-11-11T05:38:24.690+0000] {processor.py:153} INFO - Started process (PID=96044) to work on /home/airflow/.local/lib/python3.7/site-packages/airflow/example_dags/tutorial_dag.py
[2023-11-11T05:38:24.691+0000] {processor.py:743} INFO - Processing file /home/airflow/.local/lib/python3.7/site-packages/airflow/example_dags/tutorial_dag.py for tasks to queue
[2023-11-11T05:38:24.691+0000] {logging_mixin.py:137} INFO - [2023-11-11T05:38:24.691+0000] {dagbag.py:538} INFO - Filling up the DagBag from /home/airflow/.local/lib/python3.7/site-packages/airflow/example_dags/tutorial_dag.py
[2023-11-11T05:38:24.700+0000] {processor.py:753} INFO - DAG(s) dict_keys(['tutorial_dag']) retrieved from /home/airflow/.local/lib/python3.7/site-packages/airflow/example_dags/tutorial_dag.py
[2023-11-11T05:38:24.713+0000] {logging_mixin.py:137} INFO - [2023-11-11T05:38:24.713+0000] {dag.py:2690} INFO - Sync 1 DAGs
[2023-11-11T05:38:24.725+0000] {logging_mixin.py:137} INFO - [2023-11-11T05:38:24.725+0000] {dag.py:3441} INFO - Setting next_dagrun for tutorial_dag to None, run_after=None
[2023-11-11T05:38:24.734+0000] {processor.py:175} INFO - Processing /home/airflow/.local/lib/python3.7/site-packages/airflow/example_dags/tutorial_dag.py took 0.045 seconds
[2023-11-11T07:00:06.199+0000] {processor.py:153} INFO - Started process (PID=96139) to work on /home/airflow/.local/lib/python3.7/site-packages/airflow/example_dags/tutorial_dag.py
[2023-11-11T07:00:06.200+0000] {processor.py:743} INFO - Processing file /home/airflow/.local/lib/python3.7/site-packages/airflow/example_dags/tutorial_dag.py for tasks to queue
[2023-11-11T07:00:06.201+0000] {logging_mixin.py:137} INFO - [2023-11-11T07:00:06.201+0000] {dagbag.py:538} INFO - Filling up the DagBag from /home/airflow/.local/lib/python3.7/site-packages/airflow/example_dags/tutorial_dag.py
[2023-11-11T07:00:06.217+0000] {processor.py:753} INFO - DAG(s) dict_keys(['tutorial_dag']) retrieved from /home/airflow/.local/lib/python3.7/site-packages/airflow/example_dags/tutorial_dag.py
[2023-11-11T07:00:06.235+0000] {logging_mixin.py:137} INFO - [2023-11-11T07:00:06.235+0000] {dag.py:2690} INFO - Sync 1 DAGs
[2023-11-11T07:00:06.250+0000] {logging_mixin.py:137} INFO - [2023-11-11T07:00:06.250+0000] {dag.py:3441} INFO - Setting next_dagrun for tutorial_dag to None, run_after=None
[2023-11-11T07:00:06.258+0000] {processor.py:175} INFO - Processing /home/airflow/.local/lib/python3.7/site-packages/airflow/example_dags/tutorial_dag.py took 0.062 seconds
[2023-11-11T08:22:44.793+0000] {processor.py:153} INFO - Started process (PID=96216) to work on /home/airflow/.local/lib/python3.7/site-packages/airflow/example_dags/tutorial_dag.py
[2023-11-11T08:22:44.794+0000] {processor.py:743} INFO - Processing file /home/airflow/.local/lib/python3.7/site-packages/airflow/example_dags/tutorial_dag.py for tasks to queue
[2023-11-11T08:22:44.794+0000] {logging_mixin.py:137} INFO - [2023-11-11T08:22:44.794+0000] {dagbag.py:538} INFO - Filling up the DagBag from /home/airflow/.local/lib/python3.7/site-packages/airflow/example_dags/tutorial_dag.py
[2023-11-11T08:22:44.803+0000] {processor.py:753} INFO - DAG(s) dict_keys(['tutorial_dag']) retrieved from /home/airflow/.local/lib/python3.7/site-packages/airflow/example_dags/tutorial_dag.py
[2023-11-11T08:22:44.817+0000] {logging_mixin.py:137} INFO - [2023-11-11T08:22:44.817+0000] {dag.py:2690} INFO - Sync 1 DAGs
[2023-11-11T08:22:44.829+0000] {logging_mixin.py:137} INFO - [2023-11-11T08:22:44.829+0000] {dag.py:3441} INFO - Setting next_dagrun for tutorial_dag to None, run_after=None
[2023-11-11T08:22:44.837+0000] {processor.py:175} INFO - Processing /home/airflow/.local/lib/python3.7/site-packages/airflow/example_dags/tutorial_dag.py took 0.045 seconds
[2023-11-11T09:47:16.359+0000] {processor.py:153} INFO - Started process (PID=96311) to work on /home/airflow/.local/lib/python3.7/site-packages/airflow/example_dags/tutorial_dag.py
[2023-11-11T09:47:16.359+0000] {processor.py:743} INFO - Processing file /home/airflow/.local/lib/python3.7/site-packages/airflow/example_dags/tutorial_dag.py for tasks to queue
[2023-11-11T09:47:16.360+0000] {logging_mixin.py:137} INFO - [2023-11-11T09:47:16.360+0000] {dagbag.py:538} INFO - Filling up the DagBag from /home/airflow/.local/lib/python3.7/site-packages/airflow/example_dags/tutorial_dag.py
[2023-11-11T09:47:16.368+0000] {processor.py:753} INFO - DAG(s) dict_keys(['tutorial_dag']) retrieved from /home/airflow/.local/lib/python3.7/site-packages/airflow/example_dags/tutorial_dag.py
[2023-11-11T09:47:16.382+0000] {logging_mixin.py:137} INFO - [2023-11-11T09:47:16.382+0000] {dag.py:2690} INFO - Sync 1 DAGs
[2023-11-11T09:47:16.394+0000] {logging_mixin.py:137} INFO - [2023-11-11T09:47:16.394+0000] {dag.py:3441} INFO - Setting next_dagrun for tutorial_dag to None, run_after=None
[2023-11-11T09:47:16.403+0000] {processor.py:175} INFO - Processing /home/airflow/.local/lib/python3.7/site-packages/airflow/example_dags/tutorial_dag.py took 0.046 seconds
[2023-11-11T11:12:15.426+0000] {processor.py:153} INFO - Started process (PID=96406) to work on /home/airflow/.local/lib/python3.7/site-packages/airflow/example_dags/tutorial_dag.py
[2023-11-11T11:12:15.426+0000] {processor.py:743} INFO - Processing file /home/airflow/.local/lib/python3.7/site-packages/airflow/example_dags/tutorial_dag.py for tasks to queue
[2023-11-11T11:12:15.427+0000] {logging_mixin.py:137} INFO - [2023-11-11T11:12:15.427+0000] {dagbag.py:538} INFO - Filling up the DagBag from /home/airflow/.local/lib/python3.7/site-packages/airflow/example_dags/tutorial_dag.py
[2023-11-11T11:12:15.435+0000] {processor.py:753} INFO - DAG(s) dict_keys(['tutorial_dag']) retrieved from /home/airflow/.local/lib/python3.7/site-packages/airflow/example_dags/tutorial_dag.py
[2023-11-11T11:12:15.449+0000] {logging_mixin.py:137} INFO - [2023-11-11T11:12:15.449+0000] {dag.py:2690} INFO - Sync 1 DAGs
[2023-11-11T11:12:15.461+0000] {logging_mixin.py:137} INFO - [2023-11-11T11:12:15.461+0000] {dag.py:3441} INFO - Setting next_dagrun for tutorial_dag to None, run_after=None
[2023-11-11T11:12:15.470+0000] {processor.py:175} INFO - Processing /home/airflow/.local/lib/python3.7/site-packages/airflow/example_dags/tutorial_dag.py took 0.046 seconds
[2023-11-11T12:37:24.259+0000] {processor.py:153} INFO - Started process (PID=96483) to work on /home/airflow/.local/lib/python3.7/site-packages/airflow/example_dags/tutorial_dag.py
[2023-11-11T12:37:24.260+0000] {processor.py:743} INFO - Processing file /home/airflow/.local/lib/python3.7/site-packages/airflow/example_dags/tutorial_dag.py for tasks to queue
[2023-11-11T12:37:24.260+0000] {logging_mixin.py:137} INFO - [2023-11-11T12:37:24.260+0000] {dagbag.py:538} INFO - Filling up the DagBag from /home/airflow/.local/lib/python3.7/site-packages/airflow/example_dags/tutorial_dag.py
[2023-11-11T12:37:24.270+0000] {processor.py:753} INFO - DAG(s) dict_keys(['tutorial_dag']) retrieved from /home/airflow/.local/lib/python3.7/site-packages/airflow/example_dags/tutorial_dag.py
[2023-11-11T12:37:24.284+0000] {logging_mixin.py:137} INFO - [2023-11-11T12:37:24.284+0000] {dag.py:2690} INFO - Sync 1 DAGs
[2023-11-11T12:37:24.296+0000] {logging_mixin.py:137} INFO - [2023-11-11T12:37:24.296+0000] {dag.py:3441} INFO - Setting next_dagrun for tutorial_dag to None, run_after=None
[2023-11-11T12:37:24.307+0000] {processor.py:175} INFO - Processing /home/airflow/.local/lib/python3.7/site-packages/airflow/example_dags/tutorial_dag.py took 0.049 seconds
[2023-11-11T14:00:43.131+0000] {processor.py:153} INFO - Started process (PID=96578) to work on /home/airflow/.local/lib/python3.7/site-packages/airflow/example_dags/tutorial_dag.py
[2023-11-11T14:00:43.132+0000] {processor.py:743} INFO - Processing file /home/airflow/.local/lib/python3.7/site-packages/airflow/example_dags/tutorial_dag.py for tasks to queue
[2023-11-11T14:00:43.132+0000] {logging_mixin.py:137} INFO - [2023-11-11T14:00:43.132+0000] {dagbag.py:538} INFO - Filling up the DagBag from /home/airflow/.local/lib/python3.7/site-packages/airflow/example_dags/tutorial_dag.py
[2023-11-11T14:00:43.141+0000] {processor.py:753} INFO - DAG(s) dict_keys(['tutorial_dag']) retrieved from /home/airflow/.local/lib/python3.7/site-packages/airflow/example_dags/tutorial_dag.py
[2023-11-11T14:00:43.154+0000] {logging_mixin.py:137} INFO - [2023-11-11T14:00:43.154+0000] {dag.py:2690} INFO - Sync 1 DAGs
[2023-11-11T14:00:43.167+0000] {logging_mixin.py:137} INFO - [2023-11-11T14:00:43.167+0000] {dag.py:3441} INFO - Setting next_dagrun for tutorial_dag to None, run_after=None
[2023-11-11T14:00:43.176+0000] {processor.py:175} INFO - Processing /home/airflow/.local/lib/python3.7/site-packages/airflow/example_dags/tutorial_dag.py took 0.047 seconds
[2023-11-11T14:58:10.776+0000] {processor.py:153} INFO - Started process (PID=96674) to work on /home/airflow/.local/lib/python3.7/site-packages/airflow/example_dags/tutorial_dag.py
[2023-11-11T14:58:10.776+0000] {processor.py:743} INFO - Processing file /home/airflow/.local/lib/python3.7/site-packages/airflow/example_dags/tutorial_dag.py for tasks to queue
[2023-11-11T14:58:10.777+0000] {logging_mixin.py:137} INFO - [2023-11-11T14:58:10.776+0000] {dagbag.py:538} INFO - Filling up the DagBag from /home/airflow/.local/lib/python3.7/site-packages/airflow/example_dags/tutorial_dag.py
[2023-11-11T14:58:10.785+0000] {processor.py:753} INFO - DAG(s) dict_keys(['tutorial_dag']) retrieved from /home/airflow/.local/lib/python3.7/site-packages/airflow/example_dags/tutorial_dag.py
[2023-11-11T14:58:10.799+0000] {logging_mixin.py:137} INFO - [2023-11-11T14:58:10.799+0000] {dag.py:2690} INFO - Sync 1 DAGs
[2023-11-11T14:58:10.812+0000] {logging_mixin.py:137} INFO - [2023-11-11T14:58:10.812+0000] {dag.py:3441} INFO - Setting next_dagrun for tutorial_dag to None, run_after=None
[2023-11-11T14:58:10.820+0000] {processor.py:175} INFO - Processing /home/airflow/.local/lib/python3.7/site-packages/airflow/example_dags/tutorial_dag.py took 0.047 seconds
[2023-11-11T16:22:05.048+0000] {processor.py:153} INFO - Started process (PID=96751) to work on /home/airflow/.local/lib/python3.7/site-packages/airflow/example_dags/tutorial_dag.py
[2023-11-11T16:22:05.049+0000] {processor.py:743} INFO - Processing file /home/airflow/.local/lib/python3.7/site-packages/airflow/example_dags/tutorial_dag.py for tasks to queue
[2023-11-11T16:22:05.049+0000] {logging_mixin.py:137} INFO - [2023-11-11T16:22:05.049+0000] {dagbag.py:538} INFO - Filling up the DagBag from /home/airflow/.local/lib/python3.7/site-packages/airflow/example_dags/tutorial_dag.py
[2023-11-11T16:22:05.058+0000] {processor.py:753} INFO - DAG(s) dict_keys(['tutorial_dag']) retrieved from /home/airflow/.local/lib/python3.7/site-packages/airflow/example_dags/tutorial_dag.py
[2023-11-11T16:22:05.072+0000] {logging_mixin.py:137} INFO - [2023-11-11T16:22:05.072+0000] {dag.py:2690} INFO - Sync 1 DAGs
[2023-11-11T16:22:05.084+0000] {logging_mixin.py:137} INFO - [2023-11-11T16:22:05.084+0000] {dag.py:3441} INFO - Setting next_dagrun for tutorial_dag to None, run_after=None
[2023-11-11T16:22:05.092+0000] {processor.py:175} INFO - Processing /home/airflow/.local/lib/python3.7/site-packages/airflow/example_dags/tutorial_dag.py took 0.046 seconds
[2023-11-11T17:42:31.895+0000] {processor.py:153} INFO - Started process (PID=96846) to work on /home/airflow/.local/lib/python3.7/site-packages/airflow/example_dags/tutorial_dag.py
[2023-11-11T17:42:31.896+0000] {processor.py:743} INFO - Processing file /home/airflow/.local/lib/python3.7/site-packages/airflow/example_dags/tutorial_dag.py for tasks to queue
[2023-11-11T17:42:31.896+0000] {logging_mixin.py:137} INFO - [2023-11-11T17:42:31.896+0000] {dagbag.py:538} INFO - Filling up the DagBag from /home/airflow/.local/lib/python3.7/site-packages/airflow/example_dags/tutorial_dag.py
[2023-11-11T17:42:31.905+0000] {processor.py:753} INFO - DAG(s) dict_keys(['tutorial_dag']) retrieved from /home/airflow/.local/lib/python3.7/site-packages/airflow/example_dags/tutorial_dag.py
[2023-11-11T17:42:31.919+0000] {logging_mixin.py:137} INFO - [2023-11-11T17:42:31.919+0000] {dag.py:2690} INFO - Sync 1 DAGs
[2023-11-11T17:42:31.930+0000] {logging_mixin.py:137} INFO - [2023-11-11T17:42:31.930+0000] {dag.py:3441} INFO - Setting next_dagrun for tutorial_dag to None, run_after=None
[2023-11-11T17:42:31.938+0000] {processor.py:175} INFO - Processing /home/airflow/.local/lib/python3.7/site-packages/airflow/example_dags/tutorial_dag.py took 0.045 seconds
[2023-11-11T19:02:26.641+0000] {processor.py:153} INFO - Started process (PID=96932) to work on /home/airflow/.local/lib/python3.7/site-packages/airflow/example_dags/tutorial_dag.py
[2023-11-11T19:02:26.641+0000] {processor.py:743} INFO - Processing file /home/airflow/.local/lib/python3.7/site-packages/airflow/example_dags/tutorial_dag.py for tasks to queue
[2023-11-11T19:02:26.642+0000] {logging_mixin.py:137} INFO - [2023-11-11T19:02:26.642+0000] {dagbag.py:538} INFO - Filling up the DagBag from /home/airflow/.local/lib/python3.7/site-packages/airflow/example_dags/tutorial_dag.py
[2023-11-11T19:02:26.650+0000] {processor.py:753} INFO - DAG(s) dict_keys(['tutorial_dag']) retrieved from /home/airflow/.local/lib/python3.7/site-packages/airflow/example_dags/tutorial_dag.py
[2023-11-11T19:02:26.665+0000] {logging_mixin.py:137} INFO - [2023-11-11T19:02:26.664+0000] {dag.py:2690} INFO - Sync 1 DAGs
[2023-11-11T19:02:26.677+0000] {logging_mixin.py:137} INFO - [2023-11-11T19:02:26.677+0000] {dag.py:3441} INFO - Setting next_dagrun for tutorial_dag to None, run_after=None
[2023-11-11T19:02:26.686+0000] {processor.py:175} INFO - Processing /home/airflow/.local/lib/python3.7/site-packages/airflow/example_dags/tutorial_dag.py took 0.047 seconds
[2023-11-11T20:23:33.061+0000] {processor.py:153} INFO - Started process (PID=97018) to work on /home/airflow/.local/lib/python3.7/site-packages/airflow/example_dags/tutorial_dag.py
[2023-11-11T20:23:33.062+0000] {processor.py:743} INFO - Processing file /home/airflow/.local/lib/python3.7/site-packages/airflow/example_dags/tutorial_dag.py for tasks to queue
[2023-11-11T20:23:33.062+0000] {logging_mixin.py:137} INFO - [2023-11-11T20:23:33.062+0000] {dagbag.py:538} INFO - Filling up the DagBag from /home/airflow/.local/lib/python3.7/site-packages/airflow/example_dags/tutorial_dag.py
[2023-11-11T20:23:33.071+0000] {processor.py:753} INFO - DAG(s) dict_keys(['tutorial_dag']) retrieved from /home/airflow/.local/lib/python3.7/site-packages/airflow/example_dags/tutorial_dag.py
[2023-11-11T20:23:33.085+0000] {logging_mixin.py:137} INFO - [2023-11-11T20:23:33.085+0000] {dag.py:2690} INFO - Sync 1 DAGs
[2023-11-11T20:23:33.097+0000] {logging_mixin.py:137} INFO - [2023-11-11T20:23:33.097+0000] {dag.py:3441} INFO - Setting next_dagrun for tutorial_dag to None, run_after=None
[2023-11-11T20:23:33.106+0000] {processor.py:175} INFO - Processing /home/airflow/.local/lib/python3.7/site-packages/airflow/example_dags/tutorial_dag.py took 0.046 seconds
[2023-11-11T21:41:37.869+0000] {processor.py:153} INFO - Started process (PID=97113) to work on /home/airflow/.local/lib/python3.7/site-packages/airflow/example_dags/tutorial_dag.py
[2023-11-11T21:41:37.869+0000] {processor.py:743} INFO - Processing file /home/airflow/.local/lib/python3.7/site-packages/airflow/example_dags/tutorial_dag.py for tasks to queue
[2023-11-11T21:41:37.869+0000] {logging_mixin.py:137} INFO - [2023-11-11T21:41:37.869+0000] {dagbag.py:538} INFO - Filling up the DagBag from /home/airflow/.local/lib/python3.7/site-packages/airflow/example_dags/tutorial_dag.py
[2023-11-11T21:41:37.878+0000] {processor.py:753} INFO - DAG(s) dict_keys(['tutorial_dag']) retrieved from /home/airflow/.local/lib/python3.7/site-packages/airflow/example_dags/tutorial_dag.py
[2023-11-11T21:41:37.892+0000] {logging_mixin.py:137} INFO - [2023-11-11T21:41:37.892+0000] {dag.py:2690} INFO - Sync 1 DAGs
[2023-11-11T21:41:37.904+0000] {logging_mixin.py:137} INFO - [2023-11-11T21:41:37.904+0000] {dag.py:3441} INFO - Setting next_dagrun for tutorial_dag to None, run_after=None
[2023-11-11T21:41:37.912+0000] {processor.py:175} INFO - Processing /home/airflow/.local/lib/python3.7/site-packages/airflow/example_dags/tutorial_dag.py took 0.045 seconds
[2023-11-11T23:03:58.343+0000] {processor.py:153} INFO - Started process (PID=97208) to work on /home/airflow/.local/lib/python3.7/site-packages/airflow/example_dags/tutorial_dag.py
[2023-11-11T23:03:58.344+0000] {processor.py:743} INFO - Processing file /home/airflow/.local/lib/python3.7/site-packages/airflow/example_dags/tutorial_dag.py for tasks to queue
[2023-11-11T23:03:58.344+0000] {logging_mixin.py:137} INFO - [2023-11-11T23:03:58.344+0000] {dagbag.py:538} INFO - Filling up the DagBag from /home/airflow/.local/lib/python3.7/site-packages/airflow/example_dags/tutorial_dag.py
[2023-11-11T23:03:58.353+0000] {processor.py:753} INFO - DAG(s) dict_keys(['tutorial_dag']) retrieved from /home/airflow/.local/lib/python3.7/site-packages/airflow/example_dags/tutorial_dag.py
[2023-11-11T23:03:58.367+0000] {logging_mixin.py:137} INFO - [2023-11-11T23:03:58.367+0000] {dag.py:2690} INFO - Sync 1 DAGs
[2023-11-11T23:03:58.382+0000] {logging_mixin.py:137} INFO - [2023-11-11T23:03:58.382+0000] {dag.py:3441} INFO - Setting next_dagrun for tutorial_dag to None, run_after=None
[2023-11-11T23:03:58.390+0000] {processor.py:175} INFO - Processing /home/airflow/.local/lib/python3.7/site-packages/airflow/example_dags/tutorial_dag.py took 0.049 seconds
[2023-11-11T23:59:21.874+0000] {processor.py:153} INFO - Started process (PID=97285) to work on /home/airflow/.local/lib/python3.7/site-packages/airflow/example_dags/tutorial_dag.py
[2023-11-11T23:59:21.875+0000] {processor.py:743} INFO - Processing file /home/airflow/.local/lib/python3.7/site-packages/airflow/example_dags/tutorial_dag.py for tasks to queue
[2023-11-11T23:59:21.875+0000] {logging_mixin.py:137} INFO - [2023-11-11T23:59:21.875+0000] {dagbag.py:538} INFO - Filling up the DagBag from /home/airflow/.local/lib/python3.7/site-packages/airflow/example_dags/tutorial_dag.py
[2023-11-11T23:59:21.884+0000] {processor.py:753} INFO - DAG(s) dict_keys(['tutorial_dag']) retrieved from /home/airflow/.local/lib/python3.7/site-packages/airflow/example_dags/tutorial_dag.py
[2023-11-11T23:59:21.898+0000] {logging_mixin.py:137} INFO - [2023-11-11T23:59:21.898+0000] {dag.py:2690} INFO - Sync 1 DAGs
[2023-11-11T23:59:21.910+0000] {logging_mixin.py:137} INFO - [2023-11-11T23:59:21.910+0000] {dag.py:3441} INFO - Setting next_dagrun for tutorial_dag to None, run_after=None
[2023-11-11T23:59:21.918+0000] {processor.py:175} INFO - Processing /home/airflow/.local/lib/python3.7/site-packages/airflow/example_dags/tutorial_dag.py took 0.046 seconds
