[2023-11-16T16:04:18.854+0000] {taskinstance.py:1083} INFO - Dependencies all met for <TaskInstance: consumer.read_dataset dataset_triggered__2023-11-16T16:04:17.879583+00:00 [queued]>
[2023-11-16T16:04:18.858+0000] {taskinstance.py:1083} INFO - Dependencies all met for <TaskInstance: consumer.read_dataset dataset_triggered__2023-11-16T16:04:17.879583+00:00 [queued]>
[2023-11-16T16:04:18.858+0000] {taskinstance.py:1279} INFO - 
--------------------------------------------------------------------------------
[2023-11-16T16:04:18.858+0000] {taskinstance.py:1280} INFO - Starting attempt 1 of 1
[2023-11-16T16:04:18.858+0000] {taskinstance.py:1281} INFO - 
--------------------------------------------------------------------------------
[2023-11-16T16:04:18.865+0000] {taskinstance.py:1300} INFO - Executing <Task(_PythonDecoratedOperator): read_dataset> on 2023-11-16 16:04:17.879583+00:00
[2023-11-16T16:04:18.869+0000] {standard_task_runner.py:55} INFO - Started process 37427 to run task
[2023-11-16T16:04:18.871+0000] {standard_task_runner.py:82} INFO - Running: ['***', 'tasks', 'run', 'consumer', 'read_dataset', 'dataset_triggered__2023-11-16T16:04:17.879583+00:00', '--job-id', '92', '--raw', '--subdir', 'DAGS_FOLDER/consumer.py', '--cfg-path', '/tmp/tmpbcg29u7w']
[2023-11-16T16:04:18.872+0000] {standard_task_runner.py:83} INFO - Job 92: Subtask read_dataset
[2023-11-16T16:04:18.903+0000] {task_command.py:388} INFO - Running <TaskInstance: consumer.read_dataset dataset_triggered__2023-11-16T16:04:17.879583+00:00 [running]> on host cff42873677f
[2023-11-16T16:04:18.937+0000] {taskinstance.py:1509} INFO - Exporting the following env vars:
AIRFLOW_CTX_DAG_OWNER=***
AIRFLOW_CTX_DAG_ID=consumer
AIRFLOW_CTX_TASK_ID=read_dataset
AIRFLOW_CTX_EXECUTION_DATE=2023-11-16T16:04:17.879583+00:00
AIRFLOW_CTX_TRY_NUMBER=1
AIRFLOW_CTX_DAG_RUN_ID=dataset_triggered__2023-11-16T16:04:17.879583+00:00
[2023-11-16T16:04:18.938+0000] {logging_mixin.py:137} INFO - Producer update
[2023-11-16T16:04:18.938+0000] {python.py:177} INFO - Done. Returned value was: None
[2023-11-16T16:04:18.942+0000] {taskinstance.py:1323} INFO - Marking task as SUCCESS. dag_id=consumer, task_id=read_dataset, execution_date=20231116T160417, start_date=20231116T160418, end_date=20231116T160418
[2023-11-16T16:04:18.964+0000] {local_task_job.py:208} INFO - Task exited with return code 0
[2023-11-16T16:04:18.974+0000] {taskinstance.py:2578} INFO - 0 downstream tasks scheduled from follow-on schedule check
