[2023-11-06T00:55:49.682+0000] {processor.py:153} INFO - Started process (PID=57635) to work on /home/airflow/.local/lib/python3.7/site-packages/airflow/example_dags/example_trigger_target_dag.py
[2023-11-06T00:55:49.684+0000] {processor.py:743} INFO - Processing file /home/airflow/.local/lib/python3.7/site-packages/airflow/example_dags/example_trigger_target_dag.py for tasks to queue
[2023-11-06T00:55:49.685+0000] {logging_mixin.py:137} INFO - [2023-11-06T00:55:49.685+0000] {dagbag.py:538} INFO - Filling up the DagBag from /home/airflow/.local/lib/python3.7/site-packages/airflow/example_dags/example_trigger_target_dag.py
[2023-11-06T00:55:49.723+0000] {processor.py:753} INFO - DAG(s) dict_keys(['example_trigger_target_dag']) retrieved from /home/airflow/.local/lib/python3.7/site-packages/airflow/example_dags/example_trigger_target_dag.py
[2023-11-06T00:55:49.774+0000] {logging_mixin.py:137} INFO - [2023-11-06T00:55:49.774+0000] {dag.py:2690} INFO - Sync 1 DAGs
[2023-11-06T00:55:49.828+0000] {logging_mixin.py:137} INFO - [2023-11-06T00:55:49.828+0000] {dag.py:3441} INFO - Setting next_dagrun for example_trigger_target_dag to None, run_after=None
[2023-11-06T00:55:49.868+0000] {processor.py:175} INFO - Processing /home/airflow/.local/lib/python3.7/site-packages/airflow/example_dags/example_trigger_target_dag.py took 0.194 seconds
[2023-11-06T02:12:54.749+0000] {processor.py:153} INFO - Started process (PID=57712) to work on /home/airflow/.local/lib/python3.7/site-packages/airflow/example_dags/example_trigger_target_dag.py
[2023-11-06T02:12:54.750+0000] {processor.py:743} INFO - Processing file /home/airflow/.local/lib/python3.7/site-packages/airflow/example_dags/example_trigger_target_dag.py for tasks to queue
[2023-11-06T02:12:54.750+0000] {logging_mixin.py:137} INFO - [2023-11-06T02:12:54.750+0000] {dagbag.py:538} INFO - Filling up the DagBag from /home/airflow/.local/lib/python3.7/site-packages/airflow/example_dags/example_trigger_target_dag.py
[2023-11-06T02:12:54.764+0000] {processor.py:753} INFO - DAG(s) dict_keys(['example_trigger_target_dag']) retrieved from /home/airflow/.local/lib/python3.7/site-packages/airflow/example_dags/example_trigger_target_dag.py
[2023-11-06T02:12:54.780+0000] {logging_mixin.py:137} INFO - [2023-11-06T02:12:54.780+0000] {dag.py:2690} INFO - Sync 1 DAGs
[2023-11-06T02:12:54.793+0000] {logging_mixin.py:137} INFO - [2023-11-06T02:12:54.793+0000] {dag.py:3441} INFO - Setting next_dagrun for example_trigger_target_dag to None, run_after=None
[2023-11-06T02:12:54.801+0000] {processor.py:175} INFO - Processing /home/airflow/.local/lib/python3.7/site-packages/airflow/example_dags/example_trigger_target_dag.py took 0.054 seconds
[2023-11-06T03:35:47.914+0000] {processor.py:153} INFO - Started process (PID=57807) to work on /home/airflow/.local/lib/python3.7/site-packages/airflow/example_dags/example_trigger_target_dag.py
[2023-11-06T03:35:47.915+0000] {processor.py:743} INFO - Processing file /home/airflow/.local/lib/python3.7/site-packages/airflow/example_dags/example_trigger_target_dag.py for tasks to queue
[2023-11-06T03:35:47.915+0000] {logging_mixin.py:137} INFO - [2023-11-06T03:35:47.915+0000] {dagbag.py:538} INFO - Filling up the DagBag from /home/airflow/.local/lib/python3.7/site-packages/airflow/example_dags/example_trigger_target_dag.py
[2023-11-06T03:35:47.929+0000] {processor.py:753} INFO - DAG(s) dict_keys(['example_trigger_target_dag']) retrieved from /home/airflow/.local/lib/python3.7/site-packages/airflow/example_dags/example_trigger_target_dag.py
[2023-11-06T03:35:47.947+0000] {logging_mixin.py:137} INFO - [2023-11-06T03:35:47.947+0000] {dag.py:2690} INFO - Sync 1 DAGs
[2023-11-06T03:35:47.961+0000] {logging_mixin.py:137} INFO - [2023-11-06T03:35:47.961+0000] {dag.py:3441} INFO - Setting next_dagrun for example_trigger_target_dag to None, run_after=None
[2023-11-06T03:35:47.970+0000] {processor.py:175} INFO - Processing /home/airflow/.local/lib/python3.7/site-packages/airflow/example_dags/example_trigger_target_dag.py took 0.057 seconds
[2023-11-06T04:40:19.277+0000] {processor.py:153} INFO - Started process (PID=57903) to work on /home/airflow/.local/lib/python3.7/site-packages/airflow/example_dags/example_trigger_target_dag.py
[2023-11-06T04:40:19.279+0000] {processor.py:743} INFO - Processing file /home/airflow/.local/lib/python3.7/site-packages/airflow/example_dags/example_trigger_target_dag.py for tasks to queue
[2023-11-06T04:40:19.279+0000] {logging_mixin.py:137} INFO - [2023-11-06T04:40:19.279+0000] {dagbag.py:538} INFO - Filling up the DagBag from /home/airflow/.local/lib/python3.7/site-packages/airflow/example_dags/example_trigger_target_dag.py
[2023-11-06T04:40:19.296+0000] {processor.py:753} INFO - DAG(s) dict_keys(['example_trigger_target_dag']) retrieved from /home/airflow/.local/lib/python3.7/site-packages/airflow/example_dags/example_trigger_target_dag.py
[2023-11-06T04:40:19.316+0000] {logging_mixin.py:137} INFO - [2023-11-06T04:40:19.315+0000] {dag.py:2690} INFO - Sync 1 DAGs
[2023-11-06T04:40:19.343+0000] {logging_mixin.py:137} INFO - [2023-11-06T04:40:19.343+0000] {dag.py:3441} INFO - Setting next_dagrun for example_trigger_target_dag to None, run_after=None
[2023-11-06T04:40:19.376+0000] {processor.py:175} INFO - Processing /home/airflow/.local/lib/python3.7/site-packages/airflow/example_dags/example_trigger_target_dag.py took 0.104 seconds
[2023-11-06T06:06:27.252+0000] {processor.py:153} INFO - Started process (PID=57980) to work on /home/airflow/.local/lib/python3.7/site-packages/airflow/example_dags/example_trigger_target_dag.py
[2023-11-06T06:06:27.253+0000] {processor.py:743} INFO - Processing file /home/airflow/.local/lib/python3.7/site-packages/airflow/example_dags/example_trigger_target_dag.py for tasks to queue
[2023-11-06T06:06:27.254+0000] {logging_mixin.py:137} INFO - [2023-11-06T06:06:27.253+0000] {dagbag.py:538} INFO - Filling up the DagBag from /home/airflow/.local/lib/python3.7/site-packages/airflow/example_dags/example_trigger_target_dag.py
[2023-11-06T06:06:27.273+0000] {processor.py:753} INFO - DAG(s) dict_keys(['example_trigger_target_dag']) retrieved from /home/airflow/.local/lib/python3.7/site-packages/airflow/example_dags/example_trigger_target_dag.py
[2023-11-06T06:06:27.290+0000] {logging_mixin.py:137} INFO - [2023-11-06T06:06:27.290+0000] {dag.py:2690} INFO - Sync 1 DAGs
[2023-11-06T06:06:27.303+0000] {logging_mixin.py:137} INFO - [2023-11-06T06:06:27.303+0000] {dag.py:3441} INFO - Setting next_dagrun for example_trigger_target_dag to None, run_after=None
[2023-11-06T06:06:27.330+0000] {processor.py:175} INFO - Processing /home/airflow/.local/lib/python3.7/site-packages/airflow/example_dags/example_trigger_target_dag.py took 0.080 seconds
[2023-11-06T07:31:50.306+0000] {processor.py:153} INFO - Started process (PID=58075) to work on /home/airflow/.local/lib/python3.7/site-packages/airflow/example_dags/example_trigger_target_dag.py
[2023-11-06T07:31:50.307+0000] {processor.py:743} INFO - Processing file /home/airflow/.local/lib/python3.7/site-packages/airflow/example_dags/example_trigger_target_dag.py for tasks to queue
[2023-11-06T07:31:50.309+0000] {logging_mixin.py:137} INFO - [2023-11-06T07:31:50.308+0000] {dagbag.py:538} INFO - Filling up the DagBag from /home/airflow/.local/lib/python3.7/site-packages/airflow/example_dags/example_trigger_target_dag.py
[2023-11-06T07:31:50.338+0000] {processor.py:753} INFO - DAG(s) dict_keys(['example_trigger_target_dag']) retrieved from /home/airflow/.local/lib/python3.7/site-packages/airflow/example_dags/example_trigger_target_dag.py
[2023-11-06T07:31:50.375+0000] {logging_mixin.py:137} INFO - [2023-11-06T07:31:50.375+0000] {dag.py:2690} INFO - Sync 1 DAGs
[2023-11-06T07:31:50.393+0000] {logging_mixin.py:137} INFO - [2023-11-06T07:31:50.393+0000] {dag.py:3441} INFO - Setting next_dagrun for example_trigger_target_dag to None, run_after=None
[2023-11-06T07:31:50.405+0000] {processor.py:175} INFO - Processing /home/airflow/.local/lib/python3.7/site-packages/airflow/example_dags/example_trigger_target_dag.py took 0.104 seconds
[2023-11-06T08:45:38.895+0000] {processor.py:153} INFO - Started process (PID=58152) to work on /home/airflow/.local/lib/python3.7/site-packages/airflow/example_dags/example_trigger_target_dag.py
[2023-11-06T08:45:38.896+0000] {processor.py:743} INFO - Processing file /home/airflow/.local/lib/python3.7/site-packages/airflow/example_dags/example_trigger_target_dag.py for tasks to queue
[2023-11-06T08:45:38.897+0000] {logging_mixin.py:137} INFO - [2023-11-06T08:45:38.897+0000] {dagbag.py:538} INFO - Filling up the DagBag from /home/airflow/.local/lib/python3.7/site-packages/airflow/example_dags/example_trigger_target_dag.py
[2023-11-06T08:45:38.912+0000] {processor.py:753} INFO - DAG(s) dict_keys(['example_trigger_target_dag']) retrieved from /home/airflow/.local/lib/python3.7/site-packages/airflow/example_dags/example_trigger_target_dag.py
[2023-11-06T08:45:38.928+0000] {logging_mixin.py:137} INFO - [2023-11-06T08:45:38.928+0000] {dag.py:2690} INFO - Sync 1 DAGs
[2023-11-06T08:45:38.941+0000] {logging_mixin.py:137} INFO - [2023-11-06T08:45:38.941+0000] {dag.py:3441} INFO - Setting next_dagrun for example_trigger_target_dag to None, run_after=None
[2023-11-06T08:45:38.951+0000] {processor.py:175} INFO - Processing /home/airflow/.local/lib/python3.7/site-packages/airflow/example_dags/example_trigger_target_dag.py took 0.060 seconds
[2023-11-06T10:09:12.157+0000] {processor.py:153} INFO - Started process (PID=58246) to work on /home/airflow/.local/lib/python3.7/site-packages/airflow/example_dags/example_trigger_target_dag.py
[2023-11-06T10:09:12.159+0000] {processor.py:743} INFO - Processing file /home/airflow/.local/lib/python3.7/site-packages/airflow/example_dags/example_trigger_target_dag.py for tasks to queue
[2023-11-06T10:09:12.161+0000] {logging_mixin.py:137} INFO - [2023-11-06T10:09:12.161+0000] {dagbag.py:538} INFO - Filling up the DagBag from /home/airflow/.local/lib/python3.7/site-packages/airflow/example_dags/example_trigger_target_dag.py
[2023-11-06T10:09:12.194+0000] {processor.py:753} INFO - DAG(s) dict_keys(['example_trigger_target_dag']) retrieved from /home/airflow/.local/lib/python3.7/site-packages/airflow/example_dags/example_trigger_target_dag.py
[2023-11-06T10:09:12.234+0000] {logging_mixin.py:137} INFO - [2023-11-06T10:09:12.234+0000] {dag.py:2690} INFO - Sync 1 DAGs
[2023-11-06T10:09:12.271+0000] {logging_mixin.py:137} INFO - [2023-11-06T10:09:12.271+0000] {dag.py:3441} INFO - Setting next_dagrun for example_trigger_target_dag to None, run_after=None
[2023-11-06T10:09:12.289+0000] {processor.py:175} INFO - Processing /home/airflow/.local/lib/python3.7/site-packages/airflow/example_dags/example_trigger_target_dag.py took 0.145 seconds
[2023-11-06T11:32:19.396+0000] {processor.py:153} INFO - Started process (PID=58323) to work on /home/airflow/.local/lib/python3.7/site-packages/airflow/example_dags/example_trigger_target_dag.py
[2023-11-06T11:32:19.397+0000] {processor.py:743} INFO - Processing file /home/airflow/.local/lib/python3.7/site-packages/airflow/example_dags/example_trigger_target_dag.py for tasks to queue
[2023-11-06T11:32:19.398+0000] {logging_mixin.py:137} INFO - [2023-11-06T11:32:19.398+0000] {dagbag.py:538} INFO - Filling up the DagBag from /home/airflow/.local/lib/python3.7/site-packages/airflow/example_dags/example_trigger_target_dag.py
[2023-11-06T11:32:19.416+0000] {processor.py:753} INFO - DAG(s) dict_keys(['example_trigger_target_dag']) retrieved from /home/airflow/.local/lib/python3.7/site-packages/airflow/example_dags/example_trigger_target_dag.py
[2023-11-06T11:32:19.436+0000] {logging_mixin.py:137} INFO - [2023-11-06T11:32:19.436+0000] {dag.py:2690} INFO - Sync 1 DAGs
[2023-11-06T11:32:19.453+0000] {logging_mixin.py:137} INFO - [2023-11-06T11:32:19.452+0000] {dag.py:3441} INFO - Setting next_dagrun for example_trigger_target_dag to None, run_after=None
[2023-11-06T11:32:19.465+0000] {processor.py:175} INFO - Processing /home/airflow/.local/lib/python3.7/site-packages/airflow/example_dags/example_trigger_target_dag.py took 0.073 seconds
[2023-11-06T12:55:45.588+0000] {processor.py:153} INFO - Started process (PID=58418) to work on /home/airflow/.local/lib/python3.7/site-packages/airflow/example_dags/example_trigger_target_dag.py
[2023-11-06T12:55:45.592+0000] {processor.py:743} INFO - Processing file /home/airflow/.local/lib/python3.7/site-packages/airflow/example_dags/example_trigger_target_dag.py for tasks to queue
[2023-11-06T12:55:45.595+0000] {logging_mixin.py:137} INFO - [2023-11-06T12:55:45.594+0000] {dagbag.py:538} INFO - Filling up the DagBag from /home/airflow/.local/lib/python3.7/site-packages/airflow/example_dags/example_trigger_target_dag.py
[2023-11-06T12:55:45.634+0000] {processor.py:753} INFO - DAG(s) dict_keys(['example_trigger_target_dag']) retrieved from /home/airflow/.local/lib/python3.7/site-packages/airflow/example_dags/example_trigger_target_dag.py
[2023-11-06T12:55:45.679+0000] {logging_mixin.py:137} INFO - [2023-11-06T12:55:45.679+0000] {dag.py:2690} INFO - Sync 1 DAGs
[2023-11-06T12:55:45.700+0000] {logging_mixin.py:137} INFO - [2023-11-06T12:55:45.700+0000] {dag.py:3441} INFO - Setting next_dagrun for example_trigger_target_dag to None, run_after=None
[2023-11-06T12:55:45.713+0000] {processor.py:175} INFO - Processing /home/airflow/.local/lib/python3.7/site-packages/airflow/example_dags/example_trigger_target_dag.py took 0.130 seconds
[2023-11-06T14:06:52.074+0000] {processor.py:153} INFO - Started process (PID=58513) to work on /home/airflow/.local/lib/python3.7/site-packages/airflow/example_dags/example_trigger_target_dag.py
[2023-11-06T14:06:52.075+0000] {processor.py:743} INFO - Processing file /home/airflow/.local/lib/python3.7/site-packages/airflow/example_dags/example_trigger_target_dag.py for tasks to queue
[2023-11-06T14:06:52.076+0000] {logging_mixin.py:137} INFO - [2023-11-06T14:06:52.075+0000] {dagbag.py:538} INFO - Filling up the DagBag from /home/airflow/.local/lib/python3.7/site-packages/airflow/example_dags/example_trigger_target_dag.py
[2023-11-06T14:06:52.094+0000] {processor.py:753} INFO - DAG(s) dict_keys(['example_trigger_target_dag']) retrieved from /home/airflow/.local/lib/python3.7/site-packages/airflow/example_dags/example_trigger_target_dag.py
[2023-11-06T14:06:52.152+0000] {logging_mixin.py:137} INFO - [2023-11-06T14:06:52.152+0000] {dag.py:2690} INFO - Sync 1 DAGs
[2023-11-06T14:06:52.176+0000] {logging_mixin.py:137} INFO - [2023-11-06T14:06:52.175+0000] {dag.py:3441} INFO - Setting next_dagrun for example_trigger_target_dag to None, run_after=None
[2023-11-06T14:06:52.190+0000] {processor.py:175} INFO - Processing /home/airflow/.local/lib/python3.7/site-packages/airflow/example_dags/example_trigger_target_dag.py took 0.118 seconds
[2023-11-06T15:27:50.131+0000] {processor.py:153} INFO - Started process (PID=58590) to work on /home/airflow/.local/lib/python3.7/site-packages/airflow/example_dags/example_trigger_target_dag.py
[2023-11-06T15:27:50.132+0000] {processor.py:743} INFO - Processing file /home/airflow/.local/lib/python3.7/site-packages/airflow/example_dags/example_trigger_target_dag.py for tasks to queue
[2023-11-06T15:27:50.133+0000] {logging_mixin.py:137} INFO - [2023-11-06T15:27:50.133+0000] {dagbag.py:538} INFO - Filling up the DagBag from /home/airflow/.local/lib/python3.7/site-packages/airflow/example_dags/example_trigger_target_dag.py
[2023-11-06T15:27:50.157+0000] {processor.py:753} INFO - DAG(s) dict_keys(['example_trigger_target_dag']) retrieved from /home/airflow/.local/lib/python3.7/site-packages/airflow/example_dags/example_trigger_target_dag.py
[2023-11-06T15:27:50.181+0000] {logging_mixin.py:137} INFO - [2023-11-06T15:27:50.181+0000] {dag.py:2690} INFO - Sync 1 DAGs
[2023-11-06T15:27:50.205+0000] {logging_mixin.py:137} INFO - [2023-11-06T15:27:50.205+0000] {dag.py:3441} INFO - Setting next_dagrun for example_trigger_target_dag to None, run_after=None
[2023-11-06T15:27:50.223+0000] {processor.py:175} INFO - Processing /home/airflow/.local/lib/python3.7/site-packages/airflow/example_dags/example_trigger_target_dag.py took 0.096 seconds
[2023-11-06T16:20:05.173+0000] {processor.py:153} INFO - Started process (PID=58685) to work on /home/airflow/.local/lib/python3.7/site-packages/airflow/example_dags/example_trigger_target_dag.py
[2023-11-06T16:20:05.178+0000] {processor.py:743} INFO - Processing file /home/airflow/.local/lib/python3.7/site-packages/airflow/example_dags/example_trigger_target_dag.py for tasks to queue
[2023-11-06T16:20:05.180+0000] {logging_mixin.py:137} INFO - [2023-11-06T16:20:05.180+0000] {dagbag.py:538} INFO - Filling up the DagBag from /home/airflow/.local/lib/python3.7/site-packages/airflow/example_dags/example_trigger_target_dag.py
[2023-11-06T16:20:05.206+0000] {processor.py:753} INFO - DAG(s) dict_keys(['example_trigger_target_dag']) retrieved from /home/airflow/.local/lib/python3.7/site-packages/airflow/example_dags/example_trigger_target_dag.py
[2023-11-06T16:20:05.226+0000] {logging_mixin.py:137} INFO - [2023-11-06T16:20:05.226+0000] {dag.py:2690} INFO - Sync 1 DAGs
[2023-11-06T16:20:05.240+0000] {logging_mixin.py:137} INFO - [2023-11-06T16:20:05.240+0000] {dag.py:3441} INFO - Setting next_dagrun for example_trigger_target_dag to None, run_after=None
[2023-11-06T16:20:05.250+0000] {processor.py:175} INFO - Processing /home/airflow/.local/lib/python3.7/site-packages/airflow/example_dags/example_trigger_target_dag.py took 0.083 seconds
[2023-11-06T17:25:16.370+0000] {processor.py:153} INFO - Started process (PID=58762) to work on /home/airflow/.local/lib/python3.7/site-packages/airflow/example_dags/example_trigger_target_dag.py
[2023-11-06T17:25:16.371+0000] {processor.py:743} INFO - Processing file /home/airflow/.local/lib/python3.7/site-packages/airflow/example_dags/example_trigger_target_dag.py for tasks to queue
[2023-11-06T17:25:16.371+0000] {logging_mixin.py:137} INFO - [2023-11-06T17:25:16.371+0000] {dagbag.py:538} INFO - Filling up the DagBag from /home/airflow/.local/lib/python3.7/site-packages/airflow/example_dags/example_trigger_target_dag.py
[2023-11-06T17:25:16.390+0000] {processor.py:753} INFO - DAG(s) dict_keys(['example_trigger_target_dag']) retrieved from /home/airflow/.local/lib/python3.7/site-packages/airflow/example_dags/example_trigger_target_dag.py
[2023-11-06T17:25:16.410+0000] {logging_mixin.py:137} INFO - [2023-11-06T17:25:16.410+0000] {dag.py:2690} INFO - Sync 1 DAGs
[2023-11-06T17:25:16.435+0000] {logging_mixin.py:137} INFO - [2023-11-06T17:25:16.435+0000] {dag.py:3441} INFO - Setting next_dagrun for example_trigger_target_dag to None, run_after=None
[2023-11-06T17:25:16.472+0000] {processor.py:175} INFO - Processing /home/airflow/.local/lib/python3.7/site-packages/airflow/example_dags/example_trigger_target_dag.py took 0.106 seconds
[2023-11-06T18:48:29.816+0000] {processor.py:153} INFO - Started process (PID=58857) to work on /home/airflow/.local/lib/python3.7/site-packages/airflow/example_dags/example_trigger_target_dag.py
[2023-11-06T18:48:29.817+0000] {processor.py:743} INFO - Processing file /home/airflow/.local/lib/python3.7/site-packages/airflow/example_dags/example_trigger_target_dag.py for tasks to queue
[2023-11-06T18:48:29.817+0000] {logging_mixin.py:137} INFO - [2023-11-06T18:48:29.817+0000] {dagbag.py:538} INFO - Filling up the DagBag from /home/airflow/.local/lib/python3.7/site-packages/airflow/example_dags/example_trigger_target_dag.py
[2023-11-06T18:48:29.831+0000] {processor.py:753} INFO - DAG(s) dict_keys(['example_trigger_target_dag']) retrieved from /home/airflow/.local/lib/python3.7/site-packages/airflow/example_dags/example_trigger_target_dag.py
[2023-11-06T18:48:29.848+0000] {logging_mixin.py:137} INFO - [2023-11-06T18:48:29.847+0000] {dag.py:2690} INFO - Sync 1 DAGs
[2023-11-06T18:48:29.864+0000] {logging_mixin.py:137} INFO - [2023-11-06T18:48:29.864+0000] {dag.py:3441} INFO - Setting next_dagrun for example_trigger_target_dag to None, run_after=None
[2023-11-06T18:48:29.874+0000] {processor.py:175} INFO - Processing /home/airflow/.local/lib/python3.7/site-packages/airflow/example_dags/example_trigger_target_dag.py took 0.060 seconds
[2023-11-06T20:11:09.148+0000] {processor.py:153} INFO - Started process (PID=58934) to work on /home/airflow/.local/lib/python3.7/site-packages/airflow/example_dags/example_trigger_target_dag.py
[2023-11-06T20:11:09.150+0000] {processor.py:743} INFO - Processing file /home/airflow/.local/lib/python3.7/site-packages/airflow/example_dags/example_trigger_target_dag.py for tasks to queue
[2023-11-06T20:11:09.151+0000] {logging_mixin.py:137} INFO - [2023-11-06T20:11:09.151+0000] {dagbag.py:538} INFO - Filling up the DagBag from /home/airflow/.local/lib/python3.7/site-packages/airflow/example_dags/example_trigger_target_dag.py
[2023-11-06T20:11:09.194+0000] {processor.py:753} INFO - DAG(s) dict_keys(['example_trigger_target_dag']) retrieved from /home/airflow/.local/lib/python3.7/site-packages/airflow/example_dags/example_trigger_target_dag.py
[2023-11-06T20:11:09.230+0000] {logging_mixin.py:137} INFO - [2023-11-06T20:11:09.230+0000] {dag.py:2690} INFO - Sync 1 DAGs
[2023-11-06T20:11:09.268+0000] {logging_mixin.py:137} INFO - [2023-11-06T20:11:09.268+0000] {dag.py:3441} INFO - Setting next_dagrun for example_trigger_target_dag to None, run_after=None
[2023-11-06T20:11:09.281+0000] {processor.py:175} INFO - Processing /home/airflow/.local/lib/python3.7/site-packages/airflow/example_dags/example_trigger_target_dag.py took 0.138 seconds
[2023-11-06T20:37:33.393+0000] {processor.py:153} INFO - Started process (PID=59029) to work on /home/airflow/.local/lib/python3.7/site-packages/airflow/example_dags/example_trigger_target_dag.py
[2023-11-06T20:37:33.394+0000] {processor.py:743} INFO - Processing file /home/airflow/.local/lib/python3.7/site-packages/airflow/example_dags/example_trigger_target_dag.py for tasks to queue
[2023-11-06T20:37:33.394+0000] {logging_mixin.py:137} INFO - [2023-11-06T20:37:33.394+0000] {dagbag.py:538} INFO - Filling up the DagBag from /home/airflow/.local/lib/python3.7/site-packages/airflow/example_dags/example_trigger_target_dag.py
[2023-11-06T20:37:33.409+0000] {processor.py:753} INFO - DAG(s) dict_keys(['example_trigger_target_dag']) retrieved from /home/airflow/.local/lib/python3.7/site-packages/airflow/example_dags/example_trigger_target_dag.py
[2023-11-06T20:37:33.424+0000] {logging_mixin.py:137} INFO - [2023-11-06T20:37:33.424+0000] {dag.py:2690} INFO - Sync 1 DAGs
[2023-11-06T20:37:33.438+0000] {logging_mixin.py:137} INFO - [2023-11-06T20:37:33.438+0000] {dag.py:3441} INFO - Setting next_dagrun for example_trigger_target_dag to None, run_after=None
[2023-11-06T20:37:33.447+0000] {processor.py:175} INFO - Processing /home/airflow/.local/lib/python3.7/site-packages/airflow/example_dags/example_trigger_target_dag.py took 0.055 seconds
[2023-11-06T20:40:44.611+0000] {processor.py:153} INFO - Started process (PID=59124) to work on /home/airflow/.local/lib/python3.7/site-packages/airflow/example_dags/example_trigger_target_dag.py
[2023-11-06T20:40:44.614+0000] {processor.py:743} INFO - Processing file /home/airflow/.local/lib/python3.7/site-packages/airflow/example_dags/example_trigger_target_dag.py for tasks to queue
[2023-11-06T20:40:44.616+0000] {logging_mixin.py:137} INFO - [2023-11-06T20:40:44.615+0000] {dagbag.py:538} INFO - Filling up the DagBag from /home/airflow/.local/lib/python3.7/site-packages/airflow/example_dags/example_trigger_target_dag.py
[2023-11-06T20:40:44.659+0000] {processor.py:753} INFO - DAG(s) dict_keys(['example_trigger_target_dag']) retrieved from /home/airflow/.local/lib/python3.7/site-packages/airflow/example_dags/example_trigger_target_dag.py
[2023-11-06T20:40:44.683+0000] {logging_mixin.py:137} INFO - [2023-11-06T20:40:44.683+0000] {dag.py:2690} INFO - Sync 1 DAGs
[2023-11-06T20:40:44.703+0000] {logging_mixin.py:137} INFO - [2023-11-06T20:40:44.703+0000] {dag.py:3441} INFO - Setting next_dagrun for example_trigger_target_dag to None, run_after=None
[2023-11-06T20:40:44.722+0000] {processor.py:175} INFO - Processing /home/airflow/.local/lib/python3.7/site-packages/airflow/example_dags/example_trigger_target_dag.py took 0.118 seconds
[2023-11-06T20:43:31.223+0000] {processor.py:153} INFO - Started process (PID=59201) to work on /home/airflow/.local/lib/python3.7/site-packages/airflow/example_dags/example_trigger_target_dag.py
[2023-11-06T20:43:31.224+0000] {processor.py:743} INFO - Processing file /home/airflow/.local/lib/python3.7/site-packages/airflow/example_dags/example_trigger_target_dag.py for tasks to queue
[2023-11-06T20:43:31.225+0000] {logging_mixin.py:137} INFO - [2023-11-06T20:43:31.225+0000] {dagbag.py:538} INFO - Filling up the DagBag from /home/airflow/.local/lib/python3.7/site-packages/airflow/example_dags/example_trigger_target_dag.py
[2023-11-06T20:43:31.244+0000] {processor.py:753} INFO - DAG(s) dict_keys(['example_trigger_target_dag']) retrieved from /home/airflow/.local/lib/python3.7/site-packages/airflow/example_dags/example_trigger_target_dag.py
[2023-11-06T20:43:31.275+0000] {logging_mixin.py:137} INFO - [2023-11-06T20:43:31.274+0000] {dag.py:2690} INFO - Sync 1 DAGs
[2023-11-06T20:43:31.294+0000] {logging_mixin.py:137} INFO - [2023-11-06T20:43:31.294+0000] {dag.py:3441} INFO - Setting next_dagrun for example_trigger_target_dag to None, run_after=None
[2023-11-06T20:43:31.308+0000] {processor.py:175} INFO - Processing /home/airflow/.local/lib/python3.7/site-packages/airflow/example_dags/example_trigger_target_dag.py took 0.088 seconds
[2023-11-06T20:47:11.490+0000] {processor.py:153} INFO - Started process (PID=59296) to work on /home/airflow/.local/lib/python3.7/site-packages/airflow/example_dags/example_trigger_target_dag.py
[2023-11-06T20:47:11.492+0000] {processor.py:743} INFO - Processing file /home/airflow/.local/lib/python3.7/site-packages/airflow/example_dags/example_trigger_target_dag.py for tasks to queue
[2023-11-06T20:47:11.493+0000] {logging_mixin.py:137} INFO - [2023-11-06T20:47:11.493+0000] {dagbag.py:538} INFO - Filling up the DagBag from /home/airflow/.local/lib/python3.7/site-packages/airflow/example_dags/example_trigger_target_dag.py
[2023-11-06T20:47:11.518+0000] {processor.py:753} INFO - DAG(s) dict_keys(['example_trigger_target_dag']) retrieved from /home/airflow/.local/lib/python3.7/site-packages/airflow/example_dags/example_trigger_target_dag.py
[2023-11-06T20:47:11.574+0000] {logging_mixin.py:137} INFO - [2023-11-06T20:47:11.574+0000] {dag.py:2690} INFO - Sync 1 DAGs
[2023-11-06T20:47:11.591+0000] {logging_mixin.py:137} INFO - [2023-11-06T20:47:11.591+0000] {dag.py:3441} INFO - Setting next_dagrun for example_trigger_target_dag to None, run_after=None
[2023-11-06T20:47:11.603+0000] {processor.py:175} INFO - Processing /home/airflow/.local/lib/python3.7/site-packages/airflow/example_dags/example_trigger_target_dag.py took 0.118 seconds
[2023-11-06T20:50:51.959+0000] {processor.py:153} INFO - Started process (PID=59391) to work on /home/airflow/.local/lib/python3.7/site-packages/airflow/example_dags/example_trigger_target_dag.py
[2023-11-06T20:50:51.967+0000] {processor.py:743} INFO - Processing file /home/airflow/.local/lib/python3.7/site-packages/airflow/example_dags/example_trigger_target_dag.py for tasks to queue
[2023-11-06T20:50:51.973+0000] {logging_mixin.py:137} INFO - [2023-11-06T20:50:51.973+0000] {dagbag.py:538} INFO - Filling up the DagBag from /home/airflow/.local/lib/python3.7/site-packages/airflow/example_dags/example_trigger_target_dag.py
[2023-11-06T20:50:51.989+0000] {processor.py:753} INFO - DAG(s) dict_keys(['example_trigger_target_dag']) retrieved from /home/airflow/.local/lib/python3.7/site-packages/airflow/example_dags/example_trigger_target_dag.py
[2023-11-06T20:50:52.004+0000] {logging_mixin.py:137} INFO - [2023-11-06T20:50:52.004+0000] {dag.py:2690} INFO - Sync 1 DAGs
[2023-11-06T20:50:52.015+0000] {logging_mixin.py:137} INFO - [2023-11-06T20:50:52.015+0000] {dag.py:3441} INFO - Setting next_dagrun for example_trigger_target_dag to None, run_after=None
[2023-11-06T20:50:52.025+0000] {processor.py:175} INFO - Processing /home/airflow/.local/lib/python3.7/site-packages/airflow/example_dags/example_trigger_target_dag.py took 0.069 seconds
[2023-11-06T20:54:23.416+0000] {processor.py:153} INFO - Started process (PID=59468) to work on /home/airflow/.local/lib/python3.7/site-packages/airflow/example_dags/example_trigger_target_dag.py
[2023-11-06T20:54:23.416+0000] {processor.py:743} INFO - Processing file /home/airflow/.local/lib/python3.7/site-packages/airflow/example_dags/example_trigger_target_dag.py for tasks to queue
[2023-11-06T20:54:23.417+0000] {logging_mixin.py:137} INFO - [2023-11-06T20:54:23.417+0000] {dagbag.py:538} INFO - Filling up the DagBag from /home/airflow/.local/lib/python3.7/site-packages/airflow/example_dags/example_trigger_target_dag.py
[2023-11-06T20:54:23.430+0000] {processor.py:753} INFO - DAG(s) dict_keys(['example_trigger_target_dag']) retrieved from /home/airflow/.local/lib/python3.7/site-packages/airflow/example_dags/example_trigger_target_dag.py
[2023-11-06T20:54:23.445+0000] {logging_mixin.py:137} INFO - [2023-11-06T20:54:23.445+0000] {dag.py:2690} INFO - Sync 1 DAGs
[2023-11-06T20:54:23.458+0000] {logging_mixin.py:137} INFO - [2023-11-06T20:54:23.458+0000] {dag.py:3441} INFO - Setting next_dagrun for example_trigger_target_dag to None, run_after=None
[2023-11-06T20:54:23.468+0000] {processor.py:175} INFO - Processing /home/airflow/.local/lib/python3.7/site-packages/airflow/example_dags/example_trigger_target_dag.py took 0.054 seconds
[2023-11-06T20:58:37.442+0000] {processor.py:153} INFO - Started process (PID=59563) to work on /home/airflow/.local/lib/python3.7/site-packages/airflow/example_dags/example_trigger_target_dag.py
[2023-11-06T20:58:37.443+0000] {processor.py:743} INFO - Processing file /home/airflow/.local/lib/python3.7/site-packages/airflow/example_dags/example_trigger_target_dag.py for tasks to queue
[2023-11-06T20:58:37.443+0000] {logging_mixin.py:137} INFO - [2023-11-06T20:58:37.443+0000] {dagbag.py:538} INFO - Filling up the DagBag from /home/airflow/.local/lib/python3.7/site-packages/airflow/example_dags/example_trigger_target_dag.py
[2023-11-06T20:58:37.465+0000] {processor.py:753} INFO - DAG(s) dict_keys(['example_trigger_target_dag']) retrieved from /home/airflow/.local/lib/python3.7/site-packages/airflow/example_dags/example_trigger_target_dag.py
[2023-11-06T20:58:37.483+0000] {logging_mixin.py:137} INFO - [2023-11-06T20:58:37.483+0000] {dag.py:2690} INFO - Sync 1 DAGs
[2023-11-06T20:58:37.496+0000] {logging_mixin.py:137} INFO - [2023-11-06T20:58:37.496+0000] {dag.py:3441} INFO - Setting next_dagrun for example_trigger_target_dag to None, run_after=None
[2023-11-06T20:58:37.505+0000] {processor.py:175} INFO - Processing /home/airflow/.local/lib/python3.7/site-packages/airflow/example_dags/example_trigger_target_dag.py took 0.067 seconds
[2023-11-06T21:02:19.339+0000] {processor.py:153} INFO - Started process (PID=59647) to work on /home/airflow/.local/lib/python3.7/site-packages/airflow/example_dags/example_trigger_target_dag.py
[2023-11-06T21:02:19.340+0000] {processor.py:743} INFO - Processing file /home/airflow/.local/lib/python3.7/site-packages/airflow/example_dags/example_trigger_target_dag.py for tasks to queue
[2023-11-06T21:02:19.343+0000] {logging_mixin.py:137} INFO - [2023-11-06T21:02:19.343+0000] {dagbag.py:538} INFO - Filling up the DagBag from /home/airflow/.local/lib/python3.7/site-packages/airflow/example_dags/example_trigger_target_dag.py
[2023-11-06T21:02:19.378+0000] {processor.py:753} INFO - DAG(s) dict_keys(['example_trigger_target_dag']) retrieved from /home/airflow/.local/lib/python3.7/site-packages/airflow/example_dags/example_trigger_target_dag.py
[2023-11-06T21:02:19.414+0000] {logging_mixin.py:137} INFO - [2023-11-06T21:02:19.414+0000] {dag.py:2690} INFO - Sync 1 DAGs
[2023-11-06T21:02:19.450+0000] {logging_mixin.py:137} INFO - [2023-11-06T21:02:19.450+0000] {dag.py:3441} INFO - Setting next_dagrun for example_trigger_target_dag to None, run_after=None
[2023-11-06T21:02:19.480+0000] {processor.py:175} INFO - Processing /home/airflow/.local/lib/python3.7/site-packages/airflow/example_dags/example_trigger_target_dag.py took 0.147 seconds
[2023-11-06T21:05:59.407+0000] {processor.py:153} INFO - Started process (PID=59735) to work on /home/airflow/.local/lib/python3.7/site-packages/airflow/example_dags/example_trigger_target_dag.py
[2023-11-06T21:05:59.409+0000] {processor.py:743} INFO - Processing file /home/airflow/.local/lib/python3.7/site-packages/airflow/example_dags/example_trigger_target_dag.py for tasks to queue
[2023-11-06T21:05:59.410+0000] {logging_mixin.py:137} INFO - [2023-11-06T21:05:59.410+0000] {dagbag.py:538} INFO - Filling up the DagBag from /home/airflow/.local/lib/python3.7/site-packages/airflow/example_dags/example_trigger_target_dag.py
[2023-11-06T21:05:59.428+0000] {processor.py:753} INFO - DAG(s) dict_keys(['example_trigger_target_dag']) retrieved from /home/airflow/.local/lib/python3.7/site-packages/airflow/example_dags/example_trigger_target_dag.py
[2023-11-06T21:05:59.467+0000] {logging_mixin.py:137} INFO - [2023-11-06T21:05:59.467+0000] {dag.py:2690} INFO - Sync 1 DAGs
[2023-11-06T21:05:59.482+0000] {logging_mixin.py:137} INFO - [2023-11-06T21:05:59.482+0000] {dag.py:3441} INFO - Setting next_dagrun for example_trigger_target_dag to None, run_after=None
[2023-11-06T21:05:59.493+0000] {processor.py:175} INFO - Processing /home/airflow/.local/lib/python3.7/site-packages/airflow/example_dags/example_trigger_target_dag.py took 0.090 seconds
[2023-11-06T21:09:39.146+0000] {processor.py:153} INFO - Started process (PID=59830) to work on /home/airflow/.local/lib/python3.7/site-packages/airflow/example_dags/example_trigger_target_dag.py
[2023-11-06T21:09:39.148+0000] {processor.py:743} INFO - Processing file /home/airflow/.local/lib/python3.7/site-packages/airflow/example_dags/example_trigger_target_dag.py for tasks to queue
[2023-11-06T21:09:39.148+0000] {logging_mixin.py:137} INFO - [2023-11-06T21:09:39.148+0000] {dagbag.py:538} INFO - Filling up the DagBag from /home/airflow/.local/lib/python3.7/site-packages/airflow/example_dags/example_trigger_target_dag.py
[2023-11-06T21:09:39.169+0000] {processor.py:753} INFO - DAG(s) dict_keys(['example_trigger_target_dag']) retrieved from /home/airflow/.local/lib/python3.7/site-packages/airflow/example_dags/example_trigger_target_dag.py
[2023-11-06T21:09:39.207+0000] {logging_mixin.py:137} INFO - [2023-11-06T21:09:39.207+0000] {dag.py:2690} INFO - Sync 1 DAGs
[2023-11-06T21:09:39.222+0000] {logging_mixin.py:137} INFO - [2023-11-06T21:09:39.222+0000] {dag.py:3441} INFO - Setting next_dagrun for example_trigger_target_dag to None, run_after=None
[2023-11-06T21:09:39.234+0000] {processor.py:175} INFO - Processing /home/airflow/.local/lib/python3.7/site-packages/airflow/example_dags/example_trigger_target_dag.py took 0.092 seconds
[2023-11-06T21:13:18.900+0000] {processor.py:153} INFO - Started process (PID=59907) to work on /home/airflow/.local/lib/python3.7/site-packages/airflow/example_dags/example_trigger_target_dag.py
[2023-11-06T21:13:18.901+0000] {processor.py:743} INFO - Processing file /home/airflow/.local/lib/python3.7/site-packages/airflow/example_dags/example_trigger_target_dag.py for tasks to queue
[2023-11-06T21:13:18.901+0000] {logging_mixin.py:137} INFO - [2023-11-06T21:13:18.901+0000] {dagbag.py:538} INFO - Filling up the DagBag from /home/airflow/.local/lib/python3.7/site-packages/airflow/example_dags/example_trigger_target_dag.py
[2023-11-06T21:13:18.915+0000] {processor.py:753} INFO - DAG(s) dict_keys(['example_trigger_target_dag']) retrieved from /home/airflow/.local/lib/python3.7/site-packages/airflow/example_dags/example_trigger_target_dag.py
[2023-11-06T21:13:18.931+0000] {logging_mixin.py:137} INFO - [2023-11-06T21:13:18.930+0000] {dag.py:2690} INFO - Sync 1 DAGs
[2023-11-06T21:13:18.944+0000] {logging_mixin.py:137} INFO - [2023-11-06T21:13:18.944+0000] {dag.py:3441} INFO - Setting next_dagrun for example_trigger_target_dag to None, run_after=None
[2023-11-06T21:13:18.954+0000] {processor.py:175} INFO - Processing /home/airflow/.local/lib/python3.7/site-packages/airflow/example_dags/example_trigger_target_dag.py took 0.056 seconds
[2023-11-06T21:17:00.644+0000] {processor.py:153} INFO - Started process (PID=60002) to work on /home/airflow/.local/lib/python3.7/site-packages/airflow/example_dags/example_trigger_target_dag.py
[2023-11-06T21:17:00.646+0000] {processor.py:743} INFO - Processing file /home/airflow/.local/lib/python3.7/site-packages/airflow/example_dags/example_trigger_target_dag.py for tasks to queue
[2023-11-06T21:17:00.648+0000] {logging_mixin.py:137} INFO - [2023-11-06T21:17:00.648+0000] {dagbag.py:538} INFO - Filling up the DagBag from /home/airflow/.local/lib/python3.7/site-packages/airflow/example_dags/example_trigger_target_dag.py
[2023-11-06T21:17:00.685+0000] {processor.py:753} INFO - DAG(s) dict_keys(['example_trigger_target_dag']) retrieved from /home/airflow/.local/lib/python3.7/site-packages/airflow/example_dags/example_trigger_target_dag.py
[2023-11-06T21:17:00.725+0000] {logging_mixin.py:137} INFO - [2023-11-06T21:17:00.725+0000] {dag.py:2690} INFO - Sync 1 DAGs
[2023-11-06T21:17:00.750+0000] {logging_mixin.py:137} INFO - [2023-11-06T21:17:00.750+0000] {dag.py:3441} INFO - Setting next_dagrun for example_trigger_target_dag to None, run_after=None
[2023-11-06T21:17:00.765+0000] {processor.py:175} INFO - Processing /home/airflow/.local/lib/python3.7/site-packages/airflow/example_dags/example_trigger_target_dag.py took 0.127 seconds
[2023-11-06T21:20:40.417+0000] {processor.py:153} INFO - Started process (PID=60097) to work on /home/airflow/.local/lib/python3.7/site-packages/airflow/example_dags/example_trigger_target_dag.py
[2023-11-06T21:20:40.420+0000] {processor.py:743} INFO - Processing file /home/airflow/.local/lib/python3.7/site-packages/airflow/example_dags/example_trigger_target_dag.py for tasks to queue
[2023-11-06T21:20:40.421+0000] {logging_mixin.py:137} INFO - [2023-11-06T21:20:40.421+0000] {dagbag.py:538} INFO - Filling up the DagBag from /home/airflow/.local/lib/python3.7/site-packages/airflow/example_dags/example_trigger_target_dag.py
[2023-11-06T21:20:40.449+0000] {processor.py:753} INFO - DAG(s) dict_keys(['example_trigger_target_dag']) retrieved from /home/airflow/.local/lib/python3.7/site-packages/airflow/example_dags/example_trigger_target_dag.py
[2023-11-06T21:20:40.493+0000] {logging_mixin.py:137} INFO - [2023-11-06T21:20:40.493+0000] {dag.py:2690} INFO - Sync 1 DAGs
[2023-11-06T21:20:40.523+0000] {logging_mixin.py:137} INFO - [2023-11-06T21:20:40.523+0000] {dag.py:3441} INFO - Setting next_dagrun for example_trigger_target_dag to None, run_after=None
[2023-11-06T21:20:40.553+0000] {processor.py:175} INFO - Processing /home/airflow/.local/lib/python3.7/site-packages/airflow/example_dags/example_trigger_target_dag.py took 0.140 seconds
[2023-11-06T21:24:20.648+0000] {processor.py:153} INFO - Started process (PID=60174) to work on /home/airflow/.local/lib/python3.7/site-packages/airflow/example_dags/example_trigger_target_dag.py
[2023-11-06T21:24:20.649+0000] {processor.py:743} INFO - Processing file /home/airflow/.local/lib/python3.7/site-packages/airflow/example_dags/example_trigger_target_dag.py for tasks to queue
[2023-11-06T21:24:20.650+0000] {logging_mixin.py:137} INFO - [2023-11-06T21:24:20.650+0000] {dagbag.py:538} INFO - Filling up the DagBag from /home/airflow/.local/lib/python3.7/site-packages/airflow/example_dags/example_trigger_target_dag.py
[2023-11-06T21:24:20.671+0000] {processor.py:753} INFO - DAG(s) dict_keys(['example_trigger_target_dag']) retrieved from /home/airflow/.local/lib/python3.7/site-packages/airflow/example_dags/example_trigger_target_dag.py
[2023-11-06T21:24:20.693+0000] {logging_mixin.py:137} INFO - [2023-11-06T21:24:20.693+0000] {dag.py:2690} INFO - Sync 1 DAGs
[2023-11-06T21:24:20.712+0000] {logging_mixin.py:137} INFO - [2023-11-06T21:24:20.712+0000] {dag.py:3441} INFO - Setting next_dagrun for example_trigger_target_dag to None, run_after=None
[2023-11-06T21:24:20.726+0000] {processor.py:175} INFO - Processing /home/airflow/.local/lib/python3.7/site-packages/airflow/example_dags/example_trigger_target_dag.py took 0.081 seconds
[2023-11-06T21:28:00.994+0000] {processor.py:153} INFO - Started process (PID=60269) to work on /home/airflow/.local/lib/python3.7/site-packages/airflow/example_dags/example_trigger_target_dag.py
[2023-11-06T21:28:01.005+0000] {processor.py:743} INFO - Processing file /home/airflow/.local/lib/python3.7/site-packages/airflow/example_dags/example_trigger_target_dag.py for tasks to queue
[2023-11-06T21:28:01.006+0000] {logging_mixin.py:137} INFO - [2023-11-06T21:28:01.006+0000] {dagbag.py:538} INFO - Filling up the DagBag from /home/airflow/.local/lib/python3.7/site-packages/airflow/example_dags/example_trigger_target_dag.py
[2023-11-06T21:28:01.031+0000] {processor.py:753} INFO - DAG(s) dict_keys(['example_trigger_target_dag']) retrieved from /home/airflow/.local/lib/python3.7/site-packages/airflow/example_dags/example_trigger_target_dag.py
[2023-11-06T21:28:01.081+0000] {logging_mixin.py:137} INFO - [2023-11-06T21:28:01.081+0000] {dag.py:2690} INFO - Sync 1 DAGs
[2023-11-06T21:28:01.122+0000] {logging_mixin.py:137} INFO - [2023-11-06T21:28:01.122+0000] {dag.py:3441} INFO - Setting next_dagrun for example_trigger_target_dag to None, run_after=None
[2023-11-06T21:28:01.145+0000] {processor.py:175} INFO - Processing /home/airflow/.local/lib/python3.7/site-packages/airflow/example_dags/example_trigger_target_dag.py took 0.157 seconds
[2023-11-06T21:30:53.119+0000] {processor.py:153} INFO - Started process (PID=60346) to work on /home/airflow/.local/lib/python3.7/site-packages/airflow/example_dags/example_trigger_target_dag.py
[2023-11-06T21:30:53.120+0000] {processor.py:743} INFO - Processing file /home/airflow/.local/lib/python3.7/site-packages/airflow/example_dags/example_trigger_target_dag.py for tasks to queue
[2023-11-06T21:30:53.121+0000] {logging_mixin.py:137} INFO - [2023-11-06T21:30:53.121+0000] {dagbag.py:538} INFO - Filling up the DagBag from /home/airflow/.local/lib/python3.7/site-packages/airflow/example_dags/example_trigger_target_dag.py
[2023-11-06T21:30:53.137+0000] {processor.py:753} INFO - DAG(s) dict_keys(['example_trigger_target_dag']) retrieved from /home/airflow/.local/lib/python3.7/site-packages/airflow/example_dags/example_trigger_target_dag.py
[2023-11-06T21:30:53.152+0000] {logging_mixin.py:137} INFO - [2023-11-06T21:30:53.152+0000] {dag.py:2690} INFO - Sync 1 DAGs
[2023-11-06T21:30:53.174+0000] {logging_mixin.py:137} INFO - [2023-11-06T21:30:53.174+0000] {dag.py:3441} INFO - Setting next_dagrun for example_trigger_target_dag to None, run_after=None
[2023-11-06T21:30:53.188+0000] {processor.py:175} INFO - Processing /home/airflow/.local/lib/python3.7/site-packages/airflow/example_dags/example_trigger_target_dag.py took 0.071 seconds
[2023-11-06T21:33:37.931+0000] {processor.py:153} INFO - Started process (PID=60441) to work on /home/airflow/.local/lib/python3.7/site-packages/airflow/example_dags/example_trigger_target_dag.py
[2023-11-06T21:33:37.932+0000] {processor.py:743} INFO - Processing file /home/airflow/.local/lib/python3.7/site-packages/airflow/example_dags/example_trigger_target_dag.py for tasks to queue
[2023-11-06T21:33:37.933+0000] {logging_mixin.py:137} INFO - [2023-11-06T21:33:37.932+0000] {dagbag.py:538} INFO - Filling up the DagBag from /home/airflow/.local/lib/python3.7/site-packages/airflow/example_dags/example_trigger_target_dag.py
[2023-11-06T21:33:37.951+0000] {processor.py:753} INFO - DAG(s) dict_keys(['example_trigger_target_dag']) retrieved from /home/airflow/.local/lib/python3.7/site-packages/airflow/example_dags/example_trigger_target_dag.py
[2023-11-06T21:33:38.006+0000] {logging_mixin.py:137} INFO - [2023-11-06T21:33:38.006+0000] {dag.py:2690} INFO - Sync 1 DAGs
[2023-11-06T21:33:38.027+0000] {logging_mixin.py:137} INFO - [2023-11-06T21:33:38.027+0000] {dag.py:3441} INFO - Setting next_dagrun for example_trigger_target_dag to None, run_after=None
[2023-11-06T21:33:38.040+0000] {processor.py:175} INFO - Processing /home/airflow/.local/lib/python3.7/site-packages/airflow/example_dags/example_trigger_target_dag.py took 0.113 seconds
[2023-11-06T21:35:23.064+0000] {processor.py:153} INFO - Started process (PID=60536) to work on /home/airflow/.local/lib/python3.7/site-packages/airflow/example_dags/example_trigger_target_dag.py
[2023-11-06T21:35:23.065+0000] {processor.py:743} INFO - Processing file /home/airflow/.local/lib/python3.7/site-packages/airflow/example_dags/example_trigger_target_dag.py for tasks to queue
[2023-11-06T21:35:23.065+0000] {logging_mixin.py:137} INFO - [2023-11-06T21:35:23.065+0000] {dagbag.py:538} INFO - Filling up the DagBag from /home/airflow/.local/lib/python3.7/site-packages/airflow/example_dags/example_trigger_target_dag.py
[2023-11-06T21:35:23.078+0000] {processor.py:753} INFO - DAG(s) dict_keys(['example_trigger_target_dag']) retrieved from /home/airflow/.local/lib/python3.7/site-packages/airflow/example_dags/example_trigger_target_dag.py
[2023-11-06T21:35:23.092+0000] {logging_mixin.py:137} INFO - [2023-11-06T21:35:23.092+0000] {dag.py:2690} INFO - Sync 1 DAGs
[2023-11-06T21:35:23.105+0000] {logging_mixin.py:137} INFO - [2023-11-06T21:35:23.105+0000] {dag.py:3441} INFO - Setting next_dagrun for example_trigger_target_dag to None, run_after=None
[2023-11-06T21:35:23.121+0000] {processor.py:175} INFO - Processing /home/airflow/.local/lib/python3.7/site-packages/airflow/example_dags/example_trigger_target_dag.py took 0.059 seconds
[2023-11-06T21:38:07.108+0000] {processor.py:153} INFO - Started process (PID=60613) to work on /home/airflow/.local/lib/python3.7/site-packages/airflow/example_dags/example_trigger_target_dag.py
[2023-11-06T21:38:07.109+0000] {processor.py:743} INFO - Processing file /home/airflow/.local/lib/python3.7/site-packages/airflow/example_dags/example_trigger_target_dag.py for tasks to queue
[2023-11-06T21:38:07.110+0000] {logging_mixin.py:137} INFO - [2023-11-06T21:38:07.110+0000] {dagbag.py:538} INFO - Filling up the DagBag from /home/airflow/.local/lib/python3.7/site-packages/airflow/example_dags/example_trigger_target_dag.py
[2023-11-06T21:38:07.129+0000] {processor.py:753} INFO - DAG(s) dict_keys(['example_trigger_target_dag']) retrieved from /home/airflow/.local/lib/python3.7/site-packages/airflow/example_dags/example_trigger_target_dag.py
[2023-11-06T21:38:07.149+0000] {logging_mixin.py:137} INFO - [2023-11-06T21:38:07.149+0000] {dag.py:2690} INFO - Sync 1 DAGs
[2023-11-06T21:38:07.165+0000] {logging_mixin.py:137} INFO - [2023-11-06T21:38:07.165+0000] {dag.py:3441} INFO - Setting next_dagrun for example_trigger_target_dag to None, run_after=None
[2023-11-06T21:38:07.175+0000] {processor.py:175} INFO - Processing /home/airflow/.local/lib/python3.7/site-packages/airflow/example_dags/example_trigger_target_dag.py took 0.071 seconds
[2023-11-06T21:41:47.349+0000] {processor.py:153} INFO - Started process (PID=60708) to work on /home/airflow/.local/lib/python3.7/site-packages/airflow/example_dags/example_trigger_target_dag.py
[2023-11-06T21:41:47.350+0000] {processor.py:743} INFO - Processing file /home/airflow/.local/lib/python3.7/site-packages/airflow/example_dags/example_trigger_target_dag.py for tasks to queue
[2023-11-06T21:41:47.350+0000] {logging_mixin.py:137} INFO - [2023-11-06T21:41:47.350+0000] {dagbag.py:538} INFO - Filling up the DagBag from /home/airflow/.local/lib/python3.7/site-packages/airflow/example_dags/example_trigger_target_dag.py
[2023-11-06T21:41:47.366+0000] {processor.py:753} INFO - DAG(s) dict_keys(['example_trigger_target_dag']) retrieved from /home/airflow/.local/lib/python3.7/site-packages/airflow/example_dags/example_trigger_target_dag.py
[2023-11-06T21:41:47.382+0000] {logging_mixin.py:137} INFO - [2023-11-06T21:41:47.382+0000] {dag.py:2690} INFO - Sync 1 DAGs
[2023-11-06T21:41:47.395+0000] {logging_mixin.py:137} INFO - [2023-11-06T21:41:47.395+0000] {dag.py:3441} INFO - Setting next_dagrun for example_trigger_target_dag to None, run_after=None
[2023-11-06T21:41:47.404+0000] {processor.py:175} INFO - Processing /home/airflow/.local/lib/python3.7/site-packages/airflow/example_dags/example_trigger_target_dag.py took 0.059 seconds
[2023-11-06T21:45:27.637+0000] {processor.py:153} INFO - Started process (PID=60803) to work on /home/airflow/.local/lib/python3.7/site-packages/airflow/example_dags/example_trigger_target_dag.py
[2023-11-06T21:45:27.639+0000] {processor.py:743} INFO - Processing file /home/airflow/.local/lib/python3.7/site-packages/airflow/example_dags/example_trigger_target_dag.py for tasks to queue
[2023-11-06T21:45:27.640+0000] {logging_mixin.py:137} INFO - [2023-11-06T21:45:27.640+0000] {dagbag.py:538} INFO - Filling up the DagBag from /home/airflow/.local/lib/python3.7/site-packages/airflow/example_dags/example_trigger_target_dag.py
[2023-11-06T21:45:27.666+0000] {processor.py:753} INFO - DAG(s) dict_keys(['example_trigger_target_dag']) retrieved from /home/airflow/.local/lib/python3.7/site-packages/airflow/example_dags/example_trigger_target_dag.py
[2023-11-06T21:45:27.693+0000] {logging_mixin.py:137} INFO - [2023-11-06T21:45:27.693+0000] {dag.py:2690} INFO - Sync 1 DAGs
[2023-11-06T21:45:27.711+0000] {logging_mixin.py:137} INFO - [2023-11-06T21:45:27.711+0000] {dag.py:3441} INFO - Setting next_dagrun for example_trigger_target_dag to None, run_after=None
[2023-11-06T21:45:27.732+0000] {processor.py:175} INFO - Processing /home/airflow/.local/lib/python3.7/site-packages/airflow/example_dags/example_trigger_target_dag.py took 0.099 seconds
[2023-11-06T21:49:08.056+0000] {processor.py:153} INFO - Started process (PID=60880) to work on /home/airflow/.local/lib/python3.7/site-packages/airflow/example_dags/example_trigger_target_dag.py
[2023-11-06T21:49:08.057+0000] {processor.py:743} INFO - Processing file /home/airflow/.local/lib/python3.7/site-packages/airflow/example_dags/example_trigger_target_dag.py for tasks to queue
[2023-11-06T21:49:08.059+0000] {logging_mixin.py:137} INFO - [2023-11-06T21:49:08.058+0000] {dagbag.py:538} INFO - Filling up the DagBag from /home/airflow/.local/lib/python3.7/site-packages/airflow/example_dags/example_trigger_target_dag.py
[2023-11-06T21:49:08.081+0000] {processor.py:753} INFO - DAG(s) dict_keys(['example_trigger_target_dag']) retrieved from /home/airflow/.local/lib/python3.7/site-packages/airflow/example_dags/example_trigger_target_dag.py
[2023-11-06T21:49:08.121+0000] {logging_mixin.py:137} INFO - [2023-11-06T21:49:08.121+0000] {dag.py:2690} INFO - Sync 1 DAGs
[2023-11-06T21:49:08.142+0000] {logging_mixin.py:137} INFO - [2023-11-06T21:49:08.142+0000] {dag.py:3441} INFO - Setting next_dagrun for example_trigger_target_dag to None, run_after=None
[2023-11-06T21:49:08.156+0000] {processor.py:175} INFO - Processing /home/airflow/.local/lib/python3.7/site-packages/airflow/example_dags/example_trigger_target_dag.py took 0.104 seconds
[2023-11-06T21:52:47.745+0000] {processor.py:153} INFO - Started process (PID=60975) to work on /home/airflow/.local/lib/python3.7/site-packages/airflow/example_dags/example_trigger_target_dag.py
[2023-11-06T21:52:47.746+0000] {processor.py:743} INFO - Processing file /home/airflow/.local/lib/python3.7/site-packages/airflow/example_dags/example_trigger_target_dag.py for tasks to queue
[2023-11-06T21:52:47.747+0000] {logging_mixin.py:137} INFO - [2023-11-06T21:52:47.747+0000] {dagbag.py:538} INFO - Filling up the DagBag from /home/airflow/.local/lib/python3.7/site-packages/airflow/example_dags/example_trigger_target_dag.py
[2023-11-06T21:52:47.772+0000] {processor.py:753} INFO - DAG(s) dict_keys(['example_trigger_target_dag']) retrieved from /home/airflow/.local/lib/python3.7/site-packages/airflow/example_dags/example_trigger_target_dag.py
[2023-11-06T21:52:47.798+0000] {logging_mixin.py:137} INFO - [2023-11-06T21:52:47.798+0000] {dag.py:2690} INFO - Sync 1 DAGs
[2023-11-06T21:52:47.815+0000] {logging_mixin.py:137} INFO - [2023-11-06T21:52:47.815+0000] {dag.py:3441} INFO - Setting next_dagrun for example_trigger_target_dag to None, run_after=None
[2023-11-06T21:52:47.827+0000] {processor.py:175} INFO - Processing /home/airflow/.local/lib/python3.7/site-packages/airflow/example_dags/example_trigger_target_dag.py took 0.089 seconds
[2023-11-06T21:56:29.093+0000] {processor.py:153} INFO - Started process (PID=61070) to work on /home/airflow/.local/lib/python3.7/site-packages/airflow/example_dags/example_trigger_target_dag.py
[2023-11-06T21:56:29.094+0000] {processor.py:743} INFO - Processing file /home/airflow/.local/lib/python3.7/site-packages/airflow/example_dags/example_trigger_target_dag.py for tasks to queue
[2023-11-06T21:56:29.095+0000] {logging_mixin.py:137} INFO - [2023-11-06T21:56:29.095+0000] {dagbag.py:538} INFO - Filling up the DagBag from /home/airflow/.local/lib/python3.7/site-packages/airflow/example_dags/example_trigger_target_dag.py
[2023-11-06T21:56:29.122+0000] {processor.py:753} INFO - DAG(s) dict_keys(['example_trigger_target_dag']) retrieved from /home/airflow/.local/lib/python3.7/site-packages/airflow/example_dags/example_trigger_target_dag.py
[2023-11-06T21:56:29.150+0000] {logging_mixin.py:137} INFO - [2023-11-06T21:56:29.150+0000] {dag.py:2690} INFO - Sync 1 DAGs
[2023-11-06T21:56:29.166+0000] {logging_mixin.py:137} INFO - [2023-11-06T21:56:29.166+0000] {dag.py:3441} INFO - Setting next_dagrun for example_trigger_target_dag to None, run_after=None
[2023-11-06T21:56:29.176+0000] {processor.py:175} INFO - Processing /home/airflow/.local/lib/python3.7/site-packages/airflow/example_dags/example_trigger_target_dag.py took 0.088 seconds
[2023-11-06T21:59:12.839+0000] {processor.py:153} INFO - Started process (PID=61147) to work on /home/airflow/.local/lib/python3.7/site-packages/airflow/example_dags/example_trigger_target_dag.py
[2023-11-06T21:59:12.840+0000] {processor.py:743} INFO - Processing file /home/airflow/.local/lib/python3.7/site-packages/airflow/example_dags/example_trigger_target_dag.py for tasks to queue
[2023-11-06T21:59:12.840+0000] {logging_mixin.py:137} INFO - [2023-11-06T21:59:12.840+0000] {dagbag.py:538} INFO - Filling up the DagBag from /home/airflow/.local/lib/python3.7/site-packages/airflow/example_dags/example_trigger_target_dag.py
[2023-11-06T21:59:12.855+0000] {processor.py:753} INFO - DAG(s) dict_keys(['example_trigger_target_dag']) retrieved from /home/airflow/.local/lib/python3.7/site-packages/airflow/example_dags/example_trigger_target_dag.py
[2023-11-06T21:59:12.870+0000] {logging_mixin.py:137} INFO - [2023-11-06T21:59:12.870+0000] {dag.py:2690} INFO - Sync 1 DAGs
[2023-11-06T21:59:12.884+0000] {logging_mixin.py:137} INFO - [2023-11-06T21:59:12.884+0000] {dag.py:3441} INFO - Setting next_dagrun for example_trigger_target_dag to None, run_after=None
[2023-11-06T21:59:12.893+0000] {processor.py:175} INFO - Processing /home/airflow/.local/lib/python3.7/site-packages/airflow/example_dags/example_trigger_target_dag.py took 0.056 seconds
[2023-11-06T22:02:53.004+0000] {processor.py:153} INFO - Started process (PID=61242) to work on /home/airflow/.local/lib/python3.7/site-packages/airflow/example_dags/example_trigger_target_dag.py
[2023-11-06T22:02:53.004+0000] {processor.py:743} INFO - Processing file /home/airflow/.local/lib/python3.7/site-packages/airflow/example_dags/example_trigger_target_dag.py for tasks to queue
[2023-11-06T22:02:53.005+0000] {logging_mixin.py:137} INFO - [2023-11-06T22:02:53.005+0000] {dagbag.py:538} INFO - Filling up the DagBag from /home/airflow/.local/lib/python3.7/site-packages/airflow/example_dags/example_trigger_target_dag.py
[2023-11-06T22:02:53.018+0000] {processor.py:753} INFO - DAG(s) dict_keys(['example_trigger_target_dag']) retrieved from /home/airflow/.local/lib/python3.7/site-packages/airflow/example_dags/example_trigger_target_dag.py
[2023-11-06T22:02:53.033+0000] {logging_mixin.py:137} INFO - [2023-11-06T22:02:53.033+0000] {dag.py:2690} INFO - Sync 1 DAGs
[2023-11-06T22:02:53.048+0000] {logging_mixin.py:137} INFO - [2023-11-06T22:02:53.048+0000] {dag.py:3441} INFO - Setting next_dagrun for example_trigger_target_dag to None, run_after=None
[2023-11-06T22:02:53.059+0000] {processor.py:175} INFO - Processing /home/airflow/.local/lib/python3.7/site-packages/airflow/example_dags/example_trigger_target_dag.py took 0.057 seconds
[2023-11-06T22:06:34.062+0000] {processor.py:153} INFO - Started process (PID=61319) to work on /home/airflow/.local/lib/python3.7/site-packages/airflow/example_dags/example_trigger_target_dag.py
[2023-11-06T22:06:34.063+0000] {processor.py:743} INFO - Processing file /home/airflow/.local/lib/python3.7/site-packages/airflow/example_dags/example_trigger_target_dag.py for tasks to queue
[2023-11-06T22:06:34.063+0000] {logging_mixin.py:137} INFO - [2023-11-06T22:06:34.063+0000] {dagbag.py:538} INFO - Filling up the DagBag from /home/airflow/.local/lib/python3.7/site-packages/airflow/example_dags/example_trigger_target_dag.py
[2023-11-06T22:06:34.078+0000] {processor.py:753} INFO - DAG(s) dict_keys(['example_trigger_target_dag']) retrieved from /home/airflow/.local/lib/python3.7/site-packages/airflow/example_dags/example_trigger_target_dag.py
[2023-11-06T22:06:34.093+0000] {logging_mixin.py:137} INFO - [2023-11-06T22:06:34.093+0000] {dag.py:2690} INFO - Sync 1 DAGs
[2023-11-06T22:06:34.110+0000] {logging_mixin.py:137} INFO - [2023-11-06T22:06:34.110+0000] {dag.py:3441} INFO - Setting next_dagrun for example_trigger_target_dag to None, run_after=None
[2023-11-06T22:06:34.120+0000] {processor.py:175} INFO - Processing /home/airflow/.local/lib/python3.7/site-packages/airflow/example_dags/example_trigger_target_dag.py took 0.060 seconds
[2023-11-06T22:10:14.275+0000] {processor.py:153} INFO - Started process (PID=61413) to work on /home/airflow/.local/lib/python3.7/site-packages/airflow/example_dags/example_trigger_target_dag.py
[2023-11-06T22:10:14.277+0000] {processor.py:743} INFO - Processing file /home/airflow/.local/lib/python3.7/site-packages/airflow/example_dags/example_trigger_target_dag.py for tasks to queue
[2023-11-06T22:10:14.277+0000] {logging_mixin.py:137} INFO - [2023-11-06T22:10:14.277+0000] {dagbag.py:538} INFO - Filling up the DagBag from /home/airflow/.local/lib/python3.7/site-packages/airflow/example_dags/example_trigger_target_dag.py
[2023-11-06T22:10:14.296+0000] {processor.py:753} INFO - DAG(s) dict_keys(['example_trigger_target_dag']) retrieved from /home/airflow/.local/lib/python3.7/site-packages/airflow/example_dags/example_trigger_target_dag.py
[2023-11-06T22:10:14.339+0000] {logging_mixin.py:137} INFO - [2023-11-06T22:10:14.339+0000] {dag.py:2690} INFO - Sync 1 DAGs
[2023-11-06T22:10:14.365+0000] {logging_mixin.py:137} INFO - [2023-11-06T22:10:14.365+0000] {dag.py:3441} INFO - Setting next_dagrun for example_trigger_target_dag to None, run_after=None
[2023-11-06T22:10:14.385+0000] {processor.py:175} INFO - Processing /home/airflow/.local/lib/python3.7/site-packages/airflow/example_dags/example_trigger_target_dag.py took 0.113 seconds
[2023-11-06T22:37:48.396+0000] {processor.py:153} INFO - Started process (PID=61508) to work on /home/airflow/.local/lib/python3.7/site-packages/airflow/example_dags/example_trigger_target_dag.py
[2023-11-06T22:37:48.398+0000] {processor.py:743} INFO - Processing file /home/airflow/.local/lib/python3.7/site-packages/airflow/example_dags/example_trigger_target_dag.py for tasks to queue
[2023-11-06T22:37:48.399+0000] {logging_mixin.py:137} INFO - [2023-11-06T22:37:48.399+0000] {dagbag.py:538} INFO - Filling up the DagBag from /home/airflow/.local/lib/python3.7/site-packages/airflow/example_dags/example_trigger_target_dag.py
[2023-11-06T22:37:48.445+0000] {processor.py:753} INFO - DAG(s) dict_keys(['example_trigger_target_dag']) retrieved from /home/airflow/.local/lib/python3.7/site-packages/airflow/example_dags/example_trigger_target_dag.py
[2023-11-06T22:37:48.476+0000] {logging_mixin.py:137} INFO - [2023-11-06T22:37:48.475+0000] {dag.py:2690} INFO - Sync 1 DAGs
[2023-11-06T22:37:48.493+0000] {logging_mixin.py:137} INFO - [2023-11-06T22:37:48.493+0000] {dag.py:3441} INFO - Setting next_dagrun for example_trigger_target_dag to None, run_after=None
[2023-11-06T22:37:48.518+0000] {processor.py:175} INFO - Processing /home/airflow/.local/lib/python3.7/site-packages/airflow/example_dags/example_trigger_target_dag.py took 0.128 seconds
[2023-11-06T22:41:19.909+0000] {processor.py:153} INFO - Started process (PID=61585) to work on /home/airflow/.local/lib/python3.7/site-packages/airflow/example_dags/example_trigger_target_dag.py
[2023-11-06T22:41:19.909+0000] {processor.py:743} INFO - Processing file /home/airflow/.local/lib/python3.7/site-packages/airflow/example_dags/example_trigger_target_dag.py for tasks to queue
[2023-11-06T22:41:19.910+0000] {logging_mixin.py:137} INFO - [2023-11-06T22:41:19.910+0000] {dagbag.py:538} INFO - Filling up the DagBag from /home/airflow/.local/lib/python3.7/site-packages/airflow/example_dags/example_trigger_target_dag.py
[2023-11-06T22:41:19.924+0000] {processor.py:753} INFO - DAG(s) dict_keys(['example_trigger_target_dag']) retrieved from /home/airflow/.local/lib/python3.7/site-packages/airflow/example_dags/example_trigger_target_dag.py
[2023-11-06T22:41:19.938+0000] {logging_mixin.py:137} INFO - [2023-11-06T22:41:19.938+0000] {dag.py:2690} INFO - Sync 1 DAGs
[2023-11-06T22:41:19.951+0000] {logging_mixin.py:137} INFO - [2023-11-06T22:41:19.951+0000] {dag.py:3441} INFO - Setting next_dagrun for example_trigger_target_dag to None, run_after=None
[2023-11-06T22:41:19.959+0000] {processor.py:175} INFO - Processing /home/airflow/.local/lib/python3.7/site-packages/airflow/example_dags/example_trigger_target_dag.py took 0.053 seconds
[2023-11-06T22:45:00.295+0000] {processor.py:153} INFO - Started process (PID=61680) to work on /home/airflow/.local/lib/python3.7/site-packages/airflow/example_dags/example_trigger_target_dag.py
[2023-11-06T22:45:00.296+0000] {processor.py:743} INFO - Processing file /home/airflow/.local/lib/python3.7/site-packages/airflow/example_dags/example_trigger_target_dag.py for tasks to queue
[2023-11-06T22:45:00.296+0000] {logging_mixin.py:137} INFO - [2023-11-06T22:45:00.296+0000] {dagbag.py:538} INFO - Filling up the DagBag from /home/airflow/.local/lib/python3.7/site-packages/airflow/example_dags/example_trigger_target_dag.py
[2023-11-06T22:45:00.310+0000] {processor.py:753} INFO - DAG(s) dict_keys(['example_trigger_target_dag']) retrieved from /home/airflow/.local/lib/python3.7/site-packages/airflow/example_dags/example_trigger_target_dag.py
[2023-11-06T22:45:00.325+0000] {logging_mixin.py:137} INFO - [2023-11-06T22:45:00.325+0000] {dag.py:2690} INFO - Sync 1 DAGs
[2023-11-06T22:45:00.338+0000] {logging_mixin.py:137} INFO - [2023-11-06T22:45:00.337+0000] {dag.py:3441} INFO - Setting next_dagrun for example_trigger_target_dag to None, run_after=None
[2023-11-06T22:45:00.347+0000] {processor.py:175} INFO - Processing /home/airflow/.local/lib/python3.7/site-packages/airflow/example_dags/example_trigger_target_dag.py took 0.054 seconds
[2023-11-06T22:48:14.324+0000] {processor.py:153} INFO - Started process (PID=61775) to work on /home/airflow/.local/lib/python3.7/site-packages/airflow/example_dags/example_trigger_target_dag.py
[2023-11-06T22:48:14.325+0000] {processor.py:743} INFO - Processing file /home/airflow/.local/lib/python3.7/site-packages/airflow/example_dags/example_trigger_target_dag.py for tasks to queue
[2023-11-06T22:48:14.325+0000] {logging_mixin.py:137} INFO - [2023-11-06T22:48:14.325+0000] {dagbag.py:538} INFO - Filling up the DagBag from /home/airflow/.local/lib/python3.7/site-packages/airflow/example_dags/example_trigger_target_dag.py
[2023-11-06T22:48:14.346+0000] {processor.py:753} INFO - DAG(s) dict_keys(['example_trigger_target_dag']) retrieved from /home/airflow/.local/lib/python3.7/site-packages/airflow/example_dags/example_trigger_target_dag.py
[2023-11-06T22:48:14.364+0000] {logging_mixin.py:137} INFO - [2023-11-06T22:48:14.364+0000] {dag.py:2690} INFO - Sync 1 DAGs
[2023-11-06T22:48:14.378+0000] {logging_mixin.py:137} INFO - [2023-11-06T22:48:14.378+0000] {dag.py:3441} INFO - Setting next_dagrun for example_trigger_target_dag to None, run_after=None
[2023-11-06T22:48:14.418+0000] {processor.py:175} INFO - Processing /home/airflow/.local/lib/python3.7/site-packages/airflow/example_dags/example_trigger_target_dag.py took 0.097 seconds
[2023-11-06T22:51:49.967+0000] {processor.py:153} INFO - Started process (PID=61852) to work on /home/airflow/.local/lib/python3.7/site-packages/airflow/example_dags/example_trigger_target_dag.py
[2023-11-06T22:51:49.969+0000] {processor.py:743} INFO - Processing file /home/airflow/.local/lib/python3.7/site-packages/airflow/example_dags/example_trigger_target_dag.py for tasks to queue
[2023-11-06T22:51:49.970+0000] {logging_mixin.py:137} INFO - [2023-11-06T22:51:49.970+0000] {dagbag.py:538} INFO - Filling up the DagBag from /home/airflow/.local/lib/python3.7/site-packages/airflow/example_dags/example_trigger_target_dag.py
[2023-11-06T22:51:49.996+0000] {processor.py:753} INFO - DAG(s) dict_keys(['example_trigger_target_dag']) retrieved from /home/airflow/.local/lib/python3.7/site-packages/airflow/example_dags/example_trigger_target_dag.py
[2023-11-06T22:51:50.046+0000] {logging_mixin.py:137} INFO - [2023-11-06T22:51:50.046+0000] {dag.py:2690} INFO - Sync 1 DAGs
[2023-11-06T22:51:50.085+0000] {logging_mixin.py:137} INFO - [2023-11-06T22:51:50.085+0000] {dag.py:3441} INFO - Setting next_dagrun for example_trigger_target_dag to None, run_after=None
[2023-11-06T22:51:50.112+0000] {processor.py:175} INFO - Processing /home/airflow/.local/lib/python3.7/site-packages/airflow/example_dags/example_trigger_target_dag.py took 0.150 seconds
[2023-11-06T22:55:29.239+0000] {processor.py:153} INFO - Started process (PID=61947) to work on /home/airflow/.local/lib/python3.7/site-packages/airflow/example_dags/example_trigger_target_dag.py
[2023-11-06T22:55:29.239+0000] {processor.py:743} INFO - Processing file /home/airflow/.local/lib/python3.7/site-packages/airflow/example_dags/example_trigger_target_dag.py for tasks to queue
[2023-11-06T22:55:29.240+0000] {logging_mixin.py:137} INFO - [2023-11-06T22:55:29.240+0000] {dagbag.py:538} INFO - Filling up the DagBag from /home/airflow/.local/lib/python3.7/site-packages/airflow/example_dags/example_trigger_target_dag.py
[2023-11-06T22:55:29.253+0000] {processor.py:753} INFO - DAG(s) dict_keys(['example_trigger_target_dag']) retrieved from /home/airflow/.local/lib/python3.7/site-packages/airflow/example_dags/example_trigger_target_dag.py
[2023-11-06T22:55:29.267+0000] {logging_mixin.py:137} INFO - [2023-11-06T22:55:29.267+0000] {dag.py:2690} INFO - Sync 1 DAGs
[2023-11-06T22:55:29.279+0000] {logging_mixin.py:137} INFO - [2023-11-06T22:55:29.279+0000] {dag.py:3441} INFO - Setting next_dagrun for example_trigger_target_dag to None, run_after=None
[2023-11-06T22:55:29.288+0000] {processor.py:175} INFO - Processing /home/airflow/.local/lib/python3.7/site-packages/airflow/example_dags/example_trigger_target_dag.py took 0.051 seconds
[2023-11-06T22:59:15.396+0000] {processor.py:153} INFO - Started process (PID=62033) to work on /home/airflow/.local/lib/python3.7/site-packages/airflow/example_dags/example_trigger_target_dag.py
[2023-11-06T22:59:15.397+0000] {processor.py:743} INFO - Processing file /home/airflow/.local/lib/python3.7/site-packages/airflow/example_dags/example_trigger_target_dag.py for tasks to queue
[2023-11-06T22:59:15.398+0000] {logging_mixin.py:137} INFO - [2023-11-06T22:59:15.398+0000] {dagbag.py:538} INFO - Filling up the DagBag from /home/airflow/.local/lib/python3.7/site-packages/airflow/example_dags/example_trigger_target_dag.py
[2023-11-06T22:59:15.414+0000] {processor.py:753} INFO - DAG(s) dict_keys(['example_trigger_target_dag']) retrieved from /home/airflow/.local/lib/python3.7/site-packages/airflow/example_dags/example_trigger_target_dag.py
[2023-11-06T22:59:15.432+0000] {logging_mixin.py:137} INFO - [2023-11-06T22:59:15.432+0000] {dag.py:2690} INFO - Sync 1 DAGs
[2023-11-06T22:59:15.446+0000] {logging_mixin.py:137} INFO - [2023-11-06T22:59:15.446+0000] {dag.py:3441} INFO - Setting next_dagrun for example_trigger_target_dag to None, run_after=None
[2023-11-06T22:59:15.456+0000] {processor.py:175} INFO - Processing /home/airflow/.local/lib/python3.7/site-packages/airflow/example_dags/example_trigger_target_dag.py took 0.062 seconds
[2023-11-06T23:02:55.525+0000] {processor.py:153} INFO - Started process (PID=62119) to work on /home/airflow/.local/lib/python3.7/site-packages/airflow/example_dags/example_trigger_target_dag.py
[2023-11-06T23:02:55.525+0000] {processor.py:743} INFO - Processing file /home/airflow/.local/lib/python3.7/site-packages/airflow/example_dags/example_trigger_target_dag.py for tasks to queue
[2023-11-06T23:02:55.526+0000] {logging_mixin.py:137} INFO - [2023-11-06T23:02:55.526+0000] {dagbag.py:538} INFO - Filling up the DagBag from /home/airflow/.local/lib/python3.7/site-packages/airflow/example_dags/example_trigger_target_dag.py
[2023-11-06T23:02:55.540+0000] {processor.py:753} INFO - DAG(s) dict_keys(['example_trigger_target_dag']) retrieved from /home/airflow/.local/lib/python3.7/site-packages/airflow/example_dags/example_trigger_target_dag.py
[2023-11-06T23:02:55.556+0000] {logging_mixin.py:137} INFO - [2023-11-06T23:02:55.556+0000] {dag.py:2690} INFO - Sync 1 DAGs
[2023-11-06T23:02:55.571+0000] {logging_mixin.py:137} INFO - [2023-11-06T23:02:55.571+0000] {dag.py:3441} INFO - Setting next_dagrun for example_trigger_target_dag to None, run_after=None
[2023-11-06T23:02:55.685+0000] {processor.py:175} INFO - Processing /home/airflow/.local/lib/python3.7/site-packages/airflow/example_dags/example_trigger_target_dag.py took 0.162 seconds
[2023-11-06T23:06:35.206+0000] {processor.py:153} INFO - Started process (PID=62214) to work on /home/airflow/.local/lib/python3.7/site-packages/airflow/example_dags/example_trigger_target_dag.py
[2023-11-06T23:06:35.208+0000] {processor.py:743} INFO - Processing file /home/airflow/.local/lib/python3.7/site-packages/airflow/example_dags/example_trigger_target_dag.py for tasks to queue
[2023-11-06T23:06:35.210+0000] {logging_mixin.py:137} INFO - [2023-11-06T23:06:35.210+0000] {dagbag.py:538} INFO - Filling up the DagBag from /home/airflow/.local/lib/python3.7/site-packages/airflow/example_dags/example_trigger_target_dag.py
[2023-11-06T23:06:35.234+0000] {processor.py:753} INFO - DAG(s) dict_keys(['example_trigger_target_dag']) retrieved from /home/airflow/.local/lib/python3.7/site-packages/airflow/example_dags/example_trigger_target_dag.py
[2023-11-06T23:06:35.258+0000] {logging_mixin.py:137} INFO - [2023-11-06T23:06:35.258+0000] {dag.py:2690} INFO - Sync 1 DAGs
[2023-11-06T23:06:35.293+0000] {logging_mixin.py:137} INFO - [2023-11-06T23:06:35.293+0000] {dag.py:3441} INFO - Setting next_dagrun for example_trigger_target_dag to None, run_after=None
[2023-11-06T23:06:35.304+0000] {processor.py:175} INFO - Processing /home/airflow/.local/lib/python3.7/site-packages/airflow/example_dags/example_trigger_target_dag.py took 0.104 seconds
[2023-11-06T23:10:16.533+0000] {processor.py:153} INFO - Started process (PID=62291) to work on /home/airflow/.local/lib/python3.7/site-packages/airflow/example_dags/example_trigger_target_dag.py
[2023-11-06T23:10:16.534+0000] {processor.py:743} INFO - Processing file /home/airflow/.local/lib/python3.7/site-packages/airflow/example_dags/example_trigger_target_dag.py for tasks to queue
[2023-11-06T23:10:16.535+0000] {logging_mixin.py:137} INFO - [2023-11-06T23:10:16.534+0000] {dagbag.py:538} INFO - Filling up the DagBag from /home/airflow/.local/lib/python3.7/site-packages/airflow/example_dags/example_trigger_target_dag.py
[2023-11-06T23:10:16.551+0000] {processor.py:753} INFO - DAG(s) dict_keys(['example_trigger_target_dag']) retrieved from /home/airflow/.local/lib/python3.7/site-packages/airflow/example_dags/example_trigger_target_dag.py
[2023-11-06T23:10:16.576+0000] {logging_mixin.py:137} INFO - [2023-11-06T23:10:16.576+0000] {dag.py:2690} INFO - Sync 1 DAGs
[2023-11-06T23:10:16.593+0000] {logging_mixin.py:137} INFO - [2023-11-06T23:10:16.593+0000] {dag.py:3441} INFO - Setting next_dagrun for example_trigger_target_dag to None, run_after=None
[2023-11-06T23:10:16.609+0000] {processor.py:175} INFO - Processing /home/airflow/.local/lib/python3.7/site-packages/airflow/example_dags/example_trigger_target_dag.py took 0.079 seconds
[2023-11-06T23:13:56.876+0000] {processor.py:153} INFO - Started process (PID=62386) to work on /home/airflow/.local/lib/python3.7/site-packages/airflow/example_dags/example_trigger_target_dag.py
[2023-11-06T23:13:56.876+0000] {processor.py:743} INFO - Processing file /home/airflow/.local/lib/python3.7/site-packages/airflow/example_dags/example_trigger_target_dag.py for tasks to queue
[2023-11-06T23:13:56.877+0000] {logging_mixin.py:137} INFO - [2023-11-06T23:13:56.877+0000] {dagbag.py:538} INFO - Filling up the DagBag from /home/airflow/.local/lib/python3.7/site-packages/airflow/example_dags/example_trigger_target_dag.py
[2023-11-06T23:13:56.891+0000] {processor.py:753} INFO - DAG(s) dict_keys(['example_trigger_target_dag']) retrieved from /home/airflow/.local/lib/python3.7/site-packages/airflow/example_dags/example_trigger_target_dag.py
[2023-11-06T23:13:56.905+0000] {logging_mixin.py:137} INFO - [2023-11-06T23:13:56.905+0000] {dag.py:2690} INFO - Sync 1 DAGs
[2023-11-06T23:13:56.918+0000] {logging_mixin.py:137} INFO - [2023-11-06T23:13:56.918+0000] {dag.py:3441} INFO - Setting next_dagrun for example_trigger_target_dag to None, run_after=None
[2023-11-06T23:13:56.928+0000] {processor.py:175} INFO - Processing /home/airflow/.local/lib/python3.7/site-packages/airflow/example_dags/example_trigger_target_dag.py took 0.055 seconds
[2023-11-06T23:17:36.204+0000] {processor.py:153} INFO - Started process (PID=62481) to work on /home/airflow/.local/lib/python3.7/site-packages/airflow/example_dags/example_trigger_target_dag.py
[2023-11-06T23:17:36.205+0000] {processor.py:743} INFO - Processing file /home/airflow/.local/lib/python3.7/site-packages/airflow/example_dags/example_trigger_target_dag.py for tasks to queue
[2023-11-06T23:17:36.206+0000] {logging_mixin.py:137} INFO - [2023-11-06T23:17:36.206+0000] {dagbag.py:538} INFO - Filling up the DagBag from /home/airflow/.local/lib/python3.7/site-packages/airflow/example_dags/example_trigger_target_dag.py
[2023-11-06T23:17:36.223+0000] {processor.py:753} INFO - DAG(s) dict_keys(['example_trigger_target_dag']) retrieved from /home/airflow/.local/lib/python3.7/site-packages/airflow/example_dags/example_trigger_target_dag.py
[2023-11-06T23:17:36.252+0000] {logging_mixin.py:137} INFO - [2023-11-06T23:17:36.252+0000] {dag.py:2690} INFO - Sync 1 DAGs
[2023-11-06T23:17:36.266+0000] {logging_mixin.py:137} INFO - [2023-11-06T23:17:36.266+0000] {dag.py:3441} INFO - Setting next_dagrun for example_trigger_target_dag to None, run_after=None
[2023-11-06T23:17:36.278+0000] {processor.py:175} INFO - Processing /home/airflow/.local/lib/python3.7/site-packages/airflow/example_dags/example_trigger_target_dag.py took 0.077 seconds
[2023-11-06T23:21:17.076+0000] {processor.py:153} INFO - Started process (PID=62558) to work on /home/airflow/.local/lib/python3.7/site-packages/airflow/example_dags/example_trigger_target_dag.py
[2023-11-06T23:21:17.077+0000] {processor.py:743} INFO - Processing file /home/airflow/.local/lib/python3.7/site-packages/airflow/example_dags/example_trigger_target_dag.py for tasks to queue
[2023-11-06T23:21:17.078+0000] {logging_mixin.py:137} INFO - [2023-11-06T23:21:17.078+0000] {dagbag.py:538} INFO - Filling up the DagBag from /home/airflow/.local/lib/python3.7/site-packages/airflow/example_dags/example_trigger_target_dag.py
[2023-11-06T23:21:17.092+0000] {processor.py:753} INFO - DAG(s) dict_keys(['example_trigger_target_dag']) retrieved from /home/airflow/.local/lib/python3.7/site-packages/airflow/example_dags/example_trigger_target_dag.py
[2023-11-06T23:21:17.107+0000] {logging_mixin.py:137} INFO - [2023-11-06T23:21:17.107+0000] {dag.py:2690} INFO - Sync 1 DAGs
[2023-11-06T23:21:17.120+0000] {logging_mixin.py:137} INFO - [2023-11-06T23:21:17.119+0000] {dag.py:3441} INFO - Setting next_dagrun for example_trigger_target_dag to None, run_after=None
[2023-11-06T23:21:17.132+0000] {processor.py:175} INFO - Processing /home/airflow/.local/lib/python3.7/site-packages/airflow/example_dags/example_trigger_target_dag.py took 0.058 seconds
[2023-11-06T23:24:57.439+0000] {processor.py:153} INFO - Started process (PID=62653) to work on /home/airflow/.local/lib/python3.7/site-packages/airflow/example_dags/example_trigger_target_dag.py
[2023-11-06T23:24:57.439+0000] {processor.py:743} INFO - Processing file /home/airflow/.local/lib/python3.7/site-packages/airflow/example_dags/example_trigger_target_dag.py for tasks to queue
[2023-11-06T23:24:57.440+0000] {logging_mixin.py:137} INFO - [2023-11-06T23:24:57.440+0000] {dagbag.py:538} INFO - Filling up the DagBag from /home/airflow/.local/lib/python3.7/site-packages/airflow/example_dags/example_trigger_target_dag.py
[2023-11-06T23:24:57.453+0000] {processor.py:753} INFO - DAG(s) dict_keys(['example_trigger_target_dag']) retrieved from /home/airflow/.local/lib/python3.7/site-packages/airflow/example_dags/example_trigger_target_dag.py
[2023-11-06T23:24:57.468+0000] {logging_mixin.py:137} INFO - [2023-11-06T23:24:57.468+0000] {dag.py:2690} INFO - Sync 1 DAGs
[2023-11-06T23:24:57.481+0000] {logging_mixin.py:137} INFO - [2023-11-06T23:24:57.481+0000] {dag.py:3441} INFO - Setting next_dagrun for example_trigger_target_dag to None, run_after=None
[2023-11-06T23:24:57.491+0000] {processor.py:175} INFO - Processing /home/airflow/.local/lib/python3.7/site-packages/airflow/example_dags/example_trigger_target_dag.py took 0.054 seconds
[2023-11-06T23:28:37.974+0000] {processor.py:153} INFO - Started process (PID=62748) to work on /home/airflow/.local/lib/python3.7/site-packages/airflow/example_dags/example_trigger_target_dag.py
[2023-11-06T23:28:37.975+0000] {processor.py:743} INFO - Processing file /home/airflow/.local/lib/python3.7/site-packages/airflow/example_dags/example_trigger_target_dag.py for tasks to queue
[2023-11-06T23:28:37.976+0000] {logging_mixin.py:137} INFO - [2023-11-06T23:28:37.976+0000] {dagbag.py:538} INFO - Filling up the DagBag from /home/airflow/.local/lib/python3.7/site-packages/airflow/example_dags/example_trigger_target_dag.py
[2023-11-06T23:28:38.000+0000] {processor.py:753} INFO - DAG(s) dict_keys(['example_trigger_target_dag']) retrieved from /home/airflow/.local/lib/python3.7/site-packages/airflow/example_dags/example_trigger_target_dag.py
[2023-11-06T23:28:38.044+0000] {logging_mixin.py:137} INFO - [2023-11-06T23:28:38.043+0000] {dag.py:2690} INFO - Sync 1 DAGs
[2023-11-06T23:28:38.067+0000] {logging_mixin.py:137} INFO - [2023-11-06T23:28:38.067+0000] {dag.py:3441} INFO - Setting next_dagrun for example_trigger_target_dag to None, run_after=None
[2023-11-06T23:28:38.647+0000] {processor.py:175} INFO - Processing /home/airflow/.local/lib/python3.7/site-packages/airflow/example_dags/example_trigger_target_dag.py took 0.676 seconds
[2023-11-06T23:32:13.431+0000] {processor.py:153} INFO - Started process (PID=62825) to work on /home/airflow/.local/lib/python3.7/site-packages/airflow/example_dags/example_trigger_target_dag.py
[2023-11-06T23:32:13.433+0000] {processor.py:743} INFO - Processing file /home/airflow/.local/lib/python3.7/site-packages/airflow/example_dags/example_trigger_target_dag.py for tasks to queue
[2023-11-06T23:32:13.433+0000] {logging_mixin.py:137} INFO - [2023-11-06T23:32:13.433+0000] {dagbag.py:538} INFO - Filling up the DagBag from /home/airflow/.local/lib/python3.7/site-packages/airflow/example_dags/example_trigger_target_dag.py
[2023-11-06T23:32:13.454+0000] {processor.py:753} INFO - DAG(s) dict_keys(['example_trigger_target_dag']) retrieved from /home/airflow/.local/lib/python3.7/site-packages/airflow/example_dags/example_trigger_target_dag.py
[2023-11-06T23:32:13.483+0000] {logging_mixin.py:137} INFO - [2023-11-06T23:32:13.482+0000] {dag.py:2690} INFO - Sync 1 DAGs
[2023-11-06T23:32:13.503+0000] {logging_mixin.py:137} INFO - [2023-11-06T23:32:13.503+0000] {dag.py:3441} INFO - Setting next_dagrun for example_trigger_target_dag to None, run_after=None
[2023-11-06T23:32:13.521+0000] {processor.py:175} INFO - Processing /home/airflow/.local/lib/python3.7/site-packages/airflow/example_dags/example_trigger_target_dag.py took 0.092 seconds
[2023-11-06T23:35:54.319+0000] {processor.py:153} INFO - Started process (PID=62920) to work on /home/airflow/.local/lib/python3.7/site-packages/airflow/example_dags/example_trigger_target_dag.py
[2023-11-06T23:35:54.320+0000] {processor.py:743} INFO - Processing file /home/airflow/.local/lib/python3.7/site-packages/airflow/example_dags/example_trigger_target_dag.py for tasks to queue
[2023-11-06T23:35:54.321+0000] {logging_mixin.py:137} INFO - [2023-11-06T23:35:54.321+0000] {dagbag.py:538} INFO - Filling up the DagBag from /home/airflow/.local/lib/python3.7/site-packages/airflow/example_dags/example_trigger_target_dag.py
[2023-11-06T23:35:54.340+0000] {processor.py:753} INFO - DAG(s) dict_keys(['example_trigger_target_dag']) retrieved from /home/airflow/.local/lib/python3.7/site-packages/airflow/example_dags/example_trigger_target_dag.py
[2023-11-06T23:35:54.359+0000] {logging_mixin.py:137} INFO - [2023-11-06T23:35:54.359+0000] {dag.py:2690} INFO - Sync 1 DAGs
[2023-11-06T23:35:54.376+0000] {logging_mixin.py:137} INFO - [2023-11-06T23:35:54.375+0000] {dag.py:3441} INFO - Setting next_dagrun for example_trigger_target_dag to None, run_after=None
[2023-11-06T23:35:54.387+0000] {processor.py:175} INFO - Processing /home/airflow/.local/lib/python3.7/site-packages/airflow/example_dags/example_trigger_target_dag.py took 0.072 seconds
[2023-11-06T23:39:34.531+0000] {processor.py:153} INFO - Started process (PID=62997) to work on /home/airflow/.local/lib/python3.7/site-packages/airflow/example_dags/example_trigger_target_dag.py
[2023-11-06T23:39:34.532+0000] {processor.py:743} INFO - Processing file /home/airflow/.local/lib/python3.7/site-packages/airflow/example_dags/example_trigger_target_dag.py for tasks to queue
[2023-11-06T23:39:34.533+0000] {logging_mixin.py:137} INFO - [2023-11-06T23:39:34.533+0000] {dagbag.py:538} INFO - Filling up the DagBag from /home/airflow/.local/lib/python3.7/site-packages/airflow/example_dags/example_trigger_target_dag.py
[2023-11-06T23:39:34.548+0000] {processor.py:753} INFO - DAG(s) dict_keys(['example_trigger_target_dag']) retrieved from /home/airflow/.local/lib/python3.7/site-packages/airflow/example_dags/example_trigger_target_dag.py
[2023-11-06T23:39:34.571+0000] {logging_mixin.py:137} INFO - [2023-11-06T23:39:34.571+0000] {dag.py:2690} INFO - Sync 1 DAGs
[2023-11-06T23:39:34.588+0000] {logging_mixin.py:137} INFO - [2023-11-06T23:39:34.588+0000] {dag.py:3441} INFO - Setting next_dagrun for example_trigger_target_dag to None, run_after=None
[2023-11-06T23:39:34.600+0000] {processor.py:175} INFO - Processing /home/airflow/.local/lib/python3.7/site-packages/airflow/example_dags/example_trigger_target_dag.py took 0.072 seconds
[2023-11-06T23:43:14.362+0000] {processor.py:153} INFO - Started process (PID=63092) to work on /home/airflow/.local/lib/python3.7/site-packages/airflow/example_dags/example_trigger_target_dag.py
[2023-11-06T23:43:14.363+0000] {processor.py:743} INFO - Processing file /home/airflow/.local/lib/python3.7/site-packages/airflow/example_dags/example_trigger_target_dag.py for tasks to queue
[2023-11-06T23:43:14.364+0000] {logging_mixin.py:137} INFO - [2023-11-06T23:43:14.364+0000] {dagbag.py:538} INFO - Filling up the DagBag from /home/airflow/.local/lib/python3.7/site-packages/airflow/example_dags/example_trigger_target_dag.py
[2023-11-06T23:43:14.384+0000] {processor.py:753} INFO - DAG(s) dict_keys(['example_trigger_target_dag']) retrieved from /home/airflow/.local/lib/python3.7/site-packages/airflow/example_dags/example_trigger_target_dag.py
[2023-11-06T23:43:14.414+0000] {logging_mixin.py:137} INFO - [2023-11-06T23:43:14.414+0000] {dag.py:2690} INFO - Sync 1 DAGs
[2023-11-06T23:43:14.434+0000] {logging_mixin.py:137} INFO - [2023-11-06T23:43:14.434+0000] {dag.py:3441} INFO - Setting next_dagrun for example_trigger_target_dag to None, run_after=None
[2023-11-06T23:43:14.448+0000] {processor.py:175} INFO - Processing /home/airflow/.local/lib/python3.7/site-packages/airflow/example_dags/example_trigger_target_dag.py took 0.091 seconds
