[2023-11-06T00:55:50.820+0000] {processor.py:153} INFO - Started process (PID=57649) to work on /home/airflow/.local/lib/python3.7/site-packages/airflow/example_dags/tutorial_dag.py
[2023-11-06T00:55:50.821+0000] {processor.py:743} INFO - Processing file /home/airflow/.local/lib/python3.7/site-packages/airflow/example_dags/tutorial_dag.py for tasks to queue
[2023-11-06T00:55:50.822+0000] {logging_mixin.py:137} INFO - [2023-11-06T00:55:50.822+0000] {dagbag.py:538} INFO - Filling up the DagBag from /home/airflow/.local/lib/python3.7/site-packages/airflow/example_dags/tutorial_dag.py
[2023-11-06T00:55:50.838+0000] {processor.py:753} INFO - DAG(s) dict_keys(['tutorial_dag']) retrieved from /home/airflow/.local/lib/python3.7/site-packages/airflow/example_dags/tutorial_dag.py
[2023-11-06T00:55:50.864+0000] {logging_mixin.py:137} INFO - [2023-11-06T00:55:50.863+0000] {dag.py:2690} INFO - Sync 1 DAGs
[2023-11-06T00:55:50.880+0000] {logging_mixin.py:137} INFO - [2023-11-06T00:55:50.880+0000] {dag.py:3441} INFO - Setting next_dagrun for tutorial_dag to None, run_after=None
[2023-11-06T00:55:50.897+0000] {processor.py:175} INFO - Processing /home/airflow/.local/lib/python3.7/site-packages/airflow/example_dags/tutorial_dag.py took 0.080 seconds
[2023-11-06T02:12:55.262+0000] {processor.py:153} INFO - Started process (PID=57726) to work on /home/airflow/.local/lib/python3.7/site-packages/airflow/example_dags/tutorial_dag.py
[2023-11-06T02:12:55.262+0000] {processor.py:743} INFO - Processing file /home/airflow/.local/lib/python3.7/site-packages/airflow/example_dags/tutorial_dag.py for tasks to queue
[2023-11-06T02:12:55.263+0000] {logging_mixin.py:137} INFO - [2023-11-06T02:12:55.263+0000] {dagbag.py:538} INFO - Filling up the DagBag from /home/airflow/.local/lib/python3.7/site-packages/airflow/example_dags/tutorial_dag.py
[2023-11-06T02:12:55.272+0000] {processor.py:753} INFO - DAG(s) dict_keys(['tutorial_dag']) retrieved from /home/airflow/.local/lib/python3.7/site-packages/airflow/example_dags/tutorial_dag.py
[2023-11-06T02:12:55.285+0000] {logging_mixin.py:137} INFO - [2023-11-06T02:12:55.285+0000] {dag.py:2690} INFO - Sync 1 DAGs
[2023-11-06T02:12:55.297+0000] {logging_mixin.py:137} INFO - [2023-11-06T02:12:55.297+0000] {dag.py:3441} INFO - Setting next_dagrun for tutorial_dag to None, run_after=None
[2023-11-06T02:12:55.306+0000] {processor.py:175} INFO - Processing /home/airflow/.local/lib/python3.7/site-packages/airflow/example_dags/tutorial_dag.py took 0.046 seconds
[2023-11-06T03:35:48.476+0000] {processor.py:153} INFO - Started process (PID=57821) to work on /home/airflow/.local/lib/python3.7/site-packages/airflow/example_dags/tutorial_dag.py
[2023-11-06T03:35:48.476+0000] {processor.py:743} INFO - Processing file /home/airflow/.local/lib/python3.7/site-packages/airflow/example_dags/tutorial_dag.py for tasks to queue
[2023-11-06T03:35:48.477+0000] {logging_mixin.py:137} INFO - [2023-11-06T03:35:48.477+0000] {dagbag.py:538} INFO - Filling up the DagBag from /home/airflow/.local/lib/python3.7/site-packages/airflow/example_dags/tutorial_dag.py
[2023-11-06T03:35:48.486+0000] {processor.py:753} INFO - DAG(s) dict_keys(['tutorial_dag']) retrieved from /home/airflow/.local/lib/python3.7/site-packages/airflow/example_dags/tutorial_dag.py
[2023-11-06T03:35:48.499+0000] {logging_mixin.py:137} INFO - [2023-11-06T03:35:48.499+0000] {dag.py:2690} INFO - Sync 1 DAGs
[2023-11-06T03:35:48.511+0000] {logging_mixin.py:137} INFO - [2023-11-06T03:35:48.511+0000] {dag.py:3441} INFO - Setting next_dagrun for tutorial_dag to None, run_after=None
[2023-11-06T03:35:48.519+0000] {processor.py:175} INFO - Processing /home/airflow/.local/lib/python3.7/site-packages/airflow/example_dags/tutorial_dag.py took 0.046 seconds
[2023-11-06T04:40:20.140+0000] {processor.py:153} INFO - Started process (PID=57917) to work on /home/airflow/.local/lib/python3.7/site-packages/airflow/example_dags/tutorial_dag.py
[2023-11-06T04:40:20.141+0000] {processor.py:743} INFO - Processing file /home/airflow/.local/lib/python3.7/site-packages/airflow/example_dags/tutorial_dag.py for tasks to queue
[2023-11-06T04:40:20.141+0000] {logging_mixin.py:137} INFO - [2023-11-06T04:40:20.141+0000] {dagbag.py:538} INFO - Filling up the DagBag from /home/airflow/.local/lib/python3.7/site-packages/airflow/example_dags/tutorial_dag.py
[2023-11-06T04:40:20.152+0000] {processor.py:753} INFO - DAG(s) dict_keys(['tutorial_dag']) retrieved from /home/airflow/.local/lib/python3.7/site-packages/airflow/example_dags/tutorial_dag.py
[2023-11-06T04:40:20.166+0000] {logging_mixin.py:137} INFO - [2023-11-06T04:40:20.166+0000] {dag.py:2690} INFO - Sync 1 DAGs
[2023-11-06T04:40:20.180+0000] {logging_mixin.py:137} INFO - [2023-11-06T04:40:20.180+0000] {dag.py:3441} INFO - Setting next_dagrun for tutorial_dag to None, run_after=None
[2023-11-06T04:40:20.190+0000] {processor.py:175} INFO - Processing /home/airflow/.local/lib/python3.7/site-packages/airflow/example_dags/tutorial_dag.py took 0.053 seconds
[2023-11-06T06:06:27.848+0000] {processor.py:153} INFO - Started process (PID=57994) to work on /home/airflow/.local/lib/python3.7/site-packages/airflow/example_dags/tutorial_dag.py
[2023-11-06T06:06:27.849+0000] {processor.py:743} INFO - Processing file /home/airflow/.local/lib/python3.7/site-packages/airflow/example_dags/tutorial_dag.py for tasks to queue
[2023-11-06T06:06:27.850+0000] {logging_mixin.py:137} INFO - [2023-11-06T06:06:27.850+0000] {dagbag.py:538} INFO - Filling up the DagBag from /home/airflow/.local/lib/python3.7/site-packages/airflow/example_dags/tutorial_dag.py
[2023-11-06T06:06:27.862+0000] {processor.py:753} INFO - DAG(s) dict_keys(['tutorial_dag']) retrieved from /home/airflow/.local/lib/python3.7/site-packages/airflow/example_dags/tutorial_dag.py
[2023-11-06T06:06:27.877+0000] {logging_mixin.py:137} INFO - [2023-11-06T06:06:27.877+0000] {dag.py:2690} INFO - Sync 1 DAGs
[2023-11-06T06:06:27.889+0000] {logging_mixin.py:137} INFO - [2023-11-06T06:06:27.889+0000] {dag.py:3441} INFO - Setting next_dagrun for tutorial_dag to None, run_after=None
[2023-11-06T06:06:27.898+0000] {processor.py:175} INFO - Processing /home/airflow/.local/lib/python3.7/site-packages/airflow/example_dags/tutorial_dag.py took 0.054 seconds
[2023-11-06T07:31:50.998+0000] {processor.py:153} INFO - Started process (PID=58089) to work on /home/airflow/.local/lib/python3.7/site-packages/airflow/example_dags/tutorial_dag.py
[2023-11-06T07:31:50.998+0000] {processor.py:743} INFO - Processing file /home/airflow/.local/lib/python3.7/site-packages/airflow/example_dags/tutorial_dag.py for tasks to queue
[2023-11-06T07:31:50.999+0000] {logging_mixin.py:137} INFO - [2023-11-06T07:31:50.999+0000] {dagbag.py:538} INFO - Filling up the DagBag from /home/airflow/.local/lib/python3.7/site-packages/airflow/example_dags/tutorial_dag.py
[2023-11-06T07:31:51.007+0000] {processor.py:753} INFO - DAG(s) dict_keys(['tutorial_dag']) retrieved from /home/airflow/.local/lib/python3.7/site-packages/airflow/example_dags/tutorial_dag.py
[2023-11-06T07:31:51.020+0000] {logging_mixin.py:137} INFO - [2023-11-06T07:31:51.020+0000] {dag.py:2690} INFO - Sync 1 DAGs
[2023-11-06T07:31:51.032+0000] {logging_mixin.py:137} INFO - [2023-11-06T07:31:51.032+0000] {dag.py:3441} INFO - Setting next_dagrun for tutorial_dag to None, run_after=None
[2023-11-06T07:31:51.040+0000] {processor.py:175} INFO - Processing /home/airflow/.local/lib/python3.7/site-packages/airflow/example_dags/tutorial_dag.py took 0.045 seconds
[2023-11-06T08:45:39.391+0000] {processor.py:153} INFO - Started process (PID=58166) to work on /home/airflow/.local/lib/python3.7/site-packages/airflow/example_dags/tutorial_dag.py
[2023-11-06T08:45:39.391+0000] {processor.py:743} INFO - Processing file /home/airflow/.local/lib/python3.7/site-packages/airflow/example_dags/tutorial_dag.py for tasks to queue
[2023-11-06T08:45:39.392+0000] {logging_mixin.py:137} INFO - [2023-11-06T08:45:39.392+0000] {dagbag.py:538} INFO - Filling up the DagBag from /home/airflow/.local/lib/python3.7/site-packages/airflow/example_dags/tutorial_dag.py
[2023-11-06T08:45:39.400+0000] {processor.py:753} INFO - DAG(s) dict_keys(['tutorial_dag']) retrieved from /home/airflow/.local/lib/python3.7/site-packages/airflow/example_dags/tutorial_dag.py
[2023-11-06T08:45:39.414+0000] {logging_mixin.py:137} INFO - [2023-11-06T08:45:39.414+0000] {dag.py:2690} INFO - Sync 1 DAGs
[2023-11-06T08:45:39.428+0000] {logging_mixin.py:137} INFO - [2023-11-06T08:45:39.427+0000] {dag.py:3441} INFO - Setting next_dagrun for tutorial_dag to None, run_after=None
[2023-11-06T08:45:39.439+0000] {processor.py:175} INFO - Processing /home/airflow/.local/lib/python3.7/site-packages/airflow/example_dags/tutorial_dag.py took 0.050 seconds
[2023-11-06T10:09:13.267+0000] {processor.py:153} INFO - Started process (PID=58260) to work on /home/airflow/.local/lib/python3.7/site-packages/airflow/example_dags/tutorial_dag.py
[2023-11-06T10:09:13.268+0000] {processor.py:743} INFO - Processing file /home/airflow/.local/lib/python3.7/site-packages/airflow/example_dags/tutorial_dag.py for tasks to queue
[2023-11-06T10:09:13.268+0000] {logging_mixin.py:137} INFO - [2023-11-06T10:09:13.268+0000] {dagbag.py:538} INFO - Filling up the DagBag from /home/airflow/.local/lib/python3.7/site-packages/airflow/example_dags/tutorial_dag.py
[2023-11-06T10:09:13.281+0000] {processor.py:753} INFO - DAG(s) dict_keys(['tutorial_dag']) retrieved from /home/airflow/.local/lib/python3.7/site-packages/airflow/example_dags/tutorial_dag.py
[2023-11-06T10:09:13.301+0000] {logging_mixin.py:137} INFO - [2023-11-06T10:09:13.301+0000] {dag.py:2690} INFO - Sync 1 DAGs
[2023-11-06T10:09:13.317+0000] {logging_mixin.py:137} INFO - [2023-11-06T10:09:13.317+0000] {dag.py:3441} INFO - Setting next_dagrun for tutorial_dag to None, run_after=None
[2023-11-06T10:09:13.328+0000] {processor.py:175} INFO - Processing /home/airflow/.local/lib/python3.7/site-packages/airflow/example_dags/tutorial_dag.py took 0.065 seconds
[2023-11-06T11:32:20.111+0000] {processor.py:153} INFO - Started process (PID=58346) to work on /home/airflow/.local/lib/python3.7/site-packages/airflow/example_dags/tutorial_dag.py
[2023-11-06T11:32:20.116+0000] {processor.py:743} INFO - Processing file /home/airflow/.local/lib/python3.7/site-packages/airflow/example_dags/tutorial_dag.py for tasks to queue
[2023-11-06T11:32:20.117+0000] {logging_mixin.py:137} INFO - [2023-11-06T11:32:20.117+0000] {dagbag.py:538} INFO - Filling up the DagBag from /home/airflow/.local/lib/python3.7/site-packages/airflow/example_dags/tutorial_dag.py
[2023-11-06T11:32:20.132+0000] {processor.py:753} INFO - DAG(s) dict_keys(['tutorial_dag']) retrieved from /home/airflow/.local/lib/python3.7/site-packages/airflow/example_dags/tutorial_dag.py
[2023-11-06T11:32:20.155+0000] {logging_mixin.py:137} INFO - [2023-11-06T11:32:20.154+0000] {dag.py:2690} INFO - Sync 1 DAGs
[2023-11-06T11:32:20.171+0000] {logging_mixin.py:137} INFO - [2023-11-06T11:32:20.171+0000] {dag.py:3441} INFO - Setting next_dagrun for tutorial_dag to None, run_after=None
[2023-11-06T11:32:20.183+0000] {processor.py:175} INFO - Processing /home/airflow/.local/lib/python3.7/site-packages/airflow/example_dags/tutorial_dag.py took 0.075 seconds
[2023-11-06T12:55:46.121+0000] {processor.py:153} INFO - Started process (PID=58432) to work on /home/airflow/.local/lib/python3.7/site-packages/airflow/example_dags/tutorial_dag.py
[2023-11-06T12:55:46.122+0000] {processor.py:743} INFO - Processing file /home/airflow/.local/lib/python3.7/site-packages/airflow/example_dags/tutorial_dag.py for tasks to queue
[2023-11-06T12:55:46.122+0000] {logging_mixin.py:137} INFO - [2023-11-06T12:55:46.122+0000] {dagbag.py:538} INFO - Filling up the DagBag from /home/airflow/.local/lib/python3.7/site-packages/airflow/example_dags/tutorial_dag.py
[2023-11-06T12:55:46.131+0000] {processor.py:753} INFO - DAG(s) dict_keys(['tutorial_dag']) retrieved from /home/airflow/.local/lib/python3.7/site-packages/airflow/example_dags/tutorial_dag.py
[2023-11-06T12:55:46.147+0000] {logging_mixin.py:137} INFO - [2023-11-06T12:55:46.147+0000] {dag.py:2690} INFO - Sync 1 DAGs
[2023-11-06T12:55:46.160+0000] {logging_mixin.py:137} INFO - [2023-11-06T12:55:46.160+0000] {dag.py:3441} INFO - Setting next_dagrun for tutorial_dag to None, run_after=None
[2023-11-06T12:55:46.168+0000] {processor.py:175} INFO - Processing /home/airflow/.local/lib/python3.7/site-packages/airflow/example_dags/tutorial_dag.py took 0.049 seconds
[2023-11-06T14:06:53.164+0000] {processor.py:153} INFO - Started process (PID=58527) to work on /home/airflow/.local/lib/python3.7/site-packages/airflow/example_dags/tutorial_dag.py
[2023-11-06T14:06:53.166+0000] {processor.py:743} INFO - Processing file /home/airflow/.local/lib/python3.7/site-packages/airflow/example_dags/tutorial_dag.py for tasks to queue
[2023-11-06T14:06:53.167+0000] {logging_mixin.py:137} INFO - [2023-11-06T14:06:53.167+0000] {dagbag.py:538} INFO - Filling up the DagBag from /home/airflow/.local/lib/python3.7/site-packages/airflow/example_dags/tutorial_dag.py
[2023-11-06T14:06:53.195+0000] {processor.py:753} INFO - DAG(s) dict_keys(['tutorial_dag']) retrieved from /home/airflow/.local/lib/python3.7/site-packages/airflow/example_dags/tutorial_dag.py
[2023-11-06T14:06:53.243+0000] {logging_mixin.py:137} INFO - [2023-11-06T14:06:53.242+0000] {dag.py:2690} INFO - Sync 1 DAGs
[2023-11-06T14:06:53.400+0000] {logging_mixin.py:137} INFO - [2023-11-06T14:06:53.400+0000] {dag.py:3441} INFO - Setting next_dagrun for tutorial_dag to None, run_after=None
[2023-11-06T14:06:53.452+0000] {processor.py:175} INFO - Processing /home/airflow/.local/lib/python3.7/site-packages/airflow/example_dags/tutorial_dag.py took 0.294 seconds
[2023-11-06T15:27:50.950+0000] {processor.py:153} INFO - Started process (PID=58604) to work on /home/airflow/.local/lib/python3.7/site-packages/airflow/example_dags/tutorial_dag.py
[2023-11-06T15:27:50.951+0000] {processor.py:743} INFO - Processing file /home/airflow/.local/lib/python3.7/site-packages/airflow/example_dags/tutorial_dag.py for tasks to queue
[2023-11-06T15:27:50.951+0000] {logging_mixin.py:137} INFO - [2023-11-06T15:27:50.951+0000] {dagbag.py:538} INFO - Filling up the DagBag from /home/airflow/.local/lib/python3.7/site-packages/airflow/example_dags/tutorial_dag.py
[2023-11-06T15:27:50.972+0000] {processor.py:753} INFO - DAG(s) dict_keys(['tutorial_dag']) retrieved from /home/airflow/.local/lib/python3.7/site-packages/airflow/example_dags/tutorial_dag.py
[2023-11-06T15:27:50.986+0000] {logging_mixin.py:137} INFO - [2023-11-06T15:27:50.986+0000] {dag.py:2690} INFO - Sync 1 DAGs
[2023-11-06T15:27:50.999+0000] {logging_mixin.py:137} INFO - [2023-11-06T15:27:50.998+0000] {dag.py:3441} INFO - Setting next_dagrun for tutorial_dag to None, run_after=None
[2023-11-06T15:27:51.008+0000] {processor.py:175} INFO - Processing /home/airflow/.local/lib/python3.7/site-packages/airflow/example_dags/tutorial_dag.py took 0.061 seconds
[2023-11-06T16:20:05.713+0000] {processor.py:153} INFO - Started process (PID=58699) to work on /home/airflow/.local/lib/python3.7/site-packages/airflow/example_dags/tutorial_dag.py
[2023-11-06T16:20:05.714+0000] {processor.py:743} INFO - Processing file /home/airflow/.local/lib/python3.7/site-packages/airflow/example_dags/tutorial_dag.py for tasks to queue
[2023-11-06T16:20:05.715+0000] {logging_mixin.py:137} INFO - [2023-11-06T16:20:05.715+0000] {dagbag.py:538} INFO - Filling up the DagBag from /home/airflow/.local/lib/python3.7/site-packages/airflow/example_dags/tutorial_dag.py
[2023-11-06T16:20:05.724+0000] {processor.py:753} INFO - DAG(s) dict_keys(['tutorial_dag']) retrieved from /home/airflow/.local/lib/python3.7/site-packages/airflow/example_dags/tutorial_dag.py
[2023-11-06T16:20:05.738+0000] {logging_mixin.py:137} INFO - [2023-11-06T16:20:05.738+0000] {dag.py:2690} INFO - Sync 1 DAGs
[2023-11-06T16:20:05.752+0000] {logging_mixin.py:137} INFO - [2023-11-06T16:20:05.752+0000] {dag.py:3441} INFO - Setting next_dagrun for tutorial_dag to None, run_after=None
[2023-11-06T16:20:05.768+0000] {processor.py:175} INFO - Processing /home/airflow/.local/lib/python3.7/site-packages/airflow/example_dags/tutorial_dag.py took 0.058 seconds
[2023-11-06T17:25:17.013+0000] {processor.py:153} INFO - Started process (PID=58776) to work on /home/airflow/.local/lib/python3.7/site-packages/airflow/example_dags/tutorial_dag.py
[2023-11-06T17:25:17.015+0000] {processor.py:743} INFO - Processing file /home/airflow/.local/lib/python3.7/site-packages/airflow/example_dags/tutorial_dag.py for tasks to queue
[2023-11-06T17:25:17.015+0000] {logging_mixin.py:137} INFO - [2023-11-06T17:25:17.015+0000] {dagbag.py:538} INFO - Filling up the DagBag from /home/airflow/.local/lib/python3.7/site-packages/airflow/example_dags/tutorial_dag.py
[2023-11-06T17:25:17.026+0000] {processor.py:753} INFO - DAG(s) dict_keys(['tutorial_dag']) retrieved from /home/airflow/.local/lib/python3.7/site-packages/airflow/example_dags/tutorial_dag.py
[2023-11-06T17:25:17.042+0000] {logging_mixin.py:137} INFO - [2023-11-06T17:25:17.042+0000] {dag.py:2690} INFO - Sync 1 DAGs
[2023-11-06T17:25:17.055+0000] {logging_mixin.py:137} INFO - [2023-11-06T17:25:17.055+0000] {dag.py:3441} INFO - Setting next_dagrun for tutorial_dag to None, run_after=None
[2023-11-06T17:25:17.077+0000] {processor.py:175} INFO - Processing /home/airflow/.local/lib/python3.7/site-packages/airflow/example_dags/tutorial_dag.py took 0.068 seconds
[2023-11-06T18:48:30.318+0000] {processor.py:153} INFO - Started process (PID=58871) to work on /home/airflow/.local/lib/python3.7/site-packages/airflow/example_dags/tutorial_dag.py
[2023-11-06T18:48:30.319+0000] {processor.py:743} INFO - Processing file /home/airflow/.local/lib/python3.7/site-packages/airflow/example_dags/tutorial_dag.py for tasks to queue
[2023-11-06T18:48:30.319+0000] {logging_mixin.py:137} INFO - [2023-11-06T18:48:30.319+0000] {dagbag.py:538} INFO - Filling up the DagBag from /home/airflow/.local/lib/python3.7/site-packages/airflow/example_dags/tutorial_dag.py
[2023-11-06T18:48:30.329+0000] {processor.py:753} INFO - DAG(s) dict_keys(['tutorial_dag']) retrieved from /home/airflow/.local/lib/python3.7/site-packages/airflow/example_dags/tutorial_dag.py
[2023-11-06T18:48:30.342+0000] {logging_mixin.py:137} INFO - [2023-11-06T18:48:30.342+0000] {dag.py:2690} INFO - Sync 1 DAGs
[2023-11-06T18:48:30.354+0000] {logging_mixin.py:137} INFO - [2023-11-06T18:48:30.354+0000] {dag.py:3441} INFO - Setting next_dagrun for tutorial_dag to None, run_after=None
[2023-11-06T18:48:30.363+0000] {processor.py:175} INFO - Processing /home/airflow/.local/lib/python3.7/site-packages/airflow/example_dags/tutorial_dag.py took 0.046 seconds
[2023-11-06T20:11:09.899+0000] {processor.py:153} INFO - Started process (PID=58957) to work on /home/airflow/.local/lib/python3.7/site-packages/airflow/example_dags/tutorial_dag.py
[2023-11-06T20:11:09.900+0000] {processor.py:743} INFO - Processing file /home/airflow/.local/lib/python3.7/site-packages/airflow/example_dags/tutorial_dag.py for tasks to queue
[2023-11-06T20:11:09.901+0000] {logging_mixin.py:137} INFO - [2023-11-06T20:11:09.901+0000] {dagbag.py:538} INFO - Filling up the DagBag from /home/airflow/.local/lib/python3.7/site-packages/airflow/example_dags/tutorial_dag.py
[2023-11-06T20:11:09.916+0000] {processor.py:753} INFO - DAG(s) dict_keys(['tutorial_dag']) retrieved from /home/airflow/.local/lib/python3.7/site-packages/airflow/example_dags/tutorial_dag.py
[2023-11-06T20:11:09.932+0000] {logging_mixin.py:137} INFO - [2023-11-06T20:11:09.932+0000] {dag.py:2690} INFO - Sync 1 DAGs
[2023-11-06T20:11:09.948+0000] {logging_mixin.py:137} INFO - [2023-11-06T20:11:09.948+0000] {dag.py:3441} INFO - Setting next_dagrun for tutorial_dag to None, run_after=None
[2023-11-06T20:11:09.961+0000] {processor.py:175} INFO - Processing /home/airflow/.local/lib/python3.7/site-packages/airflow/example_dags/tutorial_dag.py took 0.066 seconds
[2023-11-06T20:37:34.138+0000] {processor.py:153} INFO - Started process (PID=59043) to work on /home/airflow/.local/lib/python3.7/site-packages/airflow/example_dags/tutorial_dag.py
[2023-11-06T20:37:34.139+0000] {processor.py:743} INFO - Processing file /home/airflow/.local/lib/python3.7/site-packages/airflow/example_dags/tutorial_dag.py for tasks to queue
[2023-11-06T20:37:34.140+0000] {logging_mixin.py:137} INFO - [2023-11-06T20:37:34.140+0000] {dagbag.py:538} INFO - Filling up the DagBag from /home/airflow/.local/lib/python3.7/site-packages/airflow/example_dags/tutorial_dag.py
[2023-11-06T20:37:34.151+0000] {processor.py:753} INFO - DAG(s) dict_keys(['tutorial_dag']) retrieved from /home/airflow/.local/lib/python3.7/site-packages/airflow/example_dags/tutorial_dag.py
[2023-11-06T20:37:34.175+0000] {logging_mixin.py:137} INFO - [2023-11-06T20:37:34.175+0000] {dag.py:2690} INFO - Sync 1 DAGs
[2023-11-06T20:37:34.199+0000] {logging_mixin.py:137} INFO - [2023-11-06T20:37:34.199+0000] {dag.py:3441} INFO - Setting next_dagrun for tutorial_dag to None, run_after=None
[2023-11-06T20:37:34.214+0000] {processor.py:175} INFO - Processing /home/airflow/.local/lib/python3.7/site-packages/airflow/example_dags/tutorial_dag.py took 0.079 seconds
[2023-11-06T20:40:45.395+0000] {processor.py:153} INFO - Started process (PID=59138) to work on /home/airflow/.local/lib/python3.7/site-packages/airflow/example_dags/tutorial_dag.py
[2023-11-06T20:40:45.396+0000] {processor.py:743} INFO - Processing file /home/airflow/.local/lib/python3.7/site-packages/airflow/example_dags/tutorial_dag.py for tasks to queue
[2023-11-06T20:40:45.397+0000] {logging_mixin.py:137} INFO - [2023-11-06T20:40:45.396+0000] {dagbag.py:538} INFO - Filling up the DagBag from /home/airflow/.local/lib/python3.7/site-packages/airflow/example_dags/tutorial_dag.py
[2023-11-06T20:40:45.412+0000] {processor.py:753} INFO - DAG(s) dict_keys(['tutorial_dag']) retrieved from /home/airflow/.local/lib/python3.7/site-packages/airflow/example_dags/tutorial_dag.py
[2023-11-06T20:40:45.427+0000] {logging_mixin.py:137} INFO - [2023-11-06T20:40:45.427+0000] {dag.py:2690} INFO - Sync 1 DAGs
[2023-11-06T20:40:45.439+0000] {logging_mixin.py:137} INFO - [2023-11-06T20:40:45.439+0000] {dag.py:3441} INFO - Setting next_dagrun for tutorial_dag to None, run_after=None
[2023-11-06T20:40:45.449+0000] {processor.py:175} INFO - Processing /home/airflow/.local/lib/python3.7/site-packages/airflow/example_dags/tutorial_dag.py took 0.058 seconds
[2023-11-06T20:43:31.869+0000] {processor.py:153} INFO - Started process (PID=59215) to work on /home/airflow/.local/lib/python3.7/site-packages/airflow/example_dags/tutorial_dag.py
[2023-11-06T20:43:31.869+0000] {processor.py:743} INFO - Processing file /home/airflow/.local/lib/python3.7/site-packages/airflow/example_dags/tutorial_dag.py for tasks to queue
[2023-11-06T20:43:31.870+0000] {logging_mixin.py:137} INFO - [2023-11-06T20:43:31.870+0000] {dagbag.py:538} INFO - Filling up the DagBag from /home/airflow/.local/lib/python3.7/site-packages/airflow/example_dags/tutorial_dag.py
[2023-11-06T20:43:31.879+0000] {processor.py:753} INFO - DAG(s) dict_keys(['tutorial_dag']) retrieved from /home/airflow/.local/lib/python3.7/site-packages/airflow/example_dags/tutorial_dag.py
[2023-11-06T20:43:31.900+0000] {logging_mixin.py:137} INFO - [2023-11-06T20:43:31.900+0000] {dag.py:2690} INFO - Sync 1 DAGs
[2023-11-06T20:43:31.914+0000] {logging_mixin.py:137} INFO - [2023-11-06T20:43:31.914+0000] {dag.py:3441} INFO - Setting next_dagrun for tutorial_dag to None, run_after=None
[2023-11-06T20:43:31.922+0000] {processor.py:175} INFO - Processing /home/airflow/.local/lib/python3.7/site-packages/airflow/example_dags/tutorial_dag.py took 0.056 seconds
[2023-11-06T20:47:12.177+0000] {processor.py:153} INFO - Started process (PID=59310) to work on /home/airflow/.local/lib/python3.7/site-packages/airflow/example_dags/tutorial_dag.py
[2023-11-06T20:47:12.177+0000] {processor.py:743} INFO - Processing file /home/airflow/.local/lib/python3.7/site-packages/airflow/example_dags/tutorial_dag.py for tasks to queue
[2023-11-06T20:47:12.178+0000] {logging_mixin.py:137} INFO - [2023-11-06T20:47:12.178+0000] {dagbag.py:538} INFO - Filling up the DagBag from /home/airflow/.local/lib/python3.7/site-packages/airflow/example_dags/tutorial_dag.py
[2023-11-06T20:47:12.186+0000] {processor.py:753} INFO - DAG(s) dict_keys(['tutorial_dag']) retrieved from /home/airflow/.local/lib/python3.7/site-packages/airflow/example_dags/tutorial_dag.py
[2023-11-06T20:47:12.201+0000] {logging_mixin.py:137} INFO - [2023-11-06T20:47:12.201+0000] {dag.py:2690} INFO - Sync 1 DAGs
[2023-11-06T20:47:12.212+0000] {logging_mixin.py:137} INFO - [2023-11-06T20:47:12.212+0000] {dag.py:3441} INFO - Setting next_dagrun for tutorial_dag to None, run_after=None
[2023-11-06T20:47:12.221+0000] {processor.py:175} INFO - Processing /home/airflow/.local/lib/python3.7/site-packages/airflow/example_dags/tutorial_dag.py took 0.046 seconds
[2023-11-06T20:50:52.561+0000] {processor.py:153} INFO - Started process (PID=59405) to work on /home/airflow/.local/lib/python3.7/site-packages/airflow/example_dags/tutorial_dag.py
[2023-11-06T20:50:52.562+0000] {processor.py:743} INFO - Processing file /home/airflow/.local/lib/python3.7/site-packages/airflow/example_dags/tutorial_dag.py for tasks to queue
[2023-11-06T20:50:52.562+0000] {logging_mixin.py:137} INFO - [2023-11-06T20:50:52.562+0000] {dagbag.py:538} INFO - Filling up the DagBag from /home/airflow/.local/lib/python3.7/site-packages/airflow/example_dags/tutorial_dag.py
[2023-11-06T20:50:52.571+0000] {processor.py:753} INFO - DAG(s) dict_keys(['tutorial_dag']) retrieved from /home/airflow/.local/lib/python3.7/site-packages/airflow/example_dags/tutorial_dag.py
[2023-11-06T20:50:52.586+0000] {logging_mixin.py:137} INFO - [2023-11-06T20:50:52.586+0000] {dag.py:2690} INFO - Sync 1 DAGs
[2023-11-06T20:50:52.598+0000] {logging_mixin.py:137} INFO - [2023-11-06T20:50:52.598+0000] {dag.py:3441} INFO - Setting next_dagrun for tutorial_dag to None, run_after=None
[2023-11-06T20:50:52.607+0000] {processor.py:175} INFO - Processing /home/airflow/.local/lib/python3.7/site-packages/airflow/example_dags/tutorial_dag.py took 0.048 seconds
[2023-11-06T20:54:23.898+0000] {processor.py:153} INFO - Started process (PID=59482) to work on /home/airflow/.local/lib/python3.7/site-packages/airflow/example_dags/tutorial_dag.py
[2023-11-06T20:54:23.899+0000] {processor.py:743} INFO - Processing file /home/airflow/.local/lib/python3.7/site-packages/airflow/example_dags/tutorial_dag.py for tasks to queue
[2023-11-06T20:54:23.899+0000] {logging_mixin.py:137} INFO - [2023-11-06T20:54:23.899+0000] {dagbag.py:538} INFO - Filling up the DagBag from /home/airflow/.local/lib/python3.7/site-packages/airflow/example_dags/tutorial_dag.py
[2023-11-06T20:54:23.908+0000] {processor.py:753} INFO - DAG(s) dict_keys(['tutorial_dag']) retrieved from /home/airflow/.local/lib/python3.7/site-packages/airflow/example_dags/tutorial_dag.py
[2023-11-06T20:54:23.921+0000] {logging_mixin.py:137} INFO - [2023-11-06T20:54:23.921+0000] {dag.py:2690} INFO - Sync 1 DAGs
[2023-11-06T20:54:23.934+0000] {logging_mixin.py:137} INFO - [2023-11-06T20:54:23.934+0000] {dag.py:3441} INFO - Setting next_dagrun for tutorial_dag to None, run_after=None
[2023-11-06T20:54:23.942+0000] {processor.py:175} INFO - Processing /home/airflow/.local/lib/python3.7/site-packages/airflow/example_dags/tutorial_dag.py took 0.046 seconds
[2023-11-06T20:58:37.937+0000] {processor.py:153} INFO - Started process (PID=59577) to work on /home/airflow/.local/lib/python3.7/site-packages/airflow/example_dags/tutorial_dag.py
[2023-11-06T20:58:37.938+0000] {processor.py:743} INFO - Processing file /home/airflow/.local/lib/python3.7/site-packages/airflow/example_dags/tutorial_dag.py for tasks to queue
[2023-11-06T20:58:37.939+0000] {logging_mixin.py:137} INFO - [2023-11-06T20:58:37.939+0000] {dagbag.py:538} INFO - Filling up the DagBag from /home/airflow/.local/lib/python3.7/site-packages/airflow/example_dags/tutorial_dag.py
[2023-11-06T20:58:37.949+0000] {processor.py:753} INFO - DAG(s) dict_keys(['tutorial_dag']) retrieved from /home/airflow/.local/lib/python3.7/site-packages/airflow/example_dags/tutorial_dag.py
[2023-11-06T20:58:37.979+0000] {logging_mixin.py:137} INFO - [2023-11-06T20:58:37.979+0000] {dag.py:2690} INFO - Sync 1 DAGs
[2023-11-06T20:58:38.006+0000] {logging_mixin.py:137} INFO - [2023-11-06T20:58:38.006+0000] {dag.py:3441} INFO - Setting next_dagrun for tutorial_dag to None, run_after=None
[2023-11-06T20:58:38.020+0000] {processor.py:175} INFO - Processing /home/airflow/.local/lib/python3.7/site-packages/airflow/example_dags/tutorial_dag.py took 0.084 seconds
[2023-11-06T21:02:20.204+0000] {processor.py:153} INFO - Started process (PID=59672) to work on /home/airflow/.local/lib/python3.7/site-packages/airflow/example_dags/tutorial_dag.py
[2023-11-06T21:02:20.204+0000] {processor.py:743} INFO - Processing file /home/airflow/.local/lib/python3.7/site-packages/airflow/example_dags/tutorial_dag.py for tasks to queue
[2023-11-06T21:02:20.205+0000] {logging_mixin.py:137} INFO - [2023-11-06T21:02:20.205+0000] {dagbag.py:538} INFO - Filling up the DagBag from /home/airflow/.local/lib/python3.7/site-packages/airflow/example_dags/tutorial_dag.py
[2023-11-06T21:02:20.214+0000] {processor.py:753} INFO - DAG(s) dict_keys(['tutorial_dag']) retrieved from /home/airflow/.local/lib/python3.7/site-packages/airflow/example_dags/tutorial_dag.py
[2023-11-06T21:02:20.229+0000] {logging_mixin.py:137} INFO - [2023-11-06T21:02:20.229+0000] {dag.py:2690} INFO - Sync 1 DAGs
[2023-11-06T21:02:20.241+0000] {logging_mixin.py:137} INFO - [2023-11-06T21:02:20.241+0000] {dag.py:3441} INFO - Setting next_dagrun for tutorial_dag to None, run_after=None
[2023-11-06T21:02:20.250+0000] {processor.py:175} INFO - Processing /home/airflow/.local/lib/python3.7/site-packages/airflow/example_dags/tutorial_dag.py took 0.048 seconds
[2023-11-06T21:05:59.939+0000] {processor.py:153} INFO - Started process (PID=59749) to work on /home/airflow/.local/lib/python3.7/site-packages/airflow/example_dags/tutorial_dag.py
[2023-11-06T21:05:59.939+0000] {processor.py:743} INFO - Processing file /home/airflow/.local/lib/python3.7/site-packages/airflow/example_dags/tutorial_dag.py for tasks to queue
[2023-11-06T21:05:59.940+0000] {logging_mixin.py:137} INFO - [2023-11-06T21:05:59.940+0000] {dagbag.py:538} INFO - Filling up the DagBag from /home/airflow/.local/lib/python3.7/site-packages/airflow/example_dags/tutorial_dag.py
[2023-11-06T21:05:59.949+0000] {processor.py:753} INFO - DAG(s) dict_keys(['tutorial_dag']) retrieved from /home/airflow/.local/lib/python3.7/site-packages/airflow/example_dags/tutorial_dag.py
[2023-11-06T21:05:59.962+0000] {logging_mixin.py:137} INFO - [2023-11-06T21:05:59.962+0000] {dag.py:2690} INFO - Sync 1 DAGs
[2023-11-06T21:05:59.974+0000] {logging_mixin.py:137} INFO - [2023-11-06T21:05:59.974+0000] {dag.py:3441} INFO - Setting next_dagrun for tutorial_dag to None, run_after=None
[2023-11-06T21:05:59.983+0000] {processor.py:175} INFO - Processing /home/airflow/.local/lib/python3.7/site-packages/airflow/example_dags/tutorial_dag.py took 0.047 seconds
[2023-11-06T21:09:39.715+0000] {processor.py:153} INFO - Started process (PID=59844) to work on /home/airflow/.local/lib/python3.7/site-packages/airflow/example_dags/tutorial_dag.py
[2023-11-06T21:09:39.716+0000] {processor.py:743} INFO - Processing file /home/airflow/.local/lib/python3.7/site-packages/airflow/example_dags/tutorial_dag.py for tasks to queue
[2023-11-06T21:09:39.716+0000] {logging_mixin.py:137} INFO - [2023-11-06T21:09:39.716+0000] {dagbag.py:538} INFO - Filling up the DagBag from /home/airflow/.local/lib/python3.7/site-packages/airflow/example_dags/tutorial_dag.py
[2023-11-06T21:09:39.724+0000] {processor.py:753} INFO - DAG(s) dict_keys(['tutorial_dag']) retrieved from /home/airflow/.local/lib/python3.7/site-packages/airflow/example_dags/tutorial_dag.py
[2023-11-06T21:09:39.737+0000] {logging_mixin.py:137} INFO - [2023-11-06T21:09:39.737+0000] {dag.py:2690} INFO - Sync 1 DAGs
[2023-11-06T21:09:39.749+0000] {logging_mixin.py:137} INFO - [2023-11-06T21:09:39.749+0000] {dag.py:3441} INFO - Setting next_dagrun for tutorial_dag to None, run_after=None
[2023-11-06T21:09:39.758+0000] {processor.py:175} INFO - Processing /home/airflow/.local/lib/python3.7/site-packages/airflow/example_dags/tutorial_dag.py took 0.044 seconds
[2023-11-06T21:13:19.447+0000] {processor.py:153} INFO - Started process (PID=59921) to work on /home/airflow/.local/lib/python3.7/site-packages/airflow/example_dags/tutorial_dag.py
[2023-11-06T21:13:19.448+0000] {processor.py:743} INFO - Processing file /home/airflow/.local/lib/python3.7/site-packages/airflow/example_dags/tutorial_dag.py for tasks to queue
[2023-11-06T21:13:19.449+0000] {logging_mixin.py:137} INFO - [2023-11-06T21:13:19.449+0000] {dagbag.py:538} INFO - Filling up the DagBag from /home/airflow/.local/lib/python3.7/site-packages/airflow/example_dags/tutorial_dag.py
[2023-11-06T21:13:19.463+0000] {processor.py:753} INFO - DAG(s) dict_keys(['tutorial_dag']) retrieved from /home/airflow/.local/lib/python3.7/site-packages/airflow/example_dags/tutorial_dag.py
[2023-11-06T21:13:19.488+0000] {logging_mixin.py:137} INFO - [2023-11-06T21:13:19.488+0000] {dag.py:2690} INFO - Sync 1 DAGs
[2023-11-06T21:13:19.509+0000] {logging_mixin.py:137} INFO - [2023-11-06T21:13:19.509+0000] {dag.py:3441} INFO - Setting next_dagrun for tutorial_dag to None, run_after=None
[2023-11-06T21:13:19.551+0000] {processor.py:175} INFO - Processing /home/airflow/.local/lib/python3.7/site-packages/airflow/example_dags/tutorial_dag.py took 0.106 seconds
[2023-11-06T21:17:01.279+0000] {processor.py:153} INFO - Started process (PID=60016) to work on /home/airflow/.local/lib/python3.7/site-packages/airflow/example_dags/tutorial_dag.py
[2023-11-06T21:17:01.279+0000] {processor.py:743} INFO - Processing file /home/airflow/.local/lib/python3.7/site-packages/airflow/example_dags/tutorial_dag.py for tasks to queue
[2023-11-06T21:17:01.280+0000] {logging_mixin.py:137} INFO - [2023-11-06T21:17:01.280+0000] {dagbag.py:538} INFO - Filling up the DagBag from /home/airflow/.local/lib/python3.7/site-packages/airflow/example_dags/tutorial_dag.py
[2023-11-06T21:17:01.288+0000] {processor.py:753} INFO - DAG(s) dict_keys(['tutorial_dag']) retrieved from /home/airflow/.local/lib/python3.7/site-packages/airflow/example_dags/tutorial_dag.py
[2023-11-06T21:17:01.303+0000] {logging_mixin.py:137} INFO - [2023-11-06T21:17:01.303+0000] {dag.py:2690} INFO - Sync 1 DAGs
[2023-11-06T21:17:01.322+0000] {logging_mixin.py:137} INFO - [2023-11-06T21:17:01.322+0000] {dag.py:3441} INFO - Setting next_dagrun for tutorial_dag to None, run_after=None
[2023-11-06T21:17:01.331+0000] {processor.py:175} INFO - Processing /home/airflow/.local/lib/python3.7/site-packages/airflow/example_dags/tutorial_dag.py took 0.054 seconds
[2023-11-06T21:20:41.450+0000] {processor.py:153} INFO - Started process (PID=60111) to work on /home/airflow/.local/lib/python3.7/site-packages/airflow/example_dags/tutorial_dag.py
[2023-11-06T21:20:41.450+0000] {processor.py:743} INFO - Processing file /home/airflow/.local/lib/python3.7/site-packages/airflow/example_dags/tutorial_dag.py for tasks to queue
[2023-11-06T21:20:41.451+0000] {logging_mixin.py:137} INFO - [2023-11-06T21:20:41.451+0000] {dagbag.py:538} INFO - Filling up the DagBag from /home/airflow/.local/lib/python3.7/site-packages/airflow/example_dags/tutorial_dag.py
[2023-11-06T21:20:41.461+0000] {processor.py:753} INFO - DAG(s) dict_keys(['tutorial_dag']) retrieved from /home/airflow/.local/lib/python3.7/site-packages/airflow/example_dags/tutorial_dag.py
[2023-11-06T21:20:41.474+0000] {logging_mixin.py:137} INFO - [2023-11-06T21:20:41.474+0000] {dag.py:2690} INFO - Sync 1 DAGs
[2023-11-06T21:20:41.486+0000] {logging_mixin.py:137} INFO - [2023-11-06T21:20:41.486+0000] {dag.py:3441} INFO - Setting next_dagrun for tutorial_dag to None, run_after=None
[2023-11-06T21:20:41.495+0000] {processor.py:175} INFO - Processing /home/airflow/.local/lib/python3.7/site-packages/airflow/example_dags/tutorial_dag.py took 0.047 seconds
[2023-11-06T21:24:21.294+0000] {processor.py:153} INFO - Started process (PID=60188) to work on /home/airflow/.local/lib/python3.7/site-packages/airflow/example_dags/tutorial_dag.py
[2023-11-06T21:24:21.294+0000] {processor.py:743} INFO - Processing file /home/airflow/.local/lib/python3.7/site-packages/airflow/example_dags/tutorial_dag.py for tasks to queue
[2023-11-06T21:24:21.295+0000] {logging_mixin.py:137} INFO - [2023-11-06T21:24:21.295+0000] {dagbag.py:538} INFO - Filling up the DagBag from /home/airflow/.local/lib/python3.7/site-packages/airflow/example_dags/tutorial_dag.py
[2023-11-06T21:24:21.304+0000] {processor.py:753} INFO - DAG(s) dict_keys(['tutorial_dag']) retrieved from /home/airflow/.local/lib/python3.7/site-packages/airflow/example_dags/tutorial_dag.py
[2023-11-06T21:24:21.318+0000] {logging_mixin.py:137} INFO - [2023-11-06T21:24:21.318+0000] {dag.py:2690} INFO - Sync 1 DAGs
[2023-11-06T21:24:21.330+0000] {logging_mixin.py:137} INFO - [2023-11-06T21:24:21.330+0000] {dag.py:3441} INFO - Setting next_dagrun for tutorial_dag to None, run_after=None
[2023-11-06T21:24:21.338+0000] {processor.py:175} INFO - Processing /home/airflow/.local/lib/python3.7/site-packages/airflow/example_dags/tutorial_dag.py took 0.046 seconds
[2023-11-06T21:28:01.998+0000] {processor.py:153} INFO - Started process (PID=60283) to work on /home/airflow/.local/lib/python3.7/site-packages/airflow/example_dags/tutorial_dag.py
[2023-11-06T21:28:01.999+0000] {processor.py:743} INFO - Processing file /home/airflow/.local/lib/python3.7/site-packages/airflow/example_dags/tutorial_dag.py for tasks to queue
[2023-11-06T21:28:01.999+0000] {logging_mixin.py:137} INFO - [2023-11-06T21:28:01.999+0000] {dagbag.py:538} INFO - Filling up the DagBag from /home/airflow/.local/lib/python3.7/site-packages/airflow/example_dags/tutorial_dag.py
[2023-11-06T21:28:02.009+0000] {processor.py:753} INFO - DAG(s) dict_keys(['tutorial_dag']) retrieved from /home/airflow/.local/lib/python3.7/site-packages/airflow/example_dags/tutorial_dag.py
[2023-11-06T21:28:02.025+0000] {logging_mixin.py:137} INFO - [2023-11-06T21:28:02.025+0000] {dag.py:2690} INFO - Sync 1 DAGs
[2023-11-06T21:28:02.037+0000] {logging_mixin.py:137} INFO - [2023-11-06T21:28:02.037+0000] {dag.py:3441} INFO - Setting next_dagrun for tutorial_dag to None, run_after=None
[2023-11-06T21:28:02.046+0000] {processor.py:175} INFO - Processing /home/airflow/.local/lib/python3.7/site-packages/airflow/example_dags/tutorial_dag.py took 0.051 seconds
[2023-11-06T21:30:54.378+0000] {processor.py:153} INFO - Started process (PID=60369) to work on /home/airflow/.local/lib/python3.7/site-packages/airflow/example_dags/tutorial_dag.py
[2023-11-06T21:30:54.379+0000] {processor.py:743} INFO - Processing file /home/airflow/.local/lib/python3.7/site-packages/airflow/example_dags/tutorial_dag.py for tasks to queue
[2023-11-06T21:30:54.381+0000] {logging_mixin.py:137} INFO - [2023-11-06T21:30:54.381+0000] {dagbag.py:538} INFO - Filling up the DagBag from /home/airflow/.local/lib/python3.7/site-packages/airflow/example_dags/tutorial_dag.py
[2023-11-06T21:30:54.400+0000] {processor.py:753} INFO - DAG(s) dict_keys(['tutorial_dag']) retrieved from /home/airflow/.local/lib/python3.7/site-packages/airflow/example_dags/tutorial_dag.py
[2023-11-06T21:30:54.417+0000] {logging_mixin.py:137} INFO - [2023-11-06T21:30:54.417+0000] {dag.py:2690} INFO - Sync 1 DAGs
[2023-11-06T21:30:54.431+0000] {logging_mixin.py:137} INFO - [2023-11-06T21:30:54.431+0000] {dag.py:3441} INFO - Setting next_dagrun for tutorial_dag to None, run_after=None
[2023-11-06T21:30:54.440+0000] {processor.py:175} INFO - Processing /home/airflow/.local/lib/python3.7/site-packages/airflow/example_dags/tutorial_dag.py took 0.064 seconds
[2023-11-06T21:33:38.540+0000] {processor.py:153} INFO - Started process (PID=60455) to work on /home/airflow/.local/lib/python3.7/site-packages/airflow/example_dags/tutorial_dag.py
[2023-11-06T21:33:38.541+0000] {processor.py:743} INFO - Processing file /home/airflow/.local/lib/python3.7/site-packages/airflow/example_dags/tutorial_dag.py for tasks to queue
[2023-11-06T21:33:38.541+0000] {logging_mixin.py:137} INFO - [2023-11-06T21:33:38.541+0000] {dagbag.py:538} INFO - Filling up the DagBag from /home/airflow/.local/lib/python3.7/site-packages/airflow/example_dags/tutorial_dag.py
[2023-11-06T21:33:38.550+0000] {processor.py:753} INFO - DAG(s) dict_keys(['tutorial_dag']) retrieved from /home/airflow/.local/lib/python3.7/site-packages/airflow/example_dags/tutorial_dag.py
[2023-11-06T21:33:38.563+0000] {logging_mixin.py:137} INFO - [2023-11-06T21:33:38.563+0000] {dag.py:2690} INFO - Sync 1 DAGs
[2023-11-06T21:33:38.576+0000] {logging_mixin.py:137} INFO - [2023-11-06T21:33:38.576+0000] {dag.py:3441} INFO - Setting next_dagrun for tutorial_dag to None, run_after=None
[2023-11-06T21:33:38.584+0000] {processor.py:175} INFO - Processing /home/airflow/.local/lib/python3.7/site-packages/airflow/example_dags/tutorial_dag.py took 0.046 seconds
[2023-11-06T21:35:23.544+0000] {processor.py:153} INFO - Started process (PID=60550) to work on /home/airflow/.local/lib/python3.7/site-packages/airflow/example_dags/tutorial_dag.py
[2023-11-06T21:35:23.545+0000] {processor.py:743} INFO - Processing file /home/airflow/.local/lib/python3.7/site-packages/airflow/example_dags/tutorial_dag.py for tasks to queue
[2023-11-06T21:35:23.545+0000] {logging_mixin.py:137} INFO - [2023-11-06T21:35:23.545+0000] {dagbag.py:538} INFO - Filling up the DagBag from /home/airflow/.local/lib/python3.7/site-packages/airflow/example_dags/tutorial_dag.py
[2023-11-06T21:35:23.554+0000] {processor.py:753} INFO - DAG(s) dict_keys(['tutorial_dag']) retrieved from /home/airflow/.local/lib/python3.7/site-packages/airflow/example_dags/tutorial_dag.py
[2023-11-06T21:35:23.569+0000] {logging_mixin.py:137} INFO - [2023-11-06T21:35:23.569+0000] {dag.py:2690} INFO - Sync 1 DAGs
[2023-11-06T21:35:23.581+0000] {logging_mixin.py:137} INFO - [2023-11-06T21:35:23.581+0000] {dag.py:3441} INFO - Setting next_dagrun for tutorial_dag to None, run_after=None
[2023-11-06T21:35:23.592+0000] {processor.py:175} INFO - Processing /home/airflow/.local/lib/python3.7/site-packages/airflow/example_dags/tutorial_dag.py took 0.051 seconds
[2023-11-06T21:38:07.643+0000] {processor.py:153} INFO - Started process (PID=60627) to work on /home/airflow/.local/lib/python3.7/site-packages/airflow/example_dags/tutorial_dag.py
[2023-11-06T21:38:07.644+0000] {processor.py:743} INFO - Processing file /home/airflow/.local/lib/python3.7/site-packages/airflow/example_dags/tutorial_dag.py for tasks to queue
[2023-11-06T21:38:07.645+0000] {logging_mixin.py:137} INFO - [2023-11-06T21:38:07.644+0000] {dagbag.py:538} INFO - Filling up the DagBag from /home/airflow/.local/lib/python3.7/site-packages/airflow/example_dags/tutorial_dag.py
[2023-11-06T21:38:07.655+0000] {processor.py:753} INFO - DAG(s) dict_keys(['tutorial_dag']) retrieved from /home/airflow/.local/lib/python3.7/site-packages/airflow/example_dags/tutorial_dag.py
[2023-11-06T21:38:07.671+0000] {logging_mixin.py:137} INFO - [2023-11-06T21:38:07.671+0000] {dag.py:2690} INFO - Sync 1 DAGs
[2023-11-06T21:38:07.684+0000] {logging_mixin.py:137} INFO - [2023-11-06T21:38:07.684+0000] {dag.py:3441} INFO - Setting next_dagrun for tutorial_dag to None, run_after=None
[2023-11-06T21:38:07.699+0000] {processor.py:175} INFO - Processing /home/airflow/.local/lib/python3.7/site-packages/airflow/example_dags/tutorial_dag.py took 0.059 seconds
[2023-11-06T21:41:47.927+0000] {processor.py:153} INFO - Started process (PID=60722) to work on /home/airflow/.local/lib/python3.7/site-packages/airflow/example_dags/tutorial_dag.py
[2023-11-06T21:41:47.928+0000] {processor.py:743} INFO - Processing file /home/airflow/.local/lib/python3.7/site-packages/airflow/example_dags/tutorial_dag.py for tasks to queue
[2023-11-06T21:41:47.928+0000] {logging_mixin.py:137} INFO - [2023-11-06T21:41:47.928+0000] {dagbag.py:538} INFO - Filling up the DagBag from /home/airflow/.local/lib/python3.7/site-packages/airflow/example_dags/tutorial_dag.py
[2023-11-06T21:41:47.942+0000] {processor.py:753} INFO - DAG(s) dict_keys(['tutorial_dag']) retrieved from /home/airflow/.local/lib/python3.7/site-packages/airflow/example_dags/tutorial_dag.py
[2023-11-06T21:41:47.958+0000] {logging_mixin.py:137} INFO - [2023-11-06T21:41:47.957+0000] {dag.py:2690} INFO - Sync 1 DAGs
[2023-11-06T21:41:47.971+0000] {logging_mixin.py:137} INFO - [2023-11-06T21:41:47.971+0000] {dag.py:3441} INFO - Setting next_dagrun for tutorial_dag to None, run_after=None
[2023-11-06T21:41:47.980+0000] {processor.py:175} INFO - Processing /home/airflow/.local/lib/python3.7/site-packages/airflow/example_dags/tutorial_dag.py took 0.055 seconds
[2023-11-06T21:45:28.263+0000] {processor.py:153} INFO - Started process (PID=60817) to work on /home/airflow/.local/lib/python3.7/site-packages/airflow/example_dags/tutorial_dag.py
[2023-11-06T21:45:28.264+0000] {processor.py:743} INFO - Processing file /home/airflow/.local/lib/python3.7/site-packages/airflow/example_dags/tutorial_dag.py for tasks to queue
[2023-11-06T21:45:28.265+0000] {logging_mixin.py:137} INFO - [2023-11-06T21:45:28.265+0000] {dagbag.py:538} INFO - Filling up the DagBag from /home/airflow/.local/lib/python3.7/site-packages/airflow/example_dags/tutorial_dag.py
[2023-11-06T21:45:28.275+0000] {processor.py:753} INFO - DAG(s) dict_keys(['tutorial_dag']) retrieved from /home/airflow/.local/lib/python3.7/site-packages/airflow/example_dags/tutorial_dag.py
[2023-11-06T21:45:28.292+0000] {logging_mixin.py:137} INFO - [2023-11-06T21:45:28.291+0000] {dag.py:2690} INFO - Sync 1 DAGs
[2023-11-06T21:45:28.304+0000] {logging_mixin.py:137} INFO - [2023-11-06T21:45:28.304+0000] {dag.py:3441} INFO - Setting next_dagrun for tutorial_dag to None, run_after=None
[2023-11-06T21:45:28.313+0000] {processor.py:175} INFO - Processing /home/airflow/.local/lib/python3.7/site-packages/airflow/example_dags/tutorial_dag.py took 0.052 seconds
[2023-11-06T21:49:08.704+0000] {processor.py:153} INFO - Started process (PID=60894) to work on /home/airflow/.local/lib/python3.7/site-packages/airflow/example_dags/tutorial_dag.py
[2023-11-06T21:49:08.705+0000] {processor.py:743} INFO - Processing file /home/airflow/.local/lib/python3.7/site-packages/airflow/example_dags/tutorial_dag.py for tasks to queue
[2023-11-06T21:49:08.705+0000] {logging_mixin.py:137} INFO - [2023-11-06T21:49:08.705+0000] {dagbag.py:538} INFO - Filling up the DagBag from /home/airflow/.local/lib/python3.7/site-packages/airflow/example_dags/tutorial_dag.py
[2023-11-06T21:49:08.715+0000] {processor.py:753} INFO - DAG(s) dict_keys(['tutorial_dag']) retrieved from /home/airflow/.local/lib/python3.7/site-packages/airflow/example_dags/tutorial_dag.py
[2023-11-06T21:49:08.730+0000] {logging_mixin.py:137} INFO - [2023-11-06T21:49:08.730+0000] {dag.py:2690} INFO - Sync 1 DAGs
[2023-11-06T21:49:08.742+0000] {logging_mixin.py:137} INFO - [2023-11-06T21:49:08.742+0000] {dag.py:3441} INFO - Setting next_dagrun for tutorial_dag to None, run_after=None
[2023-11-06T21:49:08.751+0000] {processor.py:175} INFO - Processing /home/airflow/.local/lib/python3.7/site-packages/airflow/example_dags/tutorial_dag.py took 0.048 seconds
[2023-11-06T21:52:48.352+0000] {processor.py:153} INFO - Started process (PID=60989) to work on /home/airflow/.local/lib/python3.7/site-packages/airflow/example_dags/tutorial_dag.py
[2023-11-06T21:52:48.353+0000] {processor.py:743} INFO - Processing file /home/airflow/.local/lib/python3.7/site-packages/airflow/example_dags/tutorial_dag.py for tasks to queue
[2023-11-06T21:52:48.353+0000] {logging_mixin.py:137} INFO - [2023-11-06T21:52:48.353+0000] {dagbag.py:538} INFO - Filling up the DagBag from /home/airflow/.local/lib/python3.7/site-packages/airflow/example_dags/tutorial_dag.py
[2023-11-06T21:52:48.361+0000] {processor.py:753} INFO - DAG(s) dict_keys(['tutorial_dag']) retrieved from /home/airflow/.local/lib/python3.7/site-packages/airflow/example_dags/tutorial_dag.py
[2023-11-06T21:52:48.376+0000] {logging_mixin.py:137} INFO - [2023-11-06T21:52:48.376+0000] {dag.py:2690} INFO - Sync 1 DAGs
[2023-11-06T21:52:48.388+0000] {logging_mixin.py:137} INFO - [2023-11-06T21:52:48.388+0000] {dag.py:3441} INFO - Setting next_dagrun for tutorial_dag to None, run_after=None
[2023-11-06T21:52:48.397+0000] {processor.py:175} INFO - Processing /home/airflow/.local/lib/python3.7/site-packages/airflow/example_dags/tutorial_dag.py took 0.047 seconds
[2023-11-06T21:56:29.707+0000] {processor.py:153} INFO - Started process (PID=61084) to work on /home/airflow/.local/lib/python3.7/site-packages/airflow/example_dags/tutorial_dag.py
[2023-11-06T21:56:29.708+0000] {processor.py:743} INFO - Processing file /home/airflow/.local/lib/python3.7/site-packages/airflow/example_dags/tutorial_dag.py for tasks to queue
[2023-11-06T21:56:29.708+0000] {logging_mixin.py:137} INFO - [2023-11-06T21:56:29.708+0000] {dagbag.py:538} INFO - Filling up the DagBag from /home/airflow/.local/lib/python3.7/site-packages/airflow/example_dags/tutorial_dag.py
[2023-11-06T21:56:29.728+0000] {processor.py:753} INFO - DAG(s) dict_keys(['tutorial_dag']) retrieved from /home/airflow/.local/lib/python3.7/site-packages/airflow/example_dags/tutorial_dag.py
[2023-11-06T21:56:29.749+0000] {logging_mixin.py:137} INFO - [2023-11-06T21:56:29.749+0000] {dag.py:2690} INFO - Sync 1 DAGs
[2023-11-06T21:56:29.772+0000] {logging_mixin.py:137} INFO - [2023-11-06T21:56:29.772+0000] {dag.py:3441} INFO - Setting next_dagrun for tutorial_dag to None, run_after=None
[2023-11-06T21:56:29.788+0000] {processor.py:175} INFO - Processing /home/airflow/.local/lib/python3.7/site-packages/airflow/example_dags/tutorial_dag.py took 0.083 seconds
[2023-11-06T21:59:13.307+0000] {processor.py:153} INFO - Started process (PID=61161) to work on /home/airflow/.local/lib/python3.7/site-packages/airflow/example_dags/tutorial_dag.py
[2023-11-06T21:59:13.308+0000] {processor.py:743} INFO - Processing file /home/airflow/.local/lib/python3.7/site-packages/airflow/example_dags/tutorial_dag.py for tasks to queue
[2023-11-06T21:59:13.308+0000] {logging_mixin.py:137} INFO - [2023-11-06T21:59:13.308+0000] {dagbag.py:538} INFO - Filling up the DagBag from /home/airflow/.local/lib/python3.7/site-packages/airflow/example_dags/tutorial_dag.py
[2023-11-06T21:59:13.317+0000] {processor.py:753} INFO - DAG(s) dict_keys(['tutorial_dag']) retrieved from /home/airflow/.local/lib/python3.7/site-packages/airflow/example_dags/tutorial_dag.py
[2023-11-06T21:59:13.330+0000] {logging_mixin.py:137} INFO - [2023-11-06T21:59:13.330+0000] {dag.py:2690} INFO - Sync 1 DAGs
[2023-11-06T21:59:13.341+0000] {logging_mixin.py:137} INFO - [2023-11-06T21:59:13.341+0000] {dag.py:3441} INFO - Setting next_dagrun for tutorial_dag to None, run_after=None
[2023-11-06T21:59:13.349+0000] {processor.py:175} INFO - Processing /home/airflow/.local/lib/python3.7/site-packages/airflow/example_dags/tutorial_dag.py took 0.044 seconds
[2023-11-06T22:02:53.769+0000] {processor.py:153} INFO - Started process (PID=61256) to work on /home/airflow/.local/lib/python3.7/site-packages/airflow/example_dags/tutorial_dag.py
[2023-11-06T22:02:53.771+0000] {processor.py:743} INFO - Processing file /home/airflow/.local/lib/python3.7/site-packages/airflow/example_dags/tutorial_dag.py for tasks to queue
[2023-11-06T22:02:53.773+0000] {logging_mixin.py:137} INFO - [2023-11-06T22:02:53.773+0000] {dagbag.py:538} INFO - Filling up the DagBag from /home/airflow/.local/lib/python3.7/site-packages/airflow/example_dags/tutorial_dag.py
[2023-11-06T22:02:53.798+0000] {processor.py:753} INFO - DAG(s) dict_keys(['tutorial_dag']) retrieved from /home/airflow/.local/lib/python3.7/site-packages/airflow/example_dags/tutorial_dag.py
[2023-11-06T22:02:53.835+0000] {logging_mixin.py:137} INFO - [2023-11-06T22:02:53.835+0000] {dag.py:2690} INFO - Sync 1 DAGs
[2023-11-06T22:02:53.868+0000] {logging_mixin.py:137} INFO - [2023-11-06T22:02:53.868+0000] {dag.py:3441} INFO - Setting next_dagrun for tutorial_dag to None, run_after=None
[2023-11-06T22:02:53.884+0000] {processor.py:175} INFO - Processing /home/airflow/.local/lib/python3.7/site-packages/airflow/example_dags/tutorial_dag.py took 0.124 seconds
[2023-11-06T22:06:34.642+0000] {processor.py:153} INFO - Started process (PID=61339) to work on /home/airflow/.local/lib/python3.7/site-packages/airflow/example_dags/tutorial_dag.py
[2023-11-06T22:06:34.643+0000] {processor.py:743} INFO - Processing file /home/airflow/.local/lib/python3.7/site-packages/airflow/example_dags/tutorial_dag.py for tasks to queue
[2023-11-06T22:06:34.644+0000] {logging_mixin.py:137} INFO - [2023-11-06T22:06:34.644+0000] {dagbag.py:538} INFO - Filling up the DagBag from /home/airflow/.local/lib/python3.7/site-packages/airflow/example_dags/tutorial_dag.py
[2023-11-06T22:06:34.655+0000] {processor.py:753} INFO - DAG(s) dict_keys(['tutorial_dag']) retrieved from /home/airflow/.local/lib/python3.7/site-packages/airflow/example_dags/tutorial_dag.py
[2023-11-06T22:06:34.674+0000] {logging_mixin.py:137} INFO - [2023-11-06T22:06:34.674+0000] {dag.py:2690} INFO - Sync 1 DAGs
[2023-11-06T22:06:34.689+0000] {logging_mixin.py:137} INFO - [2023-11-06T22:06:34.689+0000] {dag.py:3441} INFO - Setting next_dagrun for tutorial_dag to None, run_after=None
[2023-11-06T22:06:34.699+0000] {processor.py:175} INFO - Processing /home/airflow/.local/lib/python3.7/site-packages/airflow/example_dags/tutorial_dag.py took 0.059 seconds
[2023-11-06T22:10:14.944+0000] {processor.py:153} INFO - Started process (PID=61427) to work on /home/airflow/.local/lib/python3.7/site-packages/airflow/example_dags/tutorial_dag.py
[2023-11-06T22:10:14.945+0000] {processor.py:743} INFO - Processing file /home/airflow/.local/lib/python3.7/site-packages/airflow/example_dags/tutorial_dag.py for tasks to queue
[2023-11-06T22:10:14.945+0000] {logging_mixin.py:137} INFO - [2023-11-06T22:10:14.945+0000] {dagbag.py:538} INFO - Filling up the DagBag from /home/airflow/.local/lib/python3.7/site-packages/airflow/example_dags/tutorial_dag.py
[2023-11-06T22:10:14.957+0000] {processor.py:753} INFO - DAG(s) dict_keys(['tutorial_dag']) retrieved from /home/airflow/.local/lib/python3.7/site-packages/airflow/example_dags/tutorial_dag.py
[2023-11-06T22:10:14.978+0000] {logging_mixin.py:137} INFO - [2023-11-06T22:10:14.978+0000] {dag.py:2690} INFO - Sync 1 DAGs
[2023-11-06T22:10:14.990+0000] {logging_mixin.py:137} INFO - [2023-11-06T22:10:14.990+0000] {dag.py:3441} INFO - Setting next_dagrun for tutorial_dag to None, run_after=None
[2023-11-06T22:10:14.999+0000] {processor.py:175} INFO - Processing /home/airflow/.local/lib/python3.7/site-packages/airflow/example_dags/tutorial_dag.py took 0.056 seconds
[2023-11-06T22:37:48.988+0000] {processor.py:153} INFO - Started process (PID=61522) to work on /home/airflow/.local/lib/python3.7/site-packages/airflow/example_dags/tutorial_dag.py
[2023-11-06T22:37:48.988+0000] {processor.py:743} INFO - Processing file /home/airflow/.local/lib/python3.7/site-packages/airflow/example_dags/tutorial_dag.py for tasks to queue
[2023-11-06T22:37:48.989+0000] {logging_mixin.py:137} INFO - [2023-11-06T22:37:48.988+0000] {dagbag.py:538} INFO - Filling up the DagBag from /home/airflow/.local/lib/python3.7/site-packages/airflow/example_dags/tutorial_dag.py
[2023-11-06T22:37:48.998+0000] {processor.py:753} INFO - DAG(s) dict_keys(['tutorial_dag']) retrieved from /home/airflow/.local/lib/python3.7/site-packages/airflow/example_dags/tutorial_dag.py
[2023-11-06T22:37:49.011+0000] {logging_mixin.py:137} INFO - [2023-11-06T22:37:49.011+0000] {dag.py:2690} INFO - Sync 1 DAGs
[2023-11-06T22:37:49.023+0000] {logging_mixin.py:137} INFO - [2023-11-06T22:37:49.023+0000] {dag.py:3441} INFO - Setting next_dagrun for tutorial_dag to None, run_after=None
[2023-11-06T22:37:49.031+0000] {processor.py:175} INFO - Processing /home/airflow/.local/lib/python3.7/site-packages/airflow/example_dags/tutorial_dag.py took 0.046 seconds
[2023-11-06T22:41:20.406+0000] {processor.py:153} INFO - Started process (PID=61599) to work on /home/airflow/.local/lib/python3.7/site-packages/airflow/example_dags/tutorial_dag.py
[2023-11-06T22:41:20.407+0000] {processor.py:743} INFO - Processing file /home/airflow/.local/lib/python3.7/site-packages/airflow/example_dags/tutorial_dag.py for tasks to queue
[2023-11-06T22:41:20.407+0000] {logging_mixin.py:137} INFO - [2023-11-06T22:41:20.407+0000] {dagbag.py:538} INFO - Filling up the DagBag from /home/airflow/.local/lib/python3.7/site-packages/airflow/example_dags/tutorial_dag.py
[2023-11-06T22:41:20.416+0000] {processor.py:753} INFO - DAG(s) dict_keys(['tutorial_dag']) retrieved from /home/airflow/.local/lib/python3.7/site-packages/airflow/example_dags/tutorial_dag.py
[2023-11-06T22:41:20.429+0000] {logging_mixin.py:137} INFO - [2023-11-06T22:41:20.429+0000] {dag.py:2690} INFO - Sync 1 DAGs
[2023-11-06T22:41:20.442+0000] {logging_mixin.py:137} INFO - [2023-11-06T22:41:20.442+0000] {dag.py:3441} INFO - Setting next_dagrun for tutorial_dag to None, run_after=None
[2023-11-06T22:41:20.450+0000] {processor.py:175} INFO - Processing /home/airflow/.local/lib/python3.7/site-packages/airflow/example_dags/tutorial_dag.py took 0.046 seconds
[2023-11-06T22:45:00.797+0000] {processor.py:153} INFO - Started process (PID=61694) to work on /home/airflow/.local/lib/python3.7/site-packages/airflow/example_dags/tutorial_dag.py
[2023-11-06T22:45:00.797+0000] {processor.py:743} INFO - Processing file /home/airflow/.local/lib/python3.7/site-packages/airflow/example_dags/tutorial_dag.py for tasks to queue
[2023-11-06T22:45:00.798+0000] {logging_mixin.py:137} INFO - [2023-11-06T22:45:00.797+0000] {dagbag.py:538} INFO - Filling up the DagBag from /home/airflow/.local/lib/python3.7/site-packages/airflow/example_dags/tutorial_dag.py
[2023-11-06T22:45:00.807+0000] {processor.py:753} INFO - DAG(s) dict_keys(['tutorial_dag']) retrieved from /home/airflow/.local/lib/python3.7/site-packages/airflow/example_dags/tutorial_dag.py
[2023-11-06T22:45:00.820+0000] {logging_mixin.py:137} INFO - [2023-11-06T22:45:00.820+0000] {dag.py:2690} INFO - Sync 1 DAGs
[2023-11-06T22:45:00.832+0000] {logging_mixin.py:137} INFO - [2023-11-06T22:45:00.832+0000] {dag.py:3441} INFO - Setting next_dagrun for tutorial_dag to None, run_after=None
[2023-11-06T22:45:00.843+0000] {processor.py:175} INFO - Processing /home/airflow/.local/lib/python3.7/site-packages/airflow/example_dags/tutorial_dag.py took 0.049 seconds
[2023-11-06T22:48:15.003+0000] {processor.py:153} INFO - Started process (PID=61789) to work on /home/airflow/.local/lib/python3.7/site-packages/airflow/example_dags/tutorial_dag.py
[2023-11-06T22:48:15.004+0000] {processor.py:743} INFO - Processing file /home/airflow/.local/lib/python3.7/site-packages/airflow/example_dags/tutorial_dag.py for tasks to queue
[2023-11-06T22:48:15.004+0000] {logging_mixin.py:137} INFO - [2023-11-06T22:48:15.004+0000] {dagbag.py:538} INFO - Filling up the DagBag from /home/airflow/.local/lib/python3.7/site-packages/airflow/example_dags/tutorial_dag.py
[2023-11-06T22:48:15.019+0000] {processor.py:753} INFO - DAG(s) dict_keys(['tutorial_dag']) retrieved from /home/airflow/.local/lib/python3.7/site-packages/airflow/example_dags/tutorial_dag.py
[2023-11-06T22:48:15.035+0000] {logging_mixin.py:137} INFO - [2023-11-06T22:48:15.035+0000] {dag.py:2690} INFO - Sync 1 DAGs
[2023-11-06T22:48:15.049+0000] {logging_mixin.py:137} INFO - [2023-11-06T22:48:15.049+0000] {dag.py:3441} INFO - Setting next_dagrun for tutorial_dag to None, run_after=None
[2023-11-06T22:48:15.059+0000] {processor.py:175} INFO - Processing /home/airflow/.local/lib/python3.7/site-packages/airflow/example_dags/tutorial_dag.py took 0.059 seconds
[2023-11-06T22:51:50.561+0000] {processor.py:153} INFO - Started process (PID=61866) to work on /home/airflow/.local/lib/python3.7/site-packages/airflow/example_dags/tutorial_dag.py
[2023-11-06T22:51:50.562+0000] {processor.py:743} INFO - Processing file /home/airflow/.local/lib/python3.7/site-packages/airflow/example_dags/tutorial_dag.py for tasks to queue
[2023-11-06T22:51:50.562+0000] {logging_mixin.py:137} INFO - [2023-11-06T22:51:50.562+0000] {dagbag.py:538} INFO - Filling up the DagBag from /home/airflow/.local/lib/python3.7/site-packages/airflow/example_dags/tutorial_dag.py
[2023-11-06T22:51:50.571+0000] {processor.py:753} INFO - DAG(s) dict_keys(['tutorial_dag']) retrieved from /home/airflow/.local/lib/python3.7/site-packages/airflow/example_dags/tutorial_dag.py
[2023-11-06T22:51:50.585+0000] {logging_mixin.py:137} INFO - [2023-11-06T22:51:50.585+0000] {dag.py:2690} INFO - Sync 1 DAGs
[2023-11-06T22:51:50.597+0000] {logging_mixin.py:137} INFO - [2023-11-06T22:51:50.597+0000] {dag.py:3441} INFO - Setting next_dagrun for tutorial_dag to None, run_after=None
[2023-11-06T22:51:50.606+0000] {processor.py:175} INFO - Processing /home/airflow/.local/lib/python3.7/site-packages/airflow/example_dags/tutorial_dag.py took 0.046 seconds
[2023-11-06T22:55:29.764+0000] {processor.py:153} INFO - Started process (PID=61961) to work on /home/airflow/.local/lib/python3.7/site-packages/airflow/example_dags/tutorial_dag.py
[2023-11-06T22:55:29.764+0000] {processor.py:743} INFO - Processing file /home/airflow/.local/lib/python3.7/site-packages/airflow/example_dags/tutorial_dag.py for tasks to queue
[2023-11-06T22:55:29.765+0000] {logging_mixin.py:137} INFO - [2023-11-06T22:55:29.765+0000] {dagbag.py:538} INFO - Filling up the DagBag from /home/airflow/.local/lib/python3.7/site-packages/airflow/example_dags/tutorial_dag.py
[2023-11-06T22:55:29.776+0000] {processor.py:753} INFO - DAG(s) dict_keys(['tutorial_dag']) retrieved from /home/airflow/.local/lib/python3.7/site-packages/airflow/example_dags/tutorial_dag.py
[2023-11-06T22:55:29.794+0000] {logging_mixin.py:137} INFO - [2023-11-06T22:55:29.794+0000] {dag.py:2690} INFO - Sync 1 DAGs
[2023-11-06T22:55:29.809+0000] {logging_mixin.py:137} INFO - [2023-11-06T22:55:29.809+0000] {dag.py:3441} INFO - Setting next_dagrun for tutorial_dag to None, run_after=None
[2023-11-06T22:55:29.817+0000] {processor.py:175} INFO - Processing /home/airflow/.local/lib/python3.7/site-packages/airflow/example_dags/tutorial_dag.py took 0.056 seconds
[2023-11-06T22:59:16.061+0000] {processor.py:153} INFO - Started process (PID=62056) to work on /home/airflow/.local/lib/python3.7/site-packages/airflow/example_dags/tutorial_dag.py
[2023-11-06T22:59:16.062+0000] {processor.py:743} INFO - Processing file /home/airflow/.local/lib/python3.7/site-packages/airflow/example_dags/tutorial_dag.py for tasks to queue
[2023-11-06T22:59:16.063+0000] {logging_mixin.py:137} INFO - [2023-11-06T22:59:16.063+0000] {dagbag.py:538} INFO - Filling up the DagBag from /home/airflow/.local/lib/python3.7/site-packages/airflow/example_dags/tutorial_dag.py
[2023-11-06T22:59:16.076+0000] {processor.py:753} INFO - DAG(s) dict_keys(['tutorial_dag']) retrieved from /home/airflow/.local/lib/python3.7/site-packages/airflow/example_dags/tutorial_dag.py
[2023-11-06T22:59:16.097+0000] {logging_mixin.py:137} INFO - [2023-11-06T22:59:16.097+0000] {dag.py:2690} INFO - Sync 1 DAGs
[2023-11-06T22:59:16.114+0000] {logging_mixin.py:137} INFO - [2023-11-06T22:59:16.114+0000] {dag.py:3441} INFO - Setting next_dagrun for tutorial_dag to None, run_after=None
[2023-11-06T22:59:16.124+0000] {processor.py:175} INFO - Processing /home/airflow/.local/lib/python3.7/site-packages/airflow/example_dags/tutorial_dag.py took 0.066 seconds
[2023-11-06T23:02:56.195+0000] {processor.py:153} INFO - Started process (PID=62133) to work on /home/airflow/.local/lib/python3.7/site-packages/airflow/example_dags/tutorial_dag.py
[2023-11-06T23:02:56.196+0000] {processor.py:743} INFO - Processing file /home/airflow/.local/lib/python3.7/site-packages/airflow/example_dags/tutorial_dag.py for tasks to queue
[2023-11-06T23:02:56.196+0000] {logging_mixin.py:137} INFO - [2023-11-06T23:02:56.196+0000] {dagbag.py:538} INFO - Filling up the DagBag from /home/airflow/.local/lib/python3.7/site-packages/airflow/example_dags/tutorial_dag.py
[2023-11-06T23:02:56.207+0000] {processor.py:753} INFO - DAG(s) dict_keys(['tutorial_dag']) retrieved from /home/airflow/.local/lib/python3.7/site-packages/airflow/example_dags/tutorial_dag.py
[2023-11-06T23:02:56.229+0000] {logging_mixin.py:137} INFO - [2023-11-06T23:02:56.229+0000] {dag.py:2690} INFO - Sync 1 DAGs
[2023-11-06T23:02:56.246+0000] {logging_mixin.py:137} INFO - [2023-11-06T23:02:56.246+0000] {dag.py:3441} INFO - Setting next_dagrun for tutorial_dag to None, run_after=None
[2023-11-06T23:02:56.256+0000] {processor.py:175} INFO - Processing /home/airflow/.local/lib/python3.7/site-packages/airflow/example_dags/tutorial_dag.py took 0.063 seconds
[2023-11-06T23:06:35.780+0000] {processor.py:153} INFO - Started process (PID=62228) to work on /home/airflow/.local/lib/python3.7/site-packages/airflow/example_dags/tutorial_dag.py
[2023-11-06T23:06:35.781+0000] {processor.py:743} INFO - Processing file /home/airflow/.local/lib/python3.7/site-packages/airflow/example_dags/tutorial_dag.py for tasks to queue
[2023-11-06T23:06:35.782+0000] {logging_mixin.py:137} INFO - [2023-11-06T23:06:35.782+0000] {dagbag.py:538} INFO - Filling up the DagBag from /home/airflow/.local/lib/python3.7/site-packages/airflow/example_dags/tutorial_dag.py
[2023-11-06T23:06:35.795+0000] {processor.py:753} INFO - DAG(s) dict_keys(['tutorial_dag']) retrieved from /home/airflow/.local/lib/python3.7/site-packages/airflow/example_dags/tutorial_dag.py
[2023-11-06T23:06:35.811+0000] {logging_mixin.py:137} INFO - [2023-11-06T23:06:35.811+0000] {dag.py:2690} INFO - Sync 1 DAGs
[2023-11-06T23:06:35.824+0000] {logging_mixin.py:137} INFO - [2023-11-06T23:06:35.824+0000] {dag.py:3441} INFO - Setting next_dagrun for tutorial_dag to None, run_after=None
[2023-11-06T23:06:35.833+0000] {processor.py:175} INFO - Processing /home/airflow/.local/lib/python3.7/site-packages/airflow/example_dags/tutorial_dag.py took 0.056 seconds
[2023-11-06T23:10:17.101+0000] {processor.py:153} INFO - Started process (PID=62305) to work on /home/airflow/.local/lib/python3.7/site-packages/airflow/example_dags/tutorial_dag.py
[2023-11-06T23:10:17.101+0000] {processor.py:743} INFO - Processing file /home/airflow/.local/lib/python3.7/site-packages/airflow/example_dags/tutorial_dag.py for tasks to queue
[2023-11-06T23:10:17.102+0000] {logging_mixin.py:137} INFO - [2023-11-06T23:10:17.102+0000] {dagbag.py:538} INFO - Filling up the DagBag from /home/airflow/.local/lib/python3.7/site-packages/airflow/example_dags/tutorial_dag.py
[2023-11-06T23:10:17.110+0000] {processor.py:753} INFO - DAG(s) dict_keys(['tutorial_dag']) retrieved from /home/airflow/.local/lib/python3.7/site-packages/airflow/example_dags/tutorial_dag.py
[2023-11-06T23:10:17.124+0000] {logging_mixin.py:137} INFO - [2023-11-06T23:10:17.124+0000] {dag.py:2690} INFO - Sync 1 DAGs
[2023-11-06T23:10:17.136+0000] {logging_mixin.py:137} INFO - [2023-11-06T23:10:17.136+0000] {dag.py:3441} INFO - Setting next_dagrun for tutorial_dag to None, run_after=None
[2023-11-06T23:10:17.145+0000] {processor.py:175} INFO - Processing /home/airflow/.local/lib/python3.7/site-packages/airflow/example_dags/tutorial_dag.py took 0.046 seconds
[2023-11-06T23:13:57.358+0000] {processor.py:153} INFO - Started process (PID=62400) to work on /home/airflow/.local/lib/python3.7/site-packages/airflow/example_dags/tutorial_dag.py
[2023-11-06T23:13:57.358+0000] {processor.py:743} INFO - Processing file /home/airflow/.local/lib/python3.7/site-packages/airflow/example_dags/tutorial_dag.py for tasks to queue
[2023-11-06T23:13:57.359+0000] {logging_mixin.py:137} INFO - [2023-11-06T23:13:57.359+0000] {dagbag.py:538} INFO - Filling up the DagBag from /home/airflow/.local/lib/python3.7/site-packages/airflow/example_dags/tutorial_dag.py
[2023-11-06T23:13:57.367+0000] {processor.py:753} INFO - DAG(s) dict_keys(['tutorial_dag']) retrieved from /home/airflow/.local/lib/python3.7/site-packages/airflow/example_dags/tutorial_dag.py
[2023-11-06T23:13:57.380+0000] {logging_mixin.py:137} INFO - [2023-11-06T23:13:57.380+0000] {dag.py:2690} INFO - Sync 1 DAGs
[2023-11-06T23:13:57.392+0000] {logging_mixin.py:137} INFO - [2023-11-06T23:13:57.392+0000] {dag.py:3441} INFO - Setting next_dagrun for tutorial_dag to None, run_after=None
[2023-11-06T23:13:57.400+0000] {processor.py:175} INFO - Processing /home/airflow/.local/lib/python3.7/site-packages/airflow/example_dags/tutorial_dag.py took 0.044 seconds
[2023-11-06T23:17:36.791+0000] {processor.py:153} INFO - Started process (PID=62495) to work on /home/airflow/.local/lib/python3.7/site-packages/airflow/example_dags/tutorial_dag.py
[2023-11-06T23:17:36.792+0000] {processor.py:743} INFO - Processing file /home/airflow/.local/lib/python3.7/site-packages/airflow/example_dags/tutorial_dag.py for tasks to queue
[2023-11-06T23:17:36.793+0000] {logging_mixin.py:137} INFO - [2023-11-06T23:17:36.793+0000] {dagbag.py:538} INFO - Filling up the DagBag from /home/airflow/.local/lib/python3.7/site-packages/airflow/example_dags/tutorial_dag.py
[2023-11-06T23:17:36.801+0000] {processor.py:753} INFO - DAG(s) dict_keys(['tutorial_dag']) retrieved from /home/airflow/.local/lib/python3.7/site-packages/airflow/example_dags/tutorial_dag.py
[2023-11-06T23:17:36.815+0000] {logging_mixin.py:137} INFO - [2023-11-06T23:17:36.815+0000] {dag.py:2690} INFO - Sync 1 DAGs
[2023-11-06T23:17:36.828+0000] {logging_mixin.py:137} INFO - [2023-11-06T23:17:36.828+0000] {dag.py:3441} INFO - Setting next_dagrun for tutorial_dag to None, run_after=None
[2023-11-06T23:17:36.836+0000] {processor.py:175} INFO - Processing /home/airflow/.local/lib/python3.7/site-packages/airflow/example_dags/tutorial_dag.py took 0.047 seconds
[2023-11-06T23:21:17.637+0000] {processor.py:153} INFO - Started process (PID=62572) to work on /home/airflow/.local/lib/python3.7/site-packages/airflow/example_dags/tutorial_dag.py
[2023-11-06T23:21:17.638+0000] {processor.py:743} INFO - Processing file /home/airflow/.local/lib/python3.7/site-packages/airflow/example_dags/tutorial_dag.py for tasks to queue
[2023-11-06T23:21:17.638+0000] {logging_mixin.py:137} INFO - [2023-11-06T23:21:17.638+0000] {dagbag.py:538} INFO - Filling up the DagBag from /home/airflow/.local/lib/python3.7/site-packages/airflow/example_dags/tutorial_dag.py
[2023-11-06T23:21:17.647+0000] {processor.py:753} INFO - DAG(s) dict_keys(['tutorial_dag']) retrieved from /home/airflow/.local/lib/python3.7/site-packages/airflow/example_dags/tutorial_dag.py
[2023-11-06T23:21:17.661+0000] {logging_mixin.py:137} INFO - [2023-11-06T23:21:17.661+0000] {dag.py:2690} INFO - Sync 1 DAGs
[2023-11-06T23:21:17.673+0000] {logging_mixin.py:137} INFO - [2023-11-06T23:21:17.673+0000] {dag.py:3441} INFO - Setting next_dagrun for tutorial_dag to None, run_after=None
[2023-11-06T23:21:17.683+0000] {processor.py:175} INFO - Processing /home/airflow/.local/lib/python3.7/site-packages/airflow/example_dags/tutorial_dag.py took 0.048 seconds
[2023-11-06T23:24:57.926+0000] {processor.py:153} INFO - Started process (PID=62667) to work on /home/airflow/.local/lib/python3.7/site-packages/airflow/example_dags/tutorial_dag.py
[2023-11-06T23:24:57.926+0000] {processor.py:743} INFO - Processing file /home/airflow/.local/lib/python3.7/site-packages/airflow/example_dags/tutorial_dag.py for tasks to queue
[2023-11-06T23:24:57.927+0000] {logging_mixin.py:137} INFO - [2023-11-06T23:24:57.927+0000] {dagbag.py:538} INFO - Filling up the DagBag from /home/airflow/.local/lib/python3.7/site-packages/airflow/example_dags/tutorial_dag.py
[2023-11-06T23:24:57.935+0000] {processor.py:753} INFO - DAG(s) dict_keys(['tutorial_dag']) retrieved from /home/airflow/.local/lib/python3.7/site-packages/airflow/example_dags/tutorial_dag.py
[2023-11-06T23:24:57.949+0000] {logging_mixin.py:137} INFO - [2023-11-06T23:24:57.948+0000] {dag.py:2690} INFO - Sync 1 DAGs
[2023-11-06T23:24:57.961+0000] {logging_mixin.py:137} INFO - [2023-11-06T23:24:57.960+0000] {dag.py:3441} INFO - Setting next_dagrun for tutorial_dag to None, run_after=None
[2023-11-06T23:24:57.969+0000] {processor.py:175} INFO - Processing /home/airflow/.local/lib/python3.7/site-packages/airflow/example_dags/tutorial_dag.py took 0.045 seconds
[2023-11-06T23:28:39.443+0000] {processor.py:153} INFO - Started process (PID=62762) to work on /home/airflow/.local/lib/python3.7/site-packages/airflow/example_dags/tutorial_dag.py
[2023-11-06T23:28:39.444+0000] {processor.py:743} INFO - Processing file /home/airflow/.local/lib/python3.7/site-packages/airflow/example_dags/tutorial_dag.py for tasks to queue
[2023-11-06T23:28:39.444+0000] {logging_mixin.py:137} INFO - [2023-11-06T23:28:39.444+0000] {dagbag.py:538} INFO - Filling up the DagBag from /home/airflow/.local/lib/python3.7/site-packages/airflow/example_dags/tutorial_dag.py
[2023-11-06T23:28:39.454+0000] {processor.py:753} INFO - DAG(s) dict_keys(['tutorial_dag']) retrieved from /home/airflow/.local/lib/python3.7/site-packages/airflow/example_dags/tutorial_dag.py
[2023-11-06T23:28:39.468+0000] {logging_mixin.py:137} INFO - [2023-11-06T23:28:39.468+0000] {dag.py:2690} INFO - Sync 1 DAGs
[2023-11-06T23:28:39.481+0000] {logging_mixin.py:137} INFO - [2023-11-06T23:28:39.481+0000] {dag.py:3441} INFO - Setting next_dagrun for tutorial_dag to None, run_after=None
[2023-11-06T23:28:39.492+0000] {processor.py:175} INFO - Processing /home/airflow/.local/lib/python3.7/site-packages/airflow/example_dags/tutorial_dag.py took 0.051 seconds
[2023-11-06T23:32:14.034+0000] {processor.py:153} INFO - Started process (PID=62839) to work on /home/airflow/.local/lib/python3.7/site-packages/airflow/example_dags/tutorial_dag.py
[2023-11-06T23:32:14.034+0000] {processor.py:743} INFO - Processing file /home/airflow/.local/lib/python3.7/site-packages/airflow/example_dags/tutorial_dag.py for tasks to queue
[2023-11-06T23:32:14.035+0000] {logging_mixin.py:137} INFO - [2023-11-06T23:32:14.034+0000] {dagbag.py:538} INFO - Filling up the DagBag from /home/airflow/.local/lib/python3.7/site-packages/airflow/example_dags/tutorial_dag.py
[2023-11-06T23:32:14.043+0000] {processor.py:753} INFO - DAG(s) dict_keys(['tutorial_dag']) retrieved from /home/airflow/.local/lib/python3.7/site-packages/airflow/example_dags/tutorial_dag.py
[2023-11-06T23:32:14.057+0000] {logging_mixin.py:137} INFO - [2023-11-06T23:32:14.057+0000] {dag.py:2690} INFO - Sync 1 DAGs
[2023-11-06T23:32:14.069+0000] {logging_mixin.py:137} INFO - [2023-11-06T23:32:14.069+0000] {dag.py:3441} INFO - Setting next_dagrun for tutorial_dag to None, run_after=None
[2023-11-06T23:32:14.078+0000] {processor.py:175} INFO - Processing /home/airflow/.local/lib/python3.7/site-packages/airflow/example_dags/tutorial_dag.py took 0.046 seconds
[2023-11-06T23:35:54.776+0000] {processor.py:153} INFO - Started process (PID=62934) to work on /home/airflow/.local/lib/python3.7/site-packages/airflow/example_dags/tutorial_dag.py
[2023-11-06T23:35:54.777+0000] {processor.py:743} INFO - Processing file /home/airflow/.local/lib/python3.7/site-packages/airflow/example_dags/tutorial_dag.py for tasks to queue
[2023-11-06T23:35:54.777+0000] {logging_mixin.py:137} INFO - [2023-11-06T23:35:54.777+0000] {dagbag.py:538} INFO - Filling up the DagBag from /home/airflow/.local/lib/python3.7/site-packages/airflow/example_dags/tutorial_dag.py
[2023-11-06T23:35:54.787+0000] {processor.py:753} INFO - DAG(s) dict_keys(['tutorial_dag']) retrieved from /home/airflow/.local/lib/python3.7/site-packages/airflow/example_dags/tutorial_dag.py
[2023-11-06T23:35:54.801+0000] {logging_mixin.py:137} INFO - [2023-11-06T23:35:54.801+0000] {dag.py:2690} INFO - Sync 1 DAGs
[2023-11-06T23:35:54.814+0000] {logging_mixin.py:137} INFO - [2023-11-06T23:35:54.814+0000] {dag.py:3441} INFO - Setting next_dagrun for tutorial_dag to None, run_after=None
[2023-11-06T23:35:54.823+0000] {processor.py:175} INFO - Processing /home/airflow/.local/lib/python3.7/site-packages/airflow/example_dags/tutorial_dag.py took 0.049 seconds
[2023-11-06T23:39:35.152+0000] {processor.py:153} INFO - Started process (PID=63011) to work on /home/airflow/.local/lib/python3.7/site-packages/airflow/example_dags/tutorial_dag.py
[2023-11-06T23:39:35.153+0000] {processor.py:743} INFO - Processing file /home/airflow/.local/lib/python3.7/site-packages/airflow/example_dags/tutorial_dag.py for tasks to queue
[2023-11-06T23:39:35.153+0000] {logging_mixin.py:137} INFO - [2023-11-06T23:39:35.153+0000] {dagbag.py:538} INFO - Filling up the DagBag from /home/airflow/.local/lib/python3.7/site-packages/airflow/example_dags/tutorial_dag.py
[2023-11-06T23:39:35.162+0000] {processor.py:753} INFO - DAG(s) dict_keys(['tutorial_dag']) retrieved from /home/airflow/.local/lib/python3.7/site-packages/airflow/example_dags/tutorial_dag.py
[2023-11-06T23:39:35.176+0000] {logging_mixin.py:137} INFO - [2023-11-06T23:39:35.176+0000] {dag.py:2690} INFO - Sync 1 DAGs
[2023-11-06T23:39:35.188+0000] {logging_mixin.py:137} INFO - [2023-11-06T23:39:35.188+0000] {dag.py:3441} INFO - Setting next_dagrun for tutorial_dag to None, run_after=None
[2023-11-06T23:39:35.196+0000] {processor.py:175} INFO - Processing /home/airflow/.local/lib/python3.7/site-packages/airflow/example_dags/tutorial_dag.py took 0.046 seconds
[2023-11-06T23:43:15.052+0000] {processor.py:153} INFO - Started process (PID=63106) to work on /home/airflow/.local/lib/python3.7/site-packages/airflow/example_dags/tutorial_dag.py
[2023-11-06T23:43:15.053+0000] {processor.py:743} INFO - Processing file /home/airflow/.local/lib/python3.7/site-packages/airflow/example_dags/tutorial_dag.py for tasks to queue
[2023-11-06T23:43:15.053+0000] {logging_mixin.py:137} INFO - [2023-11-06T23:43:15.053+0000] {dagbag.py:538} INFO - Filling up the DagBag from /home/airflow/.local/lib/python3.7/site-packages/airflow/example_dags/tutorial_dag.py
[2023-11-06T23:43:15.062+0000] {processor.py:753} INFO - DAG(s) dict_keys(['tutorial_dag']) retrieved from /home/airflow/.local/lib/python3.7/site-packages/airflow/example_dags/tutorial_dag.py
[2023-11-06T23:43:15.076+0000] {logging_mixin.py:137} INFO - [2023-11-06T23:43:15.075+0000] {dag.py:2690} INFO - Sync 1 DAGs
[2023-11-06T23:43:15.088+0000] {logging_mixin.py:137} INFO - [2023-11-06T23:43:15.088+0000] {dag.py:3441} INFO - Setting next_dagrun for tutorial_dag to None, run_after=None
[2023-11-06T23:43:15.101+0000] {processor.py:175} INFO - Processing /home/airflow/.local/lib/python3.7/site-packages/airflow/example_dags/tutorial_dag.py took 0.051 seconds
