[2023-11-06T00:55:50.848+0000] {processor.py:153} INFO - Started process (PID=57650) to work on /home/airflow/.local/lib/python3.7/site-packages/airflow/example_dags/tutorial_taskflow_api_virtualenv.py
[2023-11-06T00:55:50.849+0000] {processor.py:743} INFO - Processing file /home/airflow/.local/lib/python3.7/site-packages/airflow/example_dags/tutorial_taskflow_api_virtualenv.py for tasks to queue
[2023-11-06T00:55:50.850+0000] {logging_mixin.py:137} INFO - [2023-11-06T00:55:50.850+0000] {dagbag.py:538} INFO - Filling up the DagBag from /home/airflow/.local/lib/python3.7/site-packages/airflow/example_dags/tutorial_taskflow_api_virtualenv.py
[2023-11-06T00:55:50.870+0000] {processor.py:753} INFO - DAG(s) dict_keys(['tutorial_taskflow_api_virtualenv']) retrieved from /home/airflow/.local/lib/python3.7/site-packages/airflow/example_dags/tutorial_taskflow_api_virtualenv.py
[2023-11-06T00:55:50.888+0000] {logging_mixin.py:137} INFO - [2023-11-06T00:55:50.888+0000] {dag.py:2690} INFO - Sync 1 DAGs
[2023-11-06T00:55:50.905+0000] {logging_mixin.py:137} INFO - [2023-11-06T00:55:50.905+0000] {dag.py:3441} INFO - Setting next_dagrun for tutorial_taskflow_api_virtualenv to None, run_after=None
[2023-11-06T00:55:50.917+0000] {processor.py:175} INFO - Processing /home/airflow/.local/lib/python3.7/site-packages/airflow/example_dags/tutorial_taskflow_api_virtualenv.py took 0.072 seconds
[2023-11-06T02:12:55.283+0000] {processor.py:153} INFO - Started process (PID=57727) to work on /home/airflow/.local/lib/python3.7/site-packages/airflow/example_dags/tutorial_taskflow_api_virtualenv.py
[2023-11-06T02:12:55.284+0000] {processor.py:743} INFO - Processing file /home/airflow/.local/lib/python3.7/site-packages/airflow/example_dags/tutorial_taskflow_api_virtualenv.py for tasks to queue
[2023-11-06T02:12:55.284+0000] {logging_mixin.py:137} INFO - [2023-11-06T02:12:55.284+0000] {dagbag.py:538} INFO - Filling up the DagBag from /home/airflow/.local/lib/python3.7/site-packages/airflow/example_dags/tutorial_taskflow_api_virtualenv.py
[2023-11-06T02:12:55.297+0000] {processor.py:753} INFO - DAG(s) dict_keys(['tutorial_taskflow_api_virtualenv']) retrieved from /home/airflow/.local/lib/python3.7/site-packages/airflow/example_dags/tutorial_taskflow_api_virtualenv.py
[2023-11-06T02:12:55.311+0000] {logging_mixin.py:137} INFO - [2023-11-06T02:12:55.311+0000] {dag.py:2690} INFO - Sync 1 DAGs
[2023-11-06T02:12:55.323+0000] {logging_mixin.py:137} INFO - [2023-11-06T02:12:55.322+0000] {dag.py:3441} INFO - Setting next_dagrun for tutorial_taskflow_api_virtualenv to None, run_after=None
[2023-11-06T02:12:55.330+0000] {processor.py:175} INFO - Processing /home/airflow/.local/lib/python3.7/site-packages/airflow/example_dags/tutorial_taskflow_api_virtualenv.py took 0.049 seconds
[2023-11-06T03:35:48.486+0000] {processor.py:153} INFO - Started process (PID=57822) to work on /home/airflow/.local/lib/python3.7/site-packages/airflow/example_dags/tutorial_taskflow_api_virtualenv.py
[2023-11-06T03:35:48.486+0000] {processor.py:743} INFO - Processing file /home/airflow/.local/lib/python3.7/site-packages/airflow/example_dags/tutorial_taskflow_api_virtualenv.py for tasks to queue
[2023-11-06T03:35:48.487+0000] {logging_mixin.py:137} INFO - [2023-11-06T03:35:48.487+0000] {dagbag.py:538} INFO - Filling up the DagBag from /home/airflow/.local/lib/python3.7/site-packages/airflow/example_dags/tutorial_taskflow_api_virtualenv.py
[2023-11-06T03:35:48.499+0000] {processor.py:753} INFO - DAG(s) dict_keys(['tutorial_taskflow_api_virtualenv']) retrieved from /home/airflow/.local/lib/python3.7/site-packages/airflow/example_dags/tutorial_taskflow_api_virtualenv.py
[2023-11-06T03:35:48.512+0000] {logging_mixin.py:137} INFO - [2023-11-06T03:35:48.512+0000] {dag.py:2690} INFO - Sync 1 DAGs
[2023-11-06T03:35:48.524+0000] {logging_mixin.py:137} INFO - [2023-11-06T03:35:48.524+0000] {dag.py:3441} INFO - Setting next_dagrun for tutorial_taskflow_api_virtualenv to None, run_after=None
[2023-11-06T03:35:48.532+0000] {processor.py:175} INFO - Processing /home/airflow/.local/lib/python3.7/site-packages/airflow/example_dags/tutorial_taskflow_api_virtualenv.py took 0.048 seconds
[2023-11-06T04:40:20.167+0000] {processor.py:153} INFO - Started process (PID=57918) to work on /home/airflow/.local/lib/python3.7/site-packages/airflow/example_dags/tutorial_taskflow_api_virtualenv.py
[2023-11-06T04:40:20.168+0000] {processor.py:743} INFO - Processing file /home/airflow/.local/lib/python3.7/site-packages/airflow/example_dags/tutorial_taskflow_api_virtualenv.py for tasks to queue
[2023-11-06T04:40:20.169+0000] {logging_mixin.py:137} INFO - [2023-11-06T04:40:20.169+0000] {dagbag.py:538} INFO - Filling up the DagBag from /home/airflow/.local/lib/python3.7/site-packages/airflow/example_dags/tutorial_taskflow_api_virtualenv.py
[2023-11-06T04:40:20.183+0000] {processor.py:753} INFO - DAG(s) dict_keys(['tutorial_taskflow_api_virtualenv']) retrieved from /home/airflow/.local/lib/python3.7/site-packages/airflow/example_dags/tutorial_taskflow_api_virtualenv.py
[2023-11-06T04:40:20.198+0000] {logging_mixin.py:137} INFO - [2023-11-06T04:40:20.198+0000] {dag.py:2690} INFO - Sync 1 DAGs
[2023-11-06T04:40:20.211+0000] {logging_mixin.py:137} INFO - [2023-11-06T04:40:20.211+0000] {dag.py:3441} INFO - Setting next_dagrun for tutorial_taskflow_api_virtualenv to None, run_after=None
[2023-11-06T04:40:20.221+0000] {processor.py:175} INFO - Processing /home/airflow/.local/lib/python3.7/site-packages/airflow/example_dags/tutorial_taskflow_api_virtualenv.py took 0.056 seconds
[2023-11-06T06:06:27.872+0000] {processor.py:153} INFO - Started process (PID=57995) to work on /home/airflow/.local/lib/python3.7/site-packages/airflow/example_dags/tutorial_taskflow_api_virtualenv.py
[2023-11-06T06:06:27.873+0000] {processor.py:743} INFO - Processing file /home/airflow/.local/lib/python3.7/site-packages/airflow/example_dags/tutorial_taskflow_api_virtualenv.py for tasks to queue
[2023-11-06T06:06:27.873+0000] {logging_mixin.py:137} INFO - [2023-11-06T06:06:27.873+0000] {dagbag.py:538} INFO - Filling up the DagBag from /home/airflow/.local/lib/python3.7/site-packages/airflow/example_dags/tutorial_taskflow_api_virtualenv.py
[2023-11-06T06:06:27.887+0000] {processor.py:753} INFO - DAG(s) dict_keys(['tutorial_taskflow_api_virtualenv']) retrieved from /home/airflow/.local/lib/python3.7/site-packages/airflow/example_dags/tutorial_taskflow_api_virtualenv.py
[2023-11-06T06:06:27.901+0000] {logging_mixin.py:137} INFO - [2023-11-06T06:06:27.901+0000] {dag.py:2690} INFO - Sync 1 DAGs
[2023-11-06T06:06:27.913+0000] {logging_mixin.py:137} INFO - [2023-11-06T06:06:27.912+0000] {dag.py:3441} INFO - Setting next_dagrun for tutorial_taskflow_api_virtualenv to None, run_after=None
[2023-11-06T06:06:27.921+0000] {processor.py:175} INFO - Processing /home/airflow/.local/lib/python3.7/site-packages/airflow/example_dags/tutorial_taskflow_api_virtualenv.py took 0.051 seconds
[2023-11-06T07:31:51.052+0000] {processor.py:153} INFO - Started process (PID=58090) to work on /home/airflow/.local/lib/python3.7/site-packages/airflow/example_dags/tutorial_taskflow_api_virtualenv.py
[2023-11-06T07:31:51.053+0000] {processor.py:743} INFO - Processing file /home/airflow/.local/lib/python3.7/site-packages/airflow/example_dags/tutorial_taskflow_api_virtualenv.py for tasks to queue
[2023-11-06T07:31:51.053+0000] {logging_mixin.py:137} INFO - [2023-11-06T07:31:51.053+0000] {dagbag.py:538} INFO - Filling up the DagBag from /home/airflow/.local/lib/python3.7/site-packages/airflow/example_dags/tutorial_taskflow_api_virtualenv.py
[2023-11-06T07:31:51.066+0000] {processor.py:753} INFO - DAG(s) dict_keys(['tutorial_taskflow_api_virtualenv']) retrieved from /home/airflow/.local/lib/python3.7/site-packages/airflow/example_dags/tutorial_taskflow_api_virtualenv.py
[2023-11-06T07:31:51.079+0000] {logging_mixin.py:137} INFO - [2023-11-06T07:31:51.079+0000] {dag.py:2690} INFO - Sync 1 DAGs
[2023-11-06T07:31:51.090+0000] {logging_mixin.py:137} INFO - [2023-11-06T07:31:51.090+0000] {dag.py:3441} INFO - Setting next_dagrun for tutorial_taskflow_api_virtualenv to None, run_after=None
[2023-11-06T07:31:51.098+0000] {processor.py:175} INFO - Processing /home/airflow/.local/lib/python3.7/site-packages/airflow/example_dags/tutorial_taskflow_api_virtualenv.py took 0.048 seconds
[2023-11-06T08:45:39.410+0000] {processor.py:153} INFO - Started process (PID=58167) to work on /home/airflow/.local/lib/python3.7/site-packages/airflow/example_dags/tutorial_taskflow_api_virtualenv.py
[2023-11-06T08:45:39.411+0000] {processor.py:743} INFO - Processing file /home/airflow/.local/lib/python3.7/site-packages/airflow/example_dags/tutorial_taskflow_api_virtualenv.py for tasks to queue
[2023-11-06T08:45:39.411+0000] {logging_mixin.py:137} INFO - [2023-11-06T08:45:39.411+0000] {dagbag.py:538} INFO - Filling up the DagBag from /home/airflow/.local/lib/python3.7/site-packages/airflow/example_dags/tutorial_taskflow_api_virtualenv.py
[2023-11-06T08:45:39.424+0000] {processor.py:753} INFO - DAG(s) dict_keys(['tutorial_taskflow_api_virtualenv']) retrieved from /home/airflow/.local/lib/python3.7/site-packages/airflow/example_dags/tutorial_taskflow_api_virtualenv.py
[2023-11-06T08:45:39.443+0000] {logging_mixin.py:137} INFO - [2023-11-06T08:45:39.442+0000] {dag.py:2690} INFO - Sync 1 DAGs
[2023-11-06T08:45:39.454+0000] {logging_mixin.py:137} INFO - [2023-11-06T08:45:39.454+0000] {dag.py:3441} INFO - Setting next_dagrun for tutorial_taskflow_api_virtualenv to None, run_after=None
[2023-11-06T08:45:39.463+0000] {processor.py:175} INFO - Processing /home/airflow/.local/lib/python3.7/site-packages/airflow/example_dags/tutorial_taskflow_api_virtualenv.py took 0.055 seconds
[2023-11-06T10:09:13.282+0000] {processor.py:153} INFO - Started process (PID=58261) to work on /home/airflow/.local/lib/python3.7/site-packages/airflow/example_dags/tutorial_taskflow_api_virtualenv.py
[2023-11-06T10:09:13.283+0000] {processor.py:743} INFO - Processing file /home/airflow/.local/lib/python3.7/site-packages/airflow/example_dags/tutorial_taskflow_api_virtualenv.py for tasks to queue
[2023-11-06T10:09:13.283+0000] {logging_mixin.py:137} INFO - [2023-11-06T10:09:13.283+0000] {dagbag.py:538} INFO - Filling up the DagBag from /home/airflow/.local/lib/python3.7/site-packages/airflow/example_dags/tutorial_taskflow_api_virtualenv.py
[2023-11-06T10:09:13.304+0000] {processor.py:753} INFO - DAG(s) dict_keys(['tutorial_taskflow_api_virtualenv']) retrieved from /home/airflow/.local/lib/python3.7/site-packages/airflow/example_dags/tutorial_taskflow_api_virtualenv.py
[2023-11-06T10:09:13.323+0000] {logging_mixin.py:137} INFO - [2023-11-06T10:09:13.322+0000] {dag.py:2690} INFO - Sync 1 DAGs
[2023-11-06T10:09:13.339+0000] {logging_mixin.py:137} INFO - [2023-11-06T10:09:13.339+0000] {dag.py:3441} INFO - Setting next_dagrun for tutorial_taskflow_api_virtualenv to None, run_after=None
[2023-11-06T10:09:13.355+0000] {processor.py:175} INFO - Processing /home/airflow/.local/lib/python3.7/site-packages/airflow/example_dags/tutorial_taskflow_api_virtualenv.py took 0.075 seconds
[2023-11-06T11:32:20.139+0000] {processor.py:153} INFO - Started process (PID=58347) to work on /home/airflow/.local/lib/python3.7/site-packages/airflow/example_dags/tutorial_taskflow_api_virtualenv.py
[2023-11-06T11:32:20.140+0000] {processor.py:743} INFO - Processing file /home/airflow/.local/lib/python3.7/site-packages/airflow/example_dags/tutorial_taskflow_api_virtualenv.py for tasks to queue
[2023-11-06T11:32:20.141+0000] {logging_mixin.py:137} INFO - [2023-11-06T11:32:20.141+0000] {dagbag.py:538} INFO - Filling up the DagBag from /home/airflow/.local/lib/python3.7/site-packages/airflow/example_dags/tutorial_taskflow_api_virtualenv.py
[2023-11-06T11:32:20.164+0000] {processor.py:753} INFO - DAG(s) dict_keys(['tutorial_taskflow_api_virtualenv']) retrieved from /home/airflow/.local/lib/python3.7/site-packages/airflow/example_dags/tutorial_taskflow_api_virtualenv.py
[2023-11-06T11:32:20.181+0000] {logging_mixin.py:137} INFO - [2023-11-06T11:32:20.181+0000] {dag.py:2690} INFO - Sync 1 DAGs
[2023-11-06T11:32:20.196+0000] {logging_mixin.py:137} INFO - [2023-11-06T11:32:20.196+0000] {dag.py:3441} INFO - Setting next_dagrun for tutorial_taskflow_api_virtualenv to None, run_after=None
[2023-11-06T11:32:20.207+0000] {processor.py:175} INFO - Processing /home/airflow/.local/lib/python3.7/site-packages/airflow/example_dags/tutorial_taskflow_api_virtualenv.py took 0.071 seconds
[2023-11-06T12:55:46.181+0000] {processor.py:153} INFO - Started process (PID=58433) to work on /home/airflow/.local/lib/python3.7/site-packages/airflow/example_dags/tutorial_taskflow_api_virtualenv.py
[2023-11-06T12:55:46.182+0000] {processor.py:743} INFO - Processing file /home/airflow/.local/lib/python3.7/site-packages/airflow/example_dags/tutorial_taskflow_api_virtualenv.py for tasks to queue
[2023-11-06T12:55:46.182+0000] {logging_mixin.py:137} INFO - [2023-11-06T12:55:46.182+0000] {dagbag.py:538} INFO - Filling up the DagBag from /home/airflow/.local/lib/python3.7/site-packages/airflow/example_dags/tutorial_taskflow_api_virtualenv.py
[2023-11-06T12:55:46.195+0000] {processor.py:753} INFO - DAG(s) dict_keys(['tutorial_taskflow_api_virtualenv']) retrieved from /home/airflow/.local/lib/python3.7/site-packages/airflow/example_dags/tutorial_taskflow_api_virtualenv.py
[2023-11-06T12:55:46.209+0000] {logging_mixin.py:137} INFO - [2023-11-06T12:55:46.209+0000] {dag.py:2690} INFO - Sync 1 DAGs
[2023-11-06T12:55:46.220+0000] {logging_mixin.py:137} INFO - [2023-11-06T12:55:46.220+0000] {dag.py:3441} INFO - Setting next_dagrun for tutorial_taskflow_api_virtualenv to None, run_after=None
[2023-11-06T12:55:46.227+0000] {processor.py:175} INFO - Processing /home/airflow/.local/lib/python3.7/site-packages/airflow/example_dags/tutorial_taskflow_api_virtualenv.py took 0.049 seconds
[2023-11-06T14:06:53.417+0000] {processor.py:153} INFO - Started process (PID=58528) to work on /home/airflow/.local/lib/python3.7/site-packages/airflow/example_dags/tutorial_taskflow_api_virtualenv.py
[2023-11-06T14:06:53.419+0000] {processor.py:743} INFO - Processing file /home/airflow/.local/lib/python3.7/site-packages/airflow/example_dags/tutorial_taskflow_api_virtualenv.py for tasks to queue
[2023-11-06T14:06:53.420+0000] {logging_mixin.py:137} INFO - [2023-11-06T14:06:53.420+0000] {dagbag.py:538} INFO - Filling up the DagBag from /home/airflow/.local/lib/python3.7/site-packages/airflow/example_dags/tutorial_taskflow_api_virtualenv.py
[2023-11-06T14:06:53.457+0000] {processor.py:753} INFO - DAG(s) dict_keys(['tutorial_taskflow_api_virtualenv']) retrieved from /home/airflow/.local/lib/python3.7/site-packages/airflow/example_dags/tutorial_taskflow_api_virtualenv.py
[2023-11-06T14:06:53.494+0000] {logging_mixin.py:137} INFO - [2023-11-06T14:06:53.494+0000] {dag.py:2690} INFO - Sync 1 DAGs
[2023-11-06T14:06:53.509+0000] {logging_mixin.py:137} INFO - [2023-11-06T14:06:53.509+0000] {dag.py:3441} INFO - Setting next_dagrun for tutorial_taskflow_api_virtualenv to None, run_after=None
[2023-11-06T14:06:53.518+0000] {processor.py:175} INFO - Processing /home/airflow/.local/lib/python3.7/site-packages/airflow/example_dags/tutorial_taskflow_api_virtualenv.py took 0.248 seconds
[2023-11-06T15:27:50.979+0000] {processor.py:153} INFO - Started process (PID=58605) to work on /home/airflow/.local/lib/python3.7/site-packages/airflow/example_dags/tutorial_taskflow_api_virtualenv.py
[2023-11-06T15:27:50.979+0000] {processor.py:743} INFO - Processing file /home/airflow/.local/lib/python3.7/site-packages/airflow/example_dags/tutorial_taskflow_api_virtualenv.py for tasks to queue
[2023-11-06T15:27:50.980+0000] {logging_mixin.py:137} INFO - [2023-11-06T15:27:50.980+0000] {dagbag.py:538} INFO - Filling up the DagBag from /home/airflow/.local/lib/python3.7/site-packages/airflow/example_dags/tutorial_taskflow_api_virtualenv.py
[2023-11-06T15:27:50.994+0000] {processor.py:753} INFO - DAG(s) dict_keys(['tutorial_taskflow_api_virtualenv']) retrieved from /home/airflow/.local/lib/python3.7/site-packages/airflow/example_dags/tutorial_taskflow_api_virtualenv.py
[2023-11-06T15:27:51.008+0000] {logging_mixin.py:137} INFO - [2023-11-06T15:27:51.008+0000] {dag.py:2690} INFO - Sync 1 DAGs
[2023-11-06T15:27:51.021+0000] {logging_mixin.py:137} INFO - [2023-11-06T15:27:51.021+0000] {dag.py:3441} INFO - Setting next_dagrun for tutorial_taskflow_api_virtualenv to None, run_after=None
[2023-11-06T15:27:51.031+0000] {processor.py:175} INFO - Processing /home/airflow/.local/lib/python3.7/site-packages/airflow/example_dags/tutorial_taskflow_api_virtualenv.py took 0.054 seconds
[2023-11-06T16:20:05.794+0000] {processor.py:153} INFO - Started process (PID=58700) to work on /home/airflow/.local/lib/python3.7/site-packages/airflow/example_dags/tutorial_taskflow_api_virtualenv.py
[2023-11-06T16:20:05.795+0000] {processor.py:743} INFO - Processing file /home/airflow/.local/lib/python3.7/site-packages/airflow/example_dags/tutorial_taskflow_api_virtualenv.py for tasks to queue
[2023-11-06T16:20:05.796+0000] {logging_mixin.py:137} INFO - [2023-11-06T16:20:05.795+0000] {dagbag.py:538} INFO - Filling up the DagBag from /home/airflow/.local/lib/python3.7/site-packages/airflow/example_dags/tutorial_taskflow_api_virtualenv.py
[2023-11-06T16:20:05.810+0000] {processor.py:753} INFO - DAG(s) dict_keys(['tutorial_taskflow_api_virtualenv']) retrieved from /home/airflow/.local/lib/python3.7/site-packages/airflow/example_dags/tutorial_taskflow_api_virtualenv.py
[2023-11-06T16:20:05.828+0000] {logging_mixin.py:137} INFO - [2023-11-06T16:20:05.827+0000] {dag.py:2690} INFO - Sync 1 DAGs
[2023-11-06T16:20:05.840+0000] {logging_mixin.py:137} INFO - [2023-11-06T16:20:05.840+0000] {dag.py:3441} INFO - Setting next_dagrun for tutorial_taskflow_api_virtualenv to None, run_after=None
[2023-11-06T16:20:05.849+0000] {processor.py:175} INFO - Processing /home/airflow/.local/lib/python3.7/site-packages/airflow/example_dags/tutorial_taskflow_api_virtualenv.py took 0.060 seconds
[2023-11-06T17:25:17.107+0000] {processor.py:153} INFO - Started process (PID=58777) to work on /home/airflow/.local/lib/python3.7/site-packages/airflow/example_dags/tutorial_taskflow_api_virtualenv.py
[2023-11-06T17:25:17.108+0000] {processor.py:743} INFO - Processing file /home/airflow/.local/lib/python3.7/site-packages/airflow/example_dags/tutorial_taskflow_api_virtualenv.py for tasks to queue
[2023-11-06T17:25:17.110+0000] {logging_mixin.py:137} INFO - [2023-11-06T17:25:17.110+0000] {dagbag.py:538} INFO - Filling up the DagBag from /home/airflow/.local/lib/python3.7/site-packages/airflow/example_dags/tutorial_taskflow_api_virtualenv.py
[2023-11-06T17:25:17.127+0000] {processor.py:753} INFO - DAG(s) dict_keys(['tutorial_taskflow_api_virtualenv']) retrieved from /home/airflow/.local/lib/python3.7/site-packages/airflow/example_dags/tutorial_taskflow_api_virtualenv.py
[2023-11-06T17:25:17.150+0000] {logging_mixin.py:137} INFO - [2023-11-06T17:25:17.149+0000] {dag.py:2690} INFO - Sync 1 DAGs
[2023-11-06T17:25:17.164+0000] {logging_mixin.py:137} INFO - [2023-11-06T17:25:17.164+0000] {dag.py:3441} INFO - Setting next_dagrun for tutorial_taskflow_api_virtualenv to None, run_after=None
[2023-11-06T17:25:17.173+0000] {processor.py:175} INFO - Processing /home/airflow/.local/lib/python3.7/site-packages/airflow/example_dags/tutorial_taskflow_api_virtualenv.py took 0.069 seconds
[2023-11-06T18:48:30.378+0000] {processor.py:153} INFO - Started process (PID=58872) to work on /home/airflow/.local/lib/python3.7/site-packages/airflow/example_dags/tutorial_taskflow_api_virtualenv.py
[2023-11-06T18:48:30.378+0000] {processor.py:743} INFO - Processing file /home/airflow/.local/lib/python3.7/site-packages/airflow/example_dags/tutorial_taskflow_api_virtualenv.py for tasks to queue
[2023-11-06T18:48:30.379+0000] {logging_mixin.py:137} INFO - [2023-11-06T18:48:30.379+0000] {dagbag.py:538} INFO - Filling up the DagBag from /home/airflow/.local/lib/python3.7/site-packages/airflow/example_dags/tutorial_taskflow_api_virtualenv.py
[2023-11-06T18:48:30.393+0000] {processor.py:753} INFO - DAG(s) dict_keys(['tutorial_taskflow_api_virtualenv']) retrieved from /home/airflow/.local/lib/python3.7/site-packages/airflow/example_dags/tutorial_taskflow_api_virtualenv.py
[2023-11-06T18:48:30.409+0000] {logging_mixin.py:137} INFO - [2023-11-06T18:48:30.409+0000] {dag.py:2690} INFO - Sync 1 DAGs
[2023-11-06T18:48:30.425+0000] {logging_mixin.py:137} INFO - [2023-11-06T18:48:30.425+0000] {dag.py:3441} INFO - Setting next_dagrun for tutorial_taskflow_api_virtualenv to None, run_after=None
[2023-11-06T18:48:30.436+0000] {processor.py:175} INFO - Processing /home/airflow/.local/lib/python3.7/site-packages/airflow/example_dags/tutorial_taskflow_api_virtualenv.py took 0.060 seconds
[2023-11-06T20:11:09.933+0000] {processor.py:153} INFO - Started process (PID=58958) to work on /home/airflow/.local/lib/python3.7/site-packages/airflow/example_dags/tutorial_taskflow_api_virtualenv.py
[2023-11-06T20:11:09.934+0000] {processor.py:743} INFO - Processing file /home/airflow/.local/lib/python3.7/site-packages/airflow/example_dags/tutorial_taskflow_api_virtualenv.py for tasks to queue
[2023-11-06T20:11:09.934+0000] {logging_mixin.py:137} INFO - [2023-11-06T20:11:09.934+0000] {dagbag.py:538} INFO - Filling up the DagBag from /home/airflow/.local/lib/python3.7/site-packages/airflow/example_dags/tutorial_taskflow_api_virtualenv.py
[2023-11-06T20:11:09.953+0000] {processor.py:753} INFO - DAG(s) dict_keys(['tutorial_taskflow_api_virtualenv']) retrieved from /home/airflow/.local/lib/python3.7/site-packages/airflow/example_dags/tutorial_taskflow_api_virtualenv.py
[2023-11-06T20:11:09.971+0000] {logging_mixin.py:137} INFO - [2023-11-06T20:11:09.971+0000] {dag.py:2690} INFO - Sync 1 DAGs
[2023-11-06T20:11:09.985+0000] {logging_mixin.py:137} INFO - [2023-11-06T20:11:09.985+0000] {dag.py:3441} INFO - Setting next_dagrun for tutorial_taskflow_api_virtualenv to None, run_after=None
[2023-11-06T20:11:09.997+0000] {processor.py:175} INFO - Processing /home/airflow/.local/lib/python3.7/site-packages/airflow/example_dags/tutorial_taskflow_api_virtualenv.py took 0.066 seconds
[2023-11-06T20:37:34.227+0000] {processor.py:153} INFO - Started process (PID=59044) to work on /home/airflow/.local/lib/python3.7/site-packages/airflow/example_dags/tutorial_taskflow_api_virtualenv.py
[2023-11-06T20:37:34.253+0000] {processor.py:743} INFO - Processing file /home/airflow/.local/lib/python3.7/site-packages/airflow/example_dags/tutorial_taskflow_api_virtualenv.py for tasks to queue
[2023-11-06T20:37:34.254+0000] {logging_mixin.py:137} INFO - [2023-11-06T20:37:34.254+0000] {dagbag.py:538} INFO - Filling up the DagBag from /home/airflow/.local/lib/python3.7/site-packages/airflow/example_dags/tutorial_taskflow_api_virtualenv.py
[2023-11-06T20:37:34.285+0000] {processor.py:753} INFO - DAG(s) dict_keys(['tutorial_taskflow_api_virtualenv']) retrieved from /home/airflow/.local/lib/python3.7/site-packages/airflow/example_dags/tutorial_taskflow_api_virtualenv.py
[2023-11-06T20:37:34.311+0000] {logging_mixin.py:137} INFO - [2023-11-06T20:37:34.311+0000] {dag.py:2690} INFO - Sync 1 DAGs
[2023-11-06T20:37:34.333+0000] {logging_mixin.py:137} INFO - [2023-11-06T20:37:34.333+0000] {dag.py:3441} INFO - Setting next_dagrun for tutorial_taskflow_api_virtualenv to None, run_after=None
[2023-11-06T20:37:34.366+0000] {processor.py:175} INFO - Processing /home/airflow/.local/lib/python3.7/site-packages/airflow/example_dags/tutorial_taskflow_api_virtualenv.py took 0.146 seconds
[2023-11-06T20:40:45.412+0000] {processor.py:153} INFO - Started process (PID=59139) to work on /home/airflow/.local/lib/python3.7/site-packages/airflow/example_dags/tutorial_taskflow_api_virtualenv.py
[2023-11-06T20:40:45.413+0000] {processor.py:743} INFO - Processing file /home/airflow/.local/lib/python3.7/site-packages/airflow/example_dags/tutorial_taskflow_api_virtualenv.py for tasks to queue
[2023-11-06T20:40:45.413+0000] {logging_mixin.py:137} INFO - [2023-11-06T20:40:45.413+0000] {dagbag.py:538} INFO - Filling up the DagBag from /home/airflow/.local/lib/python3.7/site-packages/airflow/example_dags/tutorial_taskflow_api_virtualenv.py
[2023-11-06T20:40:45.427+0000] {processor.py:753} INFO - DAG(s) dict_keys(['tutorial_taskflow_api_virtualenv']) retrieved from /home/airflow/.local/lib/python3.7/site-packages/airflow/example_dags/tutorial_taskflow_api_virtualenv.py
[2023-11-06T20:40:45.441+0000] {logging_mixin.py:137} INFO - [2023-11-06T20:40:45.441+0000] {dag.py:2690} INFO - Sync 1 DAGs
[2023-11-06T20:40:45.454+0000] {logging_mixin.py:137} INFO - [2023-11-06T20:40:45.454+0000] {dag.py:3441} INFO - Setting next_dagrun for tutorial_taskflow_api_virtualenv to None, run_after=None
[2023-11-06T20:40:45.463+0000] {processor.py:175} INFO - Processing /home/airflow/.local/lib/python3.7/site-packages/airflow/example_dags/tutorial_taskflow_api_virtualenv.py took 0.053 seconds
[2023-11-06T20:43:31.936+0000] {processor.py:153} INFO - Started process (PID=59216) to work on /home/airflow/.local/lib/python3.7/site-packages/airflow/example_dags/tutorial_taskflow_api_virtualenv.py
[2023-11-06T20:43:31.936+0000] {processor.py:743} INFO - Processing file /home/airflow/.local/lib/python3.7/site-packages/airflow/example_dags/tutorial_taskflow_api_virtualenv.py for tasks to queue
[2023-11-06T20:43:31.936+0000] {logging_mixin.py:137} INFO - [2023-11-06T20:43:31.936+0000] {dagbag.py:538} INFO - Filling up the DagBag from /home/airflow/.local/lib/python3.7/site-packages/airflow/example_dags/tutorial_taskflow_api_virtualenv.py
[2023-11-06T20:43:31.949+0000] {processor.py:753} INFO - DAG(s) dict_keys(['tutorial_taskflow_api_virtualenv']) retrieved from /home/airflow/.local/lib/python3.7/site-packages/airflow/example_dags/tutorial_taskflow_api_virtualenv.py
[2023-11-06T20:43:31.963+0000] {logging_mixin.py:137} INFO - [2023-11-06T20:43:31.962+0000] {dag.py:2690} INFO - Sync 1 DAGs
[2023-11-06T20:43:31.974+0000] {logging_mixin.py:137} INFO - [2023-11-06T20:43:31.974+0000] {dag.py:3441} INFO - Setting next_dagrun for tutorial_taskflow_api_virtualenv to None, run_after=None
[2023-11-06T20:43:31.982+0000] {processor.py:175} INFO - Processing /home/airflow/.local/lib/python3.7/site-packages/airflow/example_dags/tutorial_taskflow_api_virtualenv.py took 0.049 seconds
[2023-11-06T20:47:12.179+0000] {processor.py:153} INFO - Started process (PID=59311) to work on /home/airflow/.local/lib/python3.7/site-packages/airflow/example_dags/tutorial_taskflow_api_virtualenv.py
[2023-11-06T20:47:12.179+0000] {processor.py:743} INFO - Processing file /home/airflow/.local/lib/python3.7/site-packages/airflow/example_dags/tutorial_taskflow_api_virtualenv.py for tasks to queue
[2023-11-06T20:47:12.180+0000] {logging_mixin.py:137} INFO - [2023-11-06T20:47:12.180+0000] {dagbag.py:538} INFO - Filling up the DagBag from /home/airflow/.local/lib/python3.7/site-packages/airflow/example_dags/tutorial_taskflow_api_virtualenv.py
[2023-11-06T20:47:12.192+0000] {processor.py:753} INFO - DAG(s) dict_keys(['tutorial_taskflow_api_virtualenv']) retrieved from /home/airflow/.local/lib/python3.7/site-packages/airflow/example_dags/tutorial_taskflow_api_virtualenv.py
[2023-11-06T20:47:12.205+0000] {logging_mixin.py:137} INFO - [2023-11-06T20:47:12.205+0000] {dag.py:2690} INFO - Sync 1 DAGs
[2023-11-06T20:47:12.216+0000] {logging_mixin.py:137} INFO - [2023-11-06T20:47:12.216+0000] {dag.py:3441} INFO - Setting next_dagrun for tutorial_taskflow_api_virtualenv to None, run_after=None
[2023-11-06T20:47:12.224+0000] {processor.py:175} INFO - Processing /home/airflow/.local/lib/python3.7/site-packages/airflow/example_dags/tutorial_taskflow_api_virtualenv.py took 0.047 seconds
[2023-11-06T20:50:52.595+0000] {processor.py:153} INFO - Started process (PID=59406) to work on /home/airflow/.local/lib/python3.7/site-packages/airflow/example_dags/tutorial_taskflow_api_virtualenv.py
[2023-11-06T20:50:52.596+0000] {processor.py:743} INFO - Processing file /home/airflow/.local/lib/python3.7/site-packages/airflow/example_dags/tutorial_taskflow_api_virtualenv.py for tasks to queue
[2023-11-06T20:50:52.596+0000] {logging_mixin.py:137} INFO - [2023-11-06T20:50:52.596+0000] {dagbag.py:538} INFO - Filling up the DagBag from /home/airflow/.local/lib/python3.7/site-packages/airflow/example_dags/tutorial_taskflow_api_virtualenv.py
[2023-11-06T20:50:52.610+0000] {processor.py:753} INFO - DAG(s) dict_keys(['tutorial_taskflow_api_virtualenv']) retrieved from /home/airflow/.local/lib/python3.7/site-packages/airflow/example_dags/tutorial_taskflow_api_virtualenv.py
[2023-11-06T20:50:52.623+0000] {logging_mixin.py:137} INFO - [2023-11-06T20:50:52.623+0000] {dag.py:2690} INFO - Sync 1 DAGs
[2023-11-06T20:50:52.635+0000] {logging_mixin.py:137} INFO - [2023-11-06T20:50:52.635+0000] {dag.py:3441} INFO - Setting next_dagrun for tutorial_taskflow_api_virtualenv to None, run_after=None
[2023-11-06T20:50:52.644+0000] {processor.py:175} INFO - Processing /home/airflow/.local/lib/python3.7/site-packages/airflow/example_dags/tutorial_taskflow_api_virtualenv.py took 0.051 seconds
[2023-11-06T20:54:23.918+0000] {processor.py:153} INFO - Started process (PID=59483) to work on /home/airflow/.local/lib/python3.7/site-packages/airflow/example_dags/tutorial_taskflow_api_virtualenv.py
[2023-11-06T20:54:23.919+0000] {processor.py:743} INFO - Processing file /home/airflow/.local/lib/python3.7/site-packages/airflow/example_dags/tutorial_taskflow_api_virtualenv.py for tasks to queue
[2023-11-06T20:54:23.919+0000] {logging_mixin.py:137} INFO - [2023-11-06T20:54:23.919+0000] {dagbag.py:538} INFO - Filling up the DagBag from /home/airflow/.local/lib/python3.7/site-packages/airflow/example_dags/tutorial_taskflow_api_virtualenv.py
[2023-11-06T20:54:23.931+0000] {processor.py:753} INFO - DAG(s) dict_keys(['tutorial_taskflow_api_virtualenv']) retrieved from /home/airflow/.local/lib/python3.7/site-packages/airflow/example_dags/tutorial_taskflow_api_virtualenv.py
[2023-11-06T20:54:23.945+0000] {logging_mixin.py:137} INFO - [2023-11-06T20:54:23.945+0000] {dag.py:2690} INFO - Sync 1 DAGs
[2023-11-06T20:54:23.957+0000] {logging_mixin.py:137} INFO - [2023-11-06T20:54:23.957+0000] {dag.py:3441} INFO - Setting next_dagrun for tutorial_taskflow_api_virtualenv to None, run_after=None
[2023-11-06T20:54:23.965+0000] {processor.py:175} INFO - Processing /home/airflow/.local/lib/python3.7/site-packages/airflow/example_dags/tutorial_taskflow_api_virtualenv.py took 0.050 seconds
[2023-11-06T20:58:38.028+0000] {processor.py:153} INFO - Started process (PID=59578) to work on /home/airflow/.local/lib/python3.7/site-packages/airflow/example_dags/tutorial_taskflow_api_virtualenv.py
[2023-11-06T20:58:38.029+0000] {processor.py:743} INFO - Processing file /home/airflow/.local/lib/python3.7/site-packages/airflow/example_dags/tutorial_taskflow_api_virtualenv.py for tasks to queue
[2023-11-06T20:58:38.030+0000] {logging_mixin.py:137} INFO - [2023-11-06T20:58:38.030+0000] {dagbag.py:538} INFO - Filling up the DagBag from /home/airflow/.local/lib/python3.7/site-packages/airflow/example_dags/tutorial_taskflow_api_virtualenv.py
[2023-11-06T20:58:38.060+0000] {processor.py:753} INFO - DAG(s) dict_keys(['tutorial_taskflow_api_virtualenv']) retrieved from /home/airflow/.local/lib/python3.7/site-packages/airflow/example_dags/tutorial_taskflow_api_virtualenv.py
[2023-11-06T20:58:38.108+0000] {logging_mixin.py:137} INFO - [2023-11-06T20:58:38.108+0000] {dag.py:2690} INFO - Sync 1 DAGs
[2023-11-06T20:58:38.151+0000] {logging_mixin.py:137} INFO - [2023-11-06T20:58:38.151+0000] {dag.py:3441} INFO - Setting next_dagrun for tutorial_taskflow_api_virtualenv to None, run_after=None
[2023-11-06T20:58:38.170+0000] {processor.py:175} INFO - Processing /home/airflow/.local/lib/python3.7/site-packages/airflow/example_dags/tutorial_taskflow_api_virtualenv.py took 0.146 seconds
[2023-11-06T21:02:20.206+0000] {processor.py:153} INFO - Started process (PID=59673) to work on /home/airflow/.local/lib/python3.7/site-packages/airflow/example_dags/tutorial_taskflow_api_virtualenv.py
[2023-11-06T21:02:20.207+0000] {processor.py:743} INFO - Processing file /home/airflow/.local/lib/python3.7/site-packages/airflow/example_dags/tutorial_taskflow_api_virtualenv.py for tasks to queue
[2023-11-06T21:02:20.208+0000] {logging_mixin.py:137} INFO - [2023-11-06T21:02:20.207+0000] {dagbag.py:538} INFO - Filling up the DagBag from /home/airflow/.local/lib/python3.7/site-packages/airflow/example_dags/tutorial_taskflow_api_virtualenv.py
[2023-11-06T21:02:20.221+0000] {processor.py:753} INFO - DAG(s) dict_keys(['tutorial_taskflow_api_virtualenv']) retrieved from /home/airflow/.local/lib/python3.7/site-packages/airflow/example_dags/tutorial_taskflow_api_virtualenv.py
[2023-11-06T21:02:20.235+0000] {logging_mixin.py:137} INFO - [2023-11-06T21:02:20.235+0000] {dag.py:2690} INFO - Sync 1 DAGs
[2023-11-06T21:02:20.246+0000] {logging_mixin.py:137} INFO - [2023-11-06T21:02:20.246+0000] {dag.py:3441} INFO - Setting next_dagrun for tutorial_taskflow_api_virtualenv to None, run_after=None
[2023-11-06T21:02:20.255+0000] {processor.py:175} INFO - Processing /home/airflow/.local/lib/python3.7/site-packages/airflow/example_dags/tutorial_taskflow_api_virtualenv.py took 0.051 seconds
[2023-11-06T21:05:59.956+0000] {processor.py:153} INFO - Started process (PID=59750) to work on /home/airflow/.local/lib/python3.7/site-packages/airflow/example_dags/tutorial_taskflow_api_virtualenv.py
[2023-11-06T21:05:59.957+0000] {processor.py:743} INFO - Processing file /home/airflow/.local/lib/python3.7/site-packages/airflow/example_dags/tutorial_taskflow_api_virtualenv.py for tasks to queue
[2023-11-06T21:05:59.957+0000] {logging_mixin.py:137} INFO - [2023-11-06T21:05:59.957+0000] {dagbag.py:538} INFO - Filling up the DagBag from /home/airflow/.local/lib/python3.7/site-packages/airflow/example_dags/tutorial_taskflow_api_virtualenv.py
[2023-11-06T21:05:59.980+0000] {processor.py:753} INFO - DAG(s) dict_keys(['tutorial_taskflow_api_virtualenv']) retrieved from /home/airflow/.local/lib/python3.7/site-packages/airflow/example_dags/tutorial_taskflow_api_virtualenv.py
[2023-11-06T21:05:59.994+0000] {logging_mixin.py:137} INFO - [2023-11-06T21:05:59.994+0000] {dag.py:2690} INFO - Sync 1 DAGs
[2023-11-06T21:06:00.006+0000] {logging_mixin.py:137} INFO - [2023-11-06T21:06:00.006+0000] {dag.py:3441} INFO - Setting next_dagrun for tutorial_taskflow_api_virtualenv to None, run_after=None
[2023-11-06T21:06:00.015+0000] {processor.py:175} INFO - Processing /home/airflow/.local/lib/python3.7/site-packages/airflow/example_dags/tutorial_taskflow_api_virtualenv.py took 0.061 seconds
[2023-11-06T21:09:39.771+0000] {processor.py:153} INFO - Started process (PID=59845) to work on /home/airflow/.local/lib/python3.7/site-packages/airflow/example_dags/tutorial_taskflow_api_virtualenv.py
[2023-11-06T21:09:39.771+0000] {processor.py:743} INFO - Processing file /home/airflow/.local/lib/python3.7/site-packages/airflow/example_dags/tutorial_taskflow_api_virtualenv.py for tasks to queue
[2023-11-06T21:09:39.771+0000] {logging_mixin.py:137} INFO - [2023-11-06T21:09:39.771+0000] {dagbag.py:538} INFO - Filling up the DagBag from /home/airflow/.local/lib/python3.7/site-packages/airflow/example_dags/tutorial_taskflow_api_virtualenv.py
[2023-11-06T21:09:39.784+0000] {processor.py:753} INFO - DAG(s) dict_keys(['tutorial_taskflow_api_virtualenv']) retrieved from /home/airflow/.local/lib/python3.7/site-packages/airflow/example_dags/tutorial_taskflow_api_virtualenv.py
[2023-11-06T21:09:39.798+0000] {logging_mixin.py:137} INFO - [2023-11-06T21:09:39.798+0000] {dag.py:2690} INFO - Sync 1 DAGs
[2023-11-06T21:09:39.809+0000] {logging_mixin.py:137} INFO - [2023-11-06T21:09:39.809+0000] {dag.py:3441} INFO - Setting next_dagrun for tutorial_taskflow_api_virtualenv to None, run_after=None
[2023-11-06T21:09:39.817+0000] {processor.py:175} INFO - Processing /home/airflow/.local/lib/python3.7/site-packages/airflow/example_dags/tutorial_taskflow_api_virtualenv.py took 0.048 seconds
[2023-11-06T21:13:19.463+0000] {processor.py:153} INFO - Started process (PID=59922) to work on /home/airflow/.local/lib/python3.7/site-packages/airflow/example_dags/tutorial_taskflow_api_virtualenv.py
[2023-11-06T21:13:19.464+0000] {processor.py:743} INFO - Processing file /home/airflow/.local/lib/python3.7/site-packages/airflow/example_dags/tutorial_taskflow_api_virtualenv.py for tasks to queue
[2023-11-06T21:13:19.465+0000] {logging_mixin.py:137} INFO - [2023-11-06T21:13:19.465+0000] {dagbag.py:538} INFO - Filling up the DagBag from /home/airflow/.local/lib/python3.7/site-packages/airflow/example_dags/tutorial_taskflow_api_virtualenv.py
[2023-11-06T21:13:19.488+0000] {processor.py:753} INFO - DAG(s) dict_keys(['tutorial_taskflow_api_virtualenv']) retrieved from /home/airflow/.local/lib/python3.7/site-packages/airflow/example_dags/tutorial_taskflow_api_virtualenv.py
[2023-11-06T21:13:19.525+0000] {logging_mixin.py:137} INFO - [2023-11-06T21:13:19.525+0000] {dag.py:2690} INFO - Sync 1 DAGs
[2023-11-06T21:13:19.593+0000] {logging_mixin.py:137} INFO - [2023-11-06T21:13:19.593+0000] {dag.py:3441} INFO - Setting next_dagrun for tutorial_taskflow_api_virtualenv to None, run_after=None
[2023-11-06T21:13:19.631+0000] {processor.py:175} INFO - Processing /home/airflow/.local/lib/python3.7/site-packages/airflow/example_dags/tutorial_taskflow_api_virtualenv.py took 0.170 seconds
[2023-11-06T21:17:01.327+0000] {processor.py:153} INFO - Started process (PID=60017) to work on /home/airflow/.local/lib/python3.7/site-packages/airflow/example_dags/tutorial_taskflow_api_virtualenv.py
[2023-11-06T21:17:01.328+0000] {processor.py:743} INFO - Processing file /home/airflow/.local/lib/python3.7/site-packages/airflow/example_dags/tutorial_taskflow_api_virtualenv.py for tasks to queue
[2023-11-06T21:17:01.328+0000] {logging_mixin.py:137} INFO - [2023-11-06T21:17:01.328+0000] {dagbag.py:538} INFO - Filling up the DagBag from /home/airflow/.local/lib/python3.7/site-packages/airflow/example_dags/tutorial_taskflow_api_virtualenv.py
[2023-11-06T21:17:01.341+0000] {processor.py:753} INFO - DAG(s) dict_keys(['tutorial_taskflow_api_virtualenv']) retrieved from /home/airflow/.local/lib/python3.7/site-packages/airflow/example_dags/tutorial_taskflow_api_virtualenv.py
[2023-11-06T21:17:01.355+0000] {logging_mixin.py:137} INFO - [2023-11-06T21:17:01.355+0000] {dag.py:2690} INFO - Sync 1 DAGs
[2023-11-06T21:17:01.368+0000] {logging_mixin.py:137} INFO - [2023-11-06T21:17:01.367+0000] {dag.py:3441} INFO - Setting next_dagrun for tutorial_taskflow_api_virtualenv to None, run_after=None
[2023-11-06T21:17:01.376+0000] {processor.py:175} INFO - Processing /home/airflow/.local/lib/python3.7/site-packages/airflow/example_dags/tutorial_taskflow_api_virtualenv.py took 0.051 seconds
[2023-11-06T21:20:41.507+0000] {processor.py:153} INFO - Started process (PID=60112) to work on /home/airflow/.local/lib/python3.7/site-packages/airflow/example_dags/tutorial_taskflow_api_virtualenv.py
[2023-11-06T21:20:41.508+0000] {processor.py:743} INFO - Processing file /home/airflow/.local/lib/python3.7/site-packages/airflow/example_dags/tutorial_taskflow_api_virtualenv.py for tasks to queue
[2023-11-06T21:20:41.508+0000] {logging_mixin.py:137} INFO - [2023-11-06T21:20:41.508+0000] {dagbag.py:538} INFO - Filling up the DagBag from /home/airflow/.local/lib/python3.7/site-packages/airflow/example_dags/tutorial_taskflow_api_virtualenv.py
[2023-11-06T21:20:41.525+0000] {processor.py:753} INFO - DAG(s) dict_keys(['tutorial_taskflow_api_virtualenv']) retrieved from /home/airflow/.local/lib/python3.7/site-packages/airflow/example_dags/tutorial_taskflow_api_virtualenv.py
[2023-11-06T21:20:41.540+0000] {logging_mixin.py:137} INFO - [2023-11-06T21:20:41.540+0000] {dag.py:2690} INFO - Sync 1 DAGs
[2023-11-06T21:20:41.552+0000] {logging_mixin.py:137} INFO - [2023-11-06T21:20:41.552+0000] {dag.py:3441} INFO - Setting next_dagrun for tutorial_taskflow_api_virtualenv to None, run_after=None
[2023-11-06T21:20:41.560+0000] {processor.py:175} INFO - Processing /home/airflow/.local/lib/python3.7/site-packages/airflow/example_dags/tutorial_taskflow_api_virtualenv.py took 0.056 seconds
[2023-11-06T21:24:21.304+0000] {processor.py:153} INFO - Started process (PID=60189) to work on /home/airflow/.local/lib/python3.7/site-packages/airflow/example_dags/tutorial_taskflow_api_virtualenv.py
[2023-11-06T21:24:21.304+0000] {processor.py:743} INFO - Processing file /home/airflow/.local/lib/python3.7/site-packages/airflow/example_dags/tutorial_taskflow_api_virtualenv.py for tasks to queue
[2023-11-06T21:24:21.305+0000] {logging_mixin.py:137} INFO - [2023-11-06T21:24:21.305+0000] {dagbag.py:538} INFO - Filling up the DagBag from /home/airflow/.local/lib/python3.7/site-packages/airflow/example_dags/tutorial_taskflow_api_virtualenv.py
[2023-11-06T21:24:21.317+0000] {processor.py:753} INFO - DAG(s) dict_keys(['tutorial_taskflow_api_virtualenv']) retrieved from /home/airflow/.local/lib/python3.7/site-packages/airflow/example_dags/tutorial_taskflow_api_virtualenv.py
[2023-11-06T21:24:21.331+0000] {logging_mixin.py:137} INFO - [2023-11-06T21:24:21.331+0000] {dag.py:2690} INFO - Sync 1 DAGs
[2023-11-06T21:24:21.342+0000] {logging_mixin.py:137} INFO - [2023-11-06T21:24:21.342+0000] {dag.py:3441} INFO - Setting next_dagrun for tutorial_taskflow_api_virtualenv to None, run_after=None
[2023-11-06T21:24:21.350+0000] {processor.py:175} INFO - Processing /home/airflow/.local/lib/python3.7/site-packages/airflow/example_dags/tutorial_taskflow_api_virtualenv.py took 0.048 seconds
[2023-11-06T21:28:02.001+0000] {processor.py:153} INFO - Started process (PID=60284) to work on /home/airflow/.local/lib/python3.7/site-packages/airflow/example_dags/tutorial_taskflow_api_virtualenv.py
[2023-11-06T21:28:02.001+0000] {processor.py:743} INFO - Processing file /home/airflow/.local/lib/python3.7/site-packages/airflow/example_dags/tutorial_taskflow_api_virtualenv.py for tasks to queue
[2023-11-06T21:28:02.002+0000] {logging_mixin.py:137} INFO - [2023-11-06T21:28:02.002+0000] {dagbag.py:538} INFO - Filling up the DagBag from /home/airflow/.local/lib/python3.7/site-packages/airflow/example_dags/tutorial_taskflow_api_virtualenv.py
[2023-11-06T21:28:02.016+0000] {processor.py:753} INFO - DAG(s) dict_keys(['tutorial_taskflow_api_virtualenv']) retrieved from /home/airflow/.local/lib/python3.7/site-packages/airflow/example_dags/tutorial_taskflow_api_virtualenv.py
[2023-11-06T21:28:02.030+0000] {logging_mixin.py:137} INFO - [2023-11-06T21:28:02.030+0000] {dag.py:2690} INFO - Sync 1 DAGs
[2023-11-06T21:28:02.041+0000] {logging_mixin.py:137} INFO - [2023-11-06T21:28:02.041+0000] {dag.py:3441} INFO - Setting next_dagrun for tutorial_taskflow_api_virtualenv to None, run_after=None
[2023-11-06T21:28:02.051+0000] {processor.py:175} INFO - Processing /home/airflow/.local/lib/python3.7/site-packages/airflow/example_dags/tutorial_taskflow_api_virtualenv.py took 0.053 seconds
[2023-11-06T21:30:54.384+0000] {processor.py:153} INFO - Started process (PID=60370) to work on /home/airflow/.local/lib/python3.7/site-packages/airflow/example_dags/tutorial_taskflow_api_virtualenv.py
[2023-11-06T21:30:54.385+0000] {processor.py:743} INFO - Processing file /home/airflow/.local/lib/python3.7/site-packages/airflow/example_dags/tutorial_taskflow_api_virtualenv.py for tasks to queue
[2023-11-06T21:30:54.386+0000] {logging_mixin.py:137} INFO - [2023-11-06T21:30:54.386+0000] {dagbag.py:538} INFO - Filling up the DagBag from /home/airflow/.local/lib/python3.7/site-packages/airflow/example_dags/tutorial_taskflow_api_virtualenv.py
[2023-11-06T21:30:54.406+0000] {processor.py:753} INFO - DAG(s) dict_keys(['tutorial_taskflow_api_virtualenv']) retrieved from /home/airflow/.local/lib/python3.7/site-packages/airflow/example_dags/tutorial_taskflow_api_virtualenv.py
[2023-11-06T21:30:54.420+0000] {logging_mixin.py:137} INFO - [2023-11-06T21:30:54.420+0000] {dag.py:2690} INFO - Sync 1 DAGs
[2023-11-06T21:30:54.433+0000] {logging_mixin.py:137} INFO - [2023-11-06T21:30:54.433+0000] {dag.py:3441} INFO - Setting next_dagrun for tutorial_taskflow_api_virtualenv to None, run_after=None
[2023-11-06T21:30:54.442+0000] {processor.py:175} INFO - Processing /home/airflow/.local/lib/python3.7/site-packages/airflow/example_dags/tutorial_taskflow_api_virtualenv.py took 0.063 seconds
[2023-11-06T21:33:38.562+0000] {processor.py:153} INFO - Started process (PID=60456) to work on /home/airflow/.local/lib/python3.7/site-packages/airflow/example_dags/tutorial_taskflow_api_virtualenv.py
[2023-11-06T21:33:38.563+0000] {processor.py:743} INFO - Processing file /home/airflow/.local/lib/python3.7/site-packages/airflow/example_dags/tutorial_taskflow_api_virtualenv.py for tasks to queue
[2023-11-06T21:33:38.563+0000] {logging_mixin.py:137} INFO - [2023-11-06T21:33:38.563+0000] {dagbag.py:538} INFO - Filling up the DagBag from /home/airflow/.local/lib/python3.7/site-packages/airflow/example_dags/tutorial_taskflow_api_virtualenv.py
[2023-11-06T21:33:38.576+0000] {processor.py:753} INFO - DAG(s) dict_keys(['tutorial_taskflow_api_virtualenv']) retrieved from /home/airflow/.local/lib/python3.7/site-packages/airflow/example_dags/tutorial_taskflow_api_virtualenv.py
[2023-11-06T21:33:38.591+0000] {logging_mixin.py:137} INFO - [2023-11-06T21:33:38.591+0000] {dag.py:2690} INFO - Sync 1 DAGs
[2023-11-06T21:33:38.604+0000] {logging_mixin.py:137} INFO - [2023-11-06T21:33:38.604+0000] {dag.py:3441} INFO - Setting next_dagrun for tutorial_taskflow_api_virtualenv to None, run_after=None
[2023-11-06T21:33:38.613+0000] {processor.py:175} INFO - Processing /home/airflow/.local/lib/python3.7/site-packages/airflow/example_dags/tutorial_taskflow_api_virtualenv.py took 0.052 seconds
[2023-11-06T21:35:23.606+0000] {processor.py:153} INFO - Started process (PID=60551) to work on /home/airflow/.local/lib/python3.7/site-packages/airflow/example_dags/tutorial_taskflow_api_virtualenv.py
[2023-11-06T21:35:23.606+0000] {processor.py:743} INFO - Processing file /home/airflow/.local/lib/python3.7/site-packages/airflow/example_dags/tutorial_taskflow_api_virtualenv.py for tasks to queue
[2023-11-06T21:35:23.607+0000] {logging_mixin.py:137} INFO - [2023-11-06T21:35:23.607+0000] {dagbag.py:538} INFO - Filling up the DagBag from /home/airflow/.local/lib/python3.7/site-packages/airflow/example_dags/tutorial_taskflow_api_virtualenv.py
[2023-11-06T21:35:23.628+0000] {processor.py:753} INFO - DAG(s) dict_keys(['tutorial_taskflow_api_virtualenv']) retrieved from /home/airflow/.local/lib/python3.7/site-packages/airflow/example_dags/tutorial_taskflow_api_virtualenv.py
[2023-11-06T21:35:23.645+0000] {logging_mixin.py:137} INFO - [2023-11-06T21:35:23.645+0000] {dag.py:2690} INFO - Sync 1 DAGs
[2023-11-06T21:35:23.658+0000] {logging_mixin.py:137} INFO - [2023-11-06T21:35:23.657+0000] {dag.py:3441} INFO - Setting next_dagrun for tutorial_taskflow_api_virtualenv to None, run_after=None
[2023-11-06T21:35:23.667+0000] {processor.py:175} INFO - Processing /home/airflow/.local/lib/python3.7/site-packages/airflow/example_dags/tutorial_taskflow_api_virtualenv.py took 0.063 seconds
[2023-11-06T21:38:07.670+0000] {processor.py:153} INFO - Started process (PID=60634) to work on /home/airflow/.local/lib/python3.7/site-packages/airflow/example_dags/tutorial_taskflow_api_virtualenv.py
[2023-11-06T21:38:07.671+0000] {processor.py:743} INFO - Processing file /home/airflow/.local/lib/python3.7/site-packages/airflow/example_dags/tutorial_taskflow_api_virtualenv.py for tasks to queue
[2023-11-06T21:38:07.671+0000] {logging_mixin.py:137} INFO - [2023-11-06T21:38:07.671+0000] {dagbag.py:538} INFO - Filling up the DagBag from /home/airflow/.local/lib/python3.7/site-packages/airflow/example_dags/tutorial_taskflow_api_virtualenv.py
[2023-11-06T21:38:07.685+0000] {processor.py:753} INFO - DAG(s) dict_keys(['tutorial_taskflow_api_virtualenv']) retrieved from /home/airflow/.local/lib/python3.7/site-packages/airflow/example_dags/tutorial_taskflow_api_virtualenv.py
[2023-11-06T21:38:07.708+0000] {logging_mixin.py:137} INFO - [2023-11-06T21:38:07.708+0000] {dag.py:2690} INFO - Sync 1 DAGs
[2023-11-06T21:38:07.725+0000] {logging_mixin.py:137} INFO - [2023-11-06T21:38:07.725+0000] {dag.py:3441} INFO - Setting next_dagrun for tutorial_taskflow_api_virtualenv to None, run_after=None
[2023-11-06T21:38:07.736+0000] {processor.py:175} INFO - Processing /home/airflow/.local/lib/python3.7/site-packages/airflow/example_dags/tutorial_taskflow_api_virtualenv.py took 0.068 seconds
[2023-11-06T21:41:47.958+0000] {processor.py:153} INFO - Started process (PID=60723) to work on /home/airflow/.local/lib/python3.7/site-packages/airflow/example_dags/tutorial_taskflow_api_virtualenv.py
[2023-11-06T21:41:47.959+0000] {processor.py:743} INFO - Processing file /home/airflow/.local/lib/python3.7/site-packages/airflow/example_dags/tutorial_taskflow_api_virtualenv.py for tasks to queue
[2023-11-06T21:41:47.959+0000] {logging_mixin.py:137} INFO - [2023-11-06T21:41:47.959+0000] {dagbag.py:538} INFO - Filling up the DagBag from /home/airflow/.local/lib/python3.7/site-packages/airflow/example_dags/tutorial_taskflow_api_virtualenv.py
[2023-11-06T21:41:47.973+0000] {processor.py:753} INFO - DAG(s) dict_keys(['tutorial_taskflow_api_virtualenv']) retrieved from /home/airflow/.local/lib/python3.7/site-packages/airflow/example_dags/tutorial_taskflow_api_virtualenv.py
[2023-11-06T21:41:47.986+0000] {logging_mixin.py:137} INFO - [2023-11-06T21:41:47.986+0000] {dag.py:2690} INFO - Sync 1 DAGs
[2023-11-06T21:41:47.999+0000] {logging_mixin.py:137} INFO - [2023-11-06T21:41:47.999+0000] {dag.py:3441} INFO - Setting next_dagrun for tutorial_taskflow_api_virtualenv to None, run_after=None
[2023-11-06T21:41:48.008+0000] {processor.py:175} INFO - Processing /home/airflow/.local/lib/python3.7/site-packages/airflow/example_dags/tutorial_taskflow_api_virtualenv.py took 0.053 seconds
[2023-11-06T21:45:28.288+0000] {processor.py:153} INFO - Started process (PID=60818) to work on /home/airflow/.local/lib/python3.7/site-packages/airflow/example_dags/tutorial_taskflow_api_virtualenv.py
[2023-11-06T21:45:28.289+0000] {processor.py:743} INFO - Processing file /home/airflow/.local/lib/python3.7/site-packages/airflow/example_dags/tutorial_taskflow_api_virtualenv.py for tasks to queue
[2023-11-06T21:45:28.289+0000] {logging_mixin.py:137} INFO - [2023-11-06T21:45:28.289+0000] {dagbag.py:538} INFO - Filling up the DagBag from /home/airflow/.local/lib/python3.7/site-packages/airflow/example_dags/tutorial_taskflow_api_virtualenv.py
[2023-11-06T21:45:28.303+0000] {processor.py:753} INFO - DAG(s) dict_keys(['tutorial_taskflow_api_virtualenv']) retrieved from /home/airflow/.local/lib/python3.7/site-packages/airflow/example_dags/tutorial_taskflow_api_virtualenv.py
[2023-11-06T21:45:28.318+0000] {logging_mixin.py:137} INFO - [2023-11-06T21:45:28.318+0000] {dag.py:2690} INFO - Sync 1 DAGs
[2023-11-06T21:45:28.331+0000] {logging_mixin.py:137} INFO - [2023-11-06T21:45:28.331+0000] {dag.py:3441} INFO - Setting next_dagrun for tutorial_taskflow_api_virtualenv to None, run_after=None
[2023-11-06T21:45:28.340+0000] {processor.py:175} INFO - Processing /home/airflow/.local/lib/python3.7/site-packages/airflow/example_dags/tutorial_taskflow_api_virtualenv.py took 0.054 seconds
[2023-11-06T21:49:08.729+0000] {processor.py:153} INFO - Started process (PID=60895) to work on /home/airflow/.local/lib/python3.7/site-packages/airflow/example_dags/tutorial_taskflow_api_virtualenv.py
[2023-11-06T21:49:08.729+0000] {processor.py:743} INFO - Processing file /home/airflow/.local/lib/python3.7/site-packages/airflow/example_dags/tutorial_taskflow_api_virtualenv.py for tasks to queue
[2023-11-06T21:49:08.730+0000] {logging_mixin.py:137} INFO - [2023-11-06T21:49:08.730+0000] {dagbag.py:538} INFO - Filling up the DagBag from /home/airflow/.local/lib/python3.7/site-packages/airflow/example_dags/tutorial_taskflow_api_virtualenv.py
[2023-11-06T21:49:08.743+0000] {processor.py:753} INFO - DAG(s) dict_keys(['tutorial_taskflow_api_virtualenv']) retrieved from /home/airflow/.local/lib/python3.7/site-packages/airflow/example_dags/tutorial_taskflow_api_virtualenv.py
[2023-11-06T21:49:08.757+0000] {logging_mixin.py:137} INFO - [2023-11-06T21:49:08.757+0000] {dag.py:2690} INFO - Sync 1 DAGs
[2023-11-06T21:49:08.769+0000] {logging_mixin.py:137} INFO - [2023-11-06T21:49:08.769+0000] {dag.py:3441} INFO - Setting next_dagrun for tutorial_taskflow_api_virtualenv to None, run_after=None
[2023-11-06T21:49:08.778+0000] {processor.py:175} INFO - Processing /home/airflow/.local/lib/python3.7/site-packages/airflow/example_dags/tutorial_taskflow_api_virtualenv.py took 0.051 seconds
[2023-11-06T21:52:48.390+0000] {processor.py:153} INFO - Started process (PID=60990) to work on /home/airflow/.local/lib/python3.7/site-packages/airflow/example_dags/tutorial_taskflow_api_virtualenv.py
[2023-11-06T21:52:48.391+0000] {processor.py:743} INFO - Processing file /home/airflow/.local/lib/python3.7/site-packages/airflow/example_dags/tutorial_taskflow_api_virtualenv.py for tasks to queue
[2023-11-06T21:52:48.391+0000] {logging_mixin.py:137} INFO - [2023-11-06T21:52:48.391+0000] {dagbag.py:538} INFO - Filling up the DagBag from /home/airflow/.local/lib/python3.7/site-packages/airflow/example_dags/tutorial_taskflow_api_virtualenv.py
[2023-11-06T21:52:48.404+0000] {processor.py:753} INFO - DAG(s) dict_keys(['tutorial_taskflow_api_virtualenv']) retrieved from /home/airflow/.local/lib/python3.7/site-packages/airflow/example_dags/tutorial_taskflow_api_virtualenv.py
[2023-11-06T21:52:48.417+0000] {logging_mixin.py:137} INFO - [2023-11-06T21:52:48.417+0000] {dag.py:2690} INFO - Sync 1 DAGs
[2023-11-06T21:52:48.432+0000] {logging_mixin.py:137} INFO - [2023-11-06T21:52:48.432+0000] {dag.py:3441} INFO - Setting next_dagrun for tutorial_taskflow_api_virtualenv to None, run_after=None
[2023-11-06T21:52:48.446+0000] {processor.py:175} INFO - Processing /home/airflow/.local/lib/python3.7/site-packages/airflow/example_dags/tutorial_taskflow_api_virtualenv.py took 0.058 seconds
[2023-11-06T21:56:29.791+0000] {processor.py:153} INFO - Started process (PID=61085) to work on /home/airflow/.local/lib/python3.7/site-packages/airflow/example_dags/tutorial_taskflow_api_virtualenv.py
[2023-11-06T21:56:29.792+0000] {processor.py:743} INFO - Processing file /home/airflow/.local/lib/python3.7/site-packages/airflow/example_dags/tutorial_taskflow_api_virtualenv.py for tasks to queue
[2023-11-06T21:56:29.792+0000] {logging_mixin.py:137} INFO - [2023-11-06T21:56:29.792+0000] {dagbag.py:538} INFO - Filling up the DagBag from /home/airflow/.local/lib/python3.7/site-packages/airflow/example_dags/tutorial_taskflow_api_virtualenv.py
[2023-11-06T21:56:29.807+0000] {processor.py:753} INFO - DAG(s) dict_keys(['tutorial_taskflow_api_virtualenv']) retrieved from /home/airflow/.local/lib/python3.7/site-packages/airflow/example_dags/tutorial_taskflow_api_virtualenv.py
[2023-11-06T21:56:29.822+0000] {logging_mixin.py:137} INFO - [2023-11-06T21:56:29.822+0000] {dag.py:2690} INFO - Sync 1 DAGs
[2023-11-06T21:56:29.835+0000] {logging_mixin.py:137} INFO - [2023-11-06T21:56:29.835+0000] {dag.py:3441} INFO - Setting next_dagrun for tutorial_taskflow_api_virtualenv to None, run_after=None
[2023-11-06T21:56:29.844+0000] {processor.py:175} INFO - Processing /home/airflow/.local/lib/python3.7/site-packages/airflow/example_dags/tutorial_taskflow_api_virtualenv.py took 0.059 seconds
[2023-11-06T21:59:13.363+0000] {processor.py:153} INFO - Started process (PID=61162) to work on /home/airflow/.local/lib/python3.7/site-packages/airflow/example_dags/tutorial_taskflow_api_virtualenv.py
[2023-11-06T21:59:13.363+0000] {processor.py:743} INFO - Processing file /home/airflow/.local/lib/python3.7/site-packages/airflow/example_dags/tutorial_taskflow_api_virtualenv.py for tasks to queue
[2023-11-06T21:59:13.364+0000] {logging_mixin.py:137} INFO - [2023-11-06T21:59:13.363+0000] {dagbag.py:538} INFO - Filling up the DagBag from /home/airflow/.local/lib/python3.7/site-packages/airflow/example_dags/tutorial_taskflow_api_virtualenv.py
[2023-11-06T21:59:13.380+0000] {processor.py:753} INFO - DAG(s) dict_keys(['tutorial_taskflow_api_virtualenv']) retrieved from /home/airflow/.local/lib/python3.7/site-packages/airflow/example_dags/tutorial_taskflow_api_virtualenv.py
[2023-11-06T21:59:13.397+0000] {logging_mixin.py:137} INFO - [2023-11-06T21:59:13.397+0000] {dag.py:2690} INFO - Sync 1 DAGs
[2023-11-06T21:59:13.408+0000] {logging_mixin.py:137} INFO - [2023-11-06T21:59:13.408+0000] {dag.py:3441} INFO - Setting next_dagrun for tutorial_taskflow_api_virtualenv to None, run_after=None
[2023-11-06T21:59:13.416+0000] {processor.py:175} INFO - Processing /home/airflow/.local/lib/python3.7/site-packages/airflow/example_dags/tutorial_taskflow_api_virtualenv.py took 0.055 seconds
[2023-11-06T22:02:53.887+0000] {processor.py:153} INFO - Started process (PID=61257) to work on /home/airflow/.local/lib/python3.7/site-packages/airflow/example_dags/tutorial_taskflow_api_virtualenv.py
[2023-11-06T22:02:53.888+0000] {processor.py:743} INFO - Processing file /home/airflow/.local/lib/python3.7/site-packages/airflow/example_dags/tutorial_taskflow_api_virtualenv.py for tasks to queue
[2023-11-06T22:02:53.889+0000] {logging_mixin.py:137} INFO - [2023-11-06T22:02:53.889+0000] {dagbag.py:538} INFO - Filling up the DagBag from /home/airflow/.local/lib/python3.7/site-packages/airflow/example_dags/tutorial_taskflow_api_virtualenv.py
[2023-11-06T22:02:53.907+0000] {processor.py:753} INFO - DAG(s) dict_keys(['tutorial_taskflow_api_virtualenv']) retrieved from /home/airflow/.local/lib/python3.7/site-packages/airflow/example_dags/tutorial_taskflow_api_virtualenv.py
[2023-11-06T22:02:53.925+0000] {logging_mixin.py:137} INFO - [2023-11-06T22:02:53.925+0000] {dag.py:2690} INFO - Sync 1 DAGs
[2023-11-06T22:02:53.941+0000] {logging_mixin.py:137} INFO - [2023-11-06T22:02:53.940+0000] {dag.py:3441} INFO - Setting next_dagrun for tutorial_taskflow_api_virtualenv to None, run_after=None
[2023-11-06T22:02:53.951+0000] {processor.py:175} INFO - Processing /home/airflow/.local/lib/python3.7/site-packages/airflow/example_dags/tutorial_taskflow_api_virtualenv.py took 0.070 seconds
[2023-11-06T22:06:34.655+0000] {processor.py:153} INFO - Started process (PID=61340) to work on /home/airflow/.local/lib/python3.7/site-packages/airflow/example_dags/tutorial_taskflow_api_virtualenv.py
[2023-11-06T22:06:34.656+0000] {processor.py:743} INFO - Processing file /home/airflow/.local/lib/python3.7/site-packages/airflow/example_dags/tutorial_taskflow_api_virtualenv.py for tasks to queue
[2023-11-06T22:06:34.657+0000] {logging_mixin.py:137} INFO - [2023-11-06T22:06:34.656+0000] {dagbag.py:538} INFO - Filling up the DagBag from /home/airflow/.local/lib/python3.7/site-packages/airflow/example_dags/tutorial_taskflow_api_virtualenv.py
[2023-11-06T22:06:34.673+0000] {processor.py:753} INFO - DAG(s) dict_keys(['tutorial_taskflow_api_virtualenv']) retrieved from /home/airflow/.local/lib/python3.7/site-packages/airflow/example_dags/tutorial_taskflow_api_virtualenv.py
[2023-11-06T22:06:34.690+0000] {logging_mixin.py:137} INFO - [2023-11-06T22:06:34.690+0000] {dag.py:2690} INFO - Sync 1 DAGs
[2023-11-06T22:06:34.704+0000] {logging_mixin.py:137} INFO - [2023-11-06T22:06:34.703+0000] {dag.py:3441} INFO - Setting next_dagrun for tutorial_taskflow_api_virtualenv to None, run_after=None
[2023-11-06T22:06:34.714+0000] {processor.py:175} INFO - Processing /home/airflow/.local/lib/python3.7/site-packages/airflow/example_dags/tutorial_taskflow_api_virtualenv.py took 0.061 seconds
[2023-11-06T22:10:14.946+0000] {processor.py:153} INFO - Started process (PID=61428) to work on /home/airflow/.local/lib/python3.7/site-packages/airflow/example_dags/tutorial_taskflow_api_virtualenv.py
[2023-11-06T22:10:14.947+0000] {processor.py:743} INFO - Processing file /home/airflow/.local/lib/python3.7/site-packages/airflow/example_dags/tutorial_taskflow_api_virtualenv.py for tasks to queue
[2023-11-06T22:10:14.947+0000] {logging_mixin.py:137} INFO - [2023-11-06T22:10:14.947+0000] {dagbag.py:538} INFO - Filling up the DagBag from /home/airflow/.local/lib/python3.7/site-packages/airflow/example_dags/tutorial_taskflow_api_virtualenv.py
[2023-11-06T22:10:14.965+0000] {processor.py:753} INFO - DAG(s) dict_keys(['tutorial_taskflow_api_virtualenv']) retrieved from /home/airflow/.local/lib/python3.7/site-packages/airflow/example_dags/tutorial_taskflow_api_virtualenv.py
[2023-11-06T22:10:14.982+0000] {logging_mixin.py:137} INFO - [2023-11-06T22:10:14.982+0000] {dag.py:2690} INFO - Sync 1 DAGs
[2023-11-06T22:10:14.994+0000] {logging_mixin.py:137} INFO - [2023-11-06T22:10:14.994+0000] {dag.py:3441} INFO - Setting next_dagrun for tutorial_taskflow_api_virtualenv to None, run_after=None
[2023-11-06T22:10:15.002+0000] {processor.py:175} INFO - Processing /home/airflow/.local/lib/python3.7/site-packages/airflow/example_dags/tutorial_taskflow_api_virtualenv.py took 0.058 seconds
[2023-11-06T22:37:49.017+0000] {processor.py:153} INFO - Started process (PID=61523) to work on /home/airflow/.local/lib/python3.7/site-packages/airflow/example_dags/tutorial_taskflow_api_virtualenv.py
[2023-11-06T22:37:49.017+0000] {processor.py:743} INFO - Processing file /home/airflow/.local/lib/python3.7/site-packages/airflow/example_dags/tutorial_taskflow_api_virtualenv.py for tasks to queue
[2023-11-06T22:37:49.018+0000] {logging_mixin.py:137} INFO - [2023-11-06T22:37:49.018+0000] {dagbag.py:538} INFO - Filling up the DagBag from /home/airflow/.local/lib/python3.7/site-packages/airflow/example_dags/tutorial_taskflow_api_virtualenv.py
[2023-11-06T22:37:49.031+0000] {processor.py:753} INFO - DAG(s) dict_keys(['tutorial_taskflow_api_virtualenv']) retrieved from /home/airflow/.local/lib/python3.7/site-packages/airflow/example_dags/tutorial_taskflow_api_virtualenv.py
[2023-11-06T22:37:49.044+0000] {logging_mixin.py:137} INFO - [2023-11-06T22:37:49.044+0000] {dag.py:2690} INFO - Sync 1 DAGs
[2023-11-06T22:37:49.056+0000] {logging_mixin.py:137} INFO - [2023-11-06T22:37:49.056+0000] {dag.py:3441} INFO - Setting next_dagrun for tutorial_taskflow_api_virtualenv to None, run_after=None
[2023-11-06T22:37:49.065+0000] {processor.py:175} INFO - Processing /home/airflow/.local/lib/python3.7/site-packages/airflow/example_dags/tutorial_taskflow_api_virtualenv.py took 0.050 seconds
[2023-11-06T22:41:20.418+0000] {processor.py:153} INFO - Started process (PID=61600) to work on /home/airflow/.local/lib/python3.7/site-packages/airflow/example_dags/tutorial_taskflow_api_virtualenv.py
[2023-11-06T22:41:20.418+0000] {processor.py:743} INFO - Processing file /home/airflow/.local/lib/python3.7/site-packages/airflow/example_dags/tutorial_taskflow_api_virtualenv.py for tasks to queue
[2023-11-06T22:41:20.419+0000] {logging_mixin.py:137} INFO - [2023-11-06T22:41:20.419+0000] {dagbag.py:538} INFO - Filling up the DagBag from /home/airflow/.local/lib/python3.7/site-packages/airflow/example_dags/tutorial_taskflow_api_virtualenv.py
[2023-11-06T22:41:20.431+0000] {processor.py:753} INFO - DAG(s) dict_keys(['tutorial_taskflow_api_virtualenv']) retrieved from /home/airflow/.local/lib/python3.7/site-packages/airflow/example_dags/tutorial_taskflow_api_virtualenv.py
[2023-11-06T22:41:20.444+0000] {logging_mixin.py:137} INFO - [2023-11-06T22:41:20.444+0000] {dag.py:2690} INFO - Sync 1 DAGs
[2023-11-06T22:41:20.456+0000] {logging_mixin.py:137} INFO - [2023-11-06T22:41:20.455+0000] {dag.py:3441} INFO - Setting next_dagrun for tutorial_taskflow_api_virtualenv to None, run_after=None
[2023-11-06T22:41:20.464+0000] {processor.py:175} INFO - Processing /home/airflow/.local/lib/python3.7/site-packages/airflow/example_dags/tutorial_taskflow_api_virtualenv.py took 0.049 seconds
[2023-11-06T22:45:00.808+0000] {processor.py:153} INFO - Started process (PID=61695) to work on /home/airflow/.local/lib/python3.7/site-packages/airflow/example_dags/tutorial_taskflow_api_virtualenv.py
[2023-11-06T22:45:00.808+0000] {processor.py:743} INFO - Processing file /home/airflow/.local/lib/python3.7/site-packages/airflow/example_dags/tutorial_taskflow_api_virtualenv.py for tasks to queue
[2023-11-06T22:45:00.809+0000] {logging_mixin.py:137} INFO - [2023-11-06T22:45:00.809+0000] {dagbag.py:538} INFO - Filling up the DagBag from /home/airflow/.local/lib/python3.7/site-packages/airflow/example_dags/tutorial_taskflow_api_virtualenv.py
[2023-11-06T22:45:00.821+0000] {processor.py:753} INFO - DAG(s) dict_keys(['tutorial_taskflow_api_virtualenv']) retrieved from /home/airflow/.local/lib/python3.7/site-packages/airflow/example_dags/tutorial_taskflow_api_virtualenv.py
[2023-11-06T22:45:00.835+0000] {logging_mixin.py:137} INFO - [2023-11-06T22:45:00.835+0000] {dag.py:2690} INFO - Sync 1 DAGs
[2023-11-06T22:45:00.852+0000] {logging_mixin.py:137} INFO - [2023-11-06T22:45:00.852+0000] {dag.py:3441} INFO - Setting next_dagrun for tutorial_taskflow_api_virtualenv to None, run_after=None
[2023-11-06T22:45:00.861+0000] {processor.py:175} INFO - Processing /home/airflow/.local/lib/python3.7/site-packages/airflow/example_dags/tutorial_taskflow_api_virtualenv.py took 0.055 seconds
[2023-11-06T22:48:15.053+0000] {processor.py:153} INFO - Started process (PID=61790) to work on /home/airflow/.local/lib/python3.7/site-packages/airflow/example_dags/tutorial_taskflow_api_virtualenv.py
[2023-11-06T22:48:15.054+0000] {processor.py:743} INFO - Processing file /home/airflow/.local/lib/python3.7/site-packages/airflow/example_dags/tutorial_taskflow_api_virtualenv.py for tasks to queue
[2023-11-06T22:48:15.054+0000] {logging_mixin.py:137} INFO - [2023-11-06T22:48:15.054+0000] {dagbag.py:538} INFO - Filling up the DagBag from /home/airflow/.local/lib/python3.7/site-packages/airflow/example_dags/tutorial_taskflow_api_virtualenv.py
[2023-11-06T22:48:15.071+0000] {processor.py:753} INFO - DAG(s) dict_keys(['tutorial_taskflow_api_virtualenv']) retrieved from /home/airflow/.local/lib/python3.7/site-packages/airflow/example_dags/tutorial_taskflow_api_virtualenv.py
[2023-11-06T22:48:15.085+0000] {logging_mixin.py:137} INFO - [2023-11-06T22:48:15.085+0000] {dag.py:2690} INFO - Sync 1 DAGs
[2023-11-06T22:48:15.098+0000] {logging_mixin.py:137} INFO - [2023-11-06T22:48:15.098+0000] {dag.py:3441} INFO - Setting next_dagrun for tutorial_taskflow_api_virtualenv to None, run_after=None
[2023-11-06T22:48:15.107+0000] {processor.py:175} INFO - Processing /home/airflow/.local/lib/python3.7/site-packages/airflow/example_dags/tutorial_taskflow_api_virtualenv.py took 0.056 seconds
[2023-11-06T22:51:50.606+0000] {processor.py:153} INFO - Started process (PID=61867) to work on /home/airflow/.local/lib/python3.7/site-packages/airflow/example_dags/tutorial_taskflow_api_virtualenv.py
[2023-11-06T22:51:50.607+0000] {processor.py:743} INFO - Processing file /home/airflow/.local/lib/python3.7/site-packages/airflow/example_dags/tutorial_taskflow_api_virtualenv.py for tasks to queue
[2023-11-06T22:51:50.607+0000] {logging_mixin.py:137} INFO - [2023-11-06T22:51:50.607+0000] {dagbag.py:538} INFO - Filling up the DagBag from /home/airflow/.local/lib/python3.7/site-packages/airflow/example_dags/tutorial_taskflow_api_virtualenv.py
[2023-11-06T22:51:50.620+0000] {processor.py:753} INFO - DAG(s) dict_keys(['tutorial_taskflow_api_virtualenv']) retrieved from /home/airflow/.local/lib/python3.7/site-packages/airflow/example_dags/tutorial_taskflow_api_virtualenv.py
[2023-11-06T22:51:50.636+0000] {logging_mixin.py:137} INFO - [2023-11-06T22:51:50.636+0000] {dag.py:2690} INFO - Sync 1 DAGs
[2023-11-06T22:51:50.650+0000] {logging_mixin.py:137} INFO - [2023-11-06T22:51:50.649+0000] {dag.py:3441} INFO - Setting next_dagrun for tutorial_taskflow_api_virtualenv to None, run_after=None
[2023-11-06T22:51:50.659+0000] {processor.py:175} INFO - Processing /home/airflow/.local/lib/python3.7/site-packages/airflow/example_dags/tutorial_taskflow_api_virtualenv.py took 0.055 seconds
[2023-11-06T22:55:29.776+0000] {processor.py:153} INFO - Started process (PID=61962) to work on /home/airflow/.local/lib/python3.7/site-packages/airflow/example_dags/tutorial_taskflow_api_virtualenv.py
[2023-11-06T22:55:29.777+0000] {processor.py:743} INFO - Processing file /home/airflow/.local/lib/python3.7/site-packages/airflow/example_dags/tutorial_taskflow_api_virtualenv.py for tasks to queue
[2023-11-06T22:55:29.777+0000] {logging_mixin.py:137} INFO - [2023-11-06T22:55:29.777+0000] {dagbag.py:538} INFO - Filling up the DagBag from /home/airflow/.local/lib/python3.7/site-packages/airflow/example_dags/tutorial_taskflow_api_virtualenv.py
[2023-11-06T22:55:29.794+0000] {processor.py:753} INFO - DAG(s) dict_keys(['tutorial_taskflow_api_virtualenv']) retrieved from /home/airflow/.local/lib/python3.7/site-packages/airflow/example_dags/tutorial_taskflow_api_virtualenv.py
[2023-11-06T22:55:29.810+0000] {logging_mixin.py:137} INFO - [2023-11-06T22:55:29.810+0000] {dag.py:2690} INFO - Sync 1 DAGs
[2023-11-06T22:55:29.823+0000] {logging_mixin.py:137} INFO - [2023-11-06T22:55:29.822+0000] {dag.py:3441} INFO - Setting next_dagrun for tutorial_taskflow_api_virtualenv to None, run_after=None
[2023-11-06T22:55:29.832+0000] {processor.py:175} INFO - Processing /home/airflow/.local/lib/python3.7/site-packages/airflow/example_dags/tutorial_taskflow_api_virtualenv.py took 0.058 seconds
[2023-11-06T22:59:16.065+0000] {processor.py:153} INFO - Started process (PID=62057) to work on /home/airflow/.local/lib/python3.7/site-packages/airflow/example_dags/tutorial_taskflow_api_virtualenv.py
[2023-11-06T22:59:16.066+0000] {processor.py:743} INFO - Processing file /home/airflow/.local/lib/python3.7/site-packages/airflow/example_dags/tutorial_taskflow_api_virtualenv.py for tasks to queue
[2023-11-06T22:59:16.067+0000] {logging_mixin.py:137} INFO - [2023-11-06T22:59:16.067+0000] {dagbag.py:538} INFO - Filling up the DagBag from /home/airflow/.local/lib/python3.7/site-packages/airflow/example_dags/tutorial_taskflow_api_virtualenv.py
[2023-11-06T22:59:16.083+0000] {processor.py:753} INFO - DAG(s) dict_keys(['tutorial_taskflow_api_virtualenv']) retrieved from /home/airflow/.local/lib/python3.7/site-packages/airflow/example_dags/tutorial_taskflow_api_virtualenv.py
[2023-11-06T22:59:16.101+0000] {logging_mixin.py:137} INFO - [2023-11-06T22:59:16.101+0000] {dag.py:2690} INFO - Sync 1 DAGs
[2023-11-06T22:59:16.117+0000] {logging_mixin.py:137} INFO - [2023-11-06T22:59:16.117+0000] {dag.py:3441} INFO - Setting next_dagrun for tutorial_taskflow_api_virtualenv to None, run_after=None
[2023-11-06T22:59:16.126+0000] {processor.py:175} INFO - Processing /home/airflow/.local/lib/python3.7/site-packages/airflow/example_dags/tutorial_taskflow_api_virtualenv.py took 0.065 seconds
[2023-11-06T23:02:56.238+0000] {processor.py:153} INFO - Started process (PID=62134) to work on /home/airflow/.local/lib/python3.7/site-packages/airflow/example_dags/tutorial_taskflow_api_virtualenv.py
[2023-11-06T23:02:56.239+0000] {processor.py:743} INFO - Processing file /home/airflow/.local/lib/python3.7/site-packages/airflow/example_dags/tutorial_taskflow_api_virtualenv.py for tasks to queue
[2023-11-06T23:02:56.239+0000] {logging_mixin.py:137} INFO - [2023-11-06T23:02:56.239+0000] {dagbag.py:538} INFO - Filling up the DagBag from /home/airflow/.local/lib/python3.7/site-packages/airflow/example_dags/tutorial_taskflow_api_virtualenv.py
[2023-11-06T23:02:56.254+0000] {processor.py:753} INFO - DAG(s) dict_keys(['tutorial_taskflow_api_virtualenv']) retrieved from /home/airflow/.local/lib/python3.7/site-packages/airflow/example_dags/tutorial_taskflow_api_virtualenv.py
[2023-11-06T23:02:56.269+0000] {logging_mixin.py:137} INFO - [2023-11-06T23:02:56.269+0000] {dag.py:2690} INFO - Sync 1 DAGs
[2023-11-06T23:02:56.283+0000] {logging_mixin.py:137} INFO - [2023-11-06T23:02:56.283+0000] {dag.py:3441} INFO - Setting next_dagrun for tutorial_taskflow_api_virtualenv to None, run_after=None
[2023-11-06T23:02:56.291+0000] {processor.py:175} INFO - Processing /home/airflow/.local/lib/python3.7/site-packages/airflow/example_dags/tutorial_taskflow_api_virtualenv.py took 0.057 seconds
[2023-11-06T23:06:35.816+0000] {processor.py:153} INFO - Started process (PID=62229) to work on /home/airflow/.local/lib/python3.7/site-packages/airflow/example_dags/tutorial_taskflow_api_virtualenv.py
[2023-11-06T23:06:35.817+0000] {processor.py:743} INFO - Processing file /home/airflow/.local/lib/python3.7/site-packages/airflow/example_dags/tutorial_taskflow_api_virtualenv.py for tasks to queue
[2023-11-06T23:06:35.818+0000] {logging_mixin.py:137} INFO - [2023-11-06T23:06:35.817+0000] {dagbag.py:538} INFO - Filling up the DagBag from /home/airflow/.local/lib/python3.7/site-packages/airflow/example_dags/tutorial_taskflow_api_virtualenv.py
[2023-11-06T23:06:35.831+0000] {processor.py:753} INFO - DAG(s) dict_keys(['tutorial_taskflow_api_virtualenv']) retrieved from /home/airflow/.local/lib/python3.7/site-packages/airflow/example_dags/tutorial_taskflow_api_virtualenv.py
[2023-11-06T23:06:35.845+0000] {logging_mixin.py:137} INFO - [2023-11-06T23:06:35.845+0000] {dag.py:2690} INFO - Sync 1 DAGs
[2023-11-06T23:06:35.858+0000] {logging_mixin.py:137} INFO - [2023-11-06T23:06:35.858+0000] {dag.py:3441} INFO - Setting next_dagrun for tutorial_taskflow_api_virtualenv to None, run_after=None
[2023-11-06T23:06:35.866+0000] {processor.py:175} INFO - Processing /home/airflow/.local/lib/python3.7/site-packages/airflow/example_dags/tutorial_taskflow_api_virtualenv.py took 0.052 seconds
[2023-11-06T23:10:17.118+0000] {processor.py:153} INFO - Started process (PID=62306) to work on /home/airflow/.local/lib/python3.7/site-packages/airflow/example_dags/tutorial_taskflow_api_virtualenv.py
[2023-11-06T23:10:17.119+0000] {processor.py:743} INFO - Processing file /home/airflow/.local/lib/python3.7/site-packages/airflow/example_dags/tutorial_taskflow_api_virtualenv.py for tasks to queue
[2023-11-06T23:10:17.119+0000] {logging_mixin.py:137} INFO - [2023-11-06T23:10:17.119+0000] {dagbag.py:538} INFO - Filling up the DagBag from /home/airflow/.local/lib/python3.7/site-packages/airflow/example_dags/tutorial_taskflow_api_virtualenv.py
[2023-11-06T23:10:17.132+0000] {processor.py:753} INFO - DAG(s) dict_keys(['tutorial_taskflow_api_virtualenv']) retrieved from /home/airflow/.local/lib/python3.7/site-packages/airflow/example_dags/tutorial_taskflow_api_virtualenv.py
[2023-11-06T23:10:17.146+0000] {logging_mixin.py:137} INFO - [2023-11-06T23:10:17.146+0000] {dag.py:2690} INFO - Sync 1 DAGs
[2023-11-06T23:10:17.158+0000] {logging_mixin.py:137} INFO - [2023-11-06T23:10:17.158+0000] {dag.py:3441} INFO - Setting next_dagrun for tutorial_taskflow_api_virtualenv to None, run_after=None
[2023-11-06T23:10:17.166+0000] {processor.py:175} INFO - Processing /home/airflow/.local/lib/python3.7/site-packages/airflow/example_dags/tutorial_taskflow_api_virtualenv.py took 0.049 seconds
[2023-11-06T23:13:57.415+0000] {processor.py:153} INFO - Started process (PID=62401) to work on /home/airflow/.local/lib/python3.7/site-packages/airflow/example_dags/tutorial_taskflow_api_virtualenv.py
[2023-11-06T23:13:57.416+0000] {processor.py:743} INFO - Processing file /home/airflow/.local/lib/python3.7/site-packages/airflow/example_dags/tutorial_taskflow_api_virtualenv.py for tasks to queue
[2023-11-06T23:13:57.417+0000] {logging_mixin.py:137} INFO - [2023-11-06T23:13:57.417+0000] {dagbag.py:538} INFO - Filling up the DagBag from /home/airflow/.local/lib/python3.7/site-packages/airflow/example_dags/tutorial_taskflow_api_virtualenv.py
[2023-11-06T23:13:57.432+0000] {processor.py:753} INFO - DAG(s) dict_keys(['tutorial_taskflow_api_virtualenv']) retrieved from /home/airflow/.local/lib/python3.7/site-packages/airflow/example_dags/tutorial_taskflow_api_virtualenv.py
[2023-11-06T23:13:57.447+0000] {logging_mixin.py:137} INFO - [2023-11-06T23:13:57.447+0000] {dag.py:2690} INFO - Sync 1 DAGs
[2023-11-06T23:13:57.459+0000] {logging_mixin.py:137} INFO - [2023-11-06T23:13:57.459+0000] {dag.py:3441} INFO - Setting next_dagrun for tutorial_taskflow_api_virtualenv to None, run_after=None
[2023-11-06T23:13:57.469+0000] {processor.py:175} INFO - Processing /home/airflow/.local/lib/python3.7/site-packages/airflow/example_dags/tutorial_taskflow_api_virtualenv.py took 0.056 seconds
[2023-11-06T23:17:36.803+0000] {processor.py:153} INFO - Started process (PID=62496) to work on /home/airflow/.local/lib/python3.7/site-packages/airflow/example_dags/tutorial_taskflow_api_virtualenv.py
[2023-11-06T23:17:36.804+0000] {processor.py:743} INFO - Processing file /home/airflow/.local/lib/python3.7/site-packages/airflow/example_dags/tutorial_taskflow_api_virtualenv.py for tasks to queue
[2023-11-06T23:17:36.804+0000] {logging_mixin.py:137} INFO - [2023-11-06T23:17:36.804+0000] {dagbag.py:538} INFO - Filling up the DagBag from /home/airflow/.local/lib/python3.7/site-packages/airflow/example_dags/tutorial_taskflow_api_virtualenv.py
[2023-11-06T23:17:36.817+0000] {processor.py:753} INFO - DAG(s) dict_keys(['tutorial_taskflow_api_virtualenv']) retrieved from /home/airflow/.local/lib/python3.7/site-packages/airflow/example_dags/tutorial_taskflow_api_virtualenv.py
[2023-11-06T23:17:36.830+0000] {logging_mixin.py:137} INFO - [2023-11-06T23:17:36.830+0000] {dag.py:2690} INFO - Sync 1 DAGs
[2023-11-06T23:17:36.842+0000] {logging_mixin.py:137} INFO - [2023-11-06T23:17:36.842+0000] {dag.py:3441} INFO - Setting next_dagrun for tutorial_taskflow_api_virtualenv to None, run_after=None
[2023-11-06T23:17:36.850+0000] {processor.py:175} INFO - Processing /home/airflow/.local/lib/python3.7/site-packages/airflow/example_dags/tutorial_taskflow_api_virtualenv.py took 0.049 seconds
[2023-11-06T23:21:17.648+0000] {processor.py:153} INFO - Started process (PID=62573) to work on /home/airflow/.local/lib/python3.7/site-packages/airflow/example_dags/tutorial_taskflow_api_virtualenv.py
[2023-11-06T23:21:17.649+0000] {processor.py:743} INFO - Processing file /home/airflow/.local/lib/python3.7/site-packages/airflow/example_dags/tutorial_taskflow_api_virtualenv.py for tasks to queue
[2023-11-06T23:21:17.649+0000] {logging_mixin.py:137} INFO - [2023-11-06T23:21:17.649+0000] {dagbag.py:538} INFO - Filling up the DagBag from /home/airflow/.local/lib/python3.7/site-packages/airflow/example_dags/tutorial_taskflow_api_virtualenv.py
[2023-11-06T23:21:17.662+0000] {processor.py:753} INFO - DAG(s) dict_keys(['tutorial_taskflow_api_virtualenv']) retrieved from /home/airflow/.local/lib/python3.7/site-packages/airflow/example_dags/tutorial_taskflow_api_virtualenv.py
[2023-11-06T23:21:17.677+0000] {logging_mixin.py:137} INFO - [2023-11-06T23:21:17.677+0000] {dag.py:2690} INFO - Sync 1 DAGs
[2023-11-06T23:21:17.690+0000] {logging_mixin.py:137} INFO - [2023-11-06T23:21:17.690+0000] {dag.py:3441} INFO - Setting next_dagrun for tutorial_taskflow_api_virtualenv to None, run_after=None
[2023-11-06T23:21:17.699+0000] {processor.py:175} INFO - Processing /home/airflow/.local/lib/python3.7/site-packages/airflow/example_dags/tutorial_taskflow_api_virtualenv.py took 0.053 seconds
[2023-11-06T23:24:57.942+0000] {processor.py:153} INFO - Started process (PID=62668) to work on /home/airflow/.local/lib/python3.7/site-packages/airflow/example_dags/tutorial_taskflow_api_virtualenv.py
[2023-11-06T23:24:57.942+0000] {processor.py:743} INFO - Processing file /home/airflow/.local/lib/python3.7/site-packages/airflow/example_dags/tutorial_taskflow_api_virtualenv.py for tasks to queue
[2023-11-06T23:24:57.943+0000] {logging_mixin.py:137} INFO - [2023-11-06T23:24:57.943+0000] {dagbag.py:538} INFO - Filling up the DagBag from /home/airflow/.local/lib/python3.7/site-packages/airflow/example_dags/tutorial_taskflow_api_virtualenv.py
[2023-11-06T23:24:57.956+0000] {processor.py:753} INFO - DAG(s) dict_keys(['tutorial_taskflow_api_virtualenv']) retrieved from /home/airflow/.local/lib/python3.7/site-packages/airflow/example_dags/tutorial_taskflow_api_virtualenv.py
[2023-11-06T23:24:57.969+0000] {logging_mixin.py:137} INFO - [2023-11-06T23:24:57.969+0000] {dag.py:2690} INFO - Sync 1 DAGs
[2023-11-06T23:24:57.981+0000] {logging_mixin.py:137} INFO - [2023-11-06T23:24:57.981+0000] {dag.py:3441} INFO - Setting next_dagrun for tutorial_taskflow_api_virtualenv to None, run_after=None
[2023-11-06T23:24:57.990+0000] {processor.py:175} INFO - Processing /home/airflow/.local/lib/python3.7/site-packages/airflow/example_dags/tutorial_taskflow_api_virtualenv.py took 0.051 seconds
[2023-11-06T23:28:39.451+0000] {processor.py:153} INFO - Started process (PID=62763) to work on /home/airflow/.local/lib/python3.7/site-packages/airflow/example_dags/tutorial_taskflow_api_virtualenv.py
[2023-11-06T23:28:39.452+0000] {processor.py:743} INFO - Processing file /home/airflow/.local/lib/python3.7/site-packages/airflow/example_dags/tutorial_taskflow_api_virtualenv.py for tasks to queue
[2023-11-06T23:28:39.452+0000] {logging_mixin.py:137} INFO - [2023-11-06T23:28:39.452+0000] {dagbag.py:538} INFO - Filling up the DagBag from /home/airflow/.local/lib/python3.7/site-packages/airflow/example_dags/tutorial_taskflow_api_virtualenv.py
[2023-11-06T23:28:39.465+0000] {processor.py:753} INFO - DAG(s) dict_keys(['tutorial_taskflow_api_virtualenv']) retrieved from /home/airflow/.local/lib/python3.7/site-packages/airflow/example_dags/tutorial_taskflow_api_virtualenv.py
[2023-11-06T23:28:39.478+0000] {logging_mixin.py:137} INFO - [2023-11-06T23:28:39.478+0000] {dag.py:2690} INFO - Sync 1 DAGs
[2023-11-06T23:28:39.492+0000] {logging_mixin.py:137} INFO - [2023-11-06T23:28:39.492+0000] {dag.py:3441} INFO - Setting next_dagrun for tutorial_taskflow_api_virtualenv to None, run_after=None
[2023-11-06T23:28:39.621+0000] {processor.py:175} INFO - Processing /home/airflow/.local/lib/python3.7/site-packages/airflow/example_dags/tutorial_taskflow_api_virtualenv.py took 0.172 seconds
[2023-11-06T23:32:14.067+0000] {processor.py:153} INFO - Started process (PID=62840) to work on /home/airflow/.local/lib/python3.7/site-packages/airflow/example_dags/tutorial_taskflow_api_virtualenv.py
[2023-11-06T23:32:14.068+0000] {processor.py:743} INFO - Processing file /home/airflow/.local/lib/python3.7/site-packages/airflow/example_dags/tutorial_taskflow_api_virtualenv.py for tasks to queue
[2023-11-06T23:32:14.068+0000] {logging_mixin.py:137} INFO - [2023-11-06T23:32:14.068+0000] {dagbag.py:538} INFO - Filling up the DagBag from /home/airflow/.local/lib/python3.7/site-packages/airflow/example_dags/tutorial_taskflow_api_virtualenv.py
[2023-11-06T23:32:14.081+0000] {processor.py:753} INFO - DAG(s) dict_keys(['tutorial_taskflow_api_virtualenv']) retrieved from /home/airflow/.local/lib/python3.7/site-packages/airflow/example_dags/tutorial_taskflow_api_virtualenv.py
[2023-11-06T23:32:14.094+0000] {logging_mixin.py:137} INFO - [2023-11-06T23:32:14.094+0000] {dag.py:2690} INFO - Sync 1 DAGs
[2023-11-06T23:32:14.106+0000] {logging_mixin.py:137} INFO - [2023-11-06T23:32:14.106+0000] {dag.py:3441} INFO - Setting next_dagrun for tutorial_taskflow_api_virtualenv to None, run_after=None
[2023-11-06T23:32:14.115+0000] {processor.py:175} INFO - Processing /home/airflow/.local/lib/python3.7/site-packages/airflow/example_dags/tutorial_taskflow_api_virtualenv.py took 0.049 seconds
[2023-11-06T23:35:54.837+0000] {processor.py:153} INFO - Started process (PID=62935) to work on /home/airflow/.local/lib/python3.7/site-packages/airflow/example_dags/tutorial_taskflow_api_virtualenv.py
[2023-11-06T23:35:54.837+0000] {processor.py:743} INFO - Processing file /home/airflow/.local/lib/python3.7/site-packages/airflow/example_dags/tutorial_taskflow_api_virtualenv.py for tasks to queue
[2023-11-06T23:35:54.838+0000] {logging_mixin.py:137} INFO - [2023-11-06T23:35:54.838+0000] {dagbag.py:538} INFO - Filling up the DagBag from /home/airflow/.local/lib/python3.7/site-packages/airflow/example_dags/tutorial_taskflow_api_virtualenv.py
[2023-11-06T23:35:54.851+0000] {processor.py:753} INFO - DAG(s) dict_keys(['tutorial_taskflow_api_virtualenv']) retrieved from /home/airflow/.local/lib/python3.7/site-packages/airflow/example_dags/tutorial_taskflow_api_virtualenv.py
[2023-11-06T23:35:54.865+0000] {logging_mixin.py:137} INFO - [2023-11-06T23:35:54.865+0000] {dag.py:2690} INFO - Sync 1 DAGs
[2023-11-06T23:35:54.876+0000] {logging_mixin.py:137} INFO - [2023-11-06T23:35:54.876+0000] {dag.py:3441} INFO - Setting next_dagrun for tutorial_taskflow_api_virtualenv to None, run_after=None
[2023-11-06T23:35:54.884+0000] {processor.py:175} INFO - Processing /home/airflow/.local/lib/python3.7/site-packages/airflow/example_dags/tutorial_taskflow_api_virtualenv.py took 0.050 seconds
[2023-11-06T23:39:35.211+0000] {processor.py:153} INFO - Started process (PID=63012) to work on /home/airflow/.local/lib/python3.7/site-packages/airflow/example_dags/tutorial_taskflow_api_virtualenv.py
[2023-11-06T23:39:35.212+0000] {processor.py:743} INFO - Processing file /home/airflow/.local/lib/python3.7/site-packages/airflow/example_dags/tutorial_taskflow_api_virtualenv.py for tasks to queue
[2023-11-06T23:39:35.212+0000] {logging_mixin.py:137} INFO - [2023-11-06T23:39:35.212+0000] {dagbag.py:538} INFO - Filling up the DagBag from /home/airflow/.local/lib/python3.7/site-packages/airflow/example_dags/tutorial_taskflow_api_virtualenv.py
[2023-11-06T23:39:35.227+0000] {processor.py:753} INFO - DAG(s) dict_keys(['tutorial_taskflow_api_virtualenv']) retrieved from /home/airflow/.local/lib/python3.7/site-packages/airflow/example_dags/tutorial_taskflow_api_virtualenv.py
[2023-11-06T23:39:35.246+0000] {logging_mixin.py:137} INFO - [2023-11-06T23:39:35.246+0000] {dag.py:2690} INFO - Sync 1 DAGs
[2023-11-06T23:39:35.259+0000] {logging_mixin.py:137} INFO - [2023-11-06T23:39:35.259+0000] {dag.py:3441} INFO - Setting next_dagrun for tutorial_taskflow_api_virtualenv to None, run_after=None
[2023-11-06T23:39:35.364+0000] {processor.py:175} INFO - Processing /home/airflow/.local/lib/python3.7/site-packages/airflow/example_dags/tutorial_taskflow_api_virtualenv.py took 0.156 seconds
[2023-11-06T23:43:15.115+0000] {processor.py:153} INFO - Started process (PID=63107) to work on /home/airflow/.local/lib/python3.7/site-packages/airflow/example_dags/tutorial_taskflow_api_virtualenv.py
[2023-11-06T23:43:15.116+0000] {processor.py:743} INFO - Processing file /home/airflow/.local/lib/python3.7/site-packages/airflow/example_dags/tutorial_taskflow_api_virtualenv.py for tasks to queue
[2023-11-06T23:43:15.116+0000] {logging_mixin.py:137} INFO - [2023-11-06T23:43:15.116+0000] {dagbag.py:538} INFO - Filling up the DagBag from /home/airflow/.local/lib/python3.7/site-packages/airflow/example_dags/tutorial_taskflow_api_virtualenv.py
[2023-11-06T23:43:15.130+0000] {processor.py:753} INFO - DAG(s) dict_keys(['tutorial_taskflow_api_virtualenv']) retrieved from /home/airflow/.local/lib/python3.7/site-packages/airflow/example_dags/tutorial_taskflow_api_virtualenv.py
[2023-11-06T23:43:15.144+0000] {logging_mixin.py:137} INFO - [2023-11-06T23:43:15.144+0000] {dag.py:2690} INFO - Sync 1 DAGs
[2023-11-06T23:43:15.155+0000] {logging_mixin.py:137} INFO - [2023-11-06T23:43:15.155+0000] {dag.py:3441} INFO - Setting next_dagrun for tutorial_taskflow_api_virtualenv to None, run_after=None
[2023-11-06T23:43:15.163+0000] {processor.py:175} INFO - Processing /home/airflow/.local/lib/python3.7/site-packages/airflow/example_dags/tutorial_taskflow_api_virtualenv.py took 0.050 seconds
