[2023-11-09T00:44:05.592+0000] {processor.py:153} INFO - Started process (PID=92019) to work on /opt/airflow/dags/user_processing.py
[2023-11-09T00:44:05.593+0000] {processor.py:743} INFO - Processing file /opt/airflow/dags/user_processing.py for tasks to queue
[2023-11-09T00:44:05.593+0000] {logging_mixin.py:137} INFO - [2023-11-09T00:44:05.593+0000] {dagbag.py:538} INFO - Filling up the DagBag from /opt/airflow/dags/user_processing.py
[2023-11-09T00:44:05.769+0000] {processor.py:753} INFO - DAG(s) dict_keys(['user_processing']) retrieved from /opt/airflow/dags/user_processing.py
[2023-11-09T00:44:05.796+0000] {logging_mixin.py:137} INFO - [2023-11-09T00:44:05.795+0000] {dag.py:2690} INFO - Sync 1 DAGs
[2023-11-09T00:44:05.819+0000] {logging_mixin.py:137} INFO - [2023-11-09T00:44:05.819+0000] {dag.py:3441} INFO - Setting next_dagrun for user_processing to 2023-11-09T00:00:00+00:00, run_after=2023-11-10T00:00:00+00:00
[2023-11-09T00:44:05.840+0000] {processor.py:175} INFO - Processing /opt/airflow/dags/user_processing.py took 0.250 seconds
[2023-11-09T02:09:22.055+0000] {processor.py:153} INFO - Started process (PID=92114) to work on /opt/airflow/dags/user_processing.py
[2023-11-09T02:09:22.057+0000] {processor.py:743} INFO - Processing file /opt/airflow/dags/user_processing.py for tasks to queue
[2023-11-09T02:09:22.058+0000] {logging_mixin.py:137} INFO - [2023-11-09T02:09:22.058+0000] {dagbag.py:538} INFO - Filling up the DagBag from /opt/airflow/dags/user_processing.py
[2023-11-09T02:09:22.250+0000] {processor.py:753} INFO - DAG(s) dict_keys(['user_processing']) retrieved from /opt/airflow/dags/user_processing.py
[2023-11-09T02:09:22.267+0000] {logging_mixin.py:137} INFO - [2023-11-09T02:09:22.267+0000] {dag.py:2690} INFO - Sync 1 DAGs
[2023-11-09T02:09:22.284+0000] {logging_mixin.py:137} INFO - [2023-11-09T02:09:22.284+0000] {dag.py:3441} INFO - Setting next_dagrun for user_processing to 2023-11-09T00:00:00+00:00, run_after=2023-11-10T00:00:00+00:00
[2023-11-09T02:09:22.302+0000] {processor.py:175} INFO - Processing /opt/airflow/dags/user_processing.py took 0.252 seconds
[2023-11-09T03:31:14.586+0000] {processor.py:153} INFO - Started process (PID=92200) to work on /opt/airflow/dags/user_processing.py
[2023-11-09T03:31:14.586+0000] {processor.py:743} INFO - Processing file /opt/airflow/dags/user_processing.py for tasks to queue
[2023-11-09T03:31:14.587+0000] {logging_mixin.py:137} INFO - [2023-11-09T03:31:14.587+0000] {dagbag.py:538} INFO - Filling up the DagBag from /opt/airflow/dags/user_processing.py
[2023-11-09T03:31:14.741+0000] {processor.py:753} INFO - DAG(s) dict_keys(['user_processing']) retrieved from /opt/airflow/dags/user_processing.py
[2023-11-09T03:31:14.754+0000] {logging_mixin.py:137} INFO - [2023-11-09T03:31:14.753+0000] {dag.py:2690} INFO - Sync 1 DAGs
[2023-11-09T03:31:14.767+0000] {logging_mixin.py:137} INFO - [2023-11-09T03:31:14.767+0000] {dag.py:3441} INFO - Setting next_dagrun for user_processing to 2023-11-09T00:00:00+00:00, run_after=2023-11-10T00:00:00+00:00
[2023-11-09T03:31:14.775+0000] {processor.py:175} INFO - Processing /opt/airflow/dags/user_processing.py took 0.192 seconds
[2023-11-09T04:52:53.468+0000] {processor.py:153} INFO - Started process (PID=92286) to work on /opt/airflow/dags/user_processing.py
[2023-11-09T04:52:53.470+0000] {processor.py:743} INFO - Processing file /opt/airflow/dags/user_processing.py for tasks to queue
[2023-11-09T04:52:53.470+0000] {logging_mixin.py:137} INFO - [2023-11-09T04:52:53.470+0000] {dagbag.py:538} INFO - Filling up the DagBag from /opt/airflow/dags/user_processing.py
[2023-11-09T04:52:53.630+0000] {processor.py:753} INFO - DAG(s) dict_keys(['user_processing']) retrieved from /opt/airflow/dags/user_processing.py
[2023-11-09T04:52:53.644+0000] {logging_mixin.py:137} INFO - [2023-11-09T04:52:53.643+0000] {dag.py:2690} INFO - Sync 1 DAGs
[2023-11-09T04:52:53.657+0000] {logging_mixin.py:137} INFO - [2023-11-09T04:52:53.657+0000] {dag.py:3441} INFO - Setting next_dagrun for user_processing to 2023-11-09T00:00:00+00:00, run_after=2023-11-10T00:00:00+00:00
[2023-11-09T04:52:53.665+0000] {processor.py:175} INFO - Processing /opt/airflow/dags/user_processing.py took 0.202 seconds
[2023-11-09T06:15:50.058+0000] {processor.py:153} INFO - Started process (PID=92381) to work on /opt/airflow/dags/user_processing.py
[2023-11-09T06:15:50.058+0000] {processor.py:743} INFO - Processing file /opt/airflow/dags/user_processing.py for tasks to queue
[2023-11-09T06:15:50.059+0000] {logging_mixin.py:137} INFO - [2023-11-09T06:15:50.059+0000] {dagbag.py:538} INFO - Filling up the DagBag from /opt/airflow/dags/user_processing.py
[2023-11-09T06:15:50.193+0000] {processor.py:753} INFO - DAG(s) dict_keys(['user_processing']) retrieved from /opt/airflow/dags/user_processing.py
[2023-11-09T06:15:50.206+0000] {logging_mixin.py:137} INFO - [2023-11-09T06:15:50.206+0000] {dag.py:2690} INFO - Sync 1 DAGs
[2023-11-09T06:15:50.219+0000] {logging_mixin.py:137} INFO - [2023-11-09T06:15:50.219+0000] {dag.py:3441} INFO - Setting next_dagrun for user_processing to 2023-11-09T00:00:00+00:00, run_after=2023-11-10T00:00:00+00:00
[2023-11-09T06:15:50.228+0000] {processor.py:175} INFO - Processing /opt/airflow/dags/user_processing.py took 0.174 seconds
[2023-11-09T07:41:08.883+0000] {processor.py:153} INFO - Started process (PID=92458) to work on /opt/airflow/dags/user_processing.py
[2023-11-09T07:41:08.884+0000] {processor.py:743} INFO - Processing file /opt/airflow/dags/user_processing.py for tasks to queue
[2023-11-09T07:41:08.884+0000] {logging_mixin.py:137} INFO - [2023-11-09T07:41:08.884+0000] {dagbag.py:538} INFO - Filling up the DagBag from /opt/airflow/dags/user_processing.py
[2023-11-09T07:41:09.040+0000] {processor.py:753} INFO - DAG(s) dict_keys(['user_processing']) retrieved from /opt/airflow/dags/user_processing.py
[2023-11-09T07:41:09.054+0000] {logging_mixin.py:137} INFO - [2023-11-09T07:41:09.053+0000] {dag.py:2690} INFO - Sync 1 DAGs
[2023-11-09T07:41:09.066+0000] {logging_mixin.py:137} INFO - [2023-11-09T07:41:09.066+0000] {dag.py:3441} INFO - Setting next_dagrun for user_processing to 2023-11-09T00:00:00+00:00, run_after=2023-11-10T00:00:00+00:00
[2023-11-09T07:41:09.075+0000] {processor.py:175} INFO - Processing /opt/airflow/dags/user_processing.py took 0.195 seconds
[2023-11-09T09:03:43.266+0000] {processor.py:153} INFO - Started process (PID=92553) to work on /opt/airflow/dags/user_processing.py
[2023-11-09T09:03:43.268+0000] {processor.py:743} INFO - Processing file /opt/airflow/dags/user_processing.py for tasks to queue
[2023-11-09T09:03:43.269+0000] {logging_mixin.py:137} INFO - [2023-11-09T09:03:43.269+0000] {dagbag.py:538} INFO - Filling up the DagBag from /opt/airflow/dags/user_processing.py
[2023-11-09T09:03:43.455+0000] {processor.py:753} INFO - DAG(s) dict_keys(['user_processing']) retrieved from /opt/airflow/dags/user_processing.py
[2023-11-09T09:03:43.480+0000] {logging_mixin.py:137} INFO - [2023-11-09T09:03:43.480+0000] {dag.py:2690} INFO - Sync 1 DAGs
[2023-11-09T09:03:43.503+0000] {logging_mixin.py:137} INFO - [2023-11-09T09:03:43.503+0000] {dag.py:3441} INFO - Setting next_dagrun for user_processing to 2023-11-09T00:00:00+00:00, run_after=2023-11-10T00:00:00+00:00
[2023-11-09T09:03:43.532+0000] {processor.py:175} INFO - Processing /opt/airflow/dags/user_processing.py took 0.271 seconds
[2023-11-09T10:26:52.284+0000] {processor.py:153} INFO - Started process (PID=92648) to work on /opt/airflow/dags/user_processing.py
[2023-11-09T10:26:52.285+0000] {processor.py:743} INFO - Processing file /opt/airflow/dags/user_processing.py for tasks to queue
[2023-11-09T10:26:52.285+0000] {logging_mixin.py:137} INFO - [2023-11-09T10:26:52.285+0000] {dagbag.py:538} INFO - Filling up the DagBag from /opt/airflow/dags/user_processing.py
[2023-11-09T10:26:52.489+0000] {processor.py:753} INFO - DAG(s) dict_keys(['user_processing']) retrieved from /opt/airflow/dags/user_processing.py
[2023-11-09T10:26:52.514+0000] {logging_mixin.py:137} INFO - [2023-11-09T10:26:52.514+0000] {dag.py:2690} INFO - Sync 1 DAGs
[2023-11-09T10:26:52.535+0000] {logging_mixin.py:137} INFO - [2023-11-09T10:26:52.535+0000] {dag.py:3441} INFO - Setting next_dagrun for user_processing to 2023-11-09T00:00:00+00:00, run_after=2023-11-10T00:00:00+00:00
[2023-11-09T10:26:52.546+0000] {processor.py:175} INFO - Processing /opt/airflow/dags/user_processing.py took 0.265 seconds
[2023-11-09T11:49:34.974+0000] {processor.py:153} INFO - Started process (PID=92734) to work on /opt/airflow/dags/user_processing.py
[2023-11-09T11:49:34.974+0000] {processor.py:743} INFO - Processing file /opt/airflow/dags/user_processing.py for tasks to queue
[2023-11-09T11:49:34.975+0000] {logging_mixin.py:137} INFO - [2023-11-09T11:49:34.975+0000] {dagbag.py:538} INFO - Filling up the DagBag from /opt/airflow/dags/user_processing.py
[2023-11-09T11:49:35.110+0000] {processor.py:753} INFO - DAG(s) dict_keys(['user_processing']) retrieved from /opt/airflow/dags/user_processing.py
[2023-11-09T11:49:35.137+0000] {logging_mixin.py:137} INFO - [2023-11-09T11:49:35.136+0000] {dag.py:2690} INFO - Sync 1 DAGs
[2023-11-09T11:49:35.206+0000] {logging_mixin.py:137} INFO - [2023-11-09T11:49:35.206+0000] {dag.py:3441} INFO - Setting next_dagrun for user_processing to 2023-11-09T00:00:00+00:00, run_after=2023-11-10T00:00:00+00:00
[2023-11-09T11:49:35.236+0000] {processor.py:175} INFO - Processing /opt/airflow/dags/user_processing.py took 0.265 seconds
[2023-11-09T12:30:54.619+0000] {processor.py:153} INFO - Started process (PID=92820) to work on /opt/airflow/dags/user_processing.py
[2023-11-09T12:30:54.621+0000] {processor.py:743} INFO - Processing file /opt/airflow/dags/user_processing.py for tasks to queue
[2023-11-09T12:30:54.623+0000] {logging_mixin.py:137} INFO - [2023-11-09T12:30:54.623+0000] {dagbag.py:538} INFO - Filling up the DagBag from /opt/airflow/dags/user_processing.py
[2023-11-09T12:30:55.034+0000] {processor.py:753} INFO - DAG(s) dict_keys(['user_processing']) retrieved from /opt/airflow/dags/user_processing.py
[2023-11-09T12:30:55.074+0000] {logging_mixin.py:137} INFO - [2023-11-09T12:30:55.073+0000] {dag.py:2690} INFO - Sync 1 DAGs
[2023-11-09T12:30:55.096+0000] {logging_mixin.py:137} INFO - [2023-11-09T12:30:55.096+0000] {dag.py:3441} INFO - Setting next_dagrun for user_processing to 2023-11-09T00:00:00+00:00, run_after=2023-11-10T00:00:00+00:00
[2023-11-09T12:30:55.110+0000] {processor.py:175} INFO - Processing /opt/airflow/dags/user_processing.py took 0.500 seconds
[2023-11-09T12:31:25.769+0000] {processor.py:153} INFO - Started process (PID=92915) to work on /opt/airflow/dags/user_processing.py
[2023-11-09T12:31:25.770+0000] {processor.py:743} INFO - Processing file /opt/airflow/dags/user_processing.py for tasks to queue
[2023-11-09T12:31:25.771+0000] {logging_mixin.py:137} INFO - [2023-11-09T12:31:25.770+0000] {dagbag.py:538} INFO - Filling up the DagBag from /opt/airflow/dags/user_processing.py
[2023-11-09T12:31:25.933+0000] {processor.py:753} INFO - DAG(s) dict_keys(['user_processing']) retrieved from /opt/airflow/dags/user_processing.py
[2023-11-09T12:31:25.947+0000] {logging_mixin.py:137} INFO - [2023-11-09T12:31:25.947+0000] {dag.py:2690} INFO - Sync 1 DAGs
[2023-11-09T12:31:25.961+0000] {logging_mixin.py:137} INFO - [2023-11-09T12:31:25.961+0000] {dag.py:3441} INFO - Setting next_dagrun for user_processing to 2023-11-09T00:00:00+00:00, run_after=2023-11-10T00:00:00+00:00
[2023-11-09T12:31:25.971+0000] {processor.py:175} INFO - Processing /opt/airflow/dags/user_processing.py took 0.208 seconds
[2023-11-09T12:31:56.662+0000] {processor.py:153} INFO - Started process (PID=93010) to work on /opt/airflow/dags/user_processing.py
[2023-11-09T12:31:56.663+0000] {processor.py:743} INFO - Processing file /opt/airflow/dags/user_processing.py for tasks to queue
[2023-11-09T12:31:56.664+0000] {logging_mixin.py:137} INFO - [2023-11-09T12:31:56.664+0000] {dagbag.py:538} INFO - Filling up the DagBag from /opt/airflow/dags/user_processing.py
[2023-11-09T12:31:56.838+0000] {processor.py:753} INFO - DAG(s) dict_keys(['user_processing']) retrieved from /opt/airflow/dags/user_processing.py
[2023-11-09T12:31:56.850+0000] {logging_mixin.py:137} INFO - [2023-11-09T12:31:56.849+0000] {dag.py:2690} INFO - Sync 1 DAGs
[2023-11-09T12:31:56.862+0000] {logging_mixin.py:137} INFO - [2023-11-09T12:31:56.862+0000] {dag.py:3441} INFO - Setting next_dagrun for user_processing to 2023-11-09T00:00:00+00:00, run_after=2023-11-10T00:00:00+00:00
[2023-11-09T12:31:56.870+0000] {processor.py:175} INFO - Processing /opt/airflow/dags/user_processing.py took 0.213 seconds
[2023-11-09T12:32:27.480+0000] {processor.py:153} INFO - Started process (PID=93088) to work on /opt/airflow/dags/user_processing.py
[2023-11-09T12:32:27.482+0000] {processor.py:743} INFO - Processing file /opt/airflow/dags/user_processing.py for tasks to queue
[2023-11-09T12:32:27.483+0000] {logging_mixin.py:137} INFO - [2023-11-09T12:32:27.482+0000] {dagbag.py:538} INFO - Filling up the DagBag from /opt/airflow/dags/user_processing.py
[2023-11-09T12:32:27.641+0000] {processor.py:753} INFO - DAG(s) dict_keys(['user_processing']) retrieved from /opt/airflow/dags/user_processing.py
[2023-11-09T12:32:27.654+0000] {logging_mixin.py:137} INFO - [2023-11-09T12:32:27.654+0000] {dag.py:2690} INFO - Sync 1 DAGs
[2023-11-09T12:32:27.666+0000] {logging_mixin.py:137} INFO - [2023-11-09T12:32:27.666+0000] {dag.py:3441} INFO - Setting next_dagrun for user_processing to 2023-11-09T00:00:00+00:00, run_after=2023-11-10T00:00:00+00:00
[2023-11-09T12:32:27.674+0000] {processor.py:175} INFO - Processing /opt/airflow/dags/user_processing.py took 0.202 seconds
[2023-11-09T12:44:14.285+0000] {processor.py:153} INFO - Started process (PID=93183) to work on /opt/airflow/dags/user_processing.py
[2023-11-09T12:44:14.287+0000] {processor.py:743} INFO - Processing file /opt/airflow/dags/user_processing.py for tasks to queue
[2023-11-09T12:44:14.287+0000] {logging_mixin.py:137} INFO - [2023-11-09T12:44:14.287+0000] {dagbag.py:538} INFO - Filling up the DagBag from /opt/airflow/dags/user_processing.py
[2023-11-09T12:44:14.548+0000] {processor.py:753} INFO - DAG(s) dict_keys(['user_processing']) retrieved from /opt/airflow/dags/user_processing.py
[2023-11-09T12:44:14.568+0000] {logging_mixin.py:137} INFO - [2023-11-09T12:44:14.568+0000] {dag.py:2690} INFO - Sync 1 DAGs
[2023-11-09T12:44:14.588+0000] {logging_mixin.py:137} INFO - [2023-11-09T12:44:14.588+0000] {dag.py:3441} INFO - Setting next_dagrun for user_processing to 2023-11-09T00:00:00+00:00, run_after=2023-11-10T00:00:00+00:00
[2023-11-09T12:44:14.603+0000] {processor.py:175} INFO - Processing /opt/airflow/dags/user_processing.py took 0.323 seconds
[2023-11-09T13:02:52.547+0000] {processor.py:153} INFO - Started process (PID=93278) to work on /opt/airflow/dags/user_processing.py
[2023-11-09T13:02:52.548+0000] {processor.py:743} INFO - Processing file /opt/airflow/dags/user_processing.py for tasks to queue
[2023-11-09T13:02:52.549+0000] {logging_mixin.py:137} INFO - [2023-11-09T13:02:52.549+0000] {dagbag.py:538} INFO - Filling up the DagBag from /opt/airflow/dags/user_processing.py
[2023-11-09T13:02:52.748+0000] {processor.py:753} INFO - DAG(s) dict_keys(['user_processing']) retrieved from /opt/airflow/dags/user_processing.py
[2023-11-09T13:02:52.779+0000] {logging_mixin.py:137} INFO - [2023-11-09T13:02:52.778+0000] {dag.py:2690} INFO - Sync 1 DAGs
[2023-11-09T13:02:52.812+0000] {logging_mixin.py:137} INFO - [2023-11-09T13:02:52.811+0000] {dag.py:3441} INFO - Setting next_dagrun for user_processing to 2023-11-09T00:00:00+00:00, run_after=2023-11-10T00:00:00+00:00
[2023-11-09T13:02:52.835+0000] {processor.py:175} INFO - Processing /opt/airflow/dags/user_processing.py took 0.294 seconds
[2023-11-09T13:55:40.753+0000] {processor.py:153} INFO - Started process (PID=93355) to work on /opt/airflow/dags/user_processing.py
[2023-11-09T13:55:40.756+0000] {processor.py:743} INFO - Processing file /opt/airflow/dags/user_processing.py for tasks to queue
[2023-11-09T13:55:40.758+0000] {logging_mixin.py:137} INFO - [2023-11-09T13:55:40.758+0000] {dagbag.py:538} INFO - Filling up the DagBag from /opt/airflow/dags/user_processing.py
[2023-11-09T13:55:40.975+0000] {processor.py:753} INFO - DAG(s) dict_keys(['user_processing']) retrieved from /opt/airflow/dags/user_processing.py
[2023-11-09T13:55:40.993+0000] {logging_mixin.py:137} INFO - [2023-11-09T13:55:40.993+0000] {dag.py:2690} INFO - Sync 1 DAGs
[2023-11-09T13:55:41.007+0000] {logging_mixin.py:137} INFO - [2023-11-09T13:55:41.007+0000] {dag.py:3441} INFO - Setting next_dagrun for user_processing to 2023-11-09T00:00:00+00:00, run_after=2023-11-10T00:00:00+00:00
[2023-11-09T13:55:41.019+0000] {processor.py:175} INFO - Processing /opt/airflow/dags/user_processing.py took 0.279 seconds
[2023-11-09T15:17:00.721+0000] {processor.py:153} INFO - Started process (PID=93450) to work on /opt/airflow/dags/user_processing.py
[2023-11-09T15:17:00.722+0000] {processor.py:743} INFO - Processing file /opt/airflow/dags/user_processing.py for tasks to queue
[2023-11-09T15:17:00.723+0000] {logging_mixin.py:137} INFO - [2023-11-09T15:17:00.723+0000] {dagbag.py:538} INFO - Filling up the DagBag from /opt/airflow/dags/user_processing.py
[2023-11-09T15:17:00.926+0000] {processor.py:753} INFO - DAG(s) dict_keys(['user_processing']) retrieved from /opt/airflow/dags/user_processing.py
[2023-11-09T15:17:00.951+0000] {logging_mixin.py:137} INFO - [2023-11-09T15:17:00.950+0000] {dag.py:2690} INFO - Sync 1 DAGs
[2023-11-09T15:17:00.968+0000] {logging_mixin.py:137} INFO - [2023-11-09T15:17:00.968+0000] {dag.py:3441} INFO - Setting next_dagrun for user_processing to 2023-11-09T00:00:00+00:00, run_after=2023-11-10T00:00:00+00:00
[2023-11-09T15:17:00.987+0000] {processor.py:175} INFO - Processing /opt/airflow/dags/user_processing.py took 0.269 seconds
[2023-11-09T16:39:32.849+0000] {processor.py:153} INFO - Started process (PID=93527) to work on /opt/airflow/dags/user_processing.py
[2023-11-09T16:39:32.850+0000] {processor.py:743} INFO - Processing file /opt/airflow/dags/user_processing.py for tasks to queue
[2023-11-09T16:39:32.851+0000] {logging_mixin.py:137} INFO - [2023-11-09T16:39:32.851+0000] {dagbag.py:538} INFO - Filling up the DagBag from /opt/airflow/dags/user_processing.py
[2023-11-09T16:39:33.011+0000] {processor.py:753} INFO - DAG(s) dict_keys(['user_processing']) retrieved from /opt/airflow/dags/user_processing.py
[2023-11-09T16:39:33.029+0000] {logging_mixin.py:137} INFO - [2023-11-09T16:39:33.029+0000] {dag.py:2690} INFO - Sync 1 DAGs
[2023-11-09T16:39:33.045+0000] {logging_mixin.py:137} INFO - [2023-11-09T16:39:33.045+0000] {dag.py:3441} INFO - Setting next_dagrun for user_processing to 2023-11-09T00:00:00+00:00, run_after=2023-11-10T00:00:00+00:00
[2023-11-09T16:39:33.061+0000] {processor.py:175} INFO - Processing /opt/airflow/dags/user_processing.py took 0.215 seconds
[2023-11-09T18:02:09.107+0000] {processor.py:153} INFO - Started process (PID=93622) to work on /opt/airflow/dags/user_processing.py
[2023-11-09T18:02:09.108+0000] {processor.py:743} INFO - Processing file /opt/airflow/dags/user_processing.py for tasks to queue
[2023-11-09T18:02:09.109+0000] {logging_mixin.py:137} INFO - [2023-11-09T18:02:09.109+0000] {dagbag.py:538} INFO - Filling up the DagBag from /opt/airflow/dags/user_processing.py
[2023-11-09T18:02:09.289+0000] {processor.py:753} INFO - DAG(s) dict_keys(['user_processing']) retrieved from /opt/airflow/dags/user_processing.py
[2023-11-09T18:02:09.308+0000] {logging_mixin.py:137} INFO - [2023-11-09T18:02:09.308+0000] {dag.py:2690} INFO - Sync 1 DAGs
[2023-11-09T18:02:09.325+0000] {logging_mixin.py:137} INFO - [2023-11-09T18:02:09.325+0000] {dag.py:3441} INFO - Setting next_dagrun for user_processing to 2023-11-09T00:00:00+00:00, run_after=2023-11-10T00:00:00+00:00
[2023-11-09T18:02:09.335+0000] {processor.py:175} INFO - Processing /opt/airflow/dags/user_processing.py took 0.235 seconds
[2023-11-09T19:25:46.057+0000] {processor.py:153} INFO - Started process (PID=93717) to work on /opt/airflow/dags/user_processing.py
[2023-11-09T19:25:46.058+0000] {processor.py:743} INFO - Processing file /opt/airflow/dags/user_processing.py for tasks to queue
[2023-11-09T19:25:46.059+0000] {logging_mixin.py:137} INFO - [2023-11-09T19:25:46.058+0000] {dagbag.py:538} INFO - Filling up the DagBag from /opt/airflow/dags/user_processing.py
[2023-11-09T19:25:46.187+0000] {processor.py:753} INFO - DAG(s) dict_keys(['user_processing']) retrieved from /opt/airflow/dags/user_processing.py
[2023-11-09T19:25:46.199+0000] {logging_mixin.py:137} INFO - [2023-11-09T19:25:46.199+0000] {dag.py:2690} INFO - Sync 1 DAGs
[2023-11-09T19:25:46.212+0000] {logging_mixin.py:137} INFO - [2023-11-09T19:25:46.212+0000] {dag.py:3441} INFO - Setting next_dagrun for user_processing to 2023-11-09T00:00:00+00:00, run_after=2023-11-10T00:00:00+00:00
[2023-11-09T19:25:46.221+0000] {processor.py:175} INFO - Processing /opt/airflow/dags/user_processing.py took 0.166 seconds
[2023-11-09T20:47:45.045+0000] {processor.py:153} INFO - Started process (PID=93794) to work on /opt/airflow/dags/user_processing.py
[2023-11-09T20:47:45.048+0000] {processor.py:743} INFO - Processing file /opt/airflow/dags/user_processing.py for tasks to queue
[2023-11-09T20:47:45.050+0000] {logging_mixin.py:137} INFO - [2023-11-09T20:47:45.050+0000] {dagbag.py:538} INFO - Filling up the DagBag from /opt/airflow/dags/user_processing.py
[2023-11-09T20:47:45.234+0000] {processor.py:753} INFO - DAG(s) dict_keys(['user_processing']) retrieved from /opt/airflow/dags/user_processing.py
[2023-11-09T20:47:45.251+0000] {logging_mixin.py:137} INFO - [2023-11-09T20:47:45.251+0000] {dag.py:2690} INFO - Sync 1 DAGs
[2023-11-09T20:47:45.267+0000] {logging_mixin.py:137} INFO - [2023-11-09T20:47:45.266+0000] {dag.py:3441} INFO - Setting next_dagrun for user_processing to 2023-11-09T00:00:00+00:00, run_after=2023-11-10T00:00:00+00:00
[2023-11-09T20:47:45.277+0000] {processor.py:175} INFO - Processing /opt/airflow/dags/user_processing.py took 0.244 seconds
[2023-11-09T21:53:02.661+0000] {processor.py:153} INFO - Started process (PID=93889) to work on /opt/airflow/dags/user_processing.py
[2023-11-09T21:53:02.662+0000] {processor.py:743} INFO - Processing file /opt/airflow/dags/user_processing.py for tasks to queue
[2023-11-09T21:53:02.663+0000] {logging_mixin.py:137} INFO - [2023-11-09T21:53:02.662+0000] {dagbag.py:538} INFO - Filling up the DagBag from /opt/airflow/dags/user_processing.py
[2023-11-09T21:53:02.864+0000] {processor.py:753} INFO - DAG(s) dict_keys(['user_processing']) retrieved from /opt/airflow/dags/user_processing.py
[2023-11-09T21:53:02.883+0000] {logging_mixin.py:137} INFO - [2023-11-09T21:53:02.882+0000] {dag.py:2690} INFO - Sync 1 DAGs
[2023-11-09T21:53:02.897+0000] {logging_mixin.py:137} INFO - [2023-11-09T21:53:02.897+0000] {dag.py:3441} INFO - Setting next_dagrun for user_processing to 2023-11-09T00:00:00+00:00, run_after=2023-11-10T00:00:00+00:00
[2023-11-09T21:53:02.908+0000] {processor.py:175} INFO - Processing /opt/airflow/dags/user_processing.py took 0.251 seconds
[2023-11-09T23:13:01.975+0000] {processor.py:153} INFO - Started process (PID=93984) to work on /opt/airflow/dags/user_processing.py
[2023-11-09T23:13:01.976+0000] {processor.py:743} INFO - Processing file /opt/airflow/dags/user_processing.py for tasks to queue
[2023-11-09T23:13:01.976+0000] {logging_mixin.py:137} INFO - [2023-11-09T23:13:01.976+0000] {dagbag.py:538} INFO - Filling up the DagBag from /opt/airflow/dags/user_processing.py
[2023-11-09T23:13:02.114+0000] {processor.py:753} INFO - DAG(s) dict_keys(['user_processing']) retrieved from /opt/airflow/dags/user_processing.py
[2023-11-09T23:13:02.127+0000] {logging_mixin.py:137} INFO - [2023-11-09T23:13:02.127+0000] {dag.py:2690} INFO - Sync 1 DAGs
[2023-11-09T23:13:02.139+0000] {logging_mixin.py:137} INFO - [2023-11-09T23:13:02.139+0000] {dag.py:3441} INFO - Setting next_dagrun for user_processing to 2023-11-09T00:00:00+00:00, run_after=2023-11-10T00:00:00+00:00
[2023-11-09T23:13:02.147+0000] {processor.py:175} INFO - Processing /opt/airflow/dags/user_processing.py took 0.176 seconds
