[2023-11-09T00:44:07.384+0000] {taskinstance.py:1083} INFO - Dependencies all met for <TaskInstance: user_processing.is_api_available scheduled__2023-11-08T00:00:00+00:00 [queued]>
[2023-11-09T00:44:07.388+0000] {taskinstance.py:1083} INFO - Dependencies all met for <TaskInstance: user_processing.is_api_available scheduled__2023-11-08T00:00:00+00:00 [queued]>
[2023-11-09T00:44:07.389+0000] {taskinstance.py:1279} INFO - 
--------------------------------------------------------------------------------
[2023-11-09T00:44:07.389+0000] {taskinstance.py:1280} INFO - Starting attempt 1 of 1
[2023-11-09T00:44:07.389+0000] {taskinstance.py:1281} INFO - 
--------------------------------------------------------------------------------
[2023-11-09T00:44:07.395+0000] {taskinstance.py:1300} INFO - Executing <Task(HttpSensor): is_api_available> on 2023-11-08 00:00:00+00:00
[2023-11-09T00:44:07.400+0000] {standard_task_runner.py:55} INFO - Started process 18434 to run task
[2023-11-09T00:44:07.403+0000] {standard_task_runner.py:82} INFO - Running: ['***', 'tasks', 'run', 'user_processing', 'is_api_available', 'scheduled__2023-11-08T00:00:00+00:00', '--job-id', '63', '--raw', '--subdir', 'DAGS_FOLDER/user_processing.py', '--cfg-path', '/tmp/tmpgse9_xae']
[2023-11-09T00:44:07.403+0000] {standard_task_runner.py:83} INFO - Job 63: Subtask is_api_available
[2023-11-09T00:44:07.441+0000] {task_command.py:388} INFO - Running <TaskInstance: user_processing.is_api_available scheduled__2023-11-08T00:00:00+00:00 [running]> on host cff42873677f
[2023-11-09T00:44:07.475+0000] {taskinstance.py:1509} INFO - Exporting the following env vars:
AIRFLOW_CTX_DAG_OWNER=***
AIRFLOW_CTX_DAG_ID=user_processing
AIRFLOW_CTX_TASK_ID=is_api_available
AIRFLOW_CTX_EXECUTION_DATE=2023-11-08T00:00:00+00:00
AIRFLOW_CTX_TRY_NUMBER=1
AIRFLOW_CTX_DAG_RUN_ID=scheduled__2023-11-08T00:00:00+00:00
[2023-11-09T00:44:07.476+0000] {http.py:122} INFO - Poking: api/
[2023-11-09T00:44:07.481+0000] {base.py:73} INFO - Using connection ID 'user_api' for task execution.
[2023-11-09T00:44:08.028+0000] {base.py:228} INFO - Success criteria met. Exiting.
[2023-11-09T00:44:08.049+0000] {taskinstance.py:1323} INFO - Marking task as SUCCESS. dag_id=user_processing, task_id=is_api_available, execution_date=20231108T000000, start_date=20231109T004407, end_date=20231109T004408
[2023-11-09T00:44:08.072+0000] {local_task_job.py:208} INFO - Task exited with return code 0
[2023-11-09T00:44:08.097+0000] {taskinstance.py:2578} INFO - 0 downstream tasks scheduled from follow-on schedule check
