[2023-11-08T00:06:05.032+0000] {taskinstance.py:1083} INFO - Dependencies all met for <TaskInstance: user_processing.is_api_available scheduled__2023-11-07T00:00:00+00:00 [queued]>
[2023-11-08T00:06:05.038+0000] {taskinstance.py:1083} INFO - Dependencies all met for <TaskInstance: user_processing.is_api_available scheduled__2023-11-07T00:00:00+00:00 [queued]>
[2023-11-08T00:06:05.038+0000] {taskinstance.py:1279} INFO - 
--------------------------------------------------------------------------------
[2023-11-08T00:06:05.038+0000] {taskinstance.py:1280} INFO - Starting attempt 1 of 1
[2023-11-08T00:06:05.038+0000] {taskinstance.py:1281} INFO - 
--------------------------------------------------------------------------------
[2023-11-08T00:06:05.048+0000] {taskinstance.py:1300} INFO - Executing <Task(HttpSensor): is_api_available> on 2023-11-07 00:00:00+00:00
[2023-11-08T00:06:05.054+0000] {standard_task_runner.py:55} INFO - Started process 5140 to run task
[2023-11-08T00:06:05.056+0000] {standard_task_runner.py:82} INFO - Running: ['***', 'tasks', 'run', 'user_processing', 'is_api_available', 'scheduled__2023-11-07T00:00:00+00:00', '--job-id', '60', '--raw', '--subdir', 'DAGS_FOLDER/user_processing.py', '--cfg-path', '/tmp/tmp9f1tem1g']
[2023-11-08T00:06:05.057+0000] {standard_task_runner.py:83} INFO - Job 60: Subtask is_api_available
[2023-11-08T00:06:05.097+0000] {task_command.py:388} INFO - Running <TaskInstance: user_processing.is_api_available scheduled__2023-11-07T00:00:00+00:00 [running]> on host cff42873677f
[2023-11-08T00:06:05.134+0000] {taskinstance.py:1509} INFO - Exporting the following env vars:
AIRFLOW_CTX_DAG_OWNER=***
AIRFLOW_CTX_DAG_ID=user_processing
AIRFLOW_CTX_TASK_ID=is_api_available
AIRFLOW_CTX_EXECUTION_DATE=2023-11-07T00:00:00+00:00
AIRFLOW_CTX_TRY_NUMBER=1
AIRFLOW_CTX_DAG_RUN_ID=scheduled__2023-11-07T00:00:00+00:00
[2023-11-08T00:06:05.136+0000] {http.py:122} INFO - Poking: api/
[2023-11-08T00:06:05.140+0000] {base.py:73} INFO - Using connection ID 'user_api' for task execution.
[2023-11-08T00:06:05.346+0000] {base.py:228} INFO - Success criteria met. Exiting.
[2023-11-08T00:06:05.352+0000] {taskinstance.py:1323} INFO - Marking task as SUCCESS. dag_id=user_processing, task_id=is_api_available, execution_date=20231107T000000, start_date=20231108T000605, end_date=20231108T000605
[2023-11-08T00:06:05.365+0000] {local_task_job.py:208} INFO - Task exited with return code 0
[2023-11-08T00:06:05.384+0000] {taskinstance.py:2578} INFO - 1 downstream tasks scheduled from follow-on schedule check
