[2023-11-29T00:35:57.356+0000] {taskinstance.py:1083} INFO - Dependencies all met for <TaskInstance: parallel_dag.load_a scheduled__2023-11-28T00:00:00+00:00 [queued]>
[2023-11-29T00:35:57.363+0000] {taskinstance.py:1083} INFO - Dependencies all met for <TaskInstance: parallel_dag.load_a scheduled__2023-11-28T00:00:00+00:00 [queued]>
[2023-11-29T00:35:57.364+0000] {taskinstance.py:1279} INFO - 
--------------------------------------------------------------------------------
[2023-11-29T00:35:57.364+0000] {taskinstance.py:1280} INFO - Starting attempt 1 of 1
[2023-11-29T00:35:57.364+0000] {taskinstance.py:1281} INFO - 
--------------------------------------------------------------------------------
[2023-11-29T00:35:57.375+0000] {taskinstance.py:1300} INFO - Executing <Task(BashOperator): load_a> on 2023-11-28 00:00:00+00:00
[2023-11-29T00:35:57.381+0000] {standard_task_runner.py:55} INFO - Started process 51748 to run task
[2023-11-29T00:35:57.386+0000] {standard_task_runner.py:82} INFO - Running: ['***', 'tasks', 'run', 'parallel_dag', 'load_a', 'scheduled__2023-11-28T00:00:00+00:00', '--job-id', '176', '--raw', '--subdir', 'DAGS_FOLDER/parallel_dag.py', '--cfg-path', '/tmp/tmpzh6iz71y']
[2023-11-29T00:35:57.387+0000] {standard_task_runner.py:83} INFO - Job 176: Subtask load_a
[2023-11-29T00:35:57.437+0000] {task_command.py:388} INFO - Running <TaskInstance: parallel_dag.load_a scheduled__2023-11-28T00:00:00+00:00 [running]> on host a63561e76058
[2023-11-29T00:35:57.475+0000] {taskinstance.py:1509} INFO - Exporting the following env vars:
AIRFLOW_CTX_DAG_OWNER=***
AIRFLOW_CTX_DAG_ID=parallel_dag
AIRFLOW_CTX_TASK_ID=load_a
AIRFLOW_CTX_EXECUTION_DATE=2023-11-28T00:00:00+00:00
AIRFLOW_CTX_TRY_NUMBER=1
AIRFLOW_CTX_DAG_RUN_ID=scheduled__2023-11-28T00:00:00+00:00
[2023-11-29T00:35:57.476+0000] {subprocess.py:63} INFO - Tmp dir root location: 
 /tmp
[2023-11-29T00:35:57.477+0000] {subprocess.py:75} INFO - Running command: ['/bin/bash', '-c', 'sleep 10']
[2023-11-29T00:35:57.486+0000] {subprocess.py:86} INFO - Output:
[2023-11-29T00:36:07.493+0000] {subprocess.py:97} INFO - Command exited with return code 0
[2023-11-29T00:36:07.541+0000] {taskinstance.py:1323} INFO - Marking task as SUCCESS. dag_id=parallel_dag, task_id=load_a, execution_date=20231128T000000, start_date=20231129T003557, end_date=20231129T003607
[2023-11-29T00:36:07.588+0000] {local_task_job.py:208} INFO - Task exited with return code 0
[2023-11-29T00:36:07.603+0000] {taskinstance.py:2578} INFO - 0 downstream tasks scheduled from follow-on schedule check
