[2023-10-23T01:21:09.612+0000] {processor.py:153} INFO - Started process (PID=11647) to work on /home/airflow/.local/lib/python3.7/site-packages/airflow/example_dags/example_short_circuit_decorator.py
[2023-10-23T01:21:09.612+0000] {processor.py:743} INFO - Processing file /home/airflow/.local/lib/python3.7/site-packages/airflow/example_dags/example_short_circuit_decorator.py for tasks to queue
[2023-10-23T01:21:09.612+0000] {logging_mixin.py:137} INFO - [2023-10-23T01:21:09.612+0000] {dagbag.py:538} INFO - Filling up the DagBag from /home/airflow/.local/lib/python3.7/site-packages/airflow/example_dags/example_short_circuit_decorator.py
[2023-10-23T01:21:09.626+0000] {processor.py:753} INFO - DAG(s) dict_keys(['example_short_circuit_decorator']) retrieved from /home/airflow/.local/lib/python3.7/site-packages/airflow/example_dags/example_short_circuit_decorator.py
[2023-10-23T01:21:09.639+0000] {logging_mixin.py:137} INFO - [2023-10-23T01:21:09.639+0000] {dag.py:2690} INFO - Sync 1 DAGs
[2023-10-23T01:21:09.651+0000] {logging_mixin.py:137} INFO - [2023-10-23T01:21:09.651+0000] {dag.py:3441} INFO - Setting next_dagrun for example_short_circuit_decorator to 2023-10-22T01:21:09.651199+00:00, run_after=2023-10-23T01:21:09.651199+00:00
[2023-10-23T01:21:09.659+0000] {processor.py:175} INFO - Processing /home/airflow/.local/lib/python3.7/site-packages/airflow/example_dags/example_short_circuit_decorator.py took 0.050 seconds
[2023-10-23T02:45:23.953+0000] {processor.py:153} INFO - Started process (PID=11741) to work on /home/airflow/.local/lib/python3.7/site-packages/airflow/example_dags/example_short_circuit_decorator.py
[2023-10-23T02:45:23.953+0000] {processor.py:743} INFO - Processing file /home/airflow/.local/lib/python3.7/site-packages/airflow/example_dags/example_short_circuit_decorator.py for tasks to queue
[2023-10-23T02:45:23.954+0000] {logging_mixin.py:137} INFO - [2023-10-23T02:45:23.954+0000] {dagbag.py:538} INFO - Filling up the DagBag from /home/airflow/.local/lib/python3.7/site-packages/airflow/example_dags/example_short_circuit_decorator.py
[2023-10-23T02:45:23.972+0000] {processor.py:753} INFO - DAG(s) dict_keys(['example_short_circuit_decorator']) retrieved from /home/airflow/.local/lib/python3.7/site-packages/airflow/example_dags/example_short_circuit_decorator.py
[2023-10-23T02:45:23.988+0000] {logging_mixin.py:137} INFO - [2023-10-23T02:45:23.988+0000] {dag.py:2690} INFO - Sync 1 DAGs
[2023-10-23T02:45:24.001+0000] {logging_mixin.py:137} INFO - [2023-10-23T02:45:24.001+0000] {dag.py:3441} INFO - Setting next_dagrun for example_short_circuit_decorator to 2023-10-22T02:45:24.001108+00:00, run_after=2023-10-23T02:45:24.001108+00:00
[2023-10-23T02:45:24.011+0000] {processor.py:175} INFO - Processing /home/airflow/.local/lib/python3.7/site-packages/airflow/example_dags/example_short_circuit_decorator.py took 0.061 seconds
[2023-10-23T03:38:56.666+0000] {processor.py:153} INFO - Started process (PID=11817) to work on /home/airflow/.local/lib/python3.7/site-packages/airflow/example_dags/example_short_circuit_decorator.py
[2023-10-23T03:38:56.667+0000] {processor.py:743} INFO - Processing file /home/airflow/.local/lib/python3.7/site-packages/airflow/example_dags/example_short_circuit_decorator.py for tasks to queue
[2023-10-23T03:38:56.667+0000] {logging_mixin.py:137} INFO - [2023-10-23T03:38:56.667+0000] {dagbag.py:538} INFO - Filling up the DagBag from /home/airflow/.local/lib/python3.7/site-packages/airflow/example_dags/example_short_circuit_decorator.py
[2023-10-23T03:38:56.681+0000] {processor.py:753} INFO - DAG(s) dict_keys(['example_short_circuit_decorator']) retrieved from /home/airflow/.local/lib/python3.7/site-packages/airflow/example_dags/example_short_circuit_decorator.py
[2023-10-23T03:38:56.694+0000] {logging_mixin.py:137} INFO - [2023-10-23T03:38:56.694+0000] {dag.py:2690} INFO - Sync 1 DAGs
[2023-10-23T03:38:56.706+0000] {logging_mixin.py:137} INFO - [2023-10-23T03:38:56.706+0000] {dag.py:3441} INFO - Setting next_dagrun for example_short_circuit_decorator to 2023-10-22T03:38:56.706388+00:00, run_after=2023-10-23T03:38:56.706388+00:00
[2023-10-23T03:38:56.716+0000] {processor.py:175} INFO - Processing /home/airflow/.local/lib/python3.7/site-packages/airflow/example_dags/example_short_circuit_decorator.py took 0.052 seconds
[2023-10-23T05:02:02.159+0000] {processor.py:153} INFO - Started process (PID=11911) to work on /home/airflow/.local/lib/python3.7/site-packages/airflow/example_dags/example_short_circuit_decorator.py
[2023-10-23T05:02:02.160+0000] {processor.py:743} INFO - Processing file /home/airflow/.local/lib/python3.7/site-packages/airflow/example_dags/example_short_circuit_decorator.py for tasks to queue
[2023-10-23T05:02:02.160+0000] {logging_mixin.py:137} INFO - [2023-10-23T05:02:02.160+0000] {dagbag.py:538} INFO - Filling up the DagBag from /home/airflow/.local/lib/python3.7/site-packages/airflow/example_dags/example_short_circuit_decorator.py
[2023-10-23T05:02:02.173+0000] {processor.py:753} INFO - DAG(s) dict_keys(['example_short_circuit_decorator']) retrieved from /home/airflow/.local/lib/python3.7/site-packages/airflow/example_dags/example_short_circuit_decorator.py
[2023-10-23T05:02:02.187+0000] {logging_mixin.py:137} INFO - [2023-10-23T05:02:02.187+0000] {dag.py:2690} INFO - Sync 1 DAGs
[2023-10-23T05:02:02.199+0000] {logging_mixin.py:137} INFO - [2023-10-23T05:02:02.199+0000] {dag.py:3441} INFO - Setting next_dagrun for example_short_circuit_decorator to 2023-10-22T05:02:02.198884+00:00, run_after=2023-10-23T05:02:02.198884+00:00
[2023-10-23T05:02:02.207+0000] {processor.py:175} INFO - Processing /home/airflow/.local/lib/python3.7/site-packages/airflow/example_dags/example_short_circuit_decorator.py took 0.049 seconds
[2023-10-23T06:23:03.274+0000] {processor.py:153} INFO - Started process (PID=11996) to work on /home/airflow/.local/lib/python3.7/site-packages/airflow/example_dags/example_short_circuit_decorator.py
[2023-10-23T06:23:03.275+0000] {processor.py:743} INFO - Processing file /home/airflow/.local/lib/python3.7/site-packages/airflow/example_dags/example_short_circuit_decorator.py for tasks to queue
[2023-10-23T06:23:03.275+0000] {logging_mixin.py:137} INFO - [2023-10-23T06:23:03.275+0000] {dagbag.py:538} INFO - Filling up the DagBag from /home/airflow/.local/lib/python3.7/site-packages/airflow/example_dags/example_short_circuit_decorator.py
[2023-10-23T06:23:03.289+0000] {processor.py:753} INFO - DAG(s) dict_keys(['example_short_circuit_decorator']) retrieved from /home/airflow/.local/lib/python3.7/site-packages/airflow/example_dags/example_short_circuit_decorator.py
[2023-10-23T06:23:03.303+0000] {logging_mixin.py:137} INFO - [2023-10-23T06:23:03.303+0000] {dag.py:2690} INFO - Sync 1 DAGs
[2023-10-23T06:23:03.314+0000] {logging_mixin.py:137} INFO - [2023-10-23T06:23:03.314+0000] {dag.py:3441} INFO - Setting next_dagrun for example_short_circuit_decorator to 2023-10-22T06:23:03.314289+00:00, run_after=2023-10-23T06:23:03.314289+00:00
[2023-10-23T06:23:03.322+0000] {processor.py:175} INFO - Processing /home/airflow/.local/lib/python3.7/site-packages/airflow/example_dags/example_short_circuit_decorator.py took 0.050 seconds
[2023-10-23T07:45:42.122+0000] {processor.py:153} INFO - Started process (PID=12081) to work on /home/airflow/.local/lib/python3.7/site-packages/airflow/example_dags/example_short_circuit_decorator.py
[2023-10-23T07:45:42.123+0000] {processor.py:743} INFO - Processing file /home/airflow/.local/lib/python3.7/site-packages/airflow/example_dags/example_short_circuit_decorator.py for tasks to queue
[2023-10-23T07:45:42.123+0000] {logging_mixin.py:137} INFO - [2023-10-23T07:45:42.123+0000] {dagbag.py:538} INFO - Filling up the DagBag from /home/airflow/.local/lib/python3.7/site-packages/airflow/example_dags/example_short_circuit_decorator.py
[2023-10-23T07:45:42.139+0000] {processor.py:753} INFO - DAG(s) dict_keys(['example_short_circuit_decorator']) retrieved from /home/airflow/.local/lib/python3.7/site-packages/airflow/example_dags/example_short_circuit_decorator.py
[2023-10-23T07:45:42.154+0000] {logging_mixin.py:137} INFO - [2023-10-23T07:45:42.154+0000] {dag.py:2690} INFO - Sync 1 DAGs
[2023-10-23T07:45:42.166+0000] {logging_mixin.py:137} INFO - [2023-10-23T07:45:42.166+0000] {dag.py:3441} INFO - Setting next_dagrun for example_short_circuit_decorator to 2023-10-22T07:45:42.166406+00:00, run_after=2023-10-23T07:45:42.166406+00:00
[2023-10-23T07:45:42.175+0000] {processor.py:175} INFO - Processing /home/airflow/.local/lib/python3.7/site-packages/airflow/example_dags/example_short_circuit_decorator.py took 0.055 seconds
[2023-10-23T09:08:50.918+0000] {processor.py:153} INFO - Started process (PID=12175) to work on /home/airflow/.local/lib/python3.7/site-packages/airflow/example_dags/example_short_circuit_decorator.py
[2023-10-23T09:08:50.919+0000] {processor.py:743} INFO - Processing file /home/airflow/.local/lib/python3.7/site-packages/airflow/example_dags/example_short_circuit_decorator.py for tasks to queue
[2023-10-23T09:08:50.919+0000] {logging_mixin.py:137} INFO - [2023-10-23T09:08:50.919+0000] {dagbag.py:538} INFO - Filling up the DagBag from /home/airflow/.local/lib/python3.7/site-packages/airflow/example_dags/example_short_circuit_decorator.py
[2023-10-23T09:08:50.932+0000] {processor.py:753} INFO - DAG(s) dict_keys(['example_short_circuit_decorator']) retrieved from /home/airflow/.local/lib/python3.7/site-packages/airflow/example_dags/example_short_circuit_decorator.py
[2023-10-23T09:08:50.945+0000] {logging_mixin.py:137} INFO - [2023-10-23T09:08:50.945+0000] {dag.py:2690} INFO - Sync 1 DAGs
[2023-10-23T09:08:50.957+0000] {logging_mixin.py:137} INFO - [2023-10-23T09:08:50.957+0000] {dag.py:3441} INFO - Setting next_dagrun for example_short_circuit_decorator to 2023-10-22T09:08:50.957556+00:00, run_after=2023-10-23T09:08:50.957556+00:00
[2023-10-23T09:08:50.966+0000] {processor.py:175} INFO - Processing /home/airflow/.local/lib/python3.7/site-packages/airflow/example_dags/example_short_circuit_decorator.py took 0.050 seconds
[2023-10-23T10:31:54.025+0000] {processor.py:153} INFO - Started process (PID=12269) to work on /home/airflow/.local/lib/python3.7/site-packages/airflow/example_dags/example_short_circuit_decorator.py
[2023-10-23T10:31:54.026+0000] {processor.py:743} INFO - Processing file /home/airflow/.local/lib/python3.7/site-packages/airflow/example_dags/example_short_circuit_decorator.py for tasks to queue
[2023-10-23T10:31:54.026+0000] {logging_mixin.py:137} INFO - [2023-10-23T10:31:54.026+0000] {dagbag.py:538} INFO - Filling up the DagBag from /home/airflow/.local/lib/python3.7/site-packages/airflow/example_dags/example_short_circuit_decorator.py
[2023-10-23T10:31:54.041+0000] {processor.py:753} INFO - DAG(s) dict_keys(['example_short_circuit_decorator']) retrieved from /home/airflow/.local/lib/python3.7/site-packages/airflow/example_dags/example_short_circuit_decorator.py
[2023-10-23T10:31:54.055+0000] {logging_mixin.py:137} INFO - [2023-10-23T10:31:54.055+0000] {dag.py:2690} INFO - Sync 1 DAGs
[2023-10-23T10:31:54.068+0000] {logging_mixin.py:137} INFO - [2023-10-23T10:31:54.068+0000] {dag.py:3441} INFO - Setting next_dagrun for example_short_circuit_decorator to 2023-10-22T10:31:54.068130+00:00, run_after=2023-10-23T10:31:54.068130+00:00
[2023-10-23T10:31:54.077+0000] {processor.py:175} INFO - Processing /home/airflow/.local/lib/python3.7/site-packages/airflow/example_dags/example_short_circuit_decorator.py took 0.054 seconds
[2023-10-23T11:52:42.676+0000] {processor.py:153} INFO - Started process (PID=12345) to work on /home/airflow/.local/lib/python3.7/site-packages/airflow/example_dags/example_short_circuit_decorator.py
[2023-10-23T11:52:42.676+0000] {processor.py:743} INFO - Processing file /home/airflow/.local/lib/python3.7/site-packages/airflow/example_dags/example_short_circuit_decorator.py for tasks to queue
[2023-10-23T11:52:42.677+0000] {logging_mixin.py:137} INFO - [2023-10-23T11:52:42.677+0000] {dagbag.py:538} INFO - Filling up the DagBag from /home/airflow/.local/lib/python3.7/site-packages/airflow/example_dags/example_short_circuit_decorator.py
[2023-10-23T11:52:42.690+0000] {processor.py:753} INFO - DAG(s) dict_keys(['example_short_circuit_decorator']) retrieved from /home/airflow/.local/lib/python3.7/site-packages/airflow/example_dags/example_short_circuit_decorator.py
[2023-10-23T11:52:42.703+0000] {logging_mixin.py:137} INFO - [2023-10-23T11:52:42.703+0000] {dag.py:2690} INFO - Sync 1 DAGs
[2023-10-23T11:52:42.715+0000] {logging_mixin.py:137} INFO - [2023-10-23T11:52:42.715+0000] {dag.py:3441} INFO - Setting next_dagrun for example_short_circuit_decorator to 2023-10-22T11:52:42.714926+00:00, run_after=2023-10-23T11:52:42.714926+00:00
[2023-10-23T11:52:42.723+0000] {processor.py:175} INFO - Processing /home/airflow/.local/lib/python3.7/site-packages/airflow/example_dags/example_short_circuit_decorator.py took 0.049 seconds
[2023-10-23T13:14:05.694+0000] {processor.py:153} INFO - Started process (PID=12439) to work on /home/airflow/.local/lib/python3.7/site-packages/airflow/example_dags/example_short_circuit_decorator.py
[2023-10-23T13:14:05.694+0000] {processor.py:743} INFO - Processing file /home/airflow/.local/lib/python3.7/site-packages/airflow/example_dags/example_short_circuit_decorator.py for tasks to queue
[2023-10-23T13:14:05.695+0000] {logging_mixin.py:137} INFO - [2023-10-23T13:14:05.694+0000] {dagbag.py:538} INFO - Filling up the DagBag from /home/airflow/.local/lib/python3.7/site-packages/airflow/example_dags/example_short_circuit_decorator.py
[2023-10-23T13:14:05.708+0000] {processor.py:753} INFO - DAG(s) dict_keys(['example_short_circuit_decorator']) retrieved from /home/airflow/.local/lib/python3.7/site-packages/airflow/example_dags/example_short_circuit_decorator.py
[2023-10-23T13:14:05.721+0000] {logging_mixin.py:137} INFO - [2023-10-23T13:14:05.721+0000] {dag.py:2690} INFO - Sync 1 DAGs
[2023-10-23T13:14:05.733+0000] {logging_mixin.py:137} INFO - [2023-10-23T13:14:05.733+0000] {dag.py:3441} INFO - Setting next_dagrun for example_short_circuit_decorator to 2023-10-22T13:14:05.733652+00:00, run_after=2023-10-23T13:14:05.733652+00:00
[2023-10-23T13:14:05.742+0000] {processor.py:175} INFO - Processing /home/airflow/.local/lib/python3.7/site-packages/airflow/example_dags/example_short_circuit_decorator.py took 0.050 seconds
[2023-10-23T14:37:37.161+0000] {processor.py:153} INFO - Started process (PID=12515) to work on /home/airflow/.local/lib/python3.7/site-packages/airflow/example_dags/example_short_circuit_decorator.py
[2023-10-23T14:37:37.162+0000] {processor.py:743} INFO - Processing file /home/airflow/.local/lib/python3.7/site-packages/airflow/example_dags/example_short_circuit_decorator.py for tasks to queue
[2023-10-23T14:37:37.162+0000] {logging_mixin.py:137} INFO - [2023-10-23T14:37:37.162+0000] {dagbag.py:538} INFO - Filling up the DagBag from /home/airflow/.local/lib/python3.7/site-packages/airflow/example_dags/example_short_circuit_decorator.py
[2023-10-23T14:37:37.175+0000] {processor.py:753} INFO - DAG(s) dict_keys(['example_short_circuit_decorator']) retrieved from /home/airflow/.local/lib/python3.7/site-packages/airflow/example_dags/example_short_circuit_decorator.py
[2023-10-23T14:37:37.188+0000] {logging_mixin.py:137} INFO - [2023-10-23T14:37:37.188+0000] {dag.py:2690} INFO - Sync 1 DAGs
[2023-10-23T14:37:37.200+0000] {logging_mixin.py:137} INFO - [2023-10-23T14:37:37.200+0000] {dag.py:3441} INFO - Setting next_dagrun for example_short_circuit_decorator to 2023-10-22T14:37:37.200040+00:00, run_after=2023-10-23T14:37:37.200040+00:00
[2023-10-23T14:37:37.210+0000] {processor.py:175} INFO - Processing /home/airflow/.local/lib/python3.7/site-packages/airflow/example_dags/example_short_circuit_decorator.py took 0.051 seconds
[2023-10-23T16:00:35.110+0000] {processor.py:153} INFO - Started process (PID=12609) to work on /home/airflow/.local/lib/python3.7/site-packages/airflow/example_dags/example_short_circuit_decorator.py
[2023-10-23T16:00:35.111+0000] {processor.py:743} INFO - Processing file /home/airflow/.local/lib/python3.7/site-packages/airflow/example_dags/example_short_circuit_decorator.py for tasks to queue
[2023-10-23T16:00:35.111+0000] {logging_mixin.py:137} INFO - [2023-10-23T16:00:35.111+0000] {dagbag.py:538} INFO - Filling up the DagBag from /home/airflow/.local/lib/python3.7/site-packages/airflow/example_dags/example_short_circuit_decorator.py
[2023-10-23T16:00:35.124+0000] {processor.py:753} INFO - DAG(s) dict_keys(['example_short_circuit_decorator']) retrieved from /home/airflow/.local/lib/python3.7/site-packages/airflow/example_dags/example_short_circuit_decorator.py
[2023-10-23T16:00:35.137+0000] {logging_mixin.py:137} INFO - [2023-10-23T16:00:35.137+0000] {dag.py:2690} INFO - Sync 1 DAGs
[2023-10-23T16:00:35.150+0000] {logging_mixin.py:137} INFO - [2023-10-23T16:00:35.150+0000] {dag.py:3441} INFO - Setting next_dagrun for example_short_circuit_decorator to 2023-10-22T16:00:35.149949+00:00, run_after=2023-10-23T16:00:35.149949+00:00
[2023-10-23T16:00:35.158+0000] {processor.py:175} INFO - Processing /home/airflow/.local/lib/python3.7/site-packages/airflow/example_dags/example_short_circuit_decorator.py took 0.050 seconds
[2023-10-23T17:25:36.712+0000] {processor.py:153} INFO - Started process (PID=12703) to work on /home/airflow/.local/lib/python3.7/site-packages/airflow/example_dags/example_short_circuit_decorator.py
[2023-10-23T17:25:36.713+0000] {processor.py:743} INFO - Processing file /home/airflow/.local/lib/python3.7/site-packages/airflow/example_dags/example_short_circuit_decorator.py for tasks to queue
[2023-10-23T17:25:36.713+0000] {logging_mixin.py:137} INFO - [2023-10-23T17:25:36.713+0000] {dagbag.py:538} INFO - Filling up the DagBag from /home/airflow/.local/lib/python3.7/site-packages/airflow/example_dags/example_short_circuit_decorator.py
[2023-10-23T17:25:36.727+0000] {processor.py:753} INFO - DAG(s) dict_keys(['example_short_circuit_decorator']) retrieved from /home/airflow/.local/lib/python3.7/site-packages/airflow/example_dags/example_short_circuit_decorator.py
[2023-10-23T17:25:36.740+0000] {logging_mixin.py:137} INFO - [2023-10-23T17:25:36.740+0000] {dag.py:2690} INFO - Sync 1 DAGs
[2023-10-23T17:25:36.752+0000] {logging_mixin.py:137} INFO - [2023-10-23T17:25:36.752+0000] {dag.py:3441} INFO - Setting next_dagrun for example_short_circuit_decorator to 2023-10-22T17:25:36.752267+00:00, run_after=2023-10-23T17:25:36.752267+00:00
[2023-10-23T17:25:36.760+0000] {processor.py:175} INFO - Processing /home/airflow/.local/lib/python3.7/site-packages/airflow/example_dags/example_short_circuit_decorator.py took 0.050 seconds
[2023-10-23T18:46:41.936+0000] {processor.py:153} INFO - Started process (PID=12779) to work on /home/airflow/.local/lib/python3.7/site-packages/airflow/example_dags/example_short_circuit_decorator.py
[2023-10-23T18:46:41.937+0000] {processor.py:743} INFO - Processing file /home/airflow/.local/lib/python3.7/site-packages/airflow/example_dags/example_short_circuit_decorator.py for tasks to queue
[2023-10-23T18:46:41.937+0000] {logging_mixin.py:137} INFO - [2023-10-23T18:46:41.937+0000] {dagbag.py:538} INFO - Filling up the DagBag from /home/airflow/.local/lib/python3.7/site-packages/airflow/example_dags/example_short_circuit_decorator.py
[2023-10-23T18:46:41.951+0000] {processor.py:753} INFO - DAG(s) dict_keys(['example_short_circuit_decorator']) retrieved from /home/airflow/.local/lib/python3.7/site-packages/airflow/example_dags/example_short_circuit_decorator.py
[2023-10-23T18:46:41.964+0000] {logging_mixin.py:137} INFO - [2023-10-23T18:46:41.964+0000] {dag.py:2690} INFO - Sync 1 DAGs
[2023-10-23T18:46:41.976+0000] {logging_mixin.py:137} INFO - [2023-10-23T18:46:41.976+0000] {dag.py:3441} INFO - Setting next_dagrun for example_short_circuit_decorator to 2023-10-22T18:46:41.976024+00:00, run_after=2023-10-23T18:46:41.976024+00:00
[2023-10-23T18:46:41.984+0000] {processor.py:175} INFO - Processing /home/airflow/.local/lib/python3.7/site-packages/airflow/example_dags/example_short_circuit_decorator.py took 0.050 seconds
[2023-10-23T20:05:02.916+0000] {processor.py:153} INFO - Started process (PID=12875) to work on /home/airflow/.local/lib/python3.7/site-packages/airflow/example_dags/example_short_circuit_decorator.py
[2023-10-23T20:05:02.917+0000] {processor.py:743} INFO - Processing file /home/airflow/.local/lib/python3.7/site-packages/airflow/example_dags/example_short_circuit_decorator.py for tasks to queue
[2023-10-23T20:05:02.917+0000] {logging_mixin.py:137} INFO - [2023-10-23T20:05:02.917+0000] {dagbag.py:538} INFO - Filling up the DagBag from /home/airflow/.local/lib/python3.7/site-packages/airflow/example_dags/example_short_circuit_decorator.py
[2023-10-23T20:05:02.930+0000] {processor.py:753} INFO - DAG(s) dict_keys(['example_short_circuit_decorator']) retrieved from /home/airflow/.local/lib/python3.7/site-packages/airflow/example_dags/example_short_circuit_decorator.py
[2023-10-23T20:05:02.944+0000] {logging_mixin.py:137} INFO - [2023-10-23T20:05:02.944+0000] {dag.py:2690} INFO - Sync 1 DAGs
[2023-10-23T20:05:02.955+0000] {logging_mixin.py:137} INFO - [2023-10-23T20:05:02.955+0000] {dag.py:3441} INFO - Setting next_dagrun for example_short_circuit_decorator to 2023-10-22T20:05:02.955440+00:00, run_after=2023-10-23T20:05:02.955440+00:00
[2023-10-23T20:05:02.963+0000] {processor.py:175} INFO - Processing /home/airflow/.local/lib/python3.7/site-packages/airflow/example_dags/example_short_circuit_decorator.py took 0.049 seconds
[2023-10-23T21:29:42.623+0000] {processor.py:153} INFO - Started process (PID=12969) to work on /home/airflow/.local/lib/python3.7/site-packages/airflow/example_dags/example_short_circuit_decorator.py
[2023-10-23T21:29:42.623+0000] {processor.py:743} INFO - Processing file /home/airflow/.local/lib/python3.7/site-packages/airflow/example_dags/example_short_circuit_decorator.py for tasks to queue
[2023-10-23T21:29:42.624+0000] {logging_mixin.py:137} INFO - [2023-10-23T21:29:42.624+0000] {dagbag.py:538} INFO - Filling up the DagBag from /home/airflow/.local/lib/python3.7/site-packages/airflow/example_dags/example_short_circuit_decorator.py
[2023-10-23T21:29:42.637+0000] {processor.py:753} INFO - DAG(s) dict_keys(['example_short_circuit_decorator']) retrieved from /home/airflow/.local/lib/python3.7/site-packages/airflow/example_dags/example_short_circuit_decorator.py
[2023-10-23T21:29:42.651+0000] {logging_mixin.py:137} INFO - [2023-10-23T21:29:42.651+0000] {dag.py:2690} INFO - Sync 1 DAGs
[2023-10-23T21:29:42.662+0000] {logging_mixin.py:137} INFO - [2023-10-23T21:29:42.662+0000] {dag.py:3441} INFO - Setting next_dagrun for example_short_circuit_decorator to 2023-10-22T21:29:42.662411+00:00, run_after=2023-10-23T21:29:42.662411+00:00
[2023-10-23T21:29:42.670+0000] {processor.py:175} INFO - Processing /home/airflow/.local/lib/python3.7/site-packages/airflow/example_dags/example_short_circuit_decorator.py took 0.050 seconds
[2023-10-23T23:08:06.107+0000] {processor.py:153} INFO - Started process (PID=13063) to work on /home/airflow/.local/lib/python3.7/site-packages/airflow/example_dags/example_short_circuit_decorator.py
[2023-10-23T23:08:06.108+0000] {processor.py:743} INFO - Processing file /home/airflow/.local/lib/python3.7/site-packages/airflow/example_dags/example_short_circuit_decorator.py for tasks to queue
[2023-10-23T23:08:06.108+0000] {logging_mixin.py:137} INFO - [2023-10-23T23:08:06.108+0000] {dagbag.py:538} INFO - Filling up the DagBag from /home/airflow/.local/lib/python3.7/site-packages/airflow/example_dags/example_short_circuit_decorator.py
[2023-10-23T23:08:06.122+0000] {processor.py:753} INFO - DAG(s) dict_keys(['example_short_circuit_decorator']) retrieved from /home/airflow/.local/lib/python3.7/site-packages/airflow/example_dags/example_short_circuit_decorator.py
[2023-10-23T23:08:06.135+0000] {logging_mixin.py:137} INFO - [2023-10-23T23:08:06.135+0000] {dag.py:2690} INFO - Sync 1 DAGs
[2023-10-23T23:08:06.148+0000] {logging_mixin.py:137} INFO - [2023-10-23T23:08:06.148+0000] {dag.py:3441} INFO - Setting next_dagrun for example_short_circuit_decorator to 2023-10-22T23:08:06.148155+00:00, run_after=2023-10-23T23:08:06.148155+00:00
[2023-10-23T23:08:06.157+0000] {processor.py:175} INFO - Processing /home/airflow/.local/lib/python3.7/site-packages/airflow/example_dags/example_short_circuit_decorator.py took 0.052 seconds
