[2023-10-23T01:21:09.029+0000] {processor.py:153} INFO - Started process (PID=11629) to work on /home/airflow/.local/lib/python3.7/site-packages/airflow/example_dags/example_branch_datetime_operator.py
[2023-10-23T01:21:09.030+0000] {processor.py:743} INFO - Processing file /home/airflow/.local/lib/python3.7/site-packages/airflow/example_dags/example_branch_datetime_operator.py for tasks to queue
[2023-10-23T01:21:09.031+0000] {logging_mixin.py:137} INFO - [2023-10-23T01:21:09.031+0000] {dagbag.py:538} INFO - Filling up the DagBag from /home/airflow/.local/lib/python3.7/site-packages/airflow/example_dags/example_branch_datetime_operator.py
[2023-10-23T01:21:09.044+0000] {processor.py:753} INFO - DAG(s) dict_keys(['example_branch_datetime_operator', 'example_branch_datetime_operator_3', 'example_branch_datetime_operator_2']) retrieved from /home/airflow/.local/lib/python3.7/site-packages/airflow/example_dags/example_branch_datetime_operator.py
[2023-10-23T01:21:09.067+0000] {logging_mixin.py:137} INFO - [2023-10-23T01:21:09.067+0000] {dag.py:2690} INFO - Sync 3 DAGs
[2023-10-23T01:21:09.080+0000] {logging_mixin.py:137} INFO - [2023-10-23T01:21:09.080+0000] {dag.py:3441} INFO - Setting next_dagrun for example_branch_datetime_operator to 2023-10-22T00:00:00+00:00, run_after=2023-10-23T00:00:00+00:00
[2023-10-23T01:21:09.082+0000] {logging_mixin.py:137} INFO - [2023-10-23T01:21:09.082+0000] {dag.py:3441} INFO - Setting next_dagrun for example_branch_datetime_operator_2 to 2023-10-22T00:00:00+00:00, run_after=2023-10-23T00:00:00+00:00
[2023-10-23T01:21:09.083+0000] {logging_mixin.py:137} INFO - [2023-10-23T01:21:09.083+0000] {dag.py:3441} INFO - Setting next_dagrun for example_branch_datetime_operator_3 to 2023-10-22T00:00:00+00:00, run_after=2023-10-23T00:00:00+00:00
[2023-10-23T01:21:09.091+0000] {processor.py:175} INFO - Processing /home/airflow/.local/lib/python3.7/site-packages/airflow/example_dags/example_branch_datetime_operator.py took 0.065 seconds
[2023-10-23T02:45:23.022+0000] {processor.py:153} INFO - Started process (PID=11714) to work on /home/airflow/.local/lib/python3.7/site-packages/airflow/example_dags/example_branch_datetime_operator.py
[2023-10-23T02:45:23.024+0000] {processor.py:743} INFO - Processing file /home/airflow/.local/lib/python3.7/site-packages/airflow/example_dags/example_branch_datetime_operator.py for tasks to queue
[2023-10-23T02:45:23.025+0000] {logging_mixin.py:137} INFO - [2023-10-23T02:45:23.025+0000] {dagbag.py:538} INFO - Filling up the DagBag from /home/airflow/.local/lib/python3.7/site-packages/airflow/example_dags/example_branch_datetime_operator.py
[2023-10-23T02:45:23.046+0000] {processor.py:753} INFO - DAG(s) dict_keys(['example_branch_datetime_operator_2', 'example_branch_datetime_operator_3', 'example_branch_datetime_operator']) retrieved from /home/airflow/.local/lib/python3.7/site-packages/airflow/example_dags/example_branch_datetime_operator.py
[2023-10-23T02:45:23.080+0000] {logging_mixin.py:137} INFO - [2023-10-23T02:45:23.080+0000] {dag.py:2690} INFO - Sync 3 DAGs
[2023-10-23T02:45:23.103+0000] {logging_mixin.py:137} INFO - [2023-10-23T02:45:23.103+0000] {dag.py:3441} INFO - Setting next_dagrun for example_branch_datetime_operator to 2023-10-22T00:00:00+00:00, run_after=2023-10-23T00:00:00+00:00
[2023-10-23T02:45:23.110+0000] {logging_mixin.py:137} INFO - [2023-10-23T02:45:23.110+0000] {dag.py:3441} INFO - Setting next_dagrun for example_branch_datetime_operator_2 to 2023-10-22T00:00:00+00:00, run_after=2023-10-23T00:00:00+00:00
[2023-10-23T02:45:23.114+0000] {logging_mixin.py:137} INFO - [2023-10-23T02:45:23.114+0000] {dag.py:3441} INFO - Setting next_dagrun for example_branch_datetime_operator_3 to 2023-10-22T00:00:00+00:00, run_after=2023-10-23T00:00:00+00:00
[2023-10-23T02:45:23.143+0000] {processor.py:175} INFO - Processing /home/airflow/.local/lib/python3.7/site-packages/airflow/example_dags/example_branch_datetime_operator.py took 0.127 seconds
[2023-10-23T03:38:56.038+0000] {processor.py:153} INFO - Started process (PID=11799) to work on /home/airflow/.local/lib/python3.7/site-packages/airflow/example_dags/example_branch_datetime_operator.py
[2023-10-23T03:38:56.038+0000] {processor.py:743} INFO - Processing file /home/airflow/.local/lib/python3.7/site-packages/airflow/example_dags/example_branch_datetime_operator.py for tasks to queue
[2023-10-23T03:38:56.039+0000] {logging_mixin.py:137} INFO - [2023-10-23T03:38:56.039+0000] {dagbag.py:538} INFO - Filling up the DagBag from /home/airflow/.local/lib/python3.7/site-packages/airflow/example_dags/example_branch_datetime_operator.py
[2023-10-23T03:38:56.048+0000] {processor.py:753} INFO - DAG(s) dict_keys(['example_branch_datetime_operator_3', 'example_branch_datetime_operator_2', 'example_branch_datetime_operator']) retrieved from /home/airflow/.local/lib/python3.7/site-packages/airflow/example_dags/example_branch_datetime_operator.py
[2023-10-23T03:38:56.063+0000] {logging_mixin.py:137} INFO - [2023-10-23T03:38:56.063+0000] {dag.py:2690} INFO - Sync 3 DAGs
[2023-10-23T03:38:56.075+0000] {logging_mixin.py:137} INFO - [2023-10-23T03:38:56.074+0000] {dag.py:3441} INFO - Setting next_dagrun for example_branch_datetime_operator to 2023-10-22T00:00:00+00:00, run_after=2023-10-23T00:00:00+00:00
[2023-10-23T03:38:56.077+0000] {logging_mixin.py:137} INFO - [2023-10-23T03:38:56.077+0000] {dag.py:3441} INFO - Setting next_dagrun for example_branch_datetime_operator_2 to 2023-10-22T00:00:00+00:00, run_after=2023-10-23T00:00:00+00:00
[2023-10-23T03:38:56.078+0000] {logging_mixin.py:137} INFO - [2023-10-23T03:38:56.078+0000] {dag.py:3441} INFO - Setting next_dagrun for example_branch_datetime_operator_3 to 2023-10-22T00:00:00+00:00, run_after=2023-10-23T00:00:00+00:00
[2023-10-23T03:38:56.085+0000] {processor.py:175} INFO - Processing /home/airflow/.local/lib/python3.7/site-packages/airflow/example_dags/example_branch_datetime_operator.py took 0.049 seconds
[2023-10-23T05:02:01.582+0000] {processor.py:153} INFO - Started process (PID=11893) to work on /home/airflow/.local/lib/python3.7/site-packages/airflow/example_dags/example_branch_datetime_operator.py
[2023-10-23T05:02:01.583+0000] {processor.py:743} INFO - Processing file /home/airflow/.local/lib/python3.7/site-packages/airflow/example_dags/example_branch_datetime_operator.py for tasks to queue
[2023-10-23T05:02:01.583+0000] {logging_mixin.py:137} INFO - [2023-10-23T05:02:01.583+0000] {dagbag.py:538} INFO - Filling up the DagBag from /home/airflow/.local/lib/python3.7/site-packages/airflow/example_dags/example_branch_datetime_operator.py
[2023-10-23T05:02:01.593+0000] {processor.py:753} INFO - DAG(s) dict_keys(['example_branch_datetime_operator_3', 'example_branch_datetime_operator', 'example_branch_datetime_operator_2']) retrieved from /home/airflow/.local/lib/python3.7/site-packages/airflow/example_dags/example_branch_datetime_operator.py
[2023-10-23T05:02:01.609+0000] {logging_mixin.py:137} INFO - [2023-10-23T05:02:01.609+0000] {dag.py:2690} INFO - Sync 3 DAGs
[2023-10-23T05:02:01.622+0000] {logging_mixin.py:137} INFO - [2023-10-23T05:02:01.622+0000] {dag.py:3441} INFO - Setting next_dagrun for example_branch_datetime_operator to 2023-10-22T00:00:00+00:00, run_after=2023-10-23T00:00:00+00:00
[2023-10-23T05:02:01.624+0000] {logging_mixin.py:137} INFO - [2023-10-23T05:02:01.624+0000] {dag.py:3441} INFO - Setting next_dagrun for example_branch_datetime_operator_2 to 2023-10-22T00:00:00+00:00, run_after=2023-10-23T00:00:00+00:00
[2023-10-23T05:02:01.625+0000] {logging_mixin.py:137} INFO - [2023-10-23T05:02:01.625+0000] {dag.py:3441} INFO - Setting next_dagrun for example_branch_datetime_operator_3 to 2023-10-22T00:00:00+00:00, run_after=2023-10-23T00:00:00+00:00
[2023-10-23T05:02:01.633+0000] {processor.py:175} INFO - Processing /home/airflow/.local/lib/python3.7/site-packages/airflow/example_dags/example_branch_datetime_operator.py took 0.053 seconds
[2023-10-23T06:23:02.637+0000] {processor.py:153} INFO - Started process (PID=11969) to work on /home/airflow/.local/lib/python3.7/site-packages/airflow/example_dags/example_branch_datetime_operator.py
[2023-10-23T06:23:02.638+0000] {processor.py:743} INFO - Processing file /home/airflow/.local/lib/python3.7/site-packages/airflow/example_dags/example_branch_datetime_operator.py for tasks to queue
[2023-10-23T06:23:02.639+0000] {logging_mixin.py:137} INFO - [2023-10-23T06:23:02.638+0000] {dagbag.py:538} INFO - Filling up the DagBag from /home/airflow/.local/lib/python3.7/site-packages/airflow/example_dags/example_branch_datetime_operator.py
[2023-10-23T06:23:02.655+0000] {processor.py:753} INFO - DAG(s) dict_keys(['example_branch_datetime_operator_2', 'example_branch_datetime_operator', 'example_branch_datetime_operator_3']) retrieved from /home/airflow/.local/lib/python3.7/site-packages/airflow/example_dags/example_branch_datetime_operator.py
[2023-10-23T06:23:02.682+0000] {logging_mixin.py:137} INFO - [2023-10-23T06:23:02.682+0000] {dag.py:2690} INFO - Sync 3 DAGs
[2023-10-23T06:23:02.699+0000] {logging_mixin.py:137} INFO - [2023-10-23T06:23:02.699+0000] {dag.py:3441} INFO - Setting next_dagrun for example_branch_datetime_operator to 2023-10-22T00:00:00+00:00, run_after=2023-10-23T00:00:00+00:00
[2023-10-23T06:23:02.701+0000] {logging_mixin.py:137} INFO - [2023-10-23T06:23:02.701+0000] {dag.py:3441} INFO - Setting next_dagrun for example_branch_datetime_operator_2 to 2023-10-22T00:00:00+00:00, run_after=2023-10-23T00:00:00+00:00
[2023-10-23T06:23:02.702+0000] {logging_mixin.py:137} INFO - [2023-10-23T06:23:02.702+0000] {dag.py:3441} INFO - Setting next_dagrun for example_branch_datetime_operator_3 to 2023-10-22T00:00:00+00:00, run_after=2023-10-23T00:00:00+00:00
[2023-10-23T06:23:02.711+0000] {processor.py:175} INFO - Processing /home/airflow/.local/lib/python3.7/site-packages/airflow/example_dags/example_branch_datetime_operator.py took 0.078 seconds
[2023-10-23T07:45:41.438+0000] {processor.py:153} INFO - Started process (PID=12063) to work on /home/airflow/.local/lib/python3.7/site-packages/airflow/example_dags/example_branch_datetime_operator.py
[2023-10-23T07:45:41.439+0000] {processor.py:743} INFO - Processing file /home/airflow/.local/lib/python3.7/site-packages/airflow/example_dags/example_branch_datetime_operator.py for tasks to queue
[2023-10-23T07:45:41.440+0000] {logging_mixin.py:137} INFO - [2023-10-23T07:45:41.440+0000] {dagbag.py:538} INFO - Filling up the DagBag from /home/airflow/.local/lib/python3.7/site-packages/airflow/example_dags/example_branch_datetime_operator.py
[2023-10-23T07:45:41.458+0000] {processor.py:753} INFO - DAG(s) dict_keys(['example_branch_datetime_operator_2', 'example_branch_datetime_operator', 'example_branch_datetime_operator_3']) retrieved from /home/airflow/.local/lib/python3.7/site-packages/airflow/example_dags/example_branch_datetime_operator.py
[2023-10-23T07:45:41.487+0000] {logging_mixin.py:137} INFO - [2023-10-23T07:45:41.487+0000] {dag.py:2690} INFO - Sync 3 DAGs
[2023-10-23T07:45:41.506+0000] {logging_mixin.py:137} INFO - [2023-10-23T07:45:41.505+0000] {dag.py:3441} INFO - Setting next_dagrun for example_branch_datetime_operator to 2023-10-22T00:00:00+00:00, run_after=2023-10-23T00:00:00+00:00
[2023-10-23T07:45:41.509+0000] {logging_mixin.py:137} INFO - [2023-10-23T07:45:41.509+0000] {dag.py:3441} INFO - Setting next_dagrun for example_branch_datetime_operator_2 to 2023-10-22T00:00:00+00:00, run_after=2023-10-23T00:00:00+00:00
[2023-10-23T07:45:41.510+0000] {logging_mixin.py:137} INFO - [2023-10-23T07:45:41.510+0000] {dag.py:3441} INFO - Setting next_dagrun for example_branch_datetime_operator_3 to 2023-10-22T00:00:00+00:00, run_after=2023-10-23T00:00:00+00:00
[2023-10-23T07:45:41.523+0000] {processor.py:175} INFO - Processing /home/airflow/.local/lib/python3.7/site-packages/airflow/example_dags/example_branch_datetime_operator.py took 0.089 seconds
[2023-10-23T09:08:50.202+0000] {processor.py:153} INFO - Started process (PID=12157) to work on /home/airflow/.local/lib/python3.7/site-packages/airflow/example_dags/example_branch_datetime_operator.py
[2023-10-23T09:08:50.203+0000] {processor.py:743} INFO - Processing file /home/airflow/.local/lib/python3.7/site-packages/airflow/example_dags/example_branch_datetime_operator.py for tasks to queue
[2023-10-23T09:08:50.203+0000] {logging_mixin.py:137} INFO - [2023-10-23T09:08:50.203+0000] {dagbag.py:538} INFO - Filling up the DagBag from /home/airflow/.local/lib/python3.7/site-packages/airflow/example_dags/example_branch_datetime_operator.py
[2023-10-23T09:08:50.214+0000] {processor.py:753} INFO - DAG(s) dict_keys(['example_branch_datetime_operator', 'example_branch_datetime_operator_2', 'example_branch_datetime_operator_3']) retrieved from /home/airflow/.local/lib/python3.7/site-packages/airflow/example_dags/example_branch_datetime_operator.py
[2023-10-23T09:08:50.240+0000] {logging_mixin.py:137} INFO - [2023-10-23T09:08:50.240+0000] {dag.py:2690} INFO - Sync 3 DAGs
[2023-10-23T09:08:50.255+0000] {logging_mixin.py:137} INFO - [2023-10-23T09:08:50.255+0000] {dag.py:3441} INFO - Setting next_dagrun for example_branch_datetime_operator to 2023-10-22T00:00:00+00:00, run_after=2023-10-23T00:00:00+00:00
[2023-10-23T09:08:50.257+0000] {logging_mixin.py:137} INFO - [2023-10-23T09:08:50.257+0000] {dag.py:3441} INFO - Setting next_dagrun for example_branch_datetime_operator_2 to 2023-10-22T00:00:00+00:00, run_after=2023-10-23T00:00:00+00:00
[2023-10-23T09:08:50.259+0000] {logging_mixin.py:137} INFO - [2023-10-23T09:08:50.259+0000] {dag.py:3441} INFO - Setting next_dagrun for example_branch_datetime_operator_3 to 2023-10-22T00:00:00+00:00, run_after=2023-10-23T00:00:00+00:00
[2023-10-23T09:08:50.270+0000] {processor.py:175} INFO - Processing /home/airflow/.local/lib/python3.7/site-packages/airflow/example_dags/example_branch_datetime_operator.py took 0.070 seconds
[2023-10-23T10:31:52.816+0000] {processor.py:153} INFO - Started process (PID=12233) to work on /home/airflow/.local/lib/python3.7/site-packages/airflow/example_dags/example_branch_datetime_operator.py
[2023-10-23T10:31:52.817+0000] {processor.py:743} INFO - Processing file /home/airflow/.local/lib/python3.7/site-packages/airflow/example_dags/example_branch_datetime_operator.py for tasks to queue
[2023-10-23T10:31:52.817+0000] {logging_mixin.py:137} INFO - [2023-10-23T10:31:52.817+0000] {dagbag.py:538} INFO - Filling up the DagBag from /home/airflow/.local/lib/python3.7/site-packages/airflow/example_dags/example_branch_datetime_operator.py
[2023-10-23T10:31:52.827+0000] {processor.py:753} INFO - DAG(s) dict_keys(['example_branch_datetime_operator_3', 'example_branch_datetime_operator_2', 'example_branch_datetime_operator']) retrieved from /home/airflow/.local/lib/python3.7/site-packages/airflow/example_dags/example_branch_datetime_operator.py
[2023-10-23T10:31:52.844+0000] {logging_mixin.py:137} INFO - [2023-10-23T10:31:52.843+0000] {dag.py:2690} INFO - Sync 3 DAGs
[2023-10-23T10:31:52.856+0000] {logging_mixin.py:137} INFO - [2023-10-23T10:31:52.856+0000] {dag.py:3441} INFO - Setting next_dagrun for example_branch_datetime_operator to 2023-10-22T00:00:00+00:00, run_after=2023-10-23T00:00:00+00:00
[2023-10-23T10:31:52.858+0000] {logging_mixin.py:137} INFO - [2023-10-23T10:31:52.858+0000] {dag.py:3441} INFO - Setting next_dagrun for example_branch_datetime_operator_2 to 2023-10-22T00:00:00+00:00, run_after=2023-10-23T00:00:00+00:00
[2023-10-23T10:31:52.859+0000] {logging_mixin.py:137} INFO - [2023-10-23T10:31:52.859+0000] {dag.py:3441} INFO - Setting next_dagrun for example_branch_datetime_operator_3 to 2023-10-22T00:00:00+00:00, run_after=2023-10-23T00:00:00+00:00
[2023-10-23T10:31:52.866+0000] {processor.py:175} INFO - Processing /home/airflow/.local/lib/python3.7/site-packages/airflow/example_dags/example_branch_datetime_operator.py took 0.052 seconds
[2023-10-23T11:52:42.094+0000] {processor.py:153} INFO - Started process (PID=12327) to work on /home/airflow/.local/lib/python3.7/site-packages/airflow/example_dags/example_branch_datetime_operator.py
[2023-10-23T11:52:42.095+0000] {processor.py:743} INFO - Processing file /home/airflow/.local/lib/python3.7/site-packages/airflow/example_dags/example_branch_datetime_operator.py for tasks to queue
[2023-10-23T11:52:42.095+0000] {logging_mixin.py:137} INFO - [2023-10-23T11:52:42.095+0000] {dagbag.py:538} INFO - Filling up the DagBag from /home/airflow/.local/lib/python3.7/site-packages/airflow/example_dags/example_branch_datetime_operator.py
[2023-10-23T11:52:42.105+0000] {processor.py:753} INFO - DAG(s) dict_keys(['example_branch_datetime_operator', 'example_branch_datetime_operator_3', 'example_branch_datetime_operator_2']) retrieved from /home/airflow/.local/lib/python3.7/site-packages/airflow/example_dags/example_branch_datetime_operator.py
[2023-10-23T11:52:42.120+0000] {logging_mixin.py:137} INFO - [2023-10-23T11:52:42.120+0000] {dag.py:2690} INFO - Sync 3 DAGs
[2023-10-23T11:52:42.131+0000] {logging_mixin.py:137} INFO - [2023-10-23T11:52:42.131+0000] {dag.py:3441} INFO - Setting next_dagrun for example_branch_datetime_operator to 2023-10-22T00:00:00+00:00, run_after=2023-10-23T00:00:00+00:00
[2023-10-23T11:52:42.133+0000] {logging_mixin.py:137} INFO - [2023-10-23T11:52:42.133+0000] {dag.py:3441} INFO - Setting next_dagrun for example_branch_datetime_operator_2 to 2023-10-22T00:00:00+00:00, run_after=2023-10-23T00:00:00+00:00
[2023-10-23T11:52:42.134+0000] {logging_mixin.py:137} INFO - [2023-10-23T11:52:42.134+0000] {dag.py:3441} INFO - Setting next_dagrun for example_branch_datetime_operator_3 to 2023-10-22T00:00:00+00:00, run_after=2023-10-23T00:00:00+00:00
[2023-10-23T11:52:42.142+0000] {processor.py:175} INFO - Processing /home/airflow/.local/lib/python3.7/site-packages/airflow/example_dags/example_branch_datetime_operator.py took 0.050 seconds
[2023-10-23T13:14:05.122+0000] {processor.py:153} INFO - Started process (PID=12421) to work on /home/airflow/.local/lib/python3.7/site-packages/airflow/example_dags/example_branch_datetime_operator.py
[2023-10-23T13:14:05.123+0000] {processor.py:743} INFO - Processing file /home/airflow/.local/lib/python3.7/site-packages/airflow/example_dags/example_branch_datetime_operator.py for tasks to queue
[2023-10-23T13:14:05.123+0000] {logging_mixin.py:137} INFO - [2023-10-23T13:14:05.123+0000] {dagbag.py:538} INFO - Filling up the DagBag from /home/airflow/.local/lib/python3.7/site-packages/airflow/example_dags/example_branch_datetime_operator.py
[2023-10-23T13:14:05.133+0000] {processor.py:753} INFO - DAG(s) dict_keys(['example_branch_datetime_operator_2', 'example_branch_datetime_operator_3', 'example_branch_datetime_operator']) retrieved from /home/airflow/.local/lib/python3.7/site-packages/airflow/example_dags/example_branch_datetime_operator.py
[2023-10-23T13:14:05.148+0000] {logging_mixin.py:137} INFO - [2023-10-23T13:14:05.148+0000] {dag.py:2690} INFO - Sync 3 DAGs
[2023-10-23T13:14:05.161+0000] {logging_mixin.py:137} INFO - [2023-10-23T13:14:05.161+0000] {dag.py:3441} INFO - Setting next_dagrun for example_branch_datetime_operator to 2023-10-22T00:00:00+00:00, run_after=2023-10-23T00:00:00+00:00
[2023-10-23T13:14:05.163+0000] {logging_mixin.py:137} INFO - [2023-10-23T13:14:05.163+0000] {dag.py:3441} INFO - Setting next_dagrun for example_branch_datetime_operator_2 to 2023-10-22T00:00:00+00:00, run_after=2023-10-23T00:00:00+00:00
[2023-10-23T13:14:05.164+0000] {logging_mixin.py:137} INFO - [2023-10-23T13:14:05.164+0000] {dag.py:3441} INFO - Setting next_dagrun for example_branch_datetime_operator_3 to 2023-10-22T00:00:00+00:00, run_after=2023-10-23T00:00:00+00:00
[2023-10-23T13:14:05.171+0000] {processor.py:175} INFO - Processing /home/airflow/.local/lib/python3.7/site-packages/airflow/example_dags/example_branch_datetime_operator.py took 0.051 seconds
[2023-10-23T14:37:36.586+0000] {processor.py:153} INFO - Started process (PID=12497) to work on /home/airflow/.local/lib/python3.7/site-packages/airflow/example_dags/example_branch_datetime_operator.py
[2023-10-23T14:37:36.587+0000] {processor.py:743} INFO - Processing file /home/airflow/.local/lib/python3.7/site-packages/airflow/example_dags/example_branch_datetime_operator.py for tasks to queue
[2023-10-23T14:37:36.587+0000] {logging_mixin.py:137} INFO - [2023-10-23T14:37:36.587+0000] {dagbag.py:538} INFO - Filling up the DagBag from /home/airflow/.local/lib/python3.7/site-packages/airflow/example_dags/example_branch_datetime_operator.py
[2023-10-23T14:37:36.598+0000] {processor.py:753} INFO - DAG(s) dict_keys(['example_branch_datetime_operator_2', 'example_branch_datetime_operator', 'example_branch_datetime_operator_3']) retrieved from /home/airflow/.local/lib/python3.7/site-packages/airflow/example_dags/example_branch_datetime_operator.py
[2023-10-23T14:37:36.614+0000] {logging_mixin.py:137} INFO - [2023-10-23T14:37:36.614+0000] {dag.py:2690} INFO - Sync 3 DAGs
[2023-10-23T14:37:36.626+0000] {logging_mixin.py:137} INFO - [2023-10-23T14:37:36.626+0000] {dag.py:3441} INFO - Setting next_dagrun for example_branch_datetime_operator to 2023-10-22T00:00:00+00:00, run_after=2023-10-23T00:00:00+00:00
[2023-10-23T14:37:36.628+0000] {logging_mixin.py:137} INFO - [2023-10-23T14:37:36.628+0000] {dag.py:3441} INFO - Setting next_dagrun for example_branch_datetime_operator_2 to 2023-10-22T00:00:00+00:00, run_after=2023-10-23T00:00:00+00:00
[2023-10-23T14:37:36.629+0000] {logging_mixin.py:137} INFO - [2023-10-23T14:37:36.629+0000] {dag.py:3441} INFO - Setting next_dagrun for example_branch_datetime_operator_3 to 2023-10-22T00:00:00+00:00, run_after=2023-10-23T00:00:00+00:00
[2023-10-23T14:37:36.636+0000] {processor.py:175} INFO - Processing /home/airflow/.local/lib/python3.7/site-packages/airflow/example_dags/example_branch_datetime_operator.py took 0.052 seconds
[2023-10-23T16:00:34.324+0000] {processor.py:153} INFO - Started process (PID=12591) to work on /home/airflow/.local/lib/python3.7/site-packages/airflow/example_dags/example_branch_datetime_operator.py
[2023-10-23T16:00:34.325+0000] {processor.py:743} INFO - Processing file /home/airflow/.local/lib/python3.7/site-packages/airflow/example_dags/example_branch_datetime_operator.py for tasks to queue
[2023-10-23T16:00:34.325+0000] {logging_mixin.py:137} INFO - [2023-10-23T16:00:34.325+0000] {dagbag.py:538} INFO - Filling up the DagBag from /home/airflow/.local/lib/python3.7/site-packages/airflow/example_dags/example_branch_datetime_operator.py
[2023-10-23T16:00:34.343+0000] {processor.py:753} INFO - DAG(s) dict_keys(['example_branch_datetime_operator_3', 'example_branch_datetime_operator_2', 'example_branch_datetime_operator']) retrieved from /home/airflow/.local/lib/python3.7/site-packages/airflow/example_dags/example_branch_datetime_operator.py
[2023-10-23T16:00:34.374+0000] {logging_mixin.py:137} INFO - [2023-10-23T16:00:34.374+0000] {dag.py:2690} INFO - Sync 3 DAGs
[2023-10-23T16:00:34.393+0000] {logging_mixin.py:137} INFO - [2023-10-23T16:00:34.393+0000] {dag.py:3441} INFO - Setting next_dagrun for example_branch_datetime_operator to 2023-10-22T00:00:00+00:00, run_after=2023-10-23T00:00:00+00:00
[2023-10-23T16:00:34.396+0000] {logging_mixin.py:137} INFO - [2023-10-23T16:00:34.396+0000] {dag.py:3441} INFO - Setting next_dagrun for example_branch_datetime_operator_2 to 2023-10-22T00:00:00+00:00, run_after=2023-10-23T00:00:00+00:00
[2023-10-23T16:00:34.397+0000] {logging_mixin.py:137} INFO - [2023-10-23T16:00:34.397+0000] {dag.py:3441} INFO - Setting next_dagrun for example_branch_datetime_operator_3 to 2023-10-22T00:00:00+00:00, run_after=2023-10-23T00:00:00+00:00
[2023-10-23T16:00:34.409+0000] {processor.py:175} INFO - Processing /home/airflow/.local/lib/python3.7/site-packages/airflow/example_dags/example_branch_datetime_operator.py took 0.089 seconds
[2023-10-23T17:25:36.124+0000] {processor.py:153} INFO - Started process (PID=12685) to work on /home/airflow/.local/lib/python3.7/site-packages/airflow/example_dags/example_branch_datetime_operator.py
[2023-10-23T17:25:36.124+0000] {processor.py:743} INFO - Processing file /home/airflow/.local/lib/python3.7/site-packages/airflow/example_dags/example_branch_datetime_operator.py for tasks to queue
[2023-10-23T17:25:36.125+0000] {logging_mixin.py:137} INFO - [2023-10-23T17:25:36.124+0000] {dagbag.py:538} INFO - Filling up the DagBag from /home/airflow/.local/lib/python3.7/site-packages/airflow/example_dags/example_branch_datetime_operator.py
[2023-10-23T17:25:36.134+0000] {processor.py:753} INFO - DAG(s) dict_keys(['example_branch_datetime_operator', 'example_branch_datetime_operator_2', 'example_branch_datetime_operator_3']) retrieved from /home/airflow/.local/lib/python3.7/site-packages/airflow/example_dags/example_branch_datetime_operator.py
[2023-10-23T17:25:36.148+0000] {logging_mixin.py:137} INFO - [2023-10-23T17:25:36.148+0000] {dag.py:2690} INFO - Sync 3 DAGs
[2023-10-23T17:25:36.160+0000] {logging_mixin.py:137} INFO - [2023-10-23T17:25:36.160+0000] {dag.py:3441} INFO - Setting next_dagrun for example_branch_datetime_operator to 2023-10-22T00:00:00+00:00, run_after=2023-10-23T00:00:00+00:00
[2023-10-23T17:25:36.163+0000] {logging_mixin.py:137} INFO - [2023-10-23T17:25:36.162+0000] {dag.py:3441} INFO - Setting next_dagrun for example_branch_datetime_operator_2 to 2023-10-22T00:00:00+00:00, run_after=2023-10-23T00:00:00+00:00
[2023-10-23T17:25:36.164+0000] {logging_mixin.py:137} INFO - [2023-10-23T17:25:36.164+0000] {dag.py:3441} INFO - Setting next_dagrun for example_branch_datetime_operator_3 to 2023-10-22T00:00:00+00:00, run_after=2023-10-23T00:00:00+00:00
[2023-10-23T17:25:36.171+0000] {processor.py:175} INFO - Processing /home/airflow/.local/lib/python3.7/site-packages/airflow/example_dags/example_branch_datetime_operator.py took 0.049 seconds
[2023-10-23T18:46:41.357+0000] {processor.py:153} INFO - Started process (PID=12761) to work on /home/airflow/.local/lib/python3.7/site-packages/airflow/example_dags/example_branch_datetime_operator.py
[2023-10-23T18:46:41.358+0000] {processor.py:743} INFO - Processing file /home/airflow/.local/lib/python3.7/site-packages/airflow/example_dags/example_branch_datetime_operator.py for tasks to queue
[2023-10-23T18:46:41.359+0000] {logging_mixin.py:137} INFO - [2023-10-23T18:46:41.359+0000] {dagbag.py:538} INFO - Filling up the DagBag from /home/airflow/.local/lib/python3.7/site-packages/airflow/example_dags/example_branch_datetime_operator.py
[2023-10-23T18:46:41.373+0000] {processor.py:753} INFO - DAG(s) dict_keys(['example_branch_datetime_operator_2', 'example_branch_datetime_operator_3', 'example_branch_datetime_operator']) retrieved from /home/airflow/.local/lib/python3.7/site-packages/airflow/example_dags/example_branch_datetime_operator.py
[2023-10-23T18:46:41.394+0000] {logging_mixin.py:137} INFO - [2023-10-23T18:46:41.394+0000] {dag.py:2690} INFO - Sync 3 DAGs
[2023-10-23T18:46:41.407+0000] {logging_mixin.py:137} INFO - [2023-10-23T18:46:41.407+0000] {dag.py:3441} INFO - Setting next_dagrun for example_branch_datetime_operator to 2023-10-22T00:00:00+00:00, run_after=2023-10-23T00:00:00+00:00
[2023-10-23T18:46:41.410+0000] {logging_mixin.py:137} INFO - [2023-10-23T18:46:41.410+0000] {dag.py:3441} INFO - Setting next_dagrun for example_branch_datetime_operator_2 to 2023-10-22T00:00:00+00:00, run_after=2023-10-23T00:00:00+00:00
[2023-10-23T18:46:41.411+0000] {logging_mixin.py:137} INFO - [2023-10-23T18:46:41.411+0000] {dag.py:3441} INFO - Setting next_dagrun for example_branch_datetime_operator_3 to 2023-10-22T00:00:00+00:00, run_after=2023-10-23T00:00:00+00:00
[2023-10-23T18:46:41.418+0000] {processor.py:175} INFO - Processing /home/airflow/.local/lib/python3.7/site-packages/airflow/example_dags/example_branch_datetime_operator.py took 0.065 seconds
[2023-10-23T20:05:02.128+0000] {processor.py:153} INFO - Started process (PID=12857) to work on /home/airflow/.local/lib/python3.7/site-packages/airflow/example_dags/example_branch_datetime_operator.py
[2023-10-23T20:05:02.129+0000] {processor.py:743} INFO - Processing file /home/airflow/.local/lib/python3.7/site-packages/airflow/example_dags/example_branch_datetime_operator.py for tasks to queue
[2023-10-23T20:05:02.130+0000] {logging_mixin.py:137} INFO - [2023-10-23T20:05:02.130+0000] {dagbag.py:538} INFO - Filling up the DagBag from /home/airflow/.local/lib/python3.7/site-packages/airflow/example_dags/example_branch_datetime_operator.py
[2023-10-23T20:05:02.141+0000] {processor.py:753} INFO - DAG(s) dict_keys(['example_branch_datetime_operator_2', 'example_branch_datetime_operator_3', 'example_branch_datetime_operator']) retrieved from /home/airflow/.local/lib/python3.7/site-packages/airflow/example_dags/example_branch_datetime_operator.py
[2023-10-23T20:05:02.161+0000] {logging_mixin.py:137} INFO - [2023-10-23T20:05:02.161+0000] {dag.py:2690} INFO - Sync 3 DAGs
[2023-10-23T20:05:02.179+0000] {logging_mixin.py:137} INFO - [2023-10-23T20:05:02.178+0000] {dag.py:3441} INFO - Setting next_dagrun for example_branch_datetime_operator to 2023-10-22T00:00:00+00:00, run_after=2023-10-23T00:00:00+00:00
[2023-10-23T20:05:02.182+0000] {logging_mixin.py:137} INFO - [2023-10-23T20:05:02.182+0000] {dag.py:3441} INFO - Setting next_dagrun for example_branch_datetime_operator_2 to 2023-10-22T00:00:00+00:00, run_after=2023-10-23T00:00:00+00:00
[2023-10-23T20:05:02.183+0000] {logging_mixin.py:137} INFO - [2023-10-23T20:05:02.183+0000] {dag.py:3441} INFO - Setting next_dagrun for example_branch_datetime_operator_3 to 2023-10-22T00:00:00+00:00, run_after=2023-10-23T00:00:00+00:00
[2023-10-23T20:05:02.195+0000] {processor.py:175} INFO - Processing /home/airflow/.local/lib/python3.7/site-packages/airflow/example_dags/example_branch_datetime_operator.py took 0.069 seconds
[2023-10-23T21:29:42.001+0000] {processor.py:153} INFO - Started process (PID=12951) to work on /home/airflow/.local/lib/python3.7/site-packages/airflow/example_dags/example_branch_datetime_operator.py
[2023-10-23T21:29:42.002+0000] {processor.py:743} INFO - Processing file /home/airflow/.local/lib/python3.7/site-packages/airflow/example_dags/example_branch_datetime_operator.py for tasks to queue
[2023-10-23T21:29:42.002+0000] {logging_mixin.py:137} INFO - [2023-10-23T21:29:42.002+0000] {dagbag.py:538} INFO - Filling up the DagBag from /home/airflow/.local/lib/python3.7/site-packages/airflow/example_dags/example_branch_datetime_operator.py
[2023-10-23T21:29:42.012+0000] {processor.py:753} INFO - DAG(s) dict_keys(['example_branch_datetime_operator_2', 'example_branch_datetime_operator_3', 'example_branch_datetime_operator']) retrieved from /home/airflow/.local/lib/python3.7/site-packages/airflow/example_dags/example_branch_datetime_operator.py
[2023-10-23T21:29:42.028+0000] {logging_mixin.py:137} INFO - [2023-10-23T21:29:42.028+0000] {dag.py:2690} INFO - Sync 3 DAGs
[2023-10-23T21:29:42.045+0000] {logging_mixin.py:137} INFO - [2023-10-23T21:29:42.044+0000] {dag.py:3441} INFO - Setting next_dagrun for example_branch_datetime_operator to 2023-10-22T00:00:00+00:00, run_after=2023-10-23T00:00:00+00:00
[2023-10-23T21:29:42.047+0000] {logging_mixin.py:137} INFO - [2023-10-23T21:29:42.047+0000] {dag.py:3441} INFO - Setting next_dagrun for example_branch_datetime_operator_2 to 2023-10-22T00:00:00+00:00, run_after=2023-10-23T00:00:00+00:00
[2023-10-23T21:29:42.048+0000] {logging_mixin.py:137} INFO - [2023-10-23T21:29:42.048+0000] {dag.py:3441} INFO - Setting next_dagrun for example_branch_datetime_operator_3 to 2023-10-22T00:00:00+00:00, run_after=2023-10-23T00:00:00+00:00
[2023-10-23T21:29:42.058+0000] {processor.py:175} INFO - Processing /home/airflow/.local/lib/python3.7/site-packages/airflow/example_dags/example_branch_datetime_operator.py took 0.059 seconds
[2023-10-23T23:08:05.087+0000] {processor.py:153} INFO - Started process (PID=13027) to work on /home/airflow/.local/lib/python3.7/site-packages/airflow/example_dags/example_branch_datetime_operator.py
[2023-10-23T23:08:05.089+0000] {processor.py:743} INFO - Processing file /home/airflow/.local/lib/python3.7/site-packages/airflow/example_dags/example_branch_datetime_operator.py for tasks to queue
[2023-10-23T23:08:05.090+0000] {logging_mixin.py:137} INFO - [2023-10-23T23:08:05.090+0000] {dagbag.py:538} INFO - Filling up the DagBag from /home/airflow/.local/lib/python3.7/site-packages/airflow/example_dags/example_branch_datetime_operator.py
[2023-10-23T23:08:05.105+0000] {processor.py:753} INFO - DAG(s) dict_keys(['example_branch_datetime_operator_2', 'example_branch_datetime_operator_3', 'example_branch_datetime_operator']) retrieved from /home/airflow/.local/lib/python3.7/site-packages/airflow/example_dags/example_branch_datetime_operator.py
[2023-10-23T23:08:05.141+0000] {logging_mixin.py:137} INFO - [2023-10-23T23:08:05.141+0000] {dag.py:2690} INFO - Sync 3 DAGs
[2023-10-23T23:08:05.162+0000] {logging_mixin.py:137} INFO - [2023-10-23T23:08:05.162+0000] {dag.py:3441} INFO - Setting next_dagrun for example_branch_datetime_operator to 2023-10-22T00:00:00+00:00, run_after=2023-10-23T00:00:00+00:00
[2023-10-23T23:08:05.167+0000] {logging_mixin.py:137} INFO - [2023-10-23T23:08:05.167+0000] {dag.py:3441} INFO - Setting next_dagrun for example_branch_datetime_operator_2 to 2023-10-22T00:00:00+00:00, run_after=2023-10-23T00:00:00+00:00
[2023-10-23T23:08:05.172+0000] {logging_mixin.py:137} INFO - [2023-10-23T23:08:05.172+0000] {dag.py:3441} INFO - Setting next_dagrun for example_branch_datetime_operator_3 to 2023-10-22T00:00:00+00:00, run_after=2023-10-23T00:00:00+00:00
[2023-10-23T23:08:05.191+0000] {processor.py:175} INFO - Processing /home/airflow/.local/lib/python3.7/site-packages/airflow/example_dags/example_branch_datetime_operator.py took 0.111 seconds
