[2023-10-23T01:21:09.100+0000] {processor.py:153} INFO - Started process (PID=11631) to work on /home/airflow/.local/lib/python3.7/site-packages/airflow/example_dags/example_complex.py
[2023-10-23T01:21:09.100+0000] {processor.py:743} INFO - Processing file /home/airflow/.local/lib/python3.7/site-packages/airflow/example_dags/example_complex.py for tasks to queue
[2023-10-23T01:21:09.101+0000] {logging_mixin.py:137} INFO - [2023-10-23T01:21:09.101+0000] {dagbag.py:538} INFO - Filling up the DagBag from /home/airflow/.local/lib/python3.7/site-packages/airflow/example_dags/example_complex.py
[2023-10-23T01:21:09.107+0000] {logging_mixin.py:137} INFO - [2023-10-23T01:21:09.107+0000] {taskmixin.py:205} WARNING - Dependency <Task(BashOperator): create_entry_group>, delete_entry_group already registered for DAG: example_complex
[2023-10-23T01:21:09.108+0000] {logging_mixin.py:137} INFO - [2023-10-23T01:21:09.108+0000] {taskmixin.py:205} WARNING - Dependency <Task(BashOperator): delete_entry_group>, create_entry_group already registered for DAG: example_complex
[2023-10-23T01:21:09.108+0000] {logging_mixin.py:137} INFO - [2023-10-23T01:21:09.108+0000] {taskmixin.py:205} WARNING - Dependency <Task(BashOperator): create_entry_gcs>, delete_entry already registered for DAG: example_complex
[2023-10-23T01:21:09.108+0000] {logging_mixin.py:137} INFO - [2023-10-23T01:21:09.108+0000] {taskmixin.py:205} WARNING - Dependency <Task(BashOperator): delete_entry>, create_entry_gcs already registered for DAG: example_complex
[2023-10-23T01:21:09.108+0000] {logging_mixin.py:137} INFO - [2023-10-23T01:21:09.108+0000] {taskmixin.py:205} WARNING - Dependency <Task(BashOperator): create_tag>, delete_tag already registered for DAG: example_complex
[2023-10-23T01:21:09.108+0000] {logging_mixin.py:137} INFO - [2023-10-23T01:21:09.108+0000] {taskmixin.py:205} WARNING - Dependency <Task(BashOperator): delete_tag>, create_tag already registered for DAG: example_complex
[2023-10-23T01:21:09.112+0000] {processor.py:753} INFO - DAG(s) dict_keys(['example_complex']) retrieved from /home/airflow/.local/lib/python3.7/site-packages/airflow/example_dags/example_complex.py
[2023-10-23T01:21:09.128+0000] {logging_mixin.py:137} INFO - [2023-10-23T01:21:09.128+0000] {dag.py:2690} INFO - Sync 1 DAGs
[2023-10-23T01:21:09.141+0000] {logging_mixin.py:137} INFO - [2023-10-23T01:21:09.140+0000] {dag.py:3441} INFO - Setting next_dagrun for example_complex to None, run_after=None
[2023-10-23T01:21:09.148+0000] {processor.py:175} INFO - Processing /home/airflow/.local/lib/python3.7/site-packages/airflow/example_dags/example_complex.py took 0.050 seconds
[2023-10-23T02:45:23.166+0000] {processor.py:153} INFO - Started process (PID=11716) to work on /home/airflow/.local/lib/python3.7/site-packages/airflow/example_dags/example_complex.py
[2023-10-23T02:45:23.168+0000] {processor.py:743} INFO - Processing file /home/airflow/.local/lib/python3.7/site-packages/airflow/example_dags/example_complex.py for tasks to queue
[2023-10-23T02:45:23.169+0000] {logging_mixin.py:137} INFO - [2023-10-23T02:45:23.169+0000] {dagbag.py:538} INFO - Filling up the DagBag from /home/airflow/.local/lib/python3.7/site-packages/airflow/example_dags/example_complex.py
[2023-10-23T02:45:23.179+0000] {logging_mixin.py:137} INFO - [2023-10-23T02:45:23.179+0000] {taskmixin.py:205} WARNING - Dependency <Task(BashOperator): create_entry_group>, delete_entry_group already registered for DAG: example_complex
[2023-10-23T02:45:23.180+0000] {logging_mixin.py:137} INFO - [2023-10-23T02:45:23.180+0000] {taskmixin.py:205} WARNING - Dependency <Task(BashOperator): delete_entry_group>, create_entry_group already registered for DAG: example_complex
[2023-10-23T02:45:23.180+0000] {logging_mixin.py:137} INFO - [2023-10-23T02:45:23.180+0000] {taskmixin.py:205} WARNING - Dependency <Task(BashOperator): create_entry_gcs>, delete_entry already registered for DAG: example_complex
[2023-10-23T02:45:23.181+0000] {logging_mixin.py:137} INFO - [2023-10-23T02:45:23.181+0000] {taskmixin.py:205} WARNING - Dependency <Task(BashOperator): delete_entry>, create_entry_gcs already registered for DAG: example_complex
[2023-10-23T02:45:23.182+0000] {logging_mixin.py:137} INFO - [2023-10-23T02:45:23.182+0000] {taskmixin.py:205} WARNING - Dependency <Task(BashOperator): create_tag>, delete_tag already registered for DAG: example_complex
[2023-10-23T02:45:23.182+0000] {logging_mixin.py:137} INFO - [2023-10-23T02:45:23.182+0000] {taskmixin.py:205} WARNING - Dependency <Task(BashOperator): delete_tag>, create_tag already registered for DAG: example_complex
[2023-10-23T02:45:23.198+0000] {processor.py:753} INFO - DAG(s) dict_keys(['example_complex']) retrieved from /home/airflow/.local/lib/python3.7/site-packages/airflow/example_dags/example_complex.py
[2023-10-23T02:45:23.235+0000] {logging_mixin.py:137} INFO - [2023-10-23T02:45:23.235+0000] {dag.py:2690} INFO - Sync 1 DAGs
[2023-10-23T02:45:23.260+0000] {logging_mixin.py:137} INFO - [2023-10-23T02:45:23.260+0000] {dag.py:3441} INFO - Setting next_dagrun for example_complex to None, run_after=None
[2023-10-23T02:45:23.272+0000] {processor.py:175} INFO - Processing /home/airflow/.local/lib/python3.7/site-packages/airflow/example_dags/example_complex.py took 0.111 seconds
[2023-10-23T03:38:56.148+0000] {processor.py:153} INFO - Started process (PID=11801) to work on /home/airflow/.local/lib/python3.7/site-packages/airflow/example_dags/example_complex.py
[2023-10-23T03:38:56.149+0000] {processor.py:743} INFO - Processing file /home/airflow/.local/lib/python3.7/site-packages/airflow/example_dags/example_complex.py for tasks to queue
[2023-10-23T03:38:56.149+0000] {logging_mixin.py:137} INFO - [2023-10-23T03:38:56.149+0000] {dagbag.py:538} INFO - Filling up the DagBag from /home/airflow/.local/lib/python3.7/site-packages/airflow/example_dags/example_complex.py
[2023-10-23T03:38:56.156+0000] {logging_mixin.py:137} INFO - [2023-10-23T03:38:56.156+0000] {taskmixin.py:205} WARNING - Dependency <Task(BashOperator): create_entry_group>, delete_entry_group already registered for DAG: example_complex
[2023-10-23T03:38:56.156+0000] {logging_mixin.py:137} INFO - [2023-10-23T03:38:56.156+0000] {taskmixin.py:205} WARNING - Dependency <Task(BashOperator): delete_entry_group>, create_entry_group already registered for DAG: example_complex
[2023-10-23T03:38:56.156+0000] {logging_mixin.py:137} INFO - [2023-10-23T03:38:56.156+0000] {taskmixin.py:205} WARNING - Dependency <Task(BashOperator): create_entry_gcs>, delete_entry already registered for DAG: example_complex
[2023-10-23T03:38:56.156+0000] {logging_mixin.py:137} INFO - [2023-10-23T03:38:56.156+0000] {taskmixin.py:205} WARNING - Dependency <Task(BashOperator): delete_entry>, create_entry_gcs already registered for DAG: example_complex
[2023-10-23T03:38:56.157+0000] {logging_mixin.py:137} INFO - [2023-10-23T03:38:56.157+0000] {taskmixin.py:205} WARNING - Dependency <Task(BashOperator): create_tag>, delete_tag already registered for DAG: example_complex
[2023-10-23T03:38:56.157+0000] {logging_mixin.py:137} INFO - [2023-10-23T03:38:56.157+0000] {taskmixin.py:205} WARNING - Dependency <Task(BashOperator): delete_tag>, create_tag already registered for DAG: example_complex
[2023-10-23T03:38:56.161+0000] {processor.py:753} INFO - DAG(s) dict_keys(['example_complex']) retrieved from /home/airflow/.local/lib/python3.7/site-packages/airflow/example_dags/example_complex.py
[2023-10-23T03:38:56.176+0000] {logging_mixin.py:137} INFO - [2023-10-23T03:38:56.176+0000] {dag.py:2690} INFO - Sync 1 DAGs
[2023-10-23T03:38:56.187+0000] {logging_mixin.py:137} INFO - [2023-10-23T03:38:56.187+0000] {dag.py:3441} INFO - Setting next_dagrun for example_complex to None, run_after=None
[2023-10-23T03:38:56.195+0000] {processor.py:175} INFO - Processing /home/airflow/.local/lib/python3.7/site-packages/airflow/example_dags/example_complex.py took 0.049 seconds
[2023-10-23T05:02:01.645+0000] {processor.py:153} INFO - Started process (PID=11895) to work on /home/airflow/.local/lib/python3.7/site-packages/airflow/example_dags/example_complex.py
[2023-10-23T05:02:01.646+0000] {processor.py:743} INFO - Processing file /home/airflow/.local/lib/python3.7/site-packages/airflow/example_dags/example_complex.py for tasks to queue
[2023-10-23T05:02:01.647+0000] {logging_mixin.py:137} INFO - [2023-10-23T05:02:01.646+0000] {dagbag.py:538} INFO - Filling up the DagBag from /home/airflow/.local/lib/python3.7/site-packages/airflow/example_dags/example_complex.py
[2023-10-23T05:02:01.653+0000] {logging_mixin.py:137} INFO - [2023-10-23T05:02:01.653+0000] {taskmixin.py:205} WARNING - Dependency <Task(BashOperator): create_entry_group>, delete_entry_group already registered for DAG: example_complex
[2023-10-23T05:02:01.654+0000] {logging_mixin.py:137} INFO - [2023-10-23T05:02:01.654+0000] {taskmixin.py:205} WARNING - Dependency <Task(BashOperator): delete_entry_group>, create_entry_group already registered for DAG: example_complex
[2023-10-23T05:02:01.654+0000] {logging_mixin.py:137} INFO - [2023-10-23T05:02:01.654+0000] {taskmixin.py:205} WARNING - Dependency <Task(BashOperator): create_entry_gcs>, delete_entry already registered for DAG: example_complex
[2023-10-23T05:02:01.654+0000] {logging_mixin.py:137} INFO - [2023-10-23T05:02:01.654+0000] {taskmixin.py:205} WARNING - Dependency <Task(BashOperator): delete_entry>, create_entry_gcs already registered for DAG: example_complex
[2023-10-23T05:02:01.654+0000] {logging_mixin.py:137} INFO - [2023-10-23T05:02:01.654+0000] {taskmixin.py:205} WARNING - Dependency <Task(BashOperator): create_tag>, delete_tag already registered for DAG: example_complex
[2023-10-23T05:02:01.654+0000] {logging_mixin.py:137} INFO - [2023-10-23T05:02:01.654+0000] {taskmixin.py:205} WARNING - Dependency <Task(BashOperator): delete_tag>, create_tag already registered for DAG: example_complex
[2023-10-23T05:02:01.658+0000] {processor.py:753} INFO - DAG(s) dict_keys(['example_complex']) retrieved from /home/airflow/.local/lib/python3.7/site-packages/airflow/example_dags/example_complex.py
[2023-10-23T05:02:01.673+0000] {logging_mixin.py:137} INFO - [2023-10-23T05:02:01.673+0000] {dag.py:2690} INFO - Sync 1 DAGs
[2023-10-23T05:02:01.686+0000] {logging_mixin.py:137} INFO - [2023-10-23T05:02:01.685+0000] {dag.py:3441} INFO - Setting next_dagrun for example_complex to None, run_after=None
[2023-10-23T05:02:01.694+0000] {processor.py:175} INFO - Processing /home/airflow/.local/lib/python3.7/site-packages/airflow/example_dags/example_complex.py took 0.050 seconds
[2023-10-23T06:23:02.726+0000] {processor.py:153} INFO - Started process (PID=11971) to work on /home/airflow/.local/lib/python3.7/site-packages/airflow/example_dags/example_complex.py
[2023-10-23T06:23:02.726+0000] {processor.py:743} INFO - Processing file /home/airflow/.local/lib/python3.7/site-packages/airflow/example_dags/example_complex.py for tasks to queue
[2023-10-23T06:23:02.727+0000] {logging_mixin.py:137} INFO - [2023-10-23T06:23:02.727+0000] {dagbag.py:538} INFO - Filling up the DagBag from /home/airflow/.local/lib/python3.7/site-packages/airflow/example_dags/example_complex.py
[2023-10-23T06:23:02.733+0000] {logging_mixin.py:137} INFO - [2023-10-23T06:23:02.733+0000] {taskmixin.py:205} WARNING - Dependency <Task(BashOperator): create_entry_group>, delete_entry_group already registered for DAG: example_complex
[2023-10-23T06:23:02.733+0000] {logging_mixin.py:137} INFO - [2023-10-23T06:23:02.733+0000] {taskmixin.py:205} WARNING - Dependency <Task(BashOperator): delete_entry_group>, create_entry_group already registered for DAG: example_complex
[2023-10-23T06:23:02.734+0000] {logging_mixin.py:137} INFO - [2023-10-23T06:23:02.734+0000] {taskmixin.py:205} WARNING - Dependency <Task(BashOperator): create_entry_gcs>, delete_entry already registered for DAG: example_complex
[2023-10-23T06:23:02.734+0000] {logging_mixin.py:137} INFO - [2023-10-23T06:23:02.734+0000] {taskmixin.py:205} WARNING - Dependency <Task(BashOperator): delete_entry>, create_entry_gcs already registered for DAG: example_complex
[2023-10-23T06:23:02.734+0000] {logging_mixin.py:137} INFO - [2023-10-23T06:23:02.734+0000] {taskmixin.py:205} WARNING - Dependency <Task(BashOperator): create_tag>, delete_tag already registered for DAG: example_complex
[2023-10-23T06:23:02.734+0000] {logging_mixin.py:137} INFO - [2023-10-23T06:23:02.734+0000] {taskmixin.py:205} WARNING - Dependency <Task(BashOperator): delete_tag>, create_tag already registered for DAG: example_complex
[2023-10-23T06:23:02.739+0000] {processor.py:753} INFO - DAG(s) dict_keys(['example_complex']) retrieved from /home/airflow/.local/lib/python3.7/site-packages/airflow/example_dags/example_complex.py
[2023-10-23T06:23:02.756+0000] {logging_mixin.py:137} INFO - [2023-10-23T06:23:02.756+0000] {dag.py:2690} INFO - Sync 1 DAGs
[2023-10-23T06:23:02.767+0000] {logging_mixin.py:137} INFO - [2023-10-23T06:23:02.767+0000] {dag.py:3441} INFO - Setting next_dagrun for example_complex to None, run_after=None
[2023-10-23T06:23:02.775+0000] {processor.py:175} INFO - Processing /home/airflow/.local/lib/python3.7/site-packages/airflow/example_dags/example_complex.py took 0.052 seconds
[2023-10-23T07:45:41.543+0000] {processor.py:153} INFO - Started process (PID=12065) to work on /home/airflow/.local/lib/python3.7/site-packages/airflow/example_dags/example_complex.py
[2023-10-23T07:45:41.544+0000] {processor.py:743} INFO - Processing file /home/airflow/.local/lib/python3.7/site-packages/airflow/example_dags/example_complex.py for tasks to queue
[2023-10-23T07:45:41.545+0000] {logging_mixin.py:137} INFO - [2023-10-23T07:45:41.544+0000] {dagbag.py:538} INFO - Filling up the DagBag from /home/airflow/.local/lib/python3.7/site-packages/airflow/example_dags/example_complex.py
[2023-10-23T07:45:41.554+0000] {logging_mixin.py:137} INFO - [2023-10-23T07:45:41.554+0000] {taskmixin.py:205} WARNING - Dependency <Task(BashOperator): create_entry_group>, delete_entry_group already registered for DAG: example_complex
[2023-10-23T07:45:41.555+0000] {logging_mixin.py:137} INFO - [2023-10-23T07:45:41.555+0000] {taskmixin.py:205} WARNING - Dependency <Task(BashOperator): delete_entry_group>, create_entry_group already registered for DAG: example_complex
[2023-10-23T07:45:41.555+0000] {logging_mixin.py:137} INFO - [2023-10-23T07:45:41.555+0000] {taskmixin.py:205} WARNING - Dependency <Task(BashOperator): create_entry_gcs>, delete_entry already registered for DAG: example_complex
[2023-10-23T07:45:41.555+0000] {logging_mixin.py:137} INFO - [2023-10-23T07:45:41.555+0000] {taskmixin.py:205} WARNING - Dependency <Task(BashOperator): delete_entry>, create_entry_gcs already registered for DAG: example_complex
[2023-10-23T07:45:41.556+0000] {logging_mixin.py:137} INFO - [2023-10-23T07:45:41.556+0000] {taskmixin.py:205} WARNING - Dependency <Task(BashOperator): create_tag>, delete_tag already registered for DAG: example_complex
[2023-10-23T07:45:41.556+0000] {logging_mixin.py:137} INFO - [2023-10-23T07:45:41.556+0000] {taskmixin.py:205} WARNING - Dependency <Task(BashOperator): delete_tag>, create_tag already registered for DAG: example_complex
[2023-10-23T07:45:41.562+0000] {processor.py:753} INFO - DAG(s) dict_keys(['example_complex']) retrieved from /home/airflow/.local/lib/python3.7/site-packages/airflow/example_dags/example_complex.py
[2023-10-23T07:45:41.587+0000] {logging_mixin.py:137} INFO - [2023-10-23T07:45:41.587+0000] {dag.py:2690} INFO - Sync 1 DAGs
[2023-10-23T07:45:41.601+0000] {logging_mixin.py:137} INFO - [2023-10-23T07:45:41.601+0000] {dag.py:3441} INFO - Setting next_dagrun for example_complex to None, run_after=None
[2023-10-23T07:45:41.613+0000] {processor.py:175} INFO - Processing /home/airflow/.local/lib/python3.7/site-packages/airflow/example_dags/example_complex.py took 0.073 seconds
[2023-10-23T09:08:50.369+0000] {processor.py:153} INFO - Started process (PID=12159) to work on /home/airflow/.local/lib/python3.7/site-packages/airflow/example_dags/example_complex.py
[2023-10-23T09:08:50.371+0000] {processor.py:743} INFO - Processing file /home/airflow/.local/lib/python3.7/site-packages/airflow/example_dags/example_complex.py for tasks to queue
[2023-10-23T09:08:50.372+0000] {logging_mixin.py:137} INFO - [2023-10-23T09:08:50.371+0000] {dagbag.py:538} INFO - Filling up the DagBag from /home/airflow/.local/lib/python3.7/site-packages/airflow/example_dags/example_complex.py
[2023-10-23T09:08:50.379+0000] {logging_mixin.py:137} INFO - [2023-10-23T09:08:50.379+0000] {taskmixin.py:205} WARNING - Dependency <Task(BashOperator): create_entry_group>, delete_entry_group already registered for DAG: example_complex
[2023-10-23T09:08:50.380+0000] {logging_mixin.py:137} INFO - [2023-10-23T09:08:50.380+0000] {taskmixin.py:205} WARNING - Dependency <Task(BashOperator): delete_entry_group>, create_entry_group already registered for DAG: example_complex
[2023-10-23T09:08:50.380+0000] {logging_mixin.py:137} INFO - [2023-10-23T09:08:50.380+0000] {taskmixin.py:205} WARNING - Dependency <Task(BashOperator): create_entry_gcs>, delete_entry already registered for DAG: example_complex
[2023-10-23T09:08:50.380+0000] {logging_mixin.py:137} INFO - [2023-10-23T09:08:50.380+0000] {taskmixin.py:205} WARNING - Dependency <Task(BashOperator): delete_entry>, create_entry_gcs already registered for DAG: example_complex
[2023-10-23T09:08:50.381+0000] {logging_mixin.py:137} INFO - [2023-10-23T09:08:50.381+0000] {taskmixin.py:205} WARNING - Dependency <Task(BashOperator): create_tag>, delete_tag already registered for DAG: example_complex
[2023-10-23T09:08:50.381+0000] {logging_mixin.py:137} INFO - [2023-10-23T09:08:50.381+0000] {taskmixin.py:205} WARNING - Dependency <Task(BashOperator): delete_tag>, create_tag already registered for DAG: example_complex
[2023-10-23T09:08:50.386+0000] {processor.py:753} INFO - DAG(s) dict_keys(['example_complex']) retrieved from /home/airflow/.local/lib/python3.7/site-packages/airflow/example_dags/example_complex.py
[2023-10-23T09:08:50.405+0000] {logging_mixin.py:137} INFO - [2023-10-23T09:08:50.405+0000] {dag.py:2690} INFO - Sync 1 DAGs
[2023-10-23T09:08:50.419+0000] {logging_mixin.py:137} INFO - [2023-10-23T09:08:50.419+0000] {dag.py:3441} INFO - Setting next_dagrun for example_complex to None, run_after=None
[2023-10-23T09:08:50.432+0000] {processor.py:175} INFO - Processing /home/airflow/.local/lib/python3.7/site-packages/airflow/example_dags/example_complex.py took 0.073 seconds
[2023-10-23T10:31:52.873+0000] {processor.py:153} INFO - Started process (PID=12235) to work on /home/airflow/.local/lib/python3.7/site-packages/airflow/example_dags/example_complex.py
[2023-10-23T10:31:52.874+0000] {processor.py:743} INFO - Processing file /home/airflow/.local/lib/python3.7/site-packages/airflow/example_dags/example_complex.py for tasks to queue
[2023-10-23T10:31:52.874+0000] {logging_mixin.py:137} INFO - [2023-10-23T10:31:52.874+0000] {dagbag.py:538} INFO - Filling up the DagBag from /home/airflow/.local/lib/python3.7/site-packages/airflow/example_dags/example_complex.py
[2023-10-23T10:31:52.880+0000] {logging_mixin.py:137} INFO - [2023-10-23T10:31:52.880+0000] {taskmixin.py:205} WARNING - Dependency <Task(BashOperator): create_entry_group>, delete_entry_group already registered for DAG: example_complex
[2023-10-23T10:31:52.881+0000] {logging_mixin.py:137} INFO - [2023-10-23T10:31:52.881+0000] {taskmixin.py:205} WARNING - Dependency <Task(BashOperator): delete_entry_group>, create_entry_group already registered for DAG: example_complex
[2023-10-23T10:31:52.881+0000] {logging_mixin.py:137} INFO - [2023-10-23T10:31:52.881+0000] {taskmixin.py:205} WARNING - Dependency <Task(BashOperator): create_entry_gcs>, delete_entry already registered for DAG: example_complex
[2023-10-23T10:31:52.881+0000] {logging_mixin.py:137} INFO - [2023-10-23T10:31:52.881+0000] {taskmixin.py:205} WARNING - Dependency <Task(BashOperator): delete_entry>, create_entry_gcs already registered for DAG: example_complex
[2023-10-23T10:31:52.881+0000] {logging_mixin.py:137} INFO - [2023-10-23T10:31:52.881+0000] {taskmixin.py:205} WARNING - Dependency <Task(BashOperator): create_tag>, delete_tag already registered for DAG: example_complex
[2023-10-23T10:31:52.881+0000] {logging_mixin.py:137} INFO - [2023-10-23T10:31:52.881+0000] {taskmixin.py:205} WARNING - Dependency <Task(BashOperator): delete_tag>, create_tag already registered for DAG: example_complex
[2023-10-23T10:31:52.886+0000] {processor.py:753} INFO - DAG(s) dict_keys(['example_complex']) retrieved from /home/airflow/.local/lib/python3.7/site-packages/airflow/example_dags/example_complex.py
[2023-10-23T10:31:52.918+0000] {logging_mixin.py:137} INFO - [2023-10-23T10:31:52.918+0000] {dag.py:2690} INFO - Sync 1 DAGs
[2023-10-23T10:31:52.940+0000] {logging_mixin.py:137} INFO - [2023-10-23T10:31:52.940+0000] {dag.py:3441} INFO - Setting next_dagrun for example_complex to None, run_after=None
[2023-10-23T10:31:52.957+0000] {processor.py:175} INFO - Processing /home/airflow/.local/lib/python3.7/site-packages/airflow/example_dags/example_complex.py took 0.085 seconds
[2023-10-23T11:52:42.154+0000] {processor.py:153} INFO - Started process (PID=12329) to work on /home/airflow/.local/lib/python3.7/site-packages/airflow/example_dags/example_complex.py
[2023-10-23T11:52:42.155+0000] {processor.py:743} INFO - Processing file /home/airflow/.local/lib/python3.7/site-packages/airflow/example_dags/example_complex.py for tasks to queue
[2023-10-23T11:52:42.155+0000] {logging_mixin.py:137} INFO - [2023-10-23T11:52:42.155+0000] {dagbag.py:538} INFO - Filling up the DagBag from /home/airflow/.local/lib/python3.7/site-packages/airflow/example_dags/example_complex.py
[2023-10-23T11:52:42.161+0000] {logging_mixin.py:137} INFO - [2023-10-23T11:52:42.161+0000] {taskmixin.py:205} WARNING - Dependency <Task(BashOperator): create_entry_group>, delete_entry_group already registered for DAG: example_complex
[2023-10-23T11:52:42.162+0000] {logging_mixin.py:137} INFO - [2023-10-23T11:52:42.162+0000] {taskmixin.py:205} WARNING - Dependency <Task(BashOperator): delete_entry_group>, create_entry_group already registered for DAG: example_complex
[2023-10-23T11:52:42.162+0000] {logging_mixin.py:137} INFO - [2023-10-23T11:52:42.162+0000] {taskmixin.py:205} WARNING - Dependency <Task(BashOperator): create_entry_gcs>, delete_entry already registered for DAG: example_complex
[2023-10-23T11:52:42.162+0000] {logging_mixin.py:137} INFO - [2023-10-23T11:52:42.162+0000] {taskmixin.py:205} WARNING - Dependency <Task(BashOperator): delete_entry>, create_entry_gcs already registered for DAG: example_complex
[2023-10-23T11:52:42.162+0000] {logging_mixin.py:137} INFO - [2023-10-23T11:52:42.162+0000] {taskmixin.py:205} WARNING - Dependency <Task(BashOperator): create_tag>, delete_tag already registered for DAG: example_complex
[2023-10-23T11:52:42.163+0000] {logging_mixin.py:137} INFO - [2023-10-23T11:52:42.163+0000] {taskmixin.py:205} WARNING - Dependency <Task(BashOperator): delete_tag>, create_tag already registered for DAG: example_complex
[2023-10-23T11:52:42.167+0000] {processor.py:753} INFO - DAG(s) dict_keys(['example_complex']) retrieved from /home/airflow/.local/lib/python3.7/site-packages/airflow/example_dags/example_complex.py
[2023-10-23T11:52:42.182+0000] {logging_mixin.py:137} INFO - [2023-10-23T11:52:42.182+0000] {dag.py:2690} INFO - Sync 1 DAGs
[2023-10-23T11:52:42.193+0000] {logging_mixin.py:137} INFO - [2023-10-23T11:52:42.193+0000] {dag.py:3441} INFO - Setting next_dagrun for example_complex to None, run_after=None
[2023-10-23T11:52:42.202+0000] {processor.py:175} INFO - Processing /home/airflow/.local/lib/python3.7/site-packages/airflow/example_dags/example_complex.py took 0.050 seconds
[2023-10-23T13:14:05.177+0000] {processor.py:153} INFO - Started process (PID=12423) to work on /home/airflow/.local/lib/python3.7/site-packages/airflow/example_dags/example_complex.py
[2023-10-23T13:14:05.177+0000] {processor.py:743} INFO - Processing file /home/airflow/.local/lib/python3.7/site-packages/airflow/example_dags/example_complex.py for tasks to queue
[2023-10-23T13:14:05.178+0000] {logging_mixin.py:137} INFO - [2023-10-23T13:14:05.178+0000] {dagbag.py:538} INFO - Filling up the DagBag from /home/airflow/.local/lib/python3.7/site-packages/airflow/example_dags/example_complex.py
[2023-10-23T13:14:05.184+0000] {logging_mixin.py:137} INFO - [2023-10-23T13:14:05.184+0000] {taskmixin.py:205} WARNING - Dependency <Task(BashOperator): create_entry_group>, delete_entry_group already registered for DAG: example_complex
[2023-10-23T13:14:05.184+0000] {logging_mixin.py:137} INFO - [2023-10-23T13:14:05.184+0000] {taskmixin.py:205} WARNING - Dependency <Task(BashOperator): delete_entry_group>, create_entry_group already registered for DAG: example_complex
[2023-10-23T13:14:05.184+0000] {logging_mixin.py:137} INFO - [2023-10-23T13:14:05.184+0000] {taskmixin.py:205} WARNING - Dependency <Task(BashOperator): create_entry_gcs>, delete_entry already registered for DAG: example_complex
[2023-10-23T13:14:05.185+0000] {logging_mixin.py:137} INFO - [2023-10-23T13:14:05.185+0000] {taskmixin.py:205} WARNING - Dependency <Task(BashOperator): delete_entry>, create_entry_gcs already registered for DAG: example_complex
[2023-10-23T13:14:05.185+0000] {logging_mixin.py:137} INFO - [2023-10-23T13:14:05.185+0000] {taskmixin.py:205} WARNING - Dependency <Task(BashOperator): create_tag>, delete_tag already registered for DAG: example_complex
[2023-10-23T13:14:05.185+0000] {logging_mixin.py:137} INFO - [2023-10-23T13:14:05.185+0000] {taskmixin.py:205} WARNING - Dependency <Task(BashOperator): delete_tag>, create_tag already registered for DAG: example_complex
[2023-10-23T13:14:05.189+0000] {processor.py:753} INFO - DAG(s) dict_keys(['example_complex']) retrieved from /home/airflow/.local/lib/python3.7/site-packages/airflow/example_dags/example_complex.py
[2023-10-23T13:14:05.205+0000] {logging_mixin.py:137} INFO - [2023-10-23T13:14:05.205+0000] {dag.py:2690} INFO - Sync 1 DAGs
[2023-10-23T13:14:05.216+0000] {logging_mixin.py:137} INFO - [2023-10-23T13:14:05.216+0000] {dag.py:3441} INFO - Setting next_dagrun for example_complex to None, run_after=None
[2023-10-23T13:14:05.224+0000] {processor.py:175} INFO - Processing /home/airflow/.local/lib/python3.7/site-packages/airflow/example_dags/example_complex.py took 0.049 seconds
[2023-10-23T14:37:36.650+0000] {processor.py:153} INFO - Started process (PID=12499) to work on /home/airflow/.local/lib/python3.7/site-packages/airflow/example_dags/example_complex.py
[2023-10-23T14:37:36.650+0000] {processor.py:743} INFO - Processing file /home/airflow/.local/lib/python3.7/site-packages/airflow/example_dags/example_complex.py for tasks to queue
[2023-10-23T14:37:36.650+0000] {logging_mixin.py:137} INFO - [2023-10-23T14:37:36.650+0000] {dagbag.py:538} INFO - Filling up the DagBag from /home/airflow/.local/lib/python3.7/site-packages/airflow/example_dags/example_complex.py
[2023-10-23T14:37:36.657+0000] {logging_mixin.py:137} INFO - [2023-10-23T14:37:36.656+0000] {taskmixin.py:205} WARNING - Dependency <Task(BashOperator): create_entry_group>, delete_entry_group already registered for DAG: example_complex
[2023-10-23T14:37:36.657+0000] {logging_mixin.py:137} INFO - [2023-10-23T14:37:36.657+0000] {taskmixin.py:205} WARNING - Dependency <Task(BashOperator): delete_entry_group>, create_entry_group already registered for DAG: example_complex
[2023-10-23T14:37:36.657+0000] {logging_mixin.py:137} INFO - [2023-10-23T14:37:36.657+0000] {taskmixin.py:205} WARNING - Dependency <Task(BashOperator): create_entry_gcs>, delete_entry already registered for DAG: example_complex
[2023-10-23T14:37:36.657+0000] {logging_mixin.py:137} INFO - [2023-10-23T14:37:36.657+0000] {taskmixin.py:205} WARNING - Dependency <Task(BashOperator): delete_entry>, create_entry_gcs already registered for DAG: example_complex
[2023-10-23T14:37:36.658+0000] {logging_mixin.py:137} INFO - [2023-10-23T14:37:36.657+0000] {taskmixin.py:205} WARNING - Dependency <Task(BashOperator): create_tag>, delete_tag already registered for DAG: example_complex
[2023-10-23T14:37:36.658+0000] {logging_mixin.py:137} INFO - [2023-10-23T14:37:36.658+0000] {taskmixin.py:205} WARNING - Dependency <Task(BashOperator): delete_tag>, create_tag already registered for DAG: example_complex
[2023-10-23T14:37:36.662+0000] {processor.py:753} INFO - DAG(s) dict_keys(['example_complex']) retrieved from /home/airflow/.local/lib/python3.7/site-packages/airflow/example_dags/example_complex.py
[2023-10-23T14:37:36.678+0000] {logging_mixin.py:137} INFO - [2023-10-23T14:37:36.678+0000] {dag.py:2690} INFO - Sync 1 DAGs
[2023-10-23T14:37:36.689+0000] {logging_mixin.py:137} INFO - [2023-10-23T14:37:36.689+0000] {dag.py:3441} INFO - Setting next_dagrun for example_complex to None, run_after=None
[2023-10-23T14:37:36.697+0000] {processor.py:175} INFO - Processing /home/airflow/.local/lib/python3.7/site-packages/airflow/example_dags/example_complex.py took 0.050 seconds
[2023-10-23T16:00:34.495+0000] {processor.py:153} INFO - Started process (PID=12593) to work on /home/airflow/.local/lib/python3.7/site-packages/airflow/example_dags/example_complex.py
[2023-10-23T16:00:34.496+0000] {processor.py:743} INFO - Processing file /home/airflow/.local/lib/python3.7/site-packages/airflow/example_dags/example_complex.py for tasks to queue
[2023-10-23T16:00:34.497+0000] {logging_mixin.py:137} INFO - [2023-10-23T16:00:34.497+0000] {dagbag.py:538} INFO - Filling up the DagBag from /home/airflow/.local/lib/python3.7/site-packages/airflow/example_dags/example_complex.py
[2023-10-23T16:00:34.506+0000] {logging_mixin.py:137} INFO - [2023-10-23T16:00:34.505+0000] {taskmixin.py:205} WARNING - Dependency <Task(BashOperator): create_entry_group>, delete_entry_group already registered for DAG: example_complex
[2023-10-23T16:00:34.506+0000] {logging_mixin.py:137} INFO - [2023-10-23T16:00:34.506+0000] {taskmixin.py:205} WARNING - Dependency <Task(BashOperator): delete_entry_group>, create_entry_group already registered for DAG: example_complex
[2023-10-23T16:00:34.506+0000] {logging_mixin.py:137} INFO - [2023-10-23T16:00:34.506+0000] {taskmixin.py:205} WARNING - Dependency <Task(BashOperator): create_entry_gcs>, delete_entry already registered for DAG: example_complex
[2023-10-23T16:00:34.507+0000] {logging_mixin.py:137} INFO - [2023-10-23T16:00:34.507+0000] {taskmixin.py:205} WARNING - Dependency <Task(BashOperator): delete_entry>, create_entry_gcs already registered for DAG: example_complex
[2023-10-23T16:00:34.507+0000] {logging_mixin.py:137} INFO - [2023-10-23T16:00:34.507+0000] {taskmixin.py:205} WARNING - Dependency <Task(BashOperator): create_tag>, delete_tag already registered for DAG: example_complex
[2023-10-23T16:00:34.507+0000] {logging_mixin.py:137} INFO - [2023-10-23T16:00:34.507+0000] {taskmixin.py:205} WARNING - Dependency <Task(BashOperator): delete_tag>, create_tag already registered for DAG: example_complex
[2023-10-23T16:00:34.513+0000] {processor.py:753} INFO - DAG(s) dict_keys(['example_complex']) retrieved from /home/airflow/.local/lib/python3.7/site-packages/airflow/example_dags/example_complex.py
[2023-10-23T16:00:34.537+0000] {logging_mixin.py:137} INFO - [2023-10-23T16:00:34.537+0000] {dag.py:2690} INFO - Sync 1 DAGs
[2023-10-23T16:00:34.552+0000] {logging_mixin.py:137} INFO - [2023-10-23T16:00:34.552+0000] {dag.py:3441} INFO - Setting next_dagrun for example_complex to None, run_after=None
[2023-10-23T16:00:34.564+0000] {processor.py:175} INFO - Processing /home/airflow/.local/lib/python3.7/site-packages/airflow/example_dags/example_complex.py took 0.072 seconds
[2023-10-23T17:25:36.183+0000] {processor.py:153} INFO - Started process (PID=12687) to work on /home/airflow/.local/lib/python3.7/site-packages/airflow/example_dags/example_complex.py
[2023-10-23T17:25:36.184+0000] {processor.py:743} INFO - Processing file /home/airflow/.local/lib/python3.7/site-packages/airflow/example_dags/example_complex.py for tasks to queue
[2023-10-23T17:25:36.184+0000] {logging_mixin.py:137} INFO - [2023-10-23T17:25:36.184+0000] {dagbag.py:538} INFO - Filling up the DagBag from /home/airflow/.local/lib/python3.7/site-packages/airflow/example_dags/example_complex.py
[2023-10-23T17:25:36.190+0000] {logging_mixin.py:137} INFO - [2023-10-23T17:25:36.190+0000] {taskmixin.py:205} WARNING - Dependency <Task(BashOperator): create_entry_group>, delete_entry_group already registered for DAG: example_complex
[2023-10-23T17:25:36.190+0000] {logging_mixin.py:137} INFO - [2023-10-23T17:25:36.190+0000] {taskmixin.py:205} WARNING - Dependency <Task(BashOperator): delete_entry_group>, create_entry_group already registered for DAG: example_complex
[2023-10-23T17:25:36.191+0000] {logging_mixin.py:137} INFO - [2023-10-23T17:25:36.191+0000] {taskmixin.py:205} WARNING - Dependency <Task(BashOperator): create_entry_gcs>, delete_entry already registered for DAG: example_complex
[2023-10-23T17:25:36.191+0000] {logging_mixin.py:137} INFO - [2023-10-23T17:25:36.191+0000] {taskmixin.py:205} WARNING - Dependency <Task(BashOperator): delete_entry>, create_entry_gcs already registered for DAG: example_complex
[2023-10-23T17:25:36.191+0000] {logging_mixin.py:137} INFO - [2023-10-23T17:25:36.191+0000] {taskmixin.py:205} WARNING - Dependency <Task(BashOperator): create_tag>, delete_tag already registered for DAG: example_complex
[2023-10-23T17:25:36.191+0000] {logging_mixin.py:137} INFO - [2023-10-23T17:25:36.191+0000] {taskmixin.py:205} WARNING - Dependency <Task(BashOperator): delete_tag>, create_tag already registered for DAG: example_complex
[2023-10-23T17:25:36.195+0000] {processor.py:753} INFO - DAG(s) dict_keys(['example_complex']) retrieved from /home/airflow/.local/lib/python3.7/site-packages/airflow/example_dags/example_complex.py
[2023-10-23T17:25:36.210+0000] {logging_mixin.py:137} INFO - [2023-10-23T17:25:36.210+0000] {dag.py:2690} INFO - Sync 1 DAGs
[2023-10-23T17:25:36.222+0000] {logging_mixin.py:137} INFO - [2023-10-23T17:25:36.222+0000] {dag.py:3441} INFO - Setting next_dagrun for example_complex to None, run_after=None
[2023-10-23T17:25:36.230+0000] {processor.py:175} INFO - Processing /home/airflow/.local/lib/python3.7/site-packages/airflow/example_dags/example_complex.py took 0.049 seconds
[2023-10-23T18:46:41.431+0000] {processor.py:153} INFO - Started process (PID=12763) to work on /home/airflow/.local/lib/python3.7/site-packages/airflow/example_dags/example_complex.py
[2023-10-23T18:46:41.431+0000] {processor.py:743} INFO - Processing file /home/airflow/.local/lib/python3.7/site-packages/airflow/example_dags/example_complex.py for tasks to queue
[2023-10-23T18:46:41.432+0000] {logging_mixin.py:137} INFO - [2023-10-23T18:46:41.432+0000] {dagbag.py:538} INFO - Filling up the DagBag from /home/airflow/.local/lib/python3.7/site-packages/airflow/example_dags/example_complex.py
[2023-10-23T18:46:41.438+0000] {logging_mixin.py:137} INFO - [2023-10-23T18:46:41.438+0000] {taskmixin.py:205} WARNING - Dependency <Task(BashOperator): create_entry_group>, delete_entry_group already registered for DAG: example_complex
[2023-10-23T18:46:41.439+0000] {logging_mixin.py:137} INFO - [2023-10-23T18:46:41.439+0000] {taskmixin.py:205} WARNING - Dependency <Task(BashOperator): delete_entry_group>, create_entry_group already registered for DAG: example_complex
[2023-10-23T18:46:41.439+0000] {logging_mixin.py:137} INFO - [2023-10-23T18:46:41.439+0000] {taskmixin.py:205} WARNING - Dependency <Task(BashOperator): create_entry_gcs>, delete_entry already registered for DAG: example_complex
[2023-10-23T18:46:41.439+0000] {logging_mixin.py:137} INFO - [2023-10-23T18:46:41.439+0000] {taskmixin.py:205} WARNING - Dependency <Task(BashOperator): delete_entry>, create_entry_gcs already registered for DAG: example_complex
[2023-10-23T18:46:41.439+0000] {logging_mixin.py:137} INFO - [2023-10-23T18:46:41.439+0000] {taskmixin.py:205} WARNING - Dependency <Task(BashOperator): create_tag>, delete_tag already registered for DAG: example_complex
[2023-10-23T18:46:41.439+0000] {logging_mixin.py:137} INFO - [2023-10-23T18:46:41.439+0000] {taskmixin.py:205} WARNING - Dependency <Task(BashOperator): delete_tag>, create_tag already registered for DAG: example_complex
[2023-10-23T18:46:41.443+0000] {processor.py:753} INFO - DAG(s) dict_keys(['example_complex']) retrieved from /home/airflow/.local/lib/python3.7/site-packages/airflow/example_dags/example_complex.py
[2023-10-23T18:46:41.459+0000] {logging_mixin.py:137} INFO - [2023-10-23T18:46:41.459+0000] {dag.py:2690} INFO - Sync 1 DAGs
[2023-10-23T18:46:41.470+0000] {logging_mixin.py:137} INFO - [2023-10-23T18:46:41.470+0000] {dag.py:3441} INFO - Setting next_dagrun for example_complex to None, run_after=None
[2023-10-23T18:46:41.479+0000] {processor.py:175} INFO - Processing /home/airflow/.local/lib/python3.7/site-packages/airflow/example_dags/example_complex.py took 0.050 seconds
[2023-10-23T20:05:02.228+0000] {processor.py:153} INFO - Started process (PID=12859) to work on /home/airflow/.local/lib/python3.7/site-packages/airflow/example_dags/example_complex.py
[2023-10-23T20:05:02.230+0000] {processor.py:743} INFO - Processing file /home/airflow/.local/lib/python3.7/site-packages/airflow/example_dags/example_complex.py for tasks to queue
[2023-10-23T20:05:02.231+0000] {logging_mixin.py:137} INFO - [2023-10-23T20:05:02.230+0000] {dagbag.py:538} INFO - Filling up the DagBag from /home/airflow/.local/lib/python3.7/site-packages/airflow/example_dags/example_complex.py
[2023-10-23T20:05:02.245+0000] {logging_mixin.py:137} INFO - [2023-10-23T20:05:02.245+0000] {taskmixin.py:205} WARNING - Dependency <Task(BashOperator): create_entry_group>, delete_entry_group already registered for DAG: example_complex
[2023-10-23T20:05:02.245+0000] {logging_mixin.py:137} INFO - [2023-10-23T20:05:02.245+0000] {taskmixin.py:205} WARNING - Dependency <Task(BashOperator): delete_entry_group>, create_entry_group already registered for DAG: example_complex
[2023-10-23T20:05:02.245+0000] {logging_mixin.py:137} INFO - [2023-10-23T20:05:02.245+0000] {taskmixin.py:205} WARNING - Dependency <Task(BashOperator): create_entry_gcs>, delete_entry already registered for DAG: example_complex
[2023-10-23T20:05:02.246+0000] {logging_mixin.py:137} INFO - [2023-10-23T20:05:02.246+0000] {taskmixin.py:205} WARNING - Dependency <Task(BashOperator): delete_entry>, create_entry_gcs already registered for DAG: example_complex
[2023-10-23T20:05:02.246+0000] {logging_mixin.py:137} INFO - [2023-10-23T20:05:02.246+0000] {taskmixin.py:205} WARNING - Dependency <Task(BashOperator): create_tag>, delete_tag already registered for DAG: example_complex
[2023-10-23T20:05:02.246+0000] {logging_mixin.py:137} INFO - [2023-10-23T20:05:02.246+0000] {taskmixin.py:205} WARNING - Dependency <Task(BashOperator): delete_tag>, create_tag already registered for DAG: example_complex
[2023-10-23T20:05:02.252+0000] {processor.py:753} INFO - DAG(s) dict_keys(['example_complex']) retrieved from /home/airflow/.local/lib/python3.7/site-packages/airflow/example_dags/example_complex.py
[2023-10-23T20:05:02.275+0000] {logging_mixin.py:137} INFO - [2023-10-23T20:05:02.275+0000] {dag.py:2690} INFO - Sync 1 DAGs
[2023-10-23T20:05:02.292+0000] {logging_mixin.py:137} INFO - [2023-10-23T20:05:02.291+0000] {dag.py:3441} INFO - Setting next_dagrun for example_complex to None, run_after=None
[2023-10-23T20:05:02.304+0000] {processor.py:175} INFO - Processing /home/airflow/.local/lib/python3.7/site-packages/airflow/example_dags/example_complex.py took 0.083 seconds
[2023-10-23T21:29:42.068+0000] {processor.py:153} INFO - Started process (PID=12953) to work on /home/airflow/.local/lib/python3.7/site-packages/airflow/example_dags/example_complex.py
[2023-10-23T21:29:42.069+0000] {processor.py:743} INFO - Processing file /home/airflow/.local/lib/python3.7/site-packages/airflow/example_dags/example_complex.py for tasks to queue
[2023-10-23T21:29:42.069+0000] {logging_mixin.py:137} INFO - [2023-10-23T21:29:42.069+0000] {dagbag.py:538} INFO - Filling up the DagBag from /home/airflow/.local/lib/python3.7/site-packages/airflow/example_dags/example_complex.py
[2023-10-23T21:29:42.076+0000] {logging_mixin.py:137} INFO - [2023-10-23T21:29:42.076+0000] {taskmixin.py:205} WARNING - Dependency <Task(BashOperator): create_entry_group>, delete_entry_group already registered for DAG: example_complex
[2023-10-23T21:29:42.076+0000] {logging_mixin.py:137} INFO - [2023-10-23T21:29:42.076+0000] {taskmixin.py:205} WARNING - Dependency <Task(BashOperator): delete_entry_group>, create_entry_group already registered for DAG: example_complex
[2023-10-23T21:29:42.076+0000] {logging_mixin.py:137} INFO - [2023-10-23T21:29:42.076+0000] {taskmixin.py:205} WARNING - Dependency <Task(BashOperator): create_entry_gcs>, delete_entry already registered for DAG: example_complex
[2023-10-23T21:29:42.077+0000] {logging_mixin.py:137} INFO - [2023-10-23T21:29:42.077+0000] {taskmixin.py:205} WARNING - Dependency <Task(BashOperator): delete_entry>, create_entry_gcs already registered for DAG: example_complex
[2023-10-23T21:29:42.077+0000] {logging_mixin.py:137} INFO - [2023-10-23T21:29:42.077+0000] {taskmixin.py:205} WARNING - Dependency <Task(BashOperator): create_tag>, delete_tag already registered for DAG: example_complex
[2023-10-23T21:29:42.077+0000] {logging_mixin.py:137} INFO - [2023-10-23T21:29:42.077+0000] {taskmixin.py:205} WARNING - Dependency <Task(BashOperator): delete_tag>, create_tag already registered for DAG: example_complex
[2023-10-23T21:29:42.082+0000] {processor.py:753} INFO - DAG(s) dict_keys(['example_complex']) retrieved from /home/airflow/.local/lib/python3.7/site-packages/airflow/example_dags/example_complex.py
[2023-10-23T21:29:42.099+0000] {logging_mixin.py:137} INFO - [2023-10-23T21:29:42.099+0000] {dag.py:2690} INFO - Sync 1 DAGs
[2023-10-23T21:29:42.111+0000] {logging_mixin.py:137} INFO - [2023-10-23T21:29:42.111+0000] {dag.py:3441} INFO - Setting next_dagrun for example_complex to None, run_after=None
[2023-10-23T21:29:42.119+0000] {processor.py:175} INFO - Processing /home/airflow/.local/lib/python3.7/site-packages/airflow/example_dags/example_complex.py took 0.053 seconds
[2023-10-23T23:08:05.217+0000] {processor.py:153} INFO - Started process (PID=13036) to work on /home/airflow/.local/lib/python3.7/site-packages/airflow/example_dags/example_complex.py
[2023-10-23T23:08:05.219+0000] {processor.py:743} INFO - Processing file /home/airflow/.local/lib/python3.7/site-packages/airflow/example_dags/example_complex.py for tasks to queue
[2023-10-23T23:08:05.220+0000] {logging_mixin.py:137} INFO - [2023-10-23T23:08:05.220+0000] {dagbag.py:538} INFO - Filling up the DagBag from /home/airflow/.local/lib/python3.7/site-packages/airflow/example_dags/example_complex.py
[2023-10-23T23:08:05.244+0000] {logging_mixin.py:137} INFO - [2023-10-23T23:08:05.244+0000] {taskmixin.py:205} WARNING - Dependency <Task(BashOperator): create_entry_group>, delete_entry_group already registered for DAG: example_complex
[2023-10-23T23:08:05.245+0000] {logging_mixin.py:137} INFO - [2023-10-23T23:08:05.245+0000] {taskmixin.py:205} WARNING - Dependency <Task(BashOperator): delete_entry_group>, create_entry_group already registered for DAG: example_complex
[2023-10-23T23:08:05.245+0000] {logging_mixin.py:137} INFO - [2023-10-23T23:08:05.245+0000] {taskmixin.py:205} WARNING - Dependency <Task(BashOperator): create_entry_gcs>, delete_entry already registered for DAG: example_complex
[2023-10-23T23:08:05.246+0000] {logging_mixin.py:137} INFO - [2023-10-23T23:08:05.246+0000] {taskmixin.py:205} WARNING - Dependency <Task(BashOperator): delete_entry>, create_entry_gcs already registered for DAG: example_complex
[2023-10-23T23:08:05.247+0000] {logging_mixin.py:137} INFO - [2023-10-23T23:08:05.247+0000] {taskmixin.py:205} WARNING - Dependency <Task(BashOperator): create_tag>, delete_tag already registered for DAG: example_complex
[2023-10-23T23:08:05.247+0000] {logging_mixin.py:137} INFO - [2023-10-23T23:08:05.247+0000] {taskmixin.py:205} WARNING - Dependency <Task(BashOperator): delete_tag>, create_tag already registered for DAG: example_complex
[2023-10-23T23:08:05.258+0000] {processor.py:753} INFO - DAG(s) dict_keys(['example_complex']) retrieved from /home/airflow/.local/lib/python3.7/site-packages/airflow/example_dags/example_complex.py
[2023-10-23T23:08:05.303+0000] {logging_mixin.py:137} INFO - [2023-10-23T23:08:05.302+0000] {dag.py:2690} INFO - Sync 1 DAGs
[2023-10-23T23:08:05.323+0000] {logging_mixin.py:137} INFO - [2023-10-23T23:08:05.323+0000] {dag.py:3441} INFO - Setting next_dagrun for example_complex to None, run_after=None
[2023-10-23T23:08:05.347+0000] {processor.py:175} INFO - Processing /home/airflow/.local/lib/python3.7/site-packages/airflow/example_dags/example_complex.py took 0.133 seconds
