[2023-10-23T01:21:09.520+0000] {processor.py:153} INFO - Started process (PID=11644) to work on /home/airflow/.local/lib/python3.7/site-packages/airflow/example_dags/example_short_circuit_operator.py
[2023-10-23T01:21:09.520+0000] {processor.py:743} INFO - Processing file /home/airflow/.local/lib/python3.7/site-packages/airflow/example_dags/example_short_circuit_operator.py for tasks to queue
[2023-10-23T01:21:09.521+0000] {logging_mixin.py:137} INFO - [2023-10-23T01:21:09.521+0000] {dagbag.py:538} INFO - Filling up the DagBag from /home/airflow/.local/lib/python3.7/site-packages/airflow/example_dags/example_short_circuit_operator.py
[2023-10-23T01:21:09.530+0000] {processor.py:753} INFO - DAG(s) dict_keys(['example_short_circuit_operator']) retrieved from /home/airflow/.local/lib/python3.7/site-packages/airflow/example_dags/example_short_circuit_operator.py
[2023-10-23T01:21:09.543+0000] {logging_mixin.py:137} INFO - [2023-10-23T01:21:09.543+0000] {dag.py:2690} INFO - Sync 1 DAGs
[2023-10-23T01:21:09.555+0000] {logging_mixin.py:137} INFO - [2023-10-23T01:21:09.555+0000] {dag.py:3441} INFO - Setting next_dagrun for example_short_circuit_operator to 2023-10-22T01:21:09.555658+00:00, run_after=2023-10-23T01:21:09.555658+00:00
[2023-10-23T01:21:09.564+0000] {processor.py:175} INFO - Processing /home/airflow/.local/lib/python3.7/site-packages/airflow/example_dags/example_short_circuit_operator.py took 0.046 seconds
[2023-10-23T02:45:23.849+0000] {processor.py:153} INFO - Started process (PID=11738) to work on /home/airflow/.local/lib/python3.7/site-packages/airflow/example_dags/example_short_circuit_operator.py
[2023-10-23T02:45:23.849+0000] {processor.py:743} INFO - Processing file /home/airflow/.local/lib/python3.7/site-packages/airflow/example_dags/example_short_circuit_operator.py for tasks to queue
[2023-10-23T02:45:23.850+0000] {logging_mixin.py:137} INFO - [2023-10-23T02:45:23.850+0000] {dagbag.py:538} INFO - Filling up the DagBag from /home/airflow/.local/lib/python3.7/site-packages/airflow/example_dags/example_short_circuit_operator.py
[2023-10-23T02:45:23.859+0000] {processor.py:753} INFO - DAG(s) dict_keys(['example_short_circuit_operator']) retrieved from /home/airflow/.local/lib/python3.7/site-packages/airflow/example_dags/example_short_circuit_operator.py
[2023-10-23T02:45:23.873+0000] {logging_mixin.py:137} INFO - [2023-10-23T02:45:23.873+0000] {dag.py:2690} INFO - Sync 1 DAGs
[2023-10-23T02:45:23.887+0000] {logging_mixin.py:137} INFO - [2023-10-23T02:45:23.887+0000] {dag.py:3441} INFO - Setting next_dagrun for example_short_circuit_operator to 2023-10-22T02:45:23.887468+00:00, run_after=2023-10-23T02:45:23.887468+00:00
[2023-10-23T02:45:23.898+0000] {processor.py:175} INFO - Processing /home/airflow/.local/lib/python3.7/site-packages/airflow/example_dags/example_short_circuit_operator.py took 0.052 seconds
[2023-10-23T03:38:56.569+0000] {processor.py:153} INFO - Started process (PID=11814) to work on /home/airflow/.local/lib/python3.7/site-packages/airflow/example_dags/example_short_circuit_operator.py
[2023-10-23T03:38:56.569+0000] {processor.py:743} INFO - Processing file /home/airflow/.local/lib/python3.7/site-packages/airflow/example_dags/example_short_circuit_operator.py for tasks to queue
[2023-10-23T03:38:56.570+0000] {logging_mixin.py:137} INFO - [2023-10-23T03:38:56.570+0000] {dagbag.py:538} INFO - Filling up the DagBag from /home/airflow/.local/lib/python3.7/site-packages/airflow/example_dags/example_short_circuit_operator.py
[2023-10-23T03:38:56.579+0000] {processor.py:753} INFO - DAG(s) dict_keys(['example_short_circuit_operator']) retrieved from /home/airflow/.local/lib/python3.7/site-packages/airflow/example_dags/example_short_circuit_operator.py
[2023-10-23T03:38:56.593+0000] {logging_mixin.py:137} INFO - [2023-10-23T03:38:56.593+0000] {dag.py:2690} INFO - Sync 1 DAGs
[2023-10-23T03:38:56.604+0000] {logging_mixin.py:137} INFO - [2023-10-23T03:38:56.604+0000] {dag.py:3441} INFO - Setting next_dagrun for example_short_circuit_operator to 2023-10-22T03:38:56.604501+00:00, run_after=2023-10-23T03:38:56.604501+00:00
[2023-10-23T03:38:56.614+0000] {processor.py:175} INFO - Processing /home/airflow/.local/lib/python3.7/site-packages/airflow/example_dags/example_short_circuit_operator.py took 0.047 seconds
[2023-10-23T05:02:02.070+0000] {processor.py:153} INFO - Started process (PID=11908) to work on /home/airflow/.local/lib/python3.7/site-packages/airflow/example_dags/example_short_circuit_operator.py
[2023-10-23T05:02:02.070+0000] {processor.py:743} INFO - Processing file /home/airflow/.local/lib/python3.7/site-packages/airflow/example_dags/example_short_circuit_operator.py for tasks to queue
[2023-10-23T05:02:02.071+0000] {logging_mixin.py:137} INFO - [2023-10-23T05:02:02.070+0000] {dagbag.py:538} INFO - Filling up the DagBag from /home/airflow/.local/lib/python3.7/site-packages/airflow/example_dags/example_short_circuit_operator.py
[2023-10-23T05:02:02.080+0000] {processor.py:753} INFO - DAG(s) dict_keys(['example_short_circuit_operator']) retrieved from /home/airflow/.local/lib/python3.7/site-packages/airflow/example_dags/example_short_circuit_operator.py
[2023-10-23T05:02:02.094+0000] {logging_mixin.py:137} INFO - [2023-10-23T05:02:02.094+0000] {dag.py:2690} INFO - Sync 1 DAGs
[2023-10-23T05:02:02.106+0000] {logging_mixin.py:137} INFO - [2023-10-23T05:02:02.106+0000] {dag.py:3441} INFO - Setting next_dagrun for example_short_circuit_operator to 2023-10-22T05:02:02.106371+00:00, run_after=2023-10-23T05:02:02.106371+00:00
[2023-10-23T05:02:02.115+0000] {processor.py:175} INFO - Processing /home/airflow/.local/lib/python3.7/site-packages/airflow/example_dags/example_short_circuit_operator.py took 0.047 seconds
[2023-10-23T06:23:03.156+0000] {processor.py:153} INFO - Started process (PID=11993) to work on /home/airflow/.local/lib/python3.7/site-packages/airflow/example_dags/example_short_circuit_operator.py
[2023-10-23T06:23:03.157+0000] {processor.py:743} INFO - Processing file /home/airflow/.local/lib/python3.7/site-packages/airflow/example_dags/example_short_circuit_operator.py for tasks to queue
[2023-10-23T06:23:03.157+0000] {logging_mixin.py:137} INFO - [2023-10-23T06:23:03.157+0000] {dagbag.py:538} INFO - Filling up the DagBag from /home/airflow/.local/lib/python3.7/site-packages/airflow/example_dags/example_short_circuit_operator.py
[2023-10-23T06:23:03.168+0000] {processor.py:753} INFO - DAG(s) dict_keys(['example_short_circuit_operator']) retrieved from /home/airflow/.local/lib/python3.7/site-packages/airflow/example_dags/example_short_circuit_operator.py
[2023-10-23T06:23:03.182+0000] {logging_mixin.py:137} INFO - [2023-10-23T06:23:03.182+0000] {dag.py:2690} INFO - Sync 1 DAGs
[2023-10-23T06:23:03.194+0000] {logging_mixin.py:137} INFO - [2023-10-23T06:23:03.194+0000] {dag.py:3441} INFO - Setting next_dagrun for example_short_circuit_operator to 2023-10-22T06:23:03.194577+00:00, run_after=2023-10-23T06:23:03.194577+00:00
[2023-10-23T06:23:03.204+0000] {processor.py:175} INFO - Processing /home/airflow/.local/lib/python3.7/site-packages/airflow/example_dags/example_short_circuit_operator.py took 0.050 seconds
[2023-10-23T07:45:41.984+0000] {processor.py:153} INFO - Started process (PID=12078) to work on /home/airflow/.local/lib/python3.7/site-packages/airflow/example_dags/example_short_circuit_operator.py
[2023-10-23T07:45:41.985+0000] {processor.py:743} INFO - Processing file /home/airflow/.local/lib/python3.7/site-packages/airflow/example_dags/example_short_circuit_operator.py for tasks to queue
[2023-10-23T07:45:41.985+0000] {logging_mixin.py:137} INFO - [2023-10-23T07:45:41.985+0000] {dagbag.py:538} INFO - Filling up the DagBag from /home/airflow/.local/lib/python3.7/site-packages/airflow/example_dags/example_short_circuit_operator.py
[2023-10-23T07:45:41.994+0000] {processor.py:753} INFO - DAG(s) dict_keys(['example_short_circuit_operator']) retrieved from /home/airflow/.local/lib/python3.7/site-packages/airflow/example_dags/example_short_circuit_operator.py
[2023-10-23T07:45:42.007+0000] {logging_mixin.py:137} INFO - [2023-10-23T07:45:42.007+0000] {dag.py:2690} INFO - Sync 1 DAGs
[2023-10-23T07:45:42.019+0000] {logging_mixin.py:137} INFO - [2023-10-23T07:45:42.019+0000] {dag.py:3441} INFO - Setting next_dagrun for example_short_circuit_operator to 2023-10-22T07:45:42.018940+00:00, run_after=2023-10-23T07:45:42.018940+00:00
[2023-10-23T07:45:42.028+0000] {processor.py:175} INFO - Processing /home/airflow/.local/lib/python3.7/site-packages/airflow/example_dags/example_short_circuit_operator.py took 0.045 seconds
[2023-10-23T09:08:50.824+0000] {processor.py:153} INFO - Started process (PID=12172) to work on /home/airflow/.local/lib/python3.7/site-packages/airflow/example_dags/example_short_circuit_operator.py
[2023-10-23T09:08:50.825+0000] {processor.py:743} INFO - Processing file /home/airflow/.local/lib/python3.7/site-packages/airflow/example_dags/example_short_circuit_operator.py for tasks to queue
[2023-10-23T09:08:50.825+0000] {logging_mixin.py:137} INFO - [2023-10-23T09:08:50.825+0000] {dagbag.py:538} INFO - Filling up the DagBag from /home/airflow/.local/lib/python3.7/site-packages/airflow/example_dags/example_short_circuit_operator.py
[2023-10-23T09:08:50.834+0000] {processor.py:753} INFO - DAG(s) dict_keys(['example_short_circuit_operator']) retrieved from /home/airflow/.local/lib/python3.7/site-packages/airflow/example_dags/example_short_circuit_operator.py
[2023-10-23T09:08:50.847+0000] {logging_mixin.py:137} INFO - [2023-10-23T09:08:50.847+0000] {dag.py:2690} INFO - Sync 1 DAGs
[2023-10-23T09:08:50.860+0000] {logging_mixin.py:137} INFO - [2023-10-23T09:08:50.860+0000] {dag.py:3441} INFO - Setting next_dagrun for example_short_circuit_operator to 2023-10-22T09:08:50.860605+00:00, run_after=2023-10-23T09:08:50.860605+00:00
[2023-10-23T09:08:50.869+0000] {processor.py:175} INFO - Processing /home/airflow/.local/lib/python3.7/site-packages/airflow/example_dags/example_short_circuit_operator.py took 0.047 seconds
[2023-10-23T10:31:53.827+0000] {processor.py:153} INFO - Started process (PID=12257) to work on /home/airflow/.local/lib/python3.7/site-packages/airflow/example_dags/example_short_circuit_operator.py
[2023-10-23T10:31:53.830+0000] {processor.py:743} INFO - Processing file /home/airflow/.local/lib/python3.7/site-packages/airflow/example_dags/example_short_circuit_operator.py for tasks to queue
[2023-10-23T10:31:53.830+0000] {logging_mixin.py:137} INFO - [2023-10-23T10:31:53.830+0000] {dagbag.py:538} INFO - Filling up the DagBag from /home/airflow/.local/lib/python3.7/site-packages/airflow/example_dags/example_short_circuit_operator.py
[2023-10-23T10:31:53.853+0000] {processor.py:753} INFO - DAG(s) dict_keys(['example_short_circuit_operator']) retrieved from /home/airflow/.local/lib/python3.7/site-packages/airflow/example_dags/example_short_circuit_operator.py
[2023-10-23T10:31:53.888+0000] {logging_mixin.py:137} INFO - [2023-10-23T10:31:53.888+0000] {dag.py:2690} INFO - Sync 1 DAGs
[2023-10-23T10:31:53.908+0000] {logging_mixin.py:137} INFO - [2023-10-23T10:31:53.908+0000] {dag.py:3441} INFO - Setting next_dagrun for example_short_circuit_operator to 2023-10-22T10:31:53.908316+00:00, run_after=2023-10-23T10:31:53.908316+00:00
[2023-10-23T10:31:53.938+0000] {processor.py:175} INFO - Processing /home/airflow/.local/lib/python3.7/site-packages/airflow/example_dags/example_short_circuit_operator.py took 0.114 seconds
[2023-10-23T11:52:42.561+0000] {processor.py:153} INFO - Started process (PID=12342) to work on /home/airflow/.local/lib/python3.7/site-packages/airflow/example_dags/example_short_circuit_operator.py
[2023-10-23T11:52:42.561+0000] {processor.py:743} INFO - Processing file /home/airflow/.local/lib/python3.7/site-packages/airflow/example_dags/example_short_circuit_operator.py for tasks to queue
[2023-10-23T11:52:42.562+0000] {logging_mixin.py:137} INFO - [2023-10-23T11:52:42.562+0000] {dagbag.py:538} INFO - Filling up the DagBag from /home/airflow/.local/lib/python3.7/site-packages/airflow/example_dags/example_short_circuit_operator.py
[2023-10-23T11:52:42.571+0000] {processor.py:753} INFO - DAG(s) dict_keys(['example_short_circuit_operator']) retrieved from /home/airflow/.local/lib/python3.7/site-packages/airflow/example_dags/example_short_circuit_operator.py
[2023-10-23T11:52:42.585+0000] {logging_mixin.py:137} INFO - [2023-10-23T11:52:42.585+0000] {dag.py:2690} INFO - Sync 1 DAGs
[2023-10-23T11:52:42.597+0000] {logging_mixin.py:137} INFO - [2023-10-23T11:52:42.597+0000] {dag.py:3441} INFO - Setting next_dagrun for example_short_circuit_operator to 2023-10-22T11:52:42.596878+00:00, run_after=2023-10-23T11:52:42.596878+00:00
[2023-10-23T11:52:42.606+0000] {processor.py:175} INFO - Processing /home/airflow/.local/lib/python3.7/site-packages/airflow/example_dags/example_short_circuit_operator.py took 0.047 seconds
[2023-10-23T13:14:05.599+0000] {processor.py:153} INFO - Started process (PID=12436) to work on /home/airflow/.local/lib/python3.7/site-packages/airflow/example_dags/example_short_circuit_operator.py
[2023-10-23T13:14:05.600+0000] {processor.py:743} INFO - Processing file /home/airflow/.local/lib/python3.7/site-packages/airflow/example_dags/example_short_circuit_operator.py for tasks to queue
[2023-10-23T13:14:05.600+0000] {logging_mixin.py:137} INFO - [2023-10-23T13:14:05.600+0000] {dagbag.py:538} INFO - Filling up the DagBag from /home/airflow/.local/lib/python3.7/site-packages/airflow/example_dags/example_short_circuit_operator.py
[2023-10-23T13:14:05.609+0000] {processor.py:753} INFO - DAG(s) dict_keys(['example_short_circuit_operator']) retrieved from /home/airflow/.local/lib/python3.7/site-packages/airflow/example_dags/example_short_circuit_operator.py
[2023-10-23T13:14:05.622+0000] {logging_mixin.py:137} INFO - [2023-10-23T13:14:05.622+0000] {dag.py:2690} INFO - Sync 1 DAGs
[2023-10-23T13:14:05.635+0000] {logging_mixin.py:137} INFO - [2023-10-23T13:14:05.635+0000] {dag.py:3441} INFO - Setting next_dagrun for example_short_circuit_operator to 2023-10-22T13:14:05.635051+00:00, run_after=2023-10-23T13:14:05.635051+00:00
[2023-10-23T13:14:05.643+0000] {processor.py:175} INFO - Processing /home/airflow/.local/lib/python3.7/site-packages/airflow/example_dags/example_short_circuit_operator.py took 0.046 seconds
[2023-10-23T14:37:37.054+0000] {processor.py:153} INFO - Started process (PID=12512) to work on /home/airflow/.local/lib/python3.7/site-packages/airflow/example_dags/example_short_circuit_operator.py
[2023-10-23T14:37:37.055+0000] {processor.py:743} INFO - Processing file /home/airflow/.local/lib/python3.7/site-packages/airflow/example_dags/example_short_circuit_operator.py for tasks to queue
[2023-10-23T14:37:37.055+0000] {logging_mixin.py:137} INFO - [2023-10-23T14:37:37.055+0000] {dagbag.py:538} INFO - Filling up the DagBag from /home/airflow/.local/lib/python3.7/site-packages/airflow/example_dags/example_short_circuit_operator.py
[2023-10-23T14:37:37.064+0000] {processor.py:753} INFO - DAG(s) dict_keys(['example_short_circuit_operator']) retrieved from /home/airflow/.local/lib/python3.7/site-packages/airflow/example_dags/example_short_circuit_operator.py
[2023-10-23T14:37:37.078+0000] {logging_mixin.py:137} INFO - [2023-10-23T14:37:37.078+0000] {dag.py:2690} INFO - Sync 1 DAGs
[2023-10-23T14:37:37.090+0000] {logging_mixin.py:137} INFO - [2023-10-23T14:37:37.090+0000] {dag.py:3441} INFO - Setting next_dagrun for example_short_circuit_operator to 2023-10-22T14:37:37.089961+00:00, run_after=2023-10-23T14:37:37.089961+00:00
[2023-10-23T14:37:37.098+0000] {processor.py:175} INFO - Processing /home/airflow/.local/lib/python3.7/site-packages/airflow/example_dags/example_short_circuit_operator.py took 0.046 seconds
[2023-10-23T16:00:35.008+0000] {processor.py:153} INFO - Started process (PID=12606) to work on /home/airflow/.local/lib/python3.7/site-packages/airflow/example_dags/example_short_circuit_operator.py
[2023-10-23T16:00:35.009+0000] {processor.py:743} INFO - Processing file /home/airflow/.local/lib/python3.7/site-packages/airflow/example_dags/example_short_circuit_operator.py for tasks to queue
[2023-10-23T16:00:35.009+0000] {logging_mixin.py:137} INFO - [2023-10-23T16:00:35.009+0000] {dagbag.py:538} INFO - Filling up the DagBag from /home/airflow/.local/lib/python3.7/site-packages/airflow/example_dags/example_short_circuit_operator.py
[2023-10-23T16:00:35.019+0000] {processor.py:753} INFO - DAG(s) dict_keys(['example_short_circuit_operator']) retrieved from /home/airflow/.local/lib/python3.7/site-packages/airflow/example_dags/example_short_circuit_operator.py
[2023-10-23T16:00:35.033+0000] {logging_mixin.py:137} INFO - [2023-10-23T16:00:35.033+0000] {dag.py:2690} INFO - Sync 1 DAGs
[2023-10-23T16:00:35.045+0000] {logging_mixin.py:137} INFO - [2023-10-23T16:00:35.045+0000] {dag.py:3441} INFO - Setting next_dagrun for example_short_circuit_operator to 2023-10-22T16:00:35.045680+00:00, run_after=2023-10-23T16:00:35.045680+00:00
[2023-10-23T16:00:35.054+0000] {processor.py:175} INFO - Processing /home/airflow/.local/lib/python3.7/site-packages/airflow/example_dags/example_short_circuit_operator.py took 0.048 seconds
[2023-10-23T17:25:36.597+0000] {processor.py:153} INFO - Started process (PID=12700) to work on /home/airflow/.local/lib/python3.7/site-packages/airflow/example_dags/example_short_circuit_operator.py
[2023-10-23T17:25:36.597+0000] {processor.py:743} INFO - Processing file /home/airflow/.local/lib/python3.7/site-packages/airflow/example_dags/example_short_circuit_operator.py for tasks to queue
[2023-10-23T17:25:36.598+0000] {logging_mixin.py:137} INFO - [2023-10-23T17:25:36.598+0000] {dagbag.py:538} INFO - Filling up the DagBag from /home/airflow/.local/lib/python3.7/site-packages/airflow/example_dags/example_short_circuit_operator.py
[2023-10-23T17:25:36.608+0000] {processor.py:753} INFO - DAG(s) dict_keys(['example_short_circuit_operator']) retrieved from /home/airflow/.local/lib/python3.7/site-packages/airflow/example_dags/example_short_circuit_operator.py
[2023-10-23T17:25:36.621+0000] {logging_mixin.py:137} INFO - [2023-10-23T17:25:36.621+0000] {dag.py:2690} INFO - Sync 1 DAGs
[2023-10-23T17:25:36.635+0000] {logging_mixin.py:137} INFO - [2023-10-23T17:25:36.635+0000] {dag.py:3441} INFO - Setting next_dagrun for example_short_circuit_operator to 2023-10-22T17:25:36.634952+00:00, run_after=2023-10-23T17:25:36.634952+00:00
[2023-10-23T17:25:36.644+0000] {processor.py:175} INFO - Processing /home/airflow/.local/lib/python3.7/site-packages/airflow/example_dags/example_short_circuit_operator.py took 0.049 seconds
[2023-10-23T18:46:41.821+0000] {processor.py:153} INFO - Started process (PID=12776) to work on /home/airflow/.local/lib/python3.7/site-packages/airflow/example_dags/example_short_circuit_operator.py
[2023-10-23T18:46:41.821+0000] {processor.py:743} INFO - Processing file /home/airflow/.local/lib/python3.7/site-packages/airflow/example_dags/example_short_circuit_operator.py for tasks to queue
[2023-10-23T18:46:41.822+0000] {logging_mixin.py:137} INFO - [2023-10-23T18:46:41.822+0000] {dagbag.py:538} INFO - Filling up the DagBag from /home/airflow/.local/lib/python3.7/site-packages/airflow/example_dags/example_short_circuit_operator.py
[2023-10-23T18:46:41.831+0000] {processor.py:753} INFO - DAG(s) dict_keys(['example_short_circuit_operator']) retrieved from /home/airflow/.local/lib/python3.7/site-packages/airflow/example_dags/example_short_circuit_operator.py
[2023-10-23T18:46:41.844+0000] {logging_mixin.py:137} INFO - [2023-10-23T18:46:41.844+0000] {dag.py:2690} INFO - Sync 1 DAGs
[2023-10-23T18:46:41.855+0000] {logging_mixin.py:137} INFO - [2023-10-23T18:46:41.855+0000] {dag.py:3441} INFO - Setting next_dagrun for example_short_circuit_operator to 2023-10-22T18:46:41.855569+00:00, run_after=2023-10-23T18:46:41.855569+00:00
[2023-10-23T18:46:41.863+0000] {processor.py:175} INFO - Processing /home/airflow/.local/lib/python3.7/site-packages/airflow/example_dags/example_short_circuit_operator.py took 0.044 seconds
[2023-10-23T20:05:02.800+0000] {processor.py:153} INFO - Started process (PID=12872) to work on /home/airflow/.local/lib/python3.7/site-packages/airflow/example_dags/example_short_circuit_operator.py
[2023-10-23T20:05:02.800+0000] {processor.py:743} INFO - Processing file /home/airflow/.local/lib/python3.7/site-packages/airflow/example_dags/example_short_circuit_operator.py for tasks to queue
[2023-10-23T20:05:02.801+0000] {logging_mixin.py:137} INFO - [2023-10-23T20:05:02.801+0000] {dagbag.py:538} INFO - Filling up the DagBag from /home/airflow/.local/lib/python3.7/site-packages/airflow/example_dags/example_short_circuit_operator.py
[2023-10-23T20:05:02.809+0000] {processor.py:753} INFO - DAG(s) dict_keys(['example_short_circuit_operator']) retrieved from /home/airflow/.local/lib/python3.7/site-packages/airflow/example_dags/example_short_circuit_operator.py
[2023-10-23T20:05:02.822+0000] {logging_mixin.py:137} INFO - [2023-10-23T20:05:02.822+0000] {dag.py:2690} INFO - Sync 1 DAGs
[2023-10-23T20:05:02.834+0000] {logging_mixin.py:137} INFO - [2023-10-23T20:05:02.834+0000] {dag.py:3441} INFO - Setting next_dagrun for example_short_circuit_operator to 2023-10-22T20:05:02.834271+00:00, run_after=2023-10-23T20:05:02.834271+00:00
[2023-10-23T20:05:02.843+0000] {processor.py:175} INFO - Processing /home/airflow/.local/lib/python3.7/site-packages/airflow/example_dags/example_short_circuit_operator.py took 0.046 seconds
[2023-10-23T21:29:42.520+0000] {processor.py:153} INFO - Started process (PID=12966) to work on /home/airflow/.local/lib/python3.7/site-packages/airflow/example_dags/example_short_circuit_operator.py
[2023-10-23T21:29:42.520+0000] {processor.py:743} INFO - Processing file /home/airflow/.local/lib/python3.7/site-packages/airflow/example_dags/example_short_circuit_operator.py for tasks to queue
[2023-10-23T21:29:42.521+0000] {logging_mixin.py:137} INFO - [2023-10-23T21:29:42.521+0000] {dagbag.py:538} INFO - Filling up the DagBag from /home/airflow/.local/lib/python3.7/site-packages/airflow/example_dags/example_short_circuit_operator.py
[2023-10-23T21:29:42.530+0000] {processor.py:753} INFO - DAG(s) dict_keys(['example_short_circuit_operator']) retrieved from /home/airflow/.local/lib/python3.7/site-packages/airflow/example_dags/example_short_circuit_operator.py
[2023-10-23T21:29:42.543+0000] {logging_mixin.py:137} INFO - [2023-10-23T21:29:42.543+0000] {dag.py:2690} INFO - Sync 1 DAGs
[2023-10-23T21:29:42.555+0000] {logging_mixin.py:137} INFO - [2023-10-23T21:29:42.555+0000] {dag.py:3441} INFO - Setting next_dagrun for example_short_circuit_operator to 2023-10-22T21:29:42.555280+00:00, run_after=2023-10-23T21:29:42.555280+00:00
[2023-10-23T21:29:42.563+0000] {processor.py:175} INFO - Processing /home/airflow/.local/lib/python3.7/site-packages/airflow/example_dags/example_short_circuit_operator.py took 0.046 seconds
[2023-10-23T23:08:05.989+0000] {processor.py:153} INFO - Started process (PID=13060) to work on /home/airflow/.local/lib/python3.7/site-packages/airflow/example_dags/example_short_circuit_operator.py
[2023-10-23T23:08:05.990+0000] {processor.py:743} INFO - Processing file /home/airflow/.local/lib/python3.7/site-packages/airflow/example_dags/example_short_circuit_operator.py for tasks to queue
[2023-10-23T23:08:05.990+0000] {logging_mixin.py:137} INFO - [2023-10-23T23:08:05.990+0000] {dagbag.py:538} INFO - Filling up the DagBag from /home/airflow/.local/lib/python3.7/site-packages/airflow/example_dags/example_short_circuit_operator.py
[2023-10-23T23:08:06.001+0000] {processor.py:753} INFO - DAG(s) dict_keys(['example_short_circuit_operator']) retrieved from /home/airflow/.local/lib/python3.7/site-packages/airflow/example_dags/example_short_circuit_operator.py
[2023-10-23T23:08:06.016+0000] {logging_mixin.py:137} INFO - [2023-10-23T23:08:06.016+0000] {dag.py:2690} INFO - Sync 1 DAGs
[2023-10-23T23:08:06.029+0000] {logging_mixin.py:137} INFO - [2023-10-23T23:08:06.029+0000] {dag.py:3441} INFO - Setting next_dagrun for example_short_circuit_operator to 2023-10-22T23:08:06.029773+00:00, run_after=2023-10-23T23:08:06.029773+00:00
[2023-10-23T23:08:06.039+0000] {processor.py:175} INFO - Processing /home/airflow/.local/lib/python3.7/site-packages/airflow/example_dags/example_short_circuit_operator.py took 0.052 seconds
