[2023-10-23T01:21:08.401+0000] {processor.py:153} INFO - Started process (PID=11621) to work on /home/airflow/.local/lib/python3.7/site-packages/airflow/example_dags/tutorial.py
[2023-10-23T01:21:08.404+0000] {processor.py:743} INFO - Processing file /home/airflow/.local/lib/python3.7/site-packages/airflow/example_dags/tutorial.py for tasks to queue
[2023-10-23T01:21:08.411+0000] {logging_mixin.py:137} INFO - [2023-10-23T01:21:08.411+0000] {dagbag.py:538} INFO - Filling up the DagBag from /home/airflow/.local/lib/python3.7/site-packages/airflow/example_dags/tutorial.py
[2023-10-23T01:21:08.432+0000] {processor.py:753} INFO - DAG(s) dict_keys(['tutorial']) retrieved from /home/airflow/.local/lib/python3.7/site-packages/airflow/example_dags/tutorial.py
[2023-10-23T01:21:08.478+0000] {logging_mixin.py:137} INFO - [2023-10-23T01:21:08.478+0000] {dag.py:2690} INFO - Sync 1 DAGs
[2023-10-23T01:21:08.514+0000] {logging_mixin.py:137} INFO - [2023-10-23T01:21:08.514+0000] {dag.py:3441} INFO - Setting next_dagrun for tutorial to 2023-10-22T01:21:08.514111+00:00, run_after=2023-10-23T01:21:08.514111+00:00
[2023-10-23T01:21:08.541+0000] {processor.py:175} INFO - Processing /home/airflow/.local/lib/python3.7/site-packages/airflow/example_dags/tutorial.py took 0.148 seconds
[2023-10-23T02:45:22.363+0000] {processor.py:153} INFO - Started process (PID=11697) to work on /home/airflow/.local/lib/python3.7/site-packages/airflow/example_dags/tutorial.py
[2023-10-23T02:45:22.364+0000] {processor.py:743} INFO - Processing file /home/airflow/.local/lib/python3.7/site-packages/airflow/example_dags/tutorial.py for tasks to queue
[2023-10-23T02:45:22.364+0000] {logging_mixin.py:137} INFO - [2023-10-23T02:45:22.364+0000] {dagbag.py:538} INFO - Filling up the DagBag from /home/airflow/.local/lib/python3.7/site-packages/airflow/example_dags/tutorial.py
[2023-10-23T02:45:22.372+0000] {processor.py:753} INFO - DAG(s) dict_keys(['tutorial']) retrieved from /home/airflow/.local/lib/python3.7/site-packages/airflow/example_dags/tutorial.py
[2023-10-23T02:45:22.384+0000] {logging_mixin.py:137} INFO - [2023-10-23T02:45:22.384+0000] {dag.py:2690} INFO - Sync 1 DAGs
[2023-10-23T02:45:22.395+0000] {logging_mixin.py:137} INFO - [2023-10-23T02:45:22.395+0000] {dag.py:3441} INFO - Setting next_dagrun for tutorial to 2023-10-22T02:45:22.395815+00:00, run_after=2023-10-23T02:45:22.395815+00:00
[2023-10-23T02:45:22.407+0000] {processor.py:175} INFO - Processing /home/airflow/.local/lib/python3.7/site-packages/airflow/example_dags/tutorial.py took 0.045 seconds
[2023-10-23T03:38:55.728+0000] {processor.py:153} INFO - Started process (PID=11791) to work on /home/airflow/.local/lib/python3.7/site-packages/airflow/example_dags/tutorial.py
[2023-10-23T03:38:55.729+0000] {processor.py:743} INFO - Processing file /home/airflow/.local/lib/python3.7/site-packages/airflow/example_dags/tutorial.py for tasks to queue
[2023-10-23T03:38:55.729+0000] {logging_mixin.py:137} INFO - [2023-10-23T03:38:55.729+0000] {dagbag.py:538} INFO - Filling up the DagBag from /home/airflow/.local/lib/python3.7/site-packages/airflow/example_dags/tutorial.py
[2023-10-23T03:38:55.741+0000] {processor.py:753} INFO - DAG(s) dict_keys(['tutorial']) retrieved from /home/airflow/.local/lib/python3.7/site-packages/airflow/example_dags/tutorial.py
[2023-10-23T03:38:55.759+0000] {logging_mixin.py:137} INFO - [2023-10-23T03:38:55.758+0000] {dag.py:2690} INFO - Sync 1 DAGs
[2023-10-23T03:38:55.774+0000] {logging_mixin.py:137} INFO - [2023-10-23T03:38:55.774+0000] {dag.py:3441} INFO - Setting next_dagrun for tutorial to 2023-10-22T03:38:55.774415+00:00, run_after=2023-10-23T03:38:55.774415+00:00
[2023-10-23T03:38:55.787+0000] {processor.py:175} INFO - Processing /home/airflow/.local/lib/python3.7/site-packages/airflow/example_dags/tutorial.py took 0.062 seconds
[2023-10-23T05:02:01.236+0000] {processor.py:153} INFO - Started process (PID=11885) to work on /home/airflow/.local/lib/python3.7/site-packages/airflow/example_dags/tutorial.py
[2023-10-23T05:02:01.238+0000] {processor.py:743} INFO - Processing file /home/airflow/.local/lib/python3.7/site-packages/airflow/example_dags/tutorial.py for tasks to queue
[2023-10-23T05:02:01.242+0000] {logging_mixin.py:137} INFO - [2023-10-23T05:02:01.241+0000] {dagbag.py:538} INFO - Filling up the DagBag from /home/airflow/.local/lib/python3.7/site-packages/airflow/example_dags/tutorial.py
[2023-10-23T05:02:01.262+0000] {processor.py:753} INFO - DAG(s) dict_keys(['tutorial']) retrieved from /home/airflow/.local/lib/python3.7/site-packages/airflow/example_dags/tutorial.py
[2023-10-23T05:02:01.293+0000] {logging_mixin.py:137} INFO - [2023-10-23T05:02:01.293+0000] {dag.py:2690} INFO - Sync 1 DAGs
[2023-10-23T05:02:01.313+0000] {logging_mixin.py:137} INFO - [2023-10-23T05:02:01.312+0000] {dag.py:3441} INFO - Setting next_dagrun for tutorial to 2023-10-22T05:02:01.312751+00:00, run_after=2023-10-23T05:02:01.312751+00:00
[2023-10-23T05:02:01.324+0000] {processor.py:175} INFO - Processing /home/airflow/.local/lib/python3.7/site-packages/airflow/example_dags/tutorial.py took 0.095 seconds
[2023-10-23T06:23:02.124+0000] {processor.py:153} INFO - Started process (PID=11961) to work on /home/airflow/.local/lib/python3.7/site-packages/airflow/example_dags/tutorial.py
[2023-10-23T06:23:02.125+0000] {processor.py:743} INFO - Processing file /home/airflow/.local/lib/python3.7/site-packages/airflow/example_dags/tutorial.py for tasks to queue
[2023-10-23T06:23:02.126+0000] {logging_mixin.py:137} INFO - [2023-10-23T06:23:02.126+0000] {dagbag.py:538} INFO - Filling up the DagBag from /home/airflow/.local/lib/python3.7/site-packages/airflow/example_dags/tutorial.py
[2023-10-23T06:23:02.137+0000] {processor.py:753} INFO - DAG(s) dict_keys(['tutorial']) retrieved from /home/airflow/.local/lib/python3.7/site-packages/airflow/example_dags/tutorial.py
[2023-10-23T06:23:02.156+0000] {logging_mixin.py:137} INFO - [2023-10-23T06:23:02.156+0000] {dag.py:2690} INFO - Sync 1 DAGs
[2023-10-23T06:23:02.172+0000] {logging_mixin.py:137} INFO - [2023-10-23T06:23:02.172+0000] {dag.py:3441} INFO - Setting next_dagrun for tutorial to 2023-10-22T06:23:02.171894+00:00, run_after=2023-10-23T06:23:02.171894+00:00
[2023-10-23T06:23:02.184+0000] {processor.py:175} INFO - Processing /home/airflow/.local/lib/python3.7/site-packages/airflow/example_dags/tutorial.py took 0.063 seconds
[2023-10-23T07:45:41.012+0000] {processor.py:153} INFO - Started process (PID=12055) to work on /home/airflow/.local/lib/python3.7/site-packages/airflow/example_dags/tutorial.py
[2023-10-23T07:45:41.013+0000] {processor.py:743} INFO - Processing file /home/airflow/.local/lib/python3.7/site-packages/airflow/example_dags/tutorial.py for tasks to queue
[2023-10-23T07:45:41.013+0000] {logging_mixin.py:137} INFO - [2023-10-23T07:45:41.013+0000] {dagbag.py:538} INFO - Filling up the DagBag from /home/airflow/.local/lib/python3.7/site-packages/airflow/example_dags/tutorial.py
[2023-10-23T07:45:41.027+0000] {processor.py:753} INFO - DAG(s) dict_keys(['tutorial']) retrieved from /home/airflow/.local/lib/python3.7/site-packages/airflow/example_dags/tutorial.py
[2023-10-23T07:45:41.047+0000] {logging_mixin.py:137} INFO - [2023-10-23T07:45:41.047+0000] {dag.py:2690} INFO - Sync 1 DAGs
[2023-10-23T07:45:41.063+0000] {logging_mixin.py:137} INFO - [2023-10-23T07:45:41.063+0000] {dag.py:3441} INFO - Setting next_dagrun for tutorial to 2023-10-22T07:45:41.063397+00:00, run_after=2023-10-23T07:45:41.063397+00:00
[2023-10-23T07:45:41.078+0000] {processor.py:175} INFO - Processing /home/airflow/.local/lib/python3.7/site-packages/airflow/example_dags/tutorial.py took 0.069 seconds
[2023-10-23T09:08:49.790+0000] {processor.py:153} INFO - Started process (PID=12149) to work on /home/airflow/.local/lib/python3.7/site-packages/airflow/example_dags/tutorial.py
[2023-10-23T09:08:49.791+0000] {processor.py:743} INFO - Processing file /home/airflow/.local/lib/python3.7/site-packages/airflow/example_dags/tutorial.py for tasks to queue
[2023-10-23T09:08:49.792+0000] {logging_mixin.py:137} INFO - [2023-10-23T09:08:49.791+0000] {dagbag.py:538} INFO - Filling up the DagBag from /home/airflow/.local/lib/python3.7/site-packages/airflow/example_dags/tutorial.py
[2023-10-23T09:08:49.803+0000] {processor.py:753} INFO - DAG(s) dict_keys(['tutorial']) retrieved from /home/airflow/.local/lib/python3.7/site-packages/airflow/example_dags/tutorial.py
[2023-10-23T09:08:49.821+0000] {logging_mixin.py:137} INFO - [2023-10-23T09:08:49.821+0000] {dag.py:2690} INFO - Sync 1 DAGs
[2023-10-23T09:08:49.836+0000] {logging_mixin.py:137} INFO - [2023-10-23T09:08:49.836+0000] {dag.py:3441} INFO - Setting next_dagrun for tutorial to 2023-10-22T09:08:49.835933+00:00, run_after=2023-10-23T09:08:49.835933+00:00
[2023-10-23T09:08:49.847+0000] {processor.py:175} INFO - Processing /home/airflow/.local/lib/python3.7/site-packages/airflow/example_dags/tutorial.py took 0.059 seconds
[2023-10-23T10:31:52.485+0000] {processor.py:153} INFO - Started process (PID=12225) to work on /home/airflow/.local/lib/python3.7/site-packages/airflow/example_dags/tutorial.py
[2023-10-23T10:31:52.485+0000] {processor.py:743} INFO - Processing file /home/airflow/.local/lib/python3.7/site-packages/airflow/example_dags/tutorial.py for tasks to queue
[2023-10-23T10:31:52.486+0000] {logging_mixin.py:137} INFO - [2023-10-23T10:31:52.486+0000] {dagbag.py:538} INFO - Filling up the DagBag from /home/airflow/.local/lib/python3.7/site-packages/airflow/example_dags/tutorial.py
[2023-10-23T10:31:52.493+0000] {processor.py:753} INFO - DAG(s) dict_keys(['tutorial']) retrieved from /home/airflow/.local/lib/python3.7/site-packages/airflow/example_dags/tutorial.py
[2023-10-23T10:31:52.506+0000] {logging_mixin.py:137} INFO - [2023-10-23T10:31:52.506+0000] {dag.py:2690} INFO - Sync 1 DAGs
[2023-10-23T10:31:52.517+0000] {logging_mixin.py:137} INFO - [2023-10-23T10:31:52.517+0000] {dag.py:3441} INFO - Setting next_dagrun for tutorial to 2023-10-22T10:31:52.517334+00:00, run_after=2023-10-23T10:31:52.517334+00:00
[2023-10-23T10:31:52.525+0000] {processor.py:175} INFO - Processing /home/airflow/.local/lib/python3.7/site-packages/airflow/example_dags/tutorial.py took 0.042 seconds
[2023-10-23T11:52:41.808+0000] {processor.py:153} INFO - Started process (PID=12319) to work on /home/airflow/.local/lib/python3.7/site-packages/airflow/example_dags/tutorial.py
[2023-10-23T11:52:41.808+0000] {processor.py:743} INFO - Processing file /home/airflow/.local/lib/python3.7/site-packages/airflow/example_dags/tutorial.py for tasks to queue
[2023-10-23T11:52:41.809+0000] {logging_mixin.py:137} INFO - [2023-10-23T11:52:41.809+0000] {dagbag.py:538} INFO - Filling up the DagBag from /home/airflow/.local/lib/python3.7/site-packages/airflow/example_dags/tutorial.py
[2023-10-23T11:52:41.817+0000] {processor.py:753} INFO - DAG(s) dict_keys(['tutorial']) retrieved from /home/airflow/.local/lib/python3.7/site-packages/airflow/example_dags/tutorial.py
[2023-10-23T11:52:41.829+0000] {logging_mixin.py:137} INFO - [2023-10-23T11:52:41.829+0000] {dag.py:2690} INFO - Sync 1 DAGs
[2023-10-23T11:52:41.841+0000] {logging_mixin.py:137} INFO - [2023-10-23T11:52:41.841+0000] {dag.py:3441} INFO - Setting next_dagrun for tutorial to 2023-10-22T11:52:41.841093+00:00, run_after=2023-10-23T11:52:41.841093+00:00
[2023-10-23T11:52:41.850+0000] {processor.py:175} INFO - Processing /home/airflow/.local/lib/python3.7/site-packages/airflow/example_dags/tutorial.py took 0.044 seconds
[2023-10-23T13:14:04.782+0000] {processor.py:153} INFO - Started process (PID=12413) to work on /home/airflow/.local/lib/python3.7/site-packages/airflow/example_dags/tutorial.py
[2023-10-23T13:14:04.783+0000] {processor.py:743} INFO - Processing file /home/airflow/.local/lib/python3.7/site-packages/airflow/example_dags/tutorial.py for tasks to queue
[2023-10-23T13:14:04.783+0000] {logging_mixin.py:137} INFO - [2023-10-23T13:14:04.783+0000] {dagbag.py:538} INFO - Filling up the DagBag from /home/airflow/.local/lib/python3.7/site-packages/airflow/example_dags/tutorial.py
[2023-10-23T13:14:04.791+0000] {processor.py:753} INFO - DAG(s) dict_keys(['tutorial']) retrieved from /home/airflow/.local/lib/python3.7/site-packages/airflow/example_dags/tutorial.py
[2023-10-23T13:14:04.804+0000] {logging_mixin.py:137} INFO - [2023-10-23T13:14:04.803+0000] {dag.py:2690} INFO - Sync 1 DAGs
[2023-10-23T13:14:04.816+0000] {logging_mixin.py:137} INFO - [2023-10-23T13:14:04.816+0000] {dag.py:3441} INFO - Setting next_dagrun for tutorial to 2023-10-22T13:14:04.816460+00:00, run_after=2023-10-23T13:14:04.816460+00:00
[2023-10-23T13:14:04.825+0000] {processor.py:175} INFO - Processing /home/airflow/.local/lib/python3.7/site-packages/airflow/example_dags/tutorial.py took 0.045 seconds
[2023-10-23T14:37:36.166+0000] {processor.py:153} INFO - Started process (PID=12489) to work on /home/airflow/.local/lib/python3.7/site-packages/airflow/example_dags/tutorial.py
[2023-10-23T14:37:36.167+0000] {processor.py:743} INFO - Processing file /home/airflow/.local/lib/python3.7/site-packages/airflow/example_dags/tutorial.py for tasks to queue
[2023-10-23T14:37:36.168+0000] {logging_mixin.py:137} INFO - [2023-10-23T14:37:36.168+0000] {dagbag.py:538} INFO - Filling up the DagBag from /home/airflow/.local/lib/python3.7/site-packages/airflow/example_dags/tutorial.py
[2023-10-23T14:37:36.181+0000] {processor.py:753} INFO - DAG(s) dict_keys(['tutorial']) retrieved from /home/airflow/.local/lib/python3.7/site-packages/airflow/example_dags/tutorial.py
[2023-10-23T14:37:36.203+0000] {logging_mixin.py:137} INFO - [2023-10-23T14:37:36.203+0000] {dag.py:2690} INFO - Sync 1 DAGs
[2023-10-23T14:37:36.220+0000] {logging_mixin.py:137} INFO - [2023-10-23T14:37:36.220+0000] {dag.py:3441} INFO - Setting next_dagrun for tutorial to 2023-10-22T14:37:36.219864+00:00, run_after=2023-10-23T14:37:36.219864+00:00
[2023-10-23T14:37:36.232+0000] {processor.py:175} INFO - Processing /home/airflow/.local/lib/python3.7/site-packages/airflow/example_dags/tutorial.py took 0.069 seconds
[2023-10-23T16:00:33.903+0000] {processor.py:153} INFO - Started process (PID=12583) to work on /home/airflow/.local/lib/python3.7/site-packages/airflow/example_dags/tutorial.py
[2023-10-23T16:00:33.904+0000] {processor.py:743} INFO - Processing file /home/airflow/.local/lib/python3.7/site-packages/airflow/example_dags/tutorial.py for tasks to queue
[2023-10-23T16:00:33.904+0000] {logging_mixin.py:137} INFO - [2023-10-23T16:00:33.904+0000] {dagbag.py:538} INFO - Filling up the DagBag from /home/airflow/.local/lib/python3.7/site-packages/airflow/example_dags/tutorial.py
[2023-10-23T16:00:33.912+0000] {processor.py:753} INFO - DAG(s) dict_keys(['tutorial']) retrieved from /home/airflow/.local/lib/python3.7/site-packages/airflow/example_dags/tutorial.py
[2023-10-23T16:00:33.925+0000] {logging_mixin.py:137} INFO - [2023-10-23T16:00:33.924+0000] {dag.py:2690} INFO - Sync 1 DAGs
[2023-10-23T16:00:33.936+0000] {logging_mixin.py:137} INFO - [2023-10-23T16:00:33.936+0000] {dag.py:3441} INFO - Setting next_dagrun for tutorial to 2023-10-22T16:00:33.936284+00:00, run_after=2023-10-23T16:00:33.936284+00:00
[2023-10-23T16:00:33.945+0000] {processor.py:175} INFO - Processing /home/airflow/.local/lib/python3.7/site-packages/airflow/example_dags/tutorial.py took 0.044 seconds
[2023-10-23T17:25:35.833+0000] {processor.py:153} INFO - Started process (PID=12677) to work on /home/airflow/.local/lib/python3.7/site-packages/airflow/example_dags/tutorial.py
[2023-10-23T17:25:35.833+0000] {processor.py:743} INFO - Processing file /home/airflow/.local/lib/python3.7/site-packages/airflow/example_dags/tutorial.py for tasks to queue
[2023-10-23T17:25:35.834+0000] {logging_mixin.py:137} INFO - [2023-10-23T17:25:35.834+0000] {dagbag.py:538} INFO - Filling up the DagBag from /home/airflow/.local/lib/python3.7/site-packages/airflow/example_dags/tutorial.py
[2023-10-23T17:25:35.842+0000] {processor.py:753} INFO - DAG(s) dict_keys(['tutorial']) retrieved from /home/airflow/.local/lib/python3.7/site-packages/airflow/example_dags/tutorial.py
[2023-10-23T17:25:35.854+0000] {logging_mixin.py:137} INFO - [2023-10-23T17:25:35.854+0000] {dag.py:2690} INFO - Sync 1 DAGs
[2023-10-23T17:25:35.867+0000] {logging_mixin.py:137} INFO - [2023-10-23T17:25:35.867+0000] {dag.py:3441} INFO - Setting next_dagrun for tutorial to 2023-10-22T17:25:35.867062+00:00, run_after=2023-10-23T17:25:35.867062+00:00
[2023-10-23T17:25:35.876+0000] {processor.py:175} INFO - Processing /home/airflow/.local/lib/python3.7/site-packages/airflow/example_dags/tutorial.py took 0.044 seconds
[2023-10-23T18:46:40.887+0000] {processor.py:153} INFO - Started process (PID=12753) to work on /home/airflow/.local/lib/python3.7/site-packages/airflow/example_dags/tutorial.py
[2023-10-23T18:46:40.888+0000] {processor.py:743} INFO - Processing file /home/airflow/.local/lib/python3.7/site-packages/airflow/example_dags/tutorial.py for tasks to queue
[2023-10-23T18:46:40.888+0000] {logging_mixin.py:137} INFO - [2023-10-23T18:46:40.888+0000] {dagbag.py:538} INFO - Filling up the DagBag from /home/airflow/.local/lib/python3.7/site-packages/airflow/example_dags/tutorial.py
[2023-10-23T18:46:40.899+0000] {processor.py:753} INFO - DAG(s) dict_keys(['tutorial']) retrieved from /home/airflow/.local/lib/python3.7/site-packages/airflow/example_dags/tutorial.py
[2023-10-23T18:46:40.919+0000] {logging_mixin.py:137} INFO - [2023-10-23T18:46:40.919+0000] {dag.py:2690} INFO - Sync 1 DAGs
[2023-10-23T18:46:40.935+0000] {logging_mixin.py:137} INFO - [2023-10-23T18:46:40.935+0000] {dag.py:3441} INFO - Setting next_dagrun for tutorial to 2023-10-22T18:46:40.935578+00:00, run_after=2023-10-23T18:46:40.935578+00:00
[2023-10-23T18:46:40.949+0000] {processor.py:175} INFO - Processing /home/airflow/.local/lib/python3.7/site-packages/airflow/example_dags/tutorial.py took 0.065 seconds
[2023-10-23T20:05:01.741+0000] {processor.py:153} INFO - Started process (PID=12849) to work on /home/airflow/.local/lib/python3.7/site-packages/airflow/example_dags/tutorial.py
[2023-10-23T20:05:01.741+0000] {processor.py:743} INFO - Processing file /home/airflow/.local/lib/python3.7/site-packages/airflow/example_dags/tutorial.py for tasks to queue
[2023-10-23T20:05:01.742+0000] {logging_mixin.py:137} INFO - [2023-10-23T20:05:01.742+0000] {dagbag.py:538} INFO - Filling up the DagBag from /home/airflow/.local/lib/python3.7/site-packages/airflow/example_dags/tutorial.py
[2023-10-23T20:05:01.750+0000] {processor.py:753} INFO - DAG(s) dict_keys(['tutorial']) retrieved from /home/airflow/.local/lib/python3.7/site-packages/airflow/example_dags/tutorial.py
[2023-10-23T20:05:01.762+0000] {logging_mixin.py:137} INFO - [2023-10-23T20:05:01.762+0000] {dag.py:2690} INFO - Sync 1 DAGs
[2023-10-23T20:05:01.773+0000] {logging_mixin.py:137} INFO - [2023-10-23T20:05:01.773+0000] {dag.py:3441} INFO - Setting next_dagrun for tutorial to 2023-10-22T20:05:01.773585+00:00, run_after=2023-10-23T20:05:01.773585+00:00
[2023-10-23T20:05:01.783+0000] {processor.py:175} INFO - Processing /home/airflow/.local/lib/python3.7/site-packages/airflow/example_dags/tutorial.py took 0.044 seconds
[2023-10-23T21:29:41.150+0000] {processor.py:153} INFO - Started process (PID=12943) to work on /home/airflow/.local/lib/python3.7/site-packages/airflow/example_dags/tutorial.py
[2023-10-23T21:29:41.151+0000] {processor.py:743} INFO - Processing file /home/airflow/.local/lib/python3.7/site-packages/airflow/example_dags/tutorial.py for tasks to queue
[2023-10-23T21:29:41.152+0000] {logging_mixin.py:137} INFO - [2023-10-23T21:29:41.152+0000] {dagbag.py:538} INFO - Filling up the DagBag from /home/airflow/.local/lib/python3.7/site-packages/airflow/example_dags/tutorial.py
[2023-10-23T21:29:41.167+0000] {processor.py:753} INFO - DAG(s) dict_keys(['tutorial']) retrieved from /home/airflow/.local/lib/python3.7/site-packages/airflow/example_dags/tutorial.py
[2023-10-23T21:29:41.198+0000] {logging_mixin.py:137} INFO - [2023-10-23T21:29:41.197+0000] {dag.py:2690} INFO - Sync 1 DAGs
[2023-10-23T21:29:41.223+0000] {logging_mixin.py:137} INFO - [2023-10-23T21:29:41.223+0000] {dag.py:3441} INFO - Setting next_dagrun for tutorial to 2023-10-22T21:29:41.223485+00:00, run_after=2023-10-23T21:29:41.223485+00:00
[2023-10-23T21:29:41.242+0000] {processor.py:175} INFO - Processing /home/airflow/.local/lib/python3.7/site-packages/airflow/example_dags/tutorial.py took 0.095 seconds
[2023-10-23T23:08:04.576+0000] {processor.py:153} INFO - Started process (PID=13019) to work on /home/airflow/.local/lib/python3.7/site-packages/airflow/example_dags/tutorial.py
[2023-10-23T23:08:04.577+0000] {processor.py:743} INFO - Processing file /home/airflow/.local/lib/python3.7/site-packages/airflow/example_dags/tutorial.py for tasks to queue
[2023-10-23T23:08:04.577+0000] {logging_mixin.py:137} INFO - [2023-10-23T23:08:04.577+0000] {dagbag.py:538} INFO - Filling up the DagBag from /home/airflow/.local/lib/python3.7/site-packages/airflow/example_dags/tutorial.py
[2023-10-23T23:08:04.585+0000] {processor.py:753} INFO - DAG(s) dict_keys(['tutorial']) retrieved from /home/airflow/.local/lib/python3.7/site-packages/airflow/example_dags/tutorial.py
[2023-10-23T23:08:04.598+0000] {logging_mixin.py:137} INFO - [2023-10-23T23:08:04.598+0000] {dag.py:2690} INFO - Sync 1 DAGs
[2023-10-23T23:08:04.610+0000] {logging_mixin.py:137} INFO - [2023-10-23T23:08:04.610+0000] {dag.py:3441} INFO - Setting next_dagrun for tutorial to 2023-10-22T23:08:04.610113+00:00, run_after=2023-10-23T23:08:04.610113+00:00
[2023-10-23T23:08:04.618+0000] {processor.py:175} INFO - Processing /home/airflow/.local/lib/python3.7/site-packages/airflow/example_dags/tutorial.py took 0.044 seconds
