[2023-10-23T01:21:09.286+0000] {processor.py:153} INFO - Started process (PID=11637) to work on /home/airflow/.local/lib/python3.7/site-packages/airflow/example_dags/tutorial_taskflow_api_virtualenv.py
[2023-10-23T01:21:09.287+0000] {processor.py:743} INFO - Processing file /home/airflow/.local/lib/python3.7/site-packages/airflow/example_dags/tutorial_taskflow_api_virtualenv.py for tasks to queue
[2023-10-23T01:21:09.287+0000] {logging_mixin.py:137} INFO - [2023-10-23T01:21:09.287+0000] {dagbag.py:538} INFO - Filling up the DagBag from /home/airflow/.local/lib/python3.7/site-packages/airflow/example_dags/tutorial_taskflow_api_virtualenv.py
[2023-10-23T01:21:09.299+0000] {processor.py:753} INFO - DAG(s) dict_keys(['tutorial_taskflow_api_virtualenv']) retrieved from /home/airflow/.local/lib/python3.7/site-packages/airflow/example_dags/tutorial_taskflow_api_virtualenv.py
[2023-10-23T01:21:09.313+0000] {logging_mixin.py:137} INFO - [2023-10-23T01:21:09.313+0000] {dag.py:2690} INFO - Sync 1 DAGs
[2023-10-23T01:21:09.324+0000] {logging_mixin.py:137} INFO - [2023-10-23T01:21:09.324+0000] {dag.py:3441} INFO - Setting next_dagrun for tutorial_taskflow_api_virtualenv to None, run_after=None
[2023-10-23T01:21:09.332+0000] {processor.py:175} INFO - Processing /home/airflow/.local/lib/python3.7/site-packages/airflow/example_dags/tutorial_taskflow_api_virtualenv.py took 0.047 seconds
[2023-10-23T02:45:23.528+0000] {processor.py:153} INFO - Started process (PID=11731) to work on /home/airflow/.local/lib/python3.7/site-packages/airflow/example_dags/tutorial_taskflow_api_virtualenv.py
[2023-10-23T02:45:23.529+0000] {processor.py:743} INFO - Processing file /home/airflow/.local/lib/python3.7/site-packages/airflow/example_dags/tutorial_taskflow_api_virtualenv.py for tasks to queue
[2023-10-23T02:45:23.530+0000] {logging_mixin.py:137} INFO - [2023-10-23T02:45:23.530+0000] {dagbag.py:538} INFO - Filling up the DagBag from /home/airflow/.local/lib/python3.7/site-packages/airflow/example_dags/tutorial_taskflow_api_virtualenv.py
[2023-10-23T02:45:23.543+0000] {processor.py:753} INFO - DAG(s) dict_keys(['tutorial_taskflow_api_virtualenv']) retrieved from /home/airflow/.local/lib/python3.7/site-packages/airflow/example_dags/tutorial_taskflow_api_virtualenv.py
[2023-10-23T02:45:23.557+0000] {logging_mixin.py:137} INFO - [2023-10-23T02:45:23.557+0000] {dag.py:2690} INFO - Sync 1 DAGs
[2023-10-23T02:45:23.569+0000] {logging_mixin.py:137} INFO - [2023-10-23T02:45:23.569+0000] {dag.py:3441} INFO - Setting next_dagrun for tutorial_taskflow_api_virtualenv to None, run_after=None
[2023-10-23T02:45:23.578+0000] {processor.py:175} INFO - Processing /home/airflow/.local/lib/python3.7/site-packages/airflow/example_dags/tutorial_taskflow_api_virtualenv.py took 0.052 seconds
[2023-10-23T03:38:56.337+0000] {processor.py:153} INFO - Started process (PID=11807) to work on /home/airflow/.local/lib/python3.7/site-packages/airflow/example_dags/tutorial_taskflow_api_virtualenv.py
[2023-10-23T03:38:56.338+0000] {processor.py:743} INFO - Processing file /home/airflow/.local/lib/python3.7/site-packages/airflow/example_dags/tutorial_taskflow_api_virtualenv.py for tasks to queue
[2023-10-23T03:38:56.338+0000] {logging_mixin.py:137} INFO - [2023-10-23T03:38:56.338+0000] {dagbag.py:538} INFO - Filling up the DagBag from /home/airflow/.local/lib/python3.7/site-packages/airflow/example_dags/tutorial_taskflow_api_virtualenv.py
[2023-10-23T03:38:56.350+0000] {processor.py:753} INFO - DAG(s) dict_keys(['tutorial_taskflow_api_virtualenv']) retrieved from /home/airflow/.local/lib/python3.7/site-packages/airflow/example_dags/tutorial_taskflow_api_virtualenv.py
[2023-10-23T03:38:56.363+0000] {logging_mixin.py:137} INFO - [2023-10-23T03:38:56.363+0000] {dag.py:2690} INFO - Sync 1 DAGs
[2023-10-23T03:38:56.375+0000] {logging_mixin.py:137} INFO - [2023-10-23T03:38:56.375+0000] {dag.py:3441} INFO - Setting next_dagrun for tutorial_taskflow_api_virtualenv to None, run_after=None
[2023-10-23T03:38:56.383+0000] {processor.py:175} INFO - Processing /home/airflow/.local/lib/python3.7/site-packages/airflow/example_dags/tutorial_taskflow_api_virtualenv.py took 0.048 seconds
[2023-10-23T05:02:01.834+0000] {processor.py:153} INFO - Started process (PID=11901) to work on /home/airflow/.local/lib/python3.7/site-packages/airflow/example_dags/tutorial_taskflow_api_virtualenv.py
[2023-10-23T05:02:01.834+0000] {processor.py:743} INFO - Processing file /home/airflow/.local/lib/python3.7/site-packages/airflow/example_dags/tutorial_taskflow_api_virtualenv.py for tasks to queue
[2023-10-23T05:02:01.835+0000] {logging_mixin.py:137} INFO - [2023-10-23T05:02:01.835+0000] {dagbag.py:538} INFO - Filling up the DagBag from /home/airflow/.local/lib/python3.7/site-packages/airflow/example_dags/tutorial_taskflow_api_virtualenv.py
[2023-10-23T05:02:01.846+0000] {processor.py:753} INFO - DAG(s) dict_keys(['tutorial_taskflow_api_virtualenv']) retrieved from /home/airflow/.local/lib/python3.7/site-packages/airflow/example_dags/tutorial_taskflow_api_virtualenv.py
[2023-10-23T05:02:01.859+0000] {logging_mixin.py:137} INFO - [2023-10-23T05:02:01.859+0000] {dag.py:2690} INFO - Sync 1 DAGs
[2023-10-23T05:02:01.870+0000] {logging_mixin.py:137} INFO - [2023-10-23T05:02:01.870+0000] {dag.py:3441} INFO - Setting next_dagrun for tutorial_taskflow_api_virtualenv to None, run_after=None
[2023-10-23T05:02:01.878+0000] {processor.py:175} INFO - Processing /home/airflow/.local/lib/python3.7/site-packages/airflow/example_dags/tutorial_taskflow_api_virtualenv.py took 0.047 seconds
[2023-10-23T06:23:02.927+0000] {processor.py:153} INFO - Started process (PID=11984) to work on /home/airflow/.local/lib/python3.7/site-packages/airflow/example_dags/tutorial_taskflow_api_virtualenv.py
[2023-10-23T06:23:02.927+0000] {processor.py:743} INFO - Processing file /home/airflow/.local/lib/python3.7/site-packages/airflow/example_dags/tutorial_taskflow_api_virtualenv.py for tasks to queue
[2023-10-23T06:23:02.928+0000] {logging_mixin.py:137} INFO - [2023-10-23T06:23:02.928+0000] {dagbag.py:538} INFO - Filling up the DagBag from /home/airflow/.local/lib/python3.7/site-packages/airflow/example_dags/tutorial_taskflow_api_virtualenv.py
[2023-10-23T06:23:02.940+0000] {processor.py:753} INFO - DAG(s) dict_keys(['tutorial_taskflow_api_virtualenv']) retrieved from /home/airflow/.local/lib/python3.7/site-packages/airflow/example_dags/tutorial_taskflow_api_virtualenv.py
[2023-10-23T06:23:02.954+0000] {logging_mixin.py:137} INFO - [2023-10-23T06:23:02.954+0000] {dag.py:2690} INFO - Sync 1 DAGs
[2023-10-23T06:23:02.966+0000] {logging_mixin.py:137} INFO - [2023-10-23T06:23:02.966+0000] {dag.py:3441} INFO - Setting next_dagrun for tutorial_taskflow_api_virtualenv to None, run_after=None
[2023-10-23T06:23:02.976+0000] {processor.py:175} INFO - Processing /home/airflow/.local/lib/python3.7/site-packages/airflow/example_dags/tutorial_taskflow_api_virtualenv.py took 0.051 seconds
[2023-10-23T07:45:41.762+0000] {processor.py:153} INFO - Started process (PID=12071) to work on /home/airflow/.local/lib/python3.7/site-packages/airflow/example_dags/tutorial_taskflow_api_virtualenv.py
[2023-10-23T07:45:41.763+0000] {processor.py:743} INFO - Processing file /home/airflow/.local/lib/python3.7/site-packages/airflow/example_dags/tutorial_taskflow_api_virtualenv.py for tasks to queue
[2023-10-23T07:45:41.763+0000] {logging_mixin.py:137} INFO - [2023-10-23T07:45:41.763+0000] {dagbag.py:538} INFO - Filling up the DagBag from /home/airflow/.local/lib/python3.7/site-packages/airflow/example_dags/tutorial_taskflow_api_virtualenv.py
[2023-10-23T07:45:41.775+0000] {processor.py:753} INFO - DAG(s) dict_keys(['tutorial_taskflow_api_virtualenv']) retrieved from /home/airflow/.local/lib/python3.7/site-packages/airflow/example_dags/tutorial_taskflow_api_virtualenv.py
[2023-10-23T07:45:41.793+0000] {logging_mixin.py:137} INFO - [2023-10-23T07:45:41.793+0000] {dag.py:2690} INFO - Sync 1 DAGs
[2023-10-23T07:45:41.805+0000] {logging_mixin.py:137} INFO - [2023-10-23T07:45:41.805+0000] {dag.py:3441} INFO - Setting next_dagrun for tutorial_taskflow_api_virtualenv to None, run_after=None
[2023-10-23T07:45:41.814+0000] {processor.py:175} INFO - Processing /home/airflow/.local/lib/python3.7/site-packages/airflow/example_dags/tutorial_taskflow_api_virtualenv.py took 0.054 seconds
[2023-10-23T09:08:50.589+0000] {processor.py:153} INFO - Started process (PID=12165) to work on /home/airflow/.local/lib/python3.7/site-packages/airflow/example_dags/tutorial_taskflow_api_virtualenv.py
[2023-10-23T09:08:50.590+0000] {processor.py:743} INFO - Processing file /home/airflow/.local/lib/python3.7/site-packages/airflow/example_dags/tutorial_taskflow_api_virtualenv.py for tasks to queue
[2023-10-23T09:08:50.590+0000] {logging_mixin.py:137} INFO - [2023-10-23T09:08:50.590+0000] {dagbag.py:538} INFO - Filling up the DagBag from /home/airflow/.local/lib/python3.7/site-packages/airflow/example_dags/tutorial_taskflow_api_virtualenv.py
[2023-10-23T09:08:50.602+0000] {processor.py:753} INFO - DAG(s) dict_keys(['tutorial_taskflow_api_virtualenv']) retrieved from /home/airflow/.local/lib/python3.7/site-packages/airflow/example_dags/tutorial_taskflow_api_virtualenv.py
[2023-10-23T09:08:50.615+0000] {logging_mixin.py:137} INFO - [2023-10-23T09:08:50.615+0000] {dag.py:2690} INFO - Sync 1 DAGs
[2023-10-23T09:08:50.627+0000] {logging_mixin.py:137} INFO - [2023-10-23T09:08:50.627+0000] {dag.py:3441} INFO - Setting next_dagrun for tutorial_taskflow_api_virtualenv to None, run_after=None
[2023-10-23T09:08:50.635+0000] {processor.py:175} INFO - Processing /home/airflow/.local/lib/python3.7/site-packages/airflow/example_dags/tutorial_taskflow_api_virtualenv.py took 0.048 seconds
[2023-10-23T10:31:53.197+0000] {processor.py:153} INFO - Started process (PID=12247) to work on /home/airflow/.local/lib/python3.7/site-packages/airflow/example_dags/tutorial_taskflow_api_virtualenv.py
[2023-10-23T10:31:53.199+0000] {processor.py:743} INFO - Processing file /home/airflow/.local/lib/python3.7/site-packages/airflow/example_dags/tutorial_taskflow_api_virtualenv.py for tasks to queue
[2023-10-23T10:31:53.200+0000] {logging_mixin.py:137} INFO - [2023-10-23T10:31:53.200+0000] {dagbag.py:538} INFO - Filling up the DagBag from /home/airflow/.local/lib/python3.7/site-packages/airflow/example_dags/tutorial_taskflow_api_virtualenv.py
[2023-10-23T10:31:53.226+0000] {processor.py:753} INFO - DAG(s) dict_keys(['tutorial_taskflow_api_virtualenv']) retrieved from /home/airflow/.local/lib/python3.7/site-packages/airflow/example_dags/tutorial_taskflow_api_virtualenv.py
[2023-10-23T10:31:53.263+0000] {logging_mixin.py:137} INFO - [2023-10-23T10:31:53.263+0000] {dag.py:2690} INFO - Sync 1 DAGs
[2023-10-23T10:31:53.294+0000] {logging_mixin.py:137} INFO - [2023-10-23T10:31:53.293+0000] {dag.py:3441} INFO - Setting next_dagrun for tutorial_taskflow_api_virtualenv to None, run_after=None
[2023-10-23T10:31:53.322+0000] {processor.py:175} INFO - Processing /home/airflow/.local/lib/python3.7/site-packages/airflow/example_dags/tutorial_taskflow_api_virtualenv.py took 0.131 seconds
[2023-10-23T11:52:42.340+0000] {processor.py:153} INFO - Started process (PID=12335) to work on /home/airflow/.local/lib/python3.7/site-packages/airflow/example_dags/tutorial_taskflow_api_virtualenv.py
[2023-10-23T11:52:42.341+0000] {processor.py:743} INFO - Processing file /home/airflow/.local/lib/python3.7/site-packages/airflow/example_dags/tutorial_taskflow_api_virtualenv.py for tasks to queue
[2023-10-23T11:52:42.341+0000] {logging_mixin.py:137} INFO - [2023-10-23T11:52:42.341+0000] {dagbag.py:538} INFO - Filling up the DagBag from /home/airflow/.local/lib/python3.7/site-packages/airflow/example_dags/tutorial_taskflow_api_virtualenv.py
[2023-10-23T11:52:42.353+0000] {processor.py:753} INFO - DAG(s) dict_keys(['tutorial_taskflow_api_virtualenv']) retrieved from /home/airflow/.local/lib/python3.7/site-packages/airflow/example_dags/tutorial_taskflow_api_virtualenv.py
[2023-10-23T11:52:42.366+0000] {logging_mixin.py:137} INFO - [2023-10-23T11:52:42.366+0000] {dag.py:2690} INFO - Sync 1 DAGs
[2023-10-23T11:52:42.378+0000] {logging_mixin.py:137} INFO - [2023-10-23T11:52:42.378+0000] {dag.py:3441} INFO - Setting next_dagrun for tutorial_taskflow_api_virtualenv to None, run_after=None
[2023-10-23T11:52:42.387+0000] {processor.py:175} INFO - Processing /home/airflow/.local/lib/python3.7/site-packages/airflow/example_dags/tutorial_taskflow_api_virtualenv.py took 0.048 seconds
[2023-10-23T13:14:05.360+0000] {processor.py:153} INFO - Started process (PID=12429) to work on /home/airflow/.local/lib/python3.7/site-packages/airflow/example_dags/tutorial_taskflow_api_virtualenv.py
[2023-10-23T13:14:05.361+0000] {processor.py:743} INFO - Processing file /home/airflow/.local/lib/python3.7/site-packages/airflow/example_dags/tutorial_taskflow_api_virtualenv.py for tasks to queue
[2023-10-23T13:14:05.361+0000] {logging_mixin.py:137} INFO - [2023-10-23T13:14:05.361+0000] {dagbag.py:538} INFO - Filling up the DagBag from /home/airflow/.local/lib/python3.7/site-packages/airflow/example_dags/tutorial_taskflow_api_virtualenv.py
[2023-10-23T13:14:05.372+0000] {processor.py:753} INFO - DAG(s) dict_keys(['tutorial_taskflow_api_virtualenv']) retrieved from /home/airflow/.local/lib/python3.7/site-packages/airflow/example_dags/tutorial_taskflow_api_virtualenv.py
[2023-10-23T13:14:05.386+0000] {logging_mixin.py:137} INFO - [2023-10-23T13:14:05.386+0000] {dag.py:2690} INFO - Sync 1 DAGs
[2023-10-23T13:14:05.398+0000] {logging_mixin.py:137} INFO - [2023-10-23T13:14:05.398+0000] {dag.py:3441} INFO - Setting next_dagrun for tutorial_taskflow_api_virtualenv to None, run_after=None
[2023-10-23T13:14:05.406+0000] {processor.py:175} INFO - Processing /home/airflow/.local/lib/python3.7/site-packages/airflow/example_dags/tutorial_taskflow_api_virtualenv.py took 0.048 seconds
[2023-10-23T14:37:36.836+0000] {processor.py:153} INFO - Started process (PID=12505) to work on /home/airflow/.local/lib/python3.7/site-packages/airflow/example_dags/tutorial_taskflow_api_virtualenv.py
[2023-10-23T14:37:36.837+0000] {processor.py:743} INFO - Processing file /home/airflow/.local/lib/python3.7/site-packages/airflow/example_dags/tutorial_taskflow_api_virtualenv.py for tasks to queue
[2023-10-23T14:37:36.837+0000] {logging_mixin.py:137} INFO - [2023-10-23T14:37:36.837+0000] {dagbag.py:538} INFO - Filling up the DagBag from /home/airflow/.local/lib/python3.7/site-packages/airflow/example_dags/tutorial_taskflow_api_virtualenv.py
[2023-10-23T14:37:36.849+0000] {processor.py:753} INFO - DAG(s) dict_keys(['tutorial_taskflow_api_virtualenv']) retrieved from /home/airflow/.local/lib/python3.7/site-packages/airflow/example_dags/tutorial_taskflow_api_virtualenv.py
[2023-10-23T14:37:36.862+0000] {logging_mixin.py:137} INFO - [2023-10-23T14:37:36.862+0000] {dag.py:2690} INFO - Sync 1 DAGs
[2023-10-23T14:37:36.874+0000] {logging_mixin.py:137} INFO - [2023-10-23T14:37:36.874+0000] {dag.py:3441} INFO - Setting next_dagrun for tutorial_taskflow_api_virtualenv to None, run_after=None
[2023-10-23T14:37:36.883+0000] {processor.py:175} INFO - Processing /home/airflow/.local/lib/python3.7/site-packages/airflow/example_dags/tutorial_taskflow_api_virtualenv.py took 0.049 seconds
[2023-10-23T16:00:34.768+0000] {processor.py:153} INFO - Started process (PID=12599) to work on /home/airflow/.local/lib/python3.7/site-packages/airflow/example_dags/tutorial_taskflow_api_virtualenv.py
[2023-10-23T16:00:34.769+0000] {processor.py:743} INFO - Processing file /home/airflow/.local/lib/python3.7/site-packages/airflow/example_dags/tutorial_taskflow_api_virtualenv.py for tasks to queue
[2023-10-23T16:00:34.770+0000] {logging_mixin.py:137} INFO - [2023-10-23T16:00:34.770+0000] {dagbag.py:538} INFO - Filling up the DagBag from /home/airflow/.local/lib/python3.7/site-packages/airflow/example_dags/tutorial_taskflow_api_virtualenv.py
[2023-10-23T16:00:34.783+0000] {processor.py:753} INFO - DAG(s) dict_keys(['tutorial_taskflow_api_virtualenv']) retrieved from /home/airflow/.local/lib/python3.7/site-packages/airflow/example_dags/tutorial_taskflow_api_virtualenv.py
[2023-10-23T16:00:34.798+0000] {logging_mixin.py:137} INFO - [2023-10-23T16:00:34.798+0000] {dag.py:2690} INFO - Sync 1 DAGs
[2023-10-23T16:00:34.811+0000] {logging_mixin.py:137} INFO - [2023-10-23T16:00:34.811+0000] {dag.py:3441} INFO - Setting next_dagrun for tutorial_taskflow_api_virtualenv to None, run_after=None
[2023-10-23T16:00:34.820+0000] {processor.py:175} INFO - Processing /home/airflow/.local/lib/python3.7/site-packages/airflow/example_dags/tutorial_taskflow_api_virtualenv.py took 0.054 seconds
[2023-10-23T17:25:36.368+0000] {processor.py:153} INFO - Started process (PID=12693) to work on /home/airflow/.local/lib/python3.7/site-packages/airflow/example_dags/tutorial_taskflow_api_virtualenv.py
[2023-10-23T17:25:36.369+0000] {processor.py:743} INFO - Processing file /home/airflow/.local/lib/python3.7/site-packages/airflow/example_dags/tutorial_taskflow_api_virtualenv.py for tasks to queue
[2023-10-23T17:25:36.369+0000] {logging_mixin.py:137} INFO - [2023-10-23T17:25:36.369+0000] {dagbag.py:538} INFO - Filling up the DagBag from /home/airflow/.local/lib/python3.7/site-packages/airflow/example_dags/tutorial_taskflow_api_virtualenv.py
[2023-10-23T17:25:36.381+0000] {processor.py:753} INFO - DAG(s) dict_keys(['tutorial_taskflow_api_virtualenv']) retrieved from /home/airflow/.local/lib/python3.7/site-packages/airflow/example_dags/tutorial_taskflow_api_virtualenv.py
[2023-10-23T17:25:36.394+0000] {logging_mixin.py:137} INFO - [2023-10-23T17:25:36.394+0000] {dag.py:2690} INFO - Sync 1 DAGs
[2023-10-23T17:25:36.406+0000] {logging_mixin.py:137} INFO - [2023-10-23T17:25:36.406+0000] {dag.py:3441} INFO - Setting next_dagrun for tutorial_taskflow_api_virtualenv to None, run_after=None
[2023-10-23T17:25:36.414+0000] {processor.py:175} INFO - Processing /home/airflow/.local/lib/python3.7/site-packages/airflow/example_dags/tutorial_taskflow_api_virtualenv.py took 0.048 seconds
[2023-10-23T18:46:41.622+0000] {processor.py:153} INFO - Started process (PID=12769) to work on /home/airflow/.local/lib/python3.7/site-packages/airflow/example_dags/tutorial_taskflow_api_virtualenv.py
[2023-10-23T18:46:41.623+0000] {processor.py:743} INFO - Processing file /home/airflow/.local/lib/python3.7/site-packages/airflow/example_dags/tutorial_taskflow_api_virtualenv.py for tasks to queue
[2023-10-23T18:46:41.623+0000] {logging_mixin.py:137} INFO - [2023-10-23T18:46:41.623+0000] {dagbag.py:538} INFO - Filling up the DagBag from /home/airflow/.local/lib/python3.7/site-packages/airflow/example_dags/tutorial_taskflow_api_virtualenv.py
[2023-10-23T18:46:41.635+0000] {processor.py:753} INFO - DAG(s) dict_keys(['tutorial_taskflow_api_virtualenv']) retrieved from /home/airflow/.local/lib/python3.7/site-packages/airflow/example_dags/tutorial_taskflow_api_virtualenv.py
[2023-10-23T18:46:41.648+0000] {logging_mixin.py:137} INFO - [2023-10-23T18:46:41.648+0000] {dag.py:2690} INFO - Sync 1 DAGs
[2023-10-23T18:46:41.660+0000] {logging_mixin.py:137} INFO - [2023-10-23T18:46:41.660+0000] {dag.py:3441} INFO - Setting next_dagrun for tutorial_taskflow_api_virtualenv to None, run_after=None
[2023-10-23T18:46:41.668+0000] {processor.py:175} INFO - Processing /home/airflow/.local/lib/python3.7/site-packages/airflow/example_dags/tutorial_taskflow_api_virtualenv.py took 0.048 seconds
[2023-10-23T20:05:02.509+0000] {processor.py:153} INFO - Started process (PID=12865) to work on /home/airflow/.local/lib/python3.7/site-packages/airflow/example_dags/tutorial_taskflow_api_virtualenv.py
[2023-10-23T20:05:02.510+0000] {processor.py:743} INFO - Processing file /home/airflow/.local/lib/python3.7/site-packages/airflow/example_dags/tutorial_taskflow_api_virtualenv.py for tasks to queue
[2023-10-23T20:05:02.511+0000] {logging_mixin.py:137} INFO - [2023-10-23T20:05:02.511+0000] {dagbag.py:538} INFO - Filling up the DagBag from /home/airflow/.local/lib/python3.7/site-packages/airflow/example_dags/tutorial_taskflow_api_virtualenv.py
[2023-10-23T20:05:02.536+0000] {processor.py:753} INFO - DAG(s) dict_keys(['tutorial_taskflow_api_virtualenv']) retrieved from /home/airflow/.local/lib/python3.7/site-packages/airflow/example_dags/tutorial_taskflow_api_virtualenv.py
[2023-10-23T20:05:02.563+0000] {logging_mixin.py:137} INFO - [2023-10-23T20:05:02.563+0000] {dag.py:2690} INFO - Sync 1 DAGs
[2023-10-23T20:05:02.593+0000] {logging_mixin.py:137} INFO - [2023-10-23T20:05:02.593+0000] {dag.py:3441} INFO - Setting next_dagrun for tutorial_taskflow_api_virtualenv to None, run_after=None
[2023-10-23T20:05:02.615+0000] {processor.py:175} INFO - Processing /home/airflow/.local/lib/python3.7/site-packages/airflow/example_dags/tutorial_taskflow_api_virtualenv.py took 0.111 seconds
[2023-10-23T21:29:42.287+0000] {processor.py:153} INFO - Started process (PID=12959) to work on /home/airflow/.local/lib/python3.7/site-packages/airflow/example_dags/tutorial_taskflow_api_virtualenv.py
[2023-10-23T21:29:42.288+0000] {processor.py:743} INFO - Processing file /home/airflow/.local/lib/python3.7/site-packages/airflow/example_dags/tutorial_taskflow_api_virtualenv.py for tasks to queue
[2023-10-23T21:29:42.289+0000] {logging_mixin.py:137} INFO - [2023-10-23T21:29:42.288+0000] {dagbag.py:538} INFO - Filling up the DagBag from /home/airflow/.local/lib/python3.7/site-packages/airflow/example_dags/tutorial_taskflow_api_virtualenv.py
[2023-10-23T21:29:42.302+0000] {processor.py:753} INFO - DAG(s) dict_keys(['tutorial_taskflow_api_virtualenv']) retrieved from /home/airflow/.local/lib/python3.7/site-packages/airflow/example_dags/tutorial_taskflow_api_virtualenv.py
[2023-10-23T21:29:42.317+0000] {logging_mixin.py:137} INFO - [2023-10-23T21:29:42.317+0000] {dag.py:2690} INFO - Sync 1 DAGs
[2023-10-23T21:29:42.329+0000] {logging_mixin.py:137} INFO - [2023-10-23T21:29:42.329+0000] {dag.py:3441} INFO - Setting next_dagrun for tutorial_taskflow_api_virtualenv to None, run_after=None
[2023-10-23T21:29:42.337+0000] {processor.py:175} INFO - Processing /home/airflow/.local/lib/python3.7/site-packages/airflow/example_dags/tutorial_taskflow_api_virtualenv.py took 0.053 seconds
[2023-10-23T23:08:05.635+0000] {processor.py:153} INFO - Started process (PID=13044) to work on /home/airflow/.local/lib/python3.7/site-packages/airflow/example_dags/tutorial_taskflow_api_virtualenv.py
[2023-10-23T23:08:05.636+0000] {processor.py:743} INFO - Processing file /home/airflow/.local/lib/python3.7/site-packages/airflow/example_dags/tutorial_taskflow_api_virtualenv.py for tasks to queue
[2023-10-23T23:08:05.636+0000] {logging_mixin.py:137} INFO - [2023-10-23T23:08:05.636+0000] {dagbag.py:538} INFO - Filling up the DagBag from /home/airflow/.local/lib/python3.7/site-packages/airflow/example_dags/tutorial_taskflow_api_virtualenv.py
[2023-10-23T23:08:05.648+0000] {processor.py:753} INFO - DAG(s) dict_keys(['tutorial_taskflow_api_virtualenv']) retrieved from /home/airflow/.local/lib/python3.7/site-packages/airflow/example_dags/tutorial_taskflow_api_virtualenv.py
[2023-10-23T23:08:05.663+0000] {logging_mixin.py:137} INFO - [2023-10-23T23:08:05.662+0000] {dag.py:2690} INFO - Sync 1 DAGs
[2023-10-23T23:08:05.676+0000] {logging_mixin.py:137} INFO - [2023-10-23T23:08:05.676+0000] {dag.py:3441} INFO - Setting next_dagrun for tutorial_taskflow_api_virtualenv to None, run_after=None
[2023-10-23T23:08:05.686+0000] {processor.py:175} INFO - Processing /home/airflow/.local/lib/python3.7/site-packages/airflow/example_dags/tutorial_taskflow_api_virtualenv.py took 0.053 seconds
