[2023-11-15T00:36:32.859+0000] {taskinstance.py:1083} INFO - Dependencies all met for <TaskInstance: user_processing.create_table scheduled__2023-11-14T00:00:00+00:00 [queued]>
[2023-11-15T00:36:32.866+0000] {taskinstance.py:1083} INFO - Dependencies all met for <TaskInstance: user_processing.create_table scheduled__2023-11-14T00:00:00+00:00 [queued]>
[2023-11-15T00:36:32.866+0000] {taskinstance.py:1279} INFO - 
--------------------------------------------------------------------------------
[2023-11-15T00:36:32.867+0000] {taskinstance.py:1280} INFO - Starting attempt 1 of 1
[2023-11-15T00:36:32.867+0000] {taskinstance.py:1281} INFO - 
--------------------------------------------------------------------------------
[2023-11-15T00:36:32.874+0000] {taskinstance.py:1300} INFO - Executing <Task(PostgresOperator): create_table> on 2023-11-14 00:00:00+00:00
[2023-11-15T00:36:32.879+0000] {standard_task_runner.py:55} INFO - Started process 27259 to run task
[2023-11-15T00:36:32.881+0000] {standard_task_runner.py:82} INFO - Running: ['***', 'tasks', 'run', 'user_processing', 'create_table', 'scheduled__2023-11-14T00:00:00+00:00', '--job-id', '87', '--raw', '--subdir', 'DAGS_FOLDER/user_processing.py', '--cfg-path', '/tmp/tmp5dbo3t2r']
[2023-11-15T00:36:32.881+0000] {standard_task_runner.py:83} INFO - Job 87: Subtask create_table
[2023-11-15T00:36:32.917+0000] {task_command.py:388} INFO - Running <TaskInstance: user_processing.create_table scheduled__2023-11-14T00:00:00+00:00 [running]> on host cff42873677f
[2023-11-15T00:36:32.954+0000] {taskinstance.py:1509} INFO - Exporting the following env vars:
AIRFLOW_CTX_DAG_OWNER=***
AIRFLOW_CTX_DAG_ID=user_processing
AIRFLOW_CTX_TASK_ID=create_table
AIRFLOW_CTX_EXECUTION_DATE=2023-11-14T00:00:00+00:00
AIRFLOW_CTX_TRY_NUMBER=1
AIRFLOW_CTX_DAG_RUN_ID=scheduled__2023-11-14T00:00:00+00:00
[2023-11-15T00:36:32.955+0000] {sql.py:254} INFO - Executing: 
        CREATE TABLE IF NOT EXISTS users (
            firstname TEXT NOT NULL,
            lastname TEXT NOT NULL,
            country TEXT NOT NULL,
            username TEXT NOT NULL,
            password TEXT NOT NULL,
            email TEXT NOT NULL
        );
        
[2023-11-15T00:36:32.960+0000] {base.py:73} INFO - Using connection ID 'postgres' for task execution.
[2023-11-15T00:36:33.259+0000] {base.py:73} INFO - Using connection ID 'postgres' for task execution.
[2023-11-15T00:36:33.262+0000] {sql.py:375} INFO - Running statement: 
        CREATE TABLE IF NOT EXISTS users (
            firstname TEXT NOT NULL,
            lastname TEXT NOT NULL,
            country TEXT NOT NULL,
            username TEXT NOT NULL,
            password TEXT NOT NULL,
            email TEXT NOT NULL
        );
        , parameters: None
[2023-11-15T00:36:33.267+0000] {taskinstance.py:1323} INFO - Marking task as SUCCESS. dag_id=user_processing, task_id=create_table, execution_date=20231114T000000, start_date=20231115T003632, end_date=20231115T003633
[2023-11-15T00:36:33.300+0000] {local_task_job.py:208} INFO - Task exited with return code 0
[2023-11-15T00:36:33.318+0000] {taskinstance.py:2578} INFO - 1 downstream tasks scheduled from follow-on schedule check
