[2023-11-15T00:36:32.207+0000] {processor.py:153} INFO - Started process (PID=8131) to work on /home/airflow/.local/lib/python3.7/site-packages/airflow/example_dags/example_sla_dag.py
[2023-11-15T00:36:32.210+0000] {processor.py:743} INFO - Processing file /home/airflow/.local/lib/python3.7/site-packages/airflow/example_dags/example_sla_dag.py for tasks to queue
[2023-11-15T00:36:32.211+0000] {logging_mixin.py:137} INFO - [2023-11-15T00:36:32.211+0000] {dagbag.py:538} INFO - Filling up the DagBag from /home/airflow/.local/lib/python3.7/site-packages/airflow/example_dags/example_sla_dag.py
[2023-11-15T00:36:32.237+0000] {processor.py:753} INFO - DAG(s) dict_keys(['example_sla_dag']) retrieved from /home/airflow/.local/lib/python3.7/site-packages/airflow/example_dags/example_sla_dag.py
[2023-11-15T00:36:32.270+0000] {logging_mixin.py:137} INFO - [2023-11-15T00:36:32.270+0000] {dag.py:2690} INFO - Sync 1 DAGs
[2023-11-15T00:36:32.294+0000] {logging_mixin.py:137} INFO - [2023-11-15T00:36:32.294+0000] {dag.py:3441} INFO - Setting next_dagrun for example_sla_dag to 2023-11-15T00:34:00+00:00, run_after=2023-11-15T00:36:00+00:00
[2023-11-15T00:36:32.306+0000] {processor.py:175} INFO - Processing /home/airflow/.local/lib/python3.7/site-packages/airflow/example_dags/example_sla_dag.py took 0.104 seconds
[2023-11-15T01:39:22.063+0000] {processor.py:153} INFO - Started process (PID=8208) to work on /home/airflow/.local/lib/python3.7/site-packages/airflow/example_dags/example_sla_dag.py
[2023-11-15T01:39:22.064+0000] {processor.py:743} INFO - Processing file /home/airflow/.local/lib/python3.7/site-packages/airflow/example_dags/example_sla_dag.py for tasks to queue
[2023-11-15T01:39:22.066+0000] {logging_mixin.py:137} INFO - [2023-11-15T01:39:22.066+0000] {dagbag.py:538} INFO - Filling up the DagBag from /home/airflow/.local/lib/python3.7/site-packages/airflow/example_dags/example_sla_dag.py
[2023-11-15T01:39:22.087+0000] {processor.py:753} INFO - DAG(s) dict_keys(['example_sla_dag']) retrieved from /home/airflow/.local/lib/python3.7/site-packages/airflow/example_dags/example_sla_dag.py
[2023-11-15T01:39:22.127+0000] {logging_mixin.py:137} INFO - [2023-11-15T01:39:22.126+0000] {dag.py:2690} INFO - Sync 1 DAGs
[2023-11-15T01:39:22.163+0000] {logging_mixin.py:137} INFO - [2023-11-15T01:39:22.163+0000] {dag.py:3441} INFO - Setting next_dagrun for example_sla_dag to 2023-11-15T01:36:00+00:00, run_after=2023-11-15T01:38:00+00:00
[2023-11-15T01:39:22.227+0000] {processor.py:175} INFO - Processing /home/airflow/.local/lib/python3.7/site-packages/airflow/example_dags/example_sla_dag.py took 0.168 seconds
[2023-11-15T03:18:38.747+0000] {processor.py:153} INFO - Started process (PID=8303) to work on /home/airflow/.local/lib/python3.7/site-packages/airflow/example_dags/example_sla_dag.py
[2023-11-15T03:18:38.748+0000] {processor.py:743} INFO - Processing file /home/airflow/.local/lib/python3.7/site-packages/airflow/example_dags/example_sla_dag.py for tasks to queue
[2023-11-15T03:18:38.748+0000] {logging_mixin.py:137} INFO - [2023-11-15T03:18:38.748+0000] {dagbag.py:538} INFO - Filling up the DagBag from /home/airflow/.local/lib/python3.7/site-packages/airflow/example_dags/example_sla_dag.py
[2023-11-15T03:18:38.762+0000] {processor.py:753} INFO - DAG(s) dict_keys(['example_sla_dag']) retrieved from /home/airflow/.local/lib/python3.7/site-packages/airflow/example_dags/example_sla_dag.py
[2023-11-15T03:18:38.777+0000] {logging_mixin.py:137} INFO - [2023-11-15T03:18:38.777+0000] {dag.py:2690} INFO - Sync 1 DAGs
[2023-11-15T03:18:38.790+0000] {logging_mixin.py:137} INFO - [2023-11-15T03:18:38.790+0000] {dag.py:3441} INFO - Setting next_dagrun for example_sla_dag to 2023-11-15T03:16:00+00:00, run_after=2023-11-15T03:18:00+00:00
[2023-11-15T03:18:38.800+0000] {processor.py:175} INFO - Processing /home/airflow/.local/lib/python3.7/site-packages/airflow/example_dags/example_sla_dag.py took 0.055 seconds
[2023-11-15T04:43:19.869+0000] {processor.py:153} INFO - Started process (PID=8398) to work on /home/airflow/.local/lib/python3.7/site-packages/airflow/example_dags/example_sla_dag.py
[2023-11-15T04:43:19.870+0000] {processor.py:743} INFO - Processing file /home/airflow/.local/lib/python3.7/site-packages/airflow/example_dags/example_sla_dag.py for tasks to queue
[2023-11-15T04:43:19.871+0000] {logging_mixin.py:137} INFO - [2023-11-15T04:43:19.871+0000] {dagbag.py:538} INFO - Filling up the DagBag from /home/airflow/.local/lib/python3.7/site-packages/airflow/example_dags/example_sla_dag.py
[2023-11-15T04:43:19.889+0000] {processor.py:753} INFO - DAG(s) dict_keys(['example_sla_dag']) retrieved from /home/airflow/.local/lib/python3.7/site-packages/airflow/example_dags/example_sla_dag.py
[2023-11-15T04:43:19.916+0000] {logging_mixin.py:137} INFO - [2023-11-15T04:43:19.916+0000] {dag.py:2690} INFO - Sync 1 DAGs
[2023-11-15T04:43:19.938+0000] {logging_mixin.py:137} INFO - [2023-11-15T04:43:19.938+0000] {dag.py:3441} INFO - Setting next_dagrun for example_sla_dag to 2023-11-15T04:40:00+00:00, run_after=2023-11-15T04:42:00+00:00
[2023-11-15T04:43:19.965+0000] {processor.py:175} INFO - Processing /home/airflow/.local/lib/python3.7/site-packages/airflow/example_dags/example_sla_dag.py took 0.098 seconds
[2023-11-15T06:21:33.510+0000] {processor.py:153} INFO - Started process (PID=8476) to work on /home/airflow/.local/lib/python3.7/site-packages/airflow/example_dags/example_sla_dag.py
[2023-11-15T06:21:33.510+0000] {processor.py:743} INFO - Processing file /home/airflow/.local/lib/python3.7/site-packages/airflow/example_dags/example_sla_dag.py for tasks to queue
[2023-11-15T06:21:33.511+0000] {logging_mixin.py:137} INFO - [2023-11-15T06:21:33.511+0000] {dagbag.py:538} INFO - Filling up the DagBag from /home/airflow/.local/lib/python3.7/site-packages/airflow/example_dags/example_sla_dag.py
[2023-11-15T06:21:33.529+0000] {processor.py:753} INFO - DAG(s) dict_keys(['example_sla_dag']) retrieved from /home/airflow/.local/lib/python3.7/site-packages/airflow/example_dags/example_sla_dag.py
[2023-11-15T06:21:33.553+0000] {logging_mixin.py:137} INFO - [2023-11-15T06:21:33.553+0000] {dag.py:2690} INFO - Sync 1 DAGs
[2023-11-15T06:21:33.577+0000] {logging_mixin.py:137} INFO - [2023-11-15T06:21:33.577+0000] {dag.py:3441} INFO - Setting next_dagrun for example_sla_dag to 2023-11-15T06:18:00+00:00, run_after=2023-11-15T06:20:00+00:00
[2023-11-15T06:21:33.589+0000] {processor.py:175} INFO - Processing /home/airflow/.local/lib/python3.7/site-packages/airflow/example_dags/example_sla_dag.py took 0.082 seconds
[2023-11-15T07:42:03.470+0000] {processor.py:153} INFO - Started process (PID=8571) to work on /home/airflow/.local/lib/python3.7/site-packages/airflow/example_dags/example_sla_dag.py
[2023-11-15T07:42:03.471+0000] {processor.py:743} INFO - Processing file /home/airflow/.local/lib/python3.7/site-packages/airflow/example_dags/example_sla_dag.py for tasks to queue
[2023-11-15T07:42:03.472+0000] {logging_mixin.py:137} INFO - [2023-11-15T07:42:03.472+0000] {dagbag.py:538} INFO - Filling up the DagBag from /home/airflow/.local/lib/python3.7/site-packages/airflow/example_dags/example_sla_dag.py
[2023-11-15T07:42:03.498+0000] {processor.py:753} INFO - DAG(s) dict_keys(['example_sla_dag']) retrieved from /home/airflow/.local/lib/python3.7/site-packages/airflow/example_dags/example_sla_dag.py
[2023-11-15T07:42:03.524+0000] {logging_mixin.py:137} INFO - [2023-11-15T07:42:03.524+0000] {dag.py:2690} INFO - Sync 1 DAGs
[2023-11-15T07:42:03.540+0000] {logging_mixin.py:137} INFO - [2023-11-15T07:42:03.540+0000] {dag.py:3441} INFO - Setting next_dagrun for example_sla_dag to 2023-11-15T07:40:00+00:00, run_after=2023-11-15T07:42:00+00:00
[2023-11-15T07:42:03.557+0000] {processor.py:175} INFO - Processing /home/airflow/.local/lib/python3.7/site-packages/airflow/example_dags/example_sla_dag.py took 0.092 seconds
[2023-11-15T09:01:54.387+0000] {processor.py:153} INFO - Started process (PID=8666) to work on /home/airflow/.local/lib/python3.7/site-packages/airflow/example_dags/example_sla_dag.py
[2023-11-15T09:01:54.387+0000] {processor.py:743} INFO - Processing file /home/airflow/.local/lib/python3.7/site-packages/airflow/example_dags/example_sla_dag.py for tasks to queue
[2023-11-15T09:01:54.388+0000] {logging_mixin.py:137} INFO - [2023-11-15T09:01:54.388+0000] {dagbag.py:538} INFO - Filling up the DagBag from /home/airflow/.local/lib/python3.7/site-packages/airflow/example_dags/example_sla_dag.py
[2023-11-15T09:01:54.404+0000] {processor.py:753} INFO - DAG(s) dict_keys(['example_sla_dag']) retrieved from /home/airflow/.local/lib/python3.7/site-packages/airflow/example_dags/example_sla_dag.py
[2023-11-15T09:01:54.419+0000] {logging_mixin.py:137} INFO - [2023-11-15T09:01:54.419+0000] {dag.py:2690} INFO - Sync 1 DAGs
[2023-11-15T09:01:54.434+0000] {logging_mixin.py:137} INFO - [2023-11-15T09:01:54.434+0000] {dag.py:3441} INFO - Setting next_dagrun for example_sla_dag to 2023-11-15T08:58:00+00:00, run_after=2023-11-15T09:00:00+00:00
[2023-11-15T09:01:54.443+0000] {processor.py:175} INFO - Processing /home/airflow/.local/lib/python3.7/site-packages/airflow/example_dags/example_sla_dag.py took 0.058 seconds
[2023-11-15T09:37:37.674+0000] {processor.py:153} INFO - Started process (PID=8743) to work on /home/airflow/.local/lib/python3.7/site-packages/airflow/example_dags/example_sla_dag.py
[2023-11-15T09:37:37.675+0000] {processor.py:743} INFO - Processing file /home/airflow/.local/lib/python3.7/site-packages/airflow/example_dags/example_sla_dag.py for tasks to queue
[2023-11-15T09:37:37.676+0000] {logging_mixin.py:137} INFO - [2023-11-15T09:37:37.676+0000] {dagbag.py:538} INFO - Filling up the DagBag from /home/airflow/.local/lib/python3.7/site-packages/airflow/example_dags/example_sla_dag.py
[2023-11-15T09:37:37.696+0000] {processor.py:753} INFO - DAG(s) dict_keys(['example_sla_dag']) retrieved from /home/airflow/.local/lib/python3.7/site-packages/airflow/example_dags/example_sla_dag.py
[2023-11-15T09:37:37.717+0000] {logging_mixin.py:137} INFO - [2023-11-15T09:37:37.717+0000] {dag.py:2690} INFO - Sync 1 DAGs
[2023-11-15T09:37:37.733+0000] {logging_mixin.py:137} INFO - [2023-11-15T09:37:37.733+0000] {dag.py:3441} INFO - Setting next_dagrun for example_sla_dag to 2023-11-15T09:34:00+00:00, run_after=2023-11-15T09:36:00+00:00
[2023-11-15T09:37:37.745+0000] {processor.py:175} INFO - Processing /home/airflow/.local/lib/python3.7/site-packages/airflow/example_dags/example_sla_dag.py took 0.074 seconds
[2023-11-15T11:01:49.868+0000] {processor.py:153} INFO - Started process (PID=8838) to work on /home/airflow/.local/lib/python3.7/site-packages/airflow/example_dags/example_sla_dag.py
[2023-11-15T11:01:49.870+0000] {processor.py:743} INFO - Processing file /home/airflow/.local/lib/python3.7/site-packages/airflow/example_dags/example_sla_dag.py for tasks to queue
[2023-11-15T11:01:49.871+0000] {logging_mixin.py:137} INFO - [2023-11-15T11:01:49.871+0000] {dagbag.py:538} INFO - Filling up the DagBag from /home/airflow/.local/lib/python3.7/site-packages/airflow/example_dags/example_sla_dag.py
[2023-11-15T11:01:49.900+0000] {processor.py:753} INFO - DAG(s) dict_keys(['example_sla_dag']) retrieved from /home/airflow/.local/lib/python3.7/site-packages/airflow/example_dags/example_sla_dag.py
[2023-11-15T11:01:49.934+0000] {logging_mixin.py:137} INFO - [2023-11-15T11:01:49.934+0000] {dag.py:2690} INFO - Sync 1 DAGs
[2023-11-15T11:01:49.959+0000] {logging_mixin.py:137} INFO - [2023-11-15T11:01:49.959+0000] {dag.py:3441} INFO - Setting next_dagrun for example_sla_dag to 2023-11-15T10:58:00+00:00, run_after=2023-11-15T11:00:00+00:00
[2023-11-15T11:01:50.001+0000] {processor.py:175} INFO - Processing /home/airflow/.local/lib/python3.7/site-packages/airflow/example_dags/example_sla_dag.py took 0.137 seconds
[2023-11-15T12:43:52.559+0000] {processor.py:153} INFO - Started process (PID=8933) to work on /home/airflow/.local/lib/python3.7/site-packages/airflow/example_dags/example_sla_dag.py
[2023-11-15T12:43:52.560+0000] {processor.py:743} INFO - Processing file /home/airflow/.local/lib/python3.7/site-packages/airflow/example_dags/example_sla_dag.py for tasks to queue
[2023-11-15T12:43:52.560+0000] {logging_mixin.py:137} INFO - [2023-11-15T12:43:52.560+0000] {dagbag.py:538} INFO - Filling up the DagBag from /home/airflow/.local/lib/python3.7/site-packages/airflow/example_dags/example_sla_dag.py
[2023-11-15T12:43:52.573+0000] {processor.py:753} INFO - DAG(s) dict_keys(['example_sla_dag']) retrieved from /home/airflow/.local/lib/python3.7/site-packages/airflow/example_dags/example_sla_dag.py
[2023-11-15T12:43:52.588+0000] {logging_mixin.py:137} INFO - [2023-11-15T12:43:52.588+0000] {dag.py:2690} INFO - Sync 1 DAGs
[2023-11-15T12:43:52.602+0000] {logging_mixin.py:137} INFO - [2023-11-15T12:43:52.602+0000] {dag.py:3441} INFO - Setting next_dagrun for example_sla_dag to 2023-11-15T12:40:00+00:00, run_after=2023-11-15T12:42:00+00:00
[2023-11-15T12:43:52.612+0000] {processor.py:175} INFO - Processing /home/airflow/.local/lib/python3.7/site-packages/airflow/example_dags/example_sla_dag.py took 0.054 seconds
[2023-11-15T14:20:08.314+0000] {processor.py:153} INFO - Started process (PID=9010) to work on /home/airflow/.local/lib/python3.7/site-packages/airflow/example_dags/example_sla_dag.py
[2023-11-15T14:20:08.315+0000] {processor.py:743} INFO - Processing file /home/airflow/.local/lib/python3.7/site-packages/airflow/example_dags/example_sla_dag.py for tasks to queue
[2023-11-15T14:20:08.315+0000] {logging_mixin.py:137} INFO - [2023-11-15T14:20:08.315+0000] {dagbag.py:538} INFO - Filling up the DagBag from /home/airflow/.local/lib/python3.7/site-packages/airflow/example_dags/example_sla_dag.py
[2023-11-15T14:20:08.329+0000] {processor.py:753} INFO - DAG(s) dict_keys(['example_sla_dag']) retrieved from /home/airflow/.local/lib/python3.7/site-packages/airflow/example_dags/example_sla_dag.py
[2023-11-15T14:20:08.344+0000] {logging_mixin.py:137} INFO - [2023-11-15T14:20:08.344+0000] {dag.py:2690} INFO - Sync 1 DAGs
[2023-11-15T14:20:08.358+0000] {logging_mixin.py:137} INFO - [2023-11-15T14:20:08.357+0000] {dag.py:3441} INFO - Setting next_dagrun for example_sla_dag to 2023-11-15T14:18:00+00:00, run_after=2023-11-15T14:20:00+00:00
[2023-11-15T14:20:08.366+0000] {processor.py:175} INFO - Processing /home/airflow/.local/lib/python3.7/site-packages/airflow/example_dags/example_sla_dag.py took 0.054 seconds
[2023-11-15T15:39:59.289+0000] {processor.py:153} INFO - Started process (PID=9105) to work on /home/airflow/.local/lib/python3.7/site-packages/airflow/example_dags/example_sla_dag.py
[2023-11-15T15:39:59.289+0000] {processor.py:743} INFO - Processing file /home/airflow/.local/lib/python3.7/site-packages/airflow/example_dags/example_sla_dag.py for tasks to queue
[2023-11-15T15:39:59.289+0000] {logging_mixin.py:137} INFO - [2023-11-15T15:39:59.289+0000] {dagbag.py:538} INFO - Filling up the DagBag from /home/airflow/.local/lib/python3.7/site-packages/airflow/example_dags/example_sla_dag.py
[2023-11-15T15:39:59.303+0000] {processor.py:753} INFO - DAG(s) dict_keys(['example_sla_dag']) retrieved from /home/airflow/.local/lib/python3.7/site-packages/airflow/example_dags/example_sla_dag.py
[2023-11-15T15:39:59.318+0000] {logging_mixin.py:137} INFO - [2023-11-15T15:39:59.318+0000] {dag.py:2690} INFO - Sync 1 DAGs
[2023-11-15T15:39:59.331+0000] {logging_mixin.py:137} INFO - [2023-11-15T15:39:59.331+0000] {dag.py:3441} INFO - Setting next_dagrun for example_sla_dag to 2023-11-15T15:36:00+00:00, run_after=2023-11-15T15:38:00+00:00
[2023-11-15T15:39:59.340+0000] {processor.py:175} INFO - Processing /home/airflow/.local/lib/python3.7/site-packages/airflow/example_dags/example_sla_dag.py took 0.054 seconds
[2023-11-15T17:20:37.264+0000] {processor.py:153} INFO - Started process (PID=9200) to work on /home/airflow/.local/lib/python3.7/site-packages/airflow/example_dags/example_sla_dag.py
[2023-11-15T17:20:37.265+0000] {processor.py:743} INFO - Processing file /home/airflow/.local/lib/python3.7/site-packages/airflow/example_dags/example_sla_dag.py for tasks to queue
[2023-11-15T17:20:37.266+0000] {logging_mixin.py:137} INFO - [2023-11-15T17:20:37.266+0000] {dagbag.py:538} INFO - Filling up the DagBag from /home/airflow/.local/lib/python3.7/site-packages/airflow/example_dags/example_sla_dag.py
[2023-11-15T17:20:37.284+0000] {processor.py:753} INFO - DAG(s) dict_keys(['example_sla_dag']) retrieved from /home/airflow/.local/lib/python3.7/site-packages/airflow/example_dags/example_sla_dag.py
[2023-11-15T17:20:37.306+0000] {logging_mixin.py:137} INFO - [2023-11-15T17:20:37.305+0000] {dag.py:2690} INFO - Sync 1 DAGs
[2023-11-15T17:20:37.324+0000] {logging_mixin.py:137} INFO - [2023-11-15T17:20:37.324+0000] {dag.py:3441} INFO - Setting next_dagrun for example_sla_dag to 2023-11-15T17:18:00+00:00, run_after=2023-11-15T17:20:00+00:00
[2023-11-15T17:20:37.337+0000] {processor.py:175} INFO - Processing /home/airflow/.local/lib/python3.7/site-packages/airflow/example_dags/example_sla_dag.py took 0.076 seconds
[2023-11-15T18:40:03.822+0000] {processor.py:153} INFO - Started process (PID=9277) to work on /home/airflow/.local/lib/python3.7/site-packages/airflow/example_dags/example_sla_dag.py
[2023-11-15T18:40:03.822+0000] {processor.py:743} INFO - Processing file /home/airflow/.local/lib/python3.7/site-packages/airflow/example_dags/example_sla_dag.py for tasks to queue
[2023-11-15T18:40:03.823+0000] {logging_mixin.py:137} INFO - [2023-11-15T18:40:03.823+0000] {dagbag.py:538} INFO - Filling up the DagBag from /home/airflow/.local/lib/python3.7/site-packages/airflow/example_dags/example_sla_dag.py
[2023-11-15T18:40:03.837+0000] {processor.py:753} INFO - DAG(s) dict_keys(['example_sla_dag']) retrieved from /home/airflow/.local/lib/python3.7/site-packages/airflow/example_dags/example_sla_dag.py
[2023-11-15T18:40:03.852+0000] {logging_mixin.py:137} INFO - [2023-11-15T18:40:03.852+0000] {dag.py:2690} INFO - Sync 1 DAGs
[2023-11-15T18:40:03.865+0000] {logging_mixin.py:137} INFO - [2023-11-15T18:40:03.865+0000] {dag.py:3441} INFO - Setting next_dagrun for example_sla_dag to 2023-11-15T18:38:00+00:00, run_after=2023-11-15T18:40:00+00:00
[2023-11-15T18:40:03.874+0000] {processor.py:175} INFO - Processing /home/airflow/.local/lib/python3.7/site-packages/airflow/example_dags/example_sla_dag.py took 0.054 seconds
[2023-11-15T20:05:08.220+0000] {processor.py:153} INFO - Started process (PID=9372) to work on /home/airflow/.local/lib/python3.7/site-packages/airflow/example_dags/example_sla_dag.py
[2023-11-15T20:05:08.221+0000] {processor.py:743} INFO - Processing file /home/airflow/.local/lib/python3.7/site-packages/airflow/example_dags/example_sla_dag.py for tasks to queue
[2023-11-15T20:05:08.221+0000] {logging_mixin.py:137} INFO - [2023-11-15T20:05:08.221+0000] {dagbag.py:538} INFO - Filling up the DagBag from /home/airflow/.local/lib/python3.7/site-packages/airflow/example_dags/example_sla_dag.py
[2023-11-15T20:05:08.237+0000] {processor.py:753} INFO - DAG(s) dict_keys(['example_sla_dag']) retrieved from /home/airflow/.local/lib/python3.7/site-packages/airflow/example_dags/example_sla_dag.py
[2023-11-15T20:05:08.252+0000] {logging_mixin.py:137} INFO - [2023-11-15T20:05:08.252+0000] {dag.py:2690} INFO - Sync 1 DAGs
[2023-11-15T20:05:08.267+0000] {logging_mixin.py:137} INFO - [2023-11-15T20:05:08.267+0000] {dag.py:3441} INFO - Setting next_dagrun for example_sla_dag to 2023-11-15T20:02:00+00:00, run_after=2023-11-15T20:04:00+00:00
[2023-11-15T20:05:08.277+0000] {processor.py:175} INFO - Processing /home/airflow/.local/lib/python3.7/site-packages/airflow/example_dags/example_sla_dag.py took 0.059 seconds
[2023-11-15T21:44:28.259+0000] {processor.py:153} INFO - Started process (PID=9467) to work on /home/airflow/.local/lib/python3.7/site-packages/airflow/example_dags/example_sla_dag.py
[2023-11-15T21:44:28.262+0000] {processor.py:743} INFO - Processing file /home/airflow/.local/lib/python3.7/site-packages/airflow/example_dags/example_sla_dag.py for tasks to queue
[2023-11-15T21:44:28.265+0000] {logging_mixin.py:137} INFO - [2023-11-15T21:44:28.264+0000] {dagbag.py:538} INFO - Filling up the DagBag from /home/airflow/.local/lib/python3.7/site-packages/airflow/example_dags/example_sla_dag.py
[2023-11-15T21:44:28.303+0000] {processor.py:753} INFO - DAG(s) dict_keys(['example_sla_dag']) retrieved from /home/airflow/.local/lib/python3.7/site-packages/airflow/example_dags/example_sla_dag.py
[2023-11-15T21:44:28.340+0000] {logging_mixin.py:137} INFO - [2023-11-15T21:44:28.340+0000] {dag.py:2690} INFO - Sync 1 DAGs
[2023-11-15T21:44:28.380+0000] {logging_mixin.py:137} INFO - [2023-11-15T21:44:28.380+0000] {dag.py:3441} INFO - Setting next_dagrun for example_sla_dag to 2023-11-15T21:42:00+00:00, run_after=2023-11-15T21:44:00+00:00
[2023-11-15T21:44:28.413+0000] {processor.py:175} INFO - Processing /home/airflow/.local/lib/python3.7/site-packages/airflow/example_dags/example_sla_dag.py took 0.164 seconds
[2023-11-15T21:44:58.446+0000] {processor.py:153} INFO - Started process (PID=9542) to work on /home/airflow/.local/lib/python3.7/site-packages/airflow/example_dags/example_sla_dag.py
[2023-11-15T21:44:58.447+0000] {processor.py:743} INFO - Processing file /home/airflow/.local/lib/python3.7/site-packages/airflow/example_dags/example_sla_dag.py for tasks to queue
[2023-11-15T21:44:58.448+0000] {logging_mixin.py:137} INFO - [2023-11-15T21:44:58.447+0000] {dagbag.py:538} INFO - Filling up the DagBag from /home/airflow/.local/lib/python3.7/site-packages/airflow/example_dags/example_sla_dag.py
[2023-11-15T21:44:58.468+0000] {processor.py:753} INFO - DAG(s) dict_keys(['example_sla_dag']) retrieved from /home/airflow/.local/lib/python3.7/site-packages/airflow/example_dags/example_sla_dag.py
[2023-11-15T21:44:58.485+0000] {logging_mixin.py:137} INFO - [2023-11-15T21:44:58.485+0000] {dag.py:2690} INFO - Sync 1 DAGs
[2023-11-15T21:44:58.500+0000] {logging_mixin.py:137} INFO - [2023-11-15T21:44:58.500+0000] {dag.py:3441} INFO - Setting next_dagrun for example_sla_dag to 2023-11-15T21:42:00+00:00, run_after=2023-11-15T21:44:00+00:00
[2023-11-15T21:44:58.508+0000] {processor.py:175} INFO - Processing /home/airflow/.local/lib/python3.7/site-packages/airflow/example_dags/example_sla_dag.py took 0.067 seconds
[2023-11-15T21:45:29.303+0000] {processor.py:153} INFO - Started process (PID=9637) to work on /home/airflow/.local/lib/python3.7/site-packages/airflow/example_dags/example_sla_dag.py
[2023-11-15T21:45:29.304+0000] {processor.py:743} INFO - Processing file /home/airflow/.local/lib/python3.7/site-packages/airflow/example_dags/example_sla_dag.py for tasks to queue
[2023-11-15T21:45:29.305+0000] {logging_mixin.py:137} INFO - [2023-11-15T21:45:29.304+0000] {dagbag.py:538} INFO - Filling up the DagBag from /home/airflow/.local/lib/python3.7/site-packages/airflow/example_dags/example_sla_dag.py
[2023-11-15T21:45:29.329+0000] {processor.py:753} INFO - DAG(s) dict_keys(['example_sla_dag']) retrieved from /home/airflow/.local/lib/python3.7/site-packages/airflow/example_dags/example_sla_dag.py
[2023-11-15T21:45:29.345+0000] {logging_mixin.py:137} INFO - [2023-11-15T21:45:29.345+0000] {dag.py:2690} INFO - Sync 1 DAGs
[2023-11-15T21:45:29.359+0000] {logging_mixin.py:137} INFO - [2023-11-15T21:45:29.359+0000] {dag.py:3441} INFO - Setting next_dagrun for example_sla_dag to 2023-11-15T21:42:00+00:00, run_after=2023-11-15T21:44:00+00:00
[2023-11-15T21:45:29.367+0000] {processor.py:175} INFO - Processing /home/airflow/.local/lib/python3.7/site-packages/airflow/example_dags/example_sla_dag.py took 0.069 seconds
[2023-11-15T23:03:40.416+0000] {processor.py:153} INFO - Started process (PID=9734) to work on /home/airflow/.local/lib/python3.7/site-packages/airflow/example_dags/example_sla_dag.py
[2023-11-15T23:03:40.418+0000] {processor.py:743} INFO - Processing file /home/airflow/.local/lib/python3.7/site-packages/airflow/example_dags/example_sla_dag.py for tasks to queue
[2023-11-15T23:03:40.419+0000] {logging_mixin.py:137} INFO - [2023-11-15T23:03:40.419+0000] {dagbag.py:538} INFO - Filling up the DagBag from /home/airflow/.local/lib/python3.7/site-packages/airflow/example_dags/example_sla_dag.py
[2023-11-15T23:03:40.439+0000] {processor.py:753} INFO - DAG(s) dict_keys(['example_sla_dag']) retrieved from /home/airflow/.local/lib/python3.7/site-packages/airflow/example_dags/example_sla_dag.py
[2023-11-15T23:03:40.471+0000] {logging_mixin.py:137} INFO - [2023-11-15T23:03:40.471+0000] {dag.py:2690} INFO - Sync 1 DAGs
[2023-11-15T23:03:40.505+0000] {logging_mixin.py:137} INFO - [2023-11-15T23:03:40.504+0000] {dag.py:3441} INFO - Setting next_dagrun for example_sla_dag to 2023-11-15T23:00:00+00:00, run_after=2023-11-15T23:02:00+00:00
[2023-11-15T23:03:40.540+0000] {processor.py:175} INFO - Processing /home/airflow/.local/lib/python3.7/site-packages/airflow/example_dags/example_sla_dag.py took 0.127 seconds
