[2023-11-15T00:36:34.042+0000] {processor.py:153} INFO - Started process (PID=8166) to work on /home/airflow/.local/lib/python3.7/site-packages/airflow/example_dags/example_datasets.py
[2023-11-15T00:36:34.042+0000] {processor.py:743} INFO - Processing file /home/airflow/.local/lib/python3.7/site-packages/airflow/example_dags/example_datasets.py for tasks to queue
[2023-11-15T00:36:34.043+0000] {logging_mixin.py:137} INFO - [2023-11-15T00:36:34.043+0000] {dagbag.py:538} INFO - Filling up the DagBag from /home/airflow/.local/lib/python3.7/site-packages/airflow/example_dags/example_datasets.py
[2023-11-15T00:36:34.054+0000] {processor.py:753} INFO - DAG(s) dict_keys(['dataset_produces_1', 'dataset_produces_2', 'dataset_consumes_1', 'dataset_consumes_1_and_2', 'dataset_consumes_unknown_never_scheduled', 'dataset_consumes_1_never_scheduled']) retrieved from /home/airflow/.local/lib/python3.7/site-packages/airflow/example_dags/example_datasets.py
[2023-11-15T00:36:34.073+0000] {logging_mixin.py:137} INFO - [2023-11-15T00:36:34.073+0000] {dag.py:2690} INFO - Sync 6 DAGs
[2023-11-15T00:36:34.086+0000] {logging_mixin.py:137} INFO - [2023-11-15T00:36:34.086+0000] {dag.py:3441} INFO - Setting next_dagrun for dataset_consumes_1 to None, run_after=None
[2023-11-15T00:36:34.088+0000] {logging_mixin.py:137} INFO - [2023-11-15T00:36:34.087+0000] {dag.py:3441} INFO - Setting next_dagrun for dataset_consumes_1_and_2 to None, run_after=None
[2023-11-15T00:36:34.088+0000] {logging_mixin.py:137} INFO - [2023-11-15T00:36:34.088+0000] {dag.py:3441} INFO - Setting next_dagrun for dataset_consumes_1_never_scheduled to None, run_after=None
[2023-11-15T00:36:34.089+0000] {logging_mixin.py:137} INFO - [2023-11-15T00:36:34.089+0000] {dag.py:3441} INFO - Setting next_dagrun for dataset_consumes_unknown_never_scheduled to None, run_after=None
[2023-11-15T00:36:34.090+0000] {logging_mixin.py:137} INFO - [2023-11-15T00:36:34.090+0000] {dag.py:3441} INFO - Setting next_dagrun for dataset_produces_1 to 2023-11-14T00:00:00+00:00, run_after=2023-11-15T00:00:00+00:00
[2023-11-15T00:36:34.090+0000] {logging_mixin.py:137} INFO - [2023-11-15T00:36:34.090+0000] {dag.py:3441} INFO - Setting next_dagrun for dataset_produces_2 to None, run_after=None
[2023-11-15T00:36:34.106+0000] {processor.py:175} INFO - Processing /home/airflow/.local/lib/python3.7/site-packages/airflow/example_dags/example_datasets.py took 0.066 seconds
[2023-11-15T01:39:23.742+0000] {processor.py:153} INFO - Started process (PID=8261) to work on /home/airflow/.local/lib/python3.7/site-packages/airflow/example_dags/example_datasets.py
[2023-11-15T01:39:23.743+0000] {processor.py:743} INFO - Processing file /home/airflow/.local/lib/python3.7/site-packages/airflow/example_dags/example_datasets.py for tasks to queue
[2023-11-15T01:39:23.743+0000] {logging_mixin.py:137} INFO - [2023-11-15T01:39:23.743+0000] {dagbag.py:538} INFO - Filling up the DagBag from /home/airflow/.local/lib/python3.7/site-packages/airflow/example_dags/example_datasets.py
[2023-11-15T01:39:23.754+0000] {processor.py:753} INFO - DAG(s) dict_keys(['dataset_produces_1', 'dataset_consumes_1_never_scheduled', 'dataset_consumes_unknown_never_scheduled', 'dataset_consumes_1_and_2', 'dataset_consumes_1', 'dataset_produces_2']) retrieved from /home/airflow/.local/lib/python3.7/site-packages/airflow/example_dags/example_datasets.py
[2023-11-15T01:39:23.777+0000] {logging_mixin.py:137} INFO - [2023-11-15T01:39:23.777+0000] {dag.py:2690} INFO - Sync 6 DAGs
[2023-11-15T01:39:23.790+0000] {logging_mixin.py:137} INFO - [2023-11-15T01:39:23.790+0000] {dag.py:3441} INFO - Setting next_dagrun for dataset_consumes_1 to None, run_after=None
[2023-11-15T01:39:23.792+0000] {logging_mixin.py:137} INFO - [2023-11-15T01:39:23.792+0000] {dag.py:3441} INFO - Setting next_dagrun for dataset_consumes_1_and_2 to None, run_after=None
[2023-11-15T01:39:23.792+0000] {logging_mixin.py:137} INFO - [2023-11-15T01:39:23.792+0000] {dag.py:3441} INFO - Setting next_dagrun for dataset_consumes_1_never_scheduled to None, run_after=None
[2023-11-15T01:39:23.793+0000] {logging_mixin.py:137} INFO - [2023-11-15T01:39:23.793+0000] {dag.py:3441} INFO - Setting next_dagrun for dataset_consumes_unknown_never_scheduled to None, run_after=None
[2023-11-15T01:39:23.795+0000] {logging_mixin.py:137} INFO - [2023-11-15T01:39:23.795+0000] {dag.py:3441} INFO - Setting next_dagrun for dataset_produces_1 to 2023-11-14T00:00:00+00:00, run_after=2023-11-15T00:00:00+00:00
[2023-11-15T01:39:23.796+0000] {logging_mixin.py:137} INFO - [2023-11-15T01:39:23.796+0000] {dag.py:3441} INFO - Setting next_dagrun for dataset_produces_2 to None, run_after=None
[2023-11-15T01:39:23.813+0000] {processor.py:175} INFO - Processing /home/airflow/.local/lib/python3.7/site-packages/airflow/example_dags/example_datasets.py took 0.072 seconds
[2023-11-15T03:18:40.272+0000] {processor.py:153} INFO - Started process (PID=8338) to work on /home/airflow/.local/lib/python3.7/site-packages/airflow/example_dags/example_datasets.py
[2023-11-15T03:18:40.272+0000] {processor.py:743} INFO - Processing file /home/airflow/.local/lib/python3.7/site-packages/airflow/example_dags/example_datasets.py for tasks to queue
[2023-11-15T03:18:40.273+0000] {logging_mixin.py:137} INFO - [2023-11-15T03:18:40.273+0000] {dagbag.py:538} INFO - Filling up the DagBag from /home/airflow/.local/lib/python3.7/site-packages/airflow/example_dags/example_datasets.py
[2023-11-15T03:18:40.284+0000] {processor.py:753} INFO - DAG(s) dict_keys(['dataset_produces_2', 'dataset_consumes_unknown_never_scheduled', 'dataset_consumes_1', 'dataset_consumes_1_and_2', 'dataset_produces_1', 'dataset_consumes_1_never_scheduled']) retrieved from /home/airflow/.local/lib/python3.7/site-packages/airflow/example_dags/example_datasets.py
[2023-11-15T03:18:40.304+0000] {logging_mixin.py:137} INFO - [2023-11-15T03:18:40.304+0000] {dag.py:2690} INFO - Sync 6 DAGs
[2023-11-15T03:18:40.317+0000] {logging_mixin.py:137} INFO - [2023-11-15T03:18:40.317+0000] {dag.py:3441} INFO - Setting next_dagrun for dataset_consumes_1 to None, run_after=None
[2023-11-15T03:18:40.318+0000] {logging_mixin.py:137} INFO - [2023-11-15T03:18:40.318+0000] {dag.py:3441} INFO - Setting next_dagrun for dataset_consumes_1_and_2 to None, run_after=None
[2023-11-15T03:18:40.319+0000] {logging_mixin.py:137} INFO - [2023-11-15T03:18:40.319+0000] {dag.py:3441} INFO - Setting next_dagrun for dataset_consumes_1_never_scheduled to None, run_after=None
[2023-11-15T03:18:40.320+0000] {logging_mixin.py:137} INFO - [2023-11-15T03:18:40.320+0000] {dag.py:3441} INFO - Setting next_dagrun for dataset_consumes_unknown_never_scheduled to None, run_after=None
[2023-11-15T03:18:40.321+0000] {logging_mixin.py:137} INFO - [2023-11-15T03:18:40.321+0000] {dag.py:3441} INFO - Setting next_dagrun for dataset_produces_1 to 2023-11-14T00:00:00+00:00, run_after=2023-11-15T00:00:00+00:00
[2023-11-15T03:18:40.322+0000] {logging_mixin.py:137} INFO - [2023-11-15T03:18:40.322+0000] {dag.py:3441} INFO - Setting next_dagrun for dataset_produces_2 to None, run_after=None
[2023-11-15T03:18:40.337+0000] {processor.py:175} INFO - Processing /home/airflow/.local/lib/python3.7/site-packages/airflow/example_dags/example_datasets.py took 0.067 seconds
[2023-11-15T04:43:21.331+0000] {processor.py:153} INFO - Started process (PID=8433) to work on /home/airflow/.local/lib/python3.7/site-packages/airflow/example_dags/example_datasets.py
[2023-11-15T04:43:21.332+0000] {processor.py:743} INFO - Processing file /home/airflow/.local/lib/python3.7/site-packages/airflow/example_dags/example_datasets.py for tasks to queue
[2023-11-15T04:43:21.332+0000] {logging_mixin.py:137} INFO - [2023-11-15T04:43:21.332+0000] {dagbag.py:538} INFO - Filling up the DagBag from /home/airflow/.local/lib/python3.7/site-packages/airflow/example_dags/example_datasets.py
[2023-11-15T04:43:21.342+0000] {processor.py:753} INFO - DAG(s) dict_keys(['dataset_consumes_1_never_scheduled', 'dataset_produces_2', 'dataset_consumes_unknown_never_scheduled', 'dataset_consumes_1', 'dataset_consumes_1_and_2', 'dataset_produces_1']) retrieved from /home/airflow/.local/lib/python3.7/site-packages/airflow/example_dags/example_datasets.py
[2023-11-15T04:43:21.363+0000] {logging_mixin.py:137} INFO - [2023-11-15T04:43:21.363+0000] {dag.py:2690} INFO - Sync 6 DAGs
[2023-11-15T04:43:21.376+0000] {logging_mixin.py:137} INFO - [2023-11-15T04:43:21.376+0000] {dag.py:3441} INFO - Setting next_dagrun for dataset_consumes_1 to None, run_after=None
[2023-11-15T04:43:21.377+0000] {logging_mixin.py:137} INFO - [2023-11-15T04:43:21.377+0000] {dag.py:3441} INFO - Setting next_dagrun for dataset_consumes_1_and_2 to None, run_after=None
[2023-11-15T04:43:21.378+0000] {logging_mixin.py:137} INFO - [2023-11-15T04:43:21.378+0000] {dag.py:3441} INFO - Setting next_dagrun for dataset_consumes_1_never_scheduled to None, run_after=None
[2023-11-15T04:43:21.378+0000] {logging_mixin.py:137} INFO - [2023-11-15T04:43:21.378+0000] {dag.py:3441} INFO - Setting next_dagrun for dataset_consumes_unknown_never_scheduled to None, run_after=None
[2023-11-15T04:43:21.380+0000] {logging_mixin.py:137} INFO - [2023-11-15T04:43:21.380+0000] {dag.py:3441} INFO - Setting next_dagrun for dataset_produces_1 to 2023-11-14T00:00:00+00:00, run_after=2023-11-15T00:00:00+00:00
[2023-11-15T04:43:21.381+0000] {logging_mixin.py:137} INFO - [2023-11-15T04:43:21.381+0000] {dag.py:3441} INFO - Setting next_dagrun for dataset_produces_2 to None, run_after=None
[2023-11-15T04:43:21.394+0000] {processor.py:175} INFO - Processing /home/airflow/.local/lib/python3.7/site-packages/airflow/example_dags/example_datasets.py took 0.065 seconds
[2023-11-15T06:21:35.829+0000] {processor.py:153} INFO - Started process (PID=8529) to work on /home/airflow/.local/lib/python3.7/site-packages/airflow/example_dags/example_datasets.py
[2023-11-15T06:21:35.830+0000] {processor.py:743} INFO - Processing file /home/airflow/.local/lib/python3.7/site-packages/airflow/example_dags/example_datasets.py for tasks to queue
[2023-11-15T06:21:35.830+0000] {logging_mixin.py:137} INFO - [2023-11-15T06:21:35.830+0000] {dagbag.py:538} INFO - Filling up the DagBag from /home/airflow/.local/lib/python3.7/site-packages/airflow/example_dags/example_datasets.py
[2023-11-15T06:21:35.843+0000] {processor.py:753} INFO - DAG(s) dict_keys(['dataset_consumes_1_and_2', 'dataset_consumes_unknown_never_scheduled', 'dataset_produces_1', 'dataset_consumes_1_never_scheduled', 'dataset_consumes_1', 'dataset_produces_2']) retrieved from /home/airflow/.local/lib/python3.7/site-packages/airflow/example_dags/example_datasets.py
[2023-11-15T06:21:35.866+0000] {logging_mixin.py:137} INFO - [2023-11-15T06:21:35.866+0000] {dag.py:2690} INFO - Sync 6 DAGs
[2023-11-15T06:21:35.879+0000] {logging_mixin.py:137} INFO - [2023-11-15T06:21:35.878+0000] {dag.py:3441} INFO - Setting next_dagrun for dataset_consumes_1 to None, run_after=None
[2023-11-15T06:21:35.880+0000] {logging_mixin.py:137} INFO - [2023-11-15T06:21:35.880+0000] {dag.py:3441} INFO - Setting next_dagrun for dataset_consumes_1_and_2 to None, run_after=None
[2023-11-15T06:21:35.881+0000] {logging_mixin.py:137} INFO - [2023-11-15T06:21:35.881+0000] {dag.py:3441} INFO - Setting next_dagrun for dataset_consumes_1_never_scheduled to None, run_after=None
[2023-11-15T06:21:35.881+0000] {logging_mixin.py:137} INFO - [2023-11-15T06:21:35.881+0000] {dag.py:3441} INFO - Setting next_dagrun for dataset_consumes_unknown_never_scheduled to None, run_after=None
[2023-11-15T06:21:35.882+0000] {logging_mixin.py:137} INFO - [2023-11-15T06:21:35.882+0000] {dag.py:3441} INFO - Setting next_dagrun for dataset_produces_1 to 2023-11-14T00:00:00+00:00, run_after=2023-11-15T00:00:00+00:00
[2023-11-15T06:21:35.883+0000] {logging_mixin.py:137} INFO - [2023-11-15T06:21:35.883+0000] {dag.py:3441} INFO - Setting next_dagrun for dataset_produces_2 to None, run_after=None
[2023-11-15T06:21:35.898+0000] {processor.py:175} INFO - Processing /home/airflow/.local/lib/python3.7/site-packages/airflow/example_dags/example_datasets.py took 0.071 seconds
[2023-11-15T07:42:04.855+0000] {processor.py:153} INFO - Started process (PID=8606) to work on /home/airflow/.local/lib/python3.7/site-packages/airflow/example_dags/example_datasets.py
[2023-11-15T07:42:04.856+0000] {processor.py:743} INFO - Processing file /home/airflow/.local/lib/python3.7/site-packages/airflow/example_dags/example_datasets.py for tasks to queue
[2023-11-15T07:42:04.856+0000] {logging_mixin.py:137} INFO - [2023-11-15T07:42:04.856+0000] {dagbag.py:538} INFO - Filling up the DagBag from /home/airflow/.local/lib/python3.7/site-packages/airflow/example_dags/example_datasets.py
[2023-11-15T07:42:04.871+0000] {processor.py:753} INFO - DAG(s) dict_keys(['dataset_produces_2', 'dataset_produces_1', 'dataset_consumes_1_never_scheduled', 'dataset_consumes_1', 'dataset_consumes_unknown_never_scheduled', 'dataset_consumes_1_and_2']) retrieved from /home/airflow/.local/lib/python3.7/site-packages/airflow/example_dags/example_datasets.py
[2023-11-15T07:42:04.902+0000] {logging_mixin.py:137} INFO - [2023-11-15T07:42:04.902+0000] {dag.py:2690} INFO - Sync 6 DAGs
[2023-11-15T07:42:04.945+0000] {logging_mixin.py:137} INFO - [2023-11-15T07:42:04.945+0000] {dag.py:3441} INFO - Setting next_dagrun for dataset_consumes_1 to None, run_after=None
[2023-11-15T07:42:04.952+0000] {logging_mixin.py:137} INFO - [2023-11-15T07:42:04.951+0000] {dag.py:3441} INFO - Setting next_dagrun for dataset_consumes_1_and_2 to None, run_after=None
[2023-11-15T07:42:04.955+0000] {logging_mixin.py:137} INFO - [2023-11-15T07:42:04.955+0000] {dag.py:3441} INFO - Setting next_dagrun for dataset_consumes_1_never_scheduled to None, run_after=None
[2023-11-15T07:42:04.957+0000] {logging_mixin.py:137} INFO - [2023-11-15T07:42:04.957+0000] {dag.py:3441} INFO - Setting next_dagrun for dataset_consumes_unknown_never_scheduled to None, run_after=None
[2023-11-15T07:42:04.960+0000] {logging_mixin.py:137} INFO - [2023-11-15T07:42:04.960+0000] {dag.py:3441} INFO - Setting next_dagrun for dataset_produces_1 to 2023-11-14T00:00:00+00:00, run_after=2023-11-15T00:00:00+00:00
[2023-11-15T07:42:04.961+0000] {logging_mixin.py:137} INFO - [2023-11-15T07:42:04.961+0000] {dag.py:3441} INFO - Setting next_dagrun for dataset_produces_2 to None, run_after=None
[2023-11-15T07:42:04.977+0000] {processor.py:175} INFO - Processing /home/airflow/.local/lib/python3.7/site-packages/airflow/example_dags/example_datasets.py took 0.124 seconds
[2023-11-15T09:01:55.944+0000] {processor.py:153} INFO - Started process (PID=8701) to work on /home/airflow/.local/lib/python3.7/site-packages/airflow/example_dags/example_datasets.py
[2023-11-15T09:01:55.945+0000] {processor.py:743} INFO - Processing file /home/airflow/.local/lib/python3.7/site-packages/airflow/example_dags/example_datasets.py for tasks to queue
[2023-11-15T09:01:55.945+0000] {logging_mixin.py:137} INFO - [2023-11-15T09:01:55.945+0000] {dagbag.py:538} INFO - Filling up the DagBag from /home/airflow/.local/lib/python3.7/site-packages/airflow/example_dags/example_datasets.py
[2023-11-15T09:01:55.956+0000] {processor.py:753} INFO - DAG(s) dict_keys(['dataset_consumes_1_never_scheduled', 'dataset_produces_2', 'dataset_consumes_1', 'dataset_consumes_1_and_2', 'dataset_consumes_unknown_never_scheduled', 'dataset_produces_1']) retrieved from /home/airflow/.local/lib/python3.7/site-packages/airflow/example_dags/example_datasets.py
[2023-11-15T09:01:55.977+0000] {logging_mixin.py:137} INFO - [2023-11-15T09:01:55.977+0000] {dag.py:2690} INFO - Sync 6 DAGs
[2023-11-15T09:01:55.990+0000] {logging_mixin.py:137} INFO - [2023-11-15T09:01:55.990+0000] {dag.py:3441} INFO - Setting next_dagrun for dataset_consumes_1 to None, run_after=None
[2023-11-15T09:01:55.991+0000] {logging_mixin.py:137} INFO - [2023-11-15T09:01:55.991+0000] {dag.py:3441} INFO - Setting next_dagrun for dataset_consumes_1_and_2 to None, run_after=None
[2023-11-15T09:01:55.992+0000] {logging_mixin.py:137} INFO - [2023-11-15T09:01:55.992+0000] {dag.py:3441} INFO - Setting next_dagrun for dataset_consumes_1_never_scheduled to None, run_after=None
[2023-11-15T09:01:55.992+0000] {logging_mixin.py:137} INFO - [2023-11-15T09:01:55.992+0000] {dag.py:3441} INFO - Setting next_dagrun for dataset_consumes_unknown_never_scheduled to None, run_after=None
[2023-11-15T09:01:55.994+0000] {logging_mixin.py:137} INFO - [2023-11-15T09:01:55.994+0000] {dag.py:3441} INFO - Setting next_dagrun for dataset_produces_1 to 2023-11-14T00:00:00+00:00, run_after=2023-11-15T00:00:00+00:00
[2023-11-15T09:01:55.994+0000] {logging_mixin.py:137} INFO - [2023-11-15T09:01:55.994+0000] {dag.py:3441} INFO - Setting next_dagrun for dataset_produces_2 to None, run_after=None
[2023-11-15T09:01:56.010+0000] {processor.py:175} INFO - Processing /home/airflow/.local/lib/python3.7/site-packages/airflow/example_dags/example_datasets.py took 0.068 seconds
[2023-11-15T09:37:39.201+0000] {processor.py:153} INFO - Started process (PID=8785) to work on /home/airflow/.local/lib/python3.7/site-packages/airflow/example_dags/example_datasets.py
[2023-11-15T09:37:39.202+0000] {processor.py:743} INFO - Processing file /home/airflow/.local/lib/python3.7/site-packages/airflow/example_dags/example_datasets.py for tasks to queue
[2023-11-15T09:37:39.202+0000] {logging_mixin.py:137} INFO - [2023-11-15T09:37:39.202+0000] {dagbag.py:538} INFO - Filling up the DagBag from /home/airflow/.local/lib/python3.7/site-packages/airflow/example_dags/example_datasets.py
[2023-11-15T09:37:39.213+0000] {processor.py:753} INFO - DAG(s) dict_keys(['dataset_consumes_unknown_never_scheduled', 'dataset_consumes_1', 'dataset_produces_2', 'dataset_consumes_1_never_scheduled', 'dataset_consumes_1_and_2', 'dataset_produces_1']) retrieved from /home/airflow/.local/lib/python3.7/site-packages/airflow/example_dags/example_datasets.py
[2023-11-15T09:37:39.235+0000] {logging_mixin.py:137} INFO - [2023-11-15T09:37:39.235+0000] {dag.py:2690} INFO - Sync 6 DAGs
[2023-11-15T09:37:39.249+0000] {logging_mixin.py:137} INFO - [2023-11-15T09:37:39.249+0000] {dag.py:3441} INFO - Setting next_dagrun for dataset_consumes_1 to None, run_after=None
[2023-11-15T09:37:39.251+0000] {logging_mixin.py:137} INFO - [2023-11-15T09:37:39.250+0000] {dag.py:3441} INFO - Setting next_dagrun for dataset_consumes_1_and_2 to None, run_after=None
[2023-11-15T09:37:39.251+0000] {logging_mixin.py:137} INFO - [2023-11-15T09:37:39.251+0000] {dag.py:3441} INFO - Setting next_dagrun for dataset_consumes_1_never_scheduled to None, run_after=None
[2023-11-15T09:37:39.252+0000] {logging_mixin.py:137} INFO - [2023-11-15T09:37:39.252+0000] {dag.py:3441} INFO - Setting next_dagrun for dataset_consumes_unknown_never_scheduled to None, run_after=None
[2023-11-15T09:37:39.253+0000] {logging_mixin.py:137} INFO - [2023-11-15T09:37:39.253+0000] {dag.py:3441} INFO - Setting next_dagrun for dataset_produces_1 to 2023-11-14T00:00:00+00:00, run_after=2023-11-15T00:00:00+00:00
[2023-11-15T09:37:39.254+0000] {logging_mixin.py:137} INFO - [2023-11-15T09:37:39.254+0000] {dag.py:3441} INFO - Setting next_dagrun for dataset_produces_2 to None, run_after=None
[2023-11-15T09:37:39.270+0000] {processor.py:175} INFO - Processing /home/airflow/.local/lib/python3.7/site-packages/airflow/example_dags/example_datasets.py took 0.070 seconds
[2023-11-15T11:01:51.591+0000] {processor.py:153} INFO - Started process (PID=8873) to work on /home/airflow/.local/lib/python3.7/site-packages/airflow/example_dags/example_datasets.py
[2023-11-15T11:01:51.592+0000] {processor.py:743} INFO - Processing file /home/airflow/.local/lib/python3.7/site-packages/airflow/example_dags/example_datasets.py for tasks to queue
[2023-11-15T11:01:51.592+0000] {logging_mixin.py:137} INFO - [2023-11-15T11:01:51.592+0000] {dagbag.py:538} INFO - Filling up the DagBag from /home/airflow/.local/lib/python3.7/site-packages/airflow/example_dags/example_datasets.py
[2023-11-15T11:01:51.603+0000] {processor.py:753} INFO - DAG(s) dict_keys(['dataset_consumes_1', 'dataset_consumes_unknown_never_scheduled', 'dataset_produces_1', 'dataset_consumes_1_and_2', 'dataset_consumes_1_never_scheduled', 'dataset_produces_2']) retrieved from /home/airflow/.local/lib/python3.7/site-packages/airflow/example_dags/example_datasets.py
[2023-11-15T11:01:51.622+0000] {logging_mixin.py:137} INFO - [2023-11-15T11:01:51.622+0000] {dag.py:2690} INFO - Sync 6 DAGs
[2023-11-15T11:01:51.634+0000] {logging_mixin.py:137} INFO - [2023-11-15T11:01:51.634+0000] {dag.py:3441} INFO - Setting next_dagrun for dataset_consumes_1 to None, run_after=None
[2023-11-15T11:01:51.636+0000] {logging_mixin.py:137} INFO - [2023-11-15T11:01:51.636+0000] {dag.py:3441} INFO - Setting next_dagrun for dataset_consumes_1_and_2 to None, run_after=None
[2023-11-15T11:01:51.637+0000] {logging_mixin.py:137} INFO - [2023-11-15T11:01:51.636+0000] {dag.py:3441} INFO - Setting next_dagrun for dataset_consumes_1_never_scheduled to None, run_after=None
[2023-11-15T11:01:51.637+0000] {logging_mixin.py:137} INFO - [2023-11-15T11:01:51.637+0000] {dag.py:3441} INFO - Setting next_dagrun for dataset_consumes_unknown_never_scheduled to None, run_after=None
[2023-11-15T11:01:51.638+0000] {logging_mixin.py:137} INFO - [2023-11-15T11:01:51.638+0000] {dag.py:3441} INFO - Setting next_dagrun for dataset_produces_1 to 2023-11-14T00:00:00+00:00, run_after=2023-11-15T00:00:00+00:00
[2023-11-15T11:01:51.639+0000] {logging_mixin.py:137} INFO - [2023-11-15T11:01:51.639+0000] {dag.py:3441} INFO - Setting next_dagrun for dataset_produces_2 to None, run_after=None
[2023-11-15T11:01:51.655+0000] {processor.py:175} INFO - Processing /home/airflow/.local/lib/python3.7/site-packages/airflow/example_dags/example_datasets.py took 0.066 seconds
[2023-11-15T12:43:54.012+0000] {processor.py:153} INFO - Started process (PID=8968) to work on /home/airflow/.local/lib/python3.7/site-packages/airflow/example_dags/example_datasets.py
[2023-11-15T12:43:54.013+0000] {processor.py:743} INFO - Processing file /home/airflow/.local/lib/python3.7/site-packages/airflow/example_dags/example_datasets.py for tasks to queue
[2023-11-15T12:43:54.014+0000] {logging_mixin.py:137} INFO - [2023-11-15T12:43:54.014+0000] {dagbag.py:538} INFO - Filling up the DagBag from /home/airflow/.local/lib/python3.7/site-packages/airflow/example_dags/example_datasets.py
[2023-11-15T12:43:54.026+0000] {processor.py:753} INFO - DAG(s) dict_keys(['dataset_produces_1', 'dataset_consumes_unknown_never_scheduled', 'dataset_produces_2', 'dataset_consumes_1_never_scheduled', 'dataset_consumes_1_and_2', 'dataset_consumes_1']) retrieved from /home/airflow/.local/lib/python3.7/site-packages/airflow/example_dags/example_datasets.py
[2023-11-15T12:43:54.052+0000] {logging_mixin.py:137} INFO - [2023-11-15T12:43:54.052+0000] {dag.py:2690} INFO - Sync 6 DAGs
[2023-11-15T12:43:54.067+0000] {logging_mixin.py:137} INFO - [2023-11-15T12:43:54.067+0000] {dag.py:3441} INFO - Setting next_dagrun for dataset_consumes_1 to None, run_after=None
[2023-11-15T12:43:54.068+0000] {logging_mixin.py:137} INFO - [2023-11-15T12:43:54.068+0000] {dag.py:3441} INFO - Setting next_dagrun for dataset_consumes_1_and_2 to None, run_after=None
[2023-11-15T12:43:54.069+0000] {logging_mixin.py:137} INFO - [2023-11-15T12:43:54.069+0000] {dag.py:3441} INFO - Setting next_dagrun for dataset_consumes_1_never_scheduled to None, run_after=None
[2023-11-15T12:43:54.070+0000] {logging_mixin.py:137} INFO - [2023-11-15T12:43:54.070+0000] {dag.py:3441} INFO - Setting next_dagrun for dataset_consumes_unknown_never_scheduled to None, run_after=None
[2023-11-15T12:43:54.071+0000] {logging_mixin.py:137} INFO - [2023-11-15T12:43:54.071+0000] {dag.py:3441} INFO - Setting next_dagrun for dataset_produces_1 to 2023-11-14T00:00:00+00:00, run_after=2023-11-15T00:00:00+00:00
[2023-11-15T12:43:54.073+0000] {logging_mixin.py:137} INFO - [2023-11-15T12:43:54.073+0000] {dag.py:3441} INFO - Setting next_dagrun for dataset_produces_2 to None, run_after=None
[2023-11-15T12:43:54.089+0000] {processor.py:175} INFO - Processing /home/airflow/.local/lib/python3.7/site-packages/airflow/example_dags/example_datasets.py took 0.080 seconds
[2023-11-15T14:20:09.876+0000] {processor.py:153} INFO - Started process (PID=9052) to work on /home/airflow/.local/lib/python3.7/site-packages/airflow/example_dags/example_datasets.py
[2023-11-15T14:20:09.876+0000] {processor.py:743} INFO - Processing file /home/airflow/.local/lib/python3.7/site-packages/airflow/example_dags/example_datasets.py for tasks to queue
[2023-11-15T14:20:09.877+0000] {logging_mixin.py:137} INFO - [2023-11-15T14:20:09.877+0000] {dagbag.py:538} INFO - Filling up the DagBag from /home/airflow/.local/lib/python3.7/site-packages/airflow/example_dags/example_datasets.py
[2023-11-15T14:20:09.889+0000] {processor.py:753} INFO - DAG(s) dict_keys(['dataset_consumes_unknown_never_scheduled', 'dataset_produces_2', 'dataset_consumes_1', 'dataset_consumes_1_and_2', 'dataset_consumes_1_never_scheduled', 'dataset_produces_1']) retrieved from /home/airflow/.local/lib/python3.7/site-packages/airflow/example_dags/example_datasets.py
[2023-11-15T14:20:09.911+0000] {logging_mixin.py:137} INFO - [2023-11-15T14:20:09.911+0000] {dag.py:2690} INFO - Sync 6 DAGs
[2023-11-15T14:20:09.924+0000] {logging_mixin.py:137} INFO - [2023-11-15T14:20:09.924+0000] {dag.py:3441} INFO - Setting next_dagrun for dataset_consumes_1 to None, run_after=None
[2023-11-15T14:20:09.926+0000] {logging_mixin.py:137} INFO - [2023-11-15T14:20:09.925+0000] {dag.py:3441} INFO - Setting next_dagrun for dataset_consumes_1_and_2 to None, run_after=None
[2023-11-15T14:20:09.926+0000] {logging_mixin.py:137} INFO - [2023-11-15T14:20:09.926+0000] {dag.py:3441} INFO - Setting next_dagrun for dataset_consumes_1_never_scheduled to None, run_after=None
[2023-11-15T14:20:09.927+0000] {logging_mixin.py:137} INFO - [2023-11-15T14:20:09.927+0000] {dag.py:3441} INFO - Setting next_dagrun for dataset_consumes_unknown_never_scheduled to None, run_after=None
[2023-11-15T14:20:09.928+0000] {logging_mixin.py:137} INFO - [2023-11-15T14:20:09.928+0000] {dag.py:3441} INFO - Setting next_dagrun for dataset_produces_1 to 2023-11-14T00:00:00+00:00, run_after=2023-11-15T00:00:00+00:00
[2023-11-15T14:20:09.929+0000] {logging_mixin.py:137} INFO - [2023-11-15T14:20:09.929+0000] {dag.py:3441} INFO - Setting next_dagrun for dataset_produces_2 to None, run_after=None
[2023-11-15T14:20:09.944+0000] {processor.py:175} INFO - Processing /home/airflow/.local/lib/python3.7/site-packages/airflow/example_dags/example_datasets.py took 0.071 seconds
[2023-11-15T15:40:00.859+0000] {processor.py:153} INFO - Started process (PID=9140) to work on /home/airflow/.local/lib/python3.7/site-packages/airflow/example_dags/example_datasets.py
[2023-11-15T15:40:00.859+0000] {processor.py:743} INFO - Processing file /home/airflow/.local/lib/python3.7/site-packages/airflow/example_dags/example_datasets.py for tasks to queue
[2023-11-15T15:40:00.860+0000] {logging_mixin.py:137} INFO - [2023-11-15T15:40:00.860+0000] {dagbag.py:538} INFO - Filling up the DagBag from /home/airflow/.local/lib/python3.7/site-packages/airflow/example_dags/example_datasets.py
[2023-11-15T15:40:00.870+0000] {processor.py:753} INFO - DAG(s) dict_keys(['dataset_consumes_1', 'dataset_consumes_1_never_scheduled', 'dataset_produces_2', 'dataset_consumes_1_and_2', 'dataset_consumes_unknown_never_scheduled', 'dataset_produces_1']) retrieved from /home/airflow/.local/lib/python3.7/site-packages/airflow/example_dags/example_datasets.py
[2023-11-15T15:40:00.889+0000] {logging_mixin.py:137} INFO - [2023-11-15T15:40:00.889+0000] {dag.py:2690} INFO - Sync 6 DAGs
[2023-11-15T15:40:00.901+0000] {logging_mixin.py:137} INFO - [2023-11-15T15:40:00.901+0000] {dag.py:3441} INFO - Setting next_dagrun for dataset_consumes_1 to None, run_after=None
[2023-11-15T15:40:00.903+0000] {logging_mixin.py:137} INFO - [2023-11-15T15:40:00.903+0000] {dag.py:3441} INFO - Setting next_dagrun for dataset_consumes_1_and_2 to None, run_after=None
[2023-11-15T15:40:00.903+0000] {logging_mixin.py:137} INFO - [2023-11-15T15:40:00.903+0000] {dag.py:3441} INFO - Setting next_dagrun for dataset_consumes_1_never_scheduled to None, run_after=None
[2023-11-15T15:40:00.904+0000] {logging_mixin.py:137} INFO - [2023-11-15T15:40:00.904+0000] {dag.py:3441} INFO - Setting next_dagrun for dataset_consumes_unknown_never_scheduled to None, run_after=None
[2023-11-15T15:40:00.905+0000] {logging_mixin.py:137} INFO - [2023-11-15T15:40:00.905+0000] {dag.py:3441} INFO - Setting next_dagrun for dataset_produces_1 to 2023-11-14T00:00:00+00:00, run_after=2023-11-15T00:00:00+00:00
[2023-11-15T15:40:00.906+0000] {logging_mixin.py:137} INFO - [2023-11-15T15:40:00.906+0000] {dag.py:3441} INFO - Setting next_dagrun for dataset_produces_2 to None, run_after=None
[2023-11-15T15:40:00.921+0000] {processor.py:175} INFO - Processing /home/airflow/.local/lib/python3.7/site-packages/airflow/example_dags/example_datasets.py took 0.064 seconds
[2023-11-15T17:20:38.821+0000] {processor.py:153} INFO - Started process (PID=9235) to work on /home/airflow/.local/lib/python3.7/site-packages/airflow/example_dags/example_datasets.py
[2023-11-15T17:20:38.822+0000] {processor.py:743} INFO - Processing file /home/airflow/.local/lib/python3.7/site-packages/airflow/example_dags/example_datasets.py for tasks to queue
[2023-11-15T17:20:38.822+0000] {logging_mixin.py:137} INFO - [2023-11-15T17:20:38.822+0000] {dagbag.py:538} INFO - Filling up the DagBag from /home/airflow/.local/lib/python3.7/site-packages/airflow/example_dags/example_datasets.py
[2023-11-15T17:20:38.833+0000] {processor.py:753} INFO - DAG(s) dict_keys(['dataset_consumes_unknown_never_scheduled', 'dataset_consumes_1_and_2', 'dataset_produces_1', 'dataset_produces_2', 'dataset_consumes_1', 'dataset_consumes_1_never_scheduled']) retrieved from /home/airflow/.local/lib/python3.7/site-packages/airflow/example_dags/example_datasets.py
[2023-11-15T17:20:38.853+0000] {logging_mixin.py:137} INFO - [2023-11-15T17:20:38.853+0000] {dag.py:2690} INFO - Sync 6 DAGs
[2023-11-15T17:20:38.866+0000] {logging_mixin.py:137} INFO - [2023-11-15T17:20:38.866+0000] {dag.py:3441} INFO - Setting next_dagrun for dataset_consumes_1 to None, run_after=None
[2023-11-15T17:20:38.868+0000] {logging_mixin.py:137} INFO - [2023-11-15T17:20:38.868+0000] {dag.py:3441} INFO - Setting next_dagrun for dataset_consumes_1_and_2 to None, run_after=None
[2023-11-15T17:20:38.868+0000] {logging_mixin.py:137} INFO - [2023-11-15T17:20:38.868+0000] {dag.py:3441} INFO - Setting next_dagrun for dataset_consumes_1_never_scheduled to None, run_after=None
[2023-11-15T17:20:38.869+0000] {logging_mixin.py:137} INFO - [2023-11-15T17:20:38.869+0000] {dag.py:3441} INFO - Setting next_dagrun for dataset_consumes_unknown_never_scheduled to None, run_after=None
[2023-11-15T17:20:38.870+0000] {logging_mixin.py:137} INFO - [2023-11-15T17:20:38.870+0000] {dag.py:3441} INFO - Setting next_dagrun for dataset_produces_1 to 2023-11-14T00:00:00+00:00, run_after=2023-11-15T00:00:00+00:00
[2023-11-15T17:20:38.870+0000] {logging_mixin.py:137} INFO - [2023-11-15T17:20:38.870+0000] {dag.py:3441} INFO - Setting next_dagrun for dataset_produces_2 to None, run_after=None
[2023-11-15T17:20:38.884+0000] {processor.py:175} INFO - Processing /home/airflow/.local/lib/python3.7/site-packages/airflow/example_dags/example_datasets.py took 0.064 seconds
[2023-11-15T18:40:05.613+0000] {processor.py:153} INFO - Started process (PID=9330) to work on /home/airflow/.local/lib/python3.7/site-packages/airflow/example_dags/example_datasets.py
[2023-11-15T18:40:05.614+0000] {processor.py:743} INFO - Processing file /home/airflow/.local/lib/python3.7/site-packages/airflow/example_dags/example_datasets.py for tasks to queue
[2023-11-15T18:40:05.615+0000] {logging_mixin.py:137} INFO - [2023-11-15T18:40:05.615+0000] {dagbag.py:538} INFO - Filling up the DagBag from /home/airflow/.local/lib/python3.7/site-packages/airflow/example_dags/example_datasets.py
[2023-11-15T18:40:05.628+0000] {processor.py:753} INFO - DAG(s) dict_keys(['dataset_consumes_1', 'dataset_produces_1', 'dataset_consumes_unknown_never_scheduled', 'dataset_consumes_1_and_2', 'dataset_produces_2', 'dataset_consumes_1_never_scheduled']) retrieved from /home/airflow/.local/lib/python3.7/site-packages/airflow/example_dags/example_datasets.py
[2023-11-15T18:40:05.653+0000] {logging_mixin.py:137} INFO - [2023-11-15T18:40:05.653+0000] {dag.py:2690} INFO - Sync 6 DAGs
[2023-11-15T18:40:05.666+0000] {logging_mixin.py:137} INFO - [2023-11-15T18:40:05.666+0000] {dag.py:3441} INFO - Setting next_dagrun for dataset_consumes_1 to None, run_after=None
[2023-11-15T18:40:05.668+0000] {logging_mixin.py:137} INFO - [2023-11-15T18:40:05.668+0000] {dag.py:3441} INFO - Setting next_dagrun for dataset_consumes_1_and_2 to None, run_after=None
[2023-11-15T18:40:05.669+0000] {logging_mixin.py:137} INFO - [2023-11-15T18:40:05.669+0000] {dag.py:3441} INFO - Setting next_dagrun for dataset_consumes_1_never_scheduled to None, run_after=None
[2023-11-15T18:40:05.670+0000] {logging_mixin.py:137} INFO - [2023-11-15T18:40:05.670+0000] {dag.py:3441} INFO - Setting next_dagrun for dataset_consumes_unknown_never_scheduled to None, run_after=None
[2023-11-15T18:40:05.671+0000] {logging_mixin.py:137} INFO - [2023-11-15T18:40:05.671+0000] {dag.py:3441} INFO - Setting next_dagrun for dataset_produces_1 to 2023-11-14T00:00:00+00:00, run_after=2023-11-15T00:00:00+00:00
[2023-11-15T18:40:05.672+0000] {logging_mixin.py:137} INFO - [2023-11-15T18:40:05.672+0000] {dag.py:3441} INFO - Setting next_dagrun for dataset_produces_2 to None, run_after=None
[2023-11-15T18:40:05.687+0000] {processor.py:175} INFO - Processing /home/airflow/.local/lib/python3.7/site-packages/airflow/example_dags/example_datasets.py took 0.076 seconds
[2023-11-15T20:05:09.802+0000] {processor.py:153} INFO - Started process (PID=9407) to work on /home/airflow/.local/lib/python3.7/site-packages/airflow/example_dags/example_datasets.py
[2023-11-15T20:05:09.803+0000] {processor.py:743} INFO - Processing file /home/airflow/.local/lib/python3.7/site-packages/airflow/example_dags/example_datasets.py for tasks to queue
[2023-11-15T20:05:09.803+0000] {logging_mixin.py:137} INFO - [2023-11-15T20:05:09.803+0000] {dagbag.py:538} INFO - Filling up the DagBag from /home/airflow/.local/lib/python3.7/site-packages/airflow/example_dags/example_datasets.py
[2023-11-15T20:05:09.813+0000] {processor.py:753} INFO - DAG(s) dict_keys(['dataset_produces_2', 'dataset_consumes_1', 'dataset_produces_1', 'dataset_consumes_1_never_scheduled', 'dataset_consumes_unknown_never_scheduled', 'dataset_consumes_1_and_2']) retrieved from /home/airflow/.local/lib/python3.7/site-packages/airflow/example_dags/example_datasets.py
[2023-11-15T20:05:09.833+0000] {logging_mixin.py:137} INFO - [2023-11-15T20:05:09.833+0000] {dag.py:2690} INFO - Sync 6 DAGs
[2023-11-15T20:05:09.844+0000] {logging_mixin.py:137} INFO - [2023-11-15T20:05:09.844+0000] {dag.py:3441} INFO - Setting next_dagrun for dataset_consumes_1 to None, run_after=None
[2023-11-15T20:05:09.846+0000] {logging_mixin.py:137} INFO - [2023-11-15T20:05:09.846+0000] {dag.py:3441} INFO - Setting next_dagrun for dataset_consumes_1_and_2 to None, run_after=None
[2023-11-15T20:05:09.847+0000] {logging_mixin.py:137} INFO - [2023-11-15T20:05:09.847+0000] {dag.py:3441} INFO - Setting next_dagrun for dataset_consumes_1_never_scheduled to None, run_after=None
[2023-11-15T20:05:09.847+0000] {logging_mixin.py:137} INFO - [2023-11-15T20:05:09.847+0000] {dag.py:3441} INFO - Setting next_dagrun for dataset_consumes_unknown_never_scheduled to None, run_after=None
[2023-11-15T20:05:09.848+0000] {logging_mixin.py:137} INFO - [2023-11-15T20:05:09.848+0000] {dag.py:3441} INFO - Setting next_dagrun for dataset_produces_1 to 2023-11-14T00:00:00+00:00, run_after=2023-11-15T00:00:00+00:00
[2023-11-15T20:05:09.849+0000] {logging_mixin.py:137} INFO - [2023-11-15T20:05:09.849+0000] {dag.py:3441} INFO - Setting next_dagrun for dataset_produces_2 to None, run_after=None
[2023-11-15T20:05:09.864+0000] {processor.py:175} INFO - Processing /home/airflow/.local/lib/python3.7/site-packages/airflow/example_dags/example_datasets.py took 0.064 seconds
[2023-11-15T21:44:29.958+0000] {processor.py:153} INFO - Started process (PID=9502) to work on /home/airflow/.local/lib/python3.7/site-packages/airflow/example_dags/example_datasets.py
[2023-11-15T21:44:29.958+0000] {processor.py:743} INFO - Processing file /home/airflow/.local/lib/python3.7/site-packages/airflow/example_dags/example_datasets.py for tasks to queue
[2023-11-15T21:44:29.959+0000] {logging_mixin.py:137} INFO - [2023-11-15T21:44:29.959+0000] {dagbag.py:538} INFO - Filling up the DagBag from /home/airflow/.local/lib/python3.7/site-packages/airflow/example_dags/example_datasets.py
[2023-11-15T21:44:29.969+0000] {processor.py:753} INFO - DAG(s) dict_keys(['dataset_consumes_1', 'dataset_produces_1', 'dataset_produces_2', 'dataset_consumes_unknown_never_scheduled', 'dataset_consumes_1_never_scheduled', 'dataset_consumes_1_and_2']) retrieved from /home/airflow/.local/lib/python3.7/site-packages/airflow/example_dags/example_datasets.py
[2023-11-15T21:44:29.989+0000] {logging_mixin.py:137} INFO - [2023-11-15T21:44:29.989+0000] {dag.py:2690} INFO - Sync 6 DAGs
[2023-11-15T21:44:30.001+0000] {logging_mixin.py:137} INFO - [2023-11-15T21:44:30.001+0000] {dag.py:3441} INFO - Setting next_dagrun for dataset_consumes_1 to None, run_after=None
[2023-11-15T21:44:30.003+0000] {logging_mixin.py:137} INFO - [2023-11-15T21:44:30.003+0000] {dag.py:3441} INFO - Setting next_dagrun for dataset_consumes_1_and_2 to None, run_after=None
[2023-11-15T21:44:30.003+0000] {logging_mixin.py:137} INFO - [2023-11-15T21:44:30.003+0000] {dag.py:3441} INFO - Setting next_dagrun for dataset_consumes_1_never_scheduled to None, run_after=None
[2023-11-15T21:44:30.004+0000] {logging_mixin.py:137} INFO - [2023-11-15T21:44:30.004+0000] {dag.py:3441} INFO - Setting next_dagrun for dataset_consumes_unknown_never_scheduled to None, run_after=None
[2023-11-15T21:44:30.005+0000] {logging_mixin.py:137} INFO - [2023-11-15T21:44:30.005+0000] {dag.py:3441} INFO - Setting next_dagrun for dataset_produces_1 to 2023-11-14T00:00:00+00:00, run_after=2023-11-15T00:00:00+00:00
[2023-11-15T21:44:30.006+0000] {logging_mixin.py:137} INFO - [2023-11-15T21:44:30.006+0000] {dag.py:3441} INFO - Setting next_dagrun for dataset_produces_2 to None, run_after=None
[2023-11-15T21:44:30.022+0000] {processor.py:175} INFO - Processing /home/airflow/.local/lib/python3.7/site-packages/airflow/example_dags/example_datasets.py took 0.066 seconds
[2023-11-15T21:45:00.805+0000] {processor.py:153} INFO - Started process (PID=9597) to work on /home/airflow/.local/lib/python3.7/site-packages/airflow/example_dags/example_datasets.py
[2023-11-15T21:45:00.805+0000] {processor.py:743} INFO - Processing file /home/airflow/.local/lib/python3.7/site-packages/airflow/example_dags/example_datasets.py for tasks to queue
[2023-11-15T21:45:00.806+0000] {logging_mixin.py:137} INFO - [2023-11-15T21:45:00.805+0000] {dagbag.py:538} INFO - Filling up the DagBag from /home/airflow/.local/lib/python3.7/site-packages/airflow/example_dags/example_datasets.py
[2023-11-15T21:45:00.816+0000] {processor.py:753} INFO - DAG(s) dict_keys(['dataset_consumes_1_never_scheduled', 'dataset_consumes_1', 'dataset_produces_1', 'dataset_consumes_unknown_never_scheduled', 'dataset_consumes_1_and_2', 'dataset_produces_2']) retrieved from /home/airflow/.local/lib/python3.7/site-packages/airflow/example_dags/example_datasets.py
[2023-11-15T21:45:00.837+0000] {logging_mixin.py:137} INFO - [2023-11-15T21:45:00.837+0000] {dag.py:2690} INFO - Sync 6 DAGs
[2023-11-15T21:45:00.849+0000] {logging_mixin.py:137} INFO - [2023-11-15T21:45:00.849+0000] {dag.py:3441} INFO - Setting next_dagrun for dataset_consumes_1 to None, run_after=None
[2023-11-15T21:45:00.851+0000] {logging_mixin.py:137} INFO - [2023-11-15T21:45:00.851+0000] {dag.py:3441} INFO - Setting next_dagrun for dataset_consumes_1_and_2 to None, run_after=None
[2023-11-15T21:45:00.852+0000] {logging_mixin.py:137} INFO - [2023-11-15T21:45:00.852+0000] {dag.py:3441} INFO - Setting next_dagrun for dataset_consumes_1_never_scheduled to None, run_after=None
[2023-11-15T21:45:00.852+0000] {logging_mixin.py:137} INFO - [2023-11-15T21:45:00.852+0000] {dag.py:3441} INFO - Setting next_dagrun for dataset_consumes_unknown_never_scheduled to None, run_after=None
[2023-11-15T21:45:00.854+0000] {logging_mixin.py:137} INFO - [2023-11-15T21:45:00.854+0000] {dag.py:3441} INFO - Setting next_dagrun for dataset_produces_1 to 2023-11-14T00:00:00+00:00, run_after=2023-11-15T00:00:00+00:00
[2023-11-15T21:45:00.854+0000] {logging_mixin.py:137} INFO - [2023-11-15T21:45:00.854+0000] {dag.py:3441} INFO - Setting next_dagrun for dataset_produces_2 to None, run_after=None
[2023-11-15T21:45:00.870+0000] {processor.py:175} INFO - Processing /home/airflow/.local/lib/python3.7/site-packages/airflow/example_dags/example_datasets.py took 0.067 seconds
[2023-11-15T21:45:31.567+0000] {processor.py:153} INFO - Started process (PID=9674) to work on /home/airflow/.local/lib/python3.7/site-packages/airflow/example_dags/example_datasets.py
[2023-11-15T21:45:31.568+0000] {processor.py:743} INFO - Processing file /home/airflow/.local/lib/python3.7/site-packages/airflow/example_dags/example_datasets.py for tasks to queue
[2023-11-15T21:45:31.568+0000] {logging_mixin.py:137} INFO - [2023-11-15T21:45:31.568+0000] {dagbag.py:538} INFO - Filling up the DagBag from /home/airflow/.local/lib/python3.7/site-packages/airflow/example_dags/example_datasets.py
[2023-11-15T21:45:31.578+0000] {processor.py:753} INFO - DAG(s) dict_keys(['dataset_consumes_unknown_never_scheduled', 'dataset_produces_1', 'dataset_consumes_1_and_2', 'dataset_consumes_1', 'dataset_produces_2', 'dataset_consumes_1_never_scheduled']) retrieved from /home/airflow/.local/lib/python3.7/site-packages/airflow/example_dags/example_datasets.py
[2023-11-15T21:45:31.596+0000] {logging_mixin.py:137} INFO - [2023-11-15T21:45:31.596+0000] {dag.py:2690} INFO - Sync 6 DAGs
[2023-11-15T21:45:31.608+0000] {logging_mixin.py:137} INFO - [2023-11-15T21:45:31.608+0000] {dag.py:3441} INFO - Setting next_dagrun for dataset_consumes_1 to None, run_after=None
[2023-11-15T21:45:31.610+0000] {logging_mixin.py:137} INFO - [2023-11-15T21:45:31.610+0000] {dag.py:3441} INFO - Setting next_dagrun for dataset_consumes_1_and_2 to None, run_after=None
[2023-11-15T21:45:31.610+0000] {logging_mixin.py:137} INFO - [2023-11-15T21:45:31.610+0000] {dag.py:3441} INFO - Setting next_dagrun for dataset_consumes_1_never_scheduled to None, run_after=None
[2023-11-15T21:45:31.611+0000] {logging_mixin.py:137} INFO - [2023-11-15T21:45:31.611+0000] {dag.py:3441} INFO - Setting next_dagrun for dataset_consumes_unknown_never_scheduled to None, run_after=None
[2023-11-15T21:45:31.612+0000] {logging_mixin.py:137} INFO - [2023-11-15T21:45:31.612+0000] {dag.py:3441} INFO - Setting next_dagrun for dataset_produces_1 to 2023-11-14T00:00:00+00:00, run_after=2023-11-15T00:00:00+00:00
[2023-11-15T21:45:31.612+0000] {logging_mixin.py:137} INFO - [2023-11-15T21:45:31.612+0000] {dag.py:3441} INFO - Setting next_dagrun for dataset_produces_2 to None, run_after=None
[2023-11-15T21:45:31.628+0000] {processor.py:175} INFO - Processing /home/airflow/.local/lib/python3.7/site-packages/airflow/example_dags/example_datasets.py took 0.063 seconds
[2023-11-15T23:03:42.036+0000] {processor.py:153} INFO - Started process (PID=9769) to work on /home/airflow/.local/lib/python3.7/site-packages/airflow/example_dags/example_datasets.py
[2023-11-15T23:03:42.036+0000] {processor.py:743} INFO - Processing file /home/airflow/.local/lib/python3.7/site-packages/airflow/example_dags/example_datasets.py for tasks to queue
[2023-11-15T23:03:42.037+0000] {logging_mixin.py:137} INFO - [2023-11-15T23:03:42.037+0000] {dagbag.py:538} INFO - Filling up the DagBag from /home/airflow/.local/lib/python3.7/site-packages/airflow/example_dags/example_datasets.py
[2023-11-15T23:03:42.047+0000] {processor.py:753} INFO - DAG(s) dict_keys(['dataset_consumes_unknown_never_scheduled', 'dataset_consumes_1_and_2', 'dataset_produces_1', 'dataset_consumes_1_never_scheduled', 'dataset_produces_2', 'dataset_consumes_1']) retrieved from /home/airflow/.local/lib/python3.7/site-packages/airflow/example_dags/example_datasets.py
[2023-11-15T23:03:42.066+0000] {logging_mixin.py:137} INFO - [2023-11-15T23:03:42.066+0000] {dag.py:2690} INFO - Sync 6 DAGs
[2023-11-15T23:03:42.079+0000] {logging_mixin.py:137} INFO - [2023-11-15T23:03:42.079+0000] {dag.py:3441} INFO - Setting next_dagrun for dataset_consumes_1 to None, run_after=None
[2023-11-15T23:03:42.081+0000] {logging_mixin.py:137} INFO - [2023-11-15T23:03:42.081+0000] {dag.py:3441} INFO - Setting next_dagrun for dataset_consumes_1_and_2 to None, run_after=None
[2023-11-15T23:03:42.081+0000] {logging_mixin.py:137} INFO - [2023-11-15T23:03:42.081+0000] {dag.py:3441} INFO - Setting next_dagrun for dataset_consumes_1_never_scheduled to None, run_after=None
[2023-11-15T23:03:42.082+0000] {logging_mixin.py:137} INFO - [2023-11-15T23:03:42.082+0000] {dag.py:3441} INFO - Setting next_dagrun for dataset_consumes_unknown_never_scheduled to None, run_after=None
[2023-11-15T23:03:42.083+0000] {logging_mixin.py:137} INFO - [2023-11-15T23:03:42.083+0000] {dag.py:3441} INFO - Setting next_dagrun for dataset_produces_1 to 2023-11-14T00:00:00+00:00, run_after=2023-11-15T00:00:00+00:00
[2023-11-15T23:03:42.084+0000] {logging_mixin.py:137} INFO - [2023-11-15T23:03:42.084+0000] {dag.py:3441} INFO - Setting next_dagrun for dataset_produces_2 to None, run_after=None
[2023-11-15T23:03:42.099+0000] {processor.py:175} INFO - Processing /home/airflow/.local/lib/python3.7/site-packages/airflow/example_dags/example_datasets.py took 0.065 seconds
