[2023-11-24T00:51:29.492+0000] {taskinstance.py:1083} INFO - Dependencies all met for <TaskInstance: producer.update_dataset scheduled__2023-11-23T00:00:00+00:00 [queued]>
[2023-11-24T00:51:29.501+0000] {taskinstance.py:1083} INFO - Dependencies all met for <TaskInstance: producer.update_dataset scheduled__2023-11-23T00:00:00+00:00 [queued]>
[2023-11-24T00:51:29.502+0000] {taskinstance.py:1279} INFO - 
--------------------------------------------------------------------------------
[2023-11-24T00:51:29.503+0000] {taskinstance.py:1280} INFO - Starting attempt 1 of 1
[2023-11-24T00:51:29.506+0000] {taskinstance.py:1281} INFO - 
--------------------------------------------------------------------------------
[2023-11-24T00:51:29.555+0000] {taskinstance.py:1300} INFO - Executing <Task(_PythonDecoratedOperator): update_dataset> on 2023-11-23 00:00:00+00:00
[2023-11-24T00:51:29.565+0000] {standard_task_runner.py:55} INFO - Started process 1832 to run task
[2023-11-24T00:51:29.575+0000] {standard_task_runner.py:82} INFO - Running: ['***', 'tasks', 'run', 'producer', 'update_dataset', 'scheduled__2023-11-23T00:00:00+00:00', '--job-id', '133', '--raw', '--subdir', 'DAGS_FOLDER/producer.py', '--cfg-path', '/tmp/tmprxbr986w']
[2023-11-24T00:51:29.577+0000] {standard_task_runner.py:83} INFO - Job 133: Subtask update_dataset
[2023-11-24T00:51:29.956+0000] {task_command.py:388} INFO - Running <TaskInstance: producer.update_dataset scheduled__2023-11-23T00:00:00+00:00 [running]> on host a63561e76058
[2023-11-24T00:51:30.007+0000] {taskinstance.py:1509} INFO - Exporting the following env vars:
AIRFLOW_CTX_DAG_OWNER=***
AIRFLOW_CTX_DAG_ID=producer
AIRFLOW_CTX_TASK_ID=update_dataset
AIRFLOW_CTX_EXECUTION_DATE=2023-11-23T00:00:00+00:00
AIRFLOW_CTX_TRY_NUMBER=1
AIRFLOW_CTX_DAG_RUN_ID=scheduled__2023-11-23T00:00:00+00:00
[2023-11-24T00:51:30.008+0000] {python.py:177} INFO - Done. Returned value was: None
[2023-11-24T00:51:30.009+0000] {warnings.py:110} WARNING - /home/***/.local/lib/python3.7/site-packages/***/models/baseoperator.py:1376: RemovedInAirflow3Warning: Passing 'execution_date' to 'TaskInstance.xcom_push()' is deprecated.
  context["ti"].xcom_push(key=key, value=value, execution_date=execution_date)

[2023-11-24T00:51:30.021+0000] {taskinstance.py:1323} INFO - Marking task as SUCCESS. dag_id=producer, task_id=update_dataset, execution_date=20231123T000000, start_date=20231124T005129, end_date=20231124T005130
[2023-11-24T00:51:30.042+0000] {local_task_job.py:208} INFO - Task exited with return code 0
[2023-11-24T00:51:30.059+0000] {taskinstance.py:2578} INFO - 1 downstream tasks scheduled from follow-on schedule check
