[2023-11-27T00:51:52.745+0000] {processor.py:153} INFO - Started process (PID=52736) to work on /opt/airflow/dags/parallel_dag.py
[2023-11-27T00:51:52.755+0000] {processor.py:743} INFO - Processing file /opt/airflow/dags/parallel_dag.py for tasks to queue
[2023-11-27T00:51:52.770+0000] {logging_mixin.py:137} INFO - [2023-11-27T00:51:52.770+0000] {dagbag.py:538} INFO - Filling up the DagBag from /opt/airflow/dags/parallel_dag.py
[2023-11-27T00:51:53.203+0000] {processor.py:753} INFO - DAG(s) dict_keys(['parallel_dag']) retrieved from /opt/airflow/dags/parallel_dag.py
[2023-11-27T00:51:53.275+0000] {logging_mixin.py:137} INFO - [2023-11-27T00:51:53.271+0000] {dag.py:2690} INFO - Sync 1 DAGs
[2023-11-27T00:51:53.326+0000] {logging_mixin.py:137} INFO - [2023-11-27T00:51:53.326+0000] {dag.py:3441} INFO - Setting next_dagrun for parallel_dag to 2023-11-27T00:00:00+00:00, run_after=2023-11-28T00:00:00+00:00
[2023-11-27T00:51:53.351+0000] {processor.py:175} INFO - Processing /opt/airflow/dags/parallel_dag.py took 0.635 seconds
[2023-11-27T02:16:56.197+0000] {processor.py:153} INFO - Started process (PID=52786) to work on /opt/airflow/dags/parallel_dag.py
[2023-11-27T02:16:56.198+0000] {processor.py:743} INFO - Processing file /opt/airflow/dags/parallel_dag.py for tasks to queue
[2023-11-27T02:16:56.199+0000] {logging_mixin.py:137} INFO - [2023-11-27T02:16:56.199+0000] {dagbag.py:538} INFO - Filling up the DagBag from /opt/airflow/dags/parallel_dag.py
[2023-11-27T02:16:56.233+0000] {processor.py:753} INFO - DAG(s) dict_keys(['parallel_dag']) retrieved from /opt/airflow/dags/parallel_dag.py
[2023-11-27T02:16:56.251+0000] {logging_mixin.py:137} INFO - [2023-11-27T02:16:56.251+0000] {dag.py:2690} INFO - Sync 1 DAGs
[2023-11-27T02:16:56.268+0000] {logging_mixin.py:137} INFO - [2023-11-27T02:16:56.268+0000] {dag.py:3441} INFO - Setting next_dagrun for parallel_dag to 2023-11-27T00:00:00+00:00, run_after=2023-11-28T00:00:00+00:00
[2023-11-27T02:16:56.278+0000] {processor.py:175} INFO - Processing /opt/airflow/dags/parallel_dag.py took 0.084 seconds
[2023-11-27T02:16:59.674+0000] {processor.py:153} INFO - Started process (PID=52791) to work on /opt/airflow/dags/parallel_dag.py
[2023-11-27T02:16:59.675+0000] {processor.py:743} INFO - Processing file /opt/airflow/dags/parallel_dag.py for tasks to queue
[2023-11-27T02:16:59.676+0000] {logging_mixin.py:137} INFO - [2023-11-27T02:16:59.675+0000] {dagbag.py:538} INFO - Filling up the DagBag from /opt/airflow/dags/parallel_dag.py
[2023-11-27T02:16:59.687+0000] {processor.py:753} INFO - DAG(s) dict_keys(['parallel_dag']) retrieved from /opt/airflow/dags/parallel_dag.py
[2023-11-27T02:16:59.702+0000] {logging_mixin.py:137} INFO - [2023-11-27T02:16:59.702+0000] {taskinstance.py:1770} ERROR - {'DAG Id': 'parallel_dag', 'Task Id': 'transform', 'Run Id': 'scheduled__2023-11-26T00:00:00+00:00', 'Hostname': 'a63561e76058', 'External Executor Id': '1e6b3a1a-850e-42af-a1b8-0c2ea0367ea2'}
[2023-11-27T02:16:59.712+0000] {logging_mixin.py:137} INFO - [2023-11-27T02:16:59.712+0000] {taskinstance.py:1323} INFO - Marking task as FAILED. dag_id=parallel_dag, task_id=transform, execution_date=20231126T000000, start_date=20231127T005215, end_date=20231127T021659
[2023-11-27T02:16:59.716+0000] {processor.py:713} INFO - Executed failure callback for <TaskInstance: parallel_dag.transform scheduled__2023-11-26T00:00:00+00:00 [failed]> in state failed
[2023-11-27T02:16:59.725+0000] {logging_mixin.py:137} INFO - [2023-11-27T02:16:59.725+0000] {dag.py:2690} INFO - Sync 1 DAGs
[2023-11-27T02:16:59.734+0000] {logging_mixin.py:137} INFO - [2023-11-27T02:16:59.734+0000] {dag.py:3441} INFO - Setting next_dagrun for parallel_dag to 2023-11-27T00:00:00+00:00, run_after=2023-11-28T00:00:00+00:00
[2023-11-27T02:16:59.741+0000] {processor.py:175} INFO - Processing /opt/airflow/dags/parallel_dag.py took 0.069 seconds
[2023-11-27T03:27:03.516+0000] {processor.py:153} INFO - Started process (PID=52846) to work on /opt/airflow/dags/parallel_dag.py
[2023-11-27T03:27:03.517+0000] {processor.py:743} INFO - Processing file /opt/airflow/dags/parallel_dag.py for tasks to queue
[2023-11-27T03:27:03.518+0000] {logging_mixin.py:137} INFO - [2023-11-27T03:27:03.518+0000] {dagbag.py:538} INFO - Filling up the DagBag from /opt/airflow/dags/parallel_dag.py
[2023-11-27T03:27:03.538+0000] {processor.py:753} INFO - DAG(s) dict_keys(['parallel_dag']) retrieved from /opt/airflow/dags/parallel_dag.py
[2023-11-27T03:27:03.553+0000] {logging_mixin.py:137} INFO - [2023-11-27T03:27:03.553+0000] {dag.py:2690} INFO - Sync 1 DAGs
[2023-11-27T03:27:03.568+0000] {logging_mixin.py:137} INFO - [2023-11-27T03:27:03.568+0000] {dag.py:3441} INFO - Setting next_dagrun for parallel_dag to 2023-11-27T00:00:00+00:00, run_after=2023-11-28T00:00:00+00:00
[2023-11-27T03:27:03.577+0000] {processor.py:175} INFO - Processing /opt/airflow/dags/parallel_dag.py took 0.064 seconds
[2023-11-27T04:51:20.255+0000] {processor.py:153} INFO - Started process (PID=52887) to work on /opt/airflow/dags/parallel_dag.py
[2023-11-27T04:51:20.256+0000] {processor.py:743} INFO - Processing file /opt/airflow/dags/parallel_dag.py for tasks to queue
[2023-11-27T04:51:20.256+0000] {logging_mixin.py:137} INFO - [2023-11-27T04:51:20.256+0000] {dagbag.py:538} INFO - Filling up the DagBag from /opt/airflow/dags/parallel_dag.py
[2023-11-27T04:51:20.279+0000] {processor.py:753} INFO - DAG(s) dict_keys(['parallel_dag']) retrieved from /opt/airflow/dags/parallel_dag.py
[2023-11-27T04:51:20.298+0000] {logging_mixin.py:137} INFO - [2023-11-27T04:51:20.298+0000] {dag.py:2690} INFO - Sync 1 DAGs
[2023-11-27T04:51:20.314+0000] {logging_mixin.py:137} INFO - [2023-11-27T04:51:20.314+0000] {dag.py:3441} INFO - Setting next_dagrun for parallel_dag to 2023-11-27T00:00:00+00:00, run_after=2023-11-28T00:00:00+00:00
[2023-11-27T04:51:20.322+0000] {processor.py:175} INFO - Processing /opt/airflow/dags/parallel_dag.py took 0.072 seconds
[2023-11-27T05:55:56.696+0000] {processor.py:153} INFO - Started process (PID=52946) to work on /opt/airflow/dags/parallel_dag.py
[2023-11-27T05:55:56.698+0000] {processor.py:743} INFO - Processing file /opt/airflow/dags/parallel_dag.py for tasks to queue
[2023-11-27T05:55:56.699+0000] {logging_mixin.py:137} INFO - [2023-11-27T05:55:56.699+0000] {dagbag.py:538} INFO - Filling up the DagBag from /opt/airflow/dags/parallel_dag.py
[2023-11-27T05:55:56.728+0000] {processor.py:753} INFO - DAG(s) dict_keys(['parallel_dag']) retrieved from /opt/airflow/dags/parallel_dag.py
[2023-11-27T05:55:56.762+0000] {logging_mixin.py:137} INFO - [2023-11-27T05:55:56.762+0000] {dag.py:2690} INFO - Sync 1 DAGs
[2023-11-27T05:55:56.794+0000] {logging_mixin.py:137} INFO - [2023-11-27T05:55:56.794+0000] {dag.py:3441} INFO - Setting next_dagrun for parallel_dag to 2023-11-27T00:00:00+00:00, run_after=2023-11-28T00:00:00+00:00
[2023-11-27T05:55:56.817+0000] {processor.py:175} INFO - Processing /opt/airflow/dags/parallel_dag.py took 0.127 seconds
[2023-11-27T07:19:14.148+0000] {processor.py:153} INFO - Started process (PID=53005) to work on /opt/airflow/dags/parallel_dag.py
[2023-11-27T07:19:14.151+0000] {processor.py:743} INFO - Processing file /opt/airflow/dags/parallel_dag.py for tasks to queue
[2023-11-27T07:19:14.152+0000] {logging_mixin.py:137} INFO - [2023-11-27T07:19:14.152+0000] {dagbag.py:538} INFO - Filling up the DagBag from /opt/airflow/dags/parallel_dag.py
[2023-11-27T07:19:14.184+0000] {processor.py:753} INFO - DAG(s) dict_keys(['parallel_dag']) retrieved from /opt/airflow/dags/parallel_dag.py
[2023-11-27T07:19:14.220+0000] {logging_mixin.py:137} INFO - [2023-11-27T07:19:14.220+0000] {dag.py:2690} INFO - Sync 1 DAGs
[2023-11-27T07:19:14.251+0000] {logging_mixin.py:137} INFO - [2023-11-27T07:19:14.251+0000] {dag.py:3441} INFO - Setting next_dagrun for parallel_dag to 2023-11-27T00:00:00+00:00, run_after=2023-11-28T00:00:00+00:00
[2023-11-27T07:19:14.267+0000] {processor.py:175} INFO - Processing /opt/airflow/dags/parallel_dag.py took 0.142 seconds
[2023-11-27T08:25:39.120+0000] {processor.py:153} INFO - Started process (PID=53046) to work on /opt/airflow/dags/parallel_dag.py
[2023-11-27T08:25:39.121+0000] {processor.py:743} INFO - Processing file /opt/airflow/dags/parallel_dag.py for tasks to queue
[2023-11-27T08:25:39.123+0000] {logging_mixin.py:137} INFO - [2023-11-27T08:25:39.123+0000] {dagbag.py:538} INFO - Filling up the DagBag from /opt/airflow/dags/parallel_dag.py
[2023-11-27T08:25:39.207+0000] {processor.py:753} INFO - DAG(s) dict_keys(['parallel_dag']) retrieved from /opt/airflow/dags/parallel_dag.py
[2023-11-27T08:25:39.232+0000] {logging_mixin.py:137} INFO - [2023-11-27T08:25:39.232+0000] {dag.py:2690} INFO - Sync 1 DAGs
[2023-11-27T08:25:39.266+0000] {logging_mixin.py:137} INFO - [2023-11-27T08:25:39.266+0000] {dag.py:3441} INFO - Setting next_dagrun for parallel_dag to 2023-11-27T00:00:00+00:00, run_after=2023-11-28T00:00:00+00:00
[2023-11-27T08:25:39.288+0000] {processor.py:175} INFO - Processing /opt/airflow/dags/parallel_dag.py took 0.174 seconds
[2023-11-27T09:49:11.909+0000] {processor.py:153} INFO - Started process (PID=53105) to work on /opt/airflow/dags/parallel_dag.py
[2023-11-27T09:49:11.910+0000] {processor.py:743} INFO - Processing file /opt/airflow/dags/parallel_dag.py for tasks to queue
[2023-11-27T09:49:11.911+0000] {logging_mixin.py:137} INFO - [2023-11-27T09:49:11.911+0000] {dagbag.py:538} INFO - Filling up the DagBag from /opt/airflow/dags/parallel_dag.py
[2023-11-27T09:49:11.946+0000] {processor.py:753} INFO - DAG(s) dict_keys(['parallel_dag']) retrieved from /opt/airflow/dags/parallel_dag.py
[2023-11-27T09:49:11.965+0000] {logging_mixin.py:137} INFO - [2023-11-27T09:49:11.965+0000] {dag.py:2690} INFO - Sync 1 DAGs
[2023-11-27T09:49:11.982+0000] {logging_mixin.py:137} INFO - [2023-11-27T09:49:11.982+0000] {dag.py:3441} INFO - Setting next_dagrun for parallel_dag to 2023-11-27T00:00:00+00:00, run_after=2023-11-28T00:00:00+00:00
[2023-11-27T09:49:11.992+0000] {processor.py:175} INFO - Processing /opt/airflow/dags/parallel_dag.py took 0.086 seconds
[2023-11-27T11:05:39.811+0000] {processor.py:153} INFO - Started process (PID=53146) to work on /opt/airflow/dags/parallel_dag.py
[2023-11-27T11:05:39.812+0000] {processor.py:743} INFO - Processing file /opt/airflow/dags/parallel_dag.py for tasks to queue
[2023-11-27T11:05:39.813+0000] {logging_mixin.py:137} INFO - [2023-11-27T11:05:39.813+0000] {dagbag.py:538} INFO - Filling up the DagBag from /opt/airflow/dags/parallel_dag.py
[2023-11-27T11:05:39.853+0000] {processor.py:753} INFO - DAG(s) dict_keys(['parallel_dag']) retrieved from /opt/airflow/dags/parallel_dag.py
[2023-11-27T11:05:39.876+0000] {logging_mixin.py:137} INFO - [2023-11-27T11:05:39.875+0000] {dag.py:2690} INFO - Sync 1 DAGs
[2023-11-27T11:05:39.891+0000] {logging_mixin.py:137} INFO - [2023-11-27T11:05:39.891+0000] {dag.py:3441} INFO - Setting next_dagrun for parallel_dag to 2023-11-27T00:00:00+00:00, run_after=2023-11-28T00:00:00+00:00
[2023-11-27T11:05:39.900+0000] {processor.py:175} INFO - Processing /opt/airflow/dags/parallel_dag.py took 0.092 seconds
[2023-11-27T12:34:26.008+0000] {processor.py:153} INFO - Started process (PID=53205) to work on /opt/airflow/dags/parallel_dag.py
[2023-11-27T12:34:26.011+0000] {processor.py:743} INFO - Processing file /opt/airflow/dags/parallel_dag.py for tasks to queue
[2023-11-27T12:34:26.013+0000] {logging_mixin.py:137} INFO - [2023-11-27T12:34:26.012+0000] {dagbag.py:538} INFO - Filling up the DagBag from /opt/airflow/dags/parallel_dag.py
[2023-11-27T12:34:26.108+0000] {processor.py:753} INFO - DAG(s) dict_keys(['parallel_dag']) retrieved from /opt/airflow/dags/parallel_dag.py
[2023-11-27T12:34:26.143+0000] {logging_mixin.py:137} INFO - [2023-11-27T12:34:26.143+0000] {dag.py:2690} INFO - Sync 1 DAGs
[2023-11-27T12:34:26.175+0000] {logging_mixin.py:137} INFO - [2023-11-27T12:34:26.174+0000] {dag.py:3441} INFO - Setting next_dagrun for parallel_dag to 2023-11-27T00:00:00+00:00, run_after=2023-11-28T00:00:00+00:00
[2023-11-27T12:34:26.212+0000] {processor.py:175} INFO - Processing /opt/airflow/dags/parallel_dag.py took 0.213 seconds
[2023-11-27T13:59:07.736+0000] {processor.py:153} INFO - Started process (PID=53264) to work on /opt/airflow/dags/parallel_dag.py
[2023-11-27T13:59:07.738+0000] {processor.py:743} INFO - Processing file /opt/airflow/dags/parallel_dag.py for tasks to queue
[2023-11-27T13:59:07.738+0000] {logging_mixin.py:137} INFO - [2023-11-27T13:59:07.738+0000] {dagbag.py:538} INFO - Filling up the DagBag from /opt/airflow/dags/parallel_dag.py
[2023-11-27T13:59:07.761+0000] {processor.py:753} INFO - DAG(s) dict_keys(['parallel_dag']) retrieved from /opt/airflow/dags/parallel_dag.py
[2023-11-27T13:59:07.778+0000] {logging_mixin.py:137} INFO - [2023-11-27T13:59:07.778+0000] {dag.py:2690} INFO - Sync 1 DAGs
[2023-11-27T13:59:07.794+0000] {logging_mixin.py:137} INFO - [2023-11-27T13:59:07.794+0000] {dag.py:3441} INFO - Setting next_dagrun for parallel_dag to 2023-11-27T00:00:00+00:00, run_after=2023-11-28T00:00:00+00:00
[2023-11-27T13:59:07.803+0000] {processor.py:175} INFO - Processing /opt/airflow/dags/parallel_dag.py took 0.070 seconds
[2023-11-27T15:19:54.829+0000] {processor.py:153} INFO - Started process (PID=53305) to work on /opt/airflow/dags/parallel_dag.py
[2023-11-27T15:19:54.830+0000] {processor.py:743} INFO - Processing file /opt/airflow/dags/parallel_dag.py for tasks to queue
[2023-11-27T15:19:54.832+0000] {logging_mixin.py:137} INFO - [2023-11-27T15:19:54.831+0000] {dagbag.py:538} INFO - Filling up the DagBag from /opt/airflow/dags/parallel_dag.py
[2023-11-27T15:19:54.876+0000] {processor.py:753} INFO - DAG(s) dict_keys(['parallel_dag']) retrieved from /opt/airflow/dags/parallel_dag.py
[2023-11-27T15:19:54.906+0000] {logging_mixin.py:137} INFO - [2023-11-27T15:19:54.906+0000] {dag.py:2690} INFO - Sync 1 DAGs
[2023-11-27T15:19:54.935+0000] {logging_mixin.py:137} INFO - [2023-11-27T15:19:54.935+0000] {dag.py:3441} INFO - Setting next_dagrun for parallel_dag to 2023-11-27T00:00:00+00:00, run_after=2023-11-28T00:00:00+00:00
[2023-11-27T15:19:54.973+0000] {processor.py:175} INFO - Processing /opt/airflow/dags/parallel_dag.py took 0.149 seconds
[2023-11-27T16:44:48.646+0000] {processor.py:153} INFO - Started process (PID=53364) to work on /opt/airflow/dags/parallel_dag.py
[2023-11-27T16:44:48.647+0000] {processor.py:743} INFO - Processing file /opt/airflow/dags/parallel_dag.py for tasks to queue
[2023-11-27T16:44:48.648+0000] {logging_mixin.py:137} INFO - [2023-11-27T16:44:48.648+0000] {dagbag.py:538} INFO - Filling up the DagBag from /opt/airflow/dags/parallel_dag.py
[2023-11-27T16:44:48.689+0000] {processor.py:753} INFO - DAG(s) dict_keys(['parallel_dag']) retrieved from /opt/airflow/dags/parallel_dag.py
[2023-11-27T16:44:48.718+0000] {logging_mixin.py:137} INFO - [2023-11-27T16:44:48.717+0000] {dag.py:2690} INFO - Sync 1 DAGs
[2023-11-27T16:44:48.751+0000] {logging_mixin.py:137} INFO - [2023-11-27T16:44:48.751+0000] {dag.py:3441} INFO - Setting next_dagrun for parallel_dag to 2023-11-27T00:00:00+00:00, run_after=2023-11-28T00:00:00+00:00
[2023-11-27T16:44:48.782+0000] {processor.py:175} INFO - Processing /opt/airflow/dags/parallel_dag.py took 0.144 seconds
[2023-11-27T18:04:23.236+0000] {processor.py:153} INFO - Started process (PID=53405) to work on /opt/airflow/dags/parallel_dag.py
[2023-11-27T18:04:23.238+0000] {processor.py:743} INFO - Processing file /opt/airflow/dags/parallel_dag.py for tasks to queue
[2023-11-27T18:04:23.240+0000] {logging_mixin.py:137} INFO - [2023-11-27T18:04:23.239+0000] {dagbag.py:538} INFO - Filling up the DagBag from /opt/airflow/dags/parallel_dag.py
[2023-11-27T18:04:23.312+0000] {processor.py:753} INFO - DAG(s) dict_keys(['parallel_dag']) retrieved from /opt/airflow/dags/parallel_dag.py
[2023-11-27T18:04:23.413+0000] {logging_mixin.py:137} INFO - [2023-11-27T18:04:23.412+0000] {dag.py:2690} INFO - Sync 1 DAGs
[2023-11-27T18:04:23.479+0000] {logging_mixin.py:137} INFO - [2023-11-27T18:04:23.478+0000] {dag.py:3441} INFO - Setting next_dagrun for parallel_dag to 2023-11-27T00:00:00+00:00, run_after=2023-11-28T00:00:00+00:00
[2023-11-27T18:04:23.527+0000] {processor.py:175} INFO - Processing /opt/airflow/dags/parallel_dag.py took 0.297 seconds
[2023-11-27T18:26:38.335+0000] {processor.py:153} INFO - Started process (PID=53463) to work on /opt/airflow/dags/parallel_dag.py
[2023-11-27T18:26:38.338+0000] {processor.py:743} INFO - Processing file /opt/airflow/dags/parallel_dag.py for tasks to queue
[2023-11-27T18:26:38.340+0000] {logging_mixin.py:137} INFO - [2023-11-27T18:26:38.339+0000] {dagbag.py:538} INFO - Filling up the DagBag from /opt/airflow/dags/parallel_dag.py
[2023-11-27T18:26:38.389+0000] {processor.py:753} INFO - DAG(s) dict_keys(['parallel_dag']) retrieved from /opt/airflow/dags/parallel_dag.py
[2023-11-27T18:26:38.450+0000] {logging_mixin.py:137} INFO - [2023-11-27T18:26:38.450+0000] {dag.py:2690} INFO - Sync 1 DAGs
[2023-11-27T18:26:38.483+0000] {logging_mixin.py:137} INFO - [2023-11-27T18:26:38.483+0000] {dag.py:3441} INFO - Setting next_dagrun for parallel_dag to 2023-11-27T00:00:00+00:00, run_after=2023-11-28T00:00:00+00:00
[2023-11-27T18:26:38.499+0000] {processor.py:175} INFO - Processing /opt/airflow/dags/parallel_dag.py took 0.179 seconds
[2023-11-27T19:02:50.927+0000] {processor.py:153} INFO - Started process (PID=53522) to work on /opt/airflow/dags/parallel_dag.py
[2023-11-27T19:02:50.929+0000] {processor.py:743} INFO - Processing file /opt/airflow/dags/parallel_dag.py for tasks to queue
[2023-11-27T19:02:50.931+0000] {logging_mixin.py:137} INFO - [2023-11-27T19:02:50.930+0000] {dagbag.py:538} INFO - Filling up the DagBag from /opt/airflow/dags/parallel_dag.py
[2023-11-27T19:02:50.979+0000] {processor.py:753} INFO - DAG(s) dict_keys(['parallel_dag']) retrieved from /opt/airflow/dags/parallel_dag.py
[2023-11-27T19:02:51.011+0000] {logging_mixin.py:137} INFO - [2023-11-27T19:02:51.011+0000] {dag.py:2690} INFO - Sync 1 DAGs
[2023-11-27T19:02:51.040+0000] {logging_mixin.py:137} INFO - [2023-11-27T19:02:51.040+0000] {dag.py:3441} INFO - Setting next_dagrun for parallel_dag to 2023-11-27T00:00:00+00:00, run_after=2023-11-28T00:00:00+00:00
[2023-11-27T19:02:51.081+0000] {processor.py:175} INFO - Processing /opt/airflow/dags/parallel_dag.py took 0.161 seconds
[2023-11-27T20:21:54.482+0000] {processor.py:153} INFO - Started process (PID=53563) to work on /opt/airflow/dags/parallel_dag.py
[2023-11-27T20:21:54.483+0000] {processor.py:743} INFO - Processing file /opt/airflow/dags/parallel_dag.py for tasks to queue
[2023-11-27T20:21:54.484+0000] {logging_mixin.py:137} INFO - [2023-11-27T20:21:54.484+0000] {dagbag.py:538} INFO - Filling up the DagBag from /opt/airflow/dags/parallel_dag.py
[2023-11-27T20:21:54.546+0000] {processor.py:753} INFO - DAG(s) dict_keys(['parallel_dag']) retrieved from /opt/airflow/dags/parallel_dag.py
[2023-11-27T20:21:54.608+0000] {logging_mixin.py:137} INFO - [2023-11-27T20:21:54.607+0000] {dag.py:2690} INFO - Sync 1 DAGs
[2023-11-27T20:21:54.642+0000] {logging_mixin.py:137} INFO - [2023-11-27T20:21:54.641+0000] {dag.py:3441} INFO - Setting next_dagrun for parallel_dag to 2023-11-27T00:00:00+00:00, run_after=2023-11-28T00:00:00+00:00
[2023-11-27T20:21:54.673+0000] {processor.py:175} INFO - Processing /opt/airflow/dags/parallel_dag.py took 0.198 seconds
[2023-11-27T21:45:15.433+0000] {processor.py:153} INFO - Started process (PID=53622) to work on /opt/airflow/dags/parallel_dag.py
[2023-11-27T21:45:15.434+0000] {processor.py:743} INFO - Processing file /opt/airflow/dags/parallel_dag.py for tasks to queue
[2023-11-27T21:45:15.435+0000] {logging_mixin.py:137} INFO - [2023-11-27T21:45:15.435+0000] {dagbag.py:538} INFO - Filling up the DagBag from /opt/airflow/dags/parallel_dag.py
[2023-11-27T21:45:15.458+0000] {processor.py:753} INFO - DAG(s) dict_keys(['parallel_dag']) retrieved from /opt/airflow/dags/parallel_dag.py
[2023-11-27T21:45:15.476+0000] {logging_mixin.py:137} INFO - [2023-11-27T21:45:15.476+0000] {dag.py:2690} INFO - Sync 1 DAGs
[2023-11-27T21:45:15.492+0000] {logging_mixin.py:137} INFO - [2023-11-27T21:45:15.492+0000] {dag.py:3441} INFO - Setting next_dagrun for parallel_dag to 2023-11-27T00:00:00+00:00, run_after=2023-11-28T00:00:00+00:00
[2023-11-27T21:45:15.501+0000] {processor.py:175} INFO - Processing /opt/airflow/dags/parallel_dag.py took 0.072 seconds
[2023-11-27T23:09:29.363+0000] {processor.py:153} INFO - Started process (PID=53682) to work on /opt/airflow/dags/parallel_dag.py
[2023-11-27T23:09:29.364+0000] {processor.py:743} INFO - Processing file /opt/airflow/dags/parallel_dag.py for tasks to queue
[2023-11-27T23:09:29.365+0000] {logging_mixin.py:137} INFO - [2023-11-27T23:09:29.365+0000] {dagbag.py:538} INFO - Filling up the DagBag from /opt/airflow/dags/parallel_dag.py
[2023-11-27T23:09:29.414+0000] {processor.py:753} INFO - DAG(s) dict_keys(['parallel_dag']) retrieved from /opt/airflow/dags/parallel_dag.py
[2023-11-27T23:09:29.450+0000] {logging_mixin.py:137} INFO - [2023-11-27T23:09:29.450+0000] {dag.py:2690} INFO - Sync 1 DAGs
[2023-11-27T23:09:29.472+0000] {logging_mixin.py:137} INFO - [2023-11-27T23:09:29.472+0000] {dag.py:3441} INFO - Setting next_dagrun for parallel_dag to 2023-11-27T00:00:00+00:00, run_after=2023-11-28T00:00:00+00:00
[2023-11-27T23:09:29.484+0000] {processor.py:175} INFO - Processing /opt/airflow/dags/parallel_dag.py took 0.124 seconds
