[2023-10-12T15:56:22.419+0000] {processor.py:153} INFO - Started process (PID=90) to work on /home/airflow/.local/lib/python3.7/site-packages/airflow/example_dags/example_python_operator.py
[2023-10-12T15:56:22.420+0000] {processor.py:743} INFO - Processing file /home/airflow/.local/lib/python3.7/site-packages/airflow/example_dags/example_python_operator.py for tasks to queue
[2023-10-12T15:56:22.421+0000] {logging_mixin.py:137} INFO - [2023-10-12T15:56:22.421+0000] {dagbag.py:538} INFO - Filling up the DagBag from /home/airflow/.local/lib/python3.7/site-packages/airflow/example_dags/example_python_operator.py
[2023-10-12T15:56:22.438+0000] {logging_mixin.py:137} INFO - [2023-10-12T15:56:22.438+0000] {taskmixin.py:205} WARNING - Dependency <Task(_PythonDecoratedOperator): print_the_context>, log_sql_query already registered for DAG: example_python_operator
[2023-10-12T15:56:22.438+0000] {logging_mixin.py:137} INFO - [2023-10-12T15:56:22.438+0000] {taskmixin.py:205} WARNING - Dependency <Task(_PythonDecoratedOperator): log_sql_query>, print_the_context already registered for DAG: example_python_operator
[2023-10-12T15:56:22.439+0000] {logging_mixin.py:137} INFO - [2023-10-12T15:56:22.438+0000] {taskmixin.py:205} WARNING - Dependency <Task(_PythonDecoratedOperator): print_the_context>, log_sql_query already registered for DAG: example_python_operator
[2023-10-12T15:56:22.439+0000] {logging_mixin.py:137} INFO - [2023-10-12T15:56:22.439+0000] {taskmixin.py:205} WARNING - Dependency <Task(_PythonDecoratedOperator): log_sql_query>, print_the_context already registered for DAG: example_python_operator
[2023-10-12T15:56:22.439+0000] {logging_mixin.py:137} INFO - [2023-10-12T15:56:22.439+0000] {taskmixin.py:205} WARNING - Dependency <Task(_PythonDecoratedOperator): print_the_context>, log_sql_query already registered for DAG: example_python_operator
[2023-10-12T15:56:22.440+0000] {logging_mixin.py:137} INFO - [2023-10-12T15:56:22.440+0000] {taskmixin.py:205} WARNING - Dependency <Task(_PythonDecoratedOperator): log_sql_query>, print_the_context already registered for DAG: example_python_operator
[2023-10-12T15:56:22.440+0000] {logging_mixin.py:137} INFO - [2023-10-12T15:56:22.440+0000] {taskmixin.py:205} WARNING - Dependency <Task(_PythonDecoratedOperator): print_the_context>, log_sql_query already registered for DAG: example_python_operator
[2023-10-12T15:56:22.440+0000] {logging_mixin.py:137} INFO - [2023-10-12T15:56:22.440+0000] {taskmixin.py:205} WARNING - Dependency <Task(_PythonDecoratedOperator): log_sql_query>, print_the_context already registered for DAG: example_python_operator
[2023-10-12T15:56:22.449+0000] {processor.py:753} INFO - DAG(s) dict_keys(['example_python_operator']) retrieved from /home/airflow/.local/lib/python3.7/site-packages/airflow/example_dags/example_python_operator.py
[2023-10-12T15:56:23.198+0000] {logging_mixin.py:137} INFO - [2023-10-12T15:56:23.198+0000] {manager.py:504} INFO - Created Permission View: can read on DAG:example_python_operator
[2023-10-12T15:56:23.205+0000] {logging_mixin.py:137} INFO - [2023-10-12T15:56:23.205+0000] {manager.py:504} INFO - Created Permission View: can edit on DAG:example_python_operator
[2023-10-12T15:56:23.209+0000] {logging_mixin.py:137} INFO - [2023-10-12T15:56:23.209+0000] {manager.py:504} INFO - Created Permission View: can delete on DAG:example_python_operator
[2023-10-12T15:56:23.209+0000] {logging_mixin.py:137} INFO - [2023-10-12T15:56:23.209+0000] {dag.py:2690} INFO - Sync 1 DAGs
[2023-10-12T15:56:23.443+0000] {logging_mixin.py:137} INFO - [2023-10-12T15:56:23.443+0000] {dag.py:2711} INFO - Creating ORM DAG for example_python_operator
[2023-10-12T15:56:23.462+0000] {logging_mixin.py:137} INFO - [2023-10-12T15:56:23.462+0000] {dag.py:3441} INFO - Setting next_dagrun for example_python_operator to None, run_after=None
[2023-10-12T15:56:23.479+0000] {processor.py:175} INFO - Processing /home/airflow/.local/lib/python3.7/site-packages/airflow/example_dags/example_python_operator.py took 1.063 seconds
[2023-10-12T15:56:54.364+0000] {processor.py:153} INFO - Started process (PID=164) to work on /home/airflow/.local/lib/python3.7/site-packages/airflow/example_dags/example_python_operator.py
[2023-10-12T15:56:54.370+0000] {processor.py:743} INFO - Processing file /home/airflow/.local/lib/python3.7/site-packages/airflow/example_dags/example_python_operator.py for tasks to queue
[2023-10-12T15:56:54.373+0000] {logging_mixin.py:137} INFO - [2023-10-12T15:56:54.373+0000] {dagbag.py:538} INFO - Filling up the DagBag from /home/airflow/.local/lib/python3.7/site-packages/airflow/example_dags/example_python_operator.py
[2023-10-12T15:56:54.404+0000] {logging_mixin.py:137} INFO - [2023-10-12T15:56:54.404+0000] {taskmixin.py:205} WARNING - Dependency <Task(_PythonDecoratedOperator): print_the_context>, log_sql_query already registered for DAG: example_python_operator
[2023-10-12T15:56:54.409+0000] {logging_mixin.py:137} INFO - [2023-10-12T15:56:54.409+0000] {taskmixin.py:205} WARNING - Dependency <Task(_PythonDecoratedOperator): log_sql_query>, print_the_context already registered for DAG: example_python_operator
[2023-10-12T15:56:54.413+0000] {logging_mixin.py:137} INFO - [2023-10-12T15:56:54.413+0000] {taskmixin.py:205} WARNING - Dependency <Task(_PythonDecoratedOperator): print_the_context>, log_sql_query already registered for DAG: example_python_operator
[2023-10-12T15:56:54.416+0000] {logging_mixin.py:137} INFO - [2023-10-12T15:56:54.416+0000] {taskmixin.py:205} WARNING - Dependency <Task(_PythonDecoratedOperator): log_sql_query>, print_the_context already registered for DAG: example_python_operator
[2023-10-12T15:56:54.418+0000] {logging_mixin.py:137} INFO - [2023-10-12T15:56:54.418+0000] {taskmixin.py:205} WARNING - Dependency <Task(_PythonDecoratedOperator): print_the_context>, log_sql_query already registered for DAG: example_python_operator
[2023-10-12T15:56:54.422+0000] {logging_mixin.py:137} INFO - [2023-10-12T15:56:54.422+0000] {taskmixin.py:205} WARNING - Dependency <Task(_PythonDecoratedOperator): log_sql_query>, print_the_context already registered for DAG: example_python_operator
[2023-10-12T15:56:54.425+0000] {logging_mixin.py:137} INFO - [2023-10-12T15:56:54.425+0000] {taskmixin.py:205} WARNING - Dependency <Task(_PythonDecoratedOperator): print_the_context>, log_sql_query already registered for DAG: example_python_operator
[2023-10-12T15:56:54.427+0000] {logging_mixin.py:137} INFO - [2023-10-12T15:56:54.427+0000] {taskmixin.py:205} WARNING - Dependency <Task(_PythonDecoratedOperator): log_sql_query>, print_the_context already registered for DAG: example_python_operator
[2023-10-12T15:56:54.435+0000] {processor.py:753} INFO - DAG(s) dict_keys(['example_python_operator']) retrieved from /home/airflow/.local/lib/python3.7/site-packages/airflow/example_dags/example_python_operator.py
[2023-10-12T15:56:54.467+0000] {logging_mixin.py:137} INFO - [2023-10-12T15:56:54.467+0000] {dag.py:2690} INFO - Sync 1 DAGs
[2023-10-12T15:56:54.490+0000] {logging_mixin.py:137} INFO - [2023-10-12T15:56:54.490+0000] {dag.py:3441} INFO - Setting next_dagrun for example_python_operator to None, run_after=None
[2023-10-12T15:56:54.517+0000] {processor.py:175} INFO - Processing /home/airflow/.local/lib/python3.7/site-packages/airflow/example_dags/example_python_operator.py took 0.157 seconds
[2023-10-12T15:57:25.572+0000] {processor.py:153} INFO - Started process (PID=229) to work on /home/airflow/.local/lib/python3.7/site-packages/airflow/example_dags/example_python_operator.py
[2023-10-12T15:57:25.582+0000] {processor.py:743} INFO - Processing file /home/airflow/.local/lib/python3.7/site-packages/airflow/example_dags/example_python_operator.py for tasks to queue
[2023-10-12T15:57:25.590+0000] {logging_mixin.py:137} INFO - [2023-10-12T15:57:25.590+0000] {dagbag.py:538} INFO - Filling up the DagBag from /home/airflow/.local/lib/python3.7/site-packages/airflow/example_dags/example_python_operator.py
[2023-10-12T15:57:25.665+0000] {logging_mixin.py:137} INFO - [2023-10-12T15:57:25.665+0000] {taskmixin.py:205} WARNING - Dependency <Task(_PythonDecoratedOperator): print_the_context>, log_sql_query already registered for DAG: example_python_operator
[2023-10-12T15:57:25.687+0000] {logging_mixin.py:137} INFO - [2023-10-12T15:57:25.685+0000] {taskmixin.py:205} WARNING - Dependency <Task(_PythonDecoratedOperator): log_sql_query>, print_the_context already registered for DAG: example_python_operator
[2023-10-12T15:57:25.693+0000] {logging_mixin.py:137} INFO - [2023-10-12T15:57:25.693+0000] {taskmixin.py:205} WARNING - Dependency <Task(_PythonDecoratedOperator): print_the_context>, log_sql_query already registered for DAG: example_python_operator
[2023-10-12T15:57:25.722+0000] {logging_mixin.py:137} INFO - [2023-10-12T15:57:25.722+0000] {taskmixin.py:205} WARNING - Dependency <Task(_PythonDecoratedOperator): log_sql_query>, print_the_context already registered for DAG: example_python_operator
[2023-10-12T15:57:25.725+0000] {logging_mixin.py:137} INFO - [2023-10-12T15:57:25.725+0000] {taskmixin.py:205} WARNING - Dependency <Task(_PythonDecoratedOperator): print_the_context>, log_sql_query already registered for DAG: example_python_operator
[2023-10-12T15:57:25.728+0000] {logging_mixin.py:137} INFO - [2023-10-12T15:57:25.727+0000] {taskmixin.py:205} WARNING - Dependency <Task(_PythonDecoratedOperator): log_sql_query>, print_the_context already registered for DAG: example_python_operator
[2023-10-12T15:57:25.733+0000] {logging_mixin.py:137} INFO - [2023-10-12T15:57:25.733+0000] {taskmixin.py:205} WARNING - Dependency <Task(_PythonDecoratedOperator): print_the_context>, log_sql_query already registered for DAG: example_python_operator
[2023-10-12T15:57:25.740+0000] {logging_mixin.py:137} INFO - [2023-10-12T15:57:25.740+0000] {taskmixin.py:205} WARNING - Dependency <Task(_PythonDecoratedOperator): log_sql_query>, print_the_context already registered for DAG: example_python_operator
[2023-10-12T15:57:25.767+0000] {processor.py:753} INFO - DAG(s) dict_keys(['example_python_operator']) retrieved from /home/airflow/.local/lib/python3.7/site-packages/airflow/example_dags/example_python_operator.py
[2023-10-12T15:57:25.996+0000] {logging_mixin.py:137} INFO - [2023-10-12T15:57:25.995+0000] {dag.py:2690} INFO - Sync 1 DAGs
[2023-10-12T15:57:26.101+0000] {logging_mixin.py:137} INFO - [2023-10-12T15:57:26.101+0000] {dag.py:3441} INFO - Setting next_dagrun for example_python_operator to None, run_after=None
[2023-10-12T15:57:26.169+0000] {processor.py:175} INFO - Processing /home/airflow/.local/lib/python3.7/site-packages/airflow/example_dags/example_python_operator.py took 0.601 seconds
[2023-10-12T15:57:57.207+0000] {processor.py:153} INFO - Started process (PID=295) to work on /home/airflow/.local/lib/python3.7/site-packages/airflow/example_dags/example_python_operator.py
[2023-10-12T15:57:57.246+0000] {processor.py:743} INFO - Processing file /home/airflow/.local/lib/python3.7/site-packages/airflow/example_dags/example_python_operator.py for tasks to queue
[2023-10-12T15:57:57.303+0000] {logging_mixin.py:137} INFO - [2023-10-12T15:57:57.303+0000] {dagbag.py:538} INFO - Filling up the DagBag from /home/airflow/.local/lib/python3.7/site-packages/airflow/example_dags/example_python_operator.py
[2023-10-12T15:57:57.350+0000] {logging_mixin.py:137} INFO - [2023-10-12T15:57:57.350+0000] {taskmixin.py:205} WARNING - Dependency <Task(_PythonDecoratedOperator): print_the_context>, log_sql_query already registered for DAG: example_python_operator
[2023-10-12T15:57:57.355+0000] {logging_mixin.py:137} INFO - [2023-10-12T15:57:57.355+0000] {taskmixin.py:205} WARNING - Dependency <Task(_PythonDecoratedOperator): log_sql_query>, print_the_context already registered for DAG: example_python_operator
[2023-10-12T15:57:57.364+0000] {logging_mixin.py:137} INFO - [2023-10-12T15:57:57.364+0000] {taskmixin.py:205} WARNING - Dependency <Task(_PythonDecoratedOperator): print_the_context>, log_sql_query already registered for DAG: example_python_operator
[2023-10-12T15:57:57.369+0000] {logging_mixin.py:137} INFO - [2023-10-12T15:57:57.368+0000] {taskmixin.py:205} WARNING - Dependency <Task(_PythonDecoratedOperator): log_sql_query>, print_the_context already registered for DAG: example_python_operator
[2023-10-12T15:57:57.374+0000] {logging_mixin.py:137} INFO - [2023-10-12T15:57:57.374+0000] {taskmixin.py:205} WARNING - Dependency <Task(_PythonDecoratedOperator): print_the_context>, log_sql_query already registered for DAG: example_python_operator
[2023-10-12T15:57:57.380+0000] {logging_mixin.py:137} INFO - [2023-10-12T15:57:57.380+0000] {taskmixin.py:205} WARNING - Dependency <Task(_PythonDecoratedOperator): log_sql_query>, print_the_context already registered for DAG: example_python_operator
[2023-10-12T15:57:57.389+0000] {logging_mixin.py:137} INFO - [2023-10-12T15:57:57.389+0000] {taskmixin.py:205} WARNING - Dependency <Task(_PythonDecoratedOperator): print_the_context>, log_sql_query already registered for DAG: example_python_operator
[2023-10-12T15:57:57.396+0000] {logging_mixin.py:137} INFO - [2023-10-12T15:57:57.396+0000] {taskmixin.py:205} WARNING - Dependency <Task(_PythonDecoratedOperator): log_sql_query>, print_the_context already registered for DAG: example_python_operator
[2023-10-12T15:57:57.411+0000] {processor.py:753} INFO - DAG(s) dict_keys(['example_python_operator']) retrieved from /home/airflow/.local/lib/python3.7/site-packages/airflow/example_dags/example_python_operator.py
[2023-10-12T15:57:57.608+0000] {logging_mixin.py:137} INFO - [2023-10-12T15:57:57.607+0000] {dag.py:2690} INFO - Sync 1 DAGs
[2023-10-12T15:57:57.646+0000] {logging_mixin.py:137} INFO - [2023-10-12T15:57:57.646+0000] {dag.py:3441} INFO - Setting next_dagrun for example_python_operator to None, run_after=None
[2023-10-12T15:57:57.723+0000] {processor.py:175} INFO - Processing /home/airflow/.local/lib/python3.7/site-packages/airflow/example_dags/example_python_operator.py took 0.521 seconds
[2023-10-12T15:58:27.906+0000] {processor.py:153} INFO - Started process (PID=370) to work on /home/airflow/.local/lib/python3.7/site-packages/airflow/example_dags/example_python_operator.py
[2023-10-12T15:58:27.907+0000] {processor.py:743} INFO - Processing file /home/airflow/.local/lib/python3.7/site-packages/airflow/example_dags/example_python_operator.py for tasks to queue
[2023-10-12T15:58:27.909+0000] {logging_mixin.py:137} INFO - [2023-10-12T15:58:27.909+0000] {dagbag.py:538} INFO - Filling up the DagBag from /home/airflow/.local/lib/python3.7/site-packages/airflow/example_dags/example_python_operator.py
[2023-10-12T15:58:27.929+0000] {logging_mixin.py:137} INFO - [2023-10-12T15:58:27.929+0000] {taskmixin.py:205} WARNING - Dependency <Task(_PythonDecoratedOperator): print_the_context>, log_sql_query already registered for DAG: example_python_operator
[2023-10-12T15:58:27.930+0000] {logging_mixin.py:137} INFO - [2023-10-12T15:58:27.930+0000] {taskmixin.py:205} WARNING - Dependency <Task(_PythonDecoratedOperator): log_sql_query>, print_the_context already registered for DAG: example_python_operator
[2023-10-12T15:58:27.932+0000] {logging_mixin.py:137} INFO - [2023-10-12T15:58:27.932+0000] {taskmixin.py:205} WARNING - Dependency <Task(_PythonDecoratedOperator): print_the_context>, log_sql_query already registered for DAG: example_python_operator
[2023-10-12T15:58:27.933+0000] {logging_mixin.py:137} INFO - [2023-10-12T15:58:27.933+0000] {taskmixin.py:205} WARNING - Dependency <Task(_PythonDecoratedOperator): log_sql_query>, print_the_context already registered for DAG: example_python_operator
[2023-10-12T15:58:27.934+0000] {logging_mixin.py:137} INFO - [2023-10-12T15:58:27.934+0000] {taskmixin.py:205} WARNING - Dependency <Task(_PythonDecoratedOperator): print_the_context>, log_sql_query already registered for DAG: example_python_operator
[2023-10-12T15:58:27.935+0000] {logging_mixin.py:137} INFO - [2023-10-12T15:58:27.935+0000] {taskmixin.py:205} WARNING - Dependency <Task(_PythonDecoratedOperator): log_sql_query>, print_the_context already registered for DAG: example_python_operator
[2023-10-12T15:58:27.936+0000] {logging_mixin.py:137} INFO - [2023-10-12T15:58:27.936+0000] {taskmixin.py:205} WARNING - Dependency <Task(_PythonDecoratedOperator): print_the_context>, log_sql_query already registered for DAG: example_python_operator
[2023-10-12T15:58:27.937+0000] {logging_mixin.py:137} INFO - [2023-10-12T15:58:27.937+0000] {taskmixin.py:205} WARNING - Dependency <Task(_PythonDecoratedOperator): log_sql_query>, print_the_context already registered for DAG: example_python_operator
[2023-10-12T15:58:27.946+0000] {processor.py:753} INFO - DAG(s) dict_keys(['example_python_operator']) retrieved from /home/airflow/.local/lib/python3.7/site-packages/airflow/example_dags/example_python_operator.py
[2023-10-12T15:58:28.102+0000] {logging_mixin.py:137} INFO - [2023-10-12T15:58:28.102+0000] {dag.py:2690} INFO - Sync 1 DAGs
[2023-10-12T15:58:28.345+0000] {logging_mixin.py:137} INFO - [2023-10-12T15:58:28.345+0000] {dag.py:3441} INFO - Setting next_dagrun for example_python_operator to None, run_after=None
[2023-10-12T15:58:28.415+0000] {processor.py:175} INFO - Processing /home/airflow/.local/lib/python3.7/site-packages/airflow/example_dags/example_python_operator.py took 0.514 seconds
[2023-10-12T15:58:58.547+0000] {processor.py:153} INFO - Started process (PID=445) to work on /home/airflow/.local/lib/python3.7/site-packages/airflow/example_dags/example_python_operator.py
[2023-10-12T15:58:58.551+0000] {processor.py:743} INFO - Processing file /home/airflow/.local/lib/python3.7/site-packages/airflow/example_dags/example_python_operator.py for tasks to queue
[2023-10-12T15:58:58.553+0000] {logging_mixin.py:137} INFO - [2023-10-12T15:58:58.553+0000] {dagbag.py:538} INFO - Filling up the DagBag from /home/airflow/.local/lib/python3.7/site-packages/airflow/example_dags/example_python_operator.py
[2023-10-12T15:58:58.571+0000] {logging_mixin.py:137} INFO - [2023-10-12T15:58:58.571+0000] {taskmixin.py:205} WARNING - Dependency <Task(_PythonDecoratedOperator): print_the_context>, log_sql_query already registered for DAG: example_python_operator
[2023-10-12T15:58:58.572+0000] {logging_mixin.py:137} INFO - [2023-10-12T15:58:58.572+0000] {taskmixin.py:205} WARNING - Dependency <Task(_PythonDecoratedOperator): log_sql_query>, print_the_context already registered for DAG: example_python_operator
[2023-10-12T15:58:58.573+0000] {logging_mixin.py:137} INFO - [2023-10-12T15:58:58.573+0000] {taskmixin.py:205} WARNING - Dependency <Task(_PythonDecoratedOperator): print_the_context>, log_sql_query already registered for DAG: example_python_operator
[2023-10-12T15:58:58.574+0000] {logging_mixin.py:137} INFO - [2023-10-12T15:58:58.574+0000] {taskmixin.py:205} WARNING - Dependency <Task(_PythonDecoratedOperator): log_sql_query>, print_the_context already registered for DAG: example_python_operator
[2023-10-12T15:58:58.575+0000] {logging_mixin.py:137} INFO - [2023-10-12T15:58:58.575+0000] {taskmixin.py:205} WARNING - Dependency <Task(_PythonDecoratedOperator): print_the_context>, log_sql_query already registered for DAG: example_python_operator
[2023-10-12T15:58:58.576+0000] {logging_mixin.py:137} INFO - [2023-10-12T15:58:58.576+0000] {taskmixin.py:205} WARNING - Dependency <Task(_PythonDecoratedOperator): log_sql_query>, print_the_context already registered for DAG: example_python_operator
[2023-10-12T15:58:58.577+0000] {logging_mixin.py:137} INFO - [2023-10-12T15:58:58.577+0000] {taskmixin.py:205} WARNING - Dependency <Task(_PythonDecoratedOperator): print_the_context>, log_sql_query already registered for DAG: example_python_operator
[2023-10-12T15:58:58.578+0000] {logging_mixin.py:137} INFO - [2023-10-12T15:58:58.578+0000] {taskmixin.py:205} WARNING - Dependency <Task(_PythonDecoratedOperator): log_sql_query>, print_the_context already registered for DAG: example_python_operator
[2023-10-12T15:58:58.588+0000] {processor.py:753} INFO - DAG(s) dict_keys(['example_python_operator']) retrieved from /home/airflow/.local/lib/python3.7/site-packages/airflow/example_dags/example_python_operator.py
[2023-10-12T15:58:59.054+0000] {logging_mixin.py:137} INFO - [2023-10-12T15:58:59.054+0000] {dag.py:2690} INFO - Sync 1 DAGs
[2023-10-12T15:58:59.128+0000] {logging_mixin.py:137} INFO - [2023-10-12T15:58:59.128+0000] {dag.py:3441} INFO - Setting next_dagrun for example_python_operator to None, run_after=None
[2023-10-12T15:58:59.464+0000] {processor.py:175} INFO - Processing /home/airflow/.local/lib/python3.7/site-packages/airflow/example_dags/example_python_operator.py took 0.922 seconds
[2023-10-12T15:59:30.104+0000] {processor.py:153} INFO - Started process (PID=519) to work on /home/airflow/.local/lib/python3.7/site-packages/airflow/example_dags/example_python_operator.py
[2023-10-12T15:59:30.105+0000] {processor.py:743} INFO - Processing file /home/airflow/.local/lib/python3.7/site-packages/airflow/example_dags/example_python_operator.py for tasks to queue
[2023-10-12T15:59:30.106+0000] {logging_mixin.py:137} INFO - [2023-10-12T15:59:30.106+0000] {dagbag.py:538} INFO - Filling up the DagBag from /home/airflow/.local/lib/python3.7/site-packages/airflow/example_dags/example_python_operator.py
[2023-10-12T15:59:30.128+0000] {logging_mixin.py:137} INFO - [2023-10-12T15:59:30.128+0000] {taskmixin.py:205} WARNING - Dependency <Task(_PythonDecoratedOperator): print_the_context>, log_sql_query already registered for DAG: example_python_operator
[2023-10-12T15:59:30.128+0000] {logging_mixin.py:137} INFO - [2023-10-12T15:59:30.128+0000] {taskmixin.py:205} WARNING - Dependency <Task(_PythonDecoratedOperator): log_sql_query>, print_the_context already registered for DAG: example_python_operator
[2023-10-12T15:59:30.130+0000] {logging_mixin.py:137} INFO - [2023-10-12T15:59:30.130+0000] {taskmixin.py:205} WARNING - Dependency <Task(_PythonDecoratedOperator): print_the_context>, log_sql_query already registered for DAG: example_python_operator
[2023-10-12T15:59:30.131+0000] {logging_mixin.py:137} INFO - [2023-10-12T15:59:30.131+0000] {taskmixin.py:205} WARNING - Dependency <Task(_PythonDecoratedOperator): log_sql_query>, print_the_context already registered for DAG: example_python_operator
[2023-10-12T15:59:30.132+0000] {logging_mixin.py:137} INFO - [2023-10-12T15:59:30.132+0000] {taskmixin.py:205} WARNING - Dependency <Task(_PythonDecoratedOperator): print_the_context>, log_sql_query already registered for DAG: example_python_operator
[2023-10-12T15:59:30.132+0000] {logging_mixin.py:137} INFO - [2023-10-12T15:59:30.132+0000] {taskmixin.py:205} WARNING - Dependency <Task(_PythonDecoratedOperator): log_sql_query>, print_the_context already registered for DAG: example_python_operator
[2023-10-12T15:59:30.134+0000] {logging_mixin.py:137} INFO - [2023-10-12T15:59:30.134+0000] {taskmixin.py:205} WARNING - Dependency <Task(_PythonDecoratedOperator): print_the_context>, log_sql_query already registered for DAG: example_python_operator
[2023-10-12T15:59:30.134+0000] {logging_mixin.py:137} INFO - [2023-10-12T15:59:30.134+0000] {taskmixin.py:205} WARNING - Dependency <Task(_PythonDecoratedOperator): log_sql_query>, print_the_context already registered for DAG: example_python_operator
[2023-10-12T15:59:30.141+0000] {processor.py:753} INFO - DAG(s) dict_keys(['example_python_operator']) retrieved from /home/airflow/.local/lib/python3.7/site-packages/airflow/example_dags/example_python_operator.py
[2023-10-12T15:59:30.166+0000] {logging_mixin.py:137} INFO - [2023-10-12T15:59:30.166+0000] {dag.py:2690} INFO - Sync 1 DAGs
[2023-10-12T15:59:30.187+0000] {logging_mixin.py:137} INFO - [2023-10-12T15:59:30.187+0000] {dag.py:3441} INFO - Setting next_dagrun for example_python_operator to None, run_after=None
[2023-10-12T15:59:30.211+0000] {processor.py:175} INFO - Processing /home/airflow/.local/lib/python3.7/site-packages/airflow/example_dags/example_python_operator.py took 0.112 seconds
[2023-10-12T16:00:00.608+0000] {processor.py:153} INFO - Started process (PID=594) to work on /home/airflow/.local/lib/python3.7/site-packages/airflow/example_dags/example_python_operator.py
[2023-10-12T16:00:00.609+0000] {processor.py:743} INFO - Processing file /home/airflow/.local/lib/python3.7/site-packages/airflow/example_dags/example_python_operator.py for tasks to queue
[2023-10-12T16:00:00.609+0000] {logging_mixin.py:137} INFO - [2023-10-12T16:00:00.609+0000] {dagbag.py:538} INFO - Filling up the DagBag from /home/airflow/.local/lib/python3.7/site-packages/airflow/example_dags/example_python_operator.py
[2023-10-12T16:00:00.626+0000] {logging_mixin.py:137} INFO - [2023-10-12T16:00:00.626+0000] {taskmixin.py:205} WARNING - Dependency <Task(_PythonDecoratedOperator): print_the_context>, log_sql_query already registered for DAG: example_python_operator
[2023-10-12T16:00:00.627+0000] {logging_mixin.py:137} INFO - [2023-10-12T16:00:00.627+0000] {taskmixin.py:205} WARNING - Dependency <Task(_PythonDecoratedOperator): log_sql_query>, print_the_context already registered for DAG: example_python_operator
[2023-10-12T16:00:00.628+0000] {logging_mixin.py:137} INFO - [2023-10-12T16:00:00.628+0000] {taskmixin.py:205} WARNING - Dependency <Task(_PythonDecoratedOperator): print_the_context>, log_sql_query already registered for DAG: example_python_operator
[2023-10-12T16:00:00.629+0000] {logging_mixin.py:137} INFO - [2023-10-12T16:00:00.629+0000] {taskmixin.py:205} WARNING - Dependency <Task(_PythonDecoratedOperator): log_sql_query>, print_the_context already registered for DAG: example_python_operator
[2023-10-12T16:00:00.629+0000] {logging_mixin.py:137} INFO - [2023-10-12T16:00:00.629+0000] {taskmixin.py:205} WARNING - Dependency <Task(_PythonDecoratedOperator): print_the_context>, log_sql_query already registered for DAG: example_python_operator
[2023-10-12T16:00:00.630+0000] {logging_mixin.py:137} INFO - [2023-10-12T16:00:00.630+0000] {taskmixin.py:205} WARNING - Dependency <Task(_PythonDecoratedOperator): log_sql_query>, print_the_context already registered for DAG: example_python_operator
[2023-10-12T16:00:00.630+0000] {logging_mixin.py:137} INFO - [2023-10-12T16:00:00.630+0000] {taskmixin.py:205} WARNING - Dependency <Task(_PythonDecoratedOperator): print_the_context>, log_sql_query already registered for DAG: example_python_operator
[2023-10-12T16:00:00.631+0000] {logging_mixin.py:137} INFO - [2023-10-12T16:00:00.631+0000] {taskmixin.py:205} WARNING - Dependency <Task(_PythonDecoratedOperator): log_sql_query>, print_the_context already registered for DAG: example_python_operator
[2023-10-12T16:00:00.636+0000] {processor.py:753} INFO - DAG(s) dict_keys(['example_python_operator']) retrieved from /home/airflow/.local/lib/python3.7/site-packages/airflow/example_dags/example_python_operator.py
[2023-10-12T16:00:00.664+0000] {logging_mixin.py:137} INFO - [2023-10-12T16:00:00.663+0000] {dag.py:2690} INFO - Sync 1 DAGs
[2023-10-12T16:00:00.681+0000] {logging_mixin.py:137} INFO - [2023-10-12T16:00:00.681+0000] {dag.py:3441} INFO - Setting next_dagrun for example_python_operator to None, run_after=None
[2023-10-12T16:00:00.698+0000] {processor.py:175} INFO - Processing /home/airflow/.local/lib/python3.7/site-packages/airflow/example_dags/example_python_operator.py took 0.095 seconds
[2023-10-12T16:00:31.019+0000] {processor.py:153} INFO - Started process (PID=669) to work on /home/airflow/.local/lib/python3.7/site-packages/airflow/example_dags/example_python_operator.py
[2023-10-12T16:00:31.020+0000] {processor.py:743} INFO - Processing file /home/airflow/.local/lib/python3.7/site-packages/airflow/example_dags/example_python_operator.py for tasks to queue
[2023-10-12T16:00:31.021+0000] {logging_mixin.py:137} INFO - [2023-10-12T16:00:31.020+0000] {dagbag.py:538} INFO - Filling up the DagBag from /home/airflow/.local/lib/python3.7/site-packages/airflow/example_dags/example_python_operator.py
[2023-10-12T16:00:31.037+0000] {logging_mixin.py:137} INFO - [2023-10-12T16:00:31.037+0000] {taskmixin.py:205} WARNING - Dependency <Task(_PythonDecoratedOperator): print_the_context>, log_sql_query already registered for DAG: example_python_operator
[2023-10-12T16:00:31.039+0000] {logging_mixin.py:137} INFO - [2023-10-12T16:00:31.039+0000] {taskmixin.py:205} WARNING - Dependency <Task(_PythonDecoratedOperator): log_sql_query>, print_the_context already registered for DAG: example_python_operator
[2023-10-12T16:00:31.043+0000] {logging_mixin.py:137} INFO - [2023-10-12T16:00:31.043+0000] {taskmixin.py:205} WARNING - Dependency <Task(_PythonDecoratedOperator): print_the_context>, log_sql_query already registered for DAG: example_python_operator
[2023-10-12T16:00:31.047+0000] {logging_mixin.py:137} INFO - [2023-10-12T16:00:31.047+0000] {taskmixin.py:205} WARNING - Dependency <Task(_PythonDecoratedOperator): log_sql_query>, print_the_context already registered for DAG: example_python_operator
[2023-10-12T16:00:31.049+0000] {logging_mixin.py:137} INFO - [2023-10-12T16:00:31.049+0000] {taskmixin.py:205} WARNING - Dependency <Task(_PythonDecoratedOperator): print_the_context>, log_sql_query already registered for DAG: example_python_operator
[2023-10-12T16:00:31.050+0000] {logging_mixin.py:137} INFO - [2023-10-12T16:00:31.050+0000] {taskmixin.py:205} WARNING - Dependency <Task(_PythonDecoratedOperator): log_sql_query>, print_the_context already registered for DAG: example_python_operator
[2023-10-12T16:00:31.052+0000] {logging_mixin.py:137} INFO - [2023-10-12T16:00:31.052+0000] {taskmixin.py:205} WARNING - Dependency <Task(_PythonDecoratedOperator): print_the_context>, log_sql_query already registered for DAG: example_python_operator
[2023-10-12T16:00:31.053+0000] {logging_mixin.py:137} INFO - [2023-10-12T16:00:31.053+0000] {taskmixin.py:205} WARNING - Dependency <Task(_PythonDecoratedOperator): log_sql_query>, print_the_context already registered for DAG: example_python_operator
[2023-10-12T16:00:31.062+0000] {processor.py:753} INFO - DAG(s) dict_keys(['example_python_operator']) retrieved from /home/airflow/.local/lib/python3.7/site-packages/airflow/example_dags/example_python_operator.py
[2023-10-12T16:00:31.093+0000] {logging_mixin.py:137} INFO - [2023-10-12T16:00:31.093+0000] {dag.py:2690} INFO - Sync 1 DAGs
[2023-10-12T16:00:31.114+0000] {logging_mixin.py:137} INFO - [2023-10-12T16:00:31.114+0000] {dag.py:3441} INFO - Setting next_dagrun for example_python_operator to None, run_after=None
[2023-10-12T16:00:31.135+0000] {processor.py:175} INFO - Processing /home/airflow/.local/lib/python3.7/site-packages/airflow/example_dags/example_python_operator.py took 0.121 seconds
[2023-10-12T16:01:01.892+0000] {processor.py:153} INFO - Started process (PID=751) to work on /home/airflow/.local/lib/python3.7/site-packages/airflow/example_dags/example_python_operator.py
[2023-10-12T16:01:01.894+0000] {processor.py:743} INFO - Processing file /home/airflow/.local/lib/python3.7/site-packages/airflow/example_dags/example_python_operator.py for tasks to queue
[2023-10-12T16:01:01.896+0000] {logging_mixin.py:137} INFO - [2023-10-12T16:01:01.896+0000] {dagbag.py:538} INFO - Filling up the DagBag from /home/airflow/.local/lib/python3.7/site-packages/airflow/example_dags/example_python_operator.py
[2023-10-12T16:01:01.916+0000] {logging_mixin.py:137} INFO - [2023-10-12T16:01:01.916+0000] {taskmixin.py:205} WARNING - Dependency <Task(_PythonDecoratedOperator): print_the_context>, log_sql_query already registered for DAG: example_python_operator
[2023-10-12T16:01:01.917+0000] {logging_mixin.py:137} INFO - [2023-10-12T16:01:01.917+0000] {taskmixin.py:205} WARNING - Dependency <Task(_PythonDecoratedOperator): log_sql_query>, print_the_context already registered for DAG: example_python_operator
[2023-10-12T16:01:01.918+0000] {logging_mixin.py:137} INFO - [2023-10-12T16:01:01.918+0000] {taskmixin.py:205} WARNING - Dependency <Task(_PythonDecoratedOperator): print_the_context>, log_sql_query already registered for DAG: example_python_operator
[2023-10-12T16:01:01.919+0000] {logging_mixin.py:137} INFO - [2023-10-12T16:01:01.919+0000] {taskmixin.py:205} WARNING - Dependency <Task(_PythonDecoratedOperator): log_sql_query>, print_the_context already registered for DAG: example_python_operator
[2023-10-12T16:01:01.921+0000] {logging_mixin.py:137} INFO - [2023-10-12T16:01:01.920+0000] {taskmixin.py:205} WARNING - Dependency <Task(_PythonDecoratedOperator): print_the_context>, log_sql_query already registered for DAG: example_python_operator
[2023-10-12T16:01:01.922+0000] {logging_mixin.py:137} INFO - [2023-10-12T16:01:01.922+0000] {taskmixin.py:205} WARNING - Dependency <Task(_PythonDecoratedOperator): log_sql_query>, print_the_context already registered for DAG: example_python_operator
[2023-10-12T16:01:01.925+0000] {logging_mixin.py:137} INFO - [2023-10-12T16:01:01.925+0000] {taskmixin.py:205} WARNING - Dependency <Task(_PythonDecoratedOperator): print_the_context>, log_sql_query already registered for DAG: example_python_operator
[2023-10-12T16:01:01.926+0000] {logging_mixin.py:137} INFO - [2023-10-12T16:01:01.926+0000] {taskmixin.py:205} WARNING - Dependency <Task(_PythonDecoratedOperator): log_sql_query>, print_the_context already registered for DAG: example_python_operator
[2023-10-12T16:01:01.938+0000] {processor.py:753} INFO - DAG(s) dict_keys(['example_python_operator']) retrieved from /home/airflow/.local/lib/python3.7/site-packages/airflow/example_dags/example_python_operator.py
[2023-10-12T16:01:01.983+0000] {logging_mixin.py:137} INFO - [2023-10-12T16:01:01.983+0000] {dag.py:2690} INFO - Sync 1 DAGs
[2023-10-12T16:01:02.009+0000] {logging_mixin.py:137} INFO - [2023-10-12T16:01:02.009+0000] {dag.py:3441} INFO - Setting next_dagrun for example_python_operator to None, run_after=None
[2023-10-12T16:01:02.050+0000] {processor.py:175} INFO - Processing /home/airflow/.local/lib/python3.7/site-packages/airflow/example_dags/example_python_operator.py took 0.161 seconds
[2023-10-12T16:01:32.404+0000] {processor.py:153} INFO - Started process (PID=837) to work on /home/airflow/.local/lib/python3.7/site-packages/airflow/example_dags/example_python_operator.py
[2023-10-12T16:01:32.411+0000] {processor.py:743} INFO - Processing file /home/airflow/.local/lib/python3.7/site-packages/airflow/example_dags/example_python_operator.py for tasks to queue
[2023-10-12T16:01:32.413+0000] {logging_mixin.py:137} INFO - [2023-10-12T16:01:32.413+0000] {dagbag.py:538} INFO - Filling up the DagBag from /home/airflow/.local/lib/python3.7/site-packages/airflow/example_dags/example_python_operator.py
[2023-10-12T16:01:32.459+0000] {logging_mixin.py:137} INFO - [2023-10-12T16:01:32.459+0000] {taskmixin.py:205} WARNING - Dependency <Task(_PythonDecoratedOperator): print_the_context>, log_sql_query already registered for DAG: example_python_operator
[2023-10-12T16:01:32.477+0000] {logging_mixin.py:137} INFO - [2023-10-12T16:01:32.476+0000] {taskmixin.py:205} WARNING - Dependency <Task(_PythonDecoratedOperator): log_sql_query>, print_the_context already registered for DAG: example_python_operator
[2023-10-12T16:01:32.495+0000] {logging_mixin.py:137} INFO - [2023-10-12T16:01:32.495+0000] {taskmixin.py:205} WARNING - Dependency <Task(_PythonDecoratedOperator): print_the_context>, log_sql_query already registered for DAG: example_python_operator
[2023-10-12T16:01:32.501+0000] {logging_mixin.py:137} INFO - [2023-10-12T16:01:32.501+0000] {taskmixin.py:205} WARNING - Dependency <Task(_PythonDecoratedOperator): log_sql_query>, print_the_context already registered for DAG: example_python_operator
[2023-10-12T16:01:32.504+0000] {logging_mixin.py:137} INFO - [2023-10-12T16:01:32.504+0000] {taskmixin.py:205} WARNING - Dependency <Task(_PythonDecoratedOperator): print_the_context>, log_sql_query already registered for DAG: example_python_operator
[2023-10-12T16:01:32.521+0000] {logging_mixin.py:137} INFO - [2023-10-12T16:01:32.521+0000] {taskmixin.py:205} WARNING - Dependency <Task(_PythonDecoratedOperator): log_sql_query>, print_the_context already registered for DAG: example_python_operator
[2023-10-12T16:01:32.543+0000] {logging_mixin.py:137} INFO - [2023-10-12T16:01:32.543+0000] {taskmixin.py:205} WARNING - Dependency <Task(_PythonDecoratedOperator): print_the_context>, log_sql_query already registered for DAG: example_python_operator
[2023-10-12T16:01:32.578+0000] {logging_mixin.py:137} INFO - [2023-10-12T16:01:32.578+0000] {taskmixin.py:205} WARNING - Dependency <Task(_PythonDecoratedOperator): log_sql_query>, print_the_context already registered for DAG: example_python_operator
[2023-10-12T16:01:32.587+0000] {processor.py:753} INFO - DAG(s) dict_keys(['example_python_operator']) retrieved from /home/airflow/.local/lib/python3.7/site-packages/airflow/example_dags/example_python_operator.py
[2023-10-12T16:01:32.692+0000] {logging_mixin.py:137} INFO - [2023-10-12T16:01:32.692+0000] {dag.py:2690} INFO - Sync 1 DAGs
[2023-10-12T16:01:32.738+0000] {logging_mixin.py:137} INFO - [2023-10-12T16:01:32.738+0000] {dag.py:3441} INFO - Setting next_dagrun for example_python_operator to None, run_after=None
[2023-10-12T16:01:32.783+0000] {processor.py:175} INFO - Processing /home/airflow/.local/lib/python3.7/site-packages/airflow/example_dags/example_python_operator.py took 0.384 seconds
[2023-10-12T16:02:03.696+0000] {processor.py:153} INFO - Started process (PID=912) to work on /home/airflow/.local/lib/python3.7/site-packages/airflow/example_dags/example_python_operator.py
[2023-10-12T16:02:03.697+0000] {processor.py:743} INFO - Processing file /home/airflow/.local/lib/python3.7/site-packages/airflow/example_dags/example_python_operator.py for tasks to queue
[2023-10-12T16:02:03.698+0000] {logging_mixin.py:137} INFO - [2023-10-12T16:02:03.698+0000] {dagbag.py:538} INFO - Filling up the DagBag from /home/airflow/.local/lib/python3.7/site-packages/airflow/example_dags/example_python_operator.py
[2023-10-12T16:02:03.715+0000] {logging_mixin.py:137} INFO - [2023-10-12T16:02:03.715+0000] {taskmixin.py:205} WARNING - Dependency <Task(_PythonDecoratedOperator): print_the_context>, log_sql_query already registered for DAG: example_python_operator
[2023-10-12T16:02:03.716+0000] {logging_mixin.py:137} INFO - [2023-10-12T16:02:03.716+0000] {taskmixin.py:205} WARNING - Dependency <Task(_PythonDecoratedOperator): log_sql_query>, print_the_context already registered for DAG: example_python_operator
[2023-10-12T16:02:03.717+0000] {logging_mixin.py:137} INFO - [2023-10-12T16:02:03.717+0000] {taskmixin.py:205} WARNING - Dependency <Task(_PythonDecoratedOperator): print_the_context>, log_sql_query already registered for DAG: example_python_operator
[2023-10-12T16:02:03.718+0000] {logging_mixin.py:137} INFO - [2023-10-12T16:02:03.717+0000] {taskmixin.py:205} WARNING - Dependency <Task(_PythonDecoratedOperator): log_sql_query>, print_the_context already registered for DAG: example_python_operator
[2023-10-12T16:02:03.719+0000] {logging_mixin.py:137} INFO - [2023-10-12T16:02:03.718+0000] {taskmixin.py:205} WARNING - Dependency <Task(_PythonDecoratedOperator): print_the_context>, log_sql_query already registered for DAG: example_python_operator
[2023-10-12T16:02:03.719+0000] {logging_mixin.py:137} INFO - [2023-10-12T16:02:03.719+0000] {taskmixin.py:205} WARNING - Dependency <Task(_PythonDecoratedOperator): log_sql_query>, print_the_context already registered for DAG: example_python_operator
[2023-10-12T16:02:03.720+0000] {logging_mixin.py:137} INFO - [2023-10-12T16:02:03.720+0000] {taskmixin.py:205} WARNING - Dependency <Task(_PythonDecoratedOperator): print_the_context>, log_sql_query already registered for DAG: example_python_operator
[2023-10-12T16:02:03.721+0000] {logging_mixin.py:137} INFO - [2023-10-12T16:02:03.720+0000] {taskmixin.py:205} WARNING - Dependency <Task(_PythonDecoratedOperator): log_sql_query>, print_the_context already registered for DAG: example_python_operator
[2023-10-12T16:02:03.726+0000] {processor.py:753} INFO - DAG(s) dict_keys(['example_python_operator']) retrieved from /home/airflow/.local/lib/python3.7/site-packages/airflow/example_dags/example_python_operator.py
[2023-10-12T16:02:03.751+0000] {logging_mixin.py:137} INFO - [2023-10-12T16:02:03.751+0000] {dag.py:2690} INFO - Sync 1 DAGs
[2023-10-12T16:02:03.778+0000] {logging_mixin.py:137} INFO - [2023-10-12T16:02:03.777+0000] {dag.py:3441} INFO - Setting next_dagrun for example_python_operator to None, run_after=None
[2023-10-12T16:02:03.810+0000] {processor.py:175} INFO - Processing /home/airflow/.local/lib/python3.7/site-packages/airflow/example_dags/example_python_operator.py took 0.119 seconds
[2023-10-12T16:02:34.744+0000] {processor.py:153} INFO - Started process (PID=987) to work on /home/airflow/.local/lib/python3.7/site-packages/airflow/example_dags/example_python_operator.py
[2023-10-12T16:02:34.759+0000] {processor.py:743} INFO - Processing file /home/airflow/.local/lib/python3.7/site-packages/airflow/example_dags/example_python_operator.py for tasks to queue
[2023-10-12T16:02:34.766+0000] {logging_mixin.py:137} INFO - [2023-10-12T16:02:34.766+0000] {dagbag.py:538} INFO - Filling up the DagBag from /home/airflow/.local/lib/python3.7/site-packages/airflow/example_dags/example_python_operator.py
[2023-10-12T16:02:34.819+0000] {logging_mixin.py:137} INFO - [2023-10-12T16:02:34.819+0000] {taskmixin.py:205} WARNING - Dependency <Task(_PythonDecoratedOperator): print_the_context>, log_sql_query already registered for DAG: example_python_operator
[2023-10-12T16:02:34.833+0000] {logging_mixin.py:137} INFO - [2023-10-12T16:02:34.833+0000] {taskmixin.py:205} WARNING - Dependency <Task(_PythonDecoratedOperator): log_sql_query>, print_the_context already registered for DAG: example_python_operator
[2023-10-12T16:02:34.877+0000] {logging_mixin.py:137} INFO - [2023-10-12T16:02:34.877+0000] {taskmixin.py:205} WARNING - Dependency <Task(_PythonDecoratedOperator): print_the_context>, log_sql_query already registered for DAG: example_python_operator
[2023-10-12T16:02:34.885+0000] {logging_mixin.py:137} INFO - [2023-10-12T16:02:34.885+0000] {taskmixin.py:205} WARNING - Dependency <Task(_PythonDecoratedOperator): log_sql_query>, print_the_context already registered for DAG: example_python_operator
[2023-10-12T16:02:34.886+0000] {logging_mixin.py:137} INFO - [2023-10-12T16:02:34.886+0000] {taskmixin.py:205} WARNING - Dependency <Task(_PythonDecoratedOperator): print_the_context>, log_sql_query already registered for DAG: example_python_operator
[2023-10-12T16:02:34.886+0000] {logging_mixin.py:137} INFO - [2023-10-12T16:02:34.886+0000] {taskmixin.py:205} WARNING - Dependency <Task(_PythonDecoratedOperator): log_sql_query>, print_the_context already registered for DAG: example_python_operator
[2023-10-12T16:02:34.887+0000] {logging_mixin.py:137} INFO - [2023-10-12T16:02:34.887+0000] {taskmixin.py:205} WARNING - Dependency <Task(_PythonDecoratedOperator): print_the_context>, log_sql_query already registered for DAG: example_python_operator
[2023-10-12T16:02:34.888+0000] {logging_mixin.py:137} INFO - [2023-10-12T16:02:34.888+0000] {taskmixin.py:205} WARNING - Dependency <Task(_PythonDecoratedOperator): log_sql_query>, print_the_context already registered for DAG: example_python_operator
[2023-10-12T16:02:34.895+0000] {processor.py:753} INFO - DAG(s) dict_keys(['example_python_operator']) retrieved from /home/airflow/.local/lib/python3.7/site-packages/airflow/example_dags/example_python_operator.py
[2023-10-12T16:02:34.987+0000] {logging_mixin.py:137} INFO - [2023-10-12T16:02:34.987+0000] {dag.py:2690} INFO - Sync 1 DAGs
[2023-10-12T16:02:35.040+0000] {logging_mixin.py:137} INFO - [2023-10-12T16:02:35.039+0000] {dag.py:3441} INFO - Setting next_dagrun for example_python_operator to None, run_after=None
[2023-10-12T16:02:35.100+0000] {processor.py:175} INFO - Processing /home/airflow/.local/lib/python3.7/site-packages/airflow/example_dags/example_python_operator.py took 0.361 seconds
[2023-10-12T16:03:05.771+0000] {processor.py:153} INFO - Started process (PID=1080) to work on /home/airflow/.local/lib/python3.7/site-packages/airflow/example_dags/example_python_operator.py
[2023-10-12T16:03:05.772+0000] {processor.py:743} INFO - Processing file /home/airflow/.local/lib/python3.7/site-packages/airflow/example_dags/example_python_operator.py for tasks to queue
[2023-10-12T16:03:05.773+0000] {logging_mixin.py:137} INFO - [2023-10-12T16:03:05.773+0000] {dagbag.py:538} INFO - Filling up the DagBag from /home/airflow/.local/lib/python3.7/site-packages/airflow/example_dags/example_python_operator.py
[2023-10-12T16:03:05.788+0000] {logging_mixin.py:137} INFO - [2023-10-12T16:03:05.788+0000] {taskmixin.py:205} WARNING - Dependency <Task(_PythonDecoratedOperator): print_the_context>, log_sql_query already registered for DAG: example_python_operator
[2023-10-12T16:03:05.789+0000] {logging_mixin.py:137} INFO - [2023-10-12T16:03:05.789+0000] {taskmixin.py:205} WARNING - Dependency <Task(_PythonDecoratedOperator): log_sql_query>, print_the_context already registered for DAG: example_python_operator
[2023-10-12T16:03:05.790+0000] {logging_mixin.py:137} INFO - [2023-10-12T16:03:05.789+0000] {taskmixin.py:205} WARNING - Dependency <Task(_PythonDecoratedOperator): print_the_context>, log_sql_query already registered for DAG: example_python_operator
[2023-10-12T16:03:05.790+0000] {logging_mixin.py:137} INFO - [2023-10-12T16:03:05.790+0000] {taskmixin.py:205} WARNING - Dependency <Task(_PythonDecoratedOperator): log_sql_query>, print_the_context already registered for DAG: example_python_operator
[2023-10-12T16:03:05.791+0000] {logging_mixin.py:137} INFO - [2023-10-12T16:03:05.791+0000] {taskmixin.py:205} WARNING - Dependency <Task(_PythonDecoratedOperator): print_the_context>, log_sql_query already registered for DAG: example_python_operator
[2023-10-12T16:03:05.792+0000] {logging_mixin.py:137} INFO - [2023-10-12T16:03:05.792+0000] {taskmixin.py:205} WARNING - Dependency <Task(_PythonDecoratedOperator): log_sql_query>, print_the_context already registered for DAG: example_python_operator
[2023-10-12T16:03:05.792+0000] {logging_mixin.py:137} INFO - [2023-10-12T16:03:05.792+0000] {taskmixin.py:205} WARNING - Dependency <Task(_PythonDecoratedOperator): print_the_context>, log_sql_query already registered for DAG: example_python_operator
[2023-10-12T16:03:05.793+0000] {logging_mixin.py:137} INFO - [2023-10-12T16:03:05.793+0000] {taskmixin.py:205} WARNING - Dependency <Task(_PythonDecoratedOperator): log_sql_query>, print_the_context already registered for DAG: example_python_operator
[2023-10-12T16:03:05.799+0000] {processor.py:753} INFO - DAG(s) dict_keys(['example_python_operator']) retrieved from /home/airflow/.local/lib/python3.7/site-packages/airflow/example_dags/example_python_operator.py
[2023-10-12T16:03:05.823+0000] {logging_mixin.py:137} INFO - [2023-10-12T16:03:05.823+0000] {dag.py:2690} INFO - Sync 1 DAGs
[2023-10-12T16:03:05.843+0000] {logging_mixin.py:137} INFO - [2023-10-12T16:03:05.843+0000] {dag.py:3441} INFO - Setting next_dagrun for example_python_operator to None, run_after=None
[2023-10-12T16:03:05.859+0000] {processor.py:175} INFO - Processing /home/airflow/.local/lib/python3.7/site-packages/airflow/example_dags/example_python_operator.py took 0.091 seconds
[2023-10-12T16:03:37.636+0000] {processor.py:153} INFO - Started process (PID=1156) to work on /home/airflow/.local/lib/python3.7/site-packages/airflow/example_dags/example_python_operator.py
[2023-10-12T16:03:37.637+0000] {processor.py:743} INFO - Processing file /home/airflow/.local/lib/python3.7/site-packages/airflow/example_dags/example_python_operator.py for tasks to queue
[2023-10-12T16:03:37.639+0000] {logging_mixin.py:137} INFO - [2023-10-12T16:03:37.639+0000] {dagbag.py:538} INFO - Filling up the DagBag from /home/airflow/.local/lib/python3.7/site-packages/airflow/example_dags/example_python_operator.py
[2023-10-12T16:03:37.659+0000] {logging_mixin.py:137} INFO - [2023-10-12T16:03:37.659+0000] {taskmixin.py:205} WARNING - Dependency <Task(_PythonDecoratedOperator): print_the_context>, log_sql_query already registered for DAG: example_python_operator
[2023-10-12T16:03:37.659+0000] {logging_mixin.py:137} INFO - [2023-10-12T16:03:37.659+0000] {taskmixin.py:205} WARNING - Dependency <Task(_PythonDecoratedOperator): log_sql_query>, print_the_context already registered for DAG: example_python_operator
[2023-10-12T16:03:37.662+0000] {logging_mixin.py:137} INFO - [2023-10-12T16:03:37.662+0000] {taskmixin.py:205} WARNING - Dependency <Task(_PythonDecoratedOperator): print_the_context>, log_sql_query already registered for DAG: example_python_operator
[2023-10-12T16:03:37.664+0000] {logging_mixin.py:137} INFO - [2023-10-12T16:03:37.664+0000] {taskmixin.py:205} WARNING - Dependency <Task(_PythonDecoratedOperator): log_sql_query>, print_the_context already registered for DAG: example_python_operator
[2023-10-12T16:03:37.669+0000] {logging_mixin.py:137} INFO - [2023-10-12T16:03:37.668+0000] {taskmixin.py:205} WARNING - Dependency <Task(_PythonDecoratedOperator): print_the_context>, log_sql_query already registered for DAG: example_python_operator
[2023-10-12T16:03:37.671+0000] {logging_mixin.py:137} INFO - [2023-10-12T16:03:37.671+0000] {taskmixin.py:205} WARNING - Dependency <Task(_PythonDecoratedOperator): log_sql_query>, print_the_context already registered for DAG: example_python_operator
[2023-10-12T16:03:37.673+0000] {logging_mixin.py:137} INFO - [2023-10-12T16:03:37.673+0000] {taskmixin.py:205} WARNING - Dependency <Task(_PythonDecoratedOperator): print_the_context>, log_sql_query already registered for DAG: example_python_operator
[2023-10-12T16:03:37.675+0000] {logging_mixin.py:137} INFO - [2023-10-12T16:03:37.674+0000] {taskmixin.py:205} WARNING - Dependency <Task(_PythonDecoratedOperator): log_sql_query>, print_the_context already registered for DAG: example_python_operator
[2023-10-12T16:03:37.683+0000] {processor.py:753} INFO - DAG(s) dict_keys(['example_python_operator']) retrieved from /home/airflow/.local/lib/python3.7/site-packages/airflow/example_dags/example_python_operator.py
[2023-10-12T16:03:37.775+0000] {logging_mixin.py:137} INFO - [2023-10-12T16:03:37.775+0000] {dag.py:2690} INFO - Sync 1 DAGs
[2023-10-12T16:03:37.821+0000] {logging_mixin.py:137} INFO - [2023-10-12T16:03:37.821+0000] {dag.py:3441} INFO - Setting next_dagrun for example_python_operator to None, run_after=None
[2023-10-12T16:03:37.883+0000] {processor.py:175} INFO - Processing /home/airflow/.local/lib/python3.7/site-packages/airflow/example_dags/example_python_operator.py took 0.251 seconds
[2023-10-12T16:04:08.644+0000] {processor.py:153} INFO - Started process (PID=1231) to work on /home/airflow/.local/lib/python3.7/site-packages/airflow/example_dags/example_python_operator.py
[2023-10-12T16:04:08.645+0000] {processor.py:743} INFO - Processing file /home/airflow/.local/lib/python3.7/site-packages/airflow/example_dags/example_python_operator.py for tasks to queue
[2023-10-12T16:04:08.646+0000] {logging_mixin.py:137} INFO - [2023-10-12T16:04:08.646+0000] {dagbag.py:538} INFO - Filling up the DagBag from /home/airflow/.local/lib/python3.7/site-packages/airflow/example_dags/example_python_operator.py
[2023-10-12T16:04:08.658+0000] {logging_mixin.py:137} INFO - [2023-10-12T16:04:08.658+0000] {taskmixin.py:205} WARNING - Dependency <Task(_PythonDecoratedOperator): print_the_context>, log_sql_query already registered for DAG: example_python_operator
[2023-10-12T16:04:08.658+0000] {logging_mixin.py:137} INFO - [2023-10-12T16:04:08.658+0000] {taskmixin.py:205} WARNING - Dependency <Task(_PythonDecoratedOperator): log_sql_query>, print_the_context already registered for DAG: example_python_operator
[2023-10-12T16:04:08.659+0000] {logging_mixin.py:137} INFO - [2023-10-12T16:04:08.659+0000] {taskmixin.py:205} WARNING - Dependency <Task(_PythonDecoratedOperator): print_the_context>, log_sql_query already registered for DAG: example_python_operator
[2023-10-12T16:04:08.659+0000] {logging_mixin.py:137} INFO - [2023-10-12T16:04:08.659+0000] {taskmixin.py:205} WARNING - Dependency <Task(_PythonDecoratedOperator): log_sql_query>, print_the_context already registered for DAG: example_python_operator
[2023-10-12T16:04:08.661+0000] {logging_mixin.py:137} INFO - [2023-10-12T16:04:08.661+0000] {taskmixin.py:205} WARNING - Dependency <Task(_PythonDecoratedOperator): print_the_context>, log_sql_query already registered for DAG: example_python_operator
[2023-10-12T16:04:08.661+0000] {logging_mixin.py:137} INFO - [2023-10-12T16:04:08.661+0000] {taskmixin.py:205} WARNING - Dependency <Task(_PythonDecoratedOperator): log_sql_query>, print_the_context already registered for DAG: example_python_operator
[2023-10-12T16:04:08.662+0000] {logging_mixin.py:137} INFO - [2023-10-12T16:04:08.662+0000] {taskmixin.py:205} WARNING - Dependency <Task(_PythonDecoratedOperator): print_the_context>, log_sql_query already registered for DAG: example_python_operator
[2023-10-12T16:04:08.662+0000] {logging_mixin.py:137} INFO - [2023-10-12T16:04:08.662+0000] {taskmixin.py:205} WARNING - Dependency <Task(_PythonDecoratedOperator): log_sql_query>, print_the_context already registered for DAG: example_python_operator
[2023-10-12T16:04:08.669+0000] {processor.py:753} INFO - DAG(s) dict_keys(['example_python_operator']) retrieved from /home/airflow/.local/lib/python3.7/site-packages/airflow/example_dags/example_python_operator.py
[2023-10-12T16:04:08.695+0000] {logging_mixin.py:137} INFO - [2023-10-12T16:04:08.695+0000] {dag.py:2690} INFO - Sync 1 DAGs
[2023-10-12T16:04:08.720+0000] {logging_mixin.py:137} INFO - [2023-10-12T16:04:08.720+0000] {dag.py:3441} INFO - Setting next_dagrun for example_python_operator to None, run_after=None
[2023-10-12T16:04:08.750+0000] {processor.py:175} INFO - Processing /home/airflow/.local/lib/python3.7/site-packages/airflow/example_dags/example_python_operator.py took 0.110 seconds
[2023-10-12T16:04:39.167+0000] {processor.py:153} INFO - Started process (PID=1323) to work on /home/airflow/.local/lib/python3.7/site-packages/airflow/example_dags/example_python_operator.py
[2023-10-12T16:04:39.168+0000] {processor.py:743} INFO - Processing file /home/airflow/.local/lib/python3.7/site-packages/airflow/example_dags/example_python_operator.py for tasks to queue
[2023-10-12T16:04:39.170+0000] {logging_mixin.py:137} INFO - [2023-10-12T16:04:39.169+0000] {dagbag.py:538} INFO - Filling up the DagBag from /home/airflow/.local/lib/python3.7/site-packages/airflow/example_dags/example_python_operator.py
[2023-10-12T16:04:39.199+0000] {logging_mixin.py:137} INFO - [2023-10-12T16:04:39.199+0000] {taskmixin.py:205} WARNING - Dependency <Task(_PythonDecoratedOperator): print_the_context>, log_sql_query already registered for DAG: example_python_operator
[2023-10-12T16:04:39.223+0000] {logging_mixin.py:137} INFO - [2023-10-12T16:04:39.223+0000] {taskmixin.py:205} WARNING - Dependency <Task(_PythonDecoratedOperator): log_sql_query>, print_the_context already registered for DAG: example_python_operator
[2023-10-12T16:04:39.254+0000] {logging_mixin.py:137} INFO - [2023-10-12T16:04:39.254+0000] {taskmixin.py:205} WARNING - Dependency <Task(_PythonDecoratedOperator): print_the_context>, log_sql_query already registered for DAG: example_python_operator
[2023-10-12T16:04:39.293+0000] {logging_mixin.py:137} INFO - [2023-10-12T16:04:39.293+0000] {taskmixin.py:205} WARNING - Dependency <Task(_PythonDecoratedOperator): log_sql_query>, print_the_context already registered for DAG: example_python_operator
[2023-10-12T16:04:39.306+0000] {logging_mixin.py:137} INFO - [2023-10-12T16:04:39.304+0000] {taskmixin.py:205} WARNING - Dependency <Task(_PythonDecoratedOperator): print_the_context>, log_sql_query already registered for DAG: example_python_operator
[2023-10-12T16:04:39.307+0000] {logging_mixin.py:137} INFO - [2023-10-12T16:04:39.307+0000] {taskmixin.py:205} WARNING - Dependency <Task(_PythonDecoratedOperator): log_sql_query>, print_the_context already registered for DAG: example_python_operator
[2023-10-12T16:04:39.310+0000] {logging_mixin.py:137} INFO - [2023-10-12T16:04:39.310+0000] {taskmixin.py:205} WARNING - Dependency <Task(_PythonDecoratedOperator): print_the_context>, log_sql_query already registered for DAG: example_python_operator
[2023-10-12T16:04:39.311+0000] {logging_mixin.py:137} INFO - [2023-10-12T16:04:39.311+0000] {taskmixin.py:205} WARNING - Dependency <Task(_PythonDecoratedOperator): log_sql_query>, print_the_context already registered for DAG: example_python_operator
[2023-10-12T16:04:39.318+0000] {processor.py:753} INFO - DAG(s) dict_keys(['example_python_operator']) retrieved from /home/airflow/.local/lib/python3.7/site-packages/airflow/example_dags/example_python_operator.py
[2023-10-12T16:04:39.464+0000] {logging_mixin.py:137} INFO - [2023-10-12T16:04:39.463+0000] {dag.py:2690} INFO - Sync 1 DAGs
[2023-10-12T16:04:39.519+0000] {logging_mixin.py:137} INFO - [2023-10-12T16:04:39.519+0000] {dag.py:3441} INFO - Setting next_dagrun for example_python_operator to None, run_after=None
[2023-10-12T16:04:39.554+0000] {processor.py:175} INFO - Processing /home/airflow/.local/lib/python3.7/site-packages/airflow/example_dags/example_python_operator.py took 0.392 seconds
[2023-10-12T16:05:09.655+0000] {processor.py:153} INFO - Started process (PID=1398) to work on /home/airflow/.local/lib/python3.7/site-packages/airflow/example_dags/example_python_operator.py
[2023-10-12T16:05:09.657+0000] {processor.py:743} INFO - Processing file /home/airflow/.local/lib/python3.7/site-packages/airflow/example_dags/example_python_operator.py for tasks to queue
[2023-10-12T16:05:09.662+0000] {logging_mixin.py:137} INFO - [2023-10-12T16:05:09.661+0000] {dagbag.py:538} INFO - Filling up the DagBag from /home/airflow/.local/lib/python3.7/site-packages/airflow/example_dags/example_python_operator.py
[2023-10-12T16:05:09.682+0000] {logging_mixin.py:137} INFO - [2023-10-12T16:05:09.682+0000] {taskmixin.py:205} WARNING - Dependency <Task(_PythonDecoratedOperator): print_the_context>, log_sql_query already registered for DAG: example_python_operator
[2023-10-12T16:05:09.683+0000] {logging_mixin.py:137} INFO - [2023-10-12T16:05:09.682+0000] {taskmixin.py:205} WARNING - Dependency <Task(_PythonDecoratedOperator): log_sql_query>, print_the_context already registered for DAG: example_python_operator
[2023-10-12T16:05:09.683+0000] {logging_mixin.py:137} INFO - [2023-10-12T16:05:09.683+0000] {taskmixin.py:205} WARNING - Dependency <Task(_PythonDecoratedOperator): print_the_context>, log_sql_query already registered for DAG: example_python_operator
[2023-10-12T16:05:09.684+0000] {logging_mixin.py:137} INFO - [2023-10-12T16:05:09.684+0000] {taskmixin.py:205} WARNING - Dependency <Task(_PythonDecoratedOperator): log_sql_query>, print_the_context already registered for DAG: example_python_operator
[2023-10-12T16:05:09.685+0000] {logging_mixin.py:137} INFO - [2023-10-12T16:05:09.685+0000] {taskmixin.py:205} WARNING - Dependency <Task(_PythonDecoratedOperator): print_the_context>, log_sql_query already registered for DAG: example_python_operator
[2023-10-12T16:05:09.686+0000] {logging_mixin.py:137} INFO - [2023-10-12T16:05:09.686+0000] {taskmixin.py:205} WARNING - Dependency <Task(_PythonDecoratedOperator): log_sql_query>, print_the_context already registered for DAG: example_python_operator
[2023-10-12T16:05:09.687+0000] {logging_mixin.py:137} INFO - [2023-10-12T16:05:09.687+0000] {taskmixin.py:205} WARNING - Dependency <Task(_PythonDecoratedOperator): print_the_context>, log_sql_query already registered for DAG: example_python_operator
[2023-10-12T16:05:09.687+0000] {logging_mixin.py:137} INFO - [2023-10-12T16:05:09.687+0000] {taskmixin.py:205} WARNING - Dependency <Task(_PythonDecoratedOperator): log_sql_query>, print_the_context already registered for DAG: example_python_operator
[2023-10-12T16:05:09.693+0000] {processor.py:753} INFO - DAG(s) dict_keys(['example_python_operator']) retrieved from /home/airflow/.local/lib/python3.7/site-packages/airflow/example_dags/example_python_operator.py
[2023-10-12T16:05:09.737+0000] {logging_mixin.py:137} INFO - [2023-10-12T16:05:09.737+0000] {dag.py:2690} INFO - Sync 1 DAGs
[2023-10-12T16:05:09.812+0000] {logging_mixin.py:137} INFO - [2023-10-12T16:05:09.811+0000] {dag.py:3441} INFO - Setting next_dagrun for example_python_operator to None, run_after=None
[2023-10-12T16:05:09.832+0000] {processor.py:175} INFO - Processing /home/airflow/.local/lib/python3.7/site-packages/airflow/example_dags/example_python_operator.py took 0.182 seconds
[2023-10-12T16:05:40.222+0000] {processor.py:153} INFO - Started process (PID=1473) to work on /home/airflow/.local/lib/python3.7/site-packages/airflow/example_dags/example_python_operator.py
[2023-10-12T16:05:40.224+0000] {processor.py:743} INFO - Processing file /home/airflow/.local/lib/python3.7/site-packages/airflow/example_dags/example_python_operator.py for tasks to queue
[2023-10-12T16:05:40.225+0000] {logging_mixin.py:137} INFO - [2023-10-12T16:05:40.225+0000] {dagbag.py:538} INFO - Filling up the DagBag from /home/airflow/.local/lib/python3.7/site-packages/airflow/example_dags/example_python_operator.py
[2023-10-12T16:05:40.239+0000] {logging_mixin.py:137} INFO - [2023-10-12T16:05:40.239+0000] {taskmixin.py:205} WARNING - Dependency <Task(_PythonDecoratedOperator): print_the_context>, log_sql_query already registered for DAG: example_python_operator
[2023-10-12T16:05:40.239+0000] {logging_mixin.py:137} INFO - [2023-10-12T16:05:40.239+0000] {taskmixin.py:205} WARNING - Dependency <Task(_PythonDecoratedOperator): log_sql_query>, print_the_context already registered for DAG: example_python_operator
[2023-10-12T16:05:40.240+0000] {logging_mixin.py:137} INFO - [2023-10-12T16:05:40.240+0000] {taskmixin.py:205} WARNING - Dependency <Task(_PythonDecoratedOperator): print_the_context>, log_sql_query already registered for DAG: example_python_operator
[2023-10-12T16:05:40.241+0000] {logging_mixin.py:137} INFO - [2023-10-12T16:05:40.241+0000] {taskmixin.py:205} WARNING - Dependency <Task(_PythonDecoratedOperator): log_sql_query>, print_the_context already registered for DAG: example_python_operator
[2023-10-12T16:05:40.242+0000] {logging_mixin.py:137} INFO - [2023-10-12T16:05:40.242+0000] {taskmixin.py:205} WARNING - Dependency <Task(_PythonDecoratedOperator): print_the_context>, log_sql_query already registered for DAG: example_python_operator
[2023-10-12T16:05:40.242+0000] {logging_mixin.py:137} INFO - [2023-10-12T16:05:40.242+0000] {taskmixin.py:205} WARNING - Dependency <Task(_PythonDecoratedOperator): log_sql_query>, print_the_context already registered for DAG: example_python_operator
[2023-10-12T16:05:40.243+0000] {logging_mixin.py:137} INFO - [2023-10-12T16:05:40.243+0000] {taskmixin.py:205} WARNING - Dependency <Task(_PythonDecoratedOperator): print_the_context>, log_sql_query already registered for DAG: example_python_operator
[2023-10-12T16:05:40.243+0000] {logging_mixin.py:137} INFO - [2023-10-12T16:05:40.243+0000] {taskmixin.py:205} WARNING - Dependency <Task(_PythonDecoratedOperator): log_sql_query>, print_the_context already registered for DAG: example_python_operator
[2023-10-12T16:05:40.250+0000] {processor.py:753} INFO - DAG(s) dict_keys(['example_python_operator']) retrieved from /home/airflow/.local/lib/python3.7/site-packages/airflow/example_dags/example_python_operator.py
[2023-10-12T16:05:40.277+0000] {logging_mixin.py:137} INFO - [2023-10-12T16:05:40.277+0000] {dag.py:2690} INFO - Sync 1 DAGs
[2023-10-12T16:05:40.300+0000] {logging_mixin.py:137} INFO - [2023-10-12T16:05:40.299+0000] {dag.py:3441} INFO - Setting next_dagrun for example_python_operator to None, run_after=None
[2023-10-12T16:05:40.321+0000] {processor.py:175} INFO - Processing /home/airflow/.local/lib/python3.7/site-packages/airflow/example_dags/example_python_operator.py took 0.101 seconds
[2023-10-12T16:06:11.603+0000] {processor.py:153} INFO - Started process (PID=1557) to work on /home/airflow/.local/lib/python3.7/site-packages/airflow/example_dags/example_python_operator.py
[2023-10-12T16:06:11.605+0000] {processor.py:743} INFO - Processing file /home/airflow/.local/lib/python3.7/site-packages/airflow/example_dags/example_python_operator.py for tasks to queue
[2023-10-12T16:06:11.606+0000] {logging_mixin.py:137} INFO - [2023-10-12T16:06:11.606+0000] {dagbag.py:538} INFO - Filling up the DagBag from /home/airflow/.local/lib/python3.7/site-packages/airflow/example_dags/example_python_operator.py
[2023-10-12T16:06:11.627+0000] {logging_mixin.py:137} INFO - [2023-10-12T16:06:11.627+0000] {taskmixin.py:205} WARNING - Dependency <Task(_PythonDecoratedOperator): print_the_context>, log_sql_query already registered for DAG: example_python_operator
[2023-10-12T16:06:11.628+0000] {logging_mixin.py:137} INFO - [2023-10-12T16:06:11.628+0000] {taskmixin.py:205} WARNING - Dependency <Task(_PythonDecoratedOperator): log_sql_query>, print_the_context already registered for DAG: example_python_operator
[2023-10-12T16:06:11.629+0000] {logging_mixin.py:137} INFO - [2023-10-12T16:06:11.629+0000] {taskmixin.py:205} WARNING - Dependency <Task(_PythonDecoratedOperator): print_the_context>, log_sql_query already registered for DAG: example_python_operator
[2023-10-12T16:06:11.630+0000] {logging_mixin.py:137} INFO - [2023-10-12T16:06:11.630+0000] {taskmixin.py:205} WARNING - Dependency <Task(_PythonDecoratedOperator): log_sql_query>, print_the_context already registered for DAG: example_python_operator
[2023-10-12T16:06:11.631+0000] {logging_mixin.py:137} INFO - [2023-10-12T16:06:11.631+0000] {taskmixin.py:205} WARNING - Dependency <Task(_PythonDecoratedOperator): print_the_context>, log_sql_query already registered for DAG: example_python_operator
[2023-10-12T16:06:11.631+0000] {logging_mixin.py:137} INFO - [2023-10-12T16:06:11.631+0000] {taskmixin.py:205} WARNING - Dependency <Task(_PythonDecoratedOperator): log_sql_query>, print_the_context already registered for DAG: example_python_operator
[2023-10-12T16:06:11.633+0000] {logging_mixin.py:137} INFO - [2023-10-12T16:06:11.633+0000] {taskmixin.py:205} WARNING - Dependency <Task(_PythonDecoratedOperator): print_the_context>, log_sql_query already registered for DAG: example_python_operator
[2023-10-12T16:06:11.634+0000] {logging_mixin.py:137} INFO - [2023-10-12T16:06:11.633+0000] {taskmixin.py:205} WARNING - Dependency <Task(_PythonDecoratedOperator): log_sql_query>, print_the_context already registered for DAG: example_python_operator
[2023-10-12T16:06:11.642+0000] {processor.py:753} INFO - DAG(s) dict_keys(['example_python_operator']) retrieved from /home/airflow/.local/lib/python3.7/site-packages/airflow/example_dags/example_python_operator.py
[2023-10-12T16:06:11.699+0000] {logging_mixin.py:137} INFO - [2023-10-12T16:06:11.699+0000] {dag.py:2690} INFO - Sync 1 DAGs
[2023-10-12T16:06:11.810+0000] {logging_mixin.py:137} INFO - [2023-10-12T16:06:11.810+0000] {dag.py:3441} INFO - Setting next_dagrun for example_python_operator to None, run_after=None
[2023-10-12T16:06:11.887+0000] {processor.py:175} INFO - Processing /home/airflow/.local/lib/python3.7/site-packages/airflow/example_dags/example_python_operator.py took 0.288 seconds
[2023-10-12T16:06:42.918+0000] {processor.py:153} INFO - Started process (PID=1640) to work on /home/airflow/.local/lib/python3.7/site-packages/airflow/example_dags/example_python_operator.py
[2023-10-12T16:06:42.926+0000] {processor.py:743} INFO - Processing file /home/airflow/.local/lib/python3.7/site-packages/airflow/example_dags/example_python_operator.py for tasks to queue
[2023-10-12T16:06:42.934+0000] {logging_mixin.py:137} INFO - [2023-10-12T16:06:42.933+0000] {dagbag.py:538} INFO - Filling up the DagBag from /home/airflow/.local/lib/python3.7/site-packages/airflow/example_dags/example_python_operator.py
[2023-10-12T16:06:42.954+0000] {logging_mixin.py:137} INFO - [2023-10-12T16:06:42.954+0000] {taskmixin.py:205} WARNING - Dependency <Task(_PythonDecoratedOperator): print_the_context>, log_sql_query already registered for DAG: example_python_operator
[2023-10-12T16:06:42.964+0000] {logging_mixin.py:137} INFO - [2023-10-12T16:06:42.964+0000] {taskmixin.py:205} WARNING - Dependency <Task(_PythonDecoratedOperator): log_sql_query>, print_the_context already registered for DAG: example_python_operator
[2023-10-12T16:06:42.972+0000] {logging_mixin.py:137} INFO - [2023-10-12T16:06:42.971+0000] {taskmixin.py:205} WARNING - Dependency <Task(_PythonDecoratedOperator): print_the_context>, log_sql_query already registered for DAG: example_python_operator
[2023-10-12T16:06:42.977+0000] {logging_mixin.py:137} INFO - [2023-10-12T16:06:42.977+0000] {taskmixin.py:205} WARNING - Dependency <Task(_PythonDecoratedOperator): log_sql_query>, print_the_context already registered for DAG: example_python_operator
[2023-10-12T16:06:42.982+0000] {logging_mixin.py:137} INFO - [2023-10-12T16:06:42.982+0000] {taskmixin.py:205} WARNING - Dependency <Task(_PythonDecoratedOperator): print_the_context>, log_sql_query already registered for DAG: example_python_operator
[2023-10-12T16:06:42.985+0000] {logging_mixin.py:137} INFO - [2023-10-12T16:06:42.985+0000] {taskmixin.py:205} WARNING - Dependency <Task(_PythonDecoratedOperator): log_sql_query>, print_the_context already registered for DAG: example_python_operator
[2023-10-12T16:06:42.988+0000] {logging_mixin.py:137} INFO - [2023-10-12T16:06:42.988+0000] {taskmixin.py:205} WARNING - Dependency <Task(_PythonDecoratedOperator): print_the_context>, log_sql_query already registered for DAG: example_python_operator
[2023-10-12T16:06:42.999+0000] {logging_mixin.py:137} INFO - [2023-10-12T16:06:42.999+0000] {taskmixin.py:205} WARNING - Dependency <Task(_PythonDecoratedOperator): log_sql_query>, print_the_context already registered for DAG: example_python_operator
[2023-10-12T16:06:43.019+0000] {processor.py:753} INFO - DAG(s) dict_keys(['example_python_operator']) retrieved from /home/airflow/.local/lib/python3.7/site-packages/airflow/example_dags/example_python_operator.py
[2023-10-12T16:06:43.073+0000] {logging_mixin.py:137} INFO - [2023-10-12T16:06:43.073+0000] {dag.py:2690} INFO - Sync 1 DAGs
[2023-10-12T16:06:43.125+0000] {logging_mixin.py:137} INFO - [2023-10-12T16:06:43.124+0000] {dag.py:3441} INFO - Setting next_dagrun for example_python_operator to None, run_after=None
[2023-10-12T16:06:43.217+0000] {processor.py:175} INFO - Processing /home/airflow/.local/lib/python3.7/site-packages/airflow/example_dags/example_python_operator.py took 0.306 seconds
[2023-10-12T17:13:34.507+0000] {processor.py:153} INFO - Started process (PID=1711) to work on /home/airflow/.local/lib/python3.7/site-packages/airflow/example_dags/example_python_operator.py
[2023-10-12T17:13:34.508+0000] {processor.py:743} INFO - Processing file /home/airflow/.local/lib/python3.7/site-packages/airflow/example_dags/example_python_operator.py for tasks to queue
[2023-10-12T17:13:34.512+0000] {logging_mixin.py:137} INFO - [2023-10-12T17:13:34.511+0000] {dagbag.py:538} INFO - Filling up the DagBag from /home/airflow/.local/lib/python3.7/site-packages/airflow/example_dags/example_python_operator.py
[2023-10-12T17:13:34.573+0000] {logging_mixin.py:137} INFO - [2023-10-12T17:13:34.573+0000] {taskmixin.py:205} WARNING - Dependency <Task(_PythonDecoratedOperator): print_the_context>, log_sql_query already registered for DAG: example_python_operator
[2023-10-12T17:13:34.574+0000] {logging_mixin.py:137} INFO - [2023-10-12T17:13:34.574+0000] {taskmixin.py:205} WARNING - Dependency <Task(_PythonDecoratedOperator): log_sql_query>, print_the_context already registered for DAG: example_python_operator
[2023-10-12T17:13:34.576+0000] {logging_mixin.py:137} INFO - [2023-10-12T17:13:34.576+0000] {taskmixin.py:205} WARNING - Dependency <Task(_PythonDecoratedOperator): print_the_context>, log_sql_query already registered for DAG: example_python_operator
[2023-10-12T17:13:34.578+0000] {logging_mixin.py:137} INFO - [2023-10-12T17:13:34.578+0000] {taskmixin.py:205} WARNING - Dependency <Task(_PythonDecoratedOperator): log_sql_query>, print_the_context already registered for DAG: example_python_operator
[2023-10-12T17:13:34.579+0000] {logging_mixin.py:137} INFO - [2023-10-12T17:13:34.579+0000] {taskmixin.py:205} WARNING - Dependency <Task(_PythonDecoratedOperator): print_the_context>, log_sql_query already registered for DAG: example_python_operator
[2023-10-12T17:13:34.581+0000] {logging_mixin.py:137} INFO - [2023-10-12T17:13:34.581+0000] {taskmixin.py:205} WARNING - Dependency <Task(_PythonDecoratedOperator): log_sql_query>, print_the_context already registered for DAG: example_python_operator
[2023-10-12T17:13:34.582+0000] {logging_mixin.py:137} INFO - [2023-10-12T17:13:34.582+0000] {taskmixin.py:205} WARNING - Dependency <Task(_PythonDecoratedOperator): print_the_context>, log_sql_query already registered for DAG: example_python_operator
[2023-10-12T17:13:34.585+0000] {logging_mixin.py:137} INFO - [2023-10-12T17:13:34.585+0000] {taskmixin.py:205} WARNING - Dependency <Task(_PythonDecoratedOperator): log_sql_query>, print_the_context already registered for DAG: example_python_operator
[2023-10-12T17:13:34.595+0000] {processor.py:753} INFO - DAG(s) dict_keys(['example_python_operator']) retrieved from /home/airflow/.local/lib/python3.7/site-packages/airflow/example_dags/example_python_operator.py
[2023-10-12T17:13:34.632+0000] {logging_mixin.py:137} INFO - [2023-10-12T17:13:34.632+0000] {dag.py:2690} INFO - Sync 1 DAGs
[2023-10-12T17:13:34.660+0000] {logging_mixin.py:137} INFO - [2023-10-12T17:13:34.660+0000] {dag.py:3441} INFO - Setting next_dagrun for example_python_operator to None, run_after=None
[2023-10-12T17:13:34.690+0000] {processor.py:175} INFO - Processing /home/airflow/.local/lib/python3.7/site-packages/airflow/example_dags/example_python_operator.py took 0.189 seconds
[2023-10-12T18:38:22.231+0000] {processor.py:153} INFO - Started process (PID=1786) to work on /home/airflow/.local/lib/python3.7/site-packages/airflow/example_dags/example_python_operator.py
[2023-10-12T18:38:22.232+0000] {processor.py:743} INFO - Processing file /home/airflow/.local/lib/python3.7/site-packages/airflow/example_dags/example_python_operator.py for tasks to queue
[2023-10-12T18:38:22.233+0000] {logging_mixin.py:137} INFO - [2023-10-12T18:38:22.233+0000] {dagbag.py:538} INFO - Filling up the DagBag from /home/airflow/.local/lib/python3.7/site-packages/airflow/example_dags/example_python_operator.py
[2023-10-12T18:38:22.250+0000] {logging_mixin.py:137} INFO - [2023-10-12T18:38:22.250+0000] {taskmixin.py:205} WARNING - Dependency <Task(_PythonDecoratedOperator): print_the_context>, log_sql_query already registered for DAG: example_python_operator
[2023-10-12T18:38:22.250+0000] {logging_mixin.py:137} INFO - [2023-10-12T18:38:22.250+0000] {taskmixin.py:205} WARNING - Dependency <Task(_PythonDecoratedOperator): log_sql_query>, print_the_context already registered for DAG: example_python_operator
[2023-10-12T18:38:22.251+0000] {logging_mixin.py:137} INFO - [2023-10-12T18:38:22.251+0000] {taskmixin.py:205} WARNING - Dependency <Task(_PythonDecoratedOperator): print_the_context>, log_sql_query already registered for DAG: example_python_operator
[2023-10-12T18:38:22.252+0000] {logging_mixin.py:137} INFO - [2023-10-12T18:38:22.251+0000] {taskmixin.py:205} WARNING - Dependency <Task(_PythonDecoratedOperator): log_sql_query>, print_the_context already registered for DAG: example_python_operator
[2023-10-12T18:38:22.252+0000] {logging_mixin.py:137} INFO - [2023-10-12T18:38:22.252+0000] {taskmixin.py:205} WARNING - Dependency <Task(_PythonDecoratedOperator): print_the_context>, log_sql_query already registered for DAG: example_python_operator
[2023-10-12T18:38:22.253+0000] {logging_mixin.py:137} INFO - [2023-10-12T18:38:22.253+0000] {taskmixin.py:205} WARNING - Dependency <Task(_PythonDecoratedOperator): log_sql_query>, print_the_context already registered for DAG: example_python_operator
[2023-10-12T18:38:22.254+0000] {logging_mixin.py:137} INFO - [2023-10-12T18:38:22.254+0000] {taskmixin.py:205} WARNING - Dependency <Task(_PythonDecoratedOperator): print_the_context>, log_sql_query already registered for DAG: example_python_operator
[2023-10-12T18:38:22.254+0000] {logging_mixin.py:137} INFO - [2023-10-12T18:38:22.254+0000] {taskmixin.py:205} WARNING - Dependency <Task(_PythonDecoratedOperator): log_sql_query>, print_the_context already registered for DAG: example_python_operator
[2023-10-12T18:38:22.261+0000] {processor.py:753} INFO - DAG(s) dict_keys(['example_python_operator']) retrieved from /home/airflow/.local/lib/python3.7/site-packages/airflow/example_dags/example_python_operator.py
[2023-10-12T18:38:22.287+0000] {logging_mixin.py:137} INFO - [2023-10-12T18:38:22.287+0000] {dag.py:2690} INFO - Sync 1 DAGs
[2023-10-12T18:38:22.307+0000] {logging_mixin.py:137} INFO - [2023-10-12T18:38:22.307+0000] {dag.py:3441} INFO - Setting next_dagrun for example_python_operator to None, run_after=None
[2023-10-12T18:38:22.322+0000] {processor.py:175} INFO - Processing /home/airflow/.local/lib/python3.7/site-packages/airflow/example_dags/example_python_operator.py took 0.095 seconds
[2023-10-12T20:00:48.537+0000] {processor.py:153} INFO - Started process (PID=1861) to work on /home/airflow/.local/lib/python3.7/site-packages/airflow/example_dags/example_python_operator.py
[2023-10-12T20:00:48.539+0000] {processor.py:743} INFO - Processing file /home/airflow/.local/lib/python3.7/site-packages/airflow/example_dags/example_python_operator.py for tasks to queue
[2023-10-12T20:00:48.540+0000] {logging_mixin.py:137} INFO - [2023-10-12T20:00:48.540+0000] {dagbag.py:538} INFO - Filling up the DagBag from /home/airflow/.local/lib/python3.7/site-packages/airflow/example_dags/example_python_operator.py
[2023-10-12T20:00:48.556+0000] {logging_mixin.py:137} INFO - [2023-10-12T20:00:48.556+0000] {taskmixin.py:205} WARNING - Dependency <Task(_PythonDecoratedOperator): print_the_context>, log_sql_query already registered for DAG: example_python_operator
[2023-10-12T20:00:48.557+0000] {logging_mixin.py:137} INFO - [2023-10-12T20:00:48.557+0000] {taskmixin.py:205} WARNING - Dependency <Task(_PythonDecoratedOperator): log_sql_query>, print_the_context already registered for DAG: example_python_operator
[2023-10-12T20:00:48.559+0000] {logging_mixin.py:137} INFO - [2023-10-12T20:00:48.558+0000] {taskmixin.py:205} WARNING - Dependency <Task(_PythonDecoratedOperator): print_the_context>, log_sql_query already registered for DAG: example_python_operator
[2023-10-12T20:00:48.559+0000] {logging_mixin.py:137} INFO - [2023-10-12T20:00:48.559+0000] {taskmixin.py:205} WARNING - Dependency <Task(_PythonDecoratedOperator): log_sql_query>, print_the_context already registered for DAG: example_python_operator
[2023-10-12T20:00:48.560+0000] {logging_mixin.py:137} INFO - [2023-10-12T20:00:48.560+0000] {taskmixin.py:205} WARNING - Dependency <Task(_PythonDecoratedOperator): print_the_context>, log_sql_query already registered for DAG: example_python_operator
[2023-10-12T20:00:48.561+0000] {logging_mixin.py:137} INFO - [2023-10-12T20:00:48.561+0000] {taskmixin.py:205} WARNING - Dependency <Task(_PythonDecoratedOperator): log_sql_query>, print_the_context already registered for DAG: example_python_operator
[2023-10-12T20:00:48.562+0000] {logging_mixin.py:137} INFO - [2023-10-12T20:00:48.562+0000] {taskmixin.py:205} WARNING - Dependency <Task(_PythonDecoratedOperator): print_the_context>, log_sql_query already registered for DAG: example_python_operator
[2023-10-12T20:00:48.563+0000] {logging_mixin.py:137} INFO - [2023-10-12T20:00:48.563+0000] {taskmixin.py:205} WARNING - Dependency <Task(_PythonDecoratedOperator): log_sql_query>, print_the_context already registered for DAG: example_python_operator
[2023-10-12T20:00:48.569+0000] {processor.py:753} INFO - DAG(s) dict_keys(['example_python_operator']) retrieved from /home/airflow/.local/lib/python3.7/site-packages/airflow/example_dags/example_python_operator.py
[2023-10-12T20:00:48.596+0000] {logging_mixin.py:137} INFO - [2023-10-12T20:00:48.596+0000] {dag.py:2690} INFO - Sync 1 DAGs
[2023-10-12T20:00:48.616+0000] {logging_mixin.py:137} INFO - [2023-10-12T20:00:48.616+0000] {dag.py:3441} INFO - Setting next_dagrun for example_python_operator to None, run_after=None
[2023-10-12T20:00:48.634+0000] {processor.py:175} INFO - Processing /home/airflow/.local/lib/python3.7/site-packages/airflow/example_dags/example_python_operator.py took 0.101 seconds
[2023-10-12T21:16:08.953+0000] {processor.py:153} INFO - Started process (PID=1954) to work on /home/airflow/.local/lib/python3.7/site-packages/airflow/example_dags/example_python_operator.py
[2023-10-12T21:16:08.958+0000] {processor.py:743} INFO - Processing file /home/airflow/.local/lib/python3.7/site-packages/airflow/example_dags/example_python_operator.py for tasks to queue
[2023-10-12T21:16:08.974+0000] {logging_mixin.py:137} INFO - [2023-10-12T21:16:08.973+0000] {dagbag.py:538} INFO - Filling up the DagBag from /home/airflow/.local/lib/python3.7/site-packages/airflow/example_dags/example_python_operator.py
[2023-10-12T21:16:08.996+0000] {logging_mixin.py:137} INFO - [2023-10-12T21:16:08.996+0000] {taskmixin.py:205} WARNING - Dependency <Task(_PythonDecoratedOperator): print_the_context>, log_sql_query already registered for DAG: example_python_operator
[2023-10-12T21:16:09.005+0000] {logging_mixin.py:137} INFO - [2023-10-12T21:16:09.005+0000] {taskmixin.py:205} WARNING - Dependency <Task(_PythonDecoratedOperator): log_sql_query>, print_the_context already registered for DAG: example_python_operator
[2023-10-12T21:16:09.012+0000] {logging_mixin.py:137} INFO - [2023-10-12T21:16:09.012+0000] {taskmixin.py:205} WARNING - Dependency <Task(_PythonDecoratedOperator): print_the_context>, log_sql_query already registered for DAG: example_python_operator
[2023-10-12T21:16:09.017+0000] {logging_mixin.py:137} INFO - [2023-10-12T21:16:09.017+0000] {taskmixin.py:205} WARNING - Dependency <Task(_PythonDecoratedOperator): log_sql_query>, print_the_context already registered for DAG: example_python_operator
[2023-10-12T21:16:09.031+0000] {logging_mixin.py:137} INFO - [2023-10-12T21:16:09.031+0000] {taskmixin.py:205} WARNING - Dependency <Task(_PythonDecoratedOperator): print_the_context>, log_sql_query already registered for DAG: example_python_operator
[2023-10-12T21:16:09.039+0000] {logging_mixin.py:137} INFO - [2023-10-12T21:16:09.038+0000] {taskmixin.py:205} WARNING - Dependency <Task(_PythonDecoratedOperator): log_sql_query>, print_the_context already registered for DAG: example_python_operator
[2023-10-12T21:16:09.045+0000] {logging_mixin.py:137} INFO - [2023-10-12T21:16:09.045+0000] {taskmixin.py:205} WARNING - Dependency <Task(_PythonDecoratedOperator): print_the_context>, log_sql_query already registered for DAG: example_python_operator
[2023-10-12T21:16:09.050+0000] {logging_mixin.py:137} INFO - [2023-10-12T21:16:09.050+0000] {taskmixin.py:205} WARNING - Dependency <Task(_PythonDecoratedOperator): log_sql_query>, print_the_context already registered for DAG: example_python_operator
[2023-10-12T21:16:09.063+0000] {processor.py:753} INFO - DAG(s) dict_keys(['example_python_operator']) retrieved from /home/airflow/.local/lib/python3.7/site-packages/airflow/example_dags/example_python_operator.py
[2023-10-12T21:16:09.208+0000] {logging_mixin.py:137} INFO - [2023-10-12T21:16:09.208+0000] {dag.py:2690} INFO - Sync 1 DAGs
[2023-10-12T21:16:09.239+0000] {logging_mixin.py:137} INFO - [2023-10-12T21:16:09.239+0000] {dag.py:3441} INFO - Setting next_dagrun for example_python_operator to None, run_after=None
[2023-10-12T21:16:09.302+0000] {processor.py:175} INFO - Processing /home/airflow/.local/lib/python3.7/site-packages/airflow/example_dags/example_python_operator.py took 0.356 seconds
[2023-10-12T22:41:18.498+0000] {processor.py:153} INFO - Started process (PID=2029) to work on /home/airflow/.local/lib/python3.7/site-packages/airflow/example_dags/example_python_operator.py
[2023-10-12T22:41:18.499+0000] {processor.py:743} INFO - Processing file /home/airflow/.local/lib/python3.7/site-packages/airflow/example_dags/example_python_operator.py for tasks to queue
[2023-10-12T22:41:18.500+0000] {logging_mixin.py:137} INFO - [2023-10-12T22:41:18.500+0000] {dagbag.py:538} INFO - Filling up the DagBag from /home/airflow/.local/lib/python3.7/site-packages/airflow/example_dags/example_python_operator.py
[2023-10-12T22:41:18.518+0000] {logging_mixin.py:137} INFO - [2023-10-12T22:41:18.518+0000] {taskmixin.py:205} WARNING - Dependency <Task(_PythonDecoratedOperator): print_the_context>, log_sql_query already registered for DAG: example_python_operator
[2023-10-12T22:41:18.519+0000] {logging_mixin.py:137} INFO - [2023-10-12T22:41:18.519+0000] {taskmixin.py:205} WARNING - Dependency <Task(_PythonDecoratedOperator): log_sql_query>, print_the_context already registered for DAG: example_python_operator
[2023-10-12T22:41:18.520+0000] {logging_mixin.py:137} INFO - [2023-10-12T22:41:18.520+0000] {taskmixin.py:205} WARNING - Dependency <Task(_PythonDecoratedOperator): print_the_context>, log_sql_query already registered for DAG: example_python_operator
[2023-10-12T22:41:18.521+0000] {logging_mixin.py:137} INFO - [2023-10-12T22:41:18.521+0000] {taskmixin.py:205} WARNING - Dependency <Task(_PythonDecoratedOperator): log_sql_query>, print_the_context already registered for DAG: example_python_operator
[2023-10-12T22:41:18.522+0000] {logging_mixin.py:137} INFO - [2023-10-12T22:41:18.522+0000] {taskmixin.py:205} WARNING - Dependency <Task(_PythonDecoratedOperator): print_the_context>, log_sql_query already registered for DAG: example_python_operator
[2023-10-12T22:41:18.523+0000] {logging_mixin.py:137} INFO - [2023-10-12T22:41:18.523+0000] {taskmixin.py:205} WARNING - Dependency <Task(_PythonDecoratedOperator): log_sql_query>, print_the_context already registered for DAG: example_python_operator
[2023-10-12T22:41:18.524+0000] {logging_mixin.py:137} INFO - [2023-10-12T22:41:18.524+0000] {taskmixin.py:205} WARNING - Dependency <Task(_PythonDecoratedOperator): print_the_context>, log_sql_query already registered for DAG: example_python_operator
[2023-10-12T22:41:18.525+0000] {logging_mixin.py:137} INFO - [2023-10-12T22:41:18.525+0000] {taskmixin.py:205} WARNING - Dependency <Task(_PythonDecoratedOperator): log_sql_query>, print_the_context already registered for DAG: example_python_operator
[2023-10-12T22:41:18.530+0000] {processor.py:753} INFO - DAG(s) dict_keys(['example_python_operator']) retrieved from /home/airflow/.local/lib/python3.7/site-packages/airflow/example_dags/example_python_operator.py
[2023-10-12T22:41:18.557+0000] {logging_mixin.py:137} INFO - [2023-10-12T22:41:18.557+0000] {dag.py:2690} INFO - Sync 1 DAGs
[2023-10-12T22:41:18.578+0000] {logging_mixin.py:137} INFO - [2023-10-12T22:41:18.578+0000] {dag.py:3441} INFO - Setting next_dagrun for example_python_operator to None, run_after=None
[2023-10-12T22:41:18.597+0000] {processor.py:175} INFO - Processing /home/airflow/.local/lib/python3.7/site-packages/airflow/example_dags/example_python_operator.py took 0.102 seconds
