[2023-10-12T15:56:19.224+0000] {processor.py:153} INFO - Started process (PID=84) to work on /home/airflow/.local/lib/python3.7/site-packages/airflow/example_dags/example_branch_operator_decorator.py
[2023-10-12T15:56:19.227+0000] {processor.py:743} INFO - Processing file /home/airflow/.local/lib/python3.7/site-packages/airflow/example_dags/example_branch_operator_decorator.py for tasks to queue
[2023-10-12T15:56:19.230+0000] {logging_mixin.py:137} INFO - [2023-10-12T15:56:19.230+0000] {dagbag.py:538} INFO - Filling up the DagBag from /home/airflow/.local/lib/python3.7/site-packages/airflow/example_dags/example_branch_operator_decorator.py
[2023-10-12T15:56:19.357+0000] {processor.py:753} INFO - DAG(s) dict_keys(['example_branch_python_operator_decorator']) retrieved from /home/airflow/.local/lib/python3.7/site-packages/airflow/example_dags/example_branch_operator_decorator.py
[2023-10-12T15:56:20.171+0000] {logging_mixin.py:137} INFO - [2023-10-12T15:56:20.171+0000] {manager.py:504} INFO - Created Permission View: can read on DAG:example_branch_python_operator_decorator
[2023-10-12T15:56:20.203+0000] {logging_mixin.py:137} INFO - [2023-10-12T15:56:20.202+0000] {manager.py:504} INFO - Created Permission View: can edit on DAG:example_branch_python_operator_decorator
[2023-10-12T15:56:20.222+0000] {logging_mixin.py:137} INFO - [2023-10-12T15:56:20.221+0000] {manager.py:504} INFO - Created Permission View: can delete on DAG:example_branch_python_operator_decorator
[2023-10-12T15:56:20.224+0000] {logging_mixin.py:137} INFO - [2023-10-12T15:56:20.223+0000] {dag.py:2690} INFO - Sync 1 DAGs
[2023-10-12T15:56:20.255+0000] {logging_mixin.py:137} INFO - [2023-10-12T15:56:20.255+0000] {dag.py:2711} INFO - Creating ORM DAG for example_branch_python_operator_decorator
[2023-10-12T15:56:20.288+0000] {logging_mixin.py:137} INFO - [2023-10-12T15:56:20.288+0000] {dag.py:3441} INFO - Setting next_dagrun for example_branch_python_operator_decorator to 2023-10-11T00:00:00+00:00, run_after=2023-10-12T00:00:00+00:00
[2023-10-12T15:56:20.451+0000] {processor.py:175} INFO - Processing /home/airflow/.local/lib/python3.7/site-packages/airflow/example_dags/example_branch_operator_decorator.py took 1.234 seconds
[2023-10-12T15:56:51.531+0000] {processor.py:153} INFO - Started process (PID=149) to work on /home/airflow/.local/lib/python3.7/site-packages/airflow/example_dags/example_branch_operator_decorator.py
[2023-10-12T15:56:51.553+0000] {processor.py:743} INFO - Processing file /home/airflow/.local/lib/python3.7/site-packages/airflow/example_dags/example_branch_operator_decorator.py for tasks to queue
[2023-10-12T15:56:51.668+0000] {logging_mixin.py:137} INFO - [2023-10-12T15:56:51.668+0000] {dagbag.py:538} INFO - Filling up the DagBag from /home/airflow/.local/lib/python3.7/site-packages/airflow/example_dags/example_branch_operator_decorator.py
[2023-10-12T15:56:51.751+0000] {processor.py:753} INFO - DAG(s) dict_keys(['example_branch_python_operator_decorator']) retrieved from /home/airflow/.local/lib/python3.7/site-packages/airflow/example_dags/example_branch_operator_decorator.py
[2023-10-12T15:56:51.905+0000] {logging_mixin.py:137} INFO - [2023-10-12T15:56:51.905+0000] {dag.py:2690} INFO - Sync 1 DAGs
[2023-10-12T15:56:51.972+0000] {logging_mixin.py:137} INFO - [2023-10-12T15:56:51.972+0000] {dag.py:3441} INFO - Setting next_dagrun for example_branch_python_operator_decorator to 2023-10-11T00:00:00+00:00, run_after=2023-10-12T00:00:00+00:00
[2023-10-12T15:56:52.332+0000] {processor.py:175} INFO - Processing /home/airflow/.local/lib/python3.7/site-packages/airflow/example_dags/example_branch_operator_decorator.py took 0.805 seconds
[2023-10-12T15:57:22.544+0000] {processor.py:153} INFO - Started process (PID=216) to work on /home/airflow/.local/lib/python3.7/site-packages/airflow/example_dags/example_branch_operator_decorator.py
[2023-10-12T15:57:22.546+0000] {processor.py:743} INFO - Processing file /home/airflow/.local/lib/python3.7/site-packages/airflow/example_dags/example_branch_operator_decorator.py for tasks to queue
[2023-10-12T15:57:22.547+0000] {logging_mixin.py:137} INFO - [2023-10-12T15:57:22.547+0000] {dagbag.py:538} INFO - Filling up the DagBag from /home/airflow/.local/lib/python3.7/site-packages/airflow/example_dags/example_branch_operator_decorator.py
[2023-10-12T15:57:22.718+0000] {processor.py:753} INFO - DAG(s) dict_keys(['example_branch_python_operator_decorator']) retrieved from /home/airflow/.local/lib/python3.7/site-packages/airflow/example_dags/example_branch_operator_decorator.py
[2023-10-12T15:57:22.967+0000] {logging_mixin.py:137} INFO - [2023-10-12T15:57:22.967+0000] {dag.py:2690} INFO - Sync 1 DAGs
[2023-10-12T15:57:23.024+0000] {logging_mixin.py:137} INFO - [2023-10-12T15:57:23.022+0000] {dag.py:3441} INFO - Setting next_dagrun for example_branch_python_operator_decorator to 2023-10-11T00:00:00+00:00, run_after=2023-10-12T00:00:00+00:00
[2023-10-12T15:57:23.110+0000] {processor.py:175} INFO - Processing /home/airflow/.local/lib/python3.7/site-packages/airflow/example_dags/example_branch_operator_decorator.py took 0.569 seconds
[2023-10-12T15:57:53.593+0000] {processor.py:153} INFO - Started process (PID=290) to work on /home/airflow/.local/lib/python3.7/site-packages/airflow/example_dags/example_branch_operator_decorator.py
[2023-10-12T15:57:53.599+0000] {processor.py:743} INFO - Processing file /home/airflow/.local/lib/python3.7/site-packages/airflow/example_dags/example_branch_operator_decorator.py for tasks to queue
[2023-10-12T15:57:53.604+0000] {logging_mixin.py:137} INFO - [2023-10-12T15:57:53.604+0000] {dagbag.py:538} INFO - Filling up the DagBag from /home/airflow/.local/lib/python3.7/site-packages/airflow/example_dags/example_branch_operator_decorator.py
[2023-10-12T15:57:53.633+0000] {processor.py:753} INFO - DAG(s) dict_keys(['example_branch_python_operator_decorator']) retrieved from /home/airflow/.local/lib/python3.7/site-packages/airflow/example_dags/example_branch_operator_decorator.py
[2023-10-12T15:57:53.689+0000] {logging_mixin.py:137} INFO - [2023-10-12T15:57:53.689+0000] {dag.py:2690} INFO - Sync 1 DAGs
[2023-10-12T15:57:53.718+0000] {logging_mixin.py:137} INFO - [2023-10-12T15:57:53.718+0000] {dag.py:3441} INFO - Setting next_dagrun for example_branch_python_operator_decorator to 2023-10-11T00:00:00+00:00, run_after=2023-10-12T00:00:00+00:00
[2023-10-12T15:57:53.776+0000] {processor.py:175} INFO - Processing /home/airflow/.local/lib/python3.7/site-packages/airflow/example_dags/example_branch_operator_decorator.py took 0.188 seconds
[2023-10-12T15:58:25.399+0000] {processor.py:153} INFO - Started process (PID=365) to work on /home/airflow/.local/lib/python3.7/site-packages/airflow/example_dags/example_branch_operator_decorator.py
[2023-10-12T15:58:25.463+0000] {processor.py:743} INFO - Processing file /home/airflow/.local/lib/python3.7/site-packages/airflow/example_dags/example_branch_operator_decorator.py for tasks to queue
[2023-10-12T15:58:25.484+0000] {logging_mixin.py:137} INFO - [2023-10-12T15:58:25.484+0000] {dagbag.py:538} INFO - Filling up the DagBag from /home/airflow/.local/lib/python3.7/site-packages/airflow/example_dags/example_branch_operator_decorator.py
[2023-10-12T15:58:25.577+0000] {processor.py:753} INFO - DAG(s) dict_keys(['example_branch_python_operator_decorator']) retrieved from /home/airflow/.local/lib/python3.7/site-packages/airflow/example_dags/example_branch_operator_decorator.py
[2023-10-12T15:58:25.644+0000] {logging_mixin.py:137} INFO - [2023-10-12T15:58:25.643+0000] {dag.py:2690} INFO - Sync 1 DAGs
[2023-10-12T15:58:25.681+0000] {logging_mixin.py:137} INFO - [2023-10-12T15:58:25.680+0000] {dag.py:3441} INFO - Setting next_dagrun for example_branch_python_operator_decorator to 2023-10-11T00:00:00+00:00, run_after=2023-10-12T00:00:00+00:00
[2023-10-12T15:58:25.718+0000] {processor.py:175} INFO - Processing /home/airflow/.local/lib/python3.7/site-packages/airflow/example_dags/example_branch_operator_decorator.py took 0.326 seconds
[2023-10-12T15:58:56.074+0000] {processor.py:153} INFO - Started process (PID=440) to work on /home/airflow/.local/lib/python3.7/site-packages/airflow/example_dags/example_branch_operator_decorator.py
[2023-10-12T15:58:56.077+0000] {processor.py:743} INFO - Processing file /home/airflow/.local/lib/python3.7/site-packages/airflow/example_dags/example_branch_operator_decorator.py for tasks to queue
[2023-10-12T15:58:56.081+0000] {logging_mixin.py:137} INFO - [2023-10-12T15:58:56.081+0000] {dagbag.py:538} INFO - Filling up the DagBag from /home/airflow/.local/lib/python3.7/site-packages/airflow/example_dags/example_branch_operator_decorator.py
[2023-10-12T15:58:56.194+0000] {processor.py:753} INFO - DAG(s) dict_keys(['example_branch_python_operator_decorator']) retrieved from /home/airflow/.local/lib/python3.7/site-packages/airflow/example_dags/example_branch_operator_decorator.py
[2023-10-12T15:58:56.445+0000] {logging_mixin.py:137} INFO - [2023-10-12T15:58:56.445+0000] {dag.py:2690} INFO - Sync 1 DAGs
[2023-10-12T15:58:56.480+0000] {logging_mixin.py:137} INFO - [2023-10-12T15:58:56.480+0000] {dag.py:3441} INFO - Setting next_dagrun for example_branch_python_operator_decorator to 2023-10-11T00:00:00+00:00, run_after=2023-10-12T00:00:00+00:00
[2023-10-12T15:58:56.521+0000] {processor.py:175} INFO - Processing /home/airflow/.local/lib/python3.7/site-packages/airflow/example_dags/example_branch_operator_decorator.py took 0.454 seconds
[2023-10-12T15:59:27.034+0000] {processor.py:153} INFO - Started process (PID=514) to work on /home/airflow/.local/lib/python3.7/site-packages/airflow/example_dags/example_branch_operator_decorator.py
[2023-10-12T15:59:27.035+0000] {processor.py:743} INFO - Processing file /home/airflow/.local/lib/python3.7/site-packages/airflow/example_dags/example_branch_operator_decorator.py for tasks to queue
[2023-10-12T15:59:27.037+0000] {logging_mixin.py:137} INFO - [2023-10-12T15:59:27.037+0000] {dagbag.py:538} INFO - Filling up the DagBag from /home/airflow/.local/lib/python3.7/site-packages/airflow/example_dags/example_branch_operator_decorator.py
[2023-10-12T15:59:27.079+0000] {processor.py:753} INFO - DAG(s) dict_keys(['example_branch_python_operator_decorator']) retrieved from /home/airflow/.local/lib/python3.7/site-packages/airflow/example_dags/example_branch_operator_decorator.py
[2023-10-12T15:59:27.317+0000] {logging_mixin.py:137} INFO - [2023-10-12T15:59:27.316+0000] {dag.py:2690} INFO - Sync 1 DAGs
[2023-10-12T15:59:27.408+0000] {logging_mixin.py:137} INFO - [2023-10-12T15:59:27.407+0000] {dag.py:3441} INFO - Setting next_dagrun for example_branch_python_operator_decorator to 2023-10-11T00:00:00+00:00, run_after=2023-10-12T00:00:00+00:00
[2023-10-12T15:59:27.496+0000] {processor.py:175} INFO - Processing /home/airflow/.local/lib/python3.7/site-packages/airflow/example_dags/example_branch_operator_decorator.py took 0.464 seconds
[2023-10-12T15:59:58.335+0000] {processor.py:153} INFO - Started process (PID=589) to work on /home/airflow/.local/lib/python3.7/site-packages/airflow/example_dags/example_branch_operator_decorator.py
[2023-10-12T15:59:58.336+0000] {processor.py:743} INFO - Processing file /home/airflow/.local/lib/python3.7/site-packages/airflow/example_dags/example_branch_operator_decorator.py for tasks to queue
[2023-10-12T15:59:58.337+0000] {logging_mixin.py:137} INFO - [2023-10-12T15:59:58.336+0000] {dagbag.py:538} INFO - Filling up the DagBag from /home/airflow/.local/lib/python3.7/site-packages/airflow/example_dags/example_branch_operator_decorator.py
[2023-10-12T15:59:58.361+0000] {processor.py:753} INFO - DAG(s) dict_keys(['example_branch_python_operator_decorator']) retrieved from /home/airflow/.local/lib/python3.7/site-packages/airflow/example_dags/example_branch_operator_decorator.py
[2023-10-12T15:59:58.386+0000] {logging_mixin.py:137} INFO - [2023-10-12T15:59:58.386+0000] {dag.py:2690} INFO - Sync 1 DAGs
[2023-10-12T15:59:58.409+0000] {logging_mixin.py:137} INFO - [2023-10-12T15:59:58.409+0000] {dag.py:3441} INFO - Setting next_dagrun for example_branch_python_operator_decorator to 2023-10-11T00:00:00+00:00, run_after=2023-10-12T00:00:00+00:00
[2023-10-12T15:59:58.426+0000] {processor.py:175} INFO - Processing /home/airflow/.local/lib/python3.7/site-packages/airflow/example_dags/example_branch_operator_decorator.py took 0.096 seconds
[2023-10-12T16:00:28.639+0000] {processor.py:153} INFO - Started process (PID=664) to work on /home/airflow/.local/lib/python3.7/site-packages/airflow/example_dags/example_branch_operator_decorator.py
[2023-10-12T16:00:28.654+0000] {processor.py:743} INFO - Processing file /home/airflow/.local/lib/python3.7/site-packages/airflow/example_dags/example_branch_operator_decorator.py for tasks to queue
[2023-10-12T16:00:28.660+0000] {logging_mixin.py:137} INFO - [2023-10-12T16:00:28.660+0000] {dagbag.py:538} INFO - Filling up the DagBag from /home/airflow/.local/lib/python3.7/site-packages/airflow/example_dags/example_branch_operator_decorator.py
[2023-10-12T16:00:28.705+0000] {processor.py:753} INFO - DAG(s) dict_keys(['example_branch_python_operator_decorator']) retrieved from /home/airflow/.local/lib/python3.7/site-packages/airflow/example_dags/example_branch_operator_decorator.py
[2023-10-12T16:00:28.781+0000] {logging_mixin.py:137} INFO - [2023-10-12T16:00:28.780+0000] {dag.py:2690} INFO - Sync 1 DAGs
[2023-10-12T16:00:28.817+0000] {logging_mixin.py:137} INFO - [2023-10-12T16:00:28.817+0000] {dag.py:3441} INFO - Setting next_dagrun for example_branch_python_operator_decorator to 2023-10-11T00:00:00+00:00, run_after=2023-10-12T00:00:00+00:00
[2023-10-12T16:00:28.847+0000] {processor.py:175} INFO - Processing /home/airflow/.local/lib/python3.7/site-packages/airflow/example_dags/example_branch_operator_decorator.py took 0.213 seconds
[2023-10-12T16:00:59.740+0000] {processor.py:153} INFO - Started process (PID=739) to work on /home/airflow/.local/lib/python3.7/site-packages/airflow/example_dags/example_branch_operator_decorator.py
[2023-10-12T16:00:59.741+0000] {processor.py:743} INFO - Processing file /home/airflow/.local/lib/python3.7/site-packages/airflow/example_dags/example_branch_operator_decorator.py for tasks to queue
[2023-10-12T16:00:59.742+0000] {logging_mixin.py:137} INFO - [2023-10-12T16:00:59.742+0000] {dagbag.py:538} INFO - Filling up the DagBag from /home/airflow/.local/lib/python3.7/site-packages/airflow/example_dags/example_branch_operator_decorator.py
[2023-10-12T16:00:59.763+0000] {processor.py:753} INFO - DAG(s) dict_keys(['example_branch_python_operator_decorator']) retrieved from /home/airflow/.local/lib/python3.7/site-packages/airflow/example_dags/example_branch_operator_decorator.py
[2023-10-12T16:00:59.790+0000] {logging_mixin.py:137} INFO - [2023-10-12T16:00:59.790+0000] {dag.py:2690} INFO - Sync 1 DAGs
[2023-10-12T16:00:59.811+0000] {logging_mixin.py:137} INFO - [2023-10-12T16:00:59.811+0000] {dag.py:3441} INFO - Setting next_dagrun for example_branch_python_operator_decorator to 2023-10-11T00:00:00+00:00, run_after=2023-10-12T00:00:00+00:00
[2023-10-12T16:00:59.829+0000] {processor.py:175} INFO - Processing /home/airflow/.local/lib/python3.7/site-packages/airflow/example_dags/example_branch_operator_decorator.py took 0.094 seconds
[2023-10-12T16:01:30.037+0000] {processor.py:153} INFO - Started process (PID=832) to work on /home/airflow/.local/lib/python3.7/site-packages/airflow/example_dags/example_branch_operator_decorator.py
[2023-10-12T16:01:30.039+0000] {processor.py:743} INFO - Processing file /home/airflow/.local/lib/python3.7/site-packages/airflow/example_dags/example_branch_operator_decorator.py for tasks to queue
[2023-10-12T16:01:30.041+0000] {logging_mixin.py:137} INFO - [2023-10-12T16:01:30.041+0000] {dagbag.py:538} INFO - Filling up the DagBag from /home/airflow/.local/lib/python3.7/site-packages/airflow/example_dags/example_branch_operator_decorator.py
[2023-10-12T16:01:30.063+0000] {processor.py:753} INFO - DAG(s) dict_keys(['example_branch_python_operator_decorator']) retrieved from /home/airflow/.local/lib/python3.7/site-packages/airflow/example_dags/example_branch_operator_decorator.py
[2023-10-12T16:01:30.199+0000] {logging_mixin.py:137} INFO - [2023-10-12T16:01:30.199+0000] {dag.py:2690} INFO - Sync 1 DAGs
[2023-10-12T16:01:30.268+0000] {logging_mixin.py:137} INFO - [2023-10-12T16:01:30.268+0000] {dag.py:3441} INFO - Setting next_dagrun for example_branch_python_operator_decorator to 2023-10-11T00:00:00+00:00, run_after=2023-10-12T00:00:00+00:00
[2023-10-12T16:01:30.379+0000] {processor.py:175} INFO - Processing /home/airflow/.local/lib/python3.7/site-packages/airflow/example_dags/example_branch_operator_decorator.py took 0.345 seconds
[2023-10-12T16:02:00.419+0000] {processor.py:153} INFO - Started process (PID=907) to work on /home/airflow/.local/lib/python3.7/site-packages/airflow/example_dags/example_branch_operator_decorator.py
[2023-10-12T16:02:00.420+0000] {processor.py:743} INFO - Processing file /home/airflow/.local/lib/python3.7/site-packages/airflow/example_dags/example_branch_operator_decorator.py for tasks to queue
[2023-10-12T16:02:00.421+0000] {logging_mixin.py:137} INFO - [2023-10-12T16:02:00.420+0000] {dagbag.py:538} INFO - Filling up the DagBag from /home/airflow/.local/lib/python3.7/site-packages/airflow/example_dags/example_branch_operator_decorator.py
[2023-10-12T16:02:00.441+0000] {processor.py:753} INFO - DAG(s) dict_keys(['example_branch_python_operator_decorator']) retrieved from /home/airflow/.local/lib/python3.7/site-packages/airflow/example_dags/example_branch_operator_decorator.py
[2023-10-12T16:02:00.464+0000] {logging_mixin.py:137} INFO - [2023-10-12T16:02:00.464+0000] {dag.py:2690} INFO - Sync 1 DAGs
[2023-10-12T16:02:00.483+0000] {logging_mixin.py:137} INFO - [2023-10-12T16:02:00.483+0000] {dag.py:3441} INFO - Setting next_dagrun for example_branch_python_operator_decorator to 2023-10-11T00:00:00+00:00, run_after=2023-10-12T00:00:00+00:00
[2023-10-12T16:02:00.498+0000] {processor.py:175} INFO - Processing /home/airflow/.local/lib/python3.7/site-packages/airflow/example_dags/example_branch_operator_decorator.py took 0.081 seconds
[2023-10-12T16:02:31.369+0000] {processor.py:153} INFO - Started process (PID=982) to work on /home/airflow/.local/lib/python3.7/site-packages/airflow/example_dags/example_branch_operator_decorator.py
[2023-10-12T16:02:31.371+0000] {processor.py:743} INFO - Processing file /home/airflow/.local/lib/python3.7/site-packages/airflow/example_dags/example_branch_operator_decorator.py for tasks to queue
[2023-10-12T16:02:31.372+0000] {logging_mixin.py:137} INFO - [2023-10-12T16:02:31.372+0000] {dagbag.py:538} INFO - Filling up the DagBag from /home/airflow/.local/lib/python3.7/site-packages/airflow/example_dags/example_branch_operator_decorator.py
[2023-10-12T16:02:31.393+0000] {processor.py:753} INFO - DAG(s) dict_keys(['example_branch_python_operator_decorator']) retrieved from /home/airflow/.local/lib/python3.7/site-packages/airflow/example_dags/example_branch_operator_decorator.py
[2023-10-12T16:02:31.421+0000] {logging_mixin.py:137} INFO - [2023-10-12T16:02:31.421+0000] {dag.py:2690} INFO - Sync 1 DAGs
[2023-10-12T16:02:31.441+0000] {logging_mixin.py:137} INFO - [2023-10-12T16:02:31.441+0000] {dag.py:3441} INFO - Setting next_dagrun for example_branch_python_operator_decorator to 2023-10-11T00:00:00+00:00, run_after=2023-10-12T00:00:00+00:00
[2023-10-12T16:02:31.459+0000] {processor.py:175} INFO - Processing /home/airflow/.local/lib/python3.7/site-packages/airflow/example_dags/example_branch_operator_decorator.py took 0.094 seconds
[2023-10-12T16:03:01.904+0000] {processor.py:153} INFO - Started process (PID=1057) to work on /home/airflow/.local/lib/python3.7/site-packages/airflow/example_dags/example_branch_operator_decorator.py
[2023-10-12T16:03:01.907+0000] {processor.py:743} INFO - Processing file /home/airflow/.local/lib/python3.7/site-packages/airflow/example_dags/example_branch_operator_decorator.py for tasks to queue
[2023-10-12T16:03:01.914+0000] {logging_mixin.py:137} INFO - [2023-10-12T16:03:01.914+0000] {dagbag.py:538} INFO - Filling up the DagBag from /home/airflow/.local/lib/python3.7/site-packages/airflow/example_dags/example_branch_operator_decorator.py
[2023-10-12T16:03:01.982+0000] {processor.py:753} INFO - DAG(s) dict_keys(['example_branch_python_operator_decorator']) retrieved from /home/airflow/.local/lib/python3.7/site-packages/airflow/example_dags/example_branch_operator_decorator.py
[2023-10-12T16:03:02.068+0000] {logging_mixin.py:137} INFO - [2023-10-12T16:03:02.068+0000] {dag.py:2690} INFO - Sync 1 DAGs
[2023-10-12T16:03:02.091+0000] {logging_mixin.py:137} INFO - [2023-10-12T16:03:02.091+0000] {dag.py:3441} INFO - Setting next_dagrun for example_branch_python_operator_decorator to 2023-10-11T00:00:00+00:00, run_after=2023-10-12T00:00:00+00:00
[2023-10-12T16:03:02.230+0000] {processor.py:175} INFO - Processing /home/airflow/.local/lib/python3.7/site-packages/airflow/example_dags/example_branch_operator_decorator.py took 0.334 seconds
[2023-10-12T16:03:36.052+0000] {processor.py:153} INFO - Started process (PID=1150) to work on /home/airflow/.local/lib/python3.7/site-packages/airflow/example_dags/example_branch_operator_decorator.py
[2023-10-12T16:03:36.055+0000] {processor.py:743} INFO - Processing file /home/airflow/.local/lib/python3.7/site-packages/airflow/example_dags/example_branch_operator_decorator.py for tasks to queue
[2023-10-12T16:03:36.058+0000] {logging_mixin.py:137} INFO - [2023-10-12T16:03:36.058+0000] {dagbag.py:538} INFO - Filling up the DagBag from /home/airflow/.local/lib/python3.7/site-packages/airflow/example_dags/example_branch_operator_decorator.py
[2023-10-12T16:03:36.093+0000] {processor.py:753} INFO - DAG(s) dict_keys(['example_branch_python_operator_decorator']) retrieved from /home/airflow/.local/lib/python3.7/site-packages/airflow/example_dags/example_branch_operator_decorator.py
[2023-10-12T16:03:36.171+0000] {logging_mixin.py:137} INFO - [2023-10-12T16:03:36.170+0000] {dag.py:2690} INFO - Sync 1 DAGs
[2023-10-12T16:03:36.247+0000] {logging_mixin.py:137} INFO - [2023-10-12T16:03:36.247+0000] {dag.py:3441} INFO - Setting next_dagrun for example_branch_python_operator_decorator to 2023-10-11T00:00:00+00:00, run_after=2023-10-12T00:00:00+00:00
[2023-10-12T16:03:36.316+0000] {processor.py:175} INFO - Processing /home/airflow/.local/lib/python3.7/site-packages/airflow/example_dags/example_branch_operator_decorator.py took 0.268 seconds
[2023-10-12T16:04:06.387+0000] {processor.py:153} INFO - Started process (PID=1225) to work on /home/airflow/.local/lib/python3.7/site-packages/airflow/example_dags/example_branch_operator_decorator.py
[2023-10-12T16:04:06.389+0000] {processor.py:743} INFO - Processing file /home/airflow/.local/lib/python3.7/site-packages/airflow/example_dags/example_branch_operator_decorator.py for tasks to queue
[2023-10-12T16:04:06.390+0000] {logging_mixin.py:137} INFO - [2023-10-12T16:04:06.390+0000] {dagbag.py:538} INFO - Filling up the DagBag from /home/airflow/.local/lib/python3.7/site-packages/airflow/example_dags/example_branch_operator_decorator.py
[2023-10-12T16:04:06.421+0000] {processor.py:753} INFO - DAG(s) dict_keys(['example_branch_python_operator_decorator']) retrieved from /home/airflow/.local/lib/python3.7/site-packages/airflow/example_dags/example_branch_operator_decorator.py
[2023-10-12T16:04:06.457+0000] {logging_mixin.py:137} INFO - [2023-10-12T16:04:06.457+0000] {dag.py:2690} INFO - Sync 1 DAGs
[2023-10-12T16:04:06.480+0000] {logging_mixin.py:137} INFO - [2023-10-12T16:04:06.480+0000] {dag.py:3441} INFO - Setting next_dagrun for example_branch_python_operator_decorator to 2023-10-11T00:00:00+00:00, run_after=2023-10-12T00:00:00+00:00
[2023-10-12T16:04:06.501+0000] {processor.py:175} INFO - Processing /home/airflow/.local/lib/python3.7/site-packages/airflow/example_dags/example_branch_operator_decorator.py took 0.119 seconds
[2023-10-12T16:04:36.780+0000] {processor.py:153} INFO - Started process (PID=1304) to work on /home/airflow/.local/lib/python3.7/site-packages/airflow/example_dags/example_branch_operator_decorator.py
[2023-10-12T16:04:36.781+0000] {processor.py:743} INFO - Processing file /home/airflow/.local/lib/python3.7/site-packages/airflow/example_dags/example_branch_operator_decorator.py for tasks to queue
[2023-10-12T16:04:36.782+0000] {logging_mixin.py:137} INFO - [2023-10-12T16:04:36.782+0000] {dagbag.py:538} INFO - Filling up the DagBag from /home/airflow/.local/lib/python3.7/site-packages/airflow/example_dags/example_branch_operator_decorator.py
[2023-10-12T16:04:36.814+0000] {processor.py:753} INFO - DAG(s) dict_keys(['example_branch_python_operator_decorator']) retrieved from /home/airflow/.local/lib/python3.7/site-packages/airflow/example_dags/example_branch_operator_decorator.py
[2023-10-12T16:04:36.917+0000] {logging_mixin.py:137} INFO - [2023-10-12T16:04:36.916+0000] {dag.py:2690} INFO - Sync 1 DAGs
[2023-10-12T16:04:36.952+0000] {logging_mixin.py:137} INFO - [2023-10-12T16:04:36.952+0000] {dag.py:3441} INFO - Setting next_dagrun for example_branch_python_operator_decorator to 2023-10-11T00:00:00+00:00, run_after=2023-10-12T00:00:00+00:00
[2023-10-12T16:04:37.037+0000] {processor.py:175} INFO - Processing /home/airflow/.local/lib/python3.7/site-packages/airflow/example_dags/example_branch_operator_decorator.py took 0.262 seconds
[2023-10-12T16:05:07.303+0000] {processor.py:153} INFO - Started process (PID=1386) to work on /home/airflow/.local/lib/python3.7/site-packages/airflow/example_dags/example_branch_operator_decorator.py
[2023-10-12T16:05:07.308+0000] {processor.py:743} INFO - Processing file /home/airflow/.local/lib/python3.7/site-packages/airflow/example_dags/example_branch_operator_decorator.py for tasks to queue
[2023-10-12T16:05:07.310+0000] {logging_mixin.py:137} INFO - [2023-10-12T16:05:07.309+0000] {dagbag.py:538} INFO - Filling up the DagBag from /home/airflow/.local/lib/python3.7/site-packages/airflow/example_dags/example_branch_operator_decorator.py
[2023-10-12T16:05:07.354+0000] {processor.py:753} INFO - DAG(s) dict_keys(['example_branch_python_operator_decorator']) retrieved from /home/airflow/.local/lib/python3.7/site-packages/airflow/example_dags/example_branch_operator_decorator.py
[2023-10-12T16:05:07.422+0000] {logging_mixin.py:137} INFO - [2023-10-12T16:05:07.421+0000] {dag.py:2690} INFO - Sync 1 DAGs
[2023-10-12T16:05:07.454+0000] {logging_mixin.py:137} INFO - [2023-10-12T16:05:07.454+0000] {dag.py:3441} INFO - Setting next_dagrun for example_branch_python_operator_decorator to 2023-10-11T00:00:00+00:00, run_after=2023-10-12T00:00:00+00:00
[2023-10-12T16:05:07.591+0000] {processor.py:175} INFO - Processing /home/airflow/.local/lib/python3.7/site-packages/airflow/example_dags/example_branch_operator_decorator.py took 0.292 seconds
[2023-10-12T16:05:38.197+0000] {processor.py:153} INFO - Started process (PID=1461) to work on /home/airflow/.local/lib/python3.7/site-packages/airflow/example_dags/example_branch_operator_decorator.py
[2023-10-12T16:05:38.198+0000] {processor.py:743} INFO - Processing file /home/airflow/.local/lib/python3.7/site-packages/airflow/example_dags/example_branch_operator_decorator.py for tasks to queue
[2023-10-12T16:05:38.199+0000] {logging_mixin.py:137} INFO - [2023-10-12T16:05:38.199+0000] {dagbag.py:538} INFO - Filling up the DagBag from /home/airflow/.local/lib/python3.7/site-packages/airflow/example_dags/example_branch_operator_decorator.py
[2023-10-12T16:05:38.217+0000] {processor.py:753} INFO - DAG(s) dict_keys(['example_branch_python_operator_decorator']) retrieved from /home/airflow/.local/lib/python3.7/site-packages/airflow/example_dags/example_branch_operator_decorator.py
[2023-10-12T16:05:38.238+0000] {logging_mixin.py:137} INFO - [2023-10-12T16:05:38.238+0000] {dag.py:2690} INFO - Sync 1 DAGs
[2023-10-12T16:05:38.260+0000] {logging_mixin.py:137} INFO - [2023-10-12T16:05:38.260+0000] {dag.py:3441} INFO - Setting next_dagrun for example_branch_python_operator_decorator to 2023-10-11T00:00:00+00:00, run_after=2023-10-12T00:00:00+00:00
[2023-10-12T16:05:38.276+0000] {processor.py:175} INFO - Processing /home/airflow/.local/lib/python3.7/site-packages/airflow/example_dags/example_branch_operator_decorator.py took 0.082 seconds
[2023-10-12T16:06:09.234+0000] {processor.py:153} INFO - Started process (PID=1536) to work on /home/airflow/.local/lib/python3.7/site-packages/airflow/example_dags/example_branch_operator_decorator.py
[2023-10-12T16:06:09.235+0000] {processor.py:743} INFO - Processing file /home/airflow/.local/lib/python3.7/site-packages/airflow/example_dags/example_branch_operator_decorator.py for tasks to queue
[2023-10-12T16:06:09.236+0000] {logging_mixin.py:137} INFO - [2023-10-12T16:06:09.236+0000] {dagbag.py:538} INFO - Filling up the DagBag from /home/airflow/.local/lib/python3.7/site-packages/airflow/example_dags/example_branch_operator_decorator.py
[2023-10-12T16:06:09.259+0000] {processor.py:753} INFO - DAG(s) dict_keys(['example_branch_python_operator_decorator']) retrieved from /home/airflow/.local/lib/python3.7/site-packages/airflow/example_dags/example_branch_operator_decorator.py
[2023-10-12T16:06:09.285+0000] {logging_mixin.py:137} INFO - [2023-10-12T16:06:09.285+0000] {dag.py:2690} INFO - Sync 1 DAGs
[2023-10-12T16:06:09.311+0000] {logging_mixin.py:137} INFO - [2023-10-12T16:06:09.311+0000] {dag.py:3441} INFO - Setting next_dagrun for example_branch_python_operator_decorator to 2023-10-11T00:00:00+00:00, run_after=2023-10-12T00:00:00+00:00
[2023-10-12T16:06:09.333+0000] {processor.py:175} INFO - Processing /home/airflow/.local/lib/python3.7/site-packages/airflow/example_dags/example_branch_operator_decorator.py took 0.102 seconds
[2023-10-12T16:06:40.050+0000] {processor.py:153} INFO - Started process (PID=1619) to work on /home/airflow/.local/lib/python3.7/site-packages/airflow/example_dags/example_branch_operator_decorator.py
[2023-10-12T16:06:40.051+0000] {processor.py:743} INFO - Processing file /home/airflow/.local/lib/python3.7/site-packages/airflow/example_dags/example_branch_operator_decorator.py for tasks to queue
[2023-10-12T16:06:40.053+0000] {logging_mixin.py:137} INFO - [2023-10-12T16:06:40.052+0000] {dagbag.py:538} INFO - Filling up the DagBag from /home/airflow/.local/lib/python3.7/site-packages/airflow/example_dags/example_branch_operator_decorator.py
[2023-10-12T16:06:40.154+0000] {processor.py:753} INFO - DAG(s) dict_keys(['example_branch_python_operator_decorator']) retrieved from /home/airflow/.local/lib/python3.7/site-packages/airflow/example_dags/example_branch_operator_decorator.py
[2023-10-12T16:06:40.188+0000] {logging_mixin.py:137} INFO - [2023-10-12T16:06:40.188+0000] {dag.py:2690} INFO - Sync 1 DAGs
[2023-10-12T16:06:40.265+0000] {logging_mixin.py:137} INFO - [2023-10-12T16:06:40.265+0000] {dag.py:3441} INFO - Setting next_dagrun for example_branch_python_operator_decorator to 2023-10-11T00:00:00+00:00, run_after=2023-10-12T00:00:00+00:00
[2023-10-12T16:06:40.530+0000] {processor.py:175} INFO - Processing /home/airflow/.local/lib/python3.7/site-packages/airflow/example_dags/example_branch_operator_decorator.py took 0.482 seconds
[2023-10-12T17:13:33.634+0000] {processor.py:153} INFO - Started process (PID=1705) to work on /home/airflow/.local/lib/python3.7/site-packages/airflow/example_dags/example_branch_operator_decorator.py
[2023-10-12T17:13:33.635+0000] {processor.py:743} INFO - Processing file /home/airflow/.local/lib/python3.7/site-packages/airflow/example_dags/example_branch_operator_decorator.py for tasks to queue
[2023-10-12T17:13:33.637+0000] {logging_mixin.py:137} INFO - [2023-10-12T17:13:33.637+0000] {dagbag.py:538} INFO - Filling up the DagBag from /home/airflow/.local/lib/python3.7/site-packages/airflow/example_dags/example_branch_operator_decorator.py
[2023-10-12T17:13:33.664+0000] {processor.py:753} INFO - DAG(s) dict_keys(['example_branch_python_operator_decorator']) retrieved from /home/airflow/.local/lib/python3.7/site-packages/airflow/example_dags/example_branch_operator_decorator.py
[2023-10-12T17:13:33.693+0000] {logging_mixin.py:137} INFO - [2023-10-12T17:13:33.693+0000] {dag.py:2690} INFO - Sync 1 DAGs
[2023-10-12T17:13:33.716+0000] {logging_mixin.py:137} INFO - [2023-10-12T17:13:33.716+0000] {dag.py:3441} INFO - Setting next_dagrun for example_branch_python_operator_decorator to 2023-10-11T00:00:00+00:00, run_after=2023-10-12T00:00:00+00:00
[2023-10-12T17:13:33.732+0000] {processor.py:175} INFO - Processing /home/airflow/.local/lib/python3.7/site-packages/airflow/example_dags/example_branch_operator_decorator.py took 0.102 seconds
[2023-10-12T18:38:21.099+0000] {processor.py:153} INFO - Started process (PID=1780) to work on /home/airflow/.local/lib/python3.7/site-packages/airflow/example_dags/example_branch_operator_decorator.py
[2023-10-12T18:38:21.114+0000] {processor.py:743} INFO - Processing file /home/airflow/.local/lib/python3.7/site-packages/airflow/example_dags/example_branch_operator_decorator.py for tasks to queue
[2023-10-12T18:38:21.123+0000] {logging_mixin.py:137} INFO - [2023-10-12T18:38:21.122+0000] {dagbag.py:538} INFO - Filling up the DagBag from /home/airflow/.local/lib/python3.7/site-packages/airflow/example_dags/example_branch_operator_decorator.py
[2023-10-12T18:38:21.214+0000] {processor.py:753} INFO - DAG(s) dict_keys(['example_branch_python_operator_decorator']) retrieved from /home/airflow/.local/lib/python3.7/site-packages/airflow/example_dags/example_branch_operator_decorator.py
[2023-10-12T18:38:21.390+0000] {logging_mixin.py:137} INFO - [2023-10-12T18:38:21.390+0000] {dag.py:2690} INFO - Sync 1 DAGs
[2023-10-12T18:38:21.432+0000] {logging_mixin.py:137} INFO - [2023-10-12T18:38:21.431+0000] {dag.py:3441} INFO - Setting next_dagrun for example_branch_python_operator_decorator to 2023-10-11T00:00:00+00:00, run_after=2023-10-12T00:00:00+00:00
[2023-10-12T18:38:21.635+0000] {processor.py:175} INFO - Processing /home/airflow/.local/lib/python3.7/site-packages/airflow/example_dags/example_branch_operator_decorator.py took 0.549 seconds
[2023-10-12T20:00:47.653+0000] {processor.py:153} INFO - Started process (PID=1855) to work on /home/airflow/.local/lib/python3.7/site-packages/airflow/example_dags/example_branch_operator_decorator.py
[2023-10-12T20:00:47.655+0000] {processor.py:743} INFO - Processing file /home/airflow/.local/lib/python3.7/site-packages/airflow/example_dags/example_branch_operator_decorator.py for tasks to queue
[2023-10-12T20:00:47.658+0000] {logging_mixin.py:137} INFO - [2023-10-12T20:00:47.658+0000] {dagbag.py:538} INFO - Filling up the DagBag from /home/airflow/.local/lib/python3.7/site-packages/airflow/example_dags/example_branch_operator_decorator.py
[2023-10-12T20:00:47.684+0000] {processor.py:753} INFO - DAG(s) dict_keys(['example_branch_python_operator_decorator']) retrieved from /home/airflow/.local/lib/python3.7/site-packages/airflow/example_dags/example_branch_operator_decorator.py
[2023-10-12T20:00:47.736+0000] {logging_mixin.py:137} INFO - [2023-10-12T20:00:47.736+0000] {dag.py:2690} INFO - Sync 1 DAGs
[2023-10-12T20:00:47.825+0000] {logging_mixin.py:137} INFO - [2023-10-12T20:00:47.825+0000] {dag.py:3441} INFO - Setting next_dagrun for example_branch_python_operator_decorator to 2023-10-11T00:00:00+00:00, run_after=2023-10-12T00:00:00+00:00
[2023-10-12T20:00:48.131+0000] {processor.py:175} INFO - Processing /home/airflow/.local/lib/python3.7/site-packages/airflow/example_dags/example_branch_operator_decorator.py took 0.482 seconds
[2023-10-12T21:16:08.409+0000] {processor.py:153} INFO - Started process (PID=1948) to work on /home/airflow/.local/lib/python3.7/site-packages/airflow/example_dags/example_branch_operator_decorator.py
[2023-10-12T21:16:08.410+0000] {processor.py:743} INFO - Processing file /home/airflow/.local/lib/python3.7/site-packages/airflow/example_dags/example_branch_operator_decorator.py for tasks to queue
[2023-10-12T21:16:08.411+0000] {logging_mixin.py:137} INFO - [2023-10-12T21:16:08.411+0000] {dagbag.py:538} INFO - Filling up the DagBag from /home/airflow/.local/lib/python3.7/site-packages/airflow/example_dags/example_branch_operator_decorator.py
[2023-10-12T21:16:08.436+0000] {processor.py:753} INFO - DAG(s) dict_keys(['example_branch_python_operator_decorator']) retrieved from /home/airflow/.local/lib/python3.7/site-packages/airflow/example_dags/example_branch_operator_decorator.py
[2023-10-12T21:16:08.472+0000] {logging_mixin.py:137} INFO - [2023-10-12T21:16:08.472+0000] {dag.py:2690} INFO - Sync 1 DAGs
[2023-10-12T21:16:08.502+0000] {logging_mixin.py:137} INFO - [2023-10-12T21:16:08.502+0000] {dag.py:3441} INFO - Setting next_dagrun for example_branch_python_operator_decorator to 2023-10-11T00:00:00+00:00, run_after=2023-10-12T00:00:00+00:00
[2023-10-12T21:16:08.532+0000] {processor.py:175} INFO - Processing /home/airflow/.local/lib/python3.7/site-packages/airflow/example_dags/example_branch_operator_decorator.py took 0.127 seconds
[2023-10-12T22:41:18.054+0000] {processor.py:153} INFO - Started process (PID=2023) to work on /home/airflow/.local/lib/python3.7/site-packages/airflow/example_dags/example_branch_operator_decorator.py
[2023-10-12T22:41:18.056+0000] {processor.py:743} INFO - Processing file /home/airflow/.local/lib/python3.7/site-packages/airflow/example_dags/example_branch_operator_decorator.py for tasks to queue
[2023-10-12T22:41:18.057+0000] {logging_mixin.py:137} INFO - [2023-10-12T22:41:18.057+0000] {dagbag.py:538} INFO - Filling up the DagBag from /home/airflow/.local/lib/python3.7/site-packages/airflow/example_dags/example_branch_operator_decorator.py
[2023-10-12T22:41:18.082+0000] {processor.py:753} INFO - DAG(s) dict_keys(['example_branch_python_operator_decorator']) retrieved from /home/airflow/.local/lib/python3.7/site-packages/airflow/example_dags/example_branch_operator_decorator.py
[2023-10-12T22:41:18.110+0000] {logging_mixin.py:137} INFO - [2023-10-12T22:41:18.110+0000] {dag.py:2690} INFO - Sync 1 DAGs
[2023-10-12T22:41:18.134+0000] {logging_mixin.py:137} INFO - [2023-10-12T22:41:18.134+0000] {dag.py:3441} INFO - Setting next_dagrun for example_branch_python_operator_decorator to 2023-10-11T00:00:00+00:00, run_after=2023-10-12T00:00:00+00:00
[2023-10-12T22:41:18.153+0000] {processor.py:175} INFO - Processing /home/airflow/.local/lib/python3.7/site-packages/airflow/example_dags/example_branch_operator_decorator.py took 0.103 seconds
