[2023-10-12T15:56:21.487+0000] {processor.py:153} INFO - Started process (PID=88) to work on /home/airflow/.local/lib/python3.7/site-packages/airflow/example_dags/example_complex.py
[2023-10-12T15:56:21.491+0000] {processor.py:743} INFO - Processing file /home/airflow/.local/lib/python3.7/site-packages/airflow/example_dags/example_complex.py for tasks to queue
[2023-10-12T15:56:21.493+0000] {logging_mixin.py:137} INFO - [2023-10-12T15:56:21.493+0000] {dagbag.py:538} INFO - Filling up the DagBag from /home/airflow/.local/lib/python3.7/site-packages/airflow/example_dags/example_complex.py
[2023-10-12T15:56:21.568+0000] {logging_mixin.py:137} INFO - [2023-10-12T15:56:21.568+0000] {taskmixin.py:205} WARNING - Dependency <Task(BashOperator): create_entry_group>, delete_entry_group already registered for DAG: example_complex
[2023-10-12T15:56:21.597+0000] {logging_mixin.py:137} INFO - [2023-10-12T15:56:21.597+0000] {taskmixin.py:205} WARNING - Dependency <Task(BashOperator): delete_entry_group>, create_entry_group already registered for DAG: example_complex
[2023-10-12T15:56:21.605+0000] {logging_mixin.py:137} INFO - [2023-10-12T15:56:21.605+0000] {taskmixin.py:205} WARNING - Dependency <Task(BashOperator): create_entry_gcs>, delete_entry already registered for DAG: example_complex
[2023-10-12T15:56:21.607+0000] {logging_mixin.py:137} INFO - [2023-10-12T15:56:21.607+0000] {taskmixin.py:205} WARNING - Dependency <Task(BashOperator): delete_entry>, create_entry_gcs already registered for DAG: example_complex
[2023-10-12T15:56:21.609+0000] {logging_mixin.py:137} INFO - [2023-10-12T15:56:21.608+0000] {taskmixin.py:205} WARNING - Dependency <Task(BashOperator): create_tag>, delete_tag already registered for DAG: example_complex
[2023-10-12T15:56:21.620+0000] {logging_mixin.py:137} INFO - [2023-10-12T15:56:21.620+0000] {taskmixin.py:205} WARNING - Dependency <Task(BashOperator): delete_tag>, create_tag already registered for DAG: example_complex
[2023-10-12T15:56:21.646+0000] {processor.py:753} INFO - DAG(s) dict_keys(['example_complex']) retrieved from /home/airflow/.local/lib/python3.7/site-packages/airflow/example_dags/example_complex.py
[2023-10-12T15:56:22.177+0000] {logging_mixin.py:137} INFO - [2023-10-12T15:56:22.177+0000] {manager.py:504} INFO - Created Permission View: can read on DAG:example_complex
[2023-10-12T15:56:22.187+0000] {logging_mixin.py:137} INFO - [2023-10-12T15:56:22.187+0000] {manager.py:504} INFO - Created Permission View: can edit on DAG:example_complex
[2023-10-12T15:56:22.208+0000] {logging_mixin.py:137} INFO - [2023-10-12T15:56:22.208+0000] {manager.py:504} INFO - Created Permission View: can delete on DAG:example_complex
[2023-10-12T15:56:22.275+0000] {logging_mixin.py:137} INFO - [2023-10-12T15:56:22.274+0000] {dag.py:2690} INFO - Sync 1 DAGs
[2023-10-12T15:56:22.329+0000] {logging_mixin.py:137} INFO - [2023-10-12T15:56:22.329+0000] {dag.py:2711} INFO - Creating ORM DAG for example_complex
[2023-10-12T15:56:22.444+0000] {logging_mixin.py:137} INFO - [2023-10-12T15:56:22.444+0000] {dag.py:3441} INFO - Setting next_dagrun for example_complex to None, run_after=None
[2023-10-12T15:56:22.536+0000] {processor.py:175} INFO - Processing /home/airflow/.local/lib/python3.7/site-packages/airflow/example_dags/example_complex.py took 1.102 seconds
[2023-10-12T15:56:53.105+0000] {processor.py:153} INFO - Started process (PID=163) to work on /home/airflow/.local/lib/python3.7/site-packages/airflow/example_dags/example_complex.py
[2023-10-12T15:56:53.107+0000] {processor.py:743} INFO - Processing file /home/airflow/.local/lib/python3.7/site-packages/airflow/example_dags/example_complex.py for tasks to queue
[2023-10-12T15:56:53.109+0000] {logging_mixin.py:137} INFO - [2023-10-12T15:56:53.109+0000] {dagbag.py:538} INFO - Filling up the DagBag from /home/airflow/.local/lib/python3.7/site-packages/airflow/example_dags/example_complex.py
[2023-10-12T15:56:53.120+0000] {logging_mixin.py:137} INFO - [2023-10-12T15:56:53.120+0000] {taskmixin.py:205} WARNING - Dependency <Task(BashOperator): create_entry_group>, delete_entry_group already registered for DAG: example_complex
[2023-10-12T15:56:53.133+0000] {logging_mixin.py:137} INFO - [2023-10-12T15:56:53.133+0000] {taskmixin.py:205} WARNING - Dependency <Task(BashOperator): delete_entry_group>, create_entry_group already registered for DAG: example_complex
[2023-10-12T15:56:53.144+0000] {logging_mixin.py:137} INFO - [2023-10-12T15:56:53.144+0000] {taskmixin.py:205} WARNING - Dependency <Task(BashOperator): create_entry_gcs>, delete_entry already registered for DAG: example_complex
[2023-10-12T15:56:53.145+0000] {logging_mixin.py:137} INFO - [2023-10-12T15:56:53.144+0000] {taskmixin.py:205} WARNING - Dependency <Task(BashOperator): delete_entry>, create_entry_gcs already registered for DAG: example_complex
[2023-10-12T15:56:53.146+0000] {logging_mixin.py:137} INFO - [2023-10-12T15:56:53.146+0000] {taskmixin.py:205} WARNING - Dependency <Task(BashOperator): create_tag>, delete_tag already registered for DAG: example_complex
[2023-10-12T15:56:53.146+0000] {logging_mixin.py:137} INFO - [2023-10-12T15:56:53.146+0000] {taskmixin.py:205} WARNING - Dependency <Task(BashOperator): delete_tag>, create_tag already registered for DAG: example_complex
[2023-10-12T15:56:53.158+0000] {processor.py:753} INFO - DAG(s) dict_keys(['example_complex']) retrieved from /home/airflow/.local/lib/python3.7/site-packages/airflow/example_dags/example_complex.py
[2023-10-12T15:56:53.204+0000] {logging_mixin.py:137} INFO - [2023-10-12T15:56:53.202+0000] {dag.py:2690} INFO - Sync 1 DAGs
[2023-10-12T15:56:53.300+0000] {logging_mixin.py:137} INFO - [2023-10-12T15:56:53.299+0000] {dag.py:3441} INFO - Setting next_dagrun for example_complex to None, run_after=None
[2023-10-12T15:56:53.375+0000] {processor.py:175} INFO - Processing /home/airflow/.local/lib/python3.7/site-packages/airflow/example_dags/example_complex.py took 0.274 seconds
[2023-10-12T15:57:23.469+0000] {processor.py:153} INFO - Started process (PID=219) to work on /home/airflow/.local/lib/python3.7/site-packages/airflow/example_dags/example_complex.py
[2023-10-12T15:57:23.583+0000] {processor.py:743} INFO - Processing file /home/airflow/.local/lib/python3.7/site-packages/airflow/example_dags/example_complex.py for tasks to queue
[2023-10-12T15:57:23.585+0000] {logging_mixin.py:137} INFO - [2023-10-12T15:57:23.585+0000] {dagbag.py:538} INFO - Filling up the DagBag from /home/airflow/.local/lib/python3.7/site-packages/airflow/example_dags/example_complex.py
[2023-10-12T15:57:23.599+0000] {logging_mixin.py:137} INFO - [2023-10-12T15:57:23.599+0000] {taskmixin.py:205} WARNING - Dependency <Task(BashOperator): create_entry_group>, delete_entry_group already registered for DAG: example_complex
[2023-10-12T15:57:23.600+0000] {logging_mixin.py:137} INFO - [2023-10-12T15:57:23.600+0000] {taskmixin.py:205} WARNING - Dependency <Task(BashOperator): delete_entry_group>, create_entry_group already registered for DAG: example_complex
[2023-10-12T15:57:23.601+0000] {logging_mixin.py:137} INFO - [2023-10-12T15:57:23.601+0000] {taskmixin.py:205} WARNING - Dependency <Task(BashOperator): create_entry_gcs>, delete_entry already registered for DAG: example_complex
[2023-10-12T15:57:23.602+0000] {logging_mixin.py:137} INFO - [2023-10-12T15:57:23.602+0000] {taskmixin.py:205} WARNING - Dependency <Task(BashOperator): delete_entry>, create_entry_gcs already registered for DAG: example_complex
[2023-10-12T15:57:23.604+0000] {logging_mixin.py:137} INFO - [2023-10-12T15:57:23.604+0000] {taskmixin.py:205} WARNING - Dependency <Task(BashOperator): create_tag>, delete_tag already registered for DAG: example_complex
[2023-10-12T15:57:23.606+0000] {logging_mixin.py:137} INFO - [2023-10-12T15:57:23.606+0000] {taskmixin.py:205} WARNING - Dependency <Task(BashOperator): delete_tag>, create_tag already registered for DAG: example_complex
[2023-10-12T15:57:23.617+0000] {processor.py:753} INFO - DAG(s) dict_keys(['example_complex']) retrieved from /home/airflow/.local/lib/python3.7/site-packages/airflow/example_dags/example_complex.py
[2023-10-12T15:57:24.042+0000] {logging_mixin.py:137} INFO - [2023-10-12T15:57:24.041+0000] {dag.py:2690} INFO - Sync 1 DAGs
[2023-10-12T15:57:24.303+0000] {logging_mixin.py:137} INFO - [2023-10-12T15:57:24.303+0000] {dag.py:3441} INFO - Setting next_dagrun for example_complex to None, run_after=None
[2023-10-12T15:57:24.388+0000] {processor.py:175} INFO - Processing /home/airflow/.local/lib/python3.7/site-packages/airflow/example_dags/example_complex.py took 0.956 seconds
[2023-10-12T15:57:54.881+0000] {processor.py:153} INFO - Started process (PID=293) to work on /home/airflow/.local/lib/python3.7/site-packages/airflow/example_dags/example_complex.py
[2023-10-12T15:57:54.889+0000] {processor.py:743} INFO - Processing file /home/airflow/.local/lib/python3.7/site-packages/airflow/example_dags/example_complex.py for tasks to queue
[2023-10-12T15:57:54.894+0000] {logging_mixin.py:137} INFO - [2023-10-12T15:57:54.894+0000] {dagbag.py:538} INFO - Filling up the DagBag from /home/airflow/.local/lib/python3.7/site-packages/airflow/example_dags/example_complex.py
[2023-10-12T15:57:54.908+0000] {logging_mixin.py:137} INFO - [2023-10-12T15:57:54.908+0000] {taskmixin.py:205} WARNING - Dependency <Task(BashOperator): create_entry_group>, delete_entry_group already registered for DAG: example_complex
[2023-10-12T15:57:54.914+0000] {logging_mixin.py:137} INFO - [2023-10-12T15:57:54.914+0000] {taskmixin.py:205} WARNING - Dependency <Task(BashOperator): delete_entry_group>, create_entry_group already registered for DAG: example_complex
[2023-10-12T15:57:54.918+0000] {logging_mixin.py:137} INFO - [2023-10-12T15:57:54.918+0000] {taskmixin.py:205} WARNING - Dependency <Task(BashOperator): create_entry_gcs>, delete_entry already registered for DAG: example_complex
[2023-10-12T15:57:54.924+0000] {logging_mixin.py:137} INFO - [2023-10-12T15:57:54.924+0000] {taskmixin.py:205} WARNING - Dependency <Task(BashOperator): delete_entry>, create_entry_gcs already registered for DAG: example_complex
[2023-10-12T15:57:54.929+0000] {logging_mixin.py:137} INFO - [2023-10-12T15:57:54.928+0000] {taskmixin.py:205} WARNING - Dependency <Task(BashOperator): create_tag>, delete_tag already registered for DAG: example_complex
[2023-10-12T15:57:54.933+0000] {logging_mixin.py:137} INFO - [2023-10-12T15:57:54.933+0000] {taskmixin.py:205} WARNING - Dependency <Task(BashOperator): delete_tag>, create_tag already registered for DAG: example_complex
[2023-10-12T15:57:54.943+0000] {processor.py:753} INFO - DAG(s) dict_keys(['example_complex']) retrieved from /home/airflow/.local/lib/python3.7/site-packages/airflow/example_dags/example_complex.py
[2023-10-12T15:57:55.019+0000] {logging_mixin.py:137} INFO - [2023-10-12T15:57:55.019+0000] {dag.py:2690} INFO - Sync 1 DAGs
[2023-10-12T15:57:55.047+0000] {logging_mixin.py:137} INFO - [2023-10-12T15:57:55.047+0000] {dag.py:3441} INFO - Setting next_dagrun for example_complex to None, run_after=None
[2023-10-12T15:57:55.108+0000] {processor.py:175} INFO - Processing /home/airflow/.local/lib/python3.7/site-packages/airflow/example_dags/example_complex.py took 0.233 seconds
[2023-10-12T15:58:25.898+0000] {processor.py:153} INFO - Started process (PID=368) to work on /home/airflow/.local/lib/python3.7/site-packages/airflow/example_dags/example_complex.py
[2023-10-12T15:58:25.905+0000] {processor.py:743} INFO - Processing file /home/airflow/.local/lib/python3.7/site-packages/airflow/example_dags/example_complex.py for tasks to queue
[2023-10-12T15:58:25.915+0000] {logging_mixin.py:137} INFO - [2023-10-12T15:58:25.915+0000] {dagbag.py:538} INFO - Filling up the DagBag from /home/airflow/.local/lib/python3.7/site-packages/airflow/example_dags/example_complex.py
[2023-10-12T15:58:26.033+0000] {logging_mixin.py:137} INFO - [2023-10-12T15:58:26.033+0000] {taskmixin.py:205} WARNING - Dependency <Task(BashOperator): create_entry_group>, delete_entry_group already registered for DAG: example_complex
[2023-10-12T15:58:26.092+0000] {logging_mixin.py:137} INFO - [2023-10-12T15:58:26.092+0000] {taskmixin.py:205} WARNING - Dependency <Task(BashOperator): delete_entry_group>, create_entry_group already registered for DAG: example_complex
[2023-10-12T15:58:26.224+0000] {logging_mixin.py:137} INFO - [2023-10-12T15:58:26.224+0000] {taskmixin.py:205} WARNING - Dependency <Task(BashOperator): create_entry_gcs>, delete_entry already registered for DAG: example_complex
[2023-10-12T15:58:26.303+0000] {logging_mixin.py:137} INFO - [2023-10-12T15:58:26.302+0000] {taskmixin.py:205} WARNING - Dependency <Task(BashOperator): delete_entry>, create_entry_gcs already registered for DAG: example_complex
[2023-10-12T15:58:26.304+0000] {logging_mixin.py:137} INFO - [2023-10-12T15:58:26.304+0000] {taskmixin.py:205} WARNING - Dependency <Task(BashOperator): create_tag>, delete_tag already registered for DAG: example_complex
[2023-10-12T15:58:26.305+0000] {logging_mixin.py:137} INFO - [2023-10-12T15:58:26.305+0000] {taskmixin.py:205} WARNING - Dependency <Task(BashOperator): delete_tag>, create_tag already registered for DAG: example_complex
[2023-10-12T15:58:26.315+0000] {processor.py:753} INFO - DAG(s) dict_keys(['example_complex']) retrieved from /home/airflow/.local/lib/python3.7/site-packages/airflow/example_dags/example_complex.py
[2023-10-12T15:58:26.519+0000] {logging_mixin.py:137} INFO - [2023-10-12T15:58:26.519+0000] {dag.py:2690} INFO - Sync 1 DAGs
[2023-10-12T15:58:26.644+0000] {logging_mixin.py:137} INFO - [2023-10-12T15:58:26.644+0000] {dag.py:3441} INFO - Setting next_dagrun for example_complex to None, run_after=None
[2023-10-12T15:58:26.674+0000] {processor.py:175} INFO - Processing /home/airflow/.local/lib/python3.7/site-packages/airflow/example_dags/example_complex.py took 0.779 seconds
[2023-10-12T15:58:57.704+0000] {processor.py:153} INFO - Started process (PID=443) to work on /home/airflow/.local/lib/python3.7/site-packages/airflow/example_dags/example_complex.py
[2023-10-12T15:58:57.711+0000] {processor.py:743} INFO - Processing file /home/airflow/.local/lib/python3.7/site-packages/airflow/example_dags/example_complex.py for tasks to queue
[2023-10-12T15:58:57.712+0000] {logging_mixin.py:137} INFO - [2023-10-12T15:58:57.712+0000] {dagbag.py:538} INFO - Filling up the DagBag from /home/airflow/.local/lib/python3.7/site-packages/airflow/example_dags/example_complex.py
[2023-10-12T15:58:57.723+0000] {logging_mixin.py:137} INFO - [2023-10-12T15:58:57.723+0000] {taskmixin.py:205} WARNING - Dependency <Task(BashOperator): create_entry_group>, delete_entry_group already registered for DAG: example_complex
[2023-10-12T15:58:57.735+0000] {logging_mixin.py:137} INFO - [2023-10-12T15:58:57.735+0000] {taskmixin.py:205} WARNING - Dependency <Task(BashOperator): delete_entry_group>, create_entry_group already registered for DAG: example_complex
[2023-10-12T15:58:57.738+0000] {logging_mixin.py:137} INFO - [2023-10-12T15:58:57.738+0000] {taskmixin.py:205} WARNING - Dependency <Task(BashOperator): create_entry_gcs>, delete_entry already registered for DAG: example_complex
[2023-10-12T15:58:57.739+0000] {logging_mixin.py:137} INFO - [2023-10-12T15:58:57.739+0000] {taskmixin.py:205} WARNING - Dependency <Task(BashOperator): delete_entry>, create_entry_gcs already registered for DAG: example_complex
[2023-10-12T15:58:57.740+0000] {logging_mixin.py:137} INFO - [2023-10-12T15:58:57.739+0000] {taskmixin.py:205} WARNING - Dependency <Task(BashOperator): create_tag>, delete_tag already registered for DAG: example_complex
[2023-10-12T15:58:57.741+0000] {logging_mixin.py:137} INFO - [2023-10-12T15:58:57.740+0000] {taskmixin.py:205} WARNING - Dependency <Task(BashOperator): delete_tag>, create_tag already registered for DAG: example_complex
[2023-10-12T15:58:57.752+0000] {processor.py:753} INFO - DAG(s) dict_keys(['example_complex']) retrieved from /home/airflow/.local/lib/python3.7/site-packages/airflow/example_dags/example_complex.py
[2023-10-12T15:58:57.878+0000] {logging_mixin.py:137} INFO - [2023-10-12T15:58:57.878+0000] {dag.py:2690} INFO - Sync 1 DAGs
[2023-10-12T15:58:57.972+0000] {logging_mixin.py:137} INFO - [2023-10-12T15:58:57.972+0000] {dag.py:3441} INFO - Setting next_dagrun for example_complex to None, run_after=None
[2023-10-12T15:58:58.496+0000] {processor.py:175} INFO - Processing /home/airflow/.local/lib/python3.7/site-packages/airflow/example_dags/example_complex.py took 0.796 seconds
[2023-10-12T15:59:28.676+0000] {processor.py:153} INFO - Started process (PID=517) to work on /home/airflow/.local/lib/python3.7/site-packages/airflow/example_dags/example_complex.py
[2023-10-12T15:59:28.697+0000] {processor.py:743} INFO - Processing file /home/airflow/.local/lib/python3.7/site-packages/airflow/example_dags/example_complex.py for tasks to queue
[2023-10-12T15:59:28.722+0000] {logging_mixin.py:137} INFO - [2023-10-12T15:59:28.722+0000] {dagbag.py:538} INFO - Filling up the DagBag from /home/airflow/.local/lib/python3.7/site-packages/airflow/example_dags/example_complex.py
[2023-10-12T15:59:28.757+0000] {logging_mixin.py:137} INFO - [2023-10-12T15:59:28.756+0000] {taskmixin.py:205} WARNING - Dependency <Task(BashOperator): create_entry_group>, delete_entry_group already registered for DAG: example_complex
[2023-10-12T15:59:28.757+0000] {logging_mixin.py:137} INFO - [2023-10-12T15:59:28.757+0000] {taskmixin.py:205} WARNING - Dependency <Task(BashOperator): delete_entry_group>, create_entry_group already registered for DAG: example_complex
[2023-10-12T15:59:28.759+0000] {logging_mixin.py:137} INFO - [2023-10-12T15:59:28.758+0000] {taskmixin.py:205} WARNING - Dependency <Task(BashOperator): create_entry_gcs>, delete_entry already registered for DAG: example_complex
[2023-10-12T15:59:28.759+0000] {logging_mixin.py:137} INFO - [2023-10-12T15:59:28.759+0000] {taskmixin.py:205} WARNING - Dependency <Task(BashOperator): delete_entry>, create_entry_gcs already registered for DAG: example_complex
[2023-10-12T15:59:28.760+0000] {logging_mixin.py:137} INFO - [2023-10-12T15:59:28.760+0000] {taskmixin.py:205} WARNING - Dependency <Task(BashOperator): create_tag>, delete_tag already registered for DAG: example_complex
[2023-10-12T15:59:28.761+0000] {logging_mixin.py:137} INFO - [2023-10-12T15:59:28.761+0000] {taskmixin.py:205} WARNING - Dependency <Task(BashOperator): delete_tag>, create_tag already registered for DAG: example_complex
[2023-10-12T15:59:28.769+0000] {processor.py:753} INFO - DAG(s) dict_keys(['example_complex']) retrieved from /home/airflow/.local/lib/python3.7/site-packages/airflow/example_dags/example_complex.py
[2023-10-12T15:59:28.806+0000] {logging_mixin.py:137} INFO - [2023-10-12T15:59:28.806+0000] {dag.py:2690} INFO - Sync 1 DAGs
[2023-10-12T15:59:28.872+0000] {logging_mixin.py:137} INFO - [2023-10-12T15:59:28.872+0000] {dag.py:3441} INFO - Setting next_dagrun for example_complex to None, run_after=None
[2023-10-12T15:59:28.999+0000] {processor.py:175} INFO - Processing /home/airflow/.local/lib/python3.7/site-packages/airflow/example_dags/example_complex.py took 0.329 seconds
[2023-10-12T15:59:59.469+0000] {processor.py:153} INFO - Started process (PID=592) to work on /home/airflow/.local/lib/python3.7/site-packages/airflow/example_dags/example_complex.py
[2023-10-12T15:59:59.470+0000] {processor.py:743} INFO - Processing file /home/airflow/.local/lib/python3.7/site-packages/airflow/example_dags/example_complex.py for tasks to queue
[2023-10-12T15:59:59.471+0000] {logging_mixin.py:137} INFO - [2023-10-12T15:59:59.471+0000] {dagbag.py:538} INFO - Filling up the DagBag from /home/airflow/.local/lib/python3.7/site-packages/airflow/example_dags/example_complex.py
[2023-10-12T15:59:59.483+0000] {logging_mixin.py:137} INFO - [2023-10-12T15:59:59.483+0000] {taskmixin.py:205} WARNING - Dependency <Task(BashOperator): create_entry_group>, delete_entry_group already registered for DAG: example_complex
[2023-10-12T15:59:59.484+0000] {logging_mixin.py:137} INFO - [2023-10-12T15:59:59.484+0000] {taskmixin.py:205} WARNING - Dependency <Task(BashOperator): delete_entry_group>, create_entry_group already registered for DAG: example_complex
[2023-10-12T15:59:59.485+0000] {logging_mixin.py:137} INFO - [2023-10-12T15:59:59.484+0000] {taskmixin.py:205} WARNING - Dependency <Task(BashOperator): create_entry_gcs>, delete_entry already registered for DAG: example_complex
[2023-10-12T15:59:59.485+0000] {logging_mixin.py:137} INFO - [2023-10-12T15:59:59.485+0000] {taskmixin.py:205} WARNING - Dependency <Task(BashOperator): delete_entry>, create_entry_gcs already registered for DAG: example_complex
[2023-10-12T15:59:59.486+0000] {logging_mixin.py:137} INFO - [2023-10-12T15:59:59.486+0000] {taskmixin.py:205} WARNING - Dependency <Task(BashOperator): create_tag>, delete_tag already registered for DAG: example_complex
[2023-10-12T15:59:59.486+0000] {logging_mixin.py:137} INFO - [2023-10-12T15:59:59.486+0000] {taskmixin.py:205} WARNING - Dependency <Task(BashOperator): delete_tag>, create_tag already registered for DAG: example_complex
[2023-10-12T15:59:59.493+0000] {processor.py:753} INFO - DAG(s) dict_keys(['example_complex']) retrieved from /home/airflow/.local/lib/python3.7/site-packages/airflow/example_dags/example_complex.py
[2023-10-12T15:59:59.523+0000] {logging_mixin.py:137} INFO - [2023-10-12T15:59:59.523+0000] {dag.py:2690} INFO - Sync 1 DAGs
[2023-10-12T15:59:59.548+0000] {logging_mixin.py:137} INFO - [2023-10-12T15:59:59.547+0000] {dag.py:3441} INFO - Setting next_dagrun for example_complex to None, run_after=None
[2023-10-12T15:59:59.567+0000] {processor.py:175} INFO - Processing /home/airflow/.local/lib/python3.7/site-packages/airflow/example_dags/example_complex.py took 0.102 seconds
[2023-10-12T16:00:29.887+0000] {processor.py:153} INFO - Started process (PID=667) to work on /home/airflow/.local/lib/python3.7/site-packages/airflow/example_dags/example_complex.py
[2023-10-12T16:00:29.889+0000] {processor.py:743} INFO - Processing file /home/airflow/.local/lib/python3.7/site-packages/airflow/example_dags/example_complex.py for tasks to queue
[2023-10-12T16:00:29.890+0000] {logging_mixin.py:137} INFO - [2023-10-12T16:00:29.890+0000] {dagbag.py:538} INFO - Filling up the DagBag from /home/airflow/.local/lib/python3.7/site-packages/airflow/example_dags/example_complex.py
[2023-10-12T16:00:29.905+0000] {logging_mixin.py:137} INFO - [2023-10-12T16:00:29.905+0000] {taskmixin.py:205} WARNING - Dependency <Task(BashOperator): create_entry_group>, delete_entry_group already registered for DAG: example_complex
[2023-10-12T16:00:29.906+0000] {logging_mixin.py:137} INFO - [2023-10-12T16:00:29.905+0000] {taskmixin.py:205} WARNING - Dependency <Task(BashOperator): delete_entry_group>, create_entry_group already registered for DAG: example_complex
[2023-10-12T16:00:29.907+0000] {logging_mixin.py:137} INFO - [2023-10-12T16:00:29.906+0000] {taskmixin.py:205} WARNING - Dependency <Task(BashOperator): create_entry_gcs>, delete_entry already registered for DAG: example_complex
[2023-10-12T16:00:29.907+0000] {logging_mixin.py:137} INFO - [2023-10-12T16:00:29.907+0000] {taskmixin.py:205} WARNING - Dependency <Task(BashOperator): delete_entry>, create_entry_gcs already registered for DAG: example_complex
[2023-10-12T16:00:29.908+0000] {logging_mixin.py:137} INFO - [2023-10-12T16:00:29.908+0000] {taskmixin.py:205} WARNING - Dependency <Task(BashOperator): create_tag>, delete_tag already registered for DAG: example_complex
[2023-10-12T16:00:29.908+0000] {logging_mixin.py:137} INFO - [2023-10-12T16:00:29.908+0000] {taskmixin.py:205} WARNING - Dependency <Task(BashOperator): delete_tag>, create_tag already registered for DAG: example_complex
[2023-10-12T16:00:29.916+0000] {processor.py:753} INFO - DAG(s) dict_keys(['example_complex']) retrieved from /home/airflow/.local/lib/python3.7/site-packages/airflow/example_dags/example_complex.py
[2023-10-12T16:00:29.941+0000] {logging_mixin.py:137} INFO - [2023-10-12T16:00:29.941+0000] {dag.py:2690} INFO - Sync 1 DAGs
[2023-10-12T16:00:29.959+0000] {logging_mixin.py:137} INFO - [2023-10-12T16:00:29.959+0000] {dag.py:3441} INFO - Setting next_dagrun for example_complex to None, run_after=None
[2023-10-12T16:00:29.976+0000] {processor.py:175} INFO - Processing /home/airflow/.local/lib/python3.7/site-packages/airflow/example_dags/example_complex.py took 0.092 seconds
[2023-10-12T16:01:00.761+0000] {processor.py:153} INFO - Started process (PID=742) to work on /home/airflow/.local/lib/python3.7/site-packages/airflow/example_dags/example_complex.py
[2023-10-12T16:01:00.762+0000] {processor.py:743} INFO - Processing file /home/airflow/.local/lib/python3.7/site-packages/airflow/example_dags/example_complex.py for tasks to queue
[2023-10-12T16:01:00.764+0000] {logging_mixin.py:137} INFO - [2023-10-12T16:01:00.764+0000] {dagbag.py:538} INFO - Filling up the DagBag from /home/airflow/.local/lib/python3.7/site-packages/airflow/example_dags/example_complex.py
[2023-10-12T16:01:00.775+0000] {logging_mixin.py:137} INFO - [2023-10-12T16:01:00.775+0000] {taskmixin.py:205} WARNING - Dependency <Task(BashOperator): create_entry_group>, delete_entry_group already registered for DAG: example_complex
[2023-10-12T16:01:00.776+0000] {logging_mixin.py:137} INFO - [2023-10-12T16:01:00.776+0000] {taskmixin.py:205} WARNING - Dependency <Task(BashOperator): delete_entry_group>, create_entry_group already registered for DAG: example_complex
[2023-10-12T16:01:00.776+0000] {logging_mixin.py:137} INFO - [2023-10-12T16:01:00.776+0000] {taskmixin.py:205} WARNING - Dependency <Task(BashOperator): create_entry_gcs>, delete_entry already registered for DAG: example_complex
[2023-10-12T16:01:00.777+0000] {logging_mixin.py:137} INFO - [2023-10-12T16:01:00.776+0000] {taskmixin.py:205} WARNING - Dependency <Task(BashOperator): delete_entry>, create_entry_gcs already registered for DAG: example_complex
[2023-10-12T16:01:00.777+0000] {logging_mixin.py:137} INFO - [2023-10-12T16:01:00.777+0000] {taskmixin.py:205} WARNING - Dependency <Task(BashOperator): create_tag>, delete_tag already registered for DAG: example_complex
[2023-10-12T16:01:00.778+0000] {logging_mixin.py:137} INFO - [2023-10-12T16:01:00.778+0000] {taskmixin.py:205} WARNING - Dependency <Task(BashOperator): delete_tag>, create_tag already registered for DAG: example_complex
[2023-10-12T16:01:00.788+0000] {processor.py:753} INFO - DAG(s) dict_keys(['example_complex']) retrieved from /home/airflow/.local/lib/python3.7/site-packages/airflow/example_dags/example_complex.py
[2023-10-12T16:01:00.818+0000] {logging_mixin.py:137} INFO - [2023-10-12T16:01:00.818+0000] {dag.py:2690} INFO - Sync 1 DAGs
[2023-10-12T16:01:00.840+0000] {logging_mixin.py:137} INFO - [2023-10-12T16:01:00.840+0000] {dag.py:3441} INFO - Setting next_dagrun for example_complex to None, run_after=None
[2023-10-12T16:01:00.858+0000] {processor.py:175} INFO - Processing /home/airflow/.local/lib/python3.7/site-packages/airflow/example_dags/example_complex.py took 0.101 seconds
[2023-10-12T16:01:31.496+0000] {processor.py:153} INFO - Started process (PID=835) to work on /home/airflow/.local/lib/python3.7/site-packages/airflow/example_dags/example_complex.py
[2023-10-12T16:01:31.505+0000] {processor.py:743} INFO - Processing file /home/airflow/.local/lib/python3.7/site-packages/airflow/example_dags/example_complex.py for tasks to queue
[2023-10-12T16:01:31.509+0000] {logging_mixin.py:137} INFO - [2023-10-12T16:01:31.508+0000] {dagbag.py:538} INFO - Filling up the DagBag from /home/airflow/.local/lib/python3.7/site-packages/airflow/example_dags/example_complex.py
[2023-10-12T16:01:31.521+0000] {logging_mixin.py:137} INFO - [2023-10-12T16:01:31.521+0000] {taskmixin.py:205} WARNING - Dependency <Task(BashOperator): create_entry_group>, delete_entry_group already registered for DAG: example_complex
[2023-10-12T16:01:31.522+0000] {logging_mixin.py:137} INFO - [2023-10-12T16:01:31.522+0000] {taskmixin.py:205} WARNING - Dependency <Task(BashOperator): delete_entry_group>, create_entry_group already registered for DAG: example_complex
[2023-10-12T16:01:31.523+0000] {logging_mixin.py:137} INFO - [2023-10-12T16:01:31.523+0000] {taskmixin.py:205} WARNING - Dependency <Task(BashOperator): create_entry_gcs>, delete_entry already registered for DAG: example_complex
[2023-10-12T16:01:31.524+0000] {logging_mixin.py:137} INFO - [2023-10-12T16:01:31.524+0000] {taskmixin.py:205} WARNING - Dependency <Task(BashOperator): delete_entry>, create_entry_gcs already registered for DAG: example_complex
[2023-10-12T16:01:31.526+0000] {logging_mixin.py:137} INFO - [2023-10-12T16:01:31.525+0000] {taskmixin.py:205} WARNING - Dependency <Task(BashOperator): create_tag>, delete_tag already registered for DAG: example_complex
[2023-10-12T16:01:31.526+0000] {logging_mixin.py:137} INFO - [2023-10-12T16:01:31.526+0000] {taskmixin.py:205} WARNING - Dependency <Task(BashOperator): delete_tag>, create_tag already registered for DAG: example_complex
[2023-10-12T16:01:31.535+0000] {processor.py:753} INFO - DAG(s) dict_keys(['example_complex']) retrieved from /home/airflow/.local/lib/python3.7/site-packages/airflow/example_dags/example_complex.py
[2023-10-12T16:01:31.629+0000] {logging_mixin.py:137} INFO - [2023-10-12T16:01:31.628+0000] {dag.py:2690} INFO - Sync 1 DAGs
[2023-10-12T16:01:31.670+0000] {logging_mixin.py:137} INFO - [2023-10-12T16:01:31.670+0000] {dag.py:3441} INFO - Setting next_dagrun for example_complex to None, run_after=None
[2023-10-12T16:01:31.839+0000] {processor.py:175} INFO - Processing /home/airflow/.local/lib/python3.7/site-packages/airflow/example_dags/example_complex.py took 0.350 seconds
[2023-10-12T16:02:02.554+0000] {processor.py:153} INFO - Started process (PID=910) to work on /home/airflow/.local/lib/python3.7/site-packages/airflow/example_dags/example_complex.py
[2023-10-12T16:02:02.555+0000] {processor.py:743} INFO - Processing file /home/airflow/.local/lib/python3.7/site-packages/airflow/example_dags/example_complex.py for tasks to queue
[2023-10-12T16:02:02.556+0000] {logging_mixin.py:137} INFO - [2023-10-12T16:02:02.556+0000] {dagbag.py:538} INFO - Filling up the DagBag from /home/airflow/.local/lib/python3.7/site-packages/airflow/example_dags/example_complex.py
[2023-10-12T16:02:02.567+0000] {logging_mixin.py:137} INFO - [2023-10-12T16:02:02.567+0000] {taskmixin.py:205} WARNING - Dependency <Task(BashOperator): create_entry_group>, delete_entry_group already registered for DAG: example_complex
[2023-10-12T16:02:02.567+0000] {logging_mixin.py:137} INFO - [2023-10-12T16:02:02.567+0000] {taskmixin.py:205} WARNING - Dependency <Task(BashOperator): delete_entry_group>, create_entry_group already registered for DAG: example_complex
[2023-10-12T16:02:02.568+0000] {logging_mixin.py:137} INFO - [2023-10-12T16:02:02.568+0000] {taskmixin.py:205} WARNING - Dependency <Task(BashOperator): create_entry_gcs>, delete_entry already registered for DAG: example_complex
[2023-10-12T16:02:02.568+0000] {logging_mixin.py:137} INFO - [2023-10-12T16:02:02.568+0000] {taskmixin.py:205} WARNING - Dependency <Task(BashOperator): delete_entry>, create_entry_gcs already registered for DAG: example_complex
[2023-10-12T16:02:02.569+0000] {logging_mixin.py:137} INFO - [2023-10-12T16:02:02.569+0000] {taskmixin.py:205} WARNING - Dependency <Task(BashOperator): create_tag>, delete_tag already registered for DAG: example_complex
[2023-10-12T16:02:02.569+0000] {logging_mixin.py:137} INFO - [2023-10-12T16:02:02.569+0000] {taskmixin.py:205} WARNING - Dependency <Task(BashOperator): delete_tag>, create_tag already registered for DAG: example_complex
[2023-10-12T16:02:02.576+0000] {processor.py:753} INFO - DAG(s) dict_keys(['example_complex']) retrieved from /home/airflow/.local/lib/python3.7/site-packages/airflow/example_dags/example_complex.py
[2023-10-12T16:02:02.616+0000] {logging_mixin.py:137} INFO - [2023-10-12T16:02:02.616+0000] {dag.py:2690} INFO - Sync 1 DAGs
[2023-10-12T16:02:02.640+0000] {logging_mixin.py:137} INFO - [2023-10-12T16:02:02.640+0000] {dag.py:3441} INFO - Setting next_dagrun for example_complex to None, run_after=None
[2023-10-12T16:02:02.660+0000] {processor.py:175} INFO - Processing /home/airflow/.local/lib/python3.7/site-packages/airflow/example_dags/example_complex.py took 0.110 seconds
[2023-10-12T16:02:33.511+0000] {processor.py:153} INFO - Started process (PID=985) to work on /home/airflow/.local/lib/python3.7/site-packages/airflow/example_dags/example_complex.py
[2023-10-12T16:02:33.513+0000] {processor.py:743} INFO - Processing file /home/airflow/.local/lib/python3.7/site-packages/airflow/example_dags/example_complex.py for tasks to queue
[2023-10-12T16:02:33.515+0000] {logging_mixin.py:137} INFO - [2023-10-12T16:02:33.515+0000] {dagbag.py:538} INFO - Filling up the DagBag from /home/airflow/.local/lib/python3.7/site-packages/airflow/example_dags/example_complex.py
[2023-10-12T16:02:33.527+0000] {logging_mixin.py:137} INFO - [2023-10-12T16:02:33.527+0000] {taskmixin.py:205} WARNING - Dependency <Task(BashOperator): create_entry_group>, delete_entry_group already registered for DAG: example_complex
[2023-10-12T16:02:33.528+0000] {logging_mixin.py:137} INFO - [2023-10-12T16:02:33.528+0000] {taskmixin.py:205} WARNING - Dependency <Task(BashOperator): delete_entry_group>, create_entry_group already registered for DAG: example_complex
[2023-10-12T16:02:33.528+0000] {logging_mixin.py:137} INFO - [2023-10-12T16:02:33.528+0000] {taskmixin.py:205} WARNING - Dependency <Task(BashOperator): create_entry_gcs>, delete_entry already registered for DAG: example_complex
[2023-10-12T16:02:33.529+0000] {logging_mixin.py:137} INFO - [2023-10-12T16:02:33.529+0000] {taskmixin.py:205} WARNING - Dependency <Task(BashOperator): delete_entry>, create_entry_gcs already registered for DAG: example_complex
[2023-10-12T16:02:33.530+0000] {logging_mixin.py:137} INFO - [2023-10-12T16:02:33.529+0000] {taskmixin.py:205} WARNING - Dependency <Task(BashOperator): create_tag>, delete_tag already registered for DAG: example_complex
[2023-10-12T16:02:33.530+0000] {logging_mixin.py:137} INFO - [2023-10-12T16:02:33.530+0000] {taskmixin.py:205} WARNING - Dependency <Task(BashOperator): delete_tag>, create_tag already registered for DAG: example_complex
[2023-10-12T16:02:33.536+0000] {processor.py:753} INFO - DAG(s) dict_keys(['example_complex']) retrieved from /home/airflow/.local/lib/python3.7/site-packages/airflow/example_dags/example_complex.py
[2023-10-12T16:02:33.562+0000] {logging_mixin.py:137} INFO - [2023-10-12T16:02:33.562+0000] {dag.py:2690} INFO - Sync 1 DAGs
[2023-10-12T16:02:33.588+0000] {logging_mixin.py:137} INFO - [2023-10-12T16:02:33.588+0000] {dag.py:3441} INFO - Setting next_dagrun for example_complex to None, run_after=None
[2023-10-12T16:02:33.612+0000] {processor.py:175} INFO - Processing /home/airflow/.local/lib/python3.7/site-packages/airflow/example_dags/example_complex.py took 0.103 seconds
[2023-10-12T16:03:04.339+0000] {processor.py:153} INFO - Started process (PID=1078) to work on /home/airflow/.local/lib/python3.7/site-packages/airflow/example_dags/example_complex.py
[2023-10-12T16:03:04.358+0000] {processor.py:743} INFO - Processing file /home/airflow/.local/lib/python3.7/site-packages/airflow/example_dags/example_complex.py for tasks to queue
[2023-10-12T16:03:04.368+0000] {logging_mixin.py:137} INFO - [2023-10-12T16:03:04.368+0000] {dagbag.py:538} INFO - Filling up the DagBag from /home/airflow/.local/lib/python3.7/site-packages/airflow/example_dags/example_complex.py
[2023-10-12T16:03:04.417+0000] {logging_mixin.py:137} INFO - [2023-10-12T16:03:04.417+0000] {taskmixin.py:205} WARNING - Dependency <Task(BashOperator): create_entry_group>, delete_entry_group already registered for DAG: example_complex
[2023-10-12T16:03:04.439+0000] {logging_mixin.py:137} INFO - [2023-10-12T16:03:04.439+0000] {taskmixin.py:205} WARNING - Dependency <Task(BashOperator): delete_entry_group>, create_entry_group already registered for DAG: example_complex
[2023-10-12T16:03:04.444+0000] {logging_mixin.py:137} INFO - [2023-10-12T16:03:04.444+0000] {taskmixin.py:205} WARNING - Dependency <Task(BashOperator): create_entry_gcs>, delete_entry already registered for DAG: example_complex
[2023-10-12T16:03:04.448+0000] {logging_mixin.py:137} INFO - [2023-10-12T16:03:04.448+0000] {taskmixin.py:205} WARNING - Dependency <Task(BashOperator): delete_entry>, create_entry_gcs already registered for DAG: example_complex
[2023-10-12T16:03:04.452+0000] {logging_mixin.py:137} INFO - [2023-10-12T16:03:04.452+0000] {taskmixin.py:205} WARNING - Dependency <Task(BashOperator): create_tag>, delete_tag already registered for DAG: example_complex
[2023-10-12T16:03:04.454+0000] {logging_mixin.py:137} INFO - [2023-10-12T16:03:04.454+0000] {taskmixin.py:205} WARNING - Dependency <Task(BashOperator): delete_tag>, create_tag already registered for DAG: example_complex
[2023-10-12T16:03:04.473+0000] {processor.py:753} INFO - DAG(s) dict_keys(['example_complex']) retrieved from /home/airflow/.local/lib/python3.7/site-packages/airflow/example_dags/example_complex.py
[2023-10-12T16:03:04.544+0000] {logging_mixin.py:137} INFO - [2023-10-12T16:03:04.544+0000] {dag.py:2690} INFO - Sync 1 DAGs
[2023-10-12T16:03:04.598+0000] {logging_mixin.py:137} INFO - [2023-10-12T16:03:04.598+0000] {dag.py:3441} INFO - Setting next_dagrun for example_complex to None, run_after=None
[2023-10-12T16:03:04.692+0000] {processor.py:175} INFO - Processing /home/airflow/.local/lib/python3.7/site-packages/airflow/example_dags/example_complex.py took 0.360 seconds
[2023-10-12T16:03:36.921+0000] {processor.py:153} INFO - Started process (PID=1154) to work on /home/airflow/.local/lib/python3.7/site-packages/airflow/example_dags/example_complex.py
[2023-10-12T16:03:36.929+0000] {processor.py:743} INFO - Processing file /home/airflow/.local/lib/python3.7/site-packages/airflow/example_dags/example_complex.py for tasks to queue
[2023-10-12T16:03:37.011+0000] {logging_mixin.py:137} INFO - [2023-10-12T16:03:37.011+0000] {dagbag.py:538} INFO - Filling up the DagBag from /home/airflow/.local/lib/python3.7/site-packages/airflow/example_dags/example_complex.py
[2023-10-12T16:03:37.041+0000] {logging_mixin.py:137} INFO - [2023-10-12T16:03:37.041+0000] {taskmixin.py:205} WARNING - Dependency <Task(BashOperator): create_entry_group>, delete_entry_group already registered for DAG: example_complex
[2023-10-12T16:03:37.046+0000] {logging_mixin.py:137} INFO - [2023-10-12T16:03:37.046+0000] {taskmixin.py:205} WARNING - Dependency <Task(BashOperator): delete_entry_group>, create_entry_group already registered for DAG: example_complex
[2023-10-12T16:03:37.052+0000] {logging_mixin.py:137} INFO - [2023-10-12T16:03:37.052+0000] {taskmixin.py:205} WARNING - Dependency <Task(BashOperator): create_entry_gcs>, delete_entry already registered for DAG: example_complex
[2023-10-12T16:03:37.079+0000] {logging_mixin.py:137} INFO - [2023-10-12T16:03:37.079+0000] {taskmixin.py:205} WARNING - Dependency <Task(BashOperator): delete_entry>, create_entry_gcs already registered for DAG: example_complex
[2023-10-12T16:03:37.113+0000] {logging_mixin.py:137} INFO - [2023-10-12T16:03:37.113+0000] {taskmixin.py:205} WARNING - Dependency <Task(BashOperator): create_tag>, delete_tag already registered for DAG: example_complex
[2023-10-12T16:03:37.157+0000] {logging_mixin.py:137} INFO - [2023-10-12T16:03:37.156+0000] {taskmixin.py:205} WARNING - Dependency <Task(BashOperator): delete_tag>, create_tag already registered for DAG: example_complex
[2023-10-12T16:03:37.192+0000] {processor.py:753} INFO - DAG(s) dict_keys(['example_complex']) retrieved from /home/airflow/.local/lib/python3.7/site-packages/airflow/example_dags/example_complex.py
[2023-10-12T16:03:37.350+0000] {logging_mixin.py:137} INFO - [2023-10-12T16:03:37.350+0000] {dag.py:2690} INFO - Sync 1 DAGs
[2023-10-12T16:03:37.390+0000] {logging_mixin.py:137} INFO - [2023-10-12T16:03:37.390+0000] {dag.py:3441} INFO - Setting next_dagrun for example_complex to None, run_after=None
[2023-10-12T16:03:37.608+0000] {processor.py:175} INFO - Processing /home/airflow/.local/lib/python3.7/site-packages/airflow/example_dags/example_complex.py took 0.692 seconds
[2023-10-12T16:04:08.530+0000] {processor.py:153} INFO - Started process (PID=1229) to work on /home/airflow/.local/lib/python3.7/site-packages/airflow/example_dags/example_complex.py
[2023-10-12T16:04:08.531+0000] {processor.py:743} INFO - Processing file /home/airflow/.local/lib/python3.7/site-packages/airflow/example_dags/example_complex.py for tasks to queue
[2023-10-12T16:04:08.532+0000] {logging_mixin.py:137} INFO - [2023-10-12T16:04:08.532+0000] {dagbag.py:538} INFO - Filling up the DagBag from /home/airflow/.local/lib/python3.7/site-packages/airflow/example_dags/example_complex.py
[2023-10-12T16:04:08.542+0000] {logging_mixin.py:137} INFO - [2023-10-12T16:04:08.542+0000] {taskmixin.py:205} WARNING - Dependency <Task(BashOperator): create_entry_group>, delete_entry_group already registered for DAG: example_complex
[2023-10-12T16:04:08.542+0000] {logging_mixin.py:137} INFO - [2023-10-12T16:04:08.542+0000] {taskmixin.py:205} WARNING - Dependency <Task(BashOperator): delete_entry_group>, create_entry_group already registered for DAG: example_complex
[2023-10-12T16:04:08.543+0000] {logging_mixin.py:137} INFO - [2023-10-12T16:04:08.543+0000] {taskmixin.py:205} WARNING - Dependency <Task(BashOperator): create_entry_gcs>, delete_entry already registered for DAG: example_complex
[2023-10-12T16:04:08.543+0000] {logging_mixin.py:137} INFO - [2023-10-12T16:04:08.543+0000] {taskmixin.py:205} WARNING - Dependency <Task(BashOperator): delete_entry>, create_entry_gcs already registered for DAG: example_complex
[2023-10-12T16:04:08.544+0000] {logging_mixin.py:137} INFO - [2023-10-12T16:04:08.544+0000] {taskmixin.py:205} WARNING - Dependency <Task(BashOperator): create_tag>, delete_tag already registered for DAG: example_complex
[2023-10-12T16:04:08.544+0000] {logging_mixin.py:137} INFO - [2023-10-12T16:04:08.544+0000] {taskmixin.py:205} WARNING - Dependency <Task(BashOperator): delete_tag>, create_tag already registered for DAG: example_complex
[2023-10-12T16:04:08.551+0000] {processor.py:753} INFO - DAG(s) dict_keys(['example_complex']) retrieved from /home/airflow/.local/lib/python3.7/site-packages/airflow/example_dags/example_complex.py
[2023-10-12T16:04:08.578+0000] {logging_mixin.py:137} INFO - [2023-10-12T16:04:08.578+0000] {dag.py:2690} INFO - Sync 1 DAGs
[2023-10-12T16:04:08.599+0000] {logging_mixin.py:137} INFO - [2023-10-12T16:04:08.599+0000] {dag.py:3441} INFO - Setting next_dagrun for example_complex to None, run_after=None
[2023-10-12T16:04:08.616+0000] {processor.py:175} INFO - Processing /home/airflow/.local/lib/python3.7/site-packages/airflow/example_dags/example_complex.py took 0.090 seconds
[2023-10-12T16:04:38.684+0000] {processor.py:153} INFO - Started process (PID=1321) to work on /home/airflow/.local/lib/python3.7/site-packages/airflow/example_dags/example_complex.py
[2023-10-12T16:04:38.707+0000] {processor.py:743} INFO - Processing file /home/airflow/.local/lib/python3.7/site-packages/airflow/example_dags/example_complex.py for tasks to queue
[2023-10-12T16:04:38.733+0000] {logging_mixin.py:137} INFO - [2023-10-12T16:04:38.733+0000] {dagbag.py:538} INFO - Filling up the DagBag from /home/airflow/.local/lib/python3.7/site-packages/airflow/example_dags/example_complex.py
[2023-10-12T16:04:38.783+0000] {logging_mixin.py:137} INFO - [2023-10-12T16:04:38.783+0000] {taskmixin.py:205} WARNING - Dependency <Task(BashOperator): create_entry_group>, delete_entry_group already registered for DAG: example_complex
[2023-10-12T16:04:38.807+0000] {logging_mixin.py:137} INFO - [2023-10-12T16:04:38.807+0000] {taskmixin.py:205} WARNING - Dependency <Task(BashOperator): delete_entry_group>, create_entry_group already registered for DAG: example_complex
[2023-10-12T16:04:38.833+0000] {logging_mixin.py:137} INFO - [2023-10-12T16:04:38.833+0000] {taskmixin.py:205} WARNING - Dependency <Task(BashOperator): create_entry_gcs>, delete_entry already registered for DAG: example_complex
[2023-10-12T16:04:38.849+0000] {logging_mixin.py:137} INFO - [2023-10-12T16:04:38.849+0000] {taskmixin.py:205} WARNING - Dependency <Task(BashOperator): delete_entry>, create_entry_gcs already registered for DAG: example_complex
[2023-10-12T16:04:38.854+0000] {logging_mixin.py:137} INFO - [2023-10-12T16:04:38.854+0000] {taskmixin.py:205} WARNING - Dependency <Task(BashOperator): create_tag>, delete_tag already registered for DAG: example_complex
[2023-10-12T16:04:38.858+0000] {logging_mixin.py:137} INFO - [2023-10-12T16:04:38.858+0000] {taskmixin.py:205} WARNING - Dependency <Task(BashOperator): delete_tag>, create_tag already registered for DAG: example_complex
[2023-10-12T16:04:38.869+0000] {processor.py:753} INFO - DAG(s) dict_keys(['example_complex']) retrieved from /home/airflow/.local/lib/python3.7/site-packages/airflow/example_dags/example_complex.py
[2023-10-12T16:04:38.934+0000] {logging_mixin.py:137} INFO - [2023-10-12T16:04:38.934+0000] {dag.py:2690} INFO - Sync 1 DAGs
[2023-10-12T16:04:39.014+0000] {logging_mixin.py:137} INFO - [2023-10-12T16:04:39.014+0000] {dag.py:3441} INFO - Setting next_dagrun for example_complex to None, run_after=None
[2023-10-12T16:04:39.075+0000] {processor.py:175} INFO - Processing /home/airflow/.local/lib/python3.7/site-packages/airflow/example_dags/example_complex.py took 0.398 seconds
[2023-10-12T16:05:09.470+0000] {processor.py:153} INFO - Started process (PID=1396) to work on /home/airflow/.local/lib/python3.7/site-packages/airflow/example_dags/example_complex.py
[2023-10-12T16:05:09.471+0000] {processor.py:743} INFO - Processing file /home/airflow/.local/lib/python3.7/site-packages/airflow/example_dags/example_complex.py for tasks to queue
[2023-10-12T16:05:09.472+0000] {logging_mixin.py:137} INFO - [2023-10-12T16:05:09.472+0000] {dagbag.py:538} INFO - Filling up the DagBag from /home/airflow/.local/lib/python3.7/site-packages/airflow/example_dags/example_complex.py
[2023-10-12T16:05:09.482+0000] {logging_mixin.py:137} INFO - [2023-10-12T16:05:09.482+0000] {taskmixin.py:205} WARNING - Dependency <Task(BashOperator): create_entry_group>, delete_entry_group already registered for DAG: example_complex
[2023-10-12T16:05:09.483+0000] {logging_mixin.py:137} INFO - [2023-10-12T16:05:09.483+0000] {taskmixin.py:205} WARNING - Dependency <Task(BashOperator): delete_entry_group>, create_entry_group already registered for DAG: example_complex
[2023-10-12T16:05:09.484+0000] {logging_mixin.py:137} INFO - [2023-10-12T16:05:09.484+0000] {taskmixin.py:205} WARNING - Dependency <Task(BashOperator): create_entry_gcs>, delete_entry already registered for DAG: example_complex
[2023-10-12T16:05:09.484+0000] {logging_mixin.py:137} INFO - [2023-10-12T16:05:09.484+0000] {taskmixin.py:205} WARNING - Dependency <Task(BashOperator): delete_entry>, create_entry_gcs already registered for DAG: example_complex
[2023-10-12T16:05:09.485+0000] {logging_mixin.py:137} INFO - [2023-10-12T16:05:09.484+0000] {taskmixin.py:205} WARNING - Dependency <Task(BashOperator): create_tag>, delete_tag already registered for DAG: example_complex
[2023-10-12T16:05:09.485+0000] {logging_mixin.py:137} INFO - [2023-10-12T16:05:09.485+0000] {taskmixin.py:205} WARNING - Dependency <Task(BashOperator): delete_tag>, create_tag already registered for DAG: example_complex
[2023-10-12T16:05:09.490+0000] {processor.py:753} INFO - DAG(s) dict_keys(['example_complex']) retrieved from /home/airflow/.local/lib/python3.7/site-packages/airflow/example_dags/example_complex.py
[2023-10-12T16:05:09.519+0000] {logging_mixin.py:137} INFO - [2023-10-12T16:05:09.518+0000] {dag.py:2690} INFO - Sync 1 DAGs
[2023-10-12T16:05:09.539+0000] {logging_mixin.py:137} INFO - [2023-10-12T16:05:09.539+0000] {dag.py:3441} INFO - Setting next_dagrun for example_complex to None, run_after=None
[2023-10-12T16:05:09.556+0000] {processor.py:175} INFO - Processing /home/airflow/.local/lib/python3.7/site-packages/airflow/example_dags/example_complex.py took 0.090 seconds
[2023-10-12T16:05:40.052+0000] {processor.py:153} INFO - Started process (PID=1471) to work on /home/airflow/.local/lib/python3.7/site-packages/airflow/example_dags/example_complex.py
[2023-10-12T16:05:40.053+0000] {processor.py:743} INFO - Processing file /home/airflow/.local/lib/python3.7/site-packages/airflow/example_dags/example_complex.py for tasks to queue
[2023-10-12T16:05:40.054+0000] {logging_mixin.py:137} INFO - [2023-10-12T16:05:40.054+0000] {dagbag.py:538} INFO - Filling up the DagBag from /home/airflow/.local/lib/python3.7/site-packages/airflow/example_dags/example_complex.py
[2023-10-12T16:05:40.065+0000] {logging_mixin.py:137} INFO - [2023-10-12T16:05:40.065+0000] {taskmixin.py:205} WARNING - Dependency <Task(BashOperator): create_entry_group>, delete_entry_group already registered for DAG: example_complex
[2023-10-12T16:05:40.066+0000] {logging_mixin.py:137} INFO - [2023-10-12T16:05:40.066+0000] {taskmixin.py:205} WARNING - Dependency <Task(BashOperator): delete_entry_group>, create_entry_group already registered for DAG: example_complex
[2023-10-12T16:05:40.067+0000] {logging_mixin.py:137} INFO - [2023-10-12T16:05:40.067+0000] {taskmixin.py:205} WARNING - Dependency <Task(BashOperator): create_entry_gcs>, delete_entry already registered for DAG: example_complex
[2023-10-12T16:05:40.068+0000] {logging_mixin.py:137} INFO - [2023-10-12T16:05:40.068+0000] {taskmixin.py:205} WARNING - Dependency <Task(BashOperator): delete_entry>, create_entry_gcs already registered for DAG: example_complex
[2023-10-12T16:05:40.069+0000] {logging_mixin.py:137} INFO - [2023-10-12T16:05:40.069+0000] {taskmixin.py:205} WARNING - Dependency <Task(BashOperator): create_tag>, delete_tag already registered for DAG: example_complex
[2023-10-12T16:05:40.071+0000] {logging_mixin.py:137} INFO - [2023-10-12T16:05:40.071+0000] {taskmixin.py:205} WARNING - Dependency <Task(BashOperator): delete_tag>, create_tag already registered for DAG: example_complex
[2023-10-12T16:05:40.077+0000] {processor.py:753} INFO - DAG(s) dict_keys(['example_complex']) retrieved from /home/airflow/.local/lib/python3.7/site-packages/airflow/example_dags/example_complex.py
[2023-10-12T16:05:40.107+0000] {logging_mixin.py:137} INFO - [2023-10-12T16:05:40.107+0000] {dag.py:2690} INFO - Sync 1 DAGs
[2023-10-12T16:05:40.127+0000] {logging_mixin.py:137} INFO - [2023-10-12T16:05:40.127+0000] {dag.py:3441} INFO - Setting next_dagrun for example_complex to None, run_after=None
[2023-10-12T16:05:40.197+0000] {processor.py:175} INFO - Processing /home/airflow/.local/lib/python3.7/site-packages/airflow/example_dags/example_complex.py took 0.149 seconds
[2023-10-12T16:06:11.135+0000] {processor.py:153} INFO - Started process (PID=1555) to work on /home/airflow/.local/lib/python3.7/site-packages/airflow/example_dags/example_complex.py
[2023-10-12T16:06:11.136+0000] {processor.py:743} INFO - Processing file /home/airflow/.local/lib/python3.7/site-packages/airflow/example_dags/example_complex.py for tasks to queue
[2023-10-12T16:06:11.137+0000] {logging_mixin.py:137} INFO - [2023-10-12T16:06:11.137+0000] {dagbag.py:538} INFO - Filling up the DagBag from /home/airflow/.local/lib/python3.7/site-packages/airflow/example_dags/example_complex.py
[2023-10-12T16:06:11.151+0000] {logging_mixin.py:137} INFO - [2023-10-12T16:06:11.151+0000] {taskmixin.py:205} WARNING - Dependency <Task(BashOperator): create_entry_group>, delete_entry_group already registered for DAG: example_complex
[2023-10-12T16:06:11.152+0000] {logging_mixin.py:137} INFO - [2023-10-12T16:06:11.152+0000] {taskmixin.py:205} WARNING - Dependency <Task(BashOperator): delete_entry_group>, create_entry_group already registered for DAG: example_complex
[2023-10-12T16:06:11.153+0000] {logging_mixin.py:137} INFO - [2023-10-12T16:06:11.153+0000] {taskmixin.py:205} WARNING - Dependency <Task(BashOperator): create_entry_gcs>, delete_entry already registered for DAG: example_complex
[2023-10-12T16:06:11.154+0000] {logging_mixin.py:137} INFO - [2023-10-12T16:06:11.153+0000] {taskmixin.py:205} WARNING - Dependency <Task(BashOperator): delete_entry>, create_entry_gcs already registered for DAG: example_complex
[2023-10-12T16:06:11.154+0000] {logging_mixin.py:137} INFO - [2023-10-12T16:06:11.154+0000] {taskmixin.py:205} WARNING - Dependency <Task(BashOperator): create_tag>, delete_tag already registered for DAG: example_complex
[2023-10-12T16:06:11.155+0000] {logging_mixin.py:137} INFO - [2023-10-12T16:06:11.155+0000] {taskmixin.py:205} WARNING - Dependency <Task(BashOperator): delete_tag>, create_tag already registered for DAG: example_complex
[2023-10-12T16:06:11.164+0000] {processor.py:753} INFO - DAG(s) dict_keys(['example_complex']) retrieved from /home/airflow/.local/lib/python3.7/site-packages/airflow/example_dags/example_complex.py
[2023-10-12T16:06:11.207+0000] {logging_mixin.py:137} INFO - [2023-10-12T16:06:11.207+0000] {dag.py:2690} INFO - Sync 1 DAGs
[2023-10-12T16:06:11.420+0000] {logging_mixin.py:137} INFO - [2023-10-12T16:06:11.420+0000] {dag.py:3441} INFO - Setting next_dagrun for example_complex to None, run_after=None
[2023-10-12T16:06:11.476+0000] {processor.py:175} INFO - Processing /home/airflow/.local/lib/python3.7/site-packages/airflow/example_dags/example_complex.py took 0.343 seconds
[2023-10-12T16:06:41.987+0000] {processor.py:153} INFO - Started process (PID=1636) to work on /home/airflow/.local/lib/python3.7/site-packages/airflow/example_dags/example_complex.py
[2023-10-12T16:06:41.989+0000] {processor.py:743} INFO - Processing file /home/airflow/.local/lib/python3.7/site-packages/airflow/example_dags/example_complex.py for tasks to queue
[2023-10-12T16:06:41.992+0000] {logging_mixin.py:137} INFO - [2023-10-12T16:06:41.991+0000] {dagbag.py:538} INFO - Filling up the DagBag from /home/airflow/.local/lib/python3.7/site-packages/airflow/example_dags/example_complex.py
[2023-10-12T16:06:42.003+0000] {logging_mixin.py:137} INFO - [2023-10-12T16:06:42.003+0000] {taskmixin.py:205} WARNING - Dependency <Task(BashOperator): create_entry_group>, delete_entry_group already registered for DAG: example_complex
[2023-10-12T16:06:42.004+0000] {logging_mixin.py:137} INFO - [2023-10-12T16:06:42.004+0000] {taskmixin.py:205} WARNING - Dependency <Task(BashOperator): delete_entry_group>, create_entry_group already registered for DAG: example_complex
[2023-10-12T16:06:42.005+0000] {logging_mixin.py:137} INFO - [2023-10-12T16:06:42.005+0000] {taskmixin.py:205} WARNING - Dependency <Task(BashOperator): create_entry_gcs>, delete_entry already registered for DAG: example_complex
[2023-10-12T16:06:42.006+0000] {logging_mixin.py:137} INFO - [2023-10-12T16:06:42.006+0000] {taskmixin.py:205} WARNING - Dependency <Task(BashOperator): delete_entry>, create_entry_gcs already registered for DAG: example_complex
[2023-10-12T16:06:42.008+0000] {logging_mixin.py:137} INFO - [2023-10-12T16:06:42.008+0000] {taskmixin.py:205} WARNING - Dependency <Task(BashOperator): create_tag>, delete_tag already registered for DAG: example_complex
[2023-10-12T16:06:42.009+0000] {logging_mixin.py:137} INFO - [2023-10-12T16:06:42.009+0000] {taskmixin.py:205} WARNING - Dependency <Task(BashOperator): delete_tag>, create_tag already registered for DAG: example_complex
[2023-10-12T16:06:42.017+0000] {processor.py:753} INFO - DAG(s) dict_keys(['example_complex']) retrieved from /home/airflow/.local/lib/python3.7/site-packages/airflow/example_dags/example_complex.py
[2023-10-12T16:06:42.251+0000] {logging_mixin.py:137} INFO - [2023-10-12T16:06:42.251+0000] {dag.py:2690} INFO - Sync 1 DAGs
[2023-10-12T16:06:42.345+0000] {logging_mixin.py:137} INFO - [2023-10-12T16:06:42.345+0000] {dag.py:3441} INFO - Setting next_dagrun for example_complex to None, run_after=None
[2023-10-12T16:06:42.404+0000] {processor.py:175} INFO - Processing /home/airflow/.local/lib/python3.7/site-packages/airflow/example_dags/example_complex.py took 0.420 seconds
[2023-10-12T17:13:34.261+0000] {processor.py:153} INFO - Started process (PID=1709) to work on /home/airflow/.local/lib/python3.7/site-packages/airflow/example_dags/example_complex.py
[2023-10-12T17:13:34.266+0000] {processor.py:743} INFO - Processing file /home/airflow/.local/lib/python3.7/site-packages/airflow/example_dags/example_complex.py for tasks to queue
[2023-10-12T17:13:34.271+0000] {logging_mixin.py:137} INFO - [2023-10-12T17:13:34.271+0000] {dagbag.py:538} INFO - Filling up the DagBag from /home/airflow/.local/lib/python3.7/site-packages/airflow/example_dags/example_complex.py
[2023-10-12T17:13:34.291+0000] {logging_mixin.py:137} INFO - [2023-10-12T17:13:34.291+0000] {taskmixin.py:205} WARNING - Dependency <Task(BashOperator): create_entry_group>, delete_entry_group already registered for DAG: example_complex
[2023-10-12T17:13:34.302+0000] {logging_mixin.py:137} INFO - [2023-10-12T17:13:34.302+0000] {taskmixin.py:205} WARNING - Dependency <Task(BashOperator): delete_entry_group>, create_entry_group already registered for DAG: example_complex
[2023-10-12T17:13:34.311+0000] {logging_mixin.py:137} INFO - [2023-10-12T17:13:34.311+0000] {taskmixin.py:205} WARNING - Dependency <Task(BashOperator): create_entry_gcs>, delete_entry already registered for DAG: example_complex
[2023-10-12T17:13:34.318+0000] {logging_mixin.py:137} INFO - [2023-10-12T17:13:34.318+0000] {taskmixin.py:205} WARNING - Dependency <Task(BashOperator): delete_entry>, create_entry_gcs already registered for DAG: example_complex
[2023-10-12T17:13:34.322+0000] {logging_mixin.py:137} INFO - [2023-10-12T17:13:34.322+0000] {taskmixin.py:205} WARNING - Dependency <Task(BashOperator): create_tag>, delete_tag already registered for DAG: example_complex
[2023-10-12T17:13:34.325+0000] {logging_mixin.py:137} INFO - [2023-10-12T17:13:34.325+0000] {taskmixin.py:205} WARNING - Dependency <Task(BashOperator): delete_tag>, create_tag already registered for DAG: example_complex
[2023-10-12T17:13:34.337+0000] {processor.py:753} INFO - DAG(s) dict_keys(['example_complex']) retrieved from /home/airflow/.local/lib/python3.7/site-packages/airflow/example_dags/example_complex.py
[2023-10-12T17:13:34.376+0000] {logging_mixin.py:137} INFO - [2023-10-12T17:13:34.376+0000] {dag.py:2690} INFO - Sync 1 DAGs
[2023-10-12T17:13:34.407+0000] {logging_mixin.py:137} INFO - [2023-10-12T17:13:34.407+0000] {dag.py:3441} INFO - Setting next_dagrun for example_complex to None, run_after=None
[2023-10-12T17:13:34.437+0000] {processor.py:175} INFO - Processing /home/airflow/.local/lib/python3.7/site-packages/airflow/example_dags/example_complex.py took 0.180 seconds
[2023-10-12T18:38:22.069+0000] {processor.py:153} INFO - Started process (PID=1784) to work on /home/airflow/.local/lib/python3.7/site-packages/airflow/example_dags/example_complex.py
[2023-10-12T18:38:22.074+0000] {processor.py:743} INFO - Processing file /home/airflow/.local/lib/python3.7/site-packages/airflow/example_dags/example_complex.py for tasks to queue
[2023-10-12T18:38:22.076+0000] {logging_mixin.py:137} INFO - [2023-10-12T18:38:22.076+0000] {dagbag.py:538} INFO - Filling up the DagBag from /home/airflow/.local/lib/python3.7/site-packages/airflow/example_dags/example_complex.py
[2023-10-12T18:38:22.093+0000] {logging_mixin.py:137} INFO - [2023-10-12T18:38:22.093+0000] {taskmixin.py:205} WARNING - Dependency <Task(BashOperator): create_entry_group>, delete_entry_group already registered for DAG: example_complex
[2023-10-12T18:38:22.095+0000] {logging_mixin.py:137} INFO - [2023-10-12T18:38:22.095+0000] {taskmixin.py:205} WARNING - Dependency <Task(BashOperator): delete_entry_group>, create_entry_group already registered for DAG: example_complex
[2023-10-12T18:38:22.096+0000] {logging_mixin.py:137} INFO - [2023-10-12T18:38:22.096+0000] {taskmixin.py:205} WARNING - Dependency <Task(BashOperator): create_entry_gcs>, delete_entry already registered for DAG: example_complex
[2023-10-12T18:38:22.099+0000] {logging_mixin.py:137} INFO - [2023-10-12T18:38:22.099+0000] {taskmixin.py:205} WARNING - Dependency <Task(BashOperator): delete_entry>, create_entry_gcs already registered for DAG: example_complex
[2023-10-12T18:38:22.100+0000] {logging_mixin.py:137} INFO - [2023-10-12T18:38:22.100+0000] {taskmixin.py:205} WARNING - Dependency <Task(BashOperator): create_tag>, delete_tag already registered for DAG: example_complex
[2023-10-12T18:38:22.101+0000] {logging_mixin.py:137} INFO - [2023-10-12T18:38:22.101+0000] {taskmixin.py:205} WARNING - Dependency <Task(BashOperator): delete_tag>, create_tag already registered for DAG: example_complex
[2023-10-12T18:38:22.112+0000] {processor.py:753} INFO - DAG(s) dict_keys(['example_complex']) retrieved from /home/airflow/.local/lib/python3.7/site-packages/airflow/example_dags/example_complex.py
[2023-10-12T18:38:22.158+0000] {logging_mixin.py:137} INFO - [2023-10-12T18:38:22.157+0000] {dag.py:2690} INFO - Sync 1 DAGs
[2023-10-12T18:38:22.185+0000] {logging_mixin.py:137} INFO - [2023-10-12T18:38:22.185+0000] {dag.py:3441} INFO - Setting next_dagrun for example_complex to None, run_after=None
[2023-10-12T18:38:22.205+0000] {processor.py:175} INFO - Processing /home/airflow/.local/lib/python3.7/site-packages/airflow/example_dags/example_complex.py took 0.141 seconds
[2023-10-12T20:00:48.370+0000] {processor.py:153} INFO - Started process (PID=1859) to work on /home/airflow/.local/lib/python3.7/site-packages/airflow/example_dags/example_complex.py
[2023-10-12T20:00:48.371+0000] {processor.py:743} INFO - Processing file /home/airflow/.local/lib/python3.7/site-packages/airflow/example_dags/example_complex.py for tasks to queue
[2023-10-12T20:00:48.372+0000] {logging_mixin.py:137} INFO - [2023-10-12T20:00:48.372+0000] {dagbag.py:538} INFO - Filling up the DagBag from /home/airflow/.local/lib/python3.7/site-packages/airflow/example_dags/example_complex.py
[2023-10-12T20:00:48.383+0000] {logging_mixin.py:137} INFO - [2023-10-12T20:00:48.383+0000] {taskmixin.py:205} WARNING - Dependency <Task(BashOperator): create_entry_group>, delete_entry_group already registered for DAG: example_complex
[2023-10-12T20:00:48.384+0000] {logging_mixin.py:137} INFO - [2023-10-12T20:00:48.384+0000] {taskmixin.py:205} WARNING - Dependency <Task(BashOperator): delete_entry_group>, create_entry_group already registered for DAG: example_complex
[2023-10-12T20:00:48.384+0000] {logging_mixin.py:137} INFO - [2023-10-12T20:00:48.384+0000] {taskmixin.py:205} WARNING - Dependency <Task(BashOperator): create_entry_gcs>, delete_entry already registered for DAG: example_complex
[2023-10-12T20:00:48.385+0000] {logging_mixin.py:137} INFO - [2023-10-12T20:00:48.385+0000] {taskmixin.py:205} WARNING - Dependency <Task(BashOperator): delete_entry>, create_entry_gcs already registered for DAG: example_complex
[2023-10-12T20:00:48.385+0000] {logging_mixin.py:137} INFO - [2023-10-12T20:00:48.385+0000] {taskmixin.py:205} WARNING - Dependency <Task(BashOperator): create_tag>, delete_tag already registered for DAG: example_complex
[2023-10-12T20:00:48.386+0000] {logging_mixin.py:137} INFO - [2023-10-12T20:00:48.386+0000] {taskmixin.py:205} WARNING - Dependency <Task(BashOperator): delete_tag>, create_tag already registered for DAG: example_complex
[2023-10-12T20:00:48.394+0000] {processor.py:753} INFO - DAG(s) dict_keys(['example_complex']) retrieved from /home/airflow/.local/lib/python3.7/site-packages/airflow/example_dags/example_complex.py
[2023-10-12T20:00:48.440+0000] {logging_mixin.py:137} INFO - [2023-10-12T20:00:48.440+0000] {dag.py:2690} INFO - Sync 1 DAGs
[2023-10-12T20:00:48.468+0000] {logging_mixin.py:137} INFO - [2023-10-12T20:00:48.468+0000] {dag.py:3441} INFO - Setting next_dagrun for example_complex to None, run_after=None
[2023-10-12T20:00:48.502+0000] {processor.py:175} INFO - Processing /home/airflow/.local/lib/python3.7/site-packages/airflow/example_dags/example_complex.py took 0.135 seconds
[2023-10-12T21:16:08.764+0000] {processor.py:153} INFO - Started process (PID=1952) to work on /home/airflow/.local/lib/python3.7/site-packages/airflow/example_dags/example_complex.py
[2023-10-12T21:16:08.765+0000] {processor.py:743} INFO - Processing file /home/airflow/.local/lib/python3.7/site-packages/airflow/example_dags/example_complex.py for tasks to queue
[2023-10-12T21:16:08.767+0000] {logging_mixin.py:137} INFO - [2023-10-12T21:16:08.767+0000] {dagbag.py:538} INFO - Filling up the DagBag from /home/airflow/.local/lib/python3.7/site-packages/airflow/example_dags/example_complex.py
[2023-10-12T21:16:08.782+0000] {logging_mixin.py:137} INFO - [2023-10-12T21:16:08.782+0000] {taskmixin.py:205} WARNING - Dependency <Task(BashOperator): create_entry_group>, delete_entry_group already registered for DAG: example_complex
[2023-10-12T21:16:08.784+0000] {logging_mixin.py:137} INFO - [2023-10-12T21:16:08.784+0000] {taskmixin.py:205} WARNING - Dependency <Task(BashOperator): delete_entry_group>, create_entry_group already registered for DAG: example_complex
[2023-10-12T21:16:08.786+0000] {logging_mixin.py:137} INFO - [2023-10-12T21:16:08.786+0000] {taskmixin.py:205} WARNING - Dependency <Task(BashOperator): create_entry_gcs>, delete_entry already registered for DAG: example_complex
[2023-10-12T21:16:08.786+0000] {logging_mixin.py:137} INFO - [2023-10-12T21:16:08.786+0000] {taskmixin.py:205} WARNING - Dependency <Task(BashOperator): delete_entry>, create_entry_gcs already registered for DAG: example_complex
[2023-10-12T21:16:08.788+0000] {logging_mixin.py:137} INFO - [2023-10-12T21:16:08.788+0000] {taskmixin.py:205} WARNING - Dependency <Task(BashOperator): create_tag>, delete_tag already registered for DAG: example_complex
[2023-10-12T21:16:08.789+0000] {logging_mixin.py:137} INFO - [2023-10-12T21:16:08.789+0000] {taskmixin.py:205} WARNING - Dependency <Task(BashOperator): delete_tag>, create_tag already registered for DAG: example_complex
[2023-10-12T21:16:08.796+0000] {processor.py:753} INFO - DAG(s) dict_keys(['example_complex']) retrieved from /home/airflow/.local/lib/python3.7/site-packages/airflow/example_dags/example_complex.py
[2023-10-12T21:16:08.838+0000] {logging_mixin.py:137} INFO - [2023-10-12T21:16:08.838+0000] {dag.py:2690} INFO - Sync 1 DAGs
[2023-10-12T21:16:08.873+0000] {logging_mixin.py:137} INFO - [2023-10-12T21:16:08.873+0000] {dag.py:3441} INFO - Setting next_dagrun for example_complex to None, run_after=None
[2023-10-12T21:16:08.907+0000] {processor.py:175} INFO - Processing /home/airflow/.local/lib/python3.7/site-packages/airflow/example_dags/example_complex.py took 0.146 seconds
[2023-10-12T22:41:18.319+0000] {processor.py:153} INFO - Started process (PID=2027) to work on /home/airflow/.local/lib/python3.7/site-packages/airflow/example_dags/example_complex.py
[2023-10-12T22:41:18.323+0000] {processor.py:743} INFO - Processing file /home/airflow/.local/lib/python3.7/site-packages/airflow/example_dags/example_complex.py for tasks to queue
[2023-10-12T22:41:18.326+0000] {logging_mixin.py:137} INFO - [2023-10-12T22:41:18.326+0000] {dagbag.py:538} INFO - Filling up the DagBag from /home/airflow/.local/lib/python3.7/site-packages/airflow/example_dags/example_complex.py
[2023-10-12T22:41:18.341+0000] {logging_mixin.py:137} INFO - [2023-10-12T22:41:18.341+0000] {taskmixin.py:205} WARNING - Dependency <Task(BashOperator): create_entry_group>, delete_entry_group already registered for DAG: example_complex
[2023-10-12T22:41:18.343+0000] {logging_mixin.py:137} INFO - [2023-10-12T22:41:18.343+0000] {taskmixin.py:205} WARNING - Dependency <Task(BashOperator): delete_entry_group>, create_entry_group already registered for DAG: example_complex
[2023-10-12T22:41:18.344+0000] {logging_mixin.py:137} INFO - [2023-10-12T22:41:18.344+0000] {taskmixin.py:205} WARNING - Dependency <Task(BashOperator): create_entry_gcs>, delete_entry already registered for DAG: example_complex
[2023-10-12T22:41:18.345+0000] {logging_mixin.py:137} INFO - [2023-10-12T22:41:18.345+0000] {taskmixin.py:205} WARNING - Dependency <Task(BashOperator): delete_entry>, create_entry_gcs already registered for DAG: example_complex
[2023-10-12T22:41:18.346+0000] {logging_mixin.py:137} INFO - [2023-10-12T22:41:18.346+0000] {taskmixin.py:205} WARNING - Dependency <Task(BashOperator): create_tag>, delete_tag already registered for DAG: example_complex
[2023-10-12T22:41:18.347+0000] {logging_mixin.py:137} INFO - [2023-10-12T22:41:18.347+0000] {taskmixin.py:205} WARNING - Dependency <Task(BashOperator): delete_tag>, create_tag already registered for DAG: example_complex
[2023-10-12T22:41:18.357+0000] {processor.py:753} INFO - DAG(s) dict_keys(['example_complex']) retrieved from /home/airflow/.local/lib/python3.7/site-packages/airflow/example_dags/example_complex.py
[2023-10-12T22:41:18.417+0000] {logging_mixin.py:137} INFO - [2023-10-12T22:41:18.416+0000] {dag.py:2690} INFO - Sync 1 DAGs
[2023-10-12T22:41:18.447+0000] {logging_mixin.py:137} INFO - [2023-10-12T22:41:18.447+0000] {dag.py:3441} INFO - Setting next_dagrun for example_complex to None, run_after=None
[2023-10-12T22:41:18.471+0000] {processor.py:175} INFO - Processing /home/airflow/.local/lib/python3.7/site-packages/airflow/example_dags/example_complex.py took 0.155 seconds
