[2023-11-26T00:33:11.043+0000] {taskinstance.py:1083} INFO - Dependencies all met for <TaskInstance: parallel_dag.extract_a scheduled__2023-11-25T00:00:00+00:00 [queued]>
[2023-11-26T00:33:11.048+0000] {taskinstance.py:1083} INFO - Dependencies all met for <TaskInstance: parallel_dag.extract_a scheduled__2023-11-25T00:00:00+00:00 [queued]>
[2023-11-26T00:33:11.049+0000] {taskinstance.py:1279} INFO - 
--------------------------------------------------------------------------------
[2023-11-26T00:33:11.049+0000] {taskinstance.py:1280} INFO - Starting attempt 1 of 1
[2023-11-26T00:33:11.049+0000] {taskinstance.py:1281} INFO - 
--------------------------------------------------------------------------------
[2023-11-26T00:33:11.056+0000] {taskinstance.py:1300} INFO - Executing <Task(BashOperator): extract_a> on 2023-11-25 00:00:00+00:00
[2023-11-26T00:33:11.061+0000] {standard_task_runner.py:55} INFO - Started process 35486 to run task
[2023-11-26T00:33:11.064+0000] {standard_task_runner.py:82} INFO - Running: ['***', 'tasks', 'run', 'parallel_dag', 'extract_a', 'scheduled__2023-11-25T00:00:00+00:00', '--job-id', '148', '--raw', '--subdir', 'DAGS_FOLDER/parallel_dag.py', '--cfg-path', '/tmp/tmpvau7t4cv']
[2023-11-26T00:33:11.064+0000] {standard_task_runner.py:83} INFO - Job 148: Subtask extract_a
[2023-11-26T00:33:11.106+0000] {task_command.py:388} INFO - Running <TaskInstance: parallel_dag.extract_a scheduled__2023-11-25T00:00:00+00:00 [running]> on host a63561e76058
[2023-11-26T00:33:11.145+0000] {taskinstance.py:1509} INFO - Exporting the following env vars:
AIRFLOW_CTX_DAG_OWNER=***
AIRFLOW_CTX_DAG_ID=parallel_dag
AIRFLOW_CTX_TASK_ID=extract_a
AIRFLOW_CTX_EXECUTION_DATE=2023-11-25T00:00:00+00:00
AIRFLOW_CTX_TRY_NUMBER=1
AIRFLOW_CTX_DAG_RUN_ID=scheduled__2023-11-25T00:00:00+00:00
[2023-11-26T00:33:11.147+0000] {subprocess.py:63} INFO - Tmp dir root location: 
 /tmp
[2023-11-26T00:33:11.148+0000] {subprocess.py:75} INFO - Running command: ['/bin/bash', '-c', 'sleep 10']
[2023-11-26T00:33:11.166+0000] {subprocess.py:86} INFO - Output:
[2023-11-26T00:33:21.181+0000] {subprocess.py:97} INFO - Command exited with return code 0
[2023-11-26T00:33:21.215+0000] {taskinstance.py:1323} INFO - Marking task as SUCCESS. dag_id=parallel_dag, task_id=extract_a, execution_date=20231125T000000, start_date=20231126T003311, end_date=20231126T003321
[2023-11-26T00:33:21.270+0000] {local_task_job.py:208} INFO - Task exited with return code 0
[2023-11-26T00:33:21.293+0000] {taskinstance.py:2578} INFO - 1 downstream tasks scheduled from follow-on schedule check
