[2023-12-04T01:17:09.340+0000] {taskinstance.py:1083} INFO - Dependencies all met for <TaskInstance: parallel_dag.extract_a scheduled__2023-12-03T00:00:00+00:00 [queued]>
[2023-12-04T01:17:09.356+0000] {taskinstance.py:1083} INFO - Dependencies all met for <TaskInstance: parallel_dag.extract_a scheduled__2023-12-03T00:00:00+00:00 [queued]>
[2023-12-04T01:17:09.357+0000] {taskinstance.py:1279} INFO - 
--------------------------------------------------------------------------------
[2023-12-04T01:17:09.357+0000] {taskinstance.py:1280} INFO - Starting attempt 1 of 1
[2023-12-04T01:17:09.359+0000] {taskinstance.py:1281} INFO - 
--------------------------------------------------------------------------------
[2023-12-04T01:17:09.375+0000] {taskinstance.py:1300} INFO - Executing <Task(BashOperator): extract_a> on 2023-12-03 00:00:00+00:00
[2023-12-04T01:17:09.383+0000] {standard_task_runner.py:55} INFO - Started process 13085 to run task
[2023-12-04T01:17:09.387+0000] {standard_task_runner.py:82} INFO - Running: ['***', 'tasks', 'run', 'parallel_dag', 'extract_a', 'scheduled__2023-12-03T00:00:00+00:00', '--job-id', '213', '--raw', '--subdir', 'DAGS_FOLDER/parallel_dag.py', '--cfg-path', '/tmp/tmp_za3768q']
[2023-12-04T01:17:09.388+0000] {standard_task_runner.py:83} INFO - Job 213: Subtask extract_a
[2023-12-04T01:17:09.460+0000] {task_command.py:388} INFO - Running <TaskInstance: parallel_dag.extract_a scheduled__2023-12-03T00:00:00+00:00 [running]> on host a63561e76058
[2023-12-04T01:17:09.518+0000] {taskinstance.py:1509} INFO - Exporting the following env vars:
AIRFLOW_CTX_DAG_OWNER=***
AIRFLOW_CTX_DAG_ID=parallel_dag
AIRFLOW_CTX_TASK_ID=extract_a
AIRFLOW_CTX_EXECUTION_DATE=2023-12-03T00:00:00+00:00
AIRFLOW_CTX_TRY_NUMBER=1
AIRFLOW_CTX_DAG_RUN_ID=scheduled__2023-12-03T00:00:00+00:00
[2023-12-04T01:17:09.520+0000] {subprocess.py:63} INFO - Tmp dir root location: 
 /tmp
[2023-12-04T01:17:09.522+0000] {subprocess.py:75} INFO - Running command: ['/bin/bash', '-c', 'sleep 10']
[2023-12-04T01:17:09.535+0000] {subprocess.py:86} INFO - Output:
[2023-12-04T01:17:19.539+0000] {subprocess.py:97} INFO - Command exited with return code 0
[2023-12-04T01:17:19.554+0000] {taskinstance.py:1323} INFO - Marking task as SUCCESS. dag_id=parallel_dag, task_id=extract_a, execution_date=20231203T000000, start_date=20231204T011709, end_date=20231204T011719
[2023-12-04T01:17:19.598+0000] {local_task_job.py:208} INFO - Task exited with return code 0
[2023-12-04T01:17:19.612+0000] {taskinstance.py:2578} INFO - 1 downstream tasks scheduled from follow-on schedule check
