[2023-10-21T00:33:49.985+0000] {processor.py:153} INFO - Started process (PID=8025) to work on /home/airflow/.local/lib/python3.7/site-packages/airflow/example_dags/example_external_task_marker_dag.py
[2023-10-21T00:33:49.986+0000] {processor.py:743} INFO - Processing file /home/airflow/.local/lib/python3.7/site-packages/airflow/example_dags/example_external_task_marker_dag.py for tasks to queue
[2023-10-21T00:33:49.987+0000] {logging_mixin.py:137} INFO - [2023-10-21T00:33:49.986+0000] {dagbag.py:538} INFO - Filling up the DagBag from /home/airflow/.local/lib/python3.7/site-packages/airflow/example_dags/example_external_task_marker_dag.py
[2023-10-21T00:33:49.998+0000] {processor.py:753} INFO - DAG(s) dict_keys(['example_external_task_marker_child', 'example_external_task_marker_parent']) retrieved from /home/airflow/.local/lib/python3.7/site-packages/airflow/example_dags/example_external_task_marker_dag.py
[2023-10-21T00:33:50.014+0000] {logging_mixin.py:137} INFO - [2023-10-21T00:33:50.014+0000] {dag.py:2690} INFO - Sync 2 DAGs
[2023-10-21T00:33:50.029+0000] {logging_mixin.py:137} INFO - [2023-10-21T00:33:50.029+0000] {dag.py:3441} INFO - Setting next_dagrun for example_external_task_marker_child to None, run_after=None
[2023-10-21T00:33:50.031+0000] {logging_mixin.py:137} INFO - [2023-10-21T00:33:50.030+0000] {dag.py:3441} INFO - Setting next_dagrun for example_external_task_marker_parent to None, run_after=None
[2023-10-21T00:33:50.041+0000] {processor.py:175} INFO - Processing /home/airflow/.local/lib/python3.7/site-packages/airflow/example_dags/example_external_task_marker_dag.py took 0.060 seconds
[2023-10-21T01:57:49.219+0000] {processor.py:153} INFO - Started process (PID=8119) to work on /home/airflow/.local/lib/python3.7/site-packages/airflow/example_dags/example_external_task_marker_dag.py
[2023-10-21T01:57:49.220+0000] {processor.py:743} INFO - Processing file /home/airflow/.local/lib/python3.7/site-packages/airflow/example_dags/example_external_task_marker_dag.py for tasks to queue
[2023-10-21T01:57:49.221+0000] {logging_mixin.py:137} INFO - [2023-10-21T01:57:49.221+0000] {dagbag.py:538} INFO - Filling up the DagBag from /home/airflow/.local/lib/python3.7/site-packages/airflow/example_dags/example_external_task_marker_dag.py
[2023-10-21T01:57:49.231+0000] {processor.py:753} INFO - DAG(s) dict_keys(['example_external_task_marker_parent', 'example_external_task_marker_child']) retrieved from /home/airflow/.local/lib/python3.7/site-packages/airflow/example_dags/example_external_task_marker_dag.py
[2023-10-21T01:57:49.253+0000] {logging_mixin.py:137} INFO - [2023-10-21T01:57:49.253+0000] {dag.py:2690} INFO - Sync 2 DAGs
[2023-10-21T01:57:49.273+0000] {logging_mixin.py:137} INFO - [2023-10-21T01:57:49.273+0000] {dag.py:3441} INFO - Setting next_dagrun for example_external_task_marker_child to None, run_after=None
[2023-10-21T01:57:49.276+0000] {logging_mixin.py:137} INFO - [2023-10-21T01:57:49.276+0000] {dag.py:3441} INFO - Setting next_dagrun for example_external_task_marker_parent to None, run_after=None
[2023-10-21T01:57:49.290+0000] {processor.py:175} INFO - Processing /home/airflow/.local/lib/python3.7/site-packages/airflow/example_dags/example_external_task_marker_dag.py took 0.074 seconds
[2023-10-21T03:07:29.558+0000] {processor.py:153} INFO - Started process (PID=8213) to work on /home/airflow/.local/lib/python3.7/site-packages/airflow/example_dags/example_external_task_marker_dag.py
[2023-10-21T03:07:29.559+0000] {processor.py:743} INFO - Processing file /home/airflow/.local/lib/python3.7/site-packages/airflow/example_dags/example_external_task_marker_dag.py for tasks to queue
[2023-10-21T03:07:29.559+0000] {logging_mixin.py:137} INFO - [2023-10-21T03:07:29.559+0000] {dagbag.py:538} INFO - Filling up the DagBag from /home/airflow/.local/lib/python3.7/site-packages/airflow/example_dags/example_external_task_marker_dag.py
[2023-10-21T03:07:29.570+0000] {processor.py:753} INFO - DAG(s) dict_keys(['example_external_task_marker_parent', 'example_external_task_marker_child']) retrieved from /home/airflow/.local/lib/python3.7/site-packages/airflow/example_dags/example_external_task_marker_dag.py
[2023-10-21T03:07:29.592+0000] {logging_mixin.py:137} INFO - [2023-10-21T03:07:29.592+0000] {dag.py:2690} INFO - Sync 2 DAGs
[2023-10-21T03:07:29.610+0000] {logging_mixin.py:137} INFO - [2023-10-21T03:07:29.610+0000] {dag.py:3441} INFO - Setting next_dagrun for example_external_task_marker_child to None, run_after=None
[2023-10-21T03:07:29.612+0000] {logging_mixin.py:137} INFO - [2023-10-21T03:07:29.612+0000] {dag.py:3441} INFO - Setting next_dagrun for example_external_task_marker_parent to None, run_after=None
[2023-10-21T03:07:29.622+0000] {processor.py:175} INFO - Processing /home/airflow/.local/lib/python3.7/site-packages/airflow/example_dags/example_external_task_marker_dag.py took 0.068 seconds
[2023-10-21T04:30:12.348+0000] {processor.py:153} INFO - Started process (PID=8289) to work on /home/airflow/.local/lib/python3.7/site-packages/airflow/example_dags/example_external_task_marker_dag.py
[2023-10-21T04:30:12.348+0000] {processor.py:743} INFO - Processing file /home/airflow/.local/lib/python3.7/site-packages/airflow/example_dags/example_external_task_marker_dag.py for tasks to queue
[2023-10-21T04:30:12.349+0000] {logging_mixin.py:137} INFO - [2023-10-21T04:30:12.349+0000] {dagbag.py:538} INFO - Filling up the DagBag from /home/airflow/.local/lib/python3.7/site-packages/airflow/example_dags/example_external_task_marker_dag.py
[2023-10-21T04:30:12.356+0000] {processor.py:753} INFO - DAG(s) dict_keys(['example_external_task_marker_child', 'example_external_task_marker_parent']) retrieved from /home/airflow/.local/lib/python3.7/site-packages/airflow/example_dags/example_external_task_marker_dag.py
[2023-10-21T04:30:12.370+0000] {logging_mixin.py:137} INFO - [2023-10-21T04:30:12.370+0000] {dag.py:2690} INFO - Sync 2 DAGs
[2023-10-21T04:30:12.382+0000] {logging_mixin.py:137} INFO - [2023-10-21T04:30:12.382+0000] {dag.py:3441} INFO - Setting next_dagrun for example_external_task_marker_child to None, run_after=None
[2023-10-21T04:30:12.383+0000] {logging_mixin.py:137} INFO - [2023-10-21T04:30:12.383+0000] {dag.py:3441} INFO - Setting next_dagrun for example_external_task_marker_parent to None, run_after=None
[2023-10-21T04:30:12.390+0000] {processor.py:175} INFO - Processing /home/airflow/.local/lib/python3.7/site-packages/airflow/example_dags/example_external_task_marker_dag.py took 0.045 seconds
[2023-10-21T05:52:28.525+0000] {processor.py:153} INFO - Started process (PID=8383) to work on /home/airflow/.local/lib/python3.7/site-packages/airflow/example_dags/example_external_task_marker_dag.py
[2023-10-21T05:52:28.525+0000] {processor.py:743} INFO - Processing file /home/airflow/.local/lib/python3.7/site-packages/airflow/example_dags/example_external_task_marker_dag.py for tasks to queue
[2023-10-21T05:52:28.526+0000] {logging_mixin.py:137} INFO - [2023-10-21T05:52:28.526+0000] {dagbag.py:538} INFO - Filling up the DagBag from /home/airflow/.local/lib/python3.7/site-packages/airflow/example_dags/example_external_task_marker_dag.py
[2023-10-21T05:52:28.535+0000] {processor.py:753} INFO - DAG(s) dict_keys(['example_external_task_marker_parent', 'example_external_task_marker_child']) retrieved from /home/airflow/.local/lib/python3.7/site-packages/airflow/example_dags/example_external_task_marker_dag.py
[2023-10-21T05:52:28.552+0000] {logging_mixin.py:137} INFO - [2023-10-21T05:52:28.552+0000] {dag.py:2690} INFO - Sync 2 DAGs
[2023-10-21T05:52:28.564+0000] {logging_mixin.py:137} INFO - [2023-10-21T05:52:28.564+0000] {dag.py:3441} INFO - Setting next_dagrun for example_external_task_marker_child to None, run_after=None
[2023-10-21T05:52:28.566+0000] {logging_mixin.py:137} INFO - [2023-10-21T05:52:28.566+0000] {dag.py:3441} INFO - Setting next_dagrun for example_external_task_marker_parent to None, run_after=None
[2023-10-21T05:52:28.573+0000] {processor.py:175} INFO - Processing /home/airflow/.local/lib/python3.7/site-packages/airflow/example_dags/example_external_task_marker_dag.py took 0.051 seconds
[2023-10-21T06:43:19.245+0000] {processor.py:153} INFO - Started process (PID=8477) to work on /home/airflow/.local/lib/python3.7/site-packages/airflow/example_dags/example_external_task_marker_dag.py
[2023-10-21T06:43:19.246+0000] {processor.py:743} INFO - Processing file /home/airflow/.local/lib/python3.7/site-packages/airflow/example_dags/example_external_task_marker_dag.py for tasks to queue
[2023-10-21T06:43:19.247+0000] {logging_mixin.py:137} INFO - [2023-10-21T06:43:19.247+0000] {dagbag.py:538} INFO - Filling up the DagBag from /home/airflow/.local/lib/python3.7/site-packages/airflow/example_dags/example_external_task_marker_dag.py
[2023-10-21T06:43:19.267+0000] {processor.py:753} INFO - DAG(s) dict_keys(['example_external_task_marker_parent', 'example_external_task_marker_child']) retrieved from /home/airflow/.local/lib/python3.7/site-packages/airflow/example_dags/example_external_task_marker_dag.py
[2023-10-21T06:43:19.336+0000] {logging_mixin.py:137} INFO - [2023-10-21T06:43:19.335+0000] {dag.py:2690} INFO - Sync 2 DAGs
[2023-10-21T06:43:19.371+0000] {logging_mixin.py:137} INFO - [2023-10-21T06:43:19.371+0000] {dag.py:3441} INFO - Setting next_dagrun for example_external_task_marker_child to None, run_after=None
[2023-10-21T06:43:19.375+0000] {logging_mixin.py:137} INFO - [2023-10-21T06:43:19.375+0000] {dag.py:3441} INFO - Setting next_dagrun for example_external_task_marker_parent to None, run_after=None
[2023-10-21T06:43:19.415+0000] {processor.py:175} INFO - Processing /home/airflow/.local/lib/python3.7/site-packages/airflow/example_dags/example_external_task_marker_dag.py took 0.175 seconds
[2023-10-21T08:03:47.338+0000] {processor.py:153} INFO - Started process (PID=8553) to work on /home/airflow/.local/lib/python3.7/site-packages/airflow/example_dags/example_external_task_marker_dag.py
[2023-10-21T08:03:47.339+0000] {processor.py:743} INFO - Processing file /home/airflow/.local/lib/python3.7/site-packages/airflow/example_dags/example_external_task_marker_dag.py for tasks to queue
[2023-10-21T08:03:47.339+0000] {logging_mixin.py:137} INFO - [2023-10-21T08:03:47.339+0000] {dagbag.py:538} INFO - Filling up the DagBag from /home/airflow/.local/lib/python3.7/site-packages/airflow/example_dags/example_external_task_marker_dag.py
[2023-10-21T08:03:47.351+0000] {processor.py:753} INFO - DAG(s) dict_keys(['example_external_task_marker_child', 'example_external_task_marker_parent']) retrieved from /home/airflow/.local/lib/python3.7/site-packages/airflow/example_dags/example_external_task_marker_dag.py
[2023-10-21T08:03:47.373+0000] {logging_mixin.py:137} INFO - [2023-10-21T08:03:47.373+0000] {dag.py:2690} INFO - Sync 2 DAGs
[2023-10-21T08:03:47.389+0000] {logging_mixin.py:137} INFO - [2023-10-21T08:03:47.389+0000] {dag.py:3441} INFO - Setting next_dagrun for example_external_task_marker_child to None, run_after=None
[2023-10-21T08:03:47.391+0000] {logging_mixin.py:137} INFO - [2023-10-21T08:03:47.391+0000] {dag.py:3441} INFO - Setting next_dagrun for example_external_task_marker_parent to None, run_after=None
[2023-10-21T08:03:47.402+0000] {processor.py:175} INFO - Processing /home/airflow/.local/lib/python3.7/site-packages/airflow/example_dags/example_external_task_marker_dag.py took 0.068 seconds
[2023-10-21T09:26:21.426+0000] {processor.py:153} INFO - Started process (PID=8647) to work on /home/airflow/.local/lib/python3.7/site-packages/airflow/example_dags/example_external_task_marker_dag.py
[2023-10-21T09:26:21.427+0000] {processor.py:743} INFO - Processing file /home/airflow/.local/lib/python3.7/site-packages/airflow/example_dags/example_external_task_marker_dag.py for tasks to queue
[2023-10-21T09:26:21.427+0000] {logging_mixin.py:137} INFO - [2023-10-21T09:26:21.427+0000] {dagbag.py:538} INFO - Filling up the DagBag from /home/airflow/.local/lib/python3.7/site-packages/airflow/example_dags/example_external_task_marker_dag.py
[2023-10-21T09:26:21.435+0000] {processor.py:753} INFO - DAG(s) dict_keys(['example_external_task_marker_child', 'example_external_task_marker_parent']) retrieved from /home/airflow/.local/lib/python3.7/site-packages/airflow/example_dags/example_external_task_marker_dag.py
[2023-10-21T09:26:21.450+0000] {logging_mixin.py:137} INFO - [2023-10-21T09:26:21.450+0000] {dag.py:2690} INFO - Sync 2 DAGs
[2023-10-21T09:26:21.463+0000] {logging_mixin.py:137} INFO - [2023-10-21T09:26:21.462+0000] {dag.py:3441} INFO - Setting next_dagrun for example_external_task_marker_child to None, run_after=None
[2023-10-21T09:26:21.464+0000] {logging_mixin.py:137} INFO - [2023-10-21T09:26:21.464+0000] {dag.py:3441} INFO - Setting next_dagrun for example_external_task_marker_parent to None, run_after=None
[2023-10-21T09:26:21.472+0000] {processor.py:175} INFO - Processing /home/airflow/.local/lib/python3.7/site-packages/airflow/example_dags/example_external_task_marker_dag.py took 0.049 seconds
[2023-10-21T10:17:26.202+0000] {processor.py:153} INFO - Started process (PID=8732) to work on /home/airflow/.local/lib/python3.7/site-packages/airflow/example_dags/example_external_task_marker_dag.py
[2023-10-21T10:17:26.203+0000] {processor.py:743} INFO - Processing file /home/airflow/.local/lib/python3.7/site-packages/airflow/example_dags/example_external_task_marker_dag.py for tasks to queue
[2023-10-21T10:17:26.203+0000] {logging_mixin.py:137} INFO - [2023-10-21T10:17:26.203+0000] {dagbag.py:538} INFO - Filling up the DagBag from /home/airflow/.local/lib/python3.7/site-packages/airflow/example_dags/example_external_task_marker_dag.py
[2023-10-21T10:17:26.211+0000] {processor.py:753} INFO - DAG(s) dict_keys(['example_external_task_marker_child', 'example_external_task_marker_parent']) retrieved from /home/airflow/.local/lib/python3.7/site-packages/airflow/example_dags/example_external_task_marker_dag.py
[2023-10-21T10:17:26.226+0000] {logging_mixin.py:137} INFO - [2023-10-21T10:17:26.226+0000] {dag.py:2690} INFO - Sync 2 DAGs
[2023-10-21T10:17:26.239+0000] {logging_mixin.py:137} INFO - [2023-10-21T10:17:26.238+0000] {dag.py:3441} INFO - Setting next_dagrun for example_external_task_marker_child to None, run_after=None
[2023-10-21T10:17:26.240+0000] {logging_mixin.py:137} INFO - [2023-10-21T10:17:26.240+0000] {dag.py:3441} INFO - Setting next_dagrun for example_external_task_marker_parent to None, run_after=None
[2023-10-21T10:17:26.248+0000] {processor.py:175} INFO - Processing /home/airflow/.local/lib/python3.7/site-packages/airflow/example_dags/example_external_task_marker_dag.py took 0.048 seconds
[2023-10-21T11:38:51.011+0000] {processor.py:153} INFO - Started process (PID=8817) to work on /home/airflow/.local/lib/python3.7/site-packages/airflow/example_dags/example_external_task_marker_dag.py
[2023-10-21T11:38:51.011+0000] {processor.py:743} INFO - Processing file /home/airflow/.local/lib/python3.7/site-packages/airflow/example_dags/example_external_task_marker_dag.py for tasks to queue
[2023-10-21T11:38:51.012+0000] {logging_mixin.py:137} INFO - [2023-10-21T11:38:51.012+0000] {dagbag.py:538} INFO - Filling up the DagBag from /home/airflow/.local/lib/python3.7/site-packages/airflow/example_dags/example_external_task_marker_dag.py
[2023-10-21T11:38:51.021+0000] {processor.py:753} INFO - DAG(s) dict_keys(['example_external_task_marker_parent', 'example_external_task_marker_child']) retrieved from /home/airflow/.local/lib/python3.7/site-packages/airflow/example_dags/example_external_task_marker_dag.py
[2023-10-21T11:38:51.036+0000] {logging_mixin.py:137} INFO - [2023-10-21T11:38:51.036+0000] {dag.py:2690} INFO - Sync 2 DAGs
[2023-10-21T11:38:51.048+0000] {logging_mixin.py:137} INFO - [2023-10-21T11:38:51.048+0000] {dag.py:3441} INFO - Setting next_dagrun for example_external_task_marker_child to None, run_after=None
[2023-10-21T11:38:51.050+0000] {logging_mixin.py:137} INFO - [2023-10-21T11:38:51.050+0000] {dag.py:3441} INFO - Setting next_dagrun for example_external_task_marker_parent to None, run_after=None
[2023-10-21T11:38:51.058+0000] {processor.py:175} INFO - Processing /home/airflow/.local/lib/python3.7/site-packages/airflow/example_dags/example_external_task_marker_dag.py took 0.049 seconds
[2023-10-21T13:02:23.976+0000] {processor.py:153} INFO - Started process (PID=8911) to work on /home/airflow/.local/lib/python3.7/site-packages/airflow/example_dags/example_external_task_marker_dag.py
[2023-10-21T13:02:23.977+0000] {processor.py:743} INFO - Processing file /home/airflow/.local/lib/python3.7/site-packages/airflow/example_dags/example_external_task_marker_dag.py for tasks to queue
[2023-10-21T13:02:23.977+0000] {logging_mixin.py:137} INFO - [2023-10-21T13:02:23.977+0000] {dagbag.py:538} INFO - Filling up the DagBag from /home/airflow/.local/lib/python3.7/site-packages/airflow/example_dags/example_external_task_marker_dag.py
[2023-10-21T13:02:23.985+0000] {processor.py:753} INFO - DAG(s) dict_keys(['example_external_task_marker_child', 'example_external_task_marker_parent']) retrieved from /home/airflow/.local/lib/python3.7/site-packages/airflow/example_dags/example_external_task_marker_dag.py
[2023-10-21T13:02:23.999+0000] {logging_mixin.py:137} INFO - [2023-10-21T13:02:23.999+0000] {dag.py:2690} INFO - Sync 2 DAGs
[2023-10-21T13:02:24.011+0000] {logging_mixin.py:137} INFO - [2023-10-21T13:02:24.011+0000] {dag.py:3441} INFO - Setting next_dagrun for example_external_task_marker_child to None, run_after=None
[2023-10-21T13:02:24.012+0000] {logging_mixin.py:137} INFO - [2023-10-21T13:02:24.012+0000] {dag.py:3441} INFO - Setting next_dagrun for example_external_task_marker_parent to None, run_after=None
[2023-10-21T13:02:24.020+0000] {processor.py:175} INFO - Processing /home/airflow/.local/lib/python3.7/site-packages/airflow/example_dags/example_external_task_marker_dag.py took 0.046 seconds
[2023-10-21T14:24:45.181+0000] {processor.py:153} INFO - Started process (PID=8987) to work on /home/airflow/.local/lib/python3.7/site-packages/airflow/example_dags/example_external_task_marker_dag.py
[2023-10-21T14:24:45.182+0000] {processor.py:743} INFO - Processing file /home/airflow/.local/lib/python3.7/site-packages/airflow/example_dags/example_external_task_marker_dag.py for tasks to queue
[2023-10-21T14:24:45.182+0000] {logging_mixin.py:137} INFO - [2023-10-21T14:24:45.182+0000] {dagbag.py:538} INFO - Filling up the DagBag from /home/airflow/.local/lib/python3.7/site-packages/airflow/example_dags/example_external_task_marker_dag.py
[2023-10-21T14:24:45.190+0000] {processor.py:753} INFO - DAG(s) dict_keys(['example_external_task_marker_child', 'example_external_task_marker_parent']) retrieved from /home/airflow/.local/lib/python3.7/site-packages/airflow/example_dags/example_external_task_marker_dag.py
[2023-10-21T14:24:45.203+0000] {logging_mixin.py:137} INFO - [2023-10-21T14:24:45.203+0000] {dag.py:2690} INFO - Sync 2 DAGs
[2023-10-21T14:24:45.215+0000] {logging_mixin.py:137} INFO - [2023-10-21T14:24:45.215+0000] {dag.py:3441} INFO - Setting next_dagrun for example_external_task_marker_child to None, run_after=None
[2023-10-21T14:24:45.216+0000] {logging_mixin.py:137} INFO - [2023-10-21T14:24:45.216+0000] {dag.py:3441} INFO - Setting next_dagrun for example_external_task_marker_parent to None, run_after=None
[2023-10-21T14:24:45.223+0000] {processor.py:175} INFO - Processing /home/airflow/.local/lib/python3.7/site-packages/airflow/example_dags/example_external_task_marker_dag.py took 0.044 seconds
[2023-10-21T15:45:45.323+0000] {processor.py:153} INFO - Started process (PID=9080) to work on /home/airflow/.local/lib/python3.7/site-packages/airflow/example_dags/example_external_task_marker_dag.py
[2023-10-21T15:45:45.327+0000] {processor.py:743} INFO - Processing file /home/airflow/.local/lib/python3.7/site-packages/airflow/example_dags/example_external_task_marker_dag.py for tasks to queue
[2023-10-21T15:45:45.328+0000] {logging_mixin.py:137} INFO - [2023-10-21T15:45:45.328+0000] {dagbag.py:538} INFO - Filling up the DagBag from /home/airflow/.local/lib/python3.7/site-packages/airflow/example_dags/example_external_task_marker_dag.py
[2023-10-21T15:45:45.350+0000] {processor.py:753} INFO - DAG(s) dict_keys(['example_external_task_marker_parent', 'example_external_task_marker_child']) retrieved from /home/airflow/.local/lib/python3.7/site-packages/airflow/example_dags/example_external_task_marker_dag.py
[2023-10-21T15:45:45.385+0000] {logging_mixin.py:137} INFO - [2023-10-21T15:45:45.384+0000] {dag.py:2690} INFO - Sync 2 DAGs
[2023-10-21T15:45:45.425+0000] {logging_mixin.py:137} INFO - [2023-10-21T15:45:45.424+0000] {dag.py:3441} INFO - Setting next_dagrun for example_external_task_marker_child to None, run_after=None
[2023-10-21T15:45:45.427+0000] {logging_mixin.py:137} INFO - [2023-10-21T15:45:45.427+0000] {dag.py:3441} INFO - Setting next_dagrun for example_external_task_marker_parent to None, run_after=None
[2023-10-21T15:45:45.442+0000] {processor.py:175} INFO - Processing /home/airflow/.local/lib/python3.7/site-packages/airflow/example_dags/example_external_task_marker_dag.py took 0.132 seconds
[2023-10-21T17:06:26.279+0000] {processor.py:153} INFO - Started process (PID=9174) to work on /home/airflow/.local/lib/python3.7/site-packages/airflow/example_dags/example_external_task_marker_dag.py
[2023-10-21T17:06:26.280+0000] {processor.py:743} INFO - Processing file /home/airflow/.local/lib/python3.7/site-packages/airflow/example_dags/example_external_task_marker_dag.py for tasks to queue
[2023-10-21T17:06:26.281+0000] {logging_mixin.py:137} INFO - [2023-10-21T17:06:26.281+0000] {dagbag.py:538} INFO - Filling up the DagBag from /home/airflow/.local/lib/python3.7/site-packages/airflow/example_dags/example_external_task_marker_dag.py
[2023-10-21T17:06:26.292+0000] {processor.py:753} INFO - DAG(s) dict_keys(['example_external_task_marker_child', 'example_external_task_marker_parent']) retrieved from /home/airflow/.local/lib/python3.7/site-packages/airflow/example_dags/example_external_task_marker_dag.py
[2023-10-21T17:06:26.313+0000] {logging_mixin.py:137} INFO - [2023-10-21T17:06:26.313+0000] {dag.py:2690} INFO - Sync 2 DAGs
[2023-10-21T17:06:26.329+0000] {logging_mixin.py:137} INFO - [2023-10-21T17:06:26.329+0000] {dag.py:3441} INFO - Setting next_dagrun for example_external_task_marker_child to None, run_after=None
[2023-10-21T17:06:26.331+0000] {logging_mixin.py:137} INFO - [2023-10-21T17:06:26.331+0000] {dag.py:3441} INFO - Setting next_dagrun for example_external_task_marker_parent to None, run_after=None
[2023-10-21T17:06:26.343+0000] {processor.py:175} INFO - Processing /home/airflow/.local/lib/python3.7/site-packages/airflow/example_dags/example_external_task_marker_dag.py took 0.067 seconds
[2023-10-21T18:20:57.545+0000] {processor.py:153} INFO - Started process (PID=9250) to work on /home/airflow/.local/lib/python3.7/site-packages/airflow/example_dags/example_external_task_marker_dag.py
[2023-10-21T18:20:57.546+0000] {processor.py:743} INFO - Processing file /home/airflow/.local/lib/python3.7/site-packages/airflow/example_dags/example_external_task_marker_dag.py for tasks to queue
[2023-10-21T18:20:57.547+0000] {logging_mixin.py:137} INFO - [2023-10-21T18:20:57.547+0000] {dagbag.py:538} INFO - Filling up the DagBag from /home/airflow/.local/lib/python3.7/site-packages/airflow/example_dags/example_external_task_marker_dag.py
[2023-10-21T18:20:57.559+0000] {processor.py:753} INFO - DAG(s) dict_keys(['example_external_task_marker_child', 'example_external_task_marker_parent']) retrieved from /home/airflow/.local/lib/python3.7/site-packages/airflow/example_dags/example_external_task_marker_dag.py
[2023-10-21T18:20:57.580+0000] {logging_mixin.py:137} INFO - [2023-10-21T18:20:57.580+0000] {dag.py:2690} INFO - Sync 2 DAGs
[2023-10-21T18:20:57.595+0000] {logging_mixin.py:137} INFO - [2023-10-21T18:20:57.595+0000] {dag.py:3441} INFO - Setting next_dagrun for example_external_task_marker_child to None, run_after=None
[2023-10-21T18:20:57.597+0000] {logging_mixin.py:137} INFO - [2023-10-21T18:20:57.597+0000] {dag.py:3441} INFO - Setting next_dagrun for example_external_task_marker_parent to None, run_after=None
[2023-10-21T18:20:57.608+0000] {processor.py:175} INFO - Processing /home/airflow/.local/lib/python3.7/site-packages/airflow/example_dags/example_external_task_marker_dag.py took 0.068 seconds
[2023-10-21T19:36:48.082+0000] {processor.py:153} INFO - Started process (PID=9344) to work on /home/airflow/.local/lib/python3.7/site-packages/airflow/example_dags/example_external_task_marker_dag.py
[2023-10-21T19:36:48.083+0000] {processor.py:743} INFO - Processing file /home/airflow/.local/lib/python3.7/site-packages/airflow/example_dags/example_external_task_marker_dag.py for tasks to queue
[2023-10-21T19:36:48.084+0000] {logging_mixin.py:137} INFO - [2023-10-21T19:36:48.084+0000] {dagbag.py:538} INFO - Filling up the DagBag from /home/airflow/.local/lib/python3.7/site-packages/airflow/example_dags/example_external_task_marker_dag.py
[2023-10-21T19:36:48.095+0000] {processor.py:753} INFO - DAG(s) dict_keys(['example_external_task_marker_parent', 'example_external_task_marker_child']) retrieved from /home/airflow/.local/lib/python3.7/site-packages/airflow/example_dags/example_external_task_marker_dag.py
[2023-10-21T19:36:48.118+0000] {logging_mixin.py:137} INFO - [2023-10-21T19:36:48.118+0000] {dag.py:2690} INFO - Sync 2 DAGs
[2023-10-21T19:36:48.137+0000] {logging_mixin.py:137} INFO - [2023-10-21T19:36:48.137+0000] {dag.py:3441} INFO - Setting next_dagrun for example_external_task_marker_child to None, run_after=None
[2023-10-21T19:36:48.139+0000] {logging_mixin.py:137} INFO - [2023-10-21T19:36:48.139+0000] {dag.py:3441} INFO - Setting next_dagrun for example_external_task_marker_parent to None, run_after=None
[2023-10-21T19:36:48.152+0000] {processor.py:175} INFO - Processing /home/airflow/.local/lib/python3.7/site-packages/airflow/example_dags/example_external_task_marker_dag.py took 0.072 seconds
[2023-10-21T21:03:02.414+0000] {processor.py:153} INFO - Started process (PID=9438) to work on /home/airflow/.local/lib/python3.7/site-packages/airflow/example_dags/example_external_task_marker_dag.py
[2023-10-21T21:03:02.415+0000] {processor.py:743} INFO - Processing file /home/airflow/.local/lib/python3.7/site-packages/airflow/example_dags/example_external_task_marker_dag.py for tasks to queue
[2023-10-21T21:03:02.415+0000] {logging_mixin.py:137} INFO - [2023-10-21T21:03:02.415+0000] {dagbag.py:538} INFO - Filling up the DagBag from /home/airflow/.local/lib/python3.7/site-packages/airflow/example_dags/example_external_task_marker_dag.py
[2023-10-21T21:03:02.438+0000] {processor.py:753} INFO - DAG(s) dict_keys(['example_external_task_marker_child', 'example_external_task_marker_parent']) retrieved from /home/airflow/.local/lib/python3.7/site-packages/airflow/example_dags/example_external_task_marker_dag.py
[2023-10-21T21:03:02.454+0000] {logging_mixin.py:137} INFO - [2023-10-21T21:03:02.454+0000] {dag.py:2690} INFO - Sync 2 DAGs
[2023-10-21T21:03:02.467+0000] {logging_mixin.py:137} INFO - [2023-10-21T21:03:02.466+0000] {dag.py:3441} INFO - Setting next_dagrun for example_external_task_marker_child to None, run_after=None
[2023-10-21T21:03:02.468+0000] {logging_mixin.py:137} INFO - [2023-10-21T21:03:02.468+0000] {dag.py:3441} INFO - Setting next_dagrun for example_external_task_marker_parent to None, run_after=None
[2023-10-21T21:03:02.477+0000] {processor.py:175} INFO - Processing /home/airflow/.local/lib/python3.7/site-packages/airflow/example_dags/example_external_task_marker_dag.py took 0.065 seconds
[2023-10-21T22:27:15.375+0000] {processor.py:153} INFO - Started process (PID=9514) to work on /home/airflow/.local/lib/python3.7/site-packages/airflow/example_dags/example_external_task_marker_dag.py
[2023-10-21T22:27:15.376+0000] {processor.py:743} INFO - Processing file /home/airflow/.local/lib/python3.7/site-packages/airflow/example_dags/example_external_task_marker_dag.py for tasks to queue
[2023-10-21T22:27:15.377+0000] {logging_mixin.py:137} INFO - [2023-10-21T22:27:15.377+0000] {dagbag.py:538} INFO - Filling up the DagBag from /home/airflow/.local/lib/python3.7/site-packages/airflow/example_dags/example_external_task_marker_dag.py
[2023-10-21T22:27:15.387+0000] {processor.py:753} INFO - DAG(s) dict_keys(['example_external_task_marker_child', 'example_external_task_marker_parent']) retrieved from /home/airflow/.local/lib/python3.7/site-packages/airflow/example_dags/example_external_task_marker_dag.py
[2023-10-21T22:27:15.407+0000] {logging_mixin.py:137} INFO - [2023-10-21T22:27:15.407+0000] {dag.py:2690} INFO - Sync 2 DAGs
[2023-10-21T22:27:15.426+0000] {logging_mixin.py:137} INFO - [2023-10-21T22:27:15.426+0000] {dag.py:3441} INFO - Setting next_dagrun for example_external_task_marker_child to None, run_after=None
[2023-10-21T22:27:15.431+0000] {logging_mixin.py:137} INFO - [2023-10-21T22:27:15.431+0000] {dag.py:3441} INFO - Setting next_dagrun for example_external_task_marker_parent to None, run_after=None
[2023-10-21T22:27:15.445+0000] {processor.py:175} INFO - Processing /home/airflow/.local/lib/python3.7/site-packages/airflow/example_dags/example_external_task_marker_dag.py took 0.073 seconds
[2023-10-21T23:50:29.408+0000] {processor.py:153} INFO - Started process (PID=9608) to work on /home/airflow/.local/lib/python3.7/site-packages/airflow/example_dags/example_external_task_marker_dag.py
[2023-10-21T23:50:29.409+0000] {processor.py:743} INFO - Processing file /home/airflow/.local/lib/python3.7/site-packages/airflow/example_dags/example_external_task_marker_dag.py for tasks to queue
[2023-10-21T23:50:29.409+0000] {logging_mixin.py:137} INFO - [2023-10-21T23:50:29.409+0000] {dagbag.py:538} INFO - Filling up the DagBag from /home/airflow/.local/lib/python3.7/site-packages/airflow/example_dags/example_external_task_marker_dag.py
[2023-10-21T23:50:29.417+0000] {processor.py:753} INFO - DAG(s) dict_keys(['example_external_task_marker_child', 'example_external_task_marker_parent']) retrieved from /home/airflow/.local/lib/python3.7/site-packages/airflow/example_dags/example_external_task_marker_dag.py
[2023-10-21T23:50:29.432+0000] {logging_mixin.py:137} INFO - [2023-10-21T23:50:29.432+0000] {dag.py:2690} INFO - Sync 2 DAGs
[2023-10-21T23:50:29.444+0000] {logging_mixin.py:137} INFO - [2023-10-21T23:50:29.444+0000] {dag.py:3441} INFO - Setting next_dagrun for example_external_task_marker_child to None, run_after=None
[2023-10-21T23:50:29.446+0000] {logging_mixin.py:137} INFO - [2023-10-21T23:50:29.446+0000] {dag.py:3441} INFO - Setting next_dagrun for example_external_task_marker_parent to None, run_after=None
[2023-10-21T23:50:29.453+0000] {processor.py:175} INFO - Processing /home/airflow/.local/lib/python3.7/site-packages/airflow/example_dags/example_external_task_marker_dag.py took 0.047 seconds
