[2023-10-21T00:33:49.887+0000] {processor.py:153} INFO - Started process (PID=8023) to work on /home/airflow/.local/lib/python3.7/site-packages/airflow/example_dags/example_dynamic_task_mapping.py
[2023-10-21T00:33:49.888+0000] {processor.py:743} INFO - Processing file /home/airflow/.local/lib/python3.7/site-packages/airflow/example_dags/example_dynamic_task_mapping.py for tasks to queue
[2023-10-21T00:33:49.888+0000] {logging_mixin.py:137} INFO - [2023-10-21T00:33:49.888+0000] {dagbag.py:538} INFO - Filling up the DagBag from /home/airflow/.local/lib/python3.7/site-packages/airflow/example_dags/example_dynamic_task_mapping.py
[2023-10-21T00:33:49.908+0000] {processor.py:753} INFO - DAG(s) dict_keys(['example_dynamic_task_mapping']) retrieved from /home/airflow/.local/lib/python3.7/site-packages/airflow/example_dags/example_dynamic_task_mapping.py
[2023-10-21T00:33:49.929+0000] {logging_mixin.py:137} INFO - [2023-10-21T00:33:49.929+0000] {dag.py:2690} INFO - Sync 1 DAGs
[2023-10-21T00:33:49.949+0000] {logging_mixin.py:137} INFO - [2023-10-21T00:33:49.949+0000] {dag.py:3441} INFO - Setting next_dagrun for example_dynamic_task_mapping to 2022-03-04T00:00:00+00:00, run_after=2022-03-05T00:00:00+00:00
[2023-10-21T00:33:49.963+0000] {processor.py:175} INFO - Processing /home/airflow/.local/lib/python3.7/site-packages/airflow/example_dags/example_dynamic_task_mapping.py took 0.078 seconds
[2023-10-21T01:57:49.043+0000] {processor.py:153} INFO - Started process (PID=8117) to work on /home/airflow/.local/lib/python3.7/site-packages/airflow/example_dags/example_dynamic_task_mapping.py
[2023-10-21T01:57:49.044+0000] {processor.py:743} INFO - Processing file /home/airflow/.local/lib/python3.7/site-packages/airflow/example_dags/example_dynamic_task_mapping.py for tasks to queue
[2023-10-21T01:57:49.045+0000] {logging_mixin.py:137} INFO - [2023-10-21T01:57:49.045+0000] {dagbag.py:538} INFO - Filling up the DagBag from /home/airflow/.local/lib/python3.7/site-packages/airflow/example_dags/example_dynamic_task_mapping.py
[2023-10-21T01:57:49.060+0000] {processor.py:753} INFO - DAG(s) dict_keys(['example_dynamic_task_mapping']) retrieved from /home/airflow/.local/lib/python3.7/site-packages/airflow/example_dags/example_dynamic_task_mapping.py
[2023-10-21T01:57:49.077+0000] {logging_mixin.py:137} INFO - [2023-10-21T01:57:49.077+0000] {dag.py:2690} INFO - Sync 1 DAGs
[2023-10-21T01:57:49.094+0000] {logging_mixin.py:137} INFO - [2023-10-21T01:57:49.094+0000] {dag.py:3441} INFO - Setting next_dagrun for example_dynamic_task_mapping to 2022-03-04T00:00:00+00:00, run_after=2022-03-05T00:00:00+00:00
[2023-10-21T01:57:49.107+0000] {processor.py:175} INFO - Processing /home/airflow/.local/lib/python3.7/site-packages/airflow/example_dags/example_dynamic_task_mapping.py took 0.066 seconds
[2023-10-21T03:07:29.350+0000] {processor.py:153} INFO - Started process (PID=8211) to work on /home/airflow/.local/lib/python3.7/site-packages/airflow/example_dags/example_dynamic_task_mapping.py
[2023-10-21T03:07:29.351+0000] {processor.py:743} INFO - Processing file /home/airflow/.local/lib/python3.7/site-packages/airflow/example_dags/example_dynamic_task_mapping.py for tasks to queue
[2023-10-21T03:07:29.351+0000] {logging_mixin.py:137} INFO - [2023-10-21T03:07:29.351+0000] {dagbag.py:538} INFO - Filling up the DagBag from /home/airflow/.local/lib/python3.7/site-packages/airflow/example_dags/example_dynamic_task_mapping.py
[2023-10-21T03:07:29.369+0000] {processor.py:753} INFO - DAG(s) dict_keys(['example_dynamic_task_mapping']) retrieved from /home/airflow/.local/lib/python3.7/site-packages/airflow/example_dags/example_dynamic_task_mapping.py
[2023-10-21T03:07:29.392+0000] {logging_mixin.py:137} INFO - [2023-10-21T03:07:29.392+0000] {dag.py:2690} INFO - Sync 1 DAGs
[2023-10-21T03:07:29.410+0000] {logging_mixin.py:137} INFO - [2023-10-21T03:07:29.410+0000] {dag.py:3441} INFO - Setting next_dagrun for example_dynamic_task_mapping to 2022-03-04T00:00:00+00:00, run_after=2022-03-05T00:00:00+00:00
[2023-10-21T03:07:29.424+0000] {processor.py:175} INFO - Processing /home/airflow/.local/lib/python3.7/site-packages/airflow/example_dags/example_dynamic_task_mapping.py took 0.077 seconds
[2023-10-21T04:30:12.290+0000] {processor.py:153} INFO - Started process (PID=8287) to work on /home/airflow/.local/lib/python3.7/site-packages/airflow/example_dags/example_dynamic_task_mapping.py
[2023-10-21T04:30:12.291+0000] {processor.py:743} INFO - Processing file /home/airflow/.local/lib/python3.7/site-packages/airflow/example_dags/example_dynamic_task_mapping.py for tasks to queue
[2023-10-21T04:30:12.291+0000] {logging_mixin.py:137} INFO - [2023-10-21T04:30:12.291+0000] {dagbag.py:538} INFO - Filling up the DagBag from /home/airflow/.local/lib/python3.7/site-packages/airflow/example_dags/example_dynamic_task_mapping.py
[2023-10-21T04:30:12.303+0000] {processor.py:753} INFO - DAG(s) dict_keys(['example_dynamic_task_mapping']) retrieved from /home/airflow/.local/lib/python3.7/site-packages/airflow/example_dags/example_dynamic_task_mapping.py
[2023-10-21T04:30:12.315+0000] {logging_mixin.py:137} INFO - [2023-10-21T04:30:12.315+0000] {dag.py:2690} INFO - Sync 1 DAGs
[2023-10-21T04:30:12.327+0000] {logging_mixin.py:137} INFO - [2023-10-21T04:30:12.327+0000] {dag.py:3441} INFO - Setting next_dagrun for example_dynamic_task_mapping to 2022-03-04T00:00:00+00:00, run_after=2022-03-05T00:00:00+00:00
[2023-10-21T04:30:12.334+0000] {processor.py:175} INFO - Processing /home/airflow/.local/lib/python3.7/site-packages/airflow/example_dags/example_dynamic_task_mapping.py took 0.046 seconds
[2023-10-21T05:52:28.464+0000] {processor.py:153} INFO - Started process (PID=8381) to work on /home/airflow/.local/lib/python3.7/site-packages/airflow/example_dags/example_dynamic_task_mapping.py
[2023-10-21T05:52:28.464+0000] {processor.py:743} INFO - Processing file /home/airflow/.local/lib/python3.7/site-packages/airflow/example_dags/example_dynamic_task_mapping.py for tasks to queue
[2023-10-21T05:52:28.465+0000] {logging_mixin.py:137} INFO - [2023-10-21T05:52:28.465+0000] {dagbag.py:538} INFO - Filling up the DagBag from /home/airflow/.local/lib/python3.7/site-packages/airflow/example_dags/example_dynamic_task_mapping.py
[2023-10-21T05:52:28.477+0000] {processor.py:753} INFO - DAG(s) dict_keys(['example_dynamic_task_mapping']) retrieved from /home/airflow/.local/lib/python3.7/site-packages/airflow/example_dags/example_dynamic_task_mapping.py
[2023-10-21T05:52:28.490+0000] {logging_mixin.py:137} INFO - [2023-10-21T05:52:28.490+0000] {dag.py:2690} INFO - Sync 1 DAGs
[2023-10-21T05:52:28.502+0000] {logging_mixin.py:137} INFO - [2023-10-21T05:52:28.501+0000] {dag.py:3441} INFO - Setting next_dagrun for example_dynamic_task_mapping to 2022-03-04T00:00:00+00:00, run_after=2022-03-05T00:00:00+00:00
[2023-10-21T05:52:28.509+0000] {processor.py:175} INFO - Processing /home/airflow/.local/lib/python3.7/site-packages/airflow/example_dags/example_dynamic_task_mapping.py took 0.047 seconds
[2023-10-21T06:43:19.078+0000] {processor.py:153} INFO - Started process (PID=8475) to work on /home/airflow/.local/lib/python3.7/site-packages/airflow/example_dags/example_dynamic_task_mapping.py
[2023-10-21T06:43:19.080+0000] {processor.py:743} INFO - Processing file /home/airflow/.local/lib/python3.7/site-packages/airflow/example_dags/example_dynamic_task_mapping.py for tasks to queue
[2023-10-21T06:43:19.081+0000] {logging_mixin.py:137} INFO - [2023-10-21T06:43:19.081+0000] {dagbag.py:538} INFO - Filling up the DagBag from /home/airflow/.local/lib/python3.7/site-packages/airflow/example_dags/example_dynamic_task_mapping.py
[2023-10-21T06:43:19.108+0000] {processor.py:753} INFO - DAG(s) dict_keys(['example_dynamic_task_mapping']) retrieved from /home/airflow/.local/lib/python3.7/site-packages/airflow/example_dags/example_dynamic_task_mapping.py
[2023-10-21T06:43:19.143+0000] {logging_mixin.py:137} INFO - [2023-10-21T06:43:19.143+0000] {dag.py:2690} INFO - Sync 1 DAGs
[2023-10-21T06:43:19.172+0000] {logging_mixin.py:137} INFO - [2023-10-21T06:43:19.172+0000] {dag.py:3441} INFO - Setting next_dagrun for example_dynamic_task_mapping to 2022-03-04T00:00:00+00:00, run_after=2022-03-05T00:00:00+00:00
[2023-10-21T06:43:19.205+0000] {processor.py:175} INFO - Processing /home/airflow/.local/lib/python3.7/site-packages/airflow/example_dags/example_dynamic_task_mapping.py took 0.135 seconds
[2023-10-21T08:03:47.228+0000] {processor.py:153} INFO - Started process (PID=8551) to work on /home/airflow/.local/lib/python3.7/site-packages/airflow/example_dags/example_dynamic_task_mapping.py
[2023-10-21T08:03:47.229+0000] {processor.py:743} INFO - Processing file /home/airflow/.local/lib/python3.7/site-packages/airflow/example_dags/example_dynamic_task_mapping.py for tasks to queue
[2023-10-21T08:03:47.230+0000] {logging_mixin.py:137} INFO - [2023-10-21T08:03:47.230+0000] {dagbag.py:538} INFO - Filling up the DagBag from /home/airflow/.local/lib/python3.7/site-packages/airflow/example_dags/example_dynamic_task_mapping.py
[2023-10-21T08:03:47.255+0000] {processor.py:753} INFO - DAG(s) dict_keys(['example_dynamic_task_mapping']) retrieved from /home/airflow/.local/lib/python3.7/site-packages/airflow/example_dags/example_dynamic_task_mapping.py
[2023-10-21T08:03:47.280+0000] {logging_mixin.py:137} INFO - [2023-10-21T08:03:47.280+0000] {dag.py:2690} INFO - Sync 1 DAGs
[2023-10-21T08:03:47.301+0000] {logging_mixin.py:137} INFO - [2023-10-21T08:03:47.301+0000] {dag.py:3441} INFO - Setting next_dagrun for example_dynamic_task_mapping to 2022-03-04T00:00:00+00:00, run_after=2022-03-05T00:00:00+00:00
[2023-10-21T08:03:47.314+0000] {processor.py:175} INFO - Processing /home/airflow/.local/lib/python3.7/site-packages/airflow/example_dags/example_dynamic_task_mapping.py took 0.090 seconds
[2023-10-21T09:26:21.308+0000] {processor.py:153} INFO - Started process (PID=8645) to work on /home/airflow/.local/lib/python3.7/site-packages/airflow/example_dags/example_dynamic_task_mapping.py
[2023-10-21T09:26:21.309+0000] {processor.py:743} INFO - Processing file /home/airflow/.local/lib/python3.7/site-packages/airflow/example_dags/example_dynamic_task_mapping.py for tasks to queue
[2023-10-21T09:26:21.309+0000] {logging_mixin.py:137} INFO - [2023-10-21T09:26:21.309+0000] {dagbag.py:538} INFO - Filling up the DagBag from /home/airflow/.local/lib/python3.7/site-packages/airflow/example_dags/example_dynamic_task_mapping.py
[2023-10-21T09:26:21.321+0000] {processor.py:753} INFO - DAG(s) dict_keys(['example_dynamic_task_mapping']) retrieved from /home/airflow/.local/lib/python3.7/site-packages/airflow/example_dags/example_dynamic_task_mapping.py
[2023-10-21T09:26:21.333+0000] {logging_mixin.py:137} INFO - [2023-10-21T09:26:21.333+0000] {dag.py:2690} INFO - Sync 1 DAGs
[2023-10-21T09:26:21.345+0000] {logging_mixin.py:137} INFO - [2023-10-21T09:26:21.345+0000] {dag.py:3441} INFO - Setting next_dagrun for example_dynamic_task_mapping to 2022-03-04T00:00:00+00:00, run_after=2022-03-05T00:00:00+00:00
[2023-10-21T09:26:21.353+0000] {processor.py:175} INFO - Processing /home/airflow/.local/lib/python3.7/site-packages/airflow/example_dags/example_dynamic_task_mapping.py took 0.046 seconds
[2023-10-21T10:17:26.083+0000] {processor.py:153} INFO - Started process (PID=8728) to work on /home/airflow/.local/lib/python3.7/site-packages/airflow/example_dags/example_dynamic_task_mapping.py
[2023-10-21T10:17:26.083+0000] {processor.py:743} INFO - Processing file /home/airflow/.local/lib/python3.7/site-packages/airflow/example_dags/example_dynamic_task_mapping.py for tasks to queue
[2023-10-21T10:17:26.084+0000] {logging_mixin.py:137} INFO - [2023-10-21T10:17:26.084+0000] {dagbag.py:538} INFO - Filling up the DagBag from /home/airflow/.local/lib/python3.7/site-packages/airflow/example_dags/example_dynamic_task_mapping.py
[2023-10-21T10:17:26.097+0000] {processor.py:753} INFO - DAG(s) dict_keys(['example_dynamic_task_mapping']) retrieved from /home/airflow/.local/lib/python3.7/site-packages/airflow/example_dags/example_dynamic_task_mapping.py
[2023-10-21T10:17:26.110+0000] {logging_mixin.py:137} INFO - [2023-10-21T10:17:26.110+0000] {dag.py:2690} INFO - Sync 1 DAGs
[2023-10-21T10:17:26.121+0000] {logging_mixin.py:137} INFO - [2023-10-21T10:17:26.121+0000] {dag.py:3441} INFO - Setting next_dagrun for example_dynamic_task_mapping to 2022-03-04T00:00:00+00:00, run_after=2022-03-05T00:00:00+00:00
[2023-10-21T10:17:26.130+0000] {processor.py:175} INFO - Processing /home/airflow/.local/lib/python3.7/site-packages/airflow/example_dags/example_dynamic_task_mapping.py took 0.049 seconds
[2023-10-21T11:38:50.951+0000] {processor.py:153} INFO - Started process (PID=8815) to work on /home/airflow/.local/lib/python3.7/site-packages/airflow/example_dags/example_dynamic_task_mapping.py
[2023-10-21T11:38:50.952+0000] {processor.py:743} INFO - Processing file /home/airflow/.local/lib/python3.7/site-packages/airflow/example_dags/example_dynamic_task_mapping.py for tasks to queue
[2023-10-21T11:38:50.952+0000] {logging_mixin.py:137} INFO - [2023-10-21T11:38:50.952+0000] {dagbag.py:538} INFO - Filling up the DagBag from /home/airflow/.local/lib/python3.7/site-packages/airflow/example_dags/example_dynamic_task_mapping.py
[2023-10-21T11:38:50.964+0000] {processor.py:753} INFO - DAG(s) dict_keys(['example_dynamic_task_mapping']) retrieved from /home/airflow/.local/lib/python3.7/site-packages/airflow/example_dags/example_dynamic_task_mapping.py
[2023-10-21T11:38:50.977+0000] {logging_mixin.py:137} INFO - [2023-10-21T11:38:50.977+0000] {dag.py:2690} INFO - Sync 1 DAGs
[2023-10-21T11:38:50.988+0000] {logging_mixin.py:137} INFO - [2023-10-21T11:38:50.988+0000] {dag.py:3441} INFO - Setting next_dagrun for example_dynamic_task_mapping to 2022-03-04T00:00:00+00:00, run_after=2022-03-05T00:00:00+00:00
[2023-10-21T11:38:50.997+0000] {processor.py:175} INFO - Processing /home/airflow/.local/lib/python3.7/site-packages/airflow/example_dags/example_dynamic_task_mapping.py took 0.048 seconds
[2023-10-21T13:02:23.918+0000] {processor.py:153} INFO - Started process (PID=8909) to work on /home/airflow/.local/lib/python3.7/site-packages/airflow/example_dags/example_dynamic_task_mapping.py
[2023-10-21T13:02:23.919+0000] {processor.py:743} INFO - Processing file /home/airflow/.local/lib/python3.7/site-packages/airflow/example_dags/example_dynamic_task_mapping.py for tasks to queue
[2023-10-21T13:02:23.919+0000] {logging_mixin.py:137} INFO - [2023-10-21T13:02:23.919+0000] {dagbag.py:538} INFO - Filling up the DagBag from /home/airflow/.local/lib/python3.7/site-packages/airflow/example_dags/example_dynamic_task_mapping.py
[2023-10-21T13:02:23.931+0000] {processor.py:753} INFO - DAG(s) dict_keys(['example_dynamic_task_mapping']) retrieved from /home/airflow/.local/lib/python3.7/site-packages/airflow/example_dags/example_dynamic_task_mapping.py
[2023-10-21T13:02:23.943+0000] {logging_mixin.py:137} INFO - [2023-10-21T13:02:23.943+0000] {dag.py:2690} INFO - Sync 1 DAGs
[2023-10-21T13:02:23.955+0000] {logging_mixin.py:137} INFO - [2023-10-21T13:02:23.955+0000] {dag.py:3441} INFO - Setting next_dagrun for example_dynamic_task_mapping to 2022-03-04T00:00:00+00:00, run_after=2022-03-05T00:00:00+00:00
[2023-10-21T13:02:23.962+0000] {processor.py:175} INFO - Processing /home/airflow/.local/lib/python3.7/site-packages/airflow/example_dags/example_dynamic_task_mapping.py took 0.046 seconds
[2023-10-21T14:24:45.117+0000] {processor.py:153} INFO - Started process (PID=8985) to work on /home/airflow/.local/lib/python3.7/site-packages/airflow/example_dags/example_dynamic_task_mapping.py
[2023-10-21T14:24:45.118+0000] {processor.py:743} INFO - Processing file /home/airflow/.local/lib/python3.7/site-packages/airflow/example_dags/example_dynamic_task_mapping.py for tasks to queue
[2023-10-21T14:24:45.118+0000] {logging_mixin.py:137} INFO - [2023-10-21T14:24:45.118+0000] {dagbag.py:538} INFO - Filling up the DagBag from /home/airflow/.local/lib/python3.7/site-packages/airflow/example_dags/example_dynamic_task_mapping.py
[2023-10-21T14:24:45.132+0000] {processor.py:753} INFO - DAG(s) dict_keys(['example_dynamic_task_mapping']) retrieved from /home/airflow/.local/lib/python3.7/site-packages/airflow/example_dags/example_dynamic_task_mapping.py
[2023-10-21T14:24:45.147+0000] {logging_mixin.py:137} INFO - [2023-10-21T14:24:45.147+0000] {dag.py:2690} INFO - Sync 1 DAGs
[2023-10-21T14:24:45.159+0000] {logging_mixin.py:137} INFO - [2023-10-21T14:24:45.159+0000] {dag.py:3441} INFO - Setting next_dagrun for example_dynamic_task_mapping to 2022-03-04T00:00:00+00:00, run_after=2022-03-05T00:00:00+00:00
[2023-10-21T14:24:45.168+0000] {processor.py:175} INFO - Processing /home/airflow/.local/lib/python3.7/site-packages/airflow/example_dags/example_dynamic_task_mapping.py took 0.054 seconds
[2023-10-21T15:45:45.220+0000] {processor.py:153} INFO - Started process (PID=9078) to work on /home/airflow/.local/lib/python3.7/site-packages/airflow/example_dags/example_dynamic_task_mapping.py
[2023-10-21T15:45:45.221+0000] {processor.py:743} INFO - Processing file /home/airflow/.local/lib/python3.7/site-packages/airflow/example_dags/example_dynamic_task_mapping.py for tasks to queue
[2023-10-21T15:45:45.221+0000] {logging_mixin.py:137} INFO - [2023-10-21T15:45:45.221+0000] {dagbag.py:538} INFO - Filling up the DagBag from /home/airflow/.local/lib/python3.7/site-packages/airflow/example_dags/example_dynamic_task_mapping.py
[2023-10-21T15:45:45.237+0000] {processor.py:753} INFO - DAG(s) dict_keys(['example_dynamic_task_mapping']) retrieved from /home/airflow/.local/lib/python3.7/site-packages/airflow/example_dags/example_dynamic_task_mapping.py
[2023-10-21T15:45:45.258+0000] {logging_mixin.py:137} INFO - [2023-10-21T15:45:45.258+0000] {dag.py:2690} INFO - Sync 1 DAGs
[2023-10-21T15:45:45.275+0000] {logging_mixin.py:137} INFO - [2023-10-21T15:45:45.275+0000] {dag.py:3441} INFO - Setting next_dagrun for example_dynamic_task_mapping to 2022-03-04T00:00:00+00:00, run_after=2022-03-05T00:00:00+00:00
[2023-10-21T15:45:45.288+0000] {processor.py:175} INFO - Processing /home/airflow/.local/lib/python3.7/site-packages/airflow/example_dags/example_dynamic_task_mapping.py took 0.071 seconds
[2023-10-21T17:06:26.109+0000] {processor.py:153} INFO - Started process (PID=9172) to work on /home/airflow/.local/lib/python3.7/site-packages/airflow/example_dags/example_dynamic_task_mapping.py
[2023-10-21T17:06:26.110+0000] {processor.py:743} INFO - Processing file /home/airflow/.local/lib/python3.7/site-packages/airflow/example_dags/example_dynamic_task_mapping.py for tasks to queue
[2023-10-21T17:06:26.111+0000] {logging_mixin.py:137} INFO - [2023-10-21T17:06:26.111+0000] {dagbag.py:538} INFO - Filling up the DagBag from /home/airflow/.local/lib/python3.7/site-packages/airflow/example_dags/example_dynamic_task_mapping.py
[2023-10-21T17:06:26.128+0000] {processor.py:753} INFO - DAG(s) dict_keys(['example_dynamic_task_mapping']) retrieved from /home/airflow/.local/lib/python3.7/site-packages/airflow/example_dags/example_dynamic_task_mapping.py
[2023-10-21T17:06:26.151+0000] {logging_mixin.py:137} INFO - [2023-10-21T17:06:26.151+0000] {dag.py:2690} INFO - Sync 1 DAGs
[2023-10-21T17:06:26.167+0000] {logging_mixin.py:137} INFO - [2023-10-21T17:06:26.167+0000] {dag.py:3441} INFO - Setting next_dagrun for example_dynamic_task_mapping to 2022-03-04T00:00:00+00:00, run_after=2022-03-05T00:00:00+00:00
[2023-10-21T17:06:26.180+0000] {processor.py:175} INFO - Processing /home/airflow/.local/lib/python3.7/site-packages/airflow/example_dags/example_dynamic_task_mapping.py took 0.074 seconds
[2023-10-21T18:20:57.454+0000] {processor.py:153} INFO - Started process (PID=9248) to work on /home/airflow/.local/lib/python3.7/site-packages/airflow/example_dags/example_dynamic_task_mapping.py
[2023-10-21T18:20:57.455+0000] {processor.py:743} INFO - Processing file /home/airflow/.local/lib/python3.7/site-packages/airflow/example_dags/example_dynamic_task_mapping.py for tasks to queue
[2023-10-21T18:20:57.456+0000] {logging_mixin.py:137} INFO - [2023-10-21T18:20:57.456+0000] {dagbag.py:538} INFO - Filling up the DagBag from /home/airflow/.local/lib/python3.7/site-packages/airflow/example_dags/example_dynamic_task_mapping.py
[2023-10-21T18:20:57.473+0000] {processor.py:753} INFO - DAG(s) dict_keys(['example_dynamic_task_mapping']) retrieved from /home/airflow/.local/lib/python3.7/site-packages/airflow/example_dags/example_dynamic_task_mapping.py
[2023-10-21T18:20:57.490+0000] {logging_mixin.py:137} INFO - [2023-10-21T18:20:57.490+0000] {dag.py:2690} INFO - Sync 1 DAGs
[2023-10-21T18:20:57.504+0000] {logging_mixin.py:137} INFO - [2023-10-21T18:20:57.503+0000] {dag.py:3441} INFO - Setting next_dagrun for example_dynamic_task_mapping to 2022-03-04T00:00:00+00:00, run_after=2022-03-05T00:00:00+00:00
[2023-10-21T18:20:57.513+0000] {processor.py:175} INFO - Processing /home/airflow/.local/lib/python3.7/site-packages/airflow/example_dags/example_dynamic_task_mapping.py took 0.062 seconds
[2023-10-21T19:36:47.909+0000] {processor.py:153} INFO - Started process (PID=9342) to work on /home/airflow/.local/lib/python3.7/site-packages/airflow/example_dags/example_dynamic_task_mapping.py
[2023-10-21T19:36:47.910+0000] {processor.py:743} INFO - Processing file /home/airflow/.local/lib/python3.7/site-packages/airflow/example_dags/example_dynamic_task_mapping.py for tasks to queue
[2023-10-21T19:36:47.911+0000] {logging_mixin.py:137} INFO - [2023-10-21T19:36:47.911+0000] {dagbag.py:538} INFO - Filling up the DagBag from /home/airflow/.local/lib/python3.7/site-packages/airflow/example_dags/example_dynamic_task_mapping.py
[2023-10-21T19:36:47.926+0000] {processor.py:753} INFO - DAG(s) dict_keys(['example_dynamic_task_mapping']) retrieved from /home/airflow/.local/lib/python3.7/site-packages/airflow/example_dags/example_dynamic_task_mapping.py
[2023-10-21T19:36:47.944+0000] {logging_mixin.py:137} INFO - [2023-10-21T19:36:47.944+0000] {dag.py:2690} INFO - Sync 1 DAGs
[2023-10-21T19:36:47.958+0000] {logging_mixin.py:137} INFO - [2023-10-21T19:36:47.958+0000] {dag.py:3441} INFO - Setting next_dagrun for example_dynamic_task_mapping to 2022-03-04T00:00:00+00:00, run_after=2022-03-05T00:00:00+00:00
[2023-10-21T19:36:47.972+0000] {processor.py:175} INFO - Processing /home/airflow/.local/lib/python3.7/site-packages/airflow/example_dags/example_dynamic_task_mapping.py took 0.064 seconds
[2023-10-21T21:03:02.288+0000] {processor.py:153} INFO - Started process (PID=9436) to work on /home/airflow/.local/lib/python3.7/site-packages/airflow/example_dags/example_dynamic_task_mapping.py
[2023-10-21T21:03:02.289+0000] {processor.py:743} INFO - Processing file /home/airflow/.local/lib/python3.7/site-packages/airflow/example_dags/example_dynamic_task_mapping.py for tasks to queue
[2023-10-21T21:03:02.289+0000] {logging_mixin.py:137} INFO - [2023-10-21T21:03:02.289+0000] {dagbag.py:538} INFO - Filling up the DagBag from /home/airflow/.local/lib/python3.7/site-packages/airflow/example_dags/example_dynamic_task_mapping.py
[2023-10-21T21:03:02.305+0000] {processor.py:753} INFO - DAG(s) dict_keys(['example_dynamic_task_mapping']) retrieved from /home/airflow/.local/lib/python3.7/site-packages/airflow/example_dags/example_dynamic_task_mapping.py
[2023-10-21T21:03:02.322+0000] {logging_mixin.py:137} INFO - [2023-10-21T21:03:02.321+0000] {dag.py:2690} INFO - Sync 1 DAGs
[2023-10-21T21:03:02.334+0000] {logging_mixin.py:137} INFO - [2023-10-21T21:03:02.334+0000] {dag.py:3441} INFO - Setting next_dagrun for example_dynamic_task_mapping to 2022-03-04T00:00:00+00:00, run_after=2022-03-05T00:00:00+00:00
[2023-10-21T21:03:02.342+0000] {processor.py:175} INFO - Processing /home/airflow/.local/lib/python3.7/site-packages/airflow/example_dags/example_dynamic_task_mapping.py took 0.057 seconds
[2023-10-21T22:27:15.268+0000] {processor.py:153} INFO - Started process (PID=9512) to work on /home/airflow/.local/lib/python3.7/site-packages/airflow/example_dags/example_dynamic_task_mapping.py
[2023-10-21T22:27:15.269+0000] {processor.py:743} INFO - Processing file /home/airflow/.local/lib/python3.7/site-packages/airflow/example_dags/example_dynamic_task_mapping.py for tasks to queue
[2023-10-21T22:27:15.270+0000] {logging_mixin.py:137} INFO - [2023-10-21T22:27:15.270+0000] {dagbag.py:538} INFO - Filling up the DagBag from /home/airflow/.local/lib/python3.7/site-packages/airflow/example_dags/example_dynamic_task_mapping.py
[2023-10-21T22:27:15.289+0000] {processor.py:753} INFO - DAG(s) dict_keys(['example_dynamic_task_mapping']) retrieved from /home/airflow/.local/lib/python3.7/site-packages/airflow/example_dags/example_dynamic_task_mapping.py
[2023-10-21T22:27:15.317+0000] {logging_mixin.py:137} INFO - [2023-10-21T22:27:15.317+0000] {dag.py:2690} INFO - Sync 1 DAGs
[2023-10-21T22:27:15.341+0000] {logging_mixin.py:137} INFO - [2023-10-21T22:27:15.341+0000] {dag.py:3441} INFO - Setting next_dagrun for example_dynamic_task_mapping to 2022-03-04T00:00:00+00:00, run_after=2022-03-05T00:00:00+00:00
[2023-10-21T22:27:15.357+0000] {processor.py:175} INFO - Processing /home/airflow/.local/lib/python3.7/site-packages/airflow/example_dags/example_dynamic_task_mapping.py took 0.091 seconds
[2023-10-21T23:50:29.294+0000] {processor.py:153} INFO - Started process (PID=9606) to work on /home/airflow/.local/lib/python3.7/site-packages/airflow/example_dags/example_dynamic_task_mapping.py
[2023-10-21T23:50:29.294+0000] {processor.py:743} INFO - Processing file /home/airflow/.local/lib/python3.7/site-packages/airflow/example_dags/example_dynamic_task_mapping.py for tasks to queue
[2023-10-21T23:50:29.294+0000] {logging_mixin.py:137} INFO - [2023-10-21T23:50:29.294+0000] {dagbag.py:538} INFO - Filling up the DagBag from /home/airflow/.local/lib/python3.7/site-packages/airflow/example_dags/example_dynamic_task_mapping.py
[2023-10-21T23:50:29.307+0000] {processor.py:753} INFO - DAG(s) dict_keys(['example_dynamic_task_mapping']) retrieved from /home/airflow/.local/lib/python3.7/site-packages/airflow/example_dags/example_dynamic_task_mapping.py
[2023-10-21T23:50:29.319+0000] {logging_mixin.py:137} INFO - [2023-10-21T23:50:29.319+0000] {dag.py:2690} INFO - Sync 1 DAGs
[2023-10-21T23:50:29.330+0000] {logging_mixin.py:137} INFO - [2023-10-21T23:50:29.330+0000] {dag.py:3441} INFO - Setting next_dagrun for example_dynamic_task_mapping to 2022-03-04T00:00:00+00:00, run_after=2022-03-05T00:00:00+00:00
[2023-10-21T23:50:29.338+0000] {processor.py:175} INFO - Processing /home/airflow/.local/lib/python3.7/site-packages/airflow/example_dags/example_dynamic_task_mapping.py took 0.046 seconds
