[2023-10-21T00:33:50.792+0000] {processor.py:153} INFO - Started process (PID=8049) to work on /home/airflow/.local/lib/python3.7/site-packages/airflow/example_dags/example_sensor_decorator.py
[2023-10-21T00:33:50.793+0000] {processor.py:743} INFO - Processing file /home/airflow/.local/lib/python3.7/site-packages/airflow/example_dags/example_sensor_decorator.py for tasks to queue
[2023-10-21T00:33:50.793+0000] {logging_mixin.py:137} INFO - [2023-10-21T00:33:50.793+0000] {dagbag.py:538} INFO - Filling up the DagBag from /home/airflow/.local/lib/python3.7/site-packages/airflow/example_dags/example_sensor_decorator.py
[2023-10-21T00:33:50.805+0000] {processor.py:753} INFO - DAG(s) dict_keys(['example_sensor_decorator']) retrieved from /home/airflow/.local/lib/python3.7/site-packages/airflow/example_dags/example_sensor_decorator.py
[2023-10-21T00:33:50.818+0000] {logging_mixin.py:137} INFO - [2023-10-21T00:33:50.817+0000] {dag.py:2690} INFO - Sync 1 DAGs
[2023-10-21T00:33:50.831+0000] {logging_mixin.py:137} INFO - [2023-10-21T00:33:50.831+0000] {dag.py:3441} INFO - Setting next_dagrun for example_sensor_decorator to None, run_after=None
[2023-10-21T00:33:50.840+0000] {processor.py:175} INFO - Processing /home/airflow/.local/lib/python3.7/site-packages/airflow/example_dags/example_sensor_decorator.py took 0.049 seconds
[2023-10-21T01:57:50.139+0000] {processor.py:153} INFO - Started process (PID=8143) to work on /home/airflow/.local/lib/python3.7/site-packages/airflow/example_dags/example_sensor_decorator.py
[2023-10-21T01:57:50.139+0000] {processor.py:743} INFO - Processing file /home/airflow/.local/lib/python3.7/site-packages/airflow/example_dags/example_sensor_decorator.py for tasks to queue
[2023-10-21T01:57:50.140+0000] {logging_mixin.py:137} INFO - [2023-10-21T01:57:50.140+0000] {dagbag.py:538} INFO - Filling up the DagBag from /home/airflow/.local/lib/python3.7/site-packages/airflow/example_dags/example_sensor_decorator.py
[2023-10-21T01:57:50.152+0000] {processor.py:753} INFO - DAG(s) dict_keys(['example_sensor_decorator']) retrieved from /home/airflow/.local/lib/python3.7/site-packages/airflow/example_dags/example_sensor_decorator.py
[2023-10-21T01:57:50.164+0000] {logging_mixin.py:137} INFO - [2023-10-21T01:57:50.163+0000] {dag.py:2690} INFO - Sync 1 DAGs
[2023-10-21T01:57:50.175+0000] {logging_mixin.py:137} INFO - [2023-10-21T01:57:50.175+0000] {dag.py:3441} INFO - Setting next_dagrun for example_sensor_decorator to None, run_after=None
[2023-10-21T01:57:50.183+0000] {processor.py:175} INFO - Processing /home/airflow/.local/lib/python3.7/site-packages/airflow/example_dags/example_sensor_decorator.py took 0.046 seconds
[2023-10-21T03:07:30.451+0000] {processor.py:153} INFO - Started process (PID=8237) to work on /home/airflow/.local/lib/python3.7/site-packages/airflow/example_dags/example_sensor_decorator.py
[2023-10-21T03:07:30.451+0000] {processor.py:743} INFO - Processing file /home/airflow/.local/lib/python3.7/site-packages/airflow/example_dags/example_sensor_decorator.py for tasks to queue
[2023-10-21T03:07:30.451+0000] {logging_mixin.py:137} INFO - [2023-10-21T03:07:30.451+0000] {dagbag.py:538} INFO - Filling up the DagBag from /home/airflow/.local/lib/python3.7/site-packages/airflow/example_dags/example_sensor_decorator.py
[2023-10-21T03:07:30.463+0000] {processor.py:753} INFO - DAG(s) dict_keys(['example_sensor_decorator']) retrieved from /home/airflow/.local/lib/python3.7/site-packages/airflow/example_dags/example_sensor_decorator.py
[2023-10-21T03:07:30.476+0000] {logging_mixin.py:137} INFO - [2023-10-21T03:07:30.475+0000] {dag.py:2690} INFO - Sync 1 DAGs
[2023-10-21T03:07:30.487+0000] {logging_mixin.py:137} INFO - [2023-10-21T03:07:30.487+0000] {dag.py:3441} INFO - Setting next_dagrun for example_sensor_decorator to None, run_after=None
[2023-10-21T03:07:30.494+0000] {processor.py:175} INFO - Processing /home/airflow/.local/lib/python3.7/site-packages/airflow/example_dags/example_sensor_decorator.py took 0.045 seconds
[2023-10-21T04:30:13.484+0000] {processor.py:153} INFO - Started process (PID=8313) to work on /home/airflow/.local/lib/python3.7/site-packages/airflow/example_dags/example_sensor_decorator.py
[2023-10-21T04:30:13.485+0000] {processor.py:743} INFO - Processing file /home/airflow/.local/lib/python3.7/site-packages/airflow/example_dags/example_sensor_decorator.py for tasks to queue
[2023-10-21T04:30:13.485+0000] {logging_mixin.py:137} INFO - [2023-10-21T04:30:13.485+0000] {dagbag.py:538} INFO - Filling up the DagBag from /home/airflow/.local/lib/python3.7/site-packages/airflow/example_dags/example_sensor_decorator.py
[2023-10-21T04:30:13.497+0000] {processor.py:753} INFO - DAG(s) dict_keys(['example_sensor_decorator']) retrieved from /home/airflow/.local/lib/python3.7/site-packages/airflow/example_dags/example_sensor_decorator.py
[2023-10-21T04:30:13.509+0000] {logging_mixin.py:137} INFO - [2023-10-21T04:30:13.509+0000] {dag.py:2690} INFO - Sync 1 DAGs
[2023-10-21T04:30:13.521+0000] {logging_mixin.py:137} INFO - [2023-10-21T04:30:13.521+0000] {dag.py:3441} INFO - Setting next_dagrun for example_sensor_decorator to None, run_after=None
[2023-10-21T04:30:13.529+0000] {processor.py:175} INFO - Processing /home/airflow/.local/lib/python3.7/site-packages/airflow/example_dags/example_sensor_decorator.py took 0.047 seconds
[2023-10-21T05:52:29.657+0000] {processor.py:153} INFO - Started process (PID=8407) to work on /home/airflow/.local/lib/python3.7/site-packages/airflow/example_dags/example_sensor_decorator.py
[2023-10-21T05:52:29.658+0000] {processor.py:743} INFO - Processing file /home/airflow/.local/lib/python3.7/site-packages/airflow/example_dags/example_sensor_decorator.py for tasks to queue
[2023-10-21T05:52:29.658+0000] {logging_mixin.py:137} INFO - [2023-10-21T05:52:29.658+0000] {dagbag.py:538} INFO - Filling up the DagBag from /home/airflow/.local/lib/python3.7/site-packages/airflow/example_dags/example_sensor_decorator.py
[2023-10-21T05:52:29.673+0000] {processor.py:753} INFO - DAG(s) dict_keys(['example_sensor_decorator']) retrieved from /home/airflow/.local/lib/python3.7/site-packages/airflow/example_dags/example_sensor_decorator.py
[2023-10-21T05:52:29.693+0000] {logging_mixin.py:137} INFO - [2023-10-21T05:52:29.693+0000] {dag.py:2690} INFO - Sync 1 DAGs
[2023-10-21T05:52:29.718+0000] {logging_mixin.py:137} INFO - [2023-10-21T05:52:29.717+0000] {dag.py:3441} INFO - Setting next_dagrun for example_sensor_decorator to None, run_after=None
[2023-10-21T05:52:29.730+0000] {processor.py:175} INFO - Processing /home/airflow/.local/lib/python3.7/site-packages/airflow/example_dags/example_sensor_decorator.py took 0.075 seconds
[2023-10-21T06:43:20.236+0000] {processor.py:153} INFO - Started process (PID=8501) to work on /home/airflow/.local/lib/python3.7/site-packages/airflow/example_dags/example_sensor_decorator.py
[2023-10-21T06:43:20.236+0000] {processor.py:743} INFO - Processing file /home/airflow/.local/lib/python3.7/site-packages/airflow/example_dags/example_sensor_decorator.py for tasks to queue
[2023-10-21T06:43:20.237+0000] {logging_mixin.py:137} INFO - [2023-10-21T06:43:20.237+0000] {dagbag.py:538} INFO - Filling up the DagBag from /home/airflow/.local/lib/python3.7/site-packages/airflow/example_dags/example_sensor_decorator.py
[2023-10-21T06:43:20.253+0000] {processor.py:753} INFO - DAG(s) dict_keys(['example_sensor_decorator']) retrieved from /home/airflow/.local/lib/python3.7/site-packages/airflow/example_dags/example_sensor_decorator.py
[2023-10-21T06:43:20.267+0000] {logging_mixin.py:137} INFO - [2023-10-21T06:43:20.267+0000] {dag.py:2690} INFO - Sync 1 DAGs
[2023-10-21T06:43:20.279+0000] {logging_mixin.py:137} INFO - [2023-10-21T06:43:20.279+0000] {dag.py:3441} INFO - Setting next_dagrun for example_sensor_decorator to None, run_after=None
[2023-10-21T06:43:20.288+0000] {processor.py:175} INFO - Processing /home/airflow/.local/lib/python3.7/site-packages/airflow/example_dags/example_sensor_decorator.py took 0.054 seconds
[2023-10-21T08:03:48.360+0000] {processor.py:153} INFO - Started process (PID=8577) to work on /home/airflow/.local/lib/python3.7/site-packages/airflow/example_dags/example_sensor_decorator.py
[2023-10-21T08:03:48.361+0000] {processor.py:743} INFO - Processing file /home/airflow/.local/lib/python3.7/site-packages/airflow/example_dags/example_sensor_decorator.py for tasks to queue
[2023-10-21T08:03:48.361+0000] {logging_mixin.py:137} INFO - [2023-10-21T08:03:48.361+0000] {dagbag.py:538} INFO - Filling up the DagBag from /home/airflow/.local/lib/python3.7/site-packages/airflow/example_dags/example_sensor_decorator.py
[2023-10-21T08:03:48.374+0000] {processor.py:753} INFO - DAG(s) dict_keys(['example_sensor_decorator']) retrieved from /home/airflow/.local/lib/python3.7/site-packages/airflow/example_dags/example_sensor_decorator.py
[2023-10-21T08:03:48.387+0000] {logging_mixin.py:137} INFO - [2023-10-21T08:03:48.387+0000] {dag.py:2690} INFO - Sync 1 DAGs
[2023-10-21T08:03:48.398+0000] {logging_mixin.py:137} INFO - [2023-10-21T08:03:48.398+0000] {dag.py:3441} INFO - Setting next_dagrun for example_sensor_decorator to None, run_after=None
[2023-10-21T08:03:48.406+0000] {processor.py:175} INFO - Processing /home/airflow/.local/lib/python3.7/site-packages/airflow/example_dags/example_sensor_decorator.py took 0.048 seconds
[2023-10-21T09:26:22.211+0000] {processor.py:153} INFO - Started process (PID=8671) to work on /home/airflow/.local/lib/python3.7/site-packages/airflow/example_dags/example_sensor_decorator.py
[2023-10-21T09:26:22.212+0000] {processor.py:743} INFO - Processing file /home/airflow/.local/lib/python3.7/site-packages/airflow/example_dags/example_sensor_decorator.py for tasks to queue
[2023-10-21T09:26:22.212+0000] {logging_mixin.py:137} INFO - [2023-10-21T09:26:22.212+0000] {dagbag.py:538} INFO - Filling up the DagBag from /home/airflow/.local/lib/python3.7/site-packages/airflow/example_dags/example_sensor_decorator.py
[2023-10-21T09:26:22.224+0000] {processor.py:753} INFO - DAG(s) dict_keys(['example_sensor_decorator']) retrieved from /home/airflow/.local/lib/python3.7/site-packages/airflow/example_dags/example_sensor_decorator.py
[2023-10-21T09:26:22.236+0000] {logging_mixin.py:137} INFO - [2023-10-21T09:26:22.236+0000] {dag.py:2690} INFO - Sync 1 DAGs
[2023-10-21T09:26:22.247+0000] {logging_mixin.py:137} INFO - [2023-10-21T09:26:22.247+0000] {dag.py:3441} INFO - Setting next_dagrun for example_sensor_decorator to None, run_after=None
[2023-10-21T09:26:22.255+0000] {processor.py:175} INFO - Processing /home/airflow/.local/lib/python3.7/site-packages/airflow/example_dags/example_sensor_decorator.py took 0.046 seconds
[2023-10-21T10:17:27.197+0000] {processor.py:153} INFO - Started process (PID=8765) to work on /home/airflow/.local/lib/python3.7/site-packages/airflow/example_dags/example_sensor_decorator.py
[2023-10-21T10:17:27.198+0000] {processor.py:743} INFO - Processing file /home/airflow/.local/lib/python3.7/site-packages/airflow/example_dags/example_sensor_decorator.py for tasks to queue
[2023-10-21T10:17:27.198+0000] {logging_mixin.py:137} INFO - [2023-10-21T10:17:27.198+0000] {dagbag.py:538} INFO - Filling up the DagBag from /home/airflow/.local/lib/python3.7/site-packages/airflow/example_dags/example_sensor_decorator.py
[2023-10-21T10:17:27.214+0000] {processor.py:753} INFO - DAG(s) dict_keys(['example_sensor_decorator']) retrieved from /home/airflow/.local/lib/python3.7/site-packages/airflow/example_dags/example_sensor_decorator.py
[2023-10-21T10:17:27.232+0000] {logging_mixin.py:137} INFO - [2023-10-21T10:17:27.232+0000] {dag.py:2690} INFO - Sync 1 DAGs
[2023-10-21T10:17:27.245+0000] {logging_mixin.py:137} INFO - [2023-10-21T10:17:27.245+0000] {dag.py:3441} INFO - Setting next_dagrun for example_sensor_decorator to None, run_after=None
[2023-10-21T10:17:27.255+0000] {processor.py:175} INFO - Processing /home/airflow/.local/lib/python3.7/site-packages/airflow/example_dags/example_sensor_decorator.py took 0.060 seconds
[2023-10-21T11:38:51.874+0000] {processor.py:153} INFO - Started process (PID=8841) to work on /home/airflow/.local/lib/python3.7/site-packages/airflow/example_dags/example_sensor_decorator.py
[2023-10-21T11:38:51.874+0000] {processor.py:743} INFO - Processing file /home/airflow/.local/lib/python3.7/site-packages/airflow/example_dags/example_sensor_decorator.py for tasks to queue
[2023-10-21T11:38:51.875+0000] {logging_mixin.py:137} INFO - [2023-10-21T11:38:51.875+0000] {dagbag.py:538} INFO - Filling up the DagBag from /home/airflow/.local/lib/python3.7/site-packages/airflow/example_dags/example_sensor_decorator.py
[2023-10-21T11:38:51.887+0000] {processor.py:753} INFO - DAG(s) dict_keys(['example_sensor_decorator']) retrieved from /home/airflow/.local/lib/python3.7/site-packages/airflow/example_dags/example_sensor_decorator.py
[2023-10-21T11:38:51.899+0000] {logging_mixin.py:137} INFO - [2023-10-21T11:38:51.899+0000] {dag.py:2690} INFO - Sync 1 DAGs
[2023-10-21T11:38:51.911+0000] {logging_mixin.py:137} INFO - [2023-10-21T11:38:51.911+0000] {dag.py:3441} INFO - Setting next_dagrun for example_sensor_decorator to None, run_after=None
[2023-10-21T11:38:51.920+0000] {processor.py:175} INFO - Processing /home/airflow/.local/lib/python3.7/site-packages/airflow/example_dags/example_sensor_decorator.py took 0.048 seconds
[2023-10-21T13:02:24.792+0000] {processor.py:153} INFO - Started process (PID=8935) to work on /home/airflow/.local/lib/python3.7/site-packages/airflow/example_dags/example_sensor_decorator.py
[2023-10-21T13:02:24.792+0000] {processor.py:743} INFO - Processing file /home/airflow/.local/lib/python3.7/site-packages/airflow/example_dags/example_sensor_decorator.py for tasks to queue
[2023-10-21T13:02:24.793+0000] {logging_mixin.py:137} INFO - [2023-10-21T13:02:24.792+0000] {dagbag.py:538} INFO - Filling up the DagBag from /home/airflow/.local/lib/python3.7/site-packages/airflow/example_dags/example_sensor_decorator.py
[2023-10-21T13:02:24.804+0000] {processor.py:753} INFO - DAG(s) dict_keys(['example_sensor_decorator']) retrieved from /home/airflow/.local/lib/python3.7/site-packages/airflow/example_dags/example_sensor_decorator.py
[2023-10-21T13:02:24.817+0000] {logging_mixin.py:137} INFO - [2023-10-21T13:02:24.816+0000] {dag.py:2690} INFO - Sync 1 DAGs
[2023-10-21T13:02:24.829+0000] {logging_mixin.py:137} INFO - [2023-10-21T13:02:24.828+0000] {dag.py:3441} INFO - Setting next_dagrun for example_sensor_decorator to None, run_after=None
[2023-10-21T13:02:24.838+0000] {processor.py:175} INFO - Processing /home/airflow/.local/lib/python3.7/site-packages/airflow/example_dags/example_sensor_decorator.py took 0.048 seconds
[2023-10-21T14:24:46.215+0000] {processor.py:153} INFO - Started process (PID=9028) to work on /home/airflow/.local/lib/python3.7/site-packages/airflow/example_dags/example_sensor_decorator.py
[2023-10-21T14:24:46.216+0000] {processor.py:743} INFO - Processing file /home/airflow/.local/lib/python3.7/site-packages/airflow/example_dags/example_sensor_decorator.py for tasks to queue
[2023-10-21T14:24:46.216+0000] {logging_mixin.py:137} INFO - [2023-10-21T14:24:46.216+0000] {dagbag.py:538} INFO - Filling up the DagBag from /home/airflow/.local/lib/python3.7/site-packages/airflow/example_dags/example_sensor_decorator.py
[2023-10-21T14:24:46.229+0000] {processor.py:753} INFO - DAG(s) dict_keys(['example_sensor_decorator']) retrieved from /home/airflow/.local/lib/python3.7/site-packages/airflow/example_dags/example_sensor_decorator.py
[2023-10-21T14:24:46.242+0000] {logging_mixin.py:137} INFO - [2023-10-21T14:24:46.242+0000] {dag.py:2690} INFO - Sync 1 DAGs
[2023-10-21T14:24:46.256+0000] {logging_mixin.py:137} INFO - [2023-10-21T14:24:46.256+0000] {dag.py:3441} INFO - Setting next_dagrun for example_sensor_decorator to None, run_after=None
[2023-10-21T14:24:46.265+0000] {processor.py:175} INFO - Processing /home/airflow/.local/lib/python3.7/site-packages/airflow/example_dags/example_sensor_decorator.py took 0.052 seconds
[2023-10-21T15:45:46.235+0000] {processor.py:153} INFO - Started process (PID=9104) to work on /home/airflow/.local/lib/python3.7/site-packages/airflow/example_dags/example_sensor_decorator.py
[2023-10-21T15:45:46.235+0000] {processor.py:743} INFO - Processing file /home/airflow/.local/lib/python3.7/site-packages/airflow/example_dags/example_sensor_decorator.py for tasks to queue
[2023-10-21T15:45:46.236+0000] {logging_mixin.py:137} INFO - [2023-10-21T15:45:46.236+0000] {dagbag.py:538} INFO - Filling up the DagBag from /home/airflow/.local/lib/python3.7/site-packages/airflow/example_dags/example_sensor_decorator.py
[2023-10-21T15:45:46.247+0000] {processor.py:753} INFO - DAG(s) dict_keys(['example_sensor_decorator']) retrieved from /home/airflow/.local/lib/python3.7/site-packages/airflow/example_dags/example_sensor_decorator.py
[2023-10-21T15:45:46.259+0000] {logging_mixin.py:137} INFO - [2023-10-21T15:45:46.259+0000] {dag.py:2690} INFO - Sync 1 DAGs
[2023-10-21T15:45:46.270+0000] {logging_mixin.py:137} INFO - [2023-10-21T15:45:46.270+0000] {dag.py:3441} INFO - Setting next_dagrun for example_sensor_decorator to None, run_after=None
[2023-10-21T15:45:46.278+0000] {processor.py:175} INFO - Processing /home/airflow/.local/lib/python3.7/site-packages/airflow/example_dags/example_sensor_decorator.py took 0.045 seconds
[2023-10-21T17:06:27.750+0000] {processor.py:153} INFO - Started process (PID=9198) to work on /home/airflow/.local/lib/python3.7/site-packages/airflow/example_dags/example_sensor_decorator.py
[2023-10-21T17:06:27.750+0000] {processor.py:743} INFO - Processing file /home/airflow/.local/lib/python3.7/site-packages/airflow/example_dags/example_sensor_decorator.py for tasks to queue
[2023-10-21T17:06:27.751+0000] {logging_mixin.py:137} INFO - [2023-10-21T17:06:27.751+0000] {dagbag.py:538} INFO - Filling up the DagBag from /home/airflow/.local/lib/python3.7/site-packages/airflow/example_dags/example_sensor_decorator.py
[2023-10-21T17:06:27.764+0000] {processor.py:753} INFO - DAG(s) dict_keys(['example_sensor_decorator']) retrieved from /home/airflow/.local/lib/python3.7/site-packages/airflow/example_dags/example_sensor_decorator.py
[2023-10-21T17:06:27.778+0000] {logging_mixin.py:137} INFO - [2023-10-21T17:06:27.777+0000] {dag.py:2690} INFO - Sync 1 DAGs
[2023-10-21T17:06:27.790+0000] {logging_mixin.py:137} INFO - [2023-10-21T17:06:27.790+0000] {dag.py:3441} INFO - Setting next_dagrun for example_sensor_decorator to None, run_after=None
[2023-10-21T17:06:27.799+0000] {processor.py:175} INFO - Processing /home/airflow/.local/lib/python3.7/site-packages/airflow/example_dags/example_sensor_decorator.py took 0.052 seconds
[2023-10-21T18:20:58.452+0000] {processor.py:153} INFO - Started process (PID=9283) to work on /home/airflow/.local/lib/python3.7/site-packages/airflow/example_dags/example_sensor_decorator.py
[2023-10-21T18:20:58.452+0000] {processor.py:743} INFO - Processing file /home/airflow/.local/lib/python3.7/site-packages/airflow/example_dags/example_sensor_decorator.py for tasks to queue
[2023-10-21T18:20:58.453+0000] {logging_mixin.py:137} INFO - [2023-10-21T18:20:58.453+0000] {dagbag.py:538} INFO - Filling up the DagBag from /home/airflow/.local/lib/python3.7/site-packages/airflow/example_dags/example_sensor_decorator.py
[2023-10-21T18:20:58.465+0000] {processor.py:753} INFO - DAG(s) dict_keys(['example_sensor_decorator']) retrieved from /home/airflow/.local/lib/python3.7/site-packages/airflow/example_dags/example_sensor_decorator.py
[2023-10-21T18:20:58.478+0000] {logging_mixin.py:137} INFO - [2023-10-21T18:20:58.478+0000] {dag.py:2690} INFO - Sync 1 DAGs
[2023-10-21T18:20:58.489+0000] {logging_mixin.py:137} INFO - [2023-10-21T18:20:58.489+0000] {dag.py:3441} INFO - Setting next_dagrun for example_sensor_decorator to None, run_after=None
[2023-10-21T18:20:58.497+0000] {processor.py:175} INFO - Processing /home/airflow/.local/lib/python3.7/site-packages/airflow/example_dags/example_sensor_decorator.py took 0.047 seconds
[2023-10-21T19:36:49.000+0000] {processor.py:153} INFO - Started process (PID=9368) to work on /home/airflow/.local/lib/python3.7/site-packages/airflow/example_dags/example_sensor_decorator.py
[2023-10-21T19:36:49.000+0000] {processor.py:743} INFO - Processing file /home/airflow/.local/lib/python3.7/site-packages/airflow/example_dags/example_sensor_decorator.py for tasks to queue
[2023-10-21T19:36:49.000+0000] {logging_mixin.py:137} INFO - [2023-10-21T19:36:49.000+0000] {dagbag.py:538} INFO - Filling up the DagBag from /home/airflow/.local/lib/python3.7/site-packages/airflow/example_dags/example_sensor_decorator.py
[2023-10-21T19:36:49.013+0000] {processor.py:753} INFO - DAG(s) dict_keys(['example_sensor_decorator']) retrieved from /home/airflow/.local/lib/python3.7/site-packages/airflow/example_dags/example_sensor_decorator.py
[2023-10-21T19:36:49.025+0000] {logging_mixin.py:137} INFO - [2023-10-21T19:36:49.025+0000] {dag.py:2690} INFO - Sync 1 DAGs
[2023-10-21T19:36:49.036+0000] {logging_mixin.py:137} INFO - [2023-10-21T19:36:49.036+0000] {dag.py:3441} INFO - Setting next_dagrun for example_sensor_decorator to None, run_after=None
[2023-10-21T19:36:49.044+0000] {processor.py:175} INFO - Processing /home/airflow/.local/lib/python3.7/site-packages/airflow/example_dags/example_sensor_decorator.py took 0.047 seconds
[2023-10-21T21:03:03.295+0000] {processor.py:153} INFO - Started process (PID=9462) to work on /home/airflow/.local/lib/python3.7/site-packages/airflow/example_dags/example_sensor_decorator.py
[2023-10-21T21:03:03.295+0000] {processor.py:743} INFO - Processing file /home/airflow/.local/lib/python3.7/site-packages/airflow/example_dags/example_sensor_decorator.py for tasks to queue
[2023-10-21T21:03:03.296+0000] {logging_mixin.py:137} INFO - [2023-10-21T21:03:03.295+0000] {dagbag.py:538} INFO - Filling up the DagBag from /home/airflow/.local/lib/python3.7/site-packages/airflow/example_dags/example_sensor_decorator.py
[2023-10-21T21:03:03.308+0000] {processor.py:753} INFO - DAG(s) dict_keys(['example_sensor_decorator']) retrieved from /home/airflow/.local/lib/python3.7/site-packages/airflow/example_dags/example_sensor_decorator.py
[2023-10-21T21:03:03.320+0000] {logging_mixin.py:137} INFO - [2023-10-21T21:03:03.320+0000] {dag.py:2690} INFO - Sync 1 DAGs
[2023-10-21T21:03:03.332+0000] {logging_mixin.py:137} INFO - [2023-10-21T21:03:03.332+0000] {dag.py:3441} INFO - Setting next_dagrun for example_sensor_decorator to None, run_after=None
[2023-10-21T21:03:03.340+0000] {processor.py:175} INFO - Processing /home/airflow/.local/lib/python3.7/site-packages/airflow/example_dags/example_sensor_decorator.py took 0.047 seconds
[2023-10-21T22:27:16.283+0000] {processor.py:153} INFO - Started process (PID=9547) to work on /home/airflow/.local/lib/python3.7/site-packages/airflow/example_dags/example_sensor_decorator.py
[2023-10-21T22:27:16.284+0000] {processor.py:743} INFO - Processing file /home/airflow/.local/lib/python3.7/site-packages/airflow/example_dags/example_sensor_decorator.py for tasks to queue
[2023-10-21T22:27:16.284+0000] {logging_mixin.py:137} INFO - [2023-10-21T22:27:16.284+0000] {dagbag.py:538} INFO - Filling up the DagBag from /home/airflow/.local/lib/python3.7/site-packages/airflow/example_dags/example_sensor_decorator.py
[2023-10-21T22:27:16.297+0000] {processor.py:753} INFO - DAG(s) dict_keys(['example_sensor_decorator']) retrieved from /home/airflow/.local/lib/python3.7/site-packages/airflow/example_dags/example_sensor_decorator.py
[2023-10-21T22:27:16.310+0000] {logging_mixin.py:137} INFO - [2023-10-21T22:27:16.310+0000] {dag.py:2690} INFO - Sync 1 DAGs
[2023-10-21T22:27:16.322+0000] {logging_mixin.py:137} INFO - [2023-10-21T22:27:16.322+0000] {dag.py:3441} INFO - Setting next_dagrun for example_sensor_decorator to None, run_after=None
[2023-10-21T22:27:16.331+0000] {processor.py:175} INFO - Processing /home/airflow/.local/lib/python3.7/site-packages/airflow/example_dags/example_sensor_decorator.py took 0.050 seconds
[2023-10-21T23:50:30.263+0000] {processor.py:153} INFO - Started process (PID=9632) to work on /home/airflow/.local/lib/python3.7/site-packages/airflow/example_dags/example_sensor_decorator.py
[2023-10-21T23:50:30.264+0000] {processor.py:743} INFO - Processing file /home/airflow/.local/lib/python3.7/site-packages/airflow/example_dags/example_sensor_decorator.py for tasks to queue
[2023-10-21T23:50:30.264+0000] {logging_mixin.py:137} INFO - [2023-10-21T23:50:30.264+0000] {dagbag.py:538} INFO - Filling up the DagBag from /home/airflow/.local/lib/python3.7/site-packages/airflow/example_dags/example_sensor_decorator.py
[2023-10-21T23:50:30.275+0000] {processor.py:753} INFO - DAG(s) dict_keys(['example_sensor_decorator']) retrieved from /home/airflow/.local/lib/python3.7/site-packages/airflow/example_dags/example_sensor_decorator.py
[2023-10-21T23:50:30.288+0000] {logging_mixin.py:137} INFO - [2023-10-21T23:50:30.288+0000] {dag.py:2690} INFO - Sync 1 DAGs
[2023-10-21T23:50:30.299+0000] {logging_mixin.py:137} INFO - [2023-10-21T23:50:30.299+0000] {dag.py:3441} INFO - Setting next_dagrun for example_sensor_decorator to None, run_after=None
[2023-10-21T23:50:30.307+0000] {processor.py:175} INFO - Processing /home/airflow/.local/lib/python3.7/site-packages/airflow/example_dags/example_sensor_decorator.py took 0.046 seconds
