[2023-11-23T14:16:17.158+0000] {taskinstance.py:1083} INFO - Dependencies all met for <TaskInstance: parallel_dag.extract_b scheduled__2023-11-22T00:00:00+00:00 [queued]>
[2023-11-23T14:16:17.164+0000] {taskinstance.py:1083} INFO - Dependencies all met for <TaskInstance: parallel_dag.extract_b scheduled__2023-11-22T00:00:00+00:00 [queued]>
[2023-11-23T14:16:17.164+0000] {taskinstance.py:1279} INFO - 
--------------------------------------------------------------------------------
[2023-11-23T14:16:17.164+0000] {taskinstance.py:1280} INFO - Starting attempt 1 of 1
[2023-11-23T14:16:17.164+0000] {taskinstance.py:1281} INFO - 
--------------------------------------------------------------------------------
[2023-11-23T14:16:17.172+0000] {taskinstance.py:1300} INFO - Executing <Task(BashOperator): extract_b> on 2023-11-22 00:00:00+00:00
[2023-11-23T14:16:17.176+0000] {standard_task_runner.py:55} INFO - Started process 14272 to run task
[2023-11-23T14:16:17.179+0000] {standard_task_runner.py:82} INFO - Running: ['***', 'tasks', 'run', 'parallel_dag', 'extract_b', 'scheduled__2023-11-22T00:00:00+00:00', '--job-id', '118', '--raw', '--subdir', 'DAGS_FOLDER/parallel_dag.py', '--cfg-path', '/tmp/tmp3_0_wkrv']
[2023-11-23T14:16:17.179+0000] {standard_task_runner.py:83} INFO - Job 118: Subtask extract_b
[2023-11-23T14:16:17.216+0000] {task_command.py:388} INFO - Running <TaskInstance: parallel_dag.extract_b scheduled__2023-11-22T00:00:00+00:00 [running]> on host cff42873677f
[2023-11-23T14:16:17.258+0000] {taskinstance.py:1509} INFO - Exporting the following env vars:
AIRFLOW_CTX_DAG_OWNER=***
AIRFLOW_CTX_DAG_ID=parallel_dag
AIRFLOW_CTX_TASK_ID=extract_b
AIRFLOW_CTX_EXECUTION_DATE=2023-11-22T00:00:00+00:00
AIRFLOW_CTX_TRY_NUMBER=1
AIRFLOW_CTX_DAG_RUN_ID=scheduled__2023-11-22T00:00:00+00:00
[2023-11-23T14:16:17.260+0000] {subprocess.py:63} INFO - Tmp dir root location: 
 /tmp
[2023-11-23T14:16:17.260+0000] {subprocess.py:75} INFO - Running command: ['/bin/bash', '-c', 'sleep 1']
[2023-11-23T14:16:17.270+0000] {subprocess.py:86} INFO - Output:
[2023-11-23T14:16:18.273+0000] {subprocess.py:97} INFO - Command exited with return code 0
[2023-11-23T14:16:18.294+0000] {taskinstance.py:1323} INFO - Marking task as SUCCESS. dag_id=parallel_dag, task_id=extract_b, execution_date=20231122T000000, start_date=20231123T141617, end_date=20231123T141618
[2023-11-23T14:16:18.331+0000] {local_task_job.py:208} INFO - Task exited with return code 0
[2023-11-23T14:16:18.353+0000] {taskinstance.py:2578} INFO - 1 downstream tasks scheduled from follow-on schedule check
