[2023-12-04T01:17:11.623+0000] {taskinstance.py:1083} INFO - Dependencies all met for <TaskInstance: consumer.read_dataset dataset_triggered__2023-12-04T01:17:10.592431+00:00 [queued]>
[2023-12-04T01:17:11.627+0000] {taskinstance.py:1083} INFO - Dependencies all met for <TaskInstance: consumer.read_dataset dataset_triggered__2023-12-04T01:17:10.592431+00:00 [queued]>
[2023-12-04T01:17:11.628+0000] {taskinstance.py:1279} INFO - 
--------------------------------------------------------------------------------
[2023-12-04T01:17:11.628+0000] {taskinstance.py:1280} INFO - Starting attempt 1 of 1
[2023-12-04T01:17:11.628+0000] {taskinstance.py:1281} INFO - 
--------------------------------------------------------------------------------
[2023-12-04T01:17:11.634+0000] {taskinstance.py:1300} INFO - Executing <Task(_PythonDecoratedOperator): read_dataset> on 2023-12-04 01:17:10.592431+00:00
[2023-12-04T01:17:11.638+0000] {standard_task_runner.py:55} INFO - Started process 13109 to run task
[2023-12-04T01:17:11.641+0000] {standard_task_runner.py:82} INFO - Running: ['***', 'tasks', 'run', 'consumer', 'read_dataset', 'dataset_triggered__2023-12-04T01:17:10.592431+00:00', '--job-id', '215', '--raw', '--subdir', 'DAGS_FOLDER/consumer.py', '--cfg-path', '/tmp/tmp2mkxnwf2']
[2023-12-04T01:17:11.641+0000] {standard_task_runner.py:83} INFO - Job 215: Subtask read_dataset
[2023-12-04T01:17:11.671+0000] {task_command.py:388} INFO - Running <TaskInstance: consumer.read_dataset dataset_triggered__2023-12-04T01:17:10.592431+00:00 [running]> on host a63561e76058
[2023-12-04T01:17:11.703+0000] {taskinstance.py:1509} INFO - Exporting the following env vars:
AIRFLOW_CTX_DAG_OWNER=***
AIRFLOW_CTX_DAG_ID=consumer
AIRFLOW_CTX_TASK_ID=read_dataset
AIRFLOW_CTX_EXECUTION_DATE=2023-12-04T01:17:10.592431+00:00
AIRFLOW_CTX_TRY_NUMBER=1
AIRFLOW_CTX_DAG_RUN_ID=dataset_triggered__2023-12-04T01:17:10.592431+00:00
[2023-12-04T01:17:11.704+0000] {logging_mixin.py:137} INFO - Producer updateProducer updateProducer updateProducer updateProducer updateProducer updateProducer updateProducer updateProducer updateProducer updateProducer update
[2023-12-04T01:17:11.704+0000] {python.py:177} INFO - Done. Returned value was: None
[2023-12-04T01:17:11.709+0000] {taskinstance.py:1323} INFO - Marking task as SUCCESS. dag_id=consumer, task_id=read_dataset, execution_date=20231204T011710, start_date=20231204T011711, end_date=20231204T011711
[2023-12-04T01:17:11.733+0000] {local_task_job.py:208} INFO - Task exited with return code 0
[2023-12-04T01:17:11.742+0000] {taskinstance.py:2578} INFO - 0 downstream tasks scheduled from follow-on schedule check
