[2023-11-12T01:18:53.437+0000] {processor.py:153} INFO - Started process (PID=97396) to work on /home/airflow/.local/lib/python3.7/site-packages/airflow/example_dags/example_branch_operator.py
[2023-11-12T01:18:53.438+0000] {processor.py:743} INFO - Processing file /home/airflow/.local/lib/python3.7/site-packages/airflow/example_dags/example_branch_operator.py for tasks to queue
[2023-11-12T01:18:53.438+0000] {logging_mixin.py:137} INFO - [2023-11-12T01:18:53.438+0000] {dagbag.py:538} INFO - Filling up the DagBag from /home/airflow/.local/lib/python3.7/site-packages/airflow/example_dags/example_branch_operator.py
[2023-11-12T01:18:53.448+0000] {processor.py:753} INFO - DAG(s) dict_keys(['example_branch_operator']) retrieved from /home/airflow/.local/lib/python3.7/site-packages/airflow/example_dags/example_branch_operator.py
[2023-11-12T01:18:53.462+0000] {logging_mixin.py:137} INFO - [2023-11-12T01:18:53.462+0000] {dag.py:2690} INFO - Sync 1 DAGs
[2023-11-12T01:18:53.474+0000] {logging_mixin.py:137} INFO - [2023-11-12T01:18:53.474+0000] {dag.py:3441} INFO - Setting next_dagrun for example_branch_operator to 2023-11-11T00:00:00+00:00, run_after=2023-11-12T00:00:00+00:00
[2023-11-12T01:18:53.482+0000] {processor.py:175} INFO - Processing /home/airflow/.local/lib/python3.7/site-packages/airflow/example_dags/example_branch_operator.py took 0.047 seconds
[2023-11-12T02:37:17.964+0000] {processor.py:153} INFO - Started process (PID=97491) to work on /home/airflow/.local/lib/python3.7/site-packages/airflow/example_dags/example_branch_operator.py
[2023-11-12T02:37:17.965+0000] {processor.py:743} INFO - Processing file /home/airflow/.local/lib/python3.7/site-packages/airflow/example_dags/example_branch_operator.py for tasks to queue
[2023-11-12T02:37:17.966+0000] {logging_mixin.py:137} INFO - [2023-11-12T02:37:17.965+0000] {dagbag.py:538} INFO - Filling up the DagBag from /home/airflow/.local/lib/python3.7/site-packages/airflow/example_dags/example_branch_operator.py
[2023-11-12T02:37:17.976+0000] {processor.py:753} INFO - DAG(s) dict_keys(['example_branch_operator']) retrieved from /home/airflow/.local/lib/python3.7/site-packages/airflow/example_dags/example_branch_operator.py
[2023-11-12T02:37:17.991+0000] {logging_mixin.py:137} INFO - [2023-11-12T02:37:17.991+0000] {dag.py:2690} INFO - Sync 1 DAGs
[2023-11-12T02:37:18.004+0000] {logging_mixin.py:137} INFO - [2023-11-12T02:37:18.004+0000] {dag.py:3441} INFO - Setting next_dagrun for example_branch_operator to 2023-11-11T00:00:00+00:00, run_after=2023-11-12T00:00:00+00:00
[2023-11-12T02:37:18.013+0000] {processor.py:175} INFO - Processing /home/airflow/.local/lib/python3.7/site-packages/airflow/example_dags/example_branch_operator.py took 0.051 seconds
[2023-11-12T03:59:07.816+0000] {processor.py:153} INFO - Started process (PID=97568) to work on /home/airflow/.local/lib/python3.7/site-packages/airflow/example_dags/example_branch_operator.py
[2023-11-12T03:59:07.817+0000] {processor.py:743} INFO - Processing file /home/airflow/.local/lib/python3.7/site-packages/airflow/example_dags/example_branch_operator.py for tasks to queue
[2023-11-12T03:59:07.818+0000] {logging_mixin.py:137} INFO - [2023-11-12T03:59:07.818+0000] {dagbag.py:538} INFO - Filling up the DagBag from /home/airflow/.local/lib/python3.7/site-packages/airflow/example_dags/example_branch_operator.py
[2023-11-12T03:59:07.829+0000] {processor.py:753} INFO - DAG(s) dict_keys(['example_branch_operator']) retrieved from /home/airflow/.local/lib/python3.7/site-packages/airflow/example_dags/example_branch_operator.py
[2023-11-12T03:59:07.845+0000] {logging_mixin.py:137} INFO - [2023-11-12T03:59:07.845+0000] {dag.py:2690} INFO - Sync 1 DAGs
[2023-11-12T03:59:07.858+0000] {logging_mixin.py:137} INFO - [2023-11-12T03:59:07.858+0000] {dag.py:3441} INFO - Setting next_dagrun for example_branch_operator to 2023-11-11T00:00:00+00:00, run_after=2023-11-12T00:00:00+00:00
[2023-11-12T03:59:07.866+0000] {processor.py:175} INFO - Processing /home/airflow/.local/lib/python3.7/site-packages/airflow/example_dags/example_branch_operator.py took 0.052 seconds
[2023-11-12T05:21:07.688+0000] {processor.py:153} INFO - Started process (PID=97663) to work on /home/airflow/.local/lib/python3.7/site-packages/airflow/example_dags/example_branch_operator.py
[2023-11-12T05:21:07.689+0000] {processor.py:743} INFO - Processing file /home/airflow/.local/lib/python3.7/site-packages/airflow/example_dags/example_branch_operator.py for tasks to queue
[2023-11-12T05:21:07.690+0000] {logging_mixin.py:137} INFO - [2023-11-12T05:21:07.690+0000] {dagbag.py:538} INFO - Filling up the DagBag from /home/airflow/.local/lib/python3.7/site-packages/airflow/example_dags/example_branch_operator.py
[2023-11-12T05:21:07.709+0000] {processor.py:753} INFO - DAG(s) dict_keys(['example_branch_operator']) retrieved from /home/airflow/.local/lib/python3.7/site-packages/airflow/example_dags/example_branch_operator.py
[2023-11-12T05:21:07.738+0000] {logging_mixin.py:137} INFO - [2023-11-12T05:21:07.738+0000] {dag.py:2690} INFO - Sync 1 DAGs
[2023-11-12T05:21:07.758+0000] {logging_mixin.py:137} INFO - [2023-11-12T05:21:07.758+0000] {dag.py:3441} INFO - Setting next_dagrun for example_branch_operator to 2023-11-11T00:00:00+00:00, run_after=2023-11-12T00:00:00+00:00
[2023-11-12T05:21:07.780+0000] {processor.py:175} INFO - Processing /home/airflow/.local/lib/python3.7/site-packages/airflow/example_dags/example_branch_operator.py took 0.094 seconds
[2023-11-12T06:45:05.483+0000] {processor.py:153} INFO - Started process (PID=97740) to work on /home/airflow/.local/lib/python3.7/site-packages/airflow/example_dags/example_branch_operator.py
[2023-11-12T06:45:05.483+0000] {processor.py:743} INFO - Processing file /home/airflow/.local/lib/python3.7/site-packages/airflow/example_dags/example_branch_operator.py for tasks to queue
[2023-11-12T06:45:05.484+0000] {logging_mixin.py:137} INFO - [2023-11-12T06:45:05.484+0000] {dagbag.py:538} INFO - Filling up the DagBag from /home/airflow/.local/lib/python3.7/site-packages/airflow/example_dags/example_branch_operator.py
[2023-11-12T06:45:05.494+0000] {processor.py:753} INFO - DAG(s) dict_keys(['example_branch_operator']) retrieved from /home/airflow/.local/lib/python3.7/site-packages/airflow/example_dags/example_branch_operator.py
[2023-11-12T06:45:05.508+0000] {logging_mixin.py:137} INFO - [2023-11-12T06:45:05.508+0000] {dag.py:2690} INFO - Sync 1 DAGs
[2023-11-12T06:45:05.521+0000] {logging_mixin.py:137} INFO - [2023-11-12T06:45:05.521+0000] {dag.py:3441} INFO - Setting next_dagrun for example_branch_operator to 2023-11-11T00:00:00+00:00, run_after=2023-11-12T00:00:00+00:00
[2023-11-12T06:45:05.530+0000] {processor.py:175} INFO - Processing /home/airflow/.local/lib/python3.7/site-packages/airflow/example_dags/example_branch_operator.py took 0.049 seconds
[2023-11-12T07:55:56.546+0000] {processor.py:153} INFO - Started process (PID=97835) to work on /home/airflow/.local/lib/python3.7/site-packages/airflow/example_dags/example_branch_operator.py
[2023-11-12T07:55:56.547+0000] {processor.py:743} INFO - Processing file /home/airflow/.local/lib/python3.7/site-packages/airflow/example_dags/example_branch_operator.py for tasks to queue
[2023-11-12T07:55:56.547+0000] {logging_mixin.py:137} INFO - [2023-11-12T07:55:56.547+0000] {dagbag.py:538} INFO - Filling up the DagBag from /home/airflow/.local/lib/python3.7/site-packages/airflow/example_dags/example_branch_operator.py
[2023-11-12T07:55:56.557+0000] {processor.py:753} INFO - DAG(s) dict_keys(['example_branch_operator']) retrieved from /home/airflow/.local/lib/python3.7/site-packages/airflow/example_dags/example_branch_operator.py
[2023-11-12T07:55:56.570+0000] {logging_mixin.py:137} INFO - [2023-11-12T07:55:56.570+0000] {dag.py:2690} INFO - Sync 1 DAGs
[2023-11-12T07:55:56.582+0000] {logging_mixin.py:137} INFO - [2023-11-12T07:55:56.582+0000] {dag.py:3441} INFO - Setting next_dagrun for example_branch_operator to 2023-11-11T00:00:00+00:00, run_after=2023-11-12T00:00:00+00:00
[2023-11-12T07:55:56.589+0000] {processor.py:175} INFO - Processing /home/airflow/.local/lib/python3.7/site-packages/airflow/example_dags/example_branch_operator.py took 0.045 seconds
[2023-11-12T09:18:58.446+0000] {processor.py:153} INFO - Started process (PID=97930) to work on /home/airflow/.local/lib/python3.7/site-packages/airflow/example_dags/example_branch_operator.py
[2023-11-12T09:18:58.447+0000] {processor.py:743} INFO - Processing file /home/airflow/.local/lib/python3.7/site-packages/airflow/example_dags/example_branch_operator.py for tasks to queue
[2023-11-12T09:18:58.447+0000] {logging_mixin.py:137} INFO - [2023-11-12T09:18:58.447+0000] {dagbag.py:538} INFO - Filling up the DagBag from /home/airflow/.local/lib/python3.7/site-packages/airflow/example_dags/example_branch_operator.py
[2023-11-12T09:18:58.458+0000] {processor.py:753} INFO - DAG(s) dict_keys(['example_branch_operator']) retrieved from /home/airflow/.local/lib/python3.7/site-packages/airflow/example_dags/example_branch_operator.py
[2023-11-12T09:18:58.472+0000] {logging_mixin.py:137} INFO - [2023-11-12T09:18:58.472+0000] {dag.py:2690} INFO - Sync 1 DAGs
[2023-11-12T09:18:58.485+0000] {logging_mixin.py:137} INFO - [2023-11-12T09:18:58.485+0000] {dag.py:3441} INFO - Setting next_dagrun for example_branch_operator to 2023-11-11T00:00:00+00:00, run_after=2023-11-12T00:00:00+00:00
[2023-11-12T09:18:58.493+0000] {processor.py:175} INFO - Processing /home/airflow/.local/lib/python3.7/site-packages/airflow/example_dags/example_branch_operator.py took 0.049 seconds
[2023-11-12T10:42:13.368+0000] {processor.py:153} INFO - Started process (PID=98007) to work on /home/airflow/.local/lib/python3.7/site-packages/airflow/example_dags/example_branch_operator.py
[2023-11-12T10:42:13.369+0000] {processor.py:743} INFO - Processing file /home/airflow/.local/lib/python3.7/site-packages/airflow/example_dags/example_branch_operator.py for tasks to queue
[2023-11-12T10:42:13.369+0000] {logging_mixin.py:137} INFO - [2023-11-12T10:42:13.369+0000] {dagbag.py:538} INFO - Filling up the DagBag from /home/airflow/.local/lib/python3.7/site-packages/airflow/example_dags/example_branch_operator.py
[2023-11-12T10:42:13.381+0000] {processor.py:753} INFO - DAG(s) dict_keys(['example_branch_operator']) retrieved from /home/airflow/.local/lib/python3.7/site-packages/airflow/example_dags/example_branch_operator.py
[2023-11-12T10:42:13.396+0000] {logging_mixin.py:137} INFO - [2023-11-12T10:42:13.396+0000] {dag.py:2690} INFO - Sync 1 DAGs
[2023-11-12T10:42:13.409+0000] {logging_mixin.py:137} INFO - [2023-11-12T10:42:13.409+0000] {dag.py:3441} INFO - Setting next_dagrun for example_branch_operator to 2023-11-11T00:00:00+00:00, run_after=2023-11-12T00:00:00+00:00
[2023-11-12T10:42:13.417+0000] {processor.py:175} INFO - Processing /home/airflow/.local/lib/python3.7/site-packages/airflow/example_dags/example_branch_operator.py took 0.051 seconds
[2023-11-12T12:03:52.937+0000] {processor.py:153} INFO - Started process (PID=98102) to work on /home/airflow/.local/lib/python3.7/site-packages/airflow/example_dags/example_branch_operator.py
[2023-11-12T12:03:52.937+0000] {processor.py:743} INFO - Processing file /home/airflow/.local/lib/python3.7/site-packages/airflow/example_dags/example_branch_operator.py for tasks to queue
[2023-11-12T12:03:52.938+0000] {logging_mixin.py:137} INFO - [2023-11-12T12:03:52.938+0000] {dagbag.py:538} INFO - Filling up the DagBag from /home/airflow/.local/lib/python3.7/site-packages/airflow/example_dags/example_branch_operator.py
[2023-11-12T12:03:52.948+0000] {processor.py:753} INFO - DAG(s) dict_keys(['example_branch_operator']) retrieved from /home/airflow/.local/lib/python3.7/site-packages/airflow/example_dags/example_branch_operator.py
[2023-11-12T12:03:52.963+0000] {logging_mixin.py:137} INFO - [2023-11-12T12:03:52.963+0000] {dag.py:2690} INFO - Sync 1 DAGs
[2023-11-12T12:03:52.976+0000] {logging_mixin.py:137} INFO - [2023-11-12T12:03:52.976+0000] {dag.py:3441} INFO - Setting next_dagrun for example_branch_operator to 2023-11-11T00:00:00+00:00, run_after=2023-11-12T00:00:00+00:00
[2023-11-12T12:03:52.984+0000] {processor.py:175} INFO - Processing /home/airflow/.local/lib/python3.7/site-packages/airflow/example_dags/example_branch_operator.py took 0.050 seconds
[2023-11-12T13:30:16.466+0000] {processor.py:153} INFO - Started process (PID=98197) to work on /home/airflow/.local/lib/python3.7/site-packages/airflow/example_dags/example_branch_operator.py
[2023-11-12T13:30:16.467+0000] {processor.py:743} INFO - Processing file /home/airflow/.local/lib/python3.7/site-packages/airflow/example_dags/example_branch_operator.py for tasks to queue
[2023-11-12T13:30:16.467+0000] {logging_mixin.py:137} INFO - [2023-11-12T13:30:16.467+0000] {dagbag.py:538} INFO - Filling up the DagBag from /home/airflow/.local/lib/python3.7/site-packages/airflow/example_dags/example_branch_operator.py
[2023-11-12T13:30:16.478+0000] {processor.py:753} INFO - DAG(s) dict_keys(['example_branch_operator']) retrieved from /home/airflow/.local/lib/python3.7/site-packages/airflow/example_dags/example_branch_operator.py
[2023-11-12T13:30:16.492+0000] {logging_mixin.py:137} INFO - [2023-11-12T13:30:16.492+0000] {dag.py:2690} INFO - Sync 1 DAGs
[2023-11-12T13:30:16.505+0000] {logging_mixin.py:137} INFO - [2023-11-12T13:30:16.505+0000] {dag.py:3441} INFO - Setting next_dagrun for example_branch_operator to 2023-11-11T00:00:00+00:00, run_after=2023-11-12T00:00:00+00:00
[2023-11-12T13:30:16.513+0000] {processor.py:175} INFO - Processing /home/airflow/.local/lib/python3.7/site-packages/airflow/example_dags/example_branch_operator.py took 0.049 seconds
[2023-11-12T14:52:27.150+0000] {processor.py:153} INFO - Started process (PID=98274) to work on /home/airflow/.local/lib/python3.7/site-packages/airflow/example_dags/example_branch_operator.py
[2023-11-12T14:52:27.151+0000] {processor.py:743} INFO - Processing file /home/airflow/.local/lib/python3.7/site-packages/airflow/example_dags/example_branch_operator.py for tasks to queue
[2023-11-12T14:52:27.151+0000] {logging_mixin.py:137} INFO - [2023-11-12T14:52:27.151+0000] {dagbag.py:538} INFO - Filling up the DagBag from /home/airflow/.local/lib/python3.7/site-packages/airflow/example_dags/example_branch_operator.py
[2023-11-12T14:52:27.165+0000] {processor.py:753} INFO - DAG(s) dict_keys(['example_branch_operator']) retrieved from /home/airflow/.local/lib/python3.7/site-packages/airflow/example_dags/example_branch_operator.py
[2023-11-12T14:52:27.184+0000] {logging_mixin.py:137} INFO - [2023-11-12T14:52:27.184+0000] {dag.py:2690} INFO - Sync 1 DAGs
[2023-11-12T14:52:27.202+0000] {logging_mixin.py:137} INFO - [2023-11-12T14:52:27.202+0000] {dag.py:3441} INFO - Setting next_dagrun for example_branch_operator to 2023-11-11T00:00:00+00:00, run_after=2023-11-12T00:00:00+00:00
[2023-11-12T14:52:27.211+0000] {processor.py:175} INFO - Processing /home/airflow/.local/lib/python3.7/site-packages/airflow/example_dags/example_branch_operator.py took 0.064 seconds
[2023-11-12T15:54:09.962+0000] {processor.py:153} INFO - Started process (PID=98369) to work on /home/airflow/.local/lib/python3.7/site-packages/airflow/example_dags/example_branch_operator.py
[2023-11-12T15:54:09.963+0000] {processor.py:743} INFO - Processing file /home/airflow/.local/lib/python3.7/site-packages/airflow/example_dags/example_branch_operator.py for tasks to queue
[2023-11-12T15:54:09.963+0000] {logging_mixin.py:137} INFO - [2023-11-12T15:54:09.963+0000] {dagbag.py:538} INFO - Filling up the DagBag from /home/airflow/.local/lib/python3.7/site-packages/airflow/example_dags/example_branch_operator.py
[2023-11-12T15:54:09.974+0000] {processor.py:753} INFO - DAG(s) dict_keys(['example_branch_operator']) retrieved from /home/airflow/.local/lib/python3.7/site-packages/airflow/example_dags/example_branch_operator.py
[2023-11-12T15:54:09.988+0000] {logging_mixin.py:137} INFO - [2023-11-12T15:54:09.987+0000] {dag.py:2690} INFO - Sync 1 DAGs
[2023-11-12T15:54:09.999+0000] {logging_mixin.py:137} INFO - [2023-11-12T15:54:09.999+0000] {dag.py:3441} INFO - Setting next_dagrun for example_branch_operator to 2023-11-11T00:00:00+00:00, run_after=2023-11-12T00:00:00+00:00
[2023-11-12T15:54:10.008+0000] {processor.py:175} INFO - Processing /home/airflow/.local/lib/python3.7/site-packages/airflow/example_dags/example_branch_operator.py took 0.048 seconds
[2023-11-12T17:14:34.040+0000] {processor.py:153} INFO - Started process (PID=98464) to work on /home/airflow/.local/lib/python3.7/site-packages/airflow/example_dags/example_branch_operator.py
[2023-11-12T17:14:34.040+0000] {processor.py:743} INFO - Processing file /home/airflow/.local/lib/python3.7/site-packages/airflow/example_dags/example_branch_operator.py for tasks to queue
[2023-11-12T17:14:34.041+0000] {logging_mixin.py:137} INFO - [2023-11-12T17:14:34.041+0000] {dagbag.py:538} INFO - Filling up the DagBag from /home/airflow/.local/lib/python3.7/site-packages/airflow/example_dags/example_branch_operator.py
[2023-11-12T17:14:34.052+0000] {processor.py:753} INFO - DAG(s) dict_keys(['example_branch_operator']) retrieved from /home/airflow/.local/lib/python3.7/site-packages/airflow/example_dags/example_branch_operator.py
[2023-11-12T17:14:34.067+0000] {logging_mixin.py:137} INFO - [2023-11-12T17:14:34.067+0000] {dag.py:2690} INFO - Sync 1 DAGs
[2023-11-12T17:14:34.079+0000] {logging_mixin.py:137} INFO - [2023-11-12T17:14:34.079+0000] {dag.py:3441} INFO - Setting next_dagrun for example_branch_operator to 2023-11-11T00:00:00+00:00, run_after=2023-11-12T00:00:00+00:00
[2023-11-12T17:14:34.088+0000] {processor.py:175} INFO - Processing /home/airflow/.local/lib/python3.7/site-packages/airflow/example_dags/example_branch_operator.py took 0.050 seconds
[2023-11-12T18:37:24.979+0000] {processor.py:153} INFO - Started process (PID=98559) to work on /home/airflow/.local/lib/python3.7/site-packages/airflow/example_dags/example_branch_operator.py
[2023-11-12T18:37:24.987+0000] {processor.py:743} INFO - Processing file /home/airflow/.local/lib/python3.7/site-packages/airflow/example_dags/example_branch_operator.py for tasks to queue
[2023-11-12T18:37:24.997+0000] {logging_mixin.py:137} INFO - [2023-11-12T18:37:24.997+0000] {dagbag.py:538} INFO - Filling up the DagBag from /home/airflow/.local/lib/python3.7/site-packages/airflow/example_dags/example_branch_operator.py
[2023-11-12T18:37:25.016+0000] {processor.py:753} INFO - DAG(s) dict_keys(['example_branch_operator']) retrieved from /home/airflow/.local/lib/python3.7/site-packages/airflow/example_dags/example_branch_operator.py
[2023-11-12T18:37:25.082+0000] {logging_mixin.py:137} INFO - [2023-11-12T18:37:25.082+0000] {dag.py:2690} INFO - Sync 1 DAGs
[2023-11-12T18:37:25.105+0000] {logging_mixin.py:137} INFO - [2023-11-12T18:37:25.105+0000] {dag.py:3441} INFO - Setting next_dagrun for example_branch_operator to 2023-11-11T00:00:00+00:00, run_after=2023-11-12T00:00:00+00:00
[2023-11-12T18:37:25.477+0000] {processor.py:175} INFO - Processing /home/airflow/.local/lib/python3.7/site-packages/airflow/example_dags/example_branch_operator.py took 0.502 seconds
[2023-11-12T20:01:03.057+0000] {processor.py:153} INFO - Started process (PID=98636) to work on /home/airflow/.local/lib/python3.7/site-packages/airflow/example_dags/example_branch_operator.py
[2023-11-12T20:01:03.058+0000] {processor.py:743} INFO - Processing file /home/airflow/.local/lib/python3.7/site-packages/airflow/example_dags/example_branch_operator.py for tasks to queue
[2023-11-12T20:01:03.058+0000] {logging_mixin.py:137} INFO - [2023-11-12T20:01:03.058+0000] {dagbag.py:538} INFO - Filling up the DagBag from /home/airflow/.local/lib/python3.7/site-packages/airflow/example_dags/example_branch_operator.py
[2023-11-12T20:01:03.069+0000] {processor.py:753} INFO - DAG(s) dict_keys(['example_branch_operator']) retrieved from /home/airflow/.local/lib/python3.7/site-packages/airflow/example_dags/example_branch_operator.py
[2023-11-12T20:01:03.084+0000] {logging_mixin.py:137} INFO - [2023-11-12T20:01:03.084+0000] {dag.py:2690} INFO - Sync 1 DAGs
[2023-11-12T20:01:03.096+0000] {logging_mixin.py:137} INFO - [2023-11-12T20:01:03.096+0000] {dag.py:3441} INFO - Setting next_dagrun for example_branch_operator to 2023-11-11T00:00:00+00:00, run_after=2023-11-12T00:00:00+00:00
[2023-11-12T20:01:03.104+0000] {processor.py:175} INFO - Processing /home/airflow/.local/lib/python3.7/site-packages/airflow/example_dags/example_branch_operator.py took 0.048 seconds
[2023-11-12T21:24:51.952+0000] {processor.py:153} INFO - Started process (PID=98731) to work on /home/airflow/.local/lib/python3.7/site-packages/airflow/example_dags/example_branch_operator.py
[2023-11-12T21:24:51.952+0000] {processor.py:743} INFO - Processing file /home/airflow/.local/lib/python3.7/site-packages/airflow/example_dags/example_branch_operator.py for tasks to queue
[2023-11-12T21:24:51.952+0000] {logging_mixin.py:137} INFO - [2023-11-12T21:24:51.952+0000] {dagbag.py:538} INFO - Filling up the DagBag from /home/airflow/.local/lib/python3.7/site-packages/airflow/example_dags/example_branch_operator.py
[2023-11-12T21:24:51.963+0000] {processor.py:753} INFO - DAG(s) dict_keys(['example_branch_operator']) retrieved from /home/airflow/.local/lib/python3.7/site-packages/airflow/example_dags/example_branch_operator.py
[2023-11-12T21:24:51.977+0000] {logging_mixin.py:137} INFO - [2023-11-12T21:24:51.977+0000] {dag.py:2690} INFO - Sync 1 DAGs
[2023-11-12T21:24:51.990+0000] {logging_mixin.py:137} INFO - [2023-11-12T21:24:51.990+0000] {dag.py:3441} INFO - Setting next_dagrun for example_branch_operator to 2023-11-11T00:00:00+00:00, run_after=2023-11-12T00:00:00+00:00
[2023-11-12T21:24:51.999+0000] {processor.py:175} INFO - Processing /home/airflow/.local/lib/python3.7/site-packages/airflow/example_dags/example_branch_operator.py took 0.049 seconds
[2023-11-12T22:44:57.946+0000] {processor.py:153} INFO - Started process (PID=98815) to work on /home/airflow/.local/lib/python3.7/site-packages/airflow/example_dags/example_branch_operator.py
[2023-11-12T22:44:57.946+0000] {processor.py:743} INFO - Processing file /home/airflow/.local/lib/python3.7/site-packages/airflow/example_dags/example_branch_operator.py for tasks to queue
[2023-11-12T22:44:57.947+0000] {logging_mixin.py:137} INFO - [2023-11-12T22:44:57.946+0000] {dagbag.py:538} INFO - Filling up the DagBag from /home/airflow/.local/lib/python3.7/site-packages/airflow/example_dags/example_branch_operator.py
[2023-11-12T22:44:57.958+0000] {processor.py:753} INFO - DAG(s) dict_keys(['example_branch_operator']) retrieved from /home/airflow/.local/lib/python3.7/site-packages/airflow/example_dags/example_branch_operator.py
[2023-11-12T22:44:57.972+0000] {logging_mixin.py:137} INFO - [2023-11-12T22:44:57.972+0000] {dag.py:2690} INFO - Sync 1 DAGs
[2023-11-12T22:44:57.986+0000] {logging_mixin.py:137} INFO - [2023-11-12T22:44:57.986+0000] {dag.py:3441} INFO - Setting next_dagrun for example_branch_operator to 2023-11-11T00:00:00+00:00, run_after=2023-11-12T00:00:00+00:00
[2023-11-12T22:44:57.995+0000] {processor.py:175} INFO - Processing /home/airflow/.local/lib/python3.7/site-packages/airflow/example_dags/example_branch_operator.py took 0.051 seconds
[2023-11-12T23:50:11.286+0000] {processor.py:153} INFO - Started process (PID=98903) to work on /home/airflow/.local/lib/python3.7/site-packages/airflow/example_dags/example_branch_operator.py
[2023-11-12T23:50:11.286+0000] {processor.py:743} INFO - Processing file /home/airflow/.local/lib/python3.7/site-packages/airflow/example_dags/example_branch_operator.py for tasks to queue
[2023-11-12T23:50:11.286+0000] {logging_mixin.py:137} INFO - [2023-11-12T23:50:11.286+0000] {dagbag.py:538} INFO - Filling up the DagBag from /home/airflow/.local/lib/python3.7/site-packages/airflow/example_dags/example_branch_operator.py
[2023-11-12T23:50:11.297+0000] {processor.py:753} INFO - DAG(s) dict_keys(['example_branch_operator']) retrieved from /home/airflow/.local/lib/python3.7/site-packages/airflow/example_dags/example_branch_operator.py
[2023-11-12T23:50:11.311+0000] {logging_mixin.py:137} INFO - [2023-11-12T23:50:11.311+0000] {dag.py:2690} INFO - Sync 1 DAGs
[2023-11-12T23:50:11.323+0000] {logging_mixin.py:137} INFO - [2023-11-12T23:50:11.323+0000] {dag.py:3441} INFO - Setting next_dagrun for example_branch_operator to 2023-11-11T00:00:00+00:00, run_after=2023-11-12T00:00:00+00:00
[2023-11-12T23:50:11.331+0000] {processor.py:175} INFO - Processing /home/airflow/.local/lib/python3.7/site-packages/airflow/example_dags/example_branch_operator.py took 0.048 seconds
