[2023-11-12T01:18:53.252+0000] {processor.py:153} INFO - Started process (PID=97391) to work on /home/airflow/.local/lib/python3.7/site-packages/airflow/example_dags/example_short_circuit_decorator.py
[2023-11-12T01:18:53.253+0000] {processor.py:743} INFO - Processing file /home/airflow/.local/lib/python3.7/site-packages/airflow/example_dags/example_short_circuit_decorator.py for tasks to queue
[2023-11-12T01:18:53.253+0000] {logging_mixin.py:137} INFO - [2023-11-12T01:18:53.253+0000] {dagbag.py:538} INFO - Filling up the DagBag from /home/airflow/.local/lib/python3.7/site-packages/airflow/example_dags/example_short_circuit_decorator.py
[2023-11-12T01:18:53.267+0000] {processor.py:753} INFO - DAG(s) dict_keys(['example_short_circuit_decorator']) retrieved from /home/airflow/.local/lib/python3.7/site-packages/airflow/example_dags/example_short_circuit_decorator.py
[2023-11-12T01:18:53.280+0000] {logging_mixin.py:137} INFO - [2023-11-12T01:18:53.280+0000] {dag.py:2690} INFO - Sync 1 DAGs
[2023-11-12T01:18:53.292+0000] {logging_mixin.py:137} INFO - [2023-11-12T01:18:53.292+0000] {dag.py:3441} INFO - Setting next_dagrun for example_short_circuit_decorator to 2023-11-11T01:18:53.291928+00:00, run_after=2023-11-12T01:18:53.291928+00:00
[2023-11-12T01:18:53.300+0000] {processor.py:175} INFO - Processing /home/airflow/.local/lib/python3.7/site-packages/airflow/example_dags/example_short_circuit_decorator.py took 0.050 seconds
[2023-11-12T02:37:17.750+0000] {processor.py:153} INFO - Started process (PID=97486) to work on /home/airflow/.local/lib/python3.7/site-packages/airflow/example_dags/example_short_circuit_decorator.py
[2023-11-12T02:37:17.750+0000] {processor.py:743} INFO - Processing file /home/airflow/.local/lib/python3.7/site-packages/airflow/example_dags/example_short_circuit_decorator.py for tasks to queue
[2023-11-12T02:37:17.751+0000] {logging_mixin.py:137} INFO - [2023-11-12T02:37:17.751+0000] {dagbag.py:538} INFO - Filling up the DagBag from /home/airflow/.local/lib/python3.7/site-packages/airflow/example_dags/example_short_circuit_decorator.py
[2023-11-12T02:37:17.767+0000] {processor.py:753} INFO - DAG(s) dict_keys(['example_short_circuit_decorator']) retrieved from /home/airflow/.local/lib/python3.7/site-packages/airflow/example_dags/example_short_circuit_decorator.py
[2023-11-12T02:37:17.782+0000] {logging_mixin.py:137} INFO - [2023-11-12T02:37:17.782+0000] {dag.py:2690} INFO - Sync 1 DAGs
[2023-11-12T02:37:17.797+0000] {logging_mixin.py:137} INFO - [2023-11-12T02:37:17.797+0000] {dag.py:3441} INFO - Setting next_dagrun for example_short_circuit_decorator to 2023-11-11T02:37:17.797360+00:00, run_after=2023-11-12T02:37:17.797360+00:00
[2023-11-12T02:37:17.807+0000] {processor.py:175} INFO - Processing /home/airflow/.local/lib/python3.7/site-packages/airflow/example_dags/example_short_circuit_decorator.py took 0.059 seconds
[2023-11-12T03:59:07.595+0000] {processor.py:153} INFO - Started process (PID=97563) to work on /home/airflow/.local/lib/python3.7/site-packages/airflow/example_dags/example_short_circuit_decorator.py
[2023-11-12T03:59:07.596+0000] {processor.py:743} INFO - Processing file /home/airflow/.local/lib/python3.7/site-packages/airflow/example_dags/example_short_circuit_decorator.py for tasks to queue
[2023-11-12T03:59:07.597+0000] {logging_mixin.py:137} INFO - [2023-11-12T03:59:07.597+0000] {dagbag.py:538} INFO - Filling up the DagBag from /home/airflow/.local/lib/python3.7/site-packages/airflow/example_dags/example_short_circuit_decorator.py
[2023-11-12T03:59:07.617+0000] {processor.py:753} INFO - DAG(s) dict_keys(['example_short_circuit_decorator']) retrieved from /home/airflow/.local/lib/python3.7/site-packages/airflow/example_dags/example_short_circuit_decorator.py
[2023-11-12T03:59:07.635+0000] {logging_mixin.py:137} INFO - [2023-11-12T03:59:07.635+0000] {dag.py:2690} INFO - Sync 1 DAGs
[2023-11-12T03:59:07.652+0000] {logging_mixin.py:137} INFO - [2023-11-12T03:59:07.652+0000] {dag.py:3441} INFO - Setting next_dagrun for example_short_circuit_decorator to 2023-11-11T03:59:07.651998+00:00, run_after=2023-11-12T03:59:07.651998+00:00
[2023-11-12T03:59:07.666+0000] {processor.py:175} INFO - Processing /home/airflow/.local/lib/python3.7/site-packages/airflow/example_dags/example_short_circuit_decorator.py took 0.075 seconds
[2023-11-12T05:21:07.488+0000] {processor.py:153} INFO - Started process (PID=97658) to work on /home/airflow/.local/lib/python3.7/site-packages/airflow/example_dags/example_short_circuit_decorator.py
[2023-11-12T05:21:07.489+0000] {processor.py:743} INFO - Processing file /home/airflow/.local/lib/python3.7/site-packages/airflow/example_dags/example_short_circuit_decorator.py for tasks to queue
[2023-11-12T05:21:07.489+0000] {logging_mixin.py:137} INFO - [2023-11-12T05:21:07.489+0000] {dagbag.py:538} INFO - Filling up the DagBag from /home/airflow/.local/lib/python3.7/site-packages/airflow/example_dags/example_short_circuit_decorator.py
[2023-11-12T05:21:07.510+0000] {processor.py:753} INFO - DAG(s) dict_keys(['example_short_circuit_decorator']) retrieved from /home/airflow/.local/lib/python3.7/site-packages/airflow/example_dags/example_short_circuit_decorator.py
[2023-11-12T05:21:07.529+0000] {logging_mixin.py:137} INFO - [2023-11-12T05:21:07.529+0000] {dag.py:2690} INFO - Sync 1 DAGs
[2023-11-12T05:21:07.547+0000] {logging_mixin.py:137} INFO - [2023-11-12T05:21:07.547+0000] {dag.py:3441} INFO - Setting next_dagrun for example_short_circuit_decorator to 2023-11-11T05:21:07.547453+00:00, run_after=2023-11-12T05:21:07.547453+00:00
[2023-11-12T05:21:07.560+0000] {processor.py:175} INFO - Processing /home/airflow/.local/lib/python3.7/site-packages/airflow/example_dags/example_short_circuit_decorator.py took 0.076 seconds
[2023-11-12T06:45:05.339+0000] {processor.py:153} INFO - Started process (PID=97735) to work on /home/airflow/.local/lib/python3.7/site-packages/airflow/example_dags/example_short_circuit_decorator.py
[2023-11-12T06:45:05.339+0000] {processor.py:743} INFO - Processing file /home/airflow/.local/lib/python3.7/site-packages/airflow/example_dags/example_short_circuit_decorator.py for tasks to queue
[2023-11-12T06:45:05.340+0000] {logging_mixin.py:137} INFO - [2023-11-12T06:45:05.340+0000] {dagbag.py:538} INFO - Filling up the DagBag from /home/airflow/.local/lib/python3.7/site-packages/airflow/example_dags/example_short_circuit_decorator.py
[2023-11-12T06:45:05.355+0000] {processor.py:753} INFO - DAG(s) dict_keys(['example_short_circuit_decorator']) retrieved from /home/airflow/.local/lib/python3.7/site-packages/airflow/example_dags/example_short_circuit_decorator.py
[2023-11-12T06:45:05.368+0000] {logging_mixin.py:137} INFO - [2023-11-12T06:45:05.368+0000] {dag.py:2690} INFO - Sync 1 DAGs
[2023-11-12T06:45:05.381+0000] {logging_mixin.py:137} INFO - [2023-11-12T06:45:05.381+0000] {dag.py:3441} INFO - Setting next_dagrun for example_short_circuit_decorator to 2023-11-11T06:45:05.381627+00:00, run_after=2023-11-12T06:45:05.381627+00:00
[2023-11-12T06:45:05.390+0000] {processor.py:175} INFO - Processing /home/airflow/.local/lib/python3.7/site-packages/airflow/example_dags/example_short_circuit_decorator.py took 0.054 seconds
[2023-11-12T07:55:56.368+0000] {processor.py:153} INFO - Started process (PID=97830) to work on /home/airflow/.local/lib/python3.7/site-packages/airflow/example_dags/example_short_circuit_decorator.py
[2023-11-12T07:55:56.368+0000] {processor.py:743} INFO - Processing file /home/airflow/.local/lib/python3.7/site-packages/airflow/example_dags/example_short_circuit_decorator.py for tasks to queue
[2023-11-12T07:55:56.369+0000] {logging_mixin.py:137} INFO - [2023-11-12T07:55:56.369+0000] {dagbag.py:538} INFO - Filling up the DagBag from /home/airflow/.local/lib/python3.7/site-packages/airflow/example_dags/example_short_circuit_decorator.py
[2023-11-12T07:55:56.383+0000] {processor.py:753} INFO - DAG(s) dict_keys(['example_short_circuit_decorator']) retrieved from /home/airflow/.local/lib/python3.7/site-packages/airflow/example_dags/example_short_circuit_decorator.py
[2023-11-12T07:55:56.396+0000] {logging_mixin.py:137} INFO - [2023-11-12T07:55:56.396+0000] {dag.py:2690} INFO - Sync 1 DAGs
[2023-11-12T07:55:56.407+0000] {logging_mixin.py:137} INFO - [2023-11-12T07:55:56.407+0000] {dag.py:3441} INFO - Setting next_dagrun for example_short_circuit_decorator to 2023-11-11T07:55:56.407486+00:00, run_after=2023-11-12T07:55:56.407486+00:00
[2023-11-12T07:55:56.415+0000] {processor.py:175} INFO - Processing /home/airflow/.local/lib/python3.7/site-packages/airflow/example_dags/example_short_circuit_decorator.py took 0.049 seconds
[2023-11-12T09:18:58.299+0000] {processor.py:153} INFO - Started process (PID=97925) to work on /home/airflow/.local/lib/python3.7/site-packages/airflow/example_dags/example_short_circuit_decorator.py
[2023-11-12T09:18:58.300+0000] {processor.py:743} INFO - Processing file /home/airflow/.local/lib/python3.7/site-packages/airflow/example_dags/example_short_circuit_decorator.py for tasks to queue
[2023-11-12T09:18:58.300+0000] {logging_mixin.py:137} INFO - [2023-11-12T09:18:58.300+0000] {dagbag.py:538} INFO - Filling up the DagBag from /home/airflow/.local/lib/python3.7/site-packages/airflow/example_dags/example_short_circuit_decorator.py
[2023-11-12T09:18:58.315+0000] {processor.py:753} INFO - DAG(s) dict_keys(['example_short_circuit_decorator']) retrieved from /home/airflow/.local/lib/python3.7/site-packages/airflow/example_dags/example_short_circuit_decorator.py
[2023-11-12T09:18:58.328+0000] {logging_mixin.py:137} INFO - [2023-11-12T09:18:58.328+0000] {dag.py:2690} INFO - Sync 1 DAGs
[2023-11-12T09:18:58.340+0000] {logging_mixin.py:137} INFO - [2023-11-12T09:18:58.340+0000] {dag.py:3441} INFO - Setting next_dagrun for example_short_circuit_decorator to 2023-11-11T09:18:58.340691+00:00, run_after=2023-11-12T09:18:58.340691+00:00
[2023-11-12T09:18:58.349+0000] {processor.py:175} INFO - Processing /home/airflow/.local/lib/python3.7/site-packages/airflow/example_dags/example_short_circuit_decorator.py took 0.052 seconds
[2023-11-12T10:42:13.222+0000] {processor.py:153} INFO - Started process (PID=98002) to work on /home/airflow/.local/lib/python3.7/site-packages/airflow/example_dags/example_short_circuit_decorator.py
[2023-11-12T10:42:13.223+0000] {processor.py:743} INFO - Processing file /home/airflow/.local/lib/python3.7/site-packages/airflow/example_dags/example_short_circuit_decorator.py for tasks to queue
[2023-11-12T10:42:13.223+0000] {logging_mixin.py:137} INFO - [2023-11-12T10:42:13.223+0000] {dagbag.py:538} INFO - Filling up the DagBag from /home/airflow/.local/lib/python3.7/site-packages/airflow/example_dags/example_short_circuit_decorator.py
[2023-11-12T10:42:13.238+0000] {processor.py:753} INFO - DAG(s) dict_keys(['example_short_circuit_decorator']) retrieved from /home/airflow/.local/lib/python3.7/site-packages/airflow/example_dags/example_short_circuit_decorator.py
[2023-11-12T10:42:13.251+0000] {logging_mixin.py:137} INFO - [2023-11-12T10:42:13.251+0000] {dag.py:2690} INFO - Sync 1 DAGs
[2023-11-12T10:42:13.264+0000] {logging_mixin.py:137} INFO - [2023-11-12T10:42:13.264+0000] {dag.py:3441} INFO - Setting next_dagrun for example_short_circuit_decorator to 2023-11-11T10:42:13.264353+00:00, run_after=2023-11-12T10:42:13.264353+00:00
[2023-11-12T10:42:13.273+0000] {processor.py:175} INFO - Processing /home/airflow/.local/lib/python3.7/site-packages/airflow/example_dags/example_short_circuit_decorator.py took 0.053 seconds
[2023-11-12T12:03:52.785+0000] {processor.py:153} INFO - Started process (PID=98097) to work on /home/airflow/.local/lib/python3.7/site-packages/airflow/example_dags/example_short_circuit_decorator.py
[2023-11-12T12:03:52.786+0000] {processor.py:743} INFO - Processing file /home/airflow/.local/lib/python3.7/site-packages/airflow/example_dags/example_short_circuit_decorator.py for tasks to queue
[2023-11-12T12:03:52.786+0000] {logging_mixin.py:137} INFO - [2023-11-12T12:03:52.786+0000] {dagbag.py:538} INFO - Filling up the DagBag from /home/airflow/.local/lib/python3.7/site-packages/airflow/example_dags/example_short_circuit_decorator.py
[2023-11-12T12:03:52.801+0000] {processor.py:753} INFO - DAG(s) dict_keys(['example_short_circuit_decorator']) retrieved from /home/airflow/.local/lib/python3.7/site-packages/airflow/example_dags/example_short_circuit_decorator.py
[2023-11-12T12:03:52.814+0000] {logging_mixin.py:137} INFO - [2023-11-12T12:03:52.814+0000] {dag.py:2690} INFO - Sync 1 DAGs
[2023-11-12T12:03:52.826+0000] {logging_mixin.py:137} INFO - [2023-11-12T12:03:52.826+0000] {dag.py:3441} INFO - Setting next_dagrun for example_short_circuit_decorator to 2023-11-11T12:03:52.826457+00:00, run_after=2023-11-12T12:03:52.826457+00:00
[2023-11-12T12:03:52.835+0000] {processor.py:175} INFO - Processing /home/airflow/.local/lib/python3.7/site-packages/airflow/example_dags/example_short_circuit_decorator.py took 0.052 seconds
[2023-11-12T13:30:16.310+0000] {processor.py:153} INFO - Started process (PID=98192) to work on /home/airflow/.local/lib/python3.7/site-packages/airflow/example_dags/example_short_circuit_decorator.py
[2023-11-12T13:30:16.310+0000] {processor.py:743} INFO - Processing file /home/airflow/.local/lib/python3.7/site-packages/airflow/example_dags/example_short_circuit_decorator.py for tasks to queue
[2023-11-12T13:30:16.311+0000] {logging_mixin.py:137} INFO - [2023-11-12T13:30:16.311+0000] {dagbag.py:538} INFO - Filling up the DagBag from /home/airflow/.local/lib/python3.7/site-packages/airflow/example_dags/example_short_circuit_decorator.py
[2023-11-12T13:30:16.325+0000] {processor.py:753} INFO - DAG(s) dict_keys(['example_short_circuit_decorator']) retrieved from /home/airflow/.local/lib/python3.7/site-packages/airflow/example_dags/example_short_circuit_decorator.py
[2023-11-12T13:30:16.338+0000] {logging_mixin.py:137} INFO - [2023-11-12T13:30:16.338+0000] {dag.py:2690} INFO - Sync 1 DAGs
[2023-11-12T13:30:16.350+0000] {logging_mixin.py:137} INFO - [2023-11-12T13:30:16.350+0000] {dag.py:3441} INFO - Setting next_dagrun for example_short_circuit_decorator to 2023-11-11T13:30:16.350104+00:00, run_after=2023-11-12T13:30:16.350104+00:00
[2023-11-12T13:30:16.359+0000] {processor.py:175} INFO - Processing /home/airflow/.local/lib/python3.7/site-packages/airflow/example_dags/example_short_circuit_decorator.py took 0.051 seconds
[2023-11-12T14:52:26.928+0000] {processor.py:153} INFO - Started process (PID=98269) to work on /home/airflow/.local/lib/python3.7/site-packages/airflow/example_dags/example_short_circuit_decorator.py
[2023-11-12T14:52:26.929+0000] {processor.py:743} INFO - Processing file /home/airflow/.local/lib/python3.7/site-packages/airflow/example_dags/example_short_circuit_decorator.py for tasks to queue
[2023-11-12T14:52:26.930+0000] {logging_mixin.py:137} INFO - [2023-11-12T14:52:26.930+0000] {dagbag.py:538} INFO - Filling up the DagBag from /home/airflow/.local/lib/python3.7/site-packages/airflow/example_dags/example_short_circuit_decorator.py
[2023-11-12T14:52:26.948+0000] {processor.py:753} INFO - DAG(s) dict_keys(['example_short_circuit_decorator']) retrieved from /home/airflow/.local/lib/python3.7/site-packages/airflow/example_dags/example_short_circuit_decorator.py
[2023-11-12T14:52:26.973+0000] {logging_mixin.py:137} INFO - [2023-11-12T14:52:26.972+0000] {dag.py:2690} INFO - Sync 1 DAGs
[2023-11-12T14:52:26.988+0000] {logging_mixin.py:137} INFO - [2023-11-12T14:52:26.988+0000] {dag.py:3441} INFO - Setting next_dagrun for example_short_circuit_decorator to 2023-11-11T14:52:26.988328+00:00, run_after=2023-11-12T14:52:26.988328+00:00
[2023-11-12T14:52:27.000+0000] {processor.py:175} INFO - Processing /home/airflow/.local/lib/python3.7/site-packages/airflow/example_dags/example_short_circuit_decorator.py took 0.074 seconds
[2023-11-12T15:54:09.827+0000] {processor.py:153} INFO - Started process (PID=98364) to work on /home/airflow/.local/lib/python3.7/site-packages/airflow/example_dags/example_short_circuit_decorator.py
[2023-11-12T15:54:09.827+0000] {processor.py:743} INFO - Processing file /home/airflow/.local/lib/python3.7/site-packages/airflow/example_dags/example_short_circuit_decorator.py for tasks to queue
[2023-11-12T15:54:09.828+0000] {logging_mixin.py:137} INFO - [2023-11-12T15:54:09.828+0000] {dagbag.py:538} INFO - Filling up the DagBag from /home/airflow/.local/lib/python3.7/site-packages/airflow/example_dags/example_short_circuit_decorator.py
[2023-11-12T15:54:09.842+0000] {processor.py:753} INFO - DAG(s) dict_keys(['example_short_circuit_decorator']) retrieved from /home/airflow/.local/lib/python3.7/site-packages/airflow/example_dags/example_short_circuit_decorator.py
[2023-11-12T15:54:09.856+0000] {logging_mixin.py:137} INFO - [2023-11-12T15:54:09.855+0000] {dag.py:2690} INFO - Sync 1 DAGs
[2023-11-12T15:54:09.867+0000] {logging_mixin.py:137} INFO - [2023-11-12T15:54:09.867+0000] {dag.py:3441} INFO - Setting next_dagrun for example_short_circuit_decorator to 2023-11-11T15:54:09.867460+00:00, run_after=2023-11-12T15:54:09.867460+00:00
[2023-11-12T15:54:09.875+0000] {processor.py:175} INFO - Processing /home/airflow/.local/lib/python3.7/site-packages/airflow/example_dags/example_short_circuit_decorator.py took 0.050 seconds
[2023-11-12T17:14:33.902+0000] {processor.py:153} INFO - Started process (PID=98459) to work on /home/airflow/.local/lib/python3.7/site-packages/airflow/example_dags/example_short_circuit_decorator.py
[2023-11-12T17:14:33.902+0000] {processor.py:743} INFO - Processing file /home/airflow/.local/lib/python3.7/site-packages/airflow/example_dags/example_short_circuit_decorator.py for tasks to queue
[2023-11-12T17:14:33.903+0000] {logging_mixin.py:137} INFO - [2023-11-12T17:14:33.902+0000] {dagbag.py:538} INFO - Filling up the DagBag from /home/airflow/.local/lib/python3.7/site-packages/airflow/example_dags/example_short_circuit_decorator.py
[2023-11-12T17:14:33.917+0000] {processor.py:753} INFO - DAG(s) dict_keys(['example_short_circuit_decorator']) retrieved from /home/airflow/.local/lib/python3.7/site-packages/airflow/example_dags/example_short_circuit_decorator.py
[2023-11-12T17:14:33.930+0000] {logging_mixin.py:137} INFO - [2023-11-12T17:14:33.930+0000] {dag.py:2690} INFO - Sync 1 DAGs
[2023-11-12T17:14:33.942+0000] {logging_mixin.py:137} INFO - [2023-11-12T17:14:33.942+0000] {dag.py:3441} INFO - Setting next_dagrun for example_short_circuit_decorator to 2023-11-11T17:14:33.942496+00:00, run_after=2023-11-12T17:14:33.942496+00:00
[2023-11-12T17:14:33.952+0000] {processor.py:175} INFO - Processing /home/airflow/.local/lib/python3.7/site-packages/airflow/example_dags/example_short_circuit_decorator.py took 0.052 seconds
[2023-11-12T18:37:24.817+0000] {processor.py:153} INFO - Started process (PID=98545) to work on /home/airflow/.local/lib/python3.7/site-packages/airflow/example_dags/example_short_circuit_decorator.py
[2023-11-12T18:37:24.817+0000] {processor.py:743} INFO - Processing file /home/airflow/.local/lib/python3.7/site-packages/airflow/example_dags/example_short_circuit_decorator.py for tasks to queue
[2023-11-12T18:37:24.818+0000] {logging_mixin.py:137} INFO - [2023-11-12T18:37:24.818+0000] {dagbag.py:538} INFO - Filling up the DagBag from /home/airflow/.local/lib/python3.7/site-packages/airflow/example_dags/example_short_circuit_decorator.py
[2023-11-12T18:37:24.832+0000] {processor.py:753} INFO - DAG(s) dict_keys(['example_short_circuit_decorator']) retrieved from /home/airflow/.local/lib/python3.7/site-packages/airflow/example_dags/example_short_circuit_decorator.py
[2023-11-12T18:37:24.846+0000] {logging_mixin.py:137} INFO - [2023-11-12T18:37:24.846+0000] {dag.py:2690} INFO - Sync 1 DAGs
[2023-11-12T18:37:24.858+0000] {logging_mixin.py:137} INFO - [2023-11-12T18:37:24.858+0000] {dag.py:3441} INFO - Setting next_dagrun for example_short_circuit_decorator to 2023-11-11T18:37:24.858616+00:00, run_after=2023-11-12T18:37:24.858616+00:00
[2023-11-12T18:37:24.868+0000] {processor.py:175} INFO - Processing /home/airflow/.local/lib/python3.7/site-packages/airflow/example_dags/example_short_circuit_decorator.py took 0.053 seconds
[2023-11-12T20:01:02.878+0000] {processor.py:153} INFO - Started process (PID=98631) to work on /home/airflow/.local/lib/python3.7/site-packages/airflow/example_dags/example_short_circuit_decorator.py
[2023-11-12T20:01:02.878+0000] {processor.py:743} INFO - Processing file /home/airflow/.local/lib/python3.7/site-packages/airflow/example_dags/example_short_circuit_decorator.py for tasks to queue
[2023-11-12T20:01:02.879+0000] {logging_mixin.py:137} INFO - [2023-11-12T20:01:02.879+0000] {dagbag.py:538} INFO - Filling up the DagBag from /home/airflow/.local/lib/python3.7/site-packages/airflow/example_dags/example_short_circuit_decorator.py
[2023-11-12T20:01:02.894+0000] {processor.py:753} INFO - DAG(s) dict_keys(['example_short_circuit_decorator']) retrieved from /home/airflow/.local/lib/python3.7/site-packages/airflow/example_dags/example_short_circuit_decorator.py
[2023-11-12T20:01:02.907+0000] {logging_mixin.py:137} INFO - [2023-11-12T20:01:02.907+0000] {dag.py:2690} INFO - Sync 1 DAGs
[2023-11-12T20:01:02.918+0000] {logging_mixin.py:137} INFO - [2023-11-12T20:01:02.918+0000] {dag.py:3441} INFO - Setting next_dagrun for example_short_circuit_decorator to 2023-11-11T20:01:02.918718+00:00, run_after=2023-11-12T20:01:02.918718+00:00
[2023-11-12T20:01:02.927+0000] {processor.py:175} INFO - Processing /home/airflow/.local/lib/python3.7/site-packages/airflow/example_dags/example_short_circuit_decorator.py took 0.051 seconds
[2023-11-12T21:24:51.797+0000] {processor.py:153} INFO - Started process (PID=98726) to work on /home/airflow/.local/lib/python3.7/site-packages/airflow/example_dags/example_short_circuit_decorator.py
[2023-11-12T21:24:51.798+0000] {processor.py:743} INFO - Processing file /home/airflow/.local/lib/python3.7/site-packages/airflow/example_dags/example_short_circuit_decorator.py for tasks to queue
[2023-11-12T21:24:51.798+0000] {logging_mixin.py:137} INFO - [2023-11-12T21:24:51.798+0000] {dagbag.py:538} INFO - Filling up the DagBag from /home/airflow/.local/lib/python3.7/site-packages/airflow/example_dags/example_short_circuit_decorator.py
[2023-11-12T21:24:51.812+0000] {processor.py:753} INFO - DAG(s) dict_keys(['example_short_circuit_decorator']) retrieved from /home/airflow/.local/lib/python3.7/site-packages/airflow/example_dags/example_short_circuit_decorator.py
[2023-11-12T21:24:51.825+0000] {logging_mixin.py:137} INFO - [2023-11-12T21:24:51.825+0000] {dag.py:2690} INFO - Sync 1 DAGs
[2023-11-12T21:24:51.837+0000] {logging_mixin.py:137} INFO - [2023-11-12T21:24:51.837+0000] {dag.py:3441} INFO - Setting next_dagrun for example_short_circuit_decorator to 2023-11-11T21:24:51.837468+00:00, run_after=2023-11-12T21:24:51.837468+00:00
[2023-11-12T21:24:51.846+0000] {processor.py:175} INFO - Processing /home/airflow/.local/lib/python3.7/site-packages/airflow/example_dags/example_short_circuit_decorator.py took 0.051 seconds
[2023-11-12T22:44:57.782+0000] {processor.py:153} INFO - Started process (PID=98803) to work on /home/airflow/.local/lib/python3.7/site-packages/airflow/example_dags/example_short_circuit_decorator.py
[2023-11-12T22:44:57.783+0000] {processor.py:743} INFO - Processing file /home/airflow/.local/lib/python3.7/site-packages/airflow/example_dags/example_short_circuit_decorator.py for tasks to queue
[2023-11-12T22:44:57.783+0000] {logging_mixin.py:137} INFO - [2023-11-12T22:44:57.783+0000] {dagbag.py:538} INFO - Filling up the DagBag from /home/airflow/.local/lib/python3.7/site-packages/airflow/example_dags/example_short_circuit_decorator.py
[2023-11-12T22:44:57.797+0000] {processor.py:753} INFO - DAG(s) dict_keys(['example_short_circuit_decorator']) retrieved from /home/airflow/.local/lib/python3.7/site-packages/airflow/example_dags/example_short_circuit_decorator.py
[2023-11-12T22:44:57.811+0000] {logging_mixin.py:137} INFO - [2023-11-12T22:44:57.811+0000] {dag.py:2690} INFO - Sync 1 DAGs
[2023-11-12T22:44:57.823+0000] {logging_mixin.py:137} INFO - [2023-11-12T22:44:57.823+0000] {dag.py:3441} INFO - Setting next_dagrun for example_short_circuit_decorator to 2023-11-11T22:44:57.823075+00:00, run_after=2023-11-12T22:44:57.823075+00:00
[2023-11-12T22:44:57.832+0000] {processor.py:175} INFO - Processing /home/airflow/.local/lib/python3.7/site-packages/airflow/example_dags/example_short_circuit_decorator.py took 0.051 seconds
[2023-11-12T23:50:11.124+0000] {processor.py:153} INFO - Started process (PID=98898) to work on /home/airflow/.local/lib/python3.7/site-packages/airflow/example_dags/example_short_circuit_decorator.py
[2023-11-12T23:50:11.124+0000] {processor.py:743} INFO - Processing file /home/airflow/.local/lib/python3.7/site-packages/airflow/example_dags/example_short_circuit_decorator.py for tasks to queue
[2023-11-12T23:50:11.125+0000] {logging_mixin.py:137} INFO - [2023-11-12T23:50:11.125+0000] {dagbag.py:538} INFO - Filling up the DagBag from /home/airflow/.local/lib/python3.7/site-packages/airflow/example_dags/example_short_circuit_decorator.py
[2023-11-12T23:50:11.144+0000] {processor.py:753} INFO - DAG(s) dict_keys(['example_short_circuit_decorator']) retrieved from /home/airflow/.local/lib/python3.7/site-packages/airflow/example_dags/example_short_circuit_decorator.py
[2023-11-12T23:50:11.163+0000] {logging_mixin.py:137} INFO - [2023-11-12T23:50:11.162+0000] {dag.py:2690} INFO - Sync 1 DAGs
[2023-11-12T23:50:11.182+0000] {logging_mixin.py:137} INFO - [2023-11-12T23:50:11.182+0000] {dag.py:3441} INFO - Setting next_dagrun for example_short_circuit_decorator to 2023-11-11T23:50:11.182076+00:00, run_after=2023-11-12T23:50:11.182076+00:00
[2023-11-12T23:50:11.192+0000] {processor.py:175} INFO - Processing /home/airflow/.local/lib/python3.7/site-packages/airflow/example_dags/example_short_circuit_decorator.py took 0.070 seconds
