[2023-11-12T01:18:53.549+0000] {processor.py:153} INFO - Started process (PID=97398) to work on /home/airflow/.local/lib/python3.7/site-packages/airflow/example_dags/example_datasets.py
[2023-11-12T01:18:53.549+0000] {processor.py:743} INFO - Processing file /home/airflow/.local/lib/python3.7/site-packages/airflow/example_dags/example_datasets.py for tasks to queue
[2023-11-12T01:18:53.550+0000] {logging_mixin.py:137} INFO - [2023-11-12T01:18:53.550+0000] {dagbag.py:538} INFO - Filling up the DagBag from /home/airflow/.local/lib/python3.7/site-packages/airflow/example_dags/example_datasets.py
[2023-11-12T01:18:53.561+0000] {processor.py:753} INFO - DAG(s) dict_keys(['dataset_consumes_1', 'dataset_consumes_unknown_never_scheduled', 'dataset_consumes_1_and_2', 'dataset_produces_1', 'dataset_consumes_1_never_scheduled', 'dataset_produces_2']) retrieved from /home/airflow/.local/lib/python3.7/site-packages/airflow/example_dags/example_datasets.py
[2023-11-12T01:18:53.580+0000] {logging_mixin.py:137} INFO - [2023-11-12T01:18:53.580+0000] {dag.py:2690} INFO - Sync 6 DAGs
[2023-11-12T01:18:53.593+0000] {logging_mixin.py:137} INFO - [2023-11-12T01:18:53.593+0000] {dag.py:3441} INFO - Setting next_dagrun for dataset_consumes_1 to None, run_after=None
[2023-11-12T01:18:53.595+0000] {logging_mixin.py:137} INFO - [2023-11-12T01:18:53.594+0000] {dag.py:3441} INFO - Setting next_dagrun for dataset_consumes_1_and_2 to None, run_after=None
[2023-11-12T01:18:53.595+0000] {logging_mixin.py:137} INFO - [2023-11-12T01:18:53.595+0000] {dag.py:3441} INFO - Setting next_dagrun for dataset_consumes_1_never_scheduled to None, run_after=None
[2023-11-12T01:18:53.596+0000] {logging_mixin.py:137} INFO - [2023-11-12T01:18:53.595+0000] {dag.py:3441} INFO - Setting next_dagrun for dataset_consumes_unknown_never_scheduled to None, run_after=None
[2023-11-12T01:18:53.597+0000] {logging_mixin.py:137} INFO - [2023-11-12T01:18:53.597+0000] {dag.py:3441} INFO - Setting next_dagrun for dataset_produces_1 to 2023-11-11T00:00:00+00:00, run_after=2023-11-12T00:00:00+00:00
[2023-11-12T01:18:53.597+0000] {logging_mixin.py:137} INFO - [2023-11-12T01:18:53.597+0000] {dag.py:3441} INFO - Setting next_dagrun for dataset_produces_2 to None, run_after=None
[2023-11-12T01:18:53.612+0000] {processor.py:175} INFO - Processing /home/airflow/.local/lib/python3.7/site-packages/airflow/example_dags/example_datasets.py took 0.066 seconds
[2023-11-12T02:37:18.092+0000] {processor.py:153} INFO - Started process (PID=97493) to work on /home/airflow/.local/lib/python3.7/site-packages/airflow/example_dags/example_datasets.py
[2023-11-12T02:37:18.092+0000] {processor.py:743} INFO - Processing file /home/airflow/.local/lib/python3.7/site-packages/airflow/example_dags/example_datasets.py for tasks to queue
[2023-11-12T02:37:18.093+0000] {logging_mixin.py:137} INFO - [2023-11-12T02:37:18.093+0000] {dagbag.py:538} INFO - Filling up the DagBag from /home/airflow/.local/lib/python3.7/site-packages/airflow/example_dags/example_datasets.py
[2023-11-12T02:37:18.107+0000] {processor.py:753} INFO - DAG(s) dict_keys(['dataset_consumes_1_and_2', 'dataset_consumes_1', 'dataset_produces_1', 'dataset_produces_2', 'dataset_consumes_1_never_scheduled', 'dataset_consumes_unknown_never_scheduled']) retrieved from /home/airflow/.local/lib/python3.7/site-packages/airflow/example_dags/example_datasets.py
[2023-11-12T02:37:18.132+0000] {logging_mixin.py:137} INFO - [2023-11-12T02:37:18.132+0000] {dag.py:2690} INFO - Sync 6 DAGs
[2023-11-12T02:37:18.147+0000] {logging_mixin.py:137} INFO - [2023-11-12T02:37:18.147+0000] {dag.py:3441} INFO - Setting next_dagrun for dataset_consumes_1 to None, run_after=None
[2023-11-12T02:37:18.148+0000] {logging_mixin.py:137} INFO - [2023-11-12T02:37:18.148+0000] {dag.py:3441} INFO - Setting next_dagrun for dataset_consumes_1_and_2 to None, run_after=None
[2023-11-12T02:37:18.149+0000] {logging_mixin.py:137} INFO - [2023-11-12T02:37:18.149+0000] {dag.py:3441} INFO - Setting next_dagrun for dataset_consumes_1_never_scheduled to None, run_after=None
[2023-11-12T02:37:18.150+0000] {logging_mixin.py:137} INFO - [2023-11-12T02:37:18.150+0000] {dag.py:3441} INFO - Setting next_dagrun for dataset_consumes_unknown_never_scheduled to None, run_after=None
[2023-11-12T02:37:18.151+0000] {logging_mixin.py:137} INFO - [2023-11-12T02:37:18.151+0000] {dag.py:3441} INFO - Setting next_dagrun for dataset_produces_1 to 2023-11-11T00:00:00+00:00, run_after=2023-11-12T00:00:00+00:00
[2023-11-12T02:37:18.152+0000] {logging_mixin.py:137} INFO - [2023-11-12T02:37:18.152+0000] {dag.py:3441} INFO - Setting next_dagrun for dataset_produces_2 to None, run_after=None
[2023-11-12T02:37:18.222+0000] {processor.py:175} INFO - Processing /home/airflow/.local/lib/python3.7/site-packages/airflow/example_dags/example_datasets.py took 0.133 seconds
[2023-11-12T03:59:07.880+0000] {processor.py:153} INFO - Started process (PID=97570) to work on /home/airflow/.local/lib/python3.7/site-packages/airflow/example_dags/example_datasets.py
[2023-11-12T03:59:07.880+0000] {processor.py:743} INFO - Processing file /home/airflow/.local/lib/python3.7/site-packages/airflow/example_dags/example_datasets.py for tasks to queue
[2023-11-12T03:59:07.881+0000] {logging_mixin.py:137} INFO - [2023-11-12T03:59:07.881+0000] {dagbag.py:538} INFO - Filling up the DagBag from /home/airflow/.local/lib/python3.7/site-packages/airflow/example_dags/example_datasets.py
[2023-11-12T03:59:07.890+0000] {processor.py:753} INFO - DAG(s) dict_keys(['dataset_produces_2', 'dataset_consumes_unknown_never_scheduled', 'dataset_produces_1', 'dataset_consumes_1_never_scheduled', 'dataset_consumes_1', 'dataset_consumes_1_and_2']) retrieved from /home/airflow/.local/lib/python3.7/site-packages/airflow/example_dags/example_datasets.py
[2023-11-12T03:59:07.910+0000] {logging_mixin.py:137} INFO - [2023-11-12T03:59:07.910+0000] {dag.py:2690} INFO - Sync 6 DAGs
[2023-11-12T03:59:07.924+0000] {logging_mixin.py:137} INFO - [2023-11-12T03:59:07.924+0000] {dag.py:3441} INFO - Setting next_dagrun for dataset_consumes_1 to None, run_after=None
[2023-11-12T03:59:07.927+0000] {logging_mixin.py:137} INFO - [2023-11-12T03:59:07.927+0000] {dag.py:3441} INFO - Setting next_dagrun for dataset_consumes_1_and_2 to None, run_after=None
[2023-11-12T03:59:07.927+0000] {logging_mixin.py:137} INFO - [2023-11-12T03:59:07.927+0000] {dag.py:3441} INFO - Setting next_dagrun for dataset_consumes_1_never_scheduled to None, run_after=None
[2023-11-12T03:59:07.928+0000] {logging_mixin.py:137} INFO - [2023-11-12T03:59:07.928+0000] {dag.py:3441} INFO - Setting next_dagrun for dataset_consumes_unknown_never_scheduled to None, run_after=None
[2023-11-12T03:59:07.930+0000] {logging_mixin.py:137} INFO - [2023-11-12T03:59:07.930+0000] {dag.py:3441} INFO - Setting next_dagrun for dataset_produces_1 to 2023-11-11T00:00:00+00:00, run_after=2023-11-12T00:00:00+00:00
[2023-11-12T03:59:07.931+0000] {logging_mixin.py:137} INFO - [2023-11-12T03:59:07.931+0000] {dag.py:3441} INFO - Setting next_dagrun for dataset_produces_2 to None, run_after=None
[2023-11-12T03:59:07.950+0000] {processor.py:175} INFO - Processing /home/airflow/.local/lib/python3.7/site-packages/airflow/example_dags/example_datasets.py took 0.072 seconds
[2023-11-12T05:21:07.804+0000] {processor.py:153} INFO - Started process (PID=97665) to work on /home/airflow/.local/lib/python3.7/site-packages/airflow/example_dags/example_datasets.py
[2023-11-12T05:21:07.805+0000] {processor.py:743} INFO - Processing file /home/airflow/.local/lib/python3.7/site-packages/airflow/example_dags/example_datasets.py for tasks to queue
[2023-11-12T05:21:07.806+0000] {logging_mixin.py:137} INFO - [2023-11-12T05:21:07.806+0000] {dagbag.py:538} INFO - Filling up the DagBag from /home/airflow/.local/lib/python3.7/site-packages/airflow/example_dags/example_datasets.py
[2023-11-12T05:21:07.823+0000] {processor.py:753} INFO - DAG(s) dict_keys(['dataset_consumes_unknown_never_scheduled', 'dataset_produces_1', 'dataset_consumes_1_never_scheduled', 'dataset_produces_2', 'dataset_consumes_1_and_2', 'dataset_consumes_1']) retrieved from /home/airflow/.local/lib/python3.7/site-packages/airflow/example_dags/example_datasets.py
[2023-11-12T05:21:07.854+0000] {logging_mixin.py:137} INFO - [2023-11-12T05:21:07.854+0000] {dag.py:2690} INFO - Sync 6 DAGs
[2023-11-12T05:21:07.868+0000] {logging_mixin.py:137} INFO - [2023-11-12T05:21:07.868+0000] {dag.py:3441} INFO - Setting next_dagrun for dataset_consumes_1 to None, run_after=None
[2023-11-12T05:21:07.870+0000] {logging_mixin.py:137} INFO - [2023-11-12T05:21:07.870+0000] {dag.py:3441} INFO - Setting next_dagrun for dataset_consumes_1_and_2 to None, run_after=None
[2023-11-12T05:21:07.870+0000] {logging_mixin.py:137} INFO - [2023-11-12T05:21:07.870+0000] {dag.py:3441} INFO - Setting next_dagrun for dataset_consumes_1_never_scheduled to None, run_after=None
[2023-11-12T05:21:07.871+0000] {logging_mixin.py:137} INFO - [2023-11-12T05:21:07.871+0000] {dag.py:3441} INFO - Setting next_dagrun for dataset_consumes_unknown_never_scheduled to None, run_after=None
[2023-11-12T05:21:07.872+0000] {logging_mixin.py:137} INFO - [2023-11-12T05:21:07.872+0000] {dag.py:3441} INFO - Setting next_dagrun for dataset_produces_1 to 2023-11-11T00:00:00+00:00, run_after=2023-11-12T00:00:00+00:00
[2023-11-12T05:21:07.873+0000] {logging_mixin.py:137} INFO - [2023-11-12T05:21:07.873+0000] {dag.py:3441} INFO - Setting next_dagrun for dataset_produces_2 to None, run_after=None
[2023-11-12T05:21:07.891+0000] {processor.py:175} INFO - Processing /home/airflow/.local/lib/python3.7/site-packages/airflow/example_dags/example_datasets.py took 0.091 seconds
[2023-11-12T06:45:05.543+0000] {processor.py:153} INFO - Started process (PID=97742) to work on /home/airflow/.local/lib/python3.7/site-packages/airflow/example_dags/example_datasets.py
[2023-11-12T06:45:05.544+0000] {processor.py:743} INFO - Processing file /home/airflow/.local/lib/python3.7/site-packages/airflow/example_dags/example_datasets.py for tasks to queue
[2023-11-12T06:45:05.544+0000] {logging_mixin.py:137} INFO - [2023-11-12T06:45:05.544+0000] {dagbag.py:538} INFO - Filling up the DagBag from /home/airflow/.local/lib/python3.7/site-packages/airflow/example_dags/example_datasets.py
[2023-11-12T06:45:05.555+0000] {processor.py:753} INFO - DAG(s) dict_keys(['dataset_consumes_unknown_never_scheduled', 'dataset_consumes_1', 'dataset_produces_1', 'dataset_consumes_1_never_scheduled', 'dataset_consumes_1_and_2', 'dataset_produces_2']) retrieved from /home/airflow/.local/lib/python3.7/site-packages/airflow/example_dags/example_datasets.py
[2023-11-12T06:45:05.575+0000] {logging_mixin.py:137} INFO - [2023-11-12T06:45:05.575+0000] {dag.py:2690} INFO - Sync 6 DAGs
[2023-11-12T06:45:05.588+0000] {logging_mixin.py:137} INFO - [2023-11-12T06:45:05.588+0000] {dag.py:3441} INFO - Setting next_dagrun for dataset_consumes_1 to None, run_after=None
[2023-11-12T06:45:05.590+0000] {logging_mixin.py:137} INFO - [2023-11-12T06:45:05.590+0000] {dag.py:3441} INFO - Setting next_dagrun for dataset_consumes_1_and_2 to None, run_after=None
[2023-11-12T06:45:05.591+0000] {logging_mixin.py:137} INFO - [2023-11-12T06:45:05.591+0000] {dag.py:3441} INFO - Setting next_dagrun for dataset_consumes_1_never_scheduled to None, run_after=None
[2023-11-12T06:45:05.591+0000] {logging_mixin.py:137} INFO - [2023-11-12T06:45:05.591+0000] {dag.py:3441} INFO - Setting next_dagrun for dataset_consumes_unknown_never_scheduled to None, run_after=None
[2023-11-12T06:45:05.593+0000] {logging_mixin.py:137} INFO - [2023-11-12T06:45:05.593+0000] {dag.py:3441} INFO - Setting next_dagrun for dataset_produces_1 to 2023-11-11T00:00:00+00:00, run_after=2023-11-12T00:00:00+00:00
[2023-11-12T06:45:05.593+0000] {logging_mixin.py:137} INFO - [2023-11-12T06:45:05.593+0000] {dag.py:3441} INFO - Setting next_dagrun for dataset_produces_2 to None, run_after=None
[2023-11-12T06:45:05.610+0000] {processor.py:175} INFO - Processing /home/airflow/.local/lib/python3.7/site-packages/airflow/example_dags/example_datasets.py took 0.069 seconds
[2023-11-12T07:55:56.659+0000] {processor.py:153} INFO - Started process (PID=97837) to work on /home/airflow/.local/lib/python3.7/site-packages/airflow/example_dags/example_datasets.py
[2023-11-12T07:55:56.659+0000] {processor.py:743} INFO - Processing file /home/airflow/.local/lib/python3.7/site-packages/airflow/example_dags/example_datasets.py for tasks to queue
[2023-11-12T07:55:56.660+0000] {logging_mixin.py:137} INFO - [2023-11-12T07:55:56.660+0000] {dagbag.py:538} INFO - Filling up the DagBag from /home/airflow/.local/lib/python3.7/site-packages/airflow/example_dags/example_datasets.py
[2023-11-12T07:55:56.670+0000] {processor.py:753} INFO - DAG(s) dict_keys(['dataset_produces_2', 'dataset_consumes_unknown_never_scheduled', 'dataset_consumes_1_and_2', 'dataset_consumes_1', 'dataset_consumes_1_never_scheduled', 'dataset_produces_1']) retrieved from /home/airflow/.local/lib/python3.7/site-packages/airflow/example_dags/example_datasets.py
[2023-11-12T07:55:56.691+0000] {logging_mixin.py:137} INFO - [2023-11-12T07:55:56.691+0000] {dag.py:2690} INFO - Sync 6 DAGs
[2023-11-12T07:55:56.703+0000] {logging_mixin.py:137} INFO - [2023-11-12T07:55:56.703+0000] {dag.py:3441} INFO - Setting next_dagrun for dataset_consumes_1 to None, run_after=None
[2023-11-12T07:55:56.704+0000] {logging_mixin.py:137} INFO - [2023-11-12T07:55:56.704+0000] {dag.py:3441} INFO - Setting next_dagrun for dataset_consumes_1_and_2 to None, run_after=None
[2023-11-12T07:55:56.705+0000] {logging_mixin.py:137} INFO - [2023-11-12T07:55:56.705+0000] {dag.py:3441} INFO - Setting next_dagrun for dataset_consumes_1_never_scheduled to None, run_after=None
[2023-11-12T07:55:56.705+0000] {logging_mixin.py:137} INFO - [2023-11-12T07:55:56.705+0000] {dag.py:3441} INFO - Setting next_dagrun for dataset_consumes_unknown_never_scheduled to None, run_after=None
[2023-11-12T07:55:56.706+0000] {logging_mixin.py:137} INFO - [2023-11-12T07:55:56.706+0000] {dag.py:3441} INFO - Setting next_dagrun for dataset_produces_1 to 2023-11-11T00:00:00+00:00, run_after=2023-11-12T00:00:00+00:00
[2023-11-12T07:55:56.707+0000] {logging_mixin.py:137} INFO - [2023-11-12T07:55:56.707+0000] {dag.py:3441} INFO - Setting next_dagrun for dataset_produces_2 to None, run_after=None
[2023-11-12T07:55:56.722+0000] {processor.py:175} INFO - Processing /home/airflow/.local/lib/python3.7/site-packages/airflow/example_dags/example_datasets.py took 0.065 seconds
[2023-11-12T09:18:58.506+0000] {processor.py:153} INFO - Started process (PID=97932) to work on /home/airflow/.local/lib/python3.7/site-packages/airflow/example_dags/example_datasets.py
[2023-11-12T09:18:58.507+0000] {processor.py:743} INFO - Processing file /home/airflow/.local/lib/python3.7/site-packages/airflow/example_dags/example_datasets.py for tasks to queue
[2023-11-12T09:18:58.507+0000] {logging_mixin.py:137} INFO - [2023-11-12T09:18:58.507+0000] {dagbag.py:538} INFO - Filling up the DagBag from /home/airflow/.local/lib/python3.7/site-packages/airflow/example_dags/example_datasets.py
[2023-11-12T09:18:58.517+0000] {processor.py:753} INFO - DAG(s) dict_keys(['dataset_consumes_1', 'dataset_produces_1', 'dataset_produces_2', 'dataset_consumes_1_and_2', 'dataset_consumes_unknown_never_scheduled', 'dataset_consumes_1_never_scheduled']) retrieved from /home/airflow/.local/lib/python3.7/site-packages/airflow/example_dags/example_datasets.py
[2023-11-12T09:18:58.537+0000] {logging_mixin.py:137} INFO - [2023-11-12T09:18:58.537+0000] {dag.py:2690} INFO - Sync 6 DAGs
[2023-11-12T09:18:58.550+0000] {logging_mixin.py:137} INFO - [2023-11-12T09:18:58.549+0000] {dag.py:3441} INFO - Setting next_dagrun for dataset_consumes_1 to None, run_after=None
[2023-11-12T09:18:58.551+0000] {logging_mixin.py:137} INFO - [2023-11-12T09:18:58.551+0000] {dag.py:3441} INFO - Setting next_dagrun for dataset_consumes_1_and_2 to None, run_after=None
[2023-11-12T09:18:58.552+0000] {logging_mixin.py:137} INFO - [2023-11-12T09:18:58.552+0000] {dag.py:3441} INFO - Setting next_dagrun for dataset_consumes_1_never_scheduled to None, run_after=None
[2023-11-12T09:18:58.552+0000] {logging_mixin.py:137} INFO - [2023-11-12T09:18:58.552+0000] {dag.py:3441} INFO - Setting next_dagrun for dataset_consumes_unknown_never_scheduled to None, run_after=None
[2023-11-12T09:18:58.554+0000] {logging_mixin.py:137} INFO - [2023-11-12T09:18:58.554+0000] {dag.py:3441} INFO - Setting next_dagrun for dataset_produces_1 to 2023-11-11T00:00:00+00:00, run_after=2023-11-12T00:00:00+00:00
[2023-11-12T09:18:58.555+0000] {logging_mixin.py:137} INFO - [2023-11-12T09:18:58.555+0000] {dag.py:3441} INFO - Setting next_dagrun for dataset_produces_2 to None, run_after=None
[2023-11-12T09:18:58.570+0000] {processor.py:175} INFO - Processing /home/airflow/.local/lib/python3.7/site-packages/airflow/example_dags/example_datasets.py took 0.066 seconds
[2023-11-12T10:42:13.429+0000] {processor.py:153} INFO - Started process (PID=98009) to work on /home/airflow/.local/lib/python3.7/site-packages/airflow/example_dags/example_datasets.py
[2023-11-12T10:42:13.430+0000] {processor.py:743} INFO - Processing file /home/airflow/.local/lib/python3.7/site-packages/airflow/example_dags/example_datasets.py for tasks to queue
[2023-11-12T10:42:13.430+0000] {logging_mixin.py:137} INFO - [2023-11-12T10:42:13.430+0000] {dagbag.py:538} INFO - Filling up the DagBag from /home/airflow/.local/lib/python3.7/site-packages/airflow/example_dags/example_datasets.py
[2023-11-12T10:42:13.440+0000] {processor.py:753} INFO - DAG(s) dict_keys(['dataset_consumes_1_never_scheduled', 'dataset_consumes_1', 'dataset_produces_1', 'dataset_consumes_1_and_2', 'dataset_produces_2', 'dataset_consumes_unknown_never_scheduled']) retrieved from /home/airflow/.local/lib/python3.7/site-packages/airflow/example_dags/example_datasets.py
[2023-11-12T10:42:13.459+0000] {logging_mixin.py:137} INFO - [2023-11-12T10:42:13.459+0000] {dag.py:2690} INFO - Sync 6 DAGs
[2023-11-12T10:42:13.472+0000] {logging_mixin.py:137} INFO - [2023-11-12T10:42:13.472+0000] {dag.py:3441} INFO - Setting next_dagrun for dataset_consumes_1 to None, run_after=None
[2023-11-12T10:42:13.474+0000] {logging_mixin.py:137} INFO - [2023-11-12T10:42:13.474+0000] {dag.py:3441} INFO - Setting next_dagrun for dataset_consumes_1_and_2 to None, run_after=None
[2023-11-12T10:42:13.474+0000] {logging_mixin.py:137} INFO - [2023-11-12T10:42:13.474+0000] {dag.py:3441} INFO - Setting next_dagrun for dataset_consumes_1_never_scheduled to None, run_after=None
[2023-11-12T10:42:13.475+0000] {logging_mixin.py:137} INFO - [2023-11-12T10:42:13.475+0000] {dag.py:3441} INFO - Setting next_dagrun for dataset_consumes_unknown_never_scheduled to None, run_after=None
[2023-11-12T10:42:13.476+0000] {logging_mixin.py:137} INFO - [2023-11-12T10:42:13.476+0000] {dag.py:3441} INFO - Setting next_dagrun for dataset_produces_1 to 2023-11-11T00:00:00+00:00, run_after=2023-11-12T00:00:00+00:00
[2023-11-12T10:42:13.476+0000] {logging_mixin.py:137} INFO - [2023-11-12T10:42:13.476+0000] {dag.py:3441} INFO - Setting next_dagrun for dataset_produces_2 to None, run_after=None
[2023-11-12T10:42:13.491+0000] {processor.py:175} INFO - Processing /home/airflow/.local/lib/python3.7/site-packages/airflow/example_dags/example_datasets.py took 0.064 seconds
[2023-11-12T12:03:52.997+0000] {processor.py:153} INFO - Started process (PID=98104) to work on /home/airflow/.local/lib/python3.7/site-packages/airflow/example_dags/example_datasets.py
[2023-11-12T12:03:52.998+0000] {processor.py:743} INFO - Processing file /home/airflow/.local/lib/python3.7/site-packages/airflow/example_dags/example_datasets.py for tasks to queue
[2023-11-12T12:03:52.998+0000] {logging_mixin.py:137} INFO - [2023-11-12T12:03:52.998+0000] {dagbag.py:538} INFO - Filling up the DagBag from /home/airflow/.local/lib/python3.7/site-packages/airflow/example_dags/example_datasets.py
[2023-11-12T12:03:53.009+0000] {processor.py:753} INFO - DAG(s) dict_keys(['dataset_consumes_1_and_2', 'dataset_consumes_unknown_never_scheduled', 'dataset_produces_1', 'dataset_produces_2', 'dataset_consumes_1_never_scheduled', 'dataset_consumes_1']) retrieved from /home/airflow/.local/lib/python3.7/site-packages/airflow/example_dags/example_datasets.py
[2023-11-12T12:03:53.028+0000] {logging_mixin.py:137} INFO - [2023-11-12T12:03:53.028+0000] {dag.py:2690} INFO - Sync 6 DAGs
[2023-11-12T12:03:53.041+0000] {logging_mixin.py:137} INFO - [2023-11-12T12:03:53.041+0000] {dag.py:3441} INFO - Setting next_dagrun for dataset_consumes_1 to None, run_after=None
[2023-11-12T12:03:53.042+0000] {logging_mixin.py:137} INFO - [2023-11-12T12:03:53.042+0000] {dag.py:3441} INFO - Setting next_dagrun for dataset_consumes_1_and_2 to None, run_after=None
[2023-11-12T12:03:53.043+0000] {logging_mixin.py:137} INFO - [2023-11-12T12:03:53.043+0000] {dag.py:3441} INFO - Setting next_dagrun for dataset_consumes_1_never_scheduled to None, run_after=None
[2023-11-12T12:03:53.043+0000] {logging_mixin.py:137} INFO - [2023-11-12T12:03:53.043+0000] {dag.py:3441} INFO - Setting next_dagrun for dataset_consumes_unknown_never_scheduled to None, run_after=None
[2023-11-12T12:03:53.045+0000] {logging_mixin.py:137} INFO - [2023-11-12T12:03:53.045+0000] {dag.py:3441} INFO - Setting next_dagrun for dataset_produces_1 to 2023-11-11T00:00:00+00:00, run_after=2023-11-12T00:00:00+00:00
[2023-11-12T12:03:53.045+0000] {logging_mixin.py:137} INFO - [2023-11-12T12:03:53.045+0000] {dag.py:3441} INFO - Setting next_dagrun for dataset_produces_2 to None, run_after=None
[2023-11-12T12:03:53.060+0000] {processor.py:175} INFO - Processing /home/airflow/.local/lib/python3.7/site-packages/airflow/example_dags/example_datasets.py took 0.065 seconds
[2023-11-12T13:30:16.526+0000] {processor.py:153} INFO - Started process (PID=98199) to work on /home/airflow/.local/lib/python3.7/site-packages/airflow/example_dags/example_datasets.py
[2023-11-12T13:30:16.526+0000] {processor.py:743} INFO - Processing file /home/airflow/.local/lib/python3.7/site-packages/airflow/example_dags/example_datasets.py for tasks to queue
[2023-11-12T13:30:16.526+0000] {logging_mixin.py:137} INFO - [2023-11-12T13:30:16.526+0000] {dagbag.py:538} INFO - Filling up the DagBag from /home/airflow/.local/lib/python3.7/site-packages/airflow/example_dags/example_datasets.py
[2023-11-12T13:30:16.538+0000] {processor.py:753} INFO - DAG(s) dict_keys(['dataset_consumes_1', 'dataset_consumes_unknown_never_scheduled', 'dataset_consumes_1_and_2', 'dataset_produces_2', 'dataset_consumes_1_never_scheduled', 'dataset_produces_1']) retrieved from /home/airflow/.local/lib/python3.7/site-packages/airflow/example_dags/example_datasets.py
[2023-11-12T13:30:16.557+0000] {logging_mixin.py:137} INFO - [2023-11-12T13:30:16.557+0000] {dag.py:2690} INFO - Sync 6 DAGs
[2023-11-12T13:30:16.570+0000] {logging_mixin.py:137} INFO - [2023-11-12T13:30:16.570+0000] {dag.py:3441} INFO - Setting next_dagrun for dataset_consumes_1 to None, run_after=None
[2023-11-12T13:30:16.572+0000] {logging_mixin.py:137} INFO - [2023-11-12T13:30:16.572+0000] {dag.py:3441} INFO - Setting next_dagrun for dataset_consumes_1_and_2 to None, run_after=None
[2023-11-12T13:30:16.572+0000] {logging_mixin.py:137} INFO - [2023-11-12T13:30:16.572+0000] {dag.py:3441} INFO - Setting next_dagrun for dataset_consumes_1_never_scheduled to None, run_after=None
[2023-11-12T13:30:16.573+0000] {logging_mixin.py:137} INFO - [2023-11-12T13:30:16.573+0000] {dag.py:3441} INFO - Setting next_dagrun for dataset_consumes_unknown_never_scheduled to None, run_after=None
[2023-11-12T13:30:16.574+0000] {logging_mixin.py:137} INFO - [2023-11-12T13:30:16.574+0000] {dag.py:3441} INFO - Setting next_dagrun for dataset_produces_1 to 2023-11-11T00:00:00+00:00, run_after=2023-11-12T00:00:00+00:00
[2023-11-12T13:30:16.575+0000] {logging_mixin.py:137} INFO - [2023-11-12T13:30:16.575+0000] {dag.py:3441} INFO - Setting next_dagrun for dataset_produces_2 to None, run_after=None
[2023-11-12T13:30:16.593+0000] {processor.py:175} INFO - Processing /home/airflow/.local/lib/python3.7/site-packages/airflow/example_dags/example_datasets.py took 0.069 seconds
[2023-11-12T14:52:27.227+0000] {processor.py:153} INFO - Started process (PID=98276) to work on /home/airflow/.local/lib/python3.7/site-packages/airflow/example_dags/example_datasets.py
[2023-11-12T14:52:27.228+0000] {processor.py:743} INFO - Processing file /home/airflow/.local/lib/python3.7/site-packages/airflow/example_dags/example_datasets.py for tasks to queue
[2023-11-12T14:52:27.229+0000] {logging_mixin.py:137} INFO - [2023-11-12T14:52:27.229+0000] {dagbag.py:538} INFO - Filling up the DagBag from /home/airflow/.local/lib/python3.7/site-packages/airflow/example_dags/example_datasets.py
[2023-11-12T14:52:27.240+0000] {processor.py:753} INFO - DAG(s) dict_keys(['dataset_consumes_1_and_2', 'dataset_consumes_1', 'dataset_produces_2', 'dataset_produces_1', 'dataset_consumes_unknown_never_scheduled', 'dataset_consumes_1_never_scheduled']) retrieved from /home/airflow/.local/lib/python3.7/site-packages/airflow/example_dags/example_datasets.py
[2023-11-12T14:52:27.260+0000] {logging_mixin.py:137} INFO - [2023-11-12T14:52:27.260+0000] {dag.py:2690} INFO - Sync 6 DAGs
[2023-11-12T14:52:27.274+0000] {logging_mixin.py:137} INFO - [2023-11-12T14:52:27.274+0000] {dag.py:3441} INFO - Setting next_dagrun for dataset_consumes_1 to None, run_after=None
[2023-11-12T14:52:27.275+0000] {logging_mixin.py:137} INFO - [2023-11-12T14:52:27.275+0000] {dag.py:3441} INFO - Setting next_dagrun for dataset_consumes_1_and_2 to None, run_after=None
[2023-11-12T14:52:27.276+0000] {logging_mixin.py:137} INFO - [2023-11-12T14:52:27.276+0000] {dag.py:3441} INFO - Setting next_dagrun for dataset_consumes_1_never_scheduled to None, run_after=None
[2023-11-12T14:52:27.276+0000] {logging_mixin.py:137} INFO - [2023-11-12T14:52:27.276+0000] {dag.py:3441} INFO - Setting next_dagrun for dataset_consumes_unknown_never_scheduled to None, run_after=None
[2023-11-12T14:52:27.278+0000] {logging_mixin.py:137} INFO - [2023-11-12T14:52:27.278+0000] {dag.py:3441} INFO - Setting next_dagrun for dataset_produces_1 to 2023-11-11T00:00:00+00:00, run_after=2023-11-12T00:00:00+00:00
[2023-11-12T14:52:27.279+0000] {logging_mixin.py:137} INFO - [2023-11-12T14:52:27.279+0000] {dag.py:3441} INFO - Setting next_dagrun for dataset_produces_2 to None, run_after=None
[2023-11-12T14:52:27.293+0000] {processor.py:175} INFO - Processing /home/airflow/.local/lib/python3.7/site-packages/airflow/example_dags/example_datasets.py took 0.068 seconds
[2023-11-12T15:54:10.021+0000] {processor.py:153} INFO - Started process (PID=98371) to work on /home/airflow/.local/lib/python3.7/site-packages/airflow/example_dags/example_datasets.py
[2023-11-12T15:54:10.022+0000] {processor.py:743} INFO - Processing file /home/airflow/.local/lib/python3.7/site-packages/airflow/example_dags/example_datasets.py for tasks to queue
[2023-11-12T15:54:10.022+0000] {logging_mixin.py:137} INFO - [2023-11-12T15:54:10.022+0000] {dagbag.py:538} INFO - Filling up the DagBag from /home/airflow/.local/lib/python3.7/site-packages/airflow/example_dags/example_datasets.py
[2023-11-12T15:54:10.032+0000] {processor.py:753} INFO - DAG(s) dict_keys(['dataset_consumes_unknown_never_scheduled', 'dataset_consumes_1_and_2', 'dataset_consumes_1', 'dataset_produces_2', 'dataset_consumes_1_never_scheduled', 'dataset_produces_1']) retrieved from /home/airflow/.local/lib/python3.7/site-packages/airflow/example_dags/example_datasets.py
[2023-11-12T15:54:10.051+0000] {logging_mixin.py:137} INFO - [2023-11-12T15:54:10.051+0000] {dag.py:2690} INFO - Sync 6 DAGs
[2023-11-12T15:54:10.063+0000] {logging_mixin.py:137} INFO - [2023-11-12T15:54:10.063+0000] {dag.py:3441} INFO - Setting next_dagrun for dataset_consumes_1 to None, run_after=None
[2023-11-12T15:54:10.065+0000] {logging_mixin.py:137} INFO - [2023-11-12T15:54:10.065+0000] {dag.py:3441} INFO - Setting next_dagrun for dataset_consumes_1_and_2 to None, run_after=None
[2023-11-12T15:54:10.066+0000] {logging_mixin.py:137} INFO - [2023-11-12T15:54:10.066+0000] {dag.py:3441} INFO - Setting next_dagrun for dataset_consumes_1_never_scheduled to None, run_after=None
[2023-11-12T15:54:10.066+0000] {logging_mixin.py:137} INFO - [2023-11-12T15:54:10.066+0000] {dag.py:3441} INFO - Setting next_dagrun for dataset_consumes_unknown_never_scheduled to None, run_after=None
[2023-11-12T15:54:10.067+0000] {logging_mixin.py:137} INFO - [2023-11-12T15:54:10.067+0000] {dag.py:3441} INFO - Setting next_dagrun for dataset_produces_1 to 2023-11-11T00:00:00+00:00, run_after=2023-11-12T00:00:00+00:00
[2023-11-12T15:54:10.068+0000] {logging_mixin.py:137} INFO - [2023-11-12T15:54:10.068+0000] {dag.py:3441} INFO - Setting next_dagrun for dataset_produces_2 to None, run_after=None
[2023-11-12T15:54:10.084+0000] {processor.py:175} INFO - Processing /home/airflow/.local/lib/python3.7/site-packages/airflow/example_dags/example_datasets.py took 0.065 seconds
[2023-11-12T17:14:34.101+0000] {processor.py:153} INFO - Started process (PID=98466) to work on /home/airflow/.local/lib/python3.7/site-packages/airflow/example_dags/example_datasets.py
[2023-11-12T17:14:34.102+0000] {processor.py:743} INFO - Processing file /home/airflow/.local/lib/python3.7/site-packages/airflow/example_dags/example_datasets.py for tasks to queue
[2023-11-12T17:14:34.102+0000] {logging_mixin.py:137} INFO - [2023-11-12T17:14:34.102+0000] {dagbag.py:538} INFO - Filling up the DagBag from /home/airflow/.local/lib/python3.7/site-packages/airflow/example_dags/example_datasets.py
[2023-11-12T17:14:34.419+0000] {processor.py:753} INFO - DAG(s) dict_keys(['dataset_consumes_unknown_never_scheduled', 'dataset_produces_1', 'dataset_produces_2', 'dataset_consumes_1_and_2', 'dataset_consumes_1_never_scheduled', 'dataset_consumes_1']) retrieved from /home/airflow/.local/lib/python3.7/site-packages/airflow/example_dags/example_datasets.py
[2023-11-12T17:14:34.495+0000] {logging_mixin.py:137} INFO - [2023-11-12T17:14:34.495+0000] {dag.py:2690} INFO - Sync 6 DAGs
[2023-11-12T17:14:34.509+0000] {logging_mixin.py:137} INFO - [2023-11-12T17:14:34.509+0000] {dag.py:3441} INFO - Setting next_dagrun for dataset_consumes_1 to None, run_after=None
[2023-11-12T17:14:34.511+0000] {logging_mixin.py:137} INFO - [2023-11-12T17:14:34.511+0000] {dag.py:3441} INFO - Setting next_dagrun for dataset_consumes_1_and_2 to None, run_after=None
[2023-11-12T17:14:34.511+0000] {logging_mixin.py:137} INFO - [2023-11-12T17:14:34.511+0000] {dag.py:3441} INFO - Setting next_dagrun for dataset_consumes_1_never_scheduled to None, run_after=None
[2023-11-12T17:14:34.512+0000] {logging_mixin.py:137} INFO - [2023-11-12T17:14:34.512+0000] {dag.py:3441} INFO - Setting next_dagrun for dataset_consumes_unknown_never_scheduled to None, run_after=None
[2023-11-12T17:14:34.513+0000] {logging_mixin.py:137} INFO - [2023-11-12T17:14:34.513+0000] {dag.py:3441} INFO - Setting next_dagrun for dataset_produces_1 to 2023-11-11T00:00:00+00:00, run_after=2023-11-12T00:00:00+00:00
[2023-11-12T17:14:34.514+0000] {logging_mixin.py:137} INFO - [2023-11-12T17:14:34.514+0000] {dag.py:3441} INFO - Setting next_dagrun for dataset_produces_2 to None, run_after=None
[2023-11-12T17:14:34.531+0000] {processor.py:175} INFO - Processing /home/airflow/.local/lib/python3.7/site-packages/airflow/example_dags/example_datasets.py took 0.432 seconds
[2023-11-12T18:37:25.493+0000] {processor.py:153} INFO - Started process (PID=98561) to work on /home/airflow/.local/lib/python3.7/site-packages/airflow/example_dags/example_datasets.py
[2023-11-12T18:37:25.495+0000] {processor.py:743} INFO - Processing file /home/airflow/.local/lib/python3.7/site-packages/airflow/example_dags/example_datasets.py for tasks to queue
[2023-11-12T18:37:25.496+0000] {logging_mixin.py:137} INFO - [2023-11-12T18:37:25.496+0000] {dagbag.py:538} INFO - Filling up the DagBag from /home/airflow/.local/lib/python3.7/site-packages/airflow/example_dags/example_datasets.py
[2023-11-12T18:37:25.508+0000] {processor.py:753} INFO - DAG(s) dict_keys(['dataset_consumes_1_never_scheduled', 'dataset_produces_2', 'dataset_consumes_1_and_2', 'dataset_produces_1', 'dataset_consumes_1', 'dataset_consumes_unknown_never_scheduled']) retrieved from /home/airflow/.local/lib/python3.7/site-packages/airflow/example_dags/example_datasets.py
[2023-11-12T18:37:25.534+0000] {logging_mixin.py:137} INFO - [2023-11-12T18:37:25.534+0000] {dag.py:2690} INFO - Sync 6 DAGs
[2023-11-12T18:37:25.550+0000] {logging_mixin.py:137} INFO - [2023-11-12T18:37:25.550+0000] {dag.py:3441} INFO - Setting next_dagrun for dataset_consumes_1 to None, run_after=None
[2023-11-12T18:37:25.552+0000] {logging_mixin.py:137} INFO - [2023-11-12T18:37:25.552+0000] {dag.py:3441} INFO - Setting next_dagrun for dataset_consumes_1_and_2 to None, run_after=None
[2023-11-12T18:37:25.553+0000] {logging_mixin.py:137} INFO - [2023-11-12T18:37:25.553+0000] {dag.py:3441} INFO - Setting next_dagrun for dataset_consumes_1_never_scheduled to None, run_after=None
[2023-11-12T18:37:25.553+0000] {logging_mixin.py:137} INFO - [2023-11-12T18:37:25.553+0000] {dag.py:3441} INFO - Setting next_dagrun for dataset_consumes_unknown_never_scheduled to None, run_after=None
[2023-11-12T18:37:25.555+0000] {logging_mixin.py:137} INFO - [2023-11-12T18:37:25.555+0000] {dag.py:3441} INFO - Setting next_dagrun for dataset_produces_1 to 2023-11-11T00:00:00+00:00, run_after=2023-11-12T00:00:00+00:00
[2023-11-12T18:37:25.555+0000] {logging_mixin.py:137} INFO - [2023-11-12T18:37:25.555+0000] {dag.py:3441} INFO - Setting next_dagrun for dataset_produces_2 to None, run_after=None
[2023-11-12T18:37:25.570+0000] {processor.py:175} INFO - Processing /home/airflow/.local/lib/python3.7/site-packages/airflow/example_dags/example_datasets.py took 0.080 seconds
[2023-11-12T20:01:03.118+0000] {processor.py:153} INFO - Started process (PID=98638) to work on /home/airflow/.local/lib/python3.7/site-packages/airflow/example_dags/example_datasets.py
[2023-11-12T20:01:03.119+0000] {processor.py:743} INFO - Processing file /home/airflow/.local/lib/python3.7/site-packages/airflow/example_dags/example_datasets.py for tasks to queue
[2023-11-12T20:01:03.119+0000] {logging_mixin.py:137} INFO - [2023-11-12T20:01:03.119+0000] {dagbag.py:538} INFO - Filling up the DagBag from /home/airflow/.local/lib/python3.7/site-packages/airflow/example_dags/example_datasets.py
[2023-11-12T20:01:03.129+0000] {processor.py:753} INFO - DAG(s) dict_keys(['dataset_consumes_unknown_never_scheduled', 'dataset_produces_1', 'dataset_consumes_1_and_2', 'dataset_consumes_1', 'dataset_consumes_1_never_scheduled', 'dataset_produces_2']) retrieved from /home/airflow/.local/lib/python3.7/site-packages/airflow/example_dags/example_datasets.py
[2023-11-12T20:01:03.148+0000] {logging_mixin.py:137} INFO - [2023-11-12T20:01:03.148+0000] {dag.py:2690} INFO - Sync 6 DAGs
[2023-11-12T20:01:03.160+0000] {logging_mixin.py:137} INFO - [2023-11-12T20:01:03.160+0000] {dag.py:3441} INFO - Setting next_dagrun for dataset_consumes_1 to None, run_after=None
[2023-11-12T20:01:03.161+0000] {logging_mixin.py:137} INFO - [2023-11-12T20:01:03.161+0000] {dag.py:3441} INFO - Setting next_dagrun for dataset_consumes_1_and_2 to None, run_after=None
[2023-11-12T20:01:03.162+0000] {logging_mixin.py:137} INFO - [2023-11-12T20:01:03.162+0000] {dag.py:3441} INFO - Setting next_dagrun for dataset_consumes_1_never_scheduled to None, run_after=None
[2023-11-12T20:01:03.163+0000] {logging_mixin.py:137} INFO - [2023-11-12T20:01:03.162+0000] {dag.py:3441} INFO - Setting next_dagrun for dataset_consumes_unknown_never_scheduled to None, run_after=None
[2023-11-12T20:01:03.164+0000] {logging_mixin.py:137} INFO - [2023-11-12T20:01:03.164+0000] {dag.py:3441} INFO - Setting next_dagrun for dataset_produces_1 to 2023-11-11T00:00:00+00:00, run_after=2023-11-12T00:00:00+00:00
[2023-11-12T20:01:03.164+0000] {logging_mixin.py:137} INFO - [2023-11-12T20:01:03.164+0000] {dag.py:3441} INFO - Setting next_dagrun for dataset_produces_2 to None, run_after=None
[2023-11-12T20:01:03.178+0000] {processor.py:175} INFO - Processing /home/airflow/.local/lib/python3.7/site-packages/airflow/example_dags/example_datasets.py took 0.061 seconds
[2023-11-12T21:24:52.011+0000] {processor.py:153} INFO - Started process (PID=98733) to work on /home/airflow/.local/lib/python3.7/site-packages/airflow/example_dags/example_datasets.py
[2023-11-12T21:24:52.011+0000] {processor.py:743} INFO - Processing file /home/airflow/.local/lib/python3.7/site-packages/airflow/example_dags/example_datasets.py for tasks to queue
[2023-11-12T21:24:52.012+0000] {logging_mixin.py:137} INFO - [2023-11-12T21:24:52.012+0000] {dagbag.py:538} INFO - Filling up the DagBag from /home/airflow/.local/lib/python3.7/site-packages/airflow/example_dags/example_datasets.py
[2023-11-12T21:24:52.023+0000] {processor.py:753} INFO - DAG(s) dict_keys(['dataset_produces_1', 'dataset_consumes_1_and_2', 'dataset_consumes_unknown_never_scheduled', 'dataset_consumes_1', 'dataset_consumes_1_never_scheduled', 'dataset_produces_2']) retrieved from /home/airflow/.local/lib/python3.7/site-packages/airflow/example_dags/example_datasets.py
[2023-11-12T21:24:52.042+0000] {logging_mixin.py:137} INFO - [2023-11-12T21:24:52.042+0000] {dag.py:2690} INFO - Sync 6 DAGs
[2023-11-12T21:24:52.055+0000] {logging_mixin.py:137} INFO - [2023-11-12T21:24:52.055+0000] {dag.py:3441} INFO - Setting next_dagrun for dataset_consumes_1 to None, run_after=None
[2023-11-12T21:24:52.057+0000] {logging_mixin.py:137} INFO - [2023-11-12T21:24:52.057+0000] {dag.py:3441} INFO - Setting next_dagrun for dataset_consumes_1_and_2 to None, run_after=None
[2023-11-12T21:24:52.058+0000] {logging_mixin.py:137} INFO - [2023-11-12T21:24:52.058+0000] {dag.py:3441} INFO - Setting next_dagrun for dataset_consumes_1_never_scheduled to None, run_after=None
[2023-11-12T21:24:52.058+0000] {logging_mixin.py:137} INFO - [2023-11-12T21:24:52.058+0000] {dag.py:3441} INFO - Setting next_dagrun for dataset_consumes_unknown_never_scheduled to None, run_after=None
[2023-11-12T21:24:52.059+0000] {logging_mixin.py:137} INFO - [2023-11-12T21:24:52.059+0000] {dag.py:3441} INFO - Setting next_dagrun for dataset_produces_1 to 2023-11-11T00:00:00+00:00, run_after=2023-11-12T00:00:00+00:00
[2023-11-12T21:24:52.060+0000] {logging_mixin.py:137} INFO - [2023-11-12T21:24:52.060+0000] {dag.py:3441} INFO - Setting next_dagrun for dataset_produces_2 to None, run_after=None
[2023-11-12T21:24:52.076+0000] {processor.py:175} INFO - Processing /home/airflow/.local/lib/python3.7/site-packages/airflow/example_dags/example_datasets.py took 0.067 seconds
[2023-11-12T22:44:58.009+0000] {processor.py:153} INFO - Started process (PID=98817) to work on /home/airflow/.local/lib/python3.7/site-packages/airflow/example_dags/example_datasets.py
[2023-11-12T22:44:58.009+0000] {processor.py:743} INFO - Processing file /home/airflow/.local/lib/python3.7/site-packages/airflow/example_dags/example_datasets.py for tasks to queue
[2023-11-12T22:44:58.010+0000] {logging_mixin.py:137} INFO - [2023-11-12T22:44:58.010+0000] {dagbag.py:538} INFO - Filling up the DagBag from /home/airflow/.local/lib/python3.7/site-packages/airflow/example_dags/example_datasets.py
[2023-11-12T22:44:58.021+0000] {processor.py:753} INFO - DAG(s) dict_keys(['dataset_produces_1', 'dataset_produces_2', 'dataset_consumes_1', 'dataset_consumes_1_never_scheduled', 'dataset_consumes_1_and_2', 'dataset_consumes_unknown_never_scheduled']) retrieved from /home/airflow/.local/lib/python3.7/site-packages/airflow/example_dags/example_datasets.py
[2023-11-12T22:44:58.041+0000] {logging_mixin.py:137} INFO - [2023-11-12T22:44:58.041+0000] {dag.py:2690} INFO - Sync 6 DAGs
[2023-11-12T22:44:58.055+0000] {logging_mixin.py:137} INFO - [2023-11-12T22:44:58.055+0000] {dag.py:3441} INFO - Setting next_dagrun for dataset_consumes_1 to None, run_after=None
[2023-11-12T22:44:58.057+0000] {logging_mixin.py:137} INFO - [2023-11-12T22:44:58.057+0000] {dag.py:3441} INFO - Setting next_dagrun for dataset_consumes_1_and_2 to None, run_after=None
[2023-11-12T22:44:58.058+0000] {logging_mixin.py:137} INFO - [2023-11-12T22:44:58.058+0000] {dag.py:3441} INFO - Setting next_dagrun for dataset_consumes_1_never_scheduled to None, run_after=None
[2023-11-12T22:44:58.058+0000] {logging_mixin.py:137} INFO - [2023-11-12T22:44:58.058+0000] {dag.py:3441} INFO - Setting next_dagrun for dataset_consumes_unknown_never_scheduled to None, run_after=None
[2023-11-12T22:44:58.060+0000] {logging_mixin.py:137} INFO - [2023-11-12T22:44:58.060+0000] {dag.py:3441} INFO - Setting next_dagrun for dataset_produces_1 to 2023-11-11T00:00:00+00:00, run_after=2023-11-12T00:00:00+00:00
[2023-11-12T22:44:58.060+0000] {logging_mixin.py:137} INFO - [2023-11-12T22:44:58.060+0000] {dag.py:3441} INFO - Setting next_dagrun for dataset_produces_2 to None, run_after=None
[2023-11-12T22:44:58.076+0000] {processor.py:175} INFO - Processing /home/airflow/.local/lib/python3.7/site-packages/airflow/example_dags/example_datasets.py took 0.069 seconds
[2023-11-12T23:50:11.344+0000] {processor.py:153} INFO - Started process (PID=98905) to work on /home/airflow/.local/lib/python3.7/site-packages/airflow/example_dags/example_datasets.py
[2023-11-12T23:50:11.345+0000] {processor.py:743} INFO - Processing file /home/airflow/.local/lib/python3.7/site-packages/airflow/example_dags/example_datasets.py for tasks to queue
[2023-11-12T23:50:11.345+0000] {logging_mixin.py:137} INFO - [2023-11-12T23:50:11.345+0000] {dagbag.py:538} INFO - Filling up the DagBag from /home/airflow/.local/lib/python3.7/site-packages/airflow/example_dags/example_datasets.py
[2023-11-12T23:50:11.355+0000] {processor.py:753} INFO - DAG(s) dict_keys(['dataset_consumes_1_and_2', 'dataset_consumes_1', 'dataset_produces_2', 'dataset_produces_1', 'dataset_consumes_1_never_scheduled', 'dataset_consumes_unknown_never_scheduled']) retrieved from /home/airflow/.local/lib/python3.7/site-packages/airflow/example_dags/example_datasets.py
[2023-11-12T23:50:11.375+0000] {logging_mixin.py:137} INFO - [2023-11-12T23:50:11.375+0000] {dag.py:2690} INFO - Sync 6 DAGs
[2023-11-12T23:50:11.387+0000] {logging_mixin.py:137} INFO - [2023-11-12T23:50:11.387+0000] {dag.py:3441} INFO - Setting next_dagrun for dataset_consumes_1 to None, run_after=None
[2023-11-12T23:50:11.389+0000] {logging_mixin.py:137} INFO - [2023-11-12T23:50:11.389+0000] {dag.py:3441} INFO - Setting next_dagrun for dataset_consumes_1_and_2 to None, run_after=None
[2023-11-12T23:50:11.389+0000] {logging_mixin.py:137} INFO - [2023-11-12T23:50:11.389+0000] {dag.py:3441} INFO - Setting next_dagrun for dataset_consumes_1_never_scheduled to None, run_after=None
[2023-11-12T23:50:11.390+0000] {logging_mixin.py:137} INFO - [2023-11-12T23:50:11.390+0000] {dag.py:3441} INFO - Setting next_dagrun for dataset_consumes_unknown_never_scheduled to None, run_after=None
[2023-11-12T23:50:11.391+0000] {logging_mixin.py:137} INFO - [2023-11-12T23:50:11.391+0000] {dag.py:3441} INFO - Setting next_dagrun for dataset_produces_1 to 2023-11-11T00:00:00+00:00, run_after=2023-11-12T00:00:00+00:00
[2023-11-12T23:50:11.392+0000] {logging_mixin.py:137} INFO - [2023-11-12T23:50:11.392+0000] {dag.py:3441} INFO - Setting next_dagrun for dataset_produces_2 to None, run_after=None
[2023-11-12T23:50:11.407+0000] {processor.py:175} INFO - Processing /home/airflow/.local/lib/python3.7/site-packages/airflow/example_dags/example_datasets.py took 0.065 seconds
