[2023-11-12T01:18:52.146+0000] {processor.py:153} INFO - Started process (PID=97368) to work on /home/airflow/.local/lib/python3.7/site-packages/airflow/example_dags/example_dynamic_task_mapping.py
[2023-11-12T01:18:52.146+0000] {processor.py:743} INFO - Processing file /home/airflow/.local/lib/python3.7/site-packages/airflow/example_dags/example_dynamic_task_mapping.py for tasks to queue
[2023-11-12T01:18:52.147+0000] {logging_mixin.py:137} INFO - [2023-11-12T01:18:52.147+0000] {dagbag.py:538} INFO - Filling up the DagBag from /home/airflow/.local/lib/python3.7/site-packages/airflow/example_dags/example_dynamic_task_mapping.py
[2023-11-12T01:18:52.160+0000] {processor.py:753} INFO - DAG(s) dict_keys(['example_dynamic_task_mapping']) retrieved from /home/airflow/.local/lib/python3.7/site-packages/airflow/example_dags/example_dynamic_task_mapping.py
[2023-11-12T01:18:52.173+0000] {logging_mixin.py:137} INFO - [2023-11-12T01:18:52.173+0000] {dag.py:2690} INFO - Sync 1 DAGs
[2023-11-12T01:18:52.186+0000] {logging_mixin.py:137} INFO - [2023-11-12T01:18:52.185+0000] {dag.py:3441} INFO - Setting next_dagrun for example_dynamic_task_mapping to 2022-03-04T00:00:00+00:00, run_after=2022-03-05T00:00:00+00:00
[2023-11-12T01:18:52.195+0000] {processor.py:175} INFO - Processing /home/airflow/.local/lib/python3.7/site-packages/airflow/example_dags/example_dynamic_task_mapping.py took 0.052 seconds
[2023-11-12T02:37:16.088+0000] {processor.py:153} INFO - Started process (PID=97445) to work on /home/airflow/.local/lib/python3.7/site-packages/airflow/example_dags/example_dynamic_task_mapping.py
[2023-11-12T02:37:16.089+0000] {processor.py:743} INFO - Processing file /home/airflow/.local/lib/python3.7/site-packages/airflow/example_dags/example_dynamic_task_mapping.py for tasks to queue
[2023-11-12T02:37:16.089+0000] {logging_mixin.py:137} INFO - [2023-11-12T02:37:16.089+0000] {dagbag.py:538} INFO - Filling up the DagBag from /home/airflow/.local/lib/python3.7/site-packages/airflow/example_dags/example_dynamic_task_mapping.py
[2023-11-12T02:37:16.102+0000] {processor.py:753} INFO - DAG(s) dict_keys(['example_dynamic_task_mapping']) retrieved from /home/airflow/.local/lib/python3.7/site-packages/airflow/example_dags/example_dynamic_task_mapping.py
[2023-11-12T02:37:16.114+0000] {logging_mixin.py:137} INFO - [2023-11-12T02:37:16.114+0000] {dag.py:2690} INFO - Sync 1 DAGs
[2023-11-12T02:37:16.125+0000] {logging_mixin.py:137} INFO - [2023-11-12T02:37:16.125+0000] {dag.py:3441} INFO - Setting next_dagrun for example_dynamic_task_mapping to 2022-03-04T00:00:00+00:00, run_after=2022-03-05T00:00:00+00:00
[2023-11-12T02:37:16.133+0000] {processor.py:175} INFO - Processing /home/airflow/.local/lib/python3.7/site-packages/airflow/example_dags/example_dynamic_task_mapping.py took 0.046 seconds
[2023-11-12T03:59:06.568+0000] {processor.py:153} INFO - Started process (PID=97540) to work on /home/airflow/.local/lib/python3.7/site-packages/airflow/example_dags/example_dynamic_task_mapping.py
[2023-11-12T03:59:06.568+0000] {processor.py:743} INFO - Processing file /home/airflow/.local/lib/python3.7/site-packages/airflow/example_dags/example_dynamic_task_mapping.py for tasks to queue
[2023-11-12T03:59:06.568+0000] {logging_mixin.py:137} INFO - [2023-11-12T03:59:06.568+0000] {dagbag.py:538} INFO - Filling up the DagBag from /home/airflow/.local/lib/python3.7/site-packages/airflow/example_dags/example_dynamic_task_mapping.py
[2023-11-12T03:59:06.582+0000] {processor.py:753} INFO - DAG(s) dict_keys(['example_dynamic_task_mapping']) retrieved from /home/airflow/.local/lib/python3.7/site-packages/airflow/example_dags/example_dynamic_task_mapping.py
[2023-11-12T03:59:06.595+0000] {logging_mixin.py:137} INFO - [2023-11-12T03:59:06.595+0000] {dag.py:2690} INFO - Sync 1 DAGs
[2023-11-12T03:59:06.606+0000] {logging_mixin.py:137} INFO - [2023-11-12T03:59:06.606+0000] {dag.py:3441} INFO - Setting next_dagrun for example_dynamic_task_mapping to 2022-03-04T00:00:00+00:00, run_after=2022-03-05T00:00:00+00:00
[2023-11-12T03:59:06.614+0000] {processor.py:175} INFO - Processing /home/airflow/.local/lib/python3.7/site-packages/airflow/example_dags/example_dynamic_task_mapping.py took 0.048 seconds
[2023-11-12T05:21:06.516+0000] {processor.py:153} INFO - Started process (PID=97635) to work on /home/airflow/.local/lib/python3.7/site-packages/airflow/example_dags/example_dynamic_task_mapping.py
[2023-11-12T05:21:06.516+0000] {processor.py:743} INFO - Processing file /home/airflow/.local/lib/python3.7/site-packages/airflow/example_dags/example_dynamic_task_mapping.py for tasks to queue
[2023-11-12T05:21:06.517+0000] {logging_mixin.py:137} INFO - [2023-11-12T05:21:06.517+0000] {dagbag.py:538} INFO - Filling up the DagBag from /home/airflow/.local/lib/python3.7/site-packages/airflow/example_dags/example_dynamic_task_mapping.py
[2023-11-12T05:21:06.530+0000] {processor.py:753} INFO - DAG(s) dict_keys(['example_dynamic_task_mapping']) retrieved from /home/airflow/.local/lib/python3.7/site-packages/airflow/example_dags/example_dynamic_task_mapping.py
[2023-11-12T05:21:06.543+0000] {logging_mixin.py:137} INFO - [2023-11-12T05:21:06.542+0000] {dag.py:2690} INFO - Sync 1 DAGs
[2023-11-12T05:21:06.553+0000] {logging_mixin.py:137} INFO - [2023-11-12T05:21:06.553+0000] {dag.py:3441} INFO - Setting next_dagrun for example_dynamic_task_mapping to 2022-03-04T00:00:00+00:00, run_after=2022-03-05T00:00:00+00:00
[2023-11-12T05:21:06.561+0000] {processor.py:175} INFO - Processing /home/airflow/.local/lib/python3.7/site-packages/airflow/example_dags/example_dynamic_task_mapping.py took 0.047 seconds
[2023-11-12T06:45:04.378+0000] {processor.py:153} INFO - Started process (PID=97712) to work on /home/airflow/.local/lib/python3.7/site-packages/airflow/example_dags/example_dynamic_task_mapping.py
[2023-11-12T06:45:04.379+0000] {processor.py:743} INFO - Processing file /home/airflow/.local/lib/python3.7/site-packages/airflow/example_dags/example_dynamic_task_mapping.py for tasks to queue
[2023-11-12T06:45:04.380+0000] {logging_mixin.py:137} INFO - [2023-11-12T06:45:04.380+0000] {dagbag.py:538} INFO - Filling up the DagBag from /home/airflow/.local/lib/python3.7/site-packages/airflow/example_dags/example_dynamic_task_mapping.py
[2023-11-12T06:45:04.401+0000] {processor.py:753} INFO - DAG(s) dict_keys(['example_dynamic_task_mapping']) retrieved from /home/airflow/.local/lib/python3.7/site-packages/airflow/example_dags/example_dynamic_task_mapping.py
[2023-11-12T06:45:04.421+0000] {logging_mixin.py:137} INFO - [2023-11-12T06:45:04.421+0000] {dag.py:2690} INFO - Sync 1 DAGs
[2023-11-12T06:45:04.442+0000] {logging_mixin.py:137} INFO - [2023-11-12T06:45:04.442+0000] {dag.py:3441} INFO - Setting next_dagrun for example_dynamic_task_mapping to 2022-03-04T00:00:00+00:00, run_after=2022-03-05T00:00:00+00:00
[2023-11-12T06:45:04.455+0000] {processor.py:175} INFO - Processing /home/airflow/.local/lib/python3.7/site-packages/airflow/example_dags/example_dynamic_task_mapping.py took 0.081 seconds
[2023-11-12T07:55:55.421+0000] {processor.py:153} INFO - Started process (PID=97807) to work on /home/airflow/.local/lib/python3.7/site-packages/airflow/example_dags/example_dynamic_task_mapping.py
[2023-11-12T07:55:55.421+0000] {processor.py:743} INFO - Processing file /home/airflow/.local/lib/python3.7/site-packages/airflow/example_dags/example_dynamic_task_mapping.py for tasks to queue
[2023-11-12T07:55:55.422+0000] {logging_mixin.py:137} INFO - [2023-11-12T07:55:55.422+0000] {dagbag.py:538} INFO - Filling up the DagBag from /home/airflow/.local/lib/python3.7/site-packages/airflow/example_dags/example_dynamic_task_mapping.py
[2023-11-12T07:55:55.439+0000] {processor.py:753} INFO - DAG(s) dict_keys(['example_dynamic_task_mapping']) retrieved from /home/airflow/.local/lib/python3.7/site-packages/airflow/example_dags/example_dynamic_task_mapping.py
[2023-11-12T07:55:55.456+0000] {logging_mixin.py:137} INFO - [2023-11-12T07:55:55.455+0000] {dag.py:2690} INFO - Sync 1 DAGs
[2023-11-12T07:55:55.469+0000] {logging_mixin.py:137} INFO - [2023-11-12T07:55:55.469+0000] {dag.py:3441} INFO - Setting next_dagrun for example_dynamic_task_mapping to 2022-03-04T00:00:00+00:00, run_after=2022-03-05T00:00:00+00:00
[2023-11-12T07:55:55.480+0000] {processor.py:175} INFO - Processing /home/airflow/.local/lib/python3.7/site-packages/airflow/example_dags/example_dynamic_task_mapping.py took 0.062 seconds
[2023-11-12T09:18:57.259+0000] {processor.py:153} INFO - Started process (PID=97902) to work on /home/airflow/.local/lib/python3.7/site-packages/airflow/example_dags/example_dynamic_task_mapping.py
[2023-11-12T09:18:57.260+0000] {processor.py:743} INFO - Processing file /home/airflow/.local/lib/python3.7/site-packages/airflow/example_dags/example_dynamic_task_mapping.py for tasks to queue
[2023-11-12T09:18:57.261+0000] {logging_mixin.py:137} INFO - [2023-11-12T09:18:57.261+0000] {dagbag.py:538} INFO - Filling up the DagBag from /home/airflow/.local/lib/python3.7/site-packages/airflow/example_dags/example_dynamic_task_mapping.py
[2023-11-12T09:18:57.283+0000] {processor.py:753} INFO - DAG(s) dict_keys(['example_dynamic_task_mapping']) retrieved from /home/airflow/.local/lib/python3.7/site-packages/airflow/example_dags/example_dynamic_task_mapping.py
[2023-11-12T09:18:57.303+0000] {logging_mixin.py:137} INFO - [2023-11-12T09:18:57.303+0000] {dag.py:2690} INFO - Sync 1 DAGs
[2023-11-12T09:18:57.317+0000] {logging_mixin.py:137} INFO - [2023-11-12T09:18:57.317+0000] {dag.py:3441} INFO - Setting next_dagrun for example_dynamic_task_mapping to 2022-03-04T00:00:00+00:00, run_after=2022-03-05T00:00:00+00:00
[2023-11-12T09:18:57.328+0000] {processor.py:175} INFO - Processing /home/airflow/.local/lib/python3.7/site-packages/airflow/example_dags/example_dynamic_task_mapping.py took 0.072 seconds
[2023-11-12T10:42:11.965+0000] {processor.py:153} INFO - Started process (PID=97979) to work on /home/airflow/.local/lib/python3.7/site-packages/airflow/example_dags/example_dynamic_task_mapping.py
[2023-11-12T10:42:11.965+0000] {processor.py:743} INFO - Processing file /home/airflow/.local/lib/python3.7/site-packages/airflow/example_dags/example_dynamic_task_mapping.py for tasks to queue
[2023-11-12T10:42:11.966+0000] {logging_mixin.py:137} INFO - [2023-11-12T10:42:11.966+0000] {dagbag.py:538} INFO - Filling up the DagBag from /home/airflow/.local/lib/python3.7/site-packages/airflow/example_dags/example_dynamic_task_mapping.py
[2023-11-12T10:42:11.986+0000] {processor.py:753} INFO - DAG(s) dict_keys(['example_dynamic_task_mapping']) retrieved from /home/airflow/.local/lib/python3.7/site-packages/airflow/example_dags/example_dynamic_task_mapping.py
[2023-11-12T10:42:12.007+0000] {logging_mixin.py:137} INFO - [2023-11-12T10:42:12.007+0000] {dag.py:2690} INFO - Sync 1 DAGs
[2023-11-12T10:42:12.027+0000] {logging_mixin.py:137} INFO - [2023-11-12T10:42:12.027+0000] {dag.py:3441} INFO - Setting next_dagrun for example_dynamic_task_mapping to 2022-03-04T00:00:00+00:00, run_after=2022-03-05T00:00:00+00:00
[2023-11-12T10:42:12.037+0000] {processor.py:175} INFO - Processing /home/airflow/.local/lib/python3.7/site-packages/airflow/example_dags/example_dynamic_task_mapping.py took 0.076 seconds
[2023-11-12T12:03:51.970+0000] {processor.py:153} INFO - Started process (PID=98074) to work on /home/airflow/.local/lib/python3.7/site-packages/airflow/example_dags/example_dynamic_task_mapping.py
[2023-11-12T12:03:51.971+0000] {processor.py:743} INFO - Processing file /home/airflow/.local/lib/python3.7/site-packages/airflow/example_dags/example_dynamic_task_mapping.py for tasks to queue
[2023-11-12T12:03:51.971+0000] {logging_mixin.py:137} INFO - [2023-11-12T12:03:51.971+0000] {dagbag.py:538} INFO - Filling up the DagBag from /home/airflow/.local/lib/python3.7/site-packages/airflow/example_dags/example_dynamic_task_mapping.py
[2023-11-12T12:03:51.984+0000] {processor.py:753} INFO - DAG(s) dict_keys(['example_dynamic_task_mapping']) retrieved from /home/airflow/.local/lib/python3.7/site-packages/airflow/example_dags/example_dynamic_task_mapping.py
[2023-11-12T12:03:51.997+0000] {logging_mixin.py:137} INFO - [2023-11-12T12:03:51.997+0000] {dag.py:2690} INFO - Sync 1 DAGs
[2023-11-12T12:03:52.009+0000] {logging_mixin.py:137} INFO - [2023-11-12T12:03:52.009+0000] {dag.py:3441} INFO - Setting next_dagrun for example_dynamic_task_mapping to 2022-03-04T00:00:00+00:00, run_after=2022-03-05T00:00:00+00:00
[2023-11-12T12:03:52.016+0000] {processor.py:175} INFO - Processing /home/airflow/.local/lib/python3.7/site-packages/airflow/example_dags/example_dynamic_task_mapping.py took 0.048 seconds
[2023-11-12T13:30:15.457+0000] {processor.py:153} INFO - Started process (PID=98169) to work on /home/airflow/.local/lib/python3.7/site-packages/airflow/example_dags/example_dynamic_task_mapping.py
[2023-11-12T13:30:15.457+0000] {processor.py:743} INFO - Processing file /home/airflow/.local/lib/python3.7/site-packages/airflow/example_dags/example_dynamic_task_mapping.py for tasks to queue
[2023-11-12T13:30:15.458+0000] {logging_mixin.py:137} INFO - [2023-11-12T13:30:15.458+0000] {dagbag.py:538} INFO - Filling up the DagBag from /home/airflow/.local/lib/python3.7/site-packages/airflow/example_dags/example_dynamic_task_mapping.py
[2023-11-12T13:30:15.471+0000] {processor.py:753} INFO - DAG(s) dict_keys(['example_dynamic_task_mapping']) retrieved from /home/airflow/.local/lib/python3.7/site-packages/airflow/example_dags/example_dynamic_task_mapping.py
[2023-11-12T13:30:15.483+0000] {logging_mixin.py:137} INFO - [2023-11-12T13:30:15.483+0000] {dag.py:2690} INFO - Sync 1 DAGs
[2023-11-12T13:30:15.495+0000] {logging_mixin.py:137} INFO - [2023-11-12T13:30:15.495+0000] {dag.py:3441} INFO - Setting next_dagrun for example_dynamic_task_mapping to 2022-03-04T00:00:00+00:00, run_after=2022-03-05T00:00:00+00:00
[2023-11-12T13:30:15.504+0000] {processor.py:175} INFO - Processing /home/airflow/.local/lib/python3.7/site-packages/airflow/example_dags/example_dynamic_task_mapping.py took 0.049 seconds
[2023-11-12T14:52:25.941+0000] {processor.py:153} INFO - Started process (PID=98246) to work on /home/airflow/.local/lib/python3.7/site-packages/airflow/example_dags/example_dynamic_task_mapping.py
[2023-11-12T14:52:25.941+0000] {processor.py:743} INFO - Processing file /home/airflow/.local/lib/python3.7/site-packages/airflow/example_dags/example_dynamic_task_mapping.py for tasks to queue
[2023-11-12T14:52:25.942+0000] {logging_mixin.py:137} INFO - [2023-11-12T14:52:25.942+0000] {dagbag.py:538} INFO - Filling up the DagBag from /home/airflow/.local/lib/python3.7/site-packages/airflow/example_dags/example_dynamic_task_mapping.py
[2023-11-12T14:52:25.956+0000] {processor.py:753} INFO - DAG(s) dict_keys(['example_dynamic_task_mapping']) retrieved from /home/airflow/.local/lib/python3.7/site-packages/airflow/example_dags/example_dynamic_task_mapping.py
[2023-11-12T14:52:25.968+0000] {logging_mixin.py:137} INFO - [2023-11-12T14:52:25.968+0000] {dag.py:2690} INFO - Sync 1 DAGs
[2023-11-12T14:52:25.980+0000] {logging_mixin.py:137} INFO - [2023-11-12T14:52:25.980+0000] {dag.py:3441} INFO - Setting next_dagrun for example_dynamic_task_mapping to 2022-03-04T00:00:00+00:00, run_after=2022-03-05T00:00:00+00:00
[2023-11-12T14:52:25.988+0000] {processor.py:175} INFO - Processing /home/airflow/.local/lib/python3.7/site-packages/airflow/example_dags/example_dynamic_task_mapping.py took 0.049 seconds
[2023-11-12T15:54:08.874+0000] {processor.py:153} INFO - Started process (PID=98341) to work on /home/airflow/.local/lib/python3.7/site-packages/airflow/example_dags/example_dynamic_task_mapping.py
[2023-11-12T15:54:08.875+0000] {processor.py:743} INFO - Processing file /home/airflow/.local/lib/python3.7/site-packages/airflow/example_dags/example_dynamic_task_mapping.py for tasks to queue
[2023-11-12T15:54:08.876+0000] {logging_mixin.py:137} INFO - [2023-11-12T15:54:08.876+0000] {dagbag.py:538} INFO - Filling up the DagBag from /home/airflow/.local/lib/python3.7/site-packages/airflow/example_dags/example_dynamic_task_mapping.py
[2023-11-12T15:54:08.893+0000] {processor.py:753} INFO - DAG(s) dict_keys(['example_dynamic_task_mapping']) retrieved from /home/airflow/.local/lib/python3.7/site-packages/airflow/example_dags/example_dynamic_task_mapping.py
[2023-11-12T15:54:08.913+0000] {logging_mixin.py:137} INFO - [2023-11-12T15:54:08.913+0000] {dag.py:2690} INFO - Sync 1 DAGs
[2023-11-12T15:54:08.929+0000] {logging_mixin.py:137} INFO - [2023-11-12T15:54:08.929+0000] {dag.py:3441} INFO - Setting next_dagrun for example_dynamic_task_mapping to 2022-03-04T00:00:00+00:00, run_after=2022-03-05T00:00:00+00:00
[2023-11-12T15:54:08.939+0000] {processor.py:175} INFO - Processing /home/airflow/.local/lib/python3.7/site-packages/airflow/example_dags/example_dynamic_task_mapping.py took 0.068 seconds
[2023-11-12T17:14:32.930+0000] {processor.py:153} INFO - Started process (PID=98436) to work on /home/airflow/.local/lib/python3.7/site-packages/airflow/example_dags/example_dynamic_task_mapping.py
[2023-11-12T17:14:32.931+0000] {processor.py:743} INFO - Processing file /home/airflow/.local/lib/python3.7/site-packages/airflow/example_dags/example_dynamic_task_mapping.py for tasks to queue
[2023-11-12T17:14:32.932+0000] {logging_mixin.py:137} INFO - [2023-11-12T17:14:32.932+0000] {dagbag.py:538} INFO - Filling up the DagBag from /home/airflow/.local/lib/python3.7/site-packages/airflow/example_dags/example_dynamic_task_mapping.py
[2023-11-12T17:14:32.956+0000] {processor.py:753} INFO - DAG(s) dict_keys(['example_dynamic_task_mapping']) retrieved from /home/airflow/.local/lib/python3.7/site-packages/airflow/example_dags/example_dynamic_task_mapping.py
[2023-11-12T17:14:32.980+0000] {logging_mixin.py:137} INFO - [2023-11-12T17:14:32.980+0000] {dag.py:2690} INFO - Sync 1 DAGs
[2023-11-12T17:14:32.998+0000] {logging_mixin.py:137} INFO - [2023-11-12T17:14:32.998+0000] {dag.py:3441} INFO - Setting next_dagrun for example_dynamic_task_mapping to 2022-03-04T00:00:00+00:00, run_after=2022-03-05T00:00:00+00:00
[2023-11-12T17:14:33.013+0000] {processor.py:175} INFO - Processing /home/airflow/.local/lib/python3.7/site-packages/airflow/example_dags/example_dynamic_task_mapping.py took 0.087 seconds
[2023-11-12T18:37:23.983+0000] {processor.py:153} INFO - Started process (PID=98513) to work on /home/airflow/.local/lib/python3.7/site-packages/airflow/example_dags/example_dynamic_task_mapping.py
[2023-11-12T18:37:23.984+0000] {processor.py:743} INFO - Processing file /home/airflow/.local/lib/python3.7/site-packages/airflow/example_dags/example_dynamic_task_mapping.py for tasks to queue
[2023-11-12T18:37:23.985+0000] {logging_mixin.py:137} INFO - [2023-11-12T18:37:23.985+0000] {dagbag.py:538} INFO - Filling up the DagBag from /home/airflow/.local/lib/python3.7/site-packages/airflow/example_dags/example_dynamic_task_mapping.py
[2023-11-12T18:37:24.001+0000] {processor.py:753} INFO - DAG(s) dict_keys(['example_dynamic_task_mapping']) retrieved from /home/airflow/.local/lib/python3.7/site-packages/airflow/example_dags/example_dynamic_task_mapping.py
[2023-11-12T18:37:24.019+0000] {logging_mixin.py:137} INFO - [2023-11-12T18:37:24.019+0000] {dag.py:2690} INFO - Sync 1 DAGs
[2023-11-12T18:37:24.036+0000] {logging_mixin.py:137} INFO - [2023-11-12T18:37:24.036+0000] {dag.py:3441} INFO - Setting next_dagrun for example_dynamic_task_mapping to 2022-03-04T00:00:00+00:00, run_after=2022-03-05T00:00:00+00:00
[2023-11-12T18:37:24.048+0000] {processor.py:175} INFO - Processing /home/airflow/.local/lib/python3.7/site-packages/airflow/example_dags/example_dynamic_task_mapping.py took 0.068 seconds
[2023-11-12T20:01:02.057+0000] {processor.py:153} INFO - Started process (PID=98608) to work on /home/airflow/.local/lib/python3.7/site-packages/airflow/example_dags/example_dynamic_task_mapping.py
[2023-11-12T20:01:02.059+0000] {processor.py:743} INFO - Processing file /home/airflow/.local/lib/python3.7/site-packages/airflow/example_dags/example_dynamic_task_mapping.py for tasks to queue
[2023-11-12T20:01:02.060+0000] {logging_mixin.py:137} INFO - [2023-11-12T20:01:02.060+0000] {dagbag.py:538} INFO - Filling up the DagBag from /home/airflow/.local/lib/python3.7/site-packages/airflow/example_dags/example_dynamic_task_mapping.py
[2023-11-12T20:01:02.078+0000] {processor.py:753} INFO - DAG(s) dict_keys(['example_dynamic_task_mapping']) retrieved from /home/airflow/.local/lib/python3.7/site-packages/airflow/example_dags/example_dynamic_task_mapping.py
[2023-11-12T20:01:02.096+0000] {logging_mixin.py:137} INFO - [2023-11-12T20:01:02.096+0000] {dag.py:2690} INFO - Sync 1 DAGs
[2023-11-12T20:01:02.110+0000] {logging_mixin.py:137} INFO - [2023-11-12T20:01:02.110+0000] {dag.py:3441} INFO - Setting next_dagrun for example_dynamic_task_mapping to 2022-03-04T00:00:00+00:00, run_after=2022-03-05T00:00:00+00:00
[2023-11-12T20:01:02.122+0000] {processor.py:175} INFO - Processing /home/airflow/.local/lib/python3.7/site-packages/airflow/example_dags/example_dynamic_task_mapping.py took 0.071 seconds
[2023-11-12T21:24:50.865+0000] {processor.py:153} INFO - Started process (PID=98703) to work on /home/airflow/.local/lib/python3.7/site-packages/airflow/example_dags/example_dynamic_task_mapping.py
[2023-11-12T21:24:50.865+0000] {processor.py:743} INFO - Processing file /home/airflow/.local/lib/python3.7/site-packages/airflow/example_dags/example_dynamic_task_mapping.py for tasks to queue
[2023-11-12T21:24:50.866+0000] {logging_mixin.py:137} INFO - [2023-11-12T21:24:50.866+0000] {dagbag.py:538} INFO - Filling up the DagBag from /home/airflow/.local/lib/python3.7/site-packages/airflow/example_dags/example_dynamic_task_mapping.py
[2023-11-12T21:24:50.884+0000] {processor.py:753} INFO - DAG(s) dict_keys(['example_dynamic_task_mapping']) retrieved from /home/airflow/.local/lib/python3.7/site-packages/airflow/example_dags/example_dynamic_task_mapping.py
[2023-11-12T21:24:50.904+0000] {logging_mixin.py:137} INFO - [2023-11-12T21:24:50.904+0000] {dag.py:2690} INFO - Sync 1 DAGs
[2023-11-12T21:24:50.920+0000] {logging_mixin.py:137} INFO - [2023-11-12T21:24:50.919+0000] {dag.py:3441} INFO - Setting next_dagrun for example_dynamic_task_mapping to 2022-03-04T00:00:00+00:00, run_after=2022-03-05T00:00:00+00:00
[2023-11-12T21:24:50.932+0000] {processor.py:175} INFO - Processing /home/airflow/.local/lib/python3.7/site-packages/airflow/example_dags/example_dynamic_task_mapping.py took 0.071 seconds
[2023-11-12T22:44:56.865+0000] {processor.py:153} INFO - Started process (PID=98780) to work on /home/airflow/.local/lib/python3.7/site-packages/airflow/example_dags/example_dynamic_task_mapping.py
[2023-11-12T22:44:56.866+0000] {processor.py:743} INFO - Processing file /home/airflow/.local/lib/python3.7/site-packages/airflow/example_dags/example_dynamic_task_mapping.py for tasks to queue
[2023-11-12T22:44:56.867+0000] {logging_mixin.py:137} INFO - [2023-11-12T22:44:56.866+0000] {dagbag.py:538} INFO - Filling up the DagBag from /home/airflow/.local/lib/python3.7/site-packages/airflow/example_dags/example_dynamic_task_mapping.py
[2023-11-12T22:44:56.885+0000] {processor.py:753} INFO - DAG(s) dict_keys(['example_dynamic_task_mapping']) retrieved from /home/airflow/.local/lib/python3.7/site-packages/airflow/example_dags/example_dynamic_task_mapping.py
[2023-11-12T22:44:56.904+0000] {logging_mixin.py:137} INFO - [2023-11-12T22:44:56.904+0000] {dag.py:2690} INFO - Sync 1 DAGs
[2023-11-12T22:44:56.920+0000] {logging_mixin.py:137} INFO - [2023-11-12T22:44:56.920+0000] {dag.py:3441} INFO - Setting next_dagrun for example_dynamic_task_mapping to 2022-03-04T00:00:00+00:00, run_after=2022-03-05T00:00:00+00:00
[2023-11-12T22:44:56.930+0000] {processor.py:175} INFO - Processing /home/airflow/.local/lib/python3.7/site-packages/airflow/example_dags/example_dynamic_task_mapping.py took 0.069 seconds
[2023-11-12T23:50:10.326+0000] {processor.py:153} INFO - Started process (PID=98875) to work on /home/airflow/.local/lib/python3.7/site-packages/airflow/example_dags/example_dynamic_task_mapping.py
[2023-11-12T23:50:10.326+0000] {processor.py:743} INFO - Processing file /home/airflow/.local/lib/python3.7/site-packages/airflow/example_dags/example_dynamic_task_mapping.py for tasks to queue
[2023-11-12T23:50:10.327+0000] {logging_mixin.py:137} INFO - [2023-11-12T23:50:10.326+0000] {dagbag.py:538} INFO - Filling up the DagBag from /home/airflow/.local/lib/python3.7/site-packages/airflow/example_dags/example_dynamic_task_mapping.py
[2023-11-12T23:50:10.342+0000] {processor.py:753} INFO - DAG(s) dict_keys(['example_dynamic_task_mapping']) retrieved from /home/airflow/.local/lib/python3.7/site-packages/airflow/example_dags/example_dynamic_task_mapping.py
[2023-11-12T23:50:10.356+0000] {logging_mixin.py:137} INFO - [2023-11-12T23:50:10.356+0000] {dag.py:2690} INFO - Sync 1 DAGs
[2023-11-12T23:50:10.369+0000] {logging_mixin.py:137} INFO - [2023-11-12T23:50:10.369+0000] {dag.py:3441} INFO - Setting next_dagrun for example_dynamic_task_mapping to 2022-03-04T00:00:00+00:00, run_after=2022-03-05T00:00:00+00:00
[2023-11-12T23:50:10.377+0000] {processor.py:175} INFO - Processing /home/airflow/.local/lib/python3.7/site-packages/airflow/example_dags/example_dynamic_task_mapping.py took 0.054 seconds
