[2023-11-12T01:18:52.160+0000] {processor.py:153} INFO - Started process (PID=97369) to work on /home/airflow/.local/lib/python3.7/site-packages/airflow/example_dags/example_task_group_decorator.py
[2023-11-12T01:18:52.160+0000] {processor.py:743} INFO - Processing file /home/airflow/.local/lib/python3.7/site-packages/airflow/example_dags/example_task_group_decorator.py for tasks to queue
[2023-11-12T01:18:52.161+0000] {logging_mixin.py:137} INFO - [2023-11-12T01:18:52.160+0000] {dagbag.py:538} INFO - Filling up the DagBag from /home/airflow/.local/lib/python3.7/site-packages/airflow/example_dags/example_task_group_decorator.py
[2023-11-12T01:18:52.177+0000] {processor.py:753} INFO - DAG(s) dict_keys(['example_task_group_decorator']) retrieved from /home/airflow/.local/lib/python3.7/site-packages/airflow/example_dags/example_task_group_decorator.py
[2023-11-12T01:18:52.192+0000] {logging_mixin.py:137} INFO - [2023-11-12T01:18:52.192+0000] {dag.py:2690} INFO - Sync 1 DAGs
[2023-11-12T01:18:52.205+0000] {logging_mixin.py:137} INFO - [2023-11-12T01:18:52.205+0000] {dag.py:3441} INFO - Setting next_dagrun for example_task_group_decorator to 2023-11-11T01:18:52.205406+00:00, run_after=2023-11-12T01:18:52.205406+00:00
[2023-11-12T01:18:52.216+0000] {processor.py:175} INFO - Processing /home/airflow/.local/lib/python3.7/site-packages/airflow/example_dags/example_task_group_decorator.py took 0.058 seconds
[2023-11-12T02:37:16.145+0000] {processor.py:153} INFO - Started process (PID=97446) to work on /home/airflow/.local/lib/python3.7/site-packages/airflow/example_dags/example_task_group_decorator.py
[2023-11-12T02:37:16.145+0000] {processor.py:743} INFO - Processing file /home/airflow/.local/lib/python3.7/site-packages/airflow/example_dags/example_task_group_decorator.py for tasks to queue
[2023-11-12T02:37:16.146+0000] {logging_mixin.py:137} INFO - [2023-11-12T02:37:16.145+0000] {dagbag.py:538} INFO - Filling up the DagBag from /home/airflow/.local/lib/python3.7/site-packages/airflow/example_dags/example_task_group_decorator.py
[2023-11-12T02:37:16.161+0000] {processor.py:753} INFO - DAG(s) dict_keys(['example_task_group_decorator']) retrieved from /home/airflow/.local/lib/python3.7/site-packages/airflow/example_dags/example_task_group_decorator.py
[2023-11-12T02:37:16.174+0000] {logging_mixin.py:137} INFO - [2023-11-12T02:37:16.174+0000] {dag.py:2690} INFO - Sync 1 DAGs
[2023-11-12T02:37:16.185+0000] {logging_mixin.py:137} INFO - [2023-11-12T02:37:16.185+0000] {dag.py:3441} INFO - Setting next_dagrun for example_task_group_decorator to 2023-11-11T02:37:16.185650+00:00, run_after=2023-11-12T02:37:16.185650+00:00
[2023-11-12T02:37:16.193+0000] {processor.py:175} INFO - Processing /home/airflow/.local/lib/python3.7/site-packages/airflow/example_dags/example_task_group_decorator.py took 0.051 seconds
[2023-11-12T03:59:06.626+0000] {processor.py:153} INFO - Started process (PID=97541) to work on /home/airflow/.local/lib/python3.7/site-packages/airflow/example_dags/example_task_group_decorator.py
[2023-11-12T03:59:06.626+0000] {processor.py:743} INFO - Processing file /home/airflow/.local/lib/python3.7/site-packages/airflow/example_dags/example_task_group_decorator.py for tasks to queue
[2023-11-12T03:59:06.627+0000] {logging_mixin.py:137} INFO - [2023-11-12T03:59:06.626+0000] {dagbag.py:538} INFO - Filling up the DagBag from /home/airflow/.local/lib/python3.7/site-packages/airflow/example_dags/example_task_group_decorator.py
[2023-11-12T03:59:06.643+0000] {processor.py:753} INFO - DAG(s) dict_keys(['example_task_group_decorator']) retrieved from /home/airflow/.local/lib/python3.7/site-packages/airflow/example_dags/example_task_group_decorator.py
[2023-11-12T03:59:06.657+0000] {logging_mixin.py:137} INFO - [2023-11-12T03:59:06.657+0000] {dag.py:2690} INFO - Sync 1 DAGs
[2023-11-12T03:59:06.669+0000] {logging_mixin.py:137} INFO - [2023-11-12T03:59:06.668+0000] {dag.py:3441} INFO - Setting next_dagrun for example_task_group_decorator to 2023-11-11T03:59:06.668826+00:00, run_after=2023-11-12T03:59:06.668826+00:00
[2023-11-12T03:59:06.677+0000] {processor.py:175} INFO - Processing /home/airflow/.local/lib/python3.7/site-packages/airflow/example_dags/example_task_group_decorator.py took 0.053 seconds
[2023-11-12T05:21:06.573+0000] {processor.py:153} INFO - Started process (PID=97636) to work on /home/airflow/.local/lib/python3.7/site-packages/airflow/example_dags/example_task_group_decorator.py
[2023-11-12T05:21:06.573+0000] {processor.py:743} INFO - Processing file /home/airflow/.local/lib/python3.7/site-packages/airflow/example_dags/example_task_group_decorator.py for tasks to queue
[2023-11-12T05:21:06.574+0000] {logging_mixin.py:137} INFO - [2023-11-12T05:21:06.574+0000] {dagbag.py:538} INFO - Filling up the DagBag from /home/airflow/.local/lib/python3.7/site-packages/airflow/example_dags/example_task_group_decorator.py
[2023-11-12T05:21:06.590+0000] {processor.py:753} INFO - DAG(s) dict_keys(['example_task_group_decorator']) retrieved from /home/airflow/.local/lib/python3.7/site-packages/airflow/example_dags/example_task_group_decorator.py
[2023-11-12T05:21:06.603+0000] {logging_mixin.py:137} INFO - [2023-11-12T05:21:06.603+0000] {dag.py:2690} INFO - Sync 1 DAGs
[2023-11-12T05:21:06.614+0000] {logging_mixin.py:137} INFO - [2023-11-12T05:21:06.614+0000] {dag.py:3441} INFO - Setting next_dagrun for example_task_group_decorator to 2023-11-11T05:21:06.614180+00:00, run_after=2023-11-12T05:21:06.614180+00:00
[2023-11-12T05:21:06.623+0000] {processor.py:175} INFO - Processing /home/airflow/.local/lib/python3.7/site-packages/airflow/example_dags/example_task_group_decorator.py took 0.052 seconds
[2023-11-12T06:45:04.443+0000] {processor.py:153} INFO - Started process (PID=97713) to work on /home/airflow/.local/lib/python3.7/site-packages/airflow/example_dags/example_task_group_decorator.py
[2023-11-12T06:45:04.445+0000] {processor.py:743} INFO - Processing file /home/airflow/.local/lib/python3.7/site-packages/airflow/example_dags/example_task_group_decorator.py for tasks to queue
[2023-11-12T06:45:04.445+0000] {logging_mixin.py:137} INFO - [2023-11-12T06:45:04.445+0000] {dagbag.py:538} INFO - Filling up the DagBag from /home/airflow/.local/lib/python3.7/site-packages/airflow/example_dags/example_task_group_decorator.py
[2023-11-12T06:45:04.474+0000] {processor.py:753} INFO - DAG(s) dict_keys(['example_task_group_decorator']) retrieved from /home/airflow/.local/lib/python3.7/site-packages/airflow/example_dags/example_task_group_decorator.py
[2023-11-12T06:45:04.495+0000] {logging_mixin.py:137} INFO - [2023-11-12T06:45:04.495+0000] {dag.py:2690} INFO - Sync 1 DAGs
[2023-11-12T06:45:04.514+0000] {logging_mixin.py:137} INFO - [2023-11-12T06:45:04.514+0000] {dag.py:3441} INFO - Setting next_dagrun for example_task_group_decorator to 2023-11-11T06:45:04.513971+00:00, run_after=2023-11-12T06:45:04.513971+00:00
[2023-11-12T06:45:04.527+0000] {processor.py:175} INFO - Processing /home/airflow/.local/lib/python3.7/site-packages/airflow/example_dags/example_task_group_decorator.py took 0.090 seconds
[2023-11-12T07:55:55.509+0000] {processor.py:153} INFO - Started process (PID=97808) to work on /home/airflow/.local/lib/python3.7/site-packages/airflow/example_dags/example_task_group_decorator.py
[2023-11-12T07:55:55.511+0000] {processor.py:743} INFO - Processing file /home/airflow/.local/lib/python3.7/site-packages/airflow/example_dags/example_task_group_decorator.py for tasks to queue
[2023-11-12T07:55:55.512+0000] {logging_mixin.py:137} INFO - [2023-11-12T07:55:55.512+0000] {dagbag.py:538} INFO - Filling up the DagBag from /home/airflow/.local/lib/python3.7/site-packages/airflow/example_dags/example_task_group_decorator.py
[2023-11-12T07:55:55.540+0000] {processor.py:753} INFO - DAG(s) dict_keys(['example_task_group_decorator']) retrieved from /home/airflow/.local/lib/python3.7/site-packages/airflow/example_dags/example_task_group_decorator.py
[2023-11-12T07:55:55.559+0000] {logging_mixin.py:137} INFO - [2023-11-12T07:55:55.559+0000] {dag.py:2690} INFO - Sync 1 DAGs
[2023-11-12T07:55:55.573+0000] {logging_mixin.py:137} INFO - [2023-11-12T07:55:55.573+0000] {dag.py:3441} INFO - Setting next_dagrun for example_task_group_decorator to 2023-11-11T07:55:55.573095+00:00, run_after=2023-11-12T07:55:55.573095+00:00
[2023-11-12T07:55:55.583+0000] {processor.py:175} INFO - Processing /home/airflow/.local/lib/python3.7/site-packages/airflow/example_dags/example_task_group_decorator.py took 0.082 seconds
[2023-11-12T09:18:57.347+0000] {processor.py:153} INFO - Started process (PID=97903) to work on /home/airflow/.local/lib/python3.7/site-packages/airflow/example_dags/example_task_group_decorator.py
[2023-11-12T09:18:57.347+0000] {processor.py:743} INFO - Processing file /home/airflow/.local/lib/python3.7/site-packages/airflow/example_dags/example_task_group_decorator.py for tasks to queue
[2023-11-12T09:18:57.348+0000] {logging_mixin.py:137} INFO - [2023-11-12T09:18:57.348+0000] {dagbag.py:538} INFO - Filling up the DagBag from /home/airflow/.local/lib/python3.7/site-packages/airflow/example_dags/example_task_group_decorator.py
[2023-11-12T09:18:57.368+0000] {processor.py:753} INFO - DAG(s) dict_keys(['example_task_group_decorator']) retrieved from /home/airflow/.local/lib/python3.7/site-packages/airflow/example_dags/example_task_group_decorator.py
[2023-11-12T09:18:57.388+0000] {logging_mixin.py:137} INFO - [2023-11-12T09:18:57.388+0000] {dag.py:2690} INFO - Sync 1 DAGs
[2023-11-12T09:18:57.405+0000] {logging_mixin.py:137} INFO - [2023-11-12T09:18:57.405+0000] {dag.py:3441} INFO - Setting next_dagrun for example_task_group_decorator to 2023-11-11T09:18:57.405199+00:00, run_after=2023-11-12T09:18:57.405199+00:00
[2023-11-12T09:18:57.419+0000] {processor.py:175} INFO - Processing /home/airflow/.local/lib/python3.7/site-packages/airflow/example_dags/example_task_group_decorator.py took 0.076 seconds
[2023-11-12T10:42:12.053+0000] {processor.py:153} INFO - Started process (PID=97980) to work on /home/airflow/.local/lib/python3.7/site-packages/airflow/example_dags/example_task_group_decorator.py
[2023-11-12T10:42:12.054+0000] {processor.py:743} INFO - Processing file /home/airflow/.local/lib/python3.7/site-packages/airflow/example_dags/example_task_group_decorator.py for tasks to queue
[2023-11-12T10:42:12.055+0000] {logging_mixin.py:137} INFO - [2023-11-12T10:42:12.055+0000] {dagbag.py:538} INFO - Filling up the DagBag from /home/airflow/.local/lib/python3.7/site-packages/airflow/example_dags/example_task_group_decorator.py
[2023-11-12T10:42:12.073+0000] {processor.py:753} INFO - DAG(s) dict_keys(['example_task_group_decorator']) retrieved from /home/airflow/.local/lib/python3.7/site-packages/airflow/example_dags/example_task_group_decorator.py
[2023-11-12T10:42:12.096+0000] {logging_mixin.py:137} INFO - [2023-11-12T10:42:12.095+0000] {dag.py:2690} INFO - Sync 1 DAGs
[2023-11-12T10:42:12.112+0000] {logging_mixin.py:137} INFO - [2023-11-12T10:42:12.112+0000] {dag.py:3441} INFO - Setting next_dagrun for example_task_group_decorator to 2023-11-11T10:42:12.112412+00:00, run_after=2023-11-12T10:42:12.112412+00:00
[2023-11-12T10:42:12.128+0000] {processor.py:175} INFO - Processing /home/airflow/.local/lib/python3.7/site-packages/airflow/example_dags/example_task_group_decorator.py took 0.077 seconds
[2023-11-12T12:03:52.028+0000] {processor.py:153} INFO - Started process (PID=98075) to work on /home/airflow/.local/lib/python3.7/site-packages/airflow/example_dags/example_task_group_decorator.py
[2023-11-12T12:03:52.029+0000] {processor.py:743} INFO - Processing file /home/airflow/.local/lib/python3.7/site-packages/airflow/example_dags/example_task_group_decorator.py for tasks to queue
[2023-11-12T12:03:52.029+0000] {logging_mixin.py:137} INFO - [2023-11-12T12:03:52.029+0000] {dagbag.py:538} INFO - Filling up the DagBag from /home/airflow/.local/lib/python3.7/site-packages/airflow/example_dags/example_task_group_decorator.py
[2023-11-12T12:03:52.045+0000] {processor.py:753} INFO - DAG(s) dict_keys(['example_task_group_decorator']) retrieved from /home/airflow/.local/lib/python3.7/site-packages/airflow/example_dags/example_task_group_decorator.py
[2023-11-12T12:03:52.058+0000] {logging_mixin.py:137} INFO - [2023-11-12T12:03:52.058+0000] {dag.py:2690} INFO - Sync 1 DAGs
[2023-11-12T12:03:52.069+0000] {logging_mixin.py:137} INFO - [2023-11-12T12:03:52.069+0000] {dag.py:3441} INFO - Setting next_dagrun for example_task_group_decorator to 2023-11-11T12:03:52.069804+00:00, run_after=2023-11-12T12:03:52.069804+00:00
[2023-11-12T12:03:52.078+0000] {processor.py:175} INFO - Processing /home/airflow/.local/lib/python3.7/site-packages/airflow/example_dags/example_task_group_decorator.py took 0.051 seconds
[2023-11-12T13:30:15.502+0000] {processor.py:153} INFO - Started process (PID=98170) to work on /home/airflow/.local/lib/python3.7/site-packages/airflow/example_dags/example_task_group_decorator.py
[2023-11-12T13:30:15.503+0000] {processor.py:743} INFO - Processing file /home/airflow/.local/lib/python3.7/site-packages/airflow/example_dags/example_task_group_decorator.py for tasks to queue
[2023-11-12T13:30:15.503+0000] {logging_mixin.py:137} INFO - [2023-11-12T13:30:15.503+0000] {dagbag.py:538} INFO - Filling up the DagBag from /home/airflow/.local/lib/python3.7/site-packages/airflow/example_dags/example_task_group_decorator.py
[2023-11-12T13:30:15.519+0000] {processor.py:753} INFO - DAG(s) dict_keys(['example_task_group_decorator']) retrieved from /home/airflow/.local/lib/python3.7/site-packages/airflow/example_dags/example_task_group_decorator.py
[2023-11-12T13:30:15.534+0000] {logging_mixin.py:137} INFO - [2023-11-12T13:30:15.533+0000] {dag.py:2690} INFO - Sync 1 DAGs
[2023-11-12T13:30:15.545+0000] {logging_mixin.py:137} INFO - [2023-11-12T13:30:15.545+0000] {dag.py:3441} INFO - Setting next_dagrun for example_task_group_decorator to 2023-11-11T13:30:15.545532+00:00, run_after=2023-11-12T13:30:15.545532+00:00
[2023-11-12T13:30:15.554+0000] {processor.py:175} INFO - Processing /home/airflow/.local/lib/python3.7/site-packages/airflow/example_dags/example_task_group_decorator.py took 0.054 seconds
[2023-11-12T14:52:26.001+0000] {processor.py:153} INFO - Started process (PID=98247) to work on /home/airflow/.local/lib/python3.7/site-packages/airflow/example_dags/example_task_group_decorator.py
[2023-11-12T14:52:26.001+0000] {processor.py:743} INFO - Processing file /home/airflow/.local/lib/python3.7/site-packages/airflow/example_dags/example_task_group_decorator.py for tasks to queue
[2023-11-12T14:52:26.002+0000] {logging_mixin.py:137} INFO - [2023-11-12T14:52:26.002+0000] {dagbag.py:538} INFO - Filling up the DagBag from /home/airflow/.local/lib/python3.7/site-packages/airflow/example_dags/example_task_group_decorator.py
[2023-11-12T14:52:26.018+0000] {processor.py:753} INFO - DAG(s) dict_keys(['example_task_group_decorator']) retrieved from /home/airflow/.local/lib/python3.7/site-packages/airflow/example_dags/example_task_group_decorator.py
[2023-11-12T14:52:26.031+0000] {logging_mixin.py:137} INFO - [2023-11-12T14:52:26.031+0000] {dag.py:2690} INFO - Sync 1 DAGs
[2023-11-12T14:52:26.051+0000] {logging_mixin.py:137} INFO - [2023-11-12T14:52:26.051+0000] {dag.py:3441} INFO - Setting next_dagrun for example_task_group_decorator to 2023-11-11T14:52:26.050726+00:00, run_after=2023-11-12T14:52:26.050726+00:00
[2023-11-12T14:52:26.076+0000] {processor.py:175} INFO - Processing /home/airflow/.local/lib/python3.7/site-packages/airflow/example_dags/example_task_group_decorator.py took 0.077 seconds
[2023-11-12T15:54:08.930+0000] {processor.py:153} INFO - Started process (PID=98342) to work on /home/airflow/.local/lib/python3.7/site-packages/airflow/example_dags/example_task_group_decorator.py
[2023-11-12T15:54:08.931+0000] {processor.py:743} INFO - Processing file /home/airflow/.local/lib/python3.7/site-packages/airflow/example_dags/example_task_group_decorator.py for tasks to queue
[2023-11-12T15:54:08.932+0000] {logging_mixin.py:137} INFO - [2023-11-12T15:54:08.932+0000] {dagbag.py:538} INFO - Filling up the DagBag from /home/airflow/.local/lib/python3.7/site-packages/airflow/example_dags/example_task_group_decorator.py
[2023-11-12T15:54:08.951+0000] {processor.py:753} INFO - DAG(s) dict_keys(['example_task_group_decorator']) retrieved from /home/airflow/.local/lib/python3.7/site-packages/airflow/example_dags/example_task_group_decorator.py
[2023-11-12T15:54:08.970+0000] {logging_mixin.py:137} INFO - [2023-11-12T15:54:08.970+0000] {dag.py:2690} INFO - Sync 1 DAGs
[2023-11-12T15:54:08.983+0000] {logging_mixin.py:137} INFO - [2023-11-12T15:54:08.983+0000] {dag.py:3441} INFO - Setting next_dagrun for example_task_group_decorator to 2023-11-11T15:54:08.983690+00:00, run_after=2023-11-12T15:54:08.983690+00:00
[2023-11-12T15:54:08.994+0000] {processor.py:175} INFO - Processing /home/airflow/.local/lib/python3.7/site-packages/airflow/example_dags/example_task_group_decorator.py took 0.067 seconds
[2023-11-12T17:14:32.992+0000] {processor.py:153} INFO - Started process (PID=98437) to work on /home/airflow/.local/lib/python3.7/site-packages/airflow/example_dags/example_task_group_decorator.py
[2023-11-12T17:14:32.994+0000] {processor.py:743} INFO - Processing file /home/airflow/.local/lib/python3.7/site-packages/airflow/example_dags/example_task_group_decorator.py for tasks to queue
[2023-11-12T17:14:32.995+0000] {logging_mixin.py:137} INFO - [2023-11-12T17:14:32.995+0000] {dagbag.py:538} INFO - Filling up the DagBag from /home/airflow/.local/lib/python3.7/site-packages/airflow/example_dags/example_task_group_decorator.py
[2023-11-12T17:14:33.023+0000] {processor.py:753} INFO - DAG(s) dict_keys(['example_task_group_decorator']) retrieved from /home/airflow/.local/lib/python3.7/site-packages/airflow/example_dags/example_task_group_decorator.py
[2023-11-12T17:14:33.045+0000] {logging_mixin.py:137} INFO - [2023-11-12T17:14:33.045+0000] {dag.py:2690} INFO - Sync 1 DAGs
[2023-11-12T17:14:33.064+0000] {logging_mixin.py:137} INFO - [2023-11-12T17:14:33.064+0000] {dag.py:3441} INFO - Setting next_dagrun for example_task_group_decorator to 2023-11-11T17:14:33.064376+00:00, run_after=2023-11-12T17:14:33.064376+00:00
[2023-11-12T17:14:33.080+0000] {processor.py:175} INFO - Processing /home/airflow/.local/lib/python3.7/site-packages/airflow/example_dags/example_task_group_decorator.py took 0.091 seconds
[2023-11-12T18:37:24.035+0000] {processor.py:153} INFO - Started process (PID=98514) to work on /home/airflow/.local/lib/python3.7/site-packages/airflow/example_dags/example_task_group_decorator.py
[2023-11-12T18:37:24.036+0000] {processor.py:743} INFO - Processing file /home/airflow/.local/lib/python3.7/site-packages/airflow/example_dags/example_task_group_decorator.py for tasks to queue
[2023-11-12T18:37:24.036+0000] {logging_mixin.py:137} INFO - [2023-11-12T18:37:24.036+0000] {dagbag.py:538} INFO - Filling up the DagBag from /home/airflow/.local/lib/python3.7/site-packages/airflow/example_dags/example_task_group_decorator.py
[2023-11-12T18:37:24.058+0000] {processor.py:753} INFO - DAG(s) dict_keys(['example_task_group_decorator']) retrieved from /home/airflow/.local/lib/python3.7/site-packages/airflow/example_dags/example_task_group_decorator.py
[2023-11-12T18:37:24.085+0000] {logging_mixin.py:137} INFO - [2023-11-12T18:37:24.084+0000] {dag.py:2690} INFO - Sync 1 DAGs
[2023-11-12T18:37:24.102+0000] {logging_mixin.py:137} INFO - [2023-11-12T18:37:24.102+0000] {dag.py:3441} INFO - Setting next_dagrun for example_task_group_decorator to 2023-11-11T18:37:24.102567+00:00, run_after=2023-11-12T18:37:24.102567+00:00
[2023-11-12T18:37:24.114+0000] {processor.py:175} INFO - Processing /home/airflow/.local/lib/python3.7/site-packages/airflow/example_dags/example_task_group_decorator.py took 0.081 seconds
[2023-11-12T20:01:02.110+0000] {processor.py:153} INFO - Started process (PID=98609) to work on /home/airflow/.local/lib/python3.7/site-packages/airflow/example_dags/example_task_group_decorator.py
[2023-11-12T20:01:02.111+0000] {processor.py:743} INFO - Processing file /home/airflow/.local/lib/python3.7/site-packages/airflow/example_dags/example_task_group_decorator.py for tasks to queue
[2023-11-12T20:01:02.112+0000] {logging_mixin.py:137} INFO - [2023-11-12T20:01:02.112+0000] {dagbag.py:538} INFO - Filling up the DagBag from /home/airflow/.local/lib/python3.7/site-packages/airflow/example_dags/example_task_group_decorator.py
[2023-11-12T20:01:02.132+0000] {processor.py:753} INFO - DAG(s) dict_keys(['example_task_group_decorator']) retrieved from /home/airflow/.local/lib/python3.7/site-packages/airflow/example_dags/example_task_group_decorator.py
[2023-11-12T20:01:02.150+0000] {logging_mixin.py:137} INFO - [2023-11-12T20:01:02.150+0000] {dag.py:2690} INFO - Sync 1 DAGs
[2023-11-12T20:01:02.163+0000] {logging_mixin.py:137} INFO - [2023-11-12T20:01:02.163+0000] {dag.py:3441} INFO - Setting next_dagrun for example_task_group_decorator to 2023-11-11T20:01:02.163347+00:00, run_after=2023-11-12T20:01:02.163347+00:00
[2023-11-12T20:01:02.173+0000] {processor.py:175} INFO - Processing /home/airflow/.local/lib/python3.7/site-packages/airflow/example_dags/example_task_group_decorator.py took 0.065 seconds
[2023-11-12T21:24:50.923+0000] {processor.py:153} INFO - Started process (PID=98704) to work on /home/airflow/.local/lib/python3.7/site-packages/airflow/example_dags/example_task_group_decorator.py
[2023-11-12T21:24:50.924+0000] {processor.py:743} INFO - Processing file /home/airflow/.local/lib/python3.7/site-packages/airflow/example_dags/example_task_group_decorator.py for tasks to queue
[2023-11-12T21:24:50.925+0000] {logging_mixin.py:137} INFO - [2023-11-12T21:24:50.925+0000] {dagbag.py:538} INFO - Filling up the DagBag from /home/airflow/.local/lib/python3.7/site-packages/airflow/example_dags/example_task_group_decorator.py
[2023-11-12T21:24:50.945+0000] {processor.py:753} INFO - DAG(s) dict_keys(['example_task_group_decorator']) retrieved from /home/airflow/.local/lib/python3.7/site-packages/airflow/example_dags/example_task_group_decorator.py
[2023-11-12T21:24:50.965+0000] {logging_mixin.py:137} INFO - [2023-11-12T21:24:50.965+0000] {dag.py:2690} INFO - Sync 1 DAGs
[2023-11-12T21:24:50.979+0000] {logging_mixin.py:137} INFO - [2023-11-12T21:24:50.979+0000] {dag.py:3441} INFO - Setting next_dagrun for example_task_group_decorator to 2023-11-11T21:24:50.979158+00:00, run_after=2023-11-12T21:24:50.979158+00:00
[2023-11-12T21:24:50.991+0000] {processor.py:175} INFO - Processing /home/airflow/.local/lib/python3.7/site-packages/airflow/example_dags/example_task_group_decorator.py took 0.071 seconds
[2023-11-12T22:44:56.888+0000] {processor.py:153} INFO - Started process (PID=98781) to work on /home/airflow/.local/lib/python3.7/site-packages/airflow/example_dags/example_task_group_decorator.py
[2023-11-12T22:44:56.889+0000] {processor.py:743} INFO - Processing file /home/airflow/.local/lib/python3.7/site-packages/airflow/example_dags/example_task_group_decorator.py for tasks to queue
[2023-11-12T22:44:56.889+0000] {logging_mixin.py:137} INFO - [2023-11-12T22:44:56.889+0000] {dagbag.py:538} INFO - Filling up the DagBag from /home/airflow/.local/lib/python3.7/site-packages/airflow/example_dags/example_task_group_decorator.py
[2023-11-12T22:44:56.910+0000] {processor.py:753} INFO - DAG(s) dict_keys(['example_task_group_decorator']) retrieved from /home/airflow/.local/lib/python3.7/site-packages/airflow/example_dags/example_task_group_decorator.py
[2023-11-12T22:44:56.928+0000] {logging_mixin.py:137} INFO - [2023-11-12T22:44:56.928+0000] {dag.py:2690} INFO - Sync 1 DAGs
[2023-11-12T22:44:56.944+0000] {logging_mixin.py:137} INFO - [2023-11-12T22:44:56.944+0000] {dag.py:3441} INFO - Setting next_dagrun for example_task_group_decorator to 2023-11-11T22:44:56.943862+00:00, run_after=2023-11-12T22:44:56.943862+00:00
[2023-11-12T22:44:56.956+0000] {processor.py:175} INFO - Processing /home/airflow/.local/lib/python3.7/site-packages/airflow/example_dags/example_task_group_decorator.py took 0.071 seconds
[2023-11-12T23:50:10.329+0000] {processor.py:153} INFO - Started process (PID=98876) to work on /home/airflow/.local/lib/python3.7/site-packages/airflow/example_dags/example_task_group_decorator.py
[2023-11-12T23:50:10.330+0000] {processor.py:743} INFO - Processing file /home/airflow/.local/lib/python3.7/site-packages/airflow/example_dags/example_task_group_decorator.py for tasks to queue
[2023-11-12T23:50:10.331+0000] {logging_mixin.py:137} INFO - [2023-11-12T23:50:10.331+0000] {dagbag.py:538} INFO - Filling up the DagBag from /home/airflow/.local/lib/python3.7/site-packages/airflow/example_dags/example_task_group_decorator.py
[2023-11-12T23:50:10.348+0000] {processor.py:753} INFO - DAG(s) dict_keys(['example_task_group_decorator']) retrieved from /home/airflow/.local/lib/python3.7/site-packages/airflow/example_dags/example_task_group_decorator.py
[2023-11-12T23:50:10.362+0000] {logging_mixin.py:137} INFO - [2023-11-12T23:50:10.362+0000] {dag.py:2690} INFO - Sync 1 DAGs
[2023-11-12T23:50:10.373+0000] {logging_mixin.py:137} INFO - [2023-11-12T23:50:10.373+0000] {dag.py:3441} INFO - Setting next_dagrun for example_task_group_decorator to 2023-11-11T23:50:10.373814+00:00, run_after=2023-11-12T23:50:10.373814+00:00
[2023-11-12T23:50:10.382+0000] {processor.py:175} INFO - Processing /home/airflow/.local/lib/python3.7/site-packages/airflow/example_dags/example_task_group_decorator.py took 0.056 seconds
