[2023-11-12T01:18:52.710+0000] {processor.py:153} INFO - Started process (PID=97375) to work on /home/airflow/.local/lib/python3.7/site-packages/airflow/example_dags/example_complex.py
[2023-11-12T01:18:52.710+0000] {processor.py:743} INFO - Processing file /home/airflow/.local/lib/python3.7/site-packages/airflow/example_dags/example_complex.py for tasks to queue
[2023-11-12T01:18:52.711+0000] {logging_mixin.py:137} INFO - [2023-11-12T01:18:52.711+0000] {dagbag.py:538} INFO - Filling up the DagBag from /home/airflow/.local/lib/python3.7/site-packages/airflow/example_dags/example_complex.py
[2023-11-12T01:18:52.718+0000] {logging_mixin.py:137} INFO - [2023-11-12T01:18:52.718+0000] {taskmixin.py:205} WARNING - Dependency <Task(BashOperator): create_entry_group>, delete_entry_group already registered for DAG: example_complex
[2023-11-12T01:18:52.718+0000] {logging_mixin.py:137} INFO - [2023-11-12T01:18:52.718+0000] {taskmixin.py:205} WARNING - Dependency <Task(BashOperator): delete_entry_group>, create_entry_group already registered for DAG: example_complex
[2023-11-12T01:18:52.719+0000] {logging_mixin.py:137} INFO - [2023-11-12T01:18:52.719+0000] {taskmixin.py:205} WARNING - Dependency <Task(BashOperator): create_entry_gcs>, delete_entry already registered for DAG: example_complex
[2023-11-12T01:18:52.719+0000] {logging_mixin.py:137} INFO - [2023-11-12T01:18:52.719+0000] {taskmixin.py:205} WARNING - Dependency <Task(BashOperator): delete_entry>, create_entry_gcs already registered for DAG: example_complex
[2023-11-12T01:18:52.719+0000] {logging_mixin.py:137} INFO - [2023-11-12T01:18:52.719+0000] {taskmixin.py:205} WARNING - Dependency <Task(BashOperator): create_tag>, delete_tag already registered for DAG: example_complex
[2023-11-12T01:18:52.719+0000] {logging_mixin.py:137} INFO - [2023-11-12T01:18:52.719+0000] {taskmixin.py:205} WARNING - Dependency <Task(BashOperator): delete_tag>, create_tag already registered for DAG: example_complex
[2023-11-12T01:18:52.724+0000] {processor.py:753} INFO - DAG(s) dict_keys(['example_complex']) retrieved from /home/airflow/.local/lib/python3.7/site-packages/airflow/example_dags/example_complex.py
[2023-11-12T01:18:52.742+0000] {logging_mixin.py:137} INFO - [2023-11-12T01:18:52.741+0000] {dag.py:2690} INFO - Sync 1 DAGs
[2023-11-12T01:18:52.754+0000] {logging_mixin.py:137} INFO - [2023-11-12T01:18:52.754+0000] {dag.py:3441} INFO - Setting next_dagrun for example_complex to None, run_after=None
[2023-11-12T01:18:52.763+0000] {processor.py:175} INFO - Processing /home/airflow/.local/lib/python3.7/site-packages/airflow/example_dags/example_complex.py took 0.056 seconds
[2023-11-12T02:37:16.391+0000] {processor.py:153} INFO - Started process (PID=97452) to work on /home/airflow/.local/lib/python3.7/site-packages/airflow/example_dags/example_complex.py
[2023-11-12T02:37:16.392+0000] {processor.py:743} INFO - Processing file /home/airflow/.local/lib/python3.7/site-packages/airflow/example_dags/example_complex.py for tasks to queue
[2023-11-12T02:37:16.393+0000] {logging_mixin.py:137} INFO - [2023-11-12T02:37:16.393+0000] {dagbag.py:538} INFO - Filling up the DagBag from /home/airflow/.local/lib/python3.7/site-packages/airflow/example_dags/example_complex.py
[2023-11-12T02:37:16.406+0000] {logging_mixin.py:137} INFO - [2023-11-12T02:37:16.406+0000] {taskmixin.py:205} WARNING - Dependency <Task(BashOperator): create_entry_group>, delete_entry_group already registered for DAG: example_complex
[2023-11-12T02:37:16.406+0000] {logging_mixin.py:137} INFO - [2023-11-12T02:37:16.406+0000] {taskmixin.py:205} WARNING - Dependency <Task(BashOperator): delete_entry_group>, create_entry_group already registered for DAG: example_complex
[2023-11-12T02:37:16.406+0000] {logging_mixin.py:137} INFO - [2023-11-12T02:37:16.406+0000] {taskmixin.py:205} WARNING - Dependency <Task(BashOperator): create_entry_gcs>, delete_entry already registered for DAG: example_complex
[2023-11-12T02:37:16.407+0000] {logging_mixin.py:137} INFO - [2023-11-12T02:37:16.407+0000] {taskmixin.py:205} WARNING - Dependency <Task(BashOperator): delete_entry>, create_entry_gcs already registered for DAG: example_complex
[2023-11-12T02:37:16.407+0000] {logging_mixin.py:137} INFO - [2023-11-12T02:37:16.407+0000] {taskmixin.py:205} WARNING - Dependency <Task(BashOperator): create_tag>, delete_tag already registered for DAG: example_complex
[2023-11-12T02:37:16.407+0000] {logging_mixin.py:137} INFO - [2023-11-12T02:37:16.407+0000] {taskmixin.py:205} WARNING - Dependency <Task(BashOperator): delete_tag>, create_tag already registered for DAG: example_complex
[2023-11-12T02:37:16.413+0000] {processor.py:753} INFO - DAG(s) dict_keys(['example_complex']) retrieved from /home/airflow/.local/lib/python3.7/site-packages/airflow/example_dags/example_complex.py
[2023-11-12T02:37:16.435+0000] {logging_mixin.py:137} INFO - [2023-11-12T02:37:16.435+0000] {dag.py:2690} INFO - Sync 1 DAGs
[2023-11-12T02:37:16.454+0000] {logging_mixin.py:137} INFO - [2023-11-12T02:37:16.454+0000] {dag.py:3441} INFO - Setting next_dagrun for example_complex to None, run_after=None
[2023-11-12T02:37:16.476+0000] {processor.py:175} INFO - Processing /home/airflow/.local/lib/python3.7/site-packages/airflow/example_dags/example_complex.py took 0.091 seconds
[2023-11-12T03:59:06.815+0000] {processor.py:153} INFO - Started process (PID=97547) to work on /home/airflow/.local/lib/python3.7/site-packages/airflow/example_dags/example_complex.py
[2023-11-12T03:59:06.815+0000] {processor.py:743} INFO - Processing file /home/airflow/.local/lib/python3.7/site-packages/airflow/example_dags/example_complex.py for tasks to queue
[2023-11-12T03:59:06.816+0000] {logging_mixin.py:137} INFO - [2023-11-12T03:59:06.816+0000] {dagbag.py:538} INFO - Filling up the DagBag from /home/airflow/.local/lib/python3.7/site-packages/airflow/example_dags/example_complex.py
[2023-11-12T03:59:06.822+0000] {logging_mixin.py:137} INFO - [2023-11-12T03:59:06.822+0000] {taskmixin.py:205} WARNING - Dependency <Task(BashOperator): create_entry_group>, delete_entry_group already registered for DAG: example_complex
[2023-11-12T03:59:06.822+0000] {logging_mixin.py:137} INFO - [2023-11-12T03:59:06.822+0000] {taskmixin.py:205} WARNING - Dependency <Task(BashOperator): delete_entry_group>, create_entry_group already registered for DAG: example_complex
[2023-11-12T03:59:06.823+0000] {logging_mixin.py:137} INFO - [2023-11-12T03:59:06.823+0000] {taskmixin.py:205} WARNING - Dependency <Task(BashOperator): create_entry_gcs>, delete_entry already registered for DAG: example_complex
[2023-11-12T03:59:06.823+0000] {logging_mixin.py:137} INFO - [2023-11-12T03:59:06.823+0000] {taskmixin.py:205} WARNING - Dependency <Task(BashOperator): delete_entry>, create_entry_gcs already registered for DAG: example_complex
[2023-11-12T03:59:06.823+0000] {logging_mixin.py:137} INFO - [2023-11-12T03:59:06.823+0000] {taskmixin.py:205} WARNING - Dependency <Task(BashOperator): create_tag>, delete_tag already registered for DAG: example_complex
[2023-11-12T03:59:06.823+0000] {logging_mixin.py:137} INFO - [2023-11-12T03:59:06.823+0000] {taskmixin.py:205} WARNING - Dependency <Task(BashOperator): delete_tag>, create_tag already registered for DAG: example_complex
[2023-11-12T03:59:06.830+0000] {processor.py:753} INFO - DAG(s) dict_keys(['example_complex']) retrieved from /home/airflow/.local/lib/python3.7/site-packages/airflow/example_dags/example_complex.py
[2023-11-12T03:59:06.874+0000] {logging_mixin.py:137} INFO - [2023-11-12T03:59:06.874+0000] {dag.py:2690} INFO - Sync 1 DAGs
[2023-11-12T03:59:06.890+0000] {logging_mixin.py:137} INFO - [2023-11-12T03:59:06.890+0000] {dag.py:3441} INFO - Setting next_dagrun for example_complex to None, run_after=None
[2023-11-12T03:59:06.907+0000] {processor.py:175} INFO - Processing /home/airflow/.local/lib/python3.7/site-packages/airflow/example_dags/example_complex.py took 0.094 seconds
[2023-11-12T05:21:06.761+0000] {processor.py:153} INFO - Started process (PID=97642) to work on /home/airflow/.local/lib/python3.7/site-packages/airflow/example_dags/example_complex.py
[2023-11-12T05:21:06.761+0000] {processor.py:743} INFO - Processing file /home/airflow/.local/lib/python3.7/site-packages/airflow/example_dags/example_complex.py for tasks to queue
[2023-11-12T05:21:06.762+0000] {logging_mixin.py:137} INFO - [2023-11-12T05:21:06.762+0000] {dagbag.py:538} INFO - Filling up the DagBag from /home/airflow/.local/lib/python3.7/site-packages/airflow/example_dags/example_complex.py
[2023-11-12T05:21:06.768+0000] {logging_mixin.py:137} INFO - [2023-11-12T05:21:06.768+0000] {taskmixin.py:205} WARNING - Dependency <Task(BashOperator): create_entry_group>, delete_entry_group already registered for DAG: example_complex
[2023-11-12T05:21:06.768+0000] {logging_mixin.py:137} INFO - [2023-11-12T05:21:06.768+0000] {taskmixin.py:205} WARNING - Dependency <Task(BashOperator): delete_entry_group>, create_entry_group already registered for DAG: example_complex
[2023-11-12T05:21:06.769+0000] {logging_mixin.py:137} INFO - [2023-11-12T05:21:06.768+0000] {taskmixin.py:205} WARNING - Dependency <Task(BashOperator): create_entry_gcs>, delete_entry already registered for DAG: example_complex
[2023-11-12T05:21:06.769+0000] {logging_mixin.py:137} INFO - [2023-11-12T05:21:06.769+0000] {taskmixin.py:205} WARNING - Dependency <Task(BashOperator): delete_entry>, create_entry_gcs already registered for DAG: example_complex
[2023-11-12T05:21:06.769+0000] {logging_mixin.py:137} INFO - [2023-11-12T05:21:06.769+0000] {taskmixin.py:205} WARNING - Dependency <Task(BashOperator): create_tag>, delete_tag already registered for DAG: example_complex
[2023-11-12T05:21:06.769+0000] {logging_mixin.py:137} INFO - [2023-11-12T05:21:06.769+0000] {taskmixin.py:205} WARNING - Dependency <Task(BashOperator): delete_tag>, create_tag already registered for DAG: example_complex
[2023-11-12T05:21:06.774+0000] {processor.py:753} INFO - DAG(s) dict_keys(['example_complex']) retrieved from /home/airflow/.local/lib/python3.7/site-packages/airflow/example_dags/example_complex.py
[2023-11-12T05:21:06.790+0000] {logging_mixin.py:137} INFO - [2023-11-12T05:21:06.790+0000] {dag.py:2690} INFO - Sync 1 DAGs
[2023-11-12T05:21:06.802+0000] {logging_mixin.py:137} INFO - [2023-11-12T05:21:06.802+0000] {dag.py:3441} INFO - Setting next_dagrun for example_complex to None, run_after=None
[2023-11-12T05:21:06.809+0000] {processor.py:175} INFO - Processing /home/airflow/.local/lib/python3.7/site-packages/airflow/example_dags/example_complex.py took 0.051 seconds
[2023-11-12T06:45:04.760+0000] {processor.py:153} INFO - Started process (PID=97719) to work on /home/airflow/.local/lib/python3.7/site-packages/airflow/example_dags/example_complex.py
[2023-11-12T06:45:04.760+0000] {processor.py:743} INFO - Processing file /home/airflow/.local/lib/python3.7/site-packages/airflow/example_dags/example_complex.py for tasks to queue
[2023-11-12T06:45:04.761+0000] {logging_mixin.py:137} INFO - [2023-11-12T06:45:04.761+0000] {dagbag.py:538} INFO - Filling up the DagBag from /home/airflow/.local/lib/python3.7/site-packages/airflow/example_dags/example_complex.py
[2023-11-12T06:45:04.768+0000] {logging_mixin.py:137} INFO - [2023-11-12T06:45:04.768+0000] {taskmixin.py:205} WARNING - Dependency <Task(BashOperator): create_entry_group>, delete_entry_group already registered for DAG: example_complex
[2023-11-12T06:45:04.768+0000] {logging_mixin.py:137} INFO - [2023-11-12T06:45:04.768+0000] {taskmixin.py:205} WARNING - Dependency <Task(BashOperator): delete_entry_group>, create_entry_group already registered for DAG: example_complex
[2023-11-12T06:45:04.768+0000] {logging_mixin.py:137} INFO - [2023-11-12T06:45:04.768+0000] {taskmixin.py:205} WARNING - Dependency <Task(BashOperator): create_entry_gcs>, delete_entry already registered for DAG: example_complex
[2023-11-12T06:45:04.768+0000] {logging_mixin.py:137} INFO - [2023-11-12T06:45:04.768+0000] {taskmixin.py:205} WARNING - Dependency <Task(BashOperator): delete_entry>, create_entry_gcs already registered for DAG: example_complex
[2023-11-12T06:45:04.769+0000] {logging_mixin.py:137} INFO - [2023-11-12T06:45:04.769+0000] {taskmixin.py:205} WARNING - Dependency <Task(BashOperator): create_tag>, delete_tag already registered for DAG: example_complex
[2023-11-12T06:45:04.769+0000] {logging_mixin.py:137} INFO - [2023-11-12T06:45:04.769+0000] {taskmixin.py:205} WARNING - Dependency <Task(BashOperator): delete_tag>, create_tag already registered for DAG: example_complex
[2023-11-12T06:45:04.774+0000] {processor.py:753} INFO - DAG(s) dict_keys(['example_complex']) retrieved from /home/airflow/.local/lib/python3.7/site-packages/airflow/example_dags/example_complex.py
[2023-11-12T06:45:04.791+0000] {logging_mixin.py:137} INFO - [2023-11-12T06:45:04.791+0000] {dag.py:2690} INFO - Sync 1 DAGs
[2023-11-12T06:45:04.804+0000] {logging_mixin.py:137} INFO - [2023-11-12T06:45:04.804+0000] {dag.py:3441} INFO - Setting next_dagrun for example_complex to None, run_after=None
[2023-11-12T06:45:04.812+0000] {processor.py:175} INFO - Processing /home/airflow/.local/lib/python3.7/site-packages/airflow/example_dags/example_complex.py took 0.055 seconds
[2023-11-12T07:55:55.792+0000] {processor.py:153} INFO - Started process (PID=97814) to work on /home/airflow/.local/lib/python3.7/site-packages/airflow/example_dags/example_complex.py
[2023-11-12T07:55:55.794+0000] {processor.py:743} INFO - Processing file /home/airflow/.local/lib/python3.7/site-packages/airflow/example_dags/example_complex.py for tasks to queue
[2023-11-12T07:55:55.795+0000] {logging_mixin.py:137} INFO - [2023-11-12T07:55:55.795+0000] {dagbag.py:538} INFO - Filling up the DagBag from /home/airflow/.local/lib/python3.7/site-packages/airflow/example_dags/example_complex.py
[2023-11-12T07:55:55.810+0000] {logging_mixin.py:137} INFO - [2023-11-12T07:55:55.810+0000] {taskmixin.py:205} WARNING - Dependency <Task(BashOperator): create_entry_group>, delete_entry_group already registered for DAG: example_complex
[2023-11-12T07:55:55.810+0000] {logging_mixin.py:137} INFO - [2023-11-12T07:55:55.810+0000] {taskmixin.py:205} WARNING - Dependency <Task(BashOperator): delete_entry_group>, create_entry_group already registered for DAG: example_complex
[2023-11-12T07:55:55.811+0000] {logging_mixin.py:137} INFO - [2023-11-12T07:55:55.811+0000] {taskmixin.py:205} WARNING - Dependency <Task(BashOperator): create_entry_gcs>, delete_entry already registered for DAG: example_complex
[2023-11-12T07:55:55.811+0000] {logging_mixin.py:137} INFO - [2023-11-12T07:55:55.811+0000] {taskmixin.py:205} WARNING - Dependency <Task(BashOperator): delete_entry>, create_entry_gcs already registered for DAG: example_complex
[2023-11-12T07:55:55.811+0000] {logging_mixin.py:137} INFO - [2023-11-12T07:55:55.811+0000] {taskmixin.py:205} WARNING - Dependency <Task(BashOperator): create_tag>, delete_tag already registered for DAG: example_complex
[2023-11-12T07:55:55.812+0000] {logging_mixin.py:137} INFO - [2023-11-12T07:55:55.812+0000] {taskmixin.py:205} WARNING - Dependency <Task(BashOperator): delete_tag>, create_tag already registered for DAG: example_complex
[2023-11-12T07:55:55.819+0000] {processor.py:753} INFO - DAG(s) dict_keys(['example_complex']) retrieved from /home/airflow/.local/lib/python3.7/site-packages/airflow/example_dags/example_complex.py
[2023-11-12T07:55:55.840+0000] {logging_mixin.py:137} INFO - [2023-11-12T07:55:55.840+0000] {dag.py:2690} INFO - Sync 1 DAGs
[2023-11-12T07:55:55.855+0000] {logging_mixin.py:137} INFO - [2023-11-12T07:55:55.855+0000] {dag.py:3441} INFO - Setting next_dagrun for example_complex to None, run_after=None
[2023-11-12T07:55:55.867+0000] {processor.py:175} INFO - Processing /home/airflow/.local/lib/python3.7/site-packages/airflow/example_dags/example_complex.py took 0.081 seconds
[2023-11-12T09:18:57.697+0000] {processor.py:153} INFO - Started process (PID=97909) to work on /home/airflow/.local/lib/python3.7/site-packages/airflow/example_dags/example_complex.py
[2023-11-12T09:18:57.698+0000] {processor.py:743} INFO - Processing file /home/airflow/.local/lib/python3.7/site-packages/airflow/example_dags/example_complex.py for tasks to queue
[2023-11-12T09:18:57.698+0000] {logging_mixin.py:137} INFO - [2023-11-12T09:18:57.698+0000] {dagbag.py:538} INFO - Filling up the DagBag from /home/airflow/.local/lib/python3.7/site-packages/airflow/example_dags/example_complex.py
[2023-11-12T09:18:57.706+0000] {logging_mixin.py:137} INFO - [2023-11-12T09:18:57.706+0000] {taskmixin.py:205} WARNING - Dependency <Task(BashOperator): create_entry_group>, delete_entry_group already registered for DAG: example_complex
[2023-11-12T09:18:57.707+0000] {logging_mixin.py:137} INFO - [2023-11-12T09:18:57.707+0000] {taskmixin.py:205} WARNING - Dependency <Task(BashOperator): delete_entry_group>, create_entry_group already registered for DAG: example_complex
[2023-11-12T09:18:57.707+0000] {logging_mixin.py:137} INFO - [2023-11-12T09:18:57.707+0000] {taskmixin.py:205} WARNING - Dependency <Task(BashOperator): create_entry_gcs>, delete_entry already registered for DAG: example_complex
[2023-11-12T09:18:57.707+0000] {logging_mixin.py:137} INFO - [2023-11-12T09:18:57.707+0000] {taskmixin.py:205} WARNING - Dependency <Task(BashOperator): delete_entry>, create_entry_gcs already registered for DAG: example_complex
[2023-11-12T09:18:57.707+0000] {logging_mixin.py:137} INFO - [2023-11-12T09:18:57.707+0000] {taskmixin.py:205} WARNING - Dependency <Task(BashOperator): create_tag>, delete_tag already registered for DAG: example_complex
[2023-11-12T09:18:57.708+0000] {logging_mixin.py:137} INFO - [2023-11-12T09:18:57.708+0000] {taskmixin.py:205} WARNING - Dependency <Task(BashOperator): delete_tag>, create_tag already registered for DAG: example_complex
[2023-11-12T09:18:57.714+0000] {processor.py:753} INFO - DAG(s) dict_keys(['example_complex']) retrieved from /home/airflow/.local/lib/python3.7/site-packages/airflow/example_dags/example_complex.py
[2023-11-12T09:18:57.742+0000] {logging_mixin.py:137} INFO - [2023-11-12T09:18:57.742+0000] {dag.py:2690} INFO - Sync 1 DAGs
[2023-11-12T09:18:57.769+0000] {logging_mixin.py:137} INFO - [2023-11-12T09:18:57.769+0000] {dag.py:3441} INFO - Setting next_dagrun for example_complex to None, run_after=None
[2023-11-12T09:18:57.787+0000] {processor.py:175} INFO - Processing /home/airflow/.local/lib/python3.7/site-packages/airflow/example_dags/example_complex.py took 0.093 seconds
[2023-11-12T10:42:12.396+0000] {processor.py:153} INFO - Started process (PID=97986) to work on /home/airflow/.local/lib/python3.7/site-packages/airflow/example_dags/example_complex.py
[2023-11-12T10:42:12.398+0000] {processor.py:743} INFO - Processing file /home/airflow/.local/lib/python3.7/site-packages/airflow/example_dags/example_complex.py for tasks to queue
[2023-11-12T10:42:12.399+0000] {logging_mixin.py:137} INFO - [2023-11-12T10:42:12.398+0000] {dagbag.py:538} INFO - Filling up the DagBag from /home/airflow/.local/lib/python3.7/site-packages/airflow/example_dags/example_complex.py
[2023-11-12T10:42:12.408+0000] {logging_mixin.py:137} INFO - [2023-11-12T10:42:12.408+0000] {taskmixin.py:205} WARNING - Dependency <Task(BashOperator): create_entry_group>, delete_entry_group already registered for DAG: example_complex
[2023-11-12T10:42:12.409+0000] {logging_mixin.py:137} INFO - [2023-11-12T10:42:12.409+0000] {taskmixin.py:205} WARNING - Dependency <Task(BashOperator): delete_entry_group>, create_entry_group already registered for DAG: example_complex
[2023-11-12T10:42:12.410+0000] {logging_mixin.py:137} INFO - [2023-11-12T10:42:12.409+0000] {taskmixin.py:205} WARNING - Dependency <Task(BashOperator): create_entry_gcs>, delete_entry already registered for DAG: example_complex
[2023-11-12T10:42:12.410+0000] {logging_mixin.py:137} INFO - [2023-11-12T10:42:12.410+0000] {taskmixin.py:205} WARNING - Dependency <Task(BashOperator): delete_entry>, create_entry_gcs already registered for DAG: example_complex
[2023-11-12T10:42:12.410+0000] {logging_mixin.py:137} INFO - [2023-11-12T10:42:12.410+0000] {taskmixin.py:205} WARNING - Dependency <Task(BashOperator): create_tag>, delete_tag already registered for DAG: example_complex
[2023-11-12T10:42:12.411+0000] {logging_mixin.py:137} INFO - [2023-11-12T10:42:12.411+0000] {taskmixin.py:205} WARNING - Dependency <Task(BashOperator): delete_tag>, create_tag already registered for DAG: example_complex
[2023-11-12T10:42:12.420+0000] {processor.py:753} INFO - DAG(s) dict_keys(['example_complex']) retrieved from /home/airflow/.local/lib/python3.7/site-packages/airflow/example_dags/example_complex.py
[2023-11-12T10:42:12.454+0000] {logging_mixin.py:137} INFO - [2023-11-12T10:42:12.454+0000] {dag.py:2690} INFO - Sync 1 DAGs
[2023-11-12T10:42:12.478+0000] {logging_mixin.py:137} INFO - [2023-11-12T10:42:12.478+0000] {dag.py:3441} INFO - Setting next_dagrun for example_complex to None, run_after=None
[2023-11-12T10:42:12.499+0000] {processor.py:175} INFO - Processing /home/airflow/.local/lib/python3.7/site-packages/airflow/example_dags/example_complex.py took 0.105 seconds
[2023-11-12T12:03:52.265+0000] {processor.py:153} INFO - Started process (PID=98081) to work on /home/airflow/.local/lib/python3.7/site-packages/airflow/example_dags/example_complex.py
[2023-11-12T12:03:52.265+0000] {processor.py:743} INFO - Processing file /home/airflow/.local/lib/python3.7/site-packages/airflow/example_dags/example_complex.py for tasks to queue
[2023-11-12T12:03:52.266+0000] {logging_mixin.py:137} INFO - [2023-11-12T12:03:52.266+0000] {dagbag.py:538} INFO - Filling up the DagBag from /home/airflow/.local/lib/python3.7/site-packages/airflow/example_dags/example_complex.py
[2023-11-12T12:03:52.272+0000] {logging_mixin.py:137} INFO - [2023-11-12T12:03:52.272+0000] {taskmixin.py:205} WARNING - Dependency <Task(BashOperator): create_entry_group>, delete_entry_group already registered for DAG: example_complex
[2023-11-12T12:03:52.273+0000] {logging_mixin.py:137} INFO - [2023-11-12T12:03:52.272+0000] {taskmixin.py:205} WARNING - Dependency <Task(BashOperator): delete_entry_group>, create_entry_group already registered for DAG: example_complex
[2023-11-12T12:03:52.273+0000] {logging_mixin.py:137} INFO - [2023-11-12T12:03:52.273+0000] {taskmixin.py:205} WARNING - Dependency <Task(BashOperator): create_entry_gcs>, delete_entry already registered for DAG: example_complex
[2023-11-12T12:03:52.273+0000] {logging_mixin.py:137} INFO - [2023-11-12T12:03:52.273+0000] {taskmixin.py:205} WARNING - Dependency <Task(BashOperator): delete_entry>, create_entry_gcs already registered for DAG: example_complex
[2023-11-12T12:03:52.273+0000] {logging_mixin.py:137} INFO - [2023-11-12T12:03:52.273+0000] {taskmixin.py:205} WARNING - Dependency <Task(BashOperator): create_tag>, delete_tag already registered for DAG: example_complex
[2023-11-12T12:03:52.273+0000] {logging_mixin.py:137} INFO - [2023-11-12T12:03:52.273+0000] {taskmixin.py:205} WARNING - Dependency <Task(BashOperator): delete_tag>, create_tag already registered for DAG: example_complex
[2023-11-12T12:03:52.278+0000] {processor.py:753} INFO - DAG(s) dict_keys(['example_complex']) retrieved from /home/airflow/.local/lib/python3.7/site-packages/airflow/example_dags/example_complex.py
[2023-11-12T12:03:52.294+0000] {logging_mixin.py:137} INFO - [2023-11-12T12:03:52.294+0000] {dag.py:2690} INFO - Sync 1 DAGs
[2023-11-12T12:03:52.305+0000] {logging_mixin.py:137} INFO - [2023-11-12T12:03:52.305+0000] {dag.py:3441} INFO - Setting next_dagrun for example_complex to None, run_after=None
[2023-11-12T12:03:52.313+0000] {processor.py:175} INFO - Processing /home/airflow/.local/lib/python3.7/site-packages/airflow/example_dags/example_complex.py took 0.050 seconds
[2023-11-12T13:30:15.694+0000] {processor.py:153} INFO - Started process (PID=98176) to work on /home/airflow/.local/lib/python3.7/site-packages/airflow/example_dags/example_complex.py
[2023-11-12T13:30:15.694+0000] {processor.py:743} INFO - Processing file /home/airflow/.local/lib/python3.7/site-packages/airflow/example_dags/example_complex.py for tasks to queue
[2023-11-12T13:30:15.695+0000] {logging_mixin.py:137} INFO - [2023-11-12T13:30:15.695+0000] {dagbag.py:538} INFO - Filling up the DagBag from /home/airflow/.local/lib/python3.7/site-packages/airflow/example_dags/example_complex.py
[2023-11-12T13:30:15.701+0000] {logging_mixin.py:137} INFO - [2023-11-12T13:30:15.701+0000] {taskmixin.py:205} WARNING - Dependency <Task(BashOperator): create_entry_group>, delete_entry_group already registered for DAG: example_complex
[2023-11-12T13:30:15.701+0000] {logging_mixin.py:137} INFO - [2023-11-12T13:30:15.701+0000] {taskmixin.py:205} WARNING - Dependency <Task(BashOperator): delete_entry_group>, create_entry_group already registered for DAG: example_complex
[2023-11-12T13:30:15.701+0000] {logging_mixin.py:137} INFO - [2023-11-12T13:30:15.701+0000] {taskmixin.py:205} WARNING - Dependency <Task(BashOperator): create_entry_gcs>, delete_entry already registered for DAG: example_complex
[2023-11-12T13:30:15.702+0000] {logging_mixin.py:137} INFO - [2023-11-12T13:30:15.701+0000] {taskmixin.py:205} WARNING - Dependency <Task(BashOperator): delete_entry>, create_entry_gcs already registered for DAG: example_complex
[2023-11-12T13:30:15.702+0000] {logging_mixin.py:137} INFO - [2023-11-12T13:30:15.702+0000] {taskmixin.py:205} WARNING - Dependency <Task(BashOperator): create_tag>, delete_tag already registered for DAG: example_complex
[2023-11-12T13:30:15.702+0000] {logging_mixin.py:137} INFO - [2023-11-12T13:30:15.702+0000] {taskmixin.py:205} WARNING - Dependency <Task(BashOperator): delete_tag>, create_tag already registered for DAG: example_complex
[2023-11-12T13:30:15.706+0000] {processor.py:753} INFO - DAG(s) dict_keys(['example_complex']) retrieved from /home/airflow/.local/lib/python3.7/site-packages/airflow/example_dags/example_complex.py
[2023-11-12T13:30:15.722+0000] {logging_mixin.py:137} INFO - [2023-11-12T13:30:15.721+0000] {dag.py:2690} INFO - Sync 1 DAGs
[2023-11-12T13:30:15.733+0000] {logging_mixin.py:137} INFO - [2023-11-12T13:30:15.733+0000] {dag.py:3441} INFO - Setting next_dagrun for example_complex to None, run_after=None
[2023-11-12T13:30:15.740+0000] {processor.py:175} INFO - Processing /home/airflow/.local/lib/python3.7/site-packages/airflow/example_dags/example_complex.py took 0.048 seconds
[2023-11-12T14:52:26.244+0000] {processor.py:153} INFO - Started process (PID=98253) to work on /home/airflow/.local/lib/python3.7/site-packages/airflow/example_dags/example_complex.py
[2023-11-12T14:52:26.244+0000] {processor.py:743} INFO - Processing file /home/airflow/.local/lib/python3.7/site-packages/airflow/example_dags/example_complex.py for tasks to queue
[2023-11-12T14:52:26.245+0000] {logging_mixin.py:137} INFO - [2023-11-12T14:52:26.245+0000] {dagbag.py:538} INFO - Filling up the DagBag from /home/airflow/.local/lib/python3.7/site-packages/airflow/example_dags/example_complex.py
[2023-11-12T14:52:26.251+0000] {logging_mixin.py:137} INFO - [2023-11-12T14:52:26.251+0000] {taskmixin.py:205} WARNING - Dependency <Task(BashOperator): create_entry_group>, delete_entry_group already registered for DAG: example_complex
[2023-11-12T14:52:26.251+0000] {logging_mixin.py:137} INFO - [2023-11-12T14:52:26.251+0000] {taskmixin.py:205} WARNING - Dependency <Task(BashOperator): delete_entry_group>, create_entry_group already registered for DAG: example_complex
[2023-11-12T14:52:26.251+0000] {logging_mixin.py:137} INFO - [2023-11-12T14:52:26.251+0000] {taskmixin.py:205} WARNING - Dependency <Task(BashOperator): create_entry_gcs>, delete_entry already registered for DAG: example_complex
[2023-11-12T14:52:26.252+0000] {logging_mixin.py:137} INFO - [2023-11-12T14:52:26.252+0000] {taskmixin.py:205} WARNING - Dependency <Task(BashOperator): delete_entry>, create_entry_gcs already registered for DAG: example_complex
[2023-11-12T14:52:26.252+0000] {logging_mixin.py:137} INFO - [2023-11-12T14:52:26.252+0000] {taskmixin.py:205} WARNING - Dependency <Task(BashOperator): create_tag>, delete_tag already registered for DAG: example_complex
[2023-11-12T14:52:26.252+0000] {logging_mixin.py:137} INFO - [2023-11-12T14:52:26.252+0000] {taskmixin.py:205} WARNING - Dependency <Task(BashOperator): delete_tag>, create_tag already registered for DAG: example_complex
[2023-11-12T14:52:26.257+0000] {processor.py:753} INFO - DAG(s) dict_keys(['example_complex']) retrieved from /home/airflow/.local/lib/python3.7/site-packages/airflow/example_dags/example_complex.py
[2023-11-12T14:52:26.273+0000] {logging_mixin.py:137} INFO - [2023-11-12T14:52:26.273+0000] {dag.py:2690} INFO - Sync 1 DAGs
[2023-11-12T14:52:26.285+0000] {logging_mixin.py:137} INFO - [2023-11-12T14:52:26.285+0000] {dag.py:3441} INFO - Setting next_dagrun for example_complex to None, run_after=None
[2023-11-12T14:52:26.294+0000] {processor.py:175} INFO - Processing /home/airflow/.local/lib/python3.7/site-packages/airflow/example_dags/example_complex.py took 0.052 seconds
[2023-11-12T15:54:09.208+0000] {processor.py:153} INFO - Started process (PID=98348) to work on /home/airflow/.local/lib/python3.7/site-packages/airflow/example_dags/example_complex.py
[2023-11-12T15:54:09.208+0000] {processor.py:743} INFO - Processing file /home/airflow/.local/lib/python3.7/site-packages/airflow/example_dags/example_complex.py for tasks to queue
[2023-11-12T15:54:09.209+0000] {logging_mixin.py:137} INFO - [2023-11-12T15:54:09.209+0000] {dagbag.py:538} INFO - Filling up the DagBag from /home/airflow/.local/lib/python3.7/site-packages/airflow/example_dags/example_complex.py
[2023-11-12T15:54:09.217+0000] {logging_mixin.py:137} INFO - [2023-11-12T15:54:09.217+0000] {taskmixin.py:205} WARNING - Dependency <Task(BashOperator): create_entry_group>, delete_entry_group already registered for DAG: example_complex
[2023-11-12T15:54:09.217+0000] {logging_mixin.py:137} INFO - [2023-11-12T15:54:09.217+0000] {taskmixin.py:205} WARNING - Dependency <Task(BashOperator): delete_entry_group>, create_entry_group already registered for DAG: example_complex
[2023-11-12T15:54:09.217+0000] {logging_mixin.py:137} INFO - [2023-11-12T15:54:09.217+0000] {taskmixin.py:205} WARNING - Dependency <Task(BashOperator): create_entry_gcs>, delete_entry already registered for DAG: example_complex
[2023-11-12T15:54:09.218+0000] {logging_mixin.py:137} INFO - [2023-11-12T15:54:09.218+0000] {taskmixin.py:205} WARNING - Dependency <Task(BashOperator): delete_entry>, create_entry_gcs already registered for DAG: example_complex
[2023-11-12T15:54:09.219+0000] {logging_mixin.py:137} INFO - [2023-11-12T15:54:09.219+0000] {taskmixin.py:205} WARNING - Dependency <Task(BashOperator): create_tag>, delete_tag already registered for DAG: example_complex
[2023-11-12T15:54:09.219+0000] {logging_mixin.py:137} INFO - [2023-11-12T15:54:09.219+0000] {taskmixin.py:205} WARNING - Dependency <Task(BashOperator): delete_tag>, create_tag already registered for DAG: example_complex
[2023-11-12T15:54:09.225+0000] {processor.py:753} INFO - DAG(s) dict_keys(['example_complex']) retrieved from /home/airflow/.local/lib/python3.7/site-packages/airflow/example_dags/example_complex.py
[2023-11-12T15:54:09.246+0000] {logging_mixin.py:137} INFO - [2023-11-12T15:54:09.246+0000] {dag.py:2690} INFO - Sync 1 DAGs
[2023-11-12T15:54:09.259+0000] {logging_mixin.py:137} INFO - [2023-11-12T15:54:09.258+0000] {dag.py:3441} INFO - Setting next_dagrun for example_complex to None, run_after=None
[2023-11-12T15:54:09.268+0000] {processor.py:175} INFO - Processing /home/airflow/.local/lib/python3.7/site-packages/airflow/example_dags/example_complex.py took 0.064 seconds
[2023-11-12T17:14:33.289+0000] {processor.py:153} INFO - Started process (PID=98443) to work on /home/airflow/.local/lib/python3.7/site-packages/airflow/example_dags/example_complex.py
[2023-11-12T17:14:33.291+0000] {processor.py:743} INFO - Processing file /home/airflow/.local/lib/python3.7/site-packages/airflow/example_dags/example_complex.py for tasks to queue
[2023-11-12T17:14:33.292+0000] {logging_mixin.py:137} INFO - [2023-11-12T17:14:33.292+0000] {dagbag.py:538} INFO - Filling up the DagBag from /home/airflow/.local/lib/python3.7/site-packages/airflow/example_dags/example_complex.py
[2023-11-12T17:14:33.301+0000] {logging_mixin.py:137} INFO - [2023-11-12T17:14:33.301+0000] {taskmixin.py:205} WARNING - Dependency <Task(BashOperator): create_entry_group>, delete_entry_group already registered for DAG: example_complex
[2023-11-12T17:14:33.302+0000] {logging_mixin.py:137} INFO - [2023-11-12T17:14:33.302+0000] {taskmixin.py:205} WARNING - Dependency <Task(BashOperator): delete_entry_group>, create_entry_group already registered for DAG: example_complex
[2023-11-12T17:14:33.303+0000] {logging_mixin.py:137} INFO - [2023-11-12T17:14:33.303+0000] {taskmixin.py:205} WARNING - Dependency <Task(BashOperator): create_entry_gcs>, delete_entry already registered for DAG: example_complex
[2023-11-12T17:14:33.303+0000] {logging_mixin.py:137} INFO - [2023-11-12T17:14:33.303+0000] {taskmixin.py:205} WARNING - Dependency <Task(BashOperator): delete_entry>, create_entry_gcs already registered for DAG: example_complex
[2023-11-12T17:14:33.304+0000] {logging_mixin.py:137} INFO - [2023-11-12T17:14:33.303+0000] {taskmixin.py:205} WARNING - Dependency <Task(BashOperator): create_tag>, delete_tag already registered for DAG: example_complex
[2023-11-12T17:14:33.304+0000] {logging_mixin.py:137} INFO - [2023-11-12T17:14:33.304+0000] {taskmixin.py:205} WARNING - Dependency <Task(BashOperator): delete_tag>, create_tag already registered for DAG: example_complex
[2023-11-12T17:14:33.313+0000] {processor.py:753} INFO - DAG(s) dict_keys(['example_complex']) retrieved from /home/airflow/.local/lib/python3.7/site-packages/airflow/example_dags/example_complex.py
[2023-11-12T17:14:33.341+0000] {logging_mixin.py:137} INFO - [2023-11-12T17:14:33.341+0000] {dag.py:2690} INFO - Sync 1 DAGs
[2023-11-12T17:14:33.363+0000] {logging_mixin.py:137} INFO - [2023-11-12T17:14:33.363+0000] {dag.py:3441} INFO - Setting next_dagrun for example_complex to None, run_after=None
[2023-11-12T17:14:33.378+0000] {processor.py:175} INFO - Processing /home/airflow/.local/lib/python3.7/site-packages/airflow/example_dags/example_complex.py took 0.093 seconds
[2023-11-12T18:37:24.275+0000] {processor.py:153} INFO - Started process (PID=98520) to work on /home/airflow/.local/lib/python3.7/site-packages/airflow/example_dags/example_complex.py
[2023-11-12T18:37:24.275+0000] {processor.py:743} INFO - Processing file /home/airflow/.local/lib/python3.7/site-packages/airflow/example_dags/example_complex.py for tasks to queue
[2023-11-12T18:37:24.276+0000] {logging_mixin.py:137} INFO - [2023-11-12T18:37:24.276+0000] {dagbag.py:538} INFO - Filling up the DagBag from /home/airflow/.local/lib/python3.7/site-packages/airflow/example_dags/example_complex.py
[2023-11-12T18:37:24.282+0000] {logging_mixin.py:137} INFO - [2023-11-12T18:37:24.282+0000] {taskmixin.py:205} WARNING - Dependency <Task(BashOperator): create_entry_group>, delete_entry_group already registered for DAG: example_complex
[2023-11-12T18:37:24.282+0000] {logging_mixin.py:137} INFO - [2023-11-12T18:37:24.282+0000] {taskmixin.py:205} WARNING - Dependency <Task(BashOperator): delete_entry_group>, create_entry_group already registered for DAG: example_complex
[2023-11-12T18:37:24.283+0000] {logging_mixin.py:137} INFO - [2023-11-12T18:37:24.283+0000] {taskmixin.py:205} WARNING - Dependency <Task(BashOperator): create_entry_gcs>, delete_entry already registered for DAG: example_complex
[2023-11-12T18:37:24.283+0000] {logging_mixin.py:137} INFO - [2023-11-12T18:37:24.283+0000] {taskmixin.py:205} WARNING - Dependency <Task(BashOperator): delete_entry>, create_entry_gcs already registered for DAG: example_complex
[2023-11-12T18:37:24.283+0000] {logging_mixin.py:137} INFO - [2023-11-12T18:37:24.283+0000] {taskmixin.py:205} WARNING - Dependency <Task(BashOperator): create_tag>, delete_tag already registered for DAG: example_complex
[2023-11-12T18:37:24.283+0000] {logging_mixin.py:137} INFO - [2023-11-12T18:37:24.283+0000] {taskmixin.py:205} WARNING - Dependency <Task(BashOperator): delete_tag>, create_tag already registered for DAG: example_complex
[2023-11-12T18:37:24.288+0000] {processor.py:753} INFO - DAG(s) dict_keys(['example_complex']) retrieved from /home/airflow/.local/lib/python3.7/site-packages/airflow/example_dags/example_complex.py
[2023-11-12T18:37:24.305+0000] {logging_mixin.py:137} INFO - [2023-11-12T18:37:24.305+0000] {dag.py:2690} INFO - Sync 1 DAGs
[2023-11-12T18:37:24.317+0000] {logging_mixin.py:137} INFO - [2023-11-12T18:37:24.317+0000] {dag.py:3441} INFO - Setting next_dagrun for example_complex to None, run_after=None
[2023-11-12T18:37:24.325+0000] {processor.py:175} INFO - Processing /home/airflow/.local/lib/python3.7/site-packages/airflow/example_dags/example_complex.py took 0.052 seconds
[2023-11-12T20:01:02.318+0000] {processor.py:153} INFO - Started process (PID=98615) to work on /home/airflow/.local/lib/python3.7/site-packages/airflow/example_dags/example_complex.py
[2023-11-12T20:01:02.319+0000] {processor.py:743} INFO - Processing file /home/airflow/.local/lib/python3.7/site-packages/airflow/example_dags/example_complex.py for tasks to queue
[2023-11-12T20:01:02.319+0000] {logging_mixin.py:137} INFO - [2023-11-12T20:01:02.319+0000] {dagbag.py:538} INFO - Filling up the DagBag from /home/airflow/.local/lib/python3.7/site-packages/airflow/example_dags/example_complex.py
[2023-11-12T20:01:02.326+0000] {logging_mixin.py:137} INFO - [2023-11-12T20:01:02.326+0000] {taskmixin.py:205} WARNING - Dependency <Task(BashOperator): create_entry_group>, delete_entry_group already registered for DAG: example_complex
[2023-11-12T20:01:02.326+0000] {logging_mixin.py:137} INFO - [2023-11-12T20:01:02.326+0000] {taskmixin.py:205} WARNING - Dependency <Task(BashOperator): delete_entry_group>, create_entry_group already registered for DAG: example_complex
[2023-11-12T20:01:02.327+0000] {logging_mixin.py:137} INFO - [2023-11-12T20:01:02.327+0000] {taskmixin.py:205} WARNING - Dependency <Task(BashOperator): create_entry_gcs>, delete_entry already registered for DAG: example_complex
[2023-11-12T20:01:02.327+0000] {logging_mixin.py:137} INFO - [2023-11-12T20:01:02.327+0000] {taskmixin.py:205} WARNING - Dependency <Task(BashOperator): delete_entry>, create_entry_gcs already registered for DAG: example_complex
[2023-11-12T20:01:02.327+0000] {logging_mixin.py:137} INFO - [2023-11-12T20:01:02.327+0000] {taskmixin.py:205} WARNING - Dependency <Task(BashOperator): create_tag>, delete_tag already registered for DAG: example_complex
[2023-11-12T20:01:02.328+0000] {logging_mixin.py:137} INFO - [2023-11-12T20:01:02.328+0000] {taskmixin.py:205} WARNING - Dependency <Task(BashOperator): delete_tag>, create_tag already registered for DAG: example_complex
[2023-11-12T20:01:02.333+0000] {processor.py:753} INFO - DAG(s) dict_keys(['example_complex']) retrieved from /home/airflow/.local/lib/python3.7/site-packages/airflow/example_dags/example_complex.py
[2023-11-12T20:01:02.351+0000] {logging_mixin.py:137} INFO - [2023-11-12T20:01:02.351+0000] {dag.py:2690} INFO - Sync 1 DAGs
[2023-11-12T20:01:02.365+0000] {logging_mixin.py:137} INFO - [2023-11-12T20:01:02.365+0000] {dag.py:3441} INFO - Setting next_dagrun for example_complex to None, run_after=None
[2023-11-12T20:01:02.374+0000] {processor.py:175} INFO - Processing /home/airflow/.local/lib/python3.7/site-packages/airflow/example_dags/example_complex.py took 0.059 seconds
[2023-11-12T21:24:51.209+0000] {processor.py:153} INFO - Started process (PID=98710) to work on /home/airflow/.local/lib/python3.7/site-packages/airflow/example_dags/example_complex.py
[2023-11-12T21:24:51.210+0000] {processor.py:743} INFO - Processing file /home/airflow/.local/lib/python3.7/site-packages/airflow/example_dags/example_complex.py for tasks to queue
[2023-11-12T21:24:51.211+0000] {logging_mixin.py:137} INFO - [2023-11-12T21:24:51.211+0000] {dagbag.py:538} INFO - Filling up the DagBag from /home/airflow/.local/lib/python3.7/site-packages/airflow/example_dags/example_complex.py
[2023-11-12T21:24:51.219+0000] {logging_mixin.py:137} INFO - [2023-11-12T21:24:51.218+0000] {taskmixin.py:205} WARNING - Dependency <Task(BashOperator): create_entry_group>, delete_entry_group already registered for DAG: example_complex
[2023-11-12T21:24:51.219+0000] {logging_mixin.py:137} INFO - [2023-11-12T21:24:51.219+0000] {taskmixin.py:205} WARNING - Dependency <Task(BashOperator): delete_entry_group>, create_entry_group already registered for DAG: example_complex
[2023-11-12T21:24:51.219+0000] {logging_mixin.py:137} INFO - [2023-11-12T21:24:51.219+0000] {taskmixin.py:205} WARNING - Dependency <Task(BashOperator): create_entry_gcs>, delete_entry already registered for DAG: example_complex
[2023-11-12T21:24:51.220+0000] {logging_mixin.py:137} INFO - [2023-11-12T21:24:51.220+0000] {taskmixin.py:205} WARNING - Dependency <Task(BashOperator): delete_entry>, create_entry_gcs already registered for DAG: example_complex
[2023-11-12T21:24:51.220+0000] {logging_mixin.py:137} INFO - [2023-11-12T21:24:51.220+0000] {taskmixin.py:205} WARNING - Dependency <Task(BashOperator): create_tag>, delete_tag already registered for DAG: example_complex
[2023-11-12T21:24:51.220+0000] {logging_mixin.py:137} INFO - [2023-11-12T21:24:51.220+0000] {taskmixin.py:205} WARNING - Dependency <Task(BashOperator): delete_tag>, create_tag already registered for DAG: example_complex
[2023-11-12T21:24:51.226+0000] {processor.py:753} INFO - DAG(s) dict_keys(['example_complex']) retrieved from /home/airflow/.local/lib/python3.7/site-packages/airflow/example_dags/example_complex.py
[2023-11-12T21:24:51.246+0000] {logging_mixin.py:137} INFO - [2023-11-12T21:24:51.245+0000] {dag.py:2690} INFO - Sync 1 DAGs
[2023-11-12T21:24:51.258+0000] {logging_mixin.py:137} INFO - [2023-11-12T21:24:51.258+0000] {dag.py:3441} INFO - Setting next_dagrun for example_complex to None, run_after=None
[2023-11-12T21:24:51.267+0000] {processor.py:175} INFO - Processing /home/airflow/.local/lib/python3.7/site-packages/airflow/example_dags/example_complex.py took 0.061 seconds
[2023-11-12T22:44:57.191+0000] {processor.py:153} INFO - Started process (PID=98787) to work on /home/airflow/.local/lib/python3.7/site-packages/airflow/example_dags/example_complex.py
[2023-11-12T22:44:57.192+0000] {processor.py:743} INFO - Processing file /home/airflow/.local/lib/python3.7/site-packages/airflow/example_dags/example_complex.py for tasks to queue
[2023-11-12T22:44:57.192+0000] {logging_mixin.py:137} INFO - [2023-11-12T22:44:57.192+0000] {dagbag.py:538} INFO - Filling up the DagBag from /home/airflow/.local/lib/python3.7/site-packages/airflow/example_dags/example_complex.py
[2023-11-12T22:44:57.201+0000] {logging_mixin.py:137} INFO - [2023-11-12T22:44:57.201+0000] {taskmixin.py:205} WARNING - Dependency <Task(BashOperator): create_entry_group>, delete_entry_group already registered for DAG: example_complex
[2023-11-12T22:44:57.201+0000] {logging_mixin.py:137} INFO - [2023-11-12T22:44:57.201+0000] {taskmixin.py:205} WARNING - Dependency <Task(BashOperator): delete_entry_group>, create_entry_group already registered for DAG: example_complex
[2023-11-12T22:44:57.201+0000] {logging_mixin.py:137} INFO - [2023-11-12T22:44:57.201+0000] {taskmixin.py:205} WARNING - Dependency <Task(BashOperator): create_entry_gcs>, delete_entry already registered for DAG: example_complex
[2023-11-12T22:44:57.202+0000] {logging_mixin.py:137} INFO - [2023-11-12T22:44:57.202+0000] {taskmixin.py:205} WARNING - Dependency <Task(BashOperator): delete_entry>, create_entry_gcs already registered for DAG: example_complex
[2023-11-12T22:44:57.202+0000] {logging_mixin.py:137} INFO - [2023-11-12T22:44:57.202+0000] {taskmixin.py:205} WARNING - Dependency <Task(BashOperator): create_tag>, delete_tag already registered for DAG: example_complex
[2023-11-12T22:44:57.202+0000] {logging_mixin.py:137} INFO - [2023-11-12T22:44:57.202+0000] {taskmixin.py:205} WARNING - Dependency <Task(BashOperator): delete_tag>, create_tag already registered for DAG: example_complex
[2023-11-12T22:44:57.208+0000] {processor.py:753} INFO - DAG(s) dict_keys(['example_complex']) retrieved from /home/airflow/.local/lib/python3.7/site-packages/airflow/example_dags/example_complex.py
[2023-11-12T22:44:57.227+0000] {logging_mixin.py:137} INFO - [2023-11-12T22:44:57.227+0000] {dag.py:2690} INFO - Sync 1 DAGs
[2023-11-12T22:44:57.241+0000] {logging_mixin.py:137} INFO - [2023-11-12T22:44:57.241+0000] {dag.py:3441} INFO - Setting next_dagrun for example_complex to None, run_after=None
[2023-11-12T22:44:57.250+0000] {processor.py:175} INFO - Processing /home/airflow/.local/lib/python3.7/site-packages/airflow/example_dags/example_complex.py took 0.062 seconds
[2023-11-12T23:50:10.593+0000] {processor.py:153} INFO - Started process (PID=98882) to work on /home/airflow/.local/lib/python3.7/site-packages/airflow/example_dags/example_complex.py
[2023-11-12T23:50:10.594+0000] {processor.py:743} INFO - Processing file /home/airflow/.local/lib/python3.7/site-packages/airflow/example_dags/example_complex.py for tasks to queue
[2023-11-12T23:50:10.595+0000] {logging_mixin.py:137} INFO - [2023-11-12T23:50:10.594+0000] {dagbag.py:538} INFO - Filling up the DagBag from /home/airflow/.local/lib/python3.7/site-packages/airflow/example_dags/example_complex.py
[2023-11-12T23:50:10.601+0000] {logging_mixin.py:137} INFO - [2023-11-12T23:50:10.601+0000] {taskmixin.py:205} WARNING - Dependency <Task(BashOperator): create_entry_group>, delete_entry_group already registered for DAG: example_complex
[2023-11-12T23:50:10.601+0000] {logging_mixin.py:137} INFO - [2023-11-12T23:50:10.601+0000] {taskmixin.py:205} WARNING - Dependency <Task(BashOperator): delete_entry_group>, create_entry_group already registered for DAG: example_complex
[2023-11-12T23:50:10.601+0000] {logging_mixin.py:137} INFO - [2023-11-12T23:50:10.601+0000] {taskmixin.py:205} WARNING - Dependency <Task(BashOperator): create_entry_gcs>, delete_entry already registered for DAG: example_complex
[2023-11-12T23:50:10.602+0000] {logging_mixin.py:137} INFO - [2023-11-12T23:50:10.602+0000] {taskmixin.py:205} WARNING - Dependency <Task(BashOperator): delete_entry>, create_entry_gcs already registered for DAG: example_complex
[2023-11-12T23:50:10.602+0000] {logging_mixin.py:137} INFO - [2023-11-12T23:50:10.602+0000] {taskmixin.py:205} WARNING - Dependency <Task(BashOperator): create_tag>, delete_tag already registered for DAG: example_complex
[2023-11-12T23:50:10.602+0000] {logging_mixin.py:137} INFO - [2023-11-12T23:50:10.602+0000] {taskmixin.py:205} WARNING - Dependency <Task(BashOperator): delete_tag>, create_tag already registered for DAG: example_complex
[2023-11-12T23:50:10.607+0000] {processor.py:753} INFO - DAG(s) dict_keys(['example_complex']) retrieved from /home/airflow/.local/lib/python3.7/site-packages/airflow/example_dags/example_complex.py
[2023-11-12T23:50:10.624+0000] {logging_mixin.py:137} INFO - [2023-11-12T23:50:10.624+0000] {dag.py:2690} INFO - Sync 1 DAGs
[2023-11-12T23:50:10.635+0000] {logging_mixin.py:137} INFO - [2023-11-12T23:50:10.635+0000] {dag.py:3441} INFO - Setting next_dagrun for example_complex to None, run_after=None
[2023-11-12T23:50:10.643+0000] {processor.py:175} INFO - Processing /home/airflow/.local/lib/python3.7/site-packages/airflow/example_dags/example_complex.py took 0.052 seconds
