[2023-11-12T01:18:53.314+0000] {processor.py:153} INFO - Started process (PID=97393) to work on /home/airflow/.local/lib/python3.7/site-packages/airflow/example_dags/example_xcomargs.py
[2023-11-12T01:18:53.315+0000] {processor.py:743} INFO - Processing file /home/airflow/.local/lib/python3.7/site-packages/airflow/example_dags/example_xcomargs.py for tasks to queue
[2023-11-12T01:18:53.315+0000] {logging_mixin.py:137} INFO - [2023-11-12T01:18:53.315+0000] {dagbag.py:538} INFO - Filling up the DagBag from /home/airflow/.local/lib/python3.7/site-packages/airflow/example_dags/example_xcomargs.py
[2023-11-12T01:18:53.329+0000] {processor.py:753} INFO - DAG(s) dict_keys(['example_xcom_args_with_operators', 'example_xcom_args']) retrieved from /home/airflow/.local/lib/python3.7/site-packages/airflow/example_dags/example_xcomargs.py
[2023-11-12T01:18:53.343+0000] {logging_mixin.py:137} INFO - [2023-11-12T01:18:53.343+0000] {dag.py:2690} INFO - Sync 2 DAGs
[2023-11-12T01:18:53.354+0000] {logging_mixin.py:137} INFO - [2023-11-12T01:18:53.354+0000] {dag.py:3441} INFO - Setting next_dagrun for example_xcom_args to None, run_after=None
[2023-11-12T01:18:53.356+0000] {logging_mixin.py:137} INFO - [2023-11-12T01:18:53.356+0000] {dag.py:3441} INFO - Setting next_dagrun for example_xcom_args_with_operators to None, run_after=None
[2023-11-12T01:18:53.363+0000] {processor.py:175} INFO - Processing /home/airflow/.local/lib/python3.7/site-packages/airflow/example_dags/example_xcomargs.py took 0.051 seconds
[2023-11-12T02:37:17.823+0000] {processor.py:153} INFO - Started process (PID=97488) to work on /home/airflow/.local/lib/python3.7/site-packages/airflow/example_dags/example_xcomargs.py
[2023-11-12T02:37:17.823+0000] {processor.py:743} INFO - Processing file /home/airflow/.local/lib/python3.7/site-packages/airflow/example_dags/example_xcomargs.py for tasks to queue
[2023-11-12T02:37:17.824+0000] {logging_mixin.py:137} INFO - [2023-11-12T02:37:17.824+0000] {dagbag.py:538} INFO - Filling up the DagBag from /home/airflow/.local/lib/python3.7/site-packages/airflow/example_dags/example_xcomargs.py
[2023-11-12T02:37:17.840+0000] {processor.py:753} INFO - DAG(s) dict_keys(['example_xcom_args_with_operators', 'example_xcom_args']) retrieved from /home/airflow/.local/lib/python3.7/site-packages/airflow/example_dags/example_xcomargs.py
[2023-11-12T02:37:17.858+0000] {logging_mixin.py:137} INFO - [2023-11-12T02:37:17.858+0000] {dag.py:2690} INFO - Sync 2 DAGs
[2023-11-12T02:37:17.871+0000] {logging_mixin.py:137} INFO - [2023-11-12T02:37:17.871+0000] {dag.py:3441} INFO - Setting next_dagrun for example_xcom_args to None, run_after=None
[2023-11-12T02:37:17.873+0000] {logging_mixin.py:137} INFO - [2023-11-12T02:37:17.873+0000] {dag.py:3441} INFO - Setting next_dagrun for example_xcom_args_with_operators to None, run_after=None
[2023-11-12T02:37:17.882+0000] {processor.py:175} INFO - Processing /home/airflow/.local/lib/python3.7/site-packages/airflow/example_dags/example_xcomargs.py took 0.062 seconds
[2023-11-12T03:59:07.705+0000] {processor.py:153} INFO - Started process (PID=97565) to work on /home/airflow/.local/lib/python3.7/site-packages/airflow/example_dags/example_xcomargs.py
[2023-11-12T03:59:07.708+0000] {processor.py:743} INFO - Processing file /home/airflow/.local/lib/python3.7/site-packages/airflow/example_dags/example_xcomargs.py for tasks to queue
[2023-11-12T03:59:07.709+0000] {logging_mixin.py:137} INFO - [2023-11-12T03:59:07.709+0000] {dagbag.py:538} INFO - Filling up the DagBag from /home/airflow/.local/lib/python3.7/site-packages/airflow/example_dags/example_xcomargs.py
[2023-11-12T03:59:07.738+0000] {processor.py:753} INFO - DAG(s) dict_keys(['example_xcom_args', 'example_xcom_args_with_operators']) retrieved from /home/airflow/.local/lib/python3.7/site-packages/airflow/example_dags/example_xcomargs.py
[2023-11-12T03:59:07.759+0000] {logging_mixin.py:137} INFO - [2023-11-12T03:59:07.759+0000] {dag.py:2690} INFO - Sync 2 DAGs
[2023-11-12T03:59:07.774+0000] {logging_mixin.py:137} INFO - [2023-11-12T03:59:07.773+0000] {dag.py:3441} INFO - Setting next_dagrun for example_xcom_args to None, run_after=None
[2023-11-12T03:59:07.776+0000] {logging_mixin.py:137} INFO - [2023-11-12T03:59:07.776+0000] {dag.py:3441} INFO - Setting next_dagrun for example_xcom_args_with_operators to None, run_after=None
[2023-11-12T03:59:07.787+0000] {processor.py:175} INFO - Processing /home/airflow/.local/lib/python3.7/site-packages/airflow/example_dags/example_xcomargs.py took 0.091 seconds
[2023-11-12T05:21:07.580+0000] {processor.py:153} INFO - Started process (PID=97660) to work on /home/airflow/.local/lib/python3.7/site-packages/airflow/example_dags/example_xcomargs.py
[2023-11-12T05:21:07.581+0000] {processor.py:743} INFO - Processing file /home/airflow/.local/lib/python3.7/site-packages/airflow/example_dags/example_xcomargs.py for tasks to queue
[2023-11-12T05:21:07.582+0000] {logging_mixin.py:137} INFO - [2023-11-12T05:21:07.582+0000] {dagbag.py:538} INFO - Filling up the DagBag from /home/airflow/.local/lib/python3.7/site-packages/airflow/example_dags/example_xcomargs.py
[2023-11-12T05:21:07.607+0000] {processor.py:753} INFO - DAG(s) dict_keys(['example_xcom_args', 'example_xcom_args_with_operators']) retrieved from /home/airflow/.local/lib/python3.7/site-packages/airflow/example_dags/example_xcomargs.py
[2023-11-12T05:21:07.628+0000] {logging_mixin.py:137} INFO - [2023-11-12T05:21:07.628+0000] {dag.py:2690} INFO - Sync 2 DAGs
[2023-11-12T05:21:07.643+0000] {logging_mixin.py:137} INFO - [2023-11-12T05:21:07.643+0000] {dag.py:3441} INFO - Setting next_dagrun for example_xcom_args to None, run_after=None
[2023-11-12T05:21:07.646+0000] {logging_mixin.py:137} INFO - [2023-11-12T05:21:07.646+0000] {dag.py:3441} INFO - Setting next_dagrun for example_xcom_args_with_operators to None, run_after=None
[2023-11-12T05:21:07.657+0000] {processor.py:175} INFO - Processing /home/airflow/.local/lib/python3.7/site-packages/airflow/example_dags/example_xcomargs.py took 0.081 seconds
[2023-11-12T06:45:05.404+0000] {processor.py:153} INFO - Started process (PID=97737) to work on /home/airflow/.local/lib/python3.7/site-packages/airflow/example_dags/example_xcomargs.py
[2023-11-12T06:45:05.404+0000] {processor.py:743} INFO - Processing file /home/airflow/.local/lib/python3.7/site-packages/airflow/example_dags/example_xcomargs.py for tasks to queue
[2023-11-12T06:45:05.405+0000] {logging_mixin.py:137} INFO - [2023-11-12T06:45:05.405+0000] {dagbag.py:538} INFO - Filling up the DagBag from /home/airflow/.local/lib/python3.7/site-packages/airflow/example_dags/example_xcomargs.py
[2023-11-12T06:45:05.419+0000] {processor.py:753} INFO - DAG(s) dict_keys(['example_xcom_args', 'example_xcom_args_with_operators']) retrieved from /home/airflow/.local/lib/python3.7/site-packages/airflow/example_dags/example_xcomargs.py
[2023-11-12T06:45:05.435+0000] {logging_mixin.py:137} INFO - [2023-11-12T06:45:05.435+0000] {dag.py:2690} INFO - Sync 2 DAGs
[2023-11-12T06:45:05.448+0000] {logging_mixin.py:137} INFO - [2023-11-12T06:45:05.448+0000] {dag.py:3441} INFO - Setting next_dagrun for example_xcom_args to None, run_after=None
[2023-11-12T06:45:05.450+0000] {logging_mixin.py:137} INFO - [2023-11-12T06:45:05.450+0000] {dag.py:3441} INFO - Setting next_dagrun for example_xcom_args_with_operators to None, run_after=None
[2023-11-12T06:45:05.458+0000] {processor.py:175} INFO - Processing /home/airflow/.local/lib/python3.7/site-packages/airflow/example_dags/example_xcomargs.py took 0.056 seconds
[2023-11-12T07:55:56.429+0000] {processor.py:153} INFO - Started process (PID=97832) to work on /home/airflow/.local/lib/python3.7/site-packages/airflow/example_dags/example_xcomargs.py
[2023-11-12T07:55:56.429+0000] {processor.py:743} INFO - Processing file /home/airflow/.local/lib/python3.7/site-packages/airflow/example_dags/example_xcomargs.py for tasks to queue
[2023-11-12T07:55:56.430+0000] {logging_mixin.py:137} INFO - [2023-11-12T07:55:56.430+0000] {dagbag.py:538} INFO - Filling up the DagBag from /home/airflow/.local/lib/python3.7/site-packages/airflow/example_dags/example_xcomargs.py
[2023-11-12T07:55:56.443+0000] {processor.py:753} INFO - DAG(s) dict_keys(['example_xcom_args', 'example_xcom_args_with_operators']) retrieved from /home/airflow/.local/lib/python3.7/site-packages/airflow/example_dags/example_xcomargs.py
[2023-11-12T07:55:56.457+0000] {logging_mixin.py:137} INFO - [2023-11-12T07:55:56.457+0000] {dag.py:2690} INFO - Sync 2 DAGs
[2023-11-12T07:55:56.468+0000] {logging_mixin.py:137} INFO - [2023-11-12T07:55:56.468+0000] {dag.py:3441} INFO - Setting next_dagrun for example_xcom_args to None, run_after=None
[2023-11-12T07:55:56.469+0000] {logging_mixin.py:137} INFO - [2023-11-12T07:55:56.469+0000] {dag.py:3441} INFO - Setting next_dagrun for example_xcom_args_with_operators to None, run_after=None
[2023-11-12T07:55:56.477+0000] {processor.py:175} INFO - Processing /home/airflow/.local/lib/python3.7/site-packages/airflow/example_dags/example_xcomargs.py took 0.050 seconds
[2023-11-12T09:18:58.362+0000] {processor.py:153} INFO - Started process (PID=97927) to work on /home/airflow/.local/lib/python3.7/site-packages/airflow/example_dags/example_xcomargs.py
[2023-11-12T09:18:58.363+0000] {processor.py:743} INFO - Processing file /home/airflow/.local/lib/python3.7/site-packages/airflow/example_dags/example_xcomargs.py for tasks to queue
[2023-11-12T09:18:58.363+0000] {logging_mixin.py:137} INFO - [2023-11-12T09:18:58.363+0000] {dagbag.py:538} INFO - Filling up the DagBag from /home/airflow/.local/lib/python3.7/site-packages/airflow/example_dags/example_xcomargs.py
[2023-11-12T09:18:58.377+0000] {processor.py:753} INFO - DAG(s) dict_keys(['example_xcom_args_with_operators', 'example_xcom_args']) retrieved from /home/airflow/.local/lib/python3.7/site-packages/airflow/example_dags/example_xcomargs.py
[2023-11-12T09:18:58.392+0000] {logging_mixin.py:137} INFO - [2023-11-12T09:18:58.391+0000] {dag.py:2690} INFO - Sync 2 DAGs
[2023-11-12T09:18:58.403+0000] {logging_mixin.py:137} INFO - [2023-11-12T09:18:58.403+0000] {dag.py:3441} INFO - Setting next_dagrun for example_xcom_args to None, run_after=None
[2023-11-12T09:18:58.405+0000] {logging_mixin.py:137} INFO - [2023-11-12T09:18:58.405+0000] {dag.py:3441} INFO - Setting next_dagrun for example_xcom_args_with_operators to None, run_after=None
[2023-11-12T09:18:58.413+0000] {processor.py:175} INFO - Processing /home/airflow/.local/lib/python3.7/site-packages/airflow/example_dags/example_xcomargs.py took 0.053 seconds
[2023-11-12T10:42:13.290+0000] {processor.py:153} INFO - Started process (PID=98004) to work on /home/airflow/.local/lib/python3.7/site-packages/airflow/example_dags/example_xcomargs.py
[2023-11-12T10:42:13.290+0000] {processor.py:743} INFO - Processing file /home/airflow/.local/lib/python3.7/site-packages/airflow/example_dags/example_xcomargs.py for tasks to queue
[2023-11-12T10:42:13.291+0000] {logging_mixin.py:137} INFO - [2023-11-12T10:42:13.291+0000] {dagbag.py:538} INFO - Filling up the DagBag from /home/airflow/.local/lib/python3.7/site-packages/airflow/example_dags/example_xcomargs.py
[2023-11-12T10:42:13.306+0000] {processor.py:753} INFO - DAG(s) dict_keys(['example_xcom_args_with_operators', 'example_xcom_args']) retrieved from /home/airflow/.local/lib/python3.7/site-packages/airflow/example_dags/example_xcomargs.py
[2023-11-12T10:42:13.323+0000] {logging_mixin.py:137} INFO - [2023-11-12T10:42:13.323+0000] {dag.py:2690} INFO - Sync 2 DAGs
[2023-11-12T10:42:13.337+0000] {logging_mixin.py:137} INFO - [2023-11-12T10:42:13.337+0000] {dag.py:3441} INFO - Setting next_dagrun for example_xcom_args to None, run_after=None
[2023-11-12T10:42:13.339+0000] {logging_mixin.py:137} INFO - [2023-11-12T10:42:13.339+0000] {dag.py:3441} INFO - Setting next_dagrun for example_xcom_args_with_operators to None, run_after=None
[2023-11-12T10:42:13.346+0000] {processor.py:175} INFO - Processing /home/airflow/.local/lib/python3.7/site-packages/airflow/example_dags/example_xcomargs.py took 0.060 seconds
[2023-11-12T12:03:52.847+0000] {processor.py:153} INFO - Started process (PID=98099) to work on /home/airflow/.local/lib/python3.7/site-packages/airflow/example_dags/example_xcomargs.py
[2023-11-12T12:03:52.848+0000] {processor.py:743} INFO - Processing file /home/airflow/.local/lib/python3.7/site-packages/airflow/example_dags/example_xcomargs.py for tasks to queue
[2023-11-12T12:03:52.848+0000] {logging_mixin.py:137} INFO - [2023-11-12T12:03:52.848+0000] {dagbag.py:538} INFO - Filling up the DagBag from /home/airflow/.local/lib/python3.7/site-packages/airflow/example_dags/example_xcomargs.py
[2023-11-12T12:03:52.863+0000] {processor.py:753} INFO - DAG(s) dict_keys(['example_xcom_args', 'example_xcom_args_with_operators']) retrieved from /home/airflow/.local/lib/python3.7/site-packages/airflow/example_dags/example_xcomargs.py
[2023-11-12T12:03:52.878+0000] {logging_mixin.py:137} INFO - [2023-11-12T12:03:52.877+0000] {dag.py:2690} INFO - Sync 2 DAGs
[2023-11-12T12:03:52.889+0000] {logging_mixin.py:137} INFO - [2023-11-12T12:03:52.889+0000] {dag.py:3441} INFO - Setting next_dagrun for example_xcom_args to None, run_after=None
[2023-11-12T12:03:52.891+0000] {logging_mixin.py:137} INFO - [2023-11-12T12:03:52.891+0000] {dag.py:3441} INFO - Setting next_dagrun for example_xcom_args_with_operators to None, run_after=None
[2023-11-12T12:03:52.899+0000] {processor.py:175} INFO - Processing /home/airflow/.local/lib/python3.7/site-packages/airflow/example_dags/example_xcomargs.py took 0.053 seconds
[2023-11-12T13:30:16.371+0000] {processor.py:153} INFO - Started process (PID=98194) to work on /home/airflow/.local/lib/python3.7/site-packages/airflow/example_dags/example_xcomargs.py
[2023-11-12T13:30:16.372+0000] {processor.py:743} INFO - Processing file /home/airflow/.local/lib/python3.7/site-packages/airflow/example_dags/example_xcomargs.py for tasks to queue
[2023-11-12T13:30:16.372+0000] {logging_mixin.py:137} INFO - [2023-11-12T13:30:16.372+0000] {dagbag.py:538} INFO - Filling up the DagBag from /home/airflow/.local/lib/python3.7/site-packages/airflow/example_dags/example_xcomargs.py
[2023-11-12T13:30:16.386+0000] {processor.py:753} INFO - DAG(s) dict_keys(['example_xcom_args', 'example_xcom_args_with_operators']) retrieved from /home/airflow/.local/lib/python3.7/site-packages/airflow/example_dags/example_xcomargs.py
[2023-11-12T13:30:16.401+0000] {logging_mixin.py:137} INFO - [2023-11-12T13:30:16.401+0000] {dag.py:2690} INFO - Sync 2 DAGs
[2023-11-12T13:30:16.413+0000] {logging_mixin.py:137} INFO - [2023-11-12T13:30:16.413+0000] {dag.py:3441} INFO - Setting next_dagrun for example_xcom_args to None, run_after=None
[2023-11-12T13:30:16.415+0000] {logging_mixin.py:137} INFO - [2023-11-12T13:30:16.415+0000] {dag.py:3441} INFO - Setting next_dagrun for example_xcom_args_with_operators to None, run_after=None
[2023-11-12T13:30:16.423+0000] {processor.py:175} INFO - Processing /home/airflow/.local/lib/python3.7/site-packages/airflow/example_dags/example_xcomargs.py took 0.053 seconds
[2023-11-12T14:52:27.018+0000] {processor.py:153} INFO - Started process (PID=98271) to work on /home/airflow/.local/lib/python3.7/site-packages/airflow/example_dags/example_xcomargs.py
[2023-11-12T14:52:27.019+0000] {processor.py:743} INFO - Processing file /home/airflow/.local/lib/python3.7/site-packages/airflow/example_dags/example_xcomargs.py for tasks to queue
[2023-11-12T14:52:27.019+0000] {logging_mixin.py:137} INFO - [2023-11-12T14:52:27.019+0000] {dagbag.py:538} INFO - Filling up the DagBag from /home/airflow/.local/lib/python3.7/site-packages/airflow/example_dags/example_xcomargs.py
[2023-11-12T14:52:27.039+0000] {processor.py:753} INFO - DAG(s) dict_keys(['example_xcom_args', 'example_xcom_args_with_operators']) retrieved from /home/airflow/.local/lib/python3.7/site-packages/airflow/example_dags/example_xcomargs.py
[2023-11-12T14:52:27.066+0000] {logging_mixin.py:137} INFO - [2023-11-12T14:52:27.066+0000] {dag.py:2690} INFO - Sync 2 DAGs
[2023-11-12T14:52:27.083+0000] {logging_mixin.py:137} INFO - [2023-11-12T14:52:27.083+0000] {dag.py:3441} INFO - Setting next_dagrun for example_xcom_args to None, run_after=None
[2023-11-12T14:52:27.086+0000] {logging_mixin.py:137} INFO - [2023-11-12T14:52:27.085+0000] {dag.py:3441} INFO - Setting next_dagrun for example_xcom_args_with_operators to None, run_after=None
[2023-11-12T14:52:27.097+0000] {processor.py:175} INFO - Processing /home/airflow/.local/lib/python3.7/site-packages/airflow/example_dags/example_xcomargs.py took 0.082 seconds
[2023-11-12T15:54:09.888+0000] {processor.py:153} INFO - Started process (PID=98366) to work on /home/airflow/.local/lib/python3.7/site-packages/airflow/example_dags/example_xcomargs.py
[2023-11-12T15:54:09.888+0000] {processor.py:743} INFO - Processing file /home/airflow/.local/lib/python3.7/site-packages/airflow/example_dags/example_xcomargs.py for tasks to queue
[2023-11-12T15:54:09.889+0000] {logging_mixin.py:137} INFO - [2023-11-12T15:54:09.889+0000] {dagbag.py:538} INFO - Filling up the DagBag from /home/airflow/.local/lib/python3.7/site-packages/airflow/example_dags/example_xcomargs.py
[2023-11-12T15:54:09.903+0000] {processor.py:753} INFO - DAG(s) dict_keys(['example_xcom_args_with_operators', 'example_xcom_args']) retrieved from /home/airflow/.local/lib/python3.7/site-packages/airflow/example_dags/example_xcomargs.py
[2023-11-12T15:54:09.918+0000] {logging_mixin.py:137} INFO - [2023-11-12T15:54:09.917+0000] {dag.py:2690} INFO - Sync 2 DAGs
[2023-11-12T15:54:09.929+0000] {logging_mixin.py:137} INFO - [2023-11-12T15:54:09.929+0000] {dag.py:3441} INFO - Setting next_dagrun for example_xcom_args to None, run_after=None
[2023-11-12T15:54:09.931+0000] {logging_mixin.py:137} INFO - [2023-11-12T15:54:09.931+0000] {dag.py:3441} INFO - Setting next_dagrun for example_xcom_args_with_operators to None, run_after=None
[2023-11-12T15:54:09.938+0000] {processor.py:175} INFO - Processing /home/airflow/.local/lib/python3.7/site-packages/airflow/example_dags/example_xcomargs.py took 0.052 seconds
[2023-11-12T17:14:33.964+0000] {processor.py:153} INFO - Started process (PID=98461) to work on /home/airflow/.local/lib/python3.7/site-packages/airflow/example_dags/example_xcomargs.py
[2023-11-12T17:14:33.964+0000] {processor.py:743} INFO - Processing file /home/airflow/.local/lib/python3.7/site-packages/airflow/example_dags/example_xcomargs.py for tasks to queue
[2023-11-12T17:14:33.965+0000] {logging_mixin.py:137} INFO - [2023-11-12T17:14:33.965+0000] {dagbag.py:538} INFO - Filling up the DagBag from /home/airflow/.local/lib/python3.7/site-packages/airflow/example_dags/example_xcomargs.py
[2023-11-12T17:14:33.979+0000] {processor.py:753} INFO - DAG(s) dict_keys(['example_xcom_args_with_operators', 'example_xcom_args']) retrieved from /home/airflow/.local/lib/python3.7/site-packages/airflow/example_dags/example_xcomargs.py
[2023-11-12T17:14:33.993+0000] {logging_mixin.py:137} INFO - [2023-11-12T17:14:33.993+0000] {dag.py:2690} INFO - Sync 2 DAGs
[2023-11-12T17:14:34.005+0000] {logging_mixin.py:137} INFO - [2023-11-12T17:14:34.005+0000] {dag.py:3441} INFO - Setting next_dagrun for example_xcom_args to None, run_after=None
[2023-11-12T17:14:34.007+0000] {logging_mixin.py:137} INFO - [2023-11-12T17:14:34.007+0000] {dag.py:3441} INFO - Setting next_dagrun for example_xcom_args_with_operators to None, run_after=None
[2023-11-12T17:14:34.015+0000] {processor.py:175} INFO - Processing /home/airflow/.local/lib/python3.7/site-packages/airflow/example_dags/example_xcomargs.py took 0.053 seconds
[2023-11-12T18:37:24.881+0000] {processor.py:153} INFO - Started process (PID=98547) to work on /home/airflow/.local/lib/python3.7/site-packages/airflow/example_dags/example_xcomargs.py
[2023-11-12T18:37:24.881+0000] {processor.py:743} INFO - Processing file /home/airflow/.local/lib/python3.7/site-packages/airflow/example_dags/example_xcomargs.py for tasks to queue
[2023-11-12T18:37:24.881+0000] {logging_mixin.py:137} INFO - [2023-11-12T18:37:24.881+0000] {dagbag.py:538} INFO - Filling up the DagBag from /home/airflow/.local/lib/python3.7/site-packages/airflow/example_dags/example_xcomargs.py
[2023-11-12T18:37:24.895+0000] {processor.py:753} INFO - DAG(s) dict_keys(['example_xcom_args_with_operators', 'example_xcom_args']) retrieved from /home/airflow/.local/lib/python3.7/site-packages/airflow/example_dags/example_xcomargs.py
[2023-11-12T18:37:24.910+0000] {logging_mixin.py:137} INFO - [2023-11-12T18:37:24.910+0000] {dag.py:2690} INFO - Sync 2 DAGs
[2023-11-12T18:37:24.923+0000] {logging_mixin.py:137} INFO - [2023-11-12T18:37:24.923+0000] {dag.py:3441} INFO - Setting next_dagrun for example_xcom_args to None, run_after=None
[2023-11-12T18:37:24.924+0000] {logging_mixin.py:137} INFO - [2023-11-12T18:37:24.924+0000] {dag.py:3441} INFO - Setting next_dagrun for example_xcom_args_with_operators to None, run_after=None
[2023-11-12T18:37:24.933+0000] {processor.py:175} INFO - Processing /home/airflow/.local/lib/python3.7/site-packages/airflow/example_dags/example_xcomargs.py took 0.054 seconds
[2023-11-12T20:01:02.939+0000] {processor.py:153} INFO - Started process (PID=98633) to work on /home/airflow/.local/lib/python3.7/site-packages/airflow/example_dags/example_xcomargs.py
[2023-11-12T20:01:02.940+0000] {processor.py:743} INFO - Processing file /home/airflow/.local/lib/python3.7/site-packages/airflow/example_dags/example_xcomargs.py for tasks to queue
[2023-11-12T20:01:02.940+0000] {logging_mixin.py:137} INFO - [2023-11-12T20:01:02.940+0000] {dagbag.py:538} INFO - Filling up the DagBag from /home/airflow/.local/lib/python3.7/site-packages/airflow/example_dags/example_xcomargs.py
[2023-11-12T20:01:02.955+0000] {processor.py:753} INFO - DAG(s) dict_keys(['example_xcom_args_with_operators', 'example_xcom_args']) retrieved from /home/airflow/.local/lib/python3.7/site-packages/airflow/example_dags/example_xcomargs.py
[2023-11-12T20:01:02.970+0000] {logging_mixin.py:137} INFO - [2023-11-12T20:01:02.970+0000] {dag.py:2690} INFO - Sync 2 DAGs
[2023-11-12T20:01:02.981+0000] {logging_mixin.py:137} INFO - [2023-11-12T20:01:02.981+0000] {dag.py:3441} INFO - Setting next_dagrun for example_xcom_args to None, run_after=None
[2023-11-12T20:01:02.983+0000] {logging_mixin.py:137} INFO - [2023-11-12T20:01:02.983+0000] {dag.py:3441} INFO - Setting next_dagrun for example_xcom_args_with_operators to None, run_after=None
[2023-11-12T20:01:02.990+0000] {processor.py:175} INFO - Processing /home/airflow/.local/lib/python3.7/site-packages/airflow/example_dags/example_xcomargs.py took 0.053 seconds
[2023-11-12T21:24:51.859+0000] {processor.py:153} INFO - Started process (PID=98728) to work on /home/airflow/.local/lib/python3.7/site-packages/airflow/example_dags/example_xcomargs.py
[2023-11-12T21:24:51.859+0000] {processor.py:743} INFO - Processing file /home/airflow/.local/lib/python3.7/site-packages/airflow/example_dags/example_xcomargs.py for tasks to queue
[2023-11-12T21:24:51.860+0000] {logging_mixin.py:137} INFO - [2023-11-12T21:24:51.860+0000] {dagbag.py:538} INFO - Filling up the DagBag from /home/airflow/.local/lib/python3.7/site-packages/airflow/example_dags/example_xcomargs.py
[2023-11-12T21:24:51.874+0000] {processor.py:753} INFO - DAG(s) dict_keys(['example_xcom_args', 'example_xcom_args_with_operators']) retrieved from /home/airflow/.local/lib/python3.7/site-packages/airflow/example_dags/example_xcomargs.py
[2023-11-12T21:24:51.888+0000] {logging_mixin.py:137} INFO - [2023-11-12T21:24:51.888+0000] {dag.py:2690} INFO - Sync 2 DAGs
[2023-11-12T21:24:51.900+0000] {logging_mixin.py:137} INFO - [2023-11-12T21:24:51.900+0000] {dag.py:3441} INFO - Setting next_dagrun for example_xcom_args to None, run_after=None
[2023-11-12T21:24:51.903+0000] {logging_mixin.py:137} INFO - [2023-11-12T21:24:51.903+0000] {dag.py:3441} INFO - Setting next_dagrun for example_xcom_args_with_operators to None, run_after=None
[2023-11-12T21:24:51.910+0000] {processor.py:175} INFO - Processing /home/airflow/.local/lib/python3.7/site-packages/airflow/example_dags/example_xcomargs.py took 0.054 seconds
[2023-11-12T22:44:57.844+0000] {processor.py:153} INFO - Started process (PID=98805) to work on /home/airflow/.local/lib/python3.7/site-packages/airflow/example_dags/example_xcomargs.py
[2023-11-12T22:44:57.844+0000] {processor.py:743} INFO - Processing file /home/airflow/.local/lib/python3.7/site-packages/airflow/example_dags/example_xcomargs.py for tasks to queue
[2023-11-12T22:44:57.845+0000] {logging_mixin.py:137} INFO - [2023-11-12T22:44:57.845+0000] {dagbag.py:538} INFO - Filling up the DagBag from /home/airflow/.local/lib/python3.7/site-packages/airflow/example_dags/example_xcomargs.py
[2023-11-12T22:44:57.858+0000] {processor.py:753} INFO - DAG(s) dict_keys(['example_xcom_args', 'example_xcom_args_with_operators']) retrieved from /home/airflow/.local/lib/python3.7/site-packages/airflow/example_dags/example_xcomargs.py
[2023-11-12T22:44:57.873+0000] {logging_mixin.py:137} INFO - [2023-11-12T22:44:57.873+0000] {dag.py:2690} INFO - Sync 2 DAGs
[2023-11-12T22:44:57.886+0000] {logging_mixin.py:137} INFO - [2023-11-12T22:44:57.886+0000] {dag.py:3441} INFO - Setting next_dagrun for example_xcom_args to None, run_after=None
[2023-11-12T22:44:57.888+0000] {logging_mixin.py:137} INFO - [2023-11-12T22:44:57.888+0000] {dag.py:3441} INFO - Setting next_dagrun for example_xcom_args_with_operators to None, run_after=None
[2023-11-12T22:44:57.895+0000] {processor.py:175} INFO - Processing /home/airflow/.local/lib/python3.7/site-packages/airflow/example_dags/example_xcomargs.py took 0.053 seconds
[2023-11-12T23:50:11.207+0000] {processor.py:153} INFO - Started process (PID=98900) to work on /home/airflow/.local/lib/python3.7/site-packages/airflow/example_dags/example_xcomargs.py
[2023-11-12T23:50:11.207+0000] {processor.py:743} INFO - Processing file /home/airflow/.local/lib/python3.7/site-packages/airflow/example_dags/example_xcomargs.py for tasks to queue
[2023-11-12T23:50:11.208+0000] {logging_mixin.py:137} INFO - [2023-11-12T23:50:11.208+0000] {dagbag.py:538} INFO - Filling up the DagBag from /home/airflow/.local/lib/python3.7/site-packages/airflow/example_dags/example_xcomargs.py
[2023-11-12T23:50:11.224+0000] {processor.py:753} INFO - DAG(s) dict_keys(['example_xcom_args', 'example_xcom_args_with_operators']) retrieved from /home/airflow/.local/lib/python3.7/site-packages/airflow/example_dags/example_xcomargs.py
[2023-11-12T23:50:11.240+0000] {logging_mixin.py:137} INFO - [2023-11-12T23:50:11.240+0000] {dag.py:2690} INFO - Sync 2 DAGs
[2023-11-12T23:50:11.253+0000] {logging_mixin.py:137} INFO - [2023-11-12T23:50:11.253+0000] {dag.py:3441} INFO - Setting next_dagrun for example_xcom_args to None, run_after=None
[2023-11-12T23:50:11.254+0000] {logging_mixin.py:137} INFO - [2023-11-12T23:50:11.254+0000] {dag.py:3441} INFO - Setting next_dagrun for example_xcom_args_with_operators to None, run_after=None
[2023-11-12T23:50:11.262+0000] {processor.py:175} INFO - Processing /home/airflow/.local/lib/python3.7/site-packages/airflow/example_dags/example_xcomargs.py took 0.057 seconds
