[2023-11-12T01:18:53.188+0000] {processor.py:153} INFO - Started process (PID=97390) to work on /home/airflow/.local/lib/python3.7/site-packages/airflow/example_dags/example_local_kubernetes_executor.py
[2023-11-12T01:18:53.188+0000] {processor.py:743} INFO - Processing file /home/airflow/.local/lib/python3.7/site-packages/airflow/example_dags/example_local_kubernetes_executor.py for tasks to queue
[2023-11-12T01:18:53.189+0000] {logging_mixin.py:137} INFO - [2023-11-12T01:18:53.189+0000] {dagbag.py:538} INFO - Filling up the DagBag from /home/airflow/.local/lib/python3.7/site-packages/airflow/example_dags/example_local_kubernetes_executor.py
[2023-11-12T01:18:53.203+0000] {processor.py:753} INFO - DAG(s) dict_keys(['example_local_kubernetes_executor']) retrieved from /home/airflow/.local/lib/python3.7/site-packages/airflow/example_dags/example_local_kubernetes_executor.py
[2023-11-12T01:18:53.219+0000] {logging_mixin.py:137} INFO - [2023-11-12T01:18:53.219+0000] {dag.py:2690} INFO - Sync 1 DAGs
[2023-11-12T01:18:53.230+0000] {logging_mixin.py:137} INFO - [2023-11-12T01:18:53.230+0000] {dag.py:3441} INFO - Setting next_dagrun for example_local_kubernetes_executor to None, run_after=None
[2023-11-12T01:18:53.239+0000] {processor.py:175} INFO - Processing /home/airflow/.local/lib/python3.7/site-packages/airflow/example_dags/example_local_kubernetes_executor.py took 0.053 seconds
[2023-11-12T02:37:17.304+0000] {processor.py:153} INFO - Started process (PID=97485) to work on /home/airflow/.local/lib/python3.7/site-packages/airflow/example_dags/example_local_kubernetes_executor.py
[2023-11-12T02:37:17.318+0000] {processor.py:743} INFO - Processing file /home/airflow/.local/lib/python3.7/site-packages/airflow/example_dags/example_local_kubernetes_executor.py for tasks to queue
[2023-11-12T02:37:17.326+0000] {logging_mixin.py:137} INFO - [2023-11-12T02:37:17.326+0000] {dagbag.py:538} INFO - Filling up the DagBag from /home/airflow/.local/lib/python3.7/site-packages/airflow/example_dags/example_local_kubernetes_executor.py
[2023-11-12T02:37:17.352+0000] {processor.py:753} INFO - DAG(s) dict_keys(['example_local_kubernetes_executor']) retrieved from /home/airflow/.local/lib/python3.7/site-packages/airflow/example_dags/example_local_kubernetes_executor.py
[2023-11-12T02:37:17.370+0000] {logging_mixin.py:137} INFO - [2023-11-12T02:37:17.370+0000] {dag.py:2690} INFO - Sync 1 DAGs
[2023-11-12T02:37:17.674+0000] {logging_mixin.py:137} INFO - [2023-11-12T02:37:17.674+0000] {dag.py:3441} INFO - Setting next_dagrun for example_local_kubernetes_executor to None, run_after=None
[2023-11-12T02:37:17.738+0000] {processor.py:175} INFO - Processing /home/airflow/.local/lib/python3.7/site-packages/airflow/example_dags/example_local_kubernetes_executor.py took 0.436 seconds
[2023-11-12T03:59:07.529+0000] {processor.py:153} INFO - Started process (PID=97562) to work on /home/airflow/.local/lib/python3.7/site-packages/airflow/example_dags/example_local_kubernetes_executor.py
[2023-11-12T03:59:07.530+0000] {processor.py:743} INFO - Processing file /home/airflow/.local/lib/python3.7/site-packages/airflow/example_dags/example_local_kubernetes_executor.py for tasks to queue
[2023-11-12T03:59:07.531+0000] {logging_mixin.py:137} INFO - [2023-11-12T03:59:07.531+0000] {dagbag.py:538} INFO - Filling up the DagBag from /home/airflow/.local/lib/python3.7/site-packages/airflow/example_dags/example_local_kubernetes_executor.py
[2023-11-12T03:59:07.547+0000] {processor.py:753} INFO - DAG(s) dict_keys(['example_local_kubernetes_executor']) retrieved from /home/airflow/.local/lib/python3.7/site-packages/airflow/example_dags/example_local_kubernetes_executor.py
[2023-11-12T03:59:07.569+0000] {logging_mixin.py:137} INFO - [2023-11-12T03:59:07.569+0000] {dag.py:2690} INFO - Sync 1 DAGs
[2023-11-12T03:59:07.586+0000] {logging_mixin.py:137} INFO - [2023-11-12T03:59:07.586+0000] {dag.py:3441} INFO - Setting next_dagrun for example_local_kubernetes_executor to None, run_after=None
[2023-11-12T03:59:07.599+0000] {processor.py:175} INFO - Processing /home/airflow/.local/lib/python3.7/site-packages/airflow/example_dags/example_local_kubernetes_executor.py took 0.073 seconds
[2023-11-12T05:21:07.384+0000] {processor.py:153} INFO - Started process (PID=97657) to work on /home/airflow/.local/lib/python3.7/site-packages/airflow/example_dags/example_local_kubernetes_executor.py
[2023-11-12T05:21:07.385+0000] {processor.py:743} INFO - Processing file /home/airflow/.local/lib/python3.7/site-packages/airflow/example_dags/example_local_kubernetes_executor.py for tasks to queue
[2023-11-12T05:21:07.386+0000] {logging_mixin.py:137} INFO - [2023-11-12T05:21:07.386+0000] {dagbag.py:538} INFO - Filling up the DagBag from /home/airflow/.local/lib/python3.7/site-packages/airflow/example_dags/example_local_kubernetes_executor.py
[2023-11-12T05:21:07.411+0000] {processor.py:753} INFO - DAG(s) dict_keys(['example_local_kubernetes_executor']) retrieved from /home/airflow/.local/lib/python3.7/site-packages/airflow/example_dags/example_local_kubernetes_executor.py
[2023-11-12T05:21:07.443+0000] {logging_mixin.py:137} INFO - [2023-11-12T05:21:07.443+0000] {dag.py:2690} INFO - Sync 1 DAGs
[2023-11-12T05:21:07.465+0000] {logging_mixin.py:137} INFO - [2023-11-12T05:21:07.465+0000] {dag.py:3441} INFO - Setting next_dagrun for example_local_kubernetes_executor to None, run_after=None
[2023-11-12T05:21:07.478+0000] {processor.py:175} INFO - Processing /home/airflow/.local/lib/python3.7/site-packages/airflow/example_dags/example_local_kubernetes_executor.py took 0.098 seconds
[2023-11-12T06:45:05.273+0000] {processor.py:153} INFO - Started process (PID=97734) to work on /home/airflow/.local/lib/python3.7/site-packages/airflow/example_dags/example_local_kubernetes_executor.py
[2023-11-12T06:45:05.274+0000] {processor.py:743} INFO - Processing file /home/airflow/.local/lib/python3.7/site-packages/airflow/example_dags/example_local_kubernetes_executor.py for tasks to queue
[2023-11-12T06:45:05.274+0000] {logging_mixin.py:137} INFO - [2023-11-12T06:45:05.274+0000] {dagbag.py:538} INFO - Filling up the DagBag from /home/airflow/.local/lib/python3.7/site-packages/airflow/example_dags/example_local_kubernetes_executor.py
[2023-11-12T06:45:05.288+0000] {processor.py:753} INFO - DAG(s) dict_keys(['example_local_kubernetes_executor']) retrieved from /home/airflow/.local/lib/python3.7/site-packages/airflow/example_dags/example_local_kubernetes_executor.py
[2023-11-12T06:45:05.304+0000] {logging_mixin.py:137} INFO - [2023-11-12T06:45:05.304+0000] {dag.py:2690} INFO - Sync 1 DAGs
[2023-11-12T06:45:05.317+0000] {logging_mixin.py:137} INFO - [2023-11-12T06:45:05.317+0000] {dag.py:3441} INFO - Setting next_dagrun for example_local_kubernetes_executor to None, run_after=None
[2023-11-12T06:45:05.325+0000] {processor.py:175} INFO - Processing /home/airflow/.local/lib/python3.7/site-packages/airflow/example_dags/example_local_kubernetes_executor.py took 0.054 seconds
[2023-11-12T07:55:56.309+0000] {processor.py:153} INFO - Started process (PID=97829) to work on /home/airflow/.local/lib/python3.7/site-packages/airflow/example_dags/example_local_kubernetes_executor.py
[2023-11-12T07:55:56.310+0000] {processor.py:743} INFO - Processing file /home/airflow/.local/lib/python3.7/site-packages/airflow/example_dags/example_local_kubernetes_executor.py for tasks to queue
[2023-11-12T07:55:56.310+0000] {logging_mixin.py:137} INFO - [2023-11-12T07:55:56.310+0000] {dagbag.py:538} INFO - Filling up the DagBag from /home/airflow/.local/lib/python3.7/site-packages/airflow/example_dags/example_local_kubernetes_executor.py
[2023-11-12T07:55:56.323+0000] {processor.py:753} INFO - DAG(s) dict_keys(['example_local_kubernetes_executor']) retrieved from /home/airflow/.local/lib/python3.7/site-packages/airflow/example_dags/example_local_kubernetes_executor.py
[2023-11-12T07:55:56.338+0000] {logging_mixin.py:137} INFO - [2023-11-12T07:55:56.338+0000] {dag.py:2690} INFO - Sync 1 DAGs
[2023-11-12T07:55:56.349+0000] {logging_mixin.py:137} INFO - [2023-11-12T07:55:56.348+0000] {dag.py:3441} INFO - Setting next_dagrun for example_local_kubernetes_executor to None, run_after=None
[2023-11-12T07:55:56.357+0000] {processor.py:175} INFO - Processing /home/airflow/.local/lib/python3.7/site-packages/airflow/example_dags/example_local_kubernetes_executor.py took 0.050 seconds
[2023-11-12T09:18:58.262+0000] {processor.py:153} INFO - Started process (PID=97924) to work on /home/airflow/.local/lib/python3.7/site-packages/airflow/example_dags/example_local_kubernetes_executor.py
[2023-11-12T09:18:58.263+0000] {processor.py:743} INFO - Processing file /home/airflow/.local/lib/python3.7/site-packages/airflow/example_dags/example_local_kubernetes_executor.py for tasks to queue
[2023-11-12T09:18:58.263+0000] {logging_mixin.py:137} INFO - [2023-11-12T09:18:58.263+0000] {dagbag.py:538} INFO - Filling up the DagBag from /home/airflow/.local/lib/python3.7/site-packages/airflow/example_dags/example_local_kubernetes_executor.py
[2023-11-12T09:18:58.277+0000] {processor.py:753} INFO - DAG(s) dict_keys(['example_local_kubernetes_executor']) retrieved from /home/airflow/.local/lib/python3.7/site-packages/airflow/example_dags/example_local_kubernetes_executor.py
[2023-11-12T09:18:58.291+0000] {logging_mixin.py:137} INFO - [2023-11-12T09:18:58.291+0000] {dag.py:2690} INFO - Sync 1 DAGs
[2023-11-12T09:18:58.303+0000] {logging_mixin.py:137} INFO - [2023-11-12T09:18:58.303+0000] {dag.py:3441} INFO - Setting next_dagrun for example_local_kubernetes_executor to None, run_after=None
[2023-11-12T09:18:58.312+0000] {processor.py:175} INFO - Processing /home/airflow/.local/lib/python3.7/site-packages/airflow/example_dags/example_local_kubernetes_executor.py took 0.052 seconds
[2023-11-12T10:42:13.159+0000] {processor.py:153} INFO - Started process (PID=98001) to work on /home/airflow/.local/lib/python3.7/site-packages/airflow/example_dags/example_local_kubernetes_executor.py
[2023-11-12T10:42:13.160+0000] {processor.py:743} INFO - Processing file /home/airflow/.local/lib/python3.7/site-packages/airflow/example_dags/example_local_kubernetes_executor.py for tasks to queue
[2023-11-12T10:42:13.161+0000] {logging_mixin.py:137} INFO - [2023-11-12T10:42:13.160+0000] {dagbag.py:538} INFO - Filling up the DagBag from /home/airflow/.local/lib/python3.7/site-packages/airflow/example_dags/example_local_kubernetes_executor.py
[2023-11-12T10:42:13.173+0000] {processor.py:753} INFO - DAG(s) dict_keys(['example_local_kubernetes_executor']) retrieved from /home/airflow/.local/lib/python3.7/site-packages/airflow/example_dags/example_local_kubernetes_executor.py
[2023-11-12T10:42:13.188+0000] {logging_mixin.py:137} INFO - [2023-11-12T10:42:13.188+0000] {dag.py:2690} INFO - Sync 1 DAGs
[2023-11-12T10:42:13.200+0000] {logging_mixin.py:137} INFO - [2023-11-12T10:42:13.200+0000] {dag.py:3441} INFO - Setting next_dagrun for example_local_kubernetes_executor to None, run_after=None
[2023-11-12T10:42:13.208+0000] {processor.py:175} INFO - Processing /home/airflow/.local/lib/python3.7/site-packages/airflow/example_dags/example_local_kubernetes_executor.py took 0.051 seconds
[2023-11-12T12:03:52.753+0000] {processor.py:153} INFO - Started process (PID=98096) to work on /home/airflow/.local/lib/python3.7/site-packages/airflow/example_dags/example_local_kubernetes_executor.py
[2023-11-12T12:03:52.753+0000] {processor.py:743} INFO - Processing file /home/airflow/.local/lib/python3.7/site-packages/airflow/example_dags/example_local_kubernetes_executor.py for tasks to queue
[2023-11-12T12:03:52.754+0000] {logging_mixin.py:137} INFO - [2023-11-12T12:03:52.754+0000] {dagbag.py:538} INFO - Filling up the DagBag from /home/airflow/.local/lib/python3.7/site-packages/airflow/example_dags/example_local_kubernetes_executor.py
[2023-11-12T12:03:52.767+0000] {processor.py:753} INFO - DAG(s) dict_keys(['example_local_kubernetes_executor']) retrieved from /home/airflow/.local/lib/python3.7/site-packages/airflow/example_dags/example_local_kubernetes_executor.py
[2023-11-12T12:03:52.782+0000] {logging_mixin.py:137} INFO - [2023-11-12T12:03:52.782+0000] {dag.py:2690} INFO - Sync 1 DAGs
[2023-11-12T12:03:52.794+0000] {logging_mixin.py:137} INFO - [2023-11-12T12:03:52.794+0000] {dag.py:3441} INFO - Setting next_dagrun for example_local_kubernetes_executor to None, run_after=None
[2023-11-12T12:03:52.802+0000] {processor.py:175} INFO - Processing /home/airflow/.local/lib/python3.7/site-packages/airflow/example_dags/example_local_kubernetes_executor.py took 0.051 seconds
[2023-11-12T13:30:16.282+0000] {processor.py:153} INFO - Started process (PID=98191) to work on /home/airflow/.local/lib/python3.7/site-packages/airflow/example_dags/example_local_kubernetes_executor.py
[2023-11-12T13:30:16.283+0000] {processor.py:743} INFO - Processing file /home/airflow/.local/lib/python3.7/site-packages/airflow/example_dags/example_local_kubernetes_executor.py for tasks to queue
[2023-11-12T13:30:16.283+0000] {logging_mixin.py:137} INFO - [2023-11-12T13:30:16.283+0000] {dagbag.py:538} INFO - Filling up the DagBag from /home/airflow/.local/lib/python3.7/site-packages/airflow/example_dags/example_local_kubernetes_executor.py
[2023-11-12T13:30:16.297+0000] {processor.py:753} INFO - DAG(s) dict_keys(['example_local_kubernetes_executor']) retrieved from /home/airflow/.local/lib/python3.7/site-packages/airflow/example_dags/example_local_kubernetes_executor.py
[2023-11-12T13:30:16.311+0000] {logging_mixin.py:137} INFO - [2023-11-12T13:30:16.311+0000] {dag.py:2690} INFO - Sync 1 DAGs
[2023-11-12T13:30:16.323+0000] {logging_mixin.py:137} INFO - [2023-11-12T13:30:16.323+0000] {dag.py:3441} INFO - Setting next_dagrun for example_local_kubernetes_executor to None, run_after=None
[2023-11-12T13:30:16.332+0000] {processor.py:175} INFO - Processing /home/airflow/.local/lib/python3.7/site-packages/airflow/example_dags/example_local_kubernetes_executor.py took 0.052 seconds
[2023-11-12T14:52:26.875+0000] {processor.py:153} INFO - Started process (PID=98268) to work on /home/airflow/.local/lib/python3.7/site-packages/airflow/example_dags/example_local_kubernetes_executor.py
[2023-11-12T14:52:26.876+0000] {processor.py:743} INFO - Processing file /home/airflow/.local/lib/python3.7/site-packages/airflow/example_dags/example_local_kubernetes_executor.py for tasks to queue
[2023-11-12T14:52:26.877+0000] {logging_mixin.py:137} INFO - [2023-11-12T14:52:26.877+0000] {dagbag.py:538} INFO - Filling up the DagBag from /home/airflow/.local/lib/python3.7/site-packages/airflow/example_dags/example_local_kubernetes_executor.py
[2023-11-12T14:52:26.893+0000] {processor.py:753} INFO - DAG(s) dict_keys(['example_local_kubernetes_executor']) retrieved from /home/airflow/.local/lib/python3.7/site-packages/airflow/example_dags/example_local_kubernetes_executor.py
[2023-11-12T14:52:26.913+0000] {logging_mixin.py:137} INFO - [2023-11-12T14:52:26.913+0000] {dag.py:2690} INFO - Sync 1 DAGs
[2023-11-12T14:52:26.927+0000] {logging_mixin.py:137} INFO - [2023-11-12T14:52:26.927+0000] {dag.py:3441} INFO - Setting next_dagrun for example_local_kubernetes_executor to None, run_after=None
[2023-11-12T14:52:26.938+0000] {processor.py:175} INFO - Processing /home/airflow/.local/lib/python3.7/site-packages/airflow/example_dags/example_local_kubernetes_executor.py took 0.066 seconds
[2023-11-12T15:54:09.765+0000] {processor.py:153} INFO - Started process (PID=98363) to work on /home/airflow/.local/lib/python3.7/site-packages/airflow/example_dags/example_local_kubernetes_executor.py
[2023-11-12T15:54:09.766+0000] {processor.py:743} INFO - Processing file /home/airflow/.local/lib/python3.7/site-packages/airflow/example_dags/example_local_kubernetes_executor.py for tasks to queue
[2023-11-12T15:54:09.766+0000] {logging_mixin.py:137} INFO - [2023-11-12T15:54:09.766+0000] {dagbag.py:538} INFO - Filling up the DagBag from /home/airflow/.local/lib/python3.7/site-packages/airflow/example_dags/example_local_kubernetes_executor.py
[2023-11-12T15:54:09.779+0000] {processor.py:753} INFO - DAG(s) dict_keys(['example_local_kubernetes_executor']) retrieved from /home/airflow/.local/lib/python3.7/site-packages/airflow/example_dags/example_local_kubernetes_executor.py
[2023-11-12T15:54:09.795+0000] {logging_mixin.py:137} INFO - [2023-11-12T15:54:09.795+0000] {dag.py:2690} INFO - Sync 1 DAGs
[2023-11-12T15:54:09.806+0000] {logging_mixin.py:137} INFO - [2023-11-12T15:54:09.806+0000] {dag.py:3441} INFO - Setting next_dagrun for example_local_kubernetes_executor to None, run_after=None
[2023-11-12T15:54:09.814+0000] {processor.py:175} INFO - Processing /home/airflow/.local/lib/python3.7/site-packages/airflow/example_dags/example_local_kubernetes_executor.py took 0.050 seconds
[2023-11-12T17:14:33.838+0000] {processor.py:153} INFO - Started process (PID=98458) to work on /home/airflow/.local/lib/python3.7/site-packages/airflow/example_dags/example_local_kubernetes_executor.py
[2023-11-12T17:14:33.839+0000] {processor.py:743} INFO - Processing file /home/airflow/.local/lib/python3.7/site-packages/airflow/example_dags/example_local_kubernetes_executor.py for tasks to queue
[2023-11-12T17:14:33.839+0000] {logging_mixin.py:137} INFO - [2023-11-12T17:14:33.839+0000] {dagbag.py:538} INFO - Filling up the DagBag from /home/airflow/.local/lib/python3.7/site-packages/airflow/example_dags/example_local_kubernetes_executor.py
[2023-11-12T17:14:33.852+0000] {processor.py:753} INFO - DAG(s) dict_keys(['example_local_kubernetes_executor']) retrieved from /home/airflow/.local/lib/python3.7/site-packages/airflow/example_dags/example_local_kubernetes_executor.py
[2023-11-12T17:14:33.867+0000] {logging_mixin.py:137} INFO - [2023-11-12T17:14:33.867+0000] {dag.py:2690} INFO - Sync 1 DAGs
[2023-11-12T17:14:33.879+0000] {logging_mixin.py:137} INFO - [2023-11-12T17:14:33.879+0000] {dag.py:3441} INFO - Setting next_dagrun for example_local_kubernetes_executor to None, run_after=None
[2023-11-12T17:14:33.889+0000] {processor.py:175} INFO - Processing /home/airflow/.local/lib/python3.7/site-packages/airflow/example_dags/example_local_kubernetes_executor.py took 0.053 seconds
[2023-11-12T18:37:24.781+0000] {processor.py:153} INFO - Started process (PID=98544) to work on /home/airflow/.local/lib/python3.7/site-packages/airflow/example_dags/example_local_kubernetes_executor.py
[2023-11-12T18:37:24.782+0000] {processor.py:743} INFO - Processing file /home/airflow/.local/lib/python3.7/site-packages/airflow/example_dags/example_local_kubernetes_executor.py for tasks to queue
[2023-11-12T18:37:24.782+0000] {logging_mixin.py:137} INFO - [2023-11-12T18:37:24.782+0000] {dagbag.py:538} INFO - Filling up the DagBag from /home/airflow/.local/lib/python3.7/site-packages/airflow/example_dags/example_local_kubernetes_executor.py
[2023-11-12T18:37:24.797+0000] {processor.py:753} INFO - DAG(s) dict_keys(['example_local_kubernetes_executor']) retrieved from /home/airflow/.local/lib/python3.7/site-packages/airflow/example_dags/example_local_kubernetes_executor.py
[2023-11-12T18:37:24.812+0000] {logging_mixin.py:137} INFO - [2023-11-12T18:37:24.812+0000] {dag.py:2690} INFO - Sync 1 DAGs
[2023-11-12T18:37:24.825+0000] {logging_mixin.py:137} INFO - [2023-11-12T18:37:24.825+0000] {dag.py:3441} INFO - Setting next_dagrun for example_local_kubernetes_executor to None, run_after=None
[2023-11-12T18:37:24.833+0000] {processor.py:175} INFO - Processing /home/airflow/.local/lib/python3.7/site-packages/airflow/example_dags/example_local_kubernetes_executor.py took 0.054 seconds
[2023-11-12T20:01:02.825+0000] {processor.py:153} INFO - Started process (PID=98630) to work on /home/airflow/.local/lib/python3.7/site-packages/airflow/example_dags/example_local_kubernetes_executor.py
[2023-11-12T20:01:02.826+0000] {processor.py:743} INFO - Processing file /home/airflow/.local/lib/python3.7/site-packages/airflow/example_dags/example_local_kubernetes_executor.py for tasks to queue
[2023-11-12T20:01:02.826+0000] {logging_mixin.py:137} INFO - [2023-11-12T20:01:02.826+0000] {dagbag.py:538} INFO - Filling up the DagBag from /home/airflow/.local/lib/python3.7/site-packages/airflow/example_dags/example_local_kubernetes_executor.py
[2023-11-12T20:01:02.839+0000] {processor.py:753} INFO - DAG(s) dict_keys(['example_local_kubernetes_executor']) retrieved from /home/airflow/.local/lib/python3.7/site-packages/airflow/example_dags/example_local_kubernetes_executor.py
[2023-11-12T20:01:02.854+0000] {logging_mixin.py:137} INFO - [2023-11-12T20:01:02.854+0000] {dag.py:2690} INFO - Sync 1 DAGs
[2023-11-12T20:01:02.866+0000] {logging_mixin.py:137} INFO - [2023-11-12T20:01:02.865+0000] {dag.py:3441} INFO - Setting next_dagrun for example_local_kubernetes_executor to None, run_after=None
[2023-11-12T20:01:02.874+0000] {processor.py:175} INFO - Processing /home/airflow/.local/lib/python3.7/site-packages/airflow/example_dags/example_local_kubernetes_executor.py took 0.050 seconds
[2023-11-12T21:24:51.766+0000] {processor.py:153} INFO - Started process (PID=98725) to work on /home/airflow/.local/lib/python3.7/site-packages/airflow/example_dags/example_local_kubernetes_executor.py
[2023-11-12T21:24:51.767+0000] {processor.py:743} INFO - Processing file /home/airflow/.local/lib/python3.7/site-packages/airflow/example_dags/example_local_kubernetes_executor.py for tasks to queue
[2023-11-12T21:24:51.767+0000] {logging_mixin.py:137} INFO - [2023-11-12T21:24:51.767+0000] {dagbag.py:538} INFO - Filling up the DagBag from /home/airflow/.local/lib/python3.7/site-packages/airflow/example_dags/example_local_kubernetes_executor.py
[2023-11-12T21:24:51.781+0000] {processor.py:753} INFO - DAG(s) dict_keys(['example_local_kubernetes_executor']) retrieved from /home/airflow/.local/lib/python3.7/site-packages/airflow/example_dags/example_local_kubernetes_executor.py
[2023-11-12T21:24:51.796+0000] {logging_mixin.py:137} INFO - [2023-11-12T21:24:51.795+0000] {dag.py:2690} INFO - Sync 1 DAGs
[2023-11-12T21:24:51.807+0000] {logging_mixin.py:137} INFO - [2023-11-12T21:24:51.807+0000] {dag.py:3441} INFO - Setting next_dagrun for example_local_kubernetes_executor to None, run_after=None
[2023-11-12T21:24:51.817+0000] {processor.py:175} INFO - Processing /home/airflow/.local/lib/python3.7/site-packages/airflow/example_dags/example_local_kubernetes_executor.py took 0.052 seconds
[2023-11-12T22:44:57.756+0000] {processor.py:153} INFO - Started process (PID=98802) to work on /home/airflow/.local/lib/python3.7/site-packages/airflow/example_dags/example_local_kubernetes_executor.py
[2023-11-12T22:44:57.757+0000] {processor.py:743} INFO - Processing file /home/airflow/.local/lib/python3.7/site-packages/airflow/example_dags/example_local_kubernetes_executor.py for tasks to queue
[2023-11-12T22:44:57.757+0000] {logging_mixin.py:137} INFO - [2023-11-12T22:44:57.757+0000] {dagbag.py:538} INFO - Filling up the DagBag from /home/airflow/.local/lib/python3.7/site-packages/airflow/example_dags/example_local_kubernetes_executor.py
[2023-11-12T22:44:57.771+0000] {processor.py:753} INFO - DAG(s) dict_keys(['example_local_kubernetes_executor']) retrieved from /home/airflow/.local/lib/python3.7/site-packages/airflow/example_dags/example_local_kubernetes_executor.py
[2023-11-12T22:44:57.785+0000] {logging_mixin.py:137} INFO - [2023-11-12T22:44:57.785+0000] {dag.py:2690} INFO - Sync 1 DAGs
[2023-11-12T22:44:57.797+0000] {logging_mixin.py:137} INFO - [2023-11-12T22:44:57.797+0000] {dag.py:3441} INFO - Setting next_dagrun for example_local_kubernetes_executor to None, run_after=None
[2023-11-12T22:44:57.806+0000] {processor.py:175} INFO - Processing /home/airflow/.local/lib/python3.7/site-packages/airflow/example_dags/example_local_kubernetes_executor.py took 0.052 seconds
[2023-11-12T23:50:11.077+0000] {processor.py:153} INFO - Started process (PID=98897) to work on /home/airflow/.local/lib/python3.7/site-packages/airflow/example_dags/example_local_kubernetes_executor.py
[2023-11-12T23:50:11.078+0000] {processor.py:743} INFO - Processing file /home/airflow/.local/lib/python3.7/site-packages/airflow/example_dags/example_local_kubernetes_executor.py for tasks to queue
[2023-11-12T23:50:11.078+0000] {logging_mixin.py:137} INFO - [2023-11-12T23:50:11.078+0000] {dagbag.py:538} INFO - Filling up the DagBag from /home/airflow/.local/lib/python3.7/site-packages/airflow/example_dags/example_local_kubernetes_executor.py
[2023-11-12T23:50:11.092+0000] {processor.py:753} INFO - DAG(s) dict_keys(['example_local_kubernetes_executor']) retrieved from /home/airflow/.local/lib/python3.7/site-packages/airflow/example_dags/example_local_kubernetes_executor.py
[2023-11-12T23:50:11.107+0000] {logging_mixin.py:137} INFO - [2023-11-12T23:50:11.107+0000] {dag.py:2690} INFO - Sync 1 DAGs
[2023-11-12T23:50:11.119+0000] {logging_mixin.py:137} INFO - [2023-11-12T23:50:11.119+0000] {dag.py:3441} INFO - Setting next_dagrun for example_local_kubernetes_executor to None, run_after=None
[2023-11-12T23:50:11.127+0000] {processor.py:175} INFO - Processing /home/airflow/.local/lib/python3.7/site-packages/airflow/example_dags/example_local_kubernetes_executor.py took 0.051 seconds
