[2023-11-12T01:18:52.083+0000] {processor.py:153} INFO - Started process (PID=97366) to work on /home/airflow/.local/lib/python3.7/site-packages/airflow/example_dags/example_trigger_target_dag.py
[2023-11-12T01:18:52.083+0000] {processor.py:743} INFO - Processing file /home/airflow/.local/lib/python3.7/site-packages/airflow/example_dags/example_trigger_target_dag.py for tasks to queue
[2023-11-12T01:18:52.084+0000] {logging_mixin.py:137} INFO - [2023-11-12T01:18:52.084+0000] {dagbag.py:538} INFO - Filling up the DagBag from /home/airflow/.local/lib/python3.7/site-packages/airflow/example_dags/example_trigger_target_dag.py
[2023-11-12T01:18:52.097+0000] {processor.py:753} INFO - DAG(s) dict_keys(['example_trigger_target_dag']) retrieved from /home/airflow/.local/lib/python3.7/site-packages/airflow/example_dags/example_trigger_target_dag.py
[2023-11-12T01:18:52.112+0000] {logging_mixin.py:137} INFO - [2023-11-12T01:18:52.112+0000] {dag.py:2690} INFO - Sync 1 DAGs
[2023-11-12T01:18:52.124+0000] {logging_mixin.py:137} INFO - [2023-11-12T01:18:52.124+0000] {dag.py:3441} INFO - Setting next_dagrun for example_trigger_target_dag to None, run_after=None
[2023-11-12T01:18:52.132+0000] {processor.py:175} INFO - Processing /home/airflow/.local/lib/python3.7/site-packages/airflow/example_dags/example_trigger_target_dag.py took 0.052 seconds
[2023-11-12T02:37:16.031+0000] {processor.py:153} INFO - Started process (PID=97443) to work on /home/airflow/.local/lib/python3.7/site-packages/airflow/example_dags/example_trigger_target_dag.py
[2023-11-12T02:37:16.032+0000] {processor.py:743} INFO - Processing file /home/airflow/.local/lib/python3.7/site-packages/airflow/example_dags/example_trigger_target_dag.py for tasks to queue
[2023-11-12T02:37:16.032+0000] {logging_mixin.py:137} INFO - [2023-11-12T02:37:16.032+0000] {dagbag.py:538} INFO - Filling up the DagBag from /home/airflow/.local/lib/python3.7/site-packages/airflow/example_dags/example_trigger_target_dag.py
[2023-11-12T02:37:16.045+0000] {processor.py:753} INFO - DAG(s) dict_keys(['example_trigger_target_dag']) retrieved from /home/airflow/.local/lib/python3.7/site-packages/airflow/example_dags/example_trigger_target_dag.py
[2023-11-12T02:37:16.057+0000] {logging_mixin.py:137} INFO - [2023-11-12T02:37:16.057+0000] {dag.py:2690} INFO - Sync 1 DAGs
[2023-11-12T02:37:16.068+0000] {logging_mixin.py:137} INFO - [2023-11-12T02:37:16.068+0000] {dag.py:3441} INFO - Setting next_dagrun for example_trigger_target_dag to None, run_after=None
[2023-11-12T02:37:16.076+0000] {processor.py:175} INFO - Processing /home/airflow/.local/lib/python3.7/site-packages/airflow/example_dags/example_trigger_target_dag.py took 0.047 seconds
[2023-11-12T03:59:06.511+0000] {processor.py:153} INFO - Started process (PID=97538) to work on /home/airflow/.local/lib/python3.7/site-packages/airflow/example_dags/example_trigger_target_dag.py
[2023-11-12T03:59:06.512+0000] {processor.py:743} INFO - Processing file /home/airflow/.local/lib/python3.7/site-packages/airflow/example_dags/example_trigger_target_dag.py for tasks to queue
[2023-11-12T03:59:06.512+0000] {logging_mixin.py:137} INFO - [2023-11-12T03:59:06.512+0000] {dagbag.py:538} INFO - Filling up the DagBag from /home/airflow/.local/lib/python3.7/site-packages/airflow/example_dags/example_trigger_target_dag.py
[2023-11-12T03:59:06.525+0000] {processor.py:753} INFO - DAG(s) dict_keys(['example_trigger_target_dag']) retrieved from /home/airflow/.local/lib/python3.7/site-packages/airflow/example_dags/example_trigger_target_dag.py
[2023-11-12T03:59:06.539+0000] {logging_mixin.py:137} INFO - [2023-11-12T03:59:06.539+0000] {dag.py:2690} INFO - Sync 1 DAGs
[2023-11-12T03:59:06.550+0000] {logging_mixin.py:137} INFO - [2023-11-12T03:59:06.550+0000] {dag.py:3441} INFO - Setting next_dagrun for example_trigger_target_dag to None, run_after=None
[2023-11-12T03:59:06.558+0000] {processor.py:175} INFO - Processing /home/airflow/.local/lib/python3.7/site-packages/airflow/example_dags/example_trigger_target_dag.py took 0.048 seconds
[2023-11-12T05:21:06.459+0000] {processor.py:153} INFO - Started process (PID=97633) to work on /home/airflow/.local/lib/python3.7/site-packages/airflow/example_dags/example_trigger_target_dag.py
[2023-11-12T05:21:06.460+0000] {processor.py:743} INFO - Processing file /home/airflow/.local/lib/python3.7/site-packages/airflow/example_dags/example_trigger_target_dag.py for tasks to queue
[2023-11-12T05:21:06.460+0000] {logging_mixin.py:137} INFO - [2023-11-12T05:21:06.460+0000] {dagbag.py:538} INFO - Filling up the DagBag from /home/airflow/.local/lib/python3.7/site-packages/airflow/example_dags/example_trigger_target_dag.py
[2023-11-12T05:21:06.473+0000] {processor.py:753} INFO - DAG(s) dict_keys(['example_trigger_target_dag']) retrieved from /home/airflow/.local/lib/python3.7/site-packages/airflow/example_dags/example_trigger_target_dag.py
[2023-11-12T05:21:06.486+0000] {logging_mixin.py:137} INFO - [2023-11-12T05:21:06.486+0000] {dag.py:2690} INFO - Sync 1 DAGs
[2023-11-12T05:21:06.497+0000] {logging_mixin.py:137} INFO - [2023-11-12T05:21:06.497+0000] {dag.py:3441} INFO - Setting next_dagrun for example_trigger_target_dag to None, run_after=None
[2023-11-12T05:21:06.506+0000] {processor.py:175} INFO - Processing /home/airflow/.local/lib/python3.7/site-packages/airflow/example_dags/example_trigger_target_dag.py took 0.048 seconds
[2023-11-12T06:45:04.286+0000] {processor.py:153} INFO - Started process (PID=97710) to work on /home/airflow/.local/lib/python3.7/site-packages/airflow/example_dags/example_trigger_target_dag.py
[2023-11-12T06:45:04.287+0000] {processor.py:743} INFO - Processing file /home/airflow/.local/lib/python3.7/site-packages/airflow/example_dags/example_trigger_target_dag.py for tasks to queue
[2023-11-12T06:45:04.288+0000] {logging_mixin.py:137} INFO - [2023-11-12T06:45:04.288+0000] {dagbag.py:538} INFO - Filling up the DagBag from /home/airflow/.local/lib/python3.7/site-packages/airflow/example_dags/example_trigger_target_dag.py
[2023-11-12T06:45:04.304+0000] {processor.py:753} INFO - DAG(s) dict_keys(['example_trigger_target_dag']) retrieved from /home/airflow/.local/lib/python3.7/site-packages/airflow/example_dags/example_trigger_target_dag.py
[2023-11-12T06:45:04.327+0000] {logging_mixin.py:137} INFO - [2023-11-12T06:45:04.327+0000] {dag.py:2690} INFO - Sync 1 DAGs
[2023-11-12T06:45:04.345+0000] {logging_mixin.py:137} INFO - [2023-11-12T06:45:04.345+0000] {dag.py:3441} INFO - Setting next_dagrun for example_trigger_target_dag to None, run_after=None
[2023-11-12T06:45:04.358+0000] {processor.py:175} INFO - Processing /home/airflow/.local/lib/python3.7/site-packages/airflow/example_dags/example_trigger_target_dag.py took 0.074 seconds
[2023-11-12T07:55:55.331+0000] {processor.py:153} INFO - Started process (PID=97805) to work on /home/airflow/.local/lib/python3.7/site-packages/airflow/example_dags/example_trigger_target_dag.py
[2023-11-12T07:55:55.332+0000] {processor.py:743} INFO - Processing file /home/airflow/.local/lib/python3.7/site-packages/airflow/example_dags/example_trigger_target_dag.py for tasks to queue
[2023-11-12T07:55:55.333+0000] {logging_mixin.py:137} INFO - [2023-11-12T07:55:55.333+0000] {dagbag.py:538} INFO - Filling up the DagBag from /home/airflow/.local/lib/python3.7/site-packages/airflow/example_dags/example_trigger_target_dag.py
[2023-11-12T07:55:55.357+0000] {processor.py:753} INFO - DAG(s) dict_keys(['example_trigger_target_dag']) retrieved from /home/airflow/.local/lib/python3.7/site-packages/airflow/example_dags/example_trigger_target_dag.py
[2023-11-12T07:55:55.377+0000] {logging_mixin.py:137} INFO - [2023-11-12T07:55:55.377+0000] {dag.py:2690} INFO - Sync 1 DAGs
[2023-11-12T07:55:55.392+0000] {logging_mixin.py:137} INFO - [2023-11-12T07:55:55.392+0000] {dag.py:3441} INFO - Setting next_dagrun for example_trigger_target_dag to None, run_after=None
[2023-11-12T07:55:55.404+0000] {processor.py:175} INFO - Processing /home/airflow/.local/lib/python3.7/site-packages/airflow/example_dags/example_trigger_target_dag.py took 0.076 seconds
[2023-11-12T09:18:57.167+0000] {processor.py:153} INFO - Started process (PID=97900) to work on /home/airflow/.local/lib/python3.7/site-packages/airflow/example_dags/example_trigger_target_dag.py
[2023-11-12T09:18:57.169+0000] {processor.py:743} INFO - Processing file /home/airflow/.local/lib/python3.7/site-packages/airflow/example_dags/example_trigger_target_dag.py for tasks to queue
[2023-11-12T09:18:57.170+0000] {logging_mixin.py:137} INFO - [2023-11-12T09:18:57.170+0000] {dagbag.py:538} INFO - Filling up the DagBag from /home/airflow/.local/lib/python3.7/site-packages/airflow/example_dags/example_trigger_target_dag.py
[2023-11-12T09:18:57.191+0000] {processor.py:753} INFO - DAG(s) dict_keys(['example_trigger_target_dag']) retrieved from /home/airflow/.local/lib/python3.7/site-packages/airflow/example_dags/example_trigger_target_dag.py
[2023-11-12T09:18:57.214+0000] {logging_mixin.py:137} INFO - [2023-11-12T09:18:57.214+0000] {dag.py:2690} INFO - Sync 1 DAGs
[2023-11-12T09:18:57.232+0000] {logging_mixin.py:137} INFO - [2023-11-12T09:18:57.232+0000] {dag.py:3441} INFO - Setting next_dagrun for example_trigger_target_dag to None, run_after=None
[2023-11-12T09:18:57.245+0000] {processor.py:175} INFO - Processing /home/airflow/.local/lib/python3.7/site-packages/airflow/example_dags/example_trigger_target_dag.py took 0.082 seconds
[2023-11-12T10:42:11.893+0000] {processor.py:153} INFO - Started process (PID=97977) to work on /home/airflow/.local/lib/python3.7/site-packages/airflow/example_dags/example_trigger_target_dag.py
[2023-11-12T10:42:11.894+0000] {processor.py:743} INFO - Processing file /home/airflow/.local/lib/python3.7/site-packages/airflow/example_dags/example_trigger_target_dag.py for tasks to queue
[2023-11-12T10:42:11.894+0000] {logging_mixin.py:137} INFO - [2023-11-12T10:42:11.894+0000] {dagbag.py:538} INFO - Filling up the DagBag from /home/airflow/.local/lib/python3.7/site-packages/airflow/example_dags/example_trigger_target_dag.py
[2023-11-12T10:42:11.906+0000] {processor.py:753} INFO - DAG(s) dict_keys(['example_trigger_target_dag']) retrieved from /home/airflow/.local/lib/python3.7/site-packages/airflow/example_dags/example_trigger_target_dag.py
[2023-11-12T10:42:11.919+0000] {logging_mixin.py:137} INFO - [2023-11-12T10:42:11.919+0000] {dag.py:2690} INFO - Sync 1 DAGs
[2023-11-12T10:42:11.933+0000] {logging_mixin.py:137} INFO - [2023-11-12T10:42:11.933+0000] {dag.py:3441} INFO - Setting next_dagrun for example_trigger_target_dag to None, run_after=None
[2023-11-12T10:42:11.943+0000] {processor.py:175} INFO - Processing /home/airflow/.local/lib/python3.7/site-packages/airflow/example_dags/example_trigger_target_dag.py took 0.052 seconds
[2023-11-12T12:03:51.909+0000] {processor.py:153} INFO - Started process (PID=98072) to work on /home/airflow/.local/lib/python3.7/site-packages/airflow/example_dags/example_trigger_target_dag.py
[2023-11-12T12:03:51.910+0000] {processor.py:743} INFO - Processing file /home/airflow/.local/lib/python3.7/site-packages/airflow/example_dags/example_trigger_target_dag.py for tasks to queue
[2023-11-12T12:03:51.910+0000] {logging_mixin.py:137} INFO - [2023-11-12T12:03:51.910+0000] {dagbag.py:538} INFO - Filling up the DagBag from /home/airflow/.local/lib/python3.7/site-packages/airflow/example_dags/example_trigger_target_dag.py
[2023-11-12T12:03:51.922+0000] {processor.py:753} INFO - DAG(s) dict_keys(['example_trigger_target_dag']) retrieved from /home/airflow/.local/lib/python3.7/site-packages/airflow/example_dags/example_trigger_target_dag.py
[2023-11-12T12:03:51.935+0000] {logging_mixin.py:137} INFO - [2023-11-12T12:03:51.935+0000] {dag.py:2690} INFO - Sync 1 DAGs
[2023-11-12T12:03:51.946+0000] {logging_mixin.py:137} INFO - [2023-11-12T12:03:51.946+0000] {dag.py:3441} INFO - Setting next_dagrun for example_trigger_target_dag to None, run_after=None
[2023-11-12T12:03:51.955+0000] {processor.py:175} INFO - Processing /home/airflow/.local/lib/python3.7/site-packages/airflow/example_dags/example_trigger_target_dag.py took 0.048 seconds
[2023-11-12T13:30:15.398+0000] {processor.py:153} INFO - Started process (PID=98167) to work on /home/airflow/.local/lib/python3.7/site-packages/airflow/example_dags/example_trigger_target_dag.py
[2023-11-12T13:30:15.398+0000] {processor.py:743} INFO - Processing file /home/airflow/.local/lib/python3.7/site-packages/airflow/example_dags/example_trigger_target_dag.py for tasks to queue
[2023-11-12T13:30:15.399+0000] {logging_mixin.py:137} INFO - [2023-11-12T13:30:15.399+0000] {dagbag.py:538} INFO - Filling up the DagBag from /home/airflow/.local/lib/python3.7/site-packages/airflow/example_dags/example_trigger_target_dag.py
[2023-11-12T13:30:15.411+0000] {processor.py:753} INFO - DAG(s) dict_keys(['example_trigger_target_dag']) retrieved from /home/airflow/.local/lib/python3.7/site-packages/airflow/example_dags/example_trigger_target_dag.py
[2023-11-12T13:30:15.424+0000] {logging_mixin.py:137} INFO - [2023-11-12T13:30:15.424+0000] {dag.py:2690} INFO - Sync 1 DAGs
[2023-11-12T13:30:15.435+0000] {logging_mixin.py:137} INFO - [2023-11-12T13:30:15.435+0000] {dag.py:3441} INFO - Setting next_dagrun for example_trigger_target_dag to None, run_after=None
[2023-11-12T13:30:15.443+0000] {processor.py:175} INFO - Processing /home/airflow/.local/lib/python3.7/site-packages/airflow/example_dags/example_trigger_target_dag.py took 0.048 seconds
[2023-11-12T14:52:25.880+0000] {processor.py:153} INFO - Started process (PID=98244) to work on /home/airflow/.local/lib/python3.7/site-packages/airflow/example_dags/example_trigger_target_dag.py
[2023-11-12T14:52:25.880+0000] {processor.py:743} INFO - Processing file /home/airflow/.local/lib/python3.7/site-packages/airflow/example_dags/example_trigger_target_dag.py for tasks to queue
[2023-11-12T14:52:25.881+0000] {logging_mixin.py:137} INFO - [2023-11-12T14:52:25.881+0000] {dagbag.py:538} INFO - Filling up the DagBag from /home/airflow/.local/lib/python3.7/site-packages/airflow/example_dags/example_trigger_target_dag.py
[2023-11-12T14:52:25.894+0000] {processor.py:753} INFO - DAG(s) dict_keys(['example_trigger_target_dag']) retrieved from /home/airflow/.local/lib/python3.7/site-packages/airflow/example_dags/example_trigger_target_dag.py
[2023-11-12T14:52:25.907+0000] {logging_mixin.py:137} INFO - [2023-11-12T14:52:25.906+0000] {dag.py:2690} INFO - Sync 1 DAGs
[2023-11-12T14:52:25.918+0000] {logging_mixin.py:137} INFO - [2023-11-12T14:52:25.918+0000] {dag.py:3441} INFO - Setting next_dagrun for example_trigger_target_dag to None, run_after=None
[2023-11-12T14:52:25.927+0000] {processor.py:175} INFO - Processing /home/airflow/.local/lib/python3.7/site-packages/airflow/example_dags/example_trigger_target_dag.py took 0.049 seconds
[2023-11-12T15:54:08.785+0000] {processor.py:153} INFO - Started process (PID=98339) to work on /home/airflow/.local/lib/python3.7/site-packages/airflow/example_dags/example_trigger_target_dag.py
[2023-11-12T15:54:08.786+0000] {processor.py:743} INFO - Processing file /home/airflow/.local/lib/python3.7/site-packages/airflow/example_dags/example_trigger_target_dag.py for tasks to queue
[2023-11-12T15:54:08.786+0000] {logging_mixin.py:137} INFO - [2023-11-12T15:54:08.786+0000] {dagbag.py:538} INFO - Filling up the DagBag from /home/airflow/.local/lib/python3.7/site-packages/airflow/example_dags/example_trigger_target_dag.py
[2023-11-12T15:54:08.803+0000] {processor.py:753} INFO - DAG(s) dict_keys(['example_trigger_target_dag']) retrieved from /home/airflow/.local/lib/python3.7/site-packages/airflow/example_dags/example_trigger_target_dag.py
[2023-11-12T15:54:08.825+0000] {logging_mixin.py:137} INFO - [2023-11-12T15:54:08.825+0000] {dag.py:2690} INFO - Sync 1 DAGs
[2023-11-12T15:54:08.845+0000] {logging_mixin.py:137} INFO - [2023-11-12T15:54:08.845+0000] {dag.py:3441} INFO - Setting next_dagrun for example_trigger_target_dag to None, run_after=None
[2023-11-12T15:54:08.857+0000] {processor.py:175} INFO - Processing /home/airflow/.local/lib/python3.7/site-packages/airflow/example_dags/example_trigger_target_dag.py took 0.075 seconds
[2023-11-12T17:14:32.843+0000] {processor.py:153} INFO - Started process (PID=98434) to work on /home/airflow/.local/lib/python3.7/site-packages/airflow/example_dags/example_trigger_target_dag.py
[2023-11-12T17:14:32.844+0000] {processor.py:743} INFO - Processing file /home/airflow/.local/lib/python3.7/site-packages/airflow/example_dags/example_trigger_target_dag.py for tasks to queue
[2023-11-12T17:14:32.845+0000] {logging_mixin.py:137} INFO - [2023-11-12T17:14:32.845+0000] {dagbag.py:538} INFO - Filling up the DagBag from /home/airflow/.local/lib/python3.7/site-packages/airflow/example_dags/example_trigger_target_dag.py
[2023-11-12T17:14:32.861+0000] {processor.py:753} INFO - DAG(s) dict_keys(['example_trigger_target_dag']) retrieved from /home/airflow/.local/lib/python3.7/site-packages/airflow/example_dags/example_trigger_target_dag.py
[2023-11-12T17:14:32.880+0000] {logging_mixin.py:137} INFO - [2023-11-12T17:14:32.879+0000] {dag.py:2690} INFO - Sync 1 DAGs
[2023-11-12T17:14:32.894+0000] {logging_mixin.py:137} INFO - [2023-11-12T17:14:32.894+0000] {dag.py:3441} INFO - Setting next_dagrun for example_trigger_target_dag to None, run_after=None
[2023-11-12T17:14:32.906+0000] {processor.py:175} INFO - Processing /home/airflow/.local/lib/python3.7/site-packages/airflow/example_dags/example_trigger_target_dag.py took 0.066 seconds
[2023-11-12T18:37:23.895+0000] {processor.py:153} INFO - Started process (PID=98511) to work on /home/airflow/.local/lib/python3.7/site-packages/airflow/example_dags/example_trigger_target_dag.py
[2023-11-12T18:37:23.896+0000] {processor.py:743} INFO - Processing file /home/airflow/.local/lib/python3.7/site-packages/airflow/example_dags/example_trigger_target_dag.py for tasks to queue
[2023-11-12T18:37:23.897+0000] {logging_mixin.py:137} INFO - [2023-11-12T18:37:23.897+0000] {dagbag.py:538} INFO - Filling up the DagBag from /home/airflow/.local/lib/python3.7/site-packages/airflow/example_dags/example_trigger_target_dag.py
[2023-11-12T18:37:23.913+0000] {processor.py:753} INFO - DAG(s) dict_keys(['example_trigger_target_dag']) retrieved from /home/airflow/.local/lib/python3.7/site-packages/airflow/example_dags/example_trigger_target_dag.py
[2023-11-12T18:37:23.932+0000] {logging_mixin.py:137} INFO - [2023-11-12T18:37:23.932+0000] {dag.py:2690} INFO - Sync 1 DAGs
[2023-11-12T18:37:23.950+0000] {logging_mixin.py:137} INFO - [2023-11-12T18:37:23.950+0000] {dag.py:3441} INFO - Setting next_dagrun for example_trigger_target_dag to None, run_after=None
[2023-11-12T18:37:23.962+0000] {processor.py:175} INFO - Processing /home/airflow/.local/lib/python3.7/site-packages/airflow/example_dags/example_trigger_target_dag.py took 0.069 seconds
[2023-11-12T20:01:01.963+0000] {processor.py:153} INFO - Started process (PID=98606) to work on /home/airflow/.local/lib/python3.7/site-packages/airflow/example_dags/example_trigger_target_dag.py
[2023-11-12T20:01:01.964+0000] {processor.py:743} INFO - Processing file /home/airflow/.local/lib/python3.7/site-packages/airflow/example_dags/example_trigger_target_dag.py for tasks to queue
[2023-11-12T20:01:01.964+0000] {logging_mixin.py:137} INFO - [2023-11-12T20:01:01.964+0000] {dagbag.py:538} INFO - Filling up the DagBag from /home/airflow/.local/lib/python3.7/site-packages/airflow/example_dags/example_trigger_target_dag.py
[2023-11-12T20:01:01.980+0000] {processor.py:753} INFO - DAG(s) dict_keys(['example_trigger_target_dag']) retrieved from /home/airflow/.local/lib/python3.7/site-packages/airflow/example_dags/example_trigger_target_dag.py
[2023-11-12T20:01:02.000+0000] {logging_mixin.py:137} INFO - [2023-11-12T20:01:02.000+0000] {dag.py:2690} INFO - Sync 1 DAGs
[2023-11-12T20:01:02.014+0000] {logging_mixin.py:137} INFO - [2023-11-12T20:01:02.014+0000] {dag.py:3441} INFO - Setting next_dagrun for example_trigger_target_dag to None, run_after=None
[2023-11-12T20:01:02.026+0000] {processor.py:175} INFO - Processing /home/airflow/.local/lib/python3.7/site-packages/airflow/example_dags/example_trigger_target_dag.py took 0.066 seconds
[2023-11-12T21:24:50.766+0000] {processor.py:153} INFO - Started process (PID=98701) to work on /home/airflow/.local/lib/python3.7/site-packages/airflow/example_dags/example_trigger_target_dag.py
[2023-11-12T21:24:50.767+0000] {processor.py:743} INFO - Processing file /home/airflow/.local/lib/python3.7/site-packages/airflow/example_dags/example_trigger_target_dag.py for tasks to queue
[2023-11-12T21:24:50.768+0000] {logging_mixin.py:137} INFO - [2023-11-12T21:24:50.767+0000] {dagbag.py:538} INFO - Filling up the DagBag from /home/airflow/.local/lib/python3.7/site-packages/airflow/example_dags/example_trigger_target_dag.py
[2023-11-12T21:24:50.785+0000] {processor.py:753} INFO - DAG(s) dict_keys(['example_trigger_target_dag']) retrieved from /home/airflow/.local/lib/python3.7/site-packages/airflow/example_dags/example_trigger_target_dag.py
[2023-11-12T21:24:50.807+0000] {logging_mixin.py:137} INFO - [2023-11-12T21:24:50.807+0000] {dag.py:2690} INFO - Sync 1 DAGs
[2023-11-12T21:24:50.826+0000] {logging_mixin.py:137} INFO - [2023-11-12T21:24:50.826+0000] {dag.py:3441} INFO - Setting next_dagrun for example_trigger_target_dag to None, run_after=None
[2023-11-12T21:24:50.840+0000] {processor.py:175} INFO - Processing /home/airflow/.local/lib/python3.7/site-packages/airflow/example_dags/example_trigger_target_dag.py took 0.077 seconds
[2023-11-12T22:44:56.762+0000] {processor.py:153} INFO - Started process (PID=98778) to work on /home/airflow/.local/lib/python3.7/site-packages/airflow/example_dags/example_trigger_target_dag.py
[2023-11-12T22:44:56.763+0000] {processor.py:743} INFO - Processing file /home/airflow/.local/lib/python3.7/site-packages/airflow/example_dags/example_trigger_target_dag.py for tasks to queue
[2023-11-12T22:44:56.764+0000] {logging_mixin.py:137} INFO - [2023-11-12T22:44:56.764+0000] {dagbag.py:538} INFO - Filling up the DagBag from /home/airflow/.local/lib/python3.7/site-packages/airflow/example_dags/example_trigger_target_dag.py
[2023-11-12T22:44:56.784+0000] {processor.py:753} INFO - DAG(s) dict_keys(['example_trigger_target_dag']) retrieved from /home/airflow/.local/lib/python3.7/site-packages/airflow/example_dags/example_trigger_target_dag.py
[2023-11-12T22:44:56.815+0000] {logging_mixin.py:137} INFO - [2023-11-12T22:44:56.815+0000] {dag.py:2690} INFO - Sync 1 DAGs
[2023-11-12T22:44:56.832+0000] {logging_mixin.py:137} INFO - [2023-11-12T22:44:56.832+0000] {dag.py:3441} INFO - Setting next_dagrun for example_trigger_target_dag to None, run_after=None
[2023-11-12T22:44:56.843+0000] {processor.py:175} INFO - Processing /home/airflow/.local/lib/python3.7/site-packages/airflow/example_dags/example_trigger_target_dag.py took 0.084 seconds
[2023-11-12T23:50:10.055+0000] {processor.py:153} INFO - Started process (PID=98873) to work on /home/airflow/.local/lib/python3.7/site-packages/airflow/example_dags/example_trigger_target_dag.py
[2023-11-12T23:50:10.057+0000] {processor.py:743} INFO - Processing file /home/airflow/.local/lib/python3.7/site-packages/airflow/example_dags/example_trigger_target_dag.py for tasks to queue
[2023-11-12T23:50:10.058+0000] {logging_mixin.py:137} INFO - [2023-11-12T23:50:10.058+0000] {dagbag.py:538} INFO - Filling up the DagBag from /home/airflow/.local/lib/python3.7/site-packages/airflow/example_dags/example_trigger_target_dag.py
[2023-11-12T23:50:10.081+0000] {processor.py:753} INFO - DAG(s) dict_keys(['example_trigger_target_dag']) retrieved from /home/airflow/.local/lib/python3.7/site-packages/airflow/example_dags/example_trigger_target_dag.py
[2023-11-12T23:50:10.115+0000] {logging_mixin.py:137} INFO - [2023-11-12T23:50:10.114+0000] {dag.py:2690} INFO - Sync 1 DAGs
[2023-11-12T23:50:10.141+0000] {logging_mixin.py:137} INFO - [2023-11-12T23:50:10.141+0000] {dag.py:3441} INFO - Setting next_dagrun for example_trigger_target_dag to None, run_after=None
[2023-11-12T23:50:10.165+0000] {processor.py:175} INFO - Processing /home/airflow/.local/lib/python3.7/site-packages/airflow/example_dags/example_trigger_target_dag.py took 0.114 seconds
