[2023-11-12T01:18:52.914+0000] {processor.py:153} INFO - Started process (PID=97381) to work on /home/airflow/.local/lib/python3.7/site-packages/airflow/example_dags/tutorial_taskflow_api_virtualenv.py
[2023-11-12T01:18:52.914+0000] {processor.py:743} INFO - Processing file /home/airflow/.local/lib/python3.7/site-packages/airflow/example_dags/tutorial_taskflow_api_virtualenv.py for tasks to queue
[2023-11-12T01:18:52.915+0000] {logging_mixin.py:137} INFO - [2023-11-12T01:18:52.915+0000] {dagbag.py:538} INFO - Filling up the DagBag from /home/airflow/.local/lib/python3.7/site-packages/airflow/example_dags/tutorial_taskflow_api_virtualenv.py
[2023-11-12T01:18:52.927+0000] {processor.py:753} INFO - DAG(s) dict_keys(['tutorial_taskflow_api_virtualenv']) retrieved from /home/airflow/.local/lib/python3.7/site-packages/airflow/example_dags/tutorial_taskflow_api_virtualenv.py
[2023-11-12T01:18:52.940+0000] {logging_mixin.py:137} INFO - [2023-11-12T01:18:52.940+0000] {dag.py:2690} INFO - Sync 1 DAGs
[2023-11-12T01:18:52.952+0000] {logging_mixin.py:137} INFO - [2023-11-12T01:18:52.951+0000] {dag.py:3441} INFO - Setting next_dagrun for tutorial_taskflow_api_virtualenv to None, run_after=None
[2023-11-12T01:18:52.961+0000] {processor.py:175} INFO - Processing /home/airflow/.local/lib/python3.7/site-packages/airflow/example_dags/tutorial_taskflow_api_virtualenv.py took 0.049 seconds
[2023-11-12T02:37:16.832+0000] {processor.py:153} INFO - Started process (PID=97467) to work on /home/airflow/.local/lib/python3.7/site-packages/airflow/example_dags/tutorial_taskflow_api_virtualenv.py
[2023-11-12T02:37:16.833+0000] {processor.py:743} INFO - Processing file /home/airflow/.local/lib/python3.7/site-packages/airflow/example_dags/tutorial_taskflow_api_virtualenv.py for tasks to queue
[2023-11-12T02:37:16.834+0000] {logging_mixin.py:137} INFO - [2023-11-12T02:37:16.834+0000] {dagbag.py:538} INFO - Filling up the DagBag from /home/airflow/.local/lib/python3.7/site-packages/airflow/example_dags/tutorial_taskflow_api_virtualenv.py
[2023-11-12T02:37:16.857+0000] {processor.py:753} INFO - DAG(s) dict_keys(['tutorial_taskflow_api_virtualenv']) retrieved from /home/airflow/.local/lib/python3.7/site-packages/airflow/example_dags/tutorial_taskflow_api_virtualenv.py
[2023-11-12T02:37:16.893+0000] {logging_mixin.py:137} INFO - [2023-11-12T02:37:16.893+0000] {dag.py:2690} INFO - Sync 1 DAGs
[2023-11-12T02:37:16.927+0000] {logging_mixin.py:137} INFO - [2023-11-12T02:37:16.927+0000] {dag.py:3441} INFO - Setting next_dagrun for tutorial_taskflow_api_virtualenv to None, run_after=None
[2023-11-12T02:37:16.952+0000] {processor.py:175} INFO - Processing /home/airflow/.local/lib/python3.7/site-packages/airflow/example_dags/tutorial_taskflow_api_virtualenv.py took 0.126 seconds
[2023-11-12T03:59:07.099+0000] {processor.py:153} INFO - Started process (PID=97553) to work on /home/airflow/.local/lib/python3.7/site-packages/airflow/example_dags/tutorial_taskflow_api_virtualenv.py
[2023-11-12T03:59:07.100+0000] {processor.py:743} INFO - Processing file /home/airflow/.local/lib/python3.7/site-packages/airflow/example_dags/tutorial_taskflow_api_virtualenv.py for tasks to queue
[2023-11-12T03:59:07.102+0000] {logging_mixin.py:137} INFO - [2023-11-12T03:59:07.102+0000] {dagbag.py:538} INFO - Filling up the DagBag from /home/airflow/.local/lib/python3.7/site-packages/airflow/example_dags/tutorial_taskflow_api_virtualenv.py
[2023-11-12T03:59:07.121+0000] {processor.py:753} INFO - DAG(s) dict_keys(['tutorial_taskflow_api_virtualenv']) retrieved from /home/airflow/.local/lib/python3.7/site-packages/airflow/example_dags/tutorial_taskflow_api_virtualenv.py
[2023-11-12T03:59:07.143+0000] {logging_mixin.py:137} INFO - [2023-11-12T03:59:07.143+0000] {dag.py:2690} INFO - Sync 1 DAGs
[2023-11-12T03:59:07.159+0000] {logging_mixin.py:137} INFO - [2023-11-12T03:59:07.159+0000] {dag.py:3441} INFO - Setting next_dagrun for tutorial_taskflow_api_virtualenv to None, run_after=None
[2023-11-12T03:59:07.170+0000] {processor.py:175} INFO - Processing /home/airflow/.local/lib/python3.7/site-packages/airflow/example_dags/tutorial_taskflow_api_virtualenv.py took 0.073 seconds
[2023-11-12T05:21:06.953+0000] {processor.py:153} INFO - Started process (PID=97648) to work on /home/airflow/.local/lib/python3.7/site-packages/airflow/example_dags/tutorial_taskflow_api_virtualenv.py
[2023-11-12T05:21:06.953+0000] {processor.py:743} INFO - Processing file /home/airflow/.local/lib/python3.7/site-packages/airflow/example_dags/tutorial_taskflow_api_virtualenv.py for tasks to queue
[2023-11-12T05:21:06.954+0000] {logging_mixin.py:137} INFO - [2023-11-12T05:21:06.954+0000] {dagbag.py:538} INFO - Filling up the DagBag from /home/airflow/.local/lib/python3.7/site-packages/airflow/example_dags/tutorial_taskflow_api_virtualenv.py
[2023-11-12T05:21:06.967+0000] {processor.py:753} INFO - DAG(s) dict_keys(['tutorial_taskflow_api_virtualenv']) retrieved from /home/airflow/.local/lib/python3.7/site-packages/airflow/example_dags/tutorial_taskflow_api_virtualenv.py
[2023-11-12T05:21:06.980+0000] {logging_mixin.py:137} INFO - [2023-11-12T05:21:06.979+0000] {dag.py:2690} INFO - Sync 1 DAGs
[2023-11-12T05:21:06.991+0000] {logging_mixin.py:137} INFO - [2023-11-12T05:21:06.991+0000] {dag.py:3441} INFO - Setting next_dagrun for tutorial_taskflow_api_virtualenv to None, run_after=None
[2023-11-12T05:21:07.003+0000] {processor.py:175} INFO - Processing /home/airflow/.local/lib/python3.7/site-packages/airflow/example_dags/tutorial_taskflow_api_virtualenv.py took 0.052 seconds
[2023-11-12T06:45:04.961+0000] {processor.py:153} INFO - Started process (PID=97725) to work on /home/airflow/.local/lib/python3.7/site-packages/airflow/example_dags/tutorial_taskflow_api_virtualenv.py
[2023-11-12T06:45:04.961+0000] {processor.py:743} INFO - Processing file /home/airflow/.local/lib/python3.7/site-packages/airflow/example_dags/tutorial_taskflow_api_virtualenv.py for tasks to queue
[2023-11-12T06:45:04.961+0000] {logging_mixin.py:137} INFO - [2023-11-12T06:45:04.961+0000] {dagbag.py:538} INFO - Filling up the DagBag from /home/airflow/.local/lib/python3.7/site-packages/airflow/example_dags/tutorial_taskflow_api_virtualenv.py
[2023-11-12T06:45:04.974+0000] {processor.py:753} INFO - DAG(s) dict_keys(['tutorial_taskflow_api_virtualenv']) retrieved from /home/airflow/.local/lib/python3.7/site-packages/airflow/example_dags/tutorial_taskflow_api_virtualenv.py
[2023-11-12T06:45:04.987+0000] {logging_mixin.py:137} INFO - [2023-11-12T06:45:04.987+0000] {dag.py:2690} INFO - Sync 1 DAGs
[2023-11-12T06:45:04.999+0000] {logging_mixin.py:137} INFO - [2023-11-12T06:45:04.999+0000] {dag.py:3441} INFO - Setting next_dagrun for tutorial_taskflow_api_virtualenv to None, run_after=None
[2023-11-12T06:45:05.008+0000] {processor.py:175} INFO - Processing /home/airflow/.local/lib/python3.7/site-packages/airflow/example_dags/tutorial_taskflow_api_virtualenv.py took 0.049 seconds
[2023-11-12T07:55:56.032+0000] {processor.py:153} INFO - Started process (PID=97820) to work on /home/airflow/.local/lib/python3.7/site-packages/airflow/example_dags/tutorial_taskflow_api_virtualenv.py
[2023-11-12T07:55:56.033+0000] {processor.py:743} INFO - Processing file /home/airflow/.local/lib/python3.7/site-packages/airflow/example_dags/tutorial_taskflow_api_virtualenv.py for tasks to queue
[2023-11-12T07:55:56.033+0000] {logging_mixin.py:137} INFO - [2023-11-12T07:55:56.033+0000] {dagbag.py:538} INFO - Filling up the DagBag from /home/airflow/.local/lib/python3.7/site-packages/airflow/example_dags/tutorial_taskflow_api_virtualenv.py
[2023-11-12T07:55:56.046+0000] {processor.py:753} INFO - DAG(s) dict_keys(['tutorial_taskflow_api_virtualenv']) retrieved from /home/airflow/.local/lib/python3.7/site-packages/airflow/example_dags/tutorial_taskflow_api_virtualenv.py
[2023-11-12T07:55:56.059+0000] {logging_mixin.py:137} INFO - [2023-11-12T07:55:56.059+0000] {dag.py:2690} INFO - Sync 1 DAGs
[2023-11-12T07:55:56.071+0000] {logging_mixin.py:137} INFO - [2023-11-12T07:55:56.071+0000] {dag.py:3441} INFO - Setting next_dagrun for tutorial_taskflow_api_virtualenv to None, run_after=None
[2023-11-12T07:55:56.080+0000] {processor.py:175} INFO - Processing /home/airflow/.local/lib/python3.7/site-packages/airflow/example_dags/tutorial_taskflow_api_virtualenv.py took 0.050 seconds
[2023-11-12T09:18:57.948+0000] {processor.py:153} INFO - Started process (PID=97915) to work on /home/airflow/.local/lib/python3.7/site-packages/airflow/example_dags/tutorial_taskflow_api_virtualenv.py
[2023-11-12T09:18:57.949+0000] {processor.py:743} INFO - Processing file /home/airflow/.local/lib/python3.7/site-packages/airflow/example_dags/tutorial_taskflow_api_virtualenv.py for tasks to queue
[2023-11-12T09:18:57.950+0000] {logging_mixin.py:137} INFO - [2023-11-12T09:18:57.950+0000] {dagbag.py:538} INFO - Filling up the DagBag from /home/airflow/.local/lib/python3.7/site-packages/airflow/example_dags/tutorial_taskflow_api_virtualenv.py
[2023-11-12T09:18:57.965+0000] {processor.py:753} INFO - DAG(s) dict_keys(['tutorial_taskflow_api_virtualenv']) retrieved from /home/airflow/.local/lib/python3.7/site-packages/airflow/example_dags/tutorial_taskflow_api_virtualenv.py
[2023-11-12T09:18:57.979+0000] {logging_mixin.py:137} INFO - [2023-11-12T09:18:57.979+0000] {dag.py:2690} INFO - Sync 1 DAGs
[2023-11-12T09:18:57.992+0000] {logging_mixin.py:137} INFO - [2023-11-12T09:18:57.992+0000] {dag.py:3441} INFO - Setting next_dagrun for tutorial_taskflow_api_virtualenv to None, run_after=None
[2023-11-12T09:18:58.001+0000] {processor.py:175} INFO - Processing /home/airflow/.local/lib/python3.7/site-packages/airflow/example_dags/tutorial_taskflow_api_virtualenv.py took 0.054 seconds
[2023-11-12T10:42:12.785+0000] {processor.py:153} INFO - Started process (PID=97992) to work on /home/airflow/.local/lib/python3.7/site-packages/airflow/example_dags/tutorial_taskflow_api_virtualenv.py
[2023-11-12T10:42:12.786+0000] {processor.py:743} INFO - Processing file /home/airflow/.local/lib/python3.7/site-packages/airflow/example_dags/tutorial_taskflow_api_virtualenv.py for tasks to queue
[2023-11-12T10:42:12.786+0000] {logging_mixin.py:137} INFO - [2023-11-12T10:42:12.786+0000] {dagbag.py:538} INFO - Filling up the DagBag from /home/airflow/.local/lib/python3.7/site-packages/airflow/example_dags/tutorial_taskflow_api_virtualenv.py
[2023-11-12T10:42:12.800+0000] {processor.py:753} INFO - DAG(s) dict_keys(['tutorial_taskflow_api_virtualenv']) retrieved from /home/airflow/.local/lib/python3.7/site-packages/airflow/example_dags/tutorial_taskflow_api_virtualenv.py
[2023-11-12T10:42:12.815+0000] {logging_mixin.py:137} INFO - [2023-11-12T10:42:12.815+0000] {dag.py:2690} INFO - Sync 1 DAGs
[2023-11-12T10:42:12.827+0000] {logging_mixin.py:137} INFO - [2023-11-12T10:42:12.827+0000] {dag.py:3441} INFO - Setting next_dagrun for tutorial_taskflow_api_virtualenv to None, run_after=None
[2023-11-12T10:42:12.836+0000] {processor.py:175} INFO - Processing /home/airflow/.local/lib/python3.7/site-packages/airflow/example_dags/tutorial_taskflow_api_virtualenv.py took 0.053 seconds
[2023-11-12T12:03:52.448+0000] {processor.py:153} INFO - Started process (PID=98087) to work on /home/airflow/.local/lib/python3.7/site-packages/airflow/example_dags/tutorial_taskflow_api_virtualenv.py
[2023-11-12T12:03:52.448+0000] {processor.py:743} INFO - Processing file /home/airflow/.local/lib/python3.7/site-packages/airflow/example_dags/tutorial_taskflow_api_virtualenv.py for tasks to queue
[2023-11-12T12:03:52.449+0000] {logging_mixin.py:137} INFO - [2023-11-12T12:03:52.449+0000] {dagbag.py:538} INFO - Filling up the DagBag from /home/airflow/.local/lib/python3.7/site-packages/airflow/example_dags/tutorial_taskflow_api_virtualenv.py
[2023-11-12T12:03:52.461+0000] {processor.py:753} INFO - DAG(s) dict_keys(['tutorial_taskflow_api_virtualenv']) retrieved from /home/airflow/.local/lib/python3.7/site-packages/airflow/example_dags/tutorial_taskflow_api_virtualenv.py
[2023-11-12T12:03:52.474+0000] {logging_mixin.py:137} INFO - [2023-11-12T12:03:52.474+0000] {dag.py:2690} INFO - Sync 1 DAGs
[2023-11-12T12:03:52.485+0000] {logging_mixin.py:137} INFO - [2023-11-12T12:03:52.485+0000] {dag.py:3441} INFO - Setting next_dagrun for tutorial_taskflow_api_virtualenv to None, run_after=None
[2023-11-12T12:03:52.493+0000] {processor.py:175} INFO - Processing /home/airflow/.local/lib/python3.7/site-packages/airflow/example_dags/tutorial_taskflow_api_virtualenv.py took 0.048 seconds
[2023-11-12T13:30:15.921+0000] {processor.py:153} INFO - Started process (PID=98182) to work on /home/airflow/.local/lib/python3.7/site-packages/airflow/example_dags/tutorial_taskflow_api_virtualenv.py
[2023-11-12T13:30:15.922+0000] {processor.py:743} INFO - Processing file /home/airflow/.local/lib/python3.7/site-packages/airflow/example_dags/tutorial_taskflow_api_virtualenv.py for tasks to queue
[2023-11-12T13:30:15.922+0000] {logging_mixin.py:137} INFO - [2023-11-12T13:30:15.922+0000] {dagbag.py:538} INFO - Filling up the DagBag from /home/airflow/.local/lib/python3.7/site-packages/airflow/example_dags/tutorial_taskflow_api_virtualenv.py
[2023-11-12T13:30:15.935+0000] {processor.py:753} INFO - DAG(s) dict_keys(['tutorial_taskflow_api_virtualenv']) retrieved from /home/airflow/.local/lib/python3.7/site-packages/airflow/example_dags/tutorial_taskflow_api_virtualenv.py
[2023-11-12T13:30:15.948+0000] {logging_mixin.py:137} INFO - [2023-11-12T13:30:15.948+0000] {dag.py:2690} INFO - Sync 1 DAGs
[2023-11-12T13:30:15.960+0000] {logging_mixin.py:137} INFO - [2023-11-12T13:30:15.960+0000] {dag.py:3441} INFO - Setting next_dagrun for tutorial_taskflow_api_virtualenv to None, run_after=None
[2023-11-12T13:30:15.968+0000] {processor.py:175} INFO - Processing /home/airflow/.local/lib/python3.7/site-packages/airflow/example_dags/tutorial_taskflow_api_virtualenv.py took 0.048 seconds
[2023-11-12T14:52:26.452+0000] {processor.py:153} INFO - Started process (PID=98259) to work on /home/airflow/.local/lib/python3.7/site-packages/airflow/example_dags/tutorial_taskflow_api_virtualenv.py
[2023-11-12T14:52:26.452+0000] {processor.py:743} INFO - Processing file /home/airflow/.local/lib/python3.7/site-packages/airflow/example_dags/tutorial_taskflow_api_virtualenv.py for tasks to queue
[2023-11-12T14:52:26.453+0000] {logging_mixin.py:137} INFO - [2023-11-12T14:52:26.453+0000] {dagbag.py:538} INFO - Filling up the DagBag from /home/airflow/.local/lib/python3.7/site-packages/airflow/example_dags/tutorial_taskflow_api_virtualenv.py
[2023-11-12T14:52:26.469+0000] {processor.py:753} INFO - DAG(s) dict_keys(['tutorial_taskflow_api_virtualenv']) retrieved from /home/airflow/.local/lib/python3.7/site-packages/airflow/example_dags/tutorial_taskflow_api_virtualenv.py
[2023-11-12T14:52:26.487+0000] {logging_mixin.py:137} INFO - [2023-11-12T14:52:26.487+0000] {dag.py:2690} INFO - Sync 1 DAGs
[2023-11-12T14:52:26.503+0000] {logging_mixin.py:137} INFO - [2023-11-12T14:52:26.503+0000] {dag.py:3441} INFO - Setting next_dagrun for tutorial_taskflow_api_virtualenv to None, run_after=None
[2023-11-12T14:52:26.514+0000] {processor.py:175} INFO - Processing /home/airflow/.local/lib/python3.7/site-packages/airflow/example_dags/tutorial_taskflow_api_virtualenv.py took 0.064 seconds
[2023-11-12T15:54:09.408+0000] {processor.py:153} INFO - Started process (PID=98354) to work on /home/airflow/.local/lib/python3.7/site-packages/airflow/example_dags/tutorial_taskflow_api_virtualenv.py
[2023-11-12T15:54:09.408+0000] {processor.py:743} INFO - Processing file /home/airflow/.local/lib/python3.7/site-packages/airflow/example_dags/tutorial_taskflow_api_virtualenv.py for tasks to queue
[2023-11-12T15:54:09.409+0000] {logging_mixin.py:137} INFO - [2023-11-12T15:54:09.409+0000] {dagbag.py:538} INFO - Filling up the DagBag from /home/airflow/.local/lib/python3.7/site-packages/airflow/example_dags/tutorial_taskflow_api_virtualenv.py
[2023-11-12T15:54:09.421+0000] {processor.py:753} INFO - DAG(s) dict_keys(['tutorial_taskflow_api_virtualenv']) retrieved from /home/airflow/.local/lib/python3.7/site-packages/airflow/example_dags/tutorial_taskflow_api_virtualenv.py
[2023-11-12T15:54:09.434+0000] {logging_mixin.py:137} INFO - [2023-11-12T15:54:09.433+0000] {dag.py:2690} INFO - Sync 1 DAGs
[2023-11-12T15:54:09.444+0000] {logging_mixin.py:137} INFO - [2023-11-12T15:54:09.444+0000] {dag.py:3441} INFO - Setting next_dagrun for tutorial_taskflow_api_virtualenv to None, run_after=None
[2023-11-12T15:54:09.452+0000] {processor.py:175} INFO - Processing /home/airflow/.local/lib/python3.7/site-packages/airflow/example_dags/tutorial_taskflow_api_virtualenv.py took 0.046 seconds
[2023-11-12T17:14:33.535+0000] {processor.py:153} INFO - Started process (PID=98449) to work on /home/airflow/.local/lib/python3.7/site-packages/airflow/example_dags/tutorial_taskflow_api_virtualenv.py
[2023-11-12T17:14:33.536+0000] {processor.py:743} INFO - Processing file /home/airflow/.local/lib/python3.7/site-packages/airflow/example_dags/tutorial_taskflow_api_virtualenv.py for tasks to queue
[2023-11-12T17:14:33.537+0000] {logging_mixin.py:137} INFO - [2023-11-12T17:14:33.536+0000] {dagbag.py:538} INFO - Filling up the DagBag from /home/airflow/.local/lib/python3.7/site-packages/airflow/example_dags/tutorial_taskflow_api_virtualenv.py
[2023-11-12T17:14:33.550+0000] {processor.py:753} INFO - DAG(s) dict_keys(['tutorial_taskflow_api_virtualenv']) retrieved from /home/airflow/.local/lib/python3.7/site-packages/airflow/example_dags/tutorial_taskflow_api_virtualenv.py
[2023-11-12T17:14:33.562+0000] {logging_mixin.py:137} INFO - [2023-11-12T17:14:33.562+0000] {dag.py:2690} INFO - Sync 1 DAGs
[2023-11-12T17:14:33.573+0000] {logging_mixin.py:137} INFO - [2023-11-12T17:14:33.573+0000] {dag.py:3441} INFO - Setting next_dagrun for tutorial_taskflow_api_virtualenv to None, run_after=None
[2023-11-12T17:14:33.582+0000] {processor.py:175} INFO - Processing /home/airflow/.local/lib/python3.7/site-packages/airflow/example_dags/tutorial_taskflow_api_virtualenv.py took 0.049 seconds
[2023-11-12T18:37:24.468+0000] {processor.py:153} INFO - Started process (PID=98526) to work on /home/airflow/.local/lib/python3.7/site-packages/airflow/example_dags/tutorial_taskflow_api_virtualenv.py
[2023-11-12T18:37:24.468+0000] {processor.py:743} INFO - Processing file /home/airflow/.local/lib/python3.7/site-packages/airflow/example_dags/tutorial_taskflow_api_virtualenv.py for tasks to queue
[2023-11-12T18:37:24.469+0000] {logging_mixin.py:137} INFO - [2023-11-12T18:37:24.469+0000] {dagbag.py:538} INFO - Filling up the DagBag from /home/airflow/.local/lib/python3.7/site-packages/airflow/example_dags/tutorial_taskflow_api_virtualenv.py
[2023-11-12T18:37:24.482+0000] {processor.py:753} INFO - DAG(s) dict_keys(['tutorial_taskflow_api_virtualenv']) retrieved from /home/airflow/.local/lib/python3.7/site-packages/airflow/example_dags/tutorial_taskflow_api_virtualenv.py
[2023-11-12T18:37:24.497+0000] {logging_mixin.py:137} INFO - [2023-11-12T18:37:24.497+0000] {dag.py:2690} INFO - Sync 1 DAGs
[2023-11-12T18:37:24.510+0000] {logging_mixin.py:137} INFO - [2023-11-12T18:37:24.510+0000] {dag.py:3441} INFO - Setting next_dagrun for tutorial_taskflow_api_virtualenv to None, run_after=None
[2023-11-12T18:37:24.518+0000] {processor.py:175} INFO - Processing /home/airflow/.local/lib/python3.7/site-packages/airflow/example_dags/tutorial_taskflow_api_virtualenv.py took 0.053 seconds
[2023-11-12T20:01:02.537+0000] {processor.py:153} INFO - Started process (PID=98621) to work on /home/airflow/.local/lib/python3.7/site-packages/airflow/example_dags/tutorial_taskflow_api_virtualenv.py
[2023-11-12T20:01:02.538+0000] {processor.py:743} INFO - Processing file /home/airflow/.local/lib/python3.7/site-packages/airflow/example_dags/tutorial_taskflow_api_virtualenv.py for tasks to queue
[2023-11-12T20:01:02.538+0000] {logging_mixin.py:137} INFO - [2023-11-12T20:01:02.538+0000] {dagbag.py:538} INFO - Filling up the DagBag from /home/airflow/.local/lib/python3.7/site-packages/airflow/example_dags/tutorial_taskflow_api_virtualenv.py
[2023-11-12T20:01:02.553+0000] {processor.py:753} INFO - DAG(s) dict_keys(['tutorial_taskflow_api_virtualenv']) retrieved from /home/airflow/.local/lib/python3.7/site-packages/airflow/example_dags/tutorial_taskflow_api_virtualenv.py
[2023-11-12T20:01:02.567+0000] {logging_mixin.py:137} INFO - [2023-11-12T20:01:02.567+0000] {dag.py:2690} INFO - Sync 1 DAGs
[2023-11-12T20:01:02.579+0000] {logging_mixin.py:137} INFO - [2023-11-12T20:01:02.579+0000] {dag.py:3441} INFO - Setting next_dagrun for tutorial_taskflow_api_virtualenv to None, run_after=None
[2023-11-12T20:01:02.588+0000] {processor.py:175} INFO - Processing /home/airflow/.local/lib/python3.7/site-packages/airflow/example_dags/tutorial_taskflow_api_virtualenv.py took 0.053 seconds
[2023-11-12T21:24:51.408+0000] {processor.py:153} INFO - Started process (PID=98716) to work on /home/airflow/.local/lib/python3.7/site-packages/airflow/example_dags/tutorial_taskflow_api_virtualenv.py
[2023-11-12T21:24:51.409+0000] {processor.py:743} INFO - Processing file /home/airflow/.local/lib/python3.7/site-packages/airflow/example_dags/tutorial_taskflow_api_virtualenv.py for tasks to queue
[2023-11-12T21:24:51.409+0000] {logging_mixin.py:137} INFO - [2023-11-12T21:24:51.409+0000] {dagbag.py:538} INFO - Filling up the DagBag from /home/airflow/.local/lib/python3.7/site-packages/airflow/example_dags/tutorial_taskflow_api_virtualenv.py
[2023-11-12T21:24:51.422+0000] {processor.py:753} INFO - DAG(s) dict_keys(['tutorial_taskflow_api_virtualenv']) retrieved from /home/airflow/.local/lib/python3.7/site-packages/airflow/example_dags/tutorial_taskflow_api_virtualenv.py
[2023-11-12T21:24:51.434+0000] {logging_mixin.py:137} INFO - [2023-11-12T21:24:51.434+0000] {dag.py:2690} INFO - Sync 1 DAGs
[2023-11-12T21:24:51.445+0000] {logging_mixin.py:137} INFO - [2023-11-12T21:24:51.445+0000] {dag.py:3441} INFO - Setting next_dagrun for tutorial_taskflow_api_virtualenv to None, run_after=None
[2023-11-12T21:24:51.454+0000] {processor.py:175} INFO - Processing /home/airflow/.local/lib/python3.7/site-packages/airflow/example_dags/tutorial_taskflow_api_virtualenv.py took 0.047 seconds
[2023-11-12T22:44:57.395+0000] {processor.py:153} INFO - Started process (PID=98793) to work on /home/airflow/.local/lib/python3.7/site-packages/airflow/example_dags/tutorial_taskflow_api_virtualenv.py
[2023-11-12T22:44:57.395+0000] {processor.py:743} INFO - Processing file /home/airflow/.local/lib/python3.7/site-packages/airflow/example_dags/tutorial_taskflow_api_virtualenv.py for tasks to queue
[2023-11-12T22:44:57.396+0000] {logging_mixin.py:137} INFO - [2023-11-12T22:44:57.396+0000] {dagbag.py:538} INFO - Filling up the DagBag from /home/airflow/.local/lib/python3.7/site-packages/airflow/example_dags/tutorial_taskflow_api_virtualenv.py
[2023-11-12T22:44:57.408+0000] {processor.py:753} INFO - DAG(s) dict_keys(['tutorial_taskflow_api_virtualenv']) retrieved from /home/airflow/.local/lib/python3.7/site-packages/airflow/example_dags/tutorial_taskflow_api_virtualenv.py
[2023-11-12T22:44:57.420+0000] {logging_mixin.py:137} INFO - [2023-11-12T22:44:57.420+0000] {dag.py:2690} INFO - Sync 1 DAGs
[2023-11-12T22:44:57.432+0000] {logging_mixin.py:137} INFO - [2023-11-12T22:44:57.432+0000] {dag.py:3441} INFO - Setting next_dagrun for tutorial_taskflow_api_virtualenv to None, run_after=None
[2023-11-12T22:44:57.440+0000] {processor.py:175} INFO - Processing /home/airflow/.local/lib/python3.7/site-packages/airflow/example_dags/tutorial_taskflow_api_virtualenv.py took 0.048 seconds
[2023-11-12T23:50:10.787+0000] {processor.py:153} INFO - Started process (PID=98888) to work on /home/airflow/.local/lib/python3.7/site-packages/airflow/example_dags/tutorial_taskflow_api_virtualenv.py
[2023-11-12T23:50:10.787+0000] {processor.py:743} INFO - Processing file /home/airflow/.local/lib/python3.7/site-packages/airflow/example_dags/tutorial_taskflow_api_virtualenv.py for tasks to queue
[2023-11-12T23:50:10.788+0000] {logging_mixin.py:137} INFO - [2023-11-12T23:50:10.788+0000] {dagbag.py:538} INFO - Filling up the DagBag from /home/airflow/.local/lib/python3.7/site-packages/airflow/example_dags/tutorial_taskflow_api_virtualenv.py
[2023-11-12T23:50:10.801+0000] {processor.py:753} INFO - DAG(s) dict_keys(['tutorial_taskflow_api_virtualenv']) retrieved from /home/airflow/.local/lib/python3.7/site-packages/airflow/example_dags/tutorial_taskflow_api_virtualenv.py
[2023-11-12T23:50:10.815+0000] {logging_mixin.py:137} INFO - [2023-11-12T23:50:10.815+0000] {dag.py:2690} INFO - Sync 1 DAGs
[2023-11-12T23:50:10.826+0000] {logging_mixin.py:137} INFO - [2023-11-12T23:50:10.826+0000] {dag.py:3441} INFO - Setting next_dagrun for tutorial_taskflow_api_virtualenv to None, run_after=None
[2023-11-12T23:50:10.835+0000] {processor.py:175} INFO - Processing /home/airflow/.local/lib/python3.7/site-packages/airflow/example_dags/tutorial_taskflow_api_virtualenv.py took 0.050 seconds
