[2023-11-23T14:16:18.833+0000] {taskinstance.py:1083} INFO - Dependencies all met for <TaskInstance: parallel_dag.load_a scheduled__2023-11-22T00:00:00+00:00 [queued]>
[2023-11-23T14:16:18.838+0000] {taskinstance.py:1083} INFO - Dependencies all met for <TaskInstance: parallel_dag.load_a scheduled__2023-11-22T00:00:00+00:00 [queued]>
[2023-11-23T14:16:18.838+0000] {taskinstance.py:1279} INFO - 
--------------------------------------------------------------------------------
[2023-11-23T14:16:18.838+0000] {taskinstance.py:1280} INFO - Starting attempt 1 of 1
[2023-11-23T14:16:18.838+0000] {taskinstance.py:1281} INFO - 
--------------------------------------------------------------------------------
[2023-11-23T14:16:18.845+0000] {taskinstance.py:1300} INFO - Executing <Task(BashOperator): load_a> on 2023-11-22 00:00:00+00:00
[2023-11-23T14:16:18.849+0000] {standard_task_runner.py:55} INFO - Started process 14277 to run task
[2023-11-23T14:16:18.851+0000] {standard_task_runner.py:82} INFO - Running: ['***', 'tasks', 'run', 'parallel_dag', 'load_a', 'scheduled__2023-11-22T00:00:00+00:00', '--job-id', '120', '--raw', '--subdir', 'DAGS_FOLDER/parallel_dag.py', '--cfg-path', '/tmp/tmpzo_msiqa']
[2023-11-23T14:16:18.852+0000] {standard_task_runner.py:83} INFO - Job 120: Subtask load_a
[2023-11-23T14:16:18.895+0000] {task_command.py:388} INFO - Running <TaskInstance: parallel_dag.load_a scheduled__2023-11-22T00:00:00+00:00 [running]> on host cff42873677f
[2023-11-23T14:16:18.932+0000] {taskinstance.py:1509} INFO - Exporting the following env vars:
AIRFLOW_CTX_DAG_OWNER=***
AIRFLOW_CTX_DAG_ID=parallel_dag
AIRFLOW_CTX_TASK_ID=load_a
AIRFLOW_CTX_EXECUTION_DATE=2023-11-22T00:00:00+00:00
AIRFLOW_CTX_TRY_NUMBER=1
AIRFLOW_CTX_DAG_RUN_ID=scheduled__2023-11-22T00:00:00+00:00
[2023-11-23T14:16:18.933+0000] {subprocess.py:63} INFO - Tmp dir root location: 
 /tmp
[2023-11-23T14:16:18.934+0000] {subprocess.py:75} INFO - Running command: ['/bin/bash', '-c', 'sleep 1']
[2023-11-23T14:16:18.948+0000] {subprocess.py:86} INFO - Output:
[2023-11-23T14:16:19.953+0000] {subprocess.py:97} INFO - Command exited with return code 0
[2023-11-23T14:16:19.997+0000] {taskinstance.py:1323} INFO - Marking task as SUCCESS. dag_id=parallel_dag, task_id=load_a, execution_date=20231122T000000, start_date=20231123T141618, end_date=20231123T141619
[2023-11-23T14:16:20.052+0000] {local_task_job.py:208} INFO - Task exited with return code 0
[2023-11-23T14:16:20.078+0000] {taskinstance.py:2578} INFO - 1 downstream tasks scheduled from follow-on schedule check
