[2023-12-06T01:09:02.576+0000] {taskinstance.py:1083} INFO - Dependencies all met for <TaskInstance: consumer.read_dataset dataset_triggered__2023-12-06T01:09:01.559652+00:00 [queued]>
[2023-12-06T01:09:02.583+0000] {taskinstance.py:1083} INFO - Dependencies all met for <TaskInstance: consumer.read_dataset dataset_triggered__2023-12-06T01:09:01.559652+00:00 [queued]>
[2023-12-06T01:09:02.583+0000] {taskinstance.py:1279} INFO - 
--------------------------------------------------------------------------------
[2023-12-06T01:09:02.583+0000] {taskinstance.py:1280} INFO - Starting attempt 1 of 1
[2023-12-06T01:09:02.584+0000] {taskinstance.py:1281} INFO - 
--------------------------------------------------------------------------------
[2023-12-06T01:09:02.592+0000] {taskinstance.py:1300} INFO - Executing <Task(_PythonDecoratedOperator): read_dataset> on 2023-12-06 01:09:01.559652+00:00
[2023-12-06T01:09:02.598+0000] {standard_task_runner.py:55} INFO - Started process 31394 to run task
[2023-12-06T01:09:02.600+0000] {standard_task_runner.py:82} INFO - Running: ['***', 'tasks', 'run', 'consumer', 'read_dataset', 'dataset_triggered__2023-12-06T01:09:01.559652+00:00', '--job-id', '238', '--raw', '--subdir', 'DAGS_FOLDER/consumer.py', '--cfg-path', '/tmp/tmpuslmj3r3']
[2023-12-06T01:09:02.601+0000] {standard_task_runner.py:83} INFO - Job 238: Subtask read_dataset
[2023-12-06T01:09:02.639+0000] {task_command.py:388} INFO - Running <TaskInstance: consumer.read_dataset dataset_triggered__2023-12-06T01:09:01.559652+00:00 [running]> on host 41c3c193ed03
[2023-12-06T01:09:02.674+0000] {taskinstance.py:1509} INFO - Exporting the following env vars:
AIRFLOW_CTX_DAG_OWNER=***
AIRFLOW_CTX_DAG_ID=consumer
AIRFLOW_CTX_TASK_ID=read_dataset
AIRFLOW_CTX_EXECUTION_DATE=2023-12-06T01:09:01.559652+00:00
AIRFLOW_CTX_TRY_NUMBER=1
AIRFLOW_CTX_DAG_RUN_ID=dataset_triggered__2023-12-06T01:09:01.559652+00:00
[2023-12-06T01:09:02.675+0000] {logging_mixin.py:137} INFO - Producer update
[2023-12-06T01:09:02.675+0000] {python.py:177} INFO - Done. Returned value was: None
[2023-12-06T01:09:02.681+0000] {taskinstance.py:1323} INFO - Marking task as SUCCESS. dag_id=consumer, task_id=read_dataset, execution_date=20231206T010901, start_date=20231206T010902, end_date=20231206T010902
[2023-12-06T01:09:02.696+0000] {local_task_job.py:208} INFO - Task exited with return code 0
[2023-12-06T01:09:02.706+0000] {taskinstance.py:2578} INFO - 0 downstream tasks scheduled from follow-on schedule check
