[2023-11-07T00:02:40.227+0000] {processor.py:153} INFO - Started process (PID=63208) to work on /home/airflow/.local/lib/python3.7/site-packages/airflow/example_dags/example_short_circuit_operator.py
[2023-11-07T00:02:40.227+0000] {processor.py:743} INFO - Processing file /home/airflow/.local/lib/python3.7/site-packages/airflow/example_dags/example_short_circuit_operator.py for tasks to queue
[2023-11-07T00:02:40.228+0000] {logging_mixin.py:137} INFO - [2023-11-07T00:02:40.228+0000] {dagbag.py:538} INFO - Filling up the DagBag from /home/airflow/.local/lib/python3.7/site-packages/airflow/example_dags/example_short_circuit_operator.py
[2023-11-07T00:02:40.240+0000] {processor.py:753} INFO - DAG(s) dict_keys(['example_short_circuit_operator']) retrieved from /home/airflow/.local/lib/python3.7/site-packages/airflow/example_dags/example_short_circuit_operator.py
[2023-11-07T00:02:40.257+0000] {logging_mixin.py:137} INFO - [2023-11-07T00:02:40.256+0000] {dag.py:2690} INFO - Sync 1 DAGs
[2023-11-07T00:02:40.274+0000] {logging_mixin.py:137} INFO - [2023-11-07T00:02:40.274+0000] {dag.py:3441} INFO - Setting next_dagrun for example_short_circuit_operator to 2023-11-06T00:02:40.273762+00:00, run_after=2023-11-07T00:02:40.273762+00:00
[2023-11-07T00:02:40.283+0000] {processor.py:175} INFO - Processing /home/airflow/.local/lib/python3.7/site-packages/airflow/example_dags/example_short_circuit_operator.py took 0.059 seconds
[2023-11-07T01:24:38.343+0000] {processor.py:153} INFO - Started process (PID=63285) to work on /home/airflow/.local/lib/python3.7/site-packages/airflow/example_dags/example_short_circuit_operator.py
[2023-11-07T01:24:38.343+0000] {processor.py:743} INFO - Processing file /home/airflow/.local/lib/python3.7/site-packages/airflow/example_dags/example_short_circuit_operator.py for tasks to queue
[2023-11-07T01:24:38.344+0000] {logging_mixin.py:137} INFO - [2023-11-07T01:24:38.344+0000] {dagbag.py:538} INFO - Filling up the DagBag from /home/airflow/.local/lib/python3.7/site-packages/airflow/example_dags/example_short_circuit_operator.py
[2023-11-07T01:24:38.356+0000] {processor.py:753} INFO - DAG(s) dict_keys(['example_short_circuit_operator']) retrieved from /home/airflow/.local/lib/python3.7/site-packages/airflow/example_dags/example_short_circuit_operator.py
[2023-11-07T01:24:38.371+0000] {logging_mixin.py:137} INFO - [2023-11-07T01:24:38.371+0000] {dag.py:2690} INFO - Sync 1 DAGs
[2023-11-07T01:24:38.385+0000] {logging_mixin.py:137} INFO - [2023-11-07T01:24:38.385+0000] {dag.py:3441} INFO - Setting next_dagrun for example_short_circuit_operator to 2023-11-06T01:24:38.385200+00:00, run_after=2023-11-07T01:24:38.385200+00:00
[2023-11-07T01:24:38.394+0000] {processor.py:175} INFO - Processing /home/airflow/.local/lib/python3.7/site-packages/airflow/example_dags/example_short_circuit_operator.py took 0.054 seconds
[2023-11-07T02:16:05.057+0000] {processor.py:153} INFO - Started process (PID=63380) to work on /home/airflow/.local/lib/python3.7/site-packages/airflow/example_dags/example_short_circuit_operator.py
[2023-11-07T02:16:05.058+0000] {processor.py:743} INFO - Processing file /home/airflow/.local/lib/python3.7/site-packages/airflow/example_dags/example_short_circuit_operator.py for tasks to queue
[2023-11-07T02:16:05.058+0000] {logging_mixin.py:137} INFO - [2023-11-07T02:16:05.058+0000] {dagbag.py:538} INFO - Filling up the DagBag from /home/airflow/.local/lib/python3.7/site-packages/airflow/example_dags/example_short_circuit_operator.py
[2023-11-07T02:16:05.068+0000] {processor.py:753} INFO - DAG(s) dict_keys(['example_short_circuit_operator']) retrieved from /home/airflow/.local/lib/python3.7/site-packages/airflow/example_dags/example_short_circuit_operator.py
[2023-11-07T02:16:05.082+0000] {logging_mixin.py:137} INFO - [2023-11-07T02:16:05.082+0000] {dag.py:2690} INFO - Sync 1 DAGs
[2023-11-07T02:16:05.095+0000] {logging_mixin.py:137} INFO - [2023-11-07T02:16:05.095+0000] {dag.py:3441} INFO - Setting next_dagrun for example_short_circuit_operator to 2023-11-06T02:16:05.095300+00:00, run_after=2023-11-07T02:16:05.095300+00:00
[2023-11-07T02:16:05.103+0000] {processor.py:175} INFO - Processing /home/airflow/.local/lib/python3.7/site-packages/airflow/example_dags/example_short_circuit_operator.py took 0.048 seconds
[2023-11-07T02:19:45.740+0000] {processor.py:153} INFO - Started process (PID=63457) to work on /home/airflow/.local/lib/python3.7/site-packages/airflow/example_dags/example_short_circuit_operator.py
[2023-11-07T02:19:45.741+0000] {processor.py:743} INFO - Processing file /home/airflow/.local/lib/python3.7/site-packages/airflow/example_dags/example_short_circuit_operator.py for tasks to queue
[2023-11-07T02:19:45.741+0000] {logging_mixin.py:137} INFO - [2023-11-07T02:19:45.741+0000] {dagbag.py:538} INFO - Filling up the DagBag from /home/airflow/.local/lib/python3.7/site-packages/airflow/example_dags/example_short_circuit_operator.py
[2023-11-07T02:19:45.752+0000] {processor.py:753} INFO - DAG(s) dict_keys(['example_short_circuit_operator']) retrieved from /home/airflow/.local/lib/python3.7/site-packages/airflow/example_dags/example_short_circuit_operator.py
[2023-11-07T02:19:45.768+0000] {logging_mixin.py:137} INFO - [2023-11-07T02:19:45.768+0000] {dag.py:2690} INFO - Sync 1 DAGs
[2023-11-07T02:19:45.780+0000] {logging_mixin.py:137} INFO - [2023-11-07T02:19:45.780+0000] {dag.py:3441} INFO - Setting next_dagrun for example_short_circuit_operator to 2023-11-06T02:19:45.780742+00:00, run_after=2023-11-07T02:19:45.780742+00:00
[2023-11-07T02:19:45.789+0000] {processor.py:175} INFO - Processing /home/airflow/.local/lib/python3.7/site-packages/airflow/example_dags/example_short_circuit_operator.py took 0.050 seconds
[2023-11-07T02:23:25.620+0000] {processor.py:153} INFO - Started process (PID=63552) to work on /home/airflow/.local/lib/python3.7/site-packages/airflow/example_dags/example_short_circuit_operator.py
[2023-11-07T02:23:25.621+0000] {processor.py:743} INFO - Processing file /home/airflow/.local/lib/python3.7/site-packages/airflow/example_dags/example_short_circuit_operator.py for tasks to queue
[2023-11-07T02:23:25.621+0000] {logging_mixin.py:137} INFO - [2023-11-07T02:23:25.621+0000] {dagbag.py:538} INFO - Filling up the DagBag from /home/airflow/.local/lib/python3.7/site-packages/airflow/example_dags/example_short_circuit_operator.py
[2023-11-07T02:23:25.632+0000] {processor.py:753} INFO - DAG(s) dict_keys(['example_short_circuit_operator']) retrieved from /home/airflow/.local/lib/python3.7/site-packages/airflow/example_dags/example_short_circuit_operator.py
[2023-11-07T02:23:25.646+0000] {logging_mixin.py:137} INFO - [2023-11-07T02:23:25.646+0000] {dag.py:2690} INFO - Sync 1 DAGs
[2023-11-07T02:23:25.658+0000] {logging_mixin.py:137} INFO - [2023-11-07T02:23:25.658+0000] {dag.py:3441} INFO - Setting next_dagrun for example_short_circuit_operator to 2023-11-06T02:23:25.658116+00:00, run_after=2023-11-07T02:23:25.658116+00:00
[2023-11-07T02:23:25.666+0000] {processor.py:175} INFO - Processing /home/airflow/.local/lib/python3.7/site-packages/airflow/example_dags/example_short_circuit_operator.py took 0.048 seconds
[2023-11-07T02:27:07.568+0000] {processor.py:153} INFO - Started process (PID=63647) to work on /home/airflow/.local/lib/python3.7/site-packages/airflow/example_dags/example_short_circuit_operator.py
[2023-11-07T02:27:07.569+0000] {processor.py:743} INFO - Processing file /home/airflow/.local/lib/python3.7/site-packages/airflow/example_dags/example_short_circuit_operator.py for tasks to queue
[2023-11-07T02:27:07.570+0000] {logging_mixin.py:137} INFO - [2023-11-07T02:27:07.570+0000] {dagbag.py:538} INFO - Filling up the DagBag from /home/airflow/.local/lib/python3.7/site-packages/airflow/example_dags/example_short_circuit_operator.py
[2023-11-07T02:27:07.583+0000] {processor.py:753} INFO - DAG(s) dict_keys(['example_short_circuit_operator']) retrieved from /home/airflow/.local/lib/python3.7/site-packages/airflow/example_dags/example_short_circuit_operator.py
[2023-11-07T02:27:07.600+0000] {logging_mixin.py:137} INFO - [2023-11-07T02:27:07.600+0000] {dag.py:2690} INFO - Sync 1 DAGs
[2023-11-07T02:27:07.613+0000] {logging_mixin.py:137} INFO - [2023-11-07T02:27:07.613+0000] {dag.py:3441} INFO - Setting next_dagrun for example_short_circuit_operator to 2023-11-06T02:27:07.613096+00:00, run_after=2023-11-07T02:27:07.613096+00:00
[2023-11-07T02:27:07.732+0000] {processor.py:175} INFO - Processing /home/airflow/.local/lib/python3.7/site-packages/airflow/example_dags/example_short_circuit_operator.py took 0.167 seconds
[2023-11-07T02:30:46.863+0000] {processor.py:153} INFO - Started process (PID=63723) to work on /home/airflow/.local/lib/python3.7/site-packages/airflow/example_dags/example_short_circuit_operator.py
[2023-11-07T02:30:46.864+0000] {processor.py:743} INFO - Processing file /home/airflow/.local/lib/python3.7/site-packages/airflow/example_dags/example_short_circuit_operator.py for tasks to queue
[2023-11-07T02:30:46.864+0000] {logging_mixin.py:137} INFO - [2023-11-07T02:30:46.864+0000] {dagbag.py:538} INFO - Filling up the DagBag from /home/airflow/.local/lib/python3.7/site-packages/airflow/example_dags/example_short_circuit_operator.py
[2023-11-07T02:30:46.875+0000] {processor.py:753} INFO - DAG(s) dict_keys(['example_short_circuit_operator']) retrieved from /home/airflow/.local/lib/python3.7/site-packages/airflow/example_dags/example_short_circuit_operator.py
[2023-11-07T02:30:46.889+0000] {logging_mixin.py:137} INFO - [2023-11-07T02:30:46.889+0000] {dag.py:2690} INFO - Sync 1 DAGs
[2023-11-07T02:30:46.901+0000] {logging_mixin.py:137} INFO - [2023-11-07T02:30:46.901+0000] {dag.py:3441} INFO - Setting next_dagrun for example_short_circuit_operator to 2023-11-06T02:30:46.901134+00:00, run_after=2023-11-07T02:30:46.901134+00:00
[2023-11-07T02:30:46.909+0000] {processor.py:175} INFO - Processing /home/airflow/.local/lib/python3.7/site-packages/airflow/example_dags/example_short_circuit_operator.py took 0.048 seconds
[2023-11-07T02:34:27.242+0000] {processor.py:153} INFO - Started process (PID=63818) to work on /home/airflow/.local/lib/python3.7/site-packages/airflow/example_dags/example_short_circuit_operator.py
[2023-11-07T02:34:27.243+0000] {processor.py:743} INFO - Processing file /home/airflow/.local/lib/python3.7/site-packages/airflow/example_dags/example_short_circuit_operator.py for tasks to queue
[2023-11-07T02:34:27.244+0000] {logging_mixin.py:137} INFO - [2023-11-07T02:34:27.243+0000] {dagbag.py:538} INFO - Filling up the DagBag from /home/airflow/.local/lib/python3.7/site-packages/airflow/example_dags/example_short_circuit_operator.py
[2023-11-07T02:34:27.255+0000] {processor.py:753} INFO - DAG(s) dict_keys(['example_short_circuit_operator']) retrieved from /home/airflow/.local/lib/python3.7/site-packages/airflow/example_dags/example_short_circuit_operator.py
[2023-11-07T02:34:27.270+0000] {logging_mixin.py:137} INFO - [2023-11-07T02:34:27.270+0000] {dag.py:2690} INFO - Sync 1 DAGs
[2023-11-07T02:34:27.282+0000] {logging_mixin.py:137} INFO - [2023-11-07T02:34:27.282+0000] {dag.py:3441} INFO - Setting next_dagrun for example_short_circuit_operator to 2023-11-06T02:34:27.282383+00:00, run_after=2023-11-07T02:34:27.282383+00:00
[2023-11-07T02:34:27.291+0000] {processor.py:175} INFO - Processing /home/airflow/.local/lib/python3.7/site-packages/airflow/example_dags/example_short_circuit_operator.py took 0.051 seconds
[2023-11-07T02:38:08.692+0000] {processor.py:153} INFO - Started process (PID=63913) to work on /home/airflow/.local/lib/python3.7/site-packages/airflow/example_dags/example_short_circuit_operator.py
[2023-11-07T02:38:08.693+0000] {processor.py:743} INFO - Processing file /home/airflow/.local/lib/python3.7/site-packages/airflow/example_dags/example_short_circuit_operator.py for tasks to queue
[2023-11-07T02:38:08.694+0000] {logging_mixin.py:137} INFO - [2023-11-07T02:38:08.694+0000] {dagbag.py:538} INFO - Filling up the DagBag from /home/airflow/.local/lib/python3.7/site-packages/airflow/example_dags/example_short_circuit_operator.py
[2023-11-07T02:38:08.707+0000] {processor.py:753} INFO - DAG(s) dict_keys(['example_short_circuit_operator']) retrieved from /home/airflow/.local/lib/python3.7/site-packages/airflow/example_dags/example_short_circuit_operator.py
[2023-11-07T02:38:08.722+0000] {logging_mixin.py:137} INFO - [2023-11-07T02:38:08.722+0000] {dag.py:2690} INFO - Sync 1 DAGs
[2023-11-07T02:38:08.736+0000] {logging_mixin.py:137} INFO - [2023-11-07T02:38:08.736+0000] {dag.py:3441} INFO - Setting next_dagrun for example_short_circuit_operator to 2023-11-06T02:38:08.736798+00:00, run_after=2023-11-07T02:38:08.736798+00:00
[2023-11-07T02:38:08.747+0000] {processor.py:175} INFO - Processing /home/airflow/.local/lib/python3.7/site-packages/airflow/example_dags/example_short_circuit_operator.py took 0.058 seconds
[2023-11-07T02:41:48.668+0000] {processor.py:153} INFO - Started process (PID=63990) to work on /home/airflow/.local/lib/python3.7/site-packages/airflow/example_dags/example_short_circuit_operator.py
[2023-11-07T02:41:48.668+0000] {processor.py:743} INFO - Processing file /home/airflow/.local/lib/python3.7/site-packages/airflow/example_dags/example_short_circuit_operator.py for tasks to queue
[2023-11-07T02:41:48.669+0000] {logging_mixin.py:137} INFO - [2023-11-07T02:41:48.669+0000] {dagbag.py:538} INFO - Filling up the DagBag from /home/airflow/.local/lib/python3.7/site-packages/airflow/example_dags/example_short_circuit_operator.py
[2023-11-07T02:41:48.679+0000] {processor.py:753} INFO - DAG(s) dict_keys(['example_short_circuit_operator']) retrieved from /home/airflow/.local/lib/python3.7/site-packages/airflow/example_dags/example_short_circuit_operator.py
[2023-11-07T02:41:48.694+0000] {logging_mixin.py:137} INFO - [2023-11-07T02:41:48.693+0000] {dag.py:2690} INFO - Sync 1 DAGs
[2023-11-07T02:41:48.706+0000] {logging_mixin.py:137} INFO - [2023-11-07T02:41:48.706+0000] {dag.py:3441} INFO - Setting next_dagrun for example_short_circuit_operator to 2023-11-06T02:41:48.706076+00:00, run_after=2023-11-07T02:41:48.706076+00:00
[2023-11-07T02:41:48.714+0000] {processor.py:175} INFO - Processing /home/airflow/.local/lib/python3.7/site-packages/airflow/example_dags/example_short_circuit_operator.py took 0.048 seconds
[2023-11-07T02:45:28.636+0000] {processor.py:153} INFO - Started process (PID=64085) to work on /home/airflow/.local/lib/python3.7/site-packages/airflow/example_dags/example_short_circuit_operator.py
[2023-11-07T02:45:28.636+0000] {processor.py:743} INFO - Processing file /home/airflow/.local/lib/python3.7/site-packages/airflow/example_dags/example_short_circuit_operator.py for tasks to queue
[2023-11-07T02:45:28.637+0000] {logging_mixin.py:137} INFO - [2023-11-07T02:45:28.637+0000] {dagbag.py:538} INFO - Filling up the DagBag from /home/airflow/.local/lib/python3.7/site-packages/airflow/example_dags/example_short_circuit_operator.py
[2023-11-07T02:45:28.647+0000] {processor.py:753} INFO - DAG(s) dict_keys(['example_short_circuit_operator']) retrieved from /home/airflow/.local/lib/python3.7/site-packages/airflow/example_dags/example_short_circuit_operator.py
[2023-11-07T02:45:28.661+0000] {logging_mixin.py:137} INFO - [2023-11-07T02:45:28.661+0000] {dag.py:2690} INFO - Sync 1 DAGs
[2023-11-07T02:45:28.672+0000] {logging_mixin.py:137} INFO - [2023-11-07T02:45:28.672+0000] {dag.py:3441} INFO - Setting next_dagrun for example_short_circuit_operator to 2023-11-06T02:45:28.672568+00:00, run_after=2023-11-07T02:45:28.672568+00:00
[2023-11-07T02:45:28.681+0000] {processor.py:175} INFO - Processing /home/airflow/.local/lib/python3.7/site-packages/airflow/example_dags/example_short_circuit_operator.py took 0.047 seconds
[2023-11-07T02:49:08.900+0000] {processor.py:153} INFO - Started process (PID=64162) to work on /home/airflow/.local/lib/python3.7/site-packages/airflow/example_dags/example_short_circuit_operator.py
[2023-11-07T02:49:08.901+0000] {processor.py:743} INFO - Processing file /home/airflow/.local/lib/python3.7/site-packages/airflow/example_dags/example_short_circuit_operator.py for tasks to queue
[2023-11-07T02:49:08.901+0000] {logging_mixin.py:137} INFO - [2023-11-07T02:49:08.901+0000] {dagbag.py:538} INFO - Filling up the DagBag from /home/airflow/.local/lib/python3.7/site-packages/airflow/example_dags/example_short_circuit_operator.py
[2023-11-07T02:49:08.913+0000] {processor.py:753} INFO - DAG(s) dict_keys(['example_short_circuit_operator']) retrieved from /home/airflow/.local/lib/python3.7/site-packages/airflow/example_dags/example_short_circuit_operator.py
[2023-11-07T02:49:08.928+0000] {logging_mixin.py:137} INFO - [2023-11-07T02:49:08.928+0000] {dag.py:2690} INFO - Sync 1 DAGs
[2023-11-07T02:49:08.941+0000] {logging_mixin.py:137} INFO - [2023-11-07T02:49:08.941+0000] {dag.py:3441} INFO - Setting next_dagrun for example_short_circuit_operator to 2023-11-06T02:49:08.941006+00:00, run_after=2023-11-07T02:49:08.941006+00:00
[2023-11-07T02:49:08.950+0000] {processor.py:175} INFO - Processing /home/airflow/.local/lib/python3.7/site-packages/airflow/example_dags/example_short_circuit_operator.py took 0.051 seconds
[2023-11-07T02:52:50.335+0000] {processor.py:153} INFO - Started process (PID=64257) to work on /home/airflow/.local/lib/python3.7/site-packages/airflow/example_dags/example_short_circuit_operator.py
[2023-11-07T02:52:50.336+0000] {processor.py:743} INFO - Processing file /home/airflow/.local/lib/python3.7/site-packages/airflow/example_dags/example_short_circuit_operator.py for tasks to queue
[2023-11-07T02:52:50.336+0000] {logging_mixin.py:137} INFO - [2023-11-07T02:52:50.336+0000] {dagbag.py:538} INFO - Filling up the DagBag from /home/airflow/.local/lib/python3.7/site-packages/airflow/example_dags/example_short_circuit_operator.py
[2023-11-07T02:52:50.346+0000] {processor.py:753} INFO - DAG(s) dict_keys(['example_short_circuit_operator']) retrieved from /home/airflow/.local/lib/python3.7/site-packages/airflow/example_dags/example_short_circuit_operator.py
[2023-11-07T02:52:50.359+0000] {logging_mixin.py:137} INFO - [2023-11-07T02:52:50.359+0000] {dag.py:2690} INFO - Sync 1 DAGs
[2023-11-07T02:52:50.682+0000] {logging_mixin.py:137} INFO - [2023-11-07T02:52:50.681+0000] {dag.py:3441} INFO - Setting next_dagrun for example_short_circuit_operator to 2023-11-06T02:52:50.681500+00:00, run_after=2023-11-07T02:52:50.681500+00:00
[2023-11-07T02:52:50.820+0000] {processor.py:175} INFO - Processing /home/airflow/.local/lib/python3.7/site-packages/airflow/example_dags/example_short_circuit_operator.py took 0.487 seconds
[2023-11-07T02:56:30.894+0000] {processor.py:153} INFO - Started process (PID=64352) to work on /home/airflow/.local/lib/python3.7/site-packages/airflow/example_dags/example_short_circuit_operator.py
[2023-11-07T02:56:30.894+0000] {processor.py:743} INFO - Processing file /home/airflow/.local/lib/python3.7/site-packages/airflow/example_dags/example_short_circuit_operator.py for tasks to queue
[2023-11-07T02:56:30.895+0000] {logging_mixin.py:137} INFO - [2023-11-07T02:56:30.895+0000] {dagbag.py:538} INFO - Filling up the DagBag from /home/airflow/.local/lib/python3.7/site-packages/airflow/example_dags/example_short_circuit_operator.py
[2023-11-07T02:56:30.906+0000] {processor.py:753} INFO - DAG(s) dict_keys(['example_short_circuit_operator']) retrieved from /home/airflow/.local/lib/python3.7/site-packages/airflow/example_dags/example_short_circuit_operator.py
[2023-11-07T02:56:30.920+0000] {logging_mixin.py:137} INFO - [2023-11-07T02:56:30.920+0000] {dag.py:2690} INFO - Sync 1 DAGs
[2023-11-07T02:56:30.933+0000] {logging_mixin.py:137} INFO - [2023-11-07T02:56:30.933+0000] {dag.py:3441} INFO - Setting next_dagrun for example_short_circuit_operator to 2023-11-06T02:56:30.933270+00:00, run_after=2023-11-07T02:56:30.933270+00:00
[2023-11-07T02:56:30.942+0000] {processor.py:175} INFO - Processing /home/airflow/.local/lib/python3.7/site-packages/airflow/example_dags/example_short_circuit_operator.py took 0.050 seconds
[2023-11-07T03:00:09.145+0000] {processor.py:153} INFO - Started process (PID=64429) to work on /home/airflow/.local/lib/python3.7/site-packages/airflow/example_dags/example_short_circuit_operator.py
[2023-11-07T03:00:09.146+0000] {processor.py:743} INFO - Processing file /home/airflow/.local/lib/python3.7/site-packages/airflow/example_dags/example_short_circuit_operator.py for tasks to queue
[2023-11-07T03:00:09.146+0000] {logging_mixin.py:137} INFO - [2023-11-07T03:00:09.146+0000] {dagbag.py:538} INFO - Filling up the DagBag from /home/airflow/.local/lib/python3.7/site-packages/airflow/example_dags/example_short_circuit_operator.py
[2023-11-07T03:00:09.157+0000] {processor.py:753} INFO - DAG(s) dict_keys(['example_short_circuit_operator']) retrieved from /home/airflow/.local/lib/python3.7/site-packages/airflow/example_dags/example_short_circuit_operator.py
[2023-11-07T03:00:09.170+0000] {logging_mixin.py:137} INFO - [2023-11-07T03:00:09.170+0000] {dag.py:2690} INFO - Sync 1 DAGs
[2023-11-07T03:00:09.181+0000] {logging_mixin.py:137} INFO - [2023-11-07T03:00:09.181+0000] {dag.py:3441} INFO - Setting next_dagrun for example_short_circuit_operator to 2023-11-06T03:00:09.181544+00:00, run_after=2023-11-07T03:00:09.181544+00:00
[2023-11-07T03:00:09.190+0000] {processor.py:175} INFO - Processing /home/airflow/.local/lib/python3.7/site-packages/airflow/example_dags/example_short_circuit_operator.py took 0.046 seconds
[2023-11-07T03:03:50.094+0000] {processor.py:153} INFO - Started process (PID=64524) to work on /home/airflow/.local/lib/python3.7/site-packages/airflow/example_dags/example_short_circuit_operator.py
[2023-11-07T03:03:50.095+0000] {processor.py:743} INFO - Processing file /home/airflow/.local/lib/python3.7/site-packages/airflow/example_dags/example_short_circuit_operator.py for tasks to queue
[2023-11-07T03:03:50.096+0000] {logging_mixin.py:137} INFO - [2023-11-07T03:03:50.096+0000] {dagbag.py:538} INFO - Filling up the DagBag from /home/airflow/.local/lib/python3.7/site-packages/airflow/example_dags/example_short_circuit_operator.py
[2023-11-07T03:03:50.111+0000] {processor.py:753} INFO - DAG(s) dict_keys(['example_short_circuit_operator']) retrieved from /home/airflow/.local/lib/python3.7/site-packages/airflow/example_dags/example_short_circuit_operator.py
[2023-11-07T03:03:50.126+0000] {logging_mixin.py:137} INFO - [2023-11-07T03:03:50.126+0000] {dag.py:2690} INFO - Sync 1 DAGs
[2023-11-07T03:03:50.139+0000] {logging_mixin.py:137} INFO - [2023-11-07T03:03:50.139+0000] {dag.py:3441} INFO - Setting next_dagrun for example_short_circuit_operator to 2023-11-06T03:03:50.139194+00:00, run_after=2023-11-07T03:03:50.139194+00:00
[2023-11-07T03:03:50.148+0000] {processor.py:175} INFO - Processing /home/airflow/.local/lib/python3.7/site-packages/airflow/example_dags/example_short_circuit_operator.py took 0.056 seconds
[2023-11-07T03:07:31.657+0000] {processor.py:153} INFO - Started process (PID=64601) to work on /home/airflow/.local/lib/python3.7/site-packages/airflow/example_dags/example_short_circuit_operator.py
[2023-11-07T03:07:31.657+0000] {processor.py:743} INFO - Processing file /home/airflow/.local/lib/python3.7/site-packages/airflow/example_dags/example_short_circuit_operator.py for tasks to queue
[2023-11-07T03:07:31.658+0000] {logging_mixin.py:137} INFO - [2023-11-07T03:07:31.658+0000] {dagbag.py:538} INFO - Filling up the DagBag from /home/airflow/.local/lib/python3.7/site-packages/airflow/example_dags/example_short_circuit_operator.py
[2023-11-07T03:07:31.669+0000] {processor.py:753} INFO - DAG(s) dict_keys(['example_short_circuit_operator']) retrieved from /home/airflow/.local/lib/python3.7/site-packages/airflow/example_dags/example_short_circuit_operator.py
[2023-11-07T03:07:31.686+0000] {logging_mixin.py:137} INFO - [2023-11-07T03:07:31.686+0000] {dag.py:2690} INFO - Sync 1 DAGs
[2023-11-07T03:07:31.699+0000] {logging_mixin.py:137} INFO - [2023-11-07T03:07:31.699+0000] {dag.py:3441} INFO - Setting next_dagrun for example_short_circuit_operator to 2023-11-06T03:07:31.699231+00:00, run_after=2023-11-07T03:07:31.699231+00:00
[2023-11-07T03:07:31.710+0000] {processor.py:175} INFO - Processing /home/airflow/.local/lib/python3.7/site-packages/airflow/example_dags/example_short_circuit_operator.py took 0.055 seconds
[2023-11-07T03:11:11.709+0000] {processor.py:153} INFO - Started process (PID=64696) to work on /home/airflow/.local/lib/python3.7/site-packages/airflow/example_dags/example_short_circuit_operator.py
[2023-11-07T03:11:11.709+0000] {processor.py:743} INFO - Processing file /home/airflow/.local/lib/python3.7/site-packages/airflow/example_dags/example_short_circuit_operator.py for tasks to queue
[2023-11-07T03:11:11.710+0000] {logging_mixin.py:137} INFO - [2023-11-07T03:11:11.709+0000] {dagbag.py:538} INFO - Filling up the DagBag from /home/airflow/.local/lib/python3.7/site-packages/airflow/example_dags/example_short_circuit_operator.py
[2023-11-07T03:11:11.721+0000] {processor.py:753} INFO - DAG(s) dict_keys(['example_short_circuit_operator']) retrieved from /home/airflow/.local/lib/python3.7/site-packages/airflow/example_dags/example_short_circuit_operator.py
[2023-11-07T03:11:11.735+0000] {logging_mixin.py:137} INFO - [2023-11-07T03:11:11.735+0000] {dag.py:2690} INFO - Sync 1 DAGs
[2023-11-07T03:11:11.747+0000] {logging_mixin.py:137} INFO - [2023-11-07T03:11:11.747+0000] {dag.py:3441} INFO - Setting next_dagrun for example_short_circuit_operator to 2023-11-06T03:11:11.747263+00:00, run_after=2023-11-07T03:11:11.747263+00:00
[2023-11-07T03:11:11.755+0000] {processor.py:175} INFO - Processing /home/airflow/.local/lib/python3.7/site-packages/airflow/example_dags/example_short_circuit_operator.py took 0.049 seconds
[2023-11-07T03:14:52.952+0000] {processor.py:153} INFO - Started process (PID=64791) to work on /home/airflow/.local/lib/python3.7/site-packages/airflow/example_dags/example_short_circuit_operator.py
[2023-11-07T03:14:52.952+0000] {processor.py:743} INFO - Processing file /home/airflow/.local/lib/python3.7/site-packages/airflow/example_dags/example_short_circuit_operator.py for tasks to queue
[2023-11-07T03:14:52.953+0000] {logging_mixin.py:137} INFO - [2023-11-07T03:14:52.953+0000] {dagbag.py:538} INFO - Filling up the DagBag from /home/airflow/.local/lib/python3.7/site-packages/airflow/example_dags/example_short_circuit_operator.py
[2023-11-07T03:14:52.964+0000] {processor.py:753} INFO - DAG(s) dict_keys(['example_short_circuit_operator']) retrieved from /home/airflow/.local/lib/python3.7/site-packages/airflow/example_dags/example_short_circuit_operator.py
[2023-11-07T03:14:52.979+0000] {logging_mixin.py:137} INFO - [2023-11-07T03:14:52.978+0000] {dag.py:2690} INFO - Sync 1 DAGs
[2023-11-07T03:14:52.991+0000] {logging_mixin.py:137} INFO - [2023-11-07T03:14:52.991+0000] {dag.py:3441} INFO - Setting next_dagrun for example_short_circuit_operator to 2023-11-06T03:14:52.991111+00:00, run_after=2023-11-07T03:14:52.991111+00:00
[2023-11-07T03:14:52.999+0000] {processor.py:175} INFO - Processing /home/airflow/.local/lib/python3.7/site-packages/airflow/example_dags/example_short_circuit_operator.py took 0.049 seconds
[2023-11-07T03:18:34.470+0000] {processor.py:153} INFO - Started process (PID=64886) to work on /home/airflow/.local/lib/python3.7/site-packages/airflow/example_dags/example_short_circuit_operator.py
[2023-11-07T03:18:34.471+0000] {processor.py:743} INFO - Processing file /home/airflow/.local/lib/python3.7/site-packages/airflow/example_dags/example_short_circuit_operator.py for tasks to queue
[2023-11-07T03:18:34.472+0000] {logging_mixin.py:137} INFO - [2023-11-07T03:18:34.472+0000] {dagbag.py:538} INFO - Filling up the DagBag from /home/airflow/.local/lib/python3.7/site-packages/airflow/example_dags/example_short_circuit_operator.py
[2023-11-07T03:18:34.490+0000] {processor.py:753} INFO - DAG(s) dict_keys(['example_short_circuit_operator']) retrieved from /home/airflow/.local/lib/python3.7/site-packages/airflow/example_dags/example_short_circuit_operator.py
[2023-11-07T03:18:34.509+0000] {logging_mixin.py:137} INFO - [2023-11-07T03:18:34.508+0000] {dag.py:2690} INFO - Sync 1 DAGs
[2023-11-07T03:18:34.524+0000] {logging_mixin.py:137} INFO - [2023-11-07T03:18:34.524+0000] {dag.py:3441} INFO - Setting next_dagrun for example_short_circuit_operator to 2023-11-06T03:18:34.524145+00:00, run_after=2023-11-07T03:18:34.524145+00:00
[2023-11-07T03:18:34.646+0000] {processor.py:175} INFO - Processing /home/airflow/.local/lib/python3.7/site-packages/airflow/example_dags/example_short_circuit_operator.py took 0.179 seconds
[2023-11-07T03:22:13.325+0000] {processor.py:153} INFO - Started process (PID=64963) to work on /home/airflow/.local/lib/python3.7/site-packages/airflow/example_dags/example_short_circuit_operator.py
[2023-11-07T03:22:13.325+0000] {processor.py:743} INFO - Processing file /home/airflow/.local/lib/python3.7/site-packages/airflow/example_dags/example_short_circuit_operator.py for tasks to queue
[2023-11-07T03:22:13.325+0000] {logging_mixin.py:137} INFO - [2023-11-07T03:22:13.325+0000] {dagbag.py:538} INFO - Filling up the DagBag from /home/airflow/.local/lib/python3.7/site-packages/airflow/example_dags/example_short_circuit_operator.py
[2023-11-07T03:22:13.336+0000] {processor.py:753} INFO - DAG(s) dict_keys(['example_short_circuit_operator']) retrieved from /home/airflow/.local/lib/python3.7/site-packages/airflow/example_dags/example_short_circuit_operator.py
[2023-11-07T03:22:13.350+0000] {logging_mixin.py:137} INFO - [2023-11-07T03:22:13.350+0000] {dag.py:2690} INFO - Sync 1 DAGs
[2023-11-07T03:22:13.364+0000] {logging_mixin.py:137} INFO - [2023-11-07T03:22:13.364+0000] {dag.py:3441} INFO - Setting next_dagrun for example_short_circuit_operator to 2023-11-06T03:22:13.363933+00:00, run_after=2023-11-07T03:22:13.363933+00:00
[2023-11-07T03:22:13.377+0000] {processor.py:175} INFO - Processing /home/airflow/.local/lib/python3.7/site-packages/airflow/example_dags/example_short_circuit_operator.py took 0.054 seconds
[2023-11-07T03:26:01.967+0000] {processor.py:153} INFO - Started process (PID=65059) to work on /home/airflow/.local/lib/python3.7/site-packages/airflow/example_dags/example_short_circuit_operator.py
[2023-11-07T03:26:01.967+0000] {processor.py:743} INFO - Processing file /home/airflow/.local/lib/python3.7/site-packages/airflow/example_dags/example_short_circuit_operator.py for tasks to queue
[2023-11-07T03:26:01.968+0000] {logging_mixin.py:137} INFO - [2023-11-07T03:26:01.968+0000] {dagbag.py:538} INFO - Filling up the DagBag from /home/airflow/.local/lib/python3.7/site-packages/airflow/example_dags/example_short_circuit_operator.py
[2023-11-07T03:26:01.979+0000] {processor.py:753} INFO - DAG(s) dict_keys(['example_short_circuit_operator']) retrieved from /home/airflow/.local/lib/python3.7/site-packages/airflow/example_dags/example_short_circuit_operator.py
[2023-11-07T03:26:01.992+0000] {logging_mixin.py:137} INFO - [2023-11-07T03:26:01.992+0000] {dag.py:2690} INFO - Sync 1 DAGs
[2023-11-07T03:26:02.012+0000] {logging_mixin.py:137} INFO - [2023-11-07T03:26:02.012+0000] {dag.py:3441} INFO - Setting next_dagrun for example_short_circuit_operator to 2023-11-06T03:26:02.011971+00:00, run_after=2023-11-07T03:26:02.011971+00:00
[2023-11-07T03:26:02.022+0000] {processor.py:175} INFO - Processing /home/airflow/.local/lib/python3.7/site-packages/airflow/example_dags/example_short_circuit_operator.py took 0.058 seconds
[2023-11-07T03:28:50.683+0000] {processor.py:153} INFO - Started process (PID=65136) to work on /home/airflow/.local/lib/python3.7/site-packages/airflow/example_dags/example_short_circuit_operator.py
[2023-11-07T03:28:50.684+0000] {processor.py:743} INFO - Processing file /home/airflow/.local/lib/python3.7/site-packages/airflow/example_dags/example_short_circuit_operator.py for tasks to queue
[2023-11-07T03:28:50.684+0000] {logging_mixin.py:137} INFO - [2023-11-07T03:28:50.684+0000] {dagbag.py:538} INFO - Filling up the DagBag from /home/airflow/.local/lib/python3.7/site-packages/airflow/example_dags/example_short_circuit_operator.py
[2023-11-07T03:28:50.695+0000] {processor.py:753} INFO - DAG(s) dict_keys(['example_short_circuit_operator']) retrieved from /home/airflow/.local/lib/python3.7/site-packages/airflow/example_dags/example_short_circuit_operator.py
[2023-11-07T03:28:50.717+0000] {logging_mixin.py:137} INFO - [2023-11-07T03:28:50.716+0000] {dag.py:2690} INFO - Sync 1 DAGs
[2023-11-07T03:28:50.736+0000] {logging_mixin.py:137} INFO - [2023-11-07T03:28:50.736+0000] {dag.py:3441} INFO - Setting next_dagrun for example_short_circuit_operator to 2023-11-06T03:28:50.736170+00:00, run_after=2023-11-07T03:28:50.736170+00:00
[2023-11-07T03:28:50.844+0000] {processor.py:175} INFO - Processing /home/airflow/.local/lib/python3.7/site-packages/airflow/example_dags/example_short_circuit_operator.py took 0.163 seconds
[2023-11-07T03:31:36.808+0000] {processor.py:153} INFO - Started process (PID=65231) to work on /home/airflow/.local/lib/python3.7/site-packages/airflow/example_dags/example_short_circuit_operator.py
[2023-11-07T03:31:36.809+0000] {processor.py:743} INFO - Processing file /home/airflow/.local/lib/python3.7/site-packages/airflow/example_dags/example_short_circuit_operator.py for tasks to queue
[2023-11-07T03:31:36.809+0000] {logging_mixin.py:137} INFO - [2023-11-07T03:31:36.809+0000] {dagbag.py:538} INFO - Filling up the DagBag from /home/airflow/.local/lib/python3.7/site-packages/airflow/example_dags/example_short_circuit_operator.py
[2023-11-07T03:31:36.822+0000] {processor.py:753} INFO - DAG(s) dict_keys(['example_short_circuit_operator']) retrieved from /home/airflow/.local/lib/python3.7/site-packages/airflow/example_dags/example_short_circuit_operator.py
[2023-11-07T03:31:36.843+0000] {logging_mixin.py:137} INFO - [2023-11-07T03:31:36.842+0000] {dag.py:2690} INFO - Sync 1 DAGs
[2023-11-07T03:31:36.861+0000] {logging_mixin.py:137} INFO - [2023-11-07T03:31:36.861+0000] {dag.py:3441} INFO - Setting next_dagrun for example_short_circuit_operator to 2023-11-06T03:31:36.860970+00:00, run_after=2023-11-07T03:31:36.860970+00:00
[2023-11-07T03:31:36.872+0000] {processor.py:175} INFO - Processing /home/airflow/.local/lib/python3.7/site-packages/airflow/example_dags/example_short_circuit_operator.py took 0.066 seconds
[2023-11-07T03:35:16.518+0000] {processor.py:153} INFO - Started process (PID=65326) to work on /home/airflow/.local/lib/python3.7/site-packages/airflow/example_dags/example_short_circuit_operator.py
[2023-11-07T03:35:16.519+0000] {processor.py:743} INFO - Processing file /home/airflow/.local/lib/python3.7/site-packages/airflow/example_dags/example_short_circuit_operator.py for tasks to queue
[2023-11-07T03:35:16.520+0000] {logging_mixin.py:137} INFO - [2023-11-07T03:35:16.519+0000] {dagbag.py:538} INFO - Filling up the DagBag from /home/airflow/.local/lib/python3.7/site-packages/airflow/example_dags/example_short_circuit_operator.py
[2023-11-07T03:35:16.538+0000] {processor.py:753} INFO - DAG(s) dict_keys(['example_short_circuit_operator']) retrieved from /home/airflow/.local/lib/python3.7/site-packages/airflow/example_dags/example_short_circuit_operator.py
[2023-11-07T03:35:16.557+0000] {logging_mixin.py:137} INFO - [2023-11-07T03:35:16.557+0000] {dag.py:2690} INFO - Sync 1 DAGs
[2023-11-07T03:35:16.572+0000] {logging_mixin.py:137} INFO - [2023-11-07T03:35:16.572+0000] {dag.py:3441} INFO - Setting next_dagrun for example_short_circuit_operator to 2023-11-06T03:35:16.572485+00:00, run_after=2023-11-07T03:35:16.572485+00:00
[2023-11-07T03:35:16.584+0000] {processor.py:175} INFO - Processing /home/airflow/.local/lib/python3.7/site-packages/airflow/example_dags/example_short_circuit_operator.py took 0.068 seconds
[2023-11-07T03:38:56.073+0000] {processor.py:153} INFO - Started process (PID=65403) to work on /home/airflow/.local/lib/python3.7/site-packages/airflow/example_dags/example_short_circuit_operator.py
[2023-11-07T03:38:56.074+0000] {processor.py:743} INFO - Processing file /home/airflow/.local/lib/python3.7/site-packages/airflow/example_dags/example_short_circuit_operator.py for tasks to queue
[2023-11-07T03:38:56.075+0000] {logging_mixin.py:137} INFO - [2023-11-07T03:38:56.075+0000] {dagbag.py:538} INFO - Filling up the DagBag from /home/airflow/.local/lib/python3.7/site-packages/airflow/example_dags/example_short_circuit_operator.py
[2023-11-07T03:38:56.098+0000] {processor.py:753} INFO - DAG(s) dict_keys(['example_short_circuit_operator']) retrieved from /home/airflow/.local/lib/python3.7/site-packages/airflow/example_dags/example_short_circuit_operator.py
[2023-11-07T03:38:56.113+0000] {logging_mixin.py:137} INFO - [2023-11-07T03:38:56.113+0000] {dag.py:2690} INFO - Sync 1 DAGs
[2023-11-07T03:38:56.127+0000] {logging_mixin.py:137} INFO - [2023-11-07T03:38:56.126+0000] {dag.py:3441} INFO - Setting next_dagrun for example_short_circuit_operator to 2023-11-06T03:38:56.126832+00:00, run_after=2023-11-07T03:38:56.126832+00:00
[2023-11-07T03:38:56.136+0000] {processor.py:175} INFO - Processing /home/airflow/.local/lib/python3.7/site-packages/airflow/example_dags/example_short_circuit_operator.py took 0.066 seconds
[2023-11-07T03:42:38.335+0000] {processor.py:153} INFO - Started process (PID=65498) to work on /home/airflow/.local/lib/python3.7/site-packages/airflow/example_dags/example_short_circuit_operator.py
[2023-11-07T03:42:38.335+0000] {processor.py:743} INFO - Processing file /home/airflow/.local/lib/python3.7/site-packages/airflow/example_dags/example_short_circuit_operator.py for tasks to queue
[2023-11-07T03:42:38.336+0000] {logging_mixin.py:137} INFO - [2023-11-07T03:42:38.336+0000] {dagbag.py:538} INFO - Filling up the DagBag from /home/airflow/.local/lib/python3.7/site-packages/airflow/example_dags/example_short_circuit_operator.py
[2023-11-07T03:42:38.345+0000] {processor.py:753} INFO - DAG(s) dict_keys(['example_short_circuit_operator']) retrieved from /home/airflow/.local/lib/python3.7/site-packages/airflow/example_dags/example_short_circuit_operator.py
[2023-11-07T03:42:38.357+0000] {logging_mixin.py:137} INFO - [2023-11-07T03:42:38.357+0000] {dag.py:2690} INFO - Sync 1 DAGs
[2023-11-07T03:42:38.458+0000] {logging_mixin.py:137} INFO - [2023-11-07T03:42:38.458+0000] {dag.py:3441} INFO - Setting next_dagrun for example_short_circuit_operator to 2023-11-06T03:42:38.458322+00:00, run_after=2023-11-07T03:42:38.458322+00:00
[2023-11-07T03:42:38.466+0000] {processor.py:175} INFO - Processing /home/airflow/.local/lib/python3.7/site-packages/airflow/example_dags/example_short_circuit_operator.py took 0.134 seconds
[2023-11-07T03:46:17.680+0000] {processor.py:153} INFO - Started process (PID=65575) to work on /home/airflow/.local/lib/python3.7/site-packages/airflow/example_dags/example_short_circuit_operator.py
[2023-11-07T03:46:17.680+0000] {processor.py:743} INFO - Processing file /home/airflow/.local/lib/python3.7/site-packages/airflow/example_dags/example_short_circuit_operator.py for tasks to queue
[2023-11-07T03:46:17.681+0000] {logging_mixin.py:137} INFO - [2023-11-07T03:46:17.681+0000] {dagbag.py:538} INFO - Filling up the DagBag from /home/airflow/.local/lib/python3.7/site-packages/airflow/example_dags/example_short_circuit_operator.py
[2023-11-07T03:46:17.692+0000] {processor.py:753} INFO - DAG(s) dict_keys(['example_short_circuit_operator']) retrieved from /home/airflow/.local/lib/python3.7/site-packages/airflow/example_dags/example_short_circuit_operator.py
[2023-11-07T03:46:17.714+0000] {logging_mixin.py:137} INFO - [2023-11-07T03:46:17.714+0000] {dag.py:2690} INFO - Sync 1 DAGs
[2023-11-07T03:46:17.727+0000] {logging_mixin.py:137} INFO - [2023-11-07T03:46:17.727+0000] {dag.py:3441} INFO - Setting next_dagrun for example_short_circuit_operator to 2023-11-06T03:46:17.727349+00:00, run_after=2023-11-07T03:46:17.727349+00:00
[2023-11-07T03:46:17.736+0000] {processor.py:175} INFO - Processing /home/airflow/.local/lib/python3.7/site-packages/airflow/example_dags/example_short_circuit_operator.py took 0.058 seconds
[2023-11-07T03:49:05.738+0000] {processor.py:153} INFO - Started process (PID=65670) to work on /home/airflow/.local/lib/python3.7/site-packages/airflow/example_dags/example_short_circuit_operator.py
[2023-11-07T03:49:05.738+0000] {processor.py:743} INFO - Processing file /home/airflow/.local/lib/python3.7/site-packages/airflow/example_dags/example_short_circuit_operator.py for tasks to queue
[2023-11-07T03:49:05.739+0000] {logging_mixin.py:137} INFO - [2023-11-07T03:49:05.738+0000] {dagbag.py:538} INFO - Filling up the DagBag from /home/airflow/.local/lib/python3.7/site-packages/airflow/example_dags/example_short_circuit_operator.py
[2023-11-07T03:49:05.749+0000] {processor.py:753} INFO - DAG(s) dict_keys(['example_short_circuit_operator']) retrieved from /home/airflow/.local/lib/python3.7/site-packages/airflow/example_dags/example_short_circuit_operator.py
[2023-11-07T03:49:05.765+0000] {logging_mixin.py:137} INFO - [2023-11-07T03:49:05.765+0000] {dag.py:2690} INFO - Sync 1 DAGs
[2023-11-07T03:49:05.784+0000] {logging_mixin.py:137} INFO - [2023-11-07T03:49:05.784+0000] {dag.py:3441} INFO - Setting next_dagrun for example_short_circuit_operator to 2023-11-06T03:49:05.783916+00:00, run_after=2023-11-07T03:49:05.783916+00:00
[2023-11-07T03:49:05.793+0000] {processor.py:175} INFO - Processing /home/airflow/.local/lib/python3.7/site-packages/airflow/example_dags/example_short_circuit_operator.py took 0.057 seconds
[2023-11-07T03:50:57.004+0000] {processor.py:153} INFO - Started process (PID=65765) to work on /home/airflow/.local/lib/python3.7/site-packages/airflow/example_dags/example_short_circuit_operator.py
[2023-11-07T03:50:57.005+0000] {processor.py:743} INFO - Processing file /home/airflow/.local/lib/python3.7/site-packages/airflow/example_dags/example_short_circuit_operator.py for tasks to queue
[2023-11-07T03:50:57.006+0000] {logging_mixin.py:137} INFO - [2023-11-07T03:50:57.005+0000] {dagbag.py:538} INFO - Filling up the DagBag from /home/airflow/.local/lib/python3.7/site-packages/airflow/example_dags/example_short_circuit_operator.py
[2023-11-07T03:50:57.015+0000] {processor.py:753} INFO - DAG(s) dict_keys(['example_short_circuit_operator']) retrieved from /home/airflow/.local/lib/python3.7/site-packages/airflow/example_dags/example_short_circuit_operator.py
[2023-11-07T03:50:57.028+0000] {logging_mixin.py:137} INFO - [2023-11-07T03:50:57.028+0000] {dag.py:2690} INFO - Sync 1 DAGs
[2023-11-07T03:50:57.040+0000] {logging_mixin.py:137} INFO - [2023-11-07T03:50:57.040+0000] {dag.py:3441} INFO - Setting next_dagrun for example_short_circuit_operator to 2023-11-06T03:50:57.039907+00:00, run_after=2023-11-07T03:50:57.039907+00:00
[2023-11-07T03:50:57.136+0000] {processor.py:175} INFO - Processing /home/airflow/.local/lib/python3.7/site-packages/airflow/example_dags/example_short_circuit_operator.py took 0.133 seconds
[2023-11-07T03:53:35.444+0000] {processor.py:153} INFO - Started process (PID=65842) to work on /home/airflow/.local/lib/python3.7/site-packages/airflow/example_dags/example_short_circuit_operator.py
[2023-11-07T03:53:35.445+0000] {processor.py:743} INFO - Processing file /home/airflow/.local/lib/python3.7/site-packages/airflow/example_dags/example_short_circuit_operator.py for tasks to queue
[2023-11-07T03:53:35.446+0000] {logging_mixin.py:137} INFO - [2023-11-07T03:53:35.445+0000] {dagbag.py:538} INFO - Filling up the DagBag from /home/airflow/.local/lib/python3.7/site-packages/airflow/example_dags/example_short_circuit_operator.py
[2023-11-07T03:53:35.457+0000] {processor.py:753} INFO - DAG(s) dict_keys(['example_short_circuit_operator']) retrieved from /home/airflow/.local/lib/python3.7/site-packages/airflow/example_dags/example_short_circuit_operator.py
[2023-11-07T03:53:35.473+0000] {logging_mixin.py:137} INFO - [2023-11-07T03:53:35.473+0000] {dag.py:2690} INFO - Sync 1 DAGs
[2023-11-07T03:53:35.581+0000] {logging_mixin.py:137} INFO - [2023-11-07T03:53:35.581+0000] {dag.py:3441} INFO - Setting next_dagrun for example_short_circuit_operator to 2023-11-06T03:53:35.581446+00:00, run_after=2023-11-07T03:53:35.581446+00:00
[2023-11-07T03:53:35.590+0000] {processor.py:175} INFO - Processing /home/airflow/.local/lib/python3.7/site-packages/airflow/example_dags/example_short_circuit_operator.py took 0.147 seconds
[2023-11-07T03:56:24.196+0000] {processor.py:153} INFO - Started process (PID=65937) to work on /home/airflow/.local/lib/python3.7/site-packages/airflow/example_dags/example_short_circuit_operator.py
[2023-11-07T03:56:24.197+0000] {processor.py:743} INFO - Processing file /home/airflow/.local/lib/python3.7/site-packages/airflow/example_dags/example_short_circuit_operator.py for tasks to queue
[2023-11-07T03:56:24.197+0000] {logging_mixin.py:137} INFO - [2023-11-07T03:56:24.197+0000] {dagbag.py:538} INFO - Filling up the DagBag from /home/airflow/.local/lib/python3.7/site-packages/airflow/example_dags/example_short_circuit_operator.py
[2023-11-07T03:56:24.207+0000] {processor.py:753} INFO - DAG(s) dict_keys(['example_short_circuit_operator']) retrieved from /home/airflow/.local/lib/python3.7/site-packages/airflow/example_dags/example_short_circuit_operator.py
[2023-11-07T03:56:24.221+0000] {logging_mixin.py:137} INFO - [2023-11-07T03:56:24.221+0000] {dag.py:2690} INFO - Sync 1 DAGs
[2023-11-07T03:56:24.233+0000] {logging_mixin.py:137} INFO - [2023-11-07T03:56:24.233+0000] {dag.py:3441} INFO - Setting next_dagrun for example_short_circuit_operator to 2023-11-06T03:56:24.233373+00:00, run_after=2023-11-07T03:56:24.233373+00:00
[2023-11-07T03:56:24.242+0000] {processor.py:175} INFO - Processing /home/airflow/.local/lib/python3.7/site-packages/airflow/example_dags/example_short_circuit_operator.py took 0.048 seconds
[2023-11-07T04:00:05.223+0000] {processor.py:153} INFO - Started process (PID=66032) to work on /home/airflow/.local/lib/python3.7/site-packages/airflow/example_dags/example_short_circuit_operator.py
[2023-11-07T04:00:05.224+0000] {processor.py:743} INFO - Processing file /home/airflow/.local/lib/python3.7/site-packages/airflow/example_dags/example_short_circuit_operator.py for tasks to queue
[2023-11-07T04:00:05.224+0000] {logging_mixin.py:137} INFO - [2023-11-07T04:00:05.224+0000] {dagbag.py:538} INFO - Filling up the DagBag from /home/airflow/.local/lib/python3.7/site-packages/airflow/example_dags/example_short_circuit_operator.py
[2023-11-07T04:00:05.244+0000] {processor.py:753} INFO - DAG(s) dict_keys(['example_short_circuit_operator']) retrieved from /home/airflow/.local/lib/python3.7/site-packages/airflow/example_dags/example_short_circuit_operator.py
[2023-11-07T04:00:05.264+0000] {logging_mixin.py:137} INFO - [2023-11-07T04:00:05.264+0000] {dag.py:2690} INFO - Sync 1 DAGs
[2023-11-07T04:00:05.279+0000] {logging_mixin.py:137} INFO - [2023-11-07T04:00:05.279+0000] {dag.py:3441} INFO - Setting next_dagrun for example_short_circuit_operator to 2023-11-06T04:00:05.279654+00:00, run_after=2023-11-07T04:00:05.279654+00:00
[2023-11-07T04:00:05.290+0000] {processor.py:175} INFO - Processing /home/airflow/.local/lib/python3.7/site-packages/airflow/example_dags/example_short_circuit_operator.py took 0.069 seconds
[2023-11-07T04:03:42.247+0000] {processor.py:153} INFO - Started process (PID=66109) to work on /home/airflow/.local/lib/python3.7/site-packages/airflow/example_dags/example_short_circuit_operator.py
[2023-11-07T04:03:42.247+0000] {processor.py:743} INFO - Processing file /home/airflow/.local/lib/python3.7/site-packages/airflow/example_dags/example_short_circuit_operator.py for tasks to queue
[2023-11-07T04:03:42.248+0000] {logging_mixin.py:137} INFO - [2023-11-07T04:03:42.248+0000] {dagbag.py:538} INFO - Filling up the DagBag from /home/airflow/.local/lib/python3.7/site-packages/airflow/example_dags/example_short_circuit_operator.py
[2023-11-07T04:03:42.259+0000] {processor.py:753} INFO - DAG(s) dict_keys(['example_short_circuit_operator']) retrieved from /home/airflow/.local/lib/python3.7/site-packages/airflow/example_dags/example_short_circuit_operator.py
[2023-11-07T04:03:42.273+0000] {logging_mixin.py:137} INFO - [2023-11-07T04:03:42.273+0000] {dag.py:2690} INFO - Sync 1 DAGs
[2023-11-07T04:03:42.686+0000] {logging_mixin.py:137} INFO - [2023-11-07T04:03:42.685+0000] {dag.py:3441} INFO - Setting next_dagrun for example_short_circuit_operator to 2023-11-06T04:03:42.685732+00:00, run_after=2023-11-07T04:03:42.685732+00:00
[2023-11-07T04:03:42.759+0000] {processor.py:175} INFO - Processing /home/airflow/.local/lib/python3.7/site-packages/airflow/example_dags/example_short_circuit_operator.py took 0.514 seconds
[2023-11-07T04:07:22.516+0000] {processor.py:153} INFO - Started process (PID=66204) to work on /home/airflow/.local/lib/python3.7/site-packages/airflow/example_dags/example_short_circuit_operator.py
[2023-11-07T04:07:22.517+0000] {processor.py:743} INFO - Processing file /home/airflow/.local/lib/python3.7/site-packages/airflow/example_dags/example_short_circuit_operator.py for tasks to queue
[2023-11-07T04:07:22.518+0000] {logging_mixin.py:137} INFO - [2023-11-07T04:07:22.517+0000] {dagbag.py:538} INFO - Filling up the DagBag from /home/airflow/.local/lib/python3.7/site-packages/airflow/example_dags/example_short_circuit_operator.py
[2023-11-07T04:07:22.529+0000] {processor.py:753} INFO - DAG(s) dict_keys(['example_short_circuit_operator']) retrieved from /home/airflow/.local/lib/python3.7/site-packages/airflow/example_dags/example_short_circuit_operator.py
[2023-11-07T04:07:22.543+0000] {logging_mixin.py:137} INFO - [2023-11-07T04:07:22.543+0000] {dag.py:2690} INFO - Sync 1 DAGs
[2023-11-07T04:07:22.555+0000] {logging_mixin.py:137} INFO - [2023-11-07T04:07:22.555+0000] {dag.py:3441} INFO - Setting next_dagrun for example_short_circuit_operator to 2023-11-06T04:07:22.555544+00:00, run_after=2023-11-07T04:07:22.555544+00:00
[2023-11-07T04:07:22.564+0000] {processor.py:175} INFO - Processing /home/airflow/.local/lib/python3.7/site-packages/airflow/example_dags/example_short_circuit_operator.py took 0.050 seconds
[2023-11-07T04:11:03.241+0000] {processor.py:153} INFO - Started process (PID=66281) to work on /home/airflow/.local/lib/python3.7/site-packages/airflow/example_dags/example_short_circuit_operator.py
[2023-11-07T04:11:03.242+0000] {processor.py:743} INFO - Processing file /home/airflow/.local/lib/python3.7/site-packages/airflow/example_dags/example_short_circuit_operator.py for tasks to queue
[2023-11-07T04:11:03.243+0000] {logging_mixin.py:137} INFO - [2023-11-07T04:11:03.243+0000] {dagbag.py:538} INFO - Filling up the DagBag from /home/airflow/.local/lib/python3.7/site-packages/airflow/example_dags/example_short_circuit_operator.py
[2023-11-07T04:11:03.258+0000] {processor.py:753} INFO - DAG(s) dict_keys(['example_short_circuit_operator']) retrieved from /home/airflow/.local/lib/python3.7/site-packages/airflow/example_dags/example_short_circuit_operator.py
[2023-11-07T04:11:03.275+0000] {logging_mixin.py:137} INFO - [2023-11-07T04:11:03.275+0000] {dag.py:2690} INFO - Sync 1 DAGs
[2023-11-07T04:11:03.289+0000] {logging_mixin.py:137} INFO - [2023-11-07T04:11:03.289+0000] {dag.py:3441} INFO - Setting next_dagrun for example_short_circuit_operator to 2023-11-06T04:11:03.289479+00:00, run_after=2023-11-07T04:11:03.289479+00:00
[2023-11-07T04:11:03.300+0000] {processor.py:175} INFO - Processing /home/airflow/.local/lib/python3.7/site-packages/airflow/example_dags/example_short_circuit_operator.py took 0.061 seconds
[2023-11-07T04:14:44.214+0000] {processor.py:153} INFO - Started process (PID=66376) to work on /home/airflow/.local/lib/python3.7/site-packages/airflow/example_dags/example_short_circuit_operator.py
[2023-11-07T04:14:44.214+0000] {processor.py:743} INFO - Processing file /home/airflow/.local/lib/python3.7/site-packages/airflow/example_dags/example_short_circuit_operator.py for tasks to queue
[2023-11-07T04:14:44.215+0000] {logging_mixin.py:137} INFO - [2023-11-07T04:14:44.215+0000] {dagbag.py:538} INFO - Filling up the DagBag from /home/airflow/.local/lib/python3.7/site-packages/airflow/example_dags/example_short_circuit_operator.py
[2023-11-07T04:14:44.226+0000] {processor.py:753} INFO - DAG(s) dict_keys(['example_short_circuit_operator']) retrieved from /home/airflow/.local/lib/python3.7/site-packages/airflow/example_dags/example_short_circuit_operator.py
[2023-11-07T04:14:44.240+0000] {logging_mixin.py:137} INFO - [2023-11-07T04:14:44.240+0000] {dag.py:2690} INFO - Sync 1 DAGs
[2023-11-07T04:14:44.251+0000] {logging_mixin.py:137} INFO - [2023-11-07T04:14:44.251+0000] {dag.py:3441} INFO - Setting next_dagrun for example_short_circuit_operator to 2023-11-06T04:14:44.251705+00:00, run_after=2023-11-07T04:14:44.251705+00:00
[2023-11-07T04:14:44.349+0000] {processor.py:175} INFO - Processing /home/airflow/.local/lib/python3.7/site-packages/airflow/example_dags/example_short_circuit_operator.py took 0.137 seconds
[2023-11-07T04:18:24.939+0000] {processor.py:153} INFO - Started process (PID=66471) to work on /home/airflow/.local/lib/python3.7/site-packages/airflow/example_dags/example_short_circuit_operator.py
[2023-11-07T04:18:24.940+0000] {processor.py:743} INFO - Processing file /home/airflow/.local/lib/python3.7/site-packages/airflow/example_dags/example_short_circuit_operator.py for tasks to queue
[2023-11-07T04:18:24.940+0000] {logging_mixin.py:137} INFO - [2023-11-07T04:18:24.940+0000] {dagbag.py:538} INFO - Filling up the DagBag from /home/airflow/.local/lib/python3.7/site-packages/airflow/example_dags/example_short_circuit_operator.py
[2023-11-07T04:18:24.951+0000] {processor.py:753} INFO - DAG(s) dict_keys(['example_short_circuit_operator']) retrieved from /home/airflow/.local/lib/python3.7/site-packages/airflow/example_dags/example_short_circuit_operator.py
[2023-11-07T04:18:24.965+0000] {logging_mixin.py:137} INFO - [2023-11-07T04:18:24.965+0000] {dag.py:2690} INFO - Sync 1 DAGs
[2023-11-07T04:18:25.075+0000] {logging_mixin.py:137} INFO - [2023-11-07T04:18:25.075+0000] {dag.py:3441} INFO - Setting next_dagrun for example_short_circuit_operator to 2023-11-06T04:18:25.074947+00:00, run_after=2023-11-07T04:18:25.074947+00:00
[2023-11-07T04:18:25.083+0000] {processor.py:175} INFO - Processing /home/airflow/.local/lib/python3.7/site-packages/airflow/example_dags/example_short_circuit_operator.py took 0.145 seconds
[2023-11-07T04:22:04.000+0000] {processor.py:153} INFO - Started process (PID=66548) to work on /home/airflow/.local/lib/python3.7/site-packages/airflow/example_dags/example_short_circuit_operator.py
[2023-11-07T04:22:04.001+0000] {processor.py:743} INFO - Processing file /home/airflow/.local/lib/python3.7/site-packages/airflow/example_dags/example_short_circuit_operator.py for tasks to queue
[2023-11-07T04:22:04.001+0000] {logging_mixin.py:137} INFO - [2023-11-07T04:22:04.001+0000] {dagbag.py:538} INFO - Filling up the DagBag from /home/airflow/.local/lib/python3.7/site-packages/airflow/example_dags/example_short_circuit_operator.py
[2023-11-07T04:22:04.011+0000] {processor.py:753} INFO - DAG(s) dict_keys(['example_short_circuit_operator']) retrieved from /home/airflow/.local/lib/python3.7/site-packages/airflow/example_dags/example_short_circuit_operator.py
[2023-11-07T04:22:04.025+0000] {logging_mixin.py:137} INFO - [2023-11-07T04:22:04.025+0000] {dag.py:2690} INFO - Sync 1 DAGs
[2023-11-07T04:22:04.036+0000] {logging_mixin.py:137} INFO - [2023-11-07T04:22:04.036+0000] {dag.py:3441} INFO - Setting next_dagrun for example_short_circuit_operator to 2023-11-06T04:22:04.036773+00:00, run_after=2023-11-07T04:22:04.036773+00:00
[2023-11-07T04:22:04.044+0000] {processor.py:175} INFO - Processing /home/airflow/.local/lib/python3.7/site-packages/airflow/example_dags/example_short_circuit_operator.py took 0.046 seconds
[2023-11-07T04:25:44.866+0000] {processor.py:153} INFO - Started process (PID=66643) to work on /home/airflow/.local/lib/python3.7/site-packages/airflow/example_dags/example_short_circuit_operator.py
[2023-11-07T04:25:44.866+0000] {processor.py:743} INFO - Processing file /home/airflow/.local/lib/python3.7/site-packages/airflow/example_dags/example_short_circuit_operator.py for tasks to queue
[2023-11-07T04:25:44.867+0000] {logging_mixin.py:137} INFO - [2023-11-07T04:25:44.867+0000] {dagbag.py:538} INFO - Filling up the DagBag from /home/airflow/.local/lib/python3.7/site-packages/airflow/example_dags/example_short_circuit_operator.py
[2023-11-07T04:25:44.878+0000] {processor.py:753} INFO - DAG(s) dict_keys(['example_short_circuit_operator']) retrieved from /home/airflow/.local/lib/python3.7/site-packages/airflow/example_dags/example_short_circuit_operator.py
[2023-11-07T04:25:44.892+0000] {logging_mixin.py:137} INFO - [2023-11-07T04:25:44.892+0000] {dag.py:2690} INFO - Sync 1 DAGs
[2023-11-07T04:25:44.904+0000] {logging_mixin.py:137} INFO - [2023-11-07T04:25:44.904+0000] {dag.py:3441} INFO - Setting next_dagrun for example_short_circuit_operator to 2023-11-06T04:25:44.903959+00:00, run_after=2023-11-07T04:25:44.903959+00:00
[2023-11-07T04:25:44.914+0000] {processor.py:175} INFO - Processing /home/airflow/.local/lib/python3.7/site-packages/airflow/example_dags/example_short_circuit_operator.py took 0.050 seconds
[2023-11-07T04:29:26.774+0000] {processor.py:153} INFO - Started process (PID=66738) to work on /home/airflow/.local/lib/python3.7/site-packages/airflow/example_dags/example_short_circuit_operator.py
[2023-11-07T04:29:26.775+0000] {processor.py:743} INFO - Processing file /home/airflow/.local/lib/python3.7/site-packages/airflow/example_dags/example_short_circuit_operator.py for tasks to queue
[2023-11-07T04:29:26.775+0000] {logging_mixin.py:137} INFO - [2023-11-07T04:29:26.775+0000] {dagbag.py:538} INFO - Filling up the DagBag from /home/airflow/.local/lib/python3.7/site-packages/airflow/example_dags/example_short_circuit_operator.py
[2023-11-07T04:29:26.786+0000] {processor.py:753} INFO - DAG(s) dict_keys(['example_short_circuit_operator']) retrieved from /home/airflow/.local/lib/python3.7/site-packages/airflow/example_dags/example_short_circuit_operator.py
[2023-11-07T04:29:26.800+0000] {logging_mixin.py:137} INFO - [2023-11-07T04:29:26.800+0000] {dag.py:2690} INFO - Sync 1 DAGs
[2023-11-07T04:29:26.902+0000] {logging_mixin.py:137} INFO - [2023-11-07T04:29:26.902+0000] {dag.py:3441} INFO - Setting next_dagrun for example_short_circuit_operator to 2023-11-06T04:29:26.902438+00:00, run_after=2023-11-07T04:29:26.902438+00:00
[2023-11-07T04:29:26.911+0000] {processor.py:175} INFO - Processing /home/airflow/.local/lib/python3.7/site-packages/airflow/example_dags/example_short_circuit_operator.py took 0.138 seconds
[2023-11-07T04:47:14.529+0000] {processor.py:153} INFO - Started process (PID=66815) to work on /home/airflow/.local/lib/python3.7/site-packages/airflow/example_dags/example_short_circuit_operator.py
[2023-11-07T04:47:14.529+0000] {processor.py:743} INFO - Processing file /home/airflow/.local/lib/python3.7/site-packages/airflow/example_dags/example_short_circuit_operator.py for tasks to queue
[2023-11-07T04:47:14.530+0000] {logging_mixin.py:137} INFO - [2023-11-07T04:47:14.530+0000] {dagbag.py:538} INFO - Filling up the DagBag from /home/airflow/.local/lib/python3.7/site-packages/airflow/example_dags/example_short_circuit_operator.py
[2023-11-07T04:47:14.540+0000] {processor.py:753} INFO - DAG(s) dict_keys(['example_short_circuit_operator']) retrieved from /home/airflow/.local/lib/python3.7/site-packages/airflow/example_dags/example_short_circuit_operator.py
[2023-11-07T04:47:14.554+0000] {logging_mixin.py:137} INFO - [2023-11-07T04:47:14.553+0000] {dag.py:2690} INFO - Sync 1 DAGs
[2023-11-07T04:47:14.565+0000] {logging_mixin.py:137} INFO - [2023-11-07T04:47:14.565+0000] {dag.py:3441} INFO - Setting next_dagrun for example_short_circuit_operator to 2023-11-06T04:47:14.565230+00:00, run_after=2023-11-07T04:47:14.565230+00:00
[2023-11-07T04:47:14.573+0000] {processor.py:175} INFO - Processing /home/airflow/.local/lib/python3.7/site-packages/airflow/example_dags/example_short_circuit_operator.py took 0.046 seconds
[2023-11-07T06:13:57.052+0000] {processor.py:153} INFO - Started process (PID=66910) to work on /home/airflow/.local/lib/python3.7/site-packages/airflow/example_dags/example_short_circuit_operator.py
[2023-11-07T06:13:57.053+0000] {processor.py:743} INFO - Processing file /home/airflow/.local/lib/python3.7/site-packages/airflow/example_dags/example_short_circuit_operator.py for tasks to queue
[2023-11-07T06:13:57.053+0000] {logging_mixin.py:137} INFO - [2023-11-07T06:13:57.053+0000] {dagbag.py:538} INFO - Filling up the DagBag from /home/airflow/.local/lib/python3.7/site-packages/airflow/example_dags/example_short_circuit_operator.py
[2023-11-07T06:13:57.064+0000] {processor.py:753} INFO - DAG(s) dict_keys(['example_short_circuit_operator']) retrieved from /home/airflow/.local/lib/python3.7/site-packages/airflow/example_dags/example_short_circuit_operator.py
[2023-11-07T06:13:57.079+0000] {logging_mixin.py:137} INFO - [2023-11-07T06:13:57.079+0000] {dag.py:2690} INFO - Sync 1 DAGs
[2023-11-07T06:13:57.091+0000] {logging_mixin.py:137} INFO - [2023-11-07T06:13:57.091+0000] {dag.py:3441} INFO - Setting next_dagrun for example_short_circuit_operator to 2023-11-06T06:13:57.091388+00:00, run_after=2023-11-07T06:13:57.091388+00:00
[2023-11-07T06:13:57.100+0000] {processor.py:175} INFO - Processing /home/airflow/.local/lib/python3.7/site-packages/airflow/example_dags/example_short_circuit_operator.py took 0.050 seconds
[2023-11-07T07:09:26.288+0000] {processor.py:153} INFO - Started process (PID=66987) to work on /home/airflow/.local/lib/python3.7/site-packages/airflow/example_dags/example_short_circuit_operator.py
[2023-11-07T07:09:26.289+0000] {processor.py:743} INFO - Processing file /home/airflow/.local/lib/python3.7/site-packages/airflow/example_dags/example_short_circuit_operator.py for tasks to queue
[2023-11-07T07:09:26.289+0000] {logging_mixin.py:137} INFO - [2023-11-07T07:09:26.289+0000] {dagbag.py:538} INFO - Filling up the DagBag from /home/airflow/.local/lib/python3.7/site-packages/airflow/example_dags/example_short_circuit_operator.py
[2023-11-07T07:09:26.301+0000] {processor.py:753} INFO - DAG(s) dict_keys(['example_short_circuit_operator']) retrieved from /home/airflow/.local/lib/python3.7/site-packages/airflow/example_dags/example_short_circuit_operator.py
[2023-11-07T07:09:26.317+0000] {logging_mixin.py:137} INFO - [2023-11-07T07:09:26.317+0000] {dag.py:2690} INFO - Sync 1 DAGs
[2023-11-07T07:09:26.436+0000] {logging_mixin.py:137} INFO - [2023-11-07T07:09:26.436+0000] {dag.py:3441} INFO - Setting next_dagrun for example_short_circuit_operator to 2023-11-06T07:09:26.436686+00:00, run_after=2023-11-07T07:09:26.436686+00:00
[2023-11-07T07:09:26.445+0000] {processor.py:175} INFO - Processing /home/airflow/.local/lib/python3.7/site-packages/airflow/example_dags/example_short_circuit_operator.py took 0.159 seconds
[2023-11-07T08:32:09.272+0000] {processor.py:153} INFO - Started process (PID=67082) to work on /home/airflow/.local/lib/python3.7/site-packages/airflow/example_dags/example_short_circuit_operator.py
[2023-11-07T08:32:09.272+0000] {processor.py:743} INFO - Processing file /home/airflow/.local/lib/python3.7/site-packages/airflow/example_dags/example_short_circuit_operator.py for tasks to queue
[2023-11-07T08:32:09.273+0000] {logging_mixin.py:137} INFO - [2023-11-07T08:32:09.273+0000] {dagbag.py:538} INFO - Filling up the DagBag from /home/airflow/.local/lib/python3.7/site-packages/airflow/example_dags/example_short_circuit_operator.py
[2023-11-07T08:32:09.283+0000] {processor.py:753} INFO - DAG(s) dict_keys(['example_short_circuit_operator']) retrieved from /home/airflow/.local/lib/python3.7/site-packages/airflow/example_dags/example_short_circuit_operator.py
[2023-11-07T08:32:09.298+0000] {logging_mixin.py:137} INFO - [2023-11-07T08:32:09.298+0000] {dag.py:2690} INFO - Sync 1 DAGs
[2023-11-07T08:32:09.310+0000] {logging_mixin.py:137} INFO - [2023-11-07T08:32:09.310+0000] {dag.py:3441} INFO - Setting next_dagrun for example_short_circuit_operator to 2023-11-06T08:32:09.310445+00:00, run_after=2023-11-07T08:32:09.310445+00:00
[2023-11-07T08:32:09.319+0000] {processor.py:175} INFO - Processing /home/airflow/.local/lib/python3.7/site-packages/airflow/example_dags/example_short_circuit_operator.py took 0.049 seconds
[2023-11-07T09:56:00.725+0000] {processor.py:153} INFO - Started process (PID=67177) to work on /home/airflow/.local/lib/python3.7/site-packages/airflow/example_dags/example_short_circuit_operator.py
[2023-11-07T09:56:00.726+0000] {processor.py:743} INFO - Processing file /home/airflow/.local/lib/python3.7/site-packages/airflow/example_dags/example_short_circuit_operator.py for tasks to queue
[2023-11-07T09:56:00.727+0000] {logging_mixin.py:137} INFO - [2023-11-07T09:56:00.727+0000] {dagbag.py:538} INFO - Filling up the DagBag from /home/airflow/.local/lib/python3.7/site-packages/airflow/example_dags/example_short_circuit_operator.py
[2023-11-07T09:56:00.749+0000] {processor.py:753} INFO - DAG(s) dict_keys(['example_short_circuit_operator']) retrieved from /home/airflow/.local/lib/python3.7/site-packages/airflow/example_dags/example_short_circuit_operator.py
[2023-11-07T09:56:00.776+0000] {logging_mixin.py:137} INFO - [2023-11-07T09:56:00.776+0000] {dag.py:2690} INFO - Sync 1 DAGs
[2023-11-07T09:56:00.799+0000] {logging_mixin.py:137} INFO - [2023-11-07T09:56:00.799+0000] {dag.py:3441} INFO - Setting next_dagrun for example_short_circuit_operator to 2023-11-06T09:56:00.799580+00:00, run_after=2023-11-07T09:56:00.799580+00:00
[2023-11-07T09:56:00.817+0000] {processor.py:175} INFO - Processing /home/airflow/.local/lib/python3.7/site-packages/airflow/example_dags/example_short_circuit_operator.py took 0.096 seconds
[2023-11-07T11:17:51.065+0000] {processor.py:153} INFO - Started process (PID=67254) to work on /home/airflow/.local/lib/python3.7/site-packages/airflow/example_dags/example_short_circuit_operator.py
[2023-11-07T11:17:51.066+0000] {processor.py:743} INFO - Processing file /home/airflow/.local/lib/python3.7/site-packages/airflow/example_dags/example_short_circuit_operator.py for tasks to queue
[2023-11-07T11:17:51.067+0000] {logging_mixin.py:137} INFO - [2023-11-07T11:17:51.067+0000] {dagbag.py:538} INFO - Filling up the DagBag from /home/airflow/.local/lib/python3.7/site-packages/airflow/example_dags/example_short_circuit_operator.py
[2023-11-07T11:17:51.078+0000] {processor.py:753} INFO - DAG(s) dict_keys(['example_short_circuit_operator']) retrieved from /home/airflow/.local/lib/python3.7/site-packages/airflow/example_dags/example_short_circuit_operator.py
[2023-11-07T11:17:51.093+0000] {logging_mixin.py:137} INFO - [2023-11-07T11:17:51.093+0000] {dag.py:2690} INFO - Sync 1 DAGs
[2023-11-07T11:17:51.198+0000] {logging_mixin.py:137} INFO - [2023-11-07T11:17:51.197+0000] {dag.py:3441} INFO - Setting next_dagrun for example_short_circuit_operator to 2023-11-06T11:17:51.197829+00:00, run_after=2023-11-07T11:17:51.197829+00:00
[2023-11-07T11:17:51.206+0000] {processor.py:175} INFO - Processing /home/airflow/.local/lib/python3.7/site-packages/airflow/example_dags/example_short_circuit_operator.py took 0.144 seconds
[2023-11-07T12:41:33.825+0000] {processor.py:153} INFO - Started process (PID=67349) to work on /home/airflow/.local/lib/python3.7/site-packages/airflow/example_dags/example_short_circuit_operator.py
[2023-11-07T12:41:33.825+0000] {processor.py:743} INFO - Processing file /home/airflow/.local/lib/python3.7/site-packages/airflow/example_dags/example_short_circuit_operator.py for tasks to queue
[2023-11-07T12:41:33.826+0000] {logging_mixin.py:137} INFO - [2023-11-07T12:41:33.826+0000] {dagbag.py:538} INFO - Filling up the DagBag from /home/airflow/.local/lib/python3.7/site-packages/airflow/example_dags/example_short_circuit_operator.py
[2023-11-07T12:41:33.836+0000] {processor.py:753} INFO - DAG(s) dict_keys(['example_short_circuit_operator']) retrieved from /home/airflow/.local/lib/python3.7/site-packages/airflow/example_dags/example_short_circuit_operator.py
[2023-11-07T12:41:33.850+0000] {logging_mixin.py:137} INFO - [2023-11-07T12:41:33.850+0000] {dag.py:2690} INFO - Sync 1 DAGs
[2023-11-07T12:41:33.862+0000] {logging_mixin.py:137} INFO - [2023-11-07T12:41:33.862+0000] {dag.py:3441} INFO - Setting next_dagrun for example_short_circuit_operator to 2023-11-06T12:41:33.862139+00:00, run_after=2023-11-07T12:41:33.862139+00:00
[2023-11-07T12:41:33.871+0000] {processor.py:175} INFO - Processing /home/airflow/.local/lib/python3.7/site-packages/airflow/example_dags/example_short_circuit_operator.py took 0.049 seconds
[2023-11-07T14:05:41.775+0000] {processor.py:153} INFO - Started process (PID=67426) to work on /home/airflow/.local/lib/python3.7/site-packages/airflow/example_dags/example_short_circuit_operator.py
[2023-11-07T14:05:41.777+0000] {processor.py:743} INFO - Processing file /home/airflow/.local/lib/python3.7/site-packages/airflow/example_dags/example_short_circuit_operator.py for tasks to queue
[2023-11-07T14:05:41.777+0000] {logging_mixin.py:137} INFO - [2023-11-07T14:05:41.777+0000] {dagbag.py:538} INFO - Filling up the DagBag from /home/airflow/.local/lib/python3.7/site-packages/airflow/example_dags/example_short_circuit_operator.py
[2023-11-07T14:05:41.793+0000] {processor.py:753} INFO - DAG(s) dict_keys(['example_short_circuit_operator']) retrieved from /home/airflow/.local/lib/python3.7/site-packages/airflow/example_dags/example_short_circuit_operator.py
[2023-11-07T14:05:41.808+0000] {logging_mixin.py:137} INFO - [2023-11-07T14:05:41.808+0000] {dag.py:2690} INFO - Sync 1 DAGs
[2023-11-07T14:05:41.821+0000] {logging_mixin.py:137} INFO - [2023-11-07T14:05:41.821+0000] {dag.py:3441} INFO - Setting next_dagrun for example_short_circuit_operator to 2023-11-06T14:05:41.821658+00:00, run_after=2023-11-07T14:05:41.821658+00:00
[2023-11-07T14:05:41.830+0000] {processor.py:175} INFO - Processing /home/airflow/.local/lib/python3.7/site-packages/airflow/example_dags/example_short_circuit_operator.py took 0.059 seconds
[2023-11-07T15:22:24.659+0000] {processor.py:153} INFO - Started process (PID=67521) to work on /home/airflow/.local/lib/python3.7/site-packages/airflow/example_dags/example_short_circuit_operator.py
[2023-11-07T15:22:24.659+0000] {processor.py:743} INFO - Processing file /home/airflow/.local/lib/python3.7/site-packages/airflow/example_dags/example_short_circuit_operator.py for tasks to queue
[2023-11-07T15:22:24.660+0000] {logging_mixin.py:137} INFO - [2023-11-07T15:22:24.660+0000] {dagbag.py:538} INFO - Filling up the DagBag from /home/airflow/.local/lib/python3.7/site-packages/airflow/example_dags/example_short_circuit_operator.py
[2023-11-07T15:22:24.670+0000] {processor.py:753} INFO - DAG(s) dict_keys(['example_short_circuit_operator']) retrieved from /home/airflow/.local/lib/python3.7/site-packages/airflow/example_dags/example_short_circuit_operator.py
[2023-11-07T15:22:24.685+0000] {logging_mixin.py:137} INFO - [2023-11-07T15:22:24.685+0000] {dag.py:2690} INFO - Sync 1 DAGs
[2023-11-07T15:22:24.797+0000] {logging_mixin.py:137} INFO - [2023-11-07T15:22:24.797+0000] {dag.py:3441} INFO - Setting next_dagrun for example_short_circuit_operator to 2023-11-06T15:22:24.797367+00:00, run_after=2023-11-07T15:22:24.797367+00:00
[2023-11-07T15:22:24.805+0000] {processor.py:175} INFO - Processing /home/airflow/.local/lib/python3.7/site-packages/airflow/example_dags/example_short_circuit_operator.py took 0.148 seconds
[2023-11-07T16:46:01.659+0000] {processor.py:153} INFO - Started process (PID=67598) to work on /home/airflow/.local/lib/python3.7/site-packages/airflow/example_dags/example_short_circuit_operator.py
[2023-11-07T16:46:01.660+0000] {processor.py:743} INFO - Processing file /home/airflow/.local/lib/python3.7/site-packages/airflow/example_dags/example_short_circuit_operator.py for tasks to queue
[2023-11-07T16:46:01.660+0000] {logging_mixin.py:137} INFO - [2023-11-07T16:46:01.660+0000] {dagbag.py:538} INFO - Filling up the DagBag from /home/airflow/.local/lib/python3.7/site-packages/airflow/example_dags/example_short_circuit_operator.py
[2023-11-07T16:46:01.671+0000] {processor.py:753} INFO - DAG(s) dict_keys(['example_short_circuit_operator']) retrieved from /home/airflow/.local/lib/python3.7/site-packages/airflow/example_dags/example_short_circuit_operator.py
[2023-11-07T16:46:01.799+0000] {logging_mixin.py:137} INFO - [2023-11-07T16:46:01.799+0000] {dag.py:2690} INFO - Sync 1 DAGs
[2023-11-07T16:46:01.810+0000] {logging_mixin.py:137} INFO - [2023-11-07T16:46:01.810+0000] {dag.py:3441} INFO - Setting next_dagrun for example_short_circuit_operator to 2023-11-06T16:46:01.810298+00:00, run_after=2023-11-07T16:46:01.810298+00:00
[2023-11-07T16:46:01.818+0000] {processor.py:175} INFO - Processing /home/airflow/.local/lib/python3.7/site-packages/airflow/example_dags/example_short_circuit_operator.py took 0.163 seconds
[2023-11-07T17:29:34.504+0000] {processor.py:153} INFO - Started process (PID=67693) to work on /home/airflow/.local/lib/python3.7/site-packages/airflow/example_dags/example_short_circuit_operator.py
[2023-11-07T17:29:34.505+0000] {processor.py:743} INFO - Processing file /home/airflow/.local/lib/python3.7/site-packages/airflow/example_dags/example_short_circuit_operator.py for tasks to queue
[2023-11-07T17:29:34.506+0000] {logging_mixin.py:137} INFO - [2023-11-07T17:29:34.506+0000] {dagbag.py:538} INFO - Filling up the DagBag from /home/airflow/.local/lib/python3.7/site-packages/airflow/example_dags/example_short_circuit_operator.py
[2023-11-07T17:29:34.520+0000] {processor.py:753} INFO - DAG(s) dict_keys(['example_short_circuit_operator']) retrieved from /home/airflow/.local/lib/python3.7/site-packages/airflow/example_dags/example_short_circuit_operator.py
[2023-11-07T17:29:34.534+0000] {logging_mixin.py:137} INFO - [2023-11-07T17:29:34.534+0000] {dag.py:2690} INFO - Sync 1 DAGs
[2023-11-07T17:29:34.546+0000] {logging_mixin.py:137} INFO - [2023-11-07T17:29:34.546+0000] {dag.py:3441} INFO - Setting next_dagrun for example_short_circuit_operator to 2023-11-06T17:29:34.546117+00:00, run_after=2023-11-07T17:29:34.546117+00:00
[2023-11-07T17:29:34.555+0000] {processor.py:175} INFO - Processing /home/airflow/.local/lib/python3.7/site-packages/airflow/example_dags/example_short_circuit_operator.py took 0.054 seconds
[2023-11-07T18:03:09.051+0000] {processor.py:153} INFO - Started process (PID=67779) to work on /home/airflow/.local/lib/python3.7/site-packages/airflow/example_dags/example_short_circuit_operator.py
[2023-11-07T18:03:09.052+0000] {processor.py:743} INFO - Processing file /home/airflow/.local/lib/python3.7/site-packages/airflow/example_dags/example_short_circuit_operator.py for tasks to queue
[2023-11-07T18:03:09.052+0000] {logging_mixin.py:137} INFO - [2023-11-07T18:03:09.052+0000] {dagbag.py:538} INFO - Filling up the DagBag from /home/airflow/.local/lib/python3.7/site-packages/airflow/example_dags/example_short_circuit_operator.py
[2023-11-07T18:03:09.068+0000] {processor.py:753} INFO - DAG(s) dict_keys(['example_short_circuit_operator']) retrieved from /home/airflow/.local/lib/python3.7/site-packages/airflow/example_dags/example_short_circuit_operator.py
[2023-11-07T18:03:09.090+0000] {logging_mixin.py:137} INFO - [2023-11-07T18:03:09.090+0000] {dag.py:2690} INFO - Sync 1 DAGs
[2023-11-07T18:03:09.242+0000] {logging_mixin.py:137} INFO - [2023-11-07T18:03:09.242+0000] {dag.py:3441} INFO - Setting next_dagrun for example_short_circuit_operator to 2023-11-06T18:03:09.241964+00:00, run_after=2023-11-07T18:03:09.241964+00:00
[2023-11-07T18:03:09.258+0000] {processor.py:175} INFO - Processing /home/airflow/.local/lib/python3.7/site-packages/airflow/example_dags/example_short_circuit_operator.py took 0.211 seconds
[2023-11-07T19:26:08.279+0000] {processor.py:153} INFO - Started process (PID=67865) to work on /home/airflow/.local/lib/python3.7/site-packages/airflow/example_dags/example_short_circuit_operator.py
[2023-11-07T19:26:08.280+0000] {processor.py:743} INFO - Processing file /home/airflow/.local/lib/python3.7/site-packages/airflow/example_dags/example_short_circuit_operator.py for tasks to queue
[2023-11-07T19:26:08.280+0000] {logging_mixin.py:137} INFO - [2023-11-07T19:26:08.280+0000] {dagbag.py:538} INFO - Filling up the DagBag from /home/airflow/.local/lib/python3.7/site-packages/airflow/example_dags/example_short_circuit_operator.py
[2023-11-07T19:26:08.291+0000] {processor.py:753} INFO - DAG(s) dict_keys(['example_short_circuit_operator']) retrieved from /home/airflow/.local/lib/python3.7/site-packages/airflow/example_dags/example_short_circuit_operator.py
[2023-11-07T19:26:08.394+0000] {logging_mixin.py:137} INFO - [2023-11-07T19:26:08.394+0000] {dag.py:2690} INFO - Sync 1 DAGs
[2023-11-07T19:26:08.405+0000] {logging_mixin.py:137} INFO - [2023-11-07T19:26:08.405+0000] {dag.py:3441} INFO - Setting next_dagrun for example_short_circuit_operator to 2023-11-06T19:26:08.405077+00:00, run_after=2023-11-07T19:26:08.405077+00:00
[2023-11-07T19:26:08.412+0000] {processor.py:175} INFO - Processing /home/airflow/.local/lib/python3.7/site-packages/airflow/example_dags/example_short_circuit_operator.py took 0.136 seconds
[2023-11-07T21:07:54.653+0000] {processor.py:153} INFO - Started process (PID=67960) to work on /home/airflow/.local/lib/python3.7/site-packages/airflow/example_dags/example_short_circuit_operator.py
[2023-11-07T21:07:54.654+0000] {processor.py:743} INFO - Processing file /home/airflow/.local/lib/python3.7/site-packages/airflow/example_dags/example_short_circuit_operator.py for tasks to queue
[2023-11-07T21:07:54.661+0000] {logging_mixin.py:137} INFO - [2023-11-07T21:07:54.661+0000] {dagbag.py:538} INFO - Filling up the DagBag from /home/airflow/.local/lib/python3.7/site-packages/airflow/example_dags/example_short_circuit_operator.py
[2023-11-07T21:07:54.679+0000] {processor.py:753} INFO - DAG(s) dict_keys(['example_short_circuit_operator']) retrieved from /home/airflow/.local/lib/python3.7/site-packages/airflow/example_dags/example_short_circuit_operator.py
[2023-11-07T21:07:54.697+0000] {logging_mixin.py:137} INFO - [2023-11-07T21:07:54.697+0000] {dag.py:2690} INFO - Sync 1 DAGs
[2023-11-07T21:07:54.714+0000] {logging_mixin.py:137} INFO - [2023-11-07T21:07:54.714+0000] {dag.py:3441} INFO - Setting next_dagrun for example_short_circuit_operator to 2023-11-06T21:07:54.714024+00:00, run_after=2023-11-07T21:07:54.714024+00:00
[2023-11-07T21:07:54.725+0000] {processor.py:175} INFO - Processing /home/airflow/.local/lib/python3.7/site-packages/airflow/example_dags/example_short_circuit_operator.py took 0.075 seconds
[2023-11-07T22:34:01.023+0000] {processor.py:153} INFO - Started process (PID=68037) to work on /home/airflow/.local/lib/python3.7/site-packages/airflow/example_dags/example_short_circuit_operator.py
[2023-11-07T22:34:01.024+0000] {processor.py:743} INFO - Processing file /home/airflow/.local/lib/python3.7/site-packages/airflow/example_dags/example_short_circuit_operator.py for tasks to queue
[2023-11-07T22:34:01.024+0000] {logging_mixin.py:137} INFO - [2023-11-07T22:34:01.024+0000] {dagbag.py:538} INFO - Filling up the DagBag from /home/airflow/.local/lib/python3.7/site-packages/airflow/example_dags/example_short_circuit_operator.py
[2023-11-07T22:34:01.035+0000] {processor.py:753} INFO - DAG(s) dict_keys(['example_short_circuit_operator']) retrieved from /home/airflow/.local/lib/python3.7/site-packages/airflow/example_dags/example_short_circuit_operator.py
[2023-11-07T22:34:01.050+0000] {logging_mixin.py:137} INFO - [2023-11-07T22:34:01.050+0000] {dag.py:2690} INFO - Sync 1 DAGs
[2023-11-07T22:34:01.155+0000] {logging_mixin.py:137} INFO - [2023-11-07T22:34:01.154+0000] {dag.py:3441} INFO - Setting next_dagrun for example_short_circuit_operator to 2023-11-06T22:34:01.154853+00:00, run_after=2023-11-07T22:34:01.154853+00:00
[2023-11-07T22:34:01.163+0000] {processor.py:175} INFO - Processing /home/airflow/.local/lib/python3.7/site-packages/airflow/example_dags/example_short_circuit_operator.py took 0.142 seconds
