[2023-11-07T00:02:39.677+0000] {processor.py:153} INFO - Started process (PID=63198) to work on /home/airflow/.local/lib/python3.7/site-packages/airflow/example_dags/example_time_delta_sensor_async.py
[2023-11-07T00:02:39.677+0000] {processor.py:743} INFO - Processing file /home/airflow/.local/lib/python3.7/site-packages/airflow/example_dags/example_time_delta_sensor_async.py for tasks to queue
[2023-11-07T00:02:39.678+0000] {logging_mixin.py:137} INFO - [2023-11-07T00:02:39.678+0000] {dagbag.py:538} INFO - Filling up the DagBag from /home/airflow/.local/lib/python3.7/site-packages/airflow/example_dags/example_time_delta_sensor_async.py
[2023-11-07T00:02:39.688+0000] {processor.py:753} INFO - DAG(s) dict_keys(['example_time_delta_sensor_async']) retrieved from /home/airflow/.local/lib/python3.7/site-packages/airflow/example_dags/example_time_delta_sensor_async.py
[2023-11-07T00:02:39.706+0000] {logging_mixin.py:137} INFO - [2023-11-07T00:02:39.706+0000] {dag.py:2690} INFO - Sync 1 DAGs
[2023-11-07T00:02:39.727+0000] {logging_mixin.py:137} INFO - [2023-11-07T00:02:39.727+0000] {dag.py:3441} INFO - Setting next_dagrun for example_time_delta_sensor_async to None, run_after=None
[2023-11-07T00:02:39.741+0000] {processor.py:175} INFO - Processing /home/airflow/.local/lib/python3.7/site-packages/airflow/example_dags/example_time_delta_sensor_async.py took 0.066 seconds
[2023-11-07T01:24:37.796+0000] {processor.py:153} INFO - Started process (PID=63275) to work on /home/airflow/.local/lib/python3.7/site-packages/airflow/example_dags/example_time_delta_sensor_async.py
[2023-11-07T01:24:37.796+0000] {processor.py:743} INFO - Processing file /home/airflow/.local/lib/python3.7/site-packages/airflow/example_dags/example_time_delta_sensor_async.py for tasks to queue
[2023-11-07T01:24:37.797+0000] {logging_mixin.py:137} INFO - [2023-11-07T01:24:37.797+0000] {dagbag.py:538} INFO - Filling up the DagBag from /home/airflow/.local/lib/python3.7/site-packages/airflow/example_dags/example_time_delta_sensor_async.py
[2023-11-07T01:24:37.806+0000] {processor.py:753} INFO - DAG(s) dict_keys(['example_time_delta_sensor_async']) retrieved from /home/airflow/.local/lib/python3.7/site-packages/airflow/example_dags/example_time_delta_sensor_async.py
[2023-11-07T01:24:37.822+0000] {logging_mixin.py:137} INFO - [2023-11-07T01:24:37.822+0000] {dag.py:2690} INFO - Sync 1 DAGs
[2023-11-07T01:24:37.837+0000] {logging_mixin.py:137} INFO - [2023-11-07T01:24:37.837+0000] {dag.py:3441} INFO - Setting next_dagrun for example_time_delta_sensor_async to None, run_after=None
[2023-11-07T01:24:37.848+0000] {processor.py:175} INFO - Processing /home/airflow/.local/lib/python3.7/site-packages/airflow/example_dags/example_time_delta_sensor_async.py took 0.055 seconds
[2023-11-07T02:16:04.736+0000] {processor.py:153} INFO - Started process (PID=63370) to work on /home/airflow/.local/lib/python3.7/site-packages/airflow/example_dags/example_time_delta_sensor_async.py
[2023-11-07T02:16:04.737+0000] {processor.py:743} INFO - Processing file /home/airflow/.local/lib/python3.7/site-packages/airflow/example_dags/example_time_delta_sensor_async.py for tasks to queue
[2023-11-07T02:16:04.738+0000] {logging_mixin.py:137} INFO - [2023-11-07T02:16:04.737+0000] {dagbag.py:538} INFO - Filling up the DagBag from /home/airflow/.local/lib/python3.7/site-packages/airflow/example_dags/example_time_delta_sensor_async.py
[2023-11-07T02:16:04.746+0000] {processor.py:753} INFO - DAG(s) dict_keys(['example_time_delta_sensor_async']) retrieved from /home/airflow/.local/lib/python3.7/site-packages/airflow/example_dags/example_time_delta_sensor_async.py
[2023-11-07T02:16:04.759+0000] {logging_mixin.py:137} INFO - [2023-11-07T02:16:04.759+0000] {dag.py:2690} INFO - Sync 1 DAGs
[2023-11-07T02:16:04.772+0000] {logging_mixin.py:137} INFO - [2023-11-07T02:16:04.771+0000] {dag.py:3441} INFO - Setting next_dagrun for example_time_delta_sensor_async to None, run_after=None
[2023-11-07T02:16:04.780+0000] {processor.py:175} INFO - Processing /home/airflow/.local/lib/python3.7/site-packages/airflow/example_dags/example_time_delta_sensor_async.py took 0.045 seconds
[2023-11-07T02:19:45.090+0000] {processor.py:153} INFO - Started process (PID=63447) to work on /home/airflow/.local/lib/python3.7/site-packages/airflow/example_dags/example_time_delta_sensor_async.py
[2023-11-07T02:19:45.091+0000] {processor.py:743} INFO - Processing file /home/airflow/.local/lib/python3.7/site-packages/airflow/example_dags/example_time_delta_sensor_async.py for tasks to queue
[2023-11-07T02:19:45.092+0000] {logging_mixin.py:137} INFO - [2023-11-07T02:19:45.092+0000] {dagbag.py:538} INFO - Filling up the DagBag from /home/airflow/.local/lib/python3.7/site-packages/airflow/example_dags/example_time_delta_sensor_async.py
[2023-11-07T02:19:45.103+0000] {processor.py:753} INFO - DAG(s) dict_keys(['example_time_delta_sensor_async']) retrieved from /home/airflow/.local/lib/python3.7/site-packages/airflow/example_dags/example_time_delta_sensor_async.py
[2023-11-07T02:19:45.138+0000] {logging_mixin.py:137} INFO - [2023-11-07T02:19:45.138+0000] {dag.py:2690} INFO - Sync 1 DAGs
[2023-11-07T02:19:45.167+0000] {logging_mixin.py:137} INFO - [2023-11-07T02:19:45.167+0000] {dag.py:3441} INFO - Setting next_dagrun for example_time_delta_sensor_async to None, run_after=None
[2023-11-07T02:19:45.184+0000] {processor.py:175} INFO - Processing /home/airflow/.local/lib/python3.7/site-packages/airflow/example_dags/example_time_delta_sensor_async.py took 0.097 seconds
[2023-11-07T02:23:25.302+0000] {processor.py:153} INFO - Started process (PID=63542) to work on /home/airflow/.local/lib/python3.7/site-packages/airflow/example_dags/example_time_delta_sensor_async.py
[2023-11-07T02:23:25.303+0000] {processor.py:743} INFO - Processing file /home/airflow/.local/lib/python3.7/site-packages/airflow/example_dags/example_time_delta_sensor_async.py for tasks to queue
[2023-11-07T02:23:25.304+0000] {logging_mixin.py:137} INFO - [2023-11-07T02:23:25.304+0000] {dagbag.py:538} INFO - Filling up the DagBag from /home/airflow/.local/lib/python3.7/site-packages/airflow/example_dags/example_time_delta_sensor_async.py
[2023-11-07T02:23:25.318+0000] {processor.py:753} INFO - DAG(s) dict_keys(['example_time_delta_sensor_async']) retrieved from /home/airflow/.local/lib/python3.7/site-packages/airflow/example_dags/example_time_delta_sensor_async.py
[2023-11-07T02:23:25.332+0000] {logging_mixin.py:137} INFO - [2023-11-07T02:23:25.332+0000] {dag.py:2690} INFO - Sync 1 DAGs
[2023-11-07T02:23:25.346+0000] {logging_mixin.py:137} INFO - [2023-11-07T02:23:25.345+0000] {dag.py:3441} INFO - Setting next_dagrun for example_time_delta_sensor_async to None, run_after=None
[2023-11-07T02:23:25.354+0000] {processor.py:175} INFO - Processing /home/airflow/.local/lib/python3.7/site-packages/airflow/example_dags/example_time_delta_sensor_async.py took 0.054 seconds
[2023-11-07T02:27:06.736+0000] {processor.py:153} INFO - Started process (PID=63637) to work on /home/airflow/.local/lib/python3.7/site-packages/airflow/example_dags/example_time_delta_sensor_async.py
[2023-11-07T02:27:06.737+0000] {processor.py:743} INFO - Processing file /home/airflow/.local/lib/python3.7/site-packages/airflow/example_dags/example_time_delta_sensor_async.py for tasks to queue
[2023-11-07T02:27:06.737+0000] {logging_mixin.py:137} INFO - [2023-11-07T02:27:06.737+0000] {dagbag.py:538} INFO - Filling up the DagBag from /home/airflow/.local/lib/python3.7/site-packages/airflow/example_dags/example_time_delta_sensor_async.py
[2023-11-07T02:27:06.747+0000] {processor.py:753} INFO - DAG(s) dict_keys(['example_time_delta_sensor_async']) retrieved from /home/airflow/.local/lib/python3.7/site-packages/airflow/example_dags/example_time_delta_sensor_async.py
[2023-11-07T02:27:06.761+0000] {logging_mixin.py:137} INFO - [2023-11-07T02:27:06.761+0000] {dag.py:2690} INFO - Sync 1 DAGs
[2023-11-07T02:27:06.774+0000] {logging_mixin.py:137} INFO - [2023-11-07T02:27:06.774+0000] {dag.py:3441} INFO - Setting next_dagrun for example_time_delta_sensor_async to None, run_after=None
[2023-11-07T02:27:06.784+0000] {processor.py:175} INFO - Processing /home/airflow/.local/lib/python3.7/site-packages/airflow/example_dags/example_time_delta_sensor_async.py took 0.049 seconds
[2023-11-07T02:30:46.547+0000] {processor.py:153} INFO - Started process (PID=63713) to work on /home/airflow/.local/lib/python3.7/site-packages/airflow/example_dags/example_time_delta_sensor_async.py
[2023-11-07T02:30:46.548+0000] {processor.py:743} INFO - Processing file /home/airflow/.local/lib/python3.7/site-packages/airflow/example_dags/example_time_delta_sensor_async.py for tasks to queue
[2023-11-07T02:30:46.548+0000] {logging_mixin.py:137} INFO - [2023-11-07T02:30:46.548+0000] {dagbag.py:538} INFO - Filling up the DagBag from /home/airflow/.local/lib/python3.7/site-packages/airflow/example_dags/example_time_delta_sensor_async.py
[2023-11-07T02:30:46.557+0000] {processor.py:753} INFO - DAG(s) dict_keys(['example_time_delta_sensor_async']) retrieved from /home/airflow/.local/lib/python3.7/site-packages/airflow/example_dags/example_time_delta_sensor_async.py
[2023-11-07T02:30:46.572+0000] {logging_mixin.py:137} INFO - [2023-11-07T02:30:46.572+0000] {dag.py:2690} INFO - Sync 1 DAGs
[2023-11-07T02:30:46.587+0000] {logging_mixin.py:137} INFO - [2023-11-07T02:30:46.587+0000] {dag.py:3441} INFO - Setting next_dagrun for example_time_delta_sensor_async to None, run_after=None
[2023-11-07T02:30:46.596+0000] {processor.py:175} INFO - Processing /home/airflow/.local/lib/python3.7/site-packages/airflow/example_dags/example_time_delta_sensor_async.py took 0.050 seconds
[2023-11-07T02:34:26.880+0000] {processor.py:153} INFO - Started process (PID=63808) to work on /home/airflow/.local/lib/python3.7/site-packages/airflow/example_dags/example_time_delta_sensor_async.py
[2023-11-07T02:34:26.881+0000] {processor.py:743} INFO - Processing file /home/airflow/.local/lib/python3.7/site-packages/airflow/example_dags/example_time_delta_sensor_async.py for tasks to queue
[2023-11-07T02:34:26.881+0000] {logging_mixin.py:137} INFO - [2023-11-07T02:34:26.881+0000] {dagbag.py:538} INFO - Filling up the DagBag from /home/airflow/.local/lib/python3.7/site-packages/airflow/example_dags/example_time_delta_sensor_async.py
[2023-11-07T02:34:26.896+0000] {processor.py:753} INFO - DAG(s) dict_keys(['example_time_delta_sensor_async']) retrieved from /home/airflow/.local/lib/python3.7/site-packages/airflow/example_dags/example_time_delta_sensor_async.py
[2023-11-07T02:34:26.917+0000] {logging_mixin.py:137} INFO - [2023-11-07T02:34:26.917+0000] {dag.py:2690} INFO - Sync 1 DAGs
[2023-11-07T02:34:26.930+0000] {logging_mixin.py:137} INFO - [2023-11-07T02:34:26.930+0000] {dag.py:3441} INFO - Setting next_dagrun for example_time_delta_sensor_async to None, run_after=None
[2023-11-07T02:34:26.940+0000] {processor.py:175} INFO - Processing /home/airflow/.local/lib/python3.7/site-packages/airflow/example_dags/example_time_delta_sensor_async.py took 0.063 seconds
[2023-11-07T02:38:07.813+0000] {processor.py:153} INFO - Started process (PID=63894) to work on /home/airflow/.local/lib/python3.7/site-packages/airflow/example_dags/example_time_delta_sensor_async.py
[2023-11-07T02:38:07.813+0000] {processor.py:743} INFO - Processing file /home/airflow/.local/lib/python3.7/site-packages/airflow/example_dags/example_time_delta_sensor_async.py for tasks to queue
[2023-11-07T02:38:07.814+0000] {logging_mixin.py:137} INFO - [2023-11-07T02:38:07.813+0000] {dagbag.py:538} INFO - Filling up the DagBag from /home/airflow/.local/lib/python3.7/site-packages/airflow/example_dags/example_time_delta_sensor_async.py
[2023-11-07T02:38:07.823+0000] {processor.py:753} INFO - DAG(s) dict_keys(['example_time_delta_sensor_async']) retrieved from /home/airflow/.local/lib/python3.7/site-packages/airflow/example_dags/example_time_delta_sensor_async.py
[2023-11-07T02:38:07.841+0000] {logging_mixin.py:137} INFO - [2023-11-07T02:38:07.841+0000] {dag.py:2690} INFO - Sync 1 DAGs
[2023-11-07T02:38:07.860+0000] {logging_mixin.py:137} INFO - [2023-11-07T02:38:07.860+0000] {dag.py:3441} INFO - Setting next_dagrun for example_time_delta_sensor_async to None, run_after=None
[2023-11-07T02:38:07.870+0000] {processor.py:175} INFO - Processing /home/airflow/.local/lib/python3.7/site-packages/airflow/example_dags/example_time_delta_sensor_async.py took 0.061 seconds
[2023-11-07T02:41:48.205+0000] {processor.py:153} INFO - Started process (PID=63980) to work on /home/airflow/.local/lib/python3.7/site-packages/airflow/example_dags/example_time_delta_sensor_async.py
[2023-11-07T02:41:48.206+0000] {processor.py:743} INFO - Processing file /home/airflow/.local/lib/python3.7/site-packages/airflow/example_dags/example_time_delta_sensor_async.py for tasks to queue
[2023-11-07T02:41:48.206+0000] {logging_mixin.py:137} INFO - [2023-11-07T02:41:48.206+0000] {dagbag.py:538} INFO - Filling up the DagBag from /home/airflow/.local/lib/python3.7/site-packages/airflow/example_dags/example_time_delta_sensor_async.py
[2023-11-07T02:41:48.215+0000] {processor.py:753} INFO - DAG(s) dict_keys(['example_time_delta_sensor_async']) retrieved from /home/airflow/.local/lib/python3.7/site-packages/airflow/example_dags/example_time_delta_sensor_async.py
[2023-11-07T02:41:48.231+0000] {logging_mixin.py:137} INFO - [2023-11-07T02:41:48.231+0000] {dag.py:2690} INFO - Sync 1 DAGs
[2023-11-07T02:41:48.246+0000] {logging_mixin.py:137} INFO - [2023-11-07T02:41:48.246+0000] {dag.py:3441} INFO - Setting next_dagrun for example_time_delta_sensor_async to None, run_after=None
[2023-11-07T02:41:48.259+0000] {processor.py:175} INFO - Processing /home/airflow/.local/lib/python3.7/site-packages/airflow/example_dags/example_time_delta_sensor_async.py took 0.056 seconds
[2023-11-07T02:45:28.195+0000] {processor.py:153} INFO - Started process (PID=64075) to work on /home/airflow/.local/lib/python3.7/site-packages/airflow/example_dags/example_time_delta_sensor_async.py
[2023-11-07T02:45:28.196+0000] {processor.py:743} INFO - Processing file /home/airflow/.local/lib/python3.7/site-packages/airflow/example_dags/example_time_delta_sensor_async.py for tasks to queue
[2023-11-07T02:45:28.196+0000] {logging_mixin.py:137} INFO - [2023-11-07T02:45:28.196+0000] {dagbag.py:538} INFO - Filling up the DagBag from /home/airflow/.local/lib/python3.7/site-packages/airflow/example_dags/example_time_delta_sensor_async.py
[2023-11-07T02:45:28.204+0000] {processor.py:753} INFO - DAG(s) dict_keys(['example_time_delta_sensor_async']) retrieved from /home/airflow/.local/lib/python3.7/site-packages/airflow/example_dags/example_time_delta_sensor_async.py
[2023-11-07T02:45:28.226+0000] {logging_mixin.py:137} INFO - [2023-11-07T02:45:28.226+0000] {dag.py:2690} INFO - Sync 1 DAGs
[2023-11-07T02:45:28.246+0000] {logging_mixin.py:137} INFO - [2023-11-07T02:45:28.246+0000] {dag.py:3441} INFO - Setting next_dagrun for example_time_delta_sensor_async to None, run_after=None
[2023-11-07T02:45:28.261+0000] {processor.py:175} INFO - Processing /home/airflow/.local/lib/python3.7/site-packages/airflow/example_dags/example_time_delta_sensor_async.py took 0.067 seconds
[2023-11-07T02:49:08.566+0000] {processor.py:153} INFO - Started process (PID=64152) to work on /home/airflow/.local/lib/python3.7/site-packages/airflow/example_dags/example_time_delta_sensor_async.py
[2023-11-07T02:49:08.566+0000] {processor.py:743} INFO - Processing file /home/airflow/.local/lib/python3.7/site-packages/airflow/example_dags/example_time_delta_sensor_async.py for tasks to queue
[2023-11-07T02:49:08.567+0000] {logging_mixin.py:137} INFO - [2023-11-07T02:49:08.567+0000] {dagbag.py:538} INFO - Filling up the DagBag from /home/airflow/.local/lib/python3.7/site-packages/airflow/example_dags/example_time_delta_sensor_async.py
[2023-11-07T02:49:08.576+0000] {processor.py:753} INFO - DAG(s) dict_keys(['example_time_delta_sensor_async']) retrieved from /home/airflow/.local/lib/python3.7/site-packages/airflow/example_dags/example_time_delta_sensor_async.py
[2023-11-07T02:49:08.590+0000] {logging_mixin.py:137} INFO - [2023-11-07T02:49:08.590+0000] {dag.py:2690} INFO - Sync 1 DAGs
[2023-11-07T02:49:08.602+0000] {logging_mixin.py:137} INFO - [2023-11-07T02:49:08.602+0000] {dag.py:3441} INFO - Setting next_dagrun for example_time_delta_sensor_async to None, run_after=None
[2023-11-07T02:49:08.610+0000] {processor.py:175} INFO - Processing /home/airflow/.local/lib/python3.7/site-packages/airflow/example_dags/example_time_delta_sensor_async.py took 0.046 seconds
[2023-11-07T02:52:49.670+0000] {processor.py:153} INFO - Started process (PID=64247) to work on /home/airflow/.local/lib/python3.7/site-packages/airflow/example_dags/example_time_delta_sensor_async.py
[2023-11-07T02:52:49.671+0000] {processor.py:743} INFO - Processing file /home/airflow/.local/lib/python3.7/site-packages/airflow/example_dags/example_time_delta_sensor_async.py for tasks to queue
[2023-11-07T02:52:49.672+0000] {logging_mixin.py:137} INFO - [2023-11-07T02:52:49.672+0000] {dagbag.py:538} INFO - Filling up the DagBag from /home/airflow/.local/lib/python3.7/site-packages/airflow/example_dags/example_time_delta_sensor_async.py
[2023-11-07T02:52:49.682+0000] {processor.py:753} INFO - DAG(s) dict_keys(['example_time_delta_sensor_async']) retrieved from /home/airflow/.local/lib/python3.7/site-packages/airflow/example_dags/example_time_delta_sensor_async.py
[2023-11-07T02:52:49.696+0000] {logging_mixin.py:137} INFO - [2023-11-07T02:52:49.696+0000] {dag.py:2690} INFO - Sync 1 DAGs
[2023-11-07T02:52:49.708+0000] {logging_mixin.py:137} INFO - [2023-11-07T02:52:49.708+0000] {dag.py:3441} INFO - Setting next_dagrun for example_time_delta_sensor_async to None, run_after=None
[2023-11-07T02:52:49.807+0000] {processor.py:175} INFO - Processing /home/airflow/.local/lib/python3.7/site-packages/airflow/example_dags/example_time_delta_sensor_async.py took 0.141 seconds
[2023-11-07T02:56:30.183+0000] {processor.py:153} INFO - Started process (PID=64342) to work on /home/airflow/.local/lib/python3.7/site-packages/airflow/example_dags/example_time_delta_sensor_async.py
[2023-11-07T02:56:30.184+0000] {processor.py:743} INFO - Processing file /home/airflow/.local/lib/python3.7/site-packages/airflow/example_dags/example_time_delta_sensor_async.py for tasks to queue
[2023-11-07T02:56:30.184+0000] {logging_mixin.py:137} INFO - [2023-11-07T02:56:30.184+0000] {dagbag.py:538} INFO - Filling up the DagBag from /home/airflow/.local/lib/python3.7/site-packages/airflow/example_dags/example_time_delta_sensor_async.py
[2023-11-07T02:56:30.192+0000] {processor.py:753} INFO - DAG(s) dict_keys(['example_time_delta_sensor_async']) retrieved from /home/airflow/.local/lib/python3.7/site-packages/airflow/example_dags/example_time_delta_sensor_async.py
[2023-11-07T02:56:30.206+0000] {logging_mixin.py:137} INFO - [2023-11-07T02:56:30.206+0000] {dag.py:2690} INFO - Sync 1 DAGs
[2023-11-07T02:56:30.219+0000] {logging_mixin.py:137} INFO - [2023-11-07T02:56:30.219+0000] {dag.py:3441} INFO - Setting next_dagrun for example_time_delta_sensor_async to None, run_after=None
[2023-11-07T02:56:30.227+0000] {processor.py:175} INFO - Processing /home/airflow/.local/lib/python3.7/site-packages/airflow/example_dags/example_time_delta_sensor_async.py took 0.046 seconds
[2023-11-07T03:00:08.834+0000] {processor.py:153} INFO - Started process (PID=64419) to work on /home/airflow/.local/lib/python3.7/site-packages/airflow/example_dags/example_time_delta_sensor_async.py
[2023-11-07T03:00:08.834+0000] {processor.py:743} INFO - Processing file /home/airflow/.local/lib/python3.7/site-packages/airflow/example_dags/example_time_delta_sensor_async.py for tasks to queue
[2023-11-07T03:00:08.835+0000] {logging_mixin.py:137} INFO - [2023-11-07T03:00:08.834+0000] {dagbag.py:538} INFO - Filling up the DagBag from /home/airflow/.local/lib/python3.7/site-packages/airflow/example_dags/example_time_delta_sensor_async.py
[2023-11-07T03:00:08.843+0000] {processor.py:753} INFO - DAG(s) dict_keys(['example_time_delta_sensor_async']) retrieved from /home/airflow/.local/lib/python3.7/site-packages/airflow/example_dags/example_time_delta_sensor_async.py
[2023-11-07T03:00:08.860+0000] {logging_mixin.py:137} INFO - [2023-11-07T03:00:08.860+0000] {dag.py:2690} INFO - Sync 1 DAGs
[2023-11-07T03:00:08.872+0000] {logging_mixin.py:137} INFO - [2023-11-07T03:00:08.871+0000] {dag.py:3441} INFO - Setting next_dagrun for example_time_delta_sensor_async to None, run_after=None
[2023-11-07T03:00:08.879+0000] {processor.py:175} INFO - Processing /home/airflow/.local/lib/python3.7/site-packages/airflow/example_dags/example_time_delta_sensor_async.py took 0.048 seconds
[2023-11-07T03:03:49.417+0000] {processor.py:153} INFO - Started process (PID=64514) to work on /home/airflow/.local/lib/python3.7/site-packages/airflow/example_dags/example_time_delta_sensor_async.py
[2023-11-07T03:03:49.417+0000] {processor.py:743} INFO - Processing file /home/airflow/.local/lib/python3.7/site-packages/airflow/example_dags/example_time_delta_sensor_async.py for tasks to queue
[2023-11-07T03:03:49.418+0000] {logging_mixin.py:137} INFO - [2023-11-07T03:03:49.418+0000] {dagbag.py:538} INFO - Filling up the DagBag from /home/airflow/.local/lib/python3.7/site-packages/airflow/example_dags/example_time_delta_sensor_async.py
[2023-11-07T03:03:49.427+0000] {processor.py:753} INFO - DAG(s) dict_keys(['example_time_delta_sensor_async']) retrieved from /home/airflow/.local/lib/python3.7/site-packages/airflow/example_dags/example_time_delta_sensor_async.py
[2023-11-07T03:03:49.441+0000] {logging_mixin.py:137} INFO - [2023-11-07T03:03:49.441+0000] {dag.py:2690} INFO - Sync 1 DAGs
[2023-11-07T03:03:49.454+0000] {logging_mixin.py:137} INFO - [2023-11-07T03:03:49.454+0000] {dag.py:3441} INFO - Setting next_dagrun for example_time_delta_sensor_async to None, run_after=None
[2023-11-07T03:03:49.467+0000] {processor.py:175} INFO - Processing /home/airflow/.local/lib/python3.7/site-packages/airflow/example_dags/example_time_delta_sensor_async.py took 0.052 seconds
[2023-11-07T03:07:30.820+0000] {processor.py:153} INFO - Started process (PID=64591) to work on /home/airflow/.local/lib/python3.7/site-packages/airflow/example_dags/example_time_delta_sensor_async.py
[2023-11-07T03:07:30.820+0000] {processor.py:743} INFO - Processing file /home/airflow/.local/lib/python3.7/site-packages/airflow/example_dags/example_time_delta_sensor_async.py for tasks to queue
[2023-11-07T03:07:30.821+0000] {logging_mixin.py:137} INFO - [2023-11-07T03:07:30.821+0000] {dagbag.py:538} INFO - Filling up the DagBag from /home/airflow/.local/lib/python3.7/site-packages/airflow/example_dags/example_time_delta_sensor_async.py
[2023-11-07T03:07:30.829+0000] {processor.py:753} INFO - DAG(s) dict_keys(['example_time_delta_sensor_async']) retrieved from /home/airflow/.local/lib/python3.7/site-packages/airflow/example_dags/example_time_delta_sensor_async.py
[2023-11-07T03:07:31.160+0000] {logging_mixin.py:137} INFO - [2023-11-07T03:07:31.160+0000] {dag.py:2690} INFO - Sync 1 DAGs
[2023-11-07T03:07:31.186+0000] {logging_mixin.py:137} INFO - [2023-11-07T03:07:31.186+0000] {dag.py:3441} INFO - Setting next_dagrun for example_time_delta_sensor_async to None, run_after=None
[2023-11-07T03:07:31.233+0000] {processor.py:175} INFO - Processing /home/airflow/.local/lib/python3.7/site-packages/airflow/example_dags/example_time_delta_sensor_async.py took 0.416 seconds
[2023-11-07T03:11:11.380+0000] {processor.py:153} INFO - Started process (PID=64686) to work on /home/airflow/.local/lib/python3.7/site-packages/airflow/example_dags/example_time_delta_sensor_async.py
[2023-11-07T03:11:11.381+0000] {processor.py:743} INFO - Processing file /home/airflow/.local/lib/python3.7/site-packages/airflow/example_dags/example_time_delta_sensor_async.py for tasks to queue
[2023-11-07T03:11:11.381+0000] {logging_mixin.py:137} INFO - [2023-11-07T03:11:11.381+0000] {dagbag.py:538} INFO - Filling up the DagBag from /home/airflow/.local/lib/python3.7/site-packages/airflow/example_dags/example_time_delta_sensor_async.py
[2023-11-07T03:11:11.390+0000] {processor.py:753} INFO - DAG(s) dict_keys(['example_time_delta_sensor_async']) retrieved from /home/airflow/.local/lib/python3.7/site-packages/airflow/example_dags/example_time_delta_sensor_async.py
[2023-11-07T03:11:11.405+0000] {logging_mixin.py:137} INFO - [2023-11-07T03:11:11.405+0000] {dag.py:2690} INFO - Sync 1 DAGs
[2023-11-07T03:11:11.417+0000] {logging_mixin.py:137} INFO - [2023-11-07T03:11:11.417+0000] {dag.py:3441} INFO - Setting next_dagrun for example_time_delta_sensor_async to None, run_after=None
[2023-11-07T03:11:11.426+0000] {processor.py:175} INFO - Processing /home/airflow/.local/lib/python3.7/site-packages/airflow/example_dags/example_time_delta_sensor_async.py took 0.048 seconds
[2023-11-07T03:14:52.426+0000] {processor.py:153} INFO - Started process (PID=64781) to work on /home/airflow/.local/lib/python3.7/site-packages/airflow/example_dags/example_time_delta_sensor_async.py
[2023-11-07T03:14:52.427+0000] {processor.py:743} INFO - Processing file /home/airflow/.local/lib/python3.7/site-packages/airflow/example_dags/example_time_delta_sensor_async.py for tasks to queue
[2023-11-07T03:14:52.427+0000] {logging_mixin.py:137} INFO - [2023-11-07T03:14:52.427+0000] {dagbag.py:538} INFO - Filling up the DagBag from /home/airflow/.local/lib/python3.7/site-packages/airflow/example_dags/example_time_delta_sensor_async.py
[2023-11-07T03:14:52.435+0000] {processor.py:753} INFO - DAG(s) dict_keys(['example_time_delta_sensor_async']) retrieved from /home/airflow/.local/lib/python3.7/site-packages/airflow/example_dags/example_time_delta_sensor_async.py
[2023-11-07T03:14:52.448+0000] {logging_mixin.py:137} INFO - [2023-11-07T03:14:52.448+0000] {dag.py:2690} INFO - Sync 1 DAGs
[2023-11-07T03:14:52.459+0000] {logging_mixin.py:137} INFO - [2023-11-07T03:14:52.459+0000] {dag.py:3441} INFO - Setting next_dagrun for example_time_delta_sensor_async to None, run_after=None
[2023-11-07T03:14:52.467+0000] {processor.py:175} INFO - Processing /home/airflow/.local/lib/python3.7/site-packages/airflow/example_dags/example_time_delta_sensor_async.py took 0.043 seconds
[2023-11-07T03:18:33.101+0000] {processor.py:153} INFO - Started process (PID=64864) to work on /home/airflow/.local/lib/python3.7/site-packages/airflow/example_dags/example_time_delta_sensor_async.py
[2023-11-07T03:18:33.102+0000] {processor.py:743} INFO - Processing file /home/airflow/.local/lib/python3.7/site-packages/airflow/example_dags/example_time_delta_sensor_async.py for tasks to queue
[2023-11-07T03:18:33.103+0000] {logging_mixin.py:137} INFO - [2023-11-07T03:18:33.103+0000] {dagbag.py:538} INFO - Filling up the DagBag from /home/airflow/.local/lib/python3.7/site-packages/airflow/example_dags/example_time_delta_sensor_async.py
[2023-11-07T03:18:33.113+0000] {processor.py:753} INFO - DAG(s) dict_keys(['example_time_delta_sensor_async']) retrieved from /home/airflow/.local/lib/python3.7/site-packages/airflow/example_dags/example_time_delta_sensor_async.py
[2023-11-07T03:18:33.133+0000] {logging_mixin.py:137} INFO - [2023-11-07T03:18:33.133+0000] {dag.py:2690} INFO - Sync 1 DAGs
[2023-11-07T03:18:33.155+0000] {logging_mixin.py:137} INFO - [2023-11-07T03:18:33.154+0000] {dag.py:3441} INFO - Setting next_dagrun for example_time_delta_sensor_async to None, run_after=None
[2023-11-07T03:18:33.299+0000] {processor.py:175} INFO - Processing /home/airflow/.local/lib/python3.7/site-packages/airflow/example_dags/example_time_delta_sensor_async.py took 0.200 seconds
[2023-11-07T03:22:12.996+0000] {processor.py:153} INFO - Started process (PID=64953) to work on /home/airflow/.local/lib/python3.7/site-packages/airflow/example_dags/example_time_delta_sensor_async.py
[2023-11-07T03:22:12.997+0000] {processor.py:743} INFO - Processing file /home/airflow/.local/lib/python3.7/site-packages/airflow/example_dags/example_time_delta_sensor_async.py for tasks to queue
[2023-11-07T03:22:12.997+0000] {logging_mixin.py:137} INFO - [2023-11-07T03:22:12.997+0000] {dagbag.py:538} INFO - Filling up the DagBag from /home/airflow/.local/lib/python3.7/site-packages/airflow/example_dags/example_time_delta_sensor_async.py
[2023-11-07T03:22:13.006+0000] {processor.py:753} INFO - DAG(s) dict_keys(['example_time_delta_sensor_async']) retrieved from /home/airflow/.local/lib/python3.7/site-packages/airflow/example_dags/example_time_delta_sensor_async.py
[2023-11-07T03:22:13.022+0000] {logging_mixin.py:137} INFO - [2023-11-07T03:22:13.022+0000] {dag.py:2690} INFO - Sync 1 DAGs
[2023-11-07T03:22:13.035+0000] {logging_mixin.py:137} INFO - [2023-11-07T03:22:13.035+0000] {dag.py:3441} INFO - Setting next_dagrun for example_time_delta_sensor_async to None, run_after=None
[2023-11-07T03:22:13.044+0000] {processor.py:175} INFO - Processing /home/airflow/.local/lib/python3.7/site-packages/airflow/example_dags/example_time_delta_sensor_async.py took 0.050 seconds
[2023-11-07T03:26:01.635+0000] {processor.py:153} INFO - Started process (PID=65049) to work on /home/airflow/.local/lib/python3.7/site-packages/airflow/example_dags/example_time_delta_sensor_async.py
[2023-11-07T03:26:01.636+0000] {processor.py:743} INFO - Processing file /home/airflow/.local/lib/python3.7/site-packages/airflow/example_dags/example_time_delta_sensor_async.py for tasks to queue
[2023-11-07T03:26:01.636+0000] {logging_mixin.py:137} INFO - [2023-11-07T03:26:01.636+0000] {dagbag.py:538} INFO - Filling up the DagBag from /home/airflow/.local/lib/python3.7/site-packages/airflow/example_dags/example_time_delta_sensor_async.py
[2023-11-07T03:26:01.646+0000] {processor.py:753} INFO - DAG(s) dict_keys(['example_time_delta_sensor_async']) retrieved from /home/airflow/.local/lib/python3.7/site-packages/airflow/example_dags/example_time_delta_sensor_async.py
[2023-11-07T03:26:01.663+0000] {logging_mixin.py:137} INFO - [2023-11-07T03:26:01.663+0000] {dag.py:2690} INFO - Sync 1 DAGs
[2023-11-07T03:26:01.675+0000] {logging_mixin.py:137} INFO - [2023-11-07T03:26:01.675+0000] {dag.py:3441} INFO - Setting next_dagrun for example_time_delta_sensor_async to None, run_after=None
[2023-11-07T03:26:01.685+0000] {processor.py:175} INFO - Processing /home/airflow/.local/lib/python3.7/site-packages/airflow/example_dags/example_time_delta_sensor_async.py took 0.052 seconds
[2023-11-07T03:28:50.020+0000] {processor.py:153} INFO - Started process (PID=65126) to work on /home/airflow/.local/lib/python3.7/site-packages/airflow/example_dags/example_time_delta_sensor_async.py
[2023-11-07T03:28:50.020+0000] {processor.py:743} INFO - Processing file /home/airflow/.local/lib/python3.7/site-packages/airflow/example_dags/example_time_delta_sensor_async.py for tasks to queue
[2023-11-07T03:28:50.021+0000] {logging_mixin.py:137} INFO - [2023-11-07T03:28:50.020+0000] {dagbag.py:538} INFO - Filling up the DagBag from /home/airflow/.local/lib/python3.7/site-packages/airflow/example_dags/example_time_delta_sensor_async.py
[2023-11-07T03:28:50.029+0000] {processor.py:753} INFO - DAG(s) dict_keys(['example_time_delta_sensor_async']) retrieved from /home/airflow/.local/lib/python3.7/site-packages/airflow/example_dags/example_time_delta_sensor_async.py
[2023-11-07T03:28:50.044+0000] {logging_mixin.py:137} INFO - [2023-11-07T03:28:50.044+0000] {dag.py:2690} INFO - Sync 1 DAGs
[2023-11-07T03:28:50.055+0000] {logging_mixin.py:137} INFO - [2023-11-07T03:28:50.055+0000] {dag.py:3441} INFO - Setting next_dagrun for example_time_delta_sensor_async to None, run_after=None
[2023-11-07T03:28:50.063+0000] {processor.py:175} INFO - Processing /home/airflow/.local/lib/python3.7/site-packages/airflow/example_dags/example_time_delta_sensor_async.py took 0.046 seconds
[2023-11-07T03:31:36.329+0000] {processor.py:153} INFO - Started process (PID=65221) to work on /home/airflow/.local/lib/python3.7/site-packages/airflow/example_dags/example_time_delta_sensor_async.py
[2023-11-07T03:31:36.330+0000] {processor.py:743} INFO - Processing file /home/airflow/.local/lib/python3.7/site-packages/airflow/example_dags/example_time_delta_sensor_async.py for tasks to queue
[2023-11-07T03:31:36.330+0000] {logging_mixin.py:137} INFO - [2023-11-07T03:31:36.330+0000] {dagbag.py:538} INFO - Filling up the DagBag from /home/airflow/.local/lib/python3.7/site-packages/airflow/example_dags/example_time_delta_sensor_async.py
[2023-11-07T03:31:36.338+0000] {processor.py:753} INFO - DAG(s) dict_keys(['example_time_delta_sensor_async']) retrieved from /home/airflow/.local/lib/python3.7/site-packages/airflow/example_dags/example_time_delta_sensor_async.py
[2023-11-07T03:31:36.354+0000] {logging_mixin.py:137} INFO - [2023-11-07T03:31:36.354+0000] {dag.py:2690} INFO - Sync 1 DAGs
[2023-11-07T03:31:36.452+0000] {logging_mixin.py:137} INFO - [2023-11-07T03:31:36.452+0000] {dag.py:3441} INFO - Setting next_dagrun for example_time_delta_sensor_async to None, run_after=None
[2023-11-07T03:31:36.460+0000] {processor.py:175} INFO - Processing /home/airflow/.local/lib/python3.7/site-packages/airflow/example_dags/example_time_delta_sensor_async.py took 0.132 seconds
[2023-11-07T03:35:16.124+0000] {processor.py:153} INFO - Started process (PID=65316) to work on /home/airflow/.local/lib/python3.7/site-packages/airflow/example_dags/example_time_delta_sensor_async.py
[2023-11-07T03:35:16.125+0000] {processor.py:743} INFO - Processing file /home/airflow/.local/lib/python3.7/site-packages/airflow/example_dags/example_time_delta_sensor_async.py for tasks to queue
[2023-11-07T03:35:16.130+0000] {logging_mixin.py:137} INFO - [2023-11-07T03:35:16.129+0000] {dagbag.py:538} INFO - Filling up the DagBag from /home/airflow/.local/lib/python3.7/site-packages/airflow/example_dags/example_time_delta_sensor_async.py
[2023-11-07T03:35:16.145+0000] {processor.py:753} INFO - DAG(s) dict_keys(['example_time_delta_sensor_async']) retrieved from /home/airflow/.local/lib/python3.7/site-packages/airflow/example_dags/example_time_delta_sensor_async.py
[2023-11-07T03:35:16.168+0000] {logging_mixin.py:137} INFO - [2023-11-07T03:35:16.168+0000] {dag.py:2690} INFO - Sync 1 DAGs
[2023-11-07T03:35:16.182+0000] {logging_mixin.py:137} INFO - [2023-11-07T03:35:16.182+0000] {dag.py:3441} INFO - Setting next_dagrun for example_time_delta_sensor_async to None, run_after=None
[2023-11-07T03:35:16.198+0000] {processor.py:175} INFO - Processing /home/airflow/.local/lib/python3.7/site-packages/airflow/example_dags/example_time_delta_sensor_async.py took 0.080 seconds
[2023-11-07T03:38:55.351+0000] {processor.py:153} INFO - Started process (PID=65393) to work on /home/airflow/.local/lib/python3.7/site-packages/airflow/example_dags/example_time_delta_sensor_async.py
[2023-11-07T03:38:55.354+0000] {processor.py:743} INFO - Processing file /home/airflow/.local/lib/python3.7/site-packages/airflow/example_dags/example_time_delta_sensor_async.py for tasks to queue
[2023-11-07T03:38:55.355+0000] {logging_mixin.py:137} INFO - [2023-11-07T03:38:55.354+0000] {dagbag.py:538} INFO - Filling up the DagBag from /home/airflow/.local/lib/python3.7/site-packages/airflow/example_dags/example_time_delta_sensor_async.py
[2023-11-07T03:38:55.367+0000] {processor.py:753} INFO - DAG(s) dict_keys(['example_time_delta_sensor_async']) retrieved from /home/airflow/.local/lib/python3.7/site-packages/airflow/example_dags/example_time_delta_sensor_async.py
[2023-11-07T03:38:55.391+0000] {logging_mixin.py:137} INFO - [2023-11-07T03:38:55.390+0000] {dag.py:2690} INFO - Sync 1 DAGs
[2023-11-07T03:38:55.408+0000] {logging_mixin.py:137} INFO - [2023-11-07T03:38:55.408+0000] {dag.py:3441} INFO - Setting next_dagrun for example_time_delta_sensor_async to None, run_after=None
[2023-11-07T03:38:55.421+0000] {processor.py:175} INFO - Processing /home/airflow/.local/lib/python3.7/site-packages/airflow/example_dags/example_time_delta_sensor_async.py took 0.087 seconds
[2023-11-07T03:42:37.400+0000] {processor.py:153} INFO - Started process (PID=65488) to work on /home/airflow/.local/lib/python3.7/site-packages/airflow/example_dags/example_time_delta_sensor_async.py
[2023-11-07T03:42:37.401+0000] {processor.py:743} INFO - Processing file /home/airflow/.local/lib/python3.7/site-packages/airflow/example_dags/example_time_delta_sensor_async.py for tasks to queue
[2023-11-07T03:42:37.401+0000] {logging_mixin.py:137} INFO - [2023-11-07T03:42:37.401+0000] {dagbag.py:538} INFO - Filling up the DagBag from /home/airflow/.local/lib/python3.7/site-packages/airflow/example_dags/example_time_delta_sensor_async.py
[2023-11-07T03:42:37.412+0000] {processor.py:753} INFO - DAG(s) dict_keys(['example_time_delta_sensor_async']) retrieved from /home/airflow/.local/lib/python3.7/site-packages/airflow/example_dags/example_time_delta_sensor_async.py
[2023-11-07T03:42:37.428+0000] {logging_mixin.py:137} INFO - [2023-11-07T03:42:37.428+0000] {dag.py:2690} INFO - Sync 1 DAGs
[2023-11-07T03:42:37.441+0000] {logging_mixin.py:137} INFO - [2023-11-07T03:42:37.441+0000] {dag.py:3441} INFO - Setting next_dagrun for example_time_delta_sensor_async to None, run_after=None
[2023-11-07T03:42:37.540+0000] {processor.py:175} INFO - Processing /home/airflow/.local/lib/python3.7/site-packages/airflow/example_dags/example_time_delta_sensor_async.py took 0.143 seconds
[2023-11-07T03:46:16.833+0000] {processor.py:153} INFO - Started process (PID=65565) to work on /home/airflow/.local/lib/python3.7/site-packages/airflow/example_dags/example_time_delta_sensor_async.py
[2023-11-07T03:46:16.834+0000] {processor.py:743} INFO - Processing file /home/airflow/.local/lib/python3.7/site-packages/airflow/example_dags/example_time_delta_sensor_async.py for tasks to queue
[2023-11-07T03:46:16.835+0000] {logging_mixin.py:137} INFO - [2023-11-07T03:46:16.835+0000] {dagbag.py:538} INFO - Filling up the DagBag from /home/airflow/.local/lib/python3.7/site-packages/airflow/example_dags/example_time_delta_sensor_async.py
[2023-11-07T03:46:16.849+0000] {processor.py:753} INFO - DAG(s) dict_keys(['example_time_delta_sensor_async']) retrieved from /home/airflow/.local/lib/python3.7/site-packages/airflow/example_dags/example_time_delta_sensor_async.py
[2023-11-07T03:46:16.866+0000] {logging_mixin.py:137} INFO - [2023-11-07T03:46:16.865+0000] {dag.py:2690} INFO - Sync 1 DAGs
[2023-11-07T03:46:16.880+0000] {logging_mixin.py:137} INFO - [2023-11-07T03:46:16.880+0000] {dag.py:3441} INFO - Setting next_dagrun for example_time_delta_sensor_async to None, run_after=None
[2023-11-07T03:46:16.888+0000] {processor.py:175} INFO - Processing /home/airflow/.local/lib/python3.7/site-packages/airflow/example_dags/example_time_delta_sensor_async.py took 0.057 seconds
[2023-11-07T03:49:05.409+0000] {processor.py:153} INFO - Started process (PID=65660) to work on /home/airflow/.local/lib/python3.7/site-packages/airflow/example_dags/example_time_delta_sensor_async.py
[2023-11-07T03:49:05.410+0000] {processor.py:743} INFO - Processing file /home/airflow/.local/lib/python3.7/site-packages/airflow/example_dags/example_time_delta_sensor_async.py for tasks to queue
[2023-11-07T03:49:05.411+0000] {logging_mixin.py:137} INFO - [2023-11-07T03:49:05.411+0000] {dagbag.py:538} INFO - Filling up the DagBag from /home/airflow/.local/lib/python3.7/site-packages/airflow/example_dags/example_time_delta_sensor_async.py
[2023-11-07T03:49:05.420+0000] {processor.py:753} INFO - DAG(s) dict_keys(['example_time_delta_sensor_async']) retrieved from /home/airflow/.local/lib/python3.7/site-packages/airflow/example_dags/example_time_delta_sensor_async.py
[2023-11-07T03:49:05.437+0000] {logging_mixin.py:137} INFO - [2023-11-07T03:49:05.437+0000] {dag.py:2690} INFO - Sync 1 DAGs
[2023-11-07T03:49:05.449+0000] {logging_mixin.py:137} INFO - [2023-11-07T03:49:05.449+0000] {dag.py:3441} INFO - Setting next_dagrun for example_time_delta_sensor_async to None, run_after=None
[2023-11-07T03:49:05.458+0000] {processor.py:175} INFO - Processing /home/airflow/.local/lib/python3.7/site-packages/airflow/example_dags/example_time_delta_sensor_async.py took 0.050 seconds
[2023-11-07T03:50:56.321+0000] {processor.py:153} INFO - Started process (PID=65755) to work on /home/airflow/.local/lib/python3.7/site-packages/airflow/example_dags/example_time_delta_sensor_async.py
[2023-11-07T03:50:56.322+0000] {processor.py:743} INFO - Processing file /home/airflow/.local/lib/python3.7/site-packages/airflow/example_dags/example_time_delta_sensor_async.py for tasks to queue
[2023-11-07T03:50:56.322+0000] {logging_mixin.py:137} INFO - [2023-11-07T03:50:56.322+0000] {dagbag.py:538} INFO - Filling up the DagBag from /home/airflow/.local/lib/python3.7/site-packages/airflow/example_dags/example_time_delta_sensor_async.py
[2023-11-07T03:50:56.331+0000] {processor.py:753} INFO - DAG(s) dict_keys(['example_time_delta_sensor_async']) retrieved from /home/airflow/.local/lib/python3.7/site-packages/airflow/example_dags/example_time_delta_sensor_async.py
[2023-11-07T03:50:56.344+0000] {logging_mixin.py:137} INFO - [2023-11-07T03:50:56.344+0000] {dag.py:2690} INFO - Sync 1 DAGs
[2023-11-07T03:50:56.356+0000] {logging_mixin.py:137} INFO - [2023-11-07T03:50:56.356+0000] {dag.py:3441} INFO - Setting next_dagrun for example_time_delta_sensor_async to None, run_after=None
[2023-11-07T03:50:56.365+0000] {processor.py:175} INFO - Processing /home/airflow/.local/lib/python3.7/site-packages/airflow/example_dags/example_time_delta_sensor_async.py took 0.046 seconds
[2023-11-07T03:53:34.677+0000] {processor.py:153} INFO - Started process (PID=65832) to work on /home/airflow/.local/lib/python3.7/site-packages/airflow/example_dags/example_time_delta_sensor_async.py
[2023-11-07T03:53:34.677+0000] {processor.py:743} INFO - Processing file /home/airflow/.local/lib/python3.7/site-packages/airflow/example_dags/example_time_delta_sensor_async.py for tasks to queue
[2023-11-07T03:53:34.678+0000] {logging_mixin.py:137} INFO - [2023-11-07T03:53:34.678+0000] {dagbag.py:538} INFO - Filling up the DagBag from /home/airflow/.local/lib/python3.7/site-packages/airflow/example_dags/example_time_delta_sensor_async.py
[2023-11-07T03:53:34.686+0000] {processor.py:753} INFO - DAG(s) dict_keys(['example_time_delta_sensor_async']) retrieved from /home/airflow/.local/lib/python3.7/site-packages/airflow/example_dags/example_time_delta_sensor_async.py
[2023-11-07T03:53:34.700+0000] {logging_mixin.py:137} INFO - [2023-11-07T03:53:34.700+0000] {dag.py:2690} INFO - Sync 1 DAGs
[2023-11-07T03:53:34.800+0000] {logging_mixin.py:137} INFO - [2023-11-07T03:53:34.800+0000] {dag.py:3441} INFO - Setting next_dagrun for example_time_delta_sensor_async to None, run_after=None
[2023-11-07T03:53:34.809+0000] {processor.py:175} INFO - Processing /home/airflow/.local/lib/python3.7/site-packages/airflow/example_dags/example_time_delta_sensor_async.py took 0.134 seconds
[2023-11-07T03:56:23.876+0000] {processor.py:153} INFO - Started process (PID=65927) to work on /home/airflow/.local/lib/python3.7/site-packages/airflow/example_dags/example_time_delta_sensor_async.py
[2023-11-07T03:56:23.876+0000] {processor.py:743} INFO - Processing file /home/airflow/.local/lib/python3.7/site-packages/airflow/example_dags/example_time_delta_sensor_async.py for tasks to queue
[2023-11-07T03:56:23.877+0000] {logging_mixin.py:137} INFO - [2023-11-07T03:56:23.877+0000] {dagbag.py:538} INFO - Filling up the DagBag from /home/airflow/.local/lib/python3.7/site-packages/airflow/example_dags/example_time_delta_sensor_async.py
[2023-11-07T03:56:23.886+0000] {processor.py:753} INFO - DAG(s) dict_keys(['example_time_delta_sensor_async']) retrieved from /home/airflow/.local/lib/python3.7/site-packages/airflow/example_dags/example_time_delta_sensor_async.py
[2023-11-07T03:56:23.899+0000] {logging_mixin.py:137} INFO - [2023-11-07T03:56:23.899+0000] {dag.py:2690} INFO - Sync 1 DAGs
[2023-11-07T03:56:23.911+0000] {logging_mixin.py:137} INFO - [2023-11-07T03:56:23.911+0000] {dag.py:3441} INFO - Setting next_dagrun for example_time_delta_sensor_async to None, run_after=None
[2023-11-07T03:56:23.921+0000] {processor.py:175} INFO - Processing /home/airflow/.local/lib/python3.7/site-packages/airflow/example_dags/example_time_delta_sensor_async.py took 0.047 seconds
[2023-11-07T04:00:04.508+0000] {processor.py:153} INFO - Started process (PID=66013) to work on /home/airflow/.local/lib/python3.7/site-packages/airflow/example_dags/example_time_delta_sensor_async.py
[2023-11-07T04:00:04.510+0000] {processor.py:743} INFO - Processing file /home/airflow/.local/lib/python3.7/site-packages/airflow/example_dags/example_time_delta_sensor_async.py for tasks to queue
[2023-11-07T04:00:04.511+0000] {logging_mixin.py:137} INFO - [2023-11-07T04:00:04.510+0000] {dagbag.py:538} INFO - Filling up the DagBag from /home/airflow/.local/lib/python3.7/site-packages/airflow/example_dags/example_time_delta_sensor_async.py
[2023-11-07T04:00:04.526+0000] {processor.py:753} INFO - DAG(s) dict_keys(['example_time_delta_sensor_async']) retrieved from /home/airflow/.local/lib/python3.7/site-packages/airflow/example_dags/example_time_delta_sensor_async.py
[2023-11-07T04:00:04.541+0000] {logging_mixin.py:137} INFO - [2023-11-07T04:00:04.541+0000] {dag.py:2690} INFO - Sync 1 DAGs
[2023-11-07T04:00:04.557+0000] {logging_mixin.py:137} INFO - [2023-11-07T04:00:04.557+0000] {dag.py:3441} INFO - Setting next_dagrun for example_time_delta_sensor_async to None, run_after=None
[2023-11-07T04:00:04.568+0000] {processor.py:175} INFO - Processing /home/airflow/.local/lib/python3.7/site-packages/airflow/example_dags/example_time_delta_sensor_async.py took 0.063 seconds
[2023-11-07T04:03:41.438+0000] {processor.py:153} INFO - Started process (PID=66099) to work on /home/airflow/.local/lib/python3.7/site-packages/airflow/example_dags/example_time_delta_sensor_async.py
[2023-11-07T04:03:41.439+0000] {processor.py:743} INFO - Processing file /home/airflow/.local/lib/python3.7/site-packages/airflow/example_dags/example_time_delta_sensor_async.py for tasks to queue
[2023-11-07T04:03:41.439+0000] {logging_mixin.py:137} INFO - [2023-11-07T04:03:41.439+0000] {dagbag.py:538} INFO - Filling up the DagBag from /home/airflow/.local/lib/python3.7/site-packages/airflow/example_dags/example_time_delta_sensor_async.py
[2023-11-07T04:03:41.450+0000] {processor.py:753} INFO - DAG(s) dict_keys(['example_time_delta_sensor_async']) retrieved from /home/airflow/.local/lib/python3.7/site-packages/airflow/example_dags/example_time_delta_sensor_async.py
[2023-11-07T04:03:41.467+0000] {logging_mixin.py:137} INFO - [2023-11-07T04:03:41.467+0000] {dag.py:2690} INFO - Sync 1 DAGs
[2023-11-07T04:03:41.481+0000] {logging_mixin.py:137} INFO - [2023-11-07T04:03:41.481+0000] {dag.py:3441} INFO - Setting next_dagrun for example_time_delta_sensor_async to None, run_after=None
[2023-11-07T04:03:41.585+0000] {processor.py:175} INFO - Processing /home/airflow/.local/lib/python3.7/site-packages/airflow/example_dags/example_time_delta_sensor_async.py took 0.149 seconds
[2023-11-07T04:07:22.197+0000] {processor.py:153} INFO - Started process (PID=66194) to work on /home/airflow/.local/lib/python3.7/site-packages/airflow/example_dags/example_time_delta_sensor_async.py
[2023-11-07T04:07:22.198+0000] {processor.py:743} INFO - Processing file /home/airflow/.local/lib/python3.7/site-packages/airflow/example_dags/example_time_delta_sensor_async.py for tasks to queue
[2023-11-07T04:07:22.198+0000] {logging_mixin.py:137} INFO - [2023-11-07T04:07:22.198+0000] {dagbag.py:538} INFO - Filling up the DagBag from /home/airflow/.local/lib/python3.7/site-packages/airflow/example_dags/example_time_delta_sensor_async.py
[2023-11-07T04:07:22.207+0000] {processor.py:753} INFO - DAG(s) dict_keys(['example_time_delta_sensor_async']) retrieved from /home/airflow/.local/lib/python3.7/site-packages/airflow/example_dags/example_time_delta_sensor_async.py
[2023-11-07T04:07:22.219+0000] {logging_mixin.py:137} INFO - [2023-11-07T04:07:22.219+0000] {dag.py:2690} INFO - Sync 1 DAGs
[2023-11-07T04:07:22.232+0000] {logging_mixin.py:137} INFO - [2023-11-07T04:07:22.232+0000] {dag.py:3441} INFO - Setting next_dagrun for example_time_delta_sensor_async to None, run_after=None
[2023-11-07T04:07:22.240+0000] {processor.py:175} INFO - Processing /home/airflow/.local/lib/python3.7/site-packages/airflow/example_dags/example_time_delta_sensor_async.py took 0.046 seconds
[2023-11-07T04:11:02.600+0000] {processor.py:153} INFO - Started process (PID=66271) to work on /home/airflow/.local/lib/python3.7/site-packages/airflow/example_dags/example_time_delta_sensor_async.py
[2023-11-07T04:11:02.601+0000] {processor.py:743} INFO - Processing file /home/airflow/.local/lib/python3.7/site-packages/airflow/example_dags/example_time_delta_sensor_async.py for tasks to queue
[2023-11-07T04:11:02.602+0000] {logging_mixin.py:137} INFO - [2023-11-07T04:11:02.601+0000] {dagbag.py:538} INFO - Filling up the DagBag from /home/airflow/.local/lib/python3.7/site-packages/airflow/example_dags/example_time_delta_sensor_async.py
[2023-11-07T04:11:02.611+0000] {processor.py:753} INFO - DAG(s) dict_keys(['example_time_delta_sensor_async']) retrieved from /home/airflow/.local/lib/python3.7/site-packages/airflow/example_dags/example_time_delta_sensor_async.py
[2023-11-07T04:11:02.626+0000] {logging_mixin.py:137} INFO - [2023-11-07T04:11:02.626+0000] {dag.py:2690} INFO - Sync 1 DAGs
[2023-11-07T04:11:02.645+0000] {logging_mixin.py:137} INFO - [2023-11-07T04:11:02.644+0000] {dag.py:3441} INFO - Setting next_dagrun for example_time_delta_sensor_async to None, run_after=None
[2023-11-07T04:11:02.655+0000] {processor.py:175} INFO - Processing /home/airflow/.local/lib/python3.7/site-packages/airflow/example_dags/example_time_delta_sensor_async.py took 0.057 seconds
[2023-11-07T04:14:42.851+0000] {processor.py:153} INFO - Started process (PID=66366) to work on /home/airflow/.local/lib/python3.7/site-packages/airflow/example_dags/example_time_delta_sensor_async.py
[2023-11-07T04:14:42.852+0000] {processor.py:743} INFO - Processing file /home/airflow/.local/lib/python3.7/site-packages/airflow/example_dags/example_time_delta_sensor_async.py for tasks to queue
[2023-11-07T04:14:42.852+0000] {logging_mixin.py:137} INFO - [2023-11-07T04:14:42.852+0000] {dagbag.py:538} INFO - Filling up the DagBag from /home/airflow/.local/lib/python3.7/site-packages/airflow/example_dags/example_time_delta_sensor_async.py
[2023-11-07T04:14:42.861+0000] {processor.py:753} INFO - DAG(s) dict_keys(['example_time_delta_sensor_async']) retrieved from /home/airflow/.local/lib/python3.7/site-packages/airflow/example_dags/example_time_delta_sensor_async.py
[2023-11-07T04:14:42.877+0000] {logging_mixin.py:137} INFO - [2023-11-07T04:14:42.877+0000] {dag.py:2690} INFO - Sync 1 DAGs
[2023-11-07T04:14:42.889+0000] {logging_mixin.py:137} INFO - [2023-11-07T04:14:42.889+0000] {dag.py:3441} INFO - Setting next_dagrun for example_time_delta_sensor_async to None, run_after=None
[2023-11-07T04:14:43.181+0000] {processor.py:175} INFO - Processing /home/airflow/.local/lib/python3.7/site-packages/airflow/example_dags/example_time_delta_sensor_async.py took 0.333 seconds
[2023-11-07T04:18:24.253+0000] {processor.py:153} INFO - Started process (PID=66461) to work on /home/airflow/.local/lib/python3.7/site-packages/airflow/example_dags/example_time_delta_sensor_async.py
[2023-11-07T04:18:24.255+0000] {processor.py:743} INFO - Processing file /home/airflow/.local/lib/python3.7/site-packages/airflow/example_dags/example_time_delta_sensor_async.py for tasks to queue
[2023-11-07T04:18:24.255+0000] {logging_mixin.py:137} INFO - [2023-11-07T04:18:24.255+0000] {dagbag.py:538} INFO - Filling up the DagBag from /home/airflow/.local/lib/python3.7/site-packages/airflow/example_dags/example_time_delta_sensor_async.py
[2023-11-07T04:18:24.265+0000] {processor.py:753} INFO - DAG(s) dict_keys(['example_time_delta_sensor_async']) retrieved from /home/airflow/.local/lib/python3.7/site-packages/airflow/example_dags/example_time_delta_sensor_async.py
[2023-11-07T04:18:24.282+0000] {logging_mixin.py:137} INFO - [2023-11-07T04:18:24.282+0000] {dag.py:2690} INFO - Sync 1 DAGs
[2023-11-07T04:18:24.395+0000] {logging_mixin.py:137} INFO - [2023-11-07T04:18:24.395+0000] {dag.py:3441} INFO - Setting next_dagrun for example_time_delta_sensor_async to None, run_after=None
[2023-11-07T04:18:24.403+0000] {processor.py:175} INFO - Processing /home/airflow/.local/lib/python3.7/site-packages/airflow/example_dags/example_time_delta_sensor_async.py took 0.152 seconds
[2023-11-07T04:22:03.246+0000] {processor.py:153} INFO - Started process (PID=66538) to work on /home/airflow/.local/lib/python3.7/site-packages/airflow/example_dags/example_time_delta_sensor_async.py
[2023-11-07T04:22:03.247+0000] {processor.py:743} INFO - Processing file /home/airflow/.local/lib/python3.7/site-packages/airflow/example_dags/example_time_delta_sensor_async.py for tasks to queue
[2023-11-07T04:22:03.247+0000] {logging_mixin.py:137} INFO - [2023-11-07T04:22:03.247+0000] {dagbag.py:538} INFO - Filling up the DagBag from /home/airflow/.local/lib/python3.7/site-packages/airflow/example_dags/example_time_delta_sensor_async.py
[2023-11-07T04:22:03.280+0000] {processor.py:753} INFO - DAG(s) dict_keys(['example_time_delta_sensor_async']) retrieved from /home/airflow/.local/lib/python3.7/site-packages/airflow/example_dags/example_time_delta_sensor_async.py
[2023-11-07T04:22:03.305+0000] {logging_mixin.py:137} INFO - [2023-11-07T04:22:03.305+0000] {dag.py:2690} INFO - Sync 1 DAGs
[2023-11-07T04:22:03.325+0000] {logging_mixin.py:137} INFO - [2023-11-07T04:22:03.324+0000] {dag.py:3441} INFO - Setting next_dagrun for example_time_delta_sensor_async to None, run_after=None
[2023-11-07T04:22:03.337+0000] {processor.py:175} INFO - Processing /home/airflow/.local/lib/python3.7/site-packages/airflow/example_dags/example_time_delta_sensor_async.py took 0.096 seconds
[2023-11-07T04:25:44.205+0000] {processor.py:153} INFO - Started process (PID=66633) to work on /home/airflow/.local/lib/python3.7/site-packages/airflow/example_dags/example_time_delta_sensor_async.py
[2023-11-07T04:25:44.206+0000] {processor.py:743} INFO - Processing file /home/airflow/.local/lib/python3.7/site-packages/airflow/example_dags/example_time_delta_sensor_async.py for tasks to queue
[2023-11-07T04:25:44.206+0000] {logging_mixin.py:137} INFO - [2023-11-07T04:25:44.206+0000] {dagbag.py:538} INFO - Filling up the DagBag from /home/airflow/.local/lib/python3.7/site-packages/airflow/example_dags/example_time_delta_sensor_async.py
[2023-11-07T04:25:44.216+0000] {processor.py:753} INFO - DAG(s) dict_keys(['example_time_delta_sensor_async']) retrieved from /home/airflow/.local/lib/python3.7/site-packages/airflow/example_dags/example_time_delta_sensor_async.py
[2023-11-07T04:25:44.232+0000] {logging_mixin.py:137} INFO - [2023-11-07T04:25:44.232+0000] {dag.py:2690} INFO - Sync 1 DAGs
[2023-11-07T04:25:44.251+0000] {logging_mixin.py:137} INFO - [2023-11-07T04:25:44.251+0000] {dag.py:3441} INFO - Setting next_dagrun for example_time_delta_sensor_async to None, run_after=None
[2023-11-07T04:25:44.263+0000] {processor.py:175} INFO - Processing /home/airflow/.local/lib/python3.7/site-packages/airflow/example_dags/example_time_delta_sensor_async.py took 0.060 seconds
[2023-11-07T04:29:25.839+0000] {processor.py:153} INFO - Started process (PID=66728) to work on /home/airflow/.local/lib/python3.7/site-packages/airflow/example_dags/example_time_delta_sensor_async.py
[2023-11-07T04:29:25.839+0000] {processor.py:743} INFO - Processing file /home/airflow/.local/lib/python3.7/site-packages/airflow/example_dags/example_time_delta_sensor_async.py for tasks to queue
[2023-11-07T04:29:25.840+0000] {logging_mixin.py:137} INFO - [2023-11-07T04:29:25.840+0000] {dagbag.py:538} INFO - Filling up the DagBag from /home/airflow/.local/lib/python3.7/site-packages/airflow/example_dags/example_time_delta_sensor_async.py
[2023-11-07T04:29:25.848+0000] {processor.py:753} INFO - DAG(s) dict_keys(['example_time_delta_sensor_async']) retrieved from /home/airflow/.local/lib/python3.7/site-packages/airflow/example_dags/example_time_delta_sensor_async.py
[2023-11-07T04:29:25.862+0000] {logging_mixin.py:137} INFO - [2023-11-07T04:29:25.862+0000] {dag.py:2690} INFO - Sync 1 DAGs
[2023-11-07T04:29:25.874+0000] {logging_mixin.py:137} INFO - [2023-11-07T04:29:25.874+0000] {dag.py:3441} INFO - Setting next_dagrun for example_time_delta_sensor_async to None, run_after=None
[2023-11-07T04:29:25.973+0000] {processor.py:175} INFO - Processing /home/airflow/.local/lib/python3.7/site-packages/airflow/example_dags/example_time_delta_sensor_async.py took 0.136 seconds
[2023-11-07T04:47:14.089+0000] {processor.py:153} INFO - Started process (PID=66805) to work on /home/airflow/.local/lib/python3.7/site-packages/airflow/example_dags/example_time_delta_sensor_async.py
[2023-11-07T04:47:14.090+0000] {processor.py:743} INFO - Processing file /home/airflow/.local/lib/python3.7/site-packages/airflow/example_dags/example_time_delta_sensor_async.py for tasks to queue
[2023-11-07T04:47:14.090+0000] {logging_mixin.py:137} INFO - [2023-11-07T04:47:14.090+0000] {dagbag.py:538} INFO - Filling up the DagBag from /home/airflow/.local/lib/python3.7/site-packages/airflow/example_dags/example_time_delta_sensor_async.py
[2023-11-07T04:47:14.099+0000] {processor.py:753} INFO - DAG(s) dict_keys(['example_time_delta_sensor_async']) retrieved from /home/airflow/.local/lib/python3.7/site-packages/airflow/example_dags/example_time_delta_sensor_async.py
[2023-11-07T04:47:14.113+0000] {logging_mixin.py:137} INFO - [2023-11-07T04:47:14.113+0000] {dag.py:2690} INFO - Sync 1 DAGs
[2023-11-07T04:47:14.125+0000] {logging_mixin.py:137} INFO - [2023-11-07T04:47:14.125+0000] {dag.py:3441} INFO - Setting next_dagrun for example_time_delta_sensor_async to None, run_after=None
[2023-11-07T04:47:14.133+0000] {processor.py:175} INFO - Processing /home/airflow/.local/lib/python3.7/site-packages/airflow/example_dags/example_time_delta_sensor_async.py took 0.046 seconds
[2023-11-07T06:13:56.664+0000] {processor.py:153} INFO - Started process (PID=66900) to work on /home/airflow/.local/lib/python3.7/site-packages/airflow/example_dags/example_time_delta_sensor_async.py
[2023-11-07T06:13:56.665+0000] {processor.py:743} INFO - Processing file /home/airflow/.local/lib/python3.7/site-packages/airflow/example_dags/example_time_delta_sensor_async.py for tasks to queue
[2023-11-07T06:13:56.665+0000] {logging_mixin.py:137} INFO - [2023-11-07T06:13:56.665+0000] {dagbag.py:538} INFO - Filling up the DagBag from /home/airflow/.local/lib/python3.7/site-packages/airflow/example_dags/example_time_delta_sensor_async.py
[2023-11-07T06:13:56.674+0000] {processor.py:753} INFO - DAG(s) dict_keys(['example_time_delta_sensor_async']) retrieved from /home/airflow/.local/lib/python3.7/site-packages/airflow/example_dags/example_time_delta_sensor_async.py
[2023-11-07T06:13:56.689+0000] {logging_mixin.py:137} INFO - [2023-11-07T06:13:56.689+0000] {dag.py:2690} INFO - Sync 1 DAGs
[2023-11-07T06:13:56.701+0000] {logging_mixin.py:137} INFO - [2023-11-07T06:13:56.701+0000] {dag.py:3441} INFO - Setting next_dagrun for example_time_delta_sensor_async to None, run_after=None
[2023-11-07T06:13:56.709+0000] {processor.py:175} INFO - Processing /home/airflow/.local/lib/python3.7/site-packages/airflow/example_dags/example_time_delta_sensor_async.py took 0.048 seconds
[2023-11-07T07:09:25.437+0000] {processor.py:153} INFO - Started process (PID=66977) to work on /home/airflow/.local/lib/python3.7/site-packages/airflow/example_dags/example_time_delta_sensor_async.py
[2023-11-07T07:09:25.438+0000] {processor.py:743} INFO - Processing file /home/airflow/.local/lib/python3.7/site-packages/airflow/example_dags/example_time_delta_sensor_async.py for tasks to queue
[2023-11-07T07:09:25.438+0000] {logging_mixin.py:137} INFO - [2023-11-07T07:09:25.438+0000] {dagbag.py:538} INFO - Filling up the DagBag from /home/airflow/.local/lib/python3.7/site-packages/airflow/example_dags/example_time_delta_sensor_async.py
[2023-11-07T07:09:25.447+0000] {processor.py:753} INFO - DAG(s) dict_keys(['example_time_delta_sensor_async']) retrieved from /home/airflow/.local/lib/python3.7/site-packages/airflow/example_dags/example_time_delta_sensor_async.py
[2023-11-07T07:09:25.461+0000] {logging_mixin.py:137} INFO - [2023-11-07T07:09:25.461+0000] {dag.py:2690} INFO - Sync 1 DAGs
[2023-11-07T07:09:25.475+0000] {logging_mixin.py:137} INFO - [2023-11-07T07:09:25.475+0000] {dag.py:3441} INFO - Setting next_dagrun for example_time_delta_sensor_async to None, run_after=None
[2023-11-07T07:09:25.580+0000] {processor.py:175} INFO - Processing /home/airflow/.local/lib/python3.7/site-packages/airflow/example_dags/example_time_delta_sensor_async.py took 0.145 seconds
[2023-11-07T08:32:08.849+0000] {processor.py:153} INFO - Started process (PID=67072) to work on /home/airflow/.local/lib/python3.7/site-packages/airflow/example_dags/example_time_delta_sensor_async.py
[2023-11-07T08:32:08.850+0000] {processor.py:743} INFO - Processing file /home/airflow/.local/lib/python3.7/site-packages/airflow/example_dags/example_time_delta_sensor_async.py for tasks to queue
[2023-11-07T08:32:08.851+0000] {logging_mixin.py:137} INFO - [2023-11-07T08:32:08.851+0000] {dagbag.py:538} INFO - Filling up the DagBag from /home/airflow/.local/lib/python3.7/site-packages/airflow/example_dags/example_time_delta_sensor_async.py
[2023-11-07T08:32:08.864+0000] {processor.py:753} INFO - DAG(s) dict_keys(['example_time_delta_sensor_async']) retrieved from /home/airflow/.local/lib/python3.7/site-packages/airflow/example_dags/example_time_delta_sensor_async.py
[2023-11-07T08:32:08.884+0000] {logging_mixin.py:137} INFO - [2023-11-07T08:32:08.883+0000] {dag.py:2690} INFO - Sync 1 DAGs
[2023-11-07T08:32:08.898+0000] {logging_mixin.py:137} INFO - [2023-11-07T08:32:08.898+0000] {dag.py:3441} INFO - Setting next_dagrun for example_time_delta_sensor_async to None, run_after=None
[2023-11-07T08:32:08.909+0000] {processor.py:175} INFO - Processing /home/airflow/.local/lib/python3.7/site-packages/airflow/example_dags/example_time_delta_sensor_async.py took 0.065 seconds
[2023-11-07T09:56:00.136+0000] {processor.py:153} INFO - Started process (PID=67158) to work on /home/airflow/.local/lib/python3.7/site-packages/airflow/example_dags/example_time_delta_sensor_async.py
[2023-11-07T09:56:00.137+0000] {processor.py:743} INFO - Processing file /home/airflow/.local/lib/python3.7/site-packages/airflow/example_dags/example_time_delta_sensor_async.py for tasks to queue
[2023-11-07T09:56:00.137+0000] {logging_mixin.py:137} INFO - [2023-11-07T09:56:00.137+0000] {dagbag.py:538} INFO - Filling up the DagBag from /home/airflow/.local/lib/python3.7/site-packages/airflow/example_dags/example_time_delta_sensor_async.py
[2023-11-07T09:56:00.147+0000] {processor.py:753} INFO - DAG(s) dict_keys(['example_time_delta_sensor_async']) retrieved from /home/airflow/.local/lib/python3.7/site-packages/airflow/example_dags/example_time_delta_sensor_async.py
[2023-11-07T09:56:00.163+0000] {logging_mixin.py:137} INFO - [2023-11-07T09:56:00.163+0000] {dag.py:2690} INFO - Sync 1 DAGs
[2023-11-07T09:56:00.177+0000] {logging_mixin.py:137} INFO - [2023-11-07T09:56:00.177+0000] {dag.py:3441} INFO - Setting next_dagrun for example_time_delta_sensor_async to None, run_after=None
[2023-11-07T09:56:00.187+0000] {processor.py:175} INFO - Processing /home/airflow/.local/lib/python3.7/site-packages/airflow/example_dags/example_time_delta_sensor_async.py took 0.054 seconds
[2023-11-07T11:17:50.115+0000] {processor.py:153} INFO - Started process (PID=67244) to work on /home/airflow/.local/lib/python3.7/site-packages/airflow/example_dags/example_time_delta_sensor_async.py
[2023-11-07T11:17:50.116+0000] {processor.py:743} INFO - Processing file /home/airflow/.local/lib/python3.7/site-packages/airflow/example_dags/example_time_delta_sensor_async.py for tasks to queue
[2023-11-07T11:17:50.116+0000] {logging_mixin.py:137} INFO - [2023-11-07T11:17:50.116+0000] {dagbag.py:538} INFO - Filling up the DagBag from /home/airflow/.local/lib/python3.7/site-packages/airflow/example_dags/example_time_delta_sensor_async.py
[2023-11-07T11:17:50.125+0000] {processor.py:753} INFO - DAG(s) dict_keys(['example_time_delta_sensor_async']) retrieved from /home/airflow/.local/lib/python3.7/site-packages/airflow/example_dags/example_time_delta_sensor_async.py
[2023-11-07T11:17:50.139+0000] {logging_mixin.py:137} INFO - [2023-11-07T11:17:50.139+0000] {dag.py:2690} INFO - Sync 1 DAGs
[2023-11-07T11:17:50.151+0000] {logging_mixin.py:137} INFO - [2023-11-07T11:17:50.151+0000] {dag.py:3441} INFO - Setting next_dagrun for example_time_delta_sensor_async to None, run_after=None
[2023-11-07T11:17:50.247+0000] {processor.py:175} INFO - Processing /home/airflow/.local/lib/python3.7/site-packages/airflow/example_dags/example_time_delta_sensor_async.py took 0.134 seconds
[2023-11-07T12:41:33.323+0000] {processor.py:153} INFO - Started process (PID=67339) to work on /home/airflow/.local/lib/python3.7/site-packages/airflow/example_dags/example_time_delta_sensor_async.py
[2023-11-07T12:41:33.324+0000] {processor.py:743} INFO - Processing file /home/airflow/.local/lib/python3.7/site-packages/airflow/example_dags/example_time_delta_sensor_async.py for tasks to queue
[2023-11-07T12:41:33.324+0000] {logging_mixin.py:137} INFO - [2023-11-07T12:41:33.324+0000] {dagbag.py:538} INFO - Filling up the DagBag from /home/airflow/.local/lib/python3.7/site-packages/airflow/example_dags/example_time_delta_sensor_async.py
[2023-11-07T12:41:33.333+0000] {processor.py:753} INFO - DAG(s) dict_keys(['example_time_delta_sensor_async']) retrieved from /home/airflow/.local/lib/python3.7/site-packages/airflow/example_dags/example_time_delta_sensor_async.py
[2023-11-07T12:41:33.347+0000] {logging_mixin.py:137} INFO - [2023-11-07T12:41:33.347+0000] {dag.py:2690} INFO - Sync 1 DAGs
[2023-11-07T12:41:33.448+0000] {logging_mixin.py:137} INFO - [2023-11-07T12:41:33.448+0000] {dag.py:3441} INFO - Setting next_dagrun for example_time_delta_sensor_async to None, run_after=None
[2023-11-07T12:41:33.458+0000] {processor.py:175} INFO - Processing /home/airflow/.local/lib/python3.7/site-packages/airflow/example_dags/example_time_delta_sensor_async.py took 0.137 seconds
[2023-11-07T14:05:41.348+0000] {processor.py:153} INFO - Started process (PID=67416) to work on /home/airflow/.local/lib/python3.7/site-packages/airflow/example_dags/example_time_delta_sensor_async.py
[2023-11-07T14:05:41.349+0000] {processor.py:743} INFO - Processing file /home/airflow/.local/lib/python3.7/site-packages/airflow/example_dags/example_time_delta_sensor_async.py for tasks to queue
[2023-11-07T14:05:41.349+0000] {logging_mixin.py:137} INFO - [2023-11-07T14:05:41.349+0000] {dagbag.py:538} INFO - Filling up the DagBag from /home/airflow/.local/lib/python3.7/site-packages/airflow/example_dags/example_time_delta_sensor_async.py
[2023-11-07T14:05:41.364+0000] {processor.py:753} INFO - DAG(s) dict_keys(['example_time_delta_sensor_async']) retrieved from /home/airflow/.local/lib/python3.7/site-packages/airflow/example_dags/example_time_delta_sensor_async.py
[2023-11-07T14:05:41.388+0000] {logging_mixin.py:137} INFO - [2023-11-07T14:05:41.388+0000] {dag.py:2690} INFO - Sync 1 DAGs
[2023-11-07T14:05:41.401+0000] {logging_mixin.py:137} INFO - [2023-11-07T14:05:41.401+0000] {dag.py:3441} INFO - Setting next_dagrun for example_time_delta_sensor_async to None, run_after=None
[2023-11-07T14:05:41.411+0000] {processor.py:175} INFO - Processing /home/airflow/.local/lib/python3.7/site-packages/airflow/example_dags/example_time_delta_sensor_async.py took 0.064 seconds
[2023-11-07T15:22:23.787+0000] {processor.py:153} INFO - Started process (PID=67511) to work on /home/airflow/.local/lib/python3.7/site-packages/airflow/example_dags/example_time_delta_sensor_async.py
[2023-11-07T15:22:23.788+0000] {processor.py:743} INFO - Processing file /home/airflow/.local/lib/python3.7/site-packages/airflow/example_dags/example_time_delta_sensor_async.py for tasks to queue
[2023-11-07T15:22:23.788+0000] {logging_mixin.py:137} INFO - [2023-11-07T15:22:23.788+0000] {dagbag.py:538} INFO - Filling up the DagBag from /home/airflow/.local/lib/python3.7/site-packages/airflow/example_dags/example_time_delta_sensor_async.py
[2023-11-07T15:22:23.802+0000] {processor.py:753} INFO - DAG(s) dict_keys(['example_time_delta_sensor_async']) retrieved from /home/airflow/.local/lib/python3.7/site-packages/airflow/example_dags/example_time_delta_sensor_async.py
[2023-11-07T15:22:23.821+0000] {logging_mixin.py:137} INFO - [2023-11-07T15:22:23.821+0000] {dag.py:2690} INFO - Sync 1 DAGs
[2023-11-07T15:22:23.835+0000] {logging_mixin.py:137} INFO - [2023-11-07T15:22:23.835+0000] {dag.py:3441} INFO - Setting next_dagrun for example_time_delta_sensor_async to None, run_after=None
[2023-11-07T15:22:23.958+0000] {processor.py:175} INFO - Processing /home/airflow/.local/lib/python3.7/site-packages/airflow/example_dags/example_time_delta_sensor_async.py took 0.173 seconds
[2023-11-07T16:46:00.468+0000] {processor.py:153} INFO - Started process (PID=67588) to work on /home/airflow/.local/lib/python3.7/site-packages/airflow/example_dags/example_time_delta_sensor_async.py
[2023-11-07T16:46:00.469+0000] {processor.py:743} INFO - Processing file /home/airflow/.local/lib/python3.7/site-packages/airflow/example_dags/example_time_delta_sensor_async.py for tasks to queue
[2023-11-07T16:46:00.470+0000] {logging_mixin.py:137} INFO - [2023-11-07T16:46:00.470+0000] {dagbag.py:538} INFO - Filling up the DagBag from /home/airflow/.local/lib/python3.7/site-packages/airflow/example_dags/example_time_delta_sensor_async.py
[2023-11-07T16:46:00.487+0000] {processor.py:753} INFO - DAG(s) dict_keys(['example_time_delta_sensor_async']) retrieved from /home/airflow/.local/lib/python3.7/site-packages/airflow/example_dags/example_time_delta_sensor_async.py
[2023-11-07T16:46:00.511+0000] {logging_mixin.py:137} INFO - [2023-11-07T16:46:00.511+0000] {dag.py:2690} INFO - Sync 1 DAGs
[2023-11-07T16:46:00.630+0000] {logging_mixin.py:137} INFO - [2023-11-07T16:46:00.629+0000] {dag.py:3441} INFO - Setting next_dagrun for example_time_delta_sensor_async to None, run_after=None
[2023-11-07T16:46:00.642+0000] {processor.py:175} INFO - Processing /home/airflow/.local/lib/python3.7/site-packages/airflow/example_dags/example_time_delta_sensor_async.py took 0.177 seconds
[2023-11-07T17:29:34.117+0000] {processor.py:153} INFO - Started process (PID=67683) to work on /home/airflow/.local/lib/python3.7/site-packages/airflow/example_dags/example_time_delta_sensor_async.py
[2023-11-07T17:29:34.117+0000] {processor.py:743} INFO - Processing file /home/airflow/.local/lib/python3.7/site-packages/airflow/example_dags/example_time_delta_sensor_async.py for tasks to queue
[2023-11-07T17:29:34.118+0000] {logging_mixin.py:137} INFO - [2023-11-07T17:29:34.118+0000] {dagbag.py:538} INFO - Filling up the DagBag from /home/airflow/.local/lib/python3.7/site-packages/airflow/example_dags/example_time_delta_sensor_async.py
[2023-11-07T17:29:34.130+0000] {processor.py:753} INFO - DAG(s) dict_keys(['example_time_delta_sensor_async']) retrieved from /home/airflow/.local/lib/python3.7/site-packages/airflow/example_dags/example_time_delta_sensor_async.py
[2023-11-07T17:29:34.144+0000] {logging_mixin.py:137} INFO - [2023-11-07T17:29:34.143+0000] {dag.py:2690} INFO - Sync 1 DAGs
[2023-11-07T17:29:34.156+0000] {logging_mixin.py:137} INFO - [2023-11-07T17:29:34.156+0000] {dag.py:3441} INFO - Setting next_dagrun for example_time_delta_sensor_async to None, run_after=None
[2023-11-07T17:29:34.164+0000] {processor.py:175} INFO - Processing /home/airflow/.local/lib/python3.7/site-packages/airflow/example_dags/example_time_delta_sensor_async.py took 0.049 seconds
[2023-11-07T18:03:07.759+0000] {processor.py:153} INFO - Started process (PID=67760) to work on /home/airflow/.local/lib/python3.7/site-packages/airflow/example_dags/example_time_delta_sensor_async.py
[2023-11-07T18:03:07.760+0000] {processor.py:743} INFO - Processing file /home/airflow/.local/lib/python3.7/site-packages/airflow/example_dags/example_time_delta_sensor_async.py for tasks to queue
[2023-11-07T18:03:07.761+0000] {logging_mixin.py:137} INFO - [2023-11-07T18:03:07.761+0000] {dagbag.py:538} INFO - Filling up the DagBag from /home/airflow/.local/lib/python3.7/site-packages/airflow/example_dags/example_time_delta_sensor_async.py
[2023-11-07T18:03:07.772+0000] {processor.py:753} INFO - DAG(s) dict_keys(['example_time_delta_sensor_async']) retrieved from /home/airflow/.local/lib/python3.7/site-packages/airflow/example_dags/example_time_delta_sensor_async.py
[2023-11-07T18:03:07.787+0000] {logging_mixin.py:137} INFO - [2023-11-07T18:03:07.787+0000] {dag.py:2690} INFO - Sync 1 DAGs
[2023-11-07T18:03:07.802+0000] {logging_mixin.py:137} INFO - [2023-11-07T18:03:07.802+0000] {dag.py:3441} INFO - Setting next_dagrun for example_time_delta_sensor_async to None, run_after=None
[2023-11-07T18:03:07.923+0000] {processor.py:175} INFO - Processing /home/airflow/.local/lib/python3.7/site-packages/airflow/example_dags/example_time_delta_sensor_async.py took 0.166 seconds
[2023-11-07T19:26:07.162+0000] {processor.py:153} INFO - Started process (PID=67855) to work on /home/airflow/.local/lib/python3.7/site-packages/airflow/example_dags/example_time_delta_sensor_async.py
[2023-11-07T19:26:07.163+0000] {processor.py:743} INFO - Processing file /home/airflow/.local/lib/python3.7/site-packages/airflow/example_dags/example_time_delta_sensor_async.py for tasks to queue
[2023-11-07T19:26:07.163+0000] {logging_mixin.py:137} INFO - [2023-11-07T19:26:07.163+0000] {dagbag.py:538} INFO - Filling up the DagBag from /home/airflow/.local/lib/python3.7/site-packages/airflow/example_dags/example_time_delta_sensor_async.py
[2023-11-07T19:26:07.174+0000] {processor.py:753} INFO - DAG(s) dict_keys(['example_time_delta_sensor_async']) retrieved from /home/airflow/.local/lib/python3.7/site-packages/airflow/example_dags/example_time_delta_sensor_async.py
[2023-11-07T19:26:07.193+0000] {logging_mixin.py:137} INFO - [2023-11-07T19:26:07.193+0000] {dag.py:2690} INFO - Sync 1 DAGs
[2023-11-07T19:26:07.297+0000] {logging_mixin.py:137} INFO - [2023-11-07T19:26:07.297+0000] {dag.py:3441} INFO - Setting next_dagrun for example_time_delta_sensor_async to None, run_after=None
[2023-11-07T19:26:07.305+0000] {processor.py:175} INFO - Processing /home/airflow/.local/lib/python3.7/site-packages/airflow/example_dags/example_time_delta_sensor_async.py took 0.145 seconds
[2023-11-07T21:07:53.535+0000] {processor.py:153} INFO - Started process (PID=67932) to work on /home/airflow/.local/lib/python3.7/site-packages/airflow/example_dags/example_time_delta_sensor_async.py
[2023-11-07T21:07:53.540+0000] {processor.py:743} INFO - Processing file /home/airflow/.local/lib/python3.7/site-packages/airflow/example_dags/example_time_delta_sensor_async.py for tasks to queue
[2023-11-07T21:07:53.542+0000] {logging_mixin.py:137} INFO - [2023-11-07T21:07:53.541+0000] {dagbag.py:538} INFO - Filling up the DagBag from /home/airflow/.local/lib/python3.7/site-packages/airflow/example_dags/example_time_delta_sensor_async.py
[2023-11-07T21:07:53.588+0000] {processor.py:753} INFO - DAG(s) dict_keys(['example_time_delta_sensor_async']) retrieved from /home/airflow/.local/lib/python3.7/site-packages/airflow/example_dags/example_time_delta_sensor_async.py
[2023-11-07T21:07:53.637+0000] {logging_mixin.py:137} INFO - [2023-11-07T21:07:53.637+0000] {dag.py:2690} INFO - Sync 1 DAGs
[2023-11-07T21:07:53.672+0000] {logging_mixin.py:137} INFO - [2023-11-07T21:07:53.672+0000] {dag.py:3441} INFO - Setting next_dagrun for example_time_delta_sensor_async to None, run_after=None
[2023-11-07T21:07:53.701+0000] {processor.py:175} INFO - Processing /home/airflow/.local/lib/python3.7/site-packages/airflow/example_dags/example_time_delta_sensor_async.py took 0.174 seconds
[2023-11-07T22:34:00.023+0000] {processor.py:153} INFO - Started process (PID=68027) to work on /home/airflow/.local/lib/python3.7/site-packages/airflow/example_dags/example_time_delta_sensor_async.py
[2023-11-07T22:34:00.024+0000] {processor.py:743} INFO - Processing file /home/airflow/.local/lib/python3.7/site-packages/airflow/example_dags/example_time_delta_sensor_async.py for tasks to queue
[2023-11-07T22:34:00.024+0000] {logging_mixin.py:137} INFO - [2023-11-07T22:34:00.024+0000] {dagbag.py:538} INFO - Filling up the DagBag from /home/airflow/.local/lib/python3.7/site-packages/airflow/example_dags/example_time_delta_sensor_async.py
[2023-11-07T22:34:00.035+0000] {processor.py:753} INFO - DAG(s) dict_keys(['example_time_delta_sensor_async']) retrieved from /home/airflow/.local/lib/python3.7/site-packages/airflow/example_dags/example_time_delta_sensor_async.py
[2023-11-07T22:34:00.051+0000] {logging_mixin.py:137} INFO - [2023-11-07T22:34:00.051+0000] {dag.py:2690} INFO - Sync 1 DAGs
[2023-11-07T22:34:00.065+0000] {logging_mixin.py:137} INFO - [2023-11-07T22:34:00.065+0000] {dag.py:3441} INFO - Setting next_dagrun for example_time_delta_sensor_async to None, run_after=None
[2023-11-07T22:34:00.181+0000] {processor.py:175} INFO - Processing /home/airflow/.local/lib/python3.7/site-packages/airflow/example_dags/example_time_delta_sensor_async.py took 0.162 seconds
