[2023-11-07T00:02:39.372+0000] {processor.py:153} INFO - Started process (PID=63191) to work on /home/airflow/.local/lib/python3.7/site-packages/airflow/example_dags/example_branch_operator_decorator.py
[2023-11-07T00:02:39.372+0000] {processor.py:743} INFO - Processing file /home/airflow/.local/lib/python3.7/site-packages/airflow/example_dags/example_branch_operator_decorator.py for tasks to queue
[2023-11-07T00:02:39.373+0000] {logging_mixin.py:137} INFO - [2023-11-07T00:02:39.373+0000] {dagbag.py:538} INFO - Filling up the DagBag from /home/airflow/.local/lib/python3.7/site-packages/airflow/example_dags/example_branch_operator_decorator.py
[2023-11-07T00:02:39.392+0000] {processor.py:753} INFO - DAG(s) dict_keys(['example_branch_python_operator_decorator']) retrieved from /home/airflow/.local/lib/python3.7/site-packages/airflow/example_dags/example_branch_operator_decorator.py
[2023-11-07T00:02:39.414+0000] {logging_mixin.py:137} INFO - [2023-11-07T00:02:39.414+0000] {dag.py:2690} INFO - Sync 1 DAGs
[2023-11-07T00:02:39.434+0000] {logging_mixin.py:137} INFO - [2023-11-07T00:02:39.434+0000] {dag.py:3441} INFO - Setting next_dagrun for example_branch_python_operator_decorator to 2023-11-06T00:00:00+00:00, run_after=2023-11-07T00:00:00+00:00
[2023-11-07T00:02:39.446+0000] {processor.py:175} INFO - Processing /home/airflow/.local/lib/python3.7/site-packages/airflow/example_dags/example_branch_operator_decorator.py took 0.077 seconds
[2023-11-07T01:24:37.421+0000] {processor.py:153} INFO - Started process (PID=63268) to work on /home/airflow/.local/lib/python3.7/site-packages/airflow/example_dags/example_branch_operator_decorator.py
[2023-11-07T01:24:37.422+0000] {processor.py:743} INFO - Processing file /home/airflow/.local/lib/python3.7/site-packages/airflow/example_dags/example_branch_operator_decorator.py for tasks to queue
[2023-11-07T01:24:37.423+0000] {logging_mixin.py:137} INFO - [2023-11-07T01:24:37.422+0000] {dagbag.py:538} INFO - Filling up the DagBag from /home/airflow/.local/lib/python3.7/site-packages/airflow/example_dags/example_branch_operator_decorator.py
[2023-11-07T01:24:37.440+0000] {processor.py:753} INFO - DAG(s) dict_keys(['example_branch_python_operator_decorator']) retrieved from /home/airflow/.local/lib/python3.7/site-packages/airflow/example_dags/example_branch_operator_decorator.py
[2023-11-07T01:24:37.458+0000] {logging_mixin.py:137} INFO - [2023-11-07T01:24:37.458+0000] {dag.py:2690} INFO - Sync 1 DAGs
[2023-11-07T01:24:37.471+0000] {logging_mixin.py:137} INFO - [2023-11-07T01:24:37.471+0000] {dag.py:3441} INFO - Setting next_dagrun for example_branch_python_operator_decorator to 2023-11-06T00:00:00+00:00, run_after=2023-11-07T00:00:00+00:00
[2023-11-07T01:24:37.480+0000] {processor.py:175} INFO - Processing /home/airflow/.local/lib/python3.7/site-packages/airflow/example_dags/example_branch_operator_decorator.py took 0.062 seconds
[2023-11-07T02:16:04.488+0000] {processor.py:153} INFO - Started process (PID=63363) to work on /home/airflow/.local/lib/python3.7/site-packages/airflow/example_dags/example_branch_operator_decorator.py
[2023-11-07T02:16:04.489+0000] {processor.py:743} INFO - Processing file /home/airflow/.local/lib/python3.7/site-packages/airflow/example_dags/example_branch_operator_decorator.py for tasks to queue
[2023-11-07T02:16:04.489+0000] {logging_mixin.py:137} INFO - [2023-11-07T02:16:04.489+0000] {dagbag.py:538} INFO - Filling up the DagBag from /home/airflow/.local/lib/python3.7/site-packages/airflow/example_dags/example_branch_operator_decorator.py
[2023-11-07T02:16:04.504+0000] {processor.py:753} INFO - DAG(s) dict_keys(['example_branch_python_operator_decorator']) retrieved from /home/airflow/.local/lib/python3.7/site-packages/airflow/example_dags/example_branch_operator_decorator.py
[2023-11-07T02:16:04.518+0000] {logging_mixin.py:137} INFO - [2023-11-07T02:16:04.518+0000] {dag.py:2690} INFO - Sync 1 DAGs
[2023-11-07T02:16:04.531+0000] {logging_mixin.py:137} INFO - [2023-11-07T02:16:04.531+0000] {dag.py:3441} INFO - Setting next_dagrun for example_branch_python_operator_decorator to 2023-11-06T00:00:00+00:00, run_after=2023-11-07T00:00:00+00:00
[2023-11-07T02:16:04.539+0000] {processor.py:175} INFO - Processing /home/airflow/.local/lib/python3.7/site-packages/airflow/example_dags/example_branch_operator_decorator.py took 0.053 seconds
[2023-11-07T02:19:44.513+0000] {processor.py:153} INFO - Started process (PID=63440) to work on /home/airflow/.local/lib/python3.7/site-packages/airflow/example_dags/example_branch_operator_decorator.py
[2023-11-07T02:19:44.514+0000] {processor.py:743} INFO - Processing file /home/airflow/.local/lib/python3.7/site-packages/airflow/example_dags/example_branch_operator_decorator.py for tasks to queue
[2023-11-07T02:19:44.515+0000] {logging_mixin.py:137} INFO - [2023-11-07T02:19:44.515+0000] {dagbag.py:538} INFO - Filling up the DagBag from /home/airflow/.local/lib/python3.7/site-packages/airflow/example_dags/example_branch_operator_decorator.py
[2023-11-07T02:19:44.537+0000] {processor.py:753} INFO - DAG(s) dict_keys(['example_branch_python_operator_decorator']) retrieved from /home/airflow/.local/lib/python3.7/site-packages/airflow/example_dags/example_branch_operator_decorator.py
[2023-11-07T02:19:44.610+0000] {logging_mixin.py:137} INFO - [2023-11-07T02:19:44.610+0000] {dag.py:2690} INFO - Sync 1 DAGs
[2023-11-07T02:19:44.635+0000] {logging_mixin.py:137} INFO - [2023-11-07T02:19:44.635+0000] {dag.py:3441} INFO - Setting next_dagrun for example_branch_python_operator_decorator to 2023-11-06T00:00:00+00:00, run_after=2023-11-07T00:00:00+00:00
[2023-11-07T02:19:44.656+0000] {processor.py:175} INFO - Processing /home/airflow/.local/lib/python3.7/site-packages/airflow/example_dags/example_branch_operator_decorator.py took 0.147 seconds
[2023-11-07T02:23:24.876+0000] {processor.py:153} INFO - Started process (PID=63535) to work on /home/airflow/.local/lib/python3.7/site-packages/airflow/example_dags/example_branch_operator_decorator.py
[2023-11-07T02:23:24.881+0000] {processor.py:743} INFO - Processing file /home/airflow/.local/lib/python3.7/site-packages/airflow/example_dags/example_branch_operator_decorator.py for tasks to queue
[2023-11-07T02:23:24.885+0000] {logging_mixin.py:137} INFO - [2023-11-07T02:23:24.884+0000] {dagbag.py:538} INFO - Filling up the DagBag from /home/airflow/.local/lib/python3.7/site-packages/airflow/example_dags/example_branch_operator_decorator.py
[2023-11-07T02:23:24.911+0000] {processor.py:753} INFO - DAG(s) dict_keys(['example_branch_python_operator_decorator']) retrieved from /home/airflow/.local/lib/python3.7/site-packages/airflow/example_dags/example_branch_operator_decorator.py
[2023-11-07T02:23:24.947+0000] {logging_mixin.py:137} INFO - [2023-11-07T02:23:24.947+0000] {dag.py:2690} INFO - Sync 1 DAGs
[2023-11-07T02:23:24.967+0000] {logging_mixin.py:137} INFO - [2023-11-07T02:23:24.967+0000] {dag.py:3441} INFO - Setting next_dagrun for example_branch_python_operator_decorator to 2023-11-06T00:00:00+00:00, run_after=2023-11-07T00:00:00+00:00
[2023-11-07T02:23:24.982+0000] {processor.py:175} INFO - Processing /home/airflow/.local/lib/python3.7/site-packages/airflow/example_dags/example_branch_operator_decorator.py took 0.110 seconds
[2023-11-07T02:27:05.392+0000] {processor.py:153} INFO - Started process (PID=63630) to work on /home/airflow/.local/lib/python3.7/site-packages/airflow/example_dags/example_branch_operator_decorator.py
[2023-11-07T02:27:05.394+0000] {processor.py:743} INFO - Processing file /home/airflow/.local/lib/python3.7/site-packages/airflow/example_dags/example_branch_operator_decorator.py for tasks to queue
[2023-11-07T02:27:05.395+0000] {logging_mixin.py:137} INFO - [2023-11-07T02:27:05.395+0000] {dagbag.py:538} INFO - Filling up the DagBag from /home/airflow/.local/lib/python3.7/site-packages/airflow/example_dags/example_branch_operator_decorator.py
[2023-11-07T02:27:05.447+0000] {processor.py:753} INFO - DAG(s) dict_keys(['example_branch_python_operator_decorator']) retrieved from /home/airflow/.local/lib/python3.7/site-packages/airflow/example_dags/example_branch_operator_decorator.py
[2023-11-07T02:27:05.499+0000] {logging_mixin.py:137} INFO - [2023-11-07T02:27:05.498+0000] {dag.py:2690} INFO - Sync 1 DAGs
[2023-11-07T02:27:05.588+0000] {logging_mixin.py:137} INFO - [2023-11-07T02:27:05.588+0000] {dag.py:3441} INFO - Setting next_dagrun for example_branch_python_operator_decorator to 2023-11-06T00:00:00+00:00, run_after=2023-11-07T00:00:00+00:00
[2023-11-07T02:27:05.803+0000] {processor.py:175} INFO - Processing /home/airflow/.local/lib/python3.7/site-packages/airflow/example_dags/example_branch_operator_decorator.py took 0.416 seconds
[2023-11-07T02:30:46.280+0000] {processor.py:153} INFO - Started process (PID=63706) to work on /home/airflow/.local/lib/python3.7/site-packages/airflow/example_dags/example_branch_operator_decorator.py
[2023-11-07T02:30:46.281+0000] {processor.py:743} INFO - Processing file /home/airflow/.local/lib/python3.7/site-packages/airflow/example_dags/example_branch_operator_decorator.py for tasks to queue
[2023-11-07T02:30:46.282+0000] {logging_mixin.py:137} INFO - [2023-11-07T02:30:46.282+0000] {dagbag.py:538} INFO - Filling up the DagBag from /home/airflow/.local/lib/python3.7/site-packages/airflow/example_dags/example_branch_operator_decorator.py
[2023-11-07T02:30:46.306+0000] {processor.py:753} INFO - DAG(s) dict_keys(['example_branch_python_operator_decorator']) retrieved from /home/airflow/.local/lib/python3.7/site-packages/airflow/example_dags/example_branch_operator_decorator.py
[2023-11-07T02:30:46.326+0000] {logging_mixin.py:137} INFO - [2023-11-07T02:30:46.326+0000] {dag.py:2690} INFO - Sync 1 DAGs
[2023-11-07T02:30:46.341+0000] {logging_mixin.py:137} INFO - [2023-11-07T02:30:46.340+0000] {dag.py:3441} INFO - Setting next_dagrun for example_branch_python_operator_decorator to 2023-11-06T00:00:00+00:00, run_after=2023-11-07T00:00:00+00:00
[2023-11-07T02:30:46.351+0000] {processor.py:175} INFO - Processing /home/airflow/.local/lib/python3.7/site-packages/airflow/example_dags/example_branch_operator_decorator.py took 0.076 seconds
[2023-11-07T02:34:26.383+0000] {processor.py:153} INFO - Started process (PID=63801) to work on /home/airflow/.local/lib/python3.7/site-packages/airflow/example_dags/example_branch_operator_decorator.py
[2023-11-07T02:34:26.384+0000] {processor.py:743} INFO - Processing file /home/airflow/.local/lib/python3.7/site-packages/airflow/example_dags/example_branch_operator_decorator.py for tasks to queue
[2023-11-07T02:34:26.385+0000] {logging_mixin.py:137} INFO - [2023-11-07T02:34:26.385+0000] {dagbag.py:538} INFO - Filling up the DagBag from /home/airflow/.local/lib/python3.7/site-packages/airflow/example_dags/example_branch_operator_decorator.py
[2023-11-07T02:34:26.407+0000] {processor.py:753} INFO - DAG(s) dict_keys(['example_branch_python_operator_decorator']) retrieved from /home/airflow/.local/lib/python3.7/site-packages/airflow/example_dags/example_branch_operator_decorator.py
[2023-11-07T02:34:26.429+0000] {logging_mixin.py:137} INFO - [2023-11-07T02:34:26.429+0000] {dag.py:2690} INFO - Sync 1 DAGs
[2023-11-07T02:34:26.448+0000] {logging_mixin.py:137} INFO - [2023-11-07T02:34:26.448+0000] {dag.py:3441} INFO - Setting next_dagrun for example_branch_python_operator_decorator to 2023-11-06T00:00:00+00:00, run_after=2023-11-07T00:00:00+00:00
[2023-11-07T02:34:26.461+0000] {processor.py:175} INFO - Processing /home/airflow/.local/lib/python3.7/site-packages/airflow/example_dags/example_branch_operator_decorator.py took 0.081 seconds
[2023-11-07T02:38:07.343+0000] {processor.py:153} INFO - Started process (PID=63878) to work on /home/airflow/.local/lib/python3.7/site-packages/airflow/example_dags/example_branch_operator_decorator.py
[2023-11-07T02:38:07.344+0000] {processor.py:743} INFO - Processing file /home/airflow/.local/lib/python3.7/site-packages/airflow/example_dags/example_branch_operator_decorator.py for tasks to queue
[2023-11-07T02:38:07.344+0000] {logging_mixin.py:137} INFO - [2023-11-07T02:38:07.344+0000] {dagbag.py:538} INFO - Filling up the DagBag from /home/airflow/.local/lib/python3.7/site-packages/airflow/example_dags/example_branch_operator_decorator.py
[2023-11-07T02:38:07.360+0000] {processor.py:753} INFO - DAG(s) dict_keys(['example_branch_python_operator_decorator']) retrieved from /home/airflow/.local/lib/python3.7/site-packages/airflow/example_dags/example_branch_operator_decorator.py
[2023-11-07T02:38:07.374+0000] {logging_mixin.py:137} INFO - [2023-11-07T02:38:07.374+0000] {dag.py:2690} INFO - Sync 1 DAGs
[2023-11-07T02:38:07.387+0000] {logging_mixin.py:137} INFO - [2023-11-07T02:38:07.387+0000] {dag.py:3441} INFO - Setting next_dagrun for example_branch_python_operator_decorator to 2023-11-06T00:00:00+00:00, run_after=2023-11-07T00:00:00+00:00
[2023-11-07T02:38:07.494+0000] {processor.py:175} INFO - Processing /home/airflow/.local/lib/python3.7/site-packages/airflow/example_dags/example_branch_operator_decorator.py took 0.155 seconds
[2023-11-07T02:41:47.815+0000] {processor.py:153} INFO - Started process (PID=63973) to work on /home/airflow/.local/lib/python3.7/site-packages/airflow/example_dags/example_branch_operator_decorator.py
[2023-11-07T02:41:47.815+0000] {processor.py:743} INFO - Processing file /home/airflow/.local/lib/python3.7/site-packages/airflow/example_dags/example_branch_operator_decorator.py for tasks to queue
[2023-11-07T02:41:47.816+0000] {logging_mixin.py:137} INFO - [2023-11-07T02:41:47.816+0000] {dagbag.py:538} INFO - Filling up the DagBag from /home/airflow/.local/lib/python3.7/site-packages/airflow/example_dags/example_branch_operator_decorator.py
[2023-11-07T02:41:47.831+0000] {processor.py:753} INFO - DAG(s) dict_keys(['example_branch_python_operator_decorator']) retrieved from /home/airflow/.local/lib/python3.7/site-packages/airflow/example_dags/example_branch_operator_decorator.py
[2023-11-07T02:41:47.845+0000] {logging_mixin.py:137} INFO - [2023-11-07T02:41:47.845+0000] {dag.py:2690} INFO - Sync 1 DAGs
[2023-11-07T02:41:47.857+0000] {logging_mixin.py:137} INFO - [2023-11-07T02:41:47.857+0000] {dag.py:3441} INFO - Setting next_dagrun for example_branch_python_operator_decorator to 2023-11-06T00:00:00+00:00, run_after=2023-11-07T00:00:00+00:00
[2023-11-07T02:41:47.866+0000] {processor.py:175} INFO - Processing /home/airflow/.local/lib/python3.7/site-packages/airflow/example_dags/example_branch_operator_decorator.py took 0.054 seconds
[2023-11-07T02:45:27.973+0000] {processor.py:153} INFO - Started process (PID=64068) to work on /home/airflow/.local/lib/python3.7/site-packages/airflow/example_dags/example_branch_operator_decorator.py
[2023-11-07T02:45:27.974+0000] {processor.py:743} INFO - Processing file /home/airflow/.local/lib/python3.7/site-packages/airflow/example_dags/example_branch_operator_decorator.py for tasks to queue
[2023-11-07T02:45:27.974+0000] {logging_mixin.py:137} INFO - [2023-11-07T02:45:27.974+0000] {dagbag.py:538} INFO - Filling up the DagBag from /home/airflow/.local/lib/python3.7/site-packages/airflow/example_dags/example_branch_operator_decorator.py
[2023-11-07T02:45:27.995+0000] {processor.py:753} INFO - DAG(s) dict_keys(['example_branch_python_operator_decorator']) retrieved from /home/airflow/.local/lib/python3.7/site-packages/airflow/example_dags/example_branch_operator_decorator.py
[2023-11-07T02:45:28.012+0000] {logging_mixin.py:137} INFO - [2023-11-07T02:45:28.012+0000] {dag.py:2690} INFO - Sync 1 DAGs
[2023-11-07T02:45:28.026+0000] {logging_mixin.py:137} INFO - [2023-11-07T02:45:28.026+0000] {dag.py:3441} INFO - Setting next_dagrun for example_branch_python_operator_decorator to 2023-11-06T00:00:00+00:00, run_after=2023-11-07T00:00:00+00:00
[2023-11-07T02:45:28.036+0000] {processor.py:175} INFO - Processing /home/airflow/.local/lib/python3.7/site-packages/airflow/example_dags/example_branch_operator_decorator.py took 0.066 seconds
[2023-11-07T02:49:08.286+0000] {processor.py:153} INFO - Started process (PID=64145) to work on /home/airflow/.local/lib/python3.7/site-packages/airflow/example_dags/example_branch_operator_decorator.py
[2023-11-07T02:49:08.288+0000] {processor.py:743} INFO - Processing file /home/airflow/.local/lib/python3.7/site-packages/airflow/example_dags/example_branch_operator_decorator.py for tasks to queue
[2023-11-07T02:49:08.289+0000] {logging_mixin.py:137} INFO - [2023-11-07T02:49:08.288+0000] {dagbag.py:538} INFO - Filling up the DagBag from /home/airflow/.local/lib/python3.7/site-packages/airflow/example_dags/example_branch_operator_decorator.py
[2023-11-07T02:49:08.308+0000] {processor.py:753} INFO - DAG(s) dict_keys(['example_branch_python_operator_decorator']) retrieved from /home/airflow/.local/lib/python3.7/site-packages/airflow/example_dags/example_branch_operator_decorator.py
[2023-11-07T02:49:08.325+0000] {logging_mixin.py:137} INFO - [2023-11-07T02:49:08.324+0000] {dag.py:2690} INFO - Sync 1 DAGs
[2023-11-07T02:49:08.339+0000] {logging_mixin.py:137} INFO - [2023-11-07T02:49:08.339+0000] {dag.py:3441} INFO - Setting next_dagrun for example_branch_python_operator_decorator to 2023-11-06T00:00:00+00:00, run_after=2023-11-07T00:00:00+00:00
[2023-11-07T02:49:08.348+0000] {processor.py:175} INFO - Processing /home/airflow/.local/lib/python3.7/site-packages/airflow/example_dags/example_branch_operator_decorator.py took 0.067 seconds
[2023-11-07T02:52:48.882+0000] {processor.py:153} INFO - Started process (PID=64240) to work on /home/airflow/.local/lib/python3.7/site-packages/airflow/example_dags/example_branch_operator_decorator.py
[2023-11-07T02:52:48.884+0000] {processor.py:743} INFO - Processing file /home/airflow/.local/lib/python3.7/site-packages/airflow/example_dags/example_branch_operator_decorator.py for tasks to queue
[2023-11-07T02:52:48.885+0000] {logging_mixin.py:137} INFO - [2023-11-07T02:52:48.884+0000] {dagbag.py:538} INFO - Filling up the DagBag from /home/airflow/.local/lib/python3.7/site-packages/airflow/example_dags/example_branch_operator_decorator.py
[2023-11-07T02:52:48.912+0000] {processor.py:753} INFO - DAG(s) dict_keys(['example_branch_python_operator_decorator']) retrieved from /home/airflow/.local/lib/python3.7/site-packages/airflow/example_dags/example_branch_operator_decorator.py
[2023-11-07T02:52:48.942+0000] {logging_mixin.py:137} INFO - [2023-11-07T02:52:48.942+0000] {dag.py:2690} INFO - Sync 1 DAGs
[2023-11-07T02:52:49.145+0000] {logging_mixin.py:137} INFO - [2023-11-07T02:52:49.145+0000] {dag.py:3441} INFO - Setting next_dagrun for example_branch_python_operator_decorator to 2023-11-06T00:00:00+00:00, run_after=2023-11-07T00:00:00+00:00
[2023-11-07T02:52:49.155+0000] {processor.py:175} INFO - Processing /home/airflow/.local/lib/python3.7/site-packages/airflow/example_dags/example_branch_operator_decorator.py took 0.276 seconds
[2023-11-07T02:56:29.933+0000] {processor.py:153} INFO - Started process (PID=64335) to work on /home/airflow/.local/lib/python3.7/site-packages/airflow/example_dags/example_branch_operator_decorator.py
[2023-11-07T02:56:29.934+0000] {processor.py:743} INFO - Processing file /home/airflow/.local/lib/python3.7/site-packages/airflow/example_dags/example_branch_operator_decorator.py for tasks to queue
[2023-11-07T02:56:29.935+0000] {logging_mixin.py:137} INFO - [2023-11-07T02:56:29.934+0000] {dagbag.py:538} INFO - Filling up the DagBag from /home/airflow/.local/lib/python3.7/site-packages/airflow/example_dags/example_branch_operator_decorator.py
[2023-11-07T02:56:29.951+0000] {processor.py:753} INFO - DAG(s) dict_keys(['example_branch_python_operator_decorator']) retrieved from /home/airflow/.local/lib/python3.7/site-packages/airflow/example_dags/example_branch_operator_decorator.py
[2023-11-07T02:56:29.970+0000] {logging_mixin.py:137} INFO - [2023-11-07T02:56:29.970+0000] {dag.py:2690} INFO - Sync 1 DAGs
[2023-11-07T02:56:29.983+0000] {logging_mixin.py:137} INFO - [2023-11-07T02:56:29.983+0000] {dag.py:3441} INFO - Setting next_dagrun for example_branch_python_operator_decorator to 2023-11-06T00:00:00+00:00, run_after=2023-11-07T00:00:00+00:00
[2023-11-07T02:56:29.992+0000] {processor.py:175} INFO - Processing /home/airflow/.local/lib/python3.7/site-packages/airflow/example_dags/example_branch_operator_decorator.py took 0.062 seconds
[2023-11-07T03:00:08.569+0000] {processor.py:153} INFO - Started process (PID=64412) to work on /home/airflow/.local/lib/python3.7/site-packages/airflow/example_dags/example_branch_operator_decorator.py
[2023-11-07T03:00:08.570+0000] {processor.py:743} INFO - Processing file /home/airflow/.local/lib/python3.7/site-packages/airflow/example_dags/example_branch_operator_decorator.py for tasks to queue
[2023-11-07T03:00:08.570+0000] {logging_mixin.py:137} INFO - [2023-11-07T03:00:08.570+0000] {dagbag.py:538} INFO - Filling up the DagBag from /home/airflow/.local/lib/python3.7/site-packages/airflow/example_dags/example_branch_operator_decorator.py
[2023-11-07T03:00:08.586+0000] {processor.py:753} INFO - DAG(s) dict_keys(['example_branch_python_operator_decorator']) retrieved from /home/airflow/.local/lib/python3.7/site-packages/airflow/example_dags/example_branch_operator_decorator.py
[2023-11-07T03:00:08.599+0000] {logging_mixin.py:137} INFO - [2023-11-07T03:00:08.599+0000] {dag.py:2690} INFO - Sync 1 DAGs
[2023-11-07T03:00:08.612+0000] {logging_mixin.py:137} INFO - [2023-11-07T03:00:08.612+0000] {dag.py:3441} INFO - Setting next_dagrun for example_branch_python_operator_decorator to 2023-11-06T00:00:00+00:00, run_after=2023-11-07T00:00:00+00:00
[2023-11-07T03:00:08.621+0000] {processor.py:175} INFO - Processing /home/airflow/.local/lib/python3.7/site-packages/airflow/example_dags/example_branch_operator_decorator.py took 0.053 seconds
[2023-11-07T03:03:49.162+0000] {processor.py:153} INFO - Started process (PID=64507) to work on /home/airflow/.local/lib/python3.7/site-packages/airflow/example_dags/example_branch_operator_decorator.py
[2023-11-07T03:03:49.163+0000] {processor.py:743} INFO - Processing file /home/airflow/.local/lib/python3.7/site-packages/airflow/example_dags/example_branch_operator_decorator.py for tasks to queue
[2023-11-07T03:03:49.163+0000] {logging_mixin.py:137} INFO - [2023-11-07T03:03:49.163+0000] {dagbag.py:538} INFO - Filling up the DagBag from /home/airflow/.local/lib/python3.7/site-packages/airflow/example_dags/example_branch_operator_decorator.py
[2023-11-07T03:03:49.179+0000] {processor.py:753} INFO - DAG(s) dict_keys(['example_branch_python_operator_decorator']) retrieved from /home/airflow/.local/lib/python3.7/site-packages/airflow/example_dags/example_branch_operator_decorator.py
[2023-11-07T03:03:49.193+0000] {logging_mixin.py:137} INFO - [2023-11-07T03:03:49.193+0000] {dag.py:2690} INFO - Sync 1 DAGs
[2023-11-07T03:03:49.205+0000] {logging_mixin.py:137} INFO - [2023-11-07T03:03:49.205+0000] {dag.py:3441} INFO - Setting next_dagrun for example_branch_python_operator_decorator to 2023-11-06T00:00:00+00:00, run_after=2023-11-07T00:00:00+00:00
[2023-11-07T03:03:49.300+0000] {processor.py:175} INFO - Processing /home/airflow/.local/lib/python3.7/site-packages/airflow/example_dags/example_branch_operator_decorator.py took 0.141 seconds
[2023-11-07T03:07:30.562+0000] {processor.py:153} INFO - Started process (PID=64584) to work on /home/airflow/.local/lib/python3.7/site-packages/airflow/example_dags/example_branch_operator_decorator.py
[2023-11-07T03:07:30.563+0000] {processor.py:743} INFO - Processing file /home/airflow/.local/lib/python3.7/site-packages/airflow/example_dags/example_branch_operator_decorator.py for tasks to queue
[2023-11-07T03:07:30.563+0000] {logging_mixin.py:137} INFO - [2023-11-07T03:07:30.563+0000] {dagbag.py:538} INFO - Filling up the DagBag from /home/airflow/.local/lib/python3.7/site-packages/airflow/example_dags/example_branch_operator_decorator.py
[2023-11-07T03:07:30.578+0000] {processor.py:753} INFO - DAG(s) dict_keys(['example_branch_python_operator_decorator']) retrieved from /home/airflow/.local/lib/python3.7/site-packages/airflow/example_dags/example_branch_operator_decorator.py
[2023-11-07T03:07:30.592+0000] {logging_mixin.py:137} INFO - [2023-11-07T03:07:30.592+0000] {dag.py:2690} INFO - Sync 1 DAGs
[2023-11-07T03:07:30.605+0000] {logging_mixin.py:137} INFO - [2023-11-07T03:07:30.605+0000] {dag.py:3441} INFO - Setting next_dagrun for example_branch_python_operator_decorator to 2023-11-06T00:00:00+00:00, run_after=2023-11-07T00:00:00+00:00
[2023-11-07T03:07:30.613+0000] {processor.py:175} INFO - Processing /home/airflow/.local/lib/python3.7/site-packages/airflow/example_dags/example_branch_operator_decorator.py took 0.053 seconds
[2023-11-07T03:11:10.691+0000] {processor.py:153} INFO - Started process (PID=64679) to work on /home/airflow/.local/lib/python3.7/site-packages/airflow/example_dags/example_branch_operator_decorator.py
[2023-11-07T03:11:10.692+0000] {processor.py:743} INFO - Processing file /home/airflow/.local/lib/python3.7/site-packages/airflow/example_dags/example_branch_operator_decorator.py for tasks to queue
[2023-11-07T03:11:10.692+0000] {logging_mixin.py:137} INFO - [2023-11-07T03:11:10.692+0000] {dagbag.py:538} INFO - Filling up the DagBag from /home/airflow/.local/lib/python3.7/site-packages/airflow/example_dags/example_branch_operator_decorator.py
[2023-11-07T03:11:10.712+0000] {processor.py:753} INFO - DAG(s) dict_keys(['example_branch_python_operator_decorator']) retrieved from /home/airflow/.local/lib/python3.7/site-packages/airflow/example_dags/example_branch_operator_decorator.py
[2023-11-07T03:11:10.731+0000] {logging_mixin.py:137} INFO - [2023-11-07T03:11:10.731+0000] {dag.py:2690} INFO - Sync 1 DAGs
[2023-11-07T03:11:10.746+0000] {logging_mixin.py:137} INFO - [2023-11-07T03:11:10.746+0000] {dag.py:3441} INFO - Setting next_dagrun for example_branch_python_operator_decorator to 2023-11-06T00:00:00+00:00, run_after=2023-11-07T00:00:00+00:00
[2023-11-07T03:11:10.764+0000] {processor.py:175} INFO - Processing /home/airflow/.local/lib/python3.7/site-packages/airflow/example_dags/example_branch_operator_decorator.py took 0.077 seconds
[2023-11-07T03:14:52.201+0000] {processor.py:153} INFO - Started process (PID=64774) to work on /home/airflow/.local/lib/python3.7/site-packages/airflow/example_dags/example_branch_operator_decorator.py
[2023-11-07T03:14:52.202+0000] {processor.py:743} INFO - Processing file /home/airflow/.local/lib/python3.7/site-packages/airflow/example_dags/example_branch_operator_decorator.py for tasks to queue
[2023-11-07T03:14:52.202+0000] {logging_mixin.py:137} INFO - [2023-11-07T03:14:52.202+0000] {dagbag.py:538} INFO - Filling up the DagBag from /home/airflow/.local/lib/python3.7/site-packages/airflow/example_dags/example_branch_operator_decorator.py
[2023-11-07T03:14:52.220+0000] {processor.py:753} INFO - DAG(s) dict_keys(['example_branch_python_operator_decorator']) retrieved from /home/airflow/.local/lib/python3.7/site-packages/airflow/example_dags/example_branch_operator_decorator.py
[2023-11-07T03:14:52.237+0000] {logging_mixin.py:137} INFO - [2023-11-07T03:14:52.237+0000] {dag.py:2690} INFO - Sync 1 DAGs
[2023-11-07T03:14:52.251+0000] {logging_mixin.py:137} INFO - [2023-11-07T03:14:52.251+0000] {dag.py:3441} INFO - Setting next_dagrun for example_branch_python_operator_decorator to 2023-11-06T00:00:00+00:00, run_after=2023-11-07T00:00:00+00:00
[2023-11-07T03:14:52.266+0000] {processor.py:175} INFO - Processing /home/airflow/.local/lib/python3.7/site-packages/airflow/example_dags/example_branch_operator_decorator.py took 0.069 seconds
[2023-11-07T03:18:32.276+0000] {processor.py:153} INFO - Started process (PID=64851) to work on /home/airflow/.local/lib/python3.7/site-packages/airflow/example_dags/example_branch_operator_decorator.py
[2023-11-07T03:18:32.277+0000] {processor.py:743} INFO - Processing file /home/airflow/.local/lib/python3.7/site-packages/airflow/example_dags/example_branch_operator_decorator.py for tasks to queue
[2023-11-07T03:18:32.278+0000] {logging_mixin.py:137} INFO - [2023-11-07T03:18:32.278+0000] {dagbag.py:538} INFO - Filling up the DagBag from /home/airflow/.local/lib/python3.7/site-packages/airflow/example_dags/example_branch_operator_decorator.py
[2023-11-07T03:18:32.297+0000] {processor.py:753} INFO - DAG(s) dict_keys(['example_branch_python_operator_decorator']) retrieved from /home/airflow/.local/lib/python3.7/site-packages/airflow/example_dags/example_branch_operator_decorator.py
[2023-11-07T03:18:32.312+0000] {logging_mixin.py:137} INFO - [2023-11-07T03:18:32.312+0000] {dag.py:2690} INFO - Sync 1 DAGs
[2023-11-07T03:18:32.503+0000] {logging_mixin.py:137} INFO - [2023-11-07T03:18:32.502+0000] {dag.py:3441} INFO - Setting next_dagrun for example_branch_python_operator_decorator to 2023-11-06T00:00:00+00:00, run_after=2023-11-07T00:00:00+00:00
[2023-11-07T03:18:32.520+0000] {processor.py:175} INFO - Processing /home/airflow/.local/lib/python3.7/site-packages/airflow/example_dags/example_branch_operator_decorator.py took 0.246 seconds
[2023-11-07T03:22:12.723+0000] {processor.py:153} INFO - Started process (PID=64946) to work on /home/airflow/.local/lib/python3.7/site-packages/airflow/example_dags/example_branch_operator_decorator.py
[2023-11-07T03:22:12.723+0000] {processor.py:743} INFO - Processing file /home/airflow/.local/lib/python3.7/site-packages/airflow/example_dags/example_branch_operator_decorator.py for tasks to queue
[2023-11-07T03:22:12.724+0000] {logging_mixin.py:137} INFO - [2023-11-07T03:22:12.724+0000] {dagbag.py:538} INFO - Filling up the DagBag from /home/airflow/.local/lib/python3.7/site-packages/airflow/example_dags/example_branch_operator_decorator.py
[2023-11-07T03:22:12.739+0000] {processor.py:753} INFO - DAG(s) dict_keys(['example_branch_python_operator_decorator']) retrieved from /home/airflow/.local/lib/python3.7/site-packages/airflow/example_dags/example_branch_operator_decorator.py
[2023-11-07T03:22:12.753+0000] {logging_mixin.py:137} INFO - [2023-11-07T03:22:12.753+0000] {dag.py:2690} INFO - Sync 1 DAGs
[2023-11-07T03:22:12.766+0000] {logging_mixin.py:137} INFO - [2023-11-07T03:22:12.766+0000] {dag.py:3441} INFO - Setting next_dagrun for example_branch_python_operator_decorator to 2023-11-06T00:00:00+00:00, run_after=2023-11-07T00:00:00+00:00
[2023-11-07T03:22:12.780+0000] {processor.py:175} INFO - Processing /home/airflow/.local/lib/python3.7/site-packages/airflow/example_dags/example_branch_operator_decorator.py took 0.059 seconds
[2023-11-07T03:26:01.322+0000] {processor.py:153} INFO - Started process (PID=65042) to work on /home/airflow/.local/lib/python3.7/site-packages/airflow/example_dags/example_branch_operator_decorator.py
[2023-11-07T03:26:01.322+0000] {processor.py:743} INFO - Processing file /home/airflow/.local/lib/python3.7/site-packages/airflow/example_dags/example_branch_operator_decorator.py for tasks to queue
[2023-11-07T03:26:01.323+0000] {logging_mixin.py:137} INFO - [2023-11-07T03:26:01.323+0000] {dagbag.py:538} INFO - Filling up the DagBag from /home/airflow/.local/lib/python3.7/site-packages/airflow/example_dags/example_branch_operator_decorator.py
[2023-11-07T03:26:01.343+0000] {processor.py:753} INFO - DAG(s) dict_keys(['example_branch_python_operator_decorator']) retrieved from /home/airflow/.local/lib/python3.7/site-packages/airflow/example_dags/example_branch_operator_decorator.py
[2023-11-07T03:26:01.362+0000] {logging_mixin.py:137} INFO - [2023-11-07T03:26:01.362+0000] {dag.py:2690} INFO - Sync 1 DAGs
[2023-11-07T03:26:01.376+0000] {logging_mixin.py:137} INFO - [2023-11-07T03:26:01.376+0000] {dag.py:3441} INFO - Setting next_dagrun for example_branch_python_operator_decorator to 2023-11-06T00:00:00+00:00, run_after=2023-11-07T00:00:00+00:00
[2023-11-07T03:26:01.389+0000] {processor.py:175} INFO - Processing /home/airflow/.local/lib/python3.7/site-packages/airflow/example_dags/example_branch_operator_decorator.py took 0.069 seconds
[2023-11-07T03:28:49.510+0000] {processor.py:153} INFO - Started process (PID=65119) to work on /home/airflow/.local/lib/python3.7/site-packages/airflow/example_dags/example_branch_operator_decorator.py
[2023-11-07T03:28:49.511+0000] {processor.py:743} INFO - Processing file /home/airflow/.local/lib/python3.7/site-packages/airflow/example_dags/example_branch_operator_decorator.py for tasks to queue
[2023-11-07T03:28:49.511+0000] {logging_mixin.py:137} INFO - [2023-11-07T03:28:49.511+0000] {dagbag.py:538} INFO - Filling up the DagBag from /home/airflow/.local/lib/python3.7/site-packages/airflow/example_dags/example_branch_operator_decorator.py
[2023-11-07T03:28:49.525+0000] {processor.py:753} INFO - DAG(s) dict_keys(['example_branch_python_operator_decorator']) retrieved from /home/airflow/.local/lib/python3.7/site-packages/airflow/example_dags/example_branch_operator_decorator.py
[2023-11-07T03:28:49.539+0000] {logging_mixin.py:137} INFO - [2023-11-07T03:28:49.539+0000] {dag.py:2690} INFO - Sync 1 DAGs
[2023-11-07T03:28:49.552+0000] {logging_mixin.py:137} INFO - [2023-11-07T03:28:49.552+0000] {dag.py:3441} INFO - Setting next_dagrun for example_branch_python_operator_decorator to 2023-11-06T00:00:00+00:00, run_after=2023-11-07T00:00:00+00:00
[2023-11-07T03:28:49.642+0000] {processor.py:175} INFO - Processing /home/airflow/.local/lib/python3.7/site-packages/airflow/example_dags/example_branch_operator_decorator.py took 0.134 seconds
[2023-11-07T03:31:35.725+0000] {processor.py:153} INFO - Started process (PID=65214) to work on /home/airflow/.local/lib/python3.7/site-packages/airflow/example_dags/example_branch_operator_decorator.py
[2023-11-07T03:31:35.726+0000] {processor.py:743} INFO - Processing file /home/airflow/.local/lib/python3.7/site-packages/airflow/example_dags/example_branch_operator_decorator.py for tasks to queue
[2023-11-07T03:31:35.727+0000] {logging_mixin.py:137} INFO - [2023-11-07T03:31:35.727+0000] {dagbag.py:538} INFO - Filling up the DagBag from /home/airflow/.local/lib/python3.7/site-packages/airflow/example_dags/example_branch_operator_decorator.py
[2023-11-07T03:31:35.747+0000] {processor.py:753} INFO - DAG(s) dict_keys(['example_branch_python_operator_decorator']) retrieved from /home/airflow/.local/lib/python3.7/site-packages/airflow/example_dags/example_branch_operator_decorator.py
[2023-11-07T03:31:35.762+0000] {logging_mixin.py:137} INFO - [2023-11-07T03:31:35.762+0000] {dag.py:2690} INFO - Sync 1 DAGs
[2023-11-07T03:31:35.879+0000] {logging_mixin.py:137} INFO - [2023-11-07T03:31:35.879+0000] {dag.py:3441} INFO - Setting next_dagrun for example_branch_python_operator_decorator to 2023-11-06T00:00:00+00:00, run_after=2023-11-07T00:00:00+00:00
[2023-11-07T03:31:35.888+0000] {processor.py:175} INFO - Processing /home/airflow/.local/lib/python3.7/site-packages/airflow/example_dags/example_branch_operator_decorator.py took 0.165 seconds
[2023-11-07T03:35:15.680+0000] {processor.py:153} INFO - Started process (PID=65300) to work on /home/airflow/.local/lib/python3.7/site-packages/airflow/example_dags/example_branch_operator_decorator.py
[2023-11-07T03:35:15.683+0000] {processor.py:743} INFO - Processing file /home/airflow/.local/lib/python3.7/site-packages/airflow/example_dags/example_branch_operator_decorator.py for tasks to queue
[2023-11-07T03:35:15.684+0000] {logging_mixin.py:137} INFO - [2023-11-07T03:35:15.684+0000] {dagbag.py:538} INFO - Filling up the DagBag from /home/airflow/.local/lib/python3.7/site-packages/airflow/example_dags/example_branch_operator_decorator.py
[2023-11-07T03:35:15.714+0000] {processor.py:753} INFO - DAG(s) dict_keys(['example_branch_python_operator_decorator']) retrieved from /home/airflow/.local/lib/python3.7/site-packages/airflow/example_dags/example_branch_operator_decorator.py
[2023-11-07T03:35:15.750+0000] {logging_mixin.py:137} INFO - [2023-11-07T03:35:15.750+0000] {dag.py:2690} INFO - Sync 1 DAGs
[2023-11-07T03:35:15.786+0000] {logging_mixin.py:137} INFO - [2023-11-07T03:35:15.786+0000] {dag.py:3441} INFO - Setting next_dagrun for example_branch_python_operator_decorator to 2023-11-06T00:00:00+00:00, run_after=2023-11-07T00:00:00+00:00
[2023-11-07T03:35:15.822+0000] {processor.py:175} INFO - Processing /home/airflow/.local/lib/python3.7/site-packages/airflow/example_dags/example_branch_operator_decorator.py took 0.148 seconds
[2023-11-07T03:38:54.775+0000] {processor.py:153} INFO - Started process (PID=65386) to work on /home/airflow/.local/lib/python3.7/site-packages/airflow/example_dags/example_branch_operator_decorator.py
[2023-11-07T03:38:54.775+0000] {processor.py:743} INFO - Processing file /home/airflow/.local/lib/python3.7/site-packages/airflow/example_dags/example_branch_operator_decorator.py for tasks to queue
[2023-11-07T03:38:54.776+0000] {logging_mixin.py:137} INFO - [2023-11-07T03:38:54.776+0000] {dagbag.py:538} INFO - Filling up the DagBag from /home/airflow/.local/lib/python3.7/site-packages/airflow/example_dags/example_branch_operator_decorator.py
[2023-11-07T03:38:54.798+0000] {processor.py:753} INFO - DAG(s) dict_keys(['example_branch_python_operator_decorator']) retrieved from /home/airflow/.local/lib/python3.7/site-packages/airflow/example_dags/example_branch_operator_decorator.py
[2023-11-07T03:38:54.831+0000] {logging_mixin.py:137} INFO - [2023-11-07T03:38:54.831+0000] {dag.py:2690} INFO - Sync 1 DAGs
[2023-11-07T03:38:54.858+0000] {logging_mixin.py:137} INFO - [2023-11-07T03:38:54.858+0000] {dag.py:3441} INFO - Setting next_dagrun for example_branch_python_operator_decorator to 2023-11-06T00:00:00+00:00, run_after=2023-11-07T00:00:00+00:00
[2023-11-07T03:38:54.881+0000] {processor.py:175} INFO - Processing /home/airflow/.local/lib/python3.7/site-packages/airflow/example_dags/example_branch_operator_decorator.py took 0.108 seconds
[2023-11-07T03:42:36.430+0000] {processor.py:153} INFO - Started process (PID=65481) to work on /home/airflow/.local/lib/python3.7/site-packages/airflow/example_dags/example_branch_operator_decorator.py
[2023-11-07T03:42:36.431+0000] {processor.py:743} INFO - Processing file /home/airflow/.local/lib/python3.7/site-packages/airflow/example_dags/example_branch_operator_decorator.py for tasks to queue
[2023-11-07T03:42:36.431+0000] {logging_mixin.py:137} INFO - [2023-11-07T03:42:36.431+0000] {dagbag.py:538} INFO - Filling up the DagBag from /home/airflow/.local/lib/python3.7/site-packages/airflow/example_dags/example_branch_operator_decorator.py
[2023-11-07T03:42:36.447+0000] {processor.py:753} INFO - DAG(s) dict_keys(['example_branch_python_operator_decorator']) retrieved from /home/airflow/.local/lib/python3.7/site-packages/airflow/example_dags/example_branch_operator_decorator.py
[2023-11-07T03:42:36.461+0000] {logging_mixin.py:137} INFO - [2023-11-07T03:42:36.461+0000] {dag.py:2690} INFO - Sync 1 DAGs
[2023-11-07T03:42:36.554+0000] {logging_mixin.py:137} INFO - [2023-11-07T03:42:36.554+0000] {dag.py:3441} INFO - Setting next_dagrun for example_branch_python_operator_decorator to 2023-11-06T00:00:00+00:00, run_after=2023-11-07T00:00:00+00:00
[2023-11-07T03:42:36.562+0000] {processor.py:175} INFO - Processing /home/airflow/.local/lib/python3.7/site-packages/airflow/example_dags/example_branch_operator_decorator.py took 0.135 seconds
[2023-11-07T03:46:16.463+0000] {processor.py:153} INFO - Started process (PID=65558) to work on /home/airflow/.local/lib/python3.7/site-packages/airflow/example_dags/example_branch_operator_decorator.py
[2023-11-07T03:46:16.464+0000] {processor.py:743} INFO - Processing file /home/airflow/.local/lib/python3.7/site-packages/airflow/example_dags/example_branch_operator_decorator.py for tasks to queue
[2023-11-07T03:46:16.465+0000] {logging_mixin.py:137} INFO - [2023-11-07T03:46:16.465+0000] {dagbag.py:538} INFO - Filling up the DagBag from /home/airflow/.local/lib/python3.7/site-packages/airflow/example_dags/example_branch_operator_decorator.py
[2023-11-07T03:46:16.493+0000] {processor.py:753} INFO - DAG(s) dict_keys(['example_branch_python_operator_decorator']) retrieved from /home/airflow/.local/lib/python3.7/site-packages/airflow/example_dags/example_branch_operator_decorator.py
[2023-11-07T03:46:16.517+0000] {logging_mixin.py:137} INFO - [2023-11-07T03:46:16.517+0000] {dag.py:2690} INFO - Sync 1 DAGs
[2023-11-07T03:46:16.536+0000] {logging_mixin.py:137} INFO - [2023-11-07T03:46:16.536+0000] {dag.py:3441} INFO - Setting next_dagrun for example_branch_python_operator_decorator to 2023-11-06T00:00:00+00:00, run_after=2023-11-07T00:00:00+00:00
[2023-11-07T03:46:16.549+0000] {processor.py:175} INFO - Processing /home/airflow/.local/lib/python3.7/site-packages/airflow/example_dags/example_branch_operator_decorator.py took 0.089 seconds
[2023-11-07T03:49:04.994+0000] {processor.py:153} INFO - Started process (PID=65653) to work on /home/airflow/.local/lib/python3.7/site-packages/airflow/example_dags/example_branch_operator_decorator.py
[2023-11-07T03:49:04.995+0000] {processor.py:743} INFO - Processing file /home/airflow/.local/lib/python3.7/site-packages/airflow/example_dags/example_branch_operator_decorator.py for tasks to queue
[2023-11-07T03:49:04.996+0000] {logging_mixin.py:137} INFO - [2023-11-07T03:49:04.996+0000] {dagbag.py:538} INFO - Filling up the DagBag from /home/airflow/.local/lib/python3.7/site-packages/airflow/example_dags/example_branch_operator_decorator.py
[2023-11-07T03:49:05.017+0000] {processor.py:753} INFO - DAG(s) dict_keys(['example_branch_python_operator_decorator']) retrieved from /home/airflow/.local/lib/python3.7/site-packages/airflow/example_dags/example_branch_operator_decorator.py
[2023-11-07T03:49:05.044+0000] {logging_mixin.py:137} INFO - [2023-11-07T03:49:05.044+0000] {dag.py:2690} INFO - Sync 1 DAGs
[2023-11-07T03:49:05.063+0000] {logging_mixin.py:137} INFO - [2023-11-07T03:49:05.063+0000] {dag.py:3441} INFO - Setting next_dagrun for example_branch_python_operator_decorator to 2023-11-06T00:00:00+00:00, run_after=2023-11-07T00:00:00+00:00
[2023-11-07T03:49:05.079+0000] {processor.py:175} INFO - Processing /home/airflow/.local/lib/python3.7/site-packages/airflow/example_dags/example_branch_operator_decorator.py took 0.088 seconds
[2023-11-07T03:50:55.855+0000] {processor.py:153} INFO - Started process (PID=65748) to work on /home/airflow/.local/lib/python3.7/site-packages/airflow/example_dags/example_branch_operator_decorator.py
[2023-11-07T03:50:55.856+0000] {processor.py:743} INFO - Processing file /home/airflow/.local/lib/python3.7/site-packages/airflow/example_dags/example_branch_operator_decorator.py for tasks to queue
[2023-11-07T03:50:55.856+0000] {logging_mixin.py:137} INFO - [2023-11-07T03:50:55.856+0000] {dagbag.py:538} INFO - Filling up the DagBag from /home/airflow/.local/lib/python3.7/site-packages/airflow/example_dags/example_branch_operator_decorator.py
[2023-11-07T03:50:55.872+0000] {processor.py:753} INFO - DAG(s) dict_keys(['example_branch_python_operator_decorator']) retrieved from /home/airflow/.local/lib/python3.7/site-packages/airflow/example_dags/example_branch_operator_decorator.py
[2023-11-07T03:50:55.887+0000] {logging_mixin.py:137} INFO - [2023-11-07T03:50:55.887+0000] {dag.py:2690} INFO - Sync 1 DAGs
[2023-11-07T03:50:55.986+0000] {logging_mixin.py:137} INFO - [2023-11-07T03:50:55.986+0000] {dag.py:3441} INFO - Setting next_dagrun for example_branch_python_operator_decorator to 2023-11-06T00:00:00+00:00, run_after=2023-11-07T00:00:00+00:00
[2023-11-07T03:50:55.994+0000] {processor.py:175} INFO - Processing /home/airflow/.local/lib/python3.7/site-packages/airflow/example_dags/example_branch_operator_decorator.py took 0.141 seconds
[2023-11-07T03:53:34.077+0000] {processor.py:153} INFO - Started process (PID=65825) to work on /home/airflow/.local/lib/python3.7/site-packages/airflow/example_dags/example_branch_operator_decorator.py
[2023-11-07T03:53:34.077+0000] {processor.py:743} INFO - Processing file /home/airflow/.local/lib/python3.7/site-packages/airflow/example_dags/example_branch_operator_decorator.py for tasks to queue
[2023-11-07T03:53:34.078+0000] {logging_mixin.py:137} INFO - [2023-11-07T03:53:34.078+0000] {dagbag.py:538} INFO - Filling up the DagBag from /home/airflow/.local/lib/python3.7/site-packages/airflow/example_dags/example_branch_operator_decorator.py
[2023-11-07T03:53:34.093+0000] {processor.py:753} INFO - DAG(s) dict_keys(['example_branch_python_operator_decorator']) retrieved from /home/airflow/.local/lib/python3.7/site-packages/airflow/example_dags/example_branch_operator_decorator.py
[2023-11-07T03:53:34.106+0000] {logging_mixin.py:137} INFO - [2023-11-07T03:53:34.106+0000] {dag.py:2690} INFO - Sync 1 DAGs
[2023-11-07T03:53:34.210+0000] {logging_mixin.py:137} INFO - [2023-11-07T03:53:34.210+0000] {dag.py:3441} INFO - Setting next_dagrun for example_branch_python_operator_decorator to 2023-11-06T00:00:00+00:00, run_after=2023-11-07T00:00:00+00:00
[2023-11-07T03:53:34.217+0000] {processor.py:175} INFO - Processing /home/airflow/.local/lib/python3.7/site-packages/airflow/example_dags/example_branch_operator_decorator.py took 0.143 seconds
[2023-11-07T03:56:23.625+0000] {processor.py:153} INFO - Started process (PID=65920) to work on /home/airflow/.local/lib/python3.7/site-packages/airflow/example_dags/example_branch_operator_decorator.py
[2023-11-07T03:56:23.626+0000] {processor.py:743} INFO - Processing file /home/airflow/.local/lib/python3.7/site-packages/airflow/example_dags/example_branch_operator_decorator.py for tasks to queue
[2023-11-07T03:56:23.626+0000] {logging_mixin.py:137} INFO - [2023-11-07T03:56:23.626+0000] {dagbag.py:538} INFO - Filling up the DagBag from /home/airflow/.local/lib/python3.7/site-packages/airflow/example_dags/example_branch_operator_decorator.py
[2023-11-07T03:56:23.642+0000] {processor.py:753} INFO - DAG(s) dict_keys(['example_branch_python_operator_decorator']) retrieved from /home/airflow/.local/lib/python3.7/site-packages/airflow/example_dags/example_branch_operator_decorator.py
[2023-11-07T03:56:23.656+0000] {logging_mixin.py:137} INFO - [2023-11-07T03:56:23.656+0000] {dag.py:2690} INFO - Sync 1 DAGs
[2023-11-07T03:56:23.668+0000] {logging_mixin.py:137} INFO - [2023-11-07T03:56:23.668+0000] {dag.py:3441} INFO - Setting next_dagrun for example_branch_python_operator_decorator to 2023-11-06T00:00:00+00:00, run_after=2023-11-07T00:00:00+00:00
[2023-11-07T03:56:23.676+0000] {processor.py:175} INFO - Processing /home/airflow/.local/lib/python3.7/site-packages/airflow/example_dags/example_branch_operator_decorator.py took 0.053 seconds
[2023-11-07T04:00:03.693+0000] {processor.py:153} INFO - Started process (PID=65997) to work on /home/airflow/.local/lib/python3.7/site-packages/airflow/example_dags/example_branch_operator_decorator.py
[2023-11-07T04:00:03.695+0000] {processor.py:743} INFO - Processing file /home/airflow/.local/lib/python3.7/site-packages/airflow/example_dags/example_branch_operator_decorator.py for tasks to queue
[2023-11-07T04:00:03.696+0000] {logging_mixin.py:137} INFO - [2023-11-07T04:00:03.695+0000] {dagbag.py:538} INFO - Filling up the DagBag from /home/airflow/.local/lib/python3.7/site-packages/airflow/example_dags/example_branch_operator_decorator.py
[2023-11-07T04:00:03.737+0000] {processor.py:753} INFO - DAG(s) dict_keys(['example_branch_python_operator_decorator']) retrieved from /home/airflow/.local/lib/python3.7/site-packages/airflow/example_dags/example_branch_operator_decorator.py
[2023-11-07T04:00:03.778+0000] {logging_mixin.py:137} INFO - [2023-11-07T04:00:03.777+0000] {dag.py:2690} INFO - Sync 1 DAGs
[2023-11-07T04:00:03.807+0000] {logging_mixin.py:137} INFO - [2023-11-07T04:00:03.807+0000] {dag.py:3441} INFO - Setting next_dagrun for example_branch_python_operator_decorator to 2023-11-06T00:00:00+00:00, run_after=2023-11-07T00:00:00+00:00
[2023-11-07T04:00:03.841+0000] {processor.py:175} INFO - Processing /home/airflow/.local/lib/python3.7/site-packages/airflow/example_dags/example_branch_operator_decorator.py took 0.150 seconds
[2023-11-07T04:03:40.848+0000] {processor.py:153} INFO - Started process (PID=66092) to work on /home/airflow/.local/lib/python3.7/site-packages/airflow/example_dags/example_branch_operator_decorator.py
[2023-11-07T04:03:40.849+0000] {processor.py:743} INFO - Processing file /home/airflow/.local/lib/python3.7/site-packages/airflow/example_dags/example_branch_operator_decorator.py for tasks to queue
[2023-11-07T04:03:40.850+0000] {logging_mixin.py:137} INFO - [2023-11-07T04:03:40.850+0000] {dagbag.py:538} INFO - Filling up the DagBag from /home/airflow/.local/lib/python3.7/site-packages/airflow/example_dags/example_branch_operator_decorator.py
[2023-11-07T04:03:40.868+0000] {processor.py:753} INFO - DAG(s) dict_keys(['example_branch_python_operator_decorator']) retrieved from /home/airflow/.local/lib/python3.7/site-packages/airflow/example_dags/example_branch_operator_decorator.py
[2023-11-07T04:03:40.883+0000] {logging_mixin.py:137} INFO - [2023-11-07T04:03:40.883+0000] {dag.py:2690} INFO - Sync 1 DAGs
[2023-11-07T04:03:40.994+0000] {logging_mixin.py:137} INFO - [2023-11-07T04:03:40.994+0000] {dag.py:3441} INFO - Setting next_dagrun for example_branch_python_operator_decorator to 2023-11-06T00:00:00+00:00, run_after=2023-11-07T00:00:00+00:00
[2023-11-07T04:03:41.002+0000] {processor.py:175} INFO - Processing /home/airflow/.local/lib/python3.7/site-packages/airflow/example_dags/example_branch_operator_decorator.py took 0.157 seconds
[2023-11-07T04:07:21.928+0000] {processor.py:153} INFO - Started process (PID=66187) to work on /home/airflow/.local/lib/python3.7/site-packages/airflow/example_dags/example_branch_operator_decorator.py
[2023-11-07T04:07:21.929+0000] {processor.py:743} INFO - Processing file /home/airflow/.local/lib/python3.7/site-packages/airflow/example_dags/example_branch_operator_decorator.py for tasks to queue
[2023-11-07T04:07:21.930+0000] {logging_mixin.py:137} INFO - [2023-11-07T04:07:21.930+0000] {dagbag.py:538} INFO - Filling up the DagBag from /home/airflow/.local/lib/python3.7/site-packages/airflow/example_dags/example_branch_operator_decorator.py
[2023-11-07T04:07:21.950+0000] {processor.py:753} INFO - DAG(s) dict_keys(['example_branch_python_operator_decorator']) retrieved from /home/airflow/.local/lib/python3.7/site-packages/airflow/example_dags/example_branch_operator_decorator.py
[2023-11-07T04:07:21.967+0000] {logging_mixin.py:137} INFO - [2023-11-07T04:07:21.966+0000] {dag.py:2690} INFO - Sync 1 DAGs
[2023-11-07T04:07:21.980+0000] {logging_mixin.py:137} INFO - [2023-11-07T04:07:21.980+0000] {dag.py:3441} INFO - Setting next_dagrun for example_branch_python_operator_decorator to 2023-11-06T00:00:00+00:00, run_after=2023-11-07T00:00:00+00:00
[2023-11-07T04:07:21.988+0000] {processor.py:175} INFO - Processing /home/airflow/.local/lib/python3.7/site-packages/airflow/example_dags/example_branch_operator_decorator.py took 0.063 seconds
[2023-11-07T04:11:02.296+0000] {processor.py:153} INFO - Started process (PID=66264) to work on /home/airflow/.local/lib/python3.7/site-packages/airflow/example_dags/example_branch_operator_decorator.py
[2023-11-07T04:11:02.297+0000] {processor.py:743} INFO - Processing file /home/airflow/.local/lib/python3.7/site-packages/airflow/example_dags/example_branch_operator_decorator.py for tasks to queue
[2023-11-07T04:11:02.297+0000] {logging_mixin.py:137} INFO - [2023-11-07T04:11:02.297+0000] {dagbag.py:538} INFO - Filling up the DagBag from /home/airflow/.local/lib/python3.7/site-packages/airflow/example_dags/example_branch_operator_decorator.py
[2023-11-07T04:11:02.322+0000] {processor.py:753} INFO - DAG(s) dict_keys(['example_branch_python_operator_decorator']) retrieved from /home/airflow/.local/lib/python3.7/site-packages/airflow/example_dags/example_branch_operator_decorator.py
[2023-11-07T04:11:02.341+0000] {logging_mixin.py:137} INFO - [2023-11-07T04:11:02.341+0000] {dag.py:2690} INFO - Sync 1 DAGs
[2023-11-07T04:11:02.355+0000] {logging_mixin.py:137} INFO - [2023-11-07T04:11:02.355+0000] {dag.py:3441} INFO - Setting next_dagrun for example_branch_python_operator_decorator to 2023-11-06T00:00:00+00:00, run_after=2023-11-07T00:00:00+00:00
[2023-11-07T04:11:02.364+0000] {processor.py:175} INFO - Processing /home/airflow/.local/lib/python3.7/site-packages/airflow/example_dags/example_branch_operator_decorator.py took 0.071 seconds
[2023-11-07T04:14:42.473+0000] {processor.py:153} INFO - Started process (PID=66359) to work on /home/airflow/.local/lib/python3.7/site-packages/airflow/example_dags/example_branch_operator_decorator.py
[2023-11-07T04:14:42.474+0000] {processor.py:743} INFO - Processing file /home/airflow/.local/lib/python3.7/site-packages/airflow/example_dags/example_branch_operator_decorator.py for tasks to queue
[2023-11-07T04:14:42.474+0000] {logging_mixin.py:137} INFO - [2023-11-07T04:14:42.474+0000] {dagbag.py:538} INFO - Filling up the DagBag from /home/airflow/.local/lib/python3.7/site-packages/airflow/example_dags/example_branch_operator_decorator.py
[2023-11-07T04:14:42.490+0000] {processor.py:753} INFO - DAG(s) dict_keys(['example_branch_python_operator_decorator']) retrieved from /home/airflow/.local/lib/python3.7/site-packages/airflow/example_dags/example_branch_operator_decorator.py
[2023-11-07T04:14:42.505+0000] {logging_mixin.py:137} INFO - [2023-11-07T04:14:42.504+0000] {dag.py:2690} INFO - Sync 1 DAGs
[2023-11-07T04:14:42.522+0000] {logging_mixin.py:137} INFO - [2023-11-07T04:14:42.522+0000] {dag.py:3441} INFO - Setting next_dagrun for example_branch_python_operator_decorator to 2023-11-06T00:00:00+00:00, run_after=2023-11-07T00:00:00+00:00
[2023-11-07T04:14:42.620+0000] {processor.py:175} INFO - Processing /home/airflow/.local/lib/python3.7/site-packages/airflow/example_dags/example_branch_operator_decorator.py took 0.150 seconds
[2023-11-07T04:18:23.667+0000] {processor.py:153} INFO - Started process (PID=66454) to work on /home/airflow/.local/lib/python3.7/site-packages/airflow/example_dags/example_branch_operator_decorator.py
[2023-11-07T04:18:23.668+0000] {processor.py:743} INFO - Processing file /home/airflow/.local/lib/python3.7/site-packages/airflow/example_dags/example_branch_operator_decorator.py for tasks to queue
[2023-11-07T04:18:23.668+0000] {logging_mixin.py:137} INFO - [2023-11-07T04:18:23.668+0000] {dagbag.py:538} INFO - Filling up the DagBag from /home/airflow/.local/lib/python3.7/site-packages/airflow/example_dags/example_branch_operator_decorator.py
[2023-11-07T04:18:23.684+0000] {processor.py:753} INFO - DAG(s) dict_keys(['example_branch_python_operator_decorator']) retrieved from /home/airflow/.local/lib/python3.7/site-packages/airflow/example_dags/example_branch_operator_decorator.py
[2023-11-07T04:18:23.699+0000] {logging_mixin.py:137} INFO - [2023-11-07T04:18:23.699+0000] {dag.py:2690} INFO - Sync 1 DAGs
[2023-11-07T04:18:23.806+0000] {logging_mixin.py:137} INFO - [2023-11-07T04:18:23.805+0000] {dag.py:3441} INFO - Setting next_dagrun for example_branch_python_operator_decorator to 2023-11-06T00:00:00+00:00, run_after=2023-11-07T00:00:00+00:00
[2023-11-07T04:18:23.813+0000] {processor.py:175} INFO - Processing /home/airflow/.local/lib/python3.7/site-packages/airflow/example_dags/example_branch_operator_decorator.py took 0.148 seconds
[2023-11-07T04:22:02.807+0000] {processor.py:153} INFO - Started process (PID=66531) to work on /home/airflow/.local/lib/python3.7/site-packages/airflow/example_dags/example_branch_operator_decorator.py
[2023-11-07T04:22:02.808+0000] {processor.py:743} INFO - Processing file /home/airflow/.local/lib/python3.7/site-packages/airflow/example_dags/example_branch_operator_decorator.py for tasks to queue
[2023-11-07T04:22:02.810+0000] {logging_mixin.py:137} INFO - [2023-11-07T04:22:02.810+0000] {dagbag.py:538} INFO - Filling up the DagBag from /home/airflow/.local/lib/python3.7/site-packages/airflow/example_dags/example_branch_operator_decorator.py
[2023-11-07T04:22:02.863+0000] {processor.py:753} INFO - DAG(s) dict_keys(['example_branch_python_operator_decorator']) retrieved from /home/airflow/.local/lib/python3.7/site-packages/airflow/example_dags/example_branch_operator_decorator.py
[2023-11-07T04:22:02.922+0000] {logging_mixin.py:137} INFO - [2023-11-07T04:22:02.922+0000] {dag.py:2690} INFO - Sync 1 DAGs
[2023-11-07T04:22:02.956+0000] {logging_mixin.py:137} INFO - [2023-11-07T04:22:02.956+0000] {dag.py:3441} INFO - Setting next_dagrun for example_branch_python_operator_decorator to 2023-11-06T00:00:00+00:00, run_after=2023-11-07T00:00:00+00:00
[2023-11-07T04:22:02.969+0000] {processor.py:175} INFO - Processing /home/airflow/.local/lib/python3.7/site-packages/airflow/example_dags/example_branch_operator_decorator.py took 0.168 seconds
[2023-11-07T04:25:43.929+0000] {processor.py:153} INFO - Started process (PID=66626) to work on /home/airflow/.local/lib/python3.7/site-packages/airflow/example_dags/example_branch_operator_decorator.py
[2023-11-07T04:25:43.930+0000] {processor.py:743} INFO - Processing file /home/airflow/.local/lib/python3.7/site-packages/airflow/example_dags/example_branch_operator_decorator.py for tasks to queue
[2023-11-07T04:25:43.930+0000] {logging_mixin.py:137} INFO - [2023-11-07T04:25:43.930+0000] {dagbag.py:538} INFO - Filling up the DagBag from /home/airflow/.local/lib/python3.7/site-packages/airflow/example_dags/example_branch_operator_decorator.py
[2023-11-07T04:25:43.948+0000] {processor.py:753} INFO - DAG(s) dict_keys(['example_branch_python_operator_decorator']) retrieved from /home/airflow/.local/lib/python3.7/site-packages/airflow/example_dags/example_branch_operator_decorator.py
[2023-11-07T04:25:43.964+0000] {logging_mixin.py:137} INFO - [2023-11-07T04:25:43.964+0000] {dag.py:2690} INFO - Sync 1 DAGs
[2023-11-07T04:25:43.976+0000] {logging_mixin.py:137} INFO - [2023-11-07T04:25:43.976+0000] {dag.py:3441} INFO - Setting next_dagrun for example_branch_python_operator_decorator to 2023-11-06T00:00:00+00:00, run_after=2023-11-07T00:00:00+00:00
[2023-11-07T04:25:44.075+0000] {processor.py:175} INFO - Processing /home/airflow/.local/lib/python3.7/site-packages/airflow/example_dags/example_branch_operator_decorator.py took 0.148 seconds
[2023-11-07T04:29:24.959+0000] {processor.py:153} INFO - Started process (PID=66721) to work on /home/airflow/.local/lib/python3.7/site-packages/airflow/example_dags/example_branch_operator_decorator.py
[2023-11-07T04:29:24.960+0000] {processor.py:743} INFO - Processing file /home/airflow/.local/lib/python3.7/site-packages/airflow/example_dags/example_branch_operator_decorator.py for tasks to queue
[2023-11-07T04:29:24.961+0000] {logging_mixin.py:137} INFO - [2023-11-07T04:29:24.961+0000] {dagbag.py:538} INFO - Filling up the DagBag from /home/airflow/.local/lib/python3.7/site-packages/airflow/example_dags/example_branch_operator_decorator.py
[2023-11-07T04:29:24.980+0000] {processor.py:753} INFO - DAG(s) dict_keys(['example_branch_python_operator_decorator']) retrieved from /home/airflow/.local/lib/python3.7/site-packages/airflow/example_dags/example_branch_operator_decorator.py
[2023-11-07T04:29:24.998+0000] {logging_mixin.py:137} INFO - [2023-11-07T04:29:24.998+0000] {dag.py:2690} INFO - Sync 1 DAGs
[2023-11-07T04:29:25.108+0000] {logging_mixin.py:137} INFO - [2023-11-07T04:29:25.108+0000] {dag.py:3441} INFO - Setting next_dagrun for example_branch_python_operator_decorator to 2023-11-06T00:00:00+00:00, run_after=2023-11-07T00:00:00+00:00
[2023-11-07T04:29:25.116+0000] {processor.py:175} INFO - Processing /home/airflow/.local/lib/python3.7/site-packages/airflow/example_dags/example_branch_operator_decorator.py took 0.159 seconds
[2023-11-07T04:47:13.862+0000] {processor.py:153} INFO - Started process (PID=66798) to work on /home/airflow/.local/lib/python3.7/site-packages/airflow/example_dags/example_branch_operator_decorator.py
[2023-11-07T04:47:13.863+0000] {processor.py:743} INFO - Processing file /home/airflow/.local/lib/python3.7/site-packages/airflow/example_dags/example_branch_operator_decorator.py for tasks to queue
[2023-11-07T04:47:13.864+0000] {logging_mixin.py:137} INFO - [2023-11-07T04:47:13.864+0000] {dagbag.py:538} INFO - Filling up the DagBag from /home/airflow/.local/lib/python3.7/site-packages/airflow/example_dags/example_branch_operator_decorator.py
[2023-11-07T04:47:13.884+0000] {processor.py:753} INFO - DAG(s) dict_keys(['example_branch_python_operator_decorator']) retrieved from /home/airflow/.local/lib/python3.7/site-packages/airflow/example_dags/example_branch_operator_decorator.py
[2023-11-07T04:47:13.901+0000] {logging_mixin.py:137} INFO - [2023-11-07T04:47:13.901+0000] {dag.py:2690} INFO - Sync 1 DAGs
[2023-11-07T04:47:13.916+0000] {logging_mixin.py:137} INFO - [2023-11-07T04:47:13.916+0000] {dag.py:3441} INFO - Setting next_dagrun for example_branch_python_operator_decorator to 2023-11-06T00:00:00+00:00, run_after=2023-11-07T00:00:00+00:00
[2023-11-07T04:47:13.926+0000] {processor.py:175} INFO - Processing /home/airflow/.local/lib/python3.7/site-packages/airflow/example_dags/example_branch_operator_decorator.py took 0.067 seconds
[2023-11-07T06:13:56.352+0000] {processor.py:153} INFO - Started process (PID=66893) to work on /home/airflow/.local/lib/python3.7/site-packages/airflow/example_dags/example_branch_operator_decorator.py
[2023-11-07T06:13:56.353+0000] {processor.py:743} INFO - Processing file /home/airflow/.local/lib/python3.7/site-packages/airflow/example_dags/example_branch_operator_decorator.py for tasks to queue
[2023-11-07T06:13:56.354+0000] {logging_mixin.py:137} INFO - [2023-11-07T06:13:56.354+0000] {dagbag.py:538} INFO - Filling up the DagBag from /home/airflow/.local/lib/python3.7/site-packages/airflow/example_dags/example_branch_operator_decorator.py
[2023-11-07T06:13:56.370+0000] {processor.py:753} INFO - DAG(s) dict_keys(['example_branch_python_operator_decorator']) retrieved from /home/airflow/.local/lib/python3.7/site-packages/airflow/example_dags/example_branch_operator_decorator.py
[2023-11-07T06:13:56.384+0000] {logging_mixin.py:137} INFO - [2023-11-07T06:13:56.384+0000] {dag.py:2690} INFO - Sync 1 DAGs
[2023-11-07T06:13:56.396+0000] {logging_mixin.py:137} INFO - [2023-11-07T06:13:56.396+0000] {dag.py:3441} INFO - Setting next_dagrun for example_branch_python_operator_decorator to 2023-11-06T00:00:00+00:00, run_after=2023-11-07T00:00:00+00:00
[2023-11-07T06:13:56.405+0000] {processor.py:175} INFO - Processing /home/airflow/.local/lib/python3.7/site-packages/airflow/example_dags/example_branch_operator_decorator.py took 0.055 seconds
[2023-11-07T07:09:24.845+0000] {processor.py:153} INFO - Started process (PID=66970) to work on /home/airflow/.local/lib/python3.7/site-packages/airflow/example_dags/example_branch_operator_decorator.py
[2023-11-07T07:09:24.846+0000] {processor.py:743} INFO - Processing file /home/airflow/.local/lib/python3.7/site-packages/airflow/example_dags/example_branch_operator_decorator.py for tasks to queue
[2023-11-07T07:09:24.846+0000] {logging_mixin.py:137} INFO - [2023-11-07T07:09:24.846+0000] {dagbag.py:538} INFO - Filling up the DagBag from /home/airflow/.local/lib/python3.7/site-packages/airflow/example_dags/example_branch_operator_decorator.py
[2023-11-07T07:09:24.862+0000] {processor.py:753} INFO - DAG(s) dict_keys(['example_branch_python_operator_decorator']) retrieved from /home/airflow/.local/lib/python3.7/site-packages/airflow/example_dags/example_branch_operator_decorator.py
[2023-11-07T07:09:24.878+0000] {logging_mixin.py:137} INFO - [2023-11-07T07:09:24.878+0000] {dag.py:2690} INFO - Sync 1 DAGs
[2023-11-07T07:09:24.989+0000] {logging_mixin.py:137} INFO - [2023-11-07T07:09:24.989+0000] {dag.py:3441} INFO - Setting next_dagrun for example_branch_python_operator_decorator to 2023-11-06T00:00:00+00:00, run_after=2023-11-07T00:00:00+00:00
[2023-11-07T07:09:24.998+0000] {processor.py:175} INFO - Processing /home/airflow/.local/lib/python3.7/site-packages/airflow/example_dags/example_branch_operator_decorator.py took 0.155 seconds
[2023-11-07T08:32:08.272+0000] {processor.py:153} INFO - Started process (PID=67065) to work on /home/airflow/.local/lib/python3.7/site-packages/airflow/example_dags/example_branch_operator_decorator.py
[2023-11-07T08:32:08.273+0000] {processor.py:743} INFO - Processing file /home/airflow/.local/lib/python3.7/site-packages/airflow/example_dags/example_branch_operator_decorator.py for tasks to queue
[2023-11-07T08:32:08.274+0000] {logging_mixin.py:137} INFO - [2023-11-07T08:32:08.274+0000] {dagbag.py:538} INFO - Filling up the DagBag from /home/airflow/.local/lib/python3.7/site-packages/airflow/example_dags/example_branch_operator_decorator.py
[2023-11-07T08:32:08.298+0000] {processor.py:753} INFO - DAG(s) dict_keys(['example_branch_python_operator_decorator']) retrieved from /home/airflow/.local/lib/python3.7/site-packages/airflow/example_dags/example_branch_operator_decorator.py
[2023-11-07T08:32:08.322+0000] {logging_mixin.py:137} INFO - [2023-11-07T08:32:08.322+0000] {dag.py:2690} INFO - Sync 1 DAGs
[2023-11-07T08:32:08.345+0000] {logging_mixin.py:137} INFO - [2023-11-07T08:32:08.344+0000] {dag.py:3441} INFO - Setting next_dagrun for example_branch_python_operator_decorator to 2023-11-06T00:00:00+00:00, run_after=2023-11-07T00:00:00+00:00
[2023-11-07T08:32:08.356+0000] {processor.py:175} INFO - Processing /home/airflow/.local/lib/python3.7/site-packages/airflow/example_dags/example_branch_operator_decorator.py took 0.088 seconds
[2023-11-07T09:55:59.876+0000] {processor.py:153} INFO - Started process (PID=67149) to work on /home/airflow/.local/lib/python3.7/site-packages/airflow/example_dags/example_branch_operator_decorator.py
[2023-11-07T09:55:59.877+0000] {processor.py:743} INFO - Processing file /home/airflow/.local/lib/python3.7/site-packages/airflow/example_dags/example_branch_operator_decorator.py for tasks to queue
[2023-11-07T09:55:59.878+0000] {logging_mixin.py:137} INFO - [2023-11-07T09:55:59.878+0000] {dagbag.py:538} INFO - Filling up the DagBag from /home/airflow/.local/lib/python3.7/site-packages/airflow/example_dags/example_branch_operator_decorator.py
[2023-11-07T09:55:59.896+0000] {processor.py:753} INFO - DAG(s) dict_keys(['example_branch_python_operator_decorator']) retrieved from /home/airflow/.local/lib/python3.7/site-packages/airflow/example_dags/example_branch_operator_decorator.py
[2023-11-07T09:55:59.913+0000] {logging_mixin.py:137} INFO - [2023-11-07T09:55:59.913+0000] {dag.py:2690} INFO - Sync 1 DAGs
[2023-11-07T09:55:59.928+0000] {logging_mixin.py:137} INFO - [2023-11-07T09:55:59.928+0000] {dag.py:3441} INFO - Setting next_dagrun for example_branch_python_operator_decorator to 2023-11-06T00:00:00+00:00, run_after=2023-11-07T00:00:00+00:00
[2023-11-07T09:55:59.938+0000] {processor.py:175} INFO - Processing /home/airflow/.local/lib/python3.7/site-packages/airflow/example_dags/example_branch_operator_decorator.py took 0.064 seconds
[2023-11-07T11:17:49.340+0000] {processor.py:153} INFO - Started process (PID=67237) to work on /home/airflow/.local/lib/python3.7/site-packages/airflow/example_dags/example_branch_operator_decorator.py
[2023-11-07T11:17:49.341+0000] {processor.py:743} INFO - Processing file /home/airflow/.local/lib/python3.7/site-packages/airflow/example_dags/example_branch_operator_decorator.py for tasks to queue
[2023-11-07T11:17:49.341+0000] {logging_mixin.py:137} INFO - [2023-11-07T11:17:49.341+0000] {dagbag.py:538} INFO - Filling up the DagBag from /home/airflow/.local/lib/python3.7/site-packages/airflow/example_dags/example_branch_operator_decorator.py
[2023-11-07T11:17:49.357+0000] {processor.py:753} INFO - DAG(s) dict_keys(['example_branch_python_operator_decorator']) retrieved from /home/airflow/.local/lib/python3.7/site-packages/airflow/example_dags/example_branch_operator_decorator.py
[2023-11-07T11:17:49.371+0000] {logging_mixin.py:137} INFO - [2023-11-07T11:17:49.370+0000] {dag.py:2690} INFO - Sync 1 DAGs
[2023-11-07T11:17:49.462+0000] {logging_mixin.py:137} INFO - [2023-11-07T11:17:49.462+0000] {dag.py:3441} INFO - Setting next_dagrun for example_branch_python_operator_decorator to 2023-11-06T00:00:00+00:00, run_after=2023-11-07T00:00:00+00:00
[2023-11-07T11:17:49.469+0000] {processor.py:175} INFO - Processing /home/airflow/.local/lib/python3.7/site-packages/airflow/example_dags/example_branch_operator_decorator.py took 0.131 seconds
[2023-11-07T12:41:32.615+0000] {processor.py:153} INFO - Started process (PID=67332) to work on /home/airflow/.local/lib/python3.7/site-packages/airflow/example_dags/example_branch_operator_decorator.py
[2023-11-07T12:41:32.616+0000] {processor.py:743} INFO - Processing file /home/airflow/.local/lib/python3.7/site-packages/airflow/example_dags/example_branch_operator_decorator.py for tasks to queue
[2023-11-07T12:41:32.617+0000] {logging_mixin.py:137} INFO - [2023-11-07T12:41:32.617+0000] {dagbag.py:538} INFO - Filling up the DagBag from /home/airflow/.local/lib/python3.7/site-packages/airflow/example_dags/example_branch_operator_decorator.py
[2023-11-07T12:41:32.637+0000] {processor.py:753} INFO - DAG(s) dict_keys(['example_branch_python_operator_decorator']) retrieved from /home/airflow/.local/lib/python3.7/site-packages/airflow/example_dags/example_branch_operator_decorator.py
[2023-11-07T12:41:32.758+0000] {logging_mixin.py:137} INFO - [2023-11-07T12:41:32.757+0000] {dag.py:2690} INFO - Sync 1 DAGs
[2023-11-07T12:41:32.769+0000] {logging_mixin.py:137} INFO - [2023-11-07T12:41:32.769+0000] {dag.py:3441} INFO - Setting next_dagrun for example_branch_python_operator_decorator to 2023-11-06T00:00:00+00:00, run_after=2023-11-07T00:00:00+00:00
[2023-11-07T12:41:32.777+0000] {processor.py:175} INFO - Processing /home/airflow/.local/lib/python3.7/site-packages/airflow/example_dags/example_branch_operator_decorator.py took 0.165 seconds
[2023-11-07T14:05:41.103+0000] {processor.py:153} INFO - Started process (PID=67409) to work on /home/airflow/.local/lib/python3.7/site-packages/airflow/example_dags/example_branch_operator_decorator.py
[2023-11-07T14:05:41.104+0000] {processor.py:743} INFO - Processing file /home/airflow/.local/lib/python3.7/site-packages/airflow/example_dags/example_branch_operator_decorator.py for tasks to queue
[2023-11-07T14:05:41.104+0000] {logging_mixin.py:137} INFO - [2023-11-07T14:05:41.104+0000] {dagbag.py:538} INFO - Filling up the DagBag from /home/airflow/.local/lib/python3.7/site-packages/airflow/example_dags/example_branch_operator_decorator.py
[2023-11-07T14:05:41.125+0000] {processor.py:753} INFO - DAG(s) dict_keys(['example_branch_python_operator_decorator']) retrieved from /home/airflow/.local/lib/python3.7/site-packages/airflow/example_dags/example_branch_operator_decorator.py
[2023-11-07T14:05:41.139+0000] {logging_mixin.py:137} INFO - [2023-11-07T14:05:41.139+0000] {dag.py:2690} INFO - Sync 1 DAGs
[2023-11-07T14:05:41.151+0000] {logging_mixin.py:137} INFO - [2023-11-07T14:05:41.151+0000] {dag.py:3441} INFO - Setting next_dagrun for example_branch_python_operator_decorator to 2023-11-06T00:00:00+00:00, run_after=2023-11-07T00:00:00+00:00
[2023-11-07T14:05:41.160+0000] {processor.py:175} INFO - Processing /home/airflow/.local/lib/python3.7/site-packages/airflow/example_dags/example_branch_operator_decorator.py took 0.059 seconds
[2023-11-07T15:22:22.846+0000] {processor.py:153} INFO - Started process (PID=67504) to work on /home/airflow/.local/lib/python3.7/site-packages/airflow/example_dags/example_branch_operator_decorator.py
[2023-11-07T15:22:22.847+0000] {processor.py:743} INFO - Processing file /home/airflow/.local/lib/python3.7/site-packages/airflow/example_dags/example_branch_operator_decorator.py for tasks to queue
[2023-11-07T15:22:22.848+0000] {logging_mixin.py:137} INFO - [2023-11-07T15:22:22.848+0000] {dagbag.py:538} INFO - Filling up the DagBag from /home/airflow/.local/lib/python3.7/site-packages/airflow/example_dags/example_branch_operator_decorator.py
[2023-11-07T15:22:22.867+0000] {processor.py:753} INFO - DAG(s) dict_keys(['example_branch_python_operator_decorator']) retrieved from /home/airflow/.local/lib/python3.7/site-packages/airflow/example_dags/example_branch_operator_decorator.py
[2023-11-07T15:22:22.883+0000] {logging_mixin.py:137} INFO - [2023-11-07T15:22:22.883+0000] {dag.py:2690} INFO - Sync 1 DAGs
[2023-11-07T15:22:23.016+0000] {logging_mixin.py:137} INFO - [2023-11-07T15:22:23.016+0000] {dag.py:3441} INFO - Setting next_dagrun for example_branch_python_operator_decorator to 2023-11-06T00:00:00+00:00, run_after=2023-11-07T00:00:00+00:00
[2023-11-07T15:22:23.024+0000] {processor.py:175} INFO - Processing /home/airflow/.local/lib/python3.7/site-packages/airflow/example_dags/example_branch_operator_decorator.py took 0.182 seconds
[2023-11-07T16:45:59.697+0000] {processor.py:153} INFO - Started process (PID=67581) to work on /home/airflow/.local/lib/python3.7/site-packages/airflow/example_dags/example_branch_operator_decorator.py
[2023-11-07T16:45:59.698+0000] {processor.py:743} INFO - Processing file /home/airflow/.local/lib/python3.7/site-packages/airflow/example_dags/example_branch_operator_decorator.py for tasks to queue
[2023-11-07T16:45:59.698+0000] {logging_mixin.py:137} INFO - [2023-11-07T16:45:59.698+0000] {dagbag.py:538} INFO - Filling up the DagBag from /home/airflow/.local/lib/python3.7/site-packages/airflow/example_dags/example_branch_operator_decorator.py
[2023-11-07T16:45:59.714+0000] {processor.py:753} INFO - DAG(s) dict_keys(['example_branch_python_operator_decorator']) retrieved from /home/airflow/.local/lib/python3.7/site-packages/airflow/example_dags/example_branch_operator_decorator.py
[2023-11-07T16:45:59.820+0000] {logging_mixin.py:137} INFO - [2023-11-07T16:45:59.820+0000] {dag.py:2690} INFO - Sync 1 DAGs
[2023-11-07T16:45:59.831+0000] {logging_mixin.py:137} INFO - [2023-11-07T16:45:59.831+0000] {dag.py:3441} INFO - Setting next_dagrun for example_branch_python_operator_decorator to 2023-11-06T00:00:00+00:00, run_after=2023-11-07T00:00:00+00:00
[2023-11-07T16:45:59.840+0000] {processor.py:175} INFO - Processing /home/airflow/.local/lib/python3.7/site-packages/airflow/example_dags/example_branch_operator_decorator.py took 0.145 seconds
[2023-11-07T17:29:33.883+0000] {processor.py:153} INFO - Started process (PID=67676) to work on /home/airflow/.local/lib/python3.7/site-packages/airflow/example_dags/example_branch_operator_decorator.py
[2023-11-07T17:29:33.884+0000] {processor.py:743} INFO - Processing file /home/airflow/.local/lib/python3.7/site-packages/airflow/example_dags/example_branch_operator_decorator.py for tasks to queue
[2023-11-07T17:29:33.884+0000] {logging_mixin.py:137} INFO - [2023-11-07T17:29:33.884+0000] {dagbag.py:538} INFO - Filling up the DagBag from /home/airflow/.local/lib/python3.7/site-packages/airflow/example_dags/example_branch_operator_decorator.py
[2023-11-07T17:29:33.899+0000] {processor.py:753} INFO - DAG(s) dict_keys(['example_branch_python_operator_decorator']) retrieved from /home/airflow/.local/lib/python3.7/site-packages/airflow/example_dags/example_branch_operator_decorator.py
[2023-11-07T17:29:33.913+0000] {logging_mixin.py:137} INFO - [2023-11-07T17:29:33.913+0000] {dag.py:2690} INFO - Sync 1 DAGs
[2023-11-07T17:29:33.926+0000] {logging_mixin.py:137} INFO - [2023-11-07T17:29:33.926+0000] {dag.py:3441} INFO - Setting next_dagrun for example_branch_python_operator_decorator to 2023-11-06T00:00:00+00:00, run_after=2023-11-07T00:00:00+00:00
[2023-11-07T17:29:33.936+0000] {processor.py:175} INFO - Processing /home/airflow/.local/lib/python3.7/site-packages/airflow/example_dags/example_branch_operator_decorator.py took 0.055 seconds
[2023-11-07T18:03:07.064+0000] {processor.py:153} INFO - Started process (PID=67753) to work on /home/airflow/.local/lib/python3.7/site-packages/airflow/example_dags/example_branch_operator_decorator.py
[2023-11-07T18:03:07.065+0000] {processor.py:743} INFO - Processing file /home/airflow/.local/lib/python3.7/site-packages/airflow/example_dags/example_branch_operator_decorator.py for tasks to queue
[2023-11-07T18:03:07.065+0000] {logging_mixin.py:137} INFO - [2023-11-07T18:03:07.065+0000] {dagbag.py:538} INFO - Filling up the DagBag from /home/airflow/.local/lib/python3.7/site-packages/airflow/example_dags/example_branch_operator_decorator.py
[2023-11-07T18:03:07.086+0000] {processor.py:753} INFO - DAG(s) dict_keys(['example_branch_python_operator_decorator']) retrieved from /home/airflow/.local/lib/python3.7/site-packages/airflow/example_dags/example_branch_operator_decorator.py
[2023-11-07T18:03:07.103+0000] {logging_mixin.py:137} INFO - [2023-11-07T18:03:07.102+0000] {dag.py:2690} INFO - Sync 1 DAGs
[2023-11-07T18:03:07.213+0000] {logging_mixin.py:137} INFO - [2023-11-07T18:03:07.213+0000] {dag.py:3441} INFO - Setting next_dagrun for example_branch_python_operator_decorator to 2023-11-06T00:00:00+00:00, run_after=2023-11-07T00:00:00+00:00
[2023-11-07T18:03:07.222+0000] {processor.py:175} INFO - Processing /home/airflow/.local/lib/python3.7/site-packages/airflow/example_dags/example_branch_operator_decorator.py took 0.159 seconds
[2023-11-07T19:26:06.551+0000] {processor.py:153} INFO - Started process (PID=67848) to work on /home/airflow/.local/lib/python3.7/site-packages/airflow/example_dags/example_branch_operator_decorator.py
[2023-11-07T19:26:06.552+0000] {processor.py:743} INFO - Processing file /home/airflow/.local/lib/python3.7/site-packages/airflow/example_dags/example_branch_operator_decorator.py for tasks to queue
[2023-11-07T19:26:06.552+0000] {logging_mixin.py:137} INFO - [2023-11-07T19:26:06.552+0000] {dagbag.py:538} INFO - Filling up the DagBag from /home/airflow/.local/lib/python3.7/site-packages/airflow/example_dags/example_branch_operator_decorator.py
[2023-11-07T19:26:06.568+0000] {processor.py:753} INFO - DAG(s) dict_keys(['example_branch_python_operator_decorator']) retrieved from /home/airflow/.local/lib/python3.7/site-packages/airflow/example_dags/example_branch_operator_decorator.py
[2023-11-07T19:26:06.676+0000] {logging_mixin.py:137} INFO - [2023-11-07T19:26:06.676+0000] {dag.py:2690} INFO - Sync 1 DAGs
[2023-11-07T19:26:06.687+0000] {logging_mixin.py:137} INFO - [2023-11-07T19:26:06.687+0000] {dag.py:3441} INFO - Setting next_dagrun for example_branch_python_operator_decorator to 2023-11-06T00:00:00+00:00, run_after=2023-11-07T00:00:00+00:00
[2023-11-07T19:26:06.695+0000] {processor.py:175} INFO - Processing /home/airflow/.local/lib/python3.7/site-packages/airflow/example_dags/example_branch_operator_decorator.py took 0.146 seconds
[2023-11-07T21:07:53.237+0000] {processor.py:153} INFO - Started process (PID=67925) to work on /home/airflow/.local/lib/python3.7/site-packages/airflow/example_dags/example_branch_operator_decorator.py
[2023-11-07T21:07:53.238+0000] {processor.py:743} INFO - Processing file /home/airflow/.local/lib/python3.7/site-packages/airflow/example_dags/example_branch_operator_decorator.py for tasks to queue
[2023-11-07T21:07:53.238+0000] {logging_mixin.py:137} INFO - [2023-11-07T21:07:53.238+0000] {dagbag.py:538} INFO - Filling up the DagBag from /home/airflow/.local/lib/python3.7/site-packages/airflow/example_dags/example_branch_operator_decorator.py
[2023-11-07T21:07:53.254+0000] {processor.py:753} INFO - DAG(s) dict_keys(['example_branch_python_operator_decorator']) retrieved from /home/airflow/.local/lib/python3.7/site-packages/airflow/example_dags/example_branch_operator_decorator.py
[2023-11-07T21:07:53.268+0000] {logging_mixin.py:137} INFO - [2023-11-07T21:07:53.268+0000] {dag.py:2690} INFO - Sync 1 DAGs
[2023-11-07T21:07:53.281+0000] {logging_mixin.py:137} INFO - [2023-11-07T21:07:53.281+0000] {dag.py:3441} INFO - Setting next_dagrun for example_branch_python_operator_decorator to 2023-11-06T00:00:00+00:00, run_after=2023-11-07T00:00:00+00:00
[2023-11-07T21:07:53.291+0000] {processor.py:175} INFO - Processing /home/airflow/.local/lib/python3.7/site-packages/airflow/example_dags/example_branch_operator_decorator.py took 0.055 seconds
[2023-11-07T22:33:59.331+0000] {processor.py:153} INFO - Started process (PID=68020) to work on /home/airflow/.local/lib/python3.7/site-packages/airflow/example_dags/example_branch_operator_decorator.py
[2023-11-07T22:33:59.331+0000] {processor.py:743} INFO - Processing file /home/airflow/.local/lib/python3.7/site-packages/airflow/example_dags/example_branch_operator_decorator.py for tasks to queue
[2023-11-07T22:33:59.332+0000] {logging_mixin.py:137} INFO - [2023-11-07T22:33:59.332+0000] {dagbag.py:538} INFO - Filling up the DagBag from /home/airflow/.local/lib/python3.7/site-packages/airflow/example_dags/example_branch_operator_decorator.py
[2023-11-07T22:33:59.347+0000] {processor.py:753} INFO - DAG(s) dict_keys(['example_branch_python_operator_decorator']) retrieved from /home/airflow/.local/lib/python3.7/site-packages/airflow/example_dags/example_branch_operator_decorator.py
[2023-11-07T22:33:59.362+0000] {logging_mixin.py:137} INFO - [2023-11-07T22:33:59.362+0000] {dag.py:2690} INFO - Sync 1 DAGs
[2023-11-07T22:33:59.480+0000] {logging_mixin.py:137} INFO - [2023-11-07T22:33:59.480+0000] {dag.py:3441} INFO - Setting next_dagrun for example_branch_python_operator_decorator to 2023-11-06T00:00:00+00:00, run_after=2023-11-07T00:00:00+00:00
[2023-11-07T22:33:59.488+0000] {processor.py:175} INFO - Processing /home/airflow/.local/lib/python3.7/site-packages/airflow/example_dags/example_branch_operator_decorator.py took 0.160 seconds
