[2023-11-10T00:36:33.399+0000] {processor.py:153} INFO - Started process (PID=94080) to work on /home/airflow/.local/lib/python3.7/site-packages/airflow/example_dags/example_branch_day_of_week_operator.py
[2023-11-10T00:36:33.400+0000] {processor.py:743} INFO - Processing file /home/airflow/.local/lib/python3.7/site-packages/airflow/example_dags/example_branch_day_of_week_operator.py for tasks to queue
[2023-11-10T00:36:33.402+0000] {logging_mixin.py:137} INFO - [2023-11-10T00:36:33.401+0000] {dagbag.py:538} INFO - Filling up the DagBag from /home/airflow/.local/lib/python3.7/site-packages/airflow/example_dags/example_branch_day_of_week_operator.py
[2023-11-10T00:36:33.422+0000] {processor.py:753} INFO - DAG(s) dict_keys(['example_weekday_branch_operator']) retrieved from /home/airflow/.local/lib/python3.7/site-packages/airflow/example_dags/example_branch_day_of_week_operator.py
[2023-11-10T00:36:33.466+0000] {logging_mixin.py:137} INFO - [2023-11-10T00:36:33.466+0000] {dag.py:2690} INFO - Sync 1 DAGs
[2023-11-10T00:36:33.489+0000] {logging_mixin.py:137} INFO - [2023-11-10T00:36:33.489+0000] {dag.py:3441} INFO - Setting next_dagrun for example_weekday_branch_operator to 2023-11-09T00:00:00+00:00, run_after=2023-11-10T00:00:00+00:00
[2023-11-10T00:36:33.505+0000] {processor.py:175} INFO - Processing /home/airflow/.local/lib/python3.7/site-packages/airflow/example_dags/example_branch_day_of_week_operator.py took 0.110 seconds
[2023-11-10T01:57:55.184+0000] {processor.py:153} INFO - Started process (PID=94168) to work on /home/airflow/.local/lib/python3.7/site-packages/airflow/example_dags/example_branch_day_of_week_operator.py
[2023-11-10T01:57:55.185+0000] {processor.py:743} INFO - Processing file /home/airflow/.local/lib/python3.7/site-packages/airflow/example_dags/example_branch_day_of_week_operator.py for tasks to queue
[2023-11-10T01:57:55.185+0000] {logging_mixin.py:137} INFO - [2023-11-10T01:57:55.185+0000] {dagbag.py:538} INFO - Filling up the DagBag from /home/airflow/.local/lib/python3.7/site-packages/airflow/example_dags/example_branch_day_of_week_operator.py
[2023-11-10T01:57:55.199+0000] {processor.py:753} INFO - DAG(s) dict_keys(['example_weekday_branch_operator']) retrieved from /home/airflow/.local/lib/python3.7/site-packages/airflow/example_dags/example_branch_day_of_week_operator.py
[2023-11-10T01:57:55.219+0000] {logging_mixin.py:137} INFO - [2023-11-10T01:57:55.219+0000] {dag.py:2690} INFO - Sync 1 DAGs
[2023-11-10T01:57:55.236+0000] {logging_mixin.py:137} INFO - [2023-11-10T01:57:55.236+0000] {dag.py:3441} INFO - Setting next_dagrun for example_weekday_branch_operator to 2023-11-09T00:00:00+00:00, run_after=2023-11-10T00:00:00+00:00
[2023-11-10T01:57:55.249+0000] {processor.py:175} INFO - Processing /home/airflow/.local/lib/python3.7/site-packages/airflow/example_dags/example_branch_day_of_week_operator.py took 0.070 seconds
[2023-11-10T03:20:25.154+0000] {processor.py:153} INFO - Started process (PID=94264) to work on /home/airflow/.local/lib/python3.7/site-packages/airflow/example_dags/example_branch_day_of_week_operator.py
[2023-11-10T03:20:25.156+0000] {processor.py:743} INFO - Processing file /home/airflow/.local/lib/python3.7/site-packages/airflow/example_dags/example_branch_day_of_week_operator.py for tasks to queue
[2023-11-10T03:20:25.157+0000] {logging_mixin.py:137} INFO - [2023-11-10T03:20:25.157+0000] {dagbag.py:538} INFO - Filling up the DagBag from /home/airflow/.local/lib/python3.7/site-packages/airflow/example_dags/example_branch_day_of_week_operator.py
[2023-11-10T03:20:25.177+0000] {processor.py:753} INFO - DAG(s) dict_keys(['example_weekday_branch_operator']) retrieved from /home/airflow/.local/lib/python3.7/site-packages/airflow/example_dags/example_branch_day_of_week_operator.py
[2023-11-10T03:20:25.195+0000] {logging_mixin.py:137} INFO - [2023-11-10T03:20:25.195+0000] {dag.py:2690} INFO - Sync 1 DAGs
[2023-11-10T03:20:25.211+0000] {logging_mixin.py:137} INFO - [2023-11-10T03:20:25.211+0000] {dag.py:3441} INFO - Setting next_dagrun for example_weekday_branch_operator to 2023-11-09T00:00:00+00:00, run_after=2023-11-10T00:00:00+00:00
[2023-11-10T03:20:25.222+0000] {processor.py:175} INFO - Processing /home/airflow/.local/lib/python3.7/site-packages/airflow/example_dags/example_branch_day_of_week_operator.py took 0.074 seconds
[2023-11-10T04:43:05.123+0000] {processor.py:153} INFO - Started process (PID=94341) to work on /home/airflow/.local/lib/python3.7/site-packages/airflow/example_dags/example_branch_day_of_week_operator.py
[2023-11-10T04:43:05.124+0000] {processor.py:743} INFO - Processing file /home/airflow/.local/lib/python3.7/site-packages/airflow/example_dags/example_branch_day_of_week_operator.py for tasks to queue
[2023-11-10T04:43:05.126+0000] {logging_mixin.py:137} INFO - [2023-11-10T04:43:05.126+0000] {dagbag.py:538} INFO - Filling up the DagBag from /home/airflow/.local/lib/python3.7/site-packages/airflow/example_dags/example_branch_day_of_week_operator.py
[2023-11-10T04:43:05.144+0000] {processor.py:753} INFO - DAG(s) dict_keys(['example_weekday_branch_operator']) retrieved from /home/airflow/.local/lib/python3.7/site-packages/airflow/example_dags/example_branch_day_of_week_operator.py
[2023-11-10T04:43:05.170+0000] {logging_mixin.py:137} INFO - [2023-11-10T04:43:05.170+0000] {dag.py:2690} INFO - Sync 1 DAGs
[2023-11-10T04:43:05.189+0000] {logging_mixin.py:137} INFO - [2023-11-10T04:43:05.189+0000] {dag.py:3441} INFO - Setting next_dagrun for example_weekday_branch_operator to 2023-11-09T00:00:00+00:00, run_after=2023-11-10T00:00:00+00:00
[2023-11-10T04:43:05.199+0000] {processor.py:175} INFO - Processing /home/airflow/.local/lib/python3.7/site-packages/airflow/example_dags/example_branch_day_of_week_operator.py took 0.080 seconds
[2023-11-10T05:49:37.947+0000] {processor.py:153} INFO - Started process (PID=94436) to work on /home/airflow/.local/lib/python3.7/site-packages/airflow/example_dags/example_branch_day_of_week_operator.py
[2023-11-10T05:49:37.948+0000] {processor.py:743} INFO - Processing file /home/airflow/.local/lib/python3.7/site-packages/airflow/example_dags/example_branch_day_of_week_operator.py for tasks to queue
[2023-11-10T05:49:37.948+0000] {logging_mixin.py:137} INFO - [2023-11-10T05:49:37.948+0000] {dagbag.py:538} INFO - Filling up the DagBag from /home/airflow/.local/lib/python3.7/site-packages/airflow/example_dags/example_branch_day_of_week_operator.py
[2023-11-10T05:49:37.958+0000] {processor.py:753} INFO - DAG(s) dict_keys(['example_weekday_branch_operator']) retrieved from /home/airflow/.local/lib/python3.7/site-packages/airflow/example_dags/example_branch_day_of_week_operator.py
[2023-11-10T05:49:37.972+0000] {logging_mixin.py:137} INFO - [2023-11-10T05:49:37.971+0000] {dag.py:2690} INFO - Sync 1 DAGs
[2023-11-10T05:49:37.984+0000] {logging_mixin.py:137} INFO - [2023-11-10T05:49:37.983+0000] {dag.py:3441} INFO - Setting next_dagrun for example_weekday_branch_operator to 2023-11-09T00:00:00+00:00, run_after=2023-11-10T00:00:00+00:00
[2023-11-10T05:49:37.992+0000] {processor.py:175} INFO - Processing /home/airflow/.local/lib/python3.7/site-packages/airflow/example_dags/example_branch_day_of_week_operator.py took 0.046 seconds
[2023-11-10T07:09:16.412+0000] {processor.py:153} INFO - Started process (PID=94531) to work on /home/airflow/.local/lib/python3.7/site-packages/airflow/example_dags/example_branch_day_of_week_operator.py
[2023-11-10T07:09:16.413+0000] {processor.py:743} INFO - Processing file /home/airflow/.local/lib/python3.7/site-packages/airflow/example_dags/example_branch_day_of_week_operator.py for tasks to queue
[2023-11-10T07:09:16.414+0000] {logging_mixin.py:137} INFO - [2023-11-10T07:09:16.414+0000] {dagbag.py:538} INFO - Filling up the DagBag from /home/airflow/.local/lib/python3.7/site-packages/airflow/example_dags/example_branch_day_of_week_operator.py
[2023-11-10T07:09:16.428+0000] {processor.py:753} INFO - DAG(s) dict_keys(['example_weekday_branch_operator']) retrieved from /home/airflow/.local/lib/python3.7/site-packages/airflow/example_dags/example_branch_day_of_week_operator.py
[2023-11-10T07:09:16.445+0000] {logging_mixin.py:137} INFO - [2023-11-10T07:09:16.445+0000] {dag.py:2690} INFO - Sync 1 DAGs
[2023-11-10T07:09:16.461+0000] {logging_mixin.py:137} INFO - [2023-11-10T07:09:16.461+0000] {dag.py:3441} INFO - Setting next_dagrun for example_weekday_branch_operator to 2023-11-09T00:00:00+00:00, run_after=2023-11-10T00:00:00+00:00
[2023-11-10T07:09:16.472+0000] {processor.py:175} INFO - Processing /home/airflow/.local/lib/python3.7/site-packages/airflow/example_dags/example_branch_day_of_week_operator.py took 0.064 seconds
[2023-11-10T08:31:04.345+0000] {processor.py:153} INFO - Started process (PID=94608) to work on /home/airflow/.local/lib/python3.7/site-packages/airflow/example_dags/example_branch_day_of_week_operator.py
[2023-11-10T08:31:04.345+0000] {processor.py:743} INFO - Processing file /home/airflow/.local/lib/python3.7/site-packages/airflow/example_dags/example_branch_day_of_week_operator.py for tasks to queue
[2023-11-10T08:31:04.345+0000] {logging_mixin.py:137} INFO - [2023-11-10T08:31:04.345+0000] {dagbag.py:538} INFO - Filling up the DagBag from /home/airflow/.local/lib/python3.7/site-packages/airflow/example_dags/example_branch_day_of_week_operator.py
[2023-11-10T08:31:04.358+0000] {processor.py:753} INFO - DAG(s) dict_keys(['example_weekday_branch_operator']) retrieved from /home/airflow/.local/lib/python3.7/site-packages/airflow/example_dags/example_branch_day_of_week_operator.py
[2023-11-10T08:31:04.372+0000] {logging_mixin.py:137} INFO - [2023-11-10T08:31:04.372+0000] {dag.py:2690} INFO - Sync 1 DAGs
[2023-11-10T08:31:04.385+0000] {logging_mixin.py:137} INFO - [2023-11-10T08:31:04.385+0000] {dag.py:3441} INFO - Setting next_dagrun for example_weekday_branch_operator to 2023-11-09T00:00:00+00:00, run_after=2023-11-10T00:00:00+00:00
[2023-11-10T08:31:04.393+0000] {processor.py:175} INFO - Processing /home/airflow/.local/lib/python3.7/site-packages/airflow/example_dags/example_branch_day_of_week_operator.py took 0.051 seconds
[2023-11-10T09:54:26.874+0000] {processor.py:153} INFO - Started process (PID=94702) to work on /home/airflow/.local/lib/python3.7/site-packages/airflow/example_dags/example_branch_day_of_week_operator.py
[2023-11-10T09:54:26.875+0000] {processor.py:743} INFO - Processing file /home/airflow/.local/lib/python3.7/site-packages/airflow/example_dags/example_branch_day_of_week_operator.py for tasks to queue
[2023-11-10T09:54:26.876+0000] {logging_mixin.py:137} INFO - [2023-11-10T09:54:26.876+0000] {dagbag.py:538} INFO - Filling up the DagBag from /home/airflow/.local/lib/python3.7/site-packages/airflow/example_dags/example_branch_day_of_week_operator.py
[2023-11-10T09:54:26.888+0000] {processor.py:753} INFO - DAG(s) dict_keys(['example_weekday_branch_operator']) retrieved from /home/airflow/.local/lib/python3.7/site-packages/airflow/example_dags/example_branch_day_of_week_operator.py
[2023-11-10T09:54:26.909+0000] {logging_mixin.py:137} INFO - [2023-11-10T09:54:26.909+0000] {dag.py:2690} INFO - Sync 1 DAGs
[2023-11-10T09:54:26.928+0000] {logging_mixin.py:137} INFO - [2023-11-10T09:54:26.928+0000] {dag.py:3441} INFO - Setting next_dagrun for example_weekday_branch_operator to 2023-11-09T00:00:00+00:00, run_after=2023-11-10T00:00:00+00:00
[2023-11-10T09:54:26.941+0000] {processor.py:175} INFO - Processing /home/airflow/.local/lib/python3.7/site-packages/airflow/example_dags/example_branch_day_of_week_operator.py took 0.070 seconds
[2023-11-10T11:19:39.929+0000] {processor.py:153} INFO - Started process (PID=94797) to work on /home/airflow/.local/lib/python3.7/site-packages/airflow/example_dags/example_branch_day_of_week_operator.py
[2023-11-10T11:19:39.930+0000] {processor.py:743} INFO - Processing file /home/airflow/.local/lib/python3.7/site-packages/airflow/example_dags/example_branch_day_of_week_operator.py for tasks to queue
[2023-11-10T11:19:39.930+0000] {logging_mixin.py:137} INFO - [2023-11-10T11:19:39.930+0000] {dagbag.py:538} INFO - Filling up the DagBag from /home/airflow/.local/lib/python3.7/site-packages/airflow/example_dags/example_branch_day_of_week_operator.py
[2023-11-10T11:19:39.943+0000] {processor.py:753} INFO - DAG(s) dict_keys(['example_weekday_branch_operator']) retrieved from /home/airflow/.local/lib/python3.7/site-packages/airflow/example_dags/example_branch_day_of_week_operator.py
[2023-11-10T11:19:39.968+0000] {logging_mixin.py:137} INFO - [2023-11-10T11:19:39.968+0000] {dag.py:2690} INFO - Sync 1 DAGs
[2023-11-10T11:19:39.989+0000] {logging_mixin.py:137} INFO - [2023-11-10T11:19:39.988+0000] {dag.py:3441} INFO - Setting next_dagrun for example_weekday_branch_operator to 2023-11-09T00:00:00+00:00, run_after=2023-11-10T00:00:00+00:00
[2023-11-10T11:19:40.003+0000] {processor.py:175} INFO - Processing /home/airflow/.local/lib/python3.7/site-packages/airflow/example_dags/example_branch_day_of_week_operator.py took 0.077 seconds
[2023-11-10T12:32:34.610+0000] {processor.py:153} INFO - Started process (PID=94874) to work on /home/airflow/.local/lib/python3.7/site-packages/airflow/example_dags/example_branch_day_of_week_operator.py
[2023-11-10T12:32:34.611+0000] {processor.py:743} INFO - Processing file /home/airflow/.local/lib/python3.7/site-packages/airflow/example_dags/example_branch_day_of_week_operator.py for tasks to queue
[2023-11-10T12:32:34.612+0000] {logging_mixin.py:137} INFO - [2023-11-10T12:32:34.612+0000] {dagbag.py:538} INFO - Filling up the DagBag from /home/airflow/.local/lib/python3.7/site-packages/airflow/example_dags/example_branch_day_of_week_operator.py
[2023-11-10T12:32:34.627+0000] {processor.py:753} INFO - DAG(s) dict_keys(['example_weekday_branch_operator']) retrieved from /home/airflow/.local/lib/python3.7/site-packages/airflow/example_dags/example_branch_day_of_week_operator.py
[2023-11-10T12:32:34.647+0000] {logging_mixin.py:137} INFO - [2023-11-10T12:32:34.647+0000] {dag.py:2690} INFO - Sync 1 DAGs
[2023-11-10T12:32:34.662+0000] {logging_mixin.py:137} INFO - [2023-11-10T12:32:34.662+0000] {dag.py:3441} INFO - Setting next_dagrun for example_weekday_branch_operator to 2023-11-09T00:00:00+00:00, run_after=2023-11-10T00:00:00+00:00
[2023-11-10T12:32:34.674+0000] {processor.py:175} INFO - Processing /home/airflow/.local/lib/python3.7/site-packages/airflow/example_dags/example_branch_day_of_week_operator.py took 0.067 seconds
[2023-11-10T13:38:03.449+0000] {processor.py:153} INFO - Started process (PID=94969) to work on /home/airflow/.local/lib/python3.7/site-packages/airflow/example_dags/example_branch_day_of_week_operator.py
[2023-11-10T13:38:03.450+0000] {processor.py:743} INFO - Processing file /home/airflow/.local/lib/python3.7/site-packages/airflow/example_dags/example_branch_day_of_week_operator.py for tasks to queue
[2023-11-10T13:38:03.451+0000] {logging_mixin.py:137} INFO - [2023-11-10T13:38:03.451+0000] {dagbag.py:538} INFO - Filling up the DagBag from /home/airflow/.local/lib/python3.7/site-packages/airflow/example_dags/example_branch_day_of_week_operator.py
[2023-11-10T13:38:03.462+0000] {processor.py:753} INFO - DAG(s) dict_keys(['example_weekday_branch_operator']) retrieved from /home/airflow/.local/lib/python3.7/site-packages/airflow/example_dags/example_branch_day_of_week_operator.py
[2023-11-10T13:38:03.481+0000] {logging_mixin.py:137} INFO - [2023-11-10T13:38:03.481+0000] {dag.py:2690} INFO - Sync 1 DAGs
[2023-11-10T13:38:03.495+0000] {logging_mixin.py:137} INFO - [2023-11-10T13:38:03.495+0000] {dag.py:3441} INFO - Setting next_dagrun for example_weekday_branch_operator to 2023-11-09T00:00:00+00:00, run_after=2023-11-10T00:00:00+00:00
[2023-11-10T13:38:03.507+0000] {processor.py:175} INFO - Processing /home/airflow/.local/lib/python3.7/site-packages/airflow/example_dags/example_branch_day_of_week_operator.py took 0.061 seconds
[2023-11-10T14:52:21.916+0000] {processor.py:153} INFO - Started process (PID=95064) to work on /home/airflow/.local/lib/python3.7/site-packages/airflow/example_dags/example_branch_day_of_week_operator.py
[2023-11-10T14:52:21.918+0000] {processor.py:743} INFO - Processing file /home/airflow/.local/lib/python3.7/site-packages/airflow/example_dags/example_branch_day_of_week_operator.py for tasks to queue
[2023-11-10T14:52:21.919+0000] {logging_mixin.py:137} INFO - [2023-11-10T14:52:21.919+0000] {dagbag.py:538} INFO - Filling up the DagBag from /home/airflow/.local/lib/python3.7/site-packages/airflow/example_dags/example_branch_day_of_week_operator.py
[2023-11-10T14:52:21.938+0000] {processor.py:753} INFO - DAG(s) dict_keys(['example_weekday_branch_operator']) retrieved from /home/airflow/.local/lib/python3.7/site-packages/airflow/example_dags/example_branch_day_of_week_operator.py
[2023-11-10T14:52:21.961+0000] {logging_mixin.py:137} INFO - [2023-11-10T14:52:21.961+0000] {dag.py:2690} INFO - Sync 1 DAGs
[2023-11-10T14:52:21.985+0000] {logging_mixin.py:137} INFO - [2023-11-10T14:52:21.984+0000] {dag.py:3441} INFO - Setting next_dagrun for example_weekday_branch_operator to 2023-11-09T00:00:00+00:00, run_after=2023-11-10T00:00:00+00:00
[2023-11-10T14:52:21.999+0000] {processor.py:175} INFO - Processing /home/airflow/.local/lib/python3.7/site-packages/airflow/example_dags/example_branch_day_of_week_operator.py took 0.089 seconds
[2023-11-10T16:15:12.950+0000] {processor.py:153} INFO - Started process (PID=95141) to work on /home/airflow/.local/lib/python3.7/site-packages/airflow/example_dags/example_branch_day_of_week_operator.py
[2023-11-10T16:15:12.951+0000] {processor.py:743} INFO - Processing file /home/airflow/.local/lib/python3.7/site-packages/airflow/example_dags/example_branch_day_of_week_operator.py for tasks to queue
[2023-11-10T16:15:12.952+0000] {logging_mixin.py:137} INFO - [2023-11-10T16:15:12.952+0000] {dagbag.py:538} INFO - Filling up the DagBag from /home/airflow/.local/lib/python3.7/site-packages/airflow/example_dags/example_branch_day_of_week_operator.py
[2023-11-10T16:15:12.966+0000] {processor.py:753} INFO - DAG(s) dict_keys(['example_weekday_branch_operator']) retrieved from /home/airflow/.local/lib/python3.7/site-packages/airflow/example_dags/example_branch_day_of_week_operator.py
[2023-11-10T16:15:12.983+0000] {logging_mixin.py:137} INFO - [2023-11-10T16:15:12.983+0000] {dag.py:2690} INFO - Sync 1 DAGs
[2023-11-10T16:15:12.996+0000] {logging_mixin.py:137} INFO - [2023-11-10T16:15:12.996+0000] {dag.py:3441} INFO - Setting next_dagrun for example_weekday_branch_operator to 2023-11-09T00:00:00+00:00, run_after=2023-11-10T00:00:00+00:00
[2023-11-10T16:15:13.006+0000] {processor.py:175} INFO - Processing /home/airflow/.local/lib/python3.7/site-packages/airflow/example_dags/example_branch_day_of_week_operator.py took 0.059 seconds
[2023-11-10T17:36:20.076+0000] {processor.py:153} INFO - Started process (PID=95236) to work on /home/airflow/.local/lib/python3.7/site-packages/airflow/example_dags/example_branch_day_of_week_operator.py
[2023-11-10T17:36:20.077+0000] {processor.py:743} INFO - Processing file /home/airflow/.local/lib/python3.7/site-packages/airflow/example_dags/example_branch_day_of_week_operator.py for tasks to queue
[2023-11-10T17:36:20.077+0000] {logging_mixin.py:137} INFO - [2023-11-10T17:36:20.077+0000] {dagbag.py:538} INFO - Filling up the DagBag from /home/airflow/.local/lib/python3.7/site-packages/airflow/example_dags/example_branch_day_of_week_operator.py
[2023-11-10T17:36:20.088+0000] {processor.py:753} INFO - DAG(s) dict_keys(['example_weekday_branch_operator']) retrieved from /home/airflow/.local/lib/python3.7/site-packages/airflow/example_dags/example_branch_day_of_week_operator.py
[2023-11-10T17:36:20.105+0000] {logging_mixin.py:137} INFO - [2023-11-10T17:36:20.105+0000] {dag.py:2690} INFO - Sync 1 DAGs
[2023-11-10T17:36:20.118+0000] {logging_mixin.py:137} INFO - [2023-11-10T17:36:20.118+0000] {dag.py:3441} INFO - Setting next_dagrun for example_weekday_branch_operator to 2023-11-09T00:00:00+00:00, run_after=2023-11-10T00:00:00+00:00
[2023-11-10T17:36:20.127+0000] {processor.py:175} INFO - Processing /home/airflow/.local/lib/python3.7/site-packages/airflow/example_dags/example_branch_day_of_week_operator.py took 0.054 seconds
[2023-11-10T19:02:20.821+0000] {processor.py:153} INFO - Started process (PID=95331) to work on /home/airflow/.local/lib/python3.7/site-packages/airflow/example_dags/example_branch_day_of_week_operator.py
[2023-11-10T19:02:20.822+0000] {processor.py:743} INFO - Processing file /home/airflow/.local/lib/python3.7/site-packages/airflow/example_dags/example_branch_day_of_week_operator.py for tasks to queue
[2023-11-10T19:02:20.823+0000] {logging_mixin.py:137} INFO - [2023-11-10T19:02:20.823+0000] {dagbag.py:538} INFO - Filling up the DagBag from /home/airflow/.local/lib/python3.7/site-packages/airflow/example_dags/example_branch_day_of_week_operator.py
[2023-11-10T19:02:20.835+0000] {processor.py:753} INFO - DAG(s) dict_keys(['example_weekday_branch_operator']) retrieved from /home/airflow/.local/lib/python3.7/site-packages/airflow/example_dags/example_branch_day_of_week_operator.py
[2023-11-10T19:02:20.854+0000] {logging_mixin.py:137} INFO - [2023-11-10T19:02:20.854+0000] {dag.py:2690} INFO - Sync 1 DAGs
[2023-11-10T19:02:20.870+0000] {logging_mixin.py:137} INFO - [2023-11-10T19:02:20.870+0000] {dag.py:3441} INFO - Setting next_dagrun for example_weekday_branch_operator to 2023-11-09T00:00:00+00:00, run_after=2023-11-10T00:00:00+00:00
[2023-11-10T19:02:20.880+0000] {processor.py:175} INFO - Processing /home/airflow/.local/lib/python3.7/site-packages/airflow/example_dags/example_branch_day_of_week_operator.py took 0.062 seconds
[2023-11-10T20:25:25.327+0000] {processor.py:153} INFO - Started process (PID=95408) to work on /home/airflow/.local/lib/python3.7/site-packages/airflow/example_dags/example_branch_day_of_week_operator.py
[2023-11-10T20:25:25.328+0000] {processor.py:743} INFO - Processing file /home/airflow/.local/lib/python3.7/site-packages/airflow/example_dags/example_branch_day_of_week_operator.py for tasks to queue
[2023-11-10T20:25:25.329+0000] {logging_mixin.py:137} INFO - [2023-11-10T20:25:25.329+0000] {dagbag.py:538} INFO - Filling up the DagBag from /home/airflow/.local/lib/python3.7/site-packages/airflow/example_dags/example_branch_day_of_week_operator.py
[2023-11-10T20:25:25.342+0000] {processor.py:753} INFO - DAG(s) dict_keys(['example_weekday_branch_operator']) retrieved from /home/airflow/.local/lib/python3.7/site-packages/airflow/example_dags/example_branch_day_of_week_operator.py
[2023-11-10T20:25:25.362+0000] {logging_mixin.py:137} INFO - [2023-11-10T20:25:25.362+0000] {dag.py:2690} INFO - Sync 1 DAGs
[2023-11-10T20:25:25.379+0000] {logging_mixin.py:137} INFO - [2023-11-10T20:25:25.379+0000] {dag.py:3441} INFO - Setting next_dagrun for example_weekday_branch_operator to 2023-11-09T00:00:00+00:00, run_after=2023-11-10T00:00:00+00:00
[2023-11-10T20:25:25.390+0000] {processor.py:175} INFO - Processing /home/airflow/.local/lib/python3.7/site-packages/airflow/example_dags/example_branch_day_of_week_operator.py took 0.066 seconds
[2023-11-10T21:30:57.406+0000] {processor.py:153} INFO - Started process (PID=95503) to work on /home/airflow/.local/lib/python3.7/site-packages/airflow/example_dags/example_branch_day_of_week_operator.py
[2023-11-10T21:30:57.407+0000] {processor.py:743} INFO - Processing file /home/airflow/.local/lib/python3.7/site-packages/airflow/example_dags/example_branch_day_of_week_operator.py for tasks to queue
[2023-11-10T21:30:57.408+0000] {logging_mixin.py:137} INFO - [2023-11-10T21:30:57.408+0000] {dagbag.py:538} INFO - Filling up the DagBag from /home/airflow/.local/lib/python3.7/site-packages/airflow/example_dags/example_branch_day_of_week_operator.py
[2023-11-10T21:30:57.422+0000] {processor.py:753} INFO - DAG(s) dict_keys(['example_weekday_branch_operator']) retrieved from /home/airflow/.local/lib/python3.7/site-packages/airflow/example_dags/example_branch_day_of_week_operator.py
[2023-11-10T21:30:57.441+0000] {logging_mixin.py:137} INFO - [2023-11-10T21:30:57.441+0000] {dag.py:2690} INFO - Sync 1 DAGs
[2023-11-10T21:30:57.460+0000] {logging_mixin.py:137} INFO - [2023-11-10T21:30:57.459+0000] {dag.py:3441} INFO - Setting next_dagrun for example_weekday_branch_operator to 2023-11-09T00:00:00+00:00, run_after=2023-11-10T00:00:00+00:00
[2023-11-10T21:30:57.473+0000] {processor.py:175} INFO - Processing /home/airflow/.local/lib/python3.7/site-packages/airflow/example_dags/example_branch_day_of_week_operator.py took 0.070 seconds
[2023-11-10T22:47:28.780+0000] {processor.py:153} INFO - Started process (PID=95598) to work on /home/airflow/.local/lib/python3.7/site-packages/airflow/example_dags/example_branch_day_of_week_operator.py
[2023-11-10T22:47:28.781+0000] {processor.py:743} INFO - Processing file /home/airflow/.local/lib/python3.7/site-packages/airflow/example_dags/example_branch_day_of_week_operator.py for tasks to queue
[2023-11-10T22:47:28.782+0000] {logging_mixin.py:137} INFO - [2023-11-10T22:47:28.782+0000] {dagbag.py:538} INFO - Filling up the DagBag from /home/airflow/.local/lib/python3.7/site-packages/airflow/example_dags/example_branch_day_of_week_operator.py
[2023-11-10T22:47:28.794+0000] {processor.py:753} INFO - DAG(s) dict_keys(['example_weekday_branch_operator']) retrieved from /home/airflow/.local/lib/python3.7/site-packages/airflow/example_dags/example_branch_day_of_week_operator.py
[2023-11-10T22:47:28.812+0000] {logging_mixin.py:137} INFO - [2023-11-10T22:47:28.812+0000] {dag.py:2690} INFO - Sync 1 DAGs
[2023-11-10T22:47:28.827+0000] {logging_mixin.py:137} INFO - [2023-11-10T22:47:28.827+0000] {dag.py:3441} INFO - Setting next_dagrun for example_weekday_branch_operator to 2023-11-09T00:00:00+00:00, run_after=2023-11-10T00:00:00+00:00
[2023-11-10T22:47:28.839+0000] {processor.py:175} INFO - Processing /home/airflow/.local/lib/python3.7/site-packages/airflow/example_dags/example_branch_day_of_week_operator.py took 0.062 seconds
