[2023-11-10T00:36:35.026+0000] {processor.py:153} INFO - Started process (PID=94114) to work on /home/airflow/.local/lib/python3.7/site-packages/airflow/example_dags/example_skip_dag.py
[2023-11-10T00:36:35.027+0000] {processor.py:743} INFO - Processing file /home/airflow/.local/lib/python3.7/site-packages/airflow/example_dags/example_skip_dag.py for tasks to queue
[2023-11-10T00:36:35.028+0000] {logging_mixin.py:137} INFO - [2023-11-10T00:36:35.028+0000] {dagbag.py:538} INFO - Filling up the DagBag from /home/airflow/.local/lib/python3.7/site-packages/airflow/example_dags/example_skip_dag.py
[2023-11-10T00:36:35.041+0000] {processor.py:753} INFO - DAG(s) dict_keys(['example_skip_dag']) retrieved from /home/airflow/.local/lib/python3.7/site-packages/airflow/example_dags/example_skip_dag.py
[2023-11-10T00:36:35.060+0000] {logging_mixin.py:137} INFO - [2023-11-10T00:36:35.060+0000] {dag.py:2690} INFO - Sync 1 DAGs
[2023-11-10T00:36:35.075+0000] {logging_mixin.py:137} INFO - [2023-11-10T00:36:35.075+0000] {dag.py:3441} INFO - Setting next_dagrun for example_skip_dag to 2023-11-09T00:36:35.075603+00:00, run_after=2023-11-10T00:36:35.075603+00:00
[2023-11-10T00:36:35.085+0000] {processor.py:175} INFO - Processing /home/airflow/.local/lib/python3.7/site-packages/airflow/example_dags/example_skip_dag.py took 0.061 seconds
[2023-11-10T01:57:56.058+0000] {processor.py:153} INFO - Started process (PID=94191) to work on /home/airflow/.local/lib/python3.7/site-packages/airflow/example_dags/example_skip_dag.py
[2023-11-10T01:57:56.059+0000] {processor.py:743} INFO - Processing file /home/airflow/.local/lib/python3.7/site-packages/airflow/example_dags/example_skip_dag.py for tasks to queue
[2023-11-10T01:57:56.059+0000] {logging_mixin.py:137} INFO - [2023-11-10T01:57:56.059+0000] {dagbag.py:538} INFO - Filling up the DagBag from /home/airflow/.local/lib/python3.7/site-packages/airflow/example_dags/example_skip_dag.py
[2023-11-10T01:57:56.069+0000] {processor.py:753} INFO - DAG(s) dict_keys(['example_skip_dag']) retrieved from /home/airflow/.local/lib/python3.7/site-packages/airflow/example_dags/example_skip_dag.py
[2023-11-10T01:57:56.081+0000] {logging_mixin.py:137} INFO - [2023-11-10T01:57:56.081+0000] {dag.py:2690} INFO - Sync 1 DAGs
[2023-11-10T01:57:56.094+0000] {logging_mixin.py:137} INFO - [2023-11-10T01:57:56.094+0000] {dag.py:3441} INFO - Setting next_dagrun for example_skip_dag to 2023-11-09T01:57:56.094000+00:00, run_after=2023-11-10T01:57:56.094000+00:00
[2023-11-10T01:57:56.103+0000] {processor.py:175} INFO - Processing /home/airflow/.local/lib/python3.7/site-packages/airflow/example_dags/example_skip_dag.py took 0.046 seconds
[2023-11-10T03:20:25.969+0000] {processor.py:153} INFO - Started process (PID=94287) to work on /home/airflow/.local/lib/python3.7/site-packages/airflow/example_dags/example_skip_dag.py
[2023-11-10T03:20:25.969+0000] {processor.py:743} INFO - Processing file /home/airflow/.local/lib/python3.7/site-packages/airflow/example_dags/example_skip_dag.py for tasks to queue
[2023-11-10T03:20:25.970+0000] {logging_mixin.py:137} INFO - [2023-11-10T03:20:25.970+0000] {dagbag.py:538} INFO - Filling up the DagBag from /home/airflow/.local/lib/python3.7/site-packages/airflow/example_dags/example_skip_dag.py
[2023-11-10T03:20:25.979+0000] {processor.py:753} INFO - DAG(s) dict_keys(['example_skip_dag']) retrieved from /home/airflow/.local/lib/python3.7/site-packages/airflow/example_dags/example_skip_dag.py
[2023-11-10T03:20:25.992+0000] {logging_mixin.py:137} INFO - [2023-11-10T03:20:25.992+0000] {dag.py:2690} INFO - Sync 1 DAGs
[2023-11-10T03:20:26.005+0000] {logging_mixin.py:137} INFO - [2023-11-10T03:20:26.005+0000] {dag.py:3441} INFO - Setting next_dagrun for example_skip_dag to 2023-11-09T03:20:26.005051+00:00, run_after=2023-11-10T03:20:26.005051+00:00
[2023-11-10T03:20:26.013+0000] {processor.py:175} INFO - Processing /home/airflow/.local/lib/python3.7/site-packages/airflow/example_dags/example_skip_dag.py took 0.046 seconds
[2023-11-10T04:43:05.999+0000] {processor.py:153} INFO - Started process (PID=94373) to work on /home/airflow/.local/lib/python3.7/site-packages/airflow/example_dags/example_skip_dag.py
[2023-11-10T04:43:06.000+0000] {processor.py:743} INFO - Processing file /home/airflow/.local/lib/python3.7/site-packages/airflow/example_dags/example_skip_dag.py for tasks to queue
[2023-11-10T04:43:06.000+0000] {logging_mixin.py:137} INFO - [2023-11-10T04:43:06.000+0000] {dagbag.py:538} INFO - Filling up the DagBag from /home/airflow/.local/lib/python3.7/site-packages/airflow/example_dags/example_skip_dag.py
[2023-11-10T04:43:06.009+0000] {processor.py:753} INFO - DAG(s) dict_keys(['example_skip_dag']) retrieved from /home/airflow/.local/lib/python3.7/site-packages/airflow/example_dags/example_skip_dag.py
[2023-11-10T04:43:06.023+0000] {logging_mixin.py:137} INFO - [2023-11-10T04:43:06.023+0000] {dag.py:2690} INFO - Sync 1 DAGs
[2023-11-10T04:43:06.036+0000] {logging_mixin.py:137} INFO - [2023-11-10T04:43:06.035+0000] {dag.py:3441} INFO - Setting next_dagrun for example_skip_dag to 2023-11-09T04:43:06.035854+00:00, run_after=2023-11-10T04:43:06.035854+00:00
[2023-11-10T04:43:06.050+0000] {processor.py:175} INFO - Processing /home/airflow/.local/lib/python3.7/site-packages/airflow/example_dags/example_skip_dag.py took 0.053 seconds
[2023-11-10T05:49:38.724+0000] {processor.py:153} INFO - Started process (PID=94459) to work on /home/airflow/.local/lib/python3.7/site-packages/airflow/example_dags/example_skip_dag.py
[2023-11-10T05:49:38.724+0000] {processor.py:743} INFO - Processing file /home/airflow/.local/lib/python3.7/site-packages/airflow/example_dags/example_skip_dag.py for tasks to queue
[2023-11-10T05:49:38.725+0000] {logging_mixin.py:137} INFO - [2023-11-10T05:49:38.725+0000] {dagbag.py:538} INFO - Filling up the DagBag from /home/airflow/.local/lib/python3.7/site-packages/airflow/example_dags/example_skip_dag.py
[2023-11-10T05:49:38.734+0000] {processor.py:753} INFO - DAG(s) dict_keys(['example_skip_dag']) retrieved from /home/airflow/.local/lib/python3.7/site-packages/airflow/example_dags/example_skip_dag.py
[2023-11-10T05:49:38.748+0000] {logging_mixin.py:137} INFO - [2023-11-10T05:49:38.748+0000] {dag.py:2690} INFO - Sync 1 DAGs
[2023-11-10T05:49:38.760+0000] {logging_mixin.py:137} INFO - [2023-11-10T05:49:38.760+0000] {dag.py:3441} INFO - Setting next_dagrun for example_skip_dag to 2023-11-09T05:49:38.759903+00:00, run_after=2023-11-10T05:49:38.759903+00:00
[2023-11-10T05:49:38.769+0000] {processor.py:175} INFO - Processing /home/airflow/.local/lib/python3.7/site-packages/airflow/example_dags/example_skip_dag.py took 0.047 seconds
[2023-11-10T07:09:17.434+0000] {processor.py:153} INFO - Started process (PID=94554) to work on /home/airflow/.local/lib/python3.7/site-packages/airflow/example_dags/example_skip_dag.py
[2023-11-10T07:09:17.435+0000] {processor.py:743} INFO - Processing file /home/airflow/.local/lib/python3.7/site-packages/airflow/example_dags/example_skip_dag.py for tasks to queue
[2023-11-10T07:09:17.435+0000] {logging_mixin.py:137} INFO - [2023-11-10T07:09:17.435+0000] {dagbag.py:538} INFO - Filling up the DagBag from /home/airflow/.local/lib/python3.7/site-packages/airflow/example_dags/example_skip_dag.py
[2023-11-10T07:09:17.444+0000] {processor.py:753} INFO - DAG(s) dict_keys(['example_skip_dag']) retrieved from /home/airflow/.local/lib/python3.7/site-packages/airflow/example_dags/example_skip_dag.py
[2023-11-10T07:09:17.457+0000] {logging_mixin.py:137} INFO - [2023-11-10T07:09:17.457+0000] {dag.py:2690} INFO - Sync 1 DAGs
[2023-11-10T07:09:17.470+0000] {logging_mixin.py:137} INFO - [2023-11-10T07:09:17.470+0000] {dag.py:3441} INFO - Setting next_dagrun for example_skip_dag to 2023-11-09T07:09:17.470605+00:00, run_after=2023-11-10T07:09:17.470605+00:00
[2023-11-10T07:09:17.478+0000] {processor.py:175} INFO - Processing /home/airflow/.local/lib/python3.7/site-packages/airflow/example_dags/example_skip_dag.py took 0.046 seconds
[2023-11-10T08:31:05.162+0000] {processor.py:153} INFO - Started process (PID=94639) to work on /home/airflow/.local/lib/python3.7/site-packages/airflow/example_dags/example_skip_dag.py
[2023-11-10T08:31:05.162+0000] {processor.py:743} INFO - Processing file /home/airflow/.local/lib/python3.7/site-packages/airflow/example_dags/example_skip_dag.py for tasks to queue
[2023-11-10T08:31:05.163+0000] {logging_mixin.py:137} INFO - [2023-11-10T08:31:05.163+0000] {dagbag.py:538} INFO - Filling up the DagBag from /home/airflow/.local/lib/python3.7/site-packages/airflow/example_dags/example_skip_dag.py
[2023-11-10T08:31:05.172+0000] {processor.py:753} INFO - DAG(s) dict_keys(['example_skip_dag']) retrieved from /home/airflow/.local/lib/python3.7/site-packages/airflow/example_dags/example_skip_dag.py
[2023-11-10T08:31:05.186+0000] {logging_mixin.py:137} INFO - [2023-11-10T08:31:05.186+0000] {dag.py:2690} INFO - Sync 1 DAGs
[2023-11-10T08:31:05.198+0000] {logging_mixin.py:137} INFO - [2023-11-10T08:31:05.198+0000] {dag.py:3441} INFO - Setting next_dagrun for example_skip_dag to 2023-11-09T08:31:05.198504+00:00, run_after=2023-11-10T08:31:05.198504+00:00
[2023-11-10T08:31:05.207+0000] {processor.py:175} INFO - Processing /home/airflow/.local/lib/python3.7/site-packages/airflow/example_dags/example_skip_dag.py took 0.048 seconds
[2023-11-10T09:54:27.771+0000] {processor.py:153} INFO - Started process (PID=94725) to work on /home/airflow/.local/lib/python3.7/site-packages/airflow/example_dags/example_skip_dag.py
[2023-11-10T09:54:27.772+0000] {processor.py:743} INFO - Processing file /home/airflow/.local/lib/python3.7/site-packages/airflow/example_dags/example_skip_dag.py for tasks to queue
[2023-11-10T09:54:27.772+0000] {logging_mixin.py:137} INFO - [2023-11-10T09:54:27.772+0000] {dagbag.py:538} INFO - Filling up the DagBag from /home/airflow/.local/lib/python3.7/site-packages/airflow/example_dags/example_skip_dag.py
[2023-11-10T09:54:27.781+0000] {processor.py:753} INFO - DAG(s) dict_keys(['example_skip_dag']) retrieved from /home/airflow/.local/lib/python3.7/site-packages/airflow/example_dags/example_skip_dag.py
[2023-11-10T09:54:27.794+0000] {logging_mixin.py:137} INFO - [2023-11-10T09:54:27.794+0000] {dag.py:2690} INFO - Sync 1 DAGs
[2023-11-10T09:54:27.806+0000] {logging_mixin.py:137} INFO - [2023-11-10T09:54:27.806+0000] {dag.py:3441} INFO - Setting next_dagrun for example_skip_dag to 2023-11-09T09:54:27.806727+00:00, run_after=2023-11-10T09:54:27.806727+00:00
[2023-11-10T09:54:27.815+0000] {processor.py:175} INFO - Processing /home/airflow/.local/lib/python3.7/site-packages/airflow/example_dags/example_skip_dag.py took 0.045 seconds
[2023-11-10T11:19:40.784+0000] {processor.py:153} INFO - Started process (PID=94820) to work on /home/airflow/.local/lib/python3.7/site-packages/airflow/example_dags/example_skip_dag.py
[2023-11-10T11:19:40.785+0000] {processor.py:743} INFO - Processing file /home/airflow/.local/lib/python3.7/site-packages/airflow/example_dags/example_skip_dag.py for tasks to queue
[2023-11-10T11:19:40.785+0000] {logging_mixin.py:137} INFO - [2023-11-10T11:19:40.785+0000] {dagbag.py:538} INFO - Filling up the DagBag from /home/airflow/.local/lib/python3.7/site-packages/airflow/example_dags/example_skip_dag.py
[2023-11-10T11:19:40.794+0000] {processor.py:753} INFO - DAG(s) dict_keys(['example_skip_dag']) retrieved from /home/airflow/.local/lib/python3.7/site-packages/airflow/example_dags/example_skip_dag.py
[2023-11-10T11:19:40.808+0000] {logging_mixin.py:137} INFO - [2023-11-10T11:19:40.807+0000] {dag.py:2690} INFO - Sync 1 DAGs
[2023-11-10T11:19:40.820+0000] {logging_mixin.py:137} INFO - [2023-11-10T11:19:40.820+0000] {dag.py:3441} INFO - Setting next_dagrun for example_skip_dag to 2023-11-09T11:19:40.820240+00:00, run_after=2023-11-10T11:19:40.820240+00:00
[2023-11-10T11:19:40.828+0000] {processor.py:175} INFO - Processing /home/airflow/.local/lib/python3.7/site-packages/airflow/example_dags/example_skip_dag.py took 0.046 seconds
[2023-11-10T12:32:35.750+0000] {processor.py:153} INFO - Started process (PID=94915) to work on /home/airflow/.local/lib/python3.7/site-packages/airflow/example_dags/example_skip_dag.py
[2023-11-10T12:32:35.751+0000] {processor.py:743} INFO - Processing file /home/airflow/.local/lib/python3.7/site-packages/airflow/example_dags/example_skip_dag.py for tasks to queue
[2023-11-10T12:32:35.751+0000] {logging_mixin.py:137} INFO - [2023-11-10T12:32:35.751+0000] {dagbag.py:538} INFO - Filling up the DagBag from /home/airflow/.local/lib/python3.7/site-packages/airflow/example_dags/example_skip_dag.py
[2023-11-10T12:32:35.760+0000] {processor.py:753} INFO - DAG(s) dict_keys(['example_skip_dag']) retrieved from /home/airflow/.local/lib/python3.7/site-packages/airflow/example_dags/example_skip_dag.py
[2023-11-10T12:32:35.775+0000] {logging_mixin.py:137} INFO - [2023-11-10T12:32:35.775+0000] {dag.py:2690} INFO - Sync 1 DAGs
[2023-11-10T12:32:35.790+0000] {logging_mixin.py:137} INFO - [2023-11-10T12:32:35.790+0000] {dag.py:3441} INFO - Setting next_dagrun for example_skip_dag to 2023-11-09T12:32:35.789888+00:00, run_after=2023-11-10T12:32:35.789888+00:00
[2023-11-10T12:32:35.801+0000] {processor.py:175} INFO - Processing /home/airflow/.local/lib/python3.7/site-packages/airflow/example_dags/example_skip_dag.py took 0.053 seconds
[2023-11-10T13:38:04.364+0000] {processor.py:153} INFO - Started process (PID=94992) to work on /home/airflow/.local/lib/python3.7/site-packages/airflow/example_dags/example_skip_dag.py
[2023-11-10T13:38:04.365+0000] {processor.py:743} INFO - Processing file /home/airflow/.local/lib/python3.7/site-packages/airflow/example_dags/example_skip_dag.py for tasks to queue
[2023-11-10T13:38:04.365+0000] {logging_mixin.py:137} INFO - [2023-11-10T13:38:04.365+0000] {dagbag.py:538} INFO - Filling up the DagBag from /home/airflow/.local/lib/python3.7/site-packages/airflow/example_dags/example_skip_dag.py
[2023-11-10T13:38:04.374+0000] {processor.py:753} INFO - DAG(s) dict_keys(['example_skip_dag']) retrieved from /home/airflow/.local/lib/python3.7/site-packages/airflow/example_dags/example_skip_dag.py
[2023-11-10T13:38:04.388+0000] {logging_mixin.py:137} INFO - [2023-11-10T13:38:04.387+0000] {dag.py:2690} INFO - Sync 1 DAGs
[2023-11-10T13:38:04.400+0000] {logging_mixin.py:137} INFO - [2023-11-10T13:38:04.400+0000] {dag.py:3441} INFO - Setting next_dagrun for example_skip_dag to 2023-11-09T13:38:04.399869+00:00, run_after=2023-11-10T13:38:04.399869+00:00
[2023-11-10T13:38:04.409+0000] {processor.py:175} INFO - Processing /home/airflow/.local/lib/python3.7/site-packages/airflow/example_dags/example_skip_dag.py took 0.046 seconds
[2023-11-10T14:52:22.785+0000] {processor.py:153} INFO - Started process (PID=95087) to work on /home/airflow/.local/lib/python3.7/site-packages/airflow/example_dags/example_skip_dag.py
[2023-11-10T14:52:22.786+0000] {processor.py:743} INFO - Processing file /home/airflow/.local/lib/python3.7/site-packages/airflow/example_dags/example_skip_dag.py for tasks to queue
[2023-11-10T14:52:22.786+0000] {logging_mixin.py:137} INFO - [2023-11-10T14:52:22.786+0000] {dagbag.py:538} INFO - Filling up the DagBag from /home/airflow/.local/lib/python3.7/site-packages/airflow/example_dags/example_skip_dag.py
[2023-11-10T14:52:22.795+0000] {processor.py:753} INFO - DAG(s) dict_keys(['example_skip_dag']) retrieved from /home/airflow/.local/lib/python3.7/site-packages/airflow/example_dags/example_skip_dag.py
[2023-11-10T14:52:22.809+0000] {logging_mixin.py:137} INFO - [2023-11-10T14:52:22.808+0000] {dag.py:2690} INFO - Sync 1 DAGs
[2023-11-10T14:52:22.821+0000] {logging_mixin.py:137} INFO - [2023-11-10T14:52:22.821+0000] {dag.py:3441} INFO - Setting next_dagrun for example_skip_dag to 2023-11-09T14:52:22.821338+00:00, run_after=2023-11-10T14:52:22.821338+00:00
[2023-11-10T14:52:22.830+0000] {processor.py:175} INFO - Processing /home/airflow/.local/lib/python3.7/site-packages/airflow/example_dags/example_skip_dag.py took 0.046 seconds
[2023-11-10T16:15:13.724+0000] {processor.py:153} INFO - Started process (PID=95164) to work on /home/airflow/.local/lib/python3.7/site-packages/airflow/example_dags/example_skip_dag.py
[2023-11-10T16:15:13.725+0000] {processor.py:743} INFO - Processing file /home/airflow/.local/lib/python3.7/site-packages/airflow/example_dags/example_skip_dag.py for tasks to queue
[2023-11-10T16:15:13.725+0000] {logging_mixin.py:137} INFO - [2023-11-10T16:15:13.725+0000] {dagbag.py:538} INFO - Filling up the DagBag from /home/airflow/.local/lib/python3.7/site-packages/airflow/example_dags/example_skip_dag.py
[2023-11-10T16:15:13.735+0000] {processor.py:753} INFO - DAG(s) dict_keys(['example_skip_dag']) retrieved from /home/airflow/.local/lib/python3.7/site-packages/airflow/example_dags/example_skip_dag.py
[2023-11-10T16:15:13.751+0000] {logging_mixin.py:137} INFO - [2023-11-10T16:15:13.751+0000] {dag.py:2690} INFO - Sync 1 DAGs
[2023-11-10T16:15:13.763+0000] {logging_mixin.py:137} INFO - [2023-11-10T16:15:13.763+0000] {dag.py:3441} INFO - Setting next_dagrun for example_skip_dag to 2023-11-09T16:15:13.763352+00:00, run_after=2023-11-10T16:15:13.763352+00:00
[2023-11-10T16:15:13.772+0000] {processor.py:175} INFO - Processing /home/airflow/.local/lib/python3.7/site-packages/airflow/example_dags/example_skip_dag.py took 0.049 seconds
[2023-11-10T17:36:20.848+0000] {processor.py:153} INFO - Started process (PID=95259) to work on /home/airflow/.local/lib/python3.7/site-packages/airflow/example_dags/example_skip_dag.py
[2023-11-10T17:36:20.849+0000] {processor.py:743} INFO - Processing file /home/airflow/.local/lib/python3.7/site-packages/airflow/example_dags/example_skip_dag.py for tasks to queue
[2023-11-10T17:36:20.849+0000] {logging_mixin.py:137} INFO - [2023-11-10T17:36:20.849+0000] {dagbag.py:538} INFO - Filling up the DagBag from /home/airflow/.local/lib/python3.7/site-packages/airflow/example_dags/example_skip_dag.py
[2023-11-10T17:36:20.858+0000] {processor.py:753} INFO - DAG(s) dict_keys(['example_skip_dag']) retrieved from /home/airflow/.local/lib/python3.7/site-packages/airflow/example_dags/example_skip_dag.py
[2023-11-10T17:36:20.871+0000] {logging_mixin.py:137} INFO - [2023-11-10T17:36:20.871+0000] {dag.py:2690} INFO - Sync 1 DAGs
[2023-11-10T17:36:20.883+0000] {logging_mixin.py:137} INFO - [2023-11-10T17:36:20.883+0000] {dag.py:3441} INFO - Setting next_dagrun for example_skip_dag to 2023-11-09T17:36:20.883366+00:00, run_after=2023-11-10T17:36:20.883366+00:00
[2023-11-10T17:36:20.891+0000] {processor.py:175} INFO - Processing /home/airflow/.local/lib/python3.7/site-packages/airflow/example_dags/example_skip_dag.py took 0.045 seconds
[2023-11-10T19:02:21.610+0000] {processor.py:153} INFO - Started process (PID=95354) to work on /home/airflow/.local/lib/python3.7/site-packages/airflow/example_dags/example_skip_dag.py
[2023-11-10T19:02:21.610+0000] {processor.py:743} INFO - Processing file /home/airflow/.local/lib/python3.7/site-packages/airflow/example_dags/example_skip_dag.py for tasks to queue
[2023-11-10T19:02:21.611+0000] {logging_mixin.py:137} INFO - [2023-11-10T19:02:21.610+0000] {dagbag.py:538} INFO - Filling up the DagBag from /home/airflow/.local/lib/python3.7/site-packages/airflow/example_dags/example_skip_dag.py
[2023-11-10T19:02:21.620+0000] {processor.py:753} INFO - DAG(s) dict_keys(['example_skip_dag']) retrieved from /home/airflow/.local/lib/python3.7/site-packages/airflow/example_dags/example_skip_dag.py
[2023-11-10T19:02:21.633+0000] {logging_mixin.py:137} INFO - [2023-11-10T19:02:21.633+0000] {dag.py:2690} INFO - Sync 1 DAGs
[2023-11-10T19:02:21.646+0000] {logging_mixin.py:137} INFO - [2023-11-10T19:02:21.646+0000] {dag.py:3441} INFO - Setting next_dagrun for example_skip_dag to 2023-11-09T19:02:21.646171+00:00, run_after=2023-11-10T19:02:21.646171+00:00
[2023-11-10T19:02:21.655+0000] {processor.py:175} INFO - Processing /home/airflow/.local/lib/python3.7/site-packages/airflow/example_dags/example_skip_dag.py took 0.047 seconds
[2023-11-10T20:25:26.248+0000] {processor.py:153} INFO - Started process (PID=95431) to work on /home/airflow/.local/lib/python3.7/site-packages/airflow/example_dags/example_skip_dag.py
[2023-11-10T20:25:26.249+0000] {processor.py:743} INFO - Processing file /home/airflow/.local/lib/python3.7/site-packages/airflow/example_dags/example_skip_dag.py for tasks to queue
[2023-11-10T20:25:26.249+0000] {logging_mixin.py:137} INFO - [2023-11-10T20:25:26.249+0000] {dagbag.py:538} INFO - Filling up the DagBag from /home/airflow/.local/lib/python3.7/site-packages/airflow/example_dags/example_skip_dag.py
[2023-11-10T20:25:26.258+0000] {processor.py:753} INFO - DAG(s) dict_keys(['example_skip_dag']) retrieved from /home/airflow/.local/lib/python3.7/site-packages/airflow/example_dags/example_skip_dag.py
[2023-11-10T20:25:26.272+0000] {logging_mixin.py:137} INFO - [2023-11-10T20:25:26.272+0000] {dag.py:2690} INFO - Sync 1 DAGs
[2023-11-10T20:25:26.284+0000] {logging_mixin.py:137} INFO - [2023-11-10T20:25:26.284+0000] {dag.py:3441} INFO - Setting next_dagrun for example_skip_dag to 2023-11-09T20:25:26.284325+00:00, run_after=2023-11-10T20:25:26.284325+00:00
[2023-11-10T20:25:26.293+0000] {processor.py:175} INFO - Processing /home/airflow/.local/lib/python3.7/site-packages/airflow/example_dags/example_skip_dag.py took 0.046 seconds
[2023-11-10T21:30:58.358+0000] {processor.py:153} INFO - Started process (PID=95526) to work on /home/airflow/.local/lib/python3.7/site-packages/airflow/example_dags/example_skip_dag.py
[2023-11-10T21:30:58.359+0000] {processor.py:743} INFO - Processing file /home/airflow/.local/lib/python3.7/site-packages/airflow/example_dags/example_skip_dag.py for tasks to queue
[2023-11-10T21:30:58.359+0000] {logging_mixin.py:137} INFO - [2023-11-10T21:30:58.359+0000] {dagbag.py:538} INFO - Filling up the DagBag from /home/airflow/.local/lib/python3.7/site-packages/airflow/example_dags/example_skip_dag.py
[2023-11-10T21:30:58.368+0000] {processor.py:753} INFO - DAG(s) dict_keys(['example_skip_dag']) retrieved from /home/airflow/.local/lib/python3.7/site-packages/airflow/example_dags/example_skip_dag.py
[2023-11-10T21:30:58.381+0000] {logging_mixin.py:137} INFO - [2023-11-10T21:30:58.380+0000] {dag.py:2690} INFO - Sync 1 DAGs
[2023-11-10T21:30:58.393+0000] {logging_mixin.py:137} INFO - [2023-11-10T21:30:58.393+0000] {dag.py:3441} INFO - Setting next_dagrun for example_skip_dag to 2023-11-09T21:30:58.392969+00:00, run_after=2023-11-10T21:30:58.392969+00:00
[2023-11-10T21:30:58.401+0000] {processor.py:175} INFO - Processing /home/airflow/.local/lib/python3.7/site-packages/airflow/example_dags/example_skip_dag.py took 0.045 seconds
[2023-11-10T22:47:29.689+0000] {processor.py:153} INFO - Started process (PID=95621) to work on /home/airflow/.local/lib/python3.7/site-packages/airflow/example_dags/example_skip_dag.py
[2023-11-10T22:47:29.690+0000] {processor.py:743} INFO - Processing file /home/airflow/.local/lib/python3.7/site-packages/airflow/example_dags/example_skip_dag.py for tasks to queue
[2023-11-10T22:47:29.690+0000] {logging_mixin.py:137} INFO - [2023-11-10T22:47:29.690+0000] {dagbag.py:538} INFO - Filling up the DagBag from /home/airflow/.local/lib/python3.7/site-packages/airflow/example_dags/example_skip_dag.py
[2023-11-10T22:47:29.700+0000] {processor.py:753} INFO - DAG(s) dict_keys(['example_skip_dag']) retrieved from /home/airflow/.local/lib/python3.7/site-packages/airflow/example_dags/example_skip_dag.py
[2023-11-10T22:47:29.713+0000] {logging_mixin.py:137} INFO - [2023-11-10T22:47:29.713+0000] {dag.py:2690} INFO - Sync 1 DAGs
[2023-11-10T22:47:29.726+0000] {logging_mixin.py:137} INFO - [2023-11-10T22:47:29.725+0000] {dag.py:3441} INFO - Setting next_dagrun for example_skip_dag to 2023-11-09T22:47:29.725832+00:00, run_after=2023-11-10T22:47:29.725832+00:00
[2023-11-10T22:47:29.734+0000] {processor.py:175} INFO - Processing /home/airflow/.local/lib/python3.7/site-packages/airflow/example_dags/example_skip_dag.py took 0.047 seconds
