[2023-11-10T00:36:32.845+0000] {processor.py:153} INFO - Started process (PID=94064) to work on /home/airflow/.local/lib/python3.7/site-packages/airflow/example_dags/example_sla_dag.py
[2023-11-10T00:36:32.845+0000] {processor.py:743} INFO - Processing file /home/airflow/.local/lib/python3.7/site-packages/airflow/example_dags/example_sla_dag.py for tasks to queue
[2023-11-10T00:36:32.846+0000] {logging_mixin.py:137} INFO - [2023-11-10T00:36:32.846+0000] {dagbag.py:538} INFO - Filling up the DagBag from /home/airflow/.local/lib/python3.7/site-packages/airflow/example_dags/example_sla_dag.py
[2023-11-10T00:36:32.860+0000] {processor.py:753} INFO - DAG(s) dict_keys(['example_sla_dag']) retrieved from /home/airflow/.local/lib/python3.7/site-packages/airflow/example_dags/example_sla_dag.py
[2023-11-10T00:36:32.877+0000] {logging_mixin.py:137} INFO - [2023-11-10T00:36:32.877+0000] {dag.py:2690} INFO - Sync 1 DAGs
[2023-11-10T00:36:32.893+0000] {logging_mixin.py:137} INFO - [2023-11-10T00:36:32.893+0000] {dag.py:3441} INFO - Setting next_dagrun for example_sla_dag to 2023-11-10T00:34:00+00:00, run_after=2023-11-10T00:36:00+00:00
[2023-11-10T00:36:32.903+0000] {processor.py:175} INFO - Processing /home/airflow/.local/lib/python3.7/site-packages/airflow/example_dags/example_sla_dag.py took 0.060 seconds
[2023-11-10T01:57:54.667+0000] {processor.py:153} INFO - Started process (PID=94159) to work on /home/airflow/.local/lib/python3.7/site-packages/airflow/example_dags/example_sla_dag.py
[2023-11-10T01:57:54.668+0000] {processor.py:743} INFO - Processing file /home/airflow/.local/lib/python3.7/site-packages/airflow/example_dags/example_sla_dag.py for tasks to queue
[2023-11-10T01:57:54.668+0000] {logging_mixin.py:137} INFO - [2023-11-10T01:57:54.668+0000] {dagbag.py:538} INFO - Filling up the DagBag from /home/airflow/.local/lib/python3.7/site-packages/airflow/example_dags/example_sla_dag.py
[2023-11-10T01:57:54.688+0000] {processor.py:753} INFO - DAG(s) dict_keys(['example_sla_dag']) retrieved from /home/airflow/.local/lib/python3.7/site-packages/airflow/example_dags/example_sla_dag.py
[2023-11-10T01:57:54.723+0000] {logging_mixin.py:137} INFO - [2023-11-10T01:57:54.723+0000] {dag.py:2690} INFO - Sync 1 DAGs
[2023-11-10T01:57:54.742+0000] {logging_mixin.py:137} INFO - [2023-11-10T01:57:54.742+0000] {dag.py:3441} INFO - Setting next_dagrun for example_sla_dag to 2023-11-10T01:54:00+00:00, run_after=2023-11-10T01:56:00+00:00
[2023-11-10T01:57:54.756+0000] {processor.py:175} INFO - Processing /home/airflow/.local/lib/python3.7/site-packages/airflow/example_dags/example_sla_dag.py took 0.092 seconds
[2023-11-10T03:20:24.723+0000] {processor.py:153} INFO - Started process (PID=94255) to work on /home/airflow/.local/lib/python3.7/site-packages/airflow/example_dags/example_sla_dag.py
[2023-11-10T03:20:24.724+0000] {processor.py:743} INFO - Processing file /home/airflow/.local/lib/python3.7/site-packages/airflow/example_dags/example_sla_dag.py for tasks to queue
[2023-11-10T03:20:24.724+0000] {logging_mixin.py:137} INFO - [2023-11-10T03:20:24.724+0000] {dagbag.py:538} INFO - Filling up the DagBag from /home/airflow/.local/lib/python3.7/site-packages/airflow/example_dags/example_sla_dag.py
[2023-11-10T03:20:24.743+0000] {processor.py:753} INFO - DAG(s) dict_keys(['example_sla_dag']) retrieved from /home/airflow/.local/lib/python3.7/site-packages/airflow/example_dags/example_sla_dag.py
[2023-11-10T03:20:24.760+0000] {logging_mixin.py:137} INFO - [2023-11-10T03:20:24.760+0000] {dag.py:2690} INFO - Sync 1 DAGs
[2023-11-10T03:20:24.776+0000] {logging_mixin.py:137} INFO - [2023-11-10T03:20:24.776+0000] {dag.py:3441} INFO - Setting next_dagrun for example_sla_dag to 2023-11-10T03:18:00+00:00, run_after=2023-11-10T03:20:00+00:00
[2023-11-10T03:20:24.787+0000] {processor.py:175} INFO - Processing /home/airflow/.local/lib/python3.7/site-packages/airflow/example_dags/example_sla_dag.py took 0.068 seconds
[2023-11-10T04:43:04.492+0000] {processor.py:153} INFO - Started process (PID=94332) to work on /home/airflow/.local/lib/python3.7/site-packages/airflow/example_dags/example_sla_dag.py
[2023-11-10T04:43:04.493+0000] {processor.py:743} INFO - Processing file /home/airflow/.local/lib/python3.7/site-packages/airflow/example_dags/example_sla_dag.py for tasks to queue
[2023-11-10T04:43:04.494+0000] {logging_mixin.py:137} INFO - [2023-11-10T04:43:04.494+0000] {dagbag.py:538} INFO - Filling up the DagBag from /home/airflow/.local/lib/python3.7/site-packages/airflow/example_dags/example_sla_dag.py
[2023-11-10T04:43:04.513+0000] {processor.py:753} INFO - DAG(s) dict_keys(['example_sla_dag']) retrieved from /home/airflow/.local/lib/python3.7/site-packages/airflow/example_dags/example_sla_dag.py
[2023-11-10T04:43:04.543+0000] {logging_mixin.py:137} INFO - [2023-11-10T04:43:04.543+0000] {dag.py:2690} INFO - Sync 1 DAGs
[2023-11-10T04:43:04.574+0000] {logging_mixin.py:137} INFO - [2023-11-10T04:43:04.574+0000] {dag.py:3441} INFO - Setting next_dagrun for example_sla_dag to 2023-11-10T04:40:00+00:00, run_after=2023-11-10T04:42:00+00:00
[2023-11-10T04:43:04.597+0000] {processor.py:175} INFO - Processing /home/airflow/.local/lib/python3.7/site-packages/airflow/example_dags/example_sla_dag.py took 0.107 seconds
[2023-11-10T05:49:37.520+0000] {processor.py:153} INFO - Started process (PID=94427) to work on /home/airflow/.local/lib/python3.7/site-packages/airflow/example_dags/example_sla_dag.py
[2023-11-10T05:49:37.520+0000] {processor.py:743} INFO - Processing file /home/airflow/.local/lib/python3.7/site-packages/airflow/example_dags/example_sla_dag.py for tasks to queue
[2023-11-10T05:49:37.521+0000] {logging_mixin.py:137} INFO - [2023-11-10T05:49:37.521+0000] {dagbag.py:538} INFO - Filling up the DagBag from /home/airflow/.local/lib/python3.7/site-packages/airflow/example_dags/example_sla_dag.py
[2023-11-10T05:49:37.538+0000] {processor.py:753} INFO - DAG(s) dict_keys(['example_sla_dag']) retrieved from /home/airflow/.local/lib/python3.7/site-packages/airflow/example_dags/example_sla_dag.py
[2023-11-10T05:49:37.564+0000] {logging_mixin.py:137} INFO - [2023-11-10T05:49:37.564+0000] {dag.py:2690} INFO - Sync 1 DAGs
[2023-11-10T05:49:37.586+0000] {logging_mixin.py:137} INFO - [2023-11-10T05:49:37.586+0000] {dag.py:3441} INFO - Setting next_dagrun for example_sla_dag to 2023-11-10T05:46:00+00:00, run_after=2023-11-10T05:48:00+00:00
[2023-11-10T05:49:37.599+0000] {processor.py:175} INFO - Processing /home/airflow/.local/lib/python3.7/site-packages/airflow/example_dags/example_sla_dag.py took 0.083 seconds
[2023-11-10T07:09:15.984+0000] {processor.py:153} INFO - Started process (PID=94522) to work on /home/airflow/.local/lib/python3.7/site-packages/airflow/example_dags/example_sla_dag.py
[2023-11-10T07:09:15.985+0000] {processor.py:743} INFO - Processing file /home/airflow/.local/lib/python3.7/site-packages/airflow/example_dags/example_sla_dag.py for tasks to queue
[2023-11-10T07:09:15.985+0000] {logging_mixin.py:137} INFO - [2023-11-10T07:09:15.985+0000] {dagbag.py:538} INFO - Filling up the DagBag from /home/airflow/.local/lib/python3.7/site-packages/airflow/example_dags/example_sla_dag.py
[2023-11-10T07:09:15.999+0000] {processor.py:753} INFO - DAG(s) dict_keys(['example_sla_dag']) retrieved from /home/airflow/.local/lib/python3.7/site-packages/airflow/example_dags/example_sla_dag.py
[2023-11-10T07:09:16.013+0000] {logging_mixin.py:137} INFO - [2023-11-10T07:09:16.012+0000] {dag.py:2690} INFO - Sync 1 DAGs
[2023-11-10T07:09:16.026+0000] {logging_mixin.py:137} INFO - [2023-11-10T07:09:16.026+0000] {dag.py:3441} INFO - Setting next_dagrun for example_sla_dag to 2023-11-10T07:06:00+00:00, run_after=2023-11-10T07:08:00+00:00
[2023-11-10T07:09:16.034+0000] {processor.py:175} INFO - Processing /home/airflow/.local/lib/python3.7/site-packages/airflow/example_dags/example_sla_dag.py took 0.052 seconds
[2023-11-10T08:31:03.892+0000] {processor.py:153} INFO - Started process (PID=94599) to work on /home/airflow/.local/lib/python3.7/site-packages/airflow/example_dags/example_sla_dag.py
[2023-11-10T08:31:03.899+0000] {processor.py:743} INFO - Processing file /home/airflow/.local/lib/python3.7/site-packages/airflow/example_dags/example_sla_dag.py for tasks to queue
[2023-11-10T08:31:03.903+0000] {logging_mixin.py:137} INFO - [2023-11-10T08:31:03.902+0000] {dagbag.py:538} INFO - Filling up the DagBag from /home/airflow/.local/lib/python3.7/site-packages/airflow/example_dags/example_sla_dag.py
[2023-11-10T08:31:03.929+0000] {processor.py:753} INFO - DAG(s) dict_keys(['example_sla_dag']) retrieved from /home/airflow/.local/lib/python3.7/site-packages/airflow/example_dags/example_sla_dag.py
[2023-11-10T08:31:03.971+0000] {logging_mixin.py:137} INFO - [2023-11-10T08:31:03.970+0000] {dag.py:2690} INFO - Sync 1 DAGs
[2023-11-10T08:31:04.000+0000] {logging_mixin.py:137} INFO - [2023-11-10T08:31:04.000+0000] {dag.py:3441} INFO - Setting next_dagrun for example_sla_dag to 2023-11-10T08:28:00+00:00, run_after=2023-11-10T08:30:00+00:00
[2023-11-10T08:31:04.016+0000] {processor.py:175} INFO - Processing /home/airflow/.local/lib/python3.7/site-packages/airflow/example_dags/example_sla_dag.py took 0.134 seconds
[2023-11-10T09:54:26.431+0000] {processor.py:153} INFO - Started process (PID=94693) to work on /home/airflow/.local/lib/python3.7/site-packages/airflow/example_dags/example_sla_dag.py
[2023-11-10T09:54:26.431+0000] {processor.py:743} INFO - Processing file /home/airflow/.local/lib/python3.7/site-packages/airflow/example_dags/example_sla_dag.py for tasks to queue
[2023-11-10T09:54:26.432+0000] {logging_mixin.py:137} INFO - [2023-11-10T09:54:26.432+0000] {dagbag.py:538} INFO - Filling up the DagBag from /home/airflow/.local/lib/python3.7/site-packages/airflow/example_dags/example_sla_dag.py
[2023-11-10T09:54:26.449+0000] {processor.py:753} INFO - DAG(s) dict_keys(['example_sla_dag']) retrieved from /home/airflow/.local/lib/python3.7/site-packages/airflow/example_dags/example_sla_dag.py
[2023-11-10T09:54:26.469+0000] {logging_mixin.py:137} INFO - [2023-11-10T09:54:26.469+0000] {dag.py:2690} INFO - Sync 1 DAGs
[2023-11-10T09:54:26.488+0000] {logging_mixin.py:137} INFO - [2023-11-10T09:54:26.487+0000] {dag.py:3441} INFO - Setting next_dagrun for example_sla_dag to 2023-11-10T09:52:00+00:00, run_after=2023-11-10T09:54:00+00:00
[2023-11-10T09:54:26.509+0000] {processor.py:175} INFO - Processing /home/airflow/.local/lib/python3.7/site-packages/airflow/example_dags/example_sla_dag.py took 0.081 seconds
[2023-11-10T11:19:39.484+0000] {processor.py:153} INFO - Started process (PID=94788) to work on /home/airflow/.local/lib/python3.7/site-packages/airflow/example_dags/example_sla_dag.py
[2023-11-10T11:19:39.485+0000] {processor.py:743} INFO - Processing file /home/airflow/.local/lib/python3.7/site-packages/airflow/example_dags/example_sla_dag.py for tasks to queue
[2023-11-10T11:19:39.486+0000] {logging_mixin.py:137} INFO - [2023-11-10T11:19:39.486+0000] {dagbag.py:538} INFO - Filling up the DagBag from /home/airflow/.local/lib/python3.7/site-packages/airflow/example_dags/example_sla_dag.py
[2023-11-10T11:19:39.509+0000] {processor.py:753} INFO - DAG(s) dict_keys(['example_sla_dag']) retrieved from /home/airflow/.local/lib/python3.7/site-packages/airflow/example_dags/example_sla_dag.py
[2023-11-10T11:19:39.530+0000] {logging_mixin.py:137} INFO - [2023-11-10T11:19:39.530+0000] {dag.py:2690} INFO - Sync 1 DAGs
[2023-11-10T11:19:39.547+0000] {logging_mixin.py:137} INFO - [2023-11-10T11:19:39.547+0000] {dag.py:3441} INFO - Setting next_dagrun for example_sla_dag to 2023-11-10T11:16:00+00:00, run_after=2023-11-10T11:18:00+00:00
[2023-11-10T11:19:39.560+0000] {processor.py:175} INFO - Processing /home/airflow/.local/lib/python3.7/site-packages/airflow/example_dags/example_sla_dag.py took 0.081 seconds
[2023-11-10T12:32:34.076+0000] {processor.py:153} INFO - Started process (PID=94865) to work on /home/airflow/.local/lib/python3.7/site-packages/airflow/example_dags/example_sla_dag.py
[2023-11-10T12:32:34.076+0000] {processor.py:743} INFO - Processing file /home/airflow/.local/lib/python3.7/site-packages/airflow/example_dags/example_sla_dag.py for tasks to queue
[2023-11-10T12:32:34.077+0000] {logging_mixin.py:137} INFO - [2023-11-10T12:32:34.076+0000] {dagbag.py:538} INFO - Filling up the DagBag from /home/airflow/.local/lib/python3.7/site-packages/airflow/example_dags/example_sla_dag.py
[2023-11-10T12:32:34.090+0000] {processor.py:753} INFO - DAG(s) dict_keys(['example_sla_dag']) retrieved from /home/airflow/.local/lib/python3.7/site-packages/airflow/example_dags/example_sla_dag.py
[2023-11-10T12:32:34.105+0000] {logging_mixin.py:137} INFO - [2023-11-10T12:32:34.105+0000] {dag.py:2690} INFO - Sync 1 DAGs
[2023-11-10T12:32:34.118+0000] {logging_mixin.py:137} INFO - [2023-11-10T12:32:34.118+0000] {dag.py:3441} INFO - Setting next_dagrun for example_sla_dag to 2023-11-10T12:30:00+00:00, run_after=2023-11-10T12:32:00+00:00
[2023-11-10T12:32:34.127+0000] {processor.py:175} INFO - Processing /home/airflow/.local/lib/python3.7/site-packages/airflow/example_dags/example_sla_dag.py took 0.053 seconds
[2023-11-10T13:38:02.661+0000] {processor.py:153} INFO - Started process (PID=94960) to work on /home/airflow/.local/lib/python3.7/site-packages/airflow/example_dags/example_sla_dag.py
[2023-11-10T13:38:02.662+0000] {processor.py:743} INFO - Processing file /home/airflow/.local/lib/python3.7/site-packages/airflow/example_dags/example_sla_dag.py for tasks to queue
[2023-11-10T13:38:02.663+0000] {logging_mixin.py:137} INFO - [2023-11-10T13:38:02.663+0000] {dagbag.py:538} INFO - Filling up the DagBag from /home/airflow/.local/lib/python3.7/site-packages/airflow/example_dags/example_sla_dag.py
[2023-11-10T13:38:02.681+0000] {processor.py:753} INFO - DAG(s) dict_keys(['example_sla_dag']) retrieved from /home/airflow/.local/lib/python3.7/site-packages/airflow/example_dags/example_sla_dag.py
[2023-11-10T13:38:02.700+0000] {logging_mixin.py:137} INFO - [2023-11-10T13:38:02.700+0000] {dag.py:2690} INFO - Sync 1 DAGs
[2023-11-10T13:38:02.717+0000] {logging_mixin.py:137} INFO - [2023-11-10T13:38:02.717+0000] {dag.py:3441} INFO - Setting next_dagrun for example_sla_dag to 2023-11-10T13:36:00+00:00, run_after=2023-11-10T13:38:00+00:00
[2023-11-10T13:38:02.730+0000] {processor.py:175} INFO - Processing /home/airflow/.local/lib/python3.7/site-packages/airflow/example_dags/example_sla_dag.py took 0.072 seconds
[2023-11-10T14:52:21.445+0000] {processor.py:153} INFO - Started process (PID=95055) to work on /home/airflow/.local/lib/python3.7/site-packages/airflow/example_dags/example_sla_dag.py
[2023-11-10T14:52:21.447+0000] {processor.py:743} INFO - Processing file /home/airflow/.local/lib/python3.7/site-packages/airflow/example_dags/example_sla_dag.py for tasks to queue
[2023-11-10T14:52:21.448+0000] {logging_mixin.py:137} INFO - [2023-11-10T14:52:21.447+0000] {dagbag.py:538} INFO - Filling up the DagBag from /home/airflow/.local/lib/python3.7/site-packages/airflow/example_dags/example_sla_dag.py
[2023-11-10T14:52:21.473+0000] {processor.py:753} INFO - DAG(s) dict_keys(['example_sla_dag']) retrieved from /home/airflow/.local/lib/python3.7/site-packages/airflow/example_dags/example_sla_dag.py
[2023-11-10T14:52:21.497+0000] {logging_mixin.py:137} INFO - [2023-11-10T14:52:21.497+0000] {dag.py:2690} INFO - Sync 1 DAGs
[2023-11-10T14:52:21.517+0000] {logging_mixin.py:137} INFO - [2023-11-10T14:52:21.517+0000] {dag.py:3441} INFO - Setting next_dagrun for example_sla_dag to 2023-11-10T14:50:00+00:00, run_after=2023-11-10T14:52:00+00:00
[2023-11-10T14:52:21.537+0000] {processor.py:175} INFO - Processing /home/airflow/.local/lib/python3.7/site-packages/airflow/example_dags/example_sla_dag.py took 0.097 seconds
[2023-11-10T16:15:12.491+0000] {processor.py:153} INFO - Started process (PID=95132) to work on /home/airflow/.local/lib/python3.7/site-packages/airflow/example_dags/example_sla_dag.py
[2023-11-10T16:15:12.491+0000] {processor.py:743} INFO - Processing file /home/airflow/.local/lib/python3.7/site-packages/airflow/example_dags/example_sla_dag.py for tasks to queue
[2023-11-10T16:15:12.492+0000] {logging_mixin.py:137} INFO - [2023-11-10T16:15:12.492+0000] {dagbag.py:538} INFO - Filling up the DagBag from /home/airflow/.local/lib/python3.7/site-packages/airflow/example_dags/example_sla_dag.py
[2023-11-10T16:15:12.512+0000] {processor.py:753} INFO - DAG(s) dict_keys(['example_sla_dag']) retrieved from /home/airflow/.local/lib/python3.7/site-packages/airflow/example_dags/example_sla_dag.py
[2023-11-10T16:15:12.534+0000] {logging_mixin.py:137} INFO - [2023-11-10T16:15:12.534+0000] {dag.py:2690} INFO - Sync 1 DAGs
[2023-11-10T16:15:12.555+0000] {logging_mixin.py:137} INFO - [2023-11-10T16:15:12.555+0000] {dag.py:3441} INFO - Setting next_dagrun for example_sla_dag to 2023-11-10T16:12:00+00:00, run_after=2023-11-10T16:14:00+00:00
[2023-11-10T16:15:12.569+0000] {processor.py:175} INFO - Processing /home/airflow/.local/lib/python3.7/site-packages/airflow/example_dags/example_sla_dag.py took 0.081 seconds
[2023-11-10T17:36:19.426+0000] {processor.py:153} INFO - Started process (PID=95227) to work on /home/airflow/.local/lib/python3.7/site-packages/airflow/example_dags/example_sla_dag.py
[2023-11-10T17:36:19.427+0000] {processor.py:743} INFO - Processing file /home/airflow/.local/lib/python3.7/site-packages/airflow/example_dags/example_sla_dag.py for tasks to queue
[2023-11-10T17:36:19.429+0000] {logging_mixin.py:137} INFO - [2023-11-10T17:36:19.428+0000] {dagbag.py:538} INFO - Filling up the DagBag from /home/airflow/.local/lib/python3.7/site-packages/airflow/example_dags/example_sla_dag.py
[2023-11-10T17:36:19.454+0000] {processor.py:753} INFO - DAG(s) dict_keys(['example_sla_dag']) retrieved from /home/airflow/.local/lib/python3.7/site-packages/airflow/example_dags/example_sla_dag.py
[2023-11-10T17:36:19.489+0000] {logging_mixin.py:137} INFO - [2023-11-10T17:36:19.488+0000] {dag.py:2690} INFO - Sync 1 DAGs
[2023-11-10T17:36:19.512+0000] {logging_mixin.py:137} INFO - [2023-11-10T17:36:19.512+0000] {dag.py:3441} INFO - Setting next_dagrun for example_sla_dag to 2023-11-10T17:34:00+00:00, run_after=2023-11-10T17:36:00+00:00
[2023-11-10T17:36:19.527+0000] {processor.py:175} INFO - Processing /home/airflow/.local/lib/python3.7/site-packages/airflow/example_dags/example_sla_dag.py took 0.105 seconds
[2023-11-10T19:02:20.365+0000] {processor.py:153} INFO - Started process (PID=95322) to work on /home/airflow/.local/lib/python3.7/site-packages/airflow/example_dags/example_sla_dag.py
[2023-11-10T19:02:20.366+0000] {processor.py:743} INFO - Processing file /home/airflow/.local/lib/python3.7/site-packages/airflow/example_dags/example_sla_dag.py for tasks to queue
[2023-11-10T19:02:20.367+0000] {logging_mixin.py:137} INFO - [2023-11-10T19:02:20.367+0000] {dagbag.py:538} INFO - Filling up the DagBag from /home/airflow/.local/lib/python3.7/site-packages/airflow/example_dags/example_sla_dag.py
[2023-11-10T19:02:20.384+0000] {processor.py:753} INFO - DAG(s) dict_keys(['example_sla_dag']) retrieved from /home/airflow/.local/lib/python3.7/site-packages/airflow/example_dags/example_sla_dag.py
[2023-11-10T19:02:20.403+0000] {logging_mixin.py:137} INFO - [2023-11-10T19:02:20.403+0000] {dag.py:2690} INFO - Sync 1 DAGs
[2023-11-10T19:02:20.420+0000] {logging_mixin.py:137} INFO - [2023-11-10T19:02:20.420+0000] {dag.py:3441} INFO - Setting next_dagrun for example_sla_dag to 2023-11-10T19:00:00+00:00, run_after=2023-11-10T19:02:00+00:00
[2023-11-10T19:02:20.432+0000] {processor.py:175} INFO - Processing /home/airflow/.local/lib/python3.7/site-packages/airflow/example_dags/example_sla_dag.py took 0.069 seconds
[2023-11-10T20:25:24.835+0000] {processor.py:153} INFO - Started process (PID=95399) to work on /home/airflow/.local/lib/python3.7/site-packages/airflow/example_dags/example_sla_dag.py
[2023-11-10T20:25:24.835+0000] {processor.py:743} INFO - Processing file /home/airflow/.local/lib/python3.7/site-packages/airflow/example_dags/example_sla_dag.py for tasks to queue
[2023-11-10T20:25:24.836+0000] {logging_mixin.py:137} INFO - [2023-11-10T20:25:24.836+0000] {dagbag.py:538} INFO - Filling up the DagBag from /home/airflow/.local/lib/python3.7/site-packages/airflow/example_dags/example_sla_dag.py
[2023-11-10T20:25:24.849+0000] {processor.py:753} INFO - DAG(s) dict_keys(['example_sla_dag']) retrieved from /home/airflow/.local/lib/python3.7/site-packages/airflow/example_dags/example_sla_dag.py
[2023-11-10T20:25:24.864+0000] {logging_mixin.py:137} INFO - [2023-11-10T20:25:24.864+0000] {dag.py:2690} INFO - Sync 1 DAGs
[2023-11-10T20:25:24.877+0000] {logging_mixin.py:137} INFO - [2023-11-10T20:25:24.877+0000] {dag.py:3441} INFO - Setting next_dagrun for example_sla_dag to 2023-11-10T20:22:00+00:00, run_after=2023-11-10T20:24:00+00:00
[2023-11-10T20:25:24.886+0000] {processor.py:175} INFO - Processing /home/airflow/.local/lib/python3.7/site-packages/airflow/example_dags/example_sla_dag.py took 0.053 seconds
[2023-11-10T21:30:56.553+0000] {processor.py:153} INFO - Started process (PID=95494) to work on /home/airflow/.local/lib/python3.7/site-packages/airflow/example_dags/example_sla_dag.py
[2023-11-10T21:30:56.553+0000] {processor.py:743} INFO - Processing file /home/airflow/.local/lib/python3.7/site-packages/airflow/example_dags/example_sla_dag.py for tasks to queue
[2023-11-10T21:30:56.553+0000] {logging_mixin.py:137} INFO - [2023-11-10T21:30:56.553+0000] {dagbag.py:538} INFO - Filling up the DagBag from /home/airflow/.local/lib/python3.7/site-packages/airflow/example_dags/example_sla_dag.py
[2023-11-10T21:30:56.566+0000] {processor.py:753} INFO - DAG(s) dict_keys(['example_sla_dag']) retrieved from /home/airflow/.local/lib/python3.7/site-packages/airflow/example_dags/example_sla_dag.py
[2023-11-10T21:30:56.580+0000] {logging_mixin.py:137} INFO - [2023-11-10T21:30:56.580+0000] {dag.py:2690} INFO - Sync 1 DAGs
[2023-11-10T21:30:56.592+0000] {logging_mixin.py:137} INFO - [2023-11-10T21:30:56.592+0000] {dag.py:3441} INFO - Setting next_dagrun for example_sla_dag to 2023-11-10T21:28:00+00:00, run_after=2023-11-10T21:30:00+00:00
[2023-11-10T21:30:56.601+0000] {processor.py:175} INFO - Processing /home/airflow/.local/lib/python3.7/site-packages/airflow/example_dags/example_sla_dag.py took 0.050 seconds
[2023-11-10T22:47:28.149+0000] {processor.py:153} INFO - Started process (PID=95589) to work on /home/airflow/.local/lib/python3.7/site-packages/airflow/example_dags/example_sla_dag.py
[2023-11-10T22:47:28.150+0000] {processor.py:743} INFO - Processing file /home/airflow/.local/lib/python3.7/site-packages/airflow/example_dags/example_sla_dag.py for tasks to queue
[2023-11-10T22:47:28.150+0000] {logging_mixin.py:137} INFO - [2023-11-10T22:47:28.150+0000] {dagbag.py:538} INFO - Filling up the DagBag from /home/airflow/.local/lib/python3.7/site-packages/airflow/example_dags/example_sla_dag.py
[2023-11-10T22:47:28.164+0000] {processor.py:753} INFO - DAG(s) dict_keys(['example_sla_dag']) retrieved from /home/airflow/.local/lib/python3.7/site-packages/airflow/example_dags/example_sla_dag.py
[2023-11-10T22:47:28.180+0000] {logging_mixin.py:137} INFO - [2023-11-10T22:47:28.180+0000] {dag.py:2690} INFO - Sync 1 DAGs
[2023-11-10T22:47:28.194+0000] {logging_mixin.py:137} INFO - [2023-11-10T22:47:28.194+0000] {dag.py:3441} INFO - Setting next_dagrun for example_sla_dag to 2023-11-10T22:44:00+00:00, run_after=2023-11-10T22:46:00+00:00
[2023-11-10T22:47:28.204+0000] {processor.py:175} INFO - Processing /home/airflow/.local/lib/python3.7/site-packages/airflow/example_dags/example_sla_dag.py took 0.057 seconds
