[2023-11-10T00:36:33.261+0000] {processor.py:153} INFO - Started process (PID=94071) to work on /home/airflow/.local/lib/python3.7/site-packages/airflow/example_dags/example_external_task_marker_dag.py
[2023-11-10T00:36:33.264+0000] {processor.py:743} INFO - Processing file /home/airflow/.local/lib/python3.7/site-packages/airflow/example_dags/example_external_task_marker_dag.py for tasks to queue
[2023-11-10T00:36:33.265+0000] {logging_mixin.py:137} INFO - [2023-11-10T00:36:33.265+0000] {dagbag.py:538} INFO - Filling up the DagBag from /home/airflow/.local/lib/python3.7/site-packages/airflow/example_dags/example_external_task_marker_dag.py
[2023-11-10T00:36:33.282+0000] {processor.py:753} INFO - DAG(s) dict_keys(['example_external_task_marker_child', 'example_external_task_marker_parent']) retrieved from /home/airflow/.local/lib/python3.7/site-packages/airflow/example_dags/example_external_task_marker_dag.py
[2023-11-10T00:36:33.315+0000] {logging_mixin.py:137} INFO - [2023-11-10T00:36:33.314+0000] {dag.py:2690} INFO - Sync 2 DAGs
[2023-11-10T00:36:33.337+0000] {logging_mixin.py:137} INFO - [2023-11-10T00:36:33.337+0000] {dag.py:3441} INFO - Setting next_dagrun for example_external_task_marker_child to None, run_after=None
[2023-11-10T00:36:33.341+0000] {logging_mixin.py:137} INFO - [2023-11-10T00:36:33.341+0000] {dag.py:3441} INFO - Setting next_dagrun for example_external_task_marker_parent to None, run_after=None
[2023-11-10T00:36:33.360+0000] {processor.py:175} INFO - Processing /home/airflow/.local/lib/python3.7/site-packages/airflow/example_dags/example_external_task_marker_dag.py took 0.106 seconds
[2023-11-10T01:57:55.096+0000] {processor.py:153} INFO - Started process (PID=94166) to work on /home/airflow/.local/lib/python3.7/site-packages/airflow/example_dags/example_external_task_marker_dag.py
[2023-11-10T01:57:55.097+0000] {processor.py:743} INFO - Processing file /home/airflow/.local/lib/python3.7/site-packages/airflow/example_dags/example_external_task_marker_dag.py for tasks to queue
[2023-11-10T01:57:55.097+0000] {logging_mixin.py:137} INFO - [2023-11-10T01:57:55.097+0000] {dagbag.py:538} INFO - Filling up the DagBag from /home/airflow/.local/lib/python3.7/site-packages/airflow/example_dags/example_external_task_marker_dag.py
[2023-11-10T01:57:55.109+0000] {processor.py:753} INFO - DAG(s) dict_keys(['example_external_task_marker_child', 'example_external_task_marker_parent']) retrieved from /home/airflow/.local/lib/python3.7/site-packages/airflow/example_dags/example_external_task_marker_dag.py
[2023-11-10T01:57:55.136+0000] {logging_mixin.py:137} INFO - [2023-11-10T01:57:55.136+0000] {dag.py:2690} INFO - Sync 2 DAGs
[2023-11-10T01:57:55.153+0000] {logging_mixin.py:137} INFO - [2023-11-10T01:57:55.153+0000] {dag.py:3441} INFO - Setting next_dagrun for example_external_task_marker_child to None, run_after=None
[2023-11-10T01:57:55.155+0000] {logging_mixin.py:137} INFO - [2023-11-10T01:57:55.155+0000] {dag.py:3441} INFO - Setting next_dagrun for example_external_task_marker_parent to None, run_after=None
[2023-11-10T01:57:55.165+0000] {processor.py:175} INFO - Processing /home/airflow/.local/lib/python3.7/site-packages/airflow/example_dags/example_external_task_marker_dag.py took 0.072 seconds
[2023-11-10T03:20:25.068+0000] {processor.py:153} INFO - Started process (PID=94262) to work on /home/airflow/.local/lib/python3.7/site-packages/airflow/example_dags/example_external_task_marker_dag.py
[2023-11-10T03:20:25.069+0000] {processor.py:743} INFO - Processing file /home/airflow/.local/lib/python3.7/site-packages/airflow/example_dags/example_external_task_marker_dag.py for tasks to queue
[2023-11-10T03:20:25.069+0000] {logging_mixin.py:137} INFO - [2023-11-10T03:20:25.069+0000] {dagbag.py:538} INFO - Filling up the DagBag from /home/airflow/.local/lib/python3.7/site-packages/airflow/example_dags/example_external_task_marker_dag.py
[2023-11-10T03:20:25.080+0000] {processor.py:753} INFO - DAG(s) dict_keys(['example_external_task_marker_child', 'example_external_task_marker_parent']) retrieved from /home/airflow/.local/lib/python3.7/site-packages/airflow/example_dags/example_external_task_marker_dag.py
[2023-11-10T03:20:25.099+0000] {logging_mixin.py:137} INFO - [2023-11-10T03:20:25.099+0000] {dag.py:2690} INFO - Sync 2 DAGs
[2023-11-10T03:20:25.115+0000] {logging_mixin.py:137} INFO - [2023-11-10T03:20:25.115+0000] {dag.py:3441} INFO - Setting next_dagrun for example_external_task_marker_child to None, run_after=None
[2023-11-10T03:20:25.117+0000] {logging_mixin.py:137} INFO - [2023-11-10T03:20:25.117+0000] {dag.py:3441} INFO - Setting next_dagrun for example_external_task_marker_parent to None, run_after=None
[2023-11-10T03:20:25.127+0000] {processor.py:175} INFO - Processing /home/airflow/.local/lib/python3.7/site-packages/airflow/example_dags/example_external_task_marker_dag.py took 0.063 seconds
[2023-11-10T04:43:04.989+0000] {processor.py:153} INFO - Started process (PID=94339) to work on /home/airflow/.local/lib/python3.7/site-packages/airflow/example_dags/example_external_task_marker_dag.py
[2023-11-10T04:43:04.992+0000] {processor.py:743} INFO - Processing file /home/airflow/.local/lib/python3.7/site-packages/airflow/example_dags/example_external_task_marker_dag.py for tasks to queue
[2023-11-10T04:43:04.993+0000] {logging_mixin.py:137} INFO - [2023-11-10T04:43:04.993+0000] {dagbag.py:538} INFO - Filling up the DagBag from /home/airflow/.local/lib/python3.7/site-packages/airflow/example_dags/example_external_task_marker_dag.py
[2023-11-10T04:43:05.009+0000] {processor.py:753} INFO - DAG(s) dict_keys(['example_external_task_marker_child', 'example_external_task_marker_parent']) retrieved from /home/airflow/.local/lib/python3.7/site-packages/airflow/example_dags/example_external_task_marker_dag.py
[2023-11-10T04:43:05.051+0000] {logging_mixin.py:137} INFO - [2023-11-10T04:43:05.050+0000] {dag.py:2690} INFO - Sync 2 DAGs
[2023-11-10T04:43:05.072+0000] {logging_mixin.py:137} INFO - [2023-11-10T04:43:05.072+0000] {dag.py:3441} INFO - Setting next_dagrun for example_external_task_marker_child to None, run_after=None
[2023-11-10T04:43:05.076+0000] {logging_mixin.py:137} INFO - [2023-11-10T04:43:05.076+0000] {dag.py:3441} INFO - Setting next_dagrun for example_external_task_marker_parent to None, run_after=None
[2023-11-10T04:43:05.094+0000] {processor.py:175} INFO - Processing /home/airflow/.local/lib/python3.7/site-packages/airflow/example_dags/example_external_task_marker_dag.py took 0.112 seconds
[2023-11-10T05:49:37.889+0000] {processor.py:153} INFO - Started process (PID=94434) to work on /home/airflow/.local/lib/python3.7/site-packages/airflow/example_dags/example_external_task_marker_dag.py
[2023-11-10T05:49:37.890+0000] {processor.py:743} INFO - Processing file /home/airflow/.local/lib/python3.7/site-packages/airflow/example_dags/example_external_task_marker_dag.py for tasks to queue
[2023-11-10T05:49:37.890+0000] {logging_mixin.py:137} INFO - [2023-11-10T05:49:37.890+0000] {dagbag.py:538} INFO - Filling up the DagBag from /home/airflow/.local/lib/python3.7/site-packages/airflow/example_dags/example_external_task_marker_dag.py
[2023-11-10T05:49:37.900+0000] {processor.py:753} INFO - DAG(s) dict_keys(['example_external_task_marker_child', 'example_external_task_marker_parent']) retrieved from /home/airflow/.local/lib/python3.7/site-packages/airflow/example_dags/example_external_task_marker_dag.py
[2023-11-10T05:49:37.914+0000] {logging_mixin.py:137} INFO - [2023-11-10T05:49:37.914+0000] {dag.py:2690} INFO - Sync 2 DAGs
[2023-11-10T05:49:37.926+0000] {logging_mixin.py:137} INFO - [2023-11-10T05:49:37.926+0000] {dag.py:3441} INFO - Setting next_dagrun for example_external_task_marker_child to None, run_after=None
[2023-11-10T05:49:37.927+0000] {logging_mixin.py:137} INFO - [2023-11-10T05:49:37.927+0000] {dag.py:3441} INFO - Setting next_dagrun for example_external_task_marker_parent to None, run_after=None
[2023-11-10T05:49:37.935+0000] {processor.py:175} INFO - Processing /home/airflow/.local/lib/python3.7/site-packages/airflow/example_dags/example_external_task_marker_dag.py took 0.047 seconds
[2023-11-10T07:09:16.269+0000] {processor.py:153} INFO - Started process (PID=94529) to work on /home/airflow/.local/lib/python3.7/site-packages/airflow/example_dags/example_external_task_marker_dag.py
[2023-11-10T07:09:16.270+0000] {processor.py:743} INFO - Processing file /home/airflow/.local/lib/python3.7/site-packages/airflow/example_dags/example_external_task_marker_dag.py for tasks to queue
[2023-11-10T07:09:16.270+0000] {logging_mixin.py:137} INFO - [2023-11-10T07:09:16.270+0000] {dagbag.py:538} INFO - Filling up the DagBag from /home/airflow/.local/lib/python3.7/site-packages/airflow/example_dags/example_external_task_marker_dag.py
[2023-11-10T07:09:16.279+0000] {processor.py:753} INFO - DAG(s) dict_keys(['example_external_task_marker_parent', 'example_external_task_marker_child']) retrieved from /home/airflow/.local/lib/python3.7/site-packages/airflow/example_dags/example_external_task_marker_dag.py
[2023-11-10T07:09:16.293+0000] {logging_mixin.py:137} INFO - [2023-11-10T07:09:16.293+0000] {dag.py:2690} INFO - Sync 2 DAGs
[2023-11-10T07:09:16.305+0000] {logging_mixin.py:137} INFO - [2023-11-10T07:09:16.305+0000] {dag.py:3441} INFO - Setting next_dagrun for example_external_task_marker_child to None, run_after=None
[2023-11-10T07:09:16.306+0000] {logging_mixin.py:137} INFO - [2023-11-10T07:09:16.306+0000] {dag.py:3441} INFO - Setting next_dagrun for example_external_task_marker_parent to None, run_after=None
[2023-11-10T07:09:16.314+0000] {processor.py:175} INFO - Processing /home/airflow/.local/lib/python3.7/site-packages/airflow/example_dags/example_external_task_marker_dag.py took 0.047 seconds
[2023-11-10T08:31:04.279+0000] {processor.py:153} INFO - Started process (PID=94606) to work on /home/airflow/.local/lib/python3.7/site-packages/airflow/example_dags/example_external_task_marker_dag.py
[2023-11-10T08:31:04.280+0000] {processor.py:743} INFO - Processing file /home/airflow/.local/lib/python3.7/site-packages/airflow/example_dags/example_external_task_marker_dag.py for tasks to queue
[2023-11-10T08:31:04.281+0000] {logging_mixin.py:137} INFO - [2023-11-10T08:31:04.281+0000] {dagbag.py:538} INFO - Filling up the DagBag from /home/airflow/.local/lib/python3.7/site-packages/airflow/example_dags/example_external_task_marker_dag.py
[2023-11-10T08:31:04.291+0000] {processor.py:753} INFO - DAG(s) dict_keys(['example_external_task_marker_parent', 'example_external_task_marker_child']) retrieved from /home/airflow/.local/lib/python3.7/site-packages/airflow/example_dags/example_external_task_marker_dag.py
[2023-11-10T08:31:04.307+0000] {logging_mixin.py:137} INFO - [2023-11-10T08:31:04.307+0000] {dag.py:2690} INFO - Sync 2 DAGs
[2023-11-10T08:31:04.321+0000] {logging_mixin.py:137} INFO - [2023-11-10T08:31:04.321+0000] {dag.py:3441} INFO - Setting next_dagrun for example_external_task_marker_child to None, run_after=None
[2023-11-10T08:31:04.323+0000] {logging_mixin.py:137} INFO - [2023-11-10T08:31:04.323+0000] {dag.py:3441} INFO - Setting next_dagrun for example_external_task_marker_parent to None, run_after=None
[2023-11-10T08:31:04.331+0000] {processor.py:175} INFO - Processing /home/airflow/.local/lib/python3.7/site-packages/airflow/example_dags/example_external_task_marker_dag.py took 0.055 seconds
[2023-11-10T09:54:26.785+0000] {processor.py:153} INFO - Started process (PID=94700) to work on /home/airflow/.local/lib/python3.7/site-packages/airflow/example_dags/example_external_task_marker_dag.py
[2023-11-10T09:54:26.786+0000] {processor.py:743} INFO - Processing file /home/airflow/.local/lib/python3.7/site-packages/airflow/example_dags/example_external_task_marker_dag.py for tasks to queue
[2023-11-10T09:54:26.786+0000] {logging_mixin.py:137} INFO - [2023-11-10T09:54:26.786+0000] {dagbag.py:538} INFO - Filling up the DagBag from /home/airflow/.local/lib/python3.7/site-packages/airflow/example_dags/example_external_task_marker_dag.py
[2023-11-10T09:54:26.802+0000] {processor.py:753} INFO - DAG(s) dict_keys(['example_external_task_marker_child', 'example_external_task_marker_parent']) retrieved from /home/airflow/.local/lib/python3.7/site-packages/airflow/example_dags/example_external_task_marker_dag.py
[2023-11-10T09:54:26.824+0000] {logging_mixin.py:137} INFO - [2023-11-10T09:54:26.824+0000] {dag.py:2690} INFO - Sync 2 DAGs
[2023-11-10T09:54:26.839+0000] {logging_mixin.py:137} INFO - [2023-11-10T09:54:26.839+0000] {dag.py:3441} INFO - Setting next_dagrun for example_external_task_marker_child to None, run_after=None
[2023-11-10T09:54:26.841+0000] {logging_mixin.py:137} INFO - [2023-11-10T09:54:26.841+0000] {dag.py:3441} INFO - Setting next_dagrun for example_external_task_marker_parent to None, run_after=None
[2023-11-10T09:54:26.853+0000] {processor.py:175} INFO - Processing /home/airflow/.local/lib/python3.7/site-packages/airflow/example_dags/example_external_task_marker_dag.py took 0.071 seconds
[2023-11-10T11:19:39.844+0000] {processor.py:153} INFO - Started process (PID=94795) to work on /home/airflow/.local/lib/python3.7/site-packages/airflow/example_dags/example_external_task_marker_dag.py
[2023-11-10T11:19:39.845+0000] {processor.py:743} INFO - Processing file /home/airflow/.local/lib/python3.7/site-packages/airflow/example_dags/example_external_task_marker_dag.py for tasks to queue
[2023-11-10T11:19:39.846+0000] {logging_mixin.py:137} INFO - [2023-11-10T11:19:39.846+0000] {dagbag.py:538} INFO - Filling up the DagBag from /home/airflow/.local/lib/python3.7/site-packages/airflow/example_dags/example_external_task_marker_dag.py
[2023-11-10T11:19:39.860+0000] {processor.py:753} INFO - DAG(s) dict_keys(['example_external_task_marker_parent', 'example_external_task_marker_child']) retrieved from /home/airflow/.local/lib/python3.7/site-packages/airflow/example_dags/example_external_task_marker_dag.py
[2023-11-10T11:19:39.882+0000] {logging_mixin.py:137} INFO - [2023-11-10T11:19:39.882+0000] {dag.py:2690} INFO - Sync 2 DAGs
[2023-11-10T11:19:39.897+0000] {logging_mixin.py:137} INFO - [2023-11-10T11:19:39.897+0000] {dag.py:3441} INFO - Setting next_dagrun for example_external_task_marker_child to None, run_after=None
[2023-11-10T11:19:39.899+0000] {logging_mixin.py:137} INFO - [2023-11-10T11:19:39.899+0000] {dag.py:3441} INFO - Setting next_dagrun for example_external_task_marker_parent to None, run_after=None
[2023-11-10T11:19:39.910+0000] {processor.py:175} INFO - Processing /home/airflow/.local/lib/python3.7/site-packages/airflow/example_dags/example_external_task_marker_dag.py took 0.070 seconds
[2023-11-10T12:32:34.441+0000] {processor.py:153} INFO - Started process (PID=94872) to work on /home/airflow/.local/lib/python3.7/site-packages/airflow/example_dags/example_external_task_marker_dag.py
[2023-11-10T12:32:34.441+0000] {processor.py:743} INFO - Processing file /home/airflow/.local/lib/python3.7/site-packages/airflow/example_dags/example_external_task_marker_dag.py for tasks to queue
[2023-11-10T12:32:34.442+0000] {logging_mixin.py:137} INFO - [2023-11-10T12:32:34.442+0000] {dagbag.py:538} INFO - Filling up the DagBag from /home/airflow/.local/lib/python3.7/site-packages/airflow/example_dags/example_external_task_marker_dag.py
[2023-11-10T12:32:34.455+0000] {processor.py:753} INFO - DAG(s) dict_keys(['example_external_task_marker_parent', 'example_external_task_marker_child']) retrieved from /home/airflow/.local/lib/python3.7/site-packages/airflow/example_dags/example_external_task_marker_dag.py
[2023-11-10T12:32:34.475+0000] {logging_mixin.py:137} INFO - [2023-11-10T12:32:34.475+0000] {dag.py:2690} INFO - Sync 2 DAGs
[2023-11-10T12:32:34.490+0000] {logging_mixin.py:137} INFO - [2023-11-10T12:32:34.489+0000] {dag.py:3441} INFO - Setting next_dagrun for example_external_task_marker_child to None, run_after=None
[2023-11-10T12:32:34.491+0000] {logging_mixin.py:137} INFO - [2023-11-10T12:32:34.491+0000] {dag.py:3441} INFO - Setting next_dagrun for example_external_task_marker_parent to None, run_after=None
[2023-11-10T12:32:34.502+0000] {processor.py:175} INFO - Processing /home/airflow/.local/lib/python3.7/site-packages/airflow/example_dags/example_external_task_marker_dag.py took 0.064 seconds
[2023-11-10T13:38:03.359+0000] {processor.py:153} INFO - Started process (PID=94967) to work on /home/airflow/.local/lib/python3.7/site-packages/airflow/example_dags/example_external_task_marker_dag.py
[2023-11-10T13:38:03.360+0000] {processor.py:743} INFO - Processing file /home/airflow/.local/lib/python3.7/site-packages/airflow/example_dags/example_external_task_marker_dag.py for tasks to queue
[2023-11-10T13:38:03.361+0000] {logging_mixin.py:137} INFO - [2023-11-10T13:38:03.361+0000] {dagbag.py:538} INFO - Filling up the DagBag from /home/airflow/.local/lib/python3.7/site-packages/airflow/example_dags/example_external_task_marker_dag.py
[2023-11-10T13:38:03.375+0000] {processor.py:753} INFO - DAG(s) dict_keys(['example_external_task_marker_child', 'example_external_task_marker_parent']) retrieved from /home/airflow/.local/lib/python3.7/site-packages/airflow/example_dags/example_external_task_marker_dag.py
[2023-11-10T13:38:03.396+0000] {logging_mixin.py:137} INFO - [2023-11-10T13:38:03.396+0000] {dag.py:2690} INFO - Sync 2 DAGs
[2023-11-10T13:38:03.414+0000] {logging_mixin.py:137} INFO - [2023-11-10T13:38:03.413+0000] {dag.py:3441} INFO - Setting next_dagrun for example_external_task_marker_child to None, run_after=None
[2023-11-10T13:38:03.416+0000] {logging_mixin.py:137} INFO - [2023-11-10T13:38:03.416+0000] {dag.py:3441} INFO - Setting next_dagrun for example_external_task_marker_parent to None, run_after=None
[2023-11-10T13:38:03.427+0000] {processor.py:175} INFO - Processing /home/airflow/.local/lib/python3.7/site-packages/airflow/example_dags/example_external_task_marker_dag.py took 0.072 seconds
[2023-11-10T14:52:21.827+0000] {processor.py:153} INFO - Started process (PID=95062) to work on /home/airflow/.local/lib/python3.7/site-packages/airflow/example_dags/example_external_task_marker_dag.py
[2023-11-10T14:52:21.828+0000] {processor.py:743} INFO - Processing file /home/airflow/.local/lib/python3.7/site-packages/airflow/example_dags/example_external_task_marker_dag.py for tasks to queue
[2023-11-10T14:52:21.829+0000] {logging_mixin.py:137} INFO - [2023-11-10T14:52:21.829+0000] {dagbag.py:538} INFO - Filling up the DagBag from /home/airflow/.local/lib/python3.7/site-packages/airflow/example_dags/example_external_task_marker_dag.py
[2023-11-10T14:52:21.840+0000] {processor.py:753} INFO - DAG(s) dict_keys(['example_external_task_marker_child', 'example_external_task_marker_parent']) retrieved from /home/airflow/.local/lib/python3.7/site-packages/airflow/example_dags/example_external_task_marker_dag.py
[2023-11-10T14:52:21.860+0000] {logging_mixin.py:137} INFO - [2023-11-10T14:52:21.860+0000] {dag.py:2690} INFO - Sync 2 DAGs
[2023-11-10T14:52:21.876+0000] {logging_mixin.py:137} INFO - [2023-11-10T14:52:21.876+0000] {dag.py:3441} INFO - Setting next_dagrun for example_external_task_marker_child to None, run_after=None
[2023-11-10T14:52:21.878+0000] {logging_mixin.py:137} INFO - [2023-11-10T14:52:21.878+0000] {dag.py:3441} INFO - Setting next_dagrun for example_external_task_marker_parent to None, run_after=None
[2023-11-10T14:52:21.888+0000] {processor.py:175} INFO - Processing /home/airflow/.local/lib/python3.7/site-packages/airflow/example_dags/example_external_task_marker_dag.py took 0.064 seconds
[2023-11-10T16:15:12.862+0000] {processor.py:153} INFO - Started process (PID=95139) to work on /home/airflow/.local/lib/python3.7/site-packages/airflow/example_dags/example_external_task_marker_dag.py
[2023-11-10T16:15:12.864+0000] {processor.py:743} INFO - Processing file /home/airflow/.local/lib/python3.7/site-packages/airflow/example_dags/example_external_task_marker_dag.py for tasks to queue
[2023-11-10T16:15:12.864+0000] {logging_mixin.py:137} INFO - [2023-11-10T16:15:12.864+0000] {dagbag.py:538} INFO - Filling up the DagBag from /home/airflow/.local/lib/python3.7/site-packages/airflow/example_dags/example_external_task_marker_dag.py
[2023-11-10T16:15:12.883+0000] {processor.py:753} INFO - DAG(s) dict_keys(['example_external_task_marker_child', 'example_external_task_marker_parent']) retrieved from /home/airflow/.local/lib/python3.7/site-packages/airflow/example_dags/example_external_task_marker_dag.py
[2023-11-10T16:15:12.903+0000] {logging_mixin.py:137} INFO - [2023-11-10T16:15:12.903+0000] {dag.py:2690} INFO - Sync 2 DAGs
[2023-11-10T16:15:12.918+0000] {logging_mixin.py:137} INFO - [2023-11-10T16:15:12.918+0000] {dag.py:3441} INFO - Setting next_dagrun for example_external_task_marker_child to None, run_after=None
[2023-11-10T16:15:12.920+0000] {logging_mixin.py:137} INFO - [2023-11-10T16:15:12.920+0000] {dag.py:3441} INFO - Setting next_dagrun for example_external_task_marker_parent to None, run_after=None
[2023-11-10T16:15:12.931+0000] {processor.py:175} INFO - Processing /home/airflow/.local/lib/python3.7/site-packages/airflow/example_dags/example_external_task_marker_dag.py took 0.076 seconds
[2023-11-10T17:36:19.942+0000] {processor.py:153} INFO - Started process (PID=95234) to work on /home/airflow/.local/lib/python3.7/site-packages/airflow/example_dags/example_external_task_marker_dag.py
[2023-11-10T17:36:19.943+0000] {processor.py:743} INFO - Processing file /home/airflow/.local/lib/python3.7/site-packages/airflow/example_dags/example_external_task_marker_dag.py for tasks to queue
[2023-11-10T17:36:19.943+0000] {logging_mixin.py:137} INFO - [2023-11-10T17:36:19.943+0000] {dagbag.py:538} INFO - Filling up the DagBag from /home/airflow/.local/lib/python3.7/site-packages/airflow/example_dags/example_external_task_marker_dag.py
[2023-11-10T17:36:19.953+0000] {processor.py:753} INFO - DAG(s) dict_keys(['example_external_task_marker_child', 'example_external_task_marker_parent']) retrieved from /home/airflow/.local/lib/python3.7/site-packages/airflow/example_dags/example_external_task_marker_dag.py
[2023-11-10T17:36:19.969+0000] {logging_mixin.py:137} INFO - [2023-11-10T17:36:19.969+0000] {dag.py:2690} INFO - Sync 2 DAGs
[2023-11-10T17:36:19.981+0000] {logging_mixin.py:137} INFO - [2023-11-10T17:36:19.981+0000] {dag.py:3441} INFO - Setting next_dagrun for example_external_task_marker_child to None, run_after=None
[2023-11-10T17:36:19.983+0000] {logging_mixin.py:137} INFO - [2023-11-10T17:36:19.982+0000] {dag.py:3441} INFO - Setting next_dagrun for example_external_task_marker_parent to None, run_after=None
[2023-11-10T17:36:19.991+0000] {processor.py:175} INFO - Processing /home/airflow/.local/lib/python3.7/site-packages/airflow/example_dags/example_external_task_marker_dag.py took 0.051 seconds
[2023-11-10T19:02:20.730+0000] {processor.py:153} INFO - Started process (PID=95329) to work on /home/airflow/.local/lib/python3.7/site-packages/airflow/example_dags/example_external_task_marker_dag.py
[2023-11-10T19:02:20.731+0000] {processor.py:743} INFO - Processing file /home/airflow/.local/lib/python3.7/site-packages/airflow/example_dags/example_external_task_marker_dag.py for tasks to queue
[2023-11-10T19:02:20.732+0000] {logging_mixin.py:137} INFO - [2023-11-10T19:02:20.732+0000] {dagbag.py:538} INFO - Filling up the DagBag from /home/airflow/.local/lib/python3.7/site-packages/airflow/example_dags/example_external_task_marker_dag.py
[2023-11-10T19:02:20.745+0000] {processor.py:753} INFO - DAG(s) dict_keys(['example_external_task_marker_parent', 'example_external_task_marker_child']) retrieved from /home/airflow/.local/lib/python3.7/site-packages/airflow/example_dags/example_external_task_marker_dag.py
[2023-11-10T19:02:20.775+0000] {logging_mixin.py:137} INFO - [2023-11-10T19:02:20.775+0000] {dag.py:2690} INFO - Sync 2 DAGs
[2023-11-10T19:02:20.792+0000] {logging_mixin.py:137} INFO - [2023-11-10T19:02:20.792+0000] {dag.py:3441} INFO - Setting next_dagrun for example_external_task_marker_child to None, run_after=None
[2023-11-10T19:02:20.794+0000] {logging_mixin.py:137} INFO - [2023-11-10T19:02:20.794+0000] {dag.py:3441} INFO - Setting next_dagrun for example_external_task_marker_parent to None, run_after=None
[2023-11-10T19:02:20.804+0000] {processor.py:175} INFO - Processing /home/airflow/.local/lib/python3.7/site-packages/airflow/example_dags/example_external_task_marker_dag.py took 0.076 seconds
[2023-11-10T20:25:25.162+0000] {processor.py:153} INFO - Started process (PID=95406) to work on /home/airflow/.local/lib/python3.7/site-packages/airflow/example_dags/example_external_task_marker_dag.py
[2023-11-10T20:25:25.163+0000] {processor.py:743} INFO - Processing file /home/airflow/.local/lib/python3.7/site-packages/airflow/example_dags/example_external_task_marker_dag.py for tasks to queue
[2023-11-10T20:25:25.163+0000] {logging_mixin.py:137} INFO - [2023-11-10T20:25:25.163+0000] {dagbag.py:538} INFO - Filling up the DagBag from /home/airflow/.local/lib/python3.7/site-packages/airflow/example_dags/example_external_task_marker_dag.py
[2023-11-10T20:25:25.174+0000] {processor.py:753} INFO - DAG(s) dict_keys(['example_external_task_marker_parent', 'example_external_task_marker_child']) retrieved from /home/airflow/.local/lib/python3.7/site-packages/airflow/example_dags/example_external_task_marker_dag.py
[2023-11-10T20:25:25.194+0000] {logging_mixin.py:137} INFO - [2023-11-10T20:25:25.194+0000] {dag.py:2690} INFO - Sync 2 DAGs
[2023-11-10T20:25:25.208+0000] {logging_mixin.py:137} INFO - [2023-11-10T20:25:25.208+0000] {dag.py:3441} INFO - Setting next_dagrun for example_external_task_marker_child to None, run_after=None
[2023-11-10T20:25:25.210+0000] {logging_mixin.py:137} INFO - [2023-11-10T20:25:25.210+0000] {dag.py:3441} INFO - Setting next_dagrun for example_external_task_marker_parent to None, run_after=None
[2023-11-10T20:25:25.221+0000] {processor.py:175} INFO - Processing /home/airflow/.local/lib/python3.7/site-packages/airflow/example_dags/example_external_task_marker_dag.py took 0.063 seconds
[2023-11-10T21:30:57.225+0000] {processor.py:153} INFO - Started process (PID=95501) to work on /home/airflow/.local/lib/python3.7/site-packages/airflow/example_dags/example_external_task_marker_dag.py
[2023-11-10T21:30:57.226+0000] {processor.py:743} INFO - Processing file /home/airflow/.local/lib/python3.7/site-packages/airflow/example_dags/example_external_task_marker_dag.py for tasks to queue
[2023-11-10T21:30:57.227+0000] {logging_mixin.py:137} INFO - [2023-11-10T21:30:57.227+0000] {dagbag.py:538} INFO - Filling up the DagBag from /home/airflow/.local/lib/python3.7/site-packages/airflow/example_dags/example_external_task_marker_dag.py
[2023-11-10T21:30:57.244+0000] {processor.py:753} INFO - DAG(s) dict_keys(['example_external_task_marker_parent', 'example_external_task_marker_child']) retrieved from /home/airflow/.local/lib/python3.7/site-packages/airflow/example_dags/example_external_task_marker_dag.py
[2023-11-10T21:30:57.266+0000] {logging_mixin.py:137} INFO - [2023-11-10T21:30:57.266+0000] {dag.py:2690} INFO - Sync 2 DAGs
[2023-11-10T21:30:57.283+0000] {logging_mixin.py:137} INFO - [2023-11-10T21:30:57.283+0000] {dag.py:3441} INFO - Setting next_dagrun for example_external_task_marker_child to None, run_after=None
[2023-11-10T21:30:57.285+0000] {logging_mixin.py:137} INFO - [2023-11-10T21:30:57.285+0000] {dag.py:3441} INFO - Setting next_dagrun for example_external_task_marker_parent to None, run_after=None
[2023-11-10T21:30:57.294+0000] {processor.py:175} INFO - Processing /home/airflow/.local/lib/python3.7/site-packages/airflow/example_dags/example_external_task_marker_dag.py took 0.074 seconds
[2023-11-10T22:47:28.605+0000] {processor.py:153} INFO - Started process (PID=95596) to work on /home/airflow/.local/lib/python3.7/site-packages/airflow/example_dags/example_external_task_marker_dag.py
[2023-11-10T22:47:28.606+0000] {processor.py:743} INFO - Processing file /home/airflow/.local/lib/python3.7/site-packages/airflow/example_dags/example_external_task_marker_dag.py for tasks to queue
[2023-11-10T22:47:28.606+0000] {logging_mixin.py:137} INFO - [2023-11-10T22:47:28.606+0000] {dagbag.py:538} INFO - Filling up the DagBag from /home/airflow/.local/lib/python3.7/site-packages/airflow/example_dags/example_external_task_marker_dag.py
[2023-11-10T22:47:28.619+0000] {processor.py:753} INFO - DAG(s) dict_keys(['example_external_task_marker_parent', 'example_external_task_marker_child']) retrieved from /home/airflow/.local/lib/python3.7/site-packages/airflow/example_dags/example_external_task_marker_dag.py
[2023-11-10T22:47:28.641+0000] {logging_mixin.py:137} INFO - [2023-11-10T22:47:28.641+0000] {dag.py:2690} INFO - Sync 2 DAGs
[2023-11-10T22:47:28.657+0000] {logging_mixin.py:137} INFO - [2023-11-10T22:47:28.657+0000] {dag.py:3441} INFO - Setting next_dagrun for example_external_task_marker_child to None, run_after=None
[2023-11-10T22:47:28.661+0000] {logging_mixin.py:137} INFO - [2023-11-10T22:47:28.661+0000] {dag.py:3441} INFO - Setting next_dagrun for example_external_task_marker_parent to None, run_after=None
[2023-11-10T22:47:28.673+0000] {processor.py:175} INFO - Processing /home/airflow/.local/lib/python3.7/site-packages/airflow/example_dags/example_external_task_marker_dag.py took 0.071 seconds
