[2023-11-10T00:36:34.693+0000] {processor.py:153} INFO - Started process (PID=94108) to work on /home/airflow/.local/lib/python3.7/site-packages/airflow/example_dags/example_dag_decorator.py
[2023-11-10T00:36:34.693+0000] {processor.py:743} INFO - Processing file /home/airflow/.local/lib/python3.7/site-packages/airflow/example_dags/example_dag_decorator.py for tasks to queue
[2023-11-10T00:36:34.694+0000] {logging_mixin.py:137} INFO - [2023-11-10T00:36:34.694+0000] {dagbag.py:538} INFO - Filling up the DagBag from /home/airflow/.local/lib/python3.7/site-packages/airflow/example_dags/example_dag_decorator.py
[2023-11-10T00:36:34.704+0000] {logging_mixin.py:137} INFO - [2023-11-10T00:36:34.704+0000] {taskmixin.py:205} WARNING - Dependency <Task(_PythonDecoratedOperator): prepare_email>, send_email already registered for DAG: example_dag_decorator
[2023-11-10T00:36:34.705+0000] {logging_mixin.py:137} INFO - [2023-11-10T00:36:34.705+0000] {taskmixin.py:205} WARNING - Dependency <Task(EmailOperator): send_email>, prepare_email already registered for DAG: example_dag_decorator
[2023-11-10T00:36:34.714+0000] {processor.py:753} INFO - DAG(s) dict_keys(['example_dag_decorator']) retrieved from /home/airflow/.local/lib/python3.7/site-packages/airflow/example_dags/example_dag_decorator.py
[2023-11-10T00:36:34.750+0000] {logging_mixin.py:137} INFO - [2023-11-10T00:36:34.750+0000] {dag.py:2690} INFO - Sync 1 DAGs
[2023-11-10T00:36:34.775+0000] {logging_mixin.py:137} INFO - [2023-11-10T00:36:34.775+0000] {dag.py:3441} INFO - Setting next_dagrun for example_dag_decorator to None, run_after=None
[2023-11-10T00:36:34.813+0000] {processor.py:175} INFO - Processing /home/airflow/.local/lib/python3.7/site-packages/airflow/example_dags/example_dag_decorator.py took 0.122 seconds
[2023-11-10T01:57:55.846+0000] {processor.py:153} INFO - Started process (PID=94185) to work on /home/airflow/.local/lib/python3.7/site-packages/airflow/example_dags/example_dag_decorator.py
[2023-11-10T01:57:55.847+0000] {processor.py:743} INFO - Processing file /home/airflow/.local/lib/python3.7/site-packages/airflow/example_dags/example_dag_decorator.py for tasks to queue
[2023-11-10T01:57:55.847+0000] {logging_mixin.py:137} INFO - [2023-11-10T01:57:55.847+0000] {dagbag.py:538} INFO - Filling up the DagBag from /home/airflow/.local/lib/python3.7/site-packages/airflow/example_dags/example_dag_decorator.py
[2023-11-10T01:57:55.856+0000] {logging_mixin.py:137} INFO - [2023-11-10T01:57:55.856+0000] {taskmixin.py:205} WARNING - Dependency <Task(_PythonDecoratedOperator): prepare_email>, send_email already registered for DAG: example_dag_decorator
[2023-11-10T01:57:55.856+0000] {logging_mixin.py:137} INFO - [2023-11-10T01:57:55.856+0000] {taskmixin.py:205} WARNING - Dependency <Task(EmailOperator): send_email>, prepare_email already registered for DAG: example_dag_decorator
[2023-11-10T01:57:55.865+0000] {processor.py:753} INFO - DAG(s) dict_keys(['example_dag_decorator']) retrieved from /home/airflow/.local/lib/python3.7/site-packages/airflow/example_dags/example_dag_decorator.py
[2023-11-10T01:57:55.898+0000] {logging_mixin.py:137} INFO - [2023-11-10T01:57:55.898+0000] {dag.py:2690} INFO - Sync 1 DAGs
[2023-11-10T01:57:55.909+0000] {logging_mixin.py:137} INFO - [2023-11-10T01:57:55.909+0000] {dag.py:3441} INFO - Setting next_dagrun for example_dag_decorator to None, run_after=None
[2023-11-10T01:57:55.918+0000] {processor.py:175} INFO - Processing /home/airflow/.local/lib/python3.7/site-packages/airflow/example_dags/example_dag_decorator.py took 0.074 seconds
[2023-11-10T03:20:25.757+0000] {processor.py:153} INFO - Started process (PID=94281) to work on /home/airflow/.local/lib/python3.7/site-packages/airflow/example_dags/example_dag_decorator.py
[2023-11-10T03:20:25.758+0000] {processor.py:743} INFO - Processing file /home/airflow/.local/lib/python3.7/site-packages/airflow/example_dags/example_dag_decorator.py for tasks to queue
[2023-11-10T03:20:25.759+0000] {logging_mixin.py:137} INFO - [2023-11-10T03:20:25.758+0000] {dagbag.py:538} INFO - Filling up the DagBag from /home/airflow/.local/lib/python3.7/site-packages/airflow/example_dags/example_dag_decorator.py
[2023-11-10T03:20:25.768+0000] {logging_mixin.py:137} INFO - [2023-11-10T03:20:25.768+0000] {taskmixin.py:205} WARNING - Dependency <Task(_PythonDecoratedOperator): prepare_email>, send_email already registered for DAG: example_dag_decorator
[2023-11-10T03:20:25.768+0000] {logging_mixin.py:137} INFO - [2023-11-10T03:20:25.768+0000] {taskmixin.py:205} WARNING - Dependency <Task(EmailOperator): send_email>, prepare_email already registered for DAG: example_dag_decorator
[2023-11-10T03:20:25.776+0000] {processor.py:753} INFO - DAG(s) dict_keys(['example_dag_decorator']) retrieved from /home/airflow/.local/lib/python3.7/site-packages/airflow/example_dags/example_dag_decorator.py
[2023-11-10T03:20:25.808+0000] {logging_mixin.py:137} INFO - [2023-11-10T03:20:25.808+0000] {dag.py:2690} INFO - Sync 1 DAGs
[2023-11-10T03:20:25.819+0000] {logging_mixin.py:137} INFO - [2023-11-10T03:20:25.819+0000] {dag.py:3441} INFO - Setting next_dagrun for example_dag_decorator to None, run_after=None
[2023-11-10T03:20:25.828+0000] {processor.py:175} INFO - Processing /home/airflow/.local/lib/python3.7/site-packages/airflow/example_dags/example_dag_decorator.py took 0.073 seconds
[2023-11-10T04:43:05.798+0000] {processor.py:153} INFO - Started process (PID=94367) to work on /home/airflow/.local/lib/python3.7/site-packages/airflow/example_dags/example_dag_decorator.py
[2023-11-10T04:43:05.798+0000] {processor.py:743} INFO - Processing file /home/airflow/.local/lib/python3.7/site-packages/airflow/example_dags/example_dag_decorator.py for tasks to queue
[2023-11-10T04:43:05.798+0000] {logging_mixin.py:137} INFO - [2023-11-10T04:43:05.798+0000] {dagbag.py:538} INFO - Filling up the DagBag from /home/airflow/.local/lib/python3.7/site-packages/airflow/example_dags/example_dag_decorator.py
[2023-11-10T04:43:05.808+0000] {logging_mixin.py:137} INFO - [2023-11-10T04:43:05.808+0000] {taskmixin.py:205} WARNING - Dependency <Task(_PythonDecoratedOperator): prepare_email>, send_email already registered for DAG: example_dag_decorator
[2023-11-10T04:43:05.808+0000] {logging_mixin.py:137} INFO - [2023-11-10T04:43:05.808+0000] {taskmixin.py:205} WARNING - Dependency <Task(EmailOperator): send_email>, prepare_email already registered for DAG: example_dag_decorator
[2023-11-10T04:43:05.816+0000] {processor.py:753} INFO - DAG(s) dict_keys(['example_dag_decorator']) retrieved from /home/airflow/.local/lib/python3.7/site-packages/airflow/example_dags/example_dag_decorator.py
[2023-11-10T04:43:05.848+0000] {logging_mixin.py:137} INFO - [2023-11-10T04:43:05.848+0000] {dag.py:2690} INFO - Sync 1 DAGs
[2023-11-10T04:43:05.860+0000] {logging_mixin.py:137} INFO - [2023-11-10T04:43:05.860+0000] {dag.py:3441} INFO - Setting next_dagrun for example_dag_decorator to None, run_after=None
[2023-11-10T04:43:05.869+0000] {processor.py:175} INFO - Processing /home/airflow/.local/lib/python3.7/site-packages/airflow/example_dags/example_dag_decorator.py took 0.074 seconds
[2023-11-10T05:49:38.513+0000] {processor.py:153} INFO - Started process (PID=94453) to work on /home/airflow/.local/lib/python3.7/site-packages/airflow/example_dags/example_dag_decorator.py
[2023-11-10T05:49:38.514+0000] {processor.py:743} INFO - Processing file /home/airflow/.local/lib/python3.7/site-packages/airflow/example_dags/example_dag_decorator.py for tasks to queue
[2023-11-10T05:49:38.514+0000] {logging_mixin.py:137} INFO - [2023-11-10T05:49:38.514+0000] {dagbag.py:538} INFO - Filling up the DagBag from /home/airflow/.local/lib/python3.7/site-packages/airflow/example_dags/example_dag_decorator.py
[2023-11-10T05:49:38.524+0000] {logging_mixin.py:137} INFO - [2023-11-10T05:49:38.524+0000] {taskmixin.py:205} WARNING - Dependency <Task(_PythonDecoratedOperator): prepare_email>, send_email already registered for DAG: example_dag_decorator
[2023-11-10T05:49:38.524+0000] {logging_mixin.py:137} INFO - [2023-11-10T05:49:38.524+0000] {taskmixin.py:205} WARNING - Dependency <Task(EmailOperator): send_email>, prepare_email already registered for DAG: example_dag_decorator
[2023-11-10T05:49:38.531+0000] {processor.py:753} INFO - DAG(s) dict_keys(['example_dag_decorator']) retrieved from /home/airflow/.local/lib/python3.7/site-packages/airflow/example_dags/example_dag_decorator.py
[2023-11-10T05:49:38.564+0000] {logging_mixin.py:137} INFO - [2023-11-10T05:49:38.564+0000] {dag.py:2690} INFO - Sync 1 DAGs
[2023-11-10T05:49:38.575+0000] {logging_mixin.py:137} INFO - [2023-11-10T05:49:38.575+0000] {dag.py:3441} INFO - Setting next_dagrun for example_dag_decorator to None, run_after=None
[2023-11-10T05:49:38.583+0000] {processor.py:175} INFO - Processing /home/airflow/.local/lib/python3.7/site-packages/airflow/example_dags/example_dag_decorator.py took 0.072 seconds
[2023-11-10T07:09:17.244+0000] {processor.py:153} INFO - Started process (PID=94548) to work on /home/airflow/.local/lib/python3.7/site-packages/airflow/example_dags/example_dag_decorator.py
[2023-11-10T07:09:17.245+0000] {processor.py:743} INFO - Processing file /home/airflow/.local/lib/python3.7/site-packages/airflow/example_dags/example_dag_decorator.py for tasks to queue
[2023-11-10T07:09:17.245+0000] {logging_mixin.py:137} INFO - [2023-11-10T07:09:17.245+0000] {dagbag.py:538} INFO - Filling up the DagBag from /home/airflow/.local/lib/python3.7/site-packages/airflow/example_dags/example_dag_decorator.py
[2023-11-10T07:09:17.255+0000] {logging_mixin.py:137} INFO - [2023-11-10T07:09:17.254+0000] {taskmixin.py:205} WARNING - Dependency <Task(_PythonDecoratedOperator): prepare_email>, send_email already registered for DAG: example_dag_decorator
[2023-11-10T07:09:17.255+0000] {logging_mixin.py:137} INFO - [2023-11-10T07:09:17.255+0000] {taskmixin.py:205} WARNING - Dependency <Task(EmailOperator): send_email>, prepare_email already registered for DAG: example_dag_decorator
[2023-11-10T07:09:17.262+0000] {processor.py:753} INFO - DAG(s) dict_keys(['example_dag_decorator']) retrieved from /home/airflow/.local/lib/python3.7/site-packages/airflow/example_dags/example_dag_decorator.py
[2023-11-10T07:09:17.293+0000] {logging_mixin.py:137} INFO - [2023-11-10T07:09:17.293+0000] {dag.py:2690} INFO - Sync 1 DAGs
[2023-11-10T07:09:17.304+0000] {logging_mixin.py:137} INFO - [2023-11-10T07:09:17.304+0000] {dag.py:3441} INFO - Setting next_dagrun for example_dag_decorator to None, run_after=None
[2023-11-10T07:09:17.313+0000] {processor.py:175} INFO - Processing /home/airflow/.local/lib/python3.7/site-packages/airflow/example_dags/example_dag_decorator.py took 0.070 seconds
[2023-11-10T08:31:04.943+0000] {processor.py:153} INFO - Started process (PID=94631) to work on /home/airflow/.local/lib/python3.7/site-packages/airflow/example_dags/example_dag_decorator.py
[2023-11-10T08:31:04.944+0000] {processor.py:743} INFO - Processing file /home/airflow/.local/lib/python3.7/site-packages/airflow/example_dags/example_dag_decorator.py for tasks to queue
[2023-11-10T08:31:04.944+0000] {logging_mixin.py:137} INFO - [2023-11-10T08:31:04.944+0000] {dagbag.py:538} INFO - Filling up the DagBag from /home/airflow/.local/lib/python3.7/site-packages/airflow/example_dags/example_dag_decorator.py
[2023-11-10T08:31:04.954+0000] {logging_mixin.py:137} INFO - [2023-11-10T08:31:04.954+0000] {taskmixin.py:205} WARNING - Dependency <Task(_PythonDecoratedOperator): prepare_email>, send_email already registered for DAG: example_dag_decorator
[2023-11-10T08:31:04.954+0000] {logging_mixin.py:137} INFO - [2023-11-10T08:31:04.954+0000] {taskmixin.py:205} WARNING - Dependency <Task(EmailOperator): send_email>, prepare_email already registered for DAG: example_dag_decorator
[2023-11-10T08:31:04.962+0000] {processor.py:753} INFO - DAG(s) dict_keys(['example_dag_decorator']) retrieved from /home/airflow/.local/lib/python3.7/site-packages/airflow/example_dags/example_dag_decorator.py
[2023-11-10T08:31:04.996+0000] {logging_mixin.py:137} INFO - [2023-11-10T08:31:04.996+0000] {dag.py:2690} INFO - Sync 1 DAGs
[2023-11-10T08:31:05.008+0000] {logging_mixin.py:137} INFO - [2023-11-10T08:31:05.008+0000] {dag.py:3441} INFO - Setting next_dagrun for example_dag_decorator to None, run_after=None
[2023-11-10T08:31:05.018+0000] {processor.py:175} INFO - Processing /home/airflow/.local/lib/python3.7/site-packages/airflow/example_dags/example_dag_decorator.py took 0.077 seconds
[2023-11-10T09:54:27.584+0000] {processor.py:153} INFO - Started process (PID=94719) to work on /home/airflow/.local/lib/python3.7/site-packages/airflow/example_dags/example_dag_decorator.py
[2023-11-10T09:54:27.584+0000] {processor.py:743} INFO - Processing file /home/airflow/.local/lib/python3.7/site-packages/airflow/example_dags/example_dag_decorator.py for tasks to queue
[2023-11-10T09:54:27.585+0000] {logging_mixin.py:137} INFO - [2023-11-10T09:54:27.584+0000] {dagbag.py:538} INFO - Filling up the DagBag from /home/airflow/.local/lib/python3.7/site-packages/airflow/example_dags/example_dag_decorator.py
[2023-11-10T09:54:27.594+0000] {logging_mixin.py:137} INFO - [2023-11-10T09:54:27.594+0000] {taskmixin.py:205} WARNING - Dependency <Task(_PythonDecoratedOperator): prepare_email>, send_email already registered for DAG: example_dag_decorator
[2023-11-10T09:54:27.594+0000] {logging_mixin.py:137} INFO - [2023-11-10T09:54:27.594+0000] {taskmixin.py:205} WARNING - Dependency <Task(EmailOperator): send_email>, prepare_email already registered for DAG: example_dag_decorator
[2023-11-10T09:54:27.602+0000] {processor.py:753} INFO - DAG(s) dict_keys(['example_dag_decorator']) retrieved from /home/airflow/.local/lib/python3.7/site-packages/airflow/example_dags/example_dag_decorator.py
[2023-11-10T09:54:27.633+0000] {logging_mixin.py:137} INFO - [2023-11-10T09:54:27.633+0000] {dag.py:2690} INFO - Sync 1 DAGs
[2023-11-10T09:54:27.643+0000] {logging_mixin.py:137} INFO - [2023-11-10T09:54:27.643+0000] {dag.py:3441} INFO - Setting next_dagrun for example_dag_decorator to None, run_after=None
[2023-11-10T09:54:27.652+0000] {processor.py:175} INFO - Processing /home/airflow/.local/lib/python3.7/site-packages/airflow/example_dags/example_dag_decorator.py took 0.070 seconds
[2023-11-10T11:19:40.577+0000] {processor.py:153} INFO - Started process (PID=94814) to work on /home/airflow/.local/lib/python3.7/site-packages/airflow/example_dags/example_dag_decorator.py
[2023-11-10T11:19:40.578+0000] {processor.py:743} INFO - Processing file /home/airflow/.local/lib/python3.7/site-packages/airflow/example_dags/example_dag_decorator.py for tasks to queue
[2023-11-10T11:19:40.578+0000] {logging_mixin.py:137} INFO - [2023-11-10T11:19:40.578+0000] {dagbag.py:538} INFO - Filling up the DagBag from /home/airflow/.local/lib/python3.7/site-packages/airflow/example_dags/example_dag_decorator.py
[2023-11-10T11:19:40.587+0000] {logging_mixin.py:137} INFO - [2023-11-10T11:19:40.587+0000] {taskmixin.py:205} WARNING - Dependency <Task(_PythonDecoratedOperator): prepare_email>, send_email already registered for DAG: example_dag_decorator
[2023-11-10T11:19:40.587+0000] {logging_mixin.py:137} INFO - [2023-11-10T11:19:40.587+0000] {taskmixin.py:205} WARNING - Dependency <Task(EmailOperator): send_email>, prepare_email already registered for DAG: example_dag_decorator
[2023-11-10T11:19:40.595+0000] {processor.py:753} INFO - DAG(s) dict_keys(['example_dag_decorator']) retrieved from /home/airflow/.local/lib/python3.7/site-packages/airflow/example_dags/example_dag_decorator.py
[2023-11-10T11:19:40.626+0000] {logging_mixin.py:137} INFO - [2023-11-10T11:19:40.626+0000] {dag.py:2690} INFO - Sync 1 DAGs
[2023-11-10T11:19:40.637+0000] {logging_mixin.py:137} INFO - [2023-11-10T11:19:40.637+0000] {dag.py:3441} INFO - Setting next_dagrun for example_dag_decorator to None, run_after=None
[2023-11-10T11:19:40.645+0000] {processor.py:175} INFO - Processing /home/airflow/.local/lib/python3.7/site-packages/airflow/example_dags/example_dag_decorator.py took 0.070 seconds
[2023-11-10T12:32:35.446+0000] {processor.py:153} INFO - Started process (PID=94909) to work on /home/airflow/.local/lib/python3.7/site-packages/airflow/example_dags/example_dag_decorator.py
[2023-11-10T12:32:35.446+0000] {processor.py:743} INFO - Processing file /home/airflow/.local/lib/python3.7/site-packages/airflow/example_dags/example_dag_decorator.py for tasks to queue
[2023-11-10T12:32:35.447+0000] {logging_mixin.py:137} INFO - [2023-11-10T12:32:35.447+0000] {dagbag.py:538} INFO - Filling up the DagBag from /home/airflow/.local/lib/python3.7/site-packages/airflow/example_dags/example_dag_decorator.py
[2023-11-10T12:32:35.459+0000] {logging_mixin.py:137} INFO - [2023-11-10T12:32:35.459+0000] {taskmixin.py:205} WARNING - Dependency <Task(_PythonDecoratedOperator): prepare_email>, send_email already registered for DAG: example_dag_decorator
[2023-11-10T12:32:35.459+0000] {logging_mixin.py:137} INFO - [2023-11-10T12:32:35.459+0000] {taskmixin.py:205} WARNING - Dependency <Task(EmailOperator): send_email>, prepare_email already registered for DAG: example_dag_decorator
[2023-11-10T12:32:35.470+0000] {processor.py:753} INFO - DAG(s) dict_keys(['example_dag_decorator']) retrieved from /home/airflow/.local/lib/python3.7/site-packages/airflow/example_dags/example_dag_decorator.py
[2023-11-10T12:32:35.507+0000] {logging_mixin.py:137} INFO - [2023-11-10T12:32:35.507+0000] {dag.py:2690} INFO - Sync 1 DAGs
[2023-11-10T12:32:35.522+0000] {logging_mixin.py:137} INFO - [2023-11-10T12:32:35.522+0000] {dag.py:3441} INFO - Setting next_dagrun for example_dag_decorator to None, run_after=None
[2023-11-10T12:32:35.532+0000] {processor.py:175} INFO - Processing /home/airflow/.local/lib/python3.7/site-packages/airflow/example_dags/example_dag_decorator.py took 0.088 seconds
[2023-11-10T13:38:04.144+0000] {processor.py:153} INFO - Started process (PID=94986) to work on /home/airflow/.local/lib/python3.7/site-packages/airflow/example_dags/example_dag_decorator.py
[2023-11-10T13:38:04.144+0000] {processor.py:743} INFO - Processing file /home/airflow/.local/lib/python3.7/site-packages/airflow/example_dags/example_dag_decorator.py for tasks to queue
[2023-11-10T13:38:04.145+0000] {logging_mixin.py:137} INFO - [2023-11-10T13:38:04.145+0000] {dagbag.py:538} INFO - Filling up the DagBag from /home/airflow/.local/lib/python3.7/site-packages/airflow/example_dags/example_dag_decorator.py
[2023-11-10T13:38:04.153+0000] {logging_mixin.py:137} INFO - [2023-11-10T13:38:04.153+0000] {taskmixin.py:205} WARNING - Dependency <Task(_PythonDecoratedOperator): prepare_email>, send_email already registered for DAG: example_dag_decorator
[2023-11-10T13:38:04.154+0000] {logging_mixin.py:137} INFO - [2023-11-10T13:38:04.154+0000] {taskmixin.py:205} WARNING - Dependency <Task(EmailOperator): send_email>, prepare_email already registered for DAG: example_dag_decorator
[2023-11-10T13:38:04.161+0000] {processor.py:753} INFO - DAG(s) dict_keys(['example_dag_decorator']) retrieved from /home/airflow/.local/lib/python3.7/site-packages/airflow/example_dags/example_dag_decorator.py
[2023-11-10T13:38:04.193+0000] {logging_mixin.py:137} INFO - [2023-11-10T13:38:04.193+0000] {dag.py:2690} INFO - Sync 1 DAGs
[2023-11-10T13:38:04.204+0000] {logging_mixin.py:137} INFO - [2023-11-10T13:38:04.204+0000] {dag.py:3441} INFO - Setting next_dagrun for example_dag_decorator to None, run_after=None
[2023-11-10T13:38:04.213+0000] {processor.py:175} INFO - Processing /home/airflow/.local/lib/python3.7/site-packages/airflow/example_dags/example_dag_decorator.py took 0.071 seconds
[2023-11-10T14:52:22.576+0000] {processor.py:153} INFO - Started process (PID=95081) to work on /home/airflow/.local/lib/python3.7/site-packages/airflow/example_dags/example_dag_decorator.py
[2023-11-10T14:52:22.577+0000] {processor.py:743} INFO - Processing file /home/airflow/.local/lib/python3.7/site-packages/airflow/example_dags/example_dag_decorator.py for tasks to queue
[2023-11-10T14:52:22.577+0000] {logging_mixin.py:137} INFO - [2023-11-10T14:52:22.577+0000] {dagbag.py:538} INFO - Filling up the DagBag from /home/airflow/.local/lib/python3.7/site-packages/airflow/example_dags/example_dag_decorator.py
[2023-11-10T14:52:22.586+0000] {logging_mixin.py:137} INFO - [2023-11-10T14:52:22.586+0000] {taskmixin.py:205} WARNING - Dependency <Task(_PythonDecoratedOperator): prepare_email>, send_email already registered for DAG: example_dag_decorator
[2023-11-10T14:52:22.587+0000] {logging_mixin.py:137} INFO - [2023-11-10T14:52:22.586+0000] {taskmixin.py:205} WARNING - Dependency <Task(EmailOperator): send_email>, prepare_email already registered for DAG: example_dag_decorator
[2023-11-10T14:52:22.594+0000] {processor.py:753} INFO - DAG(s) dict_keys(['example_dag_decorator']) retrieved from /home/airflow/.local/lib/python3.7/site-packages/airflow/example_dags/example_dag_decorator.py
[2023-11-10T14:52:22.626+0000] {logging_mixin.py:137} INFO - [2023-11-10T14:52:22.626+0000] {dag.py:2690} INFO - Sync 1 DAGs
[2023-11-10T14:52:22.636+0000] {logging_mixin.py:137} INFO - [2023-11-10T14:52:22.636+0000] {dag.py:3441} INFO - Setting next_dagrun for example_dag_decorator to None, run_after=None
[2023-11-10T14:52:22.644+0000] {processor.py:175} INFO - Processing /home/airflow/.local/lib/python3.7/site-packages/airflow/example_dags/example_dag_decorator.py took 0.070 seconds
[2023-11-10T16:15:13.514+0000] {processor.py:153} INFO - Started process (PID=95158) to work on /home/airflow/.local/lib/python3.7/site-packages/airflow/example_dags/example_dag_decorator.py
[2023-11-10T16:15:13.514+0000] {processor.py:743} INFO - Processing file /home/airflow/.local/lib/python3.7/site-packages/airflow/example_dags/example_dag_decorator.py for tasks to queue
[2023-11-10T16:15:13.515+0000] {logging_mixin.py:137} INFO - [2023-11-10T16:15:13.515+0000] {dagbag.py:538} INFO - Filling up the DagBag from /home/airflow/.local/lib/python3.7/site-packages/airflow/example_dags/example_dag_decorator.py
[2023-11-10T16:15:13.524+0000] {logging_mixin.py:137} INFO - [2023-11-10T16:15:13.524+0000] {taskmixin.py:205} WARNING - Dependency <Task(_PythonDecoratedOperator): prepare_email>, send_email already registered for DAG: example_dag_decorator
[2023-11-10T16:15:13.524+0000] {logging_mixin.py:137} INFO - [2023-11-10T16:15:13.524+0000] {taskmixin.py:205} WARNING - Dependency <Task(EmailOperator): send_email>, prepare_email already registered for DAG: example_dag_decorator
[2023-11-10T16:15:13.532+0000] {processor.py:753} INFO - DAG(s) dict_keys(['example_dag_decorator']) retrieved from /home/airflow/.local/lib/python3.7/site-packages/airflow/example_dags/example_dag_decorator.py
[2023-11-10T16:15:13.565+0000] {logging_mixin.py:137} INFO - [2023-11-10T16:15:13.565+0000] {dag.py:2690} INFO - Sync 1 DAGs
[2023-11-10T16:15:13.577+0000] {logging_mixin.py:137} INFO - [2023-11-10T16:15:13.577+0000] {dag.py:3441} INFO - Setting next_dagrun for example_dag_decorator to None, run_after=None
[2023-11-10T16:15:13.586+0000] {processor.py:175} INFO - Processing /home/airflow/.local/lib/python3.7/site-packages/airflow/example_dags/example_dag_decorator.py took 0.074 seconds
[2023-11-10T17:36:20.638+0000] {processor.py:153} INFO - Started process (PID=95253) to work on /home/airflow/.local/lib/python3.7/site-packages/airflow/example_dags/example_dag_decorator.py
[2023-11-10T17:36:20.639+0000] {processor.py:743} INFO - Processing file /home/airflow/.local/lib/python3.7/site-packages/airflow/example_dags/example_dag_decorator.py for tasks to queue
[2023-11-10T17:36:20.639+0000] {logging_mixin.py:137} INFO - [2023-11-10T17:36:20.639+0000] {dagbag.py:538} INFO - Filling up the DagBag from /home/airflow/.local/lib/python3.7/site-packages/airflow/example_dags/example_dag_decorator.py
[2023-11-10T17:36:20.648+0000] {logging_mixin.py:137} INFO - [2023-11-10T17:36:20.648+0000] {taskmixin.py:205} WARNING - Dependency <Task(_PythonDecoratedOperator): prepare_email>, send_email already registered for DAG: example_dag_decorator
[2023-11-10T17:36:20.649+0000] {logging_mixin.py:137} INFO - [2023-11-10T17:36:20.648+0000] {taskmixin.py:205} WARNING - Dependency <Task(EmailOperator): send_email>, prepare_email already registered for DAG: example_dag_decorator
[2023-11-10T17:36:20.656+0000] {processor.py:753} INFO - DAG(s) dict_keys(['example_dag_decorator']) retrieved from /home/airflow/.local/lib/python3.7/site-packages/airflow/example_dags/example_dag_decorator.py
[2023-11-10T17:36:20.689+0000] {logging_mixin.py:137} INFO - [2023-11-10T17:36:20.689+0000] {dag.py:2690} INFO - Sync 1 DAGs
[2023-11-10T17:36:20.700+0000] {logging_mixin.py:137} INFO - [2023-11-10T17:36:20.700+0000] {dag.py:3441} INFO - Setting next_dagrun for example_dag_decorator to None, run_after=None
[2023-11-10T17:36:20.709+0000] {processor.py:175} INFO - Processing /home/airflow/.local/lib/python3.7/site-packages/airflow/example_dags/example_dag_decorator.py took 0.073 seconds
[2023-11-10T19:02:21.388+0000] {processor.py:153} INFO - Started process (PID=95348) to work on /home/airflow/.local/lib/python3.7/site-packages/airflow/example_dags/example_dag_decorator.py
[2023-11-10T19:02:21.389+0000] {processor.py:743} INFO - Processing file /home/airflow/.local/lib/python3.7/site-packages/airflow/example_dags/example_dag_decorator.py for tasks to queue
[2023-11-10T19:02:21.389+0000] {logging_mixin.py:137} INFO - [2023-11-10T19:02:21.389+0000] {dagbag.py:538} INFO - Filling up the DagBag from /home/airflow/.local/lib/python3.7/site-packages/airflow/example_dags/example_dag_decorator.py
[2023-11-10T19:02:21.398+0000] {logging_mixin.py:137} INFO - [2023-11-10T19:02:21.398+0000] {taskmixin.py:205} WARNING - Dependency <Task(_PythonDecoratedOperator): prepare_email>, send_email already registered for DAG: example_dag_decorator
[2023-11-10T19:02:21.398+0000] {logging_mixin.py:137} INFO - [2023-11-10T19:02:21.398+0000] {taskmixin.py:205} WARNING - Dependency <Task(EmailOperator): send_email>, prepare_email already registered for DAG: example_dag_decorator
[2023-11-10T19:02:21.406+0000] {processor.py:753} INFO - DAG(s) dict_keys(['example_dag_decorator']) retrieved from /home/airflow/.local/lib/python3.7/site-packages/airflow/example_dags/example_dag_decorator.py
[2023-11-10T19:02:21.437+0000] {logging_mixin.py:137} INFO - [2023-11-10T19:02:21.437+0000] {dag.py:2690} INFO - Sync 1 DAGs
[2023-11-10T19:02:21.448+0000] {logging_mixin.py:137} INFO - [2023-11-10T19:02:21.448+0000] {dag.py:3441} INFO - Setting next_dagrun for example_dag_decorator to None, run_after=None
[2023-11-10T19:02:21.457+0000] {processor.py:175} INFO - Processing /home/airflow/.local/lib/python3.7/site-packages/airflow/example_dags/example_dag_decorator.py took 0.071 seconds
[2023-11-10T20:25:26.042+0000] {processor.py:153} INFO - Started process (PID=95425) to work on /home/airflow/.local/lib/python3.7/site-packages/airflow/example_dags/example_dag_decorator.py
[2023-11-10T20:25:26.042+0000] {processor.py:743} INFO - Processing file /home/airflow/.local/lib/python3.7/site-packages/airflow/example_dags/example_dag_decorator.py for tasks to queue
[2023-11-10T20:25:26.043+0000] {logging_mixin.py:137} INFO - [2023-11-10T20:25:26.043+0000] {dagbag.py:538} INFO - Filling up the DagBag from /home/airflow/.local/lib/python3.7/site-packages/airflow/example_dags/example_dag_decorator.py
[2023-11-10T20:25:26.052+0000] {logging_mixin.py:137} INFO - [2023-11-10T20:25:26.052+0000] {taskmixin.py:205} WARNING - Dependency <Task(_PythonDecoratedOperator): prepare_email>, send_email already registered for DAG: example_dag_decorator
[2023-11-10T20:25:26.052+0000] {logging_mixin.py:137} INFO - [2023-11-10T20:25:26.052+0000] {taskmixin.py:205} WARNING - Dependency <Task(EmailOperator): send_email>, prepare_email already registered for DAG: example_dag_decorator
[2023-11-10T20:25:26.060+0000] {processor.py:753} INFO - DAG(s) dict_keys(['example_dag_decorator']) retrieved from /home/airflow/.local/lib/python3.7/site-packages/airflow/example_dags/example_dag_decorator.py
[2023-11-10T20:25:26.091+0000] {logging_mixin.py:137} INFO - [2023-11-10T20:25:26.091+0000] {dag.py:2690} INFO - Sync 1 DAGs
[2023-11-10T20:25:26.102+0000] {logging_mixin.py:137} INFO - [2023-11-10T20:25:26.102+0000] {dag.py:3441} INFO - Setting next_dagrun for example_dag_decorator to None, run_after=None
[2023-11-10T20:25:26.111+0000] {processor.py:175} INFO - Processing /home/airflow/.local/lib/python3.7/site-packages/airflow/example_dags/example_dag_decorator.py took 0.071 seconds
[2023-11-10T21:30:58.146+0000] {processor.py:153} INFO - Started process (PID=95520) to work on /home/airflow/.local/lib/python3.7/site-packages/airflow/example_dags/example_dag_decorator.py
[2023-11-10T21:30:58.147+0000] {processor.py:743} INFO - Processing file /home/airflow/.local/lib/python3.7/site-packages/airflow/example_dags/example_dag_decorator.py for tasks to queue
[2023-11-10T21:30:58.147+0000] {logging_mixin.py:137} INFO - [2023-11-10T21:30:58.147+0000] {dagbag.py:538} INFO - Filling up the DagBag from /home/airflow/.local/lib/python3.7/site-packages/airflow/example_dags/example_dag_decorator.py
[2023-11-10T21:30:58.157+0000] {logging_mixin.py:137} INFO - [2023-11-10T21:30:58.157+0000] {taskmixin.py:205} WARNING - Dependency <Task(_PythonDecoratedOperator): prepare_email>, send_email already registered for DAG: example_dag_decorator
[2023-11-10T21:30:58.157+0000] {logging_mixin.py:137} INFO - [2023-11-10T21:30:58.157+0000] {taskmixin.py:205} WARNING - Dependency <Task(EmailOperator): send_email>, prepare_email already registered for DAG: example_dag_decorator
[2023-11-10T21:30:58.165+0000] {processor.py:753} INFO - DAG(s) dict_keys(['example_dag_decorator']) retrieved from /home/airflow/.local/lib/python3.7/site-packages/airflow/example_dags/example_dag_decorator.py
[2023-11-10T21:30:58.198+0000] {logging_mixin.py:137} INFO - [2023-11-10T21:30:58.198+0000] {dag.py:2690} INFO - Sync 1 DAGs
[2023-11-10T21:30:58.209+0000] {logging_mixin.py:137} INFO - [2023-11-10T21:30:58.209+0000] {dag.py:3441} INFO - Setting next_dagrun for example_dag_decorator to None, run_after=None
[2023-11-10T21:30:58.218+0000] {processor.py:175} INFO - Processing /home/airflow/.local/lib/python3.7/site-packages/airflow/example_dags/example_dag_decorator.py took 0.073 seconds
[2023-11-10T22:47:29.475+0000] {processor.py:153} INFO - Started process (PID=95615) to work on /home/airflow/.local/lib/python3.7/site-packages/airflow/example_dags/example_dag_decorator.py
[2023-11-10T22:47:29.475+0000] {processor.py:743} INFO - Processing file /home/airflow/.local/lib/python3.7/site-packages/airflow/example_dags/example_dag_decorator.py for tasks to queue
[2023-11-10T22:47:29.476+0000] {logging_mixin.py:137} INFO - [2023-11-10T22:47:29.476+0000] {dagbag.py:538} INFO - Filling up the DagBag from /home/airflow/.local/lib/python3.7/site-packages/airflow/example_dags/example_dag_decorator.py
[2023-11-10T22:47:29.486+0000] {logging_mixin.py:137} INFO - [2023-11-10T22:47:29.486+0000] {taskmixin.py:205} WARNING - Dependency <Task(_PythonDecoratedOperator): prepare_email>, send_email already registered for DAG: example_dag_decorator
[2023-11-10T22:47:29.486+0000] {logging_mixin.py:137} INFO - [2023-11-10T22:47:29.486+0000] {taskmixin.py:205} WARNING - Dependency <Task(EmailOperator): send_email>, prepare_email already registered for DAG: example_dag_decorator
[2023-11-10T22:47:29.494+0000] {processor.py:753} INFO - DAG(s) dict_keys(['example_dag_decorator']) retrieved from /home/airflow/.local/lib/python3.7/site-packages/airflow/example_dags/example_dag_decorator.py
[2023-11-10T22:47:29.526+0000] {logging_mixin.py:137} INFO - [2023-11-10T22:47:29.526+0000] {dag.py:2690} INFO - Sync 1 DAGs
[2023-11-10T22:47:29.537+0000] {logging_mixin.py:137} INFO - [2023-11-10T22:47:29.536+0000] {dag.py:3441} INFO - Setting next_dagrun for example_dag_decorator to None, run_after=None
[2023-11-10T22:47:29.545+0000] {processor.py:175} INFO - Processing /home/airflow/.local/lib/python3.7/site-packages/airflow/example_dags/example_dag_decorator.py took 0.073 seconds
