[2023-11-10T00:36:34.844+0000] {processor.py:153} INFO - Started process (PID=94110) to work on /home/airflow/.local/lib/python3.7/site-packages/airflow/example_dags/example_short_circuit_decorator.py
[2023-11-10T00:36:34.845+0000] {processor.py:743} INFO - Processing file /home/airflow/.local/lib/python3.7/site-packages/airflow/example_dags/example_short_circuit_decorator.py for tasks to queue
[2023-11-10T00:36:34.846+0000] {logging_mixin.py:137} INFO - [2023-11-10T00:36:34.846+0000] {dagbag.py:538} INFO - Filling up the DagBag from /home/airflow/.local/lib/python3.7/site-packages/airflow/example_dags/example_short_circuit_decorator.py
[2023-11-10T00:36:34.864+0000] {processor.py:753} INFO - DAG(s) dict_keys(['example_short_circuit_decorator']) retrieved from /home/airflow/.local/lib/python3.7/site-packages/airflow/example_dags/example_short_circuit_decorator.py
[2023-11-10T00:36:34.879+0000] {logging_mixin.py:137} INFO - [2023-11-10T00:36:34.879+0000] {dag.py:2690} INFO - Sync 1 DAGs
[2023-11-10T00:36:34.894+0000] {logging_mixin.py:137} INFO - [2023-11-10T00:36:34.894+0000] {dag.py:3441} INFO - Setting next_dagrun for example_short_circuit_decorator to 2023-11-09T00:36:34.894547+00:00, run_after=2023-11-10T00:36:34.894547+00:00
[2023-11-10T00:36:34.907+0000] {processor.py:175} INFO - Processing /home/airflow/.local/lib/python3.7/site-packages/airflow/example_dags/example_short_circuit_decorator.py took 0.065 seconds
[2023-11-10T01:57:55.931+0000] {processor.py:153} INFO - Started process (PID=94187) to work on /home/airflow/.local/lib/python3.7/site-packages/airflow/example_dags/example_short_circuit_decorator.py
[2023-11-10T01:57:55.931+0000] {processor.py:743} INFO - Processing file /home/airflow/.local/lib/python3.7/site-packages/airflow/example_dags/example_short_circuit_decorator.py for tasks to queue
[2023-11-10T01:57:55.932+0000] {logging_mixin.py:137} INFO - [2023-11-10T01:57:55.932+0000] {dagbag.py:538} INFO - Filling up the DagBag from /home/airflow/.local/lib/python3.7/site-packages/airflow/example_dags/example_short_circuit_decorator.py
[2023-11-10T01:57:55.947+0000] {processor.py:753} INFO - DAG(s) dict_keys(['example_short_circuit_decorator']) retrieved from /home/airflow/.local/lib/python3.7/site-packages/airflow/example_dags/example_short_circuit_decorator.py
[2023-11-10T01:57:55.960+0000] {logging_mixin.py:137} INFO - [2023-11-10T01:57:55.960+0000] {dag.py:2690} INFO - Sync 1 DAGs
[2023-11-10T01:57:55.972+0000] {logging_mixin.py:137} INFO - [2023-11-10T01:57:55.972+0000] {dag.py:3441} INFO - Setting next_dagrun for example_short_circuit_decorator to 2023-11-09T01:57:55.972128+00:00, run_after=2023-11-10T01:57:55.972128+00:00
[2023-11-10T01:57:55.982+0000] {processor.py:175} INFO - Processing /home/airflow/.local/lib/python3.7/site-packages/airflow/example_dags/example_short_circuit_decorator.py took 0.053 seconds
[2023-11-10T03:20:25.841+0000] {processor.py:153} INFO - Started process (PID=94283) to work on /home/airflow/.local/lib/python3.7/site-packages/airflow/example_dags/example_short_circuit_decorator.py
[2023-11-10T03:20:25.842+0000] {processor.py:743} INFO - Processing file /home/airflow/.local/lib/python3.7/site-packages/airflow/example_dags/example_short_circuit_decorator.py for tasks to queue
[2023-11-10T03:20:25.842+0000] {logging_mixin.py:137} INFO - [2023-11-10T03:20:25.842+0000] {dagbag.py:538} INFO - Filling up the DagBag from /home/airflow/.local/lib/python3.7/site-packages/airflow/example_dags/example_short_circuit_decorator.py
[2023-11-10T03:20:25.856+0000] {processor.py:753} INFO - DAG(s) dict_keys(['example_short_circuit_decorator']) retrieved from /home/airflow/.local/lib/python3.7/site-packages/airflow/example_dags/example_short_circuit_decorator.py
[2023-11-10T03:20:25.870+0000] {logging_mixin.py:137} INFO - [2023-11-10T03:20:25.870+0000] {dag.py:2690} INFO - Sync 1 DAGs
[2023-11-10T03:20:25.883+0000] {logging_mixin.py:137} INFO - [2023-11-10T03:20:25.882+0000] {dag.py:3441} INFO - Setting next_dagrun for example_short_circuit_decorator to 2023-11-09T03:20:25.882815+00:00, run_after=2023-11-10T03:20:25.882815+00:00
[2023-11-10T03:20:25.891+0000] {processor.py:175} INFO - Processing /home/airflow/.local/lib/python3.7/site-packages/airflow/example_dags/example_short_circuit_decorator.py took 0.052 seconds
[2023-11-10T04:43:05.868+0000] {processor.py:153} INFO - Started process (PID=94369) to work on /home/airflow/.local/lib/python3.7/site-packages/airflow/example_dags/example_short_circuit_decorator.py
[2023-11-10T04:43:05.869+0000] {processor.py:743} INFO - Processing file /home/airflow/.local/lib/python3.7/site-packages/airflow/example_dags/example_short_circuit_decorator.py for tasks to queue
[2023-11-10T04:43:05.870+0000] {logging_mixin.py:137} INFO - [2023-11-10T04:43:05.870+0000] {dagbag.py:538} INFO - Filling up the DagBag from /home/airflow/.local/lib/python3.7/site-packages/airflow/example_dags/example_short_circuit_decorator.py
[2023-11-10T04:43:05.885+0000] {processor.py:753} INFO - DAG(s) dict_keys(['example_short_circuit_decorator']) retrieved from /home/airflow/.local/lib/python3.7/site-packages/airflow/example_dags/example_short_circuit_decorator.py
[2023-11-10T04:43:05.899+0000] {logging_mixin.py:137} INFO - [2023-11-10T04:43:05.899+0000] {dag.py:2690} INFO - Sync 1 DAGs
[2023-11-10T04:43:05.911+0000] {logging_mixin.py:137} INFO - [2023-11-10T04:43:05.911+0000] {dag.py:3441} INFO - Setting next_dagrun for example_short_circuit_decorator to 2023-11-09T04:43:05.911538+00:00, run_after=2023-11-10T04:43:05.911538+00:00
[2023-11-10T04:43:05.920+0000] {processor.py:175} INFO - Processing /home/airflow/.local/lib/python3.7/site-packages/airflow/example_dags/example_short_circuit_decorator.py took 0.054 seconds
[2023-11-10T05:49:38.597+0000] {processor.py:153} INFO - Started process (PID=94455) to work on /home/airflow/.local/lib/python3.7/site-packages/airflow/example_dags/example_short_circuit_decorator.py
[2023-11-10T05:49:38.598+0000] {processor.py:743} INFO - Processing file /home/airflow/.local/lib/python3.7/site-packages/airflow/example_dags/example_short_circuit_decorator.py for tasks to queue
[2023-11-10T05:49:38.598+0000] {logging_mixin.py:137} INFO - [2023-11-10T05:49:38.598+0000] {dagbag.py:538} INFO - Filling up the DagBag from /home/airflow/.local/lib/python3.7/site-packages/airflow/example_dags/example_short_circuit_decorator.py
[2023-11-10T05:49:38.613+0000] {processor.py:753} INFO - DAG(s) dict_keys(['example_short_circuit_decorator']) retrieved from /home/airflow/.local/lib/python3.7/site-packages/airflow/example_dags/example_short_circuit_decorator.py
[2023-11-10T05:49:38.626+0000] {logging_mixin.py:137} INFO - [2023-11-10T05:49:38.626+0000] {dag.py:2690} INFO - Sync 1 DAGs
[2023-11-10T05:49:38.638+0000] {logging_mixin.py:137} INFO - [2023-11-10T05:49:38.638+0000] {dag.py:3441} INFO - Setting next_dagrun for example_short_circuit_decorator to 2023-11-09T05:49:38.637878+00:00, run_after=2023-11-10T05:49:38.637878+00:00
[2023-11-10T05:49:38.647+0000] {processor.py:175} INFO - Processing /home/airflow/.local/lib/python3.7/site-packages/airflow/example_dags/example_short_circuit_decorator.py took 0.052 seconds
[2023-11-10T07:09:17.308+0000] {processor.py:153} INFO - Started process (PID=94550) to work on /home/airflow/.local/lib/python3.7/site-packages/airflow/example_dags/example_short_circuit_decorator.py
[2023-11-10T07:09:17.309+0000] {processor.py:743} INFO - Processing file /home/airflow/.local/lib/python3.7/site-packages/airflow/example_dags/example_short_circuit_decorator.py for tasks to queue
[2023-11-10T07:09:17.309+0000] {logging_mixin.py:137} INFO - [2023-11-10T07:09:17.309+0000] {dagbag.py:538} INFO - Filling up the DagBag from /home/airflow/.local/lib/python3.7/site-packages/airflow/example_dags/example_short_circuit_decorator.py
[2023-11-10T07:09:17.323+0000] {processor.py:753} INFO - DAG(s) dict_keys(['example_short_circuit_decorator']) retrieved from /home/airflow/.local/lib/python3.7/site-packages/airflow/example_dags/example_short_circuit_decorator.py
[2023-11-10T07:09:17.337+0000] {logging_mixin.py:137} INFO - [2023-11-10T07:09:17.337+0000] {dag.py:2690} INFO - Sync 1 DAGs
[2023-11-10T07:09:17.350+0000] {logging_mixin.py:137} INFO - [2023-11-10T07:09:17.350+0000] {dag.py:3441} INFO - Setting next_dagrun for example_short_circuit_decorator to 2023-11-09T07:09:17.350097+00:00, run_after=2023-11-10T07:09:17.350097+00:00
[2023-11-10T07:09:17.358+0000] {processor.py:175} INFO - Processing /home/airflow/.local/lib/python3.7/site-packages/airflow/example_dags/example_short_circuit_decorator.py took 0.052 seconds
[2023-11-10T08:31:05.032+0000] {processor.py:153} INFO - Started process (PID=94633) to work on /home/airflow/.local/lib/python3.7/site-packages/airflow/example_dags/example_short_circuit_decorator.py
[2023-11-10T08:31:05.032+0000] {processor.py:743} INFO - Processing file /home/airflow/.local/lib/python3.7/site-packages/airflow/example_dags/example_short_circuit_decorator.py for tasks to queue
[2023-11-10T08:31:05.033+0000] {logging_mixin.py:137} INFO - [2023-11-10T08:31:05.033+0000] {dagbag.py:538} INFO - Filling up the DagBag from /home/airflow/.local/lib/python3.7/site-packages/airflow/example_dags/example_short_circuit_decorator.py
[2023-11-10T08:31:05.047+0000] {processor.py:753} INFO - DAG(s) dict_keys(['example_short_circuit_decorator']) retrieved from /home/airflow/.local/lib/python3.7/site-packages/airflow/example_dags/example_short_circuit_decorator.py
[2023-11-10T08:31:05.061+0000] {logging_mixin.py:137} INFO - [2023-11-10T08:31:05.061+0000] {dag.py:2690} INFO - Sync 1 DAGs
[2023-11-10T08:31:05.073+0000] {logging_mixin.py:137} INFO - [2023-11-10T08:31:05.073+0000] {dag.py:3441} INFO - Setting next_dagrun for example_short_circuit_decorator to 2023-11-09T08:31:05.072926+00:00, run_after=2023-11-10T08:31:05.072926+00:00
[2023-11-10T08:31:05.082+0000] {processor.py:175} INFO - Processing /home/airflow/.local/lib/python3.7/site-packages/airflow/example_dags/example_short_circuit_decorator.py took 0.052 seconds
[2023-11-10T09:54:27.647+0000] {processor.py:153} INFO - Started process (PID=94721) to work on /home/airflow/.local/lib/python3.7/site-packages/airflow/example_dags/example_short_circuit_decorator.py
[2023-11-10T09:54:27.647+0000] {processor.py:743} INFO - Processing file /home/airflow/.local/lib/python3.7/site-packages/airflow/example_dags/example_short_circuit_decorator.py for tasks to queue
[2023-11-10T09:54:27.648+0000] {logging_mixin.py:137} INFO - [2023-11-10T09:54:27.648+0000] {dagbag.py:538} INFO - Filling up the DagBag from /home/airflow/.local/lib/python3.7/site-packages/airflow/example_dags/example_short_circuit_decorator.py
[2023-11-10T09:54:27.662+0000] {processor.py:753} INFO - DAG(s) dict_keys(['example_short_circuit_decorator']) retrieved from /home/airflow/.local/lib/python3.7/site-packages/airflow/example_dags/example_short_circuit_decorator.py
[2023-11-10T09:54:27.675+0000] {logging_mixin.py:137} INFO - [2023-11-10T09:54:27.675+0000] {dag.py:2690} INFO - Sync 1 DAGs
[2023-11-10T09:54:27.687+0000] {logging_mixin.py:137} INFO - [2023-11-10T09:54:27.687+0000] {dag.py:3441} INFO - Setting next_dagrun for example_short_circuit_decorator to 2023-11-09T09:54:27.687009+00:00, run_after=2023-11-10T09:54:27.687009+00:00
[2023-11-10T09:54:27.696+0000] {processor.py:175} INFO - Processing /home/airflow/.local/lib/python3.7/site-packages/airflow/example_dags/example_short_circuit_decorator.py took 0.051 seconds
[2023-11-10T11:19:40.658+0000] {processor.py:153} INFO - Started process (PID=94816) to work on /home/airflow/.local/lib/python3.7/site-packages/airflow/example_dags/example_short_circuit_decorator.py
[2023-11-10T11:19:40.659+0000] {processor.py:743} INFO - Processing file /home/airflow/.local/lib/python3.7/site-packages/airflow/example_dags/example_short_circuit_decorator.py for tasks to queue
[2023-11-10T11:19:40.659+0000] {logging_mixin.py:137} INFO - [2023-11-10T11:19:40.659+0000] {dagbag.py:538} INFO - Filling up the DagBag from /home/airflow/.local/lib/python3.7/site-packages/airflow/example_dags/example_short_circuit_decorator.py
[2023-11-10T11:19:40.673+0000] {processor.py:753} INFO - DAG(s) dict_keys(['example_short_circuit_decorator']) retrieved from /home/airflow/.local/lib/python3.7/site-packages/airflow/example_dags/example_short_circuit_decorator.py
[2023-11-10T11:19:40.687+0000] {logging_mixin.py:137} INFO - [2023-11-10T11:19:40.687+0000] {dag.py:2690} INFO - Sync 1 DAGs
[2023-11-10T11:19:40.699+0000] {logging_mixin.py:137} INFO - [2023-11-10T11:19:40.699+0000] {dag.py:3441} INFO - Setting next_dagrun for example_short_circuit_decorator to 2023-11-09T11:19:40.699384+00:00, run_after=2023-11-10T11:19:40.699384+00:00
[2023-11-10T11:19:40.708+0000] {processor.py:175} INFO - Processing /home/airflow/.local/lib/python3.7/site-packages/airflow/example_dags/example_short_circuit_decorator.py took 0.051 seconds
[2023-11-10T12:32:35.542+0000] {processor.py:153} INFO - Started process (PID=94911) to work on /home/airflow/.local/lib/python3.7/site-packages/airflow/example_dags/example_short_circuit_decorator.py
[2023-11-10T12:32:35.543+0000] {processor.py:743} INFO - Processing file /home/airflow/.local/lib/python3.7/site-packages/airflow/example_dags/example_short_circuit_decorator.py for tasks to queue
[2023-11-10T12:32:35.544+0000] {logging_mixin.py:137} INFO - [2023-11-10T12:32:35.544+0000] {dagbag.py:538} INFO - Filling up the DagBag from /home/airflow/.local/lib/python3.7/site-packages/airflow/example_dags/example_short_circuit_decorator.py
[2023-11-10T12:32:35.560+0000] {processor.py:753} INFO - DAG(s) dict_keys(['example_short_circuit_decorator']) retrieved from /home/airflow/.local/lib/python3.7/site-packages/airflow/example_dags/example_short_circuit_decorator.py
[2023-11-10T12:32:35.576+0000] {logging_mixin.py:137} INFO - [2023-11-10T12:32:35.576+0000] {dag.py:2690} INFO - Sync 1 DAGs
[2023-11-10T12:32:35.591+0000] {logging_mixin.py:137} INFO - [2023-11-10T12:32:35.591+0000] {dag.py:3441} INFO - Setting next_dagrun for example_short_circuit_decorator to 2023-11-09T12:32:35.591120+00:00, run_after=2023-11-10T12:32:35.591120+00:00
[2023-11-10T12:32:35.601+0000] {processor.py:175} INFO - Processing /home/airflow/.local/lib/python3.7/site-packages/airflow/example_dags/example_short_circuit_decorator.py took 0.061 seconds
[2023-11-10T13:38:04.231+0000] {processor.py:153} INFO - Started process (PID=94988) to work on /home/airflow/.local/lib/python3.7/site-packages/airflow/example_dags/example_short_circuit_decorator.py
[2023-11-10T13:38:04.231+0000] {processor.py:743} INFO - Processing file /home/airflow/.local/lib/python3.7/site-packages/airflow/example_dags/example_short_circuit_decorator.py for tasks to queue
[2023-11-10T13:38:04.232+0000] {logging_mixin.py:137} INFO - [2023-11-10T13:38:04.232+0000] {dagbag.py:538} INFO - Filling up the DagBag from /home/airflow/.local/lib/python3.7/site-packages/airflow/example_dags/example_short_circuit_decorator.py
[2023-11-10T13:38:04.247+0000] {processor.py:753} INFO - DAG(s) dict_keys(['example_short_circuit_decorator']) retrieved from /home/airflow/.local/lib/python3.7/site-packages/airflow/example_dags/example_short_circuit_decorator.py
[2023-11-10T13:38:04.261+0000] {logging_mixin.py:137} INFO - [2023-11-10T13:38:04.261+0000] {dag.py:2690} INFO - Sync 1 DAGs
[2023-11-10T13:38:04.274+0000] {logging_mixin.py:137} INFO - [2023-11-10T13:38:04.274+0000] {dag.py:3441} INFO - Setting next_dagrun for example_short_circuit_decorator to 2023-11-09T13:38:04.274043+00:00, run_after=2023-11-10T13:38:04.274043+00:00
[2023-11-10T13:38:04.283+0000] {processor.py:175} INFO - Processing /home/airflow/.local/lib/python3.7/site-packages/airflow/example_dags/example_short_circuit_decorator.py took 0.055 seconds
[2023-11-10T14:52:22.657+0000] {processor.py:153} INFO - Started process (PID=95083) to work on /home/airflow/.local/lib/python3.7/site-packages/airflow/example_dags/example_short_circuit_decorator.py
[2023-11-10T14:52:22.658+0000] {processor.py:743} INFO - Processing file /home/airflow/.local/lib/python3.7/site-packages/airflow/example_dags/example_short_circuit_decorator.py for tasks to queue
[2023-11-10T14:52:22.658+0000] {logging_mixin.py:137} INFO - [2023-11-10T14:52:22.658+0000] {dagbag.py:538} INFO - Filling up the DagBag from /home/airflow/.local/lib/python3.7/site-packages/airflow/example_dags/example_short_circuit_decorator.py
[2023-11-10T14:52:22.672+0000] {processor.py:753} INFO - DAG(s) dict_keys(['example_short_circuit_decorator']) retrieved from /home/airflow/.local/lib/python3.7/site-packages/airflow/example_dags/example_short_circuit_decorator.py
[2023-11-10T14:52:22.686+0000] {logging_mixin.py:137} INFO - [2023-11-10T14:52:22.686+0000] {dag.py:2690} INFO - Sync 1 DAGs
[2023-11-10T14:52:22.698+0000] {logging_mixin.py:137} INFO - [2023-11-10T14:52:22.698+0000] {dag.py:3441} INFO - Setting next_dagrun for example_short_circuit_decorator to 2023-11-09T14:52:22.698342+00:00, run_after=2023-11-10T14:52:22.698342+00:00
[2023-11-10T14:52:22.707+0000] {processor.py:175} INFO - Processing /home/airflow/.local/lib/python3.7/site-packages/airflow/example_dags/example_short_circuit_decorator.py took 0.051 seconds
[2023-11-10T16:15:13.599+0000] {processor.py:153} INFO - Started process (PID=95160) to work on /home/airflow/.local/lib/python3.7/site-packages/airflow/example_dags/example_short_circuit_decorator.py
[2023-11-10T16:15:13.600+0000] {processor.py:743} INFO - Processing file /home/airflow/.local/lib/python3.7/site-packages/airflow/example_dags/example_short_circuit_decorator.py for tasks to queue
[2023-11-10T16:15:13.600+0000] {logging_mixin.py:137} INFO - [2023-11-10T16:15:13.600+0000] {dagbag.py:538} INFO - Filling up the DagBag from /home/airflow/.local/lib/python3.7/site-packages/airflow/example_dags/example_short_circuit_decorator.py
[2023-11-10T16:15:13.615+0000] {processor.py:753} INFO - DAG(s) dict_keys(['example_short_circuit_decorator']) retrieved from /home/airflow/.local/lib/python3.7/site-packages/airflow/example_dags/example_short_circuit_decorator.py
[2023-11-10T16:15:13.628+0000] {logging_mixin.py:137} INFO - [2023-11-10T16:15:13.628+0000] {dag.py:2690} INFO - Sync 1 DAGs
[2023-11-10T16:15:13.640+0000] {logging_mixin.py:137} INFO - [2023-11-10T16:15:13.640+0000] {dag.py:3441} INFO - Setting next_dagrun for example_short_circuit_decorator to 2023-11-09T16:15:13.640335+00:00, run_after=2023-11-10T16:15:13.640335+00:00
[2023-11-10T16:15:13.648+0000] {processor.py:175} INFO - Processing /home/airflow/.local/lib/python3.7/site-packages/airflow/example_dags/example_short_circuit_decorator.py took 0.051 seconds
[2023-11-10T17:36:20.722+0000] {processor.py:153} INFO - Started process (PID=95255) to work on /home/airflow/.local/lib/python3.7/site-packages/airflow/example_dags/example_short_circuit_decorator.py
[2023-11-10T17:36:20.722+0000] {processor.py:743} INFO - Processing file /home/airflow/.local/lib/python3.7/site-packages/airflow/example_dags/example_short_circuit_decorator.py for tasks to queue
[2023-11-10T17:36:20.723+0000] {logging_mixin.py:137} INFO - [2023-11-10T17:36:20.723+0000] {dagbag.py:538} INFO - Filling up the DagBag from /home/airflow/.local/lib/python3.7/site-packages/airflow/example_dags/example_short_circuit_decorator.py
[2023-11-10T17:36:20.737+0000] {processor.py:753} INFO - DAG(s) dict_keys(['example_short_circuit_decorator']) retrieved from /home/airflow/.local/lib/python3.7/site-packages/airflow/example_dags/example_short_circuit_decorator.py
[2023-11-10T17:36:20.750+0000] {logging_mixin.py:137} INFO - [2023-11-10T17:36:20.750+0000] {dag.py:2690} INFO - Sync 1 DAGs
[2023-11-10T17:36:20.762+0000] {logging_mixin.py:137} INFO - [2023-11-10T17:36:20.762+0000] {dag.py:3441} INFO - Setting next_dagrun for example_short_circuit_decorator to 2023-11-09T17:36:20.762337+00:00, run_after=2023-11-10T17:36:20.762337+00:00
[2023-11-10T17:36:20.771+0000] {processor.py:175} INFO - Processing /home/airflow/.local/lib/python3.7/site-packages/airflow/example_dags/example_short_circuit_decorator.py took 0.051 seconds
[2023-11-10T19:02:21.470+0000] {processor.py:153} INFO - Started process (PID=95350) to work on /home/airflow/.local/lib/python3.7/site-packages/airflow/example_dags/example_short_circuit_decorator.py
[2023-11-10T19:02:21.471+0000] {processor.py:743} INFO - Processing file /home/airflow/.local/lib/python3.7/site-packages/airflow/example_dags/example_short_circuit_decorator.py for tasks to queue
[2023-11-10T19:02:21.471+0000] {logging_mixin.py:137} INFO - [2023-11-10T19:02:21.471+0000] {dagbag.py:538} INFO - Filling up the DagBag from /home/airflow/.local/lib/python3.7/site-packages/airflow/example_dags/example_short_circuit_decorator.py
[2023-11-10T19:02:21.486+0000] {processor.py:753} INFO - DAG(s) dict_keys(['example_short_circuit_decorator']) retrieved from /home/airflow/.local/lib/python3.7/site-packages/airflow/example_dags/example_short_circuit_decorator.py
[2023-11-10T19:02:21.499+0000] {logging_mixin.py:137} INFO - [2023-11-10T19:02:21.499+0000] {dag.py:2690} INFO - Sync 1 DAGs
[2023-11-10T19:02:21.511+0000] {logging_mixin.py:137} INFO - [2023-11-10T19:02:21.511+0000] {dag.py:3441} INFO - Setting next_dagrun for example_short_circuit_decorator to 2023-11-09T19:02:21.511767+00:00, run_after=2023-11-10T19:02:21.511767+00:00
[2023-11-10T19:02:21.522+0000] {processor.py:175} INFO - Processing /home/airflow/.local/lib/python3.7/site-packages/airflow/example_dags/example_short_circuit_decorator.py took 0.053 seconds
[2023-11-10T20:25:26.124+0000] {processor.py:153} INFO - Started process (PID=95427) to work on /home/airflow/.local/lib/python3.7/site-packages/airflow/example_dags/example_short_circuit_decorator.py
[2023-11-10T20:25:26.124+0000] {processor.py:743} INFO - Processing file /home/airflow/.local/lib/python3.7/site-packages/airflow/example_dags/example_short_circuit_decorator.py for tasks to queue
[2023-11-10T20:25:26.125+0000] {logging_mixin.py:137} INFO - [2023-11-10T20:25:26.125+0000] {dagbag.py:538} INFO - Filling up the DagBag from /home/airflow/.local/lib/python3.7/site-packages/airflow/example_dags/example_short_circuit_decorator.py
[2023-11-10T20:25:26.139+0000] {processor.py:753} INFO - DAG(s) dict_keys(['example_short_circuit_decorator']) retrieved from /home/airflow/.local/lib/python3.7/site-packages/airflow/example_dags/example_short_circuit_decorator.py
[2023-11-10T20:25:26.152+0000] {logging_mixin.py:137} INFO - [2023-11-10T20:25:26.152+0000] {dag.py:2690} INFO - Sync 1 DAGs
[2023-11-10T20:25:26.164+0000] {logging_mixin.py:137} INFO - [2023-11-10T20:25:26.164+0000] {dag.py:3441} INFO - Setting next_dagrun for example_short_circuit_decorator to 2023-11-09T20:25:26.164255+00:00, run_after=2023-11-10T20:25:26.164255+00:00
[2023-11-10T20:25:26.173+0000] {processor.py:175} INFO - Processing /home/airflow/.local/lib/python3.7/site-packages/airflow/example_dags/example_short_circuit_decorator.py took 0.050 seconds
[2023-11-10T21:30:58.231+0000] {processor.py:153} INFO - Started process (PID=95522) to work on /home/airflow/.local/lib/python3.7/site-packages/airflow/example_dags/example_short_circuit_decorator.py
[2023-11-10T21:30:58.232+0000] {processor.py:743} INFO - Processing file /home/airflow/.local/lib/python3.7/site-packages/airflow/example_dags/example_short_circuit_decorator.py for tasks to queue
[2023-11-10T21:30:58.232+0000] {logging_mixin.py:137} INFO - [2023-11-10T21:30:58.232+0000] {dagbag.py:538} INFO - Filling up the DagBag from /home/airflow/.local/lib/python3.7/site-packages/airflow/example_dags/example_short_circuit_decorator.py
[2023-11-10T21:30:58.247+0000] {processor.py:753} INFO - DAG(s) dict_keys(['example_short_circuit_decorator']) retrieved from /home/airflow/.local/lib/python3.7/site-packages/airflow/example_dags/example_short_circuit_decorator.py
[2023-11-10T21:30:58.259+0000] {logging_mixin.py:137} INFO - [2023-11-10T21:30:58.259+0000] {dag.py:2690} INFO - Sync 1 DAGs
[2023-11-10T21:30:58.272+0000] {logging_mixin.py:137} INFO - [2023-11-10T21:30:58.272+0000] {dag.py:3441} INFO - Setting next_dagrun for example_short_circuit_decorator to 2023-11-09T21:30:58.271868+00:00, run_after=2023-11-10T21:30:58.271868+00:00
[2023-11-10T21:30:58.281+0000] {processor.py:175} INFO - Processing /home/airflow/.local/lib/python3.7/site-packages/airflow/example_dags/example_short_circuit_decorator.py took 0.052 seconds
[2023-11-10T22:47:29.559+0000] {processor.py:153} INFO - Started process (PID=95617) to work on /home/airflow/.local/lib/python3.7/site-packages/airflow/example_dags/example_short_circuit_decorator.py
[2023-11-10T22:47:29.560+0000] {processor.py:743} INFO - Processing file /home/airflow/.local/lib/python3.7/site-packages/airflow/example_dags/example_short_circuit_decorator.py for tasks to queue
[2023-11-10T22:47:29.560+0000] {logging_mixin.py:137} INFO - [2023-11-10T22:47:29.560+0000] {dagbag.py:538} INFO - Filling up the DagBag from /home/airflow/.local/lib/python3.7/site-packages/airflow/example_dags/example_short_circuit_decorator.py
[2023-11-10T22:47:29.575+0000] {processor.py:753} INFO - DAG(s) dict_keys(['example_short_circuit_decorator']) retrieved from /home/airflow/.local/lib/python3.7/site-packages/airflow/example_dags/example_short_circuit_decorator.py
[2023-11-10T22:47:29.588+0000] {logging_mixin.py:137} INFO - [2023-11-10T22:47:29.588+0000] {dag.py:2690} INFO - Sync 1 DAGs
[2023-11-10T22:47:29.600+0000] {logging_mixin.py:137} INFO - [2023-11-10T22:47:29.600+0000] {dag.py:3441} INFO - Setting next_dagrun for example_short_circuit_decorator to 2023-11-09T22:47:29.600452+00:00, run_after=2023-11-10T22:47:29.600452+00:00
[2023-11-10T22:47:29.610+0000] {processor.py:175} INFO - Processing /home/airflow/.local/lib/python3.7/site-packages/airflow/example_dags/example_short_circuit_decorator.py took 0.053 seconds
