[2023-11-10T00:36:33.716+0000] {processor.py:153} INFO - Started process (PID=94085) to work on /home/airflow/.local/lib/python3.7/site-packages/airflow/example_dags/example_complex.py
[2023-11-10T00:36:33.721+0000] {processor.py:743} INFO - Processing file /home/airflow/.local/lib/python3.7/site-packages/airflow/example_dags/example_complex.py for tasks to queue
[2023-11-10T00:36:33.727+0000] {logging_mixin.py:137} INFO - [2023-11-10T00:36:33.727+0000] {dagbag.py:538} INFO - Filling up the DagBag from /home/airflow/.local/lib/python3.7/site-packages/airflow/example_dags/example_complex.py
[2023-11-10T00:36:33.744+0000] {logging_mixin.py:137} INFO - [2023-11-10T00:36:33.744+0000] {taskmixin.py:205} WARNING - Dependency <Task(BashOperator): create_entry_group>, delete_entry_group already registered for DAG: example_complex
[2023-11-10T00:36:33.745+0000] {logging_mixin.py:137} INFO - [2023-11-10T00:36:33.745+0000] {taskmixin.py:205} WARNING - Dependency <Task(BashOperator): delete_entry_group>, create_entry_group already registered for DAG: example_complex
[2023-11-10T00:36:33.746+0000] {logging_mixin.py:137} INFO - [2023-11-10T00:36:33.746+0000] {taskmixin.py:205} WARNING - Dependency <Task(BashOperator): create_entry_gcs>, delete_entry already registered for DAG: example_complex
[2023-11-10T00:36:33.747+0000] {logging_mixin.py:137} INFO - [2023-11-10T00:36:33.747+0000] {taskmixin.py:205} WARNING - Dependency <Task(BashOperator): delete_entry>, create_entry_gcs already registered for DAG: example_complex
[2023-11-10T00:36:33.748+0000] {logging_mixin.py:137} INFO - [2023-11-10T00:36:33.748+0000] {taskmixin.py:205} WARNING - Dependency <Task(BashOperator): create_tag>, delete_tag already registered for DAG: example_complex
[2023-11-10T00:36:33.749+0000] {logging_mixin.py:137} INFO - [2023-11-10T00:36:33.749+0000] {taskmixin.py:205} WARNING - Dependency <Task(BashOperator): delete_tag>, create_tag already registered for DAG: example_complex
[2023-11-10T00:36:33.769+0000] {processor.py:753} INFO - DAG(s) dict_keys(['example_complex']) retrieved from /home/airflow/.local/lib/python3.7/site-packages/airflow/example_dags/example_complex.py
[2023-11-10T00:36:33.811+0000] {logging_mixin.py:137} INFO - [2023-11-10T00:36:33.811+0000] {dag.py:2690} INFO - Sync 1 DAGs
[2023-11-10T00:36:33.846+0000] {logging_mixin.py:137} INFO - [2023-11-10T00:36:33.846+0000] {dag.py:3441} INFO - Setting next_dagrun for example_complex to None, run_after=None
[2023-11-10T00:36:33.867+0000] {processor.py:175} INFO - Processing /home/airflow/.local/lib/python3.7/site-packages/airflow/example_dags/example_complex.py took 0.160 seconds
[2023-11-10T01:57:55.369+0000] {processor.py:153} INFO - Started process (PID=94171) to work on /home/airflow/.local/lib/python3.7/site-packages/airflow/example_dags/example_complex.py
[2023-11-10T01:57:55.370+0000] {processor.py:743} INFO - Processing file /home/airflow/.local/lib/python3.7/site-packages/airflow/example_dags/example_complex.py for tasks to queue
[2023-11-10T01:57:55.370+0000] {logging_mixin.py:137} INFO - [2023-11-10T01:57:55.370+0000] {dagbag.py:538} INFO - Filling up the DagBag from /home/airflow/.local/lib/python3.7/site-packages/airflow/example_dags/example_complex.py
[2023-11-10T01:57:55.382+0000] {logging_mixin.py:137} INFO - [2023-11-10T01:57:55.381+0000] {taskmixin.py:205} WARNING - Dependency <Task(BashOperator): create_entry_group>, delete_entry_group already registered for DAG: example_complex
[2023-11-10T01:57:55.382+0000] {logging_mixin.py:137} INFO - [2023-11-10T01:57:55.382+0000] {taskmixin.py:205} WARNING - Dependency <Task(BashOperator): delete_entry_group>, create_entry_group already registered for DAG: example_complex
[2023-11-10T01:57:55.382+0000] {logging_mixin.py:137} INFO - [2023-11-10T01:57:55.382+0000] {taskmixin.py:205} WARNING - Dependency <Task(BashOperator): create_entry_gcs>, delete_entry already registered for DAG: example_complex
[2023-11-10T01:57:55.383+0000] {logging_mixin.py:137} INFO - [2023-11-10T01:57:55.383+0000] {taskmixin.py:205} WARNING - Dependency <Task(BashOperator): delete_entry>, create_entry_gcs already registered for DAG: example_complex
[2023-11-10T01:57:55.383+0000] {logging_mixin.py:137} INFO - [2023-11-10T01:57:55.383+0000] {taskmixin.py:205} WARNING - Dependency <Task(BashOperator): create_tag>, delete_tag already registered for DAG: example_complex
[2023-11-10T01:57:55.383+0000] {logging_mixin.py:137} INFO - [2023-11-10T01:57:55.383+0000] {taskmixin.py:205} WARNING - Dependency <Task(BashOperator): delete_tag>, create_tag already registered for DAG: example_complex
[2023-11-10T01:57:55.392+0000] {processor.py:753} INFO - DAG(s) dict_keys(['example_complex']) retrieved from /home/airflow/.local/lib/python3.7/site-packages/airflow/example_dags/example_complex.py
[2023-11-10T01:57:55.412+0000] {logging_mixin.py:137} INFO - [2023-11-10T01:57:55.412+0000] {dag.py:2690} INFO - Sync 1 DAGs
[2023-11-10T01:57:55.425+0000] {logging_mixin.py:137} INFO - [2023-11-10T01:57:55.425+0000] {dag.py:3441} INFO - Setting next_dagrun for example_complex to None, run_after=None
[2023-11-10T01:57:55.436+0000] {processor.py:175} INFO - Processing /home/airflow/.local/lib/python3.7/site-packages/airflow/example_dags/example_complex.py took 0.070 seconds
[2023-11-10T03:20:25.304+0000] {processor.py:153} INFO - Started process (PID=94267) to work on /home/airflow/.local/lib/python3.7/site-packages/airflow/example_dags/example_complex.py
[2023-11-10T03:20:25.304+0000] {processor.py:743} INFO - Processing file /home/airflow/.local/lib/python3.7/site-packages/airflow/example_dags/example_complex.py for tasks to queue
[2023-11-10T03:20:25.305+0000] {logging_mixin.py:137} INFO - [2023-11-10T03:20:25.305+0000] {dagbag.py:538} INFO - Filling up the DagBag from /home/airflow/.local/lib/python3.7/site-packages/airflow/example_dags/example_complex.py
[2023-11-10T03:20:25.315+0000] {logging_mixin.py:137} INFO - [2023-11-10T03:20:25.315+0000] {taskmixin.py:205} WARNING - Dependency <Task(BashOperator): create_entry_group>, delete_entry_group already registered for DAG: example_complex
[2023-11-10T03:20:25.315+0000] {logging_mixin.py:137} INFO - [2023-11-10T03:20:25.315+0000] {taskmixin.py:205} WARNING - Dependency <Task(BashOperator): delete_entry_group>, create_entry_group already registered for DAG: example_complex
[2023-11-10T03:20:25.315+0000] {logging_mixin.py:137} INFO - [2023-11-10T03:20:25.315+0000] {taskmixin.py:205} WARNING - Dependency <Task(BashOperator): create_entry_gcs>, delete_entry already registered for DAG: example_complex
[2023-11-10T03:20:25.316+0000] {logging_mixin.py:137} INFO - [2023-11-10T03:20:25.316+0000] {taskmixin.py:205} WARNING - Dependency <Task(BashOperator): delete_entry>, create_entry_gcs already registered for DAG: example_complex
[2023-11-10T03:20:25.316+0000] {logging_mixin.py:137} INFO - [2023-11-10T03:20:25.316+0000] {taskmixin.py:205} WARNING - Dependency <Task(BashOperator): create_tag>, delete_tag already registered for DAG: example_complex
[2023-11-10T03:20:25.316+0000] {logging_mixin.py:137} INFO - [2023-11-10T03:20:25.316+0000] {taskmixin.py:205} WARNING - Dependency <Task(BashOperator): delete_tag>, create_tag already registered for DAG: example_complex
[2023-11-10T03:20:25.323+0000] {processor.py:753} INFO - DAG(s) dict_keys(['example_complex']) retrieved from /home/airflow/.local/lib/python3.7/site-packages/airflow/example_dags/example_complex.py
[2023-11-10T03:20:25.343+0000] {logging_mixin.py:137} INFO - [2023-11-10T03:20:25.343+0000] {dag.py:2690} INFO - Sync 1 DAGs
[2023-11-10T03:20:25.356+0000] {logging_mixin.py:137} INFO - [2023-11-10T03:20:25.356+0000] {dag.py:3441} INFO - Setting next_dagrun for example_complex to None, run_after=None
[2023-11-10T03:20:25.365+0000] {processor.py:175} INFO - Processing /home/airflow/.local/lib/python3.7/site-packages/airflow/example_dags/example_complex.py took 0.063 seconds
[2023-11-10T04:43:05.235+0000] {processor.py:153} INFO - Started process (PID=94344) to work on /home/airflow/.local/lib/python3.7/site-packages/airflow/example_dags/example_complex.py
[2023-11-10T04:43:05.236+0000] {processor.py:743} INFO - Processing file /home/airflow/.local/lib/python3.7/site-packages/airflow/example_dags/example_complex.py for tasks to queue
[2023-11-10T04:43:05.236+0000] {logging_mixin.py:137} INFO - [2023-11-10T04:43:05.236+0000] {dagbag.py:538} INFO - Filling up the DagBag from /home/airflow/.local/lib/python3.7/site-packages/airflow/example_dags/example_complex.py
[2023-11-10T04:43:05.243+0000] {logging_mixin.py:137} INFO - [2023-11-10T04:43:05.243+0000] {taskmixin.py:205} WARNING - Dependency <Task(BashOperator): create_entry_group>, delete_entry_group already registered for DAG: example_complex
[2023-11-10T04:43:05.243+0000] {logging_mixin.py:137} INFO - [2023-11-10T04:43:05.243+0000] {taskmixin.py:205} WARNING - Dependency <Task(BashOperator): delete_entry_group>, create_entry_group already registered for DAG: example_complex
[2023-11-10T04:43:05.243+0000] {logging_mixin.py:137} INFO - [2023-11-10T04:43:05.243+0000] {taskmixin.py:205} WARNING - Dependency <Task(BashOperator): create_entry_gcs>, delete_entry already registered for DAG: example_complex
[2023-11-10T04:43:05.244+0000] {logging_mixin.py:137} INFO - [2023-11-10T04:43:05.244+0000] {taskmixin.py:205} WARNING - Dependency <Task(BashOperator): delete_entry>, create_entry_gcs already registered for DAG: example_complex
[2023-11-10T04:43:05.244+0000] {logging_mixin.py:137} INFO - [2023-11-10T04:43:05.244+0000] {taskmixin.py:205} WARNING - Dependency <Task(BashOperator): create_tag>, delete_tag already registered for DAG: example_complex
[2023-11-10T04:43:05.244+0000] {logging_mixin.py:137} INFO - [2023-11-10T04:43:05.244+0000] {taskmixin.py:205} WARNING - Dependency <Task(BashOperator): delete_tag>, create_tag already registered for DAG: example_complex
[2023-11-10T04:43:05.249+0000] {processor.py:753} INFO - DAG(s) dict_keys(['example_complex']) retrieved from /home/airflow/.local/lib/python3.7/site-packages/airflow/example_dags/example_complex.py
[2023-11-10T04:43:05.273+0000] {logging_mixin.py:137} INFO - [2023-11-10T04:43:05.273+0000] {dag.py:2690} INFO - Sync 1 DAGs
[2023-11-10T04:43:05.310+0000] {logging_mixin.py:137} INFO - [2023-11-10T04:43:05.309+0000] {dag.py:3441} INFO - Setting next_dagrun for example_complex to None, run_after=None
[2023-11-10T04:43:05.347+0000] {processor.py:175} INFO - Processing /home/airflow/.local/lib/python3.7/site-packages/airflow/example_dags/example_complex.py took 0.113 seconds
[2023-11-10T05:49:38.056+0000] {processor.py:153} INFO - Started process (PID=94439) to work on /home/airflow/.local/lib/python3.7/site-packages/airflow/example_dags/example_complex.py
[2023-11-10T05:49:38.057+0000] {processor.py:743} INFO - Processing file /home/airflow/.local/lib/python3.7/site-packages/airflow/example_dags/example_complex.py for tasks to queue
[2023-11-10T05:49:38.057+0000] {logging_mixin.py:137} INFO - [2023-11-10T05:49:38.057+0000] {dagbag.py:538} INFO - Filling up the DagBag from /home/airflow/.local/lib/python3.7/site-packages/airflow/example_dags/example_complex.py
[2023-11-10T05:49:38.063+0000] {logging_mixin.py:137} INFO - [2023-11-10T05:49:38.063+0000] {taskmixin.py:205} WARNING - Dependency <Task(BashOperator): create_entry_group>, delete_entry_group already registered for DAG: example_complex
[2023-11-10T05:49:38.064+0000] {logging_mixin.py:137} INFO - [2023-11-10T05:49:38.064+0000] {taskmixin.py:205} WARNING - Dependency <Task(BashOperator): delete_entry_group>, create_entry_group already registered for DAG: example_complex
[2023-11-10T05:49:38.064+0000] {logging_mixin.py:137} INFO - [2023-11-10T05:49:38.064+0000] {taskmixin.py:205} WARNING - Dependency <Task(BashOperator): create_entry_gcs>, delete_entry already registered for DAG: example_complex
[2023-11-10T05:49:38.064+0000] {logging_mixin.py:137} INFO - [2023-11-10T05:49:38.064+0000] {taskmixin.py:205} WARNING - Dependency <Task(BashOperator): delete_entry>, create_entry_gcs already registered for DAG: example_complex
[2023-11-10T05:49:38.064+0000] {logging_mixin.py:137} INFO - [2023-11-10T05:49:38.064+0000] {taskmixin.py:205} WARNING - Dependency <Task(BashOperator): create_tag>, delete_tag already registered for DAG: example_complex
[2023-11-10T05:49:38.064+0000] {logging_mixin.py:137} INFO - [2023-11-10T05:49:38.064+0000] {taskmixin.py:205} WARNING - Dependency <Task(BashOperator): delete_tag>, create_tag already registered for DAG: example_complex
[2023-11-10T05:49:38.069+0000] {processor.py:753} INFO - DAG(s) dict_keys(['example_complex']) retrieved from /home/airflow/.local/lib/python3.7/site-packages/airflow/example_dags/example_complex.py
[2023-11-10T05:49:38.085+0000] {logging_mixin.py:137} INFO - [2023-11-10T05:49:38.085+0000] {dag.py:2690} INFO - Sync 1 DAGs
[2023-11-10T05:49:38.097+0000] {logging_mixin.py:137} INFO - [2023-11-10T05:49:38.097+0000] {dag.py:3441} INFO - Setting next_dagrun for example_complex to None, run_after=None
[2023-11-10T05:49:38.105+0000] {processor.py:175} INFO - Processing /home/airflow/.local/lib/python3.7/site-packages/airflow/example_dags/example_complex.py took 0.050 seconds
[2023-11-10T07:09:16.575+0000] {processor.py:153} INFO - Started process (PID=94534) to work on /home/airflow/.local/lib/python3.7/site-packages/airflow/example_dags/example_complex.py
[2023-11-10T07:09:16.577+0000] {processor.py:743} INFO - Processing file /home/airflow/.local/lib/python3.7/site-packages/airflow/example_dags/example_complex.py for tasks to queue
[2023-11-10T07:09:16.577+0000] {logging_mixin.py:137} INFO - [2023-11-10T07:09:16.577+0000] {dagbag.py:538} INFO - Filling up the DagBag from /home/airflow/.local/lib/python3.7/site-packages/airflow/example_dags/example_complex.py
[2023-11-10T07:09:16.585+0000] {logging_mixin.py:137} INFO - [2023-11-10T07:09:16.585+0000] {taskmixin.py:205} WARNING - Dependency <Task(BashOperator): create_entry_group>, delete_entry_group already registered for DAG: example_complex
[2023-11-10T07:09:16.586+0000] {logging_mixin.py:137} INFO - [2023-11-10T07:09:16.586+0000] {taskmixin.py:205} WARNING - Dependency <Task(BashOperator): delete_entry_group>, create_entry_group already registered for DAG: example_complex
[2023-11-10T07:09:16.587+0000] {logging_mixin.py:137} INFO - [2023-11-10T07:09:16.587+0000] {taskmixin.py:205} WARNING - Dependency <Task(BashOperator): create_entry_gcs>, delete_entry already registered for DAG: example_complex
[2023-11-10T07:09:16.587+0000] {logging_mixin.py:137} INFO - [2023-11-10T07:09:16.587+0000] {taskmixin.py:205} WARNING - Dependency <Task(BashOperator): delete_entry>, create_entry_gcs already registered for DAG: example_complex
[2023-11-10T07:09:16.588+0000] {logging_mixin.py:137} INFO - [2023-11-10T07:09:16.588+0000] {taskmixin.py:205} WARNING - Dependency <Task(BashOperator): create_tag>, delete_tag already registered for DAG: example_complex
[2023-11-10T07:09:16.588+0000] {logging_mixin.py:137} INFO - [2023-11-10T07:09:16.588+0000] {taskmixin.py:205} WARNING - Dependency <Task(BashOperator): delete_tag>, create_tag already registered for DAG: example_complex
[2023-11-10T07:09:16.594+0000] {processor.py:753} INFO - DAG(s) dict_keys(['example_complex']) retrieved from /home/airflow/.local/lib/python3.7/site-packages/airflow/example_dags/example_complex.py
[2023-11-10T07:09:16.614+0000] {logging_mixin.py:137} INFO - [2023-11-10T07:09:16.614+0000] {dag.py:2690} INFO - Sync 1 DAGs
[2023-11-10T07:09:16.631+0000] {logging_mixin.py:137} INFO - [2023-11-10T07:09:16.631+0000] {dag.py:3441} INFO - Setting next_dagrun for example_complex to None, run_after=None
[2023-11-10T07:09:16.645+0000] {processor.py:175} INFO - Processing /home/airflow/.local/lib/python3.7/site-packages/airflow/example_dags/example_complex.py took 0.072 seconds
[2023-11-10T08:31:04.432+0000] {processor.py:153} INFO - Started process (PID=94611) to work on /home/airflow/.local/lib/python3.7/site-packages/airflow/example_dags/example_complex.py
[2023-11-10T08:31:04.432+0000] {processor.py:743} INFO - Processing file /home/airflow/.local/lib/python3.7/site-packages/airflow/example_dags/example_complex.py for tasks to queue
[2023-11-10T08:31:04.433+0000] {logging_mixin.py:137} INFO - [2023-11-10T08:31:04.433+0000] {dagbag.py:538} INFO - Filling up the DagBag from /home/airflow/.local/lib/python3.7/site-packages/airflow/example_dags/example_complex.py
[2023-11-10T08:31:04.439+0000] {logging_mixin.py:137} INFO - [2023-11-10T08:31:04.439+0000] {taskmixin.py:205} WARNING - Dependency <Task(BashOperator): create_entry_group>, delete_entry_group already registered for DAG: example_complex
[2023-11-10T08:31:04.439+0000] {logging_mixin.py:137} INFO - [2023-11-10T08:31:04.439+0000] {taskmixin.py:205} WARNING - Dependency <Task(BashOperator): delete_entry_group>, create_entry_group already registered for DAG: example_complex
[2023-11-10T08:31:04.439+0000] {logging_mixin.py:137} INFO - [2023-11-10T08:31:04.439+0000] {taskmixin.py:205} WARNING - Dependency <Task(BashOperator): create_entry_gcs>, delete_entry already registered for DAG: example_complex
[2023-11-10T08:31:04.439+0000] {logging_mixin.py:137} INFO - [2023-11-10T08:31:04.439+0000] {taskmixin.py:205} WARNING - Dependency <Task(BashOperator): delete_entry>, create_entry_gcs already registered for DAG: example_complex
[2023-11-10T08:31:04.440+0000] {logging_mixin.py:137} INFO - [2023-11-10T08:31:04.440+0000] {taskmixin.py:205} WARNING - Dependency <Task(BashOperator): create_tag>, delete_tag already registered for DAG: example_complex
[2023-11-10T08:31:04.440+0000] {logging_mixin.py:137} INFO - [2023-11-10T08:31:04.440+0000] {taskmixin.py:205} WARNING - Dependency <Task(BashOperator): delete_tag>, create_tag already registered for DAG: example_complex
[2023-11-10T08:31:04.445+0000] {processor.py:753} INFO - DAG(s) dict_keys(['example_complex']) retrieved from /home/airflow/.local/lib/python3.7/site-packages/airflow/example_dags/example_complex.py
[2023-11-10T08:31:04.461+0000] {logging_mixin.py:137} INFO - [2023-11-10T08:31:04.461+0000] {dag.py:2690} INFO - Sync 1 DAGs
[2023-11-10T08:31:04.473+0000] {logging_mixin.py:137} INFO - [2023-11-10T08:31:04.473+0000] {dag.py:3441} INFO - Setting next_dagrun for example_complex to None, run_after=None
[2023-11-10T08:31:04.482+0000] {processor.py:175} INFO - Processing /home/airflow/.local/lib/python3.7/site-packages/airflow/example_dags/example_complex.py took 0.052 seconds
[2023-11-10T09:54:27.005+0000] {processor.py:153} INFO - Started process (PID=94705) to work on /home/airflow/.local/lib/python3.7/site-packages/airflow/example_dags/example_complex.py
[2023-11-10T09:54:27.006+0000] {processor.py:743} INFO - Processing file /home/airflow/.local/lib/python3.7/site-packages/airflow/example_dags/example_complex.py for tasks to queue
[2023-11-10T09:54:27.007+0000] {logging_mixin.py:137} INFO - [2023-11-10T09:54:27.007+0000] {dagbag.py:538} INFO - Filling up the DagBag from /home/airflow/.local/lib/python3.7/site-packages/airflow/example_dags/example_complex.py
[2023-11-10T09:54:27.015+0000] {logging_mixin.py:137} INFO - [2023-11-10T09:54:27.015+0000] {taskmixin.py:205} WARNING - Dependency <Task(BashOperator): create_entry_group>, delete_entry_group already registered for DAG: example_complex
[2023-11-10T09:54:27.015+0000] {logging_mixin.py:137} INFO - [2023-11-10T09:54:27.015+0000] {taskmixin.py:205} WARNING - Dependency <Task(BashOperator): delete_entry_group>, create_entry_group already registered for DAG: example_complex
[2023-11-10T09:54:27.016+0000] {logging_mixin.py:137} INFO - [2023-11-10T09:54:27.015+0000] {taskmixin.py:205} WARNING - Dependency <Task(BashOperator): create_entry_gcs>, delete_entry already registered for DAG: example_complex
[2023-11-10T09:54:27.016+0000] {logging_mixin.py:137} INFO - [2023-11-10T09:54:27.016+0000] {taskmixin.py:205} WARNING - Dependency <Task(BashOperator): delete_entry>, create_entry_gcs already registered for DAG: example_complex
[2023-11-10T09:54:27.017+0000] {logging_mixin.py:137} INFO - [2023-11-10T09:54:27.016+0000] {taskmixin.py:205} WARNING - Dependency <Task(BashOperator): create_tag>, delete_tag already registered for DAG: example_complex
[2023-11-10T09:54:27.017+0000] {logging_mixin.py:137} INFO - [2023-11-10T09:54:27.017+0000] {taskmixin.py:205} WARNING - Dependency <Task(BashOperator): delete_tag>, create_tag already registered for DAG: example_complex
[2023-11-10T09:54:27.023+0000] {processor.py:753} INFO - DAG(s) dict_keys(['example_complex']) retrieved from /home/airflow/.local/lib/python3.7/site-packages/airflow/example_dags/example_complex.py
[2023-11-10T09:54:27.041+0000] {logging_mixin.py:137} INFO - [2023-11-10T09:54:27.041+0000] {dag.py:2690} INFO - Sync 1 DAGs
[2023-11-10T09:54:27.054+0000] {logging_mixin.py:137} INFO - [2023-11-10T09:54:27.054+0000] {dag.py:3441} INFO - Setting next_dagrun for example_complex to None, run_after=None
[2023-11-10T09:54:27.063+0000] {processor.py:175} INFO - Processing /home/airflow/.local/lib/python3.7/site-packages/airflow/example_dags/example_complex.py took 0.060 seconds
[2023-11-10T11:19:40.062+0000] {processor.py:153} INFO - Started process (PID=94800) to work on /home/airflow/.local/lib/python3.7/site-packages/airflow/example_dags/example_complex.py
[2023-11-10T11:19:40.063+0000] {processor.py:743} INFO - Processing file /home/airflow/.local/lib/python3.7/site-packages/airflow/example_dags/example_complex.py for tasks to queue
[2023-11-10T11:19:40.064+0000] {logging_mixin.py:137} INFO - [2023-11-10T11:19:40.064+0000] {dagbag.py:538} INFO - Filling up the DagBag from /home/airflow/.local/lib/python3.7/site-packages/airflow/example_dags/example_complex.py
[2023-11-10T11:19:40.072+0000] {logging_mixin.py:137} INFO - [2023-11-10T11:19:40.072+0000] {taskmixin.py:205} WARNING - Dependency <Task(BashOperator): create_entry_group>, delete_entry_group already registered for DAG: example_complex
[2023-11-10T11:19:40.073+0000] {logging_mixin.py:137} INFO - [2023-11-10T11:19:40.072+0000] {taskmixin.py:205} WARNING - Dependency <Task(BashOperator): delete_entry_group>, create_entry_group already registered for DAG: example_complex
[2023-11-10T11:19:40.073+0000] {logging_mixin.py:137} INFO - [2023-11-10T11:19:40.073+0000] {taskmixin.py:205} WARNING - Dependency <Task(BashOperator): create_entry_gcs>, delete_entry already registered for DAG: example_complex
[2023-11-10T11:19:40.073+0000] {logging_mixin.py:137} INFO - [2023-11-10T11:19:40.073+0000] {taskmixin.py:205} WARNING - Dependency <Task(BashOperator): delete_entry>, create_entry_gcs already registered for DAG: example_complex
[2023-11-10T11:19:40.074+0000] {logging_mixin.py:137} INFO - [2023-11-10T11:19:40.073+0000] {taskmixin.py:205} WARNING - Dependency <Task(BashOperator): create_tag>, delete_tag already registered for DAG: example_complex
[2023-11-10T11:19:40.074+0000] {logging_mixin.py:137} INFO - [2023-11-10T11:19:40.074+0000] {taskmixin.py:205} WARNING - Dependency <Task(BashOperator): delete_tag>, create_tag already registered for DAG: example_complex
[2023-11-10T11:19:40.080+0000] {processor.py:753} INFO - DAG(s) dict_keys(['example_complex']) retrieved from /home/airflow/.local/lib/python3.7/site-packages/airflow/example_dags/example_complex.py
[2023-11-10T11:19:40.101+0000] {logging_mixin.py:137} INFO - [2023-11-10T11:19:40.101+0000] {dag.py:2690} INFO - Sync 1 DAGs
[2023-11-10T11:19:40.115+0000] {logging_mixin.py:137} INFO - [2023-11-10T11:19:40.115+0000] {dag.py:3441} INFO - Setting next_dagrun for example_complex to None, run_after=None
[2023-11-10T11:19:40.123+0000] {processor.py:175} INFO - Processing /home/airflow/.local/lib/python3.7/site-packages/airflow/example_dags/example_complex.py took 0.064 seconds
[2023-11-10T12:32:34.706+0000] {processor.py:153} INFO - Started process (PID=94877) to work on /home/airflow/.local/lib/python3.7/site-packages/airflow/example_dags/example_complex.py
[2023-11-10T12:32:34.707+0000] {processor.py:743} INFO - Processing file /home/airflow/.local/lib/python3.7/site-packages/airflow/example_dags/example_complex.py for tasks to queue
[2023-11-10T12:32:34.708+0000] {logging_mixin.py:137} INFO - [2023-11-10T12:32:34.708+0000] {dagbag.py:538} INFO - Filling up the DagBag from /home/airflow/.local/lib/python3.7/site-packages/airflow/example_dags/example_complex.py
[2023-11-10T12:32:34.716+0000] {logging_mixin.py:137} INFO - [2023-11-10T12:32:34.716+0000] {taskmixin.py:205} WARNING - Dependency <Task(BashOperator): create_entry_group>, delete_entry_group already registered for DAG: example_complex
[2023-11-10T12:32:34.717+0000] {logging_mixin.py:137} INFO - [2023-11-10T12:32:34.717+0000] {taskmixin.py:205} WARNING - Dependency <Task(BashOperator): delete_entry_group>, create_entry_group already registered for DAG: example_complex
[2023-11-10T12:32:34.717+0000] {logging_mixin.py:137} INFO - [2023-11-10T12:32:34.717+0000] {taskmixin.py:205} WARNING - Dependency <Task(BashOperator): create_entry_gcs>, delete_entry already registered for DAG: example_complex
[2023-11-10T12:32:34.717+0000] {logging_mixin.py:137} INFO - [2023-11-10T12:32:34.717+0000] {taskmixin.py:205} WARNING - Dependency <Task(BashOperator): delete_entry>, create_entry_gcs already registered for DAG: example_complex
[2023-11-10T12:32:34.718+0000] {logging_mixin.py:137} INFO - [2023-11-10T12:32:34.718+0000] {taskmixin.py:205} WARNING - Dependency <Task(BashOperator): create_tag>, delete_tag already registered for DAG: example_complex
[2023-11-10T12:32:34.718+0000] {logging_mixin.py:137} INFO - [2023-11-10T12:32:34.718+0000] {taskmixin.py:205} WARNING - Dependency <Task(BashOperator): delete_tag>, create_tag already registered for DAG: example_complex
[2023-11-10T12:32:34.725+0000] {processor.py:753} INFO - DAG(s) dict_keys(['example_complex']) retrieved from /home/airflow/.local/lib/python3.7/site-packages/airflow/example_dags/example_complex.py
[2023-11-10T12:32:34.764+0000] {logging_mixin.py:137} INFO - [2023-11-10T12:32:34.764+0000] {dag.py:2690} INFO - Sync 1 DAGs
[2023-11-10T12:32:34.793+0000] {logging_mixin.py:137} INFO - [2023-11-10T12:32:34.793+0000] {dag.py:3441} INFO - Setting next_dagrun for example_complex to None, run_after=None
[2023-11-10T12:32:34.816+0000] {processor.py:175} INFO - Processing /home/airflow/.local/lib/python3.7/site-packages/airflow/example_dags/example_complex.py took 0.114 seconds
[2023-11-10T13:38:03.606+0000] {processor.py:153} INFO - Started process (PID=94972) to work on /home/airflow/.local/lib/python3.7/site-packages/airflow/example_dags/example_complex.py
[2023-11-10T13:38:03.607+0000] {processor.py:743} INFO - Processing file /home/airflow/.local/lib/python3.7/site-packages/airflow/example_dags/example_complex.py for tasks to queue
[2023-11-10T13:38:03.607+0000] {logging_mixin.py:137} INFO - [2023-11-10T13:38:03.607+0000] {dagbag.py:538} INFO - Filling up the DagBag from /home/airflow/.local/lib/python3.7/site-packages/airflow/example_dags/example_complex.py
[2023-11-10T13:38:03.614+0000] {logging_mixin.py:137} INFO - [2023-11-10T13:38:03.614+0000] {taskmixin.py:205} WARNING - Dependency <Task(BashOperator): create_entry_group>, delete_entry_group already registered for DAG: example_complex
[2023-11-10T13:38:03.614+0000] {logging_mixin.py:137} INFO - [2023-11-10T13:38:03.614+0000] {taskmixin.py:205} WARNING - Dependency <Task(BashOperator): delete_entry_group>, create_entry_group already registered for DAG: example_complex
[2023-11-10T13:38:03.614+0000] {logging_mixin.py:137} INFO - [2023-11-10T13:38:03.614+0000] {taskmixin.py:205} WARNING - Dependency <Task(BashOperator): create_entry_gcs>, delete_entry already registered for DAG: example_complex
[2023-11-10T13:38:03.615+0000] {logging_mixin.py:137} INFO - [2023-11-10T13:38:03.615+0000] {taskmixin.py:205} WARNING - Dependency <Task(BashOperator): delete_entry>, create_entry_gcs already registered for DAG: example_complex
[2023-11-10T13:38:03.615+0000] {logging_mixin.py:137} INFO - [2023-11-10T13:38:03.615+0000] {taskmixin.py:205} WARNING - Dependency <Task(BashOperator): create_tag>, delete_tag already registered for DAG: example_complex
[2023-11-10T13:38:03.615+0000] {logging_mixin.py:137} INFO - [2023-11-10T13:38:03.615+0000] {taskmixin.py:205} WARNING - Dependency <Task(BashOperator): delete_tag>, create_tag already registered for DAG: example_complex
[2023-11-10T13:38:03.620+0000] {processor.py:753} INFO - DAG(s) dict_keys(['example_complex']) retrieved from /home/airflow/.local/lib/python3.7/site-packages/airflow/example_dags/example_complex.py
[2023-11-10T13:38:03.637+0000] {logging_mixin.py:137} INFO - [2023-11-10T13:38:03.637+0000] {dag.py:2690} INFO - Sync 1 DAGs
[2023-11-10T13:38:03.648+0000] {logging_mixin.py:137} INFO - [2023-11-10T13:38:03.648+0000] {dag.py:3441} INFO - Setting next_dagrun for example_complex to None, run_after=None
[2023-11-10T13:38:03.656+0000] {processor.py:175} INFO - Processing /home/airflow/.local/lib/python3.7/site-packages/airflow/example_dags/example_complex.py took 0.052 seconds
[2023-11-10T14:52:22.056+0000] {processor.py:153} INFO - Started process (PID=95067) to work on /home/airflow/.local/lib/python3.7/site-packages/airflow/example_dags/example_complex.py
[2023-11-10T14:52:22.057+0000] {processor.py:743} INFO - Processing file /home/airflow/.local/lib/python3.7/site-packages/airflow/example_dags/example_complex.py for tasks to queue
[2023-11-10T14:52:22.057+0000] {logging_mixin.py:137} INFO - [2023-11-10T14:52:22.057+0000] {dagbag.py:538} INFO - Filling up the DagBag from /home/airflow/.local/lib/python3.7/site-packages/airflow/example_dags/example_complex.py
[2023-11-10T14:52:22.064+0000] {logging_mixin.py:137} INFO - [2023-11-10T14:52:22.064+0000] {taskmixin.py:205} WARNING - Dependency <Task(BashOperator): create_entry_group>, delete_entry_group already registered for DAG: example_complex
[2023-11-10T14:52:22.065+0000] {logging_mixin.py:137} INFO - [2023-11-10T14:52:22.065+0000] {taskmixin.py:205} WARNING - Dependency <Task(BashOperator): delete_entry_group>, create_entry_group already registered for DAG: example_complex
[2023-11-10T14:52:22.065+0000] {logging_mixin.py:137} INFO - [2023-11-10T14:52:22.065+0000] {taskmixin.py:205} WARNING - Dependency <Task(BashOperator): create_entry_gcs>, delete_entry already registered for DAG: example_complex
[2023-11-10T14:52:22.065+0000] {logging_mixin.py:137} INFO - [2023-11-10T14:52:22.065+0000] {taskmixin.py:205} WARNING - Dependency <Task(BashOperator): delete_entry>, create_entry_gcs already registered for DAG: example_complex
[2023-11-10T14:52:22.066+0000] {logging_mixin.py:137} INFO - [2023-11-10T14:52:22.066+0000] {taskmixin.py:205} WARNING - Dependency <Task(BashOperator): create_tag>, delete_tag already registered for DAG: example_complex
[2023-11-10T14:52:22.066+0000] {logging_mixin.py:137} INFO - [2023-11-10T14:52:22.066+0000] {taskmixin.py:205} WARNING - Dependency <Task(BashOperator): delete_tag>, create_tag already registered for DAG: example_complex
[2023-11-10T14:52:22.072+0000] {processor.py:753} INFO - DAG(s) dict_keys(['example_complex']) retrieved from /home/airflow/.local/lib/python3.7/site-packages/airflow/example_dags/example_complex.py
[2023-11-10T14:52:22.089+0000] {logging_mixin.py:137} INFO - [2023-11-10T14:52:22.089+0000] {dag.py:2690} INFO - Sync 1 DAGs
[2023-11-10T14:52:22.102+0000] {logging_mixin.py:137} INFO - [2023-11-10T14:52:22.102+0000] {dag.py:3441} INFO - Setting next_dagrun for example_complex to None, run_after=None
[2023-11-10T14:52:22.111+0000] {processor.py:175} INFO - Processing /home/airflow/.local/lib/python3.7/site-packages/airflow/example_dags/example_complex.py took 0.056 seconds
[2023-11-10T16:15:13.069+0000] {processor.py:153} INFO - Started process (PID=95144) to work on /home/airflow/.local/lib/python3.7/site-packages/airflow/example_dags/example_complex.py
[2023-11-10T16:15:13.070+0000] {processor.py:743} INFO - Processing file /home/airflow/.local/lib/python3.7/site-packages/airflow/example_dags/example_complex.py for tasks to queue
[2023-11-10T16:15:13.070+0000] {logging_mixin.py:137} INFO - [2023-11-10T16:15:13.070+0000] {dagbag.py:538} INFO - Filling up the DagBag from /home/airflow/.local/lib/python3.7/site-packages/airflow/example_dags/example_complex.py
[2023-11-10T16:15:13.077+0000] {logging_mixin.py:137} INFO - [2023-11-10T16:15:13.076+0000] {taskmixin.py:205} WARNING - Dependency <Task(BashOperator): create_entry_group>, delete_entry_group already registered for DAG: example_complex
[2023-11-10T16:15:13.077+0000] {logging_mixin.py:137} INFO - [2023-11-10T16:15:13.077+0000] {taskmixin.py:205} WARNING - Dependency <Task(BashOperator): delete_entry_group>, create_entry_group already registered for DAG: example_complex
[2023-11-10T16:15:13.077+0000] {logging_mixin.py:137} INFO - [2023-11-10T16:15:13.077+0000] {taskmixin.py:205} WARNING - Dependency <Task(BashOperator): create_entry_gcs>, delete_entry already registered for DAG: example_complex
[2023-11-10T16:15:13.077+0000] {logging_mixin.py:137} INFO - [2023-11-10T16:15:13.077+0000] {taskmixin.py:205} WARNING - Dependency <Task(BashOperator): delete_entry>, create_entry_gcs already registered for DAG: example_complex
[2023-11-10T16:15:13.078+0000] {logging_mixin.py:137} INFO - [2023-11-10T16:15:13.077+0000] {taskmixin.py:205} WARNING - Dependency <Task(BashOperator): create_tag>, delete_tag already registered for DAG: example_complex
[2023-11-10T16:15:13.078+0000] {logging_mixin.py:137} INFO - [2023-11-10T16:15:13.078+0000] {taskmixin.py:205} WARNING - Dependency <Task(BashOperator): delete_tag>, create_tag already registered for DAG: example_complex
[2023-11-10T16:15:13.083+0000] {processor.py:753} INFO - DAG(s) dict_keys(['example_complex']) retrieved from /home/airflow/.local/lib/python3.7/site-packages/airflow/example_dags/example_complex.py
[2023-11-10T16:15:13.099+0000] {logging_mixin.py:137} INFO - [2023-11-10T16:15:13.099+0000] {dag.py:2690} INFO - Sync 1 DAGs
[2023-11-10T16:15:13.110+0000] {logging_mixin.py:137} INFO - [2023-11-10T16:15:13.110+0000] {dag.py:3441} INFO - Setting next_dagrun for example_complex to None, run_after=None
[2023-11-10T16:15:13.118+0000] {processor.py:175} INFO - Processing /home/airflow/.local/lib/python3.7/site-packages/airflow/example_dags/example_complex.py took 0.051 seconds
[2023-11-10T17:36:20.199+0000] {processor.py:153} INFO - Started process (PID=95239) to work on /home/airflow/.local/lib/python3.7/site-packages/airflow/example_dags/example_complex.py
[2023-11-10T17:36:20.200+0000] {processor.py:743} INFO - Processing file /home/airflow/.local/lib/python3.7/site-packages/airflow/example_dags/example_complex.py for tasks to queue
[2023-11-10T17:36:20.200+0000] {logging_mixin.py:137} INFO - [2023-11-10T17:36:20.200+0000] {dagbag.py:538} INFO - Filling up the DagBag from /home/airflow/.local/lib/python3.7/site-packages/airflow/example_dags/example_complex.py
[2023-11-10T17:36:20.207+0000] {logging_mixin.py:137} INFO - [2023-11-10T17:36:20.207+0000] {taskmixin.py:205} WARNING - Dependency <Task(BashOperator): create_entry_group>, delete_entry_group already registered for DAG: example_complex
[2023-11-10T17:36:20.207+0000] {logging_mixin.py:137} INFO - [2023-11-10T17:36:20.207+0000] {taskmixin.py:205} WARNING - Dependency <Task(BashOperator): delete_entry_group>, create_entry_group already registered for DAG: example_complex
[2023-11-10T17:36:20.207+0000] {logging_mixin.py:137} INFO - [2023-11-10T17:36:20.207+0000] {taskmixin.py:205} WARNING - Dependency <Task(BashOperator): create_entry_gcs>, delete_entry already registered for DAG: example_complex
[2023-11-10T17:36:20.208+0000] {logging_mixin.py:137} INFO - [2023-11-10T17:36:20.207+0000] {taskmixin.py:205} WARNING - Dependency <Task(BashOperator): delete_entry>, create_entry_gcs already registered for DAG: example_complex
[2023-11-10T17:36:20.208+0000] {logging_mixin.py:137} INFO - [2023-11-10T17:36:20.208+0000] {taskmixin.py:205} WARNING - Dependency <Task(BashOperator): create_tag>, delete_tag already registered for DAG: example_complex
[2023-11-10T17:36:20.208+0000] {logging_mixin.py:137} INFO - [2023-11-10T17:36:20.208+0000] {taskmixin.py:205} WARNING - Dependency <Task(BashOperator): delete_tag>, create_tag already registered for DAG: example_complex
[2023-11-10T17:36:20.212+0000] {processor.py:753} INFO - DAG(s) dict_keys(['example_complex']) retrieved from /home/airflow/.local/lib/python3.7/site-packages/airflow/example_dags/example_complex.py
[2023-11-10T17:36:20.228+0000] {logging_mixin.py:137} INFO - [2023-11-10T17:36:20.228+0000] {dag.py:2690} INFO - Sync 1 DAGs
[2023-11-10T17:36:20.239+0000] {logging_mixin.py:137} INFO - [2023-11-10T17:36:20.239+0000] {dag.py:3441} INFO - Setting next_dagrun for example_complex to None, run_after=None
[2023-11-10T17:36:20.247+0000] {processor.py:175} INFO - Processing /home/airflow/.local/lib/python3.7/site-packages/airflow/example_dags/example_complex.py took 0.050 seconds
[2023-11-10T19:02:20.940+0000] {processor.py:153} INFO - Started process (PID=95334) to work on /home/airflow/.local/lib/python3.7/site-packages/airflow/example_dags/example_complex.py
[2023-11-10T19:02:20.941+0000] {processor.py:743} INFO - Processing file /home/airflow/.local/lib/python3.7/site-packages/airflow/example_dags/example_complex.py for tasks to queue
[2023-11-10T19:02:20.941+0000] {logging_mixin.py:137} INFO - [2023-11-10T19:02:20.941+0000] {dagbag.py:538} INFO - Filling up the DagBag from /home/airflow/.local/lib/python3.7/site-packages/airflow/example_dags/example_complex.py
[2023-11-10T19:02:20.947+0000] {logging_mixin.py:137} INFO - [2023-11-10T19:02:20.947+0000] {taskmixin.py:205} WARNING - Dependency <Task(BashOperator): create_entry_group>, delete_entry_group already registered for DAG: example_complex
[2023-11-10T19:02:20.948+0000] {logging_mixin.py:137} INFO - [2023-11-10T19:02:20.948+0000] {taskmixin.py:205} WARNING - Dependency <Task(BashOperator): delete_entry_group>, create_entry_group already registered for DAG: example_complex
[2023-11-10T19:02:20.948+0000] {logging_mixin.py:137} INFO - [2023-11-10T19:02:20.948+0000] {taskmixin.py:205} WARNING - Dependency <Task(BashOperator): create_entry_gcs>, delete_entry already registered for DAG: example_complex
[2023-11-10T19:02:20.948+0000] {logging_mixin.py:137} INFO - [2023-11-10T19:02:20.948+0000] {taskmixin.py:205} WARNING - Dependency <Task(BashOperator): delete_entry>, create_entry_gcs already registered for DAG: example_complex
[2023-11-10T19:02:20.948+0000] {logging_mixin.py:137} INFO - [2023-11-10T19:02:20.948+0000] {taskmixin.py:205} WARNING - Dependency <Task(BashOperator): create_tag>, delete_tag already registered for DAG: example_complex
[2023-11-10T19:02:20.948+0000] {logging_mixin.py:137} INFO - [2023-11-10T19:02:20.948+0000] {taskmixin.py:205} WARNING - Dependency <Task(BashOperator): delete_tag>, create_tag already registered for DAG: example_complex
[2023-11-10T19:02:20.953+0000] {processor.py:753} INFO - DAG(s) dict_keys(['example_complex']) retrieved from /home/airflow/.local/lib/python3.7/site-packages/airflow/example_dags/example_complex.py
[2023-11-10T19:02:20.970+0000] {logging_mixin.py:137} INFO - [2023-11-10T19:02:20.969+0000] {dag.py:2690} INFO - Sync 1 DAGs
[2023-11-10T19:02:20.982+0000] {logging_mixin.py:137} INFO - [2023-11-10T19:02:20.982+0000] {dag.py:3441} INFO - Setting next_dagrun for example_complex to None, run_after=None
[2023-11-10T19:02:20.990+0000] {processor.py:175} INFO - Processing /home/airflow/.local/lib/python3.7/site-packages/airflow/example_dags/example_complex.py took 0.052 seconds
[2023-11-10T20:25:25.500+0000] {processor.py:153} INFO - Started process (PID=95411) to work on /home/airflow/.local/lib/python3.7/site-packages/airflow/example_dags/example_complex.py
[2023-11-10T20:25:25.501+0000] {processor.py:743} INFO - Processing file /home/airflow/.local/lib/python3.7/site-packages/airflow/example_dags/example_complex.py for tasks to queue
[2023-11-10T20:25:25.501+0000] {logging_mixin.py:137} INFO - [2023-11-10T20:25:25.501+0000] {dagbag.py:538} INFO - Filling up the DagBag from /home/airflow/.local/lib/python3.7/site-packages/airflow/example_dags/example_complex.py
[2023-11-10T20:25:25.509+0000] {logging_mixin.py:137} INFO - [2023-11-10T20:25:25.509+0000] {taskmixin.py:205} WARNING - Dependency <Task(BashOperator): create_entry_group>, delete_entry_group already registered for DAG: example_complex
[2023-11-10T20:25:25.509+0000] {logging_mixin.py:137} INFO - [2023-11-10T20:25:25.509+0000] {taskmixin.py:205} WARNING - Dependency <Task(BashOperator): delete_entry_group>, create_entry_group already registered for DAG: example_complex
[2023-11-10T20:25:25.510+0000] {logging_mixin.py:137} INFO - [2023-11-10T20:25:25.510+0000] {taskmixin.py:205} WARNING - Dependency <Task(BashOperator): create_entry_gcs>, delete_entry already registered for DAG: example_complex
[2023-11-10T20:25:25.510+0000] {logging_mixin.py:137} INFO - [2023-11-10T20:25:25.510+0000] {taskmixin.py:205} WARNING - Dependency <Task(BashOperator): delete_entry>, create_entry_gcs already registered for DAG: example_complex
[2023-11-10T20:25:25.511+0000] {logging_mixin.py:137} INFO - [2023-11-10T20:25:25.510+0000] {taskmixin.py:205} WARNING - Dependency <Task(BashOperator): create_tag>, delete_tag already registered for DAG: example_complex
[2023-11-10T20:25:25.511+0000] {logging_mixin.py:137} INFO - [2023-11-10T20:25:25.511+0000] {taskmixin.py:205} WARNING - Dependency <Task(BashOperator): delete_tag>, create_tag already registered for DAG: example_complex
[2023-11-10T20:25:25.517+0000] {processor.py:753} INFO - DAG(s) dict_keys(['example_complex']) retrieved from /home/airflow/.local/lib/python3.7/site-packages/airflow/example_dags/example_complex.py
[2023-11-10T20:25:25.538+0000] {logging_mixin.py:137} INFO - [2023-11-10T20:25:25.538+0000] {dag.py:2690} INFO - Sync 1 DAGs
[2023-11-10T20:25:25.551+0000] {logging_mixin.py:137} INFO - [2023-11-10T20:25:25.551+0000] {dag.py:3441} INFO - Setting next_dagrun for example_complex to None, run_after=None
[2023-11-10T20:25:25.562+0000] {processor.py:175} INFO - Processing /home/airflow/.local/lib/python3.7/site-packages/airflow/example_dags/example_complex.py took 0.065 seconds
[2023-11-10T21:30:57.590+0000] {processor.py:153} INFO - Started process (PID=95506) to work on /home/airflow/.local/lib/python3.7/site-packages/airflow/example_dags/example_complex.py
[2023-11-10T21:30:57.591+0000] {processor.py:743} INFO - Processing file /home/airflow/.local/lib/python3.7/site-packages/airflow/example_dags/example_complex.py for tasks to queue
[2023-11-10T21:30:57.592+0000] {logging_mixin.py:137} INFO - [2023-11-10T21:30:57.592+0000] {dagbag.py:538} INFO - Filling up the DagBag from /home/airflow/.local/lib/python3.7/site-packages/airflow/example_dags/example_complex.py
[2023-11-10T21:30:57.600+0000] {logging_mixin.py:137} INFO - [2023-11-10T21:30:57.600+0000] {taskmixin.py:205} WARNING - Dependency <Task(BashOperator): create_entry_group>, delete_entry_group already registered for DAG: example_complex
[2023-11-10T21:30:57.601+0000] {logging_mixin.py:137} INFO - [2023-11-10T21:30:57.601+0000] {taskmixin.py:205} WARNING - Dependency <Task(BashOperator): delete_entry_group>, create_entry_group already registered for DAG: example_complex
[2023-11-10T21:30:57.601+0000] {logging_mixin.py:137} INFO - [2023-11-10T21:30:57.601+0000] {taskmixin.py:205} WARNING - Dependency <Task(BashOperator): create_entry_gcs>, delete_entry already registered for DAG: example_complex
[2023-11-10T21:30:57.601+0000] {logging_mixin.py:137} INFO - [2023-11-10T21:30:57.601+0000] {taskmixin.py:205} WARNING - Dependency <Task(BashOperator): delete_entry>, create_entry_gcs already registered for DAG: example_complex
[2023-11-10T21:30:57.602+0000] {logging_mixin.py:137} INFO - [2023-11-10T21:30:57.602+0000] {taskmixin.py:205} WARNING - Dependency <Task(BashOperator): create_tag>, delete_tag already registered for DAG: example_complex
[2023-11-10T21:30:57.602+0000] {logging_mixin.py:137} INFO - [2023-11-10T21:30:57.602+0000] {taskmixin.py:205} WARNING - Dependency <Task(BashOperator): delete_tag>, create_tag already registered for DAG: example_complex
[2023-11-10T21:30:57.608+0000] {processor.py:753} INFO - DAG(s) dict_keys(['example_complex']) retrieved from /home/airflow/.local/lib/python3.7/site-packages/airflow/example_dags/example_complex.py
[2023-11-10T21:30:57.631+0000] {logging_mixin.py:137} INFO - [2023-11-10T21:30:57.631+0000] {dag.py:2690} INFO - Sync 1 DAGs
[2023-11-10T21:30:57.647+0000] {logging_mixin.py:137} INFO - [2023-11-10T21:30:57.647+0000] {dag.py:3441} INFO - Setting next_dagrun for example_complex to None, run_after=None
[2023-11-10T21:30:57.659+0000] {processor.py:175} INFO - Processing /home/airflow/.local/lib/python3.7/site-packages/airflow/example_dags/example_complex.py took 0.072 seconds
[2023-11-10T22:47:28.958+0000] {processor.py:153} INFO - Started process (PID=95601) to work on /home/airflow/.local/lib/python3.7/site-packages/airflow/example_dags/example_complex.py
[2023-11-10T22:47:28.959+0000] {processor.py:743} INFO - Processing file /home/airflow/.local/lib/python3.7/site-packages/airflow/example_dags/example_complex.py for tasks to queue
[2023-11-10T22:47:28.960+0000] {logging_mixin.py:137} INFO - [2023-11-10T22:47:28.960+0000] {dagbag.py:538} INFO - Filling up the DagBag from /home/airflow/.local/lib/python3.7/site-packages/airflow/example_dags/example_complex.py
[2023-11-10T22:47:28.971+0000] {logging_mixin.py:137} INFO - [2023-11-10T22:47:28.971+0000] {taskmixin.py:205} WARNING - Dependency <Task(BashOperator): create_entry_group>, delete_entry_group already registered for DAG: example_complex
[2023-11-10T22:47:28.972+0000] {logging_mixin.py:137} INFO - [2023-11-10T22:47:28.971+0000] {taskmixin.py:205} WARNING - Dependency <Task(BashOperator): delete_entry_group>, create_entry_group already registered for DAG: example_complex
[2023-11-10T22:47:28.972+0000] {logging_mixin.py:137} INFO - [2023-11-10T22:47:28.972+0000] {taskmixin.py:205} WARNING - Dependency <Task(BashOperator): create_entry_gcs>, delete_entry already registered for DAG: example_complex
[2023-11-10T22:47:28.972+0000] {logging_mixin.py:137} INFO - [2023-11-10T22:47:28.972+0000] {taskmixin.py:205} WARNING - Dependency <Task(BashOperator): delete_entry>, create_entry_gcs already registered for DAG: example_complex
[2023-11-10T22:47:28.972+0000] {logging_mixin.py:137} INFO - [2023-11-10T22:47:28.972+0000] {taskmixin.py:205} WARNING - Dependency <Task(BashOperator): create_tag>, delete_tag already registered for DAG: example_complex
[2023-11-10T22:47:28.973+0000] {logging_mixin.py:137} INFO - [2023-11-10T22:47:28.973+0000] {taskmixin.py:205} WARNING - Dependency <Task(BashOperator): delete_tag>, create_tag already registered for DAG: example_complex
[2023-11-10T22:47:28.981+0000] {processor.py:753} INFO - DAG(s) dict_keys(['example_complex']) retrieved from /home/airflow/.local/lib/python3.7/site-packages/airflow/example_dags/example_complex.py
[2023-11-10T22:47:29.016+0000] {logging_mixin.py:137} INFO - [2023-11-10T22:47:29.016+0000] {dag.py:2690} INFO - Sync 1 DAGs
[2023-11-10T22:47:29.033+0000] {logging_mixin.py:137} INFO - [2023-11-10T22:47:29.033+0000] {dag.py:3441} INFO - Setting next_dagrun for example_complex to None, run_after=None
[2023-11-10T22:47:29.049+0000] {processor.py:175} INFO - Processing /home/airflow/.local/lib/python3.7/site-packages/airflow/example_dags/example_complex.py took 0.094 seconds
