[2023-11-10T00:36:33.044+0000] {processor.py:153} INFO - Started process (PID=94068) to work on /home/airflow/.local/lib/python3.7/site-packages/airflow/example_dags/example_trigger_controller_dag.py
[2023-11-10T00:36:33.045+0000] {processor.py:743} INFO - Processing file /home/airflow/.local/lib/python3.7/site-packages/airflow/example_dags/example_trigger_controller_dag.py for tasks to queue
[2023-11-10T00:36:33.045+0000] {logging_mixin.py:137} INFO - [2023-11-10T00:36:33.045+0000] {dagbag.py:538} INFO - Filling up the DagBag from /home/airflow/.local/lib/python3.7/site-packages/airflow/example_dags/example_trigger_controller_dag.py
[2023-11-10T00:36:33.053+0000] {processor.py:753} INFO - DAG(s) dict_keys(['example_trigger_controller_dag']) retrieved from /home/airflow/.local/lib/python3.7/site-packages/airflow/example_dags/example_trigger_controller_dag.py
[2023-11-10T00:36:33.080+0000] {logging_mixin.py:137} INFO - [2023-11-10T00:36:33.080+0000] {dag.py:2690} INFO - Sync 1 DAGs
[2023-11-10T00:36:33.106+0000] {logging_mixin.py:137} INFO - [2023-11-10T00:36:33.106+0000] {dag.py:3441} INFO - Setting next_dagrun for example_trigger_controller_dag to 2021-01-01T00:00:00+00:00, run_after=2021-01-01T00:00:00+00:00
[2023-11-10T00:36:33.127+0000] {processor.py:175} INFO - Processing /home/airflow/.local/lib/python3.7/site-packages/airflow/example_dags/example_trigger_controller_dag.py took 0.085 seconds
[2023-11-10T01:57:54.948+0000] {processor.py:153} INFO - Started process (PID=94163) to work on /home/airflow/.local/lib/python3.7/site-packages/airflow/example_dags/example_trigger_controller_dag.py
[2023-11-10T01:57:54.949+0000] {processor.py:743} INFO - Processing file /home/airflow/.local/lib/python3.7/site-packages/airflow/example_dags/example_trigger_controller_dag.py for tasks to queue
[2023-11-10T01:57:54.950+0000] {logging_mixin.py:137} INFO - [2023-11-10T01:57:54.950+0000] {dagbag.py:538} INFO - Filling up the DagBag from /home/airflow/.local/lib/python3.7/site-packages/airflow/example_dags/example_trigger_controller_dag.py
[2023-11-10T01:57:54.961+0000] {processor.py:753} INFO - DAG(s) dict_keys(['example_trigger_controller_dag']) retrieved from /home/airflow/.local/lib/python3.7/site-packages/airflow/example_dags/example_trigger_controller_dag.py
[2023-11-10T01:57:54.984+0000] {logging_mixin.py:137} INFO - [2023-11-10T01:57:54.984+0000] {dag.py:2690} INFO - Sync 1 DAGs
[2023-11-10T01:57:55.027+0000] {logging_mixin.py:137} INFO - [2023-11-10T01:57:55.027+0000] {dag.py:3441} INFO - Setting next_dagrun for example_trigger_controller_dag to 2021-01-01T00:00:00+00:00, run_after=2021-01-01T00:00:00+00:00
[2023-11-10T01:57:55.042+0000] {processor.py:175} INFO - Processing /home/airflow/.local/lib/python3.7/site-packages/airflow/example_dags/example_trigger_controller_dag.py took 0.096 seconds
[2023-11-10T03:20:24.957+0000] {processor.py:153} INFO - Started process (PID=94259) to work on /home/airflow/.local/lib/python3.7/site-packages/airflow/example_dags/example_trigger_controller_dag.py
[2023-11-10T03:20:24.958+0000] {processor.py:743} INFO - Processing file /home/airflow/.local/lib/python3.7/site-packages/airflow/example_dags/example_trigger_controller_dag.py for tasks to queue
[2023-11-10T03:20:24.958+0000] {logging_mixin.py:137} INFO - [2023-11-10T03:20:24.958+0000] {dagbag.py:538} INFO - Filling up the DagBag from /home/airflow/.local/lib/python3.7/site-packages/airflow/example_dags/example_trigger_controller_dag.py
[2023-11-10T03:20:24.968+0000] {processor.py:753} INFO - DAG(s) dict_keys(['example_trigger_controller_dag']) retrieved from /home/airflow/.local/lib/python3.7/site-packages/airflow/example_dags/example_trigger_controller_dag.py
[2023-11-10T03:20:24.987+0000] {logging_mixin.py:137} INFO - [2023-11-10T03:20:24.987+0000] {dag.py:2690} INFO - Sync 1 DAGs
[2023-11-10T03:20:25.001+0000] {logging_mixin.py:137} INFO - [2023-11-10T03:20:25.001+0000] {dag.py:3441} INFO - Setting next_dagrun for example_trigger_controller_dag to 2021-01-01T00:00:00+00:00, run_after=2021-01-01T00:00:00+00:00
[2023-11-10T03:20:25.013+0000] {processor.py:175} INFO - Processing /home/airflow/.local/lib/python3.7/site-packages/airflow/example_dags/example_trigger_controller_dag.py took 0.059 seconds
[2023-11-10T04:43:04.814+0000] {processor.py:153} INFO - Started process (PID=94336) to work on /home/airflow/.local/lib/python3.7/site-packages/airflow/example_dags/example_trigger_controller_dag.py
[2023-11-10T04:43:04.816+0000] {processor.py:743} INFO - Processing file /home/airflow/.local/lib/python3.7/site-packages/airflow/example_dags/example_trigger_controller_dag.py for tasks to queue
[2023-11-10T04:43:04.817+0000] {logging_mixin.py:137} INFO - [2023-11-10T04:43:04.817+0000] {dagbag.py:538} INFO - Filling up the DagBag from /home/airflow/.local/lib/python3.7/site-packages/airflow/example_dags/example_trigger_controller_dag.py
[2023-11-10T04:43:04.828+0000] {processor.py:753} INFO - DAG(s) dict_keys(['example_trigger_controller_dag']) retrieved from /home/airflow/.local/lib/python3.7/site-packages/airflow/example_dags/example_trigger_controller_dag.py
[2023-11-10T04:43:04.852+0000] {logging_mixin.py:137} INFO - [2023-11-10T04:43:04.852+0000] {dag.py:2690} INFO - Sync 1 DAGs
[2023-11-10T04:43:04.873+0000] {logging_mixin.py:137} INFO - [2023-11-10T04:43:04.873+0000] {dag.py:3441} INFO - Setting next_dagrun for example_trigger_controller_dag to 2021-01-01T00:00:00+00:00, run_after=2021-01-01T00:00:00+00:00
[2023-11-10T04:43:04.895+0000] {processor.py:175} INFO - Processing /home/airflow/.local/lib/python3.7/site-packages/airflow/example_dags/example_trigger_controller_dag.py took 0.085 seconds
[2023-11-10T05:49:37.792+0000] {processor.py:153} INFO - Started process (PID=94431) to work on /home/airflow/.local/lib/python3.7/site-packages/airflow/example_dags/example_trigger_controller_dag.py
[2023-11-10T05:49:37.793+0000] {processor.py:743} INFO - Processing file /home/airflow/.local/lib/python3.7/site-packages/airflow/example_dags/example_trigger_controller_dag.py for tasks to queue
[2023-11-10T05:49:37.794+0000] {logging_mixin.py:137} INFO - [2023-11-10T05:49:37.794+0000] {dagbag.py:538} INFO - Filling up the DagBag from /home/airflow/.local/lib/python3.7/site-packages/airflow/example_dags/example_trigger_controller_dag.py
[2023-11-10T05:49:37.806+0000] {processor.py:753} INFO - DAG(s) dict_keys(['example_trigger_controller_dag']) retrieved from /home/airflow/.local/lib/python3.7/site-packages/airflow/example_dags/example_trigger_controller_dag.py
[2023-11-10T05:49:37.825+0000] {logging_mixin.py:137} INFO - [2023-11-10T05:49:37.824+0000] {dag.py:2690} INFO - Sync 1 DAGs
[2023-11-10T05:49:37.838+0000] {logging_mixin.py:137} INFO - [2023-11-10T05:49:37.838+0000] {dag.py:3441} INFO - Setting next_dagrun for example_trigger_controller_dag to 2021-01-01T00:00:00+00:00, run_after=2021-01-01T00:00:00+00:00
[2023-11-10T05:49:37.849+0000] {processor.py:175} INFO - Processing /home/airflow/.local/lib/python3.7/site-packages/airflow/example_dags/example_trigger_controller_dag.py took 0.061 seconds
[2023-11-10T07:09:16.156+0000] {processor.py:153} INFO - Started process (PID=94526) to work on /home/airflow/.local/lib/python3.7/site-packages/airflow/example_dags/example_trigger_controller_dag.py
[2023-11-10T07:09:16.157+0000] {processor.py:743} INFO - Processing file /home/airflow/.local/lib/python3.7/site-packages/airflow/example_dags/example_trigger_controller_dag.py for tasks to queue
[2023-11-10T07:09:16.157+0000] {logging_mixin.py:137} INFO - [2023-11-10T07:09:16.157+0000] {dagbag.py:538} INFO - Filling up the DagBag from /home/airflow/.local/lib/python3.7/site-packages/airflow/example_dags/example_trigger_controller_dag.py
[2023-11-10T07:09:16.164+0000] {processor.py:753} INFO - DAG(s) dict_keys(['example_trigger_controller_dag']) retrieved from /home/airflow/.local/lib/python3.7/site-packages/airflow/example_dags/example_trigger_controller_dag.py
[2023-11-10T07:09:16.178+0000] {logging_mixin.py:137} INFO - [2023-11-10T07:09:16.178+0000] {dag.py:2690} INFO - Sync 1 DAGs
[2023-11-10T07:09:16.190+0000] {logging_mixin.py:137} INFO - [2023-11-10T07:09:16.190+0000] {dag.py:3441} INFO - Setting next_dagrun for example_trigger_controller_dag to 2021-01-01T00:00:00+00:00, run_after=2021-01-01T00:00:00+00:00
[2023-11-10T07:09:16.199+0000] {processor.py:175} INFO - Processing /home/airflow/.local/lib/python3.7/site-packages/airflow/example_dags/example_trigger_controller_dag.py took 0.045 seconds
[2023-11-10T08:31:04.163+0000] {processor.py:153} INFO - Started process (PID=94603) to work on /home/airflow/.local/lib/python3.7/site-packages/airflow/example_dags/example_trigger_controller_dag.py
[2023-11-10T08:31:04.164+0000] {processor.py:743} INFO - Processing file /home/airflow/.local/lib/python3.7/site-packages/airflow/example_dags/example_trigger_controller_dag.py for tasks to queue
[2023-11-10T08:31:04.164+0000] {logging_mixin.py:137} INFO - [2023-11-10T08:31:04.164+0000] {dagbag.py:538} INFO - Filling up the DagBag from /home/airflow/.local/lib/python3.7/site-packages/airflow/example_dags/example_trigger_controller_dag.py
[2023-11-10T08:31:04.172+0000] {processor.py:753} INFO - DAG(s) dict_keys(['example_trigger_controller_dag']) retrieved from /home/airflow/.local/lib/python3.7/site-packages/airflow/example_dags/example_trigger_controller_dag.py
[2023-11-10T08:31:04.186+0000] {logging_mixin.py:137} INFO - [2023-11-10T08:31:04.186+0000] {dag.py:2690} INFO - Sync 1 DAGs
[2023-11-10T08:31:04.198+0000] {logging_mixin.py:137} INFO - [2023-11-10T08:31:04.198+0000] {dag.py:3441} INFO - Setting next_dagrun for example_trigger_controller_dag to 2021-01-01T00:00:00+00:00, run_after=2021-01-01T00:00:00+00:00
[2023-11-10T08:31:04.206+0000] {processor.py:175} INFO - Processing /home/airflow/.local/lib/python3.7/site-packages/airflow/example_dags/example_trigger_controller_dag.py took 0.045 seconds
[2023-11-10T09:54:26.660+0000] {processor.py:153} INFO - Started process (PID=94697) to work on /home/airflow/.local/lib/python3.7/site-packages/airflow/example_dags/example_trigger_controller_dag.py
[2023-11-10T09:54:26.661+0000] {processor.py:743} INFO - Processing file /home/airflow/.local/lib/python3.7/site-packages/airflow/example_dags/example_trigger_controller_dag.py for tasks to queue
[2023-11-10T09:54:26.662+0000] {logging_mixin.py:137} INFO - [2023-11-10T09:54:26.662+0000] {dagbag.py:538} INFO - Filling up the DagBag from /home/airflow/.local/lib/python3.7/site-packages/airflow/example_dags/example_trigger_controller_dag.py
[2023-11-10T09:54:26.671+0000] {processor.py:753} INFO - DAG(s) dict_keys(['example_trigger_controller_dag']) retrieved from /home/airflow/.local/lib/python3.7/site-packages/airflow/example_dags/example_trigger_controller_dag.py
[2023-11-10T09:54:26.689+0000] {logging_mixin.py:137} INFO - [2023-11-10T09:54:26.689+0000] {dag.py:2690} INFO - Sync 1 DAGs
[2023-11-10T09:54:26.704+0000] {logging_mixin.py:137} INFO - [2023-11-10T09:54:26.704+0000] {dag.py:3441} INFO - Setting next_dagrun for example_trigger_controller_dag to 2021-01-01T00:00:00+00:00, run_after=2021-01-01T00:00:00+00:00
[2023-11-10T09:54:26.715+0000] {processor.py:175} INFO - Processing /home/airflow/.local/lib/python3.7/site-packages/airflow/example_dags/example_trigger_controller_dag.py took 0.057 seconds
[2023-11-10T11:19:39.697+0000] {processor.py:153} INFO - Started process (PID=94792) to work on /home/airflow/.local/lib/python3.7/site-packages/airflow/example_dags/example_trigger_controller_dag.py
[2023-11-10T11:19:39.698+0000] {processor.py:743} INFO - Processing file /home/airflow/.local/lib/python3.7/site-packages/airflow/example_dags/example_trigger_controller_dag.py for tasks to queue
[2023-11-10T11:19:39.698+0000] {logging_mixin.py:137} INFO - [2023-11-10T11:19:39.698+0000] {dagbag.py:538} INFO - Filling up the DagBag from /home/airflow/.local/lib/python3.7/site-packages/airflow/example_dags/example_trigger_controller_dag.py
[2023-11-10T11:19:39.709+0000] {processor.py:753} INFO - DAG(s) dict_keys(['example_trigger_controller_dag']) retrieved from /home/airflow/.local/lib/python3.7/site-packages/airflow/example_dags/example_trigger_controller_dag.py
[2023-11-10T11:19:39.726+0000] {logging_mixin.py:137} INFO - [2023-11-10T11:19:39.726+0000] {dag.py:2690} INFO - Sync 1 DAGs
[2023-11-10T11:19:39.741+0000] {logging_mixin.py:137} INFO - [2023-11-10T11:19:39.741+0000] {dag.py:3441} INFO - Setting next_dagrun for example_trigger_controller_dag to 2021-01-01T00:00:00+00:00, run_after=2021-01-01T00:00:00+00:00
[2023-11-10T11:19:39.755+0000] {processor.py:175} INFO - Processing /home/airflow/.local/lib/python3.7/site-packages/airflow/example_dags/example_trigger_controller_dag.py took 0.061 seconds
[2023-11-10T12:32:34.271+0000] {processor.py:153} INFO - Started process (PID=94869) to work on /home/airflow/.local/lib/python3.7/site-packages/airflow/example_dags/example_trigger_controller_dag.py
[2023-11-10T12:32:34.272+0000] {processor.py:743} INFO - Processing file /home/airflow/.local/lib/python3.7/site-packages/airflow/example_dags/example_trigger_controller_dag.py for tasks to queue
[2023-11-10T12:32:34.273+0000] {logging_mixin.py:137} INFO - [2023-11-10T12:32:34.273+0000] {dagbag.py:538} INFO - Filling up the DagBag from /home/airflow/.local/lib/python3.7/site-packages/airflow/example_dags/example_trigger_controller_dag.py
[2023-11-10T12:32:34.284+0000] {processor.py:753} INFO - DAG(s) dict_keys(['example_trigger_controller_dag']) retrieved from /home/airflow/.local/lib/python3.7/site-packages/airflow/example_dags/example_trigger_controller_dag.py
[2023-11-10T12:32:34.303+0000] {logging_mixin.py:137} INFO - [2023-11-10T12:32:34.303+0000] {dag.py:2690} INFO - Sync 1 DAGs
[2023-11-10T12:32:34.322+0000] {logging_mixin.py:137} INFO - [2023-11-10T12:32:34.322+0000] {dag.py:3441} INFO - Setting next_dagrun for example_trigger_controller_dag to 2021-01-01T00:00:00+00:00, run_after=2021-01-01T00:00:00+00:00
[2023-11-10T12:32:34.336+0000] {processor.py:175} INFO - Processing /home/airflow/.local/lib/python3.7/site-packages/airflow/example_dags/example_trigger_controller_dag.py took 0.069 seconds
[2023-11-10T13:38:02.889+0000] {processor.py:153} INFO - Started process (PID=94964) to work on /home/airflow/.local/lib/python3.7/site-packages/airflow/example_dags/example_trigger_controller_dag.py
[2023-11-10T13:38:02.890+0000] {processor.py:743} INFO - Processing file /home/airflow/.local/lib/python3.7/site-packages/airflow/example_dags/example_trigger_controller_dag.py for tasks to queue
[2023-11-10T13:38:02.891+0000] {logging_mixin.py:137} INFO - [2023-11-10T13:38:02.891+0000] {dagbag.py:538} INFO - Filling up the DagBag from /home/airflow/.local/lib/python3.7/site-packages/airflow/example_dags/example_trigger_controller_dag.py
[2023-11-10T13:38:02.906+0000] {processor.py:753} INFO - DAG(s) dict_keys(['example_trigger_controller_dag']) retrieved from /home/airflow/.local/lib/python3.7/site-packages/airflow/example_dags/example_trigger_controller_dag.py
[2023-11-10T13:38:02.939+0000] {logging_mixin.py:137} INFO - [2023-11-10T13:38:02.938+0000] {dag.py:2690} INFO - Sync 1 DAGs
[2023-11-10T13:38:03.268+0000] {logging_mixin.py:137} INFO - [2023-11-10T13:38:03.268+0000] {dag.py:3441} INFO - Setting next_dagrun for example_trigger_controller_dag to 2021-01-01T00:00:00+00:00, run_after=2021-01-01T00:00:00+00:00
[2023-11-10T13:38:03.317+0000] {processor.py:175} INFO - Processing /home/airflow/.local/lib/python3.7/site-packages/airflow/example_dags/example_trigger_controller_dag.py took 0.432 seconds
[2023-11-10T14:52:21.678+0000] {processor.py:153} INFO - Started process (PID=95059) to work on /home/airflow/.local/lib/python3.7/site-packages/airflow/example_dags/example_trigger_controller_dag.py
[2023-11-10T14:52:21.679+0000] {processor.py:743} INFO - Processing file /home/airflow/.local/lib/python3.7/site-packages/airflow/example_dags/example_trigger_controller_dag.py for tasks to queue
[2023-11-10T14:52:21.680+0000] {logging_mixin.py:137} INFO - [2023-11-10T14:52:21.680+0000] {dagbag.py:538} INFO - Filling up the DagBag from /home/airflow/.local/lib/python3.7/site-packages/airflow/example_dags/example_trigger_controller_dag.py
[2023-11-10T14:52:21.694+0000] {processor.py:753} INFO - DAG(s) dict_keys(['example_trigger_controller_dag']) retrieved from /home/airflow/.local/lib/python3.7/site-packages/airflow/example_dags/example_trigger_controller_dag.py
[2023-11-10T14:52:21.717+0000] {logging_mixin.py:137} INFO - [2023-11-10T14:52:21.717+0000] {dag.py:2690} INFO - Sync 1 DAGs
[2023-11-10T14:52:21.736+0000] {logging_mixin.py:137} INFO - [2023-11-10T14:52:21.736+0000] {dag.py:3441} INFO - Setting next_dagrun for example_trigger_controller_dag to 2021-01-01T00:00:00+00:00, run_after=2021-01-01T00:00:00+00:00
[2023-11-10T14:52:21.748+0000] {processor.py:175} INFO - Processing /home/airflow/.local/lib/python3.7/site-packages/airflow/example_dags/example_trigger_controller_dag.py took 0.075 seconds
[2023-11-10T16:15:12.743+0000] {processor.py:153} INFO - Started process (PID=95136) to work on /home/airflow/.local/lib/python3.7/site-packages/airflow/example_dags/example_trigger_controller_dag.py
[2023-11-10T16:15:12.744+0000] {processor.py:743} INFO - Processing file /home/airflow/.local/lib/python3.7/site-packages/airflow/example_dags/example_trigger_controller_dag.py for tasks to queue
[2023-11-10T16:15:12.746+0000] {logging_mixin.py:137} INFO - [2023-11-10T16:15:12.746+0000] {dagbag.py:538} INFO - Filling up the DagBag from /home/airflow/.local/lib/python3.7/site-packages/airflow/example_dags/example_trigger_controller_dag.py
[2023-11-10T16:15:12.759+0000] {processor.py:753} INFO - DAG(s) dict_keys(['example_trigger_controller_dag']) retrieved from /home/airflow/.local/lib/python3.7/site-packages/airflow/example_dags/example_trigger_controller_dag.py
[2023-11-10T16:15:12.779+0000] {logging_mixin.py:137} INFO - [2023-11-10T16:15:12.779+0000] {dag.py:2690} INFO - Sync 1 DAGs
[2023-11-10T16:15:12.794+0000] {logging_mixin.py:137} INFO - [2023-11-10T16:15:12.794+0000] {dag.py:3441} INFO - Setting next_dagrun for example_trigger_controller_dag to 2021-01-01T00:00:00+00:00, run_after=2021-01-01T00:00:00+00:00
[2023-11-10T16:15:12.804+0000] {processor.py:175} INFO - Processing /home/airflow/.local/lib/python3.7/site-packages/airflow/example_dags/example_trigger_controller_dag.py took 0.065 seconds
[2023-11-10T17:36:19.817+0000] {processor.py:153} INFO - Started process (PID=95231) to work on /home/airflow/.local/lib/python3.7/site-packages/airflow/example_dags/example_trigger_controller_dag.py
[2023-11-10T17:36:19.819+0000] {processor.py:743} INFO - Processing file /home/airflow/.local/lib/python3.7/site-packages/airflow/example_dags/example_trigger_controller_dag.py for tasks to queue
[2023-11-10T17:36:19.820+0000] {logging_mixin.py:137} INFO - [2023-11-10T17:36:19.820+0000] {dagbag.py:538} INFO - Filling up the DagBag from /home/airflow/.local/lib/python3.7/site-packages/airflow/example_dags/example_trigger_controller_dag.py
[2023-11-10T17:36:19.834+0000] {processor.py:753} INFO - DAG(s) dict_keys(['example_trigger_controller_dag']) retrieved from /home/airflow/.local/lib/python3.7/site-packages/airflow/example_dags/example_trigger_controller_dag.py
[2023-11-10T17:36:19.867+0000] {logging_mixin.py:137} INFO - [2023-11-10T17:36:19.867+0000] {dag.py:2690} INFO - Sync 1 DAGs
[2023-11-10T17:36:19.892+0000] {logging_mixin.py:137} INFO - [2023-11-10T17:36:19.892+0000] {dag.py:3441} INFO - Setting next_dagrun for example_trigger_controller_dag to 2021-01-01T00:00:00+00:00, run_after=2021-01-01T00:00:00+00:00
[2023-11-10T17:36:19.913+0000] {processor.py:175} INFO - Processing /home/airflow/.local/lib/python3.7/site-packages/airflow/example_dags/example_trigger_controller_dag.py took 0.099 seconds
[2023-11-10T19:02:20.600+0000] {processor.py:153} INFO - Started process (PID=95326) to work on /home/airflow/.local/lib/python3.7/site-packages/airflow/example_dags/example_trigger_controller_dag.py
[2023-11-10T19:02:20.601+0000] {processor.py:743} INFO - Processing file /home/airflow/.local/lib/python3.7/site-packages/airflow/example_dags/example_trigger_controller_dag.py for tasks to queue
[2023-11-10T19:02:20.602+0000] {logging_mixin.py:137} INFO - [2023-11-10T19:02:20.602+0000] {dagbag.py:538} INFO - Filling up the DagBag from /home/airflow/.local/lib/python3.7/site-packages/airflow/example_dags/example_trigger_controller_dag.py
[2023-11-10T19:02:20.611+0000] {processor.py:753} INFO - DAG(s) dict_keys(['example_trigger_controller_dag']) retrieved from /home/airflow/.local/lib/python3.7/site-packages/airflow/example_dags/example_trigger_controller_dag.py
[2023-11-10T19:02:20.636+0000] {logging_mixin.py:137} INFO - [2023-11-10T19:02:20.636+0000] {dag.py:2690} INFO - Sync 1 DAGs
[2023-11-10T19:02:20.655+0000] {logging_mixin.py:137} INFO - [2023-11-10T19:02:20.655+0000] {dag.py:3441} INFO - Setting next_dagrun for example_trigger_controller_dag to 2021-01-01T00:00:00+00:00, run_after=2021-01-01T00:00:00+00:00
[2023-11-10T19:02:20.669+0000] {processor.py:175} INFO - Processing /home/airflow/.local/lib/python3.7/site-packages/airflow/example_dags/example_trigger_controller_dag.py took 0.072 seconds
[2023-11-10T20:25:25.009+0000] {processor.py:153} INFO - Started process (PID=95403) to work on /home/airflow/.local/lib/python3.7/site-packages/airflow/example_dags/example_trigger_controller_dag.py
[2023-11-10T20:25:25.009+0000] {processor.py:743} INFO - Processing file /home/airflow/.local/lib/python3.7/site-packages/airflow/example_dags/example_trigger_controller_dag.py for tasks to queue
[2023-11-10T20:25:25.009+0000] {logging_mixin.py:137} INFO - [2023-11-10T20:25:25.009+0000] {dagbag.py:538} INFO - Filling up the DagBag from /home/airflow/.local/lib/python3.7/site-packages/airflow/example_dags/example_trigger_controller_dag.py
[2023-11-10T20:25:25.016+0000] {processor.py:753} INFO - DAG(s) dict_keys(['example_trigger_controller_dag']) retrieved from /home/airflow/.local/lib/python3.7/site-packages/airflow/example_dags/example_trigger_controller_dag.py
[2023-11-10T20:25:25.030+0000] {logging_mixin.py:137} INFO - [2023-11-10T20:25:25.030+0000] {dag.py:2690} INFO - Sync 1 DAGs
[2023-11-10T20:25:25.043+0000] {logging_mixin.py:137} INFO - [2023-11-10T20:25:25.043+0000] {dag.py:3441} INFO - Setting next_dagrun for example_trigger_controller_dag to 2021-01-01T00:00:00+00:00, run_after=2021-01-01T00:00:00+00:00
[2023-11-10T20:25:25.051+0000] {processor.py:175} INFO - Processing /home/airflow/.local/lib/python3.7/site-packages/airflow/example_dags/example_trigger_controller_dag.py took 0.044 seconds
[2023-11-10T21:30:56.727+0000] {processor.py:153} INFO - Started process (PID=95498) to work on /home/airflow/.local/lib/python3.7/site-packages/airflow/example_dags/example_trigger_controller_dag.py
[2023-11-10T21:30:56.728+0000] {processor.py:743} INFO - Processing file /home/airflow/.local/lib/python3.7/site-packages/airflow/example_dags/example_trigger_controller_dag.py for tasks to queue
[2023-11-10T21:30:56.728+0000] {logging_mixin.py:137} INFO - [2023-11-10T21:30:56.728+0000] {dagbag.py:538} INFO - Filling up the DagBag from /home/airflow/.local/lib/python3.7/site-packages/airflow/example_dags/example_trigger_controller_dag.py
[2023-11-10T21:30:56.736+0000] {processor.py:753} INFO - DAG(s) dict_keys(['example_trigger_controller_dag']) retrieved from /home/airflow/.local/lib/python3.7/site-packages/airflow/example_dags/example_trigger_controller_dag.py
[2023-11-10T21:30:56.751+0000] {logging_mixin.py:137} INFO - [2023-11-10T21:30:56.751+0000] {dag.py:2690} INFO - Sync 1 DAGs
[2023-11-10T21:30:56.763+0000] {logging_mixin.py:137} INFO - [2023-11-10T21:30:56.763+0000] {dag.py:3441} INFO - Setting next_dagrun for example_trigger_controller_dag to 2021-01-01T00:00:00+00:00, run_after=2021-01-01T00:00:00+00:00
[2023-11-10T21:30:56.772+0000] {processor.py:175} INFO - Processing /home/airflow/.local/lib/python3.7/site-packages/airflow/example_dags/example_trigger_controller_dag.py took 0.047 seconds
[2023-11-10T22:47:28.482+0000] {processor.py:153} INFO - Started process (PID=95593) to work on /home/airflow/.local/lib/python3.7/site-packages/airflow/example_dags/example_trigger_controller_dag.py
[2023-11-10T22:47:28.484+0000] {processor.py:743} INFO - Processing file /home/airflow/.local/lib/python3.7/site-packages/airflow/example_dags/example_trigger_controller_dag.py for tasks to queue
[2023-11-10T22:47:28.485+0000] {logging_mixin.py:137} INFO - [2023-11-10T22:47:28.485+0000] {dagbag.py:538} INFO - Filling up the DagBag from /home/airflow/.local/lib/python3.7/site-packages/airflow/example_dags/example_trigger_controller_dag.py
[2023-11-10T22:47:28.504+0000] {processor.py:753} INFO - DAG(s) dict_keys(['example_trigger_controller_dag']) retrieved from /home/airflow/.local/lib/python3.7/site-packages/airflow/example_dags/example_trigger_controller_dag.py
[2023-11-10T22:47:28.532+0000] {logging_mixin.py:137} INFO - [2023-11-10T22:47:28.532+0000] {dag.py:2690} INFO - Sync 1 DAGs
[2023-11-10T22:47:28.547+0000] {logging_mixin.py:137} INFO - [2023-11-10T22:47:28.547+0000] {dag.py:3441} INFO - Setting next_dagrun for example_trigger_controller_dag to 2021-01-01T00:00:00+00:00, run_after=2021-01-01T00:00:00+00:00
[2023-11-10T22:47:28.565+0000] {processor.py:175} INFO - Processing /home/airflow/.local/lib/python3.7/site-packages/airflow/example_dags/example_trigger_controller_dag.py took 0.090 seconds
