[2023-11-10T00:36:34.949+0000] {processor.py:153} INFO - Started process (PID=94113) to work on /home/airflow/.local/lib/python3.7/site-packages/airflow/example_dags/example_sensor_decorator.py
[2023-11-10T00:36:34.951+0000] {processor.py:743} INFO - Processing file /home/airflow/.local/lib/python3.7/site-packages/airflow/example_dags/example_sensor_decorator.py for tasks to queue
[2023-11-10T00:36:34.951+0000] {logging_mixin.py:137} INFO - [2023-11-10T00:36:34.951+0000] {dagbag.py:538} INFO - Filling up the DagBag from /home/airflow/.local/lib/python3.7/site-packages/airflow/example_dags/example_sensor_decorator.py
[2023-11-10T00:36:34.969+0000] {processor.py:753} INFO - DAG(s) dict_keys(['example_sensor_decorator']) retrieved from /home/airflow/.local/lib/python3.7/site-packages/airflow/example_dags/example_sensor_decorator.py
[2023-11-10T00:36:34.993+0000] {logging_mixin.py:137} INFO - [2023-11-10T00:36:34.993+0000] {dag.py:2690} INFO - Sync 1 DAGs
[2023-11-10T00:36:35.008+0000] {logging_mixin.py:137} INFO - [2023-11-10T00:36:35.008+0000] {dag.py:3441} INFO - Setting next_dagrun for example_sensor_decorator to None, run_after=None
[2023-11-10T00:36:35.022+0000] {processor.py:175} INFO - Processing /home/airflow/.local/lib/python3.7/site-packages/airflow/example_dags/example_sensor_decorator.py took 0.078 seconds
[2023-11-10T01:57:56.020+0000] {processor.py:153} INFO - Started process (PID=94190) to work on /home/airflow/.local/lib/python3.7/site-packages/airflow/example_dags/example_sensor_decorator.py
[2023-11-10T01:57:56.021+0000] {processor.py:743} INFO - Processing file /home/airflow/.local/lib/python3.7/site-packages/airflow/example_dags/example_sensor_decorator.py for tasks to queue
[2023-11-10T01:57:56.021+0000] {logging_mixin.py:137} INFO - [2023-11-10T01:57:56.021+0000] {dagbag.py:538} INFO - Filling up the DagBag from /home/airflow/.local/lib/python3.7/site-packages/airflow/example_dags/example_sensor_decorator.py
[2023-11-10T01:57:56.034+0000] {processor.py:753} INFO - DAG(s) dict_keys(['example_sensor_decorator']) retrieved from /home/airflow/.local/lib/python3.7/site-packages/airflow/example_dags/example_sensor_decorator.py
[2023-11-10T01:57:56.047+0000] {logging_mixin.py:137} INFO - [2023-11-10T01:57:56.047+0000] {dag.py:2690} INFO - Sync 1 DAGs
[2023-11-10T01:57:56.059+0000] {logging_mixin.py:137} INFO - [2023-11-10T01:57:56.059+0000] {dag.py:3441} INFO - Setting next_dagrun for example_sensor_decorator to None, run_after=None
[2023-11-10T01:57:56.068+0000] {processor.py:175} INFO - Processing /home/airflow/.local/lib/python3.7/site-packages/airflow/example_dags/example_sensor_decorator.py took 0.050 seconds
[2023-11-10T03:20:25.933+0000] {processor.py:153} INFO - Started process (PID=94286) to work on /home/airflow/.local/lib/python3.7/site-packages/airflow/example_dags/example_sensor_decorator.py
[2023-11-10T03:20:25.933+0000] {processor.py:743} INFO - Processing file /home/airflow/.local/lib/python3.7/site-packages/airflow/example_dags/example_sensor_decorator.py for tasks to queue
[2023-11-10T03:20:25.934+0000] {logging_mixin.py:137} INFO - [2023-11-10T03:20:25.934+0000] {dagbag.py:538} INFO - Filling up the DagBag from /home/airflow/.local/lib/python3.7/site-packages/airflow/example_dags/example_sensor_decorator.py
[2023-11-10T03:20:25.947+0000] {processor.py:753} INFO - DAG(s) dict_keys(['example_sensor_decorator']) retrieved from /home/airflow/.local/lib/python3.7/site-packages/airflow/example_dags/example_sensor_decorator.py
[2023-11-10T03:20:25.960+0000] {logging_mixin.py:137} INFO - [2023-11-10T03:20:25.960+0000] {dag.py:2690} INFO - Sync 1 DAGs
[2023-11-10T03:20:25.972+0000] {logging_mixin.py:137} INFO - [2023-11-10T03:20:25.972+0000] {dag.py:3441} INFO - Setting next_dagrun for example_sensor_decorator to None, run_after=None
[2023-11-10T03:20:25.981+0000] {processor.py:175} INFO - Processing /home/airflow/.local/lib/python3.7/site-packages/airflow/example_dags/example_sensor_decorator.py took 0.050 seconds
[2023-11-10T04:43:05.946+0000] {processor.py:153} INFO - Started process (PID=94372) to work on /home/airflow/.local/lib/python3.7/site-packages/airflow/example_dags/example_sensor_decorator.py
[2023-11-10T04:43:05.946+0000] {processor.py:743} INFO - Processing file /home/airflow/.local/lib/python3.7/site-packages/airflow/example_dags/example_sensor_decorator.py for tasks to queue
[2023-11-10T04:43:05.947+0000] {logging_mixin.py:137} INFO - [2023-11-10T04:43:05.947+0000] {dagbag.py:538} INFO - Filling up the DagBag from /home/airflow/.local/lib/python3.7/site-packages/airflow/example_dags/example_sensor_decorator.py
[2023-11-10T04:43:05.960+0000] {processor.py:753} INFO - DAG(s) dict_keys(['example_sensor_decorator']) retrieved from /home/airflow/.local/lib/python3.7/site-packages/airflow/example_dags/example_sensor_decorator.py
[2023-11-10T04:43:05.973+0000] {logging_mixin.py:137} INFO - [2023-11-10T04:43:05.972+0000] {dag.py:2690} INFO - Sync 1 DAGs
[2023-11-10T04:43:05.984+0000] {logging_mixin.py:137} INFO - [2023-11-10T04:43:05.984+0000] {dag.py:3441} INFO - Setting next_dagrun for example_sensor_decorator to None, run_after=None
[2023-11-10T04:43:05.993+0000] {processor.py:175} INFO - Processing /home/airflow/.local/lib/python3.7/site-packages/airflow/example_dags/example_sensor_decorator.py took 0.049 seconds
[2023-11-10T05:49:38.669+0000] {processor.py:153} INFO - Started process (PID=94458) to work on /home/airflow/.local/lib/python3.7/site-packages/airflow/example_dags/example_sensor_decorator.py
[2023-11-10T05:49:38.669+0000] {processor.py:743} INFO - Processing file /home/airflow/.local/lib/python3.7/site-packages/airflow/example_dags/example_sensor_decorator.py for tasks to queue
[2023-11-10T05:49:38.670+0000] {logging_mixin.py:137} INFO - [2023-11-10T05:49:38.670+0000] {dagbag.py:538} INFO - Filling up the DagBag from /home/airflow/.local/lib/python3.7/site-packages/airflow/example_dags/example_sensor_decorator.py
[2023-11-10T05:49:38.682+0000] {processor.py:753} INFO - DAG(s) dict_keys(['example_sensor_decorator']) retrieved from /home/airflow/.local/lib/python3.7/site-packages/airflow/example_dags/example_sensor_decorator.py
[2023-11-10T05:49:38.694+0000] {logging_mixin.py:137} INFO - [2023-11-10T05:49:38.694+0000] {dag.py:2690} INFO - Sync 1 DAGs
[2023-11-10T05:49:38.706+0000] {logging_mixin.py:137} INFO - [2023-11-10T05:49:38.706+0000] {dag.py:3441} INFO - Setting next_dagrun for example_sensor_decorator to None, run_after=None
[2023-11-10T05:49:38.715+0000] {processor.py:175} INFO - Processing /home/airflow/.local/lib/python3.7/site-packages/airflow/example_dags/example_sensor_decorator.py took 0.048 seconds
[2023-11-10T07:09:17.388+0000] {processor.py:153} INFO - Started process (PID=94553) to work on /home/airflow/.local/lib/python3.7/site-packages/airflow/example_dags/example_sensor_decorator.py
[2023-11-10T07:09:17.388+0000] {processor.py:743} INFO - Processing file /home/airflow/.local/lib/python3.7/site-packages/airflow/example_dags/example_sensor_decorator.py for tasks to queue
[2023-11-10T07:09:17.389+0000] {logging_mixin.py:137} INFO - [2023-11-10T07:09:17.389+0000] {dagbag.py:538} INFO - Filling up the DagBag from /home/airflow/.local/lib/python3.7/site-packages/airflow/example_dags/example_sensor_decorator.py
[2023-11-10T07:09:17.401+0000] {processor.py:753} INFO - DAG(s) dict_keys(['example_sensor_decorator']) retrieved from /home/airflow/.local/lib/python3.7/site-packages/airflow/example_dags/example_sensor_decorator.py
[2023-11-10T07:09:17.414+0000] {logging_mixin.py:137} INFO - [2023-11-10T07:09:17.414+0000] {dag.py:2690} INFO - Sync 1 DAGs
[2023-11-10T07:09:17.426+0000] {logging_mixin.py:137} INFO - [2023-11-10T07:09:17.426+0000] {dag.py:3441} INFO - Setting next_dagrun for example_sensor_decorator to None, run_after=None
[2023-11-10T07:09:17.434+0000] {processor.py:175} INFO - Processing /home/airflow/.local/lib/python3.7/site-packages/airflow/example_dags/example_sensor_decorator.py took 0.048 seconds
[2023-11-10T08:31:05.132+0000] {processor.py:153} INFO - Started process (PID=94638) to work on /home/airflow/.local/lib/python3.7/site-packages/airflow/example_dags/example_sensor_decorator.py
[2023-11-10T08:31:05.132+0000] {processor.py:743} INFO - Processing file /home/airflow/.local/lib/python3.7/site-packages/airflow/example_dags/example_sensor_decorator.py for tasks to queue
[2023-11-10T08:31:05.133+0000] {logging_mixin.py:137} INFO - [2023-11-10T08:31:05.133+0000] {dagbag.py:538} INFO - Filling up the DagBag from /home/airflow/.local/lib/python3.7/site-packages/airflow/example_dags/example_sensor_decorator.py
[2023-11-10T08:31:05.146+0000] {processor.py:753} INFO - DAG(s) dict_keys(['example_sensor_decorator']) retrieved from /home/airflow/.local/lib/python3.7/site-packages/airflow/example_dags/example_sensor_decorator.py
[2023-11-10T08:31:05.159+0000] {logging_mixin.py:137} INFO - [2023-11-10T08:31:05.159+0000] {dag.py:2690} INFO - Sync 1 DAGs
[2023-11-10T08:31:05.172+0000] {logging_mixin.py:137} INFO - [2023-11-10T08:31:05.171+0000] {dag.py:3441} INFO - Setting next_dagrun for example_sensor_decorator to None, run_after=None
[2023-11-10T08:31:05.180+0000] {processor.py:175} INFO - Processing /home/airflow/.local/lib/python3.7/site-packages/airflow/example_dags/example_sensor_decorator.py took 0.050 seconds
[2023-11-10T09:54:27.727+0000] {processor.py:153} INFO - Started process (PID=94724) to work on /home/airflow/.local/lib/python3.7/site-packages/airflow/example_dags/example_sensor_decorator.py
[2023-11-10T09:54:27.727+0000] {processor.py:743} INFO - Processing file /home/airflow/.local/lib/python3.7/site-packages/airflow/example_dags/example_sensor_decorator.py for tasks to queue
[2023-11-10T09:54:27.728+0000] {logging_mixin.py:137} INFO - [2023-11-10T09:54:27.728+0000] {dagbag.py:538} INFO - Filling up the DagBag from /home/airflow/.local/lib/python3.7/site-packages/airflow/example_dags/example_sensor_decorator.py
[2023-11-10T09:54:27.741+0000] {processor.py:753} INFO - DAG(s) dict_keys(['example_sensor_decorator']) retrieved from /home/airflow/.local/lib/python3.7/site-packages/airflow/example_dags/example_sensor_decorator.py
[2023-11-10T09:54:27.753+0000] {logging_mixin.py:137} INFO - [2023-11-10T09:54:27.753+0000] {dag.py:2690} INFO - Sync 1 DAGs
[2023-11-10T09:54:27.765+0000] {logging_mixin.py:137} INFO - [2023-11-10T09:54:27.765+0000] {dag.py:3441} INFO - Setting next_dagrun for example_sensor_decorator to None, run_after=None
[2023-11-10T09:54:27.774+0000] {processor.py:175} INFO - Processing /home/airflow/.local/lib/python3.7/site-packages/airflow/example_dags/example_sensor_decorator.py took 0.049 seconds
[2023-11-10T11:19:40.758+0000] {processor.py:153} INFO - Started process (PID=94819) to work on /home/airflow/.local/lib/python3.7/site-packages/airflow/example_dags/example_sensor_decorator.py
[2023-11-10T11:19:40.758+0000] {processor.py:743} INFO - Processing file /home/airflow/.local/lib/python3.7/site-packages/airflow/example_dags/example_sensor_decorator.py for tasks to queue
[2023-11-10T11:19:40.759+0000] {logging_mixin.py:137} INFO - [2023-11-10T11:19:40.759+0000] {dagbag.py:538} INFO - Filling up the DagBag from /home/airflow/.local/lib/python3.7/site-packages/airflow/example_dags/example_sensor_decorator.py
[2023-11-10T11:19:40.772+0000] {processor.py:753} INFO - DAG(s) dict_keys(['example_sensor_decorator']) retrieved from /home/airflow/.local/lib/python3.7/site-packages/airflow/example_dags/example_sensor_decorator.py
[2023-11-10T11:19:40.784+0000] {logging_mixin.py:137} INFO - [2023-11-10T11:19:40.784+0000] {dag.py:2690} INFO - Sync 1 DAGs
[2023-11-10T11:19:40.796+0000] {logging_mixin.py:137} INFO - [2023-11-10T11:19:40.796+0000] {dag.py:3441} INFO - Setting next_dagrun for example_sensor_decorator to None, run_after=None
[2023-11-10T11:19:40.805+0000] {processor.py:175} INFO - Processing /home/airflow/.local/lib/python3.7/site-packages/airflow/example_dags/example_sensor_decorator.py took 0.049 seconds
[2023-11-10T12:32:35.682+0000] {processor.py:153} INFO - Started process (PID=94914) to work on /home/airflow/.local/lib/python3.7/site-packages/airflow/example_dags/example_sensor_decorator.py
[2023-11-10T12:32:35.682+0000] {processor.py:743} INFO - Processing file /home/airflow/.local/lib/python3.7/site-packages/airflow/example_dags/example_sensor_decorator.py for tasks to queue
[2023-11-10T12:32:35.683+0000] {logging_mixin.py:137} INFO - [2023-11-10T12:32:35.683+0000] {dagbag.py:538} INFO - Filling up the DagBag from /home/airflow/.local/lib/python3.7/site-packages/airflow/example_dags/example_sensor_decorator.py
[2023-11-10T12:32:35.698+0000] {processor.py:753} INFO - DAG(s) dict_keys(['example_sensor_decorator']) retrieved from /home/airflow/.local/lib/python3.7/site-packages/airflow/example_dags/example_sensor_decorator.py
[2023-11-10T12:32:35.714+0000] {logging_mixin.py:137} INFO - [2023-11-10T12:32:35.714+0000] {dag.py:2690} INFO - Sync 1 DAGs
[2023-11-10T12:32:35.727+0000] {logging_mixin.py:137} INFO - [2023-11-10T12:32:35.727+0000] {dag.py:3441} INFO - Setting next_dagrun for example_sensor_decorator to None, run_after=None
[2023-11-10T12:32:35.736+0000] {processor.py:175} INFO - Processing /home/airflow/.local/lib/python3.7/site-packages/airflow/example_dags/example_sensor_decorator.py took 0.057 seconds
[2023-11-10T13:38:04.335+0000] {processor.py:153} INFO - Started process (PID=94991) to work on /home/airflow/.local/lib/python3.7/site-packages/airflow/example_dags/example_sensor_decorator.py
[2023-11-10T13:38:04.335+0000] {processor.py:743} INFO - Processing file /home/airflow/.local/lib/python3.7/site-packages/airflow/example_dags/example_sensor_decorator.py for tasks to queue
[2023-11-10T13:38:04.336+0000] {logging_mixin.py:137} INFO - [2023-11-10T13:38:04.335+0000] {dagbag.py:538} INFO - Filling up the DagBag from /home/airflow/.local/lib/python3.7/site-packages/airflow/example_dags/example_sensor_decorator.py
[2023-11-10T13:38:04.349+0000] {processor.py:753} INFO - DAG(s) dict_keys(['example_sensor_decorator']) retrieved from /home/airflow/.local/lib/python3.7/site-packages/airflow/example_dags/example_sensor_decorator.py
[2023-11-10T13:38:04.362+0000] {logging_mixin.py:137} INFO - [2023-11-10T13:38:04.362+0000] {dag.py:2690} INFO - Sync 1 DAGs
[2023-11-10T13:38:04.373+0000] {logging_mixin.py:137} INFO - [2023-11-10T13:38:04.373+0000] {dag.py:3441} INFO - Setting next_dagrun for example_sensor_decorator to None, run_after=None
[2023-11-10T13:38:04.382+0000] {processor.py:175} INFO - Processing /home/airflow/.local/lib/python3.7/site-packages/airflow/example_dags/example_sensor_decorator.py took 0.050 seconds
[2023-11-10T14:52:22.757+0000] {processor.py:153} INFO - Started process (PID=95086) to work on /home/airflow/.local/lib/python3.7/site-packages/airflow/example_dags/example_sensor_decorator.py
[2023-11-10T14:52:22.757+0000] {processor.py:743} INFO - Processing file /home/airflow/.local/lib/python3.7/site-packages/airflow/example_dags/example_sensor_decorator.py for tasks to queue
[2023-11-10T14:52:22.758+0000] {logging_mixin.py:137} INFO - [2023-11-10T14:52:22.757+0000] {dagbag.py:538} INFO - Filling up the DagBag from /home/airflow/.local/lib/python3.7/site-packages/airflow/example_dags/example_sensor_decorator.py
[2023-11-10T14:52:22.771+0000] {processor.py:753} INFO - DAG(s) dict_keys(['example_sensor_decorator']) retrieved from /home/airflow/.local/lib/python3.7/site-packages/airflow/example_dags/example_sensor_decorator.py
[2023-11-10T14:52:22.783+0000] {logging_mixin.py:137} INFO - [2023-11-10T14:52:22.783+0000] {dag.py:2690} INFO - Sync 1 DAGs
[2023-11-10T14:52:22.796+0000] {logging_mixin.py:137} INFO - [2023-11-10T14:52:22.796+0000] {dag.py:3441} INFO - Setting next_dagrun for example_sensor_decorator to None, run_after=None
[2023-11-10T14:52:22.804+0000] {processor.py:175} INFO - Processing /home/airflow/.local/lib/python3.7/site-packages/airflow/example_dags/example_sensor_decorator.py took 0.049 seconds
[2023-11-10T16:15:13.677+0000] {processor.py:153} INFO - Started process (PID=95163) to work on /home/airflow/.local/lib/python3.7/site-packages/airflow/example_dags/example_sensor_decorator.py
[2023-11-10T16:15:13.678+0000] {processor.py:743} INFO - Processing file /home/airflow/.local/lib/python3.7/site-packages/airflow/example_dags/example_sensor_decorator.py for tasks to queue
[2023-11-10T16:15:13.678+0000] {logging_mixin.py:137} INFO - [2023-11-10T16:15:13.678+0000] {dagbag.py:538} INFO - Filling up the DagBag from /home/airflow/.local/lib/python3.7/site-packages/airflow/example_dags/example_sensor_decorator.py
[2023-11-10T16:15:13.691+0000] {processor.py:753} INFO - DAG(s) dict_keys(['example_sensor_decorator']) retrieved from /home/airflow/.local/lib/python3.7/site-packages/airflow/example_dags/example_sensor_decorator.py
[2023-11-10T16:15:13.704+0000] {logging_mixin.py:137} INFO - [2023-11-10T16:15:13.703+0000] {dag.py:2690} INFO - Sync 1 DAGs
[2023-11-10T16:15:13.715+0000] {logging_mixin.py:137} INFO - [2023-11-10T16:15:13.715+0000] {dag.py:3441} INFO - Setting next_dagrun for example_sensor_decorator to None, run_after=None
[2023-11-10T16:15:13.723+0000] {processor.py:175} INFO - Processing /home/airflow/.local/lib/python3.7/site-packages/airflow/example_dags/example_sensor_decorator.py took 0.048 seconds
[2023-11-10T17:36:20.806+0000] {processor.py:153} INFO - Started process (PID=95258) to work on /home/airflow/.local/lib/python3.7/site-packages/airflow/example_dags/example_sensor_decorator.py
[2023-11-10T17:36:20.806+0000] {processor.py:743} INFO - Processing file /home/airflow/.local/lib/python3.7/site-packages/airflow/example_dags/example_sensor_decorator.py for tasks to queue
[2023-11-10T17:36:20.807+0000] {logging_mixin.py:137} INFO - [2023-11-10T17:36:20.807+0000] {dagbag.py:538} INFO - Filling up the DagBag from /home/airflow/.local/lib/python3.7/site-packages/airflow/example_dags/example_sensor_decorator.py
[2023-11-10T17:36:20.820+0000] {processor.py:753} INFO - DAG(s) dict_keys(['example_sensor_decorator']) retrieved from /home/airflow/.local/lib/python3.7/site-packages/airflow/example_dags/example_sensor_decorator.py
[2023-11-10T17:36:20.832+0000] {logging_mixin.py:137} INFO - [2023-11-10T17:36:20.832+0000] {dag.py:2690} INFO - Sync 1 DAGs
[2023-11-10T17:36:20.844+0000] {logging_mixin.py:137} INFO - [2023-11-10T17:36:20.844+0000] {dag.py:3441} INFO - Setting next_dagrun for example_sensor_decorator to None, run_after=None
[2023-11-10T17:36:20.853+0000] {processor.py:175} INFO - Processing /home/airflow/.local/lib/python3.7/site-packages/airflow/example_dags/example_sensor_decorator.py took 0.049 seconds
[2023-11-10T19:02:21.577+0000] {processor.py:153} INFO - Started process (PID=95353) to work on /home/airflow/.local/lib/python3.7/site-packages/airflow/example_dags/example_sensor_decorator.py
[2023-11-10T19:02:21.578+0000] {processor.py:743} INFO - Processing file /home/airflow/.local/lib/python3.7/site-packages/airflow/example_dags/example_sensor_decorator.py for tasks to queue
[2023-11-10T19:02:21.578+0000] {logging_mixin.py:137} INFO - [2023-11-10T19:02:21.578+0000] {dagbag.py:538} INFO - Filling up the DagBag from /home/airflow/.local/lib/python3.7/site-packages/airflow/example_dags/example_sensor_decorator.py
[2023-11-10T19:02:21.592+0000] {processor.py:753} INFO - DAG(s) dict_keys(['example_sensor_decorator']) retrieved from /home/airflow/.local/lib/python3.7/site-packages/airflow/example_dags/example_sensor_decorator.py
[2023-11-10T19:02:21.605+0000] {logging_mixin.py:137} INFO - [2023-11-10T19:02:21.605+0000] {dag.py:2690} INFO - Sync 1 DAGs
[2023-11-10T19:02:21.618+0000] {logging_mixin.py:137} INFO - [2023-11-10T19:02:21.618+0000] {dag.py:3441} INFO - Setting next_dagrun for example_sensor_decorator to None, run_after=None
[2023-11-10T19:02:21.626+0000] {processor.py:175} INFO - Processing /home/airflow/.local/lib/python3.7/site-packages/airflow/example_dags/example_sensor_decorator.py took 0.051 seconds
[2023-11-10T20:25:26.213+0000] {processor.py:153} INFO - Started process (PID=95430) to work on /home/airflow/.local/lib/python3.7/site-packages/airflow/example_dags/example_sensor_decorator.py
[2023-11-10T20:25:26.214+0000] {processor.py:743} INFO - Processing file /home/airflow/.local/lib/python3.7/site-packages/airflow/example_dags/example_sensor_decorator.py for tasks to queue
[2023-11-10T20:25:26.214+0000] {logging_mixin.py:137} INFO - [2023-11-10T20:25:26.214+0000] {dagbag.py:538} INFO - Filling up the DagBag from /home/airflow/.local/lib/python3.7/site-packages/airflow/example_dags/example_sensor_decorator.py
[2023-11-10T20:25:26.228+0000] {processor.py:753} INFO - DAG(s) dict_keys(['example_sensor_decorator']) retrieved from /home/airflow/.local/lib/python3.7/site-packages/airflow/example_dags/example_sensor_decorator.py
[2023-11-10T20:25:26.240+0000] {logging_mixin.py:137} INFO - [2023-11-10T20:25:26.240+0000] {dag.py:2690} INFO - Sync 1 DAGs
[2023-11-10T20:25:26.252+0000] {logging_mixin.py:137} INFO - [2023-11-10T20:25:26.252+0000] {dag.py:3441} INFO - Setting next_dagrun for example_sensor_decorator to None, run_after=None
[2023-11-10T20:25:26.260+0000] {processor.py:175} INFO - Processing /home/airflow/.local/lib/python3.7/site-packages/airflow/example_dags/example_sensor_decorator.py took 0.049 seconds
[2023-11-10T21:30:58.316+0000] {processor.py:153} INFO - Started process (PID=95525) to work on /home/airflow/.local/lib/python3.7/site-packages/airflow/example_dags/example_sensor_decorator.py
[2023-11-10T21:30:58.317+0000] {processor.py:743} INFO - Processing file /home/airflow/.local/lib/python3.7/site-packages/airflow/example_dags/example_sensor_decorator.py for tasks to queue
[2023-11-10T21:30:58.317+0000] {logging_mixin.py:137} INFO - [2023-11-10T21:30:58.317+0000] {dagbag.py:538} INFO - Filling up the DagBag from /home/airflow/.local/lib/python3.7/site-packages/airflow/example_dags/example_sensor_decorator.py
[2023-11-10T21:30:58.330+0000] {processor.py:753} INFO - DAG(s) dict_keys(['example_sensor_decorator']) retrieved from /home/airflow/.local/lib/python3.7/site-packages/airflow/example_dags/example_sensor_decorator.py
[2023-11-10T21:30:58.343+0000] {logging_mixin.py:137} INFO - [2023-11-10T21:30:58.343+0000] {dag.py:2690} INFO - Sync 1 DAGs
[2023-11-10T21:30:58.354+0000] {logging_mixin.py:137} INFO - [2023-11-10T21:30:58.354+0000] {dag.py:3441} INFO - Setting next_dagrun for example_sensor_decorator to None, run_after=None
[2023-11-10T21:30:58.363+0000] {processor.py:175} INFO - Processing /home/airflow/.local/lib/python3.7/site-packages/airflow/example_dags/example_sensor_decorator.py took 0.049 seconds
[2023-11-10T22:47:29.655+0000] {processor.py:153} INFO - Started process (PID=95620) to work on /home/airflow/.local/lib/python3.7/site-packages/airflow/example_dags/example_sensor_decorator.py
[2023-11-10T22:47:29.656+0000] {processor.py:743} INFO - Processing file /home/airflow/.local/lib/python3.7/site-packages/airflow/example_dags/example_sensor_decorator.py for tasks to queue
[2023-11-10T22:47:29.656+0000] {logging_mixin.py:137} INFO - [2023-11-10T22:47:29.656+0000] {dagbag.py:538} INFO - Filling up the DagBag from /home/airflow/.local/lib/python3.7/site-packages/airflow/example_dags/example_sensor_decorator.py
[2023-11-10T22:47:29.670+0000] {processor.py:753} INFO - DAG(s) dict_keys(['example_sensor_decorator']) retrieved from /home/airflow/.local/lib/python3.7/site-packages/airflow/example_dags/example_sensor_decorator.py
[2023-11-10T22:47:29.683+0000] {logging_mixin.py:137} INFO - [2023-11-10T22:47:29.683+0000] {dag.py:2690} INFO - Sync 1 DAGs
[2023-11-10T22:47:29.695+0000] {logging_mixin.py:137} INFO - [2023-11-10T22:47:29.695+0000] {dag.py:3441} INFO - Setting next_dagrun for example_sensor_decorator to None, run_after=None
[2023-11-10T22:47:29.704+0000] {processor.py:175} INFO - Processing /home/airflow/.local/lib/python3.7/site-packages/airflow/example_dags/example_sensor_decorator.py took 0.051 seconds
