[2023-11-14T00:12:45.979+0000] {processor.py:153} INFO - Started process (PID=6346) to work on /opt/airflow/dags/user_processing.py
[2023-11-14T00:12:45.981+0000] {processor.py:743} INFO - Processing file /opt/airflow/dags/user_processing.py for tasks to queue
[2023-11-14T00:12:45.983+0000] {logging_mixin.py:137} INFO - [2023-11-14T00:12:45.982+0000] {dagbag.py:538} INFO - Filling up the DagBag from /opt/airflow/dags/user_processing.py
[2023-11-14T00:12:46.410+0000] {processor.py:753} INFO - DAG(s) dict_keys(['user_processing']) retrieved from /opt/airflow/dags/user_processing.py
[2023-11-14T00:12:46.439+0000] {logging_mixin.py:137} INFO - [2023-11-14T00:12:46.438+0000] {dag.py:2690} INFO - Sync 1 DAGs
[2023-11-14T00:12:47.019+0000] {logging_mixin.py:137} INFO - [2023-11-14T00:12:47.019+0000] {dag.py:3441} INFO - Setting next_dagrun for user_processing to 2023-11-14T00:00:00+00:00, run_after=2023-11-15T00:00:00+00:00
[2023-11-14T00:12:47.036+0000] {processor.py:175} INFO - Processing /opt/airflow/dags/user_processing.py took 1.066 seconds
[2023-11-14T01:20:49.279+0000] {processor.py:153} INFO - Started process (PID=6432) to work on /opt/airflow/dags/user_processing.py
[2023-11-14T01:20:49.280+0000] {processor.py:743} INFO - Processing file /opt/airflow/dags/user_processing.py for tasks to queue
[2023-11-14T01:20:49.280+0000] {logging_mixin.py:137} INFO - [2023-11-14T01:20:49.280+0000] {dagbag.py:538} INFO - Filling up the DagBag from /opt/airflow/dags/user_processing.py
[2023-11-14T01:20:49.425+0000] {processor.py:753} INFO - DAG(s) dict_keys(['user_processing']) retrieved from /opt/airflow/dags/user_processing.py
[2023-11-14T01:20:49.526+0000] {logging_mixin.py:137} INFO - [2023-11-14T01:20:49.526+0000] {dag.py:2690} INFO - Sync 1 DAGs
[2023-11-14T01:20:49.537+0000] {logging_mixin.py:137} INFO - [2023-11-14T01:20:49.537+0000] {dag.py:3441} INFO - Setting next_dagrun for user_processing to 2023-11-14T00:00:00+00:00, run_after=2023-11-15T00:00:00+00:00
[2023-11-14T01:20:49.545+0000] {processor.py:175} INFO - Processing /opt/airflow/dags/user_processing.py took 0.269 seconds
[2023-11-14T02:42:41.937+0000] {processor.py:153} INFO - Started process (PID=6527) to work on /opt/airflow/dags/user_processing.py
[2023-11-14T02:42:41.939+0000] {processor.py:743} INFO - Processing file /opt/airflow/dags/user_processing.py for tasks to queue
[2023-11-14T02:42:41.940+0000] {logging_mixin.py:137} INFO - [2023-11-14T02:42:41.940+0000] {dagbag.py:538} INFO - Filling up the DagBag from /opt/airflow/dags/user_processing.py
[2023-11-14T02:42:42.133+0000] {processor.py:753} INFO - DAG(s) dict_keys(['user_processing']) retrieved from /opt/airflow/dags/user_processing.py
[2023-11-14T02:42:42.152+0000] {logging_mixin.py:137} INFO - [2023-11-14T02:42:42.152+0000] {dag.py:2690} INFO - Sync 1 DAGs
[2023-11-14T02:42:42.172+0000] {logging_mixin.py:137} INFO - [2023-11-14T02:42:42.172+0000] {dag.py:3441} INFO - Setting next_dagrun for user_processing to 2023-11-14T00:00:00+00:00, run_after=2023-11-15T00:00:00+00:00
[2023-11-14T02:42:42.316+0000] {processor.py:175} INFO - Processing /opt/airflow/dags/user_processing.py took 0.383 seconds
[2023-11-14T04:06:44.991+0000] {processor.py:153} INFO - Started process (PID=6604) to work on /opt/airflow/dags/user_processing.py
[2023-11-14T04:06:44.993+0000] {processor.py:743} INFO - Processing file /opt/airflow/dags/user_processing.py for tasks to queue
[2023-11-14T04:06:44.995+0000] {logging_mixin.py:137} INFO - [2023-11-14T04:06:44.994+0000] {dagbag.py:538} INFO - Filling up the DagBag from /opt/airflow/dags/user_processing.py
[2023-11-14T04:06:45.179+0000] {processor.py:753} INFO - DAG(s) dict_keys(['user_processing']) retrieved from /opt/airflow/dags/user_processing.py
[2023-11-14T04:06:45.196+0000] {logging_mixin.py:137} INFO - [2023-11-14T04:06:45.195+0000] {dag.py:2690} INFO - Sync 1 DAGs
[2023-11-14T04:06:45.373+0000] {logging_mixin.py:137} INFO - [2023-11-14T04:06:45.372+0000] {dag.py:3441} INFO - Setting next_dagrun for user_processing to 2023-11-14T00:00:00+00:00, run_after=2023-11-15T00:00:00+00:00
[2023-11-14T04:06:45.383+0000] {processor.py:175} INFO - Processing /opt/airflow/dags/user_processing.py took 0.400 seconds
[2023-11-14T05:29:32.869+0000] {processor.py:153} INFO - Started process (PID=6699) to work on /opt/airflow/dags/user_processing.py
[2023-11-14T05:29:32.870+0000] {processor.py:743} INFO - Processing file /opt/airflow/dags/user_processing.py for tasks to queue
[2023-11-14T05:29:32.871+0000] {logging_mixin.py:137} INFO - [2023-11-14T05:29:32.870+0000] {dagbag.py:538} INFO - Filling up the DagBag from /opt/airflow/dags/user_processing.py
[2023-11-14T05:29:33.027+0000] {processor.py:753} INFO - DAG(s) dict_keys(['user_processing']) retrieved from /opt/airflow/dags/user_processing.py
[2023-11-14T05:29:33.159+0000] {logging_mixin.py:137} INFO - [2023-11-14T05:29:33.159+0000] {dag.py:2690} INFO - Sync 1 DAGs
[2023-11-14T05:29:33.172+0000] {logging_mixin.py:137} INFO - [2023-11-14T05:29:33.172+0000] {dag.py:3441} INFO - Setting next_dagrun for user_processing to 2023-11-14T00:00:00+00:00, run_after=2023-11-15T00:00:00+00:00
[2023-11-14T05:29:33.184+0000] {processor.py:175} INFO - Processing /opt/airflow/dags/user_processing.py took 0.318 seconds
[2023-11-14T06:51:23.036+0000] {processor.py:153} INFO - Started process (PID=6794) to work on /opt/airflow/dags/user_processing.py
[2023-11-14T06:51:23.037+0000] {processor.py:743} INFO - Processing file /opt/airflow/dags/user_processing.py for tasks to queue
[2023-11-14T06:51:23.037+0000] {logging_mixin.py:137} INFO - [2023-11-14T06:51:23.037+0000] {dagbag.py:538} INFO - Filling up the DagBag from /opt/airflow/dags/user_processing.py
[2023-11-14T06:51:23.189+0000] {processor.py:753} INFO - DAG(s) dict_keys(['user_processing']) retrieved from /opt/airflow/dags/user_processing.py
[2023-11-14T06:51:23.202+0000] {logging_mixin.py:137} INFO - [2023-11-14T06:51:23.202+0000] {dag.py:2690} INFO - Sync 1 DAGs
[2023-11-14T06:51:23.214+0000] {logging_mixin.py:137} INFO - [2023-11-14T06:51:23.214+0000] {dag.py:3441} INFO - Setting next_dagrun for user_processing to 2023-11-14T00:00:00+00:00, run_after=2023-11-15T00:00:00+00:00
[2023-11-14T06:51:23.312+0000] {processor.py:175} INFO - Processing /opt/airflow/dags/user_processing.py took 0.278 seconds
[2023-11-14T08:15:16.950+0000] {processor.py:153} INFO - Started process (PID=6871) to work on /opt/airflow/dags/user_processing.py
[2023-11-14T08:15:16.951+0000] {processor.py:743} INFO - Processing file /opt/airflow/dags/user_processing.py for tasks to queue
[2023-11-14T08:15:16.951+0000] {logging_mixin.py:137} INFO - [2023-11-14T08:15:16.951+0000] {dagbag.py:538} INFO - Filling up the DagBag from /opt/airflow/dags/user_processing.py
[2023-11-14T08:15:17.139+0000] {processor.py:753} INFO - DAG(s) dict_keys(['user_processing']) retrieved from /opt/airflow/dags/user_processing.py
[2023-11-14T08:15:17.169+0000] {logging_mixin.py:137} INFO - [2023-11-14T08:15:17.168+0000] {dag.py:2690} INFO - Sync 1 DAGs
[2023-11-14T08:15:17.317+0000] {logging_mixin.py:137} INFO - [2023-11-14T08:15:17.317+0000] {dag.py:3441} INFO - Setting next_dagrun for user_processing to 2023-11-14T00:00:00+00:00, run_after=2023-11-15T00:00:00+00:00
[2023-11-14T08:15:17.328+0000] {processor.py:175} INFO - Processing /opt/airflow/dags/user_processing.py took 0.381 seconds
[2023-11-14T09:29:42.028+0000] {processor.py:153} INFO - Started process (PID=6965) to work on /opt/airflow/dags/user_processing.py
[2023-11-14T09:29:42.029+0000] {processor.py:743} INFO - Processing file /opt/airflow/dags/user_processing.py for tasks to queue
[2023-11-14T09:29:42.031+0000] {logging_mixin.py:137} INFO - [2023-11-14T09:29:42.031+0000] {dagbag.py:538} INFO - Filling up the DagBag from /opt/airflow/dags/user_processing.py
[2023-11-14T09:29:42.243+0000] {processor.py:753} INFO - DAG(s) dict_keys(['user_processing']) retrieved from /opt/airflow/dags/user_processing.py
[2023-11-14T09:29:42.437+0000] {logging_mixin.py:137} INFO - [2023-11-14T09:29:42.437+0000] {dag.py:2690} INFO - Sync 1 DAGs
[2023-11-14T09:29:42.454+0000] {logging_mixin.py:137} INFO - [2023-11-14T09:29:42.454+0000] {dag.py:3441} INFO - Setting next_dagrun for user_processing to 2023-11-14T00:00:00+00:00, run_after=2023-11-15T00:00:00+00:00
[2023-11-14T09:29:42.470+0000] {processor.py:175} INFO - Processing /opt/airflow/dags/user_processing.py took 0.448 seconds
[2023-11-14T10:51:20.012+0000] {processor.py:153} INFO - Started process (PID=7060) to work on /opt/airflow/dags/user_processing.py
[2023-11-14T10:51:20.013+0000] {processor.py:743} INFO - Processing file /opt/airflow/dags/user_processing.py for tasks to queue
[2023-11-14T10:51:20.014+0000] {logging_mixin.py:137} INFO - [2023-11-14T10:51:20.014+0000] {dagbag.py:538} INFO - Filling up the DagBag from /opt/airflow/dags/user_processing.py
[2023-11-14T10:51:20.318+0000] {processor.py:753} INFO - DAG(s) dict_keys(['user_processing']) retrieved from /opt/airflow/dags/user_processing.py
[2023-11-14T10:51:20.336+0000] {logging_mixin.py:137} INFO - [2023-11-14T10:51:20.336+0000] {dag.py:2690} INFO - Sync 1 DAGs
[2023-11-14T10:51:20.350+0000] {logging_mixin.py:137} INFO - [2023-11-14T10:51:20.350+0000] {dag.py:3441} INFO - Setting next_dagrun for user_processing to 2023-11-14T00:00:00+00:00, run_after=2023-11-15T00:00:00+00:00
[2023-11-14T10:51:20.361+0000] {processor.py:175} INFO - Processing /opt/airflow/dags/user_processing.py took 0.352 seconds
[2023-11-14T12:14:45.897+0000] {processor.py:153} INFO - Started process (PID=7137) to work on /opt/airflow/dags/user_processing.py
[2023-11-14T12:14:45.898+0000] {processor.py:743} INFO - Processing file /opt/airflow/dags/user_processing.py for tasks to queue
[2023-11-14T12:14:45.898+0000] {logging_mixin.py:137} INFO - [2023-11-14T12:14:45.898+0000] {dagbag.py:538} INFO - Filling up the DagBag from /opt/airflow/dags/user_processing.py
[2023-11-14T12:14:46.037+0000] {processor.py:753} INFO - DAG(s) dict_keys(['user_processing']) retrieved from /opt/airflow/dags/user_processing.py
[2023-11-14T12:14:46.052+0000] {logging_mixin.py:137} INFO - [2023-11-14T12:14:46.052+0000] {dag.py:2690} INFO - Sync 1 DAGs
[2023-11-14T12:14:46.195+0000] {logging_mixin.py:137} INFO - [2023-11-14T12:14:46.195+0000] {dag.py:3441} INFO - Setting next_dagrun for user_processing to 2023-11-14T00:00:00+00:00, run_after=2023-11-15T00:00:00+00:00
[2023-11-14T12:14:46.206+0000] {processor.py:175} INFO - Processing /opt/airflow/dags/user_processing.py took 0.313 seconds
[2023-11-14T13:35:02.993+0000] {processor.py:153} INFO - Started process (PID=7232) to work on /opt/airflow/dags/user_processing.py
[2023-11-14T13:35:02.994+0000] {processor.py:743} INFO - Processing file /opt/airflow/dags/user_processing.py for tasks to queue
[2023-11-14T13:35:02.995+0000] {logging_mixin.py:137} INFO - [2023-11-14T13:35:02.995+0000] {dagbag.py:538} INFO - Filling up the DagBag from /opt/airflow/dags/user_processing.py
[2023-11-14T13:35:03.197+0000] {processor.py:753} INFO - DAG(s) dict_keys(['user_processing']) retrieved from /opt/airflow/dags/user_processing.py
[2023-11-14T13:35:03.349+0000] {logging_mixin.py:137} INFO - [2023-11-14T13:35:03.349+0000] {dag.py:2690} INFO - Sync 1 DAGs
[2023-11-14T13:35:03.369+0000] {logging_mixin.py:137} INFO - [2023-11-14T13:35:03.369+0000] {dag.py:3441} INFO - Setting next_dagrun for user_processing to 2023-11-14T00:00:00+00:00, run_after=2023-11-15T00:00:00+00:00
[2023-11-14T13:35:03.380+0000] {processor.py:175} INFO - Processing /opt/airflow/dags/user_processing.py took 0.392 seconds
[2023-11-14T14:58:22.009+0000] {processor.py:153} INFO - Started process (PID=7327) to work on /opt/airflow/dags/user_processing.py
[2023-11-14T14:58:22.013+0000] {processor.py:743} INFO - Processing file /opt/airflow/dags/user_processing.py for tasks to queue
[2023-11-14T14:58:22.014+0000] {logging_mixin.py:137} INFO - [2023-11-14T14:58:22.014+0000] {dagbag.py:538} INFO - Filling up the DagBag from /opt/airflow/dags/user_processing.py
[2023-11-14T14:58:22.463+0000] {processor.py:753} INFO - DAG(s) dict_keys(['user_processing']) retrieved from /opt/airflow/dags/user_processing.py
[2023-11-14T14:58:22.522+0000] {logging_mixin.py:137} INFO - [2023-11-14T14:58:22.521+0000] {dag.py:2690} INFO - Sync 1 DAGs
[2023-11-14T14:58:22.542+0000] {logging_mixin.py:137} INFO - [2023-11-14T14:58:22.542+0000] {dag.py:3441} INFO - Setting next_dagrun for user_processing to 2023-11-14T00:00:00+00:00, run_after=2023-11-15T00:00:00+00:00
[2023-11-14T14:58:22.566+0000] {processor.py:175} INFO - Processing /opt/airflow/dags/user_processing.py took 0.561 seconds
[2023-11-14T16:19:37.008+0000] {processor.py:153} INFO - Started process (PID=7404) to work on /opt/airflow/dags/user_processing.py
[2023-11-14T16:19:37.009+0000] {processor.py:743} INFO - Processing file /opt/airflow/dags/user_processing.py for tasks to queue
[2023-11-14T16:19:37.010+0000] {logging_mixin.py:137} INFO - [2023-11-14T16:19:37.010+0000] {dagbag.py:538} INFO - Filling up the DagBag from /opt/airflow/dags/user_processing.py
[2023-11-14T16:19:37.327+0000] {processor.py:753} INFO - DAG(s) dict_keys(['user_processing']) retrieved from /opt/airflow/dags/user_processing.py
[2023-11-14T16:19:37.342+0000] {logging_mixin.py:137} INFO - [2023-11-14T16:19:37.342+0000] {dag.py:2690} INFO - Sync 1 DAGs
[2023-11-14T16:19:37.358+0000] {logging_mixin.py:137} INFO - [2023-11-14T16:19:37.358+0000] {dag.py:3441} INFO - Setting next_dagrun for user_processing to 2023-11-14T00:00:00+00:00, run_after=2023-11-15T00:00:00+00:00
[2023-11-14T16:19:37.367+0000] {processor.py:175} INFO - Processing /opt/airflow/dags/user_processing.py took 0.363 seconds
[2023-11-14T17:12:32.881+0000] {processor.py:153} INFO - Started process (PID=7499) to work on /opt/airflow/dags/user_processing.py
[2023-11-14T17:12:32.882+0000] {processor.py:743} INFO - Processing file /opt/airflow/dags/user_processing.py for tasks to queue
[2023-11-14T17:12:32.882+0000] {logging_mixin.py:137} INFO - [2023-11-14T17:12:32.882+0000] {dagbag.py:538} INFO - Filling up the DagBag from /opt/airflow/dags/user_processing.py
[2023-11-14T17:12:33.032+0000] {processor.py:753} INFO - DAG(s) dict_keys(['user_processing']) retrieved from /opt/airflow/dags/user_processing.py
[2023-11-14T17:12:33.134+0000] {logging_mixin.py:137} INFO - [2023-11-14T17:12:33.134+0000] {dag.py:2690} INFO - Sync 1 DAGs
[2023-11-14T17:12:33.146+0000] {logging_mixin.py:137} INFO - [2023-11-14T17:12:33.146+0000] {dag.py:3441} INFO - Setting next_dagrun for user_processing to 2023-11-14T00:00:00+00:00, run_after=2023-11-15T00:00:00+00:00
[2023-11-14T17:12:33.153+0000] {processor.py:175} INFO - Processing /opt/airflow/dags/user_processing.py took 0.276 seconds
[2023-11-14T18:49:18.503+0000] {processor.py:153} INFO - Started process (PID=7594) to work on /opt/airflow/dags/user_processing.py
[2023-11-14T18:49:18.505+0000] {processor.py:743} INFO - Processing file /opt/airflow/dags/user_processing.py for tasks to queue
[2023-11-14T18:49:18.506+0000] {logging_mixin.py:137} INFO - [2023-11-14T18:49:18.506+0000] {dagbag.py:538} INFO - Filling up the DagBag from /opt/airflow/dags/user_processing.py
[2023-11-14T18:49:18.883+0000] {processor.py:753} INFO - DAG(s) dict_keys(['user_processing']) retrieved from /opt/airflow/dags/user_processing.py
[2023-11-14T18:49:18.952+0000] {logging_mixin.py:137} INFO - [2023-11-14T18:49:18.951+0000] {dag.py:2690} INFO - Sync 1 DAGs
[2023-11-14T18:49:18.966+0000] {logging_mixin.py:137} INFO - [2023-11-14T18:49:18.966+0000] {dag.py:3441} INFO - Setting next_dagrun for user_processing to 2023-11-14T00:00:00+00:00, run_after=2023-11-15T00:00:00+00:00
[2023-11-14T18:49:18.987+0000] {processor.py:175} INFO - Processing /opt/airflow/dags/user_processing.py took 0.490 seconds
[2023-11-14T20:10:02.511+0000] {processor.py:153} INFO - Started process (PID=7671) to work on /opt/airflow/dags/user_processing.py
[2023-11-14T20:10:02.513+0000] {processor.py:743} INFO - Processing file /opt/airflow/dags/user_processing.py for tasks to queue
[2023-11-14T20:10:02.515+0000] {logging_mixin.py:137} INFO - [2023-11-14T20:10:02.515+0000] {dagbag.py:538} INFO - Filling up the DagBag from /opt/airflow/dags/user_processing.py
[2023-11-14T20:10:02.892+0000] {processor.py:753} INFO - DAG(s) dict_keys(['user_processing']) retrieved from /opt/airflow/dags/user_processing.py
[2023-11-14T20:10:02.910+0000] {logging_mixin.py:137} INFO - [2023-11-14T20:10:02.909+0000] {dag.py:2690} INFO - Sync 1 DAGs
[2023-11-14T20:10:02.924+0000] {logging_mixin.py:137} INFO - [2023-11-14T20:10:02.924+0000] {dag.py:3441} INFO - Setting next_dagrun for user_processing to 2023-11-14T00:00:00+00:00, run_after=2023-11-15T00:00:00+00:00
[2023-11-14T20:10:02.935+0000] {processor.py:175} INFO - Processing /opt/airflow/dags/user_processing.py took 0.432 seconds
[2023-11-14T21:46:20.602+0000] {processor.py:153} INFO - Started process (PID=7766) to work on /opt/airflow/dags/user_processing.py
[2023-11-14T21:46:20.603+0000] {processor.py:743} INFO - Processing file /opt/airflow/dags/user_processing.py for tasks to queue
[2023-11-14T21:46:20.604+0000] {logging_mixin.py:137} INFO - [2023-11-14T21:46:20.604+0000] {dagbag.py:538} INFO - Filling up the DagBag from /opt/airflow/dags/user_processing.py
[2023-11-14T21:46:20.739+0000] {processor.py:753} INFO - DAG(s) dict_keys(['user_processing']) retrieved from /opt/airflow/dags/user_processing.py
[2023-11-14T21:46:20.841+0000] {logging_mixin.py:137} INFO - [2023-11-14T21:46:20.841+0000] {dag.py:2690} INFO - Sync 1 DAGs
[2023-11-14T21:46:20.852+0000] {logging_mixin.py:137} INFO - [2023-11-14T21:46:20.852+0000] {dag.py:3441} INFO - Setting next_dagrun for user_processing to 2023-11-14T00:00:00+00:00, run_after=2023-11-15T00:00:00+00:00
[2023-11-14T21:46:20.860+0000] {processor.py:175} INFO - Processing /opt/airflow/dags/user_processing.py took 0.261 seconds
[2023-11-14T21:46:51.699+0000] {processor.py:153} INFO - Started process (PID=7861) to work on /opt/airflow/dags/user_processing.py
[2023-11-14T21:46:51.700+0000] {processor.py:743} INFO - Processing file /opt/airflow/dags/user_processing.py for tasks to queue
[2023-11-14T21:46:51.702+0000] {logging_mixin.py:137} INFO - [2023-11-14T21:46:51.702+0000] {dagbag.py:538} INFO - Filling up the DagBag from /opt/airflow/dags/user_processing.py
[2023-11-14T21:46:51.957+0000] {processor.py:753} INFO - DAG(s) dict_keys(['user_processing']) retrieved from /opt/airflow/dags/user_processing.py
[2023-11-14T21:46:51.967+0000] {logging_mixin.py:137} INFO - [2023-11-14T21:46:51.967+0000] {dag.py:2690} INFO - Sync 1 DAGs
[2023-11-14T21:46:51.978+0000] {logging_mixin.py:137} INFO - [2023-11-14T21:46:51.978+0000] {dag.py:3441} INFO - Setting next_dagrun for user_processing to 2023-11-14T00:00:00+00:00, run_after=2023-11-15T00:00:00+00:00
[2023-11-14T21:46:51.987+0000] {processor.py:175} INFO - Processing /opt/airflow/dags/user_processing.py took 0.294 seconds
[2023-11-14T21:47:22.636+0000] {processor.py:153} INFO - Started process (PID=7947) to work on /opt/airflow/dags/user_processing.py
[2023-11-14T21:47:22.637+0000] {processor.py:743} INFO - Processing file /opt/airflow/dags/user_processing.py for tasks to queue
[2023-11-14T21:47:22.638+0000] {logging_mixin.py:137} INFO - [2023-11-14T21:47:22.638+0000] {dagbag.py:538} INFO - Filling up the DagBag from /opt/airflow/dags/user_processing.py
[2023-11-14T21:47:22.941+0000] {processor.py:753} INFO - DAG(s) dict_keys(['user_processing']) retrieved from /opt/airflow/dags/user_processing.py
[2023-11-14T21:47:22.952+0000] {logging_mixin.py:137} INFO - [2023-11-14T21:47:22.952+0000] {dag.py:2690} INFO - Sync 1 DAGs
[2023-11-14T21:47:22.966+0000] {logging_mixin.py:137} INFO - [2023-11-14T21:47:22.966+0000] {dag.py:3441} INFO - Setting next_dagrun for user_processing to 2023-11-14T00:00:00+00:00, run_after=2023-11-15T00:00:00+00:00
[2023-11-14T21:47:22.975+0000] {processor.py:175} INFO - Processing /opt/airflow/dags/user_processing.py took 0.341 seconds
[2023-11-14T23:08:36.646+0000] {processor.py:153} INFO - Started process (PID=8033) to work on /opt/airflow/dags/user_processing.py
[2023-11-14T23:08:36.647+0000] {processor.py:743} INFO - Processing file /opt/airflow/dags/user_processing.py for tasks to queue
[2023-11-14T23:08:36.647+0000] {logging_mixin.py:137} INFO - [2023-11-14T23:08:36.647+0000] {dagbag.py:538} INFO - Filling up the DagBag from /opt/airflow/dags/user_processing.py
[2023-11-14T23:08:36.915+0000] {processor.py:753} INFO - DAG(s) dict_keys(['user_processing']) retrieved from /opt/airflow/dags/user_processing.py
[2023-11-14T23:08:36.926+0000] {logging_mixin.py:137} INFO - [2023-11-14T23:08:36.925+0000] {dag.py:2690} INFO - Sync 1 DAGs
[2023-11-14T23:08:36.941+0000] {logging_mixin.py:137} INFO - [2023-11-14T23:08:36.940+0000] {dag.py:3441} INFO - Setting next_dagrun for user_processing to 2023-11-14T00:00:00+00:00, run_after=2023-11-15T00:00:00+00:00
[2023-11-14T23:08:36.954+0000] {processor.py:175} INFO - Processing /opt/airflow/dags/user_processing.py took 0.311 seconds
