[2023-11-09T00:44:07.188+0000] {processor.py:153} INFO - Started process (PID=92042) to work on /home/airflow/.local/lib/python3.7/site-packages/airflow/example_dags/example_bash_operator.py
[2023-11-09T00:44:07.189+0000] {processor.py:743} INFO - Processing file /home/airflow/.local/lib/python3.7/site-packages/airflow/example_dags/example_bash_operator.py for tasks to queue
[2023-11-09T00:44:07.189+0000] {logging_mixin.py:137} INFO - [2023-11-09T00:44:07.189+0000] {dagbag.py:538} INFO - Filling up the DagBag from /home/airflow/.local/lib/python3.7/site-packages/airflow/example_dags/example_bash_operator.py
[2023-11-09T00:44:07.216+0000] {processor.py:753} INFO - DAG(s) dict_keys(['example_bash_operator']) retrieved from /home/airflow/.local/lib/python3.7/site-packages/airflow/example_dags/example_bash_operator.py
[2023-11-09T00:44:07.244+0000] {logging_mixin.py:137} INFO - [2023-11-09T00:44:07.244+0000] {dag.py:2690} INFO - Sync 1 DAGs
[2023-11-09T00:44:07.260+0000] {logging_mixin.py:137} INFO - [2023-11-09T00:44:07.260+0000] {dag.py:3441} INFO - Setting next_dagrun for example_bash_operator to 2023-11-08T00:00:00+00:00, run_after=2023-11-09T00:00:00+00:00
[2023-11-09T00:44:07.269+0000] {processor.py:175} INFO - Processing /home/airflow/.local/lib/python3.7/site-packages/airflow/example_dags/example_bash_operator.py took 0.082 seconds
[2023-11-09T02:09:23.059+0000] {processor.py:153} INFO - Started process (PID=92137) to work on /home/airflow/.local/lib/python3.7/site-packages/airflow/example_dags/example_bash_operator.py
[2023-11-09T02:09:23.060+0000] {processor.py:743} INFO - Processing file /home/airflow/.local/lib/python3.7/site-packages/airflow/example_dags/example_bash_operator.py for tasks to queue
[2023-11-09T02:09:23.060+0000] {logging_mixin.py:137} INFO - [2023-11-09T02:09:23.060+0000] {dagbag.py:538} INFO - Filling up the DagBag from /home/airflow/.local/lib/python3.7/site-packages/airflow/example_dags/example_bash_operator.py
[2023-11-09T02:09:23.073+0000] {processor.py:753} INFO - DAG(s) dict_keys(['example_bash_operator']) retrieved from /home/airflow/.local/lib/python3.7/site-packages/airflow/example_dags/example_bash_operator.py
[2023-11-09T02:09:23.092+0000] {logging_mixin.py:137} INFO - [2023-11-09T02:09:23.092+0000] {dag.py:2690} INFO - Sync 1 DAGs
[2023-11-09T02:09:23.105+0000] {logging_mixin.py:137} INFO - [2023-11-09T02:09:23.104+0000] {dag.py:3441} INFO - Setting next_dagrun for example_bash_operator to 2023-11-08T00:00:00+00:00, run_after=2023-11-09T00:00:00+00:00
[2023-11-09T02:09:23.113+0000] {processor.py:175} INFO - Processing /home/airflow/.local/lib/python3.7/site-packages/airflow/example_dags/example_bash_operator.py took 0.056 seconds
[2023-11-09T03:31:15.623+0000] {processor.py:153} INFO - Started process (PID=92232) to work on /home/airflow/.local/lib/python3.7/site-packages/airflow/example_dags/example_bash_operator.py
[2023-11-09T03:31:15.624+0000] {processor.py:743} INFO - Processing file /home/airflow/.local/lib/python3.7/site-packages/airflow/example_dags/example_bash_operator.py for tasks to queue
[2023-11-09T03:31:15.625+0000] {logging_mixin.py:137} INFO - [2023-11-09T03:31:15.625+0000] {dagbag.py:538} INFO - Filling up the DagBag from /home/airflow/.local/lib/python3.7/site-packages/airflow/example_dags/example_bash_operator.py
[2023-11-09T03:31:15.639+0000] {processor.py:753} INFO - DAG(s) dict_keys(['example_bash_operator']) retrieved from /home/airflow/.local/lib/python3.7/site-packages/airflow/example_dags/example_bash_operator.py
[2023-11-09T03:31:15.657+0000] {logging_mixin.py:137} INFO - [2023-11-09T03:31:15.657+0000] {dag.py:2690} INFO - Sync 1 DAGs
[2023-11-09T03:31:15.670+0000] {logging_mixin.py:137} INFO - [2023-11-09T03:31:15.670+0000] {dag.py:3441} INFO - Setting next_dagrun for example_bash_operator to 2023-11-08T00:00:00+00:00, run_after=2023-11-09T00:00:00+00:00
[2023-11-09T03:31:15.679+0000] {processor.py:175} INFO - Processing /home/airflow/.local/lib/python3.7/site-packages/airflow/example_dags/example_bash_operator.py took 0.058 seconds
[2023-11-09T04:52:54.637+0000] {processor.py:153} INFO - Started process (PID=92309) to work on /home/airflow/.local/lib/python3.7/site-packages/airflow/example_dags/example_bash_operator.py
[2023-11-09T04:52:54.638+0000] {processor.py:743} INFO - Processing file /home/airflow/.local/lib/python3.7/site-packages/airflow/example_dags/example_bash_operator.py for tasks to queue
[2023-11-09T04:52:54.641+0000] {logging_mixin.py:137} INFO - [2023-11-09T04:52:54.641+0000] {dagbag.py:538} INFO - Filling up the DagBag from /home/airflow/.local/lib/python3.7/site-packages/airflow/example_dags/example_bash_operator.py
[2023-11-09T04:52:54.661+0000] {processor.py:753} INFO - DAG(s) dict_keys(['example_bash_operator']) retrieved from /home/airflow/.local/lib/python3.7/site-packages/airflow/example_dags/example_bash_operator.py
[2023-11-09T04:52:54.685+0000] {logging_mixin.py:137} INFO - [2023-11-09T04:52:54.684+0000] {dag.py:2690} INFO - Sync 1 DAGs
[2023-11-09T04:52:54.702+0000] {logging_mixin.py:137} INFO - [2023-11-09T04:52:54.701+0000] {dag.py:3441} INFO - Setting next_dagrun for example_bash_operator to 2023-11-08T00:00:00+00:00, run_after=2023-11-09T00:00:00+00:00
[2023-11-09T04:52:54.714+0000] {processor.py:175} INFO - Processing /home/airflow/.local/lib/python3.7/site-packages/airflow/example_dags/example_bash_operator.py took 0.086 seconds
[2023-11-09T06:15:50.933+0000] {processor.py:153} INFO - Started process (PID=92404) to work on /home/airflow/.local/lib/python3.7/site-packages/airflow/example_dags/example_bash_operator.py
[2023-11-09T06:15:50.934+0000] {processor.py:743} INFO - Processing file /home/airflow/.local/lib/python3.7/site-packages/airflow/example_dags/example_bash_operator.py for tasks to queue
[2023-11-09T06:15:50.935+0000] {logging_mixin.py:137} INFO - [2023-11-09T06:15:50.935+0000] {dagbag.py:538} INFO - Filling up the DagBag from /home/airflow/.local/lib/python3.7/site-packages/airflow/example_dags/example_bash_operator.py
[2023-11-09T06:15:50.951+0000] {processor.py:753} INFO - DAG(s) dict_keys(['example_bash_operator']) retrieved from /home/airflow/.local/lib/python3.7/site-packages/airflow/example_dags/example_bash_operator.py
[2023-11-09T06:15:50.981+0000] {logging_mixin.py:137} INFO - [2023-11-09T06:15:50.981+0000] {dag.py:2690} INFO - Sync 1 DAGs
[2023-11-09T06:15:51.000+0000] {logging_mixin.py:137} INFO - [2023-11-09T06:15:51.000+0000] {dag.py:3441} INFO - Setting next_dagrun for example_bash_operator to 2023-11-08T00:00:00+00:00, run_after=2023-11-09T00:00:00+00:00
[2023-11-09T06:15:51.011+0000] {processor.py:175} INFO - Processing /home/airflow/.local/lib/python3.7/site-packages/airflow/example_dags/example_bash_operator.py took 0.080 seconds
[2023-11-09T07:41:09.971+0000] {processor.py:153} INFO - Started process (PID=92499) to work on /home/airflow/.local/lib/python3.7/site-packages/airflow/example_dags/example_bash_operator.py
[2023-11-09T07:41:09.972+0000] {processor.py:743} INFO - Processing file /home/airflow/.local/lib/python3.7/site-packages/airflow/example_dags/example_bash_operator.py for tasks to queue
[2023-11-09T07:41:09.974+0000] {logging_mixin.py:137} INFO - [2023-11-09T07:41:09.974+0000] {dagbag.py:538} INFO - Filling up the DagBag from /home/airflow/.local/lib/python3.7/site-packages/airflow/example_dags/example_bash_operator.py
[2023-11-09T07:41:10.007+0000] {processor.py:753} INFO - DAG(s) dict_keys(['example_bash_operator']) retrieved from /home/airflow/.local/lib/python3.7/site-packages/airflow/example_dags/example_bash_operator.py
[2023-11-09T07:41:10.042+0000] {logging_mixin.py:137} INFO - [2023-11-09T07:41:10.042+0000] {dag.py:2690} INFO - Sync 1 DAGs
[2023-11-09T07:41:10.066+0000] {logging_mixin.py:137} INFO - [2023-11-09T07:41:10.066+0000] {dag.py:3441} INFO - Setting next_dagrun for example_bash_operator to 2023-11-08T00:00:00+00:00, run_after=2023-11-09T00:00:00+00:00
[2023-11-09T07:41:10.082+0000] {processor.py:175} INFO - Processing /home/airflow/.local/lib/python3.7/site-packages/airflow/example_dags/example_bash_operator.py took 0.115 seconds
[2023-11-09T09:03:44.653+0000] {processor.py:153} INFO - Started process (PID=92576) to work on /home/airflow/.local/lib/python3.7/site-packages/airflow/example_dags/example_bash_operator.py
[2023-11-09T09:03:44.653+0000] {processor.py:743} INFO - Processing file /home/airflow/.local/lib/python3.7/site-packages/airflow/example_dags/example_bash_operator.py for tasks to queue
[2023-11-09T09:03:44.654+0000] {logging_mixin.py:137} INFO - [2023-11-09T09:03:44.654+0000] {dagbag.py:538} INFO - Filling up the DagBag from /home/airflow/.local/lib/python3.7/site-packages/airflow/example_dags/example_bash_operator.py
[2023-11-09T09:03:44.667+0000] {processor.py:753} INFO - DAG(s) dict_keys(['example_bash_operator']) retrieved from /home/airflow/.local/lib/python3.7/site-packages/airflow/example_dags/example_bash_operator.py
[2023-11-09T09:03:44.684+0000] {logging_mixin.py:137} INFO - [2023-11-09T09:03:44.684+0000] {dag.py:2690} INFO - Sync 1 DAGs
[2023-11-09T09:03:44.697+0000] {logging_mixin.py:137} INFO - [2023-11-09T09:03:44.697+0000] {dag.py:3441} INFO - Setting next_dagrun for example_bash_operator to 2023-11-08T00:00:00+00:00, run_after=2023-11-09T00:00:00+00:00
[2023-11-09T09:03:44.705+0000] {processor.py:175} INFO - Processing /home/airflow/.local/lib/python3.7/site-packages/airflow/example_dags/example_bash_operator.py took 0.054 seconds
[2023-11-09T10:26:53.243+0000] {processor.py:153} INFO - Started process (PID=92671) to work on /home/airflow/.local/lib/python3.7/site-packages/airflow/example_dags/example_bash_operator.py
[2023-11-09T10:26:53.244+0000] {processor.py:743} INFO - Processing file /home/airflow/.local/lib/python3.7/site-packages/airflow/example_dags/example_bash_operator.py for tasks to queue
[2023-11-09T10:26:53.244+0000] {logging_mixin.py:137} INFO - [2023-11-09T10:26:53.244+0000] {dagbag.py:538} INFO - Filling up the DagBag from /home/airflow/.local/lib/python3.7/site-packages/airflow/example_dags/example_bash_operator.py
[2023-11-09T10:26:53.257+0000] {processor.py:753} INFO - DAG(s) dict_keys(['example_bash_operator']) retrieved from /home/airflow/.local/lib/python3.7/site-packages/airflow/example_dags/example_bash_operator.py
[2023-11-09T10:26:53.274+0000] {logging_mixin.py:137} INFO - [2023-11-09T10:26:53.274+0000] {dag.py:2690} INFO - Sync 1 DAGs
[2023-11-09T10:26:53.287+0000] {logging_mixin.py:137} INFO - [2023-11-09T10:26:53.287+0000] {dag.py:3441} INFO - Setting next_dagrun for example_bash_operator to 2023-11-08T00:00:00+00:00, run_after=2023-11-09T00:00:00+00:00
[2023-11-09T10:26:53.294+0000] {processor.py:175} INFO - Processing /home/airflow/.local/lib/python3.7/site-packages/airflow/example_dags/example_bash_operator.py took 0.054 seconds
[2023-11-09T11:49:36.442+0000] {processor.py:153} INFO - Started process (PID=92766) to work on /home/airflow/.local/lib/python3.7/site-packages/airflow/example_dags/example_bash_operator.py
[2023-11-09T11:49:36.443+0000] {processor.py:743} INFO - Processing file /home/airflow/.local/lib/python3.7/site-packages/airflow/example_dags/example_bash_operator.py for tasks to queue
[2023-11-09T11:49:36.443+0000] {logging_mixin.py:137} INFO - [2023-11-09T11:49:36.443+0000] {dagbag.py:538} INFO - Filling up the DagBag from /home/airflow/.local/lib/python3.7/site-packages/airflow/example_dags/example_bash_operator.py
[2023-11-09T11:49:36.456+0000] {processor.py:753} INFO - DAG(s) dict_keys(['example_bash_operator']) retrieved from /home/airflow/.local/lib/python3.7/site-packages/airflow/example_dags/example_bash_operator.py
[2023-11-09T11:49:36.474+0000] {logging_mixin.py:137} INFO - [2023-11-09T11:49:36.474+0000] {dag.py:2690} INFO - Sync 1 DAGs
[2023-11-09T11:49:36.487+0000] {logging_mixin.py:137} INFO - [2023-11-09T11:49:36.487+0000] {dag.py:3441} INFO - Setting next_dagrun for example_bash_operator to 2023-11-08T00:00:00+00:00, run_after=2023-11-09T00:00:00+00:00
[2023-11-09T11:49:36.498+0000] {processor.py:175} INFO - Processing /home/airflow/.local/lib/python3.7/site-packages/airflow/example_dags/example_bash_operator.py took 0.058 seconds
[2023-11-09T12:30:55.806+0000] {processor.py:153} INFO - Started process (PID=92843) to work on /home/airflow/.local/lib/python3.7/site-packages/airflow/example_dags/example_bash_operator.py
[2023-11-09T12:30:55.807+0000] {processor.py:743} INFO - Processing file /home/airflow/.local/lib/python3.7/site-packages/airflow/example_dags/example_bash_operator.py for tasks to queue
[2023-11-09T12:30:55.808+0000] {logging_mixin.py:137} INFO - [2023-11-09T12:30:55.808+0000] {dagbag.py:538} INFO - Filling up the DagBag from /home/airflow/.local/lib/python3.7/site-packages/airflow/example_dags/example_bash_operator.py
[2023-11-09T12:30:55.830+0000] {processor.py:753} INFO - DAG(s) dict_keys(['example_bash_operator']) retrieved from /home/airflow/.local/lib/python3.7/site-packages/airflow/example_dags/example_bash_operator.py
[2023-11-09T12:30:55.851+0000] {logging_mixin.py:137} INFO - [2023-11-09T12:30:55.851+0000] {dag.py:2690} INFO - Sync 1 DAGs
[2023-11-09T12:30:55.866+0000] {logging_mixin.py:137} INFO - [2023-11-09T12:30:55.866+0000] {dag.py:3441} INFO - Setting next_dagrun for example_bash_operator to 2023-11-08T00:00:00+00:00, run_after=2023-11-09T00:00:00+00:00
[2023-11-09T12:30:55.877+0000] {processor.py:175} INFO - Processing /home/airflow/.local/lib/python3.7/site-packages/airflow/example_dags/example_bash_operator.py took 0.074 seconds
[2023-11-09T12:31:26.660+0000] {processor.py:153} INFO - Started process (PID=92938) to work on /home/airflow/.local/lib/python3.7/site-packages/airflow/example_dags/example_bash_operator.py
[2023-11-09T12:31:26.660+0000] {processor.py:743} INFO - Processing file /home/airflow/.local/lib/python3.7/site-packages/airflow/example_dags/example_bash_operator.py for tasks to queue
[2023-11-09T12:31:26.661+0000] {logging_mixin.py:137} INFO - [2023-11-09T12:31:26.661+0000] {dagbag.py:538} INFO - Filling up the DagBag from /home/airflow/.local/lib/python3.7/site-packages/airflow/example_dags/example_bash_operator.py
[2023-11-09T12:31:26.675+0000] {processor.py:753} INFO - DAG(s) dict_keys(['example_bash_operator']) retrieved from /home/airflow/.local/lib/python3.7/site-packages/airflow/example_dags/example_bash_operator.py
[2023-11-09T12:31:26.694+0000] {logging_mixin.py:137} INFO - [2023-11-09T12:31:26.694+0000] {dag.py:2690} INFO - Sync 1 DAGs
[2023-11-09T12:31:26.707+0000] {logging_mixin.py:137} INFO - [2023-11-09T12:31:26.707+0000] {dag.py:3441} INFO - Setting next_dagrun for example_bash_operator to 2023-11-08T00:00:00+00:00, run_after=2023-11-09T00:00:00+00:00
[2023-11-09T12:31:26.717+0000] {processor.py:175} INFO - Processing /home/airflow/.local/lib/python3.7/site-packages/airflow/example_dags/example_bash_operator.py took 0.059 seconds
[2023-11-09T12:31:57.505+0000] {processor.py:153} INFO - Started process (PID=93033) to work on /home/airflow/.local/lib/python3.7/site-packages/airflow/example_dags/example_bash_operator.py
[2023-11-09T12:31:57.506+0000] {processor.py:743} INFO - Processing file /home/airflow/.local/lib/python3.7/site-packages/airflow/example_dags/example_bash_operator.py for tasks to queue
[2023-11-09T12:31:57.506+0000] {logging_mixin.py:137} INFO - [2023-11-09T12:31:57.506+0000] {dagbag.py:538} INFO - Filling up the DagBag from /home/airflow/.local/lib/python3.7/site-packages/airflow/example_dags/example_bash_operator.py
[2023-11-09T12:31:57.520+0000] {processor.py:753} INFO - DAG(s) dict_keys(['example_bash_operator']) retrieved from /home/airflow/.local/lib/python3.7/site-packages/airflow/example_dags/example_bash_operator.py
[2023-11-09T12:31:57.539+0000] {logging_mixin.py:137} INFO - [2023-11-09T12:31:57.539+0000] {dag.py:2690} INFO - Sync 1 DAGs
[2023-11-09T12:31:57.552+0000] {logging_mixin.py:137} INFO - [2023-11-09T12:31:57.552+0000] {dag.py:3441} INFO - Setting next_dagrun for example_bash_operator to 2023-11-08T00:00:00+00:00, run_after=2023-11-09T00:00:00+00:00
[2023-11-09T12:31:57.561+0000] {processor.py:175} INFO - Processing /home/airflow/.local/lib/python3.7/site-packages/airflow/example_dags/example_bash_operator.py took 0.058 seconds
[2023-11-09T12:32:28.439+0000] {processor.py:153} INFO - Started process (PID=93120) to work on /home/airflow/.local/lib/python3.7/site-packages/airflow/example_dags/example_bash_operator.py
[2023-11-09T12:32:28.440+0000] {processor.py:743} INFO - Processing file /home/airflow/.local/lib/python3.7/site-packages/airflow/example_dags/example_bash_operator.py for tasks to queue
[2023-11-09T12:32:28.440+0000] {logging_mixin.py:137} INFO - [2023-11-09T12:32:28.440+0000] {dagbag.py:538} INFO - Filling up the DagBag from /home/airflow/.local/lib/python3.7/site-packages/airflow/example_dags/example_bash_operator.py
[2023-11-09T12:32:28.456+0000] {processor.py:753} INFO - DAG(s) dict_keys(['example_bash_operator']) retrieved from /home/airflow/.local/lib/python3.7/site-packages/airflow/example_dags/example_bash_operator.py
[2023-11-09T12:32:28.474+0000] {logging_mixin.py:137} INFO - [2023-11-09T12:32:28.474+0000] {dag.py:2690} INFO - Sync 1 DAGs
[2023-11-09T12:32:28.488+0000] {logging_mixin.py:137} INFO - [2023-11-09T12:32:28.488+0000] {dag.py:3441} INFO - Setting next_dagrun for example_bash_operator to 2023-11-08T00:00:00+00:00, run_after=2023-11-09T00:00:00+00:00
[2023-11-09T12:32:28.498+0000] {processor.py:175} INFO - Processing /home/airflow/.local/lib/python3.7/site-packages/airflow/example_dags/example_bash_operator.py took 0.061 seconds
[2023-11-09T12:44:15.406+0000] {processor.py:153} INFO - Started process (PID=93206) to work on /home/airflow/.local/lib/python3.7/site-packages/airflow/example_dags/example_bash_operator.py
[2023-11-09T12:44:15.406+0000] {processor.py:743} INFO - Processing file /home/airflow/.local/lib/python3.7/site-packages/airflow/example_dags/example_bash_operator.py for tasks to queue
[2023-11-09T12:44:15.407+0000] {logging_mixin.py:137} INFO - [2023-11-09T12:44:15.407+0000] {dagbag.py:538} INFO - Filling up the DagBag from /home/airflow/.local/lib/python3.7/site-packages/airflow/example_dags/example_bash_operator.py
[2023-11-09T12:44:15.420+0000] {processor.py:753} INFO - DAG(s) dict_keys(['example_bash_operator']) retrieved from /home/airflow/.local/lib/python3.7/site-packages/airflow/example_dags/example_bash_operator.py
[2023-11-09T12:44:15.438+0000] {logging_mixin.py:137} INFO - [2023-11-09T12:44:15.438+0000] {dag.py:2690} INFO - Sync 1 DAGs
[2023-11-09T12:44:15.450+0000] {logging_mixin.py:137} INFO - [2023-11-09T12:44:15.450+0000] {dag.py:3441} INFO - Setting next_dagrun for example_bash_operator to 2023-11-08T00:00:00+00:00, run_after=2023-11-09T00:00:00+00:00
[2023-11-09T12:44:15.459+0000] {processor.py:175} INFO - Processing /home/airflow/.local/lib/python3.7/site-packages/airflow/example_dags/example_bash_operator.py took 0.055 seconds
[2023-11-09T13:02:54.210+0000] {processor.py:153} INFO - Started process (PID=93301) to work on /home/airflow/.local/lib/python3.7/site-packages/airflow/example_dags/example_bash_operator.py
[2023-11-09T13:02:54.210+0000] {processor.py:743} INFO - Processing file /home/airflow/.local/lib/python3.7/site-packages/airflow/example_dags/example_bash_operator.py for tasks to queue
[2023-11-09T13:02:54.211+0000] {logging_mixin.py:137} INFO - [2023-11-09T13:02:54.211+0000] {dagbag.py:538} INFO - Filling up the DagBag from /home/airflow/.local/lib/python3.7/site-packages/airflow/example_dags/example_bash_operator.py
[2023-11-09T13:02:54.227+0000] {processor.py:753} INFO - DAG(s) dict_keys(['example_bash_operator']) retrieved from /home/airflow/.local/lib/python3.7/site-packages/airflow/example_dags/example_bash_operator.py
[2023-11-09T13:02:54.250+0000] {logging_mixin.py:137} INFO - [2023-11-09T13:02:54.250+0000] {dag.py:2690} INFO - Sync 1 DAGs
[2023-11-09T13:02:54.266+0000] {logging_mixin.py:137} INFO - [2023-11-09T13:02:54.266+0000] {dag.py:3441} INFO - Setting next_dagrun for example_bash_operator to 2023-11-08T00:00:00+00:00, run_after=2023-11-09T00:00:00+00:00
[2023-11-09T13:02:54.277+0000] {processor.py:175} INFO - Processing /home/airflow/.local/lib/python3.7/site-packages/airflow/example_dags/example_bash_operator.py took 0.071 seconds
[2023-11-09T13:55:42.086+0000] {processor.py:153} INFO - Started process (PID=93378) to work on /home/airflow/.local/lib/python3.7/site-packages/airflow/example_dags/example_bash_operator.py
[2023-11-09T13:55:42.086+0000] {processor.py:743} INFO - Processing file /home/airflow/.local/lib/python3.7/site-packages/airflow/example_dags/example_bash_operator.py for tasks to queue
[2023-11-09T13:55:42.087+0000] {logging_mixin.py:137} INFO - [2023-11-09T13:55:42.086+0000] {dagbag.py:538} INFO - Filling up the DagBag from /home/airflow/.local/lib/python3.7/site-packages/airflow/example_dags/example_bash_operator.py
[2023-11-09T13:55:42.099+0000] {processor.py:753} INFO - DAG(s) dict_keys(['example_bash_operator']) retrieved from /home/airflow/.local/lib/python3.7/site-packages/airflow/example_dags/example_bash_operator.py
[2023-11-09T13:55:42.118+0000] {logging_mixin.py:137} INFO - [2023-11-09T13:55:42.117+0000] {dag.py:2690} INFO - Sync 1 DAGs
[2023-11-09T13:55:42.130+0000] {logging_mixin.py:137} INFO - [2023-11-09T13:55:42.130+0000] {dag.py:3441} INFO - Setting next_dagrun for example_bash_operator to 2023-11-08T00:00:00+00:00, run_after=2023-11-09T00:00:00+00:00
[2023-11-09T13:55:42.138+0000] {processor.py:175} INFO - Processing /home/airflow/.local/lib/python3.7/site-packages/airflow/example_dags/example_bash_operator.py took 0.055 seconds
[2023-11-09T15:17:02.257+0000] {processor.py:153} INFO - Started process (PID=93473) to work on /home/airflow/.local/lib/python3.7/site-packages/airflow/example_dags/example_bash_operator.py
[2023-11-09T15:17:02.257+0000] {processor.py:743} INFO - Processing file /home/airflow/.local/lib/python3.7/site-packages/airflow/example_dags/example_bash_operator.py for tasks to queue
[2023-11-09T15:17:02.258+0000] {logging_mixin.py:137} INFO - [2023-11-09T15:17:02.257+0000] {dagbag.py:538} INFO - Filling up the DagBag from /home/airflow/.local/lib/python3.7/site-packages/airflow/example_dags/example_bash_operator.py
[2023-11-09T15:17:02.270+0000] {processor.py:753} INFO - DAG(s) dict_keys(['example_bash_operator']) retrieved from /home/airflow/.local/lib/python3.7/site-packages/airflow/example_dags/example_bash_operator.py
[2023-11-09T15:17:02.287+0000] {logging_mixin.py:137} INFO - [2023-11-09T15:17:02.287+0000] {dag.py:2690} INFO - Sync 1 DAGs
[2023-11-09T15:17:02.301+0000] {logging_mixin.py:137} INFO - [2023-11-09T15:17:02.300+0000] {dag.py:3441} INFO - Setting next_dagrun for example_bash_operator to 2023-11-08T00:00:00+00:00, run_after=2023-11-09T00:00:00+00:00
[2023-11-09T15:17:02.309+0000] {processor.py:175} INFO - Processing /home/airflow/.local/lib/python3.7/site-packages/airflow/example_dags/example_bash_operator.py took 0.054 seconds
[2023-11-09T16:39:34.077+0000] {processor.py:153} INFO - Started process (PID=93568) to work on /home/airflow/.local/lib/python3.7/site-packages/airflow/example_dags/example_bash_operator.py
[2023-11-09T16:39:34.078+0000] {processor.py:743} INFO - Processing file /home/airflow/.local/lib/python3.7/site-packages/airflow/example_dags/example_bash_operator.py for tasks to queue
[2023-11-09T16:39:34.078+0000] {logging_mixin.py:137} INFO - [2023-11-09T16:39:34.078+0000] {dagbag.py:538} INFO - Filling up the DagBag from /home/airflow/.local/lib/python3.7/site-packages/airflow/example_dags/example_bash_operator.py
[2023-11-09T16:39:34.091+0000] {processor.py:753} INFO - DAG(s) dict_keys(['example_bash_operator']) retrieved from /home/airflow/.local/lib/python3.7/site-packages/airflow/example_dags/example_bash_operator.py
[2023-11-09T16:39:34.109+0000] {logging_mixin.py:137} INFO - [2023-11-09T16:39:34.109+0000] {dag.py:2690} INFO - Sync 1 DAGs
[2023-11-09T16:39:34.122+0000] {logging_mixin.py:137} INFO - [2023-11-09T16:39:34.122+0000] {dag.py:3441} INFO - Setting next_dagrun for example_bash_operator to 2023-11-08T00:00:00+00:00, run_after=2023-11-09T00:00:00+00:00
[2023-11-09T16:39:34.131+0000] {processor.py:175} INFO - Processing /home/airflow/.local/lib/python3.7/site-packages/airflow/example_dags/example_bash_operator.py took 0.057 seconds
[2023-11-09T18:02:10.044+0000] {processor.py:153} INFO - Started process (PID=93645) to work on /home/airflow/.local/lib/python3.7/site-packages/airflow/example_dags/example_bash_operator.py
[2023-11-09T18:02:10.045+0000] {processor.py:743} INFO - Processing file /home/airflow/.local/lib/python3.7/site-packages/airflow/example_dags/example_bash_operator.py for tasks to queue
[2023-11-09T18:02:10.045+0000] {logging_mixin.py:137} INFO - [2023-11-09T18:02:10.045+0000] {dagbag.py:538} INFO - Filling up the DagBag from /home/airflow/.local/lib/python3.7/site-packages/airflow/example_dags/example_bash_operator.py
[2023-11-09T18:02:10.059+0000] {processor.py:753} INFO - DAG(s) dict_keys(['example_bash_operator']) retrieved from /home/airflow/.local/lib/python3.7/site-packages/airflow/example_dags/example_bash_operator.py
[2023-11-09T18:02:10.077+0000] {logging_mixin.py:137} INFO - [2023-11-09T18:02:10.077+0000] {dag.py:2690} INFO - Sync 1 DAGs
[2023-11-09T18:02:10.088+0000] {logging_mixin.py:137} INFO - [2023-11-09T18:02:10.088+0000] {dag.py:3441} INFO - Setting next_dagrun for example_bash_operator to 2023-11-08T00:00:00+00:00, run_after=2023-11-09T00:00:00+00:00
[2023-11-09T18:02:10.096+0000] {processor.py:175} INFO - Processing /home/airflow/.local/lib/python3.7/site-packages/airflow/example_dags/example_bash_operator.py took 0.054 seconds
[2023-11-09T19:25:47.229+0000] {processor.py:153} INFO - Started process (PID=93740) to work on /home/airflow/.local/lib/python3.7/site-packages/airflow/example_dags/example_bash_operator.py
[2023-11-09T19:25:47.230+0000] {processor.py:743} INFO - Processing file /home/airflow/.local/lib/python3.7/site-packages/airflow/example_dags/example_bash_operator.py for tasks to queue
[2023-11-09T19:25:47.231+0000] {logging_mixin.py:137} INFO - [2023-11-09T19:25:47.231+0000] {dagbag.py:538} INFO - Filling up the DagBag from /home/airflow/.local/lib/python3.7/site-packages/airflow/example_dags/example_bash_operator.py
[2023-11-09T19:25:47.253+0000] {processor.py:753} INFO - DAG(s) dict_keys(['example_bash_operator']) retrieved from /home/airflow/.local/lib/python3.7/site-packages/airflow/example_dags/example_bash_operator.py
[2023-11-09T19:25:47.280+0000] {logging_mixin.py:137} INFO - [2023-11-09T19:25:47.279+0000] {dag.py:2690} INFO - Sync 1 DAGs
[2023-11-09T19:25:47.295+0000] {logging_mixin.py:137} INFO - [2023-11-09T19:25:47.295+0000] {dag.py:3441} INFO - Setting next_dagrun for example_bash_operator to 2023-11-08T00:00:00+00:00, run_after=2023-11-09T00:00:00+00:00
[2023-11-09T19:25:47.306+0000] {processor.py:175} INFO - Processing /home/airflow/.local/lib/python3.7/site-packages/airflow/example_dags/example_bash_operator.py took 0.082 seconds
[2023-11-09T20:47:45.992+0000] {processor.py:153} INFO - Started process (PID=93826) to work on /home/airflow/.local/lib/python3.7/site-packages/airflow/example_dags/example_bash_operator.py
[2023-11-09T20:47:45.993+0000] {processor.py:743} INFO - Processing file /home/airflow/.local/lib/python3.7/site-packages/airflow/example_dags/example_bash_operator.py for tasks to queue
[2023-11-09T20:47:45.993+0000] {logging_mixin.py:137} INFO - [2023-11-09T20:47:45.993+0000] {dagbag.py:538} INFO - Filling up the DagBag from /home/airflow/.local/lib/python3.7/site-packages/airflow/example_dags/example_bash_operator.py
[2023-11-09T20:47:46.006+0000] {processor.py:753} INFO - DAG(s) dict_keys(['example_bash_operator']) retrieved from /home/airflow/.local/lib/python3.7/site-packages/airflow/example_dags/example_bash_operator.py
[2023-11-09T20:47:46.025+0000] {logging_mixin.py:137} INFO - [2023-11-09T20:47:46.025+0000] {dag.py:2690} INFO - Sync 1 DAGs
[2023-11-09T20:47:46.036+0000] {logging_mixin.py:137} INFO - [2023-11-09T20:47:46.036+0000] {dag.py:3441} INFO - Setting next_dagrun for example_bash_operator to 2023-11-08T00:00:00+00:00, run_after=2023-11-09T00:00:00+00:00
[2023-11-09T20:47:46.045+0000] {processor.py:175} INFO - Processing /home/airflow/.local/lib/python3.7/site-packages/airflow/example_dags/example_bash_operator.py took 0.055 seconds
[2023-11-09T21:53:03.621+0000] {processor.py:153} INFO - Started process (PID=93912) to work on /home/airflow/.local/lib/python3.7/site-packages/airflow/example_dags/example_bash_operator.py
[2023-11-09T21:53:03.622+0000] {processor.py:743} INFO - Processing file /home/airflow/.local/lib/python3.7/site-packages/airflow/example_dags/example_bash_operator.py for tasks to queue
[2023-11-09T21:53:03.622+0000] {logging_mixin.py:137} INFO - [2023-11-09T21:53:03.622+0000] {dagbag.py:538} INFO - Filling up the DagBag from /home/airflow/.local/lib/python3.7/site-packages/airflow/example_dags/example_bash_operator.py
[2023-11-09T21:53:03.635+0000] {processor.py:753} INFO - DAG(s) dict_keys(['example_bash_operator']) retrieved from /home/airflow/.local/lib/python3.7/site-packages/airflow/example_dags/example_bash_operator.py
[2023-11-09T21:53:03.652+0000] {logging_mixin.py:137} INFO - [2023-11-09T21:53:03.652+0000] {dag.py:2690} INFO - Sync 1 DAGs
[2023-11-09T21:53:03.664+0000] {logging_mixin.py:137} INFO - [2023-11-09T21:53:03.664+0000] {dag.py:3441} INFO - Setting next_dagrun for example_bash_operator to 2023-11-08T00:00:00+00:00, run_after=2023-11-09T00:00:00+00:00
[2023-11-09T21:53:03.672+0000] {processor.py:175} INFO - Processing /home/airflow/.local/lib/python3.7/site-packages/airflow/example_dags/example_bash_operator.py took 0.053 seconds
[2023-11-09T23:13:03.091+0000] {processor.py:153} INFO - Started process (PID=94007) to work on /home/airflow/.local/lib/python3.7/site-packages/airflow/example_dags/example_bash_operator.py
[2023-11-09T23:13:03.091+0000] {processor.py:743} INFO - Processing file /home/airflow/.local/lib/python3.7/site-packages/airflow/example_dags/example_bash_operator.py for tasks to queue
[2023-11-09T23:13:03.092+0000] {logging_mixin.py:137} INFO - [2023-11-09T23:13:03.092+0000] {dagbag.py:538} INFO - Filling up the DagBag from /home/airflow/.local/lib/python3.7/site-packages/airflow/example_dags/example_bash_operator.py
[2023-11-09T23:13:03.106+0000] {processor.py:753} INFO - DAG(s) dict_keys(['example_bash_operator']) retrieved from /home/airflow/.local/lib/python3.7/site-packages/airflow/example_dags/example_bash_operator.py
[2023-11-09T23:13:03.124+0000] {logging_mixin.py:137} INFO - [2023-11-09T23:13:03.124+0000] {dag.py:2690} INFO - Sync 1 DAGs
[2023-11-09T23:13:03.136+0000] {logging_mixin.py:137} INFO - [2023-11-09T23:13:03.136+0000] {dag.py:3441} INFO - Setting next_dagrun for example_bash_operator to 2023-11-08T00:00:00+00:00, run_after=2023-11-09T00:00:00+00:00
[2023-11-09T23:13:03.144+0000] {processor.py:175} INFO - Processing /home/airflow/.local/lib/python3.7/site-packages/airflow/example_dags/example_bash_operator.py took 0.055 seconds
