[2023-11-09T00:44:07.486+0000] {processor.py:153} INFO - Started process (PID=92050) to work on /home/airflow/.local/lib/python3.7/site-packages/airflow/example_dags/example_short_circuit_decorator.py
[2023-11-09T00:44:07.487+0000] {processor.py:743} INFO - Processing file /home/airflow/.local/lib/python3.7/site-packages/airflow/example_dags/example_short_circuit_decorator.py for tasks to queue
[2023-11-09T00:44:07.487+0000] {logging_mixin.py:137} INFO - [2023-11-09T00:44:07.487+0000] {dagbag.py:538} INFO - Filling up the DagBag from /home/airflow/.local/lib/python3.7/site-packages/airflow/example_dags/example_short_circuit_decorator.py
[2023-11-09T00:44:07.502+0000] {processor.py:753} INFO - DAG(s) dict_keys(['example_short_circuit_decorator']) retrieved from /home/airflow/.local/lib/python3.7/site-packages/airflow/example_dags/example_short_circuit_decorator.py
[2023-11-09T00:44:07.516+0000] {logging_mixin.py:137} INFO - [2023-11-09T00:44:07.516+0000] {dag.py:2690} INFO - Sync 1 DAGs
[2023-11-09T00:44:07.528+0000] {logging_mixin.py:137} INFO - [2023-11-09T00:44:07.528+0000] {dag.py:3441} INFO - Setting next_dagrun for example_short_circuit_decorator to 2023-11-08T00:44:07.528571+00:00, run_after=2023-11-09T00:44:07.528571+00:00
[2023-11-09T00:44:07.537+0000] {processor.py:175} INFO - Processing /home/airflow/.local/lib/python3.7/site-packages/airflow/example_dags/example_short_circuit_decorator.py took 0.053 seconds
[2023-11-09T02:09:23.333+0000] {processor.py:153} INFO - Started process (PID=92145) to work on /home/airflow/.local/lib/python3.7/site-packages/airflow/example_dags/example_short_circuit_decorator.py
[2023-11-09T02:09:23.333+0000] {processor.py:743} INFO - Processing file /home/airflow/.local/lib/python3.7/site-packages/airflow/example_dags/example_short_circuit_decorator.py for tasks to queue
[2023-11-09T02:09:23.334+0000] {logging_mixin.py:137} INFO - [2023-11-09T02:09:23.334+0000] {dagbag.py:538} INFO - Filling up the DagBag from /home/airflow/.local/lib/python3.7/site-packages/airflow/example_dags/example_short_circuit_decorator.py
[2023-11-09T02:09:23.348+0000] {processor.py:753} INFO - DAG(s) dict_keys(['example_short_circuit_decorator']) retrieved from /home/airflow/.local/lib/python3.7/site-packages/airflow/example_dags/example_short_circuit_decorator.py
[2023-11-09T02:09:23.362+0000] {logging_mixin.py:137} INFO - [2023-11-09T02:09:23.362+0000] {dag.py:2690} INFO - Sync 1 DAGs
[2023-11-09T02:09:23.374+0000] {logging_mixin.py:137} INFO - [2023-11-09T02:09:23.374+0000] {dag.py:3441} INFO - Setting next_dagrun for example_short_circuit_decorator to 2023-11-08T02:09:23.374291+00:00, run_after=2023-11-09T02:09:23.374291+00:00
[2023-11-09T02:09:23.383+0000] {processor.py:175} INFO - Processing /home/airflow/.local/lib/python3.7/site-packages/airflow/example_dags/example_short_circuit_decorator.py took 0.052 seconds
[2023-11-09T03:31:15.911+0000] {processor.py:153} INFO - Started process (PID=92240) to work on /home/airflow/.local/lib/python3.7/site-packages/airflow/example_dags/example_short_circuit_decorator.py
[2023-11-09T03:31:15.911+0000] {processor.py:743} INFO - Processing file /home/airflow/.local/lib/python3.7/site-packages/airflow/example_dags/example_short_circuit_decorator.py for tasks to queue
[2023-11-09T03:31:15.912+0000] {logging_mixin.py:137} INFO - [2023-11-09T03:31:15.912+0000] {dagbag.py:538} INFO - Filling up the DagBag from /home/airflow/.local/lib/python3.7/site-packages/airflow/example_dags/example_short_circuit_decorator.py
[2023-11-09T03:31:15.927+0000] {processor.py:753} INFO - DAG(s) dict_keys(['example_short_circuit_decorator']) retrieved from /home/airflow/.local/lib/python3.7/site-packages/airflow/example_dags/example_short_circuit_decorator.py
[2023-11-09T03:31:15.940+0000] {logging_mixin.py:137} INFO - [2023-11-09T03:31:15.940+0000] {dag.py:2690} INFO - Sync 1 DAGs
[2023-11-09T03:31:15.956+0000] {logging_mixin.py:137} INFO - [2023-11-09T03:31:15.956+0000] {dag.py:3441} INFO - Setting next_dagrun for example_short_circuit_decorator to 2023-11-08T03:31:15.956211+00:00, run_after=2023-11-09T03:31:15.956211+00:00
[2023-11-09T03:31:15.966+0000] {processor.py:175} INFO - Processing /home/airflow/.local/lib/python3.7/site-packages/airflow/example_dags/example_short_circuit_decorator.py took 0.057 seconds
[2023-11-09T04:52:54.982+0000] {processor.py:153} INFO - Started process (PID=92317) to work on /home/airflow/.local/lib/python3.7/site-packages/airflow/example_dags/example_short_circuit_decorator.py
[2023-11-09T04:52:54.982+0000] {processor.py:743} INFO - Processing file /home/airflow/.local/lib/python3.7/site-packages/airflow/example_dags/example_short_circuit_decorator.py for tasks to queue
[2023-11-09T04:52:54.983+0000] {logging_mixin.py:137} INFO - [2023-11-09T04:52:54.983+0000] {dagbag.py:538} INFO - Filling up the DagBag from /home/airflow/.local/lib/python3.7/site-packages/airflow/example_dags/example_short_circuit_decorator.py
[2023-11-09T04:52:54.997+0000] {processor.py:753} INFO - DAG(s) dict_keys(['example_short_circuit_decorator']) retrieved from /home/airflow/.local/lib/python3.7/site-packages/airflow/example_dags/example_short_circuit_decorator.py
[2023-11-09T04:52:55.010+0000] {logging_mixin.py:137} INFO - [2023-11-09T04:52:55.010+0000] {dag.py:2690} INFO - Sync 1 DAGs
[2023-11-09T04:52:55.022+0000] {logging_mixin.py:137} INFO - [2023-11-09T04:52:55.022+0000] {dag.py:3441} INFO - Setting next_dagrun for example_short_circuit_decorator to 2023-11-08T04:52:55.022086+00:00, run_after=2023-11-09T04:52:55.022086+00:00
[2023-11-09T04:52:55.030+0000] {processor.py:175} INFO - Processing /home/airflow/.local/lib/python3.7/site-packages/airflow/example_dags/example_short_circuit_decorator.py took 0.050 seconds
[2023-11-09T06:15:51.334+0000] {processor.py:153} INFO - Started process (PID=92412) to work on /home/airflow/.local/lib/python3.7/site-packages/airflow/example_dags/example_short_circuit_decorator.py
[2023-11-09T06:15:51.336+0000] {processor.py:743} INFO - Processing file /home/airflow/.local/lib/python3.7/site-packages/airflow/example_dags/example_short_circuit_decorator.py for tasks to queue
[2023-11-09T06:15:51.336+0000] {logging_mixin.py:137} INFO - [2023-11-09T06:15:51.336+0000] {dagbag.py:538} INFO - Filling up the DagBag from /home/airflow/.local/lib/python3.7/site-packages/airflow/example_dags/example_short_circuit_decorator.py
[2023-11-09T06:15:51.357+0000] {processor.py:753} INFO - DAG(s) dict_keys(['example_short_circuit_decorator']) retrieved from /home/airflow/.local/lib/python3.7/site-packages/airflow/example_dags/example_short_circuit_decorator.py
[2023-11-09T06:15:51.375+0000] {logging_mixin.py:137} INFO - [2023-11-09T06:15:51.375+0000] {dag.py:2690} INFO - Sync 1 DAGs
[2023-11-09T06:15:51.390+0000] {logging_mixin.py:137} INFO - [2023-11-09T06:15:51.390+0000] {dag.py:3441} INFO - Setting next_dagrun for example_short_circuit_decorator to 2023-11-08T06:15:51.390178+00:00, run_after=2023-11-09T06:15:51.390178+00:00
[2023-11-09T06:15:51.406+0000] {processor.py:175} INFO - Processing /home/airflow/.local/lib/python3.7/site-packages/airflow/example_dags/example_short_circuit_decorator.py took 0.076 seconds
[2023-11-09T07:41:10.499+0000] {processor.py:153} INFO - Started process (PID=92507) to work on /home/airflow/.local/lib/python3.7/site-packages/airflow/example_dags/example_short_circuit_decorator.py
[2023-11-09T07:41:10.500+0000] {processor.py:743} INFO - Processing file /home/airflow/.local/lib/python3.7/site-packages/airflow/example_dags/example_short_circuit_decorator.py for tasks to queue
[2023-11-09T07:41:10.500+0000] {logging_mixin.py:137} INFO - [2023-11-09T07:41:10.500+0000] {dagbag.py:538} INFO - Filling up the DagBag from /home/airflow/.local/lib/python3.7/site-packages/airflow/example_dags/example_short_circuit_decorator.py
[2023-11-09T07:41:10.518+0000] {processor.py:753} INFO - DAG(s) dict_keys(['example_short_circuit_decorator']) retrieved from /home/airflow/.local/lib/python3.7/site-packages/airflow/example_dags/example_short_circuit_decorator.py
[2023-11-09T07:41:10.542+0000] {logging_mixin.py:137} INFO - [2023-11-09T07:41:10.542+0000] {dag.py:2690} INFO - Sync 1 DAGs
[2023-11-09T07:41:10.565+0000] {logging_mixin.py:137} INFO - [2023-11-09T07:41:10.565+0000] {dag.py:3441} INFO - Setting next_dagrun for example_short_circuit_decorator to 2023-11-08T07:41:10.564881+00:00, run_after=2023-11-09T07:41:10.564881+00:00
[2023-11-09T07:41:10.580+0000] {processor.py:175} INFO - Processing /home/airflow/.local/lib/python3.7/site-packages/airflow/example_dags/example_short_circuit_decorator.py took 0.083 seconds
[2023-11-09T09:03:44.927+0000] {processor.py:153} INFO - Started process (PID=92584) to work on /home/airflow/.local/lib/python3.7/site-packages/airflow/example_dags/example_short_circuit_decorator.py
[2023-11-09T09:03:44.928+0000] {processor.py:743} INFO - Processing file /home/airflow/.local/lib/python3.7/site-packages/airflow/example_dags/example_short_circuit_decorator.py for tasks to queue
[2023-11-09T09:03:44.928+0000] {logging_mixin.py:137} INFO - [2023-11-09T09:03:44.928+0000] {dagbag.py:538} INFO - Filling up the DagBag from /home/airflow/.local/lib/python3.7/site-packages/airflow/example_dags/example_short_circuit_decorator.py
[2023-11-09T09:03:44.943+0000] {processor.py:753} INFO - DAG(s) dict_keys(['example_short_circuit_decorator']) retrieved from /home/airflow/.local/lib/python3.7/site-packages/airflow/example_dags/example_short_circuit_decorator.py
[2023-11-09T09:03:44.957+0000] {logging_mixin.py:137} INFO - [2023-11-09T09:03:44.957+0000] {dag.py:2690} INFO - Sync 1 DAGs
[2023-11-09T09:03:44.970+0000] {logging_mixin.py:137} INFO - [2023-11-09T09:03:44.970+0000] {dag.py:3441} INFO - Setting next_dagrun for example_short_circuit_decorator to 2023-11-08T09:03:44.970162+00:00, run_after=2023-11-09T09:03:44.970162+00:00
[2023-11-09T09:03:44.979+0000] {processor.py:175} INFO - Processing /home/airflow/.local/lib/python3.7/site-packages/airflow/example_dags/example_short_circuit_decorator.py took 0.054 seconds
[2023-11-09T10:26:53.513+0000] {processor.py:153} INFO - Started process (PID=92679) to work on /home/airflow/.local/lib/python3.7/site-packages/airflow/example_dags/example_short_circuit_decorator.py
[2023-11-09T10:26:53.514+0000] {processor.py:743} INFO - Processing file /home/airflow/.local/lib/python3.7/site-packages/airflow/example_dags/example_short_circuit_decorator.py for tasks to queue
[2023-11-09T10:26:53.514+0000] {logging_mixin.py:137} INFO - [2023-11-09T10:26:53.514+0000] {dagbag.py:538} INFO - Filling up the DagBag from /home/airflow/.local/lib/python3.7/site-packages/airflow/example_dags/example_short_circuit_decorator.py
[2023-11-09T10:26:53.529+0000] {processor.py:753} INFO - DAG(s) dict_keys(['example_short_circuit_decorator']) retrieved from /home/airflow/.local/lib/python3.7/site-packages/airflow/example_dags/example_short_circuit_decorator.py
[2023-11-09T10:26:53.542+0000] {logging_mixin.py:137} INFO - [2023-11-09T10:26:53.542+0000] {dag.py:2690} INFO - Sync 1 DAGs
[2023-11-09T10:26:53.554+0000] {logging_mixin.py:137} INFO - [2023-11-09T10:26:53.554+0000] {dag.py:3441} INFO - Setting next_dagrun for example_short_circuit_decorator to 2023-11-08T10:26:53.554655+00:00, run_after=2023-11-09T10:26:53.554655+00:00
[2023-11-09T10:26:53.563+0000] {processor.py:175} INFO - Processing /home/airflow/.local/lib/python3.7/site-packages/airflow/example_dags/example_short_circuit_decorator.py took 0.052 seconds
[2023-11-09T11:49:36.703+0000] {processor.py:153} INFO - Started process (PID=92774) to work on /home/airflow/.local/lib/python3.7/site-packages/airflow/example_dags/example_short_circuit_decorator.py
[2023-11-09T11:49:36.703+0000] {processor.py:743} INFO - Processing file /home/airflow/.local/lib/python3.7/site-packages/airflow/example_dags/example_short_circuit_decorator.py for tasks to queue
[2023-11-09T11:49:36.704+0000] {logging_mixin.py:137} INFO - [2023-11-09T11:49:36.704+0000] {dagbag.py:538} INFO - Filling up the DagBag from /home/airflow/.local/lib/python3.7/site-packages/airflow/example_dags/example_short_circuit_decorator.py
[2023-11-09T11:49:36.718+0000] {processor.py:753} INFO - DAG(s) dict_keys(['example_short_circuit_decorator']) retrieved from /home/airflow/.local/lib/python3.7/site-packages/airflow/example_dags/example_short_circuit_decorator.py
[2023-11-09T11:49:36.732+0000] {logging_mixin.py:137} INFO - [2023-11-09T11:49:36.732+0000] {dag.py:2690} INFO - Sync 1 DAGs
[2023-11-09T11:49:36.744+0000] {logging_mixin.py:137} INFO - [2023-11-09T11:49:36.744+0000] {dag.py:3441} INFO - Setting next_dagrun for example_short_circuit_decorator to 2023-11-08T11:49:36.744179+00:00, run_after=2023-11-09T11:49:36.744179+00:00
[2023-11-09T11:49:36.753+0000] {processor.py:175} INFO - Processing /home/airflow/.local/lib/python3.7/site-packages/airflow/example_dags/example_short_circuit_decorator.py took 0.052 seconds
[2023-11-09T12:30:56.111+0000] {processor.py:153} INFO - Started process (PID=92851) to work on /home/airflow/.local/lib/python3.7/site-packages/airflow/example_dags/example_short_circuit_decorator.py
[2023-11-09T12:30:56.112+0000] {processor.py:743} INFO - Processing file /home/airflow/.local/lib/python3.7/site-packages/airflow/example_dags/example_short_circuit_decorator.py for tasks to queue
[2023-11-09T12:30:56.112+0000] {logging_mixin.py:137} INFO - [2023-11-09T12:30:56.112+0000] {dagbag.py:538} INFO - Filling up the DagBag from /home/airflow/.local/lib/python3.7/site-packages/airflow/example_dags/example_short_circuit_decorator.py
[2023-11-09T12:30:56.127+0000] {processor.py:753} INFO - DAG(s) dict_keys(['example_short_circuit_decorator']) retrieved from /home/airflow/.local/lib/python3.7/site-packages/airflow/example_dags/example_short_circuit_decorator.py
[2023-11-09T12:30:56.140+0000] {logging_mixin.py:137} INFO - [2023-11-09T12:30:56.140+0000] {dag.py:2690} INFO - Sync 1 DAGs
[2023-11-09T12:30:56.153+0000] {logging_mixin.py:137} INFO - [2023-11-09T12:30:56.152+0000] {dag.py:3441} INFO - Setting next_dagrun for example_short_circuit_decorator to 2023-11-08T12:30:56.152808+00:00, run_after=2023-11-09T12:30:56.152808+00:00
[2023-11-09T12:30:56.161+0000] {processor.py:175} INFO - Processing /home/airflow/.local/lib/python3.7/site-packages/airflow/example_dags/example_short_circuit_decorator.py took 0.052 seconds
[2023-11-09T12:31:26.961+0000] {processor.py:153} INFO - Started process (PID=92946) to work on /home/airflow/.local/lib/python3.7/site-packages/airflow/example_dags/example_short_circuit_decorator.py
[2023-11-09T12:31:26.961+0000] {processor.py:743} INFO - Processing file /home/airflow/.local/lib/python3.7/site-packages/airflow/example_dags/example_short_circuit_decorator.py for tasks to queue
[2023-11-09T12:31:26.961+0000] {logging_mixin.py:137} INFO - [2023-11-09T12:31:26.961+0000] {dagbag.py:538} INFO - Filling up the DagBag from /home/airflow/.local/lib/python3.7/site-packages/airflow/example_dags/example_short_circuit_decorator.py
[2023-11-09T12:31:26.976+0000] {processor.py:753} INFO - DAG(s) dict_keys(['example_short_circuit_decorator']) retrieved from /home/airflow/.local/lib/python3.7/site-packages/airflow/example_dags/example_short_circuit_decorator.py
[2023-11-09T12:31:26.992+0000] {logging_mixin.py:137} INFO - [2023-11-09T12:31:26.992+0000] {dag.py:2690} INFO - Sync 1 DAGs
[2023-11-09T12:31:27.003+0000] {logging_mixin.py:137} INFO - [2023-11-09T12:31:27.003+0000] {dag.py:3441} INFO - Setting next_dagrun for example_short_circuit_decorator to 2023-11-08T12:31:27.003739+00:00, run_after=2023-11-09T12:31:27.003739+00:00
[2023-11-09T12:31:27.012+0000] {processor.py:175} INFO - Processing /home/airflow/.local/lib/python3.7/site-packages/airflow/example_dags/example_short_circuit_decorator.py took 0.053 seconds
[2023-11-09T12:31:57.796+0000] {processor.py:153} INFO - Started process (PID=93041) to work on /home/airflow/.local/lib/python3.7/site-packages/airflow/example_dags/example_short_circuit_decorator.py
[2023-11-09T12:31:57.796+0000] {processor.py:743} INFO - Processing file /home/airflow/.local/lib/python3.7/site-packages/airflow/example_dags/example_short_circuit_decorator.py for tasks to queue
[2023-11-09T12:31:57.797+0000] {logging_mixin.py:137} INFO - [2023-11-09T12:31:57.797+0000] {dagbag.py:538} INFO - Filling up the DagBag from /home/airflow/.local/lib/python3.7/site-packages/airflow/example_dags/example_short_circuit_decorator.py
[2023-11-09T12:31:57.812+0000] {processor.py:753} INFO - DAG(s) dict_keys(['example_short_circuit_decorator']) retrieved from /home/airflow/.local/lib/python3.7/site-packages/airflow/example_dags/example_short_circuit_decorator.py
[2023-11-09T12:31:57.827+0000] {logging_mixin.py:137} INFO - [2023-11-09T12:31:57.827+0000] {dag.py:2690} INFO - Sync 1 DAGs
[2023-11-09T12:31:57.839+0000] {logging_mixin.py:137} INFO - [2023-11-09T12:31:57.839+0000] {dag.py:3441} INFO - Setting next_dagrun for example_short_circuit_decorator to 2023-11-08T12:31:57.839029+00:00, run_after=2023-11-09T12:31:57.839029+00:00
[2023-11-09T12:31:57.848+0000] {processor.py:175} INFO - Processing /home/airflow/.local/lib/python3.7/site-packages/airflow/example_dags/example_short_circuit_decorator.py took 0.054 seconds
[2023-11-09T12:32:28.749+0000] {processor.py:153} INFO - Started process (PID=93128) to work on /home/airflow/.local/lib/python3.7/site-packages/airflow/example_dags/example_short_circuit_decorator.py
[2023-11-09T12:32:28.750+0000] {processor.py:743} INFO - Processing file /home/airflow/.local/lib/python3.7/site-packages/airflow/example_dags/example_short_circuit_decorator.py for tasks to queue
[2023-11-09T12:32:28.750+0000] {logging_mixin.py:137} INFO - [2023-11-09T12:32:28.750+0000] {dagbag.py:538} INFO - Filling up the DagBag from /home/airflow/.local/lib/python3.7/site-packages/airflow/example_dags/example_short_circuit_decorator.py
[2023-11-09T12:32:28.766+0000] {processor.py:753} INFO - DAG(s) dict_keys(['example_short_circuit_decorator']) retrieved from /home/airflow/.local/lib/python3.7/site-packages/airflow/example_dags/example_short_circuit_decorator.py
[2023-11-09T12:32:28.781+0000] {logging_mixin.py:137} INFO - [2023-11-09T12:32:28.780+0000] {dag.py:2690} INFO - Sync 1 DAGs
[2023-11-09T12:32:28.794+0000] {logging_mixin.py:137} INFO - [2023-11-09T12:32:28.794+0000] {dag.py:3441} INFO - Setting next_dagrun for example_short_circuit_decorator to 2023-11-08T12:32:28.793980+00:00, run_after=2023-11-09T12:32:28.793980+00:00
[2023-11-09T12:32:28.804+0000] {processor.py:175} INFO - Processing /home/airflow/.local/lib/python3.7/site-packages/airflow/example_dags/example_short_circuit_decorator.py took 0.056 seconds
[2023-11-09T12:44:15.681+0000] {processor.py:153} INFO - Started process (PID=93214) to work on /home/airflow/.local/lib/python3.7/site-packages/airflow/example_dags/example_short_circuit_decorator.py
[2023-11-09T12:44:15.682+0000] {processor.py:743} INFO - Processing file /home/airflow/.local/lib/python3.7/site-packages/airflow/example_dags/example_short_circuit_decorator.py for tasks to queue
[2023-11-09T12:44:15.682+0000] {logging_mixin.py:137} INFO - [2023-11-09T12:44:15.682+0000] {dagbag.py:538} INFO - Filling up the DagBag from /home/airflow/.local/lib/python3.7/site-packages/airflow/example_dags/example_short_circuit_decorator.py
[2023-11-09T12:44:15.697+0000] {processor.py:753} INFO - DAG(s) dict_keys(['example_short_circuit_decorator']) retrieved from /home/airflow/.local/lib/python3.7/site-packages/airflow/example_dags/example_short_circuit_decorator.py
[2023-11-09T12:44:15.710+0000] {logging_mixin.py:137} INFO - [2023-11-09T12:44:15.710+0000] {dag.py:2690} INFO - Sync 1 DAGs
[2023-11-09T12:44:15.722+0000] {logging_mixin.py:137} INFO - [2023-11-09T12:44:15.722+0000] {dag.py:3441} INFO - Setting next_dagrun for example_short_circuit_decorator to 2023-11-08T12:44:15.722741+00:00, run_after=2023-11-09T12:44:15.722741+00:00
[2023-11-09T12:44:15.732+0000] {processor.py:175} INFO - Processing /home/airflow/.local/lib/python3.7/site-packages/airflow/example_dags/example_short_circuit_decorator.py took 0.052 seconds
[2023-11-09T13:02:54.542+0000] {processor.py:153} INFO - Started process (PID=93309) to work on /home/airflow/.local/lib/python3.7/site-packages/airflow/example_dags/example_short_circuit_decorator.py
[2023-11-09T13:02:54.543+0000] {processor.py:743} INFO - Processing file /home/airflow/.local/lib/python3.7/site-packages/airflow/example_dags/example_short_circuit_decorator.py for tasks to queue
[2023-11-09T13:02:54.543+0000] {logging_mixin.py:137} INFO - [2023-11-09T13:02:54.543+0000] {dagbag.py:538} INFO - Filling up the DagBag from /home/airflow/.local/lib/python3.7/site-packages/airflow/example_dags/example_short_circuit_decorator.py
[2023-11-09T13:02:54.558+0000] {processor.py:753} INFO - DAG(s) dict_keys(['example_short_circuit_decorator']) retrieved from /home/airflow/.local/lib/python3.7/site-packages/airflow/example_dags/example_short_circuit_decorator.py
[2023-11-09T13:02:54.571+0000] {logging_mixin.py:137} INFO - [2023-11-09T13:02:54.571+0000] {dag.py:2690} INFO - Sync 1 DAGs
[2023-11-09T13:02:54.583+0000] {logging_mixin.py:137} INFO - [2023-11-09T13:02:54.583+0000] {dag.py:3441} INFO - Setting next_dagrun for example_short_circuit_decorator to 2023-11-08T13:02:54.583331+00:00, run_after=2023-11-09T13:02:54.583331+00:00
[2023-11-09T13:02:54.591+0000] {processor.py:175} INFO - Processing /home/airflow/.local/lib/python3.7/site-packages/airflow/example_dags/example_short_circuit_decorator.py took 0.051 seconds
[2023-11-09T13:55:42.344+0000] {processor.py:153} INFO - Started process (PID=93386) to work on /home/airflow/.local/lib/python3.7/site-packages/airflow/example_dags/example_short_circuit_decorator.py
[2023-11-09T13:55:42.344+0000] {processor.py:743} INFO - Processing file /home/airflow/.local/lib/python3.7/site-packages/airflow/example_dags/example_short_circuit_decorator.py for tasks to queue
[2023-11-09T13:55:42.345+0000] {logging_mixin.py:137} INFO - [2023-11-09T13:55:42.345+0000] {dagbag.py:538} INFO - Filling up the DagBag from /home/airflow/.local/lib/python3.7/site-packages/airflow/example_dags/example_short_circuit_decorator.py
[2023-11-09T13:55:42.359+0000] {processor.py:753} INFO - DAG(s) dict_keys(['example_short_circuit_decorator']) retrieved from /home/airflow/.local/lib/python3.7/site-packages/airflow/example_dags/example_short_circuit_decorator.py
[2023-11-09T13:55:42.373+0000] {logging_mixin.py:137} INFO - [2023-11-09T13:55:42.373+0000] {dag.py:2690} INFO - Sync 1 DAGs
[2023-11-09T13:55:42.385+0000] {logging_mixin.py:137} INFO - [2023-11-09T13:55:42.385+0000] {dag.py:3441} INFO - Setting next_dagrun for example_short_circuit_decorator to 2023-11-08T13:55:42.385306+00:00, run_after=2023-11-09T13:55:42.385306+00:00
[2023-11-09T13:55:42.394+0000] {processor.py:175} INFO - Processing /home/airflow/.local/lib/python3.7/site-packages/airflow/example_dags/example_short_circuit_decorator.py took 0.052 seconds
[2023-11-09T15:17:02.530+0000] {processor.py:153} INFO - Started process (PID=93481) to work on /home/airflow/.local/lib/python3.7/site-packages/airflow/example_dags/example_short_circuit_decorator.py
[2023-11-09T15:17:02.530+0000] {processor.py:743} INFO - Processing file /home/airflow/.local/lib/python3.7/site-packages/airflow/example_dags/example_short_circuit_decorator.py for tasks to queue
[2023-11-09T15:17:02.531+0000] {logging_mixin.py:137} INFO - [2023-11-09T15:17:02.530+0000] {dagbag.py:538} INFO - Filling up the DagBag from /home/airflow/.local/lib/python3.7/site-packages/airflow/example_dags/example_short_circuit_decorator.py
[2023-11-09T15:17:02.545+0000] {processor.py:753} INFO - DAG(s) dict_keys(['example_short_circuit_decorator']) retrieved from /home/airflow/.local/lib/python3.7/site-packages/airflow/example_dags/example_short_circuit_decorator.py
[2023-11-09T15:17:02.558+0000] {logging_mixin.py:137} INFO - [2023-11-09T15:17:02.558+0000] {dag.py:2690} INFO - Sync 1 DAGs
[2023-11-09T15:17:02.571+0000] {logging_mixin.py:137} INFO - [2023-11-09T15:17:02.570+0000] {dag.py:3441} INFO - Setting next_dagrun for example_short_circuit_decorator to 2023-11-08T15:17:02.570821+00:00, run_after=2023-11-09T15:17:02.570821+00:00
[2023-11-09T15:17:02.579+0000] {processor.py:175} INFO - Processing /home/airflow/.local/lib/python3.7/site-packages/airflow/example_dags/example_short_circuit_decorator.py took 0.051 seconds
[2023-11-09T16:39:34.684+0000] {processor.py:153} INFO - Started process (PID=93576) to work on /home/airflow/.local/lib/python3.7/site-packages/airflow/example_dags/example_short_circuit_decorator.py
[2023-11-09T16:39:34.685+0000] {processor.py:743} INFO - Processing file /home/airflow/.local/lib/python3.7/site-packages/airflow/example_dags/example_short_circuit_decorator.py for tasks to queue
[2023-11-09T16:39:34.686+0000] {logging_mixin.py:137} INFO - [2023-11-09T16:39:34.686+0000] {dagbag.py:538} INFO - Filling up the DagBag from /home/airflow/.local/lib/python3.7/site-packages/airflow/example_dags/example_short_circuit_decorator.py
[2023-11-09T16:39:34.716+0000] {processor.py:753} INFO - DAG(s) dict_keys(['example_short_circuit_decorator']) retrieved from /home/airflow/.local/lib/python3.7/site-packages/airflow/example_dags/example_short_circuit_decorator.py
[2023-11-09T16:39:34.738+0000] {logging_mixin.py:137} INFO - [2023-11-09T16:39:34.738+0000] {dag.py:2690} INFO - Sync 1 DAGs
[2023-11-09T16:39:34.753+0000] {logging_mixin.py:137} INFO - [2023-11-09T16:39:34.753+0000] {dag.py:3441} INFO - Setting next_dagrun for example_short_circuit_decorator to 2023-11-08T16:39:34.752899+00:00, run_after=2023-11-09T16:39:34.752899+00:00
[2023-11-09T16:39:34.762+0000] {processor.py:175} INFO - Processing /home/airflow/.local/lib/python3.7/site-packages/airflow/example_dags/example_short_circuit_decorator.py took 0.083 seconds
[2023-11-09T18:02:10.703+0000] {processor.py:153} INFO - Started process (PID=93653) to work on /home/airflow/.local/lib/python3.7/site-packages/airflow/example_dags/example_short_circuit_decorator.py
[2023-11-09T18:02:10.704+0000] {processor.py:743} INFO - Processing file /home/airflow/.local/lib/python3.7/site-packages/airflow/example_dags/example_short_circuit_decorator.py for tasks to queue
[2023-11-09T18:02:10.704+0000] {logging_mixin.py:137} INFO - [2023-11-09T18:02:10.704+0000] {dagbag.py:538} INFO - Filling up the DagBag from /home/airflow/.local/lib/python3.7/site-packages/airflow/example_dags/example_short_circuit_decorator.py
[2023-11-09T18:02:10.720+0000] {processor.py:753} INFO - DAG(s) dict_keys(['example_short_circuit_decorator']) retrieved from /home/airflow/.local/lib/python3.7/site-packages/airflow/example_dags/example_short_circuit_decorator.py
[2023-11-09T18:02:10.735+0000] {logging_mixin.py:137} INFO - [2023-11-09T18:02:10.735+0000] {dag.py:2690} INFO - Sync 1 DAGs
[2023-11-09T18:02:10.748+0000] {logging_mixin.py:137} INFO - [2023-11-09T18:02:10.748+0000] {dag.py:3441} INFO - Setting next_dagrun for example_short_circuit_decorator to 2023-11-08T18:02:10.748091+00:00, run_after=2023-11-09T18:02:10.748091+00:00
[2023-11-09T18:02:10.757+0000] {processor.py:175} INFO - Processing /home/airflow/.local/lib/python3.7/site-packages/airflow/example_dags/example_short_circuit_decorator.py took 0.057 seconds
[2023-11-09T19:25:47.594+0000] {processor.py:153} INFO - Started process (PID=93748) to work on /home/airflow/.local/lib/python3.7/site-packages/airflow/example_dags/example_short_circuit_decorator.py
[2023-11-09T19:25:47.595+0000] {processor.py:743} INFO - Processing file /home/airflow/.local/lib/python3.7/site-packages/airflow/example_dags/example_short_circuit_decorator.py for tasks to queue
[2023-11-09T19:25:47.595+0000] {logging_mixin.py:137} INFO - [2023-11-09T19:25:47.595+0000] {dagbag.py:538} INFO - Filling up the DagBag from /home/airflow/.local/lib/python3.7/site-packages/airflow/example_dags/example_short_circuit_decorator.py
[2023-11-09T19:25:47.610+0000] {processor.py:753} INFO - DAG(s) dict_keys(['example_short_circuit_decorator']) retrieved from /home/airflow/.local/lib/python3.7/site-packages/airflow/example_dags/example_short_circuit_decorator.py
[2023-11-09T19:25:47.623+0000] {logging_mixin.py:137} INFO - [2023-11-09T19:25:47.623+0000] {dag.py:2690} INFO - Sync 1 DAGs
[2023-11-09T19:25:47.635+0000] {logging_mixin.py:137} INFO - [2023-11-09T19:25:47.635+0000] {dag.py:3441} INFO - Setting next_dagrun for example_short_circuit_decorator to 2023-11-08T19:25:47.635514+00:00, run_after=2023-11-09T19:25:47.635514+00:00
[2023-11-09T19:25:47.644+0000] {processor.py:175} INFO - Processing /home/airflow/.local/lib/python3.7/site-packages/airflow/example_dags/example_short_circuit_decorator.py took 0.052 seconds
[2023-11-09T20:47:46.367+0000] {processor.py:153} INFO - Started process (PID=93843) to work on /home/airflow/.local/lib/python3.7/site-packages/airflow/example_dags/example_short_circuit_decorator.py
[2023-11-09T20:47:46.368+0000] {processor.py:743} INFO - Processing file /home/airflow/.local/lib/python3.7/site-packages/airflow/example_dags/example_short_circuit_decorator.py for tasks to queue
[2023-11-09T20:47:46.368+0000] {logging_mixin.py:137} INFO - [2023-11-09T20:47:46.368+0000] {dagbag.py:538} INFO - Filling up the DagBag from /home/airflow/.local/lib/python3.7/site-packages/airflow/example_dags/example_short_circuit_decorator.py
[2023-11-09T20:47:46.383+0000] {processor.py:753} INFO - DAG(s) dict_keys(['example_short_circuit_decorator']) retrieved from /home/airflow/.local/lib/python3.7/site-packages/airflow/example_dags/example_short_circuit_decorator.py
[2023-11-09T20:47:46.395+0000] {logging_mixin.py:137} INFO - [2023-11-09T20:47:46.395+0000] {dag.py:2690} INFO - Sync 1 DAGs
[2023-11-09T20:47:46.407+0000] {logging_mixin.py:137} INFO - [2023-11-09T20:47:46.407+0000] {dag.py:3441} INFO - Setting next_dagrun for example_short_circuit_decorator to 2023-11-08T20:47:46.407499+00:00, run_after=2023-11-09T20:47:46.407499+00:00
[2023-11-09T20:47:46.416+0000] {processor.py:175} INFO - Processing /home/airflow/.local/lib/python3.7/site-packages/airflow/example_dags/example_short_circuit_decorator.py took 0.051 seconds
[2023-11-09T21:53:03.948+0000] {processor.py:153} INFO - Started process (PID=93920) to work on /home/airflow/.local/lib/python3.7/site-packages/airflow/example_dags/example_short_circuit_decorator.py
[2023-11-09T21:53:03.949+0000] {processor.py:743} INFO - Processing file /home/airflow/.local/lib/python3.7/site-packages/airflow/example_dags/example_short_circuit_decorator.py for tasks to queue
[2023-11-09T21:53:03.949+0000] {logging_mixin.py:137} INFO - [2023-11-09T21:53:03.949+0000] {dagbag.py:538} INFO - Filling up the DagBag from /home/airflow/.local/lib/python3.7/site-packages/airflow/example_dags/example_short_circuit_decorator.py
[2023-11-09T21:53:03.964+0000] {processor.py:753} INFO - DAG(s) dict_keys(['example_short_circuit_decorator']) retrieved from /home/airflow/.local/lib/python3.7/site-packages/airflow/example_dags/example_short_circuit_decorator.py
[2023-11-09T21:53:03.977+0000] {logging_mixin.py:137} INFO - [2023-11-09T21:53:03.977+0000] {dag.py:2690} INFO - Sync 1 DAGs
[2023-11-09T21:53:03.990+0000] {logging_mixin.py:137} INFO - [2023-11-09T21:53:03.990+0000] {dag.py:3441} INFO - Setting next_dagrun for example_short_circuit_decorator to 2023-11-08T21:53:03.989945+00:00, run_after=2023-11-09T21:53:03.989945+00:00
[2023-11-09T21:53:03.999+0000] {processor.py:175} INFO - Processing /home/airflow/.local/lib/python3.7/site-packages/airflow/example_dags/example_short_circuit_decorator.py took 0.052 seconds
[2023-11-09T23:13:03.401+0000] {processor.py:153} INFO - Started process (PID=94015) to work on /home/airflow/.local/lib/python3.7/site-packages/airflow/example_dags/example_short_circuit_decorator.py
[2023-11-09T23:13:03.402+0000] {processor.py:743} INFO - Processing file /home/airflow/.local/lib/python3.7/site-packages/airflow/example_dags/example_short_circuit_decorator.py for tasks to queue
[2023-11-09T23:13:03.402+0000] {logging_mixin.py:137} INFO - [2023-11-09T23:13:03.402+0000] {dagbag.py:538} INFO - Filling up the DagBag from /home/airflow/.local/lib/python3.7/site-packages/airflow/example_dags/example_short_circuit_decorator.py
[2023-11-09T23:13:03.416+0000] {processor.py:753} INFO - DAG(s) dict_keys(['example_short_circuit_decorator']) retrieved from /home/airflow/.local/lib/python3.7/site-packages/airflow/example_dags/example_short_circuit_decorator.py
[2023-11-09T23:13:03.429+0000] {logging_mixin.py:137} INFO - [2023-11-09T23:13:03.429+0000] {dag.py:2690} INFO - Sync 1 DAGs
[2023-11-09T23:13:03.442+0000] {logging_mixin.py:137} INFO - [2023-11-09T23:13:03.442+0000] {dag.py:3441} INFO - Setting next_dagrun for example_short_circuit_decorator to 2023-11-08T23:13:03.442193+00:00, run_after=2023-11-09T23:13:03.442193+00:00
[2023-11-09T23:13:03.450+0000] {processor.py:175} INFO - Processing /home/airflow/.local/lib/python3.7/site-packages/airflow/example_dags/example_short_circuit_decorator.py took 0.051 seconds
