[2023-11-09T00:44:06.765+0000] {processor.py:153} INFO - Started process (PID=92033) to work on /home/airflow/.local/lib/python3.7/site-packages/airflow/example_dags/example_latest_only_with_trigger.py
[2023-11-09T00:44:06.766+0000] {processor.py:743} INFO - Processing file /home/airflow/.local/lib/python3.7/site-packages/airflow/example_dags/example_latest_only_with_trigger.py for tasks to queue
[2023-11-09T00:44:06.767+0000] {logging_mixin.py:137} INFO - [2023-11-09T00:44:06.767+0000] {dagbag.py:538} INFO - Filling up the DagBag from /home/airflow/.local/lib/python3.7/site-packages/airflow/example_dags/example_latest_only_with_trigger.py
[2023-11-09T00:44:06.783+0000] {processor.py:753} INFO - DAG(s) dict_keys(['latest_only_with_trigger']) retrieved from /home/airflow/.local/lib/python3.7/site-packages/airflow/example_dags/example_latest_only_with_trigger.py
[2023-11-09T00:44:06.803+0000] {logging_mixin.py:137} INFO - [2023-11-09T00:44:06.803+0000] {dag.py:2690} INFO - Sync 1 DAGs
[2023-11-09T00:44:06.817+0000] {logging_mixin.py:137} INFO - [2023-11-09T00:44:06.817+0000] {dag.py:3441} INFO - Setting next_dagrun for latest_only_with_trigger to 2023-11-08T20:44:06.817048+00:00, run_after=2023-11-09T00:44:06.817048+00:00
[2023-11-09T00:44:06.828+0000] {processor.py:175} INFO - Processing /home/airflow/.local/lib/python3.7/site-packages/airflow/example_dags/example_latest_only_with_trigger.py took 0.067 seconds
[2023-11-09T02:09:22.721+0000] {processor.py:153} INFO - Started process (PID=92128) to work on /home/airflow/.local/lib/python3.7/site-packages/airflow/example_dags/example_latest_only_with_trigger.py
[2023-11-09T02:09:22.722+0000] {processor.py:743} INFO - Processing file /home/airflow/.local/lib/python3.7/site-packages/airflow/example_dags/example_latest_only_with_trigger.py for tasks to queue
[2023-11-09T02:09:22.723+0000] {logging_mixin.py:137} INFO - [2023-11-09T02:09:22.723+0000] {dagbag.py:538} INFO - Filling up the DagBag from /home/airflow/.local/lib/python3.7/site-packages/airflow/example_dags/example_latest_only_with_trigger.py
[2023-11-09T02:09:22.746+0000] {processor.py:753} INFO - DAG(s) dict_keys(['latest_only_with_trigger']) retrieved from /home/airflow/.local/lib/python3.7/site-packages/airflow/example_dags/example_latest_only_with_trigger.py
[2023-11-09T02:09:22.768+0000] {logging_mixin.py:137} INFO - [2023-11-09T02:09:22.768+0000] {dag.py:2690} INFO - Sync 1 DAGs
[2023-11-09T02:09:22.782+0000] {logging_mixin.py:137} INFO - [2023-11-09T02:09:22.782+0000] {dag.py:3441} INFO - Setting next_dagrun for latest_only_with_trigger to 2023-11-08T22:09:22.782391+00:00, run_after=2023-11-09T02:09:22.782391+00:00
[2023-11-09T02:09:22.791+0000] {processor.py:175} INFO - Processing /home/airflow/.local/lib/python3.7/site-packages/airflow/example_dags/example_latest_only_with_trigger.py took 0.074 seconds
[2023-11-09T03:31:15.288+0000] {processor.py:153} INFO - Started process (PID=92223) to work on /home/airflow/.local/lib/python3.7/site-packages/airflow/example_dags/example_latest_only_with_trigger.py
[2023-11-09T03:31:15.289+0000] {processor.py:743} INFO - Processing file /home/airflow/.local/lib/python3.7/site-packages/airflow/example_dags/example_latest_only_with_trigger.py for tasks to queue
[2023-11-09T03:31:15.289+0000] {logging_mixin.py:137} INFO - [2023-11-09T03:31:15.289+0000] {dagbag.py:538} INFO - Filling up the DagBag from /home/airflow/.local/lib/python3.7/site-packages/airflow/example_dags/example_latest_only_with_trigger.py
[2023-11-09T03:31:15.300+0000] {processor.py:753} INFO - DAG(s) dict_keys(['latest_only_with_trigger']) retrieved from /home/airflow/.local/lib/python3.7/site-packages/airflow/example_dags/example_latest_only_with_trigger.py
[2023-11-09T03:31:15.316+0000] {logging_mixin.py:137} INFO - [2023-11-09T03:31:15.316+0000] {dag.py:2690} INFO - Sync 1 DAGs
[2023-11-09T03:31:15.329+0000] {logging_mixin.py:137} INFO - [2023-11-09T03:31:15.329+0000] {dag.py:3441} INFO - Setting next_dagrun for latest_only_with_trigger to 2023-11-08T23:31:15.329557+00:00, run_after=2023-11-09T03:31:15.329557+00:00
[2023-11-09T03:31:15.339+0000] {processor.py:175} INFO - Processing /home/airflow/.local/lib/python3.7/site-packages/airflow/example_dags/example_latest_only_with_trigger.py took 0.053 seconds
[2023-11-09T04:52:54.215+0000] {processor.py:153} INFO - Started process (PID=92300) to work on /home/airflow/.local/lib/python3.7/site-packages/airflow/example_dags/example_latest_only_with_trigger.py
[2023-11-09T04:52:54.217+0000] {processor.py:743} INFO - Processing file /home/airflow/.local/lib/python3.7/site-packages/airflow/example_dags/example_latest_only_with_trigger.py for tasks to queue
[2023-11-09T04:52:54.219+0000] {logging_mixin.py:137} INFO - [2023-11-09T04:52:54.219+0000] {dagbag.py:538} INFO - Filling up the DagBag from /home/airflow/.local/lib/python3.7/site-packages/airflow/example_dags/example_latest_only_with_trigger.py
[2023-11-09T04:52:54.234+0000] {processor.py:753} INFO - DAG(s) dict_keys(['latest_only_with_trigger']) retrieved from /home/airflow/.local/lib/python3.7/site-packages/airflow/example_dags/example_latest_only_with_trigger.py
[2023-11-09T04:52:54.257+0000] {logging_mixin.py:137} INFO - [2023-11-09T04:52:54.257+0000] {dag.py:2690} INFO - Sync 1 DAGs
[2023-11-09T04:52:54.273+0000] {logging_mixin.py:137} INFO - [2023-11-09T04:52:54.273+0000] {dag.py:3441} INFO - Setting next_dagrun for latest_only_with_trigger to 2023-11-09T00:52:54.273607+00:00, run_after=2023-11-09T04:52:54.273607+00:00
[2023-11-09T04:52:54.287+0000] {processor.py:175} INFO - Processing /home/airflow/.local/lib/python3.7/site-packages/airflow/example_dags/example_latest_only_with_trigger.py took 0.076 seconds
[2023-11-09T06:15:50.594+0000] {processor.py:153} INFO - Started process (PID=92395) to work on /home/airflow/.local/lib/python3.7/site-packages/airflow/example_dags/example_latest_only_with_trigger.py
[2023-11-09T06:15:50.594+0000] {processor.py:743} INFO - Processing file /home/airflow/.local/lib/python3.7/site-packages/airflow/example_dags/example_latest_only_with_trigger.py for tasks to queue
[2023-11-09T06:15:50.595+0000] {logging_mixin.py:137} INFO - [2023-11-09T06:15:50.595+0000] {dagbag.py:538} INFO - Filling up the DagBag from /home/airflow/.local/lib/python3.7/site-packages/airflow/example_dags/example_latest_only_with_trigger.py
[2023-11-09T06:15:50.603+0000] {processor.py:753} INFO - DAG(s) dict_keys(['latest_only_with_trigger']) retrieved from /home/airflow/.local/lib/python3.7/site-packages/airflow/example_dags/example_latest_only_with_trigger.py
[2023-11-09T06:15:50.616+0000] {logging_mixin.py:137} INFO - [2023-11-09T06:15:50.616+0000] {dag.py:2690} INFO - Sync 1 DAGs
[2023-11-09T06:15:50.628+0000] {logging_mixin.py:137} INFO - [2023-11-09T06:15:50.628+0000] {dag.py:3441} INFO - Setting next_dagrun for latest_only_with_trigger to 2023-11-09T02:15:50.627947+00:00, run_after=2023-11-09T06:15:50.627947+00:00
[2023-11-09T06:15:50.636+0000] {processor.py:175} INFO - Processing /home/airflow/.local/lib/python3.7/site-packages/airflow/example_dags/example_latest_only_with_trigger.py took 0.044 seconds
[2023-11-09T07:41:09.531+0000] {processor.py:153} INFO - Started process (PID=92490) to work on /home/airflow/.local/lib/python3.7/site-packages/airflow/example_dags/example_latest_only_with_trigger.py
[2023-11-09T07:41:09.531+0000] {processor.py:743} INFO - Processing file /home/airflow/.local/lib/python3.7/site-packages/airflow/example_dags/example_latest_only_with_trigger.py for tasks to queue
[2023-11-09T07:41:09.532+0000] {logging_mixin.py:137} INFO - [2023-11-09T07:41:09.532+0000] {dagbag.py:538} INFO - Filling up the DagBag from /home/airflow/.local/lib/python3.7/site-packages/airflow/example_dags/example_latest_only_with_trigger.py
[2023-11-09T07:41:09.541+0000] {processor.py:753} INFO - DAG(s) dict_keys(['latest_only_with_trigger']) retrieved from /home/airflow/.local/lib/python3.7/site-packages/airflow/example_dags/example_latest_only_with_trigger.py
[2023-11-09T07:41:09.555+0000] {logging_mixin.py:137} INFO - [2023-11-09T07:41:09.555+0000] {dag.py:2690} INFO - Sync 1 DAGs
[2023-11-09T07:41:09.567+0000] {logging_mixin.py:137} INFO - [2023-11-09T07:41:09.567+0000] {dag.py:3441} INFO - Setting next_dagrun for latest_only_with_trigger to 2023-11-09T03:41:09.567203+00:00, run_after=2023-11-09T07:41:09.567203+00:00
[2023-11-09T07:41:09.575+0000] {processor.py:175} INFO - Processing /home/airflow/.local/lib/python3.7/site-packages/airflow/example_dags/example_latest_only_with_trigger.py took 0.047 seconds
[2023-11-09T09:03:44.316+0000] {processor.py:153} INFO - Started process (PID=92567) to work on /home/airflow/.local/lib/python3.7/site-packages/airflow/example_dags/example_latest_only_with_trigger.py
[2023-11-09T09:03:44.316+0000] {processor.py:743} INFO - Processing file /home/airflow/.local/lib/python3.7/site-packages/airflow/example_dags/example_latest_only_with_trigger.py for tasks to queue
[2023-11-09T09:03:44.317+0000] {logging_mixin.py:137} INFO - [2023-11-09T09:03:44.317+0000] {dagbag.py:538} INFO - Filling up the DagBag from /home/airflow/.local/lib/python3.7/site-packages/airflow/example_dags/example_latest_only_with_trigger.py
[2023-11-09T09:03:44.326+0000] {processor.py:753} INFO - DAG(s) dict_keys(['latest_only_with_trigger']) retrieved from /home/airflow/.local/lib/python3.7/site-packages/airflow/example_dags/example_latest_only_with_trigger.py
[2023-11-09T09:03:44.339+0000] {logging_mixin.py:137} INFO - [2023-11-09T09:03:44.339+0000] {dag.py:2690} INFO - Sync 1 DAGs
[2023-11-09T09:03:44.351+0000] {logging_mixin.py:137} INFO - [2023-11-09T09:03:44.351+0000] {dag.py:3441} INFO - Setting next_dagrun for latest_only_with_trigger to 2023-11-09T05:03:44.351002+00:00, run_after=2023-11-09T09:03:44.351002+00:00
[2023-11-09T09:03:44.361+0000] {processor.py:175} INFO - Processing /home/airflow/.local/lib/python3.7/site-packages/airflow/example_dags/example_latest_only_with_trigger.py took 0.047 seconds
[2023-11-09T10:26:52.946+0000] {processor.py:153} INFO - Started process (PID=92662) to work on /home/airflow/.local/lib/python3.7/site-packages/airflow/example_dags/example_latest_only_with_trigger.py
[2023-11-09T10:26:52.947+0000] {processor.py:743} INFO - Processing file /home/airflow/.local/lib/python3.7/site-packages/airflow/example_dags/example_latest_only_with_trigger.py for tasks to queue
[2023-11-09T10:26:52.947+0000] {logging_mixin.py:137} INFO - [2023-11-09T10:26:52.947+0000] {dagbag.py:538} INFO - Filling up the DagBag from /home/airflow/.local/lib/python3.7/site-packages/airflow/example_dags/example_latest_only_with_trigger.py
[2023-11-09T10:26:52.956+0000] {processor.py:753} INFO - DAG(s) dict_keys(['latest_only_with_trigger']) retrieved from /home/airflow/.local/lib/python3.7/site-packages/airflow/example_dags/example_latest_only_with_trigger.py
[2023-11-09T10:26:52.970+0000] {logging_mixin.py:137} INFO - [2023-11-09T10:26:52.970+0000] {dag.py:2690} INFO - Sync 1 DAGs
[2023-11-09T10:26:52.982+0000] {logging_mixin.py:137} INFO - [2023-11-09T10:26:52.982+0000] {dag.py:3441} INFO - Setting next_dagrun for latest_only_with_trigger to 2023-11-09T06:26:52.982324+00:00, run_after=2023-11-09T10:26:52.982324+00:00
[2023-11-09T10:26:52.990+0000] {processor.py:175} INFO - Processing /home/airflow/.local/lib/python3.7/site-packages/airflow/example_dags/example_latest_only_with_trigger.py took 0.047 seconds
[2023-11-09T11:49:36.160+0000] {processor.py:153} INFO - Started process (PID=92757) to work on /home/airflow/.local/lib/python3.7/site-packages/airflow/example_dags/example_latest_only_with_trigger.py
[2023-11-09T11:49:36.161+0000] {processor.py:743} INFO - Processing file /home/airflow/.local/lib/python3.7/site-packages/airflow/example_dags/example_latest_only_with_trigger.py for tasks to queue
[2023-11-09T11:49:36.162+0000] {logging_mixin.py:137} INFO - [2023-11-09T11:49:36.162+0000] {dagbag.py:538} INFO - Filling up the DagBag from /home/airflow/.local/lib/python3.7/site-packages/airflow/example_dags/example_latest_only_with_trigger.py
[2023-11-09T11:49:36.172+0000] {processor.py:753} INFO - DAG(s) dict_keys(['latest_only_with_trigger']) retrieved from /home/airflow/.local/lib/python3.7/site-packages/airflow/example_dags/example_latest_only_with_trigger.py
[2023-11-09T11:49:36.188+0000] {logging_mixin.py:137} INFO - [2023-11-09T11:49:36.187+0000] {dag.py:2690} INFO - Sync 1 DAGs
[2023-11-09T11:49:36.200+0000] {logging_mixin.py:137} INFO - [2023-11-09T11:49:36.200+0000] {dag.py:3441} INFO - Setting next_dagrun for latest_only_with_trigger to 2023-11-09T07:49:36.200107+00:00, run_after=2023-11-09T11:49:36.200107+00:00
[2023-11-09T11:49:36.208+0000] {processor.py:175} INFO - Processing /home/airflow/.local/lib/python3.7/site-packages/airflow/example_dags/example_latest_only_with_trigger.py took 0.051 seconds
[2023-11-09T12:30:55.456+0000] {processor.py:153} INFO - Started process (PID=92834) to work on /home/airflow/.local/lib/python3.7/site-packages/airflow/example_dags/example_latest_only_with_trigger.py
[2023-11-09T12:30:55.458+0000] {processor.py:743} INFO - Processing file /home/airflow/.local/lib/python3.7/site-packages/airflow/example_dags/example_latest_only_with_trigger.py for tasks to queue
[2023-11-09T12:30:55.458+0000] {logging_mixin.py:137} INFO - [2023-11-09T12:30:55.458+0000] {dagbag.py:538} INFO - Filling up the DagBag from /home/airflow/.local/lib/python3.7/site-packages/airflow/example_dags/example_latest_only_with_trigger.py
[2023-11-09T12:30:55.471+0000] {processor.py:753} INFO - DAG(s) dict_keys(['latest_only_with_trigger']) retrieved from /home/airflow/.local/lib/python3.7/site-packages/airflow/example_dags/example_latest_only_with_trigger.py
[2023-11-09T12:30:55.486+0000] {logging_mixin.py:137} INFO - [2023-11-09T12:30:55.486+0000] {dag.py:2690} INFO - Sync 1 DAGs
[2023-11-09T12:30:55.500+0000] {logging_mixin.py:137} INFO - [2023-11-09T12:30:55.499+0000] {dag.py:3441} INFO - Setting next_dagrun for latest_only_with_trigger to 2023-11-09T08:30:55.499146+00:00, run_after=2023-11-09T12:30:55.499146+00:00
[2023-11-09T12:30:55.510+0000] {processor.py:175} INFO - Processing /home/airflow/.local/lib/python3.7/site-packages/airflow/example_dags/example_latest_only_with_trigger.py took 0.059 seconds
[2023-11-09T12:31:26.378+0000] {processor.py:153} INFO - Started process (PID=92929) to work on /home/airflow/.local/lib/python3.7/site-packages/airflow/example_dags/example_latest_only_with_trigger.py
[2023-11-09T12:31:26.379+0000] {processor.py:743} INFO - Processing file /home/airflow/.local/lib/python3.7/site-packages/airflow/example_dags/example_latest_only_with_trigger.py for tasks to queue
[2023-11-09T12:31:26.380+0000] {logging_mixin.py:137} INFO - [2023-11-09T12:31:26.380+0000] {dagbag.py:538} INFO - Filling up the DagBag from /home/airflow/.local/lib/python3.7/site-packages/airflow/example_dags/example_latest_only_with_trigger.py
[2023-11-09T12:31:26.389+0000] {processor.py:753} INFO - DAG(s) dict_keys(['latest_only_with_trigger']) retrieved from /home/airflow/.local/lib/python3.7/site-packages/airflow/example_dags/example_latest_only_with_trigger.py
[2023-11-09T12:31:26.405+0000] {logging_mixin.py:137} INFO - [2023-11-09T12:31:26.405+0000] {dag.py:2690} INFO - Sync 1 DAGs
[2023-11-09T12:31:26.418+0000] {logging_mixin.py:137} INFO - [2023-11-09T12:31:26.418+0000] {dag.py:3441} INFO - Setting next_dagrun for latest_only_with_trigger to 2023-11-09T08:31:26.418651+00:00, run_after=2023-11-09T12:31:26.418651+00:00
[2023-11-09T12:31:26.428+0000] {processor.py:175} INFO - Processing /home/airflow/.local/lib/python3.7/site-packages/airflow/example_dags/example_latest_only_with_trigger.py took 0.051 seconds
[2023-11-09T12:31:57.238+0000] {processor.py:153} INFO - Started process (PID=93024) to work on /home/airflow/.local/lib/python3.7/site-packages/airflow/example_dags/example_latest_only_with_trigger.py
[2023-11-09T12:31:57.238+0000] {processor.py:743} INFO - Processing file /home/airflow/.local/lib/python3.7/site-packages/airflow/example_dags/example_latest_only_with_trigger.py for tasks to queue
[2023-11-09T12:31:57.238+0000] {logging_mixin.py:137} INFO - [2023-11-09T12:31:57.238+0000] {dagbag.py:538} INFO - Filling up the DagBag from /home/airflow/.local/lib/python3.7/site-packages/airflow/example_dags/example_latest_only_with_trigger.py
[2023-11-09T12:31:57.248+0000] {processor.py:753} INFO - DAG(s) dict_keys(['latest_only_with_trigger']) retrieved from /home/airflow/.local/lib/python3.7/site-packages/airflow/example_dags/example_latest_only_with_trigger.py
[2023-11-09T12:31:57.262+0000] {logging_mixin.py:137} INFO - [2023-11-09T12:31:57.261+0000] {dag.py:2690} INFO - Sync 1 DAGs
[2023-11-09T12:31:57.274+0000] {logging_mixin.py:137} INFO - [2023-11-09T12:31:57.274+0000] {dag.py:3441} INFO - Setting next_dagrun for latest_only_with_trigger to 2023-11-09T08:31:57.273913+00:00, run_after=2023-11-09T12:31:57.273913+00:00
[2023-11-09T12:31:57.282+0000] {processor.py:175} INFO - Processing /home/airflow/.local/lib/python3.7/site-packages/airflow/example_dags/example_latest_only_with_trigger.py took 0.046 seconds
[2023-11-09T12:32:28.042+0000] {processor.py:153} INFO - Started process (PID=93102) to work on /home/airflow/.local/lib/python3.7/site-packages/airflow/example_dags/example_latest_only_with_trigger.py
[2023-11-09T12:32:28.043+0000] {processor.py:743} INFO - Processing file /home/airflow/.local/lib/python3.7/site-packages/airflow/example_dags/example_latest_only_with_trigger.py for tasks to queue
[2023-11-09T12:32:28.044+0000] {logging_mixin.py:137} INFO - [2023-11-09T12:32:28.044+0000] {dagbag.py:538} INFO - Filling up the DagBag from /home/airflow/.local/lib/python3.7/site-packages/airflow/example_dags/example_latest_only_with_trigger.py
[2023-11-09T12:32:28.064+0000] {processor.py:753} INFO - DAG(s) dict_keys(['latest_only_with_trigger']) retrieved from /home/airflow/.local/lib/python3.7/site-packages/airflow/example_dags/example_latest_only_with_trigger.py
[2023-11-09T12:32:28.092+0000] {logging_mixin.py:137} INFO - [2023-11-09T12:32:28.092+0000] {dag.py:2690} INFO - Sync 1 DAGs
[2023-11-09T12:32:28.114+0000] {logging_mixin.py:137} INFO - [2023-11-09T12:32:28.113+0000] {dag.py:3441} INFO - Setting next_dagrun for latest_only_with_trigger to 2023-11-09T08:32:28.113739+00:00, run_after=2023-11-09T12:32:28.113739+00:00
[2023-11-09T12:32:28.126+0000] {processor.py:175} INFO - Processing /home/airflow/.local/lib/python3.7/site-packages/airflow/example_dags/example_latest_only_with_trigger.py took 0.086 seconds
[2023-11-09T12:44:15.056+0000] {processor.py:153} INFO - Started process (PID=93197) to work on /home/airflow/.local/lib/python3.7/site-packages/airflow/example_dags/example_latest_only_with_trigger.py
[2023-11-09T12:44:15.056+0000] {processor.py:743} INFO - Processing file /home/airflow/.local/lib/python3.7/site-packages/airflow/example_dags/example_latest_only_with_trigger.py for tasks to queue
[2023-11-09T12:44:15.056+0000] {logging_mixin.py:137} INFO - [2023-11-09T12:44:15.056+0000] {dagbag.py:538} INFO - Filling up the DagBag from /home/airflow/.local/lib/python3.7/site-packages/airflow/example_dags/example_latest_only_with_trigger.py
[2023-11-09T12:44:15.065+0000] {processor.py:753} INFO - DAG(s) dict_keys(['latest_only_with_trigger']) retrieved from /home/airflow/.local/lib/python3.7/site-packages/airflow/example_dags/example_latest_only_with_trigger.py
[2023-11-09T12:44:15.079+0000] {logging_mixin.py:137} INFO - [2023-11-09T12:44:15.079+0000] {dag.py:2690} INFO - Sync 1 DAGs
[2023-11-09T12:44:15.092+0000] {logging_mixin.py:137} INFO - [2023-11-09T12:44:15.092+0000] {dag.py:3441} INFO - Setting next_dagrun for latest_only_with_trigger to 2023-11-09T08:44:15.091922+00:00, run_after=2023-11-09T12:44:15.091922+00:00
[2023-11-09T12:44:15.100+0000] {processor.py:175} INFO - Processing /home/airflow/.local/lib/python3.7/site-packages/airflow/example_dags/example_latest_only_with_trigger.py took 0.046 seconds
[2023-11-09T13:02:53.807+0000] {processor.py:153} INFO - Started process (PID=93292) to work on /home/airflow/.local/lib/python3.7/site-packages/airflow/example_dags/example_latest_only_with_trigger.py
[2023-11-09T13:02:53.808+0000] {processor.py:743} INFO - Processing file /home/airflow/.local/lib/python3.7/site-packages/airflow/example_dags/example_latest_only_with_trigger.py for tasks to queue
[2023-11-09T13:02:53.809+0000] {logging_mixin.py:137} INFO - [2023-11-09T13:02:53.809+0000] {dagbag.py:538} INFO - Filling up the DagBag from /home/airflow/.local/lib/python3.7/site-packages/airflow/example_dags/example_latest_only_with_trigger.py
[2023-11-09T13:02:53.825+0000] {processor.py:753} INFO - DAG(s) dict_keys(['latest_only_with_trigger']) retrieved from /home/airflow/.local/lib/python3.7/site-packages/airflow/example_dags/example_latest_only_with_trigger.py
[2023-11-09T13:02:53.850+0000] {logging_mixin.py:137} INFO - [2023-11-09T13:02:53.850+0000] {dag.py:2690} INFO - Sync 1 DAGs
[2023-11-09T13:02:53.870+0000] {logging_mixin.py:137} INFO - [2023-11-09T13:02:53.870+0000] {dag.py:3441} INFO - Setting next_dagrun for latest_only_with_trigger to 2023-11-09T09:02:53.870589+00:00, run_after=2023-11-09T13:02:53.870589+00:00
[2023-11-09T13:02:53.884+0000] {processor.py:175} INFO - Processing /home/airflow/.local/lib/python3.7/site-packages/airflow/example_dags/example_latest_only_with_trigger.py took 0.079 seconds
[2023-11-09T13:55:41.799+0000] {processor.py:153} INFO - Started process (PID=93369) to work on /home/airflow/.local/lib/python3.7/site-packages/airflow/example_dags/example_latest_only_with_trigger.py
[2023-11-09T13:55:41.800+0000] {processor.py:743} INFO - Processing file /home/airflow/.local/lib/python3.7/site-packages/airflow/example_dags/example_latest_only_with_trigger.py for tasks to queue
[2023-11-09T13:55:41.800+0000] {logging_mixin.py:137} INFO - [2023-11-09T13:55:41.800+0000] {dagbag.py:538} INFO - Filling up the DagBag from /home/airflow/.local/lib/python3.7/site-packages/airflow/example_dags/example_latest_only_with_trigger.py
[2023-11-09T13:55:41.811+0000] {processor.py:753} INFO - DAG(s) dict_keys(['latest_only_with_trigger']) retrieved from /home/airflow/.local/lib/python3.7/site-packages/airflow/example_dags/example_latest_only_with_trigger.py
[2023-11-09T13:55:41.825+0000] {logging_mixin.py:137} INFO - [2023-11-09T13:55:41.825+0000] {dag.py:2690} INFO - Sync 1 DAGs
[2023-11-09T13:55:41.838+0000] {logging_mixin.py:137} INFO - [2023-11-09T13:55:41.838+0000] {dag.py:3441} INFO - Setting next_dagrun for latest_only_with_trigger to 2023-11-09T09:55:41.838520+00:00, run_after=2023-11-09T13:55:41.838520+00:00
[2023-11-09T13:55:41.848+0000] {processor.py:175} INFO - Processing /home/airflow/.local/lib/python3.7/site-packages/airflow/example_dags/example_latest_only_with_trigger.py took 0.051 seconds
[2023-11-09T15:17:01.958+0000] {processor.py:153} INFO - Started process (PID=93464) to work on /home/airflow/.local/lib/python3.7/site-packages/airflow/example_dags/example_latest_only_with_trigger.py
[2023-11-09T15:17:01.959+0000] {processor.py:743} INFO - Processing file /home/airflow/.local/lib/python3.7/site-packages/airflow/example_dags/example_latest_only_with_trigger.py for tasks to queue
[2023-11-09T15:17:01.959+0000] {logging_mixin.py:137} INFO - [2023-11-09T15:17:01.959+0000] {dagbag.py:538} INFO - Filling up the DagBag from /home/airflow/.local/lib/python3.7/site-packages/airflow/example_dags/example_latest_only_with_trigger.py
[2023-11-09T15:17:01.968+0000] {processor.py:753} INFO - DAG(s) dict_keys(['latest_only_with_trigger']) retrieved from /home/airflow/.local/lib/python3.7/site-packages/airflow/example_dags/example_latest_only_with_trigger.py
[2023-11-09T15:17:01.982+0000] {logging_mixin.py:137} INFO - [2023-11-09T15:17:01.982+0000] {dag.py:2690} INFO - Sync 1 DAGs
[2023-11-09T15:17:01.994+0000] {logging_mixin.py:137} INFO - [2023-11-09T15:17:01.994+0000] {dag.py:3441} INFO - Setting next_dagrun for latest_only_with_trigger to 2023-11-09T11:17:01.994314+00:00, run_after=2023-11-09T15:17:01.994314+00:00
[2023-11-09T15:17:02.002+0000] {processor.py:175} INFO - Processing /home/airflow/.local/lib/python3.7/site-packages/airflow/example_dags/example_latest_only_with_trigger.py took 0.046 seconds
[2023-11-09T16:39:33.753+0000] {processor.py:153} INFO - Started process (PID=93559) to work on /home/airflow/.local/lib/python3.7/site-packages/airflow/example_dags/example_latest_only_with_trigger.py
[2023-11-09T16:39:33.764+0000] {processor.py:743} INFO - Processing file /home/airflow/.local/lib/python3.7/site-packages/airflow/example_dags/example_latest_only_with_trigger.py for tasks to queue
[2023-11-09T16:39:33.776+0000] {logging_mixin.py:137} INFO - [2023-11-09T16:39:33.776+0000] {dagbag.py:538} INFO - Filling up the DagBag from /home/airflow/.local/lib/python3.7/site-packages/airflow/example_dags/example_latest_only_with_trigger.py
[2023-11-09T16:39:33.801+0000] {processor.py:753} INFO - DAG(s) dict_keys(['latest_only_with_trigger']) retrieved from /home/airflow/.local/lib/python3.7/site-packages/airflow/example_dags/example_latest_only_with_trigger.py
[2023-11-09T16:39:33.827+0000] {logging_mixin.py:137} INFO - [2023-11-09T16:39:33.827+0000] {dag.py:2690} INFO - Sync 1 DAGs
[2023-11-09T16:39:33.841+0000] {logging_mixin.py:137} INFO - [2023-11-09T16:39:33.841+0000] {dag.py:3441} INFO - Setting next_dagrun for latest_only_with_trigger to 2023-11-09T12:39:33.841377+00:00, run_after=2023-11-09T16:39:33.841377+00:00
[2023-11-09T16:39:33.853+0000] {processor.py:175} INFO - Processing /home/airflow/.local/lib/python3.7/site-packages/airflow/example_dags/example_latest_only_with_trigger.py took 0.102 seconds
[2023-11-09T18:02:09.688+0000] {processor.py:153} INFO - Started process (PID=93636) to work on /home/airflow/.local/lib/python3.7/site-packages/airflow/example_dags/example_latest_only_with_trigger.py
[2023-11-09T18:02:09.689+0000] {processor.py:743} INFO - Processing file /home/airflow/.local/lib/python3.7/site-packages/airflow/example_dags/example_latest_only_with_trigger.py for tasks to queue
[2023-11-09T18:02:09.689+0000] {logging_mixin.py:137} INFO - [2023-11-09T18:02:09.689+0000] {dagbag.py:538} INFO - Filling up the DagBag from /home/airflow/.local/lib/python3.7/site-packages/airflow/example_dags/example_latest_only_with_trigger.py
[2023-11-09T18:02:09.699+0000] {processor.py:753} INFO - DAG(s) dict_keys(['latest_only_with_trigger']) retrieved from /home/airflow/.local/lib/python3.7/site-packages/airflow/example_dags/example_latest_only_with_trigger.py
[2023-11-09T18:02:09.712+0000] {logging_mixin.py:137} INFO - [2023-11-09T18:02:09.712+0000] {dag.py:2690} INFO - Sync 1 DAGs
[2023-11-09T18:02:09.724+0000] {logging_mixin.py:137} INFO - [2023-11-09T18:02:09.724+0000] {dag.py:3441} INFO - Setting next_dagrun for latest_only_with_trigger to 2023-11-09T14:02:09.724568+00:00, run_after=2023-11-09T18:02:09.724568+00:00
[2023-11-09T18:02:09.732+0000] {processor.py:175} INFO - Processing /home/airflow/.local/lib/python3.7/site-packages/airflow/example_dags/example_latest_only_with_trigger.py took 0.046 seconds
[2023-11-09T19:25:46.790+0000] {processor.py:153} INFO - Started process (PID=93731) to work on /home/airflow/.local/lib/python3.7/site-packages/airflow/example_dags/example_latest_only_with_trigger.py
[2023-11-09T19:25:46.792+0000] {processor.py:743} INFO - Processing file /home/airflow/.local/lib/python3.7/site-packages/airflow/example_dags/example_latest_only_with_trigger.py for tasks to queue
[2023-11-09T19:25:46.794+0000] {logging_mixin.py:137} INFO - [2023-11-09T19:25:46.794+0000] {dagbag.py:538} INFO - Filling up the DagBag from /home/airflow/.local/lib/python3.7/site-packages/airflow/example_dags/example_latest_only_with_trigger.py
[2023-11-09T19:25:46.820+0000] {processor.py:753} INFO - DAG(s) dict_keys(['latest_only_with_trigger']) retrieved from /home/airflow/.local/lib/python3.7/site-packages/airflow/example_dags/example_latest_only_with_trigger.py
[2023-11-09T19:25:46.851+0000] {logging_mixin.py:137} INFO - [2023-11-09T19:25:46.851+0000] {dag.py:2690} INFO - Sync 1 DAGs
[2023-11-09T19:25:46.876+0000] {logging_mixin.py:137} INFO - [2023-11-09T19:25:46.876+0000] {dag.py:3441} INFO - Setting next_dagrun for latest_only_with_trigger to 2023-11-09T15:25:46.876495+00:00, run_after=2023-11-09T19:25:46.876495+00:00
[2023-11-09T19:25:46.901+0000] {processor.py:175} INFO - Processing /home/airflow/.local/lib/python3.7/site-packages/airflow/example_dags/example_latest_only_with_trigger.py took 0.120 seconds
[2023-11-09T20:47:45.632+0000] {processor.py:153} INFO - Started process (PID=93808) to work on /home/airflow/.local/lib/python3.7/site-packages/airflow/example_dags/example_latest_only_with_trigger.py
[2023-11-09T20:47:45.633+0000] {processor.py:743} INFO - Processing file /home/airflow/.local/lib/python3.7/site-packages/airflow/example_dags/example_latest_only_with_trigger.py for tasks to queue
[2023-11-09T20:47:45.633+0000] {logging_mixin.py:137} INFO - [2023-11-09T20:47:45.633+0000] {dagbag.py:538} INFO - Filling up the DagBag from /home/airflow/.local/lib/python3.7/site-packages/airflow/example_dags/example_latest_only_with_trigger.py
[2023-11-09T20:47:45.642+0000] {processor.py:753} INFO - DAG(s) dict_keys(['latest_only_with_trigger']) retrieved from /home/airflow/.local/lib/python3.7/site-packages/airflow/example_dags/example_latest_only_with_trigger.py
[2023-11-09T20:47:45.657+0000] {logging_mixin.py:137} INFO - [2023-11-09T20:47:45.657+0000] {dag.py:2690} INFO - Sync 1 DAGs
[2023-11-09T20:47:45.669+0000] {logging_mixin.py:137} INFO - [2023-11-09T20:47:45.669+0000] {dag.py:3441} INFO - Setting next_dagrun for latest_only_with_trigger to 2023-11-09T16:47:45.669755+00:00, run_after=2023-11-09T20:47:45.669755+00:00
[2023-11-09T20:47:45.679+0000] {processor.py:175} INFO - Processing /home/airflow/.local/lib/python3.7/site-packages/airflow/example_dags/example_latest_only_with_trigger.py took 0.048 seconds
[2023-11-09T21:53:03.311+0000] {processor.py:153} INFO - Started process (PID=93903) to work on /home/airflow/.local/lib/python3.7/site-packages/airflow/example_dags/example_latest_only_with_trigger.py
[2023-11-09T21:53:03.312+0000] {processor.py:743} INFO - Processing file /home/airflow/.local/lib/python3.7/site-packages/airflow/example_dags/example_latest_only_with_trigger.py for tasks to queue
[2023-11-09T21:53:03.313+0000] {logging_mixin.py:137} INFO - [2023-11-09T21:53:03.313+0000] {dagbag.py:538} INFO - Filling up the DagBag from /home/airflow/.local/lib/python3.7/site-packages/airflow/example_dags/example_latest_only_with_trigger.py
[2023-11-09T21:53:03.325+0000] {processor.py:753} INFO - DAG(s) dict_keys(['latest_only_with_trigger']) retrieved from /home/airflow/.local/lib/python3.7/site-packages/airflow/example_dags/example_latest_only_with_trigger.py
[2023-11-09T21:53:03.342+0000] {logging_mixin.py:137} INFO - [2023-11-09T21:53:03.342+0000] {dag.py:2690} INFO - Sync 1 DAGs
[2023-11-09T21:53:03.354+0000] {logging_mixin.py:137} INFO - [2023-11-09T21:53:03.354+0000] {dag.py:3441} INFO - Setting next_dagrun for latest_only_with_trigger to 2023-11-09T17:53:03.354169+00:00, run_after=2023-11-09T21:53:03.354169+00:00
[2023-11-09T21:53:03.365+0000] {processor.py:175} INFO - Processing /home/airflow/.local/lib/python3.7/site-packages/airflow/example_dags/example_latest_only_with_trigger.py took 0.057 seconds
[2023-11-09T23:13:02.665+0000] {processor.py:153} INFO - Started process (PID=93998) to work on /home/airflow/.local/lib/python3.7/site-packages/airflow/example_dags/example_latest_only_with_trigger.py
[2023-11-09T23:13:02.666+0000] {processor.py:743} INFO - Processing file /home/airflow/.local/lib/python3.7/site-packages/airflow/example_dags/example_latest_only_with_trigger.py for tasks to queue
[2023-11-09T23:13:02.667+0000] {logging_mixin.py:137} INFO - [2023-11-09T23:13:02.667+0000] {dagbag.py:538} INFO - Filling up the DagBag from /home/airflow/.local/lib/python3.7/site-packages/airflow/example_dags/example_latest_only_with_trigger.py
[2023-11-09T23:13:02.679+0000] {processor.py:753} INFO - DAG(s) dict_keys(['latest_only_with_trigger']) retrieved from /home/airflow/.local/lib/python3.7/site-packages/airflow/example_dags/example_latest_only_with_trigger.py
[2023-11-09T23:13:02.696+0000] {logging_mixin.py:137} INFO - [2023-11-09T23:13:02.696+0000] {dag.py:2690} INFO - Sync 1 DAGs
[2023-11-09T23:13:02.711+0000] {logging_mixin.py:137} INFO - [2023-11-09T23:13:02.711+0000] {dag.py:3441} INFO - Setting next_dagrun for latest_only_with_trigger to 2023-11-09T19:13:02.711498+00:00, run_after=2023-11-09T23:13:02.711498+00:00
[2023-11-09T23:13:02.723+0000] {processor.py:175} INFO - Processing /home/airflow/.local/lib/python3.7/site-packages/airflow/example_dags/example_latest_only_with_trigger.py took 0.062 seconds
