[2023-11-09T00:44:06.910+0000] {processor.py:153} INFO - Started process (PID=92037) to work on /home/airflow/.local/lib/python3.7/site-packages/airflow/example_dags/example_time_delta_sensor_async.py
[2023-11-09T00:44:06.911+0000] {processor.py:743} INFO - Processing file /home/airflow/.local/lib/python3.7/site-packages/airflow/example_dags/example_time_delta_sensor_async.py for tasks to queue
[2023-11-09T00:44:06.911+0000] {logging_mixin.py:137} INFO - [2023-11-09T00:44:06.911+0000] {dagbag.py:538} INFO - Filling up the DagBag from /home/airflow/.local/lib/python3.7/site-packages/airflow/example_dags/example_time_delta_sensor_async.py
[2023-11-09T00:44:06.920+0000] {processor.py:753} INFO - DAG(s) dict_keys(['example_time_delta_sensor_async']) retrieved from /home/airflow/.local/lib/python3.7/site-packages/airflow/example_dags/example_time_delta_sensor_async.py
[2023-11-09T00:44:06.935+0000] {logging_mixin.py:137} INFO - [2023-11-09T00:44:06.934+0000] {dag.py:2690} INFO - Sync 1 DAGs
[2023-11-09T00:44:06.946+0000] {logging_mixin.py:137} INFO - [2023-11-09T00:44:06.946+0000] {dag.py:3441} INFO - Setting next_dagrun for example_time_delta_sensor_async to None, run_after=None
[2023-11-09T00:44:06.955+0000] {processor.py:175} INFO - Processing /home/airflow/.local/lib/python3.7/site-packages/airflow/example_dags/example_time_delta_sensor_async.py took 0.047 seconds
[2023-11-09T02:09:22.920+0000] {processor.py:153} INFO - Started process (PID=92132) to work on /home/airflow/.local/lib/python3.7/site-packages/airflow/example_dags/example_time_delta_sensor_async.py
[2023-11-09T02:09:22.921+0000] {processor.py:743} INFO - Processing file /home/airflow/.local/lib/python3.7/site-packages/airflow/example_dags/example_time_delta_sensor_async.py for tasks to queue
[2023-11-09T02:09:22.921+0000] {logging_mixin.py:137} INFO - [2023-11-09T02:09:22.921+0000] {dagbag.py:538} INFO - Filling up the DagBag from /home/airflow/.local/lib/python3.7/site-packages/airflow/example_dags/example_time_delta_sensor_async.py
[2023-11-09T02:09:22.929+0000] {processor.py:753} INFO - DAG(s) dict_keys(['example_time_delta_sensor_async']) retrieved from /home/airflow/.local/lib/python3.7/site-packages/airflow/example_dags/example_time_delta_sensor_async.py
[2023-11-09T02:09:22.942+0000] {logging_mixin.py:137} INFO - [2023-11-09T02:09:22.942+0000] {dag.py:2690} INFO - Sync 1 DAGs
[2023-11-09T02:09:22.955+0000] {logging_mixin.py:137} INFO - [2023-11-09T02:09:22.955+0000] {dag.py:3441} INFO - Setting next_dagrun for example_time_delta_sensor_async to None, run_after=None
[2023-11-09T02:09:22.964+0000] {processor.py:175} INFO - Processing /home/airflow/.local/lib/python3.7/site-packages/airflow/example_dags/example_time_delta_sensor_async.py took 0.045 seconds
[2023-11-09T03:31:15.422+0000] {processor.py:153} INFO - Started process (PID=92227) to work on /home/airflow/.local/lib/python3.7/site-packages/airflow/example_dags/example_time_delta_sensor_async.py
[2023-11-09T03:31:15.423+0000] {processor.py:743} INFO - Processing file /home/airflow/.local/lib/python3.7/site-packages/airflow/example_dags/example_time_delta_sensor_async.py for tasks to queue
[2023-11-09T03:31:15.423+0000] {logging_mixin.py:137} INFO - [2023-11-09T03:31:15.423+0000] {dagbag.py:538} INFO - Filling up the DagBag from /home/airflow/.local/lib/python3.7/site-packages/airflow/example_dags/example_time_delta_sensor_async.py
[2023-11-09T03:31:15.436+0000] {processor.py:753} INFO - DAG(s) dict_keys(['example_time_delta_sensor_async']) retrieved from /home/airflow/.local/lib/python3.7/site-packages/airflow/example_dags/example_time_delta_sensor_async.py
[2023-11-09T03:31:15.451+0000] {logging_mixin.py:137} INFO - [2023-11-09T03:31:15.451+0000] {dag.py:2690} INFO - Sync 1 DAGs
[2023-11-09T03:31:15.464+0000] {logging_mixin.py:137} INFO - [2023-11-09T03:31:15.464+0000] {dag.py:3441} INFO - Setting next_dagrun for example_time_delta_sensor_async to None, run_after=None
[2023-11-09T03:31:15.475+0000] {processor.py:175} INFO - Processing /home/airflow/.local/lib/python3.7/site-packages/airflow/example_dags/example_time_delta_sensor_async.py took 0.056 seconds
[2023-11-09T04:52:54.416+0000] {processor.py:153} INFO - Started process (PID=92304) to work on /home/airflow/.local/lib/python3.7/site-packages/airflow/example_dags/example_time_delta_sensor_async.py
[2023-11-09T04:52:54.417+0000] {processor.py:743} INFO - Processing file /home/airflow/.local/lib/python3.7/site-packages/airflow/example_dags/example_time_delta_sensor_async.py for tasks to queue
[2023-11-09T04:52:54.418+0000] {logging_mixin.py:137} INFO - [2023-11-09T04:52:54.418+0000] {dagbag.py:538} INFO - Filling up the DagBag from /home/airflow/.local/lib/python3.7/site-packages/airflow/example_dags/example_time_delta_sensor_async.py
[2023-11-09T04:52:54.429+0000] {processor.py:753} INFO - DAG(s) dict_keys(['example_time_delta_sensor_async']) retrieved from /home/airflow/.local/lib/python3.7/site-packages/airflow/example_dags/example_time_delta_sensor_async.py
[2023-11-09T04:52:54.448+0000] {logging_mixin.py:137} INFO - [2023-11-09T04:52:54.448+0000] {dag.py:2690} INFO - Sync 1 DAGs
[2023-11-09T04:52:54.463+0000] {logging_mixin.py:137} INFO - [2023-11-09T04:52:54.463+0000] {dag.py:3441} INFO - Setting next_dagrun for example_time_delta_sensor_async to None, run_after=None
[2023-11-09T04:52:54.475+0000] {processor.py:175} INFO - Processing /home/airflow/.local/lib/python3.7/site-packages/airflow/example_dags/example_time_delta_sensor_async.py took 0.062 seconds
[2023-11-09T06:15:50.768+0000] {processor.py:153} INFO - Started process (PID=92399) to work on /home/airflow/.local/lib/python3.7/site-packages/airflow/example_dags/example_time_delta_sensor_async.py
[2023-11-09T06:15:50.768+0000] {processor.py:743} INFO - Processing file /home/airflow/.local/lib/python3.7/site-packages/airflow/example_dags/example_time_delta_sensor_async.py for tasks to queue
[2023-11-09T06:15:50.769+0000] {logging_mixin.py:137} INFO - [2023-11-09T06:15:50.769+0000] {dagbag.py:538} INFO - Filling up the DagBag from /home/airflow/.local/lib/python3.7/site-packages/airflow/example_dags/example_time_delta_sensor_async.py
[2023-11-09T06:15:50.777+0000] {processor.py:753} INFO - DAG(s) dict_keys(['example_time_delta_sensor_async']) retrieved from /home/airflow/.local/lib/python3.7/site-packages/airflow/example_dags/example_time_delta_sensor_async.py
[2023-11-09T06:15:50.791+0000] {logging_mixin.py:137} INFO - [2023-11-09T06:15:50.791+0000] {dag.py:2690} INFO - Sync 1 DAGs
[2023-11-09T06:15:50.803+0000] {logging_mixin.py:137} INFO - [2023-11-09T06:15:50.803+0000] {dag.py:3441} INFO - Setting next_dagrun for example_time_delta_sensor_async to None, run_after=None
[2023-11-09T06:15:50.811+0000] {processor.py:175} INFO - Processing /home/airflow/.local/lib/python3.7/site-packages/airflow/example_dags/example_time_delta_sensor_async.py took 0.045 seconds
[2023-11-09T07:41:09.718+0000] {processor.py:153} INFO - Started process (PID=92494) to work on /home/airflow/.local/lib/python3.7/site-packages/airflow/example_dags/example_time_delta_sensor_async.py
[2023-11-09T07:41:09.718+0000] {processor.py:743} INFO - Processing file /home/airflow/.local/lib/python3.7/site-packages/airflow/example_dags/example_time_delta_sensor_async.py for tasks to queue
[2023-11-09T07:41:09.719+0000] {logging_mixin.py:137} INFO - [2023-11-09T07:41:09.719+0000] {dagbag.py:538} INFO - Filling up the DagBag from /home/airflow/.local/lib/python3.7/site-packages/airflow/example_dags/example_time_delta_sensor_async.py
[2023-11-09T07:41:09.727+0000] {processor.py:753} INFO - DAG(s) dict_keys(['example_time_delta_sensor_async']) retrieved from /home/airflow/.local/lib/python3.7/site-packages/airflow/example_dags/example_time_delta_sensor_async.py
[2023-11-09T07:41:09.742+0000] {logging_mixin.py:137} INFO - [2023-11-09T07:41:09.742+0000] {dag.py:2690} INFO - Sync 1 DAGs
[2023-11-09T07:41:09.755+0000] {logging_mixin.py:137} INFO - [2023-11-09T07:41:09.754+0000] {dag.py:3441} INFO - Setting next_dagrun for example_time_delta_sensor_async to None, run_after=None
[2023-11-09T07:41:09.763+0000] {processor.py:175} INFO - Processing /home/airflow/.local/lib/python3.7/site-packages/airflow/example_dags/example_time_delta_sensor_async.py took 0.047 seconds
[2023-11-09T09:03:44.523+0000] {processor.py:153} INFO - Started process (PID=92571) to work on /home/airflow/.local/lib/python3.7/site-packages/airflow/example_dags/example_time_delta_sensor_async.py
[2023-11-09T09:03:44.523+0000] {processor.py:743} INFO - Processing file /home/airflow/.local/lib/python3.7/site-packages/airflow/example_dags/example_time_delta_sensor_async.py for tasks to queue
[2023-11-09T09:03:44.524+0000] {logging_mixin.py:137} INFO - [2023-11-09T09:03:44.524+0000] {dagbag.py:538} INFO - Filling up the DagBag from /home/airflow/.local/lib/python3.7/site-packages/airflow/example_dags/example_time_delta_sensor_async.py
[2023-11-09T09:03:44.532+0000] {processor.py:753} INFO - DAG(s) dict_keys(['example_time_delta_sensor_async']) retrieved from /home/airflow/.local/lib/python3.7/site-packages/airflow/example_dags/example_time_delta_sensor_async.py
[2023-11-09T09:03:44.547+0000] {logging_mixin.py:137} INFO - [2023-11-09T09:03:44.546+0000] {dag.py:2690} INFO - Sync 1 DAGs
[2023-11-09T09:03:44.558+0000] {logging_mixin.py:137} INFO - [2023-11-09T09:03:44.558+0000] {dag.py:3441} INFO - Setting next_dagrun for example_time_delta_sensor_async to None, run_after=None
[2023-11-09T09:03:44.568+0000] {processor.py:175} INFO - Processing /home/airflow/.local/lib/python3.7/site-packages/airflow/example_dags/example_time_delta_sensor_async.py took 0.047 seconds
[2023-11-09T10:26:53.117+0000] {processor.py:153} INFO - Started process (PID=92666) to work on /home/airflow/.local/lib/python3.7/site-packages/airflow/example_dags/example_time_delta_sensor_async.py
[2023-11-09T10:26:53.118+0000] {processor.py:743} INFO - Processing file /home/airflow/.local/lib/python3.7/site-packages/airflow/example_dags/example_time_delta_sensor_async.py for tasks to queue
[2023-11-09T10:26:53.118+0000] {logging_mixin.py:137} INFO - [2023-11-09T10:26:53.118+0000] {dagbag.py:538} INFO - Filling up the DagBag from /home/airflow/.local/lib/python3.7/site-packages/airflow/example_dags/example_time_delta_sensor_async.py
[2023-11-09T10:26:53.127+0000] {processor.py:753} INFO - DAG(s) dict_keys(['example_time_delta_sensor_async']) retrieved from /home/airflow/.local/lib/python3.7/site-packages/airflow/example_dags/example_time_delta_sensor_async.py
[2023-11-09T10:26:53.141+0000] {logging_mixin.py:137} INFO - [2023-11-09T10:26:53.141+0000] {dag.py:2690} INFO - Sync 1 DAGs
[2023-11-09T10:26:53.153+0000] {logging_mixin.py:137} INFO - [2023-11-09T10:26:53.153+0000] {dag.py:3441} INFO - Setting next_dagrun for example_time_delta_sensor_async to None, run_after=None
[2023-11-09T10:26:53.161+0000] {processor.py:175} INFO - Processing /home/airflow/.local/lib/python3.7/site-packages/airflow/example_dags/example_time_delta_sensor_async.py took 0.046 seconds
[2023-11-09T11:49:36.277+0000] {processor.py:153} INFO - Started process (PID=92761) to work on /home/airflow/.local/lib/python3.7/site-packages/airflow/example_dags/example_time_delta_sensor_async.py
[2023-11-09T11:49:36.278+0000] {processor.py:743} INFO - Processing file /home/airflow/.local/lib/python3.7/site-packages/airflow/example_dags/example_time_delta_sensor_async.py for tasks to queue
[2023-11-09T11:49:36.278+0000] {logging_mixin.py:137} INFO - [2023-11-09T11:49:36.278+0000] {dagbag.py:538} INFO - Filling up the DagBag from /home/airflow/.local/lib/python3.7/site-packages/airflow/example_dags/example_time_delta_sensor_async.py
[2023-11-09T11:49:36.286+0000] {processor.py:753} INFO - DAG(s) dict_keys(['example_time_delta_sensor_async']) retrieved from /home/airflow/.local/lib/python3.7/site-packages/airflow/example_dags/example_time_delta_sensor_async.py
[2023-11-09T11:49:36.300+0000] {logging_mixin.py:137} INFO - [2023-11-09T11:49:36.300+0000] {dag.py:2690} INFO - Sync 1 DAGs
[2023-11-09T11:49:36.312+0000] {logging_mixin.py:137} INFO - [2023-11-09T11:49:36.311+0000] {dag.py:3441} INFO - Setting next_dagrun for example_time_delta_sensor_async to None, run_after=None
[2023-11-09T11:49:36.320+0000] {processor.py:175} INFO - Processing /home/airflow/.local/lib/python3.7/site-packages/airflow/example_dags/example_time_delta_sensor_async.py took 0.045 seconds
[2023-11-09T12:30:55.645+0000] {processor.py:153} INFO - Started process (PID=92838) to work on /home/airflow/.local/lib/python3.7/site-packages/airflow/example_dags/example_time_delta_sensor_async.py
[2023-11-09T12:30:55.645+0000] {processor.py:743} INFO - Processing file /home/airflow/.local/lib/python3.7/site-packages/airflow/example_dags/example_time_delta_sensor_async.py for tasks to queue
[2023-11-09T12:30:55.646+0000] {logging_mixin.py:137} INFO - [2023-11-09T12:30:55.646+0000] {dagbag.py:538} INFO - Filling up the DagBag from /home/airflow/.local/lib/python3.7/site-packages/airflow/example_dags/example_time_delta_sensor_async.py
[2023-11-09T12:30:55.655+0000] {processor.py:753} INFO - DAG(s) dict_keys(['example_time_delta_sensor_async']) retrieved from /home/airflow/.local/lib/python3.7/site-packages/airflow/example_dags/example_time_delta_sensor_async.py
[2023-11-09T12:30:55.669+0000] {logging_mixin.py:137} INFO - [2023-11-09T12:30:55.669+0000] {dag.py:2690} INFO - Sync 1 DAGs
[2023-11-09T12:30:55.682+0000] {logging_mixin.py:137} INFO - [2023-11-09T12:30:55.681+0000] {dag.py:3441} INFO - Setting next_dagrun for example_time_delta_sensor_async to None, run_after=None
[2023-11-09T12:30:55.691+0000] {processor.py:175} INFO - Processing /home/airflow/.local/lib/python3.7/site-packages/airflow/example_dags/example_time_delta_sensor_async.py took 0.048 seconds
[2023-11-09T12:31:26.503+0000] {processor.py:153} INFO - Started process (PID=92933) to work on /home/airflow/.local/lib/python3.7/site-packages/airflow/example_dags/example_time_delta_sensor_async.py
[2023-11-09T12:31:26.503+0000] {processor.py:743} INFO - Processing file /home/airflow/.local/lib/python3.7/site-packages/airflow/example_dags/example_time_delta_sensor_async.py for tasks to queue
[2023-11-09T12:31:26.504+0000] {logging_mixin.py:137} INFO - [2023-11-09T12:31:26.504+0000] {dagbag.py:538} INFO - Filling up the DagBag from /home/airflow/.local/lib/python3.7/site-packages/airflow/example_dags/example_time_delta_sensor_async.py
[2023-11-09T12:31:26.512+0000] {processor.py:753} INFO - DAG(s) dict_keys(['example_time_delta_sensor_async']) retrieved from /home/airflow/.local/lib/python3.7/site-packages/airflow/example_dags/example_time_delta_sensor_async.py
[2023-11-09T12:31:26.526+0000] {logging_mixin.py:137} INFO - [2023-11-09T12:31:26.526+0000] {dag.py:2690} INFO - Sync 1 DAGs
[2023-11-09T12:31:26.539+0000] {logging_mixin.py:137} INFO - [2023-11-09T12:31:26.539+0000] {dag.py:3441} INFO - Setting next_dagrun for example_time_delta_sensor_async to None, run_after=None
[2023-11-09T12:31:26.548+0000] {processor.py:175} INFO - Processing /home/airflow/.local/lib/python3.7/site-packages/airflow/example_dags/example_time_delta_sensor_async.py took 0.047 seconds
[2023-11-09T12:31:57.351+0000] {processor.py:153} INFO - Started process (PID=93028) to work on /home/airflow/.local/lib/python3.7/site-packages/airflow/example_dags/example_time_delta_sensor_async.py
[2023-11-09T12:31:57.352+0000] {processor.py:743} INFO - Processing file /home/airflow/.local/lib/python3.7/site-packages/airflow/example_dags/example_time_delta_sensor_async.py for tasks to queue
[2023-11-09T12:31:57.352+0000] {logging_mixin.py:137} INFO - [2023-11-09T12:31:57.352+0000] {dagbag.py:538} INFO - Filling up the DagBag from /home/airflow/.local/lib/python3.7/site-packages/airflow/example_dags/example_time_delta_sensor_async.py
[2023-11-09T12:31:57.360+0000] {processor.py:753} INFO - DAG(s) dict_keys(['example_time_delta_sensor_async']) retrieved from /home/airflow/.local/lib/python3.7/site-packages/airflow/example_dags/example_time_delta_sensor_async.py
[2023-11-09T12:31:57.375+0000] {logging_mixin.py:137} INFO - [2023-11-09T12:31:57.375+0000] {dag.py:2690} INFO - Sync 1 DAGs
[2023-11-09T12:31:57.391+0000] {logging_mixin.py:137} INFO - [2023-11-09T12:31:57.391+0000] {dag.py:3441} INFO - Setting next_dagrun for example_time_delta_sensor_async to None, run_after=None
[2023-11-09T12:31:57.400+0000] {processor.py:175} INFO - Processing /home/airflow/.local/lib/python3.7/site-packages/airflow/example_dags/example_time_delta_sensor_async.py took 0.050 seconds
[2023-11-09T12:32:28.248+0000] {processor.py:153} INFO - Started process (PID=93106) to work on /home/airflow/.local/lib/python3.7/site-packages/airflow/example_dags/example_time_delta_sensor_async.py
[2023-11-09T12:32:28.249+0000] {processor.py:743} INFO - Processing file /home/airflow/.local/lib/python3.7/site-packages/airflow/example_dags/example_time_delta_sensor_async.py for tasks to queue
[2023-11-09T12:32:28.250+0000] {logging_mixin.py:137} INFO - [2023-11-09T12:32:28.250+0000] {dagbag.py:538} INFO - Filling up the DagBag from /home/airflow/.local/lib/python3.7/site-packages/airflow/example_dags/example_time_delta_sensor_async.py
[2023-11-09T12:32:28.261+0000] {processor.py:753} INFO - DAG(s) dict_keys(['example_time_delta_sensor_async']) retrieved from /home/airflow/.local/lib/python3.7/site-packages/airflow/example_dags/example_time_delta_sensor_async.py
[2023-11-09T12:32:28.277+0000] {logging_mixin.py:137} INFO - [2023-11-09T12:32:28.277+0000] {dag.py:2690} INFO - Sync 1 DAGs
[2023-11-09T12:32:28.292+0000] {logging_mixin.py:137} INFO - [2023-11-09T12:32:28.292+0000] {dag.py:3441} INFO - Setting next_dagrun for example_time_delta_sensor_async to None, run_after=None
[2023-11-09T12:32:28.304+0000] {processor.py:175} INFO - Processing /home/airflow/.local/lib/python3.7/site-packages/airflow/example_dags/example_time_delta_sensor_async.py took 0.059 seconds
[2023-11-09T12:44:15.170+0000] {processor.py:153} INFO - Started process (PID=93201) to work on /home/airflow/.local/lib/python3.7/site-packages/airflow/example_dags/example_time_delta_sensor_async.py
[2023-11-09T12:44:15.171+0000] {processor.py:743} INFO - Processing file /home/airflow/.local/lib/python3.7/site-packages/airflow/example_dags/example_time_delta_sensor_async.py for tasks to queue
[2023-11-09T12:44:15.171+0000] {logging_mixin.py:137} INFO - [2023-11-09T12:44:15.171+0000] {dagbag.py:538} INFO - Filling up the DagBag from /home/airflow/.local/lib/python3.7/site-packages/airflow/example_dags/example_time_delta_sensor_async.py
[2023-11-09T12:44:15.178+0000] {processor.py:753} INFO - DAG(s) dict_keys(['example_time_delta_sensor_async']) retrieved from /home/airflow/.local/lib/python3.7/site-packages/airflow/example_dags/example_time_delta_sensor_async.py
[2023-11-09T12:44:15.192+0000] {logging_mixin.py:137} INFO - [2023-11-09T12:44:15.192+0000] {dag.py:2690} INFO - Sync 1 DAGs
[2023-11-09T12:44:15.204+0000] {logging_mixin.py:137} INFO - [2023-11-09T12:44:15.204+0000] {dag.py:3441} INFO - Setting next_dagrun for example_time_delta_sensor_async to None, run_after=None
[2023-11-09T12:44:15.213+0000] {processor.py:175} INFO - Processing /home/airflow/.local/lib/python3.7/site-packages/airflow/example_dags/example_time_delta_sensor_async.py took 0.045 seconds
[2023-11-09T13:02:54.000+0000] {processor.py:153} INFO - Started process (PID=93296) to work on /home/airflow/.local/lib/python3.7/site-packages/airflow/example_dags/example_time_delta_sensor_async.py
[2023-11-09T13:02:54.000+0000] {processor.py:743} INFO - Processing file /home/airflow/.local/lib/python3.7/site-packages/airflow/example_dags/example_time_delta_sensor_async.py for tasks to queue
[2023-11-09T13:02:54.001+0000] {logging_mixin.py:137} INFO - [2023-11-09T13:02:54.001+0000] {dagbag.py:538} INFO - Filling up the DagBag from /home/airflow/.local/lib/python3.7/site-packages/airflow/example_dags/example_time_delta_sensor_async.py
[2023-11-09T13:02:54.014+0000] {processor.py:753} INFO - DAG(s) dict_keys(['example_time_delta_sensor_async']) retrieved from /home/airflow/.local/lib/python3.7/site-packages/airflow/example_dags/example_time_delta_sensor_async.py
[2023-11-09T13:02:54.034+0000] {logging_mixin.py:137} INFO - [2023-11-09T13:02:54.034+0000] {dag.py:2690} INFO - Sync 1 DAGs
[2023-11-09T13:02:54.050+0000] {logging_mixin.py:137} INFO - [2023-11-09T13:02:54.050+0000] {dag.py:3441} INFO - Setting next_dagrun for example_time_delta_sensor_async to None, run_after=None
[2023-11-09T13:02:54.062+0000] {processor.py:175} INFO - Processing /home/airflow/.local/lib/python3.7/site-packages/airflow/example_dags/example_time_delta_sensor_async.py took 0.065 seconds
[2023-11-09T13:55:41.921+0000] {processor.py:153} INFO - Started process (PID=93373) to work on /home/airflow/.local/lib/python3.7/site-packages/airflow/example_dags/example_time_delta_sensor_async.py
[2023-11-09T13:55:41.922+0000] {processor.py:743} INFO - Processing file /home/airflow/.local/lib/python3.7/site-packages/airflow/example_dags/example_time_delta_sensor_async.py for tasks to queue
[2023-11-09T13:55:41.922+0000] {logging_mixin.py:137} INFO - [2023-11-09T13:55:41.922+0000] {dagbag.py:538} INFO - Filling up the DagBag from /home/airflow/.local/lib/python3.7/site-packages/airflow/example_dags/example_time_delta_sensor_async.py
[2023-11-09T13:55:41.931+0000] {processor.py:753} INFO - DAG(s) dict_keys(['example_time_delta_sensor_async']) retrieved from /home/airflow/.local/lib/python3.7/site-packages/airflow/example_dags/example_time_delta_sensor_async.py
[2023-11-09T13:55:41.945+0000] {logging_mixin.py:137} INFO - [2023-11-09T13:55:41.945+0000] {dag.py:2690} INFO - Sync 1 DAGs
[2023-11-09T13:55:41.957+0000] {logging_mixin.py:137} INFO - [2023-11-09T13:55:41.957+0000] {dag.py:3441} INFO - Setting next_dagrun for example_time_delta_sensor_async to None, run_after=None
[2023-11-09T13:55:41.965+0000] {processor.py:175} INFO - Processing /home/airflow/.local/lib/python3.7/site-packages/airflow/example_dags/example_time_delta_sensor_async.py took 0.046 seconds
[2023-11-09T15:17:02.133+0000] {processor.py:153} INFO - Started process (PID=93468) to work on /home/airflow/.local/lib/python3.7/site-packages/airflow/example_dags/example_time_delta_sensor_async.py
[2023-11-09T15:17:02.133+0000] {processor.py:743} INFO - Processing file /home/airflow/.local/lib/python3.7/site-packages/airflow/example_dags/example_time_delta_sensor_async.py for tasks to queue
[2023-11-09T15:17:02.134+0000] {logging_mixin.py:137} INFO - [2023-11-09T15:17:02.134+0000] {dagbag.py:538} INFO - Filling up the DagBag from /home/airflow/.local/lib/python3.7/site-packages/airflow/example_dags/example_time_delta_sensor_async.py
[2023-11-09T15:17:02.142+0000] {processor.py:753} INFO - DAG(s) dict_keys(['example_time_delta_sensor_async']) retrieved from /home/airflow/.local/lib/python3.7/site-packages/airflow/example_dags/example_time_delta_sensor_async.py
[2023-11-09T15:17:02.156+0000] {logging_mixin.py:137} INFO - [2023-11-09T15:17:02.156+0000] {dag.py:2690} INFO - Sync 1 DAGs
[2023-11-09T15:17:02.168+0000] {logging_mixin.py:137} INFO - [2023-11-09T15:17:02.168+0000] {dag.py:3441} INFO - Setting next_dagrun for example_time_delta_sensor_async to None, run_after=None
[2023-11-09T15:17:02.176+0000] {processor.py:175} INFO - Processing /home/airflow/.local/lib/python3.7/site-packages/airflow/example_dags/example_time_delta_sensor_async.py took 0.046 seconds
[2023-11-09T16:39:33.928+0000] {processor.py:153} INFO - Started process (PID=93563) to work on /home/airflow/.local/lib/python3.7/site-packages/airflow/example_dags/example_time_delta_sensor_async.py
[2023-11-09T16:39:33.929+0000] {processor.py:743} INFO - Processing file /home/airflow/.local/lib/python3.7/site-packages/airflow/example_dags/example_time_delta_sensor_async.py for tasks to queue
[2023-11-09T16:39:33.929+0000] {logging_mixin.py:137} INFO - [2023-11-09T16:39:33.929+0000] {dagbag.py:538} INFO - Filling up the DagBag from /home/airflow/.local/lib/python3.7/site-packages/airflow/example_dags/example_time_delta_sensor_async.py
[2023-11-09T16:39:33.938+0000] {processor.py:753} INFO - DAG(s) dict_keys(['example_time_delta_sensor_async']) retrieved from /home/airflow/.local/lib/python3.7/site-packages/airflow/example_dags/example_time_delta_sensor_async.py
[2023-11-09T16:39:33.953+0000] {logging_mixin.py:137} INFO - [2023-11-09T16:39:33.953+0000] {dag.py:2690} INFO - Sync 1 DAGs
[2023-11-09T16:39:33.966+0000] {logging_mixin.py:137} INFO - [2023-11-09T16:39:33.966+0000] {dag.py:3441} INFO - Setting next_dagrun for example_time_delta_sensor_async to None, run_after=None
[2023-11-09T16:39:33.975+0000] {processor.py:175} INFO - Processing /home/airflow/.local/lib/python3.7/site-packages/airflow/example_dags/example_time_delta_sensor_async.py took 0.049 seconds
[2023-11-09T18:02:09.799+0000] {processor.py:153} INFO - Started process (PID=93640) to work on /home/airflow/.local/lib/python3.7/site-packages/airflow/example_dags/example_time_delta_sensor_async.py
[2023-11-09T18:02:09.800+0000] {processor.py:743} INFO - Processing file /home/airflow/.local/lib/python3.7/site-packages/airflow/example_dags/example_time_delta_sensor_async.py for tasks to queue
[2023-11-09T18:02:09.800+0000] {logging_mixin.py:137} INFO - [2023-11-09T18:02:09.800+0000] {dagbag.py:538} INFO - Filling up the DagBag from /home/airflow/.local/lib/python3.7/site-packages/airflow/example_dags/example_time_delta_sensor_async.py
[2023-11-09T18:02:09.811+0000] {processor.py:753} INFO - DAG(s) dict_keys(['example_time_delta_sensor_async']) retrieved from /home/airflow/.local/lib/python3.7/site-packages/airflow/example_dags/example_time_delta_sensor_async.py
[2023-11-09T18:02:09.825+0000] {logging_mixin.py:137} INFO - [2023-11-09T18:02:09.825+0000] {dag.py:2690} INFO - Sync 1 DAGs
[2023-11-09T18:02:09.838+0000] {logging_mixin.py:137} INFO - [2023-11-09T18:02:09.838+0000] {dag.py:3441} INFO - Setting next_dagrun for example_time_delta_sensor_async to None, run_after=None
[2023-11-09T18:02:09.846+0000] {processor.py:175} INFO - Processing /home/airflow/.local/lib/python3.7/site-packages/airflow/example_dags/example_time_delta_sensor_async.py took 0.049 seconds
[2023-11-09T19:25:47.012+0000] {processor.py:153} INFO - Started process (PID=93735) to work on /home/airflow/.local/lib/python3.7/site-packages/airflow/example_dags/example_time_delta_sensor_async.py
[2023-11-09T19:25:47.013+0000] {processor.py:743} INFO - Processing file /home/airflow/.local/lib/python3.7/site-packages/airflow/example_dags/example_time_delta_sensor_async.py for tasks to queue
[2023-11-09T19:25:47.014+0000] {logging_mixin.py:137} INFO - [2023-11-09T19:25:47.014+0000] {dagbag.py:538} INFO - Filling up the DagBag from /home/airflow/.local/lib/python3.7/site-packages/airflow/example_dags/example_time_delta_sensor_async.py
[2023-11-09T19:25:47.024+0000] {processor.py:753} INFO - DAG(s) dict_keys(['example_time_delta_sensor_async']) retrieved from /home/airflow/.local/lib/python3.7/site-packages/airflow/example_dags/example_time_delta_sensor_async.py
[2023-11-09T19:25:47.046+0000] {logging_mixin.py:137} INFO - [2023-11-09T19:25:47.046+0000] {dag.py:2690} INFO - Sync 1 DAGs
[2023-11-09T19:25:47.065+0000] {logging_mixin.py:137} INFO - [2023-11-09T19:25:47.065+0000] {dag.py:3441} INFO - Setting next_dagrun for example_time_delta_sensor_async to None, run_after=None
[2023-11-09T19:25:47.079+0000] {processor.py:175} INFO - Processing /home/airflow/.local/lib/python3.7/site-packages/airflow/example_dags/example_time_delta_sensor_async.py took 0.069 seconds
[2023-11-09T20:47:45.752+0000] {processor.py:153} INFO - Started process (PID=93819) to work on /home/airflow/.local/lib/python3.7/site-packages/airflow/example_dags/example_time_delta_sensor_async.py
[2023-11-09T20:47:45.753+0000] {processor.py:743} INFO - Processing file /home/airflow/.local/lib/python3.7/site-packages/airflow/example_dags/example_time_delta_sensor_async.py for tasks to queue
[2023-11-09T20:47:45.753+0000] {logging_mixin.py:137} INFO - [2023-11-09T20:47:45.753+0000] {dagbag.py:538} INFO - Filling up the DagBag from /home/airflow/.local/lib/python3.7/site-packages/airflow/example_dags/example_time_delta_sensor_async.py
[2023-11-09T20:47:45.761+0000] {processor.py:753} INFO - DAG(s) dict_keys(['example_time_delta_sensor_async']) retrieved from /home/airflow/.local/lib/python3.7/site-packages/airflow/example_dags/example_time_delta_sensor_async.py
[2023-11-09T20:47:45.774+0000] {logging_mixin.py:137} INFO - [2023-11-09T20:47:45.774+0000] {dag.py:2690} INFO - Sync 1 DAGs
[2023-11-09T20:47:45.786+0000] {logging_mixin.py:137} INFO - [2023-11-09T20:47:45.786+0000] {dag.py:3441} INFO - Setting next_dagrun for example_time_delta_sensor_async to None, run_after=None
[2023-11-09T20:47:45.794+0000] {processor.py:175} INFO - Processing /home/airflow/.local/lib/python3.7/site-packages/airflow/example_dags/example_time_delta_sensor_async.py took 0.044 seconds
[2023-11-09T21:53:03.436+0000] {processor.py:153} INFO - Started process (PID=93907) to work on /home/airflow/.local/lib/python3.7/site-packages/airflow/example_dags/example_time_delta_sensor_async.py
[2023-11-09T21:53:03.437+0000] {processor.py:743} INFO - Processing file /home/airflow/.local/lib/python3.7/site-packages/airflow/example_dags/example_time_delta_sensor_async.py for tasks to queue
[2023-11-09T21:53:03.437+0000] {logging_mixin.py:137} INFO - [2023-11-09T21:53:03.437+0000] {dagbag.py:538} INFO - Filling up the DagBag from /home/airflow/.local/lib/python3.7/site-packages/airflow/example_dags/example_time_delta_sensor_async.py
[2023-11-09T21:53:03.445+0000] {processor.py:753} INFO - DAG(s) dict_keys(['example_time_delta_sensor_async']) retrieved from /home/airflow/.local/lib/python3.7/site-packages/airflow/example_dags/example_time_delta_sensor_async.py
[2023-11-09T21:53:03.462+0000] {logging_mixin.py:137} INFO - [2023-11-09T21:53:03.462+0000] {dag.py:2690} INFO - Sync 1 DAGs
[2023-11-09T21:53:03.473+0000] {logging_mixin.py:137} INFO - [2023-11-09T21:53:03.473+0000] {dag.py:3441} INFO - Setting next_dagrun for example_time_delta_sensor_async to None, run_after=None
[2023-11-09T21:53:03.482+0000] {processor.py:175} INFO - Processing /home/airflow/.local/lib/python3.7/site-packages/airflow/example_dags/example_time_delta_sensor_async.py took 0.047 seconds
[2023-11-09T23:13:02.835+0000] {processor.py:153} INFO - Started process (PID=94002) to work on /home/airflow/.local/lib/python3.7/site-packages/airflow/example_dags/example_time_delta_sensor_async.py
[2023-11-09T23:13:02.836+0000] {processor.py:743} INFO - Processing file /home/airflow/.local/lib/python3.7/site-packages/airflow/example_dags/example_time_delta_sensor_async.py for tasks to queue
[2023-11-09T23:13:02.836+0000] {logging_mixin.py:137} INFO - [2023-11-09T23:13:02.836+0000] {dagbag.py:538} INFO - Filling up the DagBag from /home/airflow/.local/lib/python3.7/site-packages/airflow/example_dags/example_time_delta_sensor_async.py
[2023-11-09T23:13:02.846+0000] {processor.py:753} INFO - DAG(s) dict_keys(['example_time_delta_sensor_async']) retrieved from /home/airflow/.local/lib/python3.7/site-packages/airflow/example_dags/example_time_delta_sensor_async.py
[2023-11-09T23:13:02.864+0000] {logging_mixin.py:137} INFO - [2023-11-09T23:13:02.864+0000] {dag.py:2690} INFO - Sync 1 DAGs
[2023-11-09T23:13:02.881+0000] {logging_mixin.py:137} INFO - [2023-11-09T23:13:02.881+0000] {dag.py:3441} INFO - Setting next_dagrun for example_time_delta_sensor_async to None, run_after=None
[2023-11-09T23:13:02.894+0000] {processor.py:175} INFO - Processing /home/airflow/.local/lib/python3.7/site-packages/airflow/example_dags/example_time_delta_sensor_async.py took 0.062 seconds
