[2023-11-26T00:33:13.378+0000] {taskinstance.py:1083} INFO - Dependencies all met for <TaskInstance: consumer.read_dataset dataset_triggered__2023-11-26T00:33:12.199317+00:00 [queued]>
[2023-11-26T00:33:13.383+0000] {taskinstance.py:1083} INFO - Dependencies all met for <TaskInstance: consumer.read_dataset dataset_triggered__2023-11-26T00:33:12.199317+00:00 [queued]>
[2023-11-26T00:33:13.383+0000] {taskinstance.py:1279} INFO - 
--------------------------------------------------------------------------------
[2023-11-26T00:33:13.383+0000] {taskinstance.py:1280} INFO - Starting attempt 1 of 1
[2023-11-26T00:33:13.383+0000] {taskinstance.py:1281} INFO - 
--------------------------------------------------------------------------------
[2023-11-26T00:33:13.389+0000] {taskinstance.py:1300} INFO - Executing <Task(_PythonDecoratedOperator): read_dataset> on 2023-11-26 00:33:12.199317+00:00
[2023-11-26T00:33:13.394+0000] {standard_task_runner.py:55} INFO - Started process 35493 to run task
[2023-11-26T00:33:13.396+0000] {standard_task_runner.py:82} INFO - Running: ['***', 'tasks', 'run', 'consumer', 'read_dataset', 'dataset_triggered__2023-11-26T00:33:12.199317+00:00', '--job-id', '151', '--raw', '--subdir', 'DAGS_FOLDER/consumer.py', '--cfg-path', '/tmp/tmpe_g98zvp']
[2023-11-26T00:33:13.397+0000] {standard_task_runner.py:83} INFO - Job 151: Subtask read_dataset
[2023-11-26T00:33:13.429+0000] {task_command.py:388} INFO - Running <TaskInstance: consumer.read_dataset dataset_triggered__2023-11-26T00:33:12.199317+00:00 [running]> on host a63561e76058
[2023-11-26T00:33:13.461+0000] {taskinstance.py:1509} INFO - Exporting the following env vars:
AIRFLOW_CTX_DAG_OWNER=***
AIRFLOW_CTX_DAG_ID=consumer
AIRFLOW_CTX_TASK_ID=read_dataset
AIRFLOW_CTX_EXECUTION_DATE=2023-11-26T00:33:12.199317+00:00
AIRFLOW_CTX_TRY_NUMBER=1
AIRFLOW_CTX_DAG_RUN_ID=dataset_triggered__2023-11-26T00:33:12.199317+00:00
[2023-11-26T00:33:13.462+0000] {logging_mixin.py:137} INFO - Producer updateProducer updateProducer update
[2023-11-26T00:33:13.462+0000] {python.py:177} INFO - Done. Returned value was: None
[2023-11-26T00:33:13.467+0000] {taskinstance.py:1323} INFO - Marking task as SUCCESS. dag_id=consumer, task_id=read_dataset, execution_date=20231126T003312, start_date=20231126T003313, end_date=20231126T003313
[2023-11-26T00:33:13.496+0000] {local_task_job.py:208} INFO - Task exited with return code 0
[2023-11-26T00:33:13.505+0000] {taskinstance.py:2578} INFO - 0 downstream tasks scheduled from follow-on schedule check
