[2023-10-25T01:12:51.323+0000] {processor.py:153} INFO - Started process (PID=41254) to work on /home/airflow/.local/lib/python3.7/site-packages/airflow/example_dags/example_local_kubernetes_executor.py
[2023-10-25T01:12:51.323+0000] {processor.py:743} INFO - Processing file /home/airflow/.local/lib/python3.7/site-packages/airflow/example_dags/example_local_kubernetes_executor.py for tasks to queue
[2023-10-25T01:12:51.323+0000] {logging_mixin.py:137} INFO - [2023-10-25T01:12:51.323+0000] {dagbag.py:538} INFO - Filling up the DagBag from /home/airflow/.local/lib/python3.7/site-packages/airflow/example_dags/example_local_kubernetes_executor.py
[2023-10-25T01:12:51.336+0000] {processor.py:753} INFO - DAG(s) dict_keys(['example_local_kubernetes_executor']) retrieved from /home/airflow/.local/lib/python3.7/site-packages/airflow/example_dags/example_local_kubernetes_executor.py
[2023-10-25T01:12:51.351+0000] {logging_mixin.py:137} INFO - [2023-10-25T01:12:51.350+0000] {dag.py:2690} INFO - Sync 1 DAGs
[2023-10-25T01:12:51.362+0000] {logging_mixin.py:137} INFO - [2023-10-25T01:12:51.362+0000] {dag.py:3441} INFO - Setting next_dagrun for example_local_kubernetes_executor to None, run_after=None
[2023-10-25T01:12:51.371+0000] {processor.py:175} INFO - Processing /home/airflow/.local/lib/python3.7/site-packages/airflow/example_dags/example_local_kubernetes_executor.py took 0.050 seconds
[2023-10-25T02:33:37.606+0000] {processor.py:153} INFO - Started process (PID=41339) to work on /home/airflow/.local/lib/python3.7/site-packages/airflow/example_dags/example_local_kubernetes_executor.py
[2023-10-25T02:33:37.607+0000] {processor.py:743} INFO - Processing file /home/airflow/.local/lib/python3.7/site-packages/airflow/example_dags/example_local_kubernetes_executor.py for tasks to queue
[2023-10-25T02:33:37.607+0000] {logging_mixin.py:137} INFO - [2023-10-25T02:33:37.607+0000] {dagbag.py:538} INFO - Filling up the DagBag from /home/airflow/.local/lib/python3.7/site-packages/airflow/example_dags/example_local_kubernetes_executor.py
[2023-10-25T02:33:37.620+0000] {processor.py:753} INFO - DAG(s) dict_keys(['example_local_kubernetes_executor']) retrieved from /home/airflow/.local/lib/python3.7/site-packages/airflow/example_dags/example_local_kubernetes_executor.py
[2023-10-25T02:33:37.634+0000] {logging_mixin.py:137} INFO - [2023-10-25T02:33:37.634+0000] {dag.py:2690} INFO - Sync 1 DAGs
[2023-10-25T02:33:37.646+0000] {logging_mixin.py:137} INFO - [2023-10-25T02:33:37.646+0000] {dag.py:3441} INFO - Setting next_dagrun for example_local_kubernetes_executor to None, run_after=None
[2023-10-25T02:33:37.654+0000] {processor.py:175} INFO - Processing /home/airflow/.local/lib/python3.7/site-packages/airflow/example_dags/example_local_kubernetes_executor.py took 0.050 seconds
[2023-10-25T04:14:04.710+0000] {processor.py:153} INFO - Started process (PID=41424) to work on /home/airflow/.local/lib/python3.7/site-packages/airflow/example_dags/example_local_kubernetes_executor.py
[2023-10-25T04:14:04.711+0000] {processor.py:743} INFO - Processing file /home/airflow/.local/lib/python3.7/site-packages/airflow/example_dags/example_local_kubernetes_executor.py for tasks to queue
[2023-10-25T04:14:04.711+0000] {logging_mixin.py:137} INFO - [2023-10-25T04:14:04.711+0000] {dagbag.py:538} INFO - Filling up the DagBag from /home/airflow/.local/lib/python3.7/site-packages/airflow/example_dags/example_local_kubernetes_executor.py
[2023-10-25T04:14:04.724+0000] {processor.py:753} INFO - DAG(s) dict_keys(['example_local_kubernetes_executor']) retrieved from /home/airflow/.local/lib/python3.7/site-packages/airflow/example_dags/example_local_kubernetes_executor.py
[2023-10-25T04:14:04.738+0000] {logging_mixin.py:137} INFO - [2023-10-25T04:14:04.738+0000] {dag.py:2690} INFO - Sync 1 DAGs
[2023-10-25T04:14:04.751+0000] {logging_mixin.py:137} INFO - [2023-10-25T04:14:04.751+0000] {dag.py:3441} INFO - Setting next_dagrun for example_local_kubernetes_executor to None, run_after=None
[2023-10-25T04:14:04.759+0000] {processor.py:175} INFO - Processing /home/airflow/.local/lib/python3.7/site-packages/airflow/example_dags/example_local_kubernetes_executor.py took 0.051 seconds
[2023-10-25T05:36:38.949+0000] {processor.py:153} INFO - Started process (PID=41518) to work on /home/airflow/.local/lib/python3.7/site-packages/airflow/example_dags/example_local_kubernetes_executor.py
[2023-10-25T05:36:38.950+0000] {processor.py:743} INFO - Processing file /home/airflow/.local/lib/python3.7/site-packages/airflow/example_dags/example_local_kubernetes_executor.py for tasks to queue
[2023-10-25T05:36:38.951+0000] {logging_mixin.py:137} INFO - [2023-10-25T05:36:38.951+0000] {dagbag.py:538} INFO - Filling up the DagBag from /home/airflow/.local/lib/python3.7/site-packages/airflow/example_dags/example_local_kubernetes_executor.py
[2023-10-25T05:36:38.969+0000] {processor.py:753} INFO - DAG(s) dict_keys(['example_local_kubernetes_executor']) retrieved from /home/airflow/.local/lib/python3.7/site-packages/airflow/example_dags/example_local_kubernetes_executor.py
[2023-10-25T05:36:38.992+0000] {logging_mixin.py:137} INFO - [2023-10-25T05:36:38.992+0000] {dag.py:2690} INFO - Sync 1 DAGs
[2023-10-25T05:36:39.013+0000] {logging_mixin.py:137} INFO - [2023-10-25T05:36:39.013+0000] {dag.py:3441} INFO - Setting next_dagrun for example_local_kubernetes_executor to None, run_after=None
[2023-10-25T05:36:39.025+0000] {processor.py:175} INFO - Processing /home/airflow/.local/lib/python3.7/site-packages/airflow/example_dags/example_local_kubernetes_executor.py took 0.080 seconds
[2023-10-25T06:54:08.538+0000] {processor.py:153} INFO - Started process (PID=41602) to work on /home/airflow/.local/lib/python3.7/site-packages/airflow/example_dags/example_local_kubernetes_executor.py
[2023-10-25T06:54:08.538+0000] {processor.py:743} INFO - Processing file /home/airflow/.local/lib/python3.7/site-packages/airflow/example_dags/example_local_kubernetes_executor.py for tasks to queue
[2023-10-25T06:54:08.539+0000] {logging_mixin.py:137} INFO - [2023-10-25T06:54:08.539+0000] {dagbag.py:538} INFO - Filling up the DagBag from /home/airflow/.local/lib/python3.7/site-packages/airflow/example_dags/example_local_kubernetes_executor.py
[2023-10-25T06:54:08.552+0000] {processor.py:753} INFO - DAG(s) dict_keys(['example_local_kubernetes_executor']) retrieved from /home/airflow/.local/lib/python3.7/site-packages/airflow/example_dags/example_local_kubernetes_executor.py
[2023-10-25T06:54:08.567+0000] {logging_mixin.py:137} INFO - [2023-10-25T06:54:08.567+0000] {dag.py:2690} INFO - Sync 1 DAGs
[2023-10-25T06:54:08.578+0000] {logging_mixin.py:137} INFO - [2023-10-25T06:54:08.578+0000] {dag.py:3441} INFO - Setting next_dagrun for example_local_kubernetes_executor to None, run_after=None
[2023-10-25T06:54:08.587+0000] {processor.py:175} INFO - Processing /home/airflow/.local/lib/python3.7/site-packages/airflow/example_dags/example_local_kubernetes_executor.py took 0.052 seconds
[2023-10-25T08:35:33.700+0000] {processor.py:153} INFO - Started process (PID=41687) to work on /home/airflow/.local/lib/python3.7/site-packages/airflow/example_dags/example_local_kubernetes_executor.py
[2023-10-25T08:35:33.701+0000] {processor.py:743} INFO - Processing file /home/airflow/.local/lib/python3.7/site-packages/airflow/example_dags/example_local_kubernetes_executor.py for tasks to queue
[2023-10-25T08:35:33.701+0000] {logging_mixin.py:137} INFO - [2023-10-25T08:35:33.701+0000] {dagbag.py:538} INFO - Filling up the DagBag from /home/airflow/.local/lib/python3.7/site-packages/airflow/example_dags/example_local_kubernetes_executor.py
[2023-10-25T08:35:33.714+0000] {processor.py:753} INFO - DAG(s) dict_keys(['example_local_kubernetes_executor']) retrieved from /home/airflow/.local/lib/python3.7/site-packages/airflow/example_dags/example_local_kubernetes_executor.py
[2023-10-25T08:35:33.729+0000] {logging_mixin.py:137} INFO - [2023-10-25T08:35:33.729+0000] {dag.py:2690} INFO - Sync 1 DAGs
[2023-10-25T08:35:33.740+0000] {logging_mixin.py:137} INFO - [2023-10-25T08:35:33.740+0000] {dag.py:3441} INFO - Setting next_dagrun for example_local_kubernetes_executor to None, run_after=None
[2023-10-25T08:35:33.748+0000] {processor.py:175} INFO - Processing /home/airflow/.local/lib/python3.7/site-packages/airflow/example_dags/example_local_kubernetes_executor.py took 0.050 seconds
[2023-10-25T10:14:52.335+0000] {processor.py:153} INFO - Started process (PID=41781) to work on /home/airflow/.local/lib/python3.7/site-packages/airflow/example_dags/example_local_kubernetes_executor.py
[2023-10-25T10:14:52.336+0000] {processor.py:743} INFO - Processing file /home/airflow/.local/lib/python3.7/site-packages/airflow/example_dags/example_local_kubernetes_executor.py for tasks to queue
[2023-10-25T10:14:52.336+0000] {logging_mixin.py:137} INFO - [2023-10-25T10:14:52.336+0000] {dagbag.py:538} INFO - Filling up the DagBag from /home/airflow/.local/lib/python3.7/site-packages/airflow/example_dags/example_local_kubernetes_executor.py
[2023-10-25T10:14:52.349+0000] {processor.py:753} INFO - DAG(s) dict_keys(['example_local_kubernetes_executor']) retrieved from /home/airflow/.local/lib/python3.7/site-packages/airflow/example_dags/example_local_kubernetes_executor.py
[2023-10-25T10:14:52.362+0000] {logging_mixin.py:137} INFO - [2023-10-25T10:14:52.362+0000] {dag.py:2690} INFO - Sync 1 DAGs
[2023-10-25T10:14:52.375+0000] {logging_mixin.py:137} INFO - [2023-10-25T10:14:52.375+0000] {dag.py:3441} INFO - Setting next_dagrun for example_local_kubernetes_executor to None, run_after=None
[2023-10-25T10:14:52.383+0000] {processor.py:175} INFO - Processing /home/airflow/.local/lib/python3.7/site-packages/airflow/example_dags/example_local_kubernetes_executor.py took 0.050 seconds
[2023-10-25T11:37:56.788+0000] {processor.py:153} INFO - Started process (PID=41875) to work on /home/airflow/.local/lib/python3.7/site-packages/airflow/example_dags/example_local_kubernetes_executor.py
[2023-10-25T11:37:56.788+0000] {processor.py:743} INFO - Processing file /home/airflow/.local/lib/python3.7/site-packages/airflow/example_dags/example_local_kubernetes_executor.py for tasks to queue
[2023-10-25T11:37:56.788+0000] {logging_mixin.py:137} INFO - [2023-10-25T11:37:56.788+0000] {dagbag.py:538} INFO - Filling up the DagBag from /home/airflow/.local/lib/python3.7/site-packages/airflow/example_dags/example_local_kubernetes_executor.py
[2023-10-25T11:37:56.802+0000] {processor.py:753} INFO - DAG(s) dict_keys(['example_local_kubernetes_executor']) retrieved from /home/airflow/.local/lib/python3.7/site-packages/airflow/example_dags/example_local_kubernetes_executor.py
[2023-10-25T11:37:56.817+0000] {logging_mixin.py:137} INFO - [2023-10-25T11:37:56.817+0000] {dag.py:2690} INFO - Sync 1 DAGs
[2023-10-25T11:37:56.830+0000] {logging_mixin.py:137} INFO - [2023-10-25T11:37:56.830+0000] {dag.py:3441} INFO - Setting next_dagrun for example_local_kubernetes_executor to None, run_after=None
[2023-10-25T11:37:56.838+0000] {processor.py:175} INFO - Processing /home/airflow/.local/lib/python3.7/site-packages/airflow/example_dags/example_local_kubernetes_executor.py took 0.053 seconds
[2023-10-25T13:17:56.929+0000] {processor.py:153} INFO - Started process (PID=41951) to work on /home/airflow/.local/lib/python3.7/site-packages/airflow/example_dags/example_local_kubernetes_executor.py
[2023-10-25T13:17:56.930+0000] {processor.py:743} INFO - Processing file /home/airflow/.local/lib/python3.7/site-packages/airflow/example_dags/example_local_kubernetes_executor.py for tasks to queue
[2023-10-25T13:17:56.930+0000] {logging_mixin.py:137} INFO - [2023-10-25T13:17:56.930+0000] {dagbag.py:538} INFO - Filling up the DagBag from /home/airflow/.local/lib/python3.7/site-packages/airflow/example_dags/example_local_kubernetes_executor.py
[2023-10-25T13:17:56.943+0000] {processor.py:753} INFO - DAG(s) dict_keys(['example_local_kubernetes_executor']) retrieved from /home/airflow/.local/lib/python3.7/site-packages/airflow/example_dags/example_local_kubernetes_executor.py
[2023-10-25T13:17:56.958+0000] {logging_mixin.py:137} INFO - [2023-10-25T13:17:56.958+0000] {dag.py:2690} INFO - Sync 1 DAGs
[2023-10-25T13:17:56.969+0000] {logging_mixin.py:137} INFO - [2023-10-25T13:17:56.969+0000] {dag.py:3441} INFO - Setting next_dagrun for example_local_kubernetes_executor to None, run_after=None
[2023-10-25T13:17:56.978+0000] {processor.py:175} INFO - Processing /home/airflow/.local/lib/python3.7/site-packages/airflow/example_dags/example_local_kubernetes_executor.py took 0.051 seconds
[2023-10-25T14:32:17.920+0000] {processor.py:153} INFO - Started process (PID=42045) to work on /home/airflow/.local/lib/python3.7/site-packages/airflow/example_dags/example_local_kubernetes_executor.py
[2023-10-25T14:32:17.921+0000] {processor.py:743} INFO - Processing file /home/airflow/.local/lib/python3.7/site-packages/airflow/example_dags/example_local_kubernetes_executor.py for tasks to queue
[2023-10-25T14:32:17.921+0000] {logging_mixin.py:137} INFO - [2023-10-25T14:32:17.921+0000] {dagbag.py:538} INFO - Filling up the DagBag from /home/airflow/.local/lib/python3.7/site-packages/airflow/example_dags/example_local_kubernetes_executor.py
[2023-10-25T14:32:17.934+0000] {processor.py:753} INFO - DAG(s) dict_keys(['example_local_kubernetes_executor']) retrieved from /home/airflow/.local/lib/python3.7/site-packages/airflow/example_dags/example_local_kubernetes_executor.py
[2023-10-25T14:32:17.948+0000] {logging_mixin.py:137} INFO - [2023-10-25T14:32:17.948+0000] {dag.py:2690} INFO - Sync 1 DAGs
[2023-10-25T14:32:17.960+0000] {logging_mixin.py:137} INFO - [2023-10-25T14:32:17.960+0000] {dag.py:3441} INFO - Setting next_dagrun for example_local_kubernetes_executor to None, run_after=None
[2023-10-25T14:32:17.968+0000] {processor.py:175} INFO - Processing /home/airflow/.local/lib/python3.7/site-packages/airflow/example_dags/example_local_kubernetes_executor.py took 0.050 seconds
[2023-10-25T15:55:11.339+0000] {processor.py:153} INFO - Started process (PID=42138) to work on /home/airflow/.local/lib/python3.7/site-packages/airflow/example_dags/example_local_kubernetes_executor.py
[2023-10-25T15:55:11.339+0000] {processor.py:743} INFO - Processing file /home/airflow/.local/lib/python3.7/site-packages/airflow/example_dags/example_local_kubernetes_executor.py for tasks to queue
[2023-10-25T15:55:11.340+0000] {logging_mixin.py:137} INFO - [2023-10-25T15:55:11.340+0000] {dagbag.py:538} INFO - Filling up the DagBag from /home/airflow/.local/lib/python3.7/site-packages/airflow/example_dags/example_local_kubernetes_executor.py
[2023-10-25T15:55:11.353+0000] {processor.py:753} INFO - DAG(s) dict_keys(['example_local_kubernetes_executor']) retrieved from /home/airflow/.local/lib/python3.7/site-packages/airflow/example_dags/example_local_kubernetes_executor.py
[2023-10-25T15:55:11.368+0000] {logging_mixin.py:137} INFO - [2023-10-25T15:55:11.368+0000] {dag.py:2690} INFO - Sync 1 DAGs
[2023-10-25T15:55:11.379+0000] {logging_mixin.py:137} INFO - [2023-10-25T15:55:11.379+0000] {dag.py:3441} INFO - Setting next_dagrun for example_local_kubernetes_executor to None, run_after=None
[2023-10-25T15:55:11.388+0000] {processor.py:175} INFO - Processing /home/airflow/.local/lib/python3.7/site-packages/airflow/example_dags/example_local_kubernetes_executor.py took 0.051 seconds
[2023-10-25T17:35:09.299+0000] {processor.py:153} INFO - Started process (PID=42214) to work on /home/airflow/.local/lib/python3.7/site-packages/airflow/example_dags/example_local_kubernetes_executor.py
[2023-10-25T17:35:09.300+0000] {processor.py:743} INFO - Processing file /home/airflow/.local/lib/python3.7/site-packages/airflow/example_dags/example_local_kubernetes_executor.py for tasks to queue
[2023-10-25T17:35:09.300+0000] {logging_mixin.py:137} INFO - [2023-10-25T17:35:09.300+0000] {dagbag.py:538} INFO - Filling up the DagBag from /home/airflow/.local/lib/python3.7/site-packages/airflow/example_dags/example_local_kubernetes_executor.py
[2023-10-25T17:35:09.313+0000] {processor.py:753} INFO - DAG(s) dict_keys(['example_local_kubernetes_executor']) retrieved from /home/airflow/.local/lib/python3.7/site-packages/airflow/example_dags/example_local_kubernetes_executor.py
[2023-10-25T17:35:09.327+0000] {logging_mixin.py:137} INFO - [2023-10-25T17:35:09.327+0000] {dag.py:2690} INFO - Sync 1 DAGs
[2023-10-25T17:35:09.339+0000] {logging_mixin.py:137} INFO - [2023-10-25T17:35:09.339+0000] {dag.py:3441} INFO - Setting next_dagrun for example_local_kubernetes_executor to None, run_after=None
[2023-10-25T17:35:09.347+0000] {processor.py:175} INFO - Processing /home/airflow/.local/lib/python3.7/site-packages/airflow/example_dags/example_local_kubernetes_executor.py took 0.050 seconds
[2023-10-25T18:42:53.790+0000] {processor.py:153} INFO - Started process (PID=42308) to work on /home/airflow/.local/lib/python3.7/site-packages/airflow/example_dags/example_local_kubernetes_executor.py
[2023-10-25T18:42:53.791+0000] {processor.py:743} INFO - Processing file /home/airflow/.local/lib/python3.7/site-packages/airflow/example_dags/example_local_kubernetes_executor.py for tasks to queue
[2023-10-25T18:42:53.791+0000] {logging_mixin.py:137} INFO - [2023-10-25T18:42:53.791+0000] {dagbag.py:538} INFO - Filling up the DagBag from /home/airflow/.local/lib/python3.7/site-packages/airflow/example_dags/example_local_kubernetes_executor.py
[2023-10-25T18:42:53.803+0000] {processor.py:753} INFO - DAG(s) dict_keys(['example_local_kubernetes_executor']) retrieved from /home/airflow/.local/lib/python3.7/site-packages/airflow/example_dags/example_local_kubernetes_executor.py
[2023-10-25T18:42:53.818+0000] {logging_mixin.py:137} INFO - [2023-10-25T18:42:53.818+0000] {dag.py:2690} INFO - Sync 1 DAGs
[2023-10-25T18:42:53.830+0000] {logging_mixin.py:137} INFO - [2023-10-25T18:42:53.830+0000] {dag.py:3441} INFO - Setting next_dagrun for example_local_kubernetes_executor to None, run_after=None
[2023-10-25T18:42:53.838+0000] {processor.py:175} INFO - Processing /home/airflow/.local/lib/python3.7/site-packages/airflow/example_dags/example_local_kubernetes_executor.py took 0.050 seconds
[2023-10-25T18:43:24.520+0000] {processor.py:153} INFO - Started process (PID=42402) to work on /home/airflow/.local/lib/python3.7/site-packages/airflow/example_dags/example_local_kubernetes_executor.py
[2023-10-25T18:43:24.521+0000] {processor.py:743} INFO - Processing file /home/airflow/.local/lib/python3.7/site-packages/airflow/example_dags/example_local_kubernetes_executor.py for tasks to queue
[2023-10-25T18:43:24.521+0000] {logging_mixin.py:137} INFO - [2023-10-25T18:43:24.521+0000] {dagbag.py:538} INFO - Filling up the DagBag from /home/airflow/.local/lib/python3.7/site-packages/airflow/example_dags/example_local_kubernetes_executor.py
[2023-10-25T18:43:24.536+0000] {processor.py:753} INFO - DAG(s) dict_keys(['example_local_kubernetes_executor']) retrieved from /home/airflow/.local/lib/python3.7/site-packages/airflow/example_dags/example_local_kubernetes_executor.py
[2023-10-25T18:43:24.554+0000] {logging_mixin.py:137} INFO - [2023-10-25T18:43:24.554+0000] {dag.py:2690} INFO - Sync 1 DAGs
[2023-10-25T18:43:24.566+0000] {logging_mixin.py:137} INFO - [2023-10-25T18:43:24.566+0000] {dag.py:3441} INFO - Setting next_dagrun for example_local_kubernetes_executor to None, run_after=None
[2023-10-25T18:43:24.575+0000] {processor.py:175} INFO - Processing /home/airflow/.local/lib/python3.7/site-packages/airflow/example_dags/example_local_kubernetes_executor.py took 0.057 seconds
[2023-10-25T19:18:43.704+0000] {processor.py:153} INFO - Started process (PID=42478) to work on /home/airflow/.local/lib/python3.7/site-packages/airflow/example_dags/example_local_kubernetes_executor.py
[2023-10-25T19:18:43.705+0000] {processor.py:743} INFO - Processing file /home/airflow/.local/lib/python3.7/site-packages/airflow/example_dags/example_local_kubernetes_executor.py for tasks to queue
[2023-10-25T19:18:43.706+0000] {logging_mixin.py:137} INFO - [2023-10-25T19:18:43.706+0000] {dagbag.py:538} INFO - Filling up the DagBag from /home/airflow/.local/lib/python3.7/site-packages/airflow/example_dags/example_local_kubernetes_executor.py
[2023-10-25T19:18:43.723+0000] {processor.py:753} INFO - DAG(s) dict_keys(['example_local_kubernetes_executor']) retrieved from /home/airflow/.local/lib/python3.7/site-packages/airflow/example_dags/example_local_kubernetes_executor.py
[2023-10-25T19:18:43.742+0000] {logging_mixin.py:137} INFO - [2023-10-25T19:18:43.742+0000] {dag.py:2690} INFO - Sync 1 DAGs
[2023-10-25T19:18:43.756+0000] {logging_mixin.py:137} INFO - [2023-10-25T19:18:43.755+0000] {dag.py:3441} INFO - Setting next_dagrun for example_local_kubernetes_executor to None, run_after=None
[2023-10-25T19:18:43.766+0000] {processor.py:175} INFO - Processing /home/airflow/.local/lib/python3.7/site-packages/airflow/example_dags/example_local_kubernetes_executor.py took 0.066 seconds
[2023-10-25T20:25:21.551+0000] {processor.py:153} INFO - Started process (PID=42572) to work on /home/airflow/.local/lib/python3.7/site-packages/airflow/example_dags/example_local_kubernetes_executor.py
[2023-10-25T20:25:21.551+0000] {processor.py:743} INFO - Processing file /home/airflow/.local/lib/python3.7/site-packages/airflow/example_dags/example_local_kubernetes_executor.py for tasks to queue
[2023-10-25T20:25:21.552+0000] {logging_mixin.py:137} INFO - [2023-10-25T20:25:21.552+0000] {dagbag.py:538} INFO - Filling up the DagBag from /home/airflow/.local/lib/python3.7/site-packages/airflow/example_dags/example_local_kubernetes_executor.py
[2023-10-25T20:25:21.565+0000] {processor.py:753} INFO - DAG(s) dict_keys(['example_local_kubernetes_executor']) retrieved from /home/airflow/.local/lib/python3.7/site-packages/airflow/example_dags/example_local_kubernetes_executor.py
[2023-10-25T20:25:21.581+0000] {logging_mixin.py:137} INFO - [2023-10-25T20:25:21.581+0000] {dag.py:2690} INFO - Sync 1 DAGs
[2023-10-25T20:25:21.594+0000] {logging_mixin.py:137} INFO - [2023-10-25T20:25:21.593+0000] {dag.py:3441} INFO - Setting next_dagrun for example_local_kubernetes_executor to None, run_after=None
[2023-10-25T20:25:21.602+0000] {processor.py:175} INFO - Processing /home/airflow/.local/lib/python3.7/site-packages/airflow/example_dags/example_local_kubernetes_executor.py took 0.053 seconds
[2023-10-25T21:36:24.049+0000] {processor.py:153} INFO - Started process (PID=42657) to work on /home/airflow/.local/lib/python3.7/site-packages/airflow/example_dags/example_local_kubernetes_executor.py
[2023-10-25T21:36:24.049+0000] {processor.py:743} INFO - Processing file /home/airflow/.local/lib/python3.7/site-packages/airflow/example_dags/example_local_kubernetes_executor.py for tasks to queue
[2023-10-25T21:36:24.050+0000] {logging_mixin.py:137} INFO - [2023-10-25T21:36:24.050+0000] {dagbag.py:538} INFO - Filling up the DagBag from /home/airflow/.local/lib/python3.7/site-packages/airflow/example_dags/example_local_kubernetes_executor.py
[2023-10-25T21:36:24.062+0000] {processor.py:753} INFO - DAG(s) dict_keys(['example_local_kubernetes_executor']) retrieved from /home/airflow/.local/lib/python3.7/site-packages/airflow/example_dags/example_local_kubernetes_executor.py
[2023-10-25T21:36:24.078+0000] {logging_mixin.py:137} INFO - [2023-10-25T21:36:24.078+0000] {dag.py:2690} INFO - Sync 1 DAGs
[2023-10-25T21:36:24.090+0000] {logging_mixin.py:137} INFO - [2023-10-25T21:36:24.090+0000] {dag.py:3441} INFO - Setting next_dagrun for example_local_kubernetes_executor to None, run_after=None
[2023-10-25T21:36:24.099+0000] {processor.py:175} INFO - Processing /home/airflow/.local/lib/python3.7/site-packages/airflow/example_dags/example_local_kubernetes_executor.py took 0.052 seconds
[2023-10-25T22:31:16.582+0000] {processor.py:153} INFO - Started process (PID=42742) to work on /home/airflow/.local/lib/python3.7/site-packages/airflow/example_dags/example_local_kubernetes_executor.py
[2023-10-25T22:31:16.582+0000] {processor.py:743} INFO - Processing file /home/airflow/.local/lib/python3.7/site-packages/airflow/example_dags/example_local_kubernetes_executor.py for tasks to queue
[2023-10-25T22:31:16.583+0000] {logging_mixin.py:137} INFO - [2023-10-25T22:31:16.583+0000] {dagbag.py:538} INFO - Filling up the DagBag from /home/airflow/.local/lib/python3.7/site-packages/airflow/example_dags/example_local_kubernetes_executor.py
[2023-10-25T22:31:16.597+0000] {processor.py:753} INFO - DAG(s) dict_keys(['example_local_kubernetes_executor']) retrieved from /home/airflow/.local/lib/python3.7/site-packages/airflow/example_dags/example_local_kubernetes_executor.py
[2023-10-25T22:31:16.613+0000] {logging_mixin.py:137} INFO - [2023-10-25T22:31:16.613+0000] {dag.py:2690} INFO - Sync 1 DAGs
[2023-10-25T22:31:16.625+0000] {logging_mixin.py:137} INFO - [2023-10-25T22:31:16.625+0000] {dag.py:3441} INFO - Setting next_dagrun for example_local_kubernetes_executor to None, run_after=None
[2023-10-25T22:31:16.633+0000] {processor.py:175} INFO - Processing /home/airflow/.local/lib/python3.7/site-packages/airflow/example_dags/example_local_kubernetes_executor.py took 0.053 seconds
[2023-10-25T23:53:43.220+0000] {processor.py:153} INFO - Started process (PID=42836) to work on /home/airflow/.local/lib/python3.7/site-packages/airflow/example_dags/example_local_kubernetes_executor.py
[2023-10-25T23:53:43.220+0000] {processor.py:743} INFO - Processing file /home/airflow/.local/lib/python3.7/site-packages/airflow/example_dags/example_local_kubernetes_executor.py for tasks to queue
[2023-10-25T23:53:43.221+0000] {logging_mixin.py:137} INFO - [2023-10-25T23:53:43.221+0000] {dagbag.py:538} INFO - Filling up the DagBag from /home/airflow/.local/lib/python3.7/site-packages/airflow/example_dags/example_local_kubernetes_executor.py
[2023-10-25T23:53:43.233+0000] {processor.py:753} INFO - DAG(s) dict_keys(['example_local_kubernetes_executor']) retrieved from /home/airflow/.local/lib/python3.7/site-packages/airflow/example_dags/example_local_kubernetes_executor.py
[2023-10-25T23:53:43.248+0000] {logging_mixin.py:137} INFO - [2023-10-25T23:53:43.248+0000] {dag.py:2690} INFO - Sync 1 DAGs
[2023-10-25T23:53:43.259+0000] {logging_mixin.py:137} INFO - [2023-10-25T23:53:43.259+0000] {dag.py:3441} INFO - Setting next_dagrun for example_local_kubernetes_executor to None, run_after=None
[2023-10-25T23:53:43.268+0000] {processor.py:175} INFO - Processing /home/airflow/.local/lib/python3.7/site-packages/airflow/example_dags/example_local_kubernetes_executor.py took 0.050 seconds
