[2023-10-25T01:12:50.545+0000] {processor.py:153} INFO - Started process (PID=41233) to work on /home/airflow/.local/lib/python3.7/site-packages/airflow/example_dags/example_task_group_decorator.py
[2023-10-25T01:12:50.546+0000] {processor.py:743} INFO - Processing file /home/airflow/.local/lib/python3.7/site-packages/airflow/example_dags/example_task_group_decorator.py for tasks to queue
[2023-10-25T01:12:50.547+0000] {logging_mixin.py:137} INFO - [2023-10-25T01:12:50.547+0000] {dagbag.py:538} INFO - Filling up the DagBag from /home/airflow/.local/lib/python3.7/site-packages/airflow/example_dags/example_task_group_decorator.py
[2023-10-25T01:12:50.565+0000] {processor.py:753} INFO - DAG(s) dict_keys(['example_task_group_decorator']) retrieved from /home/airflow/.local/lib/python3.7/site-packages/airflow/example_dags/example_task_group_decorator.py
[2023-10-25T01:12:50.605+0000] {logging_mixin.py:137} INFO - [2023-10-25T01:12:50.605+0000] {dag.py:2690} INFO - Sync 1 DAGs
[2023-10-25T01:12:50.652+0000] {logging_mixin.py:137} INFO - [2023-10-25T01:12:50.652+0000] {dag.py:3441} INFO - Setting next_dagrun for example_task_group_decorator to 2023-10-24T01:12:50.650881+00:00, run_after=2023-10-25T01:12:50.650881+00:00
[2023-10-25T01:12:50.679+0000] {processor.py:175} INFO - Processing /home/airflow/.local/lib/python3.7/site-packages/airflow/example_dags/example_task_group_decorator.py took 0.136 seconds
[2023-10-25T02:33:36.579+0000] {processor.py:153} INFO - Started process (PID=41309) to work on /home/airflow/.local/lib/python3.7/site-packages/airflow/example_dags/example_task_group_decorator.py
[2023-10-25T02:33:36.580+0000] {processor.py:743} INFO - Processing file /home/airflow/.local/lib/python3.7/site-packages/airflow/example_dags/example_task_group_decorator.py for tasks to queue
[2023-10-25T02:33:36.580+0000] {logging_mixin.py:137} INFO - [2023-10-25T02:33:36.580+0000] {dagbag.py:538} INFO - Filling up the DagBag from /home/airflow/.local/lib/python3.7/site-packages/airflow/example_dags/example_task_group_decorator.py
[2023-10-25T02:33:36.601+0000] {processor.py:753} INFO - DAG(s) dict_keys(['example_task_group_decorator']) retrieved from /home/airflow/.local/lib/python3.7/site-packages/airflow/example_dags/example_task_group_decorator.py
[2023-10-25T02:33:36.627+0000] {logging_mixin.py:137} INFO - [2023-10-25T02:33:36.627+0000] {dag.py:2690} INFO - Sync 1 DAGs
[2023-10-25T02:33:36.643+0000] {logging_mixin.py:137} INFO - [2023-10-25T02:33:36.643+0000] {dag.py:3441} INFO - Setting next_dagrun for example_task_group_decorator to 2023-10-24T02:33:36.643080+00:00, run_after=2023-10-25T02:33:36.643080+00:00
[2023-10-25T02:33:36.657+0000] {processor.py:175} INFO - Processing /home/airflow/.local/lib/python3.7/site-packages/airflow/example_dags/example_task_group_decorator.py took 0.081 seconds
[2023-10-25T04:14:04.011+0000] {processor.py:153} INFO - Started process (PID=41403) to work on /home/airflow/.local/lib/python3.7/site-packages/airflow/example_dags/example_task_group_decorator.py
[2023-10-25T04:14:04.011+0000] {processor.py:743} INFO - Processing file /home/airflow/.local/lib/python3.7/site-packages/airflow/example_dags/example_task_group_decorator.py for tasks to queue
[2023-10-25T04:14:04.011+0000] {logging_mixin.py:137} INFO - [2023-10-25T04:14:04.011+0000] {dagbag.py:538} INFO - Filling up the DagBag from /home/airflow/.local/lib/python3.7/site-packages/airflow/example_dags/example_task_group_decorator.py
[2023-10-25T04:14:04.027+0000] {processor.py:753} INFO - DAG(s) dict_keys(['example_task_group_decorator']) retrieved from /home/airflow/.local/lib/python3.7/site-packages/airflow/example_dags/example_task_group_decorator.py
[2023-10-25T04:14:04.039+0000] {logging_mixin.py:137} INFO - [2023-10-25T04:14:04.039+0000] {dag.py:2690} INFO - Sync 1 DAGs
[2023-10-25T04:14:04.051+0000] {logging_mixin.py:137} INFO - [2023-10-25T04:14:04.051+0000] {dag.py:3441} INFO - Setting next_dagrun for example_task_group_decorator to 2023-10-24T04:14:04.051260+00:00, run_after=2023-10-25T04:14:04.051260+00:00
[2023-10-25T04:14:04.061+0000] {processor.py:175} INFO - Processing /home/airflow/.local/lib/python3.7/site-packages/airflow/example_dags/example_task_group_decorator.py took 0.053 seconds
[2023-10-25T05:36:37.867+0000] {processor.py:153} INFO - Started process (PID=41497) to work on /home/airflow/.local/lib/python3.7/site-packages/airflow/example_dags/example_task_group_decorator.py
[2023-10-25T05:36:37.867+0000] {processor.py:743} INFO - Processing file /home/airflow/.local/lib/python3.7/site-packages/airflow/example_dags/example_task_group_decorator.py for tasks to queue
[2023-10-25T05:36:37.867+0000] {logging_mixin.py:137} INFO - [2023-10-25T05:36:37.867+0000] {dagbag.py:538} INFO - Filling up the DagBag from /home/airflow/.local/lib/python3.7/site-packages/airflow/example_dags/example_task_group_decorator.py
[2023-10-25T05:36:37.882+0000] {processor.py:753} INFO - DAG(s) dict_keys(['example_task_group_decorator']) retrieved from /home/airflow/.local/lib/python3.7/site-packages/airflow/example_dags/example_task_group_decorator.py
[2023-10-25T05:36:37.896+0000] {logging_mixin.py:137} INFO - [2023-10-25T05:36:37.896+0000] {dag.py:2690} INFO - Sync 1 DAGs
[2023-10-25T05:36:37.908+0000] {logging_mixin.py:137} INFO - [2023-10-25T05:36:37.908+0000] {dag.py:3441} INFO - Setting next_dagrun for example_task_group_decorator to 2023-10-24T05:36:37.908253+00:00, run_after=2023-10-25T05:36:37.908253+00:00
[2023-10-25T05:36:37.916+0000] {processor.py:175} INFO - Processing /home/airflow/.local/lib/python3.7/site-packages/airflow/example_dags/example_task_group_decorator.py took 0.051 seconds
[2023-10-25T06:54:07.847+0000] {processor.py:153} INFO - Started process (PID=41572) to work on /home/airflow/.local/lib/python3.7/site-packages/airflow/example_dags/example_task_group_decorator.py
[2023-10-25T06:54:07.848+0000] {processor.py:743} INFO - Processing file /home/airflow/.local/lib/python3.7/site-packages/airflow/example_dags/example_task_group_decorator.py for tasks to queue
[2023-10-25T06:54:07.848+0000] {logging_mixin.py:137} INFO - [2023-10-25T06:54:07.848+0000] {dagbag.py:538} INFO - Filling up the DagBag from /home/airflow/.local/lib/python3.7/site-packages/airflow/example_dags/example_task_group_decorator.py
[2023-10-25T06:54:07.869+0000] {processor.py:753} INFO - DAG(s) dict_keys(['example_task_group_decorator']) retrieved from /home/airflow/.local/lib/python3.7/site-packages/airflow/example_dags/example_task_group_decorator.py
[2023-10-25T06:54:07.887+0000] {logging_mixin.py:137} INFO - [2023-10-25T06:54:07.887+0000] {dag.py:2690} INFO - Sync 1 DAGs
[2023-10-25T06:54:07.900+0000] {logging_mixin.py:137} INFO - [2023-10-25T06:54:07.900+0000] {dag.py:3441} INFO - Setting next_dagrun for example_task_group_decorator to 2023-10-24T06:54:07.900168+00:00, run_after=2023-10-25T06:54:07.900168+00:00
[2023-10-25T06:54:07.910+0000] {processor.py:175} INFO - Processing /home/airflow/.local/lib/python3.7/site-packages/airflow/example_dags/example_task_group_decorator.py took 0.068 seconds
[2023-10-25T08:35:32.785+0000] {processor.py:153} INFO - Started process (PID=41666) to work on /home/airflow/.local/lib/python3.7/site-packages/airflow/example_dags/example_task_group_decorator.py
[2023-10-25T08:35:32.786+0000] {processor.py:743} INFO - Processing file /home/airflow/.local/lib/python3.7/site-packages/airflow/example_dags/example_task_group_decorator.py for tasks to queue
[2023-10-25T08:35:32.787+0000] {logging_mixin.py:137} INFO - [2023-10-25T08:35:32.787+0000] {dagbag.py:538} INFO - Filling up the DagBag from /home/airflow/.local/lib/python3.7/site-packages/airflow/example_dags/example_task_group_decorator.py
[2023-10-25T08:35:32.809+0000] {processor.py:753} INFO - DAG(s) dict_keys(['example_task_group_decorator']) retrieved from /home/airflow/.local/lib/python3.7/site-packages/airflow/example_dags/example_task_group_decorator.py
[2023-10-25T08:35:32.828+0000] {logging_mixin.py:137} INFO - [2023-10-25T08:35:32.828+0000] {dag.py:2690} INFO - Sync 1 DAGs
[2023-10-25T08:35:32.841+0000] {logging_mixin.py:137} INFO - [2023-10-25T08:35:32.841+0000] {dag.py:3441} INFO - Setting next_dagrun for example_task_group_decorator to 2023-10-24T08:35:32.841411+00:00, run_after=2023-10-25T08:35:32.841411+00:00
[2023-10-25T08:35:32.859+0000] {processor.py:175} INFO - Processing /home/airflow/.local/lib/python3.7/site-packages/airflow/example_dags/example_task_group_decorator.py took 0.079 seconds
[2023-10-25T10:14:51.579+0000] {processor.py:153} INFO - Started process (PID=41760) to work on /home/airflow/.local/lib/python3.7/site-packages/airflow/example_dags/example_task_group_decorator.py
[2023-10-25T10:14:51.580+0000] {processor.py:743} INFO - Processing file /home/airflow/.local/lib/python3.7/site-packages/airflow/example_dags/example_task_group_decorator.py for tasks to queue
[2023-10-25T10:14:51.580+0000] {logging_mixin.py:137} INFO - [2023-10-25T10:14:51.580+0000] {dagbag.py:538} INFO - Filling up the DagBag from /home/airflow/.local/lib/python3.7/site-packages/airflow/example_dags/example_task_group_decorator.py
[2023-10-25T10:14:51.599+0000] {processor.py:753} INFO - DAG(s) dict_keys(['example_task_group_decorator']) retrieved from /home/airflow/.local/lib/python3.7/site-packages/airflow/example_dags/example_task_group_decorator.py
[2023-10-25T10:14:51.615+0000] {logging_mixin.py:137} INFO - [2023-10-25T10:14:51.615+0000] {dag.py:2690} INFO - Sync 1 DAGs
[2023-10-25T10:14:51.631+0000] {logging_mixin.py:137} INFO - [2023-10-25T10:14:51.631+0000] {dag.py:3441} INFO - Setting next_dagrun for example_task_group_decorator to 2023-10-24T10:14:51.630859+00:00, run_after=2023-10-25T10:14:51.630859+00:00
[2023-10-25T10:14:51.642+0000] {processor.py:175} INFO - Processing /home/airflow/.local/lib/python3.7/site-packages/airflow/example_dags/example_task_group_decorator.py took 0.065 seconds
[2023-10-25T11:37:55.514+0000] {processor.py:153} INFO - Started process (PID=41836) to work on /home/airflow/.local/lib/python3.7/site-packages/airflow/example_dags/example_task_group_decorator.py
[2023-10-25T11:37:55.514+0000] {processor.py:743} INFO - Processing file /home/airflow/.local/lib/python3.7/site-packages/airflow/example_dags/example_task_group_decorator.py for tasks to queue
[2023-10-25T11:37:55.515+0000] {logging_mixin.py:137} INFO - [2023-10-25T11:37:55.515+0000] {dagbag.py:538} INFO - Filling up the DagBag from /home/airflow/.local/lib/python3.7/site-packages/airflow/example_dags/example_task_group_decorator.py
[2023-10-25T11:37:55.532+0000] {processor.py:753} INFO - DAG(s) dict_keys(['example_task_group_decorator']) retrieved from /home/airflow/.local/lib/python3.7/site-packages/airflow/example_dags/example_task_group_decorator.py
[2023-10-25T11:37:55.549+0000] {logging_mixin.py:137} INFO - [2023-10-25T11:37:55.548+0000] {dag.py:2690} INFO - Sync 1 DAGs
[2023-10-25T11:37:55.562+0000] {logging_mixin.py:137} INFO - [2023-10-25T11:37:55.562+0000] {dag.py:3441} INFO - Setting next_dagrun for example_task_group_decorator to 2023-10-24T11:37:55.561853+00:00, run_after=2023-10-25T11:37:55.561853+00:00
[2023-10-25T11:37:55.573+0000] {processor.py:175} INFO - Processing /home/airflow/.local/lib/python3.7/site-packages/airflow/example_dags/example_task_group_decorator.py took 0.061 seconds
[2023-10-25T13:17:56.291+0000] {processor.py:153} INFO - Started process (PID=41930) to work on /home/airflow/.local/lib/python3.7/site-packages/airflow/example_dags/example_task_group_decorator.py
[2023-10-25T13:17:56.291+0000] {processor.py:743} INFO - Processing file /home/airflow/.local/lib/python3.7/site-packages/airflow/example_dags/example_task_group_decorator.py for tasks to queue
[2023-10-25T13:17:56.292+0000] {logging_mixin.py:137} INFO - [2023-10-25T13:17:56.292+0000] {dagbag.py:538} INFO - Filling up the DagBag from /home/airflow/.local/lib/python3.7/site-packages/airflow/example_dags/example_task_group_decorator.py
[2023-10-25T13:17:56.308+0000] {processor.py:753} INFO - DAG(s) dict_keys(['example_task_group_decorator']) retrieved from /home/airflow/.local/lib/python3.7/site-packages/airflow/example_dags/example_task_group_decorator.py
[2023-10-25T13:17:56.321+0000] {logging_mixin.py:137} INFO - [2023-10-25T13:17:56.321+0000] {dag.py:2690} INFO - Sync 1 DAGs
[2023-10-25T13:17:56.332+0000] {logging_mixin.py:137} INFO - [2023-10-25T13:17:56.332+0000] {dag.py:3441} INFO - Setting next_dagrun for example_task_group_decorator to 2023-10-24T13:17:56.332667+00:00, run_after=2023-10-25T13:17:56.332667+00:00
[2023-10-25T13:17:56.341+0000] {processor.py:175} INFO - Processing /home/airflow/.local/lib/python3.7/site-packages/airflow/example_dags/example_task_group_decorator.py took 0.053 seconds
[2023-10-25T14:32:17.238+0000] {processor.py:153} INFO - Started process (PID=42024) to work on /home/airflow/.local/lib/python3.7/site-packages/airflow/example_dags/example_task_group_decorator.py
[2023-10-25T14:32:17.239+0000] {processor.py:743} INFO - Processing file /home/airflow/.local/lib/python3.7/site-packages/airflow/example_dags/example_task_group_decorator.py for tasks to queue
[2023-10-25T14:32:17.240+0000] {logging_mixin.py:137} INFO - [2023-10-25T14:32:17.240+0000] {dagbag.py:538} INFO - Filling up the DagBag from /home/airflow/.local/lib/python3.7/site-packages/airflow/example_dags/example_task_group_decorator.py
[2023-10-25T14:32:17.259+0000] {processor.py:753} INFO - DAG(s) dict_keys(['example_task_group_decorator']) retrieved from /home/airflow/.local/lib/python3.7/site-packages/airflow/example_dags/example_task_group_decorator.py
[2023-10-25T14:32:17.279+0000] {logging_mixin.py:137} INFO - [2023-10-25T14:32:17.279+0000] {dag.py:2690} INFO - Sync 1 DAGs
[2023-10-25T14:32:17.296+0000] {logging_mixin.py:137} INFO - [2023-10-25T14:32:17.296+0000] {dag.py:3441} INFO - Setting next_dagrun for example_task_group_decorator to 2023-10-24T14:32:17.296497+00:00, run_after=2023-10-25T14:32:17.296497+00:00
[2023-10-25T14:32:17.308+0000] {processor.py:175} INFO - Processing /home/airflow/.local/lib/python3.7/site-packages/airflow/example_dags/example_task_group_decorator.py took 0.072 seconds
[2023-10-25T15:55:10.492+0000] {processor.py:153} INFO - Started process (PID=42099) to work on /home/airflow/.local/lib/python3.7/site-packages/airflow/example_dags/example_task_group_decorator.py
[2023-10-25T15:55:10.493+0000] {processor.py:743} INFO - Processing file /home/airflow/.local/lib/python3.7/site-packages/airflow/example_dags/example_task_group_decorator.py for tasks to queue
[2023-10-25T15:55:10.494+0000] {logging_mixin.py:137} INFO - [2023-10-25T15:55:10.494+0000] {dagbag.py:538} INFO - Filling up the DagBag from /home/airflow/.local/lib/python3.7/site-packages/airflow/example_dags/example_task_group_decorator.py
[2023-10-25T15:55:10.515+0000] {processor.py:753} INFO - DAG(s) dict_keys(['example_task_group_decorator']) retrieved from /home/airflow/.local/lib/python3.7/site-packages/airflow/example_dags/example_task_group_decorator.py
[2023-10-25T15:55:10.535+0000] {logging_mixin.py:137} INFO - [2023-10-25T15:55:10.534+0000] {dag.py:2690} INFO - Sync 1 DAGs
[2023-10-25T15:55:10.547+0000] {logging_mixin.py:137} INFO - [2023-10-25T15:55:10.547+0000] {dag.py:3441} INFO - Setting next_dagrun for example_task_group_decorator to 2023-10-24T15:55:10.547481+00:00, run_after=2023-10-25T15:55:10.547481+00:00
[2023-10-25T15:55:10.558+0000] {processor.py:175} INFO - Processing /home/airflow/.local/lib/python3.7/site-packages/airflow/example_dags/example_task_group_decorator.py took 0.070 seconds
[2023-10-25T17:35:08.603+0000] {processor.py:153} INFO - Started process (PID=42193) to work on /home/airflow/.local/lib/python3.7/site-packages/airflow/example_dags/example_task_group_decorator.py
[2023-10-25T17:35:08.603+0000] {processor.py:743} INFO - Processing file /home/airflow/.local/lib/python3.7/site-packages/airflow/example_dags/example_task_group_decorator.py for tasks to queue
[2023-10-25T17:35:08.604+0000] {logging_mixin.py:137} INFO - [2023-10-25T17:35:08.604+0000] {dagbag.py:538} INFO - Filling up the DagBag from /home/airflow/.local/lib/python3.7/site-packages/airflow/example_dags/example_task_group_decorator.py
[2023-10-25T17:35:08.619+0000] {processor.py:753} INFO - DAG(s) dict_keys(['example_task_group_decorator']) retrieved from /home/airflow/.local/lib/python3.7/site-packages/airflow/example_dags/example_task_group_decorator.py
[2023-10-25T17:35:08.633+0000] {logging_mixin.py:137} INFO - [2023-10-25T17:35:08.633+0000] {dag.py:2690} INFO - Sync 1 DAGs
[2023-10-25T17:35:08.644+0000] {logging_mixin.py:137} INFO - [2023-10-25T17:35:08.644+0000] {dag.py:3441} INFO - Setting next_dagrun for example_task_group_decorator to 2023-10-24T17:35:08.644172+00:00, run_after=2023-10-25T17:35:08.644172+00:00
[2023-10-25T17:35:08.653+0000] {processor.py:175} INFO - Processing /home/airflow/.local/lib/python3.7/site-packages/airflow/example_dags/example_task_group_decorator.py took 0.051 seconds
[2023-10-25T18:42:53.041+0000] {processor.py:153} INFO - Started process (PID=42287) to work on /home/airflow/.local/lib/python3.7/site-packages/airflow/example_dags/example_task_group_decorator.py
[2023-10-25T18:42:53.042+0000] {processor.py:743} INFO - Processing file /home/airflow/.local/lib/python3.7/site-packages/airflow/example_dags/example_task_group_decorator.py for tasks to queue
[2023-10-25T18:42:53.043+0000] {logging_mixin.py:137} INFO - [2023-10-25T18:42:53.043+0000] {dagbag.py:538} INFO - Filling up the DagBag from /home/airflow/.local/lib/python3.7/site-packages/airflow/example_dags/example_task_group_decorator.py
[2023-10-25T18:42:53.062+0000] {processor.py:753} INFO - DAG(s) dict_keys(['example_task_group_decorator']) retrieved from /home/airflow/.local/lib/python3.7/site-packages/airflow/example_dags/example_task_group_decorator.py
[2023-10-25T18:42:53.080+0000] {logging_mixin.py:137} INFO - [2023-10-25T18:42:53.080+0000] {dag.py:2690} INFO - Sync 1 DAGs
[2023-10-25T18:42:53.095+0000] {logging_mixin.py:137} INFO - [2023-10-25T18:42:53.095+0000] {dag.py:3441} INFO - Setting next_dagrun for example_task_group_decorator to 2023-10-24T18:42:53.094950+00:00, run_after=2023-10-25T18:42:53.094950+00:00
[2023-10-25T18:42:53.105+0000] {processor.py:175} INFO - Processing /home/airflow/.local/lib/python3.7/site-packages/airflow/example_dags/example_task_group_decorator.py took 0.067 seconds
[2023-10-25T18:43:23.739+0000] {processor.py:153} INFO - Started process (PID=42372) to work on /home/airflow/.local/lib/python3.7/site-packages/airflow/example_dags/example_task_group_decorator.py
[2023-10-25T18:43:23.740+0000] {processor.py:743} INFO - Processing file /home/airflow/.local/lib/python3.7/site-packages/airflow/example_dags/example_task_group_decorator.py for tasks to queue
[2023-10-25T18:43:23.740+0000] {logging_mixin.py:137} INFO - [2023-10-25T18:43:23.740+0000] {dagbag.py:538} INFO - Filling up the DagBag from /home/airflow/.local/lib/python3.7/site-packages/airflow/example_dags/example_task_group_decorator.py
[2023-10-25T18:43:23.755+0000] {processor.py:753} INFO - DAG(s) dict_keys(['example_task_group_decorator']) retrieved from /home/airflow/.local/lib/python3.7/site-packages/airflow/example_dags/example_task_group_decorator.py
[2023-10-25T18:43:23.770+0000] {logging_mixin.py:137} INFO - [2023-10-25T18:43:23.770+0000] {dag.py:2690} INFO - Sync 1 DAGs
[2023-10-25T18:43:23.782+0000] {logging_mixin.py:137} INFO - [2023-10-25T18:43:23.782+0000] {dag.py:3441} INFO - Setting next_dagrun for example_task_group_decorator to 2023-10-24T18:43:23.782000+00:00, run_after=2023-10-25T18:43:23.782000+00:00
[2023-10-25T18:43:23.790+0000] {processor.py:175} INFO - Processing /home/airflow/.local/lib/python3.7/site-packages/airflow/example_dags/example_task_group_decorator.py took 0.053 seconds
[2023-10-25T19:18:42.979+0000] {processor.py:153} INFO - Started process (PID=42457) to work on /home/airflow/.local/lib/python3.7/site-packages/airflow/example_dags/example_task_group_decorator.py
[2023-10-25T19:18:42.979+0000] {processor.py:743} INFO - Processing file /home/airflow/.local/lib/python3.7/site-packages/airflow/example_dags/example_task_group_decorator.py for tasks to queue
[2023-10-25T19:18:42.980+0000] {logging_mixin.py:137} INFO - [2023-10-25T19:18:42.980+0000] {dagbag.py:538} INFO - Filling up the DagBag from /home/airflow/.local/lib/python3.7/site-packages/airflow/example_dags/example_task_group_decorator.py
[2023-10-25T19:18:42.995+0000] {processor.py:753} INFO - DAG(s) dict_keys(['example_task_group_decorator']) retrieved from /home/airflow/.local/lib/python3.7/site-packages/airflow/example_dags/example_task_group_decorator.py
[2023-10-25T19:18:43.009+0000] {logging_mixin.py:137} INFO - [2023-10-25T19:18:43.009+0000] {dag.py:2690} INFO - Sync 1 DAGs
[2023-10-25T19:18:43.020+0000] {logging_mixin.py:137} INFO - [2023-10-25T19:18:43.020+0000] {dag.py:3441} INFO - Setting next_dagrun for example_task_group_decorator to 2023-10-24T19:18:43.020123+00:00, run_after=2023-10-25T19:18:43.020123+00:00
[2023-10-25T19:18:43.028+0000] {processor.py:175} INFO - Processing /home/airflow/.local/lib/python3.7/site-packages/airflow/example_dags/example_task_group_decorator.py took 0.051 seconds
[2023-10-25T20:25:20.768+0000] {processor.py:153} INFO - Started process (PID=42551) to work on /home/airflow/.local/lib/python3.7/site-packages/airflow/example_dags/example_task_group_decorator.py
[2023-10-25T20:25:20.769+0000] {processor.py:743} INFO - Processing file /home/airflow/.local/lib/python3.7/site-packages/airflow/example_dags/example_task_group_decorator.py for tasks to queue
[2023-10-25T20:25:20.769+0000] {logging_mixin.py:137} INFO - [2023-10-25T20:25:20.769+0000] {dagbag.py:538} INFO - Filling up the DagBag from /home/airflow/.local/lib/python3.7/site-packages/airflow/example_dags/example_task_group_decorator.py
[2023-10-25T20:25:20.788+0000] {processor.py:753} INFO - DAG(s) dict_keys(['example_task_group_decorator']) retrieved from /home/airflow/.local/lib/python3.7/site-packages/airflow/example_dags/example_task_group_decorator.py
[2023-10-25T20:25:20.805+0000] {logging_mixin.py:137} INFO - [2023-10-25T20:25:20.805+0000] {dag.py:2690} INFO - Sync 1 DAGs
[2023-10-25T20:25:20.820+0000] {logging_mixin.py:137} INFO - [2023-10-25T20:25:20.820+0000] {dag.py:3441} INFO - Setting next_dagrun for example_task_group_decorator to 2023-10-24T20:25:20.819289+00:00, run_after=2023-10-25T20:25:20.819289+00:00
[2023-10-25T20:25:20.831+0000] {processor.py:175} INFO - Processing /home/airflow/.local/lib/python3.7/site-packages/airflow/example_dags/example_task_group_decorator.py took 0.067 seconds
[2023-10-25T21:36:23.050+0000] {processor.py:153} INFO - Started process (PID=42627) to work on /home/airflow/.local/lib/python3.7/site-packages/airflow/example_dags/example_task_group_decorator.py
[2023-10-25T21:36:23.051+0000] {processor.py:743} INFO - Processing file /home/airflow/.local/lib/python3.7/site-packages/airflow/example_dags/example_task_group_decorator.py for tasks to queue
[2023-10-25T21:36:23.051+0000] {logging_mixin.py:137} INFO - [2023-10-25T21:36:23.051+0000] {dagbag.py:538} INFO - Filling up the DagBag from /home/airflow/.local/lib/python3.7/site-packages/airflow/example_dags/example_task_group_decorator.py
[2023-10-25T21:36:23.075+0000] {processor.py:753} INFO - DAG(s) dict_keys(['example_task_group_decorator']) retrieved from /home/airflow/.local/lib/python3.7/site-packages/airflow/example_dags/example_task_group_decorator.py
[2023-10-25T21:36:23.094+0000] {logging_mixin.py:137} INFO - [2023-10-25T21:36:23.094+0000] {dag.py:2690} INFO - Sync 1 DAGs
[2023-10-25T21:36:23.109+0000] {logging_mixin.py:137} INFO - [2023-10-25T21:36:23.109+0000] {dag.py:3441} INFO - Setting next_dagrun for example_task_group_decorator to 2023-10-24T21:36:23.108912+00:00, run_after=2023-10-25T21:36:23.108912+00:00
[2023-10-25T21:36:23.120+0000] {processor.py:175} INFO - Processing /home/airflow/.local/lib/python3.7/site-packages/airflow/example_dags/example_task_group_decorator.py took 0.073 seconds
[2023-10-25T22:31:15.677+0000] {processor.py:153} INFO - Started process (PID=42721) to work on /home/airflow/.local/lib/python3.7/site-packages/airflow/example_dags/example_task_group_decorator.py
[2023-10-25T22:31:15.678+0000] {processor.py:743} INFO - Processing file /home/airflow/.local/lib/python3.7/site-packages/airflow/example_dags/example_task_group_decorator.py for tasks to queue
[2023-10-25T22:31:15.678+0000] {logging_mixin.py:137} INFO - [2023-10-25T22:31:15.678+0000] {dagbag.py:538} INFO - Filling up the DagBag from /home/airflow/.local/lib/python3.7/site-packages/airflow/example_dags/example_task_group_decorator.py
[2023-10-25T22:31:15.697+0000] {processor.py:753} INFO - DAG(s) dict_keys(['example_task_group_decorator']) retrieved from /home/airflow/.local/lib/python3.7/site-packages/airflow/example_dags/example_task_group_decorator.py
[2023-10-25T22:31:15.715+0000] {logging_mixin.py:137} INFO - [2023-10-25T22:31:15.715+0000] {dag.py:2690} INFO - Sync 1 DAGs
[2023-10-25T22:31:15.731+0000] {logging_mixin.py:137} INFO - [2023-10-25T22:31:15.731+0000] {dag.py:3441} INFO - Setting next_dagrun for example_task_group_decorator to 2023-10-24T22:31:15.730736+00:00, run_after=2023-10-25T22:31:15.730736+00:00
[2023-10-25T22:31:15.742+0000] {processor.py:175} INFO - Processing /home/airflow/.local/lib/python3.7/site-packages/airflow/example_dags/example_task_group_decorator.py took 0.068 seconds
[2023-10-25T23:53:42.577+0000] {processor.py:153} INFO - Started process (PID=42815) to work on /home/airflow/.local/lib/python3.7/site-packages/airflow/example_dags/example_task_group_decorator.py
[2023-10-25T23:53:42.578+0000] {processor.py:743} INFO - Processing file /home/airflow/.local/lib/python3.7/site-packages/airflow/example_dags/example_task_group_decorator.py for tasks to queue
[2023-10-25T23:53:42.578+0000] {logging_mixin.py:137} INFO - [2023-10-25T23:53:42.578+0000] {dagbag.py:538} INFO - Filling up the DagBag from /home/airflow/.local/lib/python3.7/site-packages/airflow/example_dags/example_task_group_decorator.py
[2023-10-25T23:53:42.593+0000] {processor.py:753} INFO - DAG(s) dict_keys(['example_task_group_decorator']) retrieved from /home/airflow/.local/lib/python3.7/site-packages/airflow/example_dags/example_task_group_decorator.py
[2023-10-25T23:53:42.607+0000] {logging_mixin.py:137} INFO - [2023-10-25T23:53:42.607+0000] {dag.py:2690} INFO - Sync 1 DAGs
[2023-10-25T23:53:42.619+0000] {logging_mixin.py:137} INFO - [2023-10-25T23:53:42.619+0000] {dag.py:3441} INFO - Setting next_dagrun for example_task_group_decorator to 2023-10-24T23:53:42.618877+00:00, run_after=2023-10-25T23:53:42.618877+00:00
[2023-10-25T23:53:42.627+0000] {processor.py:175} INFO - Processing /home/airflow/.local/lib/python3.7/site-packages/airflow/example_dags/example_task_group_decorator.py took 0.052 seconds
