[2023-10-25T01:12:51.607+0000] {processor.py:153} INFO - Started process (PID=41262) to work on /home/airflow/.local/lib/python3.7/site-packages/airflow/example_dags/example_datasets.py
[2023-10-25T01:12:51.607+0000] {processor.py:743} INFO - Processing file /home/airflow/.local/lib/python3.7/site-packages/airflow/example_dags/example_datasets.py for tasks to queue
[2023-10-25T01:12:51.608+0000] {logging_mixin.py:137} INFO - [2023-10-25T01:12:51.608+0000] {dagbag.py:538} INFO - Filling up the DagBag from /home/airflow/.local/lib/python3.7/site-packages/airflow/example_dags/example_datasets.py
[2023-10-25T01:12:51.617+0000] {processor.py:753} INFO - DAG(s) dict_keys(['dataset_consumes_1_never_scheduled', 'dataset_produces_2', 'dataset_consumes_1_and_2', 'dataset_produces_1', 'dataset_consumes_unknown_never_scheduled', 'dataset_consumes_1']) retrieved from /home/airflow/.local/lib/python3.7/site-packages/airflow/example_dags/example_datasets.py
[2023-10-25T01:12:51.635+0000] {logging_mixin.py:137} INFO - [2023-10-25T01:12:51.635+0000] {dag.py:2690} INFO - Sync 6 DAGs
[2023-10-25T01:12:51.647+0000] {logging_mixin.py:137} INFO - [2023-10-25T01:12:51.647+0000] {dag.py:3441} INFO - Setting next_dagrun for dataset_consumes_1 to None, run_after=None
[2023-10-25T01:12:51.649+0000] {logging_mixin.py:137} INFO - [2023-10-25T01:12:51.649+0000] {dag.py:3441} INFO - Setting next_dagrun for dataset_consumes_1_and_2 to None, run_after=None
[2023-10-25T01:12:51.649+0000] {logging_mixin.py:137} INFO - [2023-10-25T01:12:51.649+0000] {dag.py:3441} INFO - Setting next_dagrun for dataset_consumes_1_never_scheduled to None, run_after=None
[2023-10-25T01:12:51.650+0000] {logging_mixin.py:137} INFO - [2023-10-25T01:12:51.650+0000] {dag.py:3441} INFO - Setting next_dagrun for dataset_consumes_unknown_never_scheduled to None, run_after=None
[2023-10-25T01:12:51.651+0000] {logging_mixin.py:137} INFO - [2023-10-25T01:12:51.651+0000] {dag.py:3441} INFO - Setting next_dagrun for dataset_produces_1 to 2023-10-24T00:00:00+00:00, run_after=2023-10-25T00:00:00+00:00
[2023-10-25T01:12:51.651+0000] {logging_mixin.py:137} INFO - [2023-10-25T01:12:51.651+0000] {dag.py:3441} INFO - Setting next_dagrun for dataset_produces_2 to None, run_after=None
[2023-10-25T01:12:51.665+0000] {processor.py:175} INFO - Processing /home/airflow/.local/lib/python3.7/site-packages/airflow/example_dags/example_datasets.py took 0.060 seconds
[2023-10-25T02:33:38.018+0000] {processor.py:153} INFO - Started process (PID=41356) to work on /home/airflow/.local/lib/python3.7/site-packages/airflow/example_dags/example_datasets.py
[2023-10-25T02:33:38.033+0000] {processor.py:743} INFO - Processing file /home/airflow/.local/lib/python3.7/site-packages/airflow/example_dags/example_datasets.py for tasks to queue
[2023-10-25T02:33:38.041+0000] {logging_mixin.py:137} INFO - [2023-10-25T02:33:38.041+0000] {dagbag.py:538} INFO - Filling up the DagBag from /home/airflow/.local/lib/python3.7/site-packages/airflow/example_dags/example_datasets.py
[2023-10-25T02:33:38.058+0000] {processor.py:753} INFO - DAG(s) dict_keys(['dataset_consumes_1_never_scheduled', 'dataset_produces_2', 'dataset_consumes_unknown_never_scheduled', 'dataset_produces_1', 'dataset_consumes_1', 'dataset_consumes_1_and_2']) retrieved from /home/airflow/.local/lib/python3.7/site-packages/airflow/example_dags/example_datasets.py
[2023-10-25T02:33:38.081+0000] {logging_mixin.py:137} INFO - [2023-10-25T02:33:38.081+0000] {dag.py:2690} INFO - Sync 6 DAGs
[2023-10-25T02:33:38.094+0000] {logging_mixin.py:137} INFO - [2023-10-25T02:33:38.094+0000] {dag.py:3441} INFO - Setting next_dagrun for dataset_consumes_1 to None, run_after=None
[2023-10-25T02:33:38.096+0000] {logging_mixin.py:137} INFO - [2023-10-25T02:33:38.095+0000] {dag.py:3441} INFO - Setting next_dagrun for dataset_consumes_1_and_2 to None, run_after=None
[2023-10-25T02:33:38.096+0000] {logging_mixin.py:137} INFO - [2023-10-25T02:33:38.096+0000] {dag.py:3441} INFO - Setting next_dagrun for dataset_consumes_1_never_scheduled to None, run_after=None
[2023-10-25T02:33:38.097+0000] {logging_mixin.py:137} INFO - [2023-10-25T02:33:38.097+0000] {dag.py:3441} INFO - Setting next_dagrun for dataset_consumes_unknown_never_scheduled to None, run_after=None
[2023-10-25T02:33:38.098+0000] {logging_mixin.py:137} INFO - [2023-10-25T02:33:38.098+0000] {dag.py:3441} INFO - Setting next_dagrun for dataset_produces_1 to 2023-10-24T00:00:00+00:00, run_after=2023-10-25T00:00:00+00:00
[2023-10-25T02:33:38.099+0000] {logging_mixin.py:137} INFO - [2023-10-25T02:33:38.099+0000] {dag.py:3441} INFO - Setting next_dagrun for dataset_produces_2 to None, run_after=None
[2023-10-25T02:33:38.114+0000] {processor.py:175} INFO - Processing /home/airflow/.local/lib/python3.7/site-packages/airflow/example_dags/example_datasets.py took 0.097 seconds
[2023-10-25T04:14:04.948+0000] {processor.py:153} INFO - Started process (PID=41432) to work on /home/airflow/.local/lib/python3.7/site-packages/airflow/example_dags/example_datasets.py
[2023-10-25T04:14:04.949+0000] {processor.py:743} INFO - Processing file /home/airflow/.local/lib/python3.7/site-packages/airflow/example_dags/example_datasets.py for tasks to queue
[2023-10-25T04:14:04.949+0000] {logging_mixin.py:137} INFO - [2023-10-25T04:14:04.949+0000] {dagbag.py:538} INFO - Filling up the DagBag from /home/airflow/.local/lib/python3.7/site-packages/airflow/example_dags/example_datasets.py
[2023-10-25T04:14:04.958+0000] {processor.py:753} INFO - DAG(s) dict_keys(['dataset_produces_1', 'dataset_consumes_1', 'dataset_consumes_1_and_2', 'dataset_produces_2', 'dataset_consumes_unknown_never_scheduled', 'dataset_consumes_1_never_scheduled']) retrieved from /home/airflow/.local/lib/python3.7/site-packages/airflow/example_dags/example_datasets.py
[2023-10-25T04:14:04.978+0000] {logging_mixin.py:137} INFO - [2023-10-25T04:14:04.978+0000] {dag.py:2690} INFO - Sync 6 DAGs
[2023-10-25T04:14:04.991+0000] {logging_mixin.py:137} INFO - [2023-10-25T04:14:04.991+0000] {dag.py:3441} INFO - Setting next_dagrun for dataset_consumes_1 to None, run_after=None
[2023-10-25T04:14:04.992+0000] {logging_mixin.py:137} INFO - [2023-10-25T04:14:04.992+0000] {dag.py:3441} INFO - Setting next_dagrun for dataset_consumes_1_and_2 to None, run_after=None
[2023-10-25T04:14:04.993+0000] {logging_mixin.py:137} INFO - [2023-10-25T04:14:04.993+0000] {dag.py:3441} INFO - Setting next_dagrun for dataset_consumes_1_never_scheduled to None, run_after=None
[2023-10-25T04:14:04.993+0000] {logging_mixin.py:137} INFO - [2023-10-25T04:14:04.993+0000] {dag.py:3441} INFO - Setting next_dagrun for dataset_consumes_unknown_never_scheduled to None, run_after=None
[2023-10-25T04:14:04.995+0000] {logging_mixin.py:137} INFO - [2023-10-25T04:14:04.995+0000] {dag.py:3441} INFO - Setting next_dagrun for dataset_produces_1 to 2023-10-24T00:00:00+00:00, run_after=2023-10-25T00:00:00+00:00
[2023-10-25T04:14:04.995+0000] {logging_mixin.py:137} INFO - [2023-10-25T04:14:04.995+0000] {dag.py:3441} INFO - Setting next_dagrun for dataset_produces_2 to None, run_after=None
[2023-10-25T04:14:05.010+0000] {processor.py:175} INFO - Processing /home/airflow/.local/lib/python3.7/site-packages/airflow/example_dags/example_datasets.py took 0.064 seconds
[2023-10-25T05:36:39.322+0000] {processor.py:153} INFO - Started process (PID=41526) to work on /home/airflow/.local/lib/python3.7/site-packages/airflow/example_dags/example_datasets.py
[2023-10-25T05:36:39.323+0000] {processor.py:743} INFO - Processing file /home/airflow/.local/lib/python3.7/site-packages/airflow/example_dags/example_datasets.py for tasks to queue
[2023-10-25T05:36:39.323+0000] {logging_mixin.py:137} INFO - [2023-10-25T05:36:39.323+0000] {dagbag.py:538} INFO - Filling up the DagBag from /home/airflow/.local/lib/python3.7/site-packages/airflow/example_dags/example_datasets.py
[2023-10-25T05:36:39.335+0000] {processor.py:753} INFO - DAG(s) dict_keys(['dataset_consumes_1_and_2', 'dataset_consumes_1', 'dataset_produces_2', 'dataset_produces_1', 'dataset_consumes_unknown_never_scheduled', 'dataset_consumes_1_never_scheduled']) retrieved from /home/airflow/.local/lib/python3.7/site-packages/airflow/example_dags/example_datasets.py
[2023-10-25T05:36:39.360+0000] {logging_mixin.py:137} INFO - [2023-10-25T05:36:39.360+0000] {dag.py:2690} INFO - Sync 6 DAGs
[2023-10-25T05:36:39.380+0000] {logging_mixin.py:137} INFO - [2023-10-25T05:36:39.379+0000] {dag.py:3441} INFO - Setting next_dagrun for dataset_consumes_1 to None, run_after=None
[2023-10-25T05:36:39.382+0000] {logging_mixin.py:137} INFO - [2023-10-25T05:36:39.382+0000] {dag.py:3441} INFO - Setting next_dagrun for dataset_consumes_1_and_2 to None, run_after=None
[2023-10-25T05:36:39.382+0000] {logging_mixin.py:137} INFO - [2023-10-25T05:36:39.382+0000] {dag.py:3441} INFO - Setting next_dagrun for dataset_consumes_1_never_scheduled to None, run_after=None
[2023-10-25T05:36:39.383+0000] {logging_mixin.py:137} INFO - [2023-10-25T05:36:39.383+0000] {dag.py:3441} INFO - Setting next_dagrun for dataset_consumes_unknown_never_scheduled to None, run_after=None
[2023-10-25T05:36:39.384+0000] {logging_mixin.py:137} INFO - [2023-10-25T05:36:39.384+0000] {dag.py:3441} INFO - Setting next_dagrun for dataset_produces_1 to 2023-10-24T00:00:00+00:00, run_after=2023-10-25T00:00:00+00:00
[2023-10-25T05:36:39.385+0000] {logging_mixin.py:137} INFO - [2023-10-25T05:36:39.385+0000] {dag.py:3441} INFO - Setting next_dagrun for dataset_produces_2 to None, run_after=None
[2023-10-25T05:36:39.404+0000] {processor.py:175} INFO - Processing /home/airflow/.local/lib/python3.7/site-packages/airflow/example_dags/example_datasets.py took 0.085 seconds
[2023-10-25T06:54:09.001+0000] {processor.py:153} INFO - Started process (PID=41619) to work on /home/airflow/.local/lib/python3.7/site-packages/airflow/example_dags/example_datasets.py
[2023-10-25T06:54:09.001+0000] {processor.py:743} INFO - Processing file /home/airflow/.local/lib/python3.7/site-packages/airflow/example_dags/example_datasets.py for tasks to queue
[2023-10-25T06:54:09.002+0000] {logging_mixin.py:137} INFO - [2023-10-25T06:54:09.001+0000] {dagbag.py:538} INFO - Filling up the DagBag from /home/airflow/.local/lib/python3.7/site-packages/airflow/example_dags/example_datasets.py
[2023-10-25T06:54:09.011+0000] {processor.py:753} INFO - DAG(s) dict_keys(['dataset_produces_1', 'dataset_consumes_unknown_never_scheduled', 'dataset_consumes_1_and_2', 'dataset_consumes_1', 'dataset_consumes_1_never_scheduled', 'dataset_produces_2']) retrieved from /home/airflow/.local/lib/python3.7/site-packages/airflow/example_dags/example_datasets.py
[2023-10-25T06:54:09.032+0000] {logging_mixin.py:137} INFO - [2023-10-25T06:54:09.032+0000] {dag.py:2690} INFO - Sync 6 DAGs
[2023-10-25T06:54:09.045+0000] {logging_mixin.py:137} INFO - [2023-10-25T06:54:09.045+0000] {dag.py:3441} INFO - Setting next_dagrun for dataset_consumes_1 to None, run_after=None
[2023-10-25T06:54:09.046+0000] {logging_mixin.py:137} INFO - [2023-10-25T06:54:09.046+0000] {dag.py:3441} INFO - Setting next_dagrun for dataset_consumes_1_and_2 to None, run_after=None
[2023-10-25T06:54:09.047+0000] {logging_mixin.py:137} INFO - [2023-10-25T06:54:09.047+0000] {dag.py:3441} INFO - Setting next_dagrun for dataset_consumes_1_never_scheduled to None, run_after=None
[2023-10-25T06:54:09.047+0000] {logging_mixin.py:137} INFO - [2023-10-25T06:54:09.047+0000] {dag.py:3441} INFO - Setting next_dagrun for dataset_consumes_unknown_never_scheduled to None, run_after=None
[2023-10-25T06:54:09.048+0000] {logging_mixin.py:137} INFO - [2023-10-25T06:54:09.048+0000] {dag.py:3441} INFO - Setting next_dagrun for dataset_produces_1 to 2023-10-24T00:00:00+00:00, run_after=2023-10-25T00:00:00+00:00
[2023-10-25T06:54:09.049+0000] {logging_mixin.py:137} INFO - [2023-10-25T06:54:09.049+0000] {dag.py:3441} INFO - Setting next_dagrun for dataset_produces_2 to None, run_after=None
[2023-10-25T06:54:09.064+0000] {processor.py:175} INFO - Processing /home/airflow/.local/lib/python3.7/site-packages/airflow/example_dags/example_datasets.py took 0.065 seconds
[2023-10-25T08:35:33.985+0000] {processor.py:153} INFO - Started process (PID=41695) to work on /home/airflow/.local/lib/python3.7/site-packages/airflow/example_dags/example_datasets.py
[2023-10-25T08:35:33.985+0000] {processor.py:743} INFO - Processing file /home/airflow/.local/lib/python3.7/site-packages/airflow/example_dags/example_datasets.py for tasks to queue
[2023-10-25T08:35:33.986+0000] {logging_mixin.py:137} INFO - [2023-10-25T08:35:33.986+0000] {dagbag.py:538} INFO - Filling up the DagBag from /home/airflow/.local/lib/python3.7/site-packages/airflow/example_dags/example_datasets.py
[2023-10-25T08:35:33.996+0000] {processor.py:753} INFO - DAG(s) dict_keys(['dataset_produces_2', 'dataset_produces_1', 'dataset_consumes_1_never_scheduled', 'dataset_consumes_unknown_never_scheduled', 'dataset_consumes_1_and_2', 'dataset_consumes_1']) retrieved from /home/airflow/.local/lib/python3.7/site-packages/airflow/example_dags/example_datasets.py
[2023-10-25T08:35:34.014+0000] {logging_mixin.py:137} INFO - [2023-10-25T08:35:34.014+0000] {dag.py:2690} INFO - Sync 6 DAGs
[2023-10-25T08:35:34.025+0000] {logging_mixin.py:137} INFO - [2023-10-25T08:35:34.025+0000] {dag.py:3441} INFO - Setting next_dagrun for dataset_consumes_1 to None, run_after=None
[2023-10-25T08:35:34.027+0000] {logging_mixin.py:137} INFO - [2023-10-25T08:35:34.027+0000] {dag.py:3441} INFO - Setting next_dagrun for dataset_consumes_1_and_2 to None, run_after=None
[2023-10-25T08:35:34.027+0000] {logging_mixin.py:137} INFO - [2023-10-25T08:35:34.027+0000] {dag.py:3441} INFO - Setting next_dagrun for dataset_consumes_1_never_scheduled to None, run_after=None
[2023-10-25T08:35:34.028+0000] {logging_mixin.py:137} INFO - [2023-10-25T08:35:34.028+0000] {dag.py:3441} INFO - Setting next_dagrun for dataset_consumes_unknown_never_scheduled to None, run_after=None
[2023-10-25T08:35:34.029+0000] {logging_mixin.py:137} INFO - [2023-10-25T08:35:34.029+0000] {dag.py:3441} INFO - Setting next_dagrun for dataset_produces_1 to 2023-10-24T00:00:00+00:00, run_after=2023-10-25T00:00:00+00:00
[2023-10-25T08:35:34.030+0000] {logging_mixin.py:137} INFO - [2023-10-25T08:35:34.030+0000] {dag.py:3441} INFO - Setting next_dagrun for dataset_produces_2 to None, run_after=None
[2023-10-25T08:35:34.043+0000] {processor.py:175} INFO - Processing /home/airflow/.local/lib/python3.7/site-packages/airflow/example_dags/example_datasets.py took 0.060 seconds
[2023-10-25T10:14:52.742+0000] {processor.py:153} INFO - Started process (PID=41789) to work on /home/airflow/.local/lib/python3.7/site-packages/airflow/example_dags/example_datasets.py
[2023-10-25T10:14:52.743+0000] {processor.py:743} INFO - Processing file /home/airflow/.local/lib/python3.7/site-packages/airflow/example_dags/example_datasets.py for tasks to queue
[2023-10-25T10:14:52.744+0000] {logging_mixin.py:137} INFO - [2023-10-25T10:14:52.743+0000] {dagbag.py:538} INFO - Filling up the DagBag from /home/airflow/.local/lib/python3.7/site-packages/airflow/example_dags/example_datasets.py
[2023-10-25T10:14:52.754+0000] {processor.py:753} INFO - DAG(s) dict_keys(['dataset_consumes_unknown_never_scheduled', 'dataset_consumes_1_and_2', 'dataset_consumes_1', 'dataset_produces_2', 'dataset_consumes_1_never_scheduled', 'dataset_produces_1']) retrieved from /home/airflow/.local/lib/python3.7/site-packages/airflow/example_dags/example_datasets.py
[2023-10-25T10:14:52.774+0000] {logging_mixin.py:137} INFO - [2023-10-25T10:14:52.774+0000] {dag.py:2690} INFO - Sync 6 DAGs
[2023-10-25T10:14:52.788+0000] {logging_mixin.py:137} INFO - [2023-10-25T10:14:52.788+0000] {dag.py:3441} INFO - Setting next_dagrun for dataset_consumes_1 to None, run_after=None
[2023-10-25T10:14:52.789+0000] {logging_mixin.py:137} INFO - [2023-10-25T10:14:52.789+0000] {dag.py:3441} INFO - Setting next_dagrun for dataset_consumes_1_and_2 to None, run_after=None
[2023-10-25T10:14:52.790+0000] {logging_mixin.py:137} INFO - [2023-10-25T10:14:52.790+0000] {dag.py:3441} INFO - Setting next_dagrun for dataset_consumes_1_never_scheduled to None, run_after=None
[2023-10-25T10:14:52.791+0000] {logging_mixin.py:137} INFO - [2023-10-25T10:14:52.791+0000] {dag.py:3441} INFO - Setting next_dagrun for dataset_consumes_unknown_never_scheduled to None, run_after=None
[2023-10-25T10:14:52.792+0000] {logging_mixin.py:137} INFO - [2023-10-25T10:14:52.792+0000] {dag.py:3441} INFO - Setting next_dagrun for dataset_produces_1 to 2023-10-24T00:00:00+00:00, run_after=2023-10-25T00:00:00+00:00
[2023-10-25T10:14:52.793+0000] {logging_mixin.py:137} INFO - [2023-10-25T10:14:52.792+0000] {dag.py:3441} INFO - Setting next_dagrun for dataset_produces_2 to None, run_after=None
[2023-10-25T10:14:52.807+0000] {processor.py:175} INFO - Processing /home/airflow/.local/lib/python3.7/site-packages/airflow/example_dags/example_datasets.py took 0.067 seconds
[2023-10-25T11:37:57.474+0000] {processor.py:153} INFO - Started process (PID=41883) to work on /home/airflow/.local/lib/python3.7/site-packages/airflow/example_dags/example_datasets.py
[2023-10-25T11:37:57.475+0000] {processor.py:743} INFO - Processing file /home/airflow/.local/lib/python3.7/site-packages/airflow/example_dags/example_datasets.py for tasks to queue
[2023-10-25T11:37:57.475+0000] {logging_mixin.py:137} INFO - [2023-10-25T11:37:57.475+0000] {dagbag.py:538} INFO - Filling up the DagBag from /home/airflow/.local/lib/python3.7/site-packages/airflow/example_dags/example_datasets.py
[2023-10-25T11:37:57.484+0000] {processor.py:753} INFO - DAG(s) dict_keys(['dataset_consumes_1_never_scheduled', 'dataset_consumes_1', 'dataset_produces_1', 'dataset_produces_2', 'dataset_consumes_unknown_never_scheduled', 'dataset_consumes_1_and_2']) retrieved from /home/airflow/.local/lib/python3.7/site-packages/airflow/example_dags/example_datasets.py
[2023-10-25T11:37:57.505+0000] {logging_mixin.py:137} INFO - [2023-10-25T11:37:57.505+0000] {dag.py:2690} INFO - Sync 6 DAGs
[2023-10-25T11:37:57.519+0000] {logging_mixin.py:137} INFO - [2023-10-25T11:37:57.519+0000] {dag.py:3441} INFO - Setting next_dagrun for dataset_consumes_1 to None, run_after=None
[2023-10-25T11:37:57.520+0000] {logging_mixin.py:137} INFO - [2023-10-25T11:37:57.520+0000] {dag.py:3441} INFO - Setting next_dagrun for dataset_consumes_1_and_2 to None, run_after=None
[2023-10-25T11:37:57.521+0000] {logging_mixin.py:137} INFO - [2023-10-25T11:37:57.521+0000] {dag.py:3441} INFO - Setting next_dagrun for dataset_consumes_1_never_scheduled to None, run_after=None
[2023-10-25T11:37:57.522+0000] {logging_mixin.py:137} INFO - [2023-10-25T11:37:57.522+0000] {dag.py:3441} INFO - Setting next_dagrun for dataset_consumes_unknown_never_scheduled to None, run_after=None
[2023-10-25T11:37:57.523+0000] {logging_mixin.py:137} INFO - [2023-10-25T11:37:57.523+0000] {dag.py:3441} INFO - Setting next_dagrun for dataset_produces_1 to 2023-10-24T00:00:00+00:00, run_after=2023-10-25T00:00:00+00:00
[2023-10-25T11:37:57.523+0000] {logging_mixin.py:137} INFO - [2023-10-25T11:37:57.523+0000] {dag.py:3441} INFO - Setting next_dagrun for dataset_produces_2 to None, run_after=None
[2023-10-25T11:37:57.538+0000] {processor.py:175} INFO - Processing /home/airflow/.local/lib/python3.7/site-packages/airflow/example_dags/example_datasets.py took 0.066 seconds
[2023-10-25T13:17:57.214+0000] {processor.py:153} INFO - Started process (PID=41959) to work on /home/airflow/.local/lib/python3.7/site-packages/airflow/example_dags/example_datasets.py
[2023-10-25T13:17:57.215+0000] {processor.py:743} INFO - Processing file /home/airflow/.local/lib/python3.7/site-packages/airflow/example_dags/example_datasets.py for tasks to queue
[2023-10-25T13:17:57.215+0000] {logging_mixin.py:137} INFO - [2023-10-25T13:17:57.215+0000] {dagbag.py:538} INFO - Filling up the DagBag from /home/airflow/.local/lib/python3.7/site-packages/airflow/example_dags/example_datasets.py
[2023-10-25T13:17:57.225+0000] {processor.py:753} INFO - DAG(s) dict_keys(['dataset_consumes_1_never_scheduled', 'dataset_consumes_unknown_never_scheduled', 'dataset_produces_2', 'dataset_produces_1', 'dataset_consumes_1_and_2', 'dataset_consumes_1']) retrieved from /home/airflow/.local/lib/python3.7/site-packages/airflow/example_dags/example_datasets.py
[2023-10-25T13:17:57.243+0000] {logging_mixin.py:137} INFO - [2023-10-25T13:17:57.243+0000] {dag.py:2690} INFO - Sync 6 DAGs
[2023-10-25T13:17:57.255+0000] {logging_mixin.py:137} INFO - [2023-10-25T13:17:57.255+0000] {dag.py:3441} INFO - Setting next_dagrun for dataset_consumes_1 to None, run_after=None
[2023-10-25T13:17:57.256+0000] {logging_mixin.py:137} INFO - [2023-10-25T13:17:57.256+0000] {dag.py:3441} INFO - Setting next_dagrun for dataset_consumes_1_and_2 to None, run_after=None
[2023-10-25T13:17:57.257+0000] {logging_mixin.py:137} INFO - [2023-10-25T13:17:57.257+0000] {dag.py:3441} INFO - Setting next_dagrun for dataset_consumes_1_never_scheduled to None, run_after=None
[2023-10-25T13:17:57.257+0000] {logging_mixin.py:137} INFO - [2023-10-25T13:17:57.257+0000] {dag.py:3441} INFO - Setting next_dagrun for dataset_consumes_unknown_never_scheduled to None, run_after=None
[2023-10-25T13:17:57.258+0000] {logging_mixin.py:137} INFO - [2023-10-25T13:17:57.258+0000] {dag.py:3441} INFO - Setting next_dagrun for dataset_produces_1 to 2023-10-24T00:00:00+00:00, run_after=2023-10-25T00:00:00+00:00
[2023-10-25T13:17:57.259+0000] {logging_mixin.py:137} INFO - [2023-10-25T13:17:57.259+0000] {dag.py:3441} INFO - Setting next_dagrun for dataset_produces_2 to None, run_after=None
[2023-10-25T13:17:57.273+0000] {processor.py:175} INFO - Processing /home/airflow/.local/lib/python3.7/site-packages/airflow/example_dags/example_datasets.py took 0.060 seconds
[2023-10-25T14:32:18.206+0000] {processor.py:153} INFO - Started process (PID=42053) to work on /home/airflow/.local/lib/python3.7/site-packages/airflow/example_dags/example_datasets.py
[2023-10-25T14:32:18.206+0000] {processor.py:743} INFO - Processing file /home/airflow/.local/lib/python3.7/site-packages/airflow/example_dags/example_datasets.py for tasks to queue
[2023-10-25T14:32:18.207+0000] {logging_mixin.py:137} INFO - [2023-10-25T14:32:18.206+0000] {dagbag.py:538} INFO - Filling up the DagBag from /home/airflow/.local/lib/python3.7/site-packages/airflow/example_dags/example_datasets.py
[2023-10-25T14:32:18.216+0000] {processor.py:753} INFO - DAG(s) dict_keys(['dataset_consumes_1', 'dataset_consumes_1_and_2', 'dataset_consumes_unknown_never_scheduled', 'dataset_produces_2', 'dataset_consumes_1_never_scheduled', 'dataset_produces_1']) retrieved from /home/airflow/.local/lib/python3.7/site-packages/airflow/example_dags/example_datasets.py
[2023-10-25T14:32:18.234+0000] {logging_mixin.py:137} INFO - [2023-10-25T14:32:18.234+0000] {dag.py:2690} INFO - Sync 6 DAGs
[2023-10-25T14:32:18.247+0000] {logging_mixin.py:137} INFO - [2023-10-25T14:32:18.247+0000] {dag.py:3441} INFO - Setting next_dagrun for dataset_consumes_1 to None, run_after=None
[2023-10-25T14:32:18.248+0000] {logging_mixin.py:137} INFO - [2023-10-25T14:32:18.248+0000] {dag.py:3441} INFO - Setting next_dagrun for dataset_consumes_1_and_2 to None, run_after=None
[2023-10-25T14:32:18.249+0000] {logging_mixin.py:137} INFO - [2023-10-25T14:32:18.249+0000] {dag.py:3441} INFO - Setting next_dagrun for dataset_consumes_1_never_scheduled to None, run_after=None
[2023-10-25T14:32:18.250+0000] {logging_mixin.py:137} INFO - [2023-10-25T14:32:18.249+0000] {dag.py:3441} INFO - Setting next_dagrun for dataset_consumes_unknown_never_scheduled to None, run_after=None
[2023-10-25T14:32:18.251+0000] {logging_mixin.py:137} INFO - [2023-10-25T14:32:18.251+0000] {dag.py:3441} INFO - Setting next_dagrun for dataset_produces_1 to 2023-10-24T00:00:00+00:00, run_after=2023-10-25T00:00:00+00:00
[2023-10-25T14:32:18.251+0000] {logging_mixin.py:137} INFO - [2023-10-25T14:32:18.251+0000] {dag.py:3441} INFO - Setting next_dagrun for dataset_produces_2 to None, run_after=None
[2023-10-25T14:32:18.265+0000] {processor.py:175} INFO - Processing /home/airflow/.local/lib/python3.7/site-packages/airflow/example_dags/example_datasets.py took 0.061 seconds
[2023-10-25T15:55:11.683+0000] {processor.py:153} INFO - Started process (PID=42146) to work on /home/airflow/.local/lib/python3.7/site-packages/airflow/example_dags/example_datasets.py
[2023-10-25T15:55:11.684+0000] {processor.py:743} INFO - Processing file /home/airflow/.local/lib/python3.7/site-packages/airflow/example_dags/example_datasets.py for tasks to queue
[2023-10-25T15:55:11.684+0000] {logging_mixin.py:137} INFO - [2023-10-25T15:55:11.684+0000] {dagbag.py:538} INFO - Filling up the DagBag from /home/airflow/.local/lib/python3.7/site-packages/airflow/example_dags/example_datasets.py
[2023-10-25T15:55:11.695+0000] {processor.py:753} INFO - DAG(s) dict_keys(['dataset_consumes_unknown_never_scheduled', 'dataset_produces_2', 'dataset_produces_1', 'dataset_consumes_1_never_scheduled', 'dataset_consumes_1', 'dataset_consumes_1_and_2']) retrieved from /home/airflow/.local/lib/python3.7/site-packages/airflow/example_dags/example_datasets.py
[2023-10-25T15:55:11.716+0000] {logging_mixin.py:137} INFO - [2023-10-25T15:55:11.716+0000] {dag.py:2690} INFO - Sync 6 DAGs
[2023-10-25T15:55:11.732+0000] {logging_mixin.py:137} INFO - [2023-10-25T15:55:11.732+0000] {dag.py:3441} INFO - Setting next_dagrun for dataset_consumes_1 to None, run_after=None
[2023-10-25T15:55:11.733+0000] {logging_mixin.py:137} INFO - [2023-10-25T15:55:11.733+0000] {dag.py:3441} INFO - Setting next_dagrun for dataset_consumes_1_and_2 to None, run_after=None
[2023-10-25T15:55:11.734+0000] {logging_mixin.py:137} INFO - [2023-10-25T15:55:11.734+0000] {dag.py:3441} INFO - Setting next_dagrun for dataset_consumes_1_never_scheduled to None, run_after=None
[2023-10-25T15:55:11.735+0000] {logging_mixin.py:137} INFO - [2023-10-25T15:55:11.735+0000] {dag.py:3441} INFO - Setting next_dagrun for dataset_consumes_unknown_never_scheduled to None, run_after=None
[2023-10-25T15:55:11.736+0000] {logging_mixin.py:137} INFO - [2023-10-25T15:55:11.736+0000] {dag.py:3441} INFO - Setting next_dagrun for dataset_produces_1 to 2023-10-24T00:00:00+00:00, run_after=2023-10-25T00:00:00+00:00
[2023-10-25T15:55:11.737+0000] {logging_mixin.py:137} INFO - [2023-10-25T15:55:11.737+0000] {dag.py:3441} INFO - Setting next_dagrun for dataset_produces_2 to None, run_after=None
[2023-10-25T15:55:11.753+0000] {processor.py:175} INFO - Processing /home/airflow/.local/lib/python3.7/site-packages/airflow/example_dags/example_datasets.py took 0.072 seconds
[2023-10-25T17:35:09.539+0000] {processor.py:153} INFO - Started process (PID=42222) to work on /home/airflow/.local/lib/python3.7/site-packages/airflow/example_dags/example_datasets.py
[2023-10-25T17:35:09.540+0000] {processor.py:743} INFO - Processing file /home/airflow/.local/lib/python3.7/site-packages/airflow/example_dags/example_datasets.py for tasks to queue
[2023-10-25T17:35:09.540+0000] {logging_mixin.py:137} INFO - [2023-10-25T17:35:09.540+0000] {dagbag.py:538} INFO - Filling up the DagBag from /home/airflow/.local/lib/python3.7/site-packages/airflow/example_dags/example_datasets.py
[2023-10-25T17:35:09.550+0000] {processor.py:753} INFO - DAG(s) dict_keys(['dataset_consumes_1', 'dataset_produces_2', 'dataset_consumes_unknown_never_scheduled', 'dataset_consumes_1_and_2', 'dataset_produces_1', 'dataset_consumes_1_never_scheduled']) retrieved from /home/airflow/.local/lib/python3.7/site-packages/airflow/example_dags/example_datasets.py
[2023-10-25T17:35:09.569+0000] {logging_mixin.py:137} INFO - [2023-10-25T17:35:09.569+0000] {dag.py:2690} INFO - Sync 6 DAGs
[2023-10-25T17:35:09.582+0000] {logging_mixin.py:137} INFO - [2023-10-25T17:35:09.582+0000] {dag.py:3441} INFO - Setting next_dagrun for dataset_consumes_1 to None, run_after=None
[2023-10-25T17:35:09.584+0000] {logging_mixin.py:137} INFO - [2023-10-25T17:35:09.583+0000] {dag.py:3441} INFO - Setting next_dagrun for dataset_consumes_1_and_2 to None, run_after=None
[2023-10-25T17:35:09.584+0000] {logging_mixin.py:137} INFO - [2023-10-25T17:35:09.584+0000] {dag.py:3441} INFO - Setting next_dagrun for dataset_consumes_1_never_scheduled to None, run_after=None
[2023-10-25T17:35:09.585+0000] {logging_mixin.py:137} INFO - [2023-10-25T17:35:09.585+0000] {dag.py:3441} INFO - Setting next_dagrun for dataset_consumes_unknown_never_scheduled to None, run_after=None
[2023-10-25T17:35:09.586+0000] {logging_mixin.py:137} INFO - [2023-10-25T17:35:09.586+0000] {dag.py:3441} INFO - Setting next_dagrun for dataset_produces_1 to 2023-10-24T00:00:00+00:00, run_after=2023-10-25T00:00:00+00:00
[2023-10-25T17:35:09.587+0000] {logging_mixin.py:137} INFO - [2023-10-25T17:35:09.587+0000] {dag.py:3441} INFO - Setting next_dagrun for dataset_produces_2 to None, run_after=None
[2023-10-25T17:35:09.601+0000] {processor.py:175} INFO - Processing /home/airflow/.local/lib/python3.7/site-packages/airflow/example_dags/example_datasets.py took 0.064 seconds
[2023-10-25T18:42:54.023+0000] {processor.py:153} INFO - Started process (PID=42316) to work on /home/airflow/.local/lib/python3.7/site-packages/airflow/example_dags/example_datasets.py
[2023-10-25T18:42:54.023+0000] {processor.py:743} INFO - Processing file /home/airflow/.local/lib/python3.7/site-packages/airflow/example_dags/example_datasets.py for tasks to queue
[2023-10-25T18:42:54.024+0000] {logging_mixin.py:137} INFO - [2023-10-25T18:42:54.024+0000] {dagbag.py:538} INFO - Filling up the DagBag from /home/airflow/.local/lib/python3.7/site-packages/airflow/example_dags/example_datasets.py
[2023-10-25T18:42:54.032+0000] {processor.py:753} INFO - DAG(s) dict_keys(['dataset_produces_1', 'dataset_produces_2', 'dataset_consumes_unknown_never_scheduled', 'dataset_consumes_1_and_2', 'dataset_consumes_1', 'dataset_consumes_1_never_scheduled']) retrieved from /home/airflow/.local/lib/python3.7/site-packages/airflow/example_dags/example_datasets.py
[2023-10-25T18:42:54.051+0000] {logging_mixin.py:137} INFO - [2023-10-25T18:42:54.051+0000] {dag.py:2690} INFO - Sync 6 DAGs
[2023-10-25T18:42:54.064+0000] {logging_mixin.py:137} INFO - [2023-10-25T18:42:54.063+0000] {dag.py:3441} INFO - Setting next_dagrun for dataset_consumes_1 to None, run_after=None
[2023-10-25T18:42:54.065+0000] {logging_mixin.py:137} INFO - [2023-10-25T18:42:54.065+0000] {dag.py:3441} INFO - Setting next_dagrun for dataset_consumes_1_and_2 to None, run_after=None
[2023-10-25T18:42:54.066+0000] {logging_mixin.py:137} INFO - [2023-10-25T18:42:54.066+0000] {dag.py:3441} INFO - Setting next_dagrun for dataset_consumes_1_never_scheduled to None, run_after=None
[2023-10-25T18:42:54.066+0000] {logging_mixin.py:137} INFO - [2023-10-25T18:42:54.066+0000] {dag.py:3441} INFO - Setting next_dagrun for dataset_consumes_unknown_never_scheduled to None, run_after=None
[2023-10-25T18:42:54.067+0000] {logging_mixin.py:137} INFO - [2023-10-25T18:42:54.067+0000] {dag.py:3441} INFO - Setting next_dagrun for dataset_produces_1 to 2023-10-24T00:00:00+00:00, run_after=2023-10-25T00:00:00+00:00
[2023-10-25T18:42:54.068+0000] {logging_mixin.py:137} INFO - [2023-10-25T18:42:54.068+0000] {dag.py:3441} INFO - Setting next_dagrun for dataset_produces_2 to None, run_after=None
[2023-10-25T18:42:54.081+0000] {processor.py:175} INFO - Processing /home/airflow/.local/lib/python3.7/site-packages/airflow/example_dags/example_datasets.py took 0.060 seconds
[2023-10-25T18:43:24.818+0000] {processor.py:153} INFO - Started process (PID=42410) to work on /home/airflow/.local/lib/python3.7/site-packages/airflow/example_dags/example_datasets.py
[2023-10-25T18:43:24.818+0000] {processor.py:743} INFO - Processing file /home/airflow/.local/lib/python3.7/site-packages/airflow/example_dags/example_datasets.py for tasks to queue
[2023-10-25T18:43:24.819+0000] {logging_mixin.py:137} INFO - [2023-10-25T18:43:24.819+0000] {dagbag.py:538} INFO - Filling up the DagBag from /home/airflow/.local/lib/python3.7/site-packages/airflow/example_dags/example_datasets.py
[2023-10-25T18:43:24.828+0000] {processor.py:753} INFO - DAG(s) dict_keys(['dataset_consumes_1_and_2', 'dataset_consumes_1_never_scheduled', 'dataset_produces_1', 'dataset_produces_2', 'dataset_consumes_1', 'dataset_consumes_unknown_never_scheduled']) retrieved from /home/airflow/.local/lib/python3.7/site-packages/airflow/example_dags/example_datasets.py
[2023-10-25T18:43:24.847+0000] {logging_mixin.py:137} INFO - [2023-10-25T18:43:24.847+0000] {dag.py:2690} INFO - Sync 6 DAGs
[2023-10-25T18:43:24.859+0000] {logging_mixin.py:137} INFO - [2023-10-25T18:43:24.859+0000] {dag.py:3441} INFO - Setting next_dagrun for dataset_consumes_1 to None, run_after=None
[2023-10-25T18:43:24.861+0000] {logging_mixin.py:137} INFO - [2023-10-25T18:43:24.861+0000] {dag.py:3441} INFO - Setting next_dagrun for dataset_consumes_1_and_2 to None, run_after=None
[2023-10-25T18:43:24.862+0000] {logging_mixin.py:137} INFO - [2023-10-25T18:43:24.861+0000] {dag.py:3441} INFO - Setting next_dagrun for dataset_consumes_1_never_scheduled to None, run_after=None
[2023-10-25T18:43:24.862+0000] {logging_mixin.py:137} INFO - [2023-10-25T18:43:24.862+0000] {dag.py:3441} INFO - Setting next_dagrun for dataset_consumes_unknown_never_scheduled to None, run_after=None
[2023-10-25T18:43:24.863+0000] {logging_mixin.py:137} INFO - [2023-10-25T18:43:24.863+0000] {dag.py:3441} INFO - Setting next_dagrun for dataset_produces_1 to 2023-10-24T00:00:00+00:00, run_after=2023-10-25T00:00:00+00:00
[2023-10-25T18:43:24.864+0000] {logging_mixin.py:137} INFO - [2023-10-25T18:43:24.864+0000] {dag.py:3441} INFO - Setting next_dagrun for dataset_produces_2 to None, run_after=None
[2023-10-25T18:43:24.878+0000] {processor.py:175} INFO - Processing /home/airflow/.local/lib/python3.7/site-packages/airflow/example_dags/example_datasets.py took 0.062 seconds
[2023-10-25T19:18:44.204+0000] {processor.py:153} INFO - Started process (PID=42486) to work on /home/airflow/.local/lib/python3.7/site-packages/airflow/example_dags/example_datasets.py
[2023-10-25T19:18:44.205+0000] {processor.py:743} INFO - Processing file /home/airflow/.local/lib/python3.7/site-packages/airflow/example_dags/example_datasets.py for tasks to queue
[2023-10-25T19:18:44.205+0000] {logging_mixin.py:137} INFO - [2023-10-25T19:18:44.205+0000] {dagbag.py:538} INFO - Filling up the DagBag from /home/airflow/.local/lib/python3.7/site-packages/airflow/example_dags/example_datasets.py
[2023-10-25T19:18:44.217+0000] {processor.py:753} INFO - DAG(s) dict_keys(['dataset_produces_2', 'dataset_consumes_1_and_2', 'dataset_consumes_1_never_scheduled', 'dataset_consumes_1', 'dataset_consumes_unknown_never_scheduled', 'dataset_produces_1']) retrieved from /home/airflow/.local/lib/python3.7/site-packages/airflow/example_dags/example_datasets.py
[2023-10-25T19:18:44.244+0000] {logging_mixin.py:137} INFO - [2023-10-25T19:18:44.244+0000] {dag.py:2690} INFO - Sync 6 DAGs
[2023-10-25T19:18:44.258+0000] {logging_mixin.py:137} INFO - [2023-10-25T19:18:44.258+0000] {dag.py:3441} INFO - Setting next_dagrun for dataset_consumes_1 to None, run_after=None
[2023-10-25T19:18:44.260+0000] {logging_mixin.py:137} INFO - [2023-10-25T19:18:44.260+0000] {dag.py:3441} INFO - Setting next_dagrun for dataset_consumes_1_and_2 to None, run_after=None
[2023-10-25T19:18:44.261+0000] {logging_mixin.py:137} INFO - [2023-10-25T19:18:44.261+0000] {dag.py:3441} INFO - Setting next_dagrun for dataset_consumes_1_never_scheduled to None, run_after=None
[2023-10-25T19:18:44.261+0000] {logging_mixin.py:137} INFO - [2023-10-25T19:18:44.261+0000] {dag.py:3441} INFO - Setting next_dagrun for dataset_consumes_unknown_never_scheduled to None, run_after=None
[2023-10-25T19:18:44.262+0000] {logging_mixin.py:137} INFO - [2023-10-25T19:18:44.262+0000] {dag.py:3441} INFO - Setting next_dagrun for dataset_produces_1 to 2023-10-24T00:00:00+00:00, run_after=2023-10-25T00:00:00+00:00
[2023-10-25T19:18:44.263+0000] {logging_mixin.py:137} INFO - [2023-10-25T19:18:44.263+0000] {dag.py:3441} INFO - Setting next_dagrun for dataset_produces_2 to None, run_after=None
[2023-10-25T19:18:44.279+0000] {processor.py:175} INFO - Processing /home/airflow/.local/lib/python3.7/site-packages/airflow/example_dags/example_datasets.py took 0.078 seconds
[2023-10-25T20:25:21.800+0000] {processor.py:153} INFO - Started process (PID=42580) to work on /home/airflow/.local/lib/python3.7/site-packages/airflow/example_dags/example_datasets.py
[2023-10-25T20:25:21.800+0000] {processor.py:743} INFO - Processing file /home/airflow/.local/lib/python3.7/site-packages/airflow/example_dags/example_datasets.py for tasks to queue
[2023-10-25T20:25:21.801+0000] {logging_mixin.py:137} INFO - [2023-10-25T20:25:21.801+0000] {dagbag.py:538} INFO - Filling up the DagBag from /home/airflow/.local/lib/python3.7/site-packages/airflow/example_dags/example_datasets.py
[2023-10-25T20:25:21.810+0000] {processor.py:753} INFO - DAG(s) dict_keys(['dataset_consumes_unknown_never_scheduled', 'dataset_consumes_1', 'dataset_consumes_1_and_2', 'dataset_produces_2', 'dataset_produces_1', 'dataset_consumes_1_never_scheduled']) retrieved from /home/airflow/.local/lib/python3.7/site-packages/airflow/example_dags/example_datasets.py
[2023-10-25T20:25:21.830+0000] {logging_mixin.py:137} INFO - [2023-10-25T20:25:21.830+0000] {dag.py:2690} INFO - Sync 6 DAGs
[2023-10-25T20:25:21.843+0000] {logging_mixin.py:137} INFO - [2023-10-25T20:25:21.843+0000] {dag.py:3441} INFO - Setting next_dagrun for dataset_consumes_1 to None, run_after=None
[2023-10-25T20:25:21.845+0000] {logging_mixin.py:137} INFO - [2023-10-25T20:25:21.845+0000] {dag.py:3441} INFO - Setting next_dagrun for dataset_consumes_1_and_2 to None, run_after=None
[2023-10-25T20:25:21.846+0000] {logging_mixin.py:137} INFO - [2023-10-25T20:25:21.846+0000] {dag.py:3441} INFO - Setting next_dagrun for dataset_consumes_1_never_scheduled to None, run_after=None
[2023-10-25T20:25:21.847+0000] {logging_mixin.py:137} INFO - [2023-10-25T20:25:21.847+0000] {dag.py:3441} INFO - Setting next_dagrun for dataset_consumes_unknown_never_scheduled to None, run_after=None
[2023-10-25T20:25:21.848+0000] {logging_mixin.py:137} INFO - [2023-10-25T20:25:21.848+0000] {dag.py:3441} INFO - Setting next_dagrun for dataset_produces_1 to 2023-10-24T00:00:00+00:00, run_after=2023-10-25T00:00:00+00:00
[2023-10-25T20:25:21.849+0000] {logging_mixin.py:137} INFO - [2023-10-25T20:25:21.849+0000] {dag.py:3441} INFO - Setting next_dagrun for dataset_produces_2 to None, run_after=None
[2023-10-25T20:25:21.864+0000] {processor.py:175} INFO - Processing /home/airflow/.local/lib/python3.7/site-packages/airflow/example_dags/example_datasets.py took 0.066 seconds
[2023-10-25T21:36:24.378+0000] {processor.py:153} INFO - Started process (PID=42674) to work on /home/airflow/.local/lib/python3.7/site-packages/airflow/example_dags/example_datasets.py
[2023-10-25T21:36:24.379+0000] {processor.py:743} INFO - Processing file /home/airflow/.local/lib/python3.7/site-packages/airflow/example_dags/example_datasets.py for tasks to queue
[2023-10-25T21:36:24.379+0000] {logging_mixin.py:137} INFO - [2023-10-25T21:36:24.379+0000] {dagbag.py:538} INFO - Filling up the DagBag from /home/airflow/.local/lib/python3.7/site-packages/airflow/example_dags/example_datasets.py
[2023-10-25T21:36:24.388+0000] {processor.py:753} INFO - DAG(s) dict_keys(['dataset_produces_1', 'dataset_produces_2', 'dataset_consumes_1_and_2', 'dataset_consumes_1', 'dataset_consumes_unknown_never_scheduled', 'dataset_consumes_1_never_scheduled']) retrieved from /home/airflow/.local/lib/python3.7/site-packages/airflow/example_dags/example_datasets.py
[2023-10-25T21:36:24.408+0000] {logging_mixin.py:137} INFO - [2023-10-25T21:36:24.408+0000] {dag.py:2690} INFO - Sync 6 DAGs
[2023-10-25T21:36:24.422+0000] {logging_mixin.py:137} INFO - [2023-10-25T21:36:24.422+0000] {dag.py:3441} INFO - Setting next_dagrun for dataset_consumes_1 to None, run_after=None
[2023-10-25T21:36:24.423+0000] {logging_mixin.py:137} INFO - [2023-10-25T21:36:24.423+0000] {dag.py:3441} INFO - Setting next_dagrun for dataset_consumes_1_and_2 to None, run_after=None
[2023-10-25T21:36:24.424+0000] {logging_mixin.py:137} INFO - [2023-10-25T21:36:24.424+0000] {dag.py:3441} INFO - Setting next_dagrun for dataset_consumes_1_never_scheduled to None, run_after=None
[2023-10-25T21:36:24.425+0000] {logging_mixin.py:137} INFO - [2023-10-25T21:36:24.425+0000] {dag.py:3441} INFO - Setting next_dagrun for dataset_consumes_unknown_never_scheduled to None, run_after=None
[2023-10-25T21:36:24.426+0000] {logging_mixin.py:137} INFO - [2023-10-25T21:36:24.426+0000] {dag.py:3441} INFO - Setting next_dagrun for dataset_produces_1 to 2023-10-24T00:00:00+00:00, run_after=2023-10-25T00:00:00+00:00
[2023-10-25T21:36:24.426+0000] {logging_mixin.py:137} INFO - [2023-10-25T21:36:24.426+0000] {dag.py:3441} INFO - Setting next_dagrun for dataset_produces_2 to None, run_after=None
[2023-10-25T21:36:24.442+0000] {processor.py:175} INFO - Processing /home/airflow/.local/lib/python3.7/site-packages/airflow/example_dags/example_datasets.py took 0.066 seconds
[2023-10-25T22:31:16.936+0000] {processor.py:153} INFO - Started process (PID=42750) to work on /home/airflow/.local/lib/python3.7/site-packages/airflow/example_dags/example_datasets.py
[2023-10-25T22:31:16.936+0000] {processor.py:743} INFO - Processing file /home/airflow/.local/lib/python3.7/site-packages/airflow/example_dags/example_datasets.py for tasks to queue
[2023-10-25T22:31:16.937+0000] {logging_mixin.py:137} INFO - [2023-10-25T22:31:16.937+0000] {dagbag.py:538} INFO - Filling up the DagBag from /home/airflow/.local/lib/python3.7/site-packages/airflow/example_dags/example_datasets.py
[2023-10-25T22:31:16.947+0000] {processor.py:753} INFO - DAG(s) dict_keys(['dataset_consumes_unknown_never_scheduled', 'dataset_produces_2', 'dataset_consumes_1_and_2', 'dataset_consumes_1', 'dataset_consumes_1_never_scheduled', 'dataset_produces_1']) retrieved from /home/airflow/.local/lib/python3.7/site-packages/airflow/example_dags/example_datasets.py
[2023-10-25T22:31:16.967+0000] {logging_mixin.py:137} INFO - [2023-10-25T22:31:16.967+0000] {dag.py:2690} INFO - Sync 6 DAGs
[2023-10-25T22:31:16.979+0000] {logging_mixin.py:137} INFO - [2023-10-25T22:31:16.979+0000] {dag.py:3441} INFO - Setting next_dagrun for dataset_consumes_1 to None, run_after=None
[2023-10-25T22:31:16.981+0000] {logging_mixin.py:137} INFO - [2023-10-25T22:31:16.981+0000] {dag.py:3441} INFO - Setting next_dagrun for dataset_consumes_1_and_2 to None, run_after=None
[2023-10-25T22:31:16.982+0000] {logging_mixin.py:137} INFO - [2023-10-25T22:31:16.981+0000] {dag.py:3441} INFO - Setting next_dagrun for dataset_consumes_1_never_scheduled to None, run_after=None
[2023-10-25T22:31:16.982+0000] {logging_mixin.py:137} INFO - [2023-10-25T22:31:16.982+0000] {dag.py:3441} INFO - Setting next_dagrun for dataset_consumes_unknown_never_scheduled to None, run_after=None
[2023-10-25T22:31:16.983+0000] {logging_mixin.py:137} INFO - [2023-10-25T22:31:16.983+0000] {dag.py:3441} INFO - Setting next_dagrun for dataset_produces_1 to 2023-10-24T00:00:00+00:00, run_after=2023-10-25T00:00:00+00:00
[2023-10-25T22:31:16.984+0000] {logging_mixin.py:137} INFO - [2023-10-25T22:31:16.984+0000] {dag.py:3441} INFO - Setting next_dagrun for dataset_produces_2 to None, run_after=None
[2023-10-25T22:31:16.998+0000] {processor.py:175} INFO - Processing /home/airflow/.local/lib/python3.7/site-packages/airflow/example_dags/example_datasets.py took 0.064 seconds
[2023-10-25T23:53:43.568+0000] {processor.py:153} INFO - Started process (PID=42844) to work on /home/airflow/.local/lib/python3.7/site-packages/airflow/example_dags/example_datasets.py
[2023-10-25T23:53:43.568+0000] {processor.py:743} INFO - Processing file /home/airflow/.local/lib/python3.7/site-packages/airflow/example_dags/example_datasets.py for tasks to queue
[2023-10-25T23:53:43.569+0000] {logging_mixin.py:137} INFO - [2023-10-25T23:53:43.569+0000] {dagbag.py:538} INFO - Filling up the DagBag from /home/airflow/.local/lib/python3.7/site-packages/airflow/example_dags/example_datasets.py
[2023-10-25T23:53:43.578+0000] {processor.py:753} INFO - DAG(s) dict_keys(['dataset_consumes_1_never_scheduled', 'dataset_produces_1', 'dataset_consumes_unknown_never_scheduled', 'dataset_consumes_1_and_2', 'dataset_consumes_1', 'dataset_produces_2']) retrieved from /home/airflow/.local/lib/python3.7/site-packages/airflow/example_dags/example_datasets.py
[2023-10-25T23:53:43.598+0000] {logging_mixin.py:137} INFO - [2023-10-25T23:53:43.597+0000] {dag.py:2690} INFO - Sync 6 DAGs
[2023-10-25T23:53:43.610+0000] {logging_mixin.py:137} INFO - [2023-10-25T23:53:43.610+0000] {dag.py:3441} INFO - Setting next_dagrun for dataset_consumes_1 to None, run_after=None
[2023-10-25T23:53:43.612+0000] {logging_mixin.py:137} INFO - [2023-10-25T23:53:43.611+0000] {dag.py:3441} INFO - Setting next_dagrun for dataset_consumes_1_and_2 to None, run_after=None
[2023-10-25T23:53:43.612+0000] {logging_mixin.py:137} INFO - [2023-10-25T23:53:43.612+0000] {dag.py:3441} INFO - Setting next_dagrun for dataset_consumes_1_never_scheduled to None, run_after=None
[2023-10-25T23:53:43.613+0000] {logging_mixin.py:137} INFO - [2023-10-25T23:53:43.613+0000] {dag.py:3441} INFO - Setting next_dagrun for dataset_consumes_unknown_never_scheduled to None, run_after=None
[2023-10-25T23:53:43.614+0000] {logging_mixin.py:137} INFO - [2023-10-25T23:53:43.614+0000] {dag.py:3441} INFO - Setting next_dagrun for dataset_produces_1 to 2023-10-24T00:00:00+00:00, run_after=2023-10-25T00:00:00+00:00
[2023-10-25T23:53:43.615+0000] {logging_mixin.py:137} INFO - [2023-10-25T23:53:43.615+0000] {dag.py:3441} INFO - Setting next_dagrun for dataset_produces_2 to None, run_after=None
[2023-10-25T23:53:43.630+0000] {processor.py:175} INFO - Processing /home/airflow/.local/lib/python3.7/site-packages/airflow/example_dags/example_datasets.py took 0.064 seconds
