[2023-10-25T01:12:50.547+0000] {processor.py:153} INFO - Started process (PID=41234) to work on /home/airflow/.local/lib/python3.7/site-packages/airflow/example_dags/example_external_task_marker_dag.py
[2023-10-25T01:12:50.548+0000] {processor.py:743} INFO - Processing file /home/airflow/.local/lib/python3.7/site-packages/airflow/example_dags/example_external_task_marker_dag.py for tasks to queue
[2023-10-25T01:12:50.548+0000] {logging_mixin.py:137} INFO - [2023-10-25T01:12:50.548+0000] {dagbag.py:538} INFO - Filling up the DagBag from /home/airflow/.local/lib/python3.7/site-packages/airflow/example_dags/example_external_task_marker_dag.py
[2023-10-25T01:12:50.558+0000] {processor.py:753} INFO - DAG(s) dict_keys(['example_external_task_marker_parent', 'example_external_task_marker_child']) retrieved from /home/airflow/.local/lib/python3.7/site-packages/airflow/example_dags/example_external_task_marker_dag.py
[2023-10-25T01:12:50.585+0000] {logging_mixin.py:137} INFO - [2023-10-25T01:12:50.584+0000] {dag.py:2690} INFO - Sync 2 DAGs
[2023-10-25T01:12:50.630+0000] {logging_mixin.py:137} INFO - [2023-10-25T01:12:50.630+0000] {dag.py:3441} INFO - Setting next_dagrun for example_external_task_marker_child to None, run_after=None
[2023-10-25T01:12:50.635+0000] {logging_mixin.py:137} INFO - [2023-10-25T01:12:50.635+0000] {dag.py:3441} INFO - Setting next_dagrun for example_external_task_marker_parent to None, run_after=None
[2023-10-25T01:12:50.666+0000] {processor.py:175} INFO - Processing /home/airflow/.local/lib/python3.7/site-packages/airflow/example_dags/example_external_task_marker_dag.py took 0.121 seconds
[2023-10-25T02:33:36.581+0000] {processor.py:153} INFO - Started process (PID=41310) to work on /home/airflow/.local/lib/python3.7/site-packages/airflow/example_dags/example_external_task_marker_dag.py
[2023-10-25T02:33:36.581+0000] {processor.py:743} INFO - Processing file /home/airflow/.local/lib/python3.7/site-packages/airflow/example_dags/example_external_task_marker_dag.py for tasks to queue
[2023-10-25T02:33:36.582+0000] {logging_mixin.py:137} INFO - [2023-10-25T02:33:36.582+0000] {dagbag.py:538} INFO - Filling up the DagBag from /home/airflow/.local/lib/python3.7/site-packages/airflow/example_dags/example_external_task_marker_dag.py
[2023-10-25T02:33:36.592+0000] {processor.py:753} INFO - DAG(s) dict_keys(['example_external_task_marker_child', 'example_external_task_marker_parent']) retrieved from /home/airflow/.local/lib/python3.7/site-packages/airflow/example_dags/example_external_task_marker_dag.py
[2023-10-25T02:33:36.620+0000] {logging_mixin.py:137} INFO - [2023-10-25T02:33:36.620+0000] {dag.py:2690} INFO - Sync 2 DAGs
[2023-10-25T02:33:36.637+0000] {logging_mixin.py:137} INFO - [2023-10-25T02:33:36.637+0000] {dag.py:3441} INFO - Setting next_dagrun for example_external_task_marker_child to None, run_after=None
[2023-10-25T02:33:36.640+0000] {logging_mixin.py:137} INFO - [2023-10-25T02:33:36.640+0000] {dag.py:3441} INFO - Setting next_dagrun for example_external_task_marker_parent to None, run_after=None
[2023-10-25T02:33:36.653+0000] {processor.py:175} INFO - Processing /home/airflow/.local/lib/python3.7/site-packages/airflow/example_dags/example_external_task_marker_dag.py took 0.075 seconds
[2023-10-25T04:14:04.017+0000] {processor.py:153} INFO - Started process (PID=41404) to work on /home/airflow/.local/lib/python3.7/site-packages/airflow/example_dags/example_external_task_marker_dag.py
[2023-10-25T04:14:04.017+0000] {processor.py:743} INFO - Processing file /home/airflow/.local/lib/python3.7/site-packages/airflow/example_dags/example_external_task_marker_dag.py for tasks to queue
[2023-10-25T04:14:04.018+0000] {logging_mixin.py:137} INFO - [2023-10-25T04:14:04.018+0000] {dagbag.py:538} INFO - Filling up the DagBag from /home/airflow/.local/lib/python3.7/site-packages/airflow/example_dags/example_external_task_marker_dag.py
[2023-10-25T04:14:04.025+0000] {processor.py:753} INFO - DAG(s) dict_keys(['example_external_task_marker_parent', 'example_external_task_marker_child']) retrieved from /home/airflow/.local/lib/python3.7/site-packages/airflow/example_dags/example_external_task_marker_dag.py
[2023-10-25T04:14:04.040+0000] {logging_mixin.py:137} INFO - [2023-10-25T04:14:04.040+0000] {dag.py:2690} INFO - Sync 2 DAGs
[2023-10-25T04:14:04.052+0000] {logging_mixin.py:137} INFO - [2023-10-25T04:14:04.052+0000] {dag.py:3441} INFO - Setting next_dagrun for example_external_task_marker_child to None, run_after=None
[2023-10-25T04:14:04.055+0000] {logging_mixin.py:137} INFO - [2023-10-25T04:14:04.055+0000] {dag.py:3441} INFO - Setting next_dagrun for example_external_task_marker_parent to None, run_after=None
[2023-10-25T04:14:04.062+0000] {processor.py:175} INFO - Processing /home/airflow/.local/lib/python3.7/site-packages/airflow/example_dags/example_external_task_marker_dag.py took 0.047 seconds
[2023-10-25T05:36:37.928+0000] {processor.py:153} INFO - Started process (PID=41498) to work on /home/airflow/.local/lib/python3.7/site-packages/airflow/example_dags/example_external_task_marker_dag.py
[2023-10-25T05:36:37.928+0000] {processor.py:743} INFO - Processing file /home/airflow/.local/lib/python3.7/site-packages/airflow/example_dags/example_external_task_marker_dag.py for tasks to queue
[2023-10-25T05:36:37.929+0000] {logging_mixin.py:137} INFO - [2023-10-25T05:36:37.929+0000] {dagbag.py:538} INFO - Filling up the DagBag from /home/airflow/.local/lib/python3.7/site-packages/airflow/example_dags/example_external_task_marker_dag.py
[2023-10-25T05:36:37.937+0000] {processor.py:753} INFO - DAG(s) dict_keys(['example_external_task_marker_child', 'example_external_task_marker_parent']) retrieved from /home/airflow/.local/lib/python3.7/site-packages/airflow/example_dags/example_external_task_marker_dag.py
[2023-10-25T05:36:37.951+0000] {logging_mixin.py:137} INFO - [2023-10-25T05:36:37.951+0000] {dag.py:2690} INFO - Sync 2 DAGs
[2023-10-25T05:36:37.963+0000] {logging_mixin.py:137} INFO - [2023-10-25T05:36:37.963+0000] {dag.py:3441} INFO - Setting next_dagrun for example_external_task_marker_child to None, run_after=None
[2023-10-25T05:36:37.964+0000] {logging_mixin.py:137} INFO - [2023-10-25T05:36:37.964+0000] {dag.py:3441} INFO - Setting next_dagrun for example_external_task_marker_parent to None, run_after=None
[2023-10-25T05:36:37.972+0000] {processor.py:175} INFO - Processing /home/airflow/.local/lib/python3.7/site-packages/airflow/example_dags/example_external_task_marker_dag.py took 0.046 seconds
[2023-10-25T06:54:07.926+0000] {processor.py:153} INFO - Started process (PID=41573) to work on /home/airflow/.local/lib/python3.7/site-packages/airflow/example_dags/example_external_task_marker_dag.py
[2023-10-25T06:54:07.927+0000] {processor.py:743} INFO - Processing file /home/airflow/.local/lib/python3.7/site-packages/airflow/example_dags/example_external_task_marker_dag.py for tasks to queue
[2023-10-25T06:54:07.927+0000] {logging_mixin.py:137} INFO - [2023-10-25T06:54:07.927+0000] {dagbag.py:538} INFO - Filling up the DagBag from /home/airflow/.local/lib/python3.7/site-packages/airflow/example_dags/example_external_task_marker_dag.py
[2023-10-25T06:54:07.936+0000] {processor.py:753} INFO - DAG(s) dict_keys(['example_external_task_marker_child', 'example_external_task_marker_parent']) retrieved from /home/airflow/.local/lib/python3.7/site-packages/airflow/example_dags/example_external_task_marker_dag.py
[2023-10-25T06:54:07.951+0000] {logging_mixin.py:137} INFO - [2023-10-25T06:54:07.951+0000] {dag.py:2690} INFO - Sync 2 DAGs
[2023-10-25T06:54:07.964+0000] {logging_mixin.py:137} INFO - [2023-10-25T06:54:07.964+0000] {dag.py:3441} INFO - Setting next_dagrun for example_external_task_marker_child to None, run_after=None
[2023-10-25T06:54:07.965+0000] {logging_mixin.py:137} INFO - [2023-10-25T06:54:07.965+0000] {dag.py:3441} INFO - Setting next_dagrun for example_external_task_marker_parent to None, run_after=None
[2023-10-25T06:54:07.972+0000] {processor.py:175} INFO - Processing /home/airflow/.local/lib/python3.7/site-packages/airflow/example_dags/example_external_task_marker_dag.py took 0.049 seconds
[2023-10-25T08:35:32.788+0000] {processor.py:153} INFO - Started process (PID=41667) to work on /home/airflow/.local/lib/python3.7/site-packages/airflow/example_dags/example_external_task_marker_dag.py
[2023-10-25T08:35:32.789+0000] {processor.py:743} INFO - Processing file /home/airflow/.local/lib/python3.7/site-packages/airflow/example_dags/example_external_task_marker_dag.py for tasks to queue
[2023-10-25T08:35:32.790+0000] {logging_mixin.py:137} INFO - [2023-10-25T08:35:32.790+0000] {dagbag.py:538} INFO - Filling up the DagBag from /home/airflow/.local/lib/python3.7/site-packages/airflow/example_dags/example_external_task_marker_dag.py
[2023-10-25T08:35:32.802+0000] {processor.py:753} INFO - DAG(s) dict_keys(['example_external_task_marker_parent', 'example_external_task_marker_child']) retrieved from /home/airflow/.local/lib/python3.7/site-packages/airflow/example_dags/example_external_task_marker_dag.py
[2023-10-25T08:35:32.822+0000] {logging_mixin.py:137} INFO - [2023-10-25T08:35:32.822+0000] {dag.py:2690} INFO - Sync 2 DAGs
[2023-10-25T08:35:32.836+0000] {logging_mixin.py:137} INFO - [2023-10-25T08:35:32.836+0000] {dag.py:3441} INFO - Setting next_dagrun for example_external_task_marker_child to None, run_after=None
[2023-10-25T08:35:32.838+0000] {logging_mixin.py:137} INFO - [2023-10-25T08:35:32.838+0000] {dag.py:3441} INFO - Setting next_dagrun for example_external_task_marker_parent to None, run_after=None
[2023-10-25T08:35:32.850+0000] {processor.py:175} INFO - Processing /home/airflow/.local/lib/python3.7/site-packages/airflow/example_dags/example_external_task_marker_dag.py took 0.066 seconds
[2023-10-25T10:14:51.588+0000] {processor.py:153} INFO - Started process (PID=41761) to work on /home/airflow/.local/lib/python3.7/site-packages/airflow/example_dags/example_external_task_marker_dag.py
[2023-10-25T10:14:51.589+0000] {processor.py:743} INFO - Processing file /home/airflow/.local/lib/python3.7/site-packages/airflow/example_dags/example_external_task_marker_dag.py for tasks to queue
[2023-10-25T10:14:51.590+0000] {logging_mixin.py:137} INFO - [2023-10-25T10:14:51.590+0000] {dagbag.py:538} INFO - Filling up the DagBag from /home/airflow/.local/lib/python3.7/site-packages/airflow/example_dags/example_external_task_marker_dag.py
[2023-10-25T10:14:51.599+0000] {processor.py:753} INFO - DAG(s) dict_keys(['example_external_task_marker_parent', 'example_external_task_marker_child']) retrieved from /home/airflow/.local/lib/python3.7/site-packages/airflow/example_dags/example_external_task_marker_dag.py
[2023-10-25T10:14:51.617+0000] {logging_mixin.py:137} INFO - [2023-10-25T10:14:51.616+0000] {dag.py:2690} INFO - Sync 2 DAGs
[2023-10-25T10:14:51.631+0000] {logging_mixin.py:137} INFO - [2023-10-25T10:14:51.631+0000] {dag.py:3441} INFO - Setting next_dagrun for example_external_task_marker_child to None, run_after=None
[2023-10-25T10:14:51.633+0000] {logging_mixin.py:137} INFO - [2023-10-25T10:14:51.633+0000] {dag.py:3441} INFO - Setting next_dagrun for example_external_task_marker_parent to None, run_after=None
[2023-10-25T10:14:51.642+0000] {processor.py:175} INFO - Processing /home/airflow/.local/lib/python3.7/site-packages/airflow/example_dags/example_external_task_marker_dag.py took 0.056 seconds
[2023-10-25T11:37:55.603+0000] {processor.py:153} INFO - Started process (PID=41837) to work on /home/airflow/.local/lib/python3.7/site-packages/airflow/example_dags/example_external_task_marker_dag.py
[2023-10-25T11:37:55.604+0000] {processor.py:743} INFO - Processing file /home/airflow/.local/lib/python3.7/site-packages/airflow/example_dags/example_external_task_marker_dag.py for tasks to queue
[2023-10-25T11:37:55.605+0000] {logging_mixin.py:137} INFO - [2023-10-25T11:37:55.605+0000] {dagbag.py:538} INFO - Filling up the DagBag from /home/airflow/.local/lib/python3.7/site-packages/airflow/example_dags/example_external_task_marker_dag.py
[2023-10-25T11:37:55.617+0000] {processor.py:753} INFO - DAG(s) dict_keys(['example_external_task_marker_child', 'example_external_task_marker_parent']) retrieved from /home/airflow/.local/lib/python3.7/site-packages/airflow/example_dags/example_external_task_marker_dag.py
[2023-10-25T11:37:55.639+0000] {logging_mixin.py:137} INFO - [2023-10-25T11:37:55.639+0000] {dag.py:2690} INFO - Sync 2 DAGs
[2023-10-25T11:37:55.654+0000] {logging_mixin.py:137} INFO - [2023-10-25T11:37:55.653+0000] {dag.py:3441} INFO - Setting next_dagrun for example_external_task_marker_child to None, run_after=None
[2023-10-25T11:37:55.655+0000] {logging_mixin.py:137} INFO - [2023-10-25T11:37:55.655+0000] {dag.py:3441} INFO - Setting next_dagrun for example_external_task_marker_parent to None, run_after=None
[2023-10-25T11:37:55.667+0000] {processor.py:175} INFO - Processing /home/airflow/.local/lib/python3.7/site-packages/airflow/example_dags/example_external_task_marker_dag.py took 0.069 seconds
[2023-10-25T13:17:56.293+0000] {processor.py:153} INFO - Started process (PID=41931) to work on /home/airflow/.local/lib/python3.7/site-packages/airflow/example_dags/example_external_task_marker_dag.py
[2023-10-25T13:17:56.293+0000] {processor.py:743} INFO - Processing file /home/airflow/.local/lib/python3.7/site-packages/airflow/example_dags/example_external_task_marker_dag.py for tasks to queue
[2023-10-25T13:17:56.294+0000] {logging_mixin.py:137} INFO - [2023-10-25T13:17:56.294+0000] {dagbag.py:538} INFO - Filling up the DagBag from /home/airflow/.local/lib/python3.7/site-packages/airflow/example_dags/example_external_task_marker_dag.py
[2023-10-25T13:17:56.302+0000] {processor.py:753} INFO - DAG(s) dict_keys(['example_external_task_marker_parent', 'example_external_task_marker_child']) retrieved from /home/airflow/.local/lib/python3.7/site-packages/airflow/example_dags/example_external_task_marker_dag.py
[2023-10-25T13:17:56.317+0000] {logging_mixin.py:137} INFO - [2023-10-25T13:17:56.317+0000] {dag.py:2690} INFO - Sync 2 DAGs
[2023-10-25T13:17:56.329+0000] {logging_mixin.py:137} INFO - [2023-10-25T13:17:56.329+0000] {dag.py:3441} INFO - Setting next_dagrun for example_external_task_marker_child to None, run_after=None
[2023-10-25T13:17:56.330+0000] {logging_mixin.py:137} INFO - [2023-10-25T13:17:56.330+0000] {dag.py:3441} INFO - Setting next_dagrun for example_external_task_marker_parent to None, run_after=None
[2023-10-25T13:17:56.338+0000] {processor.py:175} INFO - Processing /home/airflow/.local/lib/python3.7/site-packages/airflow/example_dags/example_external_task_marker_dag.py took 0.047 seconds
[2023-10-25T14:32:17.255+0000] {processor.py:153} INFO - Started process (PID=42025) to work on /home/airflow/.local/lib/python3.7/site-packages/airflow/example_dags/example_external_task_marker_dag.py
[2023-10-25T14:32:17.256+0000] {processor.py:743} INFO - Processing file /home/airflow/.local/lib/python3.7/site-packages/airflow/example_dags/example_external_task_marker_dag.py for tasks to queue
[2023-10-25T14:32:17.257+0000] {logging_mixin.py:137} INFO - [2023-10-25T14:32:17.256+0000] {dagbag.py:538} INFO - Filling up the DagBag from /home/airflow/.local/lib/python3.7/site-packages/airflow/example_dags/example_external_task_marker_dag.py
[2023-10-25T14:32:17.267+0000] {processor.py:753} INFO - DAG(s) dict_keys(['example_external_task_marker_parent', 'example_external_task_marker_child']) retrieved from /home/airflow/.local/lib/python3.7/site-packages/airflow/example_dags/example_external_task_marker_dag.py
[2023-10-25T14:32:17.287+0000] {logging_mixin.py:137} INFO - [2023-10-25T14:32:17.287+0000] {dag.py:2690} INFO - Sync 2 DAGs
[2023-10-25T14:32:17.303+0000] {logging_mixin.py:137} INFO - [2023-10-25T14:32:17.303+0000] {dag.py:3441} INFO - Setting next_dagrun for example_external_task_marker_child to None, run_after=None
[2023-10-25T14:32:17.305+0000] {logging_mixin.py:137} INFO - [2023-10-25T14:32:17.305+0000] {dag.py:3441} INFO - Setting next_dagrun for example_external_task_marker_parent to None, run_after=None
[2023-10-25T14:32:17.318+0000] {processor.py:175} INFO - Processing /home/airflow/.local/lib/python3.7/site-packages/airflow/example_dags/example_external_task_marker_dag.py took 0.066 seconds
[2023-10-25T15:55:10.577+0000] {processor.py:153} INFO - Started process (PID=42100) to work on /home/airflow/.local/lib/python3.7/site-packages/airflow/example_dags/example_external_task_marker_dag.py
[2023-10-25T15:55:10.578+0000] {processor.py:743} INFO - Processing file /home/airflow/.local/lib/python3.7/site-packages/airflow/example_dags/example_external_task_marker_dag.py for tasks to queue
[2023-10-25T15:55:10.579+0000] {logging_mixin.py:137} INFO - [2023-10-25T15:55:10.579+0000] {dagbag.py:538} INFO - Filling up the DagBag from /home/airflow/.local/lib/python3.7/site-packages/airflow/example_dags/example_external_task_marker_dag.py
[2023-10-25T15:55:10.592+0000] {processor.py:753} INFO - DAG(s) dict_keys(['example_external_task_marker_child', 'example_external_task_marker_parent']) retrieved from /home/airflow/.local/lib/python3.7/site-packages/airflow/example_dags/example_external_task_marker_dag.py
[2023-10-25T15:55:10.616+0000] {logging_mixin.py:137} INFO - [2023-10-25T15:55:10.616+0000] {dag.py:2690} INFO - Sync 2 DAGs
[2023-10-25T15:55:10.636+0000] {logging_mixin.py:137} INFO - [2023-10-25T15:55:10.636+0000] {dag.py:3441} INFO - Setting next_dagrun for example_external_task_marker_child to None, run_after=None
[2023-10-25T15:55:10.638+0000] {logging_mixin.py:137} INFO - [2023-10-25T15:55:10.638+0000] {dag.py:3441} INFO - Setting next_dagrun for example_external_task_marker_parent to None, run_after=None
[2023-10-25T15:55:10.649+0000] {processor.py:175} INFO - Processing /home/airflow/.local/lib/python3.7/site-packages/airflow/example_dags/example_external_task_marker_dag.py took 0.075 seconds
[2023-10-25T17:35:08.608+0000] {processor.py:153} INFO - Started process (PID=42194) to work on /home/airflow/.local/lib/python3.7/site-packages/airflow/example_dags/example_external_task_marker_dag.py
[2023-10-25T17:35:08.609+0000] {processor.py:743} INFO - Processing file /home/airflow/.local/lib/python3.7/site-packages/airflow/example_dags/example_external_task_marker_dag.py for tasks to queue
[2023-10-25T17:35:08.610+0000] {logging_mixin.py:137} INFO - [2023-10-25T17:35:08.609+0000] {dagbag.py:538} INFO - Filling up the DagBag from /home/airflow/.local/lib/python3.7/site-packages/airflow/example_dags/example_external_task_marker_dag.py
[2023-10-25T17:35:08.617+0000] {processor.py:753} INFO - DAG(s) dict_keys(['example_external_task_marker_parent', 'example_external_task_marker_child']) retrieved from /home/airflow/.local/lib/python3.7/site-packages/airflow/example_dags/example_external_task_marker_dag.py
[2023-10-25T17:35:08.632+0000] {logging_mixin.py:137} INFO - [2023-10-25T17:35:08.631+0000] {dag.py:2690} INFO - Sync 2 DAGs
[2023-10-25T17:35:08.643+0000] {logging_mixin.py:137} INFO - [2023-10-25T17:35:08.643+0000] {dag.py:3441} INFO - Setting next_dagrun for example_external_task_marker_child to None, run_after=None
[2023-10-25T17:35:08.645+0000] {logging_mixin.py:137} INFO - [2023-10-25T17:35:08.645+0000] {dag.py:3441} INFO - Setting next_dagrun for example_external_task_marker_parent to None, run_after=None
[2023-10-25T17:35:08.653+0000] {processor.py:175} INFO - Processing /home/airflow/.local/lib/python3.7/site-packages/airflow/example_dags/example_external_task_marker_dag.py took 0.046 seconds
[2023-10-25T18:42:53.060+0000] {processor.py:153} INFO - Started process (PID=42288) to work on /home/airflow/.local/lib/python3.7/site-packages/airflow/example_dags/example_external_task_marker_dag.py
[2023-10-25T18:42:53.061+0000] {processor.py:743} INFO - Processing file /home/airflow/.local/lib/python3.7/site-packages/airflow/example_dags/example_external_task_marker_dag.py for tasks to queue
[2023-10-25T18:42:53.061+0000] {logging_mixin.py:137} INFO - [2023-10-25T18:42:53.061+0000] {dagbag.py:538} INFO - Filling up the DagBag from /home/airflow/.local/lib/python3.7/site-packages/airflow/example_dags/example_external_task_marker_dag.py
[2023-10-25T18:42:53.071+0000] {processor.py:753} INFO - DAG(s) dict_keys(['example_external_task_marker_parent', 'example_external_task_marker_child']) retrieved from /home/airflow/.local/lib/python3.7/site-packages/airflow/example_dags/example_external_task_marker_dag.py
[2023-10-25T18:42:53.090+0000] {logging_mixin.py:137} INFO - [2023-10-25T18:42:53.090+0000] {dag.py:2690} INFO - Sync 2 DAGs
[2023-10-25T18:42:53.103+0000] {logging_mixin.py:137} INFO - [2023-10-25T18:42:53.103+0000] {dag.py:3441} INFO - Setting next_dagrun for example_external_task_marker_child to None, run_after=None
[2023-10-25T18:42:53.105+0000] {logging_mixin.py:137} INFO - [2023-10-25T18:42:53.105+0000] {dag.py:3441} INFO - Setting next_dagrun for example_external_task_marker_parent to None, run_after=None
[2023-10-25T18:42:53.118+0000] {processor.py:175} INFO - Processing /home/airflow/.local/lib/python3.7/site-packages/airflow/example_dags/example_external_task_marker_dag.py took 0.060 seconds
[2023-10-25T18:43:23.747+0000] {processor.py:153} INFO - Started process (PID=42373) to work on /home/airflow/.local/lib/python3.7/site-packages/airflow/example_dags/example_external_task_marker_dag.py
[2023-10-25T18:43:23.747+0000] {processor.py:743} INFO - Processing file /home/airflow/.local/lib/python3.7/site-packages/airflow/example_dags/example_external_task_marker_dag.py for tasks to queue
[2023-10-25T18:43:23.748+0000] {logging_mixin.py:137} INFO - [2023-10-25T18:43:23.748+0000] {dagbag.py:538} INFO - Filling up the DagBag from /home/airflow/.local/lib/python3.7/site-packages/airflow/example_dags/example_external_task_marker_dag.py
[2023-10-25T18:43:23.756+0000] {processor.py:753} INFO - DAG(s) dict_keys(['example_external_task_marker_child', 'example_external_task_marker_parent']) retrieved from /home/airflow/.local/lib/python3.7/site-packages/airflow/example_dags/example_external_task_marker_dag.py
[2023-10-25T18:43:23.770+0000] {logging_mixin.py:137} INFO - [2023-10-25T18:43:23.770+0000] {dag.py:2690} INFO - Sync 2 DAGs
[2023-10-25T18:43:23.782+0000] {logging_mixin.py:137} INFO - [2023-10-25T18:43:23.782+0000] {dag.py:3441} INFO - Setting next_dagrun for example_external_task_marker_child to None, run_after=None
[2023-10-25T18:43:23.784+0000] {logging_mixin.py:137} INFO - [2023-10-25T18:43:23.784+0000] {dag.py:3441} INFO - Setting next_dagrun for example_external_task_marker_parent to None, run_after=None
[2023-10-25T18:43:23.792+0000] {processor.py:175} INFO - Processing /home/airflow/.local/lib/python3.7/site-packages/airflow/example_dags/example_external_task_marker_dag.py took 0.047 seconds
[2023-10-25T19:18:43.040+0000] {processor.py:153} INFO - Started process (PID=42458) to work on /home/airflow/.local/lib/python3.7/site-packages/airflow/example_dags/example_external_task_marker_dag.py
[2023-10-25T19:18:43.041+0000] {processor.py:743} INFO - Processing file /home/airflow/.local/lib/python3.7/site-packages/airflow/example_dags/example_external_task_marker_dag.py for tasks to queue
[2023-10-25T19:18:43.041+0000] {logging_mixin.py:137} INFO - [2023-10-25T19:18:43.041+0000] {dagbag.py:538} INFO - Filling up the DagBag from /home/airflow/.local/lib/python3.7/site-packages/airflow/example_dags/example_external_task_marker_dag.py
[2023-10-25T19:18:43.049+0000] {processor.py:753} INFO - DAG(s) dict_keys(['example_external_task_marker_child', 'example_external_task_marker_parent']) retrieved from /home/airflow/.local/lib/python3.7/site-packages/airflow/example_dags/example_external_task_marker_dag.py
[2023-10-25T19:18:43.065+0000] {logging_mixin.py:137} INFO - [2023-10-25T19:18:43.064+0000] {dag.py:2690} INFO - Sync 2 DAGs
[2023-10-25T19:18:43.076+0000] {logging_mixin.py:137} INFO - [2023-10-25T19:18:43.076+0000] {dag.py:3441} INFO - Setting next_dagrun for example_external_task_marker_child to None, run_after=None
[2023-10-25T19:18:43.078+0000] {logging_mixin.py:137} INFO - [2023-10-25T19:18:43.078+0000] {dag.py:3441} INFO - Setting next_dagrun for example_external_task_marker_parent to None, run_after=None
[2023-10-25T19:18:43.085+0000] {processor.py:175} INFO - Processing /home/airflow/.local/lib/python3.7/site-packages/airflow/example_dags/example_external_task_marker_dag.py took 0.047 seconds
[2023-10-25T20:25:20.853+0000] {processor.py:153} INFO - Started process (PID=42552) to work on /home/airflow/.local/lib/python3.7/site-packages/airflow/example_dags/example_external_task_marker_dag.py
[2023-10-25T20:25:20.854+0000] {processor.py:743} INFO - Processing file /home/airflow/.local/lib/python3.7/site-packages/airflow/example_dags/example_external_task_marker_dag.py for tasks to queue
[2023-10-25T20:25:20.855+0000] {logging_mixin.py:137} INFO - [2023-10-25T20:25:20.855+0000] {dagbag.py:538} INFO - Filling up the DagBag from /home/airflow/.local/lib/python3.7/site-packages/airflow/example_dags/example_external_task_marker_dag.py
[2023-10-25T20:25:20.869+0000] {processor.py:753} INFO - DAG(s) dict_keys(['example_external_task_marker_parent', 'example_external_task_marker_child']) retrieved from /home/airflow/.local/lib/python3.7/site-packages/airflow/example_dags/example_external_task_marker_dag.py
[2023-10-25T20:25:20.898+0000] {logging_mixin.py:137} INFO - [2023-10-25T20:25:20.898+0000] {dag.py:2690} INFO - Sync 2 DAGs
[2023-10-25T20:25:20.915+0000] {logging_mixin.py:137} INFO - [2023-10-25T20:25:20.915+0000] {dag.py:3441} INFO - Setting next_dagrun for example_external_task_marker_child to None, run_after=None
[2023-10-25T20:25:20.918+0000] {logging_mixin.py:137} INFO - [2023-10-25T20:25:20.918+0000] {dag.py:3441} INFO - Setting next_dagrun for example_external_task_marker_parent to None, run_after=None
[2023-10-25T20:25:20.935+0000] {processor.py:175} INFO - Processing /home/airflow/.local/lib/python3.7/site-packages/airflow/example_dags/example_external_task_marker_dag.py took 0.086 seconds
[2023-10-25T21:36:23.150+0000] {processor.py:153} INFO - Started process (PID=42628) to work on /home/airflow/.local/lib/python3.7/site-packages/airflow/example_dags/example_external_task_marker_dag.py
[2023-10-25T21:36:23.152+0000] {processor.py:743} INFO - Processing file /home/airflow/.local/lib/python3.7/site-packages/airflow/example_dags/example_external_task_marker_dag.py for tasks to queue
[2023-10-25T21:36:23.153+0000] {logging_mixin.py:137} INFO - [2023-10-25T21:36:23.153+0000] {dagbag.py:538} INFO - Filling up the DagBag from /home/airflow/.local/lib/python3.7/site-packages/airflow/example_dags/example_external_task_marker_dag.py
[2023-10-25T21:36:23.167+0000] {processor.py:753} INFO - DAG(s) dict_keys(['example_external_task_marker_parent', 'example_external_task_marker_child']) retrieved from /home/airflow/.local/lib/python3.7/site-packages/airflow/example_dags/example_external_task_marker_dag.py
[2023-10-25T21:36:23.192+0000] {logging_mixin.py:137} INFO - [2023-10-25T21:36:23.192+0000] {dag.py:2690} INFO - Sync 2 DAGs
[2023-10-25T21:36:23.209+0000] {logging_mixin.py:137} INFO - [2023-10-25T21:36:23.208+0000] {dag.py:3441} INFO - Setting next_dagrun for example_external_task_marker_child to None, run_after=None
[2023-10-25T21:36:23.211+0000] {logging_mixin.py:137} INFO - [2023-10-25T21:36:23.211+0000] {dag.py:3441} INFO - Setting next_dagrun for example_external_task_marker_parent to None, run_after=None
[2023-10-25T21:36:23.222+0000] {processor.py:175} INFO - Processing /home/airflow/.local/lib/python3.7/site-packages/airflow/example_dags/example_external_task_marker_dag.py took 0.079 seconds
[2023-10-25T22:31:15.764+0000] {processor.py:153} INFO - Started process (PID=42722) to work on /home/airflow/.local/lib/python3.7/site-packages/airflow/example_dags/example_external_task_marker_dag.py
[2023-10-25T22:31:15.765+0000] {processor.py:743} INFO - Processing file /home/airflow/.local/lib/python3.7/site-packages/airflow/example_dags/example_external_task_marker_dag.py for tasks to queue
[2023-10-25T22:31:15.766+0000] {logging_mixin.py:137} INFO - [2023-10-25T22:31:15.766+0000] {dagbag.py:538} INFO - Filling up the DagBag from /home/airflow/.local/lib/python3.7/site-packages/airflow/example_dags/example_external_task_marker_dag.py
[2023-10-25T22:31:15.777+0000] {processor.py:753} INFO - DAG(s) dict_keys(['example_external_task_marker_parent', 'example_external_task_marker_child']) retrieved from /home/airflow/.local/lib/python3.7/site-packages/airflow/example_dags/example_external_task_marker_dag.py
[2023-10-25T22:31:15.810+0000] {logging_mixin.py:137} INFO - [2023-10-25T22:31:15.810+0000] {dag.py:2690} INFO - Sync 2 DAGs
[2023-10-25T22:31:15.831+0000] {logging_mixin.py:137} INFO - [2023-10-25T22:31:15.831+0000] {dag.py:3441} INFO - Setting next_dagrun for example_external_task_marker_child to None, run_after=None
[2023-10-25T22:31:15.835+0000] {logging_mixin.py:137} INFO - [2023-10-25T22:31:15.835+0000] {dag.py:3441} INFO - Setting next_dagrun for example_external_task_marker_parent to None, run_after=None
[2023-10-25T22:31:15.852+0000] {processor.py:175} INFO - Processing /home/airflow/.local/lib/python3.7/site-packages/airflow/example_dags/example_external_task_marker_dag.py took 0.092 seconds
[2023-10-25T23:53:42.639+0000] {processor.py:153} INFO - Started process (PID=42816) to work on /home/airflow/.local/lib/python3.7/site-packages/airflow/example_dags/example_external_task_marker_dag.py
[2023-10-25T23:53:42.640+0000] {processor.py:743} INFO - Processing file /home/airflow/.local/lib/python3.7/site-packages/airflow/example_dags/example_external_task_marker_dag.py for tasks to queue
[2023-10-25T23:53:42.640+0000] {logging_mixin.py:137} INFO - [2023-10-25T23:53:42.640+0000] {dagbag.py:538} INFO - Filling up the DagBag from /home/airflow/.local/lib/python3.7/site-packages/airflow/example_dags/example_external_task_marker_dag.py
[2023-10-25T23:53:42.648+0000] {processor.py:753} INFO - DAG(s) dict_keys(['example_external_task_marker_parent', 'example_external_task_marker_child']) retrieved from /home/airflow/.local/lib/python3.7/site-packages/airflow/example_dags/example_external_task_marker_dag.py
[2023-10-25T23:53:42.663+0000] {logging_mixin.py:137} INFO - [2023-10-25T23:53:42.662+0000] {dag.py:2690} INFO - Sync 2 DAGs
[2023-10-25T23:53:42.674+0000] {logging_mixin.py:137} INFO - [2023-10-25T23:53:42.674+0000] {dag.py:3441} INFO - Setting next_dagrun for example_external_task_marker_child to None, run_after=None
[2023-10-25T23:53:42.676+0000] {logging_mixin.py:137} INFO - [2023-10-25T23:53:42.676+0000] {dag.py:3441} INFO - Setting next_dagrun for example_external_task_marker_parent to None, run_after=None
[2023-10-25T23:53:42.683+0000] {processor.py:175} INFO - Processing /home/airflow/.local/lib/python3.7/site-packages/airflow/example_dags/example_external_task_marker_dag.py took 0.046 seconds
