[2023-10-25T01:12:51.193+0000] {processor.py:153} INFO - Started process (PID=41250) to work on /home/airflow/.local/lib/python3.7/site-packages/airflow/example_dags/example_kubernetes_executor.py
[2023-10-25T01:12:51.194+0000] {processor.py:743} INFO - Processing file /home/airflow/.local/lib/python3.7/site-packages/airflow/example_dags/example_kubernetes_executor.py for tasks to queue
[2023-10-25T01:12:51.194+0000] {logging_mixin.py:137} INFO - [2023-10-25T01:12:51.194+0000] {dagbag.py:538} INFO - Filling up the DagBag from /home/airflow/.local/lib/python3.7/site-packages/airflow/example_dags/example_kubernetes_executor.py
[2023-10-25T01:12:51.210+0000] {processor.py:753} INFO - DAG(s) dict_keys(['example_kubernetes_executor']) retrieved from /home/airflow/.local/lib/python3.7/site-packages/airflow/example_dags/example_kubernetes_executor.py
[2023-10-25T01:12:51.226+0000] {logging_mixin.py:137} INFO - [2023-10-25T01:12:51.226+0000] {dag.py:2690} INFO - Sync 1 DAGs
[2023-10-25T01:12:51.238+0000] {logging_mixin.py:137} INFO - [2023-10-25T01:12:51.238+0000] {dag.py:3441} INFO - Setting next_dagrun for example_kubernetes_executor to None, run_after=None
[2023-10-25T01:12:51.247+0000] {processor.py:175} INFO - Processing /home/airflow/.local/lib/python3.7/site-packages/airflow/example_dags/example_kubernetes_executor.py took 0.056 seconds
[2023-10-25T02:33:37.479+0000] {processor.py:153} INFO - Started process (PID=41333) to work on /home/airflow/.local/lib/python3.7/site-packages/airflow/example_dags/example_kubernetes_executor.py
[2023-10-25T02:33:37.480+0000] {processor.py:743} INFO - Processing file /home/airflow/.local/lib/python3.7/site-packages/airflow/example_dags/example_kubernetes_executor.py for tasks to queue
[2023-10-25T02:33:37.480+0000] {logging_mixin.py:137} INFO - [2023-10-25T02:33:37.480+0000] {dagbag.py:538} INFO - Filling up the DagBag from /home/airflow/.local/lib/python3.7/site-packages/airflow/example_dags/example_kubernetes_executor.py
[2023-10-25T02:33:37.496+0000] {processor.py:753} INFO - DAG(s) dict_keys(['example_kubernetes_executor']) retrieved from /home/airflow/.local/lib/python3.7/site-packages/airflow/example_dags/example_kubernetes_executor.py
[2023-10-25T02:33:37.512+0000] {logging_mixin.py:137} INFO - [2023-10-25T02:33:37.512+0000] {dag.py:2690} INFO - Sync 1 DAGs
[2023-10-25T02:33:37.525+0000] {logging_mixin.py:137} INFO - [2023-10-25T02:33:37.525+0000] {dag.py:3441} INFO - Setting next_dagrun for example_kubernetes_executor to None, run_after=None
[2023-10-25T02:33:37.533+0000] {processor.py:175} INFO - Processing /home/airflow/.local/lib/python3.7/site-packages/airflow/example_dags/example_kubernetes_executor.py took 0.057 seconds
[2023-10-25T04:14:04.589+0000] {processor.py:153} INFO - Started process (PID=41420) to work on /home/airflow/.local/lib/python3.7/site-packages/airflow/example_dags/example_kubernetes_executor.py
[2023-10-25T04:14:04.590+0000] {processor.py:743} INFO - Processing file /home/airflow/.local/lib/python3.7/site-packages/airflow/example_dags/example_kubernetes_executor.py for tasks to queue
[2023-10-25T04:14:04.590+0000] {logging_mixin.py:137} INFO - [2023-10-25T04:14:04.590+0000] {dagbag.py:538} INFO - Filling up the DagBag from /home/airflow/.local/lib/python3.7/site-packages/airflow/example_dags/example_kubernetes_executor.py
[2023-10-25T04:14:04.607+0000] {processor.py:753} INFO - DAG(s) dict_keys(['example_kubernetes_executor']) retrieved from /home/airflow/.local/lib/python3.7/site-packages/airflow/example_dags/example_kubernetes_executor.py
[2023-10-25T04:14:04.622+0000] {logging_mixin.py:137} INFO - [2023-10-25T04:14:04.622+0000] {dag.py:2690} INFO - Sync 1 DAGs
[2023-10-25T04:14:04.634+0000] {logging_mixin.py:137} INFO - [2023-10-25T04:14:04.634+0000] {dag.py:3441} INFO - Setting next_dagrun for example_kubernetes_executor to None, run_after=None
[2023-10-25T04:14:04.642+0000] {processor.py:175} INFO - Processing /home/airflow/.local/lib/python3.7/site-packages/airflow/example_dags/example_kubernetes_executor.py took 0.055 seconds
[2023-10-25T05:36:38.397+0000] {processor.py:153} INFO - Started process (PID=41514) to work on /home/airflow/.local/lib/python3.7/site-packages/airflow/example_dags/example_kubernetes_executor.py
[2023-10-25T05:36:38.398+0000] {processor.py:743} INFO - Processing file /home/airflow/.local/lib/python3.7/site-packages/airflow/example_dags/example_kubernetes_executor.py for tasks to queue
[2023-10-25T05:36:38.398+0000] {logging_mixin.py:137} INFO - [2023-10-25T05:36:38.398+0000] {dagbag.py:538} INFO - Filling up the DagBag from /home/airflow/.local/lib/python3.7/site-packages/airflow/example_dags/example_kubernetes_executor.py
[2023-10-25T05:36:38.413+0000] {processor.py:753} INFO - DAG(s) dict_keys(['example_kubernetes_executor']) retrieved from /home/airflow/.local/lib/python3.7/site-packages/airflow/example_dags/example_kubernetes_executor.py
[2023-10-25T05:36:38.429+0000] {logging_mixin.py:137} INFO - [2023-10-25T05:36:38.428+0000] {dag.py:2690} INFO - Sync 1 DAGs
[2023-10-25T05:36:38.441+0000] {logging_mixin.py:137} INFO - [2023-10-25T05:36:38.441+0000] {dag.py:3441} INFO - Setting next_dagrun for example_kubernetes_executor to None, run_after=None
[2023-10-25T05:36:38.449+0000] {processor.py:175} INFO - Processing /home/airflow/.local/lib/python3.7/site-packages/airflow/example_dags/example_kubernetes_executor.py took 0.054 seconds
[2023-10-25T06:54:08.404+0000] {processor.py:153} INFO - Started process (PID=41598) to work on /home/airflow/.local/lib/python3.7/site-packages/airflow/example_dags/example_kubernetes_executor.py
[2023-10-25T06:54:08.404+0000] {processor.py:743} INFO - Processing file /home/airflow/.local/lib/python3.7/site-packages/airflow/example_dags/example_kubernetes_executor.py for tasks to queue
[2023-10-25T06:54:08.405+0000] {logging_mixin.py:137} INFO - [2023-10-25T06:54:08.405+0000] {dagbag.py:538} INFO - Filling up the DagBag from /home/airflow/.local/lib/python3.7/site-packages/airflow/example_dags/example_kubernetes_executor.py
[2023-10-25T06:54:08.422+0000] {processor.py:753} INFO - DAG(s) dict_keys(['example_kubernetes_executor']) retrieved from /home/airflow/.local/lib/python3.7/site-packages/airflow/example_dags/example_kubernetes_executor.py
[2023-10-25T06:54:08.441+0000] {logging_mixin.py:137} INFO - [2023-10-25T06:54:08.441+0000] {dag.py:2690} INFO - Sync 1 DAGs
[2023-10-25T06:54:08.455+0000] {logging_mixin.py:137} INFO - [2023-10-25T06:54:08.454+0000] {dag.py:3441} INFO - Setting next_dagrun for example_kubernetes_executor to None, run_after=None
[2023-10-25T06:54:08.463+0000] {processor.py:175} INFO - Processing /home/airflow/.local/lib/python3.7/site-packages/airflow/example_dags/example_kubernetes_executor.py took 0.063 seconds
[2023-10-25T08:35:33.576+0000] {processor.py:153} INFO - Started process (PID=41683) to work on /home/airflow/.local/lib/python3.7/site-packages/airflow/example_dags/example_kubernetes_executor.py
[2023-10-25T08:35:33.577+0000] {processor.py:743} INFO - Processing file /home/airflow/.local/lib/python3.7/site-packages/airflow/example_dags/example_kubernetes_executor.py for tasks to queue
[2023-10-25T08:35:33.577+0000] {logging_mixin.py:137} INFO - [2023-10-25T08:35:33.577+0000] {dagbag.py:538} INFO - Filling up the DagBag from /home/airflow/.local/lib/python3.7/site-packages/airflow/example_dags/example_kubernetes_executor.py
[2023-10-25T08:35:33.594+0000] {processor.py:753} INFO - DAG(s) dict_keys(['example_kubernetes_executor']) retrieved from /home/airflow/.local/lib/python3.7/site-packages/airflow/example_dags/example_kubernetes_executor.py
[2023-10-25T08:35:33.610+0000] {logging_mixin.py:137} INFO - [2023-10-25T08:35:33.609+0000] {dag.py:2690} INFO - Sync 1 DAGs
[2023-10-25T08:35:33.621+0000] {logging_mixin.py:137} INFO - [2023-10-25T08:35:33.621+0000] {dag.py:3441} INFO - Setting next_dagrun for example_kubernetes_executor to None, run_after=None
[2023-10-25T08:35:33.630+0000] {processor.py:175} INFO - Processing /home/airflow/.local/lib/python3.7/site-packages/airflow/example_dags/example_kubernetes_executor.py took 0.056 seconds
[2023-10-25T10:14:52.212+0000] {processor.py:153} INFO - Started process (PID=41777) to work on /home/airflow/.local/lib/python3.7/site-packages/airflow/example_dags/example_kubernetes_executor.py
[2023-10-25T10:14:52.213+0000] {processor.py:743} INFO - Processing file /home/airflow/.local/lib/python3.7/site-packages/airflow/example_dags/example_kubernetes_executor.py for tasks to queue
[2023-10-25T10:14:52.213+0000] {logging_mixin.py:137} INFO - [2023-10-25T10:14:52.213+0000] {dagbag.py:538} INFO - Filling up the DagBag from /home/airflow/.local/lib/python3.7/site-packages/airflow/example_dags/example_kubernetes_executor.py
[2023-10-25T10:14:52.228+0000] {processor.py:753} INFO - DAG(s) dict_keys(['example_kubernetes_executor']) retrieved from /home/airflow/.local/lib/python3.7/site-packages/airflow/example_dags/example_kubernetes_executor.py
[2023-10-25T10:14:52.244+0000] {logging_mixin.py:137} INFO - [2023-10-25T10:14:52.244+0000] {dag.py:2690} INFO - Sync 1 DAGs
[2023-10-25T10:14:52.256+0000] {logging_mixin.py:137} INFO - [2023-10-25T10:14:52.256+0000] {dag.py:3441} INFO - Setting next_dagrun for example_kubernetes_executor to None, run_after=None
[2023-10-25T10:14:52.264+0000] {processor.py:175} INFO - Processing /home/airflow/.local/lib/python3.7/site-packages/airflow/example_dags/example_kubernetes_executor.py took 0.055 seconds
[2023-10-25T11:37:56.663+0000] {processor.py:153} INFO - Started process (PID=41871) to work on /home/airflow/.local/lib/python3.7/site-packages/airflow/example_dags/example_kubernetes_executor.py
[2023-10-25T11:37:56.664+0000] {processor.py:743} INFO - Processing file /home/airflow/.local/lib/python3.7/site-packages/airflow/example_dags/example_kubernetes_executor.py for tasks to queue
[2023-10-25T11:37:56.664+0000] {logging_mixin.py:137} INFO - [2023-10-25T11:37:56.664+0000] {dagbag.py:538} INFO - Filling up the DagBag from /home/airflow/.local/lib/python3.7/site-packages/airflow/example_dags/example_kubernetes_executor.py
[2023-10-25T11:37:56.680+0000] {processor.py:753} INFO - DAG(s) dict_keys(['example_kubernetes_executor']) retrieved from /home/airflow/.local/lib/python3.7/site-packages/airflow/example_dags/example_kubernetes_executor.py
[2023-10-25T11:37:56.696+0000] {logging_mixin.py:137} INFO - [2023-10-25T11:37:56.696+0000] {dag.py:2690} INFO - Sync 1 DAGs
[2023-10-25T11:37:56.707+0000] {logging_mixin.py:137} INFO - [2023-10-25T11:37:56.707+0000] {dag.py:3441} INFO - Setting next_dagrun for example_kubernetes_executor to None, run_after=None
[2023-10-25T11:37:56.715+0000] {processor.py:175} INFO - Processing /home/airflow/.local/lib/python3.7/site-packages/airflow/example_dags/example_kubernetes_executor.py took 0.054 seconds
[2023-10-25T13:17:56.806+0000] {processor.py:153} INFO - Started process (PID=41947) to work on /home/airflow/.local/lib/python3.7/site-packages/airflow/example_dags/example_kubernetes_executor.py
[2023-10-25T13:17:56.806+0000] {processor.py:743} INFO - Processing file /home/airflow/.local/lib/python3.7/site-packages/airflow/example_dags/example_kubernetes_executor.py for tasks to queue
[2023-10-25T13:17:56.807+0000] {logging_mixin.py:137} INFO - [2023-10-25T13:17:56.807+0000] {dagbag.py:538} INFO - Filling up the DagBag from /home/airflow/.local/lib/python3.7/site-packages/airflow/example_dags/example_kubernetes_executor.py
[2023-10-25T13:17:56.821+0000] {processor.py:753} INFO - DAG(s) dict_keys(['example_kubernetes_executor']) retrieved from /home/airflow/.local/lib/python3.7/site-packages/airflow/example_dags/example_kubernetes_executor.py
[2023-10-25T13:17:56.837+0000] {logging_mixin.py:137} INFO - [2023-10-25T13:17:56.837+0000] {dag.py:2690} INFO - Sync 1 DAGs
[2023-10-25T13:17:56.849+0000] {logging_mixin.py:137} INFO - [2023-10-25T13:17:56.849+0000] {dag.py:3441} INFO - Setting next_dagrun for example_kubernetes_executor to None, run_after=None
[2023-10-25T13:17:56.857+0000] {processor.py:175} INFO - Processing /home/airflow/.local/lib/python3.7/site-packages/airflow/example_dags/example_kubernetes_executor.py took 0.054 seconds
[2023-10-25T14:32:17.798+0000] {processor.py:153} INFO - Started process (PID=42041) to work on /home/airflow/.local/lib/python3.7/site-packages/airflow/example_dags/example_kubernetes_executor.py
[2023-10-25T14:32:17.798+0000] {processor.py:743} INFO - Processing file /home/airflow/.local/lib/python3.7/site-packages/airflow/example_dags/example_kubernetes_executor.py for tasks to queue
[2023-10-25T14:32:17.799+0000] {logging_mixin.py:137} INFO - [2023-10-25T14:32:17.799+0000] {dagbag.py:538} INFO - Filling up the DagBag from /home/airflow/.local/lib/python3.7/site-packages/airflow/example_dags/example_kubernetes_executor.py
[2023-10-25T14:32:17.814+0000] {processor.py:753} INFO - DAG(s) dict_keys(['example_kubernetes_executor']) retrieved from /home/airflow/.local/lib/python3.7/site-packages/airflow/example_dags/example_kubernetes_executor.py
[2023-10-25T14:32:17.829+0000] {logging_mixin.py:137} INFO - [2023-10-25T14:32:17.829+0000] {dag.py:2690} INFO - Sync 1 DAGs
[2023-10-25T14:32:17.842+0000] {logging_mixin.py:137} INFO - [2023-10-25T14:32:17.842+0000] {dag.py:3441} INFO - Setting next_dagrun for example_kubernetes_executor to None, run_after=None
[2023-10-25T14:32:17.850+0000] {processor.py:175} INFO - Processing /home/airflow/.local/lib/python3.7/site-packages/airflow/example_dags/example_kubernetes_executor.py took 0.054 seconds
[2023-10-25T15:55:11.140+0000] {processor.py:153} INFO - Started process (PID=42125) to work on /home/airflow/.local/lib/python3.7/site-packages/airflow/example_dags/example_kubernetes_executor.py
[2023-10-25T15:55:11.141+0000] {processor.py:743} INFO - Processing file /home/airflow/.local/lib/python3.7/site-packages/airflow/example_dags/example_kubernetes_executor.py for tasks to queue
[2023-10-25T15:55:11.141+0000] {logging_mixin.py:137} INFO - [2023-10-25T15:55:11.141+0000] {dagbag.py:538} INFO - Filling up the DagBag from /home/airflow/.local/lib/python3.7/site-packages/airflow/example_dags/example_kubernetes_executor.py
[2023-10-25T15:55:11.156+0000] {processor.py:753} INFO - DAG(s) dict_keys(['example_kubernetes_executor']) retrieved from /home/airflow/.local/lib/python3.7/site-packages/airflow/example_dags/example_kubernetes_executor.py
[2023-10-25T15:55:11.172+0000] {logging_mixin.py:137} INFO - [2023-10-25T15:55:11.172+0000] {dag.py:2690} INFO - Sync 1 DAGs
[2023-10-25T15:55:11.185+0000] {logging_mixin.py:137} INFO - [2023-10-25T15:55:11.185+0000] {dag.py:3441} INFO - Setting next_dagrun for example_kubernetes_executor to None, run_after=None
[2023-10-25T15:55:11.194+0000] {processor.py:175} INFO - Processing /home/airflow/.local/lib/python3.7/site-packages/airflow/example_dags/example_kubernetes_executor.py took 0.057 seconds
[2023-10-25T17:35:09.179+0000] {processor.py:153} INFO - Started process (PID=42210) to work on /home/airflow/.local/lib/python3.7/site-packages/airflow/example_dags/example_kubernetes_executor.py
[2023-10-25T17:35:09.180+0000] {processor.py:743} INFO - Processing file /home/airflow/.local/lib/python3.7/site-packages/airflow/example_dags/example_kubernetes_executor.py for tasks to queue
[2023-10-25T17:35:09.180+0000] {logging_mixin.py:137} INFO - [2023-10-25T17:35:09.180+0000] {dagbag.py:538} INFO - Filling up the DagBag from /home/airflow/.local/lib/python3.7/site-packages/airflow/example_dags/example_kubernetes_executor.py
[2023-10-25T17:35:09.195+0000] {processor.py:753} INFO - DAG(s) dict_keys(['example_kubernetes_executor']) retrieved from /home/airflow/.local/lib/python3.7/site-packages/airflow/example_dags/example_kubernetes_executor.py
[2023-10-25T17:35:09.210+0000] {logging_mixin.py:137} INFO - [2023-10-25T17:35:09.210+0000] {dag.py:2690} INFO - Sync 1 DAGs
[2023-10-25T17:35:09.222+0000] {logging_mixin.py:137} INFO - [2023-10-25T17:35:09.222+0000] {dag.py:3441} INFO - Setting next_dagrun for example_kubernetes_executor to None, run_after=None
[2023-10-25T17:35:09.230+0000] {processor.py:175} INFO - Processing /home/airflow/.local/lib/python3.7/site-packages/airflow/example_dags/example_kubernetes_executor.py took 0.053 seconds
[2023-10-25T18:42:53.666+0000] {processor.py:153} INFO - Started process (PID=42304) to work on /home/airflow/.local/lib/python3.7/site-packages/airflow/example_dags/example_kubernetes_executor.py
[2023-10-25T18:42:53.667+0000] {processor.py:743} INFO - Processing file /home/airflow/.local/lib/python3.7/site-packages/airflow/example_dags/example_kubernetes_executor.py for tasks to queue
[2023-10-25T18:42:53.667+0000] {logging_mixin.py:137} INFO - [2023-10-25T18:42:53.667+0000] {dagbag.py:538} INFO - Filling up the DagBag from /home/airflow/.local/lib/python3.7/site-packages/airflow/example_dags/example_kubernetes_executor.py
[2023-10-25T18:42:53.683+0000] {processor.py:753} INFO - DAG(s) dict_keys(['example_kubernetes_executor']) retrieved from /home/airflow/.local/lib/python3.7/site-packages/airflow/example_dags/example_kubernetes_executor.py
[2023-10-25T18:42:53.699+0000] {logging_mixin.py:137} INFO - [2023-10-25T18:42:53.699+0000] {dag.py:2690} INFO - Sync 1 DAGs
[2023-10-25T18:42:53.711+0000] {logging_mixin.py:137} INFO - [2023-10-25T18:42:53.711+0000] {dag.py:3441} INFO - Setting next_dagrun for example_kubernetes_executor to None, run_after=None
[2023-10-25T18:42:53.720+0000] {processor.py:175} INFO - Processing /home/airflow/.local/lib/python3.7/site-packages/airflow/example_dags/example_kubernetes_executor.py took 0.056 seconds
[2023-10-25T18:43:24.369+0000] {processor.py:153} INFO - Started process (PID=42398) to work on /home/airflow/.local/lib/python3.7/site-packages/airflow/example_dags/example_kubernetes_executor.py
[2023-10-25T18:43:24.369+0000] {processor.py:743} INFO - Processing file /home/airflow/.local/lib/python3.7/site-packages/airflow/example_dags/example_kubernetes_executor.py for tasks to queue
[2023-10-25T18:43:24.370+0000] {logging_mixin.py:137} INFO - [2023-10-25T18:43:24.370+0000] {dagbag.py:538} INFO - Filling up the DagBag from /home/airflow/.local/lib/python3.7/site-packages/airflow/example_dags/example_kubernetes_executor.py
[2023-10-25T18:43:24.387+0000] {processor.py:753} INFO - DAG(s) dict_keys(['example_kubernetes_executor']) retrieved from /home/airflow/.local/lib/python3.7/site-packages/airflow/example_dags/example_kubernetes_executor.py
[2023-10-25T18:43:24.405+0000] {logging_mixin.py:137} INFO - [2023-10-25T18:43:24.405+0000] {dag.py:2690} INFO - Sync 1 DAGs
[2023-10-25T18:43:24.419+0000] {logging_mixin.py:137} INFO - [2023-10-25T18:43:24.418+0000] {dag.py:3441} INFO - Setting next_dagrun for example_kubernetes_executor to None, run_after=None
[2023-10-25T18:43:24.428+0000] {processor.py:175} INFO - Processing /home/airflow/.local/lib/python3.7/site-packages/airflow/example_dags/example_kubernetes_executor.py took 0.062 seconds
[2023-10-25T19:18:43.517+0000] {processor.py:153} INFO - Started process (PID=42474) to work on /home/airflow/.local/lib/python3.7/site-packages/airflow/example_dags/example_kubernetes_executor.py
[2023-10-25T19:18:43.518+0000] {processor.py:743} INFO - Processing file /home/airflow/.local/lib/python3.7/site-packages/airflow/example_dags/example_kubernetes_executor.py for tasks to queue
[2023-10-25T19:18:43.519+0000] {logging_mixin.py:137} INFO - [2023-10-25T19:18:43.519+0000] {dagbag.py:538} INFO - Filling up the DagBag from /home/airflow/.local/lib/python3.7/site-packages/airflow/example_dags/example_kubernetes_executor.py
[2023-10-25T19:18:43.545+0000] {processor.py:753} INFO - DAG(s) dict_keys(['example_kubernetes_executor']) retrieved from /home/airflow/.local/lib/python3.7/site-packages/airflow/example_dags/example_kubernetes_executor.py
[2023-10-25T19:18:43.573+0000] {logging_mixin.py:137} INFO - [2023-10-25T19:18:43.573+0000] {dag.py:2690} INFO - Sync 1 DAGs
[2023-10-25T19:18:43.590+0000] {logging_mixin.py:137} INFO - [2023-10-25T19:18:43.590+0000] {dag.py:3441} INFO - Setting next_dagrun for example_kubernetes_executor to None, run_after=None
[2023-10-25T19:18:43.601+0000] {processor.py:175} INFO - Processing /home/airflow/.local/lib/python3.7/site-packages/airflow/example_dags/example_kubernetes_executor.py took 0.086 seconds
[2023-10-25T20:25:21.420+0000] {processor.py:153} INFO - Started process (PID=42568) to work on /home/airflow/.local/lib/python3.7/site-packages/airflow/example_dags/example_kubernetes_executor.py
[2023-10-25T20:25:21.420+0000] {processor.py:743} INFO - Processing file /home/airflow/.local/lib/python3.7/site-packages/airflow/example_dags/example_kubernetes_executor.py for tasks to queue
[2023-10-25T20:25:21.420+0000] {logging_mixin.py:137} INFO - [2023-10-25T20:25:21.420+0000] {dagbag.py:538} INFO - Filling up the DagBag from /home/airflow/.local/lib/python3.7/site-packages/airflow/example_dags/example_kubernetes_executor.py
[2023-10-25T20:25:21.436+0000] {processor.py:753} INFO - DAG(s) dict_keys(['example_kubernetes_executor']) retrieved from /home/airflow/.local/lib/python3.7/site-packages/airflow/example_dags/example_kubernetes_executor.py
[2023-10-25T20:25:21.451+0000] {logging_mixin.py:137} INFO - [2023-10-25T20:25:21.451+0000] {dag.py:2690} INFO - Sync 1 DAGs
[2023-10-25T20:25:21.464+0000] {logging_mixin.py:137} INFO - [2023-10-25T20:25:21.464+0000] {dag.py:3441} INFO - Setting next_dagrun for example_kubernetes_executor to None, run_after=None
[2023-10-25T20:25:21.473+0000] {processor.py:175} INFO - Processing /home/airflow/.local/lib/python3.7/site-packages/airflow/example_dags/example_kubernetes_executor.py took 0.056 seconds
[2023-10-25T21:36:23.923+0000] {processor.py:153} INFO - Started process (PID=42653) to work on /home/airflow/.local/lib/python3.7/site-packages/airflow/example_dags/example_kubernetes_executor.py
[2023-10-25T21:36:23.924+0000] {processor.py:743} INFO - Processing file /home/airflow/.local/lib/python3.7/site-packages/airflow/example_dags/example_kubernetes_executor.py for tasks to queue
[2023-10-25T21:36:23.924+0000] {logging_mixin.py:137} INFO - [2023-10-25T21:36:23.924+0000] {dagbag.py:538} INFO - Filling up the DagBag from /home/airflow/.local/lib/python3.7/site-packages/airflow/example_dags/example_kubernetes_executor.py
[2023-10-25T21:36:23.939+0000] {processor.py:753} INFO - DAG(s) dict_keys(['example_kubernetes_executor']) retrieved from /home/airflow/.local/lib/python3.7/site-packages/airflow/example_dags/example_kubernetes_executor.py
[2023-10-25T21:36:23.956+0000] {logging_mixin.py:137} INFO - [2023-10-25T21:36:23.956+0000] {dag.py:2690} INFO - Sync 1 DAGs
[2023-10-25T21:36:23.967+0000] {logging_mixin.py:137} INFO - [2023-10-25T21:36:23.967+0000] {dag.py:3441} INFO - Setting next_dagrun for example_kubernetes_executor to None, run_after=None
[2023-10-25T21:36:23.976+0000] {processor.py:175} INFO - Processing /home/airflow/.local/lib/python3.7/site-packages/airflow/example_dags/example_kubernetes_executor.py took 0.055 seconds
[2023-10-25T22:31:16.448+0000] {processor.py:153} INFO - Started process (PID=42738) to work on /home/airflow/.local/lib/python3.7/site-packages/airflow/example_dags/example_kubernetes_executor.py
[2023-10-25T22:31:16.448+0000] {processor.py:743} INFO - Processing file /home/airflow/.local/lib/python3.7/site-packages/airflow/example_dags/example_kubernetes_executor.py for tasks to queue
[2023-10-25T22:31:16.449+0000] {logging_mixin.py:137} INFO - [2023-10-25T22:31:16.449+0000] {dagbag.py:538} INFO - Filling up the DagBag from /home/airflow/.local/lib/python3.7/site-packages/airflow/example_dags/example_kubernetes_executor.py
[2023-10-25T22:31:16.464+0000] {processor.py:753} INFO - DAG(s) dict_keys(['example_kubernetes_executor']) retrieved from /home/airflow/.local/lib/python3.7/site-packages/airflow/example_dags/example_kubernetes_executor.py
[2023-10-25T22:31:16.479+0000] {logging_mixin.py:137} INFO - [2023-10-25T22:31:16.479+0000] {dag.py:2690} INFO - Sync 1 DAGs
[2023-10-25T22:31:16.492+0000] {logging_mixin.py:137} INFO - [2023-10-25T22:31:16.492+0000] {dag.py:3441} INFO - Setting next_dagrun for example_kubernetes_executor to None, run_after=None
[2023-10-25T22:31:16.501+0000] {processor.py:175} INFO - Processing /home/airflow/.local/lib/python3.7/site-packages/airflow/example_dags/example_kubernetes_executor.py took 0.056 seconds
[2023-10-25T23:53:43.097+0000] {processor.py:153} INFO - Started process (PID=42832) to work on /home/airflow/.local/lib/python3.7/site-packages/airflow/example_dags/example_kubernetes_executor.py
[2023-10-25T23:53:43.097+0000] {processor.py:743} INFO - Processing file /home/airflow/.local/lib/python3.7/site-packages/airflow/example_dags/example_kubernetes_executor.py for tasks to queue
[2023-10-25T23:53:43.098+0000] {logging_mixin.py:137} INFO - [2023-10-25T23:53:43.098+0000] {dagbag.py:538} INFO - Filling up the DagBag from /home/airflow/.local/lib/python3.7/site-packages/airflow/example_dags/example_kubernetes_executor.py
[2023-10-25T23:53:43.113+0000] {processor.py:753} INFO - DAG(s) dict_keys(['example_kubernetes_executor']) retrieved from /home/airflow/.local/lib/python3.7/site-packages/airflow/example_dags/example_kubernetes_executor.py
[2023-10-25T23:53:43.129+0000] {logging_mixin.py:137} INFO - [2023-10-25T23:53:43.129+0000] {dag.py:2690} INFO - Sync 1 DAGs
[2023-10-25T23:53:43.141+0000] {logging_mixin.py:137} INFO - [2023-10-25T23:53:43.141+0000] {dag.py:3441} INFO - Setting next_dagrun for example_kubernetes_executor to None, run_after=None
[2023-10-25T23:53:43.150+0000] {processor.py:175} INFO - Processing /home/airflow/.local/lib/python3.7/site-packages/airflow/example_dags/example_kubernetes_executor.py took 0.056 seconds
