[2023-10-25T01:12:50.213+0000] {processor.py:153} INFO - Started process (PID=41228) to work on /home/airflow/.local/lib/python3.7/site-packages/airflow/example_dags/example_branch_labels.py
[2023-10-25T01:12:50.217+0000] {processor.py:743} INFO - Processing file /home/airflow/.local/lib/python3.7/site-packages/airflow/example_dags/example_branch_labels.py for tasks to queue
[2023-10-25T01:12:50.223+0000] {logging_mixin.py:137} INFO - [2023-10-25T01:12:50.223+0000] {dagbag.py:538} INFO - Filling up the DagBag from /home/airflow/.local/lib/python3.7/site-packages/airflow/example_dags/example_branch_labels.py
[2023-10-25T01:12:50.245+0000] {processor.py:753} INFO - DAG(s) dict_keys(['example_branch_labels']) retrieved from /home/airflow/.local/lib/python3.7/site-packages/airflow/example_dags/example_branch_labels.py
[2023-10-25T01:12:50.263+0000] {logging_mixin.py:137} INFO - [2023-10-25T01:12:50.263+0000] {dag.py:2690} INFO - Sync 1 DAGs
[2023-10-25T01:12:50.277+0000] {logging_mixin.py:137} INFO - [2023-10-25T01:12:50.277+0000] {dag.py:3441} INFO - Setting next_dagrun for example_branch_labels to 2023-10-24T00:00:00+00:00, run_after=2023-10-25T00:00:00+00:00
[2023-10-25T01:12:50.287+0000] {processor.py:175} INFO - Processing /home/airflow/.local/lib/python3.7/site-packages/airflow/example_dags/example_branch_labels.py took 0.084 seconds
[2023-10-25T02:33:36.328+0000] {processor.py:153} INFO - Started process (PID=41304) to work on /home/airflow/.local/lib/python3.7/site-packages/airflow/example_dags/example_branch_labels.py
[2023-10-25T02:33:36.330+0000] {processor.py:743} INFO - Processing file /home/airflow/.local/lib/python3.7/site-packages/airflow/example_dags/example_branch_labels.py for tasks to queue
[2023-10-25T02:33:36.331+0000] {logging_mixin.py:137} INFO - [2023-10-25T02:33:36.330+0000] {dagbag.py:538} INFO - Filling up the DagBag from /home/airflow/.local/lib/python3.7/site-packages/airflow/example_dags/example_branch_labels.py
[2023-10-25T02:33:36.341+0000] {processor.py:753} INFO - DAG(s) dict_keys(['example_branch_labels']) retrieved from /home/airflow/.local/lib/python3.7/site-packages/airflow/example_dags/example_branch_labels.py
[2023-10-25T02:33:36.361+0000] {logging_mixin.py:137} INFO - [2023-10-25T02:33:36.361+0000] {dag.py:2690} INFO - Sync 1 DAGs
[2023-10-25T02:33:36.379+0000] {logging_mixin.py:137} INFO - [2023-10-25T02:33:36.379+0000] {dag.py:3441} INFO - Setting next_dagrun for example_branch_labels to 2023-10-24T00:00:00+00:00, run_after=2023-10-25T00:00:00+00:00
[2023-10-25T02:33:36.389+0000] {processor.py:175} INFO - Processing /home/airflow/.local/lib/python3.7/site-packages/airflow/example_dags/example_branch_labels.py took 0.063 seconds
[2023-10-25T04:14:03.769+0000] {processor.py:153} INFO - Started process (PID=41398) to work on /home/airflow/.local/lib/python3.7/site-packages/airflow/example_dags/example_branch_labels.py
[2023-10-25T04:14:03.771+0000] {processor.py:743} INFO - Processing file /home/airflow/.local/lib/python3.7/site-packages/airflow/example_dags/example_branch_labels.py for tasks to queue
[2023-10-25T04:14:03.772+0000] {logging_mixin.py:137} INFO - [2023-10-25T04:14:03.772+0000] {dagbag.py:538} INFO - Filling up the DagBag from /home/airflow/.local/lib/python3.7/site-packages/airflow/example_dags/example_branch_labels.py
[2023-10-25T04:14:03.787+0000] {processor.py:753} INFO - DAG(s) dict_keys(['example_branch_labels']) retrieved from /home/airflow/.local/lib/python3.7/site-packages/airflow/example_dags/example_branch_labels.py
[2023-10-25T04:14:03.817+0000] {logging_mixin.py:137} INFO - [2023-10-25T04:14:03.817+0000] {dag.py:2690} INFO - Sync 1 DAGs
[2023-10-25T04:14:03.839+0000] {logging_mixin.py:137} INFO - [2023-10-25T04:14:03.839+0000] {dag.py:3441} INFO - Setting next_dagrun for example_branch_labels to 2023-10-24T00:00:00+00:00, run_after=2023-10-25T00:00:00+00:00
[2023-10-25T04:14:03.853+0000] {processor.py:175} INFO - Processing /home/airflow/.local/lib/python3.7/site-packages/airflow/example_dags/example_branch_labels.py took 0.089 seconds
[2023-10-25T05:36:37.695+0000] {processor.py:153} INFO - Started process (PID=41492) to work on /home/airflow/.local/lib/python3.7/site-packages/airflow/example_dags/example_branch_labels.py
[2023-10-25T05:36:37.696+0000] {processor.py:743} INFO - Processing file /home/airflow/.local/lib/python3.7/site-packages/airflow/example_dags/example_branch_labels.py for tasks to queue
[2023-10-25T05:36:37.696+0000] {logging_mixin.py:137} INFO - [2023-10-25T05:36:37.696+0000] {dagbag.py:538} INFO - Filling up the DagBag from /home/airflow/.local/lib/python3.7/site-packages/airflow/example_dags/example_branch_labels.py
[2023-10-25T05:36:37.705+0000] {processor.py:753} INFO - DAG(s) dict_keys(['example_branch_labels']) retrieved from /home/airflow/.local/lib/python3.7/site-packages/airflow/example_dags/example_branch_labels.py
[2023-10-25T05:36:37.721+0000] {logging_mixin.py:137} INFO - [2023-10-25T05:36:37.721+0000] {dag.py:2690} INFO - Sync 1 DAGs
[2023-10-25T05:36:37.734+0000] {logging_mixin.py:137} INFO - [2023-10-25T05:36:37.734+0000] {dag.py:3441} INFO - Setting next_dagrun for example_branch_labels to 2023-10-24T00:00:00+00:00, run_after=2023-10-25T00:00:00+00:00
[2023-10-25T05:36:37.741+0000] {processor.py:175} INFO - Processing /home/airflow/.local/lib/python3.7/site-packages/airflow/example_dags/example_branch_labels.py took 0.048 seconds
[2023-10-25T06:54:07.588+0000] {processor.py:153} INFO - Started process (PID=41567) to work on /home/airflow/.local/lib/python3.7/site-packages/airflow/example_dags/example_branch_labels.py
[2023-10-25T06:54:07.589+0000] {processor.py:743} INFO - Processing file /home/airflow/.local/lib/python3.7/site-packages/airflow/example_dags/example_branch_labels.py for tasks to queue
[2023-10-25T06:54:07.590+0000] {logging_mixin.py:137} INFO - [2023-10-25T06:54:07.590+0000] {dagbag.py:538} INFO - Filling up the DagBag from /home/airflow/.local/lib/python3.7/site-packages/airflow/example_dags/example_branch_labels.py
[2023-10-25T06:54:07.599+0000] {processor.py:753} INFO - DAG(s) dict_keys(['example_branch_labels']) retrieved from /home/airflow/.local/lib/python3.7/site-packages/airflow/example_dags/example_branch_labels.py
[2023-10-25T06:54:07.616+0000] {logging_mixin.py:137} INFO - [2023-10-25T06:54:07.616+0000] {dag.py:2690} INFO - Sync 1 DAGs
[2023-10-25T06:54:07.632+0000] {logging_mixin.py:137} INFO - [2023-10-25T06:54:07.632+0000] {dag.py:3441} INFO - Setting next_dagrun for example_branch_labels to 2023-10-24T00:00:00+00:00, run_after=2023-10-25T00:00:00+00:00
[2023-10-25T06:54:07.642+0000] {processor.py:175} INFO - Processing /home/airflow/.local/lib/python3.7/site-packages/airflow/example_dags/example_branch_labels.py took 0.057 seconds
[2023-10-25T08:35:32.534+0000] {processor.py:153} INFO - Started process (PID=41661) to work on /home/airflow/.local/lib/python3.7/site-packages/airflow/example_dags/example_branch_labels.py
[2023-10-25T08:35:32.535+0000] {processor.py:743} INFO - Processing file /home/airflow/.local/lib/python3.7/site-packages/airflow/example_dags/example_branch_labels.py for tasks to queue
[2023-10-25T08:35:32.535+0000] {logging_mixin.py:137} INFO - [2023-10-25T08:35:32.535+0000] {dagbag.py:538} INFO - Filling up the DagBag from /home/airflow/.local/lib/python3.7/site-packages/airflow/example_dags/example_branch_labels.py
[2023-10-25T08:35:32.546+0000] {processor.py:753} INFO - DAG(s) dict_keys(['example_branch_labels']) retrieved from /home/airflow/.local/lib/python3.7/site-packages/airflow/example_dags/example_branch_labels.py
[2023-10-25T08:35:32.566+0000] {logging_mixin.py:137} INFO - [2023-10-25T08:35:32.566+0000] {dag.py:2690} INFO - Sync 1 DAGs
[2023-10-25T08:35:32.583+0000] {logging_mixin.py:137} INFO - [2023-10-25T08:35:32.583+0000] {dag.py:3441} INFO - Setting next_dagrun for example_branch_labels to 2023-10-24T00:00:00+00:00, run_after=2023-10-25T00:00:00+00:00
[2023-10-25T08:35:32.593+0000] {processor.py:175} INFO - Processing /home/airflow/.local/lib/python3.7/site-packages/airflow/example_dags/example_branch_labels.py took 0.062 seconds
[2023-10-25T10:14:51.356+0000] {processor.py:153} INFO - Started process (PID=41755) to work on /home/airflow/.local/lib/python3.7/site-packages/airflow/example_dags/example_branch_labels.py
[2023-10-25T10:14:51.357+0000] {processor.py:743} INFO - Processing file /home/airflow/.local/lib/python3.7/site-packages/airflow/example_dags/example_branch_labels.py for tasks to queue
[2023-10-25T10:14:51.358+0000] {logging_mixin.py:137} INFO - [2023-10-25T10:14:51.358+0000] {dagbag.py:538} INFO - Filling up the DagBag from /home/airflow/.local/lib/python3.7/site-packages/airflow/example_dags/example_branch_labels.py
[2023-10-25T10:14:51.368+0000] {processor.py:753} INFO - DAG(s) dict_keys(['example_branch_labels']) retrieved from /home/airflow/.local/lib/python3.7/site-packages/airflow/example_dags/example_branch_labels.py
[2023-10-25T10:14:51.386+0000] {logging_mixin.py:137} INFO - [2023-10-25T10:14:51.386+0000] {dag.py:2690} INFO - Sync 1 DAGs
[2023-10-25T10:14:51.401+0000] {logging_mixin.py:137} INFO - [2023-10-25T10:14:51.401+0000] {dag.py:3441} INFO - Setting next_dagrun for example_branch_labels to 2023-10-24T00:00:00+00:00, run_after=2023-10-25T00:00:00+00:00
[2023-10-25T10:14:51.411+0000] {processor.py:175} INFO - Processing /home/airflow/.local/lib/python3.7/site-packages/airflow/example_dags/example_branch_labels.py took 0.059 seconds
[2023-10-25T11:37:55.326+0000] {processor.py:153} INFO - Started process (PID=41831) to work on /home/airflow/.local/lib/python3.7/site-packages/airflow/example_dags/example_branch_labels.py
[2023-10-25T11:37:55.327+0000] {processor.py:743} INFO - Processing file /home/airflow/.local/lib/python3.7/site-packages/airflow/example_dags/example_branch_labels.py for tasks to queue
[2023-10-25T11:37:55.327+0000] {logging_mixin.py:137} INFO - [2023-10-25T11:37:55.327+0000] {dagbag.py:538} INFO - Filling up the DagBag from /home/airflow/.local/lib/python3.7/site-packages/airflow/example_dags/example_branch_labels.py
[2023-10-25T11:37:55.336+0000] {processor.py:753} INFO - DAG(s) dict_keys(['example_branch_labels']) retrieved from /home/airflow/.local/lib/python3.7/site-packages/airflow/example_dags/example_branch_labels.py
[2023-10-25T11:37:55.349+0000] {logging_mixin.py:137} INFO - [2023-10-25T11:37:55.349+0000] {dag.py:2690} INFO - Sync 1 DAGs
[2023-10-25T11:37:55.362+0000] {logging_mixin.py:137} INFO - [2023-10-25T11:37:55.361+0000] {dag.py:3441} INFO - Setting next_dagrun for example_branch_labels to 2023-10-24T00:00:00+00:00, run_after=2023-10-25T00:00:00+00:00
[2023-10-25T11:37:55.369+0000] {processor.py:175} INFO - Processing /home/airflow/.local/lib/python3.7/site-packages/airflow/example_dags/example_branch_labels.py took 0.045 seconds
[2023-10-25T13:17:55.979+0000] {processor.py:153} INFO - Started process (PID=41925) to work on /home/airflow/.local/lib/python3.7/site-packages/airflow/example_dags/example_branch_labels.py
[2023-10-25T13:17:55.979+0000] {processor.py:743} INFO - Processing file /home/airflow/.local/lib/python3.7/site-packages/airflow/example_dags/example_branch_labels.py for tasks to queue
[2023-10-25T13:17:55.980+0000] {logging_mixin.py:137} INFO - [2023-10-25T13:17:55.980+0000] {dagbag.py:538} INFO - Filling up the DagBag from /home/airflow/.local/lib/python3.7/site-packages/airflow/example_dags/example_branch_labels.py
[2023-10-25T13:17:55.990+0000] {processor.py:753} INFO - DAG(s) dict_keys(['example_branch_labels']) retrieved from /home/airflow/.local/lib/python3.7/site-packages/airflow/example_dags/example_branch_labels.py
[2023-10-25T13:17:56.008+0000] {logging_mixin.py:137} INFO - [2023-10-25T13:17:56.008+0000] {dag.py:2690} INFO - Sync 1 DAGs
[2023-10-25T13:17:56.024+0000] {logging_mixin.py:137} INFO - [2023-10-25T13:17:56.024+0000] {dag.py:3441} INFO - Setting next_dagrun for example_branch_labels to 2023-10-24T00:00:00+00:00, run_after=2023-10-25T00:00:00+00:00
[2023-10-25T13:17:56.035+0000] {processor.py:175} INFO - Processing /home/airflow/.local/lib/python3.7/site-packages/airflow/example_dags/example_branch_labels.py took 0.060 seconds
[2023-10-25T14:32:17.003+0000] {processor.py:153} INFO - Started process (PID=42019) to work on /home/airflow/.local/lib/python3.7/site-packages/airflow/example_dags/example_branch_labels.py
[2023-10-25T14:32:17.004+0000] {processor.py:743} INFO - Processing file /home/airflow/.local/lib/python3.7/site-packages/airflow/example_dags/example_branch_labels.py for tasks to queue
[2023-10-25T14:32:17.004+0000] {logging_mixin.py:137} INFO - [2023-10-25T14:32:17.004+0000] {dagbag.py:538} INFO - Filling up the DagBag from /home/airflow/.local/lib/python3.7/site-packages/airflow/example_dags/example_branch_labels.py
[2023-10-25T14:32:17.015+0000] {processor.py:753} INFO - DAG(s) dict_keys(['example_branch_labels']) retrieved from /home/airflow/.local/lib/python3.7/site-packages/airflow/example_dags/example_branch_labels.py
[2023-10-25T14:32:17.034+0000] {logging_mixin.py:137} INFO - [2023-10-25T14:32:17.034+0000] {dag.py:2690} INFO - Sync 1 DAGs
[2023-10-25T14:32:17.050+0000] {logging_mixin.py:137} INFO - [2023-10-25T14:32:17.050+0000] {dag.py:3441} INFO - Setting next_dagrun for example_branch_labels to 2023-10-24T00:00:00+00:00, run_after=2023-10-25T00:00:00+00:00
[2023-10-25T14:32:17.062+0000] {processor.py:175} INFO - Processing /home/airflow/.local/lib/python3.7/site-packages/airflow/example_dags/example_branch_labels.py took 0.063 seconds
[2023-10-25T15:55:10.216+0000] {processor.py:153} INFO - Started process (PID=42094) to work on /home/airflow/.local/lib/python3.7/site-packages/airflow/example_dags/example_branch_labels.py
[2023-10-25T15:55:10.217+0000] {processor.py:743} INFO - Processing file /home/airflow/.local/lib/python3.7/site-packages/airflow/example_dags/example_branch_labels.py for tasks to queue
[2023-10-25T15:55:10.218+0000] {logging_mixin.py:137} INFO - [2023-10-25T15:55:10.218+0000] {dagbag.py:538} INFO - Filling up the DagBag from /home/airflow/.local/lib/python3.7/site-packages/airflow/example_dags/example_branch_labels.py
[2023-10-25T15:55:10.228+0000] {processor.py:753} INFO - DAG(s) dict_keys(['example_branch_labels']) retrieved from /home/airflow/.local/lib/python3.7/site-packages/airflow/example_dags/example_branch_labels.py
[2023-10-25T15:55:10.252+0000] {logging_mixin.py:137} INFO - [2023-10-25T15:55:10.252+0000] {dag.py:2690} INFO - Sync 1 DAGs
[2023-10-25T15:55:10.273+0000] {logging_mixin.py:137} INFO - [2023-10-25T15:55:10.273+0000] {dag.py:3441} INFO - Setting next_dagrun for example_branch_labels to 2023-10-24T00:00:00+00:00, run_after=2023-10-25T00:00:00+00:00
[2023-10-25T15:55:10.286+0000] {processor.py:175} INFO - Processing /home/airflow/.local/lib/python3.7/site-packages/airflow/example_dags/example_branch_labels.py took 0.073 seconds
[2023-10-25T17:35:08.414+0000] {processor.py:153} INFO - Started process (PID=42188) to work on /home/airflow/.local/lib/python3.7/site-packages/airflow/example_dags/example_branch_labels.py
[2023-10-25T17:35:08.415+0000] {processor.py:743} INFO - Processing file /home/airflow/.local/lib/python3.7/site-packages/airflow/example_dags/example_branch_labels.py for tasks to queue
[2023-10-25T17:35:08.416+0000] {logging_mixin.py:137} INFO - [2023-10-25T17:35:08.416+0000] {dagbag.py:538} INFO - Filling up the DagBag from /home/airflow/.local/lib/python3.7/site-packages/airflow/example_dags/example_branch_labels.py
[2023-10-25T17:35:08.426+0000] {processor.py:753} INFO - DAG(s) dict_keys(['example_branch_labels']) retrieved from /home/airflow/.local/lib/python3.7/site-packages/airflow/example_dags/example_branch_labels.py
[2023-10-25T17:35:08.444+0000] {logging_mixin.py:137} INFO - [2023-10-25T17:35:08.444+0000] {dag.py:2690} INFO - Sync 1 DAGs
[2023-10-25T17:35:08.459+0000] {logging_mixin.py:137} INFO - [2023-10-25T17:35:08.459+0000] {dag.py:3441} INFO - Setting next_dagrun for example_branch_labels to 2023-10-24T00:00:00+00:00, run_after=2023-10-25T00:00:00+00:00
[2023-10-25T17:35:08.470+0000] {processor.py:175} INFO - Processing /home/airflow/.local/lib/python3.7/site-packages/airflow/example_dags/example_branch_labels.py took 0.058 seconds
[2023-10-25T18:42:52.791+0000] {processor.py:153} INFO - Started process (PID=42282) to work on /home/airflow/.local/lib/python3.7/site-packages/airflow/example_dags/example_branch_labels.py
[2023-10-25T18:42:52.793+0000] {processor.py:743} INFO - Processing file /home/airflow/.local/lib/python3.7/site-packages/airflow/example_dags/example_branch_labels.py for tasks to queue
[2023-10-25T18:42:52.794+0000] {logging_mixin.py:137} INFO - [2023-10-25T18:42:52.793+0000] {dagbag.py:538} INFO - Filling up the DagBag from /home/airflow/.local/lib/python3.7/site-packages/airflow/example_dags/example_branch_labels.py
[2023-10-25T18:42:52.809+0000] {processor.py:753} INFO - DAG(s) dict_keys(['example_branch_labels']) retrieved from /home/airflow/.local/lib/python3.7/site-packages/airflow/example_dags/example_branch_labels.py
[2023-10-25T18:42:52.828+0000] {logging_mixin.py:137} INFO - [2023-10-25T18:42:52.828+0000] {dag.py:2690} INFO - Sync 1 DAGs
[2023-10-25T18:42:52.844+0000] {logging_mixin.py:137} INFO - [2023-10-25T18:42:52.844+0000] {dag.py:3441} INFO - Setting next_dagrun for example_branch_labels to 2023-10-24T00:00:00+00:00, run_after=2023-10-25T00:00:00+00:00
[2023-10-25T18:42:52.856+0000] {processor.py:175} INFO - Processing /home/airflow/.local/lib/python3.7/site-packages/airflow/example_dags/example_branch_labels.py took 0.070 seconds
[2023-10-25T18:43:23.565+0000] {processor.py:153} INFO - Started process (PID=42367) to work on /home/airflow/.local/lib/python3.7/site-packages/airflow/example_dags/example_branch_labels.py
[2023-10-25T18:43:23.565+0000] {processor.py:743} INFO - Processing file /home/airflow/.local/lib/python3.7/site-packages/airflow/example_dags/example_branch_labels.py for tasks to queue
[2023-10-25T18:43:23.566+0000] {logging_mixin.py:137} INFO - [2023-10-25T18:43:23.565+0000] {dagbag.py:538} INFO - Filling up the DagBag from /home/airflow/.local/lib/python3.7/site-packages/airflow/example_dags/example_branch_labels.py
[2023-10-25T18:43:23.575+0000] {processor.py:753} INFO - DAG(s) dict_keys(['example_branch_labels']) retrieved from /home/airflow/.local/lib/python3.7/site-packages/airflow/example_dags/example_branch_labels.py
[2023-10-25T18:43:23.589+0000] {logging_mixin.py:137} INFO - [2023-10-25T18:43:23.589+0000] {dag.py:2690} INFO - Sync 1 DAGs
[2023-10-25T18:43:23.602+0000] {logging_mixin.py:137} INFO - [2023-10-25T18:43:23.602+0000] {dag.py:3441} INFO - Setting next_dagrun for example_branch_labels to 2023-10-24T00:00:00+00:00, run_after=2023-10-25T00:00:00+00:00
[2023-10-25T18:43:23.610+0000] {processor.py:175} INFO - Processing /home/airflow/.local/lib/python3.7/site-packages/airflow/example_dags/example_branch_labels.py took 0.048 seconds
[2023-10-25T19:18:42.799+0000] {processor.py:153} INFO - Started process (PID=42452) to work on /home/airflow/.local/lib/python3.7/site-packages/airflow/example_dags/example_branch_labels.py
[2023-10-25T19:18:42.800+0000] {processor.py:743} INFO - Processing file /home/airflow/.local/lib/python3.7/site-packages/airflow/example_dags/example_branch_labels.py for tasks to queue
[2023-10-25T19:18:42.800+0000] {logging_mixin.py:137} INFO - [2023-10-25T19:18:42.800+0000] {dagbag.py:538} INFO - Filling up the DagBag from /home/airflow/.local/lib/python3.7/site-packages/airflow/example_dags/example_branch_labels.py
[2023-10-25T19:18:42.811+0000] {processor.py:753} INFO - DAG(s) dict_keys(['example_branch_labels']) retrieved from /home/airflow/.local/lib/python3.7/site-packages/airflow/example_dags/example_branch_labels.py
[2023-10-25T19:18:42.826+0000] {logging_mixin.py:137} INFO - [2023-10-25T19:18:42.826+0000] {dag.py:2690} INFO - Sync 1 DAGs
[2023-10-25T19:18:42.838+0000] {logging_mixin.py:137} INFO - [2023-10-25T19:18:42.838+0000] {dag.py:3441} INFO - Setting next_dagrun for example_branch_labels to 2023-10-24T00:00:00+00:00, run_after=2023-10-25T00:00:00+00:00
[2023-10-25T19:18:42.847+0000] {processor.py:175} INFO - Processing /home/airflow/.local/lib/python3.7/site-packages/airflow/example_dags/example_branch_labels.py took 0.049 seconds
[2023-10-25T20:25:20.541+0000] {processor.py:153} INFO - Started process (PID=42546) to work on /home/airflow/.local/lib/python3.7/site-packages/airflow/example_dags/example_branch_labels.py
[2023-10-25T20:25:20.542+0000] {processor.py:743} INFO - Processing file /home/airflow/.local/lib/python3.7/site-packages/airflow/example_dags/example_branch_labels.py for tasks to queue
[2023-10-25T20:25:20.543+0000] {logging_mixin.py:137} INFO - [2023-10-25T20:25:20.543+0000] {dagbag.py:538} INFO - Filling up the DagBag from /home/airflow/.local/lib/python3.7/site-packages/airflow/example_dags/example_branch_labels.py
[2023-10-25T20:25:20.554+0000] {processor.py:753} INFO - DAG(s) dict_keys(['example_branch_labels']) retrieved from /home/airflow/.local/lib/python3.7/site-packages/airflow/example_dags/example_branch_labels.py
[2023-10-25T20:25:20.574+0000] {logging_mixin.py:137} INFO - [2023-10-25T20:25:20.574+0000] {dag.py:2690} INFO - Sync 1 DAGs
[2023-10-25T20:25:20.594+0000] {logging_mixin.py:137} INFO - [2023-10-25T20:25:20.593+0000] {dag.py:3441} INFO - Setting next_dagrun for example_branch_labels to 2023-10-24T00:00:00+00:00, run_after=2023-10-25T00:00:00+00:00
[2023-10-25T20:25:20.605+0000] {processor.py:175} INFO - Processing /home/airflow/.local/lib/python3.7/site-packages/airflow/example_dags/example_branch_labels.py took 0.067 seconds
[2023-10-25T21:36:22.798+0000] {processor.py:153} INFO - Started process (PID=42622) to work on /home/airflow/.local/lib/python3.7/site-packages/airflow/example_dags/example_branch_labels.py
[2023-10-25T21:36:22.798+0000] {processor.py:743} INFO - Processing file /home/airflow/.local/lib/python3.7/site-packages/airflow/example_dags/example_branch_labels.py for tasks to queue
[2023-10-25T21:36:22.799+0000] {logging_mixin.py:137} INFO - [2023-10-25T21:36:22.799+0000] {dagbag.py:538} INFO - Filling up the DagBag from /home/airflow/.local/lib/python3.7/site-packages/airflow/example_dags/example_branch_labels.py
[2023-10-25T21:36:22.807+0000] {processor.py:753} INFO - DAG(s) dict_keys(['example_branch_labels']) retrieved from /home/airflow/.local/lib/python3.7/site-packages/airflow/example_dags/example_branch_labels.py
[2023-10-25T21:36:22.821+0000] {logging_mixin.py:137} INFO - [2023-10-25T21:36:22.821+0000] {dag.py:2690} INFO - Sync 1 DAGs
[2023-10-25T21:36:22.834+0000] {logging_mixin.py:137} INFO - [2023-10-25T21:36:22.834+0000] {dag.py:3441} INFO - Setting next_dagrun for example_branch_labels to 2023-10-24T00:00:00+00:00, run_after=2023-10-25T00:00:00+00:00
[2023-10-25T21:36:22.842+0000] {processor.py:175} INFO - Processing /home/airflow/.local/lib/python3.7/site-packages/airflow/example_dags/example_branch_labels.py took 0.046 seconds
[2023-10-25T22:31:15.386+0000] {processor.py:153} INFO - Started process (PID=42716) to work on /home/airflow/.local/lib/python3.7/site-packages/airflow/example_dags/example_branch_labels.py
[2023-10-25T22:31:15.386+0000] {processor.py:743} INFO - Processing file /home/airflow/.local/lib/python3.7/site-packages/airflow/example_dags/example_branch_labels.py for tasks to queue
[2023-10-25T22:31:15.387+0000] {logging_mixin.py:137} INFO - [2023-10-25T22:31:15.387+0000] {dagbag.py:538} INFO - Filling up the DagBag from /home/airflow/.local/lib/python3.7/site-packages/airflow/example_dags/example_branch_labels.py
[2023-10-25T22:31:15.400+0000] {processor.py:753} INFO - DAG(s) dict_keys(['example_branch_labels']) retrieved from /home/airflow/.local/lib/python3.7/site-packages/airflow/example_dags/example_branch_labels.py
[2023-10-25T22:31:15.426+0000] {logging_mixin.py:137} INFO - [2023-10-25T22:31:15.426+0000] {dag.py:2690} INFO - Sync 1 DAGs
[2023-10-25T22:31:15.441+0000] {logging_mixin.py:137} INFO - [2023-10-25T22:31:15.441+0000] {dag.py:3441} INFO - Setting next_dagrun for example_branch_labels to 2023-10-24T00:00:00+00:00, run_after=2023-10-25T00:00:00+00:00
[2023-10-25T22:31:15.453+0000] {processor.py:175} INFO - Processing /home/airflow/.local/lib/python3.7/site-packages/airflow/example_dags/example_branch_labels.py took 0.070 seconds
[2023-10-25T23:53:42.409+0000] {processor.py:153} INFO - Started process (PID=42810) to work on /home/airflow/.local/lib/python3.7/site-packages/airflow/example_dags/example_branch_labels.py
[2023-10-25T23:53:42.410+0000] {processor.py:743} INFO - Processing file /home/airflow/.local/lib/python3.7/site-packages/airflow/example_dags/example_branch_labels.py for tasks to queue
[2023-10-25T23:53:42.410+0000] {logging_mixin.py:137} INFO - [2023-10-25T23:53:42.410+0000] {dagbag.py:538} INFO - Filling up the DagBag from /home/airflow/.local/lib/python3.7/site-packages/airflow/example_dags/example_branch_labels.py
[2023-10-25T23:53:42.419+0000] {processor.py:753} INFO - DAG(s) dict_keys(['example_branch_labels']) retrieved from /home/airflow/.local/lib/python3.7/site-packages/airflow/example_dags/example_branch_labels.py
[2023-10-25T23:53:42.433+0000] {logging_mixin.py:137} INFO - [2023-10-25T23:53:42.433+0000] {dag.py:2690} INFO - Sync 1 DAGs
[2023-10-25T23:53:42.445+0000] {logging_mixin.py:137} INFO - [2023-10-25T23:53:42.445+0000] {dag.py:3441} INFO - Setting next_dagrun for example_branch_labels to 2023-10-24T00:00:00+00:00, run_after=2023-10-25T00:00:00+00:00
[2023-10-25T23:53:42.453+0000] {processor.py:175} INFO - Processing /home/airflow/.local/lib/python3.7/site-packages/airflow/example_dags/example_branch_labels.py took 0.046 seconds
