[2023-10-25T01:12:51.497+0000] {processor.py:153} INFO - Started process (PID=41259) to work on /home/airflow/.local/lib/python3.7/site-packages/airflow/example_dags/example_skip_dag.py
[2023-10-25T01:12:51.498+0000] {processor.py:743} INFO - Processing file /home/airflow/.local/lib/python3.7/site-packages/airflow/example_dags/example_skip_dag.py for tasks to queue
[2023-10-25T01:12:51.498+0000] {logging_mixin.py:137} INFO - [2023-10-25T01:12:51.498+0000] {dagbag.py:538} INFO - Filling up the DagBag from /home/airflow/.local/lib/python3.7/site-packages/airflow/example_dags/example_skip_dag.py
[2023-10-25T01:12:51.506+0000] {processor.py:753} INFO - DAG(s) dict_keys(['example_skip_dag']) retrieved from /home/airflow/.local/lib/python3.7/site-packages/airflow/example_dags/example_skip_dag.py
[2023-10-25T01:12:51.519+0000] {logging_mixin.py:137} INFO - [2023-10-25T01:12:51.519+0000] {dag.py:2690} INFO - Sync 1 DAGs
[2023-10-25T01:12:51.530+0000] {logging_mixin.py:137} INFO - [2023-10-25T01:12:51.530+0000] {dag.py:3441} INFO - Setting next_dagrun for example_skip_dag to 2023-10-24T01:12:51.530174+00:00, run_after=2023-10-25T01:12:51.530174+00:00
[2023-10-25T01:12:51.538+0000] {processor.py:175} INFO - Processing /home/airflow/.local/lib/python3.7/site-packages/airflow/example_dags/example_skip_dag.py took 0.042 seconds
[2023-10-25T02:33:37.848+0000] {processor.py:153} INFO - Started process (PID=41344) to work on /home/airflow/.local/lib/python3.7/site-packages/airflow/example_dags/example_skip_dag.py
[2023-10-25T02:33:37.849+0000] {processor.py:743} INFO - Processing file /home/airflow/.local/lib/python3.7/site-packages/airflow/example_dags/example_skip_dag.py for tasks to queue
[2023-10-25T02:33:37.849+0000] {logging_mixin.py:137} INFO - [2023-10-25T02:33:37.849+0000] {dagbag.py:538} INFO - Filling up the DagBag from /home/airflow/.local/lib/python3.7/site-packages/airflow/example_dags/example_skip_dag.py
[2023-10-25T02:33:37.857+0000] {processor.py:753} INFO - DAG(s) dict_keys(['example_skip_dag']) retrieved from /home/airflow/.local/lib/python3.7/site-packages/airflow/example_dags/example_skip_dag.py
[2023-10-25T02:33:37.871+0000] {logging_mixin.py:137} INFO - [2023-10-25T02:33:37.871+0000] {dag.py:2690} INFO - Sync 1 DAGs
[2023-10-25T02:33:37.883+0000] {logging_mixin.py:137} INFO - [2023-10-25T02:33:37.883+0000] {dag.py:3441} INFO - Setting next_dagrun for example_skip_dag to 2023-10-24T02:33:37.882944+00:00, run_after=2023-10-25T02:33:37.882944+00:00
[2023-10-25T02:33:37.891+0000] {processor.py:175} INFO - Processing /home/airflow/.local/lib/python3.7/site-packages/airflow/example_dags/example_skip_dag.py took 0.045 seconds
[2023-10-25T04:14:04.866+0000] {processor.py:153} INFO - Started process (PID=41429) to work on /home/airflow/.local/lib/python3.7/site-packages/airflow/example_dags/example_skip_dag.py
[2023-10-25T04:14:04.867+0000] {processor.py:743} INFO - Processing file /home/airflow/.local/lib/python3.7/site-packages/airflow/example_dags/example_skip_dag.py for tasks to queue
[2023-10-25T04:14:04.867+0000] {logging_mixin.py:137} INFO - [2023-10-25T04:14:04.867+0000] {dagbag.py:538} INFO - Filling up the DagBag from /home/airflow/.local/lib/python3.7/site-packages/airflow/example_dags/example_skip_dag.py
[2023-10-25T04:14:04.875+0000] {processor.py:753} INFO - DAG(s) dict_keys(['example_skip_dag']) retrieved from /home/airflow/.local/lib/python3.7/site-packages/airflow/example_dags/example_skip_dag.py
[2023-10-25T04:14:04.889+0000] {logging_mixin.py:137} INFO - [2023-10-25T04:14:04.889+0000] {dag.py:2690} INFO - Sync 1 DAGs
[2023-10-25T04:14:04.901+0000] {logging_mixin.py:137} INFO - [2023-10-25T04:14:04.901+0000] {dag.py:3441} INFO - Setting next_dagrun for example_skip_dag to 2023-10-24T04:14:04.900900+00:00, run_after=2023-10-25T04:14:04.900900+00:00
[2023-10-25T04:14:04.909+0000] {processor.py:175} INFO - Processing /home/airflow/.local/lib/python3.7/site-packages/airflow/example_dags/example_skip_dag.py took 0.044 seconds
[2023-10-25T05:36:39.216+0000] {processor.py:153} INFO - Started process (PID=41523) to work on /home/airflow/.local/lib/python3.7/site-packages/airflow/example_dags/example_skip_dag.py
[2023-10-25T05:36:39.218+0000] {processor.py:743} INFO - Processing file /home/airflow/.local/lib/python3.7/site-packages/airflow/example_dags/example_skip_dag.py for tasks to queue
[2023-10-25T05:36:39.219+0000] {logging_mixin.py:137} INFO - [2023-10-25T05:36:39.219+0000] {dagbag.py:538} INFO - Filling up the DagBag from /home/airflow/.local/lib/python3.7/site-packages/airflow/example_dags/example_skip_dag.py
[2023-10-25T05:36:39.235+0000] {processor.py:753} INFO - DAG(s) dict_keys(['example_skip_dag']) retrieved from /home/airflow/.local/lib/python3.7/site-packages/airflow/example_dags/example_skip_dag.py
[2023-10-25T05:36:39.251+0000] {logging_mixin.py:137} INFO - [2023-10-25T05:36:39.251+0000] {dag.py:2690} INFO - Sync 1 DAGs
[2023-10-25T05:36:39.267+0000] {logging_mixin.py:137} INFO - [2023-10-25T05:36:39.267+0000] {dag.py:3441} INFO - Setting next_dagrun for example_skip_dag to 2023-10-24T05:36:39.267211+00:00, run_after=2023-10-25T05:36:39.267211+00:00
[2023-10-25T05:36:39.278+0000] {processor.py:175} INFO - Processing /home/airflow/.local/lib/python3.7/site-packages/airflow/example_dags/example_skip_dag.py took 0.067 seconds
[2023-10-25T06:54:08.876+0000] {processor.py:153} INFO - Started process (PID=41616) to work on /home/airflow/.local/lib/python3.7/site-packages/airflow/example_dags/example_skip_dag.py
[2023-10-25T06:54:08.877+0000] {processor.py:743} INFO - Processing file /home/airflow/.local/lib/python3.7/site-packages/airflow/example_dags/example_skip_dag.py for tasks to queue
[2023-10-25T06:54:08.877+0000] {logging_mixin.py:137} INFO - [2023-10-25T06:54:08.877+0000] {dagbag.py:538} INFO - Filling up the DagBag from /home/airflow/.local/lib/python3.7/site-packages/airflow/example_dags/example_skip_dag.py
[2023-10-25T06:54:08.886+0000] {processor.py:753} INFO - DAG(s) dict_keys(['example_skip_dag']) retrieved from /home/airflow/.local/lib/python3.7/site-packages/airflow/example_dags/example_skip_dag.py
[2023-10-25T06:54:08.901+0000] {logging_mixin.py:137} INFO - [2023-10-25T06:54:08.901+0000] {dag.py:2690} INFO - Sync 1 DAGs
[2023-10-25T06:54:08.914+0000] {logging_mixin.py:137} INFO - [2023-10-25T06:54:08.914+0000] {dag.py:3441} INFO - Setting next_dagrun for example_skip_dag to 2023-10-24T06:54:08.914030+00:00, run_after=2023-10-25T06:54:08.914030+00:00
[2023-10-25T06:54:08.923+0000] {processor.py:175} INFO - Processing /home/airflow/.local/lib/python3.7/site-packages/airflow/example_dags/example_skip_dag.py took 0.049 seconds
[2023-10-25T08:35:33.873+0000] {processor.py:153} INFO - Started process (PID=41692) to work on /home/airflow/.local/lib/python3.7/site-packages/airflow/example_dags/example_skip_dag.py
[2023-10-25T08:35:33.874+0000] {processor.py:743} INFO - Processing file /home/airflow/.local/lib/python3.7/site-packages/airflow/example_dags/example_skip_dag.py for tasks to queue
[2023-10-25T08:35:33.874+0000] {logging_mixin.py:137} INFO - [2023-10-25T08:35:33.874+0000] {dagbag.py:538} INFO - Filling up the DagBag from /home/airflow/.local/lib/python3.7/site-packages/airflow/example_dags/example_skip_dag.py
[2023-10-25T08:35:33.882+0000] {processor.py:753} INFO - DAG(s) dict_keys(['example_skip_dag']) retrieved from /home/airflow/.local/lib/python3.7/site-packages/airflow/example_dags/example_skip_dag.py
[2023-10-25T08:35:33.895+0000] {logging_mixin.py:137} INFO - [2023-10-25T08:35:33.895+0000] {dag.py:2690} INFO - Sync 1 DAGs
[2023-10-25T08:35:33.906+0000] {logging_mixin.py:137} INFO - [2023-10-25T08:35:33.906+0000] {dag.py:3441} INFO - Setting next_dagrun for example_skip_dag to 2023-10-24T08:35:33.906558+00:00, run_after=2023-10-25T08:35:33.906558+00:00
[2023-10-25T08:35:33.914+0000] {processor.py:175} INFO - Processing /home/airflow/.local/lib/python3.7/site-packages/airflow/example_dags/example_skip_dag.py took 0.043 seconds
[2023-10-25T10:14:52.627+0000] {processor.py:153} INFO - Started process (PID=41786) to work on /home/airflow/.local/lib/python3.7/site-packages/airflow/example_dags/example_skip_dag.py
[2023-10-25T10:14:52.627+0000] {processor.py:743} INFO - Processing file /home/airflow/.local/lib/python3.7/site-packages/airflow/example_dags/example_skip_dag.py for tasks to queue
[2023-10-25T10:14:52.628+0000] {logging_mixin.py:137} INFO - [2023-10-25T10:14:52.628+0000] {dagbag.py:538} INFO - Filling up the DagBag from /home/airflow/.local/lib/python3.7/site-packages/airflow/example_dags/example_skip_dag.py
[2023-10-25T10:14:52.636+0000] {processor.py:753} INFO - DAG(s) dict_keys(['example_skip_dag']) retrieved from /home/airflow/.local/lib/python3.7/site-packages/airflow/example_dags/example_skip_dag.py
[2023-10-25T10:14:52.649+0000] {logging_mixin.py:137} INFO - [2023-10-25T10:14:52.649+0000] {dag.py:2690} INFO - Sync 1 DAGs
[2023-10-25T10:14:52.661+0000] {logging_mixin.py:137} INFO - [2023-10-25T10:14:52.661+0000] {dag.py:3441} INFO - Setting next_dagrun for example_skip_dag to 2023-10-24T10:14:52.661258+00:00, run_after=2023-10-25T10:14:52.661258+00:00
[2023-10-25T10:14:52.670+0000] {processor.py:175} INFO - Processing /home/airflow/.local/lib/python3.7/site-packages/airflow/example_dags/example_skip_dag.py took 0.045 seconds
[2023-10-25T11:37:57.336+0000] {processor.py:153} INFO - Started process (PID=41880) to work on /home/airflow/.local/lib/python3.7/site-packages/airflow/example_dags/example_skip_dag.py
[2023-10-25T11:37:57.337+0000] {processor.py:743} INFO - Processing file /home/airflow/.local/lib/python3.7/site-packages/airflow/example_dags/example_skip_dag.py for tasks to queue
[2023-10-25T11:37:57.337+0000] {logging_mixin.py:137} INFO - [2023-10-25T11:37:57.337+0000] {dagbag.py:538} INFO - Filling up the DagBag from /home/airflow/.local/lib/python3.7/site-packages/airflow/example_dags/example_skip_dag.py
[2023-10-25T11:37:57.347+0000] {processor.py:753} INFO - DAG(s) dict_keys(['example_skip_dag']) retrieved from /home/airflow/.local/lib/python3.7/site-packages/airflow/example_dags/example_skip_dag.py
[2023-10-25T11:37:57.365+0000] {logging_mixin.py:137} INFO - [2023-10-25T11:37:57.365+0000] {dag.py:2690} INFO - Sync 1 DAGs
[2023-10-25T11:37:57.380+0000] {logging_mixin.py:137} INFO - [2023-10-25T11:37:57.380+0000] {dag.py:3441} INFO - Setting next_dagrun for example_skip_dag to 2023-10-24T11:37:57.380690+00:00, run_after=2023-10-25T11:37:57.380690+00:00
[2023-10-25T11:37:57.391+0000] {processor.py:175} INFO - Processing /home/airflow/.local/lib/python3.7/site-packages/airflow/example_dags/example_skip_dag.py took 0.058 seconds
[2023-10-25T13:17:57.104+0000] {processor.py:153} INFO - Started process (PID=41956) to work on /home/airflow/.local/lib/python3.7/site-packages/airflow/example_dags/example_skip_dag.py
[2023-10-25T13:17:57.105+0000] {processor.py:743} INFO - Processing file /home/airflow/.local/lib/python3.7/site-packages/airflow/example_dags/example_skip_dag.py for tasks to queue
[2023-10-25T13:17:57.105+0000] {logging_mixin.py:137} INFO - [2023-10-25T13:17:57.105+0000] {dagbag.py:538} INFO - Filling up the DagBag from /home/airflow/.local/lib/python3.7/site-packages/airflow/example_dags/example_skip_dag.py
[2023-10-25T13:17:57.113+0000] {processor.py:753} INFO - DAG(s) dict_keys(['example_skip_dag']) retrieved from /home/airflow/.local/lib/python3.7/site-packages/airflow/example_dags/example_skip_dag.py
[2023-10-25T13:17:57.126+0000] {logging_mixin.py:137} INFO - [2023-10-25T13:17:57.126+0000] {dag.py:2690} INFO - Sync 1 DAGs
[2023-10-25T13:17:57.137+0000] {logging_mixin.py:137} INFO - [2023-10-25T13:17:57.137+0000] {dag.py:3441} INFO - Setting next_dagrun for example_skip_dag to 2023-10-24T13:17:57.137144+00:00, run_after=2023-10-25T13:17:57.137144+00:00
[2023-10-25T13:17:57.145+0000] {processor.py:175} INFO - Processing /home/airflow/.local/lib/python3.7/site-packages/airflow/example_dags/example_skip_dag.py took 0.042 seconds
[2023-10-25T14:32:18.096+0000] {processor.py:153} INFO - Started process (PID=42050) to work on /home/airflow/.local/lib/python3.7/site-packages/airflow/example_dags/example_skip_dag.py
[2023-10-25T14:32:18.096+0000] {processor.py:743} INFO - Processing file /home/airflow/.local/lib/python3.7/site-packages/airflow/example_dags/example_skip_dag.py for tasks to queue
[2023-10-25T14:32:18.097+0000] {logging_mixin.py:137} INFO - [2023-10-25T14:32:18.097+0000] {dagbag.py:538} INFO - Filling up the DagBag from /home/airflow/.local/lib/python3.7/site-packages/airflow/example_dags/example_skip_dag.py
[2023-10-25T14:32:18.105+0000] {processor.py:753} INFO - DAG(s) dict_keys(['example_skip_dag']) retrieved from /home/airflow/.local/lib/python3.7/site-packages/airflow/example_dags/example_skip_dag.py
[2023-10-25T14:32:18.117+0000] {logging_mixin.py:137} INFO - [2023-10-25T14:32:18.117+0000] {dag.py:2690} INFO - Sync 1 DAGs
[2023-10-25T14:32:18.128+0000] {logging_mixin.py:137} INFO - [2023-10-25T14:32:18.128+0000] {dag.py:3441} INFO - Setting next_dagrun for example_skip_dag to 2023-10-24T14:32:18.128207+00:00, run_after=2023-10-25T14:32:18.128207+00:00
[2023-10-25T14:32:18.136+0000] {processor.py:175} INFO - Processing /home/airflow/.local/lib/python3.7/site-packages/airflow/example_dags/example_skip_dag.py took 0.043 seconds
[2023-10-25T15:55:11.618+0000] {processor.py:153} INFO - Started process (PID=42143) to work on /home/airflow/.local/lib/python3.7/site-packages/airflow/example_dags/example_skip_dag.py
[2023-10-25T15:55:11.619+0000] {processor.py:743} INFO - Processing file /home/airflow/.local/lib/python3.7/site-packages/airflow/example_dags/example_skip_dag.py for tasks to queue
[2023-10-25T15:55:11.619+0000] {logging_mixin.py:137} INFO - [2023-10-25T15:55:11.619+0000] {dagbag.py:538} INFO - Filling up the DagBag from /home/airflow/.local/lib/python3.7/site-packages/airflow/example_dags/example_skip_dag.py
[2023-10-25T15:55:11.628+0000] {processor.py:753} INFO - DAG(s) dict_keys(['example_skip_dag']) retrieved from /home/airflow/.local/lib/python3.7/site-packages/airflow/example_dags/example_skip_dag.py
[2023-10-25T15:55:11.641+0000] {logging_mixin.py:137} INFO - [2023-10-25T15:55:11.641+0000] {dag.py:2690} INFO - Sync 1 DAGs
[2023-10-25T15:55:11.653+0000] {logging_mixin.py:137} INFO - [2023-10-25T15:55:11.653+0000] {dag.py:3441} INFO - Setting next_dagrun for example_skip_dag to 2023-10-24T15:55:11.653717+00:00, run_after=2023-10-25T15:55:11.653717+00:00
[2023-10-25T15:55:11.662+0000] {processor.py:175} INFO - Processing /home/airflow/.local/lib/python3.7/site-packages/airflow/example_dags/example_skip_dag.py took 0.046 seconds
[2023-10-25T17:35:09.458+0000] {processor.py:153} INFO - Started process (PID=42219) to work on /home/airflow/.local/lib/python3.7/site-packages/airflow/example_dags/example_skip_dag.py
[2023-10-25T17:35:09.459+0000] {processor.py:743} INFO - Processing file /home/airflow/.local/lib/python3.7/site-packages/airflow/example_dags/example_skip_dag.py for tasks to queue
[2023-10-25T17:35:09.459+0000] {logging_mixin.py:137} INFO - [2023-10-25T17:35:09.459+0000] {dagbag.py:538} INFO - Filling up the DagBag from /home/airflow/.local/lib/python3.7/site-packages/airflow/example_dags/example_skip_dag.py
[2023-10-25T17:35:09.468+0000] {processor.py:753} INFO - DAG(s) dict_keys(['example_skip_dag']) retrieved from /home/airflow/.local/lib/python3.7/site-packages/airflow/example_dags/example_skip_dag.py
[2023-10-25T17:35:09.481+0000] {logging_mixin.py:137} INFO - [2023-10-25T17:35:09.481+0000] {dag.py:2690} INFO - Sync 1 DAGs
[2023-10-25T17:35:09.493+0000] {logging_mixin.py:137} INFO - [2023-10-25T17:35:09.493+0000] {dag.py:3441} INFO - Setting next_dagrun for example_skip_dag to 2023-10-24T17:35:09.492901+00:00, run_after=2023-10-25T17:35:09.492901+00:00
[2023-10-25T17:35:09.501+0000] {processor.py:175} INFO - Processing /home/airflow/.local/lib/python3.7/site-packages/airflow/example_dags/example_skip_dag.py took 0.045 seconds
[2023-10-25T18:42:53.961+0000] {processor.py:153} INFO - Started process (PID=42313) to work on /home/airflow/.local/lib/python3.7/site-packages/airflow/example_dags/example_skip_dag.py
[2023-10-25T18:42:53.962+0000] {processor.py:743} INFO - Processing file /home/airflow/.local/lib/python3.7/site-packages/airflow/example_dags/example_skip_dag.py for tasks to queue
[2023-10-25T18:42:53.962+0000] {logging_mixin.py:137} INFO - [2023-10-25T18:42:53.962+0000] {dagbag.py:538} INFO - Filling up the DagBag from /home/airflow/.local/lib/python3.7/site-packages/airflow/example_dags/example_skip_dag.py
[2023-10-25T18:42:53.970+0000] {processor.py:753} INFO - DAG(s) dict_keys(['example_skip_dag']) retrieved from /home/airflow/.local/lib/python3.7/site-packages/airflow/example_dags/example_skip_dag.py
[2023-10-25T18:42:53.983+0000] {logging_mixin.py:137} INFO - [2023-10-25T18:42:53.983+0000] {dag.py:2690} INFO - Sync 1 DAGs
[2023-10-25T18:42:53.995+0000] {logging_mixin.py:137} INFO - [2023-10-25T18:42:53.995+0000] {dag.py:3441} INFO - Setting next_dagrun for example_skip_dag to 2023-10-24T18:42:53.995077+00:00, run_after=2023-10-25T18:42:53.995077+00:00
[2023-10-25T18:42:54.004+0000] {processor.py:175} INFO - Processing /home/airflow/.local/lib/python3.7/site-packages/airflow/example_dags/example_skip_dag.py took 0.044 seconds
[2023-10-25T18:43:24.705+0000] {processor.py:153} INFO - Started process (PID=42407) to work on /home/airflow/.local/lib/python3.7/site-packages/airflow/example_dags/example_skip_dag.py
[2023-10-25T18:43:24.706+0000] {processor.py:743} INFO - Processing file /home/airflow/.local/lib/python3.7/site-packages/airflow/example_dags/example_skip_dag.py for tasks to queue
[2023-10-25T18:43:24.706+0000] {logging_mixin.py:137} INFO - [2023-10-25T18:43:24.706+0000] {dagbag.py:538} INFO - Filling up the DagBag from /home/airflow/.local/lib/python3.7/site-packages/airflow/example_dags/example_skip_dag.py
[2023-10-25T18:43:24.714+0000] {processor.py:753} INFO - DAG(s) dict_keys(['example_skip_dag']) retrieved from /home/airflow/.local/lib/python3.7/site-packages/airflow/example_dags/example_skip_dag.py
[2023-10-25T18:43:24.728+0000] {logging_mixin.py:137} INFO - [2023-10-25T18:43:24.728+0000] {dag.py:2690} INFO - Sync 1 DAGs
[2023-10-25T18:43:24.740+0000] {logging_mixin.py:137} INFO - [2023-10-25T18:43:24.740+0000] {dag.py:3441} INFO - Setting next_dagrun for example_skip_dag to 2023-10-24T18:43:24.740151+00:00, run_after=2023-10-25T18:43:24.740151+00:00
[2023-10-25T18:43:24.748+0000] {processor.py:175} INFO - Processing /home/airflow/.local/lib/python3.7/site-packages/airflow/example_dags/example_skip_dag.py took 0.045 seconds
[2023-10-25T19:18:44.045+0000] {processor.py:153} INFO - Started process (PID=42483) to work on /home/airflow/.local/lib/python3.7/site-packages/airflow/example_dags/example_skip_dag.py
[2023-10-25T19:18:44.046+0000] {processor.py:743} INFO - Processing file /home/airflow/.local/lib/python3.7/site-packages/airflow/example_dags/example_skip_dag.py for tasks to queue
[2023-10-25T19:18:44.046+0000] {logging_mixin.py:137} INFO - [2023-10-25T19:18:44.046+0000] {dagbag.py:538} INFO - Filling up the DagBag from /home/airflow/.local/lib/python3.7/site-packages/airflow/example_dags/example_skip_dag.py
[2023-10-25T19:18:44.056+0000] {processor.py:753} INFO - DAG(s) dict_keys(['example_skip_dag']) retrieved from /home/airflow/.local/lib/python3.7/site-packages/airflow/example_dags/example_skip_dag.py
[2023-10-25T19:18:44.074+0000] {logging_mixin.py:137} INFO - [2023-10-25T19:18:44.074+0000] {dag.py:2690} INFO - Sync 1 DAGs
[2023-10-25T19:18:44.088+0000] {logging_mixin.py:137} INFO - [2023-10-25T19:18:44.088+0000] {dag.py:3441} INFO - Setting next_dagrun for example_skip_dag to 2023-10-24T19:18:44.088713+00:00, run_after=2023-10-25T19:18:44.088713+00:00
[2023-10-25T19:18:44.100+0000] {processor.py:175} INFO - Processing /home/airflow/.local/lib/python3.7/site-packages/airflow/example_dags/example_skip_dag.py took 0.059 seconds
[2023-10-25T20:25:21.713+0000] {processor.py:153} INFO - Started process (PID=42577) to work on /home/airflow/.local/lib/python3.7/site-packages/airflow/example_dags/example_skip_dag.py
[2023-10-25T20:25:21.713+0000] {processor.py:743} INFO - Processing file /home/airflow/.local/lib/python3.7/site-packages/airflow/example_dags/example_skip_dag.py for tasks to queue
[2023-10-25T20:25:21.714+0000] {logging_mixin.py:137} INFO - [2023-10-25T20:25:21.714+0000] {dagbag.py:538} INFO - Filling up the DagBag from /home/airflow/.local/lib/python3.7/site-packages/airflow/example_dags/example_skip_dag.py
[2023-10-25T20:25:21.722+0000] {processor.py:753} INFO - DAG(s) dict_keys(['example_skip_dag']) retrieved from /home/airflow/.local/lib/python3.7/site-packages/airflow/example_dags/example_skip_dag.py
[2023-10-25T20:25:21.735+0000] {logging_mixin.py:137} INFO - [2023-10-25T20:25:21.735+0000] {dag.py:2690} INFO - Sync 1 DAGs
[2023-10-25T20:25:21.747+0000] {logging_mixin.py:137} INFO - [2023-10-25T20:25:21.747+0000] {dag.py:3441} INFO - Setting next_dagrun for example_skip_dag to 2023-10-24T20:25:21.747546+00:00, run_after=2023-10-25T20:25:21.747546+00:00
[2023-10-25T20:25:21.757+0000] {processor.py:175} INFO - Processing /home/airflow/.local/lib/python3.7/site-packages/airflow/example_dags/example_skip_dag.py took 0.047 seconds
[2023-10-25T21:36:24.221+0000] {processor.py:153} INFO - Started process (PID=42662) to work on /home/airflow/.local/lib/python3.7/site-packages/airflow/example_dags/example_skip_dag.py
[2023-10-25T21:36:24.237+0000] {processor.py:743} INFO - Processing file /home/airflow/.local/lib/python3.7/site-packages/airflow/example_dags/example_skip_dag.py for tasks to queue
[2023-10-25T21:36:24.245+0000] {logging_mixin.py:137} INFO - [2023-10-25T21:36:24.245+0000] {dagbag.py:538} INFO - Filling up the DagBag from /home/airflow/.local/lib/python3.7/site-packages/airflow/example_dags/example_skip_dag.py
[2023-10-25T21:36:24.275+0000] {processor.py:753} INFO - DAG(s) dict_keys(['example_skip_dag']) retrieved from /home/airflow/.local/lib/python3.7/site-packages/airflow/example_dags/example_skip_dag.py
[2023-10-25T21:36:24.315+0000] {logging_mixin.py:137} INFO - [2023-10-25T21:36:24.315+0000] {dag.py:2690} INFO - Sync 1 DAGs
[2023-10-25T21:36:24.330+0000] {logging_mixin.py:137} INFO - [2023-10-25T21:36:24.330+0000] {dag.py:3441} INFO - Setting next_dagrun for example_skip_dag to 2023-10-24T21:36:24.329952+00:00, run_after=2023-10-25T21:36:24.329952+00:00
[2023-10-25T21:36:24.339+0000] {processor.py:175} INFO - Processing /home/airflow/.local/lib/python3.7/site-packages/airflow/example_dags/example_skip_dag.py took 0.123 seconds
[2023-10-25T22:31:16.815+0000] {processor.py:153} INFO - Started process (PID=42747) to work on /home/airflow/.local/lib/python3.7/site-packages/airflow/example_dags/example_skip_dag.py
[2023-10-25T22:31:16.816+0000] {processor.py:743} INFO - Processing file /home/airflow/.local/lib/python3.7/site-packages/airflow/example_dags/example_skip_dag.py for tasks to queue
[2023-10-25T22:31:16.816+0000] {logging_mixin.py:137} INFO - [2023-10-25T22:31:16.816+0000] {dagbag.py:538} INFO - Filling up the DagBag from /home/airflow/.local/lib/python3.7/site-packages/airflow/example_dags/example_skip_dag.py
[2023-10-25T22:31:16.824+0000] {processor.py:753} INFO - DAG(s) dict_keys(['example_skip_dag']) retrieved from /home/airflow/.local/lib/python3.7/site-packages/airflow/example_dags/example_skip_dag.py
[2023-10-25T22:31:16.838+0000] {logging_mixin.py:137} INFO - [2023-10-25T22:31:16.838+0000] {dag.py:2690} INFO - Sync 1 DAGs
[2023-10-25T22:31:16.851+0000] {logging_mixin.py:137} INFO - [2023-10-25T22:31:16.851+0000] {dag.py:3441} INFO - Setting next_dagrun for example_skip_dag to 2023-10-24T22:31:16.851277+00:00, run_after=2023-10-25T22:31:16.851277+00:00
[2023-10-25T22:31:16.860+0000] {processor.py:175} INFO - Processing /home/airflow/.local/lib/python3.7/site-packages/airflow/example_dags/example_skip_dag.py took 0.047 seconds
[2023-10-25T23:53:43.457+0000] {processor.py:153} INFO - Started process (PID=42841) to work on /home/airflow/.local/lib/python3.7/site-packages/airflow/example_dags/example_skip_dag.py
[2023-10-25T23:53:43.458+0000] {processor.py:743} INFO - Processing file /home/airflow/.local/lib/python3.7/site-packages/airflow/example_dags/example_skip_dag.py for tasks to queue
[2023-10-25T23:53:43.458+0000] {logging_mixin.py:137} INFO - [2023-10-25T23:53:43.458+0000] {dagbag.py:538} INFO - Filling up the DagBag from /home/airflow/.local/lib/python3.7/site-packages/airflow/example_dags/example_skip_dag.py
[2023-10-25T23:53:43.466+0000] {processor.py:753} INFO - DAG(s) dict_keys(['example_skip_dag']) retrieved from /home/airflow/.local/lib/python3.7/site-packages/airflow/example_dags/example_skip_dag.py
[2023-10-25T23:53:43.480+0000] {logging_mixin.py:137} INFO - [2023-10-25T23:53:43.480+0000] {dag.py:2690} INFO - Sync 1 DAGs
[2023-10-25T23:53:43.491+0000] {logging_mixin.py:137} INFO - [2023-10-25T23:53:43.491+0000] {dag.py:3441} INFO - Setting next_dagrun for example_skip_dag to 2023-10-24T23:53:43.491662+00:00, run_after=2023-10-25T23:53:43.491662+00:00
[2023-10-25T23:53:43.499+0000] {processor.py:175} INFO - Processing /home/airflow/.local/lib/python3.7/site-packages/airflow/example_dags/example_skip_dag.py took 0.044 seconds
