[2023-10-26T01:17:25.077+0000] {processor.py:153} INFO - Started process (PID=42885) to work on /home/airflow/.local/lib/python3.7/site-packages/airflow/example_dags/example_sla_dag.py
[2023-10-26T01:17:25.078+0000] {processor.py:743} INFO - Processing file /home/airflow/.local/lib/python3.7/site-packages/airflow/example_dags/example_sla_dag.py for tasks to queue
[2023-10-26T01:17:25.079+0000] {logging_mixin.py:137} INFO - [2023-10-26T01:17:25.078+0000] {dagbag.py:538} INFO - Filling up the DagBag from /home/airflow/.local/lib/python3.7/site-packages/airflow/example_dags/example_sla_dag.py
[2023-10-26T01:17:25.093+0000] {processor.py:753} INFO - DAG(s) dict_keys(['example_sla_dag']) retrieved from /home/airflow/.local/lib/python3.7/site-packages/airflow/example_dags/example_sla_dag.py
[2023-10-26T01:17:25.110+0000] {logging_mixin.py:137} INFO - [2023-10-26T01:17:25.110+0000] {dag.py:2690} INFO - Sync 1 DAGs
[2023-10-26T01:17:25.126+0000] {logging_mixin.py:137} INFO - [2023-10-26T01:17:25.126+0000] {dag.py:3441} INFO - Setting next_dagrun for example_sla_dag to 2023-10-26T01:14:00+00:00, run_after=2023-10-26T01:16:00+00:00
[2023-10-26T01:17:25.136+0000] {processor.py:175} INFO - Processing /home/airflow/.local/lib/python3.7/site-packages/airflow/example_dags/example_sla_dag.py took 0.062 seconds
[2023-10-26T02:36:22.022+0000] {processor.py:153} INFO - Started process (PID=42979) to work on /home/airflow/.local/lib/python3.7/site-packages/airflow/example_dags/example_sla_dag.py
[2023-10-26T02:36:22.023+0000] {processor.py:743} INFO - Processing file /home/airflow/.local/lib/python3.7/site-packages/airflow/example_dags/example_sla_dag.py for tasks to queue
[2023-10-26T02:36:22.024+0000] {logging_mixin.py:137} INFO - [2023-10-26T02:36:22.023+0000] {dagbag.py:538} INFO - Filling up the DagBag from /home/airflow/.local/lib/python3.7/site-packages/airflow/example_dags/example_sla_dag.py
[2023-10-26T02:36:22.041+0000] {processor.py:753} INFO - DAG(s) dict_keys(['example_sla_dag']) retrieved from /home/airflow/.local/lib/python3.7/site-packages/airflow/example_dags/example_sla_dag.py
[2023-10-26T02:36:22.058+0000] {logging_mixin.py:137} INFO - [2023-10-26T02:36:22.058+0000] {dag.py:2690} INFO - Sync 1 DAGs
[2023-10-26T02:36:22.072+0000] {logging_mixin.py:137} INFO - [2023-10-26T02:36:22.072+0000] {dag.py:3441} INFO - Setting next_dagrun for example_sla_dag to 2023-10-26T02:34:00+00:00, run_after=2023-10-26T02:36:00+00:00
[2023-10-26T02:36:22.083+0000] {processor.py:175} INFO - Processing /home/airflow/.local/lib/python3.7/site-packages/airflow/example_dags/example_sla_dag.py took 0.065 seconds
[2023-10-26T04:20:14.967+0000] {processor.py:153} INFO - Started process (PID=43073) to work on /home/airflow/.local/lib/python3.7/site-packages/airflow/example_dags/example_sla_dag.py
[2023-10-26T04:20:14.967+0000] {processor.py:743} INFO - Processing file /home/airflow/.local/lib/python3.7/site-packages/airflow/example_dags/example_sla_dag.py for tasks to queue
[2023-10-26T04:20:14.968+0000] {logging_mixin.py:137} INFO - [2023-10-26T04:20:14.968+0000] {dagbag.py:538} INFO - Filling up the DagBag from /home/airflow/.local/lib/python3.7/site-packages/airflow/example_dags/example_sla_dag.py
[2023-10-26T04:20:14.980+0000] {processor.py:753} INFO - DAG(s) dict_keys(['example_sla_dag']) retrieved from /home/airflow/.local/lib/python3.7/site-packages/airflow/example_dags/example_sla_dag.py
[2023-10-26T04:20:14.994+0000] {logging_mixin.py:137} INFO - [2023-10-26T04:20:14.993+0000] {dag.py:2690} INFO - Sync 1 DAGs
[2023-10-26T04:20:15.006+0000] {logging_mixin.py:137} INFO - [2023-10-26T04:20:15.006+0000] {dag.py:3441} INFO - Setting next_dagrun for example_sla_dag to 2023-10-26T04:18:00+00:00, run_after=2023-10-26T04:20:00+00:00
[2023-10-26T04:20:15.015+0000] {processor.py:175} INFO - Processing /home/airflow/.local/lib/python3.7/site-packages/airflow/example_dags/example_sla_dag.py took 0.050 seconds
[2023-10-26T05:39:37.003+0000] {processor.py:153} INFO - Started process (PID=43149) to work on /home/airflow/.local/lib/python3.7/site-packages/airflow/example_dags/example_sla_dag.py
[2023-10-26T05:39:37.004+0000] {processor.py:743} INFO - Processing file /home/airflow/.local/lib/python3.7/site-packages/airflow/example_dags/example_sla_dag.py for tasks to queue
[2023-10-26T05:39:37.004+0000] {logging_mixin.py:137} INFO - [2023-10-26T05:39:37.004+0000] {dagbag.py:538} INFO - Filling up the DagBag from /home/airflow/.local/lib/python3.7/site-packages/airflow/example_dags/example_sla_dag.py
[2023-10-26T05:39:37.023+0000] {processor.py:753} INFO - DAG(s) dict_keys(['example_sla_dag']) retrieved from /home/airflow/.local/lib/python3.7/site-packages/airflow/example_dags/example_sla_dag.py
[2023-10-26T05:39:37.052+0000] {logging_mixin.py:137} INFO - [2023-10-26T05:39:37.051+0000] {dag.py:2690} INFO - Sync 1 DAGs
[2023-10-26T05:39:37.072+0000] {logging_mixin.py:137} INFO - [2023-10-26T05:39:37.072+0000] {dag.py:3441} INFO - Setting next_dagrun for example_sla_dag to 2023-10-26T05:36:00+00:00, run_after=2023-10-26T05:38:00+00:00
[2023-10-26T05:39:37.082+0000] {processor.py:175} INFO - Processing /home/airflow/.local/lib/python3.7/site-packages/airflow/example_dags/example_sla_dag.py took 0.082 seconds
[2023-10-26T07:01:26.902+0000] {processor.py:153} INFO - Started process (PID=43243) to work on /home/airflow/.local/lib/python3.7/site-packages/airflow/example_dags/example_sla_dag.py
[2023-10-26T07:01:26.903+0000] {processor.py:743} INFO - Processing file /home/airflow/.local/lib/python3.7/site-packages/airflow/example_dags/example_sla_dag.py for tasks to queue
[2023-10-26T07:01:26.903+0000] {logging_mixin.py:137} INFO - [2023-10-26T07:01:26.903+0000] {dagbag.py:538} INFO - Filling up the DagBag from /home/airflow/.local/lib/python3.7/site-packages/airflow/example_dags/example_sla_dag.py
[2023-10-26T07:01:26.917+0000] {processor.py:753} INFO - DAG(s) dict_keys(['example_sla_dag']) retrieved from /home/airflow/.local/lib/python3.7/site-packages/airflow/example_dags/example_sla_dag.py
[2023-10-26T07:01:26.930+0000] {logging_mixin.py:137} INFO - [2023-10-26T07:01:26.930+0000] {dag.py:2690} INFO - Sync 1 DAGs
[2023-10-26T07:01:26.943+0000] {logging_mixin.py:137} INFO - [2023-10-26T07:01:26.943+0000] {dag.py:3441} INFO - Setting next_dagrun for example_sla_dag to 2023-10-26T06:58:00+00:00, run_after=2023-10-26T07:00:00+00:00
[2023-10-26T07:01:26.951+0000] {processor.py:175} INFO - Processing /home/airflow/.local/lib/python3.7/site-packages/airflow/example_dags/example_sla_dag.py took 0.051 seconds
[2023-10-26T08:41:50.115+0000] {processor.py:153} INFO - Started process (PID=43337) to work on /home/airflow/.local/lib/python3.7/site-packages/airflow/example_dags/example_sla_dag.py
[2023-10-26T08:41:50.116+0000] {processor.py:743} INFO - Processing file /home/airflow/.local/lib/python3.7/site-packages/airflow/example_dags/example_sla_dag.py for tasks to queue
[2023-10-26T08:41:50.116+0000] {logging_mixin.py:137} INFO - [2023-10-26T08:41:50.116+0000] {dagbag.py:538} INFO - Filling up the DagBag from /home/airflow/.local/lib/python3.7/site-packages/airflow/example_dags/example_sla_dag.py
[2023-10-26T08:41:50.128+0000] {processor.py:753} INFO - DAG(s) dict_keys(['example_sla_dag']) retrieved from /home/airflow/.local/lib/python3.7/site-packages/airflow/example_dags/example_sla_dag.py
[2023-10-26T08:41:50.141+0000] {logging_mixin.py:137} INFO - [2023-10-26T08:41:50.141+0000] {dag.py:2690} INFO - Sync 1 DAGs
[2023-10-26T08:41:50.154+0000] {logging_mixin.py:137} INFO - [2023-10-26T08:41:50.154+0000] {dag.py:3441} INFO - Setting next_dagrun for example_sla_dag to 2023-10-26T08:38:00+00:00, run_after=2023-10-26T08:40:00+00:00
[2023-10-26T08:41:50.163+0000] {processor.py:175} INFO - Processing /home/airflow/.local/lib/python3.7/site-packages/airflow/example_dags/example_sla_dag.py took 0.049 seconds
[2023-10-26T10:21:08.541+0000] {processor.py:153} INFO - Started process (PID=43413) to work on /home/airflow/.local/lib/python3.7/site-packages/airflow/example_dags/example_sla_dag.py
[2023-10-26T10:21:08.541+0000] {processor.py:743} INFO - Processing file /home/airflow/.local/lib/python3.7/site-packages/airflow/example_dags/example_sla_dag.py for tasks to queue
[2023-10-26T10:21:08.541+0000] {logging_mixin.py:137} INFO - [2023-10-26T10:21:08.541+0000] {dagbag.py:538} INFO - Filling up the DagBag from /home/airflow/.local/lib/python3.7/site-packages/airflow/example_dags/example_sla_dag.py
[2023-10-26T10:21:08.554+0000] {processor.py:753} INFO - DAG(s) dict_keys(['example_sla_dag']) retrieved from /home/airflow/.local/lib/python3.7/site-packages/airflow/example_dags/example_sla_dag.py
[2023-10-26T10:21:08.567+0000] {logging_mixin.py:137} INFO - [2023-10-26T10:21:08.567+0000] {dag.py:2690} INFO - Sync 1 DAGs
[2023-10-26T10:21:08.580+0000] {logging_mixin.py:137} INFO - [2023-10-26T10:21:08.580+0000] {dag.py:3441} INFO - Setting next_dagrun for example_sla_dag to 2023-10-26T10:18:00+00:00, run_after=2023-10-26T10:20:00+00:00
[2023-10-26T10:21:08.587+0000] {processor.py:175} INFO - Processing /home/airflow/.local/lib/python3.7/site-packages/airflow/example_dags/example_sla_dag.py took 0.049 seconds
[2023-10-26T11:42:00.564+0000] {processor.py:153} INFO - Started process (PID=43507) to work on /home/airflow/.local/lib/python3.7/site-packages/airflow/example_dags/example_sla_dag.py
[2023-10-26T11:42:00.564+0000] {processor.py:743} INFO - Processing file /home/airflow/.local/lib/python3.7/site-packages/airflow/example_dags/example_sla_dag.py for tasks to queue
[2023-10-26T11:42:00.564+0000] {logging_mixin.py:137} INFO - [2023-10-26T11:42:00.564+0000] {dagbag.py:538} INFO - Filling up the DagBag from /home/airflow/.local/lib/python3.7/site-packages/airflow/example_dags/example_sla_dag.py
[2023-10-26T11:42:00.577+0000] {processor.py:753} INFO - DAG(s) dict_keys(['example_sla_dag']) retrieved from /home/airflow/.local/lib/python3.7/site-packages/airflow/example_dags/example_sla_dag.py
[2023-10-26T11:42:00.590+0000] {logging_mixin.py:137} INFO - [2023-10-26T11:42:00.590+0000] {dag.py:2690} INFO - Sync 1 DAGs
[2023-10-26T11:42:00.602+0000] {logging_mixin.py:137} INFO - [2023-10-26T11:42:00.602+0000] {dag.py:3441} INFO - Setting next_dagrun for example_sla_dag to 2023-10-26T11:40:00+00:00, run_after=2023-10-26T11:42:00+00:00
[2023-10-26T11:42:00.610+0000] {processor.py:175} INFO - Processing /home/airflow/.local/lib/python3.7/site-packages/airflow/example_dags/example_sla_dag.py took 0.048 seconds
[2023-10-26T13:22:53.414+0000] {processor.py:153} INFO - Started process (PID=43601) to work on /home/airflow/.local/lib/python3.7/site-packages/airflow/example_dags/example_sla_dag.py
[2023-10-26T13:22:53.414+0000] {processor.py:743} INFO - Processing file /home/airflow/.local/lib/python3.7/site-packages/airflow/example_dags/example_sla_dag.py for tasks to queue
[2023-10-26T13:22:53.415+0000] {logging_mixin.py:137} INFO - [2023-10-26T13:22:53.414+0000] {dagbag.py:538} INFO - Filling up the DagBag from /home/airflow/.local/lib/python3.7/site-packages/airflow/example_dags/example_sla_dag.py
[2023-10-26T13:22:53.427+0000] {processor.py:753} INFO - DAG(s) dict_keys(['example_sla_dag']) retrieved from /home/airflow/.local/lib/python3.7/site-packages/airflow/example_dags/example_sla_dag.py
[2023-10-26T13:22:53.441+0000] {logging_mixin.py:137} INFO - [2023-10-26T13:22:53.441+0000] {dag.py:2690} INFO - Sync 1 DAGs
[2023-10-26T13:22:53.453+0000] {logging_mixin.py:137} INFO - [2023-10-26T13:22:53.453+0000] {dag.py:3441} INFO - Setting next_dagrun for example_sla_dag to 2023-10-26T13:20:00+00:00, run_after=2023-10-26T13:22:00+00:00
[2023-10-26T13:22:53.461+0000] {processor.py:175} INFO - Processing /home/airflow/.local/lib/python3.7/site-packages/airflow/example_dags/example_sla_dag.py took 0.050 seconds
[2023-10-26T14:39:25.042+0000] {processor.py:153} INFO - Started process (PID=43677) to work on /home/airflow/.local/lib/python3.7/site-packages/airflow/example_dags/example_sla_dag.py
[2023-10-26T14:39:25.042+0000] {processor.py:743} INFO - Processing file /home/airflow/.local/lib/python3.7/site-packages/airflow/example_dags/example_sla_dag.py for tasks to queue
[2023-10-26T14:39:25.042+0000] {logging_mixin.py:137} INFO - [2023-10-26T14:39:25.042+0000] {dagbag.py:538} INFO - Filling up the DagBag from /home/airflow/.local/lib/python3.7/site-packages/airflow/example_dags/example_sla_dag.py
[2023-10-26T14:39:25.055+0000] {processor.py:753} INFO - DAG(s) dict_keys(['example_sla_dag']) retrieved from /home/airflow/.local/lib/python3.7/site-packages/airflow/example_dags/example_sla_dag.py
[2023-10-26T14:39:25.069+0000] {logging_mixin.py:137} INFO - [2023-10-26T14:39:25.069+0000] {dag.py:2690} INFO - Sync 1 DAGs
[2023-10-26T14:39:25.081+0000] {logging_mixin.py:137} INFO - [2023-10-26T14:39:25.081+0000] {dag.py:3441} INFO - Setting next_dagrun for example_sla_dag to 2023-10-26T14:36:00+00:00, run_after=2023-10-26T14:38:00+00:00
[2023-10-26T14:39:25.089+0000] {processor.py:175} INFO - Processing /home/airflow/.local/lib/python3.7/site-packages/airflow/example_dags/example_sla_dag.py took 0.049 seconds
[2023-10-26T16:04:50.669+0000] {processor.py:153} INFO - Started process (PID=43771) to work on /home/airflow/.local/lib/python3.7/site-packages/airflow/example_dags/example_sla_dag.py
[2023-10-26T16:04:50.669+0000] {processor.py:743} INFO - Processing file /home/airflow/.local/lib/python3.7/site-packages/airflow/example_dags/example_sla_dag.py for tasks to queue
[2023-10-26T16:04:50.670+0000] {logging_mixin.py:137} INFO - [2023-10-26T16:04:50.670+0000] {dagbag.py:538} INFO - Filling up the DagBag from /home/airflow/.local/lib/python3.7/site-packages/airflow/example_dags/example_sla_dag.py
[2023-10-26T16:04:50.682+0000] {processor.py:753} INFO - DAG(s) dict_keys(['example_sla_dag']) retrieved from /home/airflow/.local/lib/python3.7/site-packages/airflow/example_dags/example_sla_dag.py
[2023-10-26T16:04:50.696+0000] {logging_mixin.py:137} INFO - [2023-10-26T16:04:50.696+0000] {dag.py:2690} INFO - Sync 1 DAGs
[2023-10-26T16:04:50.708+0000] {logging_mixin.py:137} INFO - [2023-10-26T16:04:50.708+0000] {dag.py:3441} INFO - Setting next_dagrun for example_sla_dag to 2023-10-26T16:02:00+00:00, run_after=2023-10-26T16:04:00+00:00
[2023-10-26T16:04:50.715+0000] {processor.py:175} INFO - Processing /home/airflow/.local/lib/python3.7/site-packages/airflow/example_dags/example_sla_dag.py took 0.049 seconds
[2023-10-26T17:43:45.027+0000] {processor.py:153} INFO - Started process (PID=43865) to work on /home/airflow/.local/lib/python3.7/site-packages/airflow/example_dags/example_sla_dag.py
[2023-10-26T17:43:45.028+0000] {processor.py:743} INFO - Processing file /home/airflow/.local/lib/python3.7/site-packages/airflow/example_dags/example_sla_dag.py for tasks to queue
[2023-10-26T17:43:45.029+0000] {logging_mixin.py:137} INFO - [2023-10-26T17:43:45.029+0000] {dagbag.py:538} INFO - Filling up the DagBag from /home/airflow/.local/lib/python3.7/site-packages/airflow/example_dags/example_sla_dag.py
[2023-10-26T17:43:45.046+0000] {processor.py:753} INFO - DAG(s) dict_keys(['example_sla_dag']) retrieved from /home/airflow/.local/lib/python3.7/site-packages/airflow/example_dags/example_sla_dag.py
[2023-10-26T17:43:45.063+0000] {logging_mixin.py:137} INFO - [2023-10-26T17:43:45.063+0000] {dag.py:2690} INFO - Sync 1 DAGs
[2023-10-26T17:43:45.077+0000] {logging_mixin.py:137} INFO - [2023-10-26T17:43:45.077+0000] {dag.py:3441} INFO - Setting next_dagrun for example_sla_dag to 2023-10-26T17:40:00+00:00, run_after=2023-10-26T17:42:00+00:00
[2023-10-26T17:43:45.087+0000] {processor.py:175} INFO - Processing /home/airflow/.local/lib/python3.7/site-packages/airflow/example_dags/example_sla_dag.py took 0.063 seconds
[2023-10-26T19:04:29.106+0000] {processor.py:153} INFO - Started process (PID=43941) to work on /home/airflow/.local/lib/python3.7/site-packages/airflow/example_dags/example_sla_dag.py
[2023-10-26T19:04:29.107+0000] {processor.py:743} INFO - Processing file /home/airflow/.local/lib/python3.7/site-packages/airflow/example_dags/example_sla_dag.py for tasks to queue
[2023-10-26T19:04:29.108+0000] {logging_mixin.py:137} INFO - [2023-10-26T19:04:29.107+0000] {dagbag.py:538} INFO - Filling up the DagBag from /home/airflow/.local/lib/python3.7/site-packages/airflow/example_dags/example_sla_dag.py
[2023-10-26T19:04:29.126+0000] {processor.py:753} INFO - DAG(s) dict_keys(['example_sla_dag']) retrieved from /home/airflow/.local/lib/python3.7/site-packages/airflow/example_dags/example_sla_dag.py
[2023-10-26T19:04:29.152+0000] {logging_mixin.py:137} INFO - [2023-10-26T19:04:29.152+0000] {dag.py:2690} INFO - Sync 1 DAGs
[2023-10-26T19:04:29.178+0000] {logging_mixin.py:137} INFO - [2023-10-26T19:04:29.178+0000] {dag.py:3441} INFO - Setting next_dagrun for example_sla_dag to 2023-10-26T19:02:00+00:00, run_after=2023-10-26T19:04:00+00:00
[2023-10-26T19:04:29.202+0000] {processor.py:175} INFO - Processing /home/airflow/.local/lib/python3.7/site-packages/airflow/example_dags/example_sla_dag.py took 0.099 seconds
[2023-10-26T20:28:20.568+0000] {processor.py:153} INFO - Started process (PID=44035) to work on /home/airflow/.local/lib/python3.7/site-packages/airflow/example_dags/example_sla_dag.py
[2023-10-26T20:28:20.568+0000] {processor.py:743} INFO - Processing file /home/airflow/.local/lib/python3.7/site-packages/airflow/example_dags/example_sla_dag.py for tasks to queue
[2023-10-26T20:28:20.569+0000] {logging_mixin.py:137} INFO - [2023-10-26T20:28:20.569+0000] {dagbag.py:538} INFO - Filling up the DagBag from /home/airflow/.local/lib/python3.7/site-packages/airflow/example_dags/example_sla_dag.py
[2023-10-26T20:28:20.584+0000] {processor.py:753} INFO - DAG(s) dict_keys(['example_sla_dag']) retrieved from /home/airflow/.local/lib/python3.7/site-packages/airflow/example_dags/example_sla_dag.py
[2023-10-26T20:28:20.601+0000] {logging_mixin.py:137} INFO - [2023-10-26T20:28:20.601+0000] {dag.py:2690} INFO - Sync 1 DAGs
[2023-10-26T20:28:20.618+0000] {logging_mixin.py:137} INFO - [2023-10-26T20:28:20.618+0000] {dag.py:3441} INFO - Setting next_dagrun for example_sla_dag to 2023-10-26T20:26:00+00:00, run_after=2023-10-26T20:28:00+00:00
[2023-10-26T20:28:20.632+0000] {processor.py:175} INFO - Processing /home/airflow/.local/lib/python3.7/site-packages/airflow/example_dags/example_sla_dag.py took 0.067 seconds
[2023-10-26T21:49:54.420+0000] {processor.py:153} INFO - Started process (PID=44129) to work on /home/airflow/.local/lib/python3.7/site-packages/airflow/example_dags/example_sla_dag.py
[2023-10-26T21:49:54.421+0000] {processor.py:743} INFO - Processing file /home/airflow/.local/lib/python3.7/site-packages/airflow/example_dags/example_sla_dag.py for tasks to queue
[2023-10-26T21:49:54.422+0000] {logging_mixin.py:137} INFO - [2023-10-26T21:49:54.422+0000] {dagbag.py:538} INFO - Filling up the DagBag from /home/airflow/.local/lib/python3.7/site-packages/airflow/example_dags/example_sla_dag.py
[2023-10-26T21:49:54.442+0000] {processor.py:753} INFO - DAG(s) dict_keys(['example_sla_dag']) retrieved from /home/airflow/.local/lib/python3.7/site-packages/airflow/example_dags/example_sla_dag.py
[2023-10-26T21:49:54.460+0000] {logging_mixin.py:137} INFO - [2023-10-26T21:49:54.460+0000] {dag.py:2690} INFO - Sync 1 DAGs
[2023-10-26T21:49:54.475+0000] {logging_mixin.py:137} INFO - [2023-10-26T21:49:54.474+0000] {dag.py:3441} INFO - Setting next_dagrun for example_sla_dag to 2023-10-26T21:46:00+00:00, run_after=2023-10-26T21:48:00+00:00
[2023-10-26T21:49:54.486+0000] {processor.py:175} INFO - Processing /home/airflow/.local/lib/python3.7/site-packages/airflow/example_dags/example_sla_dag.py took 0.071 seconds
[2023-10-26T23:09:33.890+0000] {processor.py:153} INFO - Started process (PID=44205) to work on /home/airflow/.local/lib/python3.7/site-packages/airflow/example_dags/example_sla_dag.py
[2023-10-26T23:09:33.891+0000] {processor.py:743} INFO - Processing file /home/airflow/.local/lib/python3.7/site-packages/airflow/example_dags/example_sla_dag.py for tasks to queue
[2023-10-26T23:09:33.891+0000] {logging_mixin.py:137} INFO - [2023-10-26T23:09:33.891+0000] {dagbag.py:538} INFO - Filling up the DagBag from /home/airflow/.local/lib/python3.7/site-packages/airflow/example_dags/example_sla_dag.py
[2023-10-26T23:09:33.903+0000] {processor.py:753} INFO - DAG(s) dict_keys(['example_sla_dag']) retrieved from /home/airflow/.local/lib/python3.7/site-packages/airflow/example_dags/example_sla_dag.py
[2023-10-26T23:09:33.917+0000] {logging_mixin.py:137} INFO - [2023-10-26T23:09:33.917+0000] {dag.py:2690} INFO - Sync 1 DAGs
[2023-10-26T23:09:33.930+0000] {logging_mixin.py:137} INFO - [2023-10-26T23:09:33.930+0000] {dag.py:3441} INFO - Setting next_dagrun for example_sla_dag to 2023-10-26T23:06:00+00:00, run_after=2023-10-26T23:08:00+00:00
[2023-10-26T23:09:33.938+0000] {processor.py:175} INFO - Processing /home/airflow/.local/lib/python3.7/site-packages/airflow/example_dags/example_sla_dag.py took 0.049 seconds
