[2023-10-26T01:17:25.493+0000] {processor.py:153} INFO - Started process (PID=42892) to work on /home/airflow/.local/lib/python3.7/site-packages/airflow/example_dags/example_external_task_marker_dag.py
[2023-10-26T01:17:25.494+0000] {processor.py:743} INFO - Processing file /home/airflow/.local/lib/python3.7/site-packages/airflow/example_dags/example_external_task_marker_dag.py for tasks to queue
[2023-10-26T01:17:25.495+0000] {logging_mixin.py:137} INFO - [2023-10-26T01:17:25.495+0000] {dagbag.py:538} INFO - Filling up the DagBag from /home/airflow/.local/lib/python3.7/site-packages/airflow/example_dags/example_external_task_marker_dag.py
[2023-10-26T01:17:25.504+0000] {processor.py:753} INFO - DAG(s) dict_keys(['example_external_task_marker_parent', 'example_external_task_marker_child']) retrieved from /home/airflow/.local/lib/python3.7/site-packages/airflow/example_dags/example_external_task_marker_dag.py
[2023-10-26T01:17:25.522+0000] {logging_mixin.py:137} INFO - [2023-10-26T01:17:25.522+0000] {dag.py:2690} INFO - Sync 2 DAGs
[2023-10-26T01:17:25.537+0000] {logging_mixin.py:137} INFO - [2023-10-26T01:17:25.537+0000] {dag.py:3441} INFO - Setting next_dagrun for example_external_task_marker_child to None, run_after=None
[2023-10-26T01:17:25.539+0000] {logging_mixin.py:137} INFO - [2023-10-26T01:17:25.539+0000] {dag.py:3441} INFO - Setting next_dagrun for example_external_task_marker_parent to None, run_after=None
[2023-10-26T01:17:25.549+0000] {processor.py:175} INFO - Processing /home/airflow/.local/lib/python3.7/site-packages/airflow/example_dags/example_external_task_marker_dag.py took 0.058 seconds
[2023-10-26T02:36:22.359+0000] {processor.py:153} INFO - Started process (PID=42986) to work on /home/airflow/.local/lib/python3.7/site-packages/airflow/example_dags/example_external_task_marker_dag.py
[2023-10-26T02:36:22.360+0000] {processor.py:743} INFO - Processing file /home/airflow/.local/lib/python3.7/site-packages/airflow/example_dags/example_external_task_marker_dag.py for tasks to queue
[2023-10-26T02:36:22.360+0000] {logging_mixin.py:137} INFO - [2023-10-26T02:36:22.360+0000] {dagbag.py:538} INFO - Filling up the DagBag from /home/airflow/.local/lib/python3.7/site-packages/airflow/example_dags/example_external_task_marker_dag.py
[2023-10-26T02:36:22.371+0000] {processor.py:753} INFO - DAG(s) dict_keys(['example_external_task_marker_parent', 'example_external_task_marker_child']) retrieved from /home/airflow/.local/lib/python3.7/site-packages/airflow/example_dags/example_external_task_marker_dag.py
[2023-10-26T02:36:22.392+0000] {logging_mixin.py:137} INFO - [2023-10-26T02:36:22.392+0000] {dag.py:2690} INFO - Sync 2 DAGs
[2023-10-26T02:36:22.407+0000] {logging_mixin.py:137} INFO - [2023-10-26T02:36:22.407+0000] {dag.py:3441} INFO - Setting next_dagrun for example_external_task_marker_child to None, run_after=None
[2023-10-26T02:36:22.409+0000] {logging_mixin.py:137} INFO - [2023-10-26T02:36:22.409+0000] {dag.py:3441} INFO - Setting next_dagrun for example_external_task_marker_parent to None, run_after=None
[2023-10-26T02:36:22.421+0000] {processor.py:175} INFO - Processing /home/airflow/.local/lib/python3.7/site-packages/airflow/example_dags/example_external_task_marker_dag.py took 0.066 seconds
[2023-10-26T04:20:15.279+0000] {processor.py:153} INFO - Started process (PID=43080) to work on /home/airflow/.local/lib/python3.7/site-packages/airflow/example_dags/example_external_task_marker_dag.py
[2023-10-26T04:20:15.280+0000] {processor.py:743} INFO - Processing file /home/airflow/.local/lib/python3.7/site-packages/airflow/example_dags/example_external_task_marker_dag.py for tasks to queue
[2023-10-26T04:20:15.281+0000] {logging_mixin.py:137} INFO - [2023-10-26T04:20:15.281+0000] {dagbag.py:538} INFO - Filling up the DagBag from /home/airflow/.local/lib/python3.7/site-packages/airflow/example_dags/example_external_task_marker_dag.py
[2023-10-26T04:20:15.289+0000] {processor.py:753} INFO - DAG(s) dict_keys(['example_external_task_marker_parent', 'example_external_task_marker_child']) retrieved from /home/airflow/.local/lib/python3.7/site-packages/airflow/example_dags/example_external_task_marker_dag.py
[2023-10-26T04:20:15.306+0000] {logging_mixin.py:137} INFO - [2023-10-26T04:20:15.306+0000] {dag.py:2690} INFO - Sync 2 DAGs
[2023-10-26T04:20:15.320+0000] {logging_mixin.py:137} INFO - [2023-10-26T04:20:15.320+0000] {dag.py:3441} INFO - Setting next_dagrun for example_external_task_marker_child to None, run_after=None
[2023-10-26T04:20:15.322+0000] {logging_mixin.py:137} INFO - [2023-10-26T04:20:15.322+0000] {dag.py:3441} INFO - Setting next_dagrun for example_external_task_marker_parent to None, run_after=None
[2023-10-26T04:20:15.333+0000] {processor.py:175} INFO - Processing /home/airflow/.local/lib/python3.7/site-packages/airflow/example_dags/example_external_task_marker_dag.py took 0.057 seconds
[2023-10-26T05:39:37.577+0000] {processor.py:153} INFO - Started process (PID=43165) to work on /home/airflow/.local/lib/python3.7/site-packages/airflow/example_dags/example_external_task_marker_dag.py
[2023-10-26T05:39:37.578+0000] {processor.py:743} INFO - Processing file /home/airflow/.local/lib/python3.7/site-packages/airflow/example_dags/example_external_task_marker_dag.py for tasks to queue
[2023-10-26T05:39:37.578+0000] {logging_mixin.py:137} INFO - [2023-10-26T05:39:37.578+0000] {dagbag.py:538} INFO - Filling up the DagBag from /home/airflow/.local/lib/python3.7/site-packages/airflow/example_dags/example_external_task_marker_dag.py
[2023-10-26T05:39:37.587+0000] {processor.py:753} INFO - DAG(s) dict_keys(['example_external_task_marker_parent', 'example_external_task_marker_child']) retrieved from /home/airflow/.local/lib/python3.7/site-packages/airflow/example_dags/example_external_task_marker_dag.py
[2023-10-26T05:39:37.603+0000] {logging_mixin.py:137} INFO - [2023-10-26T05:39:37.603+0000] {dag.py:2690} INFO - Sync 2 DAGs
[2023-10-26T05:39:37.617+0000] {logging_mixin.py:137} INFO - [2023-10-26T05:39:37.617+0000] {dag.py:3441} INFO - Setting next_dagrun for example_external_task_marker_child to None, run_after=None
[2023-10-26T05:39:37.618+0000] {logging_mixin.py:137} INFO - [2023-10-26T05:39:37.618+0000] {dag.py:3441} INFO - Setting next_dagrun for example_external_task_marker_parent to None, run_after=None
[2023-10-26T05:39:37.627+0000] {processor.py:175} INFO - Processing /home/airflow/.local/lib/python3.7/site-packages/airflow/example_dags/example_external_task_marker_dag.py took 0.052 seconds
[2023-10-26T07:01:27.135+0000] {processor.py:153} INFO - Started process (PID=43250) to work on /home/airflow/.local/lib/python3.7/site-packages/airflow/example_dags/example_external_task_marker_dag.py
[2023-10-26T07:01:27.136+0000] {processor.py:743} INFO - Processing file /home/airflow/.local/lib/python3.7/site-packages/airflow/example_dags/example_external_task_marker_dag.py for tasks to queue
[2023-10-26T07:01:27.136+0000] {logging_mixin.py:137} INFO - [2023-10-26T07:01:27.136+0000] {dagbag.py:538} INFO - Filling up the DagBag from /home/airflow/.local/lib/python3.7/site-packages/airflow/example_dags/example_external_task_marker_dag.py
[2023-10-26T07:01:27.144+0000] {processor.py:753} INFO - DAG(s) dict_keys(['example_external_task_marker_parent', 'example_external_task_marker_child']) retrieved from /home/airflow/.local/lib/python3.7/site-packages/airflow/example_dags/example_external_task_marker_dag.py
[2023-10-26T07:01:27.159+0000] {logging_mixin.py:137} INFO - [2023-10-26T07:01:27.159+0000] {dag.py:2690} INFO - Sync 2 DAGs
[2023-10-26T07:01:27.171+0000] {logging_mixin.py:137} INFO - [2023-10-26T07:01:27.171+0000] {dag.py:3441} INFO - Setting next_dagrun for example_external_task_marker_child to None, run_after=None
[2023-10-26T07:01:27.172+0000] {logging_mixin.py:137} INFO - [2023-10-26T07:01:27.172+0000] {dag.py:3441} INFO - Setting next_dagrun for example_external_task_marker_parent to None, run_after=None
[2023-10-26T07:01:27.180+0000] {processor.py:175} INFO - Processing /home/airflow/.local/lib/python3.7/site-packages/airflow/example_dags/example_external_task_marker_dag.py took 0.047 seconds
[2023-10-26T08:41:50.407+0000] {processor.py:153} INFO - Started process (PID=43344) to work on /home/airflow/.local/lib/python3.7/site-packages/airflow/example_dags/example_external_task_marker_dag.py
[2023-10-26T08:41:50.407+0000] {processor.py:743} INFO - Processing file /home/airflow/.local/lib/python3.7/site-packages/airflow/example_dags/example_external_task_marker_dag.py for tasks to queue
[2023-10-26T08:41:50.408+0000] {logging_mixin.py:137} INFO - [2023-10-26T08:41:50.408+0000] {dagbag.py:538} INFO - Filling up the DagBag from /home/airflow/.local/lib/python3.7/site-packages/airflow/example_dags/example_external_task_marker_dag.py
[2023-10-26T08:41:50.415+0000] {processor.py:753} INFO - DAG(s) dict_keys(['example_external_task_marker_child', 'example_external_task_marker_parent']) retrieved from /home/airflow/.local/lib/python3.7/site-packages/airflow/example_dags/example_external_task_marker_dag.py
[2023-10-26T08:41:50.430+0000] {logging_mixin.py:137} INFO - [2023-10-26T08:41:50.430+0000] {dag.py:2690} INFO - Sync 2 DAGs
[2023-10-26T08:41:50.442+0000] {logging_mixin.py:137} INFO - [2023-10-26T08:41:50.442+0000] {dag.py:3441} INFO - Setting next_dagrun for example_external_task_marker_child to None, run_after=None
[2023-10-26T08:41:50.444+0000] {logging_mixin.py:137} INFO - [2023-10-26T08:41:50.444+0000] {dag.py:3441} INFO - Setting next_dagrun for example_external_task_marker_parent to None, run_after=None
[2023-10-26T08:41:50.452+0000] {processor.py:175} INFO - Processing /home/airflow/.local/lib/python3.7/site-packages/airflow/example_dags/example_external_task_marker_dag.py took 0.047 seconds
[2023-10-26T10:21:08.833+0000] {processor.py:153} INFO - Started process (PID=43420) to work on /home/airflow/.local/lib/python3.7/site-packages/airflow/example_dags/example_external_task_marker_dag.py
[2023-10-26T10:21:08.834+0000] {processor.py:743} INFO - Processing file /home/airflow/.local/lib/python3.7/site-packages/airflow/example_dags/example_external_task_marker_dag.py for tasks to queue
[2023-10-26T10:21:08.834+0000] {logging_mixin.py:137} INFO - [2023-10-26T10:21:08.834+0000] {dagbag.py:538} INFO - Filling up the DagBag from /home/airflow/.local/lib/python3.7/site-packages/airflow/example_dags/example_external_task_marker_dag.py
[2023-10-26T10:21:08.842+0000] {processor.py:753} INFO - DAG(s) dict_keys(['example_external_task_marker_parent', 'example_external_task_marker_child']) retrieved from /home/airflow/.local/lib/python3.7/site-packages/airflow/example_dags/example_external_task_marker_dag.py
[2023-10-26T10:21:08.857+0000] {logging_mixin.py:137} INFO - [2023-10-26T10:21:08.857+0000] {dag.py:2690} INFO - Sync 2 DAGs
[2023-10-26T10:21:08.869+0000] {logging_mixin.py:137} INFO - [2023-10-26T10:21:08.869+0000] {dag.py:3441} INFO - Setting next_dagrun for example_external_task_marker_child to None, run_after=None
[2023-10-26T10:21:08.871+0000] {logging_mixin.py:137} INFO - [2023-10-26T10:21:08.871+0000] {dag.py:3441} INFO - Setting next_dagrun for example_external_task_marker_parent to None, run_after=None
[2023-10-26T10:21:08.879+0000] {processor.py:175} INFO - Processing /home/airflow/.local/lib/python3.7/site-packages/airflow/example_dags/example_external_task_marker_dag.py took 0.047 seconds
[2023-10-26T11:42:00.985+0000] {processor.py:153} INFO - Started process (PID=43514) to work on /home/airflow/.local/lib/python3.7/site-packages/airflow/example_dags/example_external_task_marker_dag.py
[2023-10-26T11:42:00.986+0000] {processor.py:743} INFO - Processing file /home/airflow/.local/lib/python3.7/site-packages/airflow/example_dags/example_external_task_marker_dag.py for tasks to queue
[2023-10-26T11:42:00.987+0000] {logging_mixin.py:137} INFO - [2023-10-26T11:42:00.987+0000] {dagbag.py:538} INFO - Filling up the DagBag from /home/airflow/.local/lib/python3.7/site-packages/airflow/example_dags/example_external_task_marker_dag.py
[2023-10-26T11:42:00.996+0000] {processor.py:753} INFO - DAG(s) dict_keys(['example_external_task_marker_child', 'example_external_task_marker_parent']) retrieved from /home/airflow/.local/lib/python3.7/site-packages/airflow/example_dags/example_external_task_marker_dag.py
[2023-10-26T11:42:01.018+0000] {logging_mixin.py:137} INFO - [2023-10-26T11:42:01.018+0000] {dag.py:2690} INFO - Sync 2 DAGs
[2023-10-26T11:42:01.035+0000] {logging_mixin.py:137} INFO - [2023-10-26T11:42:01.035+0000] {dag.py:3441} INFO - Setting next_dagrun for example_external_task_marker_child to None, run_after=None
[2023-10-26T11:42:01.037+0000] {logging_mixin.py:137} INFO - [2023-10-26T11:42:01.037+0000] {dag.py:3441} INFO - Setting next_dagrun for example_external_task_marker_parent to None, run_after=None
[2023-10-26T11:42:01.050+0000] {processor.py:175} INFO - Processing /home/airflow/.local/lib/python3.7/site-packages/airflow/example_dags/example_external_task_marker_dag.py took 0.068 seconds
[2023-10-26T13:22:53.642+0000] {processor.py:153} INFO - Started process (PID=43608) to work on /home/airflow/.local/lib/python3.7/site-packages/airflow/example_dags/example_external_task_marker_dag.py
[2023-10-26T13:22:53.643+0000] {processor.py:743} INFO - Processing file /home/airflow/.local/lib/python3.7/site-packages/airflow/example_dags/example_external_task_marker_dag.py for tasks to queue
[2023-10-26T13:22:53.643+0000] {logging_mixin.py:137} INFO - [2023-10-26T13:22:53.643+0000] {dagbag.py:538} INFO - Filling up the DagBag from /home/airflow/.local/lib/python3.7/site-packages/airflow/example_dags/example_external_task_marker_dag.py
[2023-10-26T13:22:53.651+0000] {processor.py:753} INFO - DAG(s) dict_keys(['example_external_task_marker_parent', 'example_external_task_marker_child']) retrieved from /home/airflow/.local/lib/python3.7/site-packages/airflow/example_dags/example_external_task_marker_dag.py
[2023-10-26T13:22:53.665+0000] {logging_mixin.py:137} INFO - [2023-10-26T13:22:53.665+0000] {dag.py:2690} INFO - Sync 2 DAGs
[2023-10-26T13:22:53.677+0000] {logging_mixin.py:137} INFO - [2023-10-26T13:22:53.677+0000] {dag.py:3441} INFO - Setting next_dagrun for example_external_task_marker_child to None, run_after=None
[2023-10-26T13:22:53.678+0000] {logging_mixin.py:137} INFO - [2023-10-26T13:22:53.678+0000] {dag.py:3441} INFO - Setting next_dagrun for example_external_task_marker_parent to None, run_after=None
[2023-10-26T13:22:53.686+0000] {processor.py:175} INFO - Processing /home/airflow/.local/lib/python3.7/site-packages/airflow/example_dags/example_external_task_marker_dag.py took 0.045 seconds
[2023-10-26T14:39:25.367+0000] {processor.py:153} INFO - Started process (PID=43684) to work on /home/airflow/.local/lib/python3.7/site-packages/airflow/example_dags/example_external_task_marker_dag.py
[2023-10-26T14:39:25.368+0000] {processor.py:743} INFO - Processing file /home/airflow/.local/lib/python3.7/site-packages/airflow/example_dags/example_external_task_marker_dag.py for tasks to queue
[2023-10-26T14:39:25.369+0000] {logging_mixin.py:137} INFO - [2023-10-26T14:39:25.369+0000] {dagbag.py:538} INFO - Filling up the DagBag from /home/airflow/.local/lib/python3.7/site-packages/airflow/example_dags/example_external_task_marker_dag.py
[2023-10-26T14:39:25.382+0000] {processor.py:753} INFO - DAG(s) dict_keys(['example_external_task_marker_child', 'example_external_task_marker_parent']) retrieved from /home/airflow/.local/lib/python3.7/site-packages/airflow/example_dags/example_external_task_marker_dag.py
[2023-10-26T14:39:25.409+0000] {logging_mixin.py:137} INFO - [2023-10-26T14:39:25.409+0000] {dag.py:2690} INFO - Sync 2 DAGs
[2023-10-26T14:39:25.426+0000] {logging_mixin.py:137} INFO - [2023-10-26T14:39:25.426+0000] {dag.py:3441} INFO - Setting next_dagrun for example_external_task_marker_child to None, run_after=None
[2023-10-26T14:39:25.428+0000] {logging_mixin.py:137} INFO - [2023-10-26T14:39:25.428+0000] {dag.py:3441} INFO - Setting next_dagrun for example_external_task_marker_parent to None, run_after=None
[2023-10-26T14:39:25.438+0000] {processor.py:175} INFO - Processing /home/airflow/.local/lib/python3.7/site-packages/airflow/example_dags/example_external_task_marker_dag.py took 0.074 seconds
[2023-10-26T16:04:50.900+0000] {processor.py:153} INFO - Started process (PID=43778) to work on /home/airflow/.local/lib/python3.7/site-packages/airflow/example_dags/example_external_task_marker_dag.py
[2023-10-26T16:04:50.900+0000] {processor.py:743} INFO - Processing file /home/airflow/.local/lib/python3.7/site-packages/airflow/example_dags/example_external_task_marker_dag.py for tasks to queue
[2023-10-26T16:04:50.901+0000] {logging_mixin.py:137} INFO - [2023-10-26T16:04:50.901+0000] {dagbag.py:538} INFO - Filling up the DagBag from /home/airflow/.local/lib/python3.7/site-packages/airflow/example_dags/example_external_task_marker_dag.py
[2023-10-26T16:04:50.908+0000] {processor.py:753} INFO - DAG(s) dict_keys(['example_external_task_marker_child', 'example_external_task_marker_parent']) retrieved from /home/airflow/.local/lib/python3.7/site-packages/airflow/example_dags/example_external_task_marker_dag.py
[2023-10-26T16:04:50.923+0000] {logging_mixin.py:137} INFO - [2023-10-26T16:04:50.923+0000] {dag.py:2690} INFO - Sync 2 DAGs
[2023-10-26T16:04:50.934+0000] {logging_mixin.py:137} INFO - [2023-10-26T16:04:50.934+0000] {dag.py:3441} INFO - Setting next_dagrun for example_external_task_marker_child to None, run_after=None
[2023-10-26T16:04:50.936+0000] {logging_mixin.py:137} INFO - [2023-10-26T16:04:50.936+0000] {dag.py:3441} INFO - Setting next_dagrun for example_external_task_marker_parent to None, run_after=None
[2023-10-26T16:04:50.943+0000] {processor.py:175} INFO - Processing /home/airflow/.local/lib/python3.7/site-packages/airflow/example_dags/example_external_task_marker_dag.py took 0.045 seconds
[2023-10-26T17:43:45.411+0000] {processor.py:153} INFO - Started process (PID=43872) to work on /home/airflow/.local/lib/python3.7/site-packages/airflow/example_dags/example_external_task_marker_dag.py
[2023-10-26T17:43:45.411+0000] {processor.py:743} INFO - Processing file /home/airflow/.local/lib/python3.7/site-packages/airflow/example_dags/example_external_task_marker_dag.py for tasks to queue
[2023-10-26T17:43:45.412+0000] {logging_mixin.py:137} INFO - [2023-10-26T17:43:45.411+0000] {dagbag.py:538} INFO - Filling up the DagBag from /home/airflow/.local/lib/python3.7/site-packages/airflow/example_dags/example_external_task_marker_dag.py
[2023-10-26T17:43:45.420+0000] {processor.py:753} INFO - DAG(s) dict_keys(['example_external_task_marker_parent', 'example_external_task_marker_child']) retrieved from /home/airflow/.local/lib/python3.7/site-packages/airflow/example_dags/example_external_task_marker_dag.py
[2023-10-26T17:43:45.435+0000] {logging_mixin.py:137} INFO - [2023-10-26T17:43:45.434+0000] {dag.py:2690} INFO - Sync 2 DAGs
[2023-10-26T17:43:45.446+0000] {logging_mixin.py:137} INFO - [2023-10-26T17:43:45.446+0000] {dag.py:3441} INFO - Setting next_dagrun for example_external_task_marker_child to None, run_after=None
[2023-10-26T17:43:45.448+0000] {logging_mixin.py:137} INFO - [2023-10-26T17:43:45.448+0000] {dag.py:3441} INFO - Setting next_dagrun for example_external_task_marker_parent to None, run_after=None
[2023-10-26T17:43:45.456+0000] {processor.py:175} INFO - Processing /home/airflow/.local/lib/python3.7/site-packages/airflow/example_dags/example_external_task_marker_dag.py took 0.047 seconds
[2023-10-26T19:04:29.508+0000] {processor.py:153} INFO - Started process (PID=43948) to work on /home/airflow/.local/lib/python3.7/site-packages/airflow/example_dags/example_external_task_marker_dag.py
[2023-10-26T19:04:29.509+0000] {processor.py:743} INFO - Processing file /home/airflow/.local/lib/python3.7/site-packages/airflow/example_dags/example_external_task_marker_dag.py for tasks to queue
[2023-10-26T19:04:29.509+0000] {logging_mixin.py:137} INFO - [2023-10-26T19:04:29.509+0000] {dagbag.py:538} INFO - Filling up the DagBag from /home/airflow/.local/lib/python3.7/site-packages/airflow/example_dags/example_external_task_marker_dag.py
[2023-10-26T19:04:29.521+0000] {processor.py:753} INFO - DAG(s) dict_keys(['example_external_task_marker_parent', 'example_external_task_marker_child']) retrieved from /home/airflow/.local/lib/python3.7/site-packages/airflow/example_dags/example_external_task_marker_dag.py
[2023-10-26T19:04:29.546+0000] {logging_mixin.py:137} INFO - [2023-10-26T19:04:29.545+0000] {dag.py:2690} INFO - Sync 2 DAGs
[2023-10-26T19:04:29.566+0000] {logging_mixin.py:137} INFO - [2023-10-26T19:04:29.566+0000] {dag.py:3441} INFO - Setting next_dagrun for example_external_task_marker_child to None, run_after=None
[2023-10-26T19:04:29.570+0000] {logging_mixin.py:137} INFO - [2023-10-26T19:04:29.570+0000] {dag.py:3441} INFO - Setting next_dagrun for example_external_task_marker_parent to None, run_after=None
[2023-10-26T19:04:29.581+0000] {processor.py:175} INFO - Processing /home/airflow/.local/lib/python3.7/site-packages/airflow/example_dags/example_external_task_marker_dag.py took 0.076 seconds
[2023-10-26T20:28:21.239+0000] {processor.py:153} INFO - Started process (PID=44042) to work on /home/airflow/.local/lib/python3.7/site-packages/airflow/example_dags/example_external_task_marker_dag.py
[2023-10-26T20:28:21.240+0000] {processor.py:743} INFO - Processing file /home/airflow/.local/lib/python3.7/site-packages/airflow/example_dags/example_external_task_marker_dag.py for tasks to queue
[2023-10-26T20:28:21.241+0000] {logging_mixin.py:137} INFO - [2023-10-26T20:28:21.241+0000] {dagbag.py:538} INFO - Filling up the DagBag from /home/airflow/.local/lib/python3.7/site-packages/airflow/example_dags/example_external_task_marker_dag.py
[2023-10-26T20:28:21.254+0000] {processor.py:753} INFO - DAG(s) dict_keys(['example_external_task_marker_parent', 'example_external_task_marker_child']) retrieved from /home/airflow/.local/lib/python3.7/site-packages/airflow/example_dags/example_external_task_marker_dag.py
[2023-10-26T20:28:21.279+0000] {logging_mixin.py:137} INFO - [2023-10-26T20:28:21.279+0000] {dag.py:2690} INFO - Sync 2 DAGs
[2023-10-26T20:28:21.298+0000] {logging_mixin.py:137} INFO - [2023-10-26T20:28:21.298+0000] {dag.py:3441} INFO - Setting next_dagrun for example_external_task_marker_child to None, run_after=None
[2023-10-26T20:28:21.300+0000] {logging_mixin.py:137} INFO - [2023-10-26T20:28:21.300+0000] {dag.py:3441} INFO - Setting next_dagrun for example_external_task_marker_parent to None, run_after=None
[2023-10-26T20:28:21.312+0000] {processor.py:175} INFO - Processing /home/airflow/.local/lib/python3.7/site-packages/airflow/example_dags/example_external_task_marker_dag.py took 0.078 seconds
[2023-10-26T21:49:54.831+0000] {processor.py:153} INFO - Started process (PID=44136) to work on /home/airflow/.local/lib/python3.7/site-packages/airflow/example_dags/example_external_task_marker_dag.py
[2023-10-26T21:49:54.831+0000] {processor.py:743} INFO - Processing file /home/airflow/.local/lib/python3.7/site-packages/airflow/example_dags/example_external_task_marker_dag.py for tasks to queue
[2023-10-26T21:49:54.832+0000] {logging_mixin.py:137} INFO - [2023-10-26T21:49:54.832+0000] {dagbag.py:538} INFO - Filling up the DagBag from /home/airflow/.local/lib/python3.7/site-packages/airflow/example_dags/example_external_task_marker_dag.py
[2023-10-26T21:49:54.842+0000] {processor.py:753} INFO - DAG(s) dict_keys(['example_external_task_marker_parent', 'example_external_task_marker_child']) retrieved from /home/airflow/.local/lib/python3.7/site-packages/airflow/example_dags/example_external_task_marker_dag.py
[2023-10-26T21:49:54.874+0000] {logging_mixin.py:137} INFO - [2023-10-26T21:49:54.874+0000] {dag.py:2690} INFO - Sync 2 DAGs
[2023-10-26T21:49:54.893+0000] {logging_mixin.py:137} INFO - [2023-10-26T21:49:54.893+0000] {dag.py:3441} INFO - Setting next_dagrun for example_external_task_marker_child to None, run_after=None
[2023-10-26T21:49:54.895+0000] {logging_mixin.py:137} INFO - [2023-10-26T21:49:54.895+0000] {dag.py:3441} INFO - Setting next_dagrun for example_external_task_marker_parent to None, run_after=None
[2023-10-26T21:49:54.905+0000] {processor.py:175} INFO - Processing /home/airflow/.local/lib/python3.7/site-packages/airflow/example_dags/example_external_task_marker_dag.py took 0.077 seconds
[2023-10-26T23:09:34.175+0000] {processor.py:153} INFO - Started process (PID=44212) to work on /home/airflow/.local/lib/python3.7/site-packages/airflow/example_dags/example_external_task_marker_dag.py
[2023-10-26T23:09:34.175+0000] {processor.py:743} INFO - Processing file /home/airflow/.local/lib/python3.7/site-packages/airflow/example_dags/example_external_task_marker_dag.py for tasks to queue
[2023-10-26T23:09:34.176+0000] {logging_mixin.py:137} INFO - [2023-10-26T23:09:34.175+0000] {dagbag.py:538} INFO - Filling up the DagBag from /home/airflow/.local/lib/python3.7/site-packages/airflow/example_dags/example_external_task_marker_dag.py
[2023-10-26T23:09:34.183+0000] {processor.py:753} INFO - DAG(s) dict_keys(['example_external_task_marker_child', 'example_external_task_marker_parent']) retrieved from /home/airflow/.local/lib/python3.7/site-packages/airflow/example_dags/example_external_task_marker_dag.py
[2023-10-26T23:09:34.198+0000] {logging_mixin.py:137} INFO - [2023-10-26T23:09:34.198+0000] {dag.py:2690} INFO - Sync 2 DAGs
[2023-10-26T23:09:34.215+0000] {logging_mixin.py:137} INFO - [2023-10-26T23:09:34.214+0000] {dag.py:3441} INFO - Setting next_dagrun for example_external_task_marker_child to None, run_after=None
[2023-10-26T23:09:34.219+0000] {logging_mixin.py:137} INFO - [2023-10-26T23:09:34.219+0000] {dag.py:3441} INFO - Setting next_dagrun for example_external_task_marker_parent to None, run_after=None
[2023-10-26T23:09:34.229+0000] {processor.py:175} INFO - Processing /home/airflow/.local/lib/python3.7/site-packages/airflow/example_dags/example_external_task_marker_dag.py took 0.056 seconds
