[2023-10-14T01:23:53.330+0000] {processor.py:153} INFO - Started process (PID=3694) to work on /home/airflow/.local/lib/python3.7/site-packages/airflow/example_dags/example_kubernetes_executor.py
[2023-10-14T01:23:53.333+0000] {processor.py:743} INFO - Processing file /home/airflow/.local/lib/python3.7/site-packages/airflow/example_dags/example_kubernetes_executor.py for tasks to queue
[2023-10-14T01:23:53.334+0000] {logging_mixin.py:137} INFO - [2023-10-14T01:23:53.334+0000] {dagbag.py:538} INFO - Filling up the DagBag from /home/airflow/.local/lib/python3.7/site-packages/airflow/example_dags/example_kubernetes_executor.py
[2023-10-14T01:23:53.436+0000] {processor.py:753} INFO - DAG(s) dict_keys(['example_kubernetes_executor']) retrieved from /home/airflow/.local/lib/python3.7/site-packages/airflow/example_dags/example_kubernetes_executor.py
[2023-10-14T01:23:53.489+0000] {logging_mixin.py:137} INFO - [2023-10-14T01:23:53.489+0000] {dag.py:2690} INFO - Sync 1 DAGs
[2023-10-14T01:23:53.507+0000] {logging_mixin.py:137} INFO - [2023-10-14T01:23:53.507+0000] {dag.py:3441} INFO - Setting next_dagrun for example_kubernetes_executor to None, run_after=None
[2023-10-14T01:23:53.521+0000] {processor.py:175} INFO - Processing /home/airflow/.local/lib/python3.7/site-packages/airflow/example_dags/example_kubernetes_executor.py took 0.196 seconds
[2023-10-14T02:47:25.079+0000] {processor.py:153} INFO - Started process (PID=3778) to work on /home/airflow/.local/lib/python3.7/site-packages/airflow/example_dags/example_kubernetes_executor.py
[2023-10-14T02:47:25.080+0000] {processor.py:743} INFO - Processing file /home/airflow/.local/lib/python3.7/site-packages/airflow/example_dags/example_kubernetes_executor.py for tasks to queue
[2023-10-14T02:47:25.084+0000] {logging_mixin.py:137} INFO - [2023-10-14T02:47:25.084+0000] {dagbag.py:538} INFO - Filling up the DagBag from /home/airflow/.local/lib/python3.7/site-packages/airflow/example_dags/example_kubernetes_executor.py
[2023-10-14T02:47:25.118+0000] {processor.py:753} INFO - DAG(s) dict_keys(['example_kubernetes_executor']) retrieved from /home/airflow/.local/lib/python3.7/site-packages/airflow/example_dags/example_kubernetes_executor.py
[2023-10-14T02:47:25.156+0000] {logging_mixin.py:137} INFO - [2023-10-14T02:47:25.156+0000] {dag.py:2690} INFO - Sync 1 DAGs
[2023-10-14T02:47:25.184+0000] {logging_mixin.py:137} INFO - [2023-10-14T02:47:25.184+0000] {dag.py:3441} INFO - Setting next_dagrun for example_kubernetes_executor to None, run_after=None
[2023-10-14T02:47:25.216+0000] {processor.py:175} INFO - Processing /home/airflow/.local/lib/python3.7/site-packages/airflow/example_dags/example_kubernetes_executor.py took 0.141 seconds
[2023-10-14T03:53:18.099+0000] {processor.py:153} INFO - Started process (PID=3862) to work on /home/airflow/.local/lib/python3.7/site-packages/airflow/example_dags/example_kubernetes_executor.py
[2023-10-14T03:53:18.101+0000] {processor.py:743} INFO - Processing file /home/airflow/.local/lib/python3.7/site-packages/airflow/example_dags/example_kubernetes_executor.py for tasks to queue
[2023-10-14T03:53:18.102+0000] {logging_mixin.py:137} INFO - [2023-10-14T03:53:18.102+0000] {dagbag.py:538} INFO - Filling up the DagBag from /home/airflow/.local/lib/python3.7/site-packages/airflow/example_dags/example_kubernetes_executor.py
[2023-10-14T03:53:18.133+0000] {processor.py:753} INFO - DAG(s) dict_keys(['example_kubernetes_executor']) retrieved from /home/airflow/.local/lib/python3.7/site-packages/airflow/example_dags/example_kubernetes_executor.py
[2023-10-14T03:53:18.176+0000] {logging_mixin.py:137} INFO - [2023-10-14T03:53:18.176+0000] {dag.py:2690} INFO - Sync 1 DAGs
[2023-10-14T03:53:18.210+0000] {logging_mixin.py:137} INFO - [2023-10-14T03:53:18.210+0000] {dag.py:3441} INFO - Setting next_dagrun for example_kubernetes_executor to None, run_after=None
[2023-10-14T03:53:18.235+0000] {processor.py:175} INFO - Processing /home/airflow/.local/lib/python3.7/site-packages/airflow/example_dags/example_kubernetes_executor.py took 0.141 seconds
[2023-10-14T04:43:38.352+0000] {processor.py:153} INFO - Started process (PID=3955) to work on /home/airflow/.local/lib/python3.7/site-packages/airflow/example_dags/example_kubernetes_executor.py
[2023-10-14T04:43:38.355+0000] {processor.py:743} INFO - Processing file /home/airflow/.local/lib/python3.7/site-packages/airflow/example_dags/example_kubernetes_executor.py for tasks to queue
[2023-10-14T04:43:38.357+0000] {logging_mixin.py:137} INFO - [2023-10-14T04:43:38.357+0000] {dagbag.py:538} INFO - Filling up the DagBag from /home/airflow/.local/lib/python3.7/site-packages/airflow/example_dags/example_kubernetes_executor.py
[2023-10-14T04:43:38.394+0000] {processor.py:753} INFO - DAG(s) dict_keys(['example_kubernetes_executor']) retrieved from /home/airflow/.local/lib/python3.7/site-packages/airflow/example_dags/example_kubernetes_executor.py
[2023-10-14T04:43:38.431+0000] {logging_mixin.py:137} INFO - [2023-10-14T04:43:38.431+0000] {dag.py:2690} INFO - Sync 1 DAGs
[2023-10-14T04:43:38.462+0000] {logging_mixin.py:137} INFO - [2023-10-14T04:43:38.462+0000] {dag.py:3441} INFO - Setting next_dagrun for example_kubernetes_executor to None, run_after=None
[2023-10-14T04:43:38.501+0000] {processor.py:175} INFO - Processing /home/airflow/.local/lib/python3.7/site-packages/airflow/example_dags/example_kubernetes_executor.py took 0.155 seconds
[2023-10-14T06:07:41.465+0000] {processor.py:153} INFO - Started process (PID=4030) to work on /home/airflow/.local/lib/python3.7/site-packages/airflow/example_dags/example_kubernetes_executor.py
[2023-10-14T06:07:41.467+0000] {processor.py:743} INFO - Processing file /home/airflow/.local/lib/python3.7/site-packages/airflow/example_dags/example_kubernetes_executor.py for tasks to queue
[2023-10-14T06:07:41.469+0000] {logging_mixin.py:137} INFO - [2023-10-14T06:07:41.468+0000] {dagbag.py:538} INFO - Filling up the DagBag from /home/airflow/.local/lib/python3.7/site-packages/airflow/example_dags/example_kubernetes_executor.py
[2023-10-14T06:07:41.503+0000] {processor.py:753} INFO - DAG(s) dict_keys(['example_kubernetes_executor']) retrieved from /home/airflow/.local/lib/python3.7/site-packages/airflow/example_dags/example_kubernetes_executor.py
[2023-10-14T06:07:41.559+0000] {logging_mixin.py:137} INFO - [2023-10-14T06:07:41.559+0000] {dag.py:2690} INFO - Sync 1 DAGs
[2023-10-14T06:07:41.590+0000] {logging_mixin.py:137} INFO - [2023-10-14T06:07:41.590+0000] {dag.py:3441} INFO - Setting next_dagrun for example_kubernetes_executor to None, run_after=None
[2023-10-14T06:07:41.634+0000] {processor.py:175} INFO - Processing /home/airflow/.local/lib/python3.7/site-packages/airflow/example_dags/example_kubernetes_executor.py took 0.175 seconds
[2023-10-14T07:32:16.130+0000] {processor.py:153} INFO - Started process (PID=4104) to work on /home/airflow/.local/lib/python3.7/site-packages/airflow/example_dags/example_kubernetes_executor.py
[2023-10-14T07:32:16.131+0000] {processor.py:743} INFO - Processing file /home/airflow/.local/lib/python3.7/site-packages/airflow/example_dags/example_kubernetes_executor.py for tasks to queue
[2023-10-14T07:32:16.132+0000] {logging_mixin.py:137} INFO - [2023-10-14T07:32:16.132+0000] {dagbag.py:538} INFO - Filling up the DagBag from /home/airflow/.local/lib/python3.7/site-packages/airflow/example_dags/example_kubernetes_executor.py
[2023-10-14T07:32:16.159+0000] {processor.py:753} INFO - DAG(s) dict_keys(['example_kubernetes_executor']) retrieved from /home/airflow/.local/lib/python3.7/site-packages/airflow/example_dags/example_kubernetes_executor.py
[2023-10-14T07:32:16.218+0000] {logging_mixin.py:137} INFO - [2023-10-14T07:32:16.218+0000] {dag.py:2690} INFO - Sync 1 DAGs
[2023-10-14T07:32:16.248+0000] {logging_mixin.py:137} INFO - [2023-10-14T07:32:16.248+0000] {dag.py:3441} INFO - Setting next_dagrun for example_kubernetes_executor to None, run_after=None
[2023-10-14T07:32:16.282+0000] {processor.py:175} INFO - Processing /home/airflow/.local/lib/python3.7/site-packages/airflow/example_dags/example_kubernetes_executor.py took 0.156 seconds
[2023-10-14T08:56:36.957+0000] {processor.py:153} INFO - Started process (PID=4196) to work on /home/airflow/.local/lib/python3.7/site-packages/airflow/example_dags/example_kubernetes_executor.py
[2023-10-14T08:56:36.958+0000] {processor.py:743} INFO - Processing file /home/airflow/.local/lib/python3.7/site-packages/airflow/example_dags/example_kubernetes_executor.py for tasks to queue
[2023-10-14T08:56:36.959+0000] {logging_mixin.py:137} INFO - [2023-10-14T08:56:36.959+0000] {dagbag.py:538} INFO - Filling up the DagBag from /home/airflow/.local/lib/python3.7/site-packages/airflow/example_dags/example_kubernetes_executor.py
[2023-10-14T08:56:36.984+0000] {processor.py:753} INFO - DAG(s) dict_keys(['example_kubernetes_executor']) retrieved from /home/airflow/.local/lib/python3.7/site-packages/airflow/example_dags/example_kubernetes_executor.py
[2023-10-14T08:56:37.013+0000] {logging_mixin.py:137} INFO - [2023-10-14T08:56:37.013+0000] {dag.py:2690} INFO - Sync 1 DAGs
[2023-10-14T08:56:37.037+0000] {logging_mixin.py:137} INFO - [2023-10-14T08:56:37.036+0000] {dag.py:3441} INFO - Setting next_dagrun for example_kubernetes_executor to None, run_after=None
[2023-10-14T08:56:37.055+0000] {processor.py:175} INFO - Processing /home/airflow/.local/lib/python3.7/site-packages/airflow/example_dags/example_kubernetes_executor.py took 0.103 seconds
[2023-10-14T10:21:10.148+0000] {processor.py:153} INFO - Started process (PID=4271) to work on /home/airflow/.local/lib/python3.7/site-packages/airflow/example_dags/example_kubernetes_executor.py
[2023-10-14T10:21:10.150+0000] {processor.py:743} INFO - Processing file /home/airflow/.local/lib/python3.7/site-packages/airflow/example_dags/example_kubernetes_executor.py for tasks to queue
[2023-10-14T10:21:10.154+0000] {logging_mixin.py:137} INFO - [2023-10-14T10:21:10.154+0000] {dagbag.py:538} INFO - Filling up the DagBag from /home/airflow/.local/lib/python3.7/site-packages/airflow/example_dags/example_kubernetes_executor.py
[2023-10-14T10:21:10.300+0000] {processor.py:753} INFO - DAG(s) dict_keys(['example_kubernetes_executor']) retrieved from /home/airflow/.local/lib/python3.7/site-packages/airflow/example_dags/example_kubernetes_executor.py
[2023-10-14T10:21:10.335+0000] {logging_mixin.py:137} INFO - [2023-10-14T10:21:10.335+0000] {dag.py:2690} INFO - Sync 1 DAGs
[2023-10-14T10:21:10.360+0000] {logging_mixin.py:137} INFO - [2023-10-14T10:21:10.360+0000] {dag.py:3441} INFO - Setting next_dagrun for example_kubernetes_executor to None, run_after=None
[2023-10-14T10:21:10.379+0000] {processor.py:175} INFO - Processing /home/airflow/.local/lib/python3.7/site-packages/airflow/example_dags/example_kubernetes_executor.py took 0.236 seconds
[2023-10-14T12:01:28.291+0000] {processor.py:153} INFO - Started process (PID=4354) to work on /home/airflow/.local/lib/python3.7/site-packages/airflow/example_dags/example_kubernetes_executor.py
[2023-10-14T12:01:28.294+0000] {processor.py:743} INFO - Processing file /home/airflow/.local/lib/python3.7/site-packages/airflow/example_dags/example_kubernetes_executor.py for tasks to queue
[2023-10-14T12:01:28.297+0000] {logging_mixin.py:137} INFO - [2023-10-14T12:01:28.297+0000] {dagbag.py:538} INFO - Filling up the DagBag from /home/airflow/.local/lib/python3.7/site-packages/airflow/example_dags/example_kubernetes_executor.py
[2023-10-14T12:01:28.338+0000] {processor.py:753} INFO - DAG(s) dict_keys(['example_kubernetes_executor']) retrieved from /home/airflow/.local/lib/python3.7/site-packages/airflow/example_dags/example_kubernetes_executor.py
[2023-10-14T12:01:28.403+0000] {logging_mixin.py:137} INFO - [2023-10-14T12:01:28.403+0000] {dag.py:2690} INFO - Sync 1 DAGs
[2023-10-14T12:01:28.432+0000] {logging_mixin.py:137} INFO - [2023-10-14T12:01:28.432+0000] {dag.py:3441} INFO - Setting next_dagrun for example_kubernetes_executor to None, run_after=None
[2023-10-14T12:01:28.470+0000] {processor.py:175} INFO - Processing /home/airflow/.local/lib/python3.7/site-packages/airflow/example_dags/example_kubernetes_executor.py took 0.184 seconds
[2023-10-14T13:27:35.280+0000] {processor.py:153} INFO - Started process (PID=4438) to work on /home/airflow/.local/lib/python3.7/site-packages/airflow/example_dags/example_kubernetes_executor.py
[2023-10-14T13:27:35.281+0000] {processor.py:743} INFO - Processing file /home/airflow/.local/lib/python3.7/site-packages/airflow/example_dags/example_kubernetes_executor.py for tasks to queue
[2023-10-14T13:27:35.283+0000] {logging_mixin.py:137} INFO - [2023-10-14T13:27:35.283+0000] {dagbag.py:538} INFO - Filling up the DagBag from /home/airflow/.local/lib/python3.7/site-packages/airflow/example_dags/example_kubernetes_executor.py
[2023-10-14T13:27:35.319+0000] {processor.py:753} INFO - DAG(s) dict_keys(['example_kubernetes_executor']) retrieved from /home/airflow/.local/lib/python3.7/site-packages/airflow/example_dags/example_kubernetes_executor.py
[2023-10-14T13:27:35.372+0000] {logging_mixin.py:137} INFO - [2023-10-14T13:27:35.372+0000] {dag.py:2690} INFO - Sync 1 DAGs
[2023-10-14T13:27:35.402+0000] {logging_mixin.py:137} INFO - [2023-10-14T13:27:35.401+0000] {dag.py:3441} INFO - Setting next_dagrun for example_kubernetes_executor to None, run_after=None
[2023-10-14T13:27:35.425+0000] {processor.py:175} INFO - Processing /home/airflow/.local/lib/python3.7/site-packages/airflow/example_dags/example_kubernetes_executor.py took 0.151 seconds
[2023-10-14T14:19:08.971+0000] {processor.py:153} INFO - Started process (PID=4513) to work on /home/airflow/.local/lib/python3.7/site-packages/airflow/example_dags/example_kubernetes_executor.py
[2023-10-14T14:19:08.972+0000] {processor.py:743} INFO - Processing file /home/airflow/.local/lib/python3.7/site-packages/airflow/example_dags/example_kubernetes_executor.py for tasks to queue
[2023-10-14T14:19:08.972+0000] {logging_mixin.py:137} INFO - [2023-10-14T14:19:08.972+0000] {dagbag.py:538} INFO - Filling up the DagBag from /home/airflow/.local/lib/python3.7/site-packages/airflow/example_dags/example_kubernetes_executor.py
[2023-10-14T14:19:08.997+0000] {processor.py:753} INFO - DAG(s) dict_keys(['example_kubernetes_executor']) retrieved from /home/airflow/.local/lib/python3.7/site-packages/airflow/example_dags/example_kubernetes_executor.py
[2023-10-14T14:19:09.026+0000] {logging_mixin.py:137} INFO - [2023-10-14T14:19:09.026+0000] {dag.py:2690} INFO - Sync 1 DAGs
[2023-10-14T14:19:09.053+0000] {logging_mixin.py:137} INFO - [2023-10-14T14:19:09.053+0000] {dag.py:3441} INFO - Setting next_dagrun for example_kubernetes_executor to None, run_after=None
[2023-10-14T14:19:09.072+0000] {processor.py:175} INFO - Processing /home/airflow/.local/lib/python3.7/site-packages/airflow/example_dags/example_kubernetes_executor.py took 0.104 seconds
[2023-10-14T15:42:12.808+0000] {processor.py:153} INFO - Started process (PID=4605) to work on /home/airflow/.local/lib/python3.7/site-packages/airflow/example_dags/example_kubernetes_executor.py
[2023-10-14T15:42:12.810+0000] {processor.py:743} INFO - Processing file /home/airflow/.local/lib/python3.7/site-packages/airflow/example_dags/example_kubernetes_executor.py for tasks to queue
[2023-10-14T15:42:12.811+0000] {logging_mixin.py:137} INFO - [2023-10-14T15:42:12.811+0000] {dagbag.py:538} INFO - Filling up the DagBag from /home/airflow/.local/lib/python3.7/site-packages/airflow/example_dags/example_kubernetes_executor.py
[2023-10-14T15:42:12.844+0000] {processor.py:753} INFO - DAG(s) dict_keys(['example_kubernetes_executor']) retrieved from /home/airflow/.local/lib/python3.7/site-packages/airflow/example_dags/example_kubernetes_executor.py
[2023-10-14T15:42:12.884+0000] {logging_mixin.py:137} INFO - [2023-10-14T15:42:12.883+0000] {dag.py:2690} INFO - Sync 1 DAGs
[2023-10-14T15:42:12.911+0000] {logging_mixin.py:137} INFO - [2023-10-14T15:42:12.910+0000] {dag.py:3441} INFO - Setting next_dagrun for example_kubernetes_executor to None, run_after=None
[2023-10-14T15:42:12.940+0000] {processor.py:175} INFO - Processing /home/airflow/.local/lib/python3.7/site-packages/airflow/example_dags/example_kubernetes_executor.py took 0.136 seconds
[2023-10-14T16:57:34.455+0000] {processor.py:153} INFO - Started process (PID=4680) to work on /home/airflow/.local/lib/python3.7/site-packages/airflow/example_dags/example_kubernetes_executor.py
[2023-10-14T16:57:34.456+0000] {processor.py:743} INFO - Processing file /home/airflow/.local/lib/python3.7/site-packages/airflow/example_dags/example_kubernetes_executor.py for tasks to queue
[2023-10-14T16:57:34.457+0000] {logging_mixin.py:137} INFO - [2023-10-14T16:57:34.457+0000] {dagbag.py:538} INFO - Filling up the DagBag from /home/airflow/.local/lib/python3.7/site-packages/airflow/example_dags/example_kubernetes_executor.py
[2023-10-14T16:57:34.487+0000] {processor.py:753} INFO - DAG(s) dict_keys(['example_kubernetes_executor']) retrieved from /home/airflow/.local/lib/python3.7/site-packages/airflow/example_dags/example_kubernetes_executor.py
[2023-10-14T16:57:34.517+0000] {logging_mixin.py:137} INFO - [2023-10-14T16:57:34.516+0000] {dag.py:2690} INFO - Sync 1 DAGs
[2023-10-14T16:57:34.542+0000] {logging_mixin.py:137} INFO - [2023-10-14T16:57:34.542+0000] {dag.py:3441} INFO - Setting next_dagrun for example_kubernetes_executor to None, run_after=None
[2023-10-14T16:57:34.567+0000] {processor.py:175} INFO - Processing /home/airflow/.local/lib/python3.7/site-packages/airflow/example_dags/example_kubernetes_executor.py took 0.117 seconds
[2023-10-14T16:58:04.871+0000] {processor.py:153} INFO - Started process (PID=4772) to work on /home/airflow/.local/lib/python3.7/site-packages/airflow/example_dags/example_kubernetes_executor.py
[2023-10-14T16:58:04.874+0000] {processor.py:743} INFO - Processing file /home/airflow/.local/lib/python3.7/site-packages/airflow/example_dags/example_kubernetes_executor.py for tasks to queue
[2023-10-14T16:58:04.875+0000] {logging_mixin.py:137} INFO - [2023-10-14T16:58:04.875+0000] {dagbag.py:538} INFO - Filling up the DagBag from /home/airflow/.local/lib/python3.7/site-packages/airflow/example_dags/example_kubernetes_executor.py
[2023-10-14T16:58:04.932+0000] {processor.py:753} INFO - DAG(s) dict_keys(['example_kubernetes_executor']) retrieved from /home/airflow/.local/lib/python3.7/site-packages/airflow/example_dags/example_kubernetes_executor.py
[2023-10-14T16:58:05.023+0000] {logging_mixin.py:137} INFO - [2023-10-14T16:58:05.022+0000] {dag.py:2690} INFO - Sync 1 DAGs
[2023-10-14T16:58:05.064+0000] {logging_mixin.py:137} INFO - [2023-10-14T16:58:05.063+0000] {dag.py:3441} INFO - Setting next_dagrun for example_kubernetes_executor to None, run_after=None
[2023-10-14T16:58:05.129+0000] {processor.py:175} INFO - Processing /home/airflow/.local/lib/python3.7/site-packages/airflow/example_dags/example_kubernetes_executor.py took 0.261 seconds
[2023-10-14T16:58:36.545+0000] {processor.py:153} INFO - Started process (PID=4847) to work on /home/airflow/.local/lib/python3.7/site-packages/airflow/example_dags/example_kubernetes_executor.py
[2023-10-14T16:58:36.547+0000] {processor.py:743} INFO - Processing file /home/airflow/.local/lib/python3.7/site-packages/airflow/example_dags/example_kubernetes_executor.py for tasks to queue
[2023-10-14T16:58:36.550+0000] {logging_mixin.py:137} INFO - [2023-10-14T16:58:36.550+0000] {dagbag.py:538} INFO - Filling up the DagBag from /home/airflow/.local/lib/python3.7/site-packages/airflow/example_dags/example_kubernetes_executor.py
[2023-10-14T16:58:36.610+0000] {processor.py:753} INFO - DAG(s) dict_keys(['example_kubernetes_executor']) retrieved from /home/airflow/.local/lib/python3.7/site-packages/airflow/example_dags/example_kubernetes_executor.py
[2023-10-14T16:58:36.691+0000] {logging_mixin.py:137} INFO - [2023-10-14T16:58:36.691+0000] {dag.py:2690} INFO - Sync 1 DAGs
[2023-10-14T16:58:37.106+0000] {logging_mixin.py:137} INFO - [2023-10-14T16:58:37.106+0000] {dag.py:3441} INFO - Setting next_dagrun for example_kubernetes_executor to None, run_after=None
[2023-10-14T16:58:37.201+0000] {processor.py:175} INFO - Processing /home/airflow/.local/lib/python3.7/site-packages/airflow/example_dags/example_kubernetes_executor.py took 0.662 seconds
[2023-10-14T16:59:07.922+0000] {processor.py:153} INFO - Started process (PID=4940) to work on /home/airflow/.local/lib/python3.7/site-packages/airflow/example_dags/example_kubernetes_executor.py
[2023-10-14T16:59:07.925+0000] {processor.py:743} INFO - Processing file /home/airflow/.local/lib/python3.7/site-packages/airflow/example_dags/example_kubernetes_executor.py for tasks to queue
[2023-10-14T16:59:07.926+0000] {logging_mixin.py:137} INFO - [2023-10-14T16:59:07.926+0000] {dagbag.py:538} INFO - Filling up the DagBag from /home/airflow/.local/lib/python3.7/site-packages/airflow/example_dags/example_kubernetes_executor.py
[2023-10-14T16:59:08.001+0000] {processor.py:753} INFO - DAG(s) dict_keys(['example_kubernetes_executor']) retrieved from /home/airflow/.local/lib/python3.7/site-packages/airflow/example_dags/example_kubernetes_executor.py
[2023-10-14T16:59:08.073+0000] {logging_mixin.py:137} INFO - [2023-10-14T16:59:08.073+0000] {dag.py:2690} INFO - Sync 1 DAGs
[2023-10-14T16:59:08.131+0000] {logging_mixin.py:137} INFO - [2023-10-14T16:59:08.127+0000] {dag.py:3441} INFO - Setting next_dagrun for example_kubernetes_executor to None, run_after=None
[2023-10-14T16:59:08.182+0000] {processor.py:175} INFO - Processing /home/airflow/.local/lib/python3.7/site-packages/airflow/example_dags/example_kubernetes_executor.py took 0.266 seconds
[2023-10-14T16:59:38.757+0000] {processor.py:153} INFO - Started process (PID=5015) to work on /home/airflow/.local/lib/python3.7/site-packages/airflow/example_dags/example_kubernetes_executor.py
[2023-10-14T16:59:38.759+0000] {processor.py:743} INFO - Processing file /home/airflow/.local/lib/python3.7/site-packages/airflow/example_dags/example_kubernetes_executor.py for tasks to queue
[2023-10-14T16:59:38.760+0000] {logging_mixin.py:137} INFO - [2023-10-14T16:59:38.760+0000] {dagbag.py:538} INFO - Filling up the DagBag from /home/airflow/.local/lib/python3.7/site-packages/airflow/example_dags/example_kubernetes_executor.py
[2023-10-14T16:59:38.787+0000] {processor.py:753} INFO - DAG(s) dict_keys(['example_kubernetes_executor']) retrieved from /home/airflow/.local/lib/python3.7/site-packages/airflow/example_dags/example_kubernetes_executor.py
[2023-10-14T16:59:38.823+0000] {logging_mixin.py:137} INFO - [2023-10-14T16:59:38.823+0000] {dag.py:2690} INFO - Sync 1 DAGs
[2023-10-14T16:59:38.841+0000] {logging_mixin.py:137} INFO - [2023-10-14T16:59:38.841+0000] {dag.py:3441} INFO - Setting next_dagrun for example_kubernetes_executor to None, run_after=None
[2023-10-14T16:59:38.864+0000] {processor.py:175} INFO - Processing /home/airflow/.local/lib/python3.7/site-packages/airflow/example_dags/example_kubernetes_executor.py took 0.109 seconds
[2023-10-14T17:00:09.109+0000] {processor.py:153} INFO - Started process (PID=5108) to work on /home/airflow/.local/lib/python3.7/site-packages/airflow/example_dags/example_kubernetes_executor.py
[2023-10-14T17:00:09.110+0000] {processor.py:743} INFO - Processing file /home/airflow/.local/lib/python3.7/site-packages/airflow/example_dags/example_kubernetes_executor.py for tasks to queue
[2023-10-14T17:00:09.111+0000] {logging_mixin.py:137} INFO - [2023-10-14T17:00:09.111+0000] {dagbag.py:538} INFO - Filling up the DagBag from /home/airflow/.local/lib/python3.7/site-packages/airflow/example_dags/example_kubernetes_executor.py
[2023-10-14T17:00:09.140+0000] {processor.py:753} INFO - DAG(s) dict_keys(['example_kubernetes_executor']) retrieved from /home/airflow/.local/lib/python3.7/site-packages/airflow/example_dags/example_kubernetes_executor.py
[2023-10-14T17:00:09.164+0000] {logging_mixin.py:137} INFO - [2023-10-14T17:00:09.164+0000] {dag.py:2690} INFO - Sync 1 DAGs
[2023-10-14T17:00:09.186+0000] {logging_mixin.py:137} INFO - [2023-10-14T17:00:09.186+0000] {dag.py:3441} INFO - Setting next_dagrun for example_kubernetes_executor to None, run_after=None
[2023-10-14T17:00:09.260+0000] {processor.py:175} INFO - Processing /home/airflow/.local/lib/python3.7/site-packages/airflow/example_dags/example_kubernetes_executor.py took 0.155 seconds
[2023-10-14T17:00:39.526+0000] {processor.py:153} INFO - Started process (PID=5183) to work on /home/airflow/.local/lib/python3.7/site-packages/airflow/example_dags/example_kubernetes_executor.py
[2023-10-14T17:00:39.527+0000] {processor.py:743} INFO - Processing file /home/airflow/.local/lib/python3.7/site-packages/airflow/example_dags/example_kubernetes_executor.py for tasks to queue
[2023-10-14T17:00:39.529+0000] {logging_mixin.py:137} INFO - [2023-10-14T17:00:39.528+0000] {dagbag.py:538} INFO - Filling up the DagBag from /home/airflow/.local/lib/python3.7/site-packages/airflow/example_dags/example_kubernetes_executor.py
[2023-10-14T17:00:39.556+0000] {processor.py:753} INFO - DAG(s) dict_keys(['example_kubernetes_executor']) retrieved from /home/airflow/.local/lib/python3.7/site-packages/airflow/example_dags/example_kubernetes_executor.py
[2023-10-14T17:00:39.587+0000] {logging_mixin.py:137} INFO - [2023-10-14T17:00:39.587+0000] {dag.py:2690} INFO - Sync 1 DAGs
[2023-10-14T17:00:39.609+0000] {logging_mixin.py:137} INFO - [2023-10-14T17:00:39.609+0000] {dag.py:3441} INFO - Setting next_dagrun for example_kubernetes_executor to None, run_after=None
[2023-10-14T17:00:39.629+0000] {processor.py:175} INFO - Processing /home/airflow/.local/lib/python3.7/site-packages/airflow/example_dags/example_kubernetes_executor.py took 0.106 seconds
[2023-10-14T17:01:09.811+0000] {processor.py:153} INFO - Started process (PID=5276) to work on /home/airflow/.local/lib/python3.7/site-packages/airflow/example_dags/example_kubernetes_executor.py
[2023-10-14T17:01:09.813+0000] {processor.py:743} INFO - Processing file /home/airflow/.local/lib/python3.7/site-packages/airflow/example_dags/example_kubernetes_executor.py for tasks to queue
[2023-10-14T17:01:09.814+0000] {logging_mixin.py:137} INFO - [2023-10-14T17:01:09.814+0000] {dagbag.py:538} INFO - Filling up the DagBag from /home/airflow/.local/lib/python3.7/site-packages/airflow/example_dags/example_kubernetes_executor.py
[2023-10-14T17:01:09.845+0000] {processor.py:753} INFO - DAG(s) dict_keys(['example_kubernetes_executor']) retrieved from /home/airflow/.local/lib/python3.7/site-packages/airflow/example_dags/example_kubernetes_executor.py
[2023-10-14T17:01:09.877+0000] {logging_mixin.py:137} INFO - [2023-10-14T17:01:09.877+0000] {dag.py:2690} INFO - Sync 1 DAGs
[2023-10-14T17:01:09.899+0000] {logging_mixin.py:137} INFO - [2023-10-14T17:01:09.899+0000] {dag.py:3441} INFO - Setting next_dagrun for example_kubernetes_executor to None, run_after=None
[2023-10-14T17:01:09.919+0000] {processor.py:175} INFO - Processing /home/airflow/.local/lib/python3.7/site-packages/airflow/example_dags/example_kubernetes_executor.py took 0.111 seconds
[2023-10-14T17:01:40.038+0000] {processor.py:153} INFO - Started process (PID=5351) to work on /home/airflow/.local/lib/python3.7/site-packages/airflow/example_dags/example_kubernetes_executor.py
[2023-10-14T17:01:40.039+0000] {processor.py:743} INFO - Processing file /home/airflow/.local/lib/python3.7/site-packages/airflow/example_dags/example_kubernetes_executor.py for tasks to queue
[2023-10-14T17:01:40.040+0000] {logging_mixin.py:137} INFO - [2023-10-14T17:01:40.040+0000] {dagbag.py:538} INFO - Filling up the DagBag from /home/airflow/.local/lib/python3.7/site-packages/airflow/example_dags/example_kubernetes_executor.py
[2023-10-14T17:01:40.063+0000] {processor.py:753} INFO - DAG(s) dict_keys(['example_kubernetes_executor']) retrieved from /home/airflow/.local/lib/python3.7/site-packages/airflow/example_dags/example_kubernetes_executor.py
[2023-10-14T17:01:40.090+0000] {logging_mixin.py:137} INFO - [2023-10-14T17:01:40.089+0000] {dag.py:2690} INFO - Sync 1 DAGs
[2023-10-14T17:01:40.109+0000] {logging_mixin.py:137} INFO - [2023-10-14T17:01:40.108+0000] {dag.py:3441} INFO - Setting next_dagrun for example_kubernetes_executor to None, run_after=None
[2023-10-14T17:01:40.129+0000] {processor.py:175} INFO - Processing /home/airflow/.local/lib/python3.7/site-packages/airflow/example_dags/example_kubernetes_executor.py took 0.094 seconds
[2023-10-14T17:02:10.375+0000] {processor.py:153} INFO - Started process (PID=5444) to work on /home/airflow/.local/lib/python3.7/site-packages/airflow/example_dags/example_kubernetes_executor.py
[2023-10-14T17:02:10.376+0000] {processor.py:743} INFO - Processing file /home/airflow/.local/lib/python3.7/site-packages/airflow/example_dags/example_kubernetes_executor.py for tasks to queue
[2023-10-14T17:02:10.377+0000] {logging_mixin.py:137} INFO - [2023-10-14T17:02:10.377+0000] {dagbag.py:538} INFO - Filling up the DagBag from /home/airflow/.local/lib/python3.7/site-packages/airflow/example_dags/example_kubernetes_executor.py
[2023-10-14T17:02:10.403+0000] {processor.py:753} INFO - DAG(s) dict_keys(['example_kubernetes_executor']) retrieved from /home/airflow/.local/lib/python3.7/site-packages/airflow/example_dags/example_kubernetes_executor.py
[2023-10-14T17:02:10.432+0000] {logging_mixin.py:137} INFO - [2023-10-14T17:02:10.432+0000] {dag.py:2690} INFO - Sync 1 DAGs
[2023-10-14T17:02:10.450+0000] {logging_mixin.py:137} INFO - [2023-10-14T17:02:10.450+0000] {dag.py:3441} INFO - Setting next_dagrun for example_kubernetes_executor to None, run_after=None
[2023-10-14T17:02:10.466+0000] {processor.py:175} INFO - Processing /home/airflow/.local/lib/python3.7/site-packages/airflow/example_dags/example_kubernetes_executor.py took 0.094 seconds
[2023-10-14T17:02:40.731+0000] {processor.py:153} INFO - Started process (PID=5519) to work on /home/airflow/.local/lib/python3.7/site-packages/airflow/example_dags/example_kubernetes_executor.py
[2023-10-14T17:02:40.732+0000] {processor.py:743} INFO - Processing file /home/airflow/.local/lib/python3.7/site-packages/airflow/example_dags/example_kubernetes_executor.py for tasks to queue
[2023-10-14T17:02:40.733+0000] {logging_mixin.py:137} INFO - [2023-10-14T17:02:40.733+0000] {dagbag.py:538} INFO - Filling up the DagBag from /home/airflow/.local/lib/python3.7/site-packages/airflow/example_dags/example_kubernetes_executor.py
[2023-10-14T17:02:40.755+0000] {processor.py:753} INFO - DAG(s) dict_keys(['example_kubernetes_executor']) retrieved from /home/airflow/.local/lib/python3.7/site-packages/airflow/example_dags/example_kubernetes_executor.py
[2023-10-14T17:02:40.788+0000] {logging_mixin.py:137} INFO - [2023-10-14T17:02:40.788+0000] {dag.py:2690} INFO - Sync 1 DAGs
[2023-10-14T17:02:40.814+0000] {logging_mixin.py:137} INFO - [2023-10-14T17:02:40.814+0000] {dag.py:3441} INFO - Setting next_dagrun for example_kubernetes_executor to None, run_after=None
[2023-10-14T17:02:40.834+0000] {processor.py:175} INFO - Processing /home/airflow/.local/lib/python3.7/site-packages/airflow/example_dags/example_kubernetes_executor.py took 0.106 seconds
[2023-10-14T17:03:12.293+0000] {processor.py:153} INFO - Started process (PID=5612) to work on /home/airflow/.local/lib/python3.7/site-packages/airflow/example_dags/example_kubernetes_executor.py
[2023-10-14T17:03:12.294+0000] {processor.py:743} INFO - Processing file /home/airflow/.local/lib/python3.7/site-packages/airflow/example_dags/example_kubernetes_executor.py for tasks to queue
[2023-10-14T17:03:12.296+0000] {logging_mixin.py:137} INFO - [2023-10-14T17:03:12.296+0000] {dagbag.py:538} INFO - Filling up the DagBag from /home/airflow/.local/lib/python3.7/site-packages/airflow/example_dags/example_kubernetes_executor.py
[2023-10-14T17:03:12.417+0000] {processor.py:753} INFO - DAG(s) dict_keys(['example_kubernetes_executor']) retrieved from /home/airflow/.local/lib/python3.7/site-packages/airflow/example_dags/example_kubernetes_executor.py
[2023-10-14T17:03:12.480+0000] {logging_mixin.py:137} INFO - [2023-10-14T17:03:12.479+0000] {dag.py:2690} INFO - Sync 1 DAGs
[2023-10-14T17:03:12.502+0000] {logging_mixin.py:137} INFO - [2023-10-14T17:03:12.502+0000] {dag.py:3441} INFO - Setting next_dagrun for example_kubernetes_executor to None, run_after=None
[2023-10-14T17:03:12.598+0000] {processor.py:175} INFO - Processing /home/airflow/.local/lib/python3.7/site-packages/airflow/example_dags/example_kubernetes_executor.py took 0.308 seconds
[2023-10-14T17:03:46.080+0000] {processor.py:153} INFO - Started process (PID=5695) to work on /home/airflow/.local/lib/python3.7/site-packages/airflow/example_dags/example_kubernetes_executor.py
[2023-10-14T17:03:46.081+0000] {processor.py:743} INFO - Processing file /home/airflow/.local/lib/python3.7/site-packages/airflow/example_dags/example_kubernetes_executor.py for tasks to queue
[2023-10-14T17:03:46.083+0000] {logging_mixin.py:137} INFO - [2023-10-14T17:03:46.082+0000] {dagbag.py:538} INFO - Filling up the DagBag from /home/airflow/.local/lib/python3.7/site-packages/airflow/example_dags/example_kubernetes_executor.py
[2023-10-14T17:03:46.115+0000] {processor.py:753} INFO - DAG(s) dict_keys(['example_kubernetes_executor']) retrieved from /home/airflow/.local/lib/python3.7/site-packages/airflow/example_dags/example_kubernetes_executor.py
[2023-10-14T17:03:46.291+0000] {logging_mixin.py:137} INFO - [2023-10-14T17:03:46.291+0000] {dag.py:2690} INFO - Sync 1 DAGs
[2023-10-14T17:03:46.338+0000] {logging_mixin.py:137} INFO - [2023-10-14T17:03:46.338+0000] {dag.py:3441} INFO - Setting next_dagrun for example_kubernetes_executor to None, run_after=None
[2023-10-14T17:03:46.405+0000] {processor.py:175} INFO - Processing /home/airflow/.local/lib/python3.7/site-packages/airflow/example_dags/example_kubernetes_executor.py took 0.330 seconds
[2023-10-14T17:04:17.201+0000] {processor.py:153} INFO - Started process (PID=5778) to work on /home/airflow/.local/lib/python3.7/site-packages/airflow/example_dags/example_kubernetes_executor.py
[2023-10-14T17:04:17.203+0000] {processor.py:743} INFO - Processing file /home/airflow/.local/lib/python3.7/site-packages/airflow/example_dags/example_kubernetes_executor.py for tasks to queue
[2023-10-14T17:04:17.206+0000] {logging_mixin.py:137} INFO - [2023-10-14T17:04:17.205+0000] {dagbag.py:538} INFO - Filling up the DagBag from /home/airflow/.local/lib/python3.7/site-packages/airflow/example_dags/example_kubernetes_executor.py
[2023-10-14T17:04:17.256+0000] {processor.py:753} INFO - DAG(s) dict_keys(['example_kubernetes_executor']) retrieved from /home/airflow/.local/lib/python3.7/site-packages/airflow/example_dags/example_kubernetes_executor.py
[2023-10-14T17:04:17.313+0000] {logging_mixin.py:137} INFO - [2023-10-14T17:04:17.313+0000] {dag.py:2690} INFO - Sync 1 DAGs
[2023-10-14T17:04:17.342+0000] {logging_mixin.py:137} INFO - [2023-10-14T17:04:17.342+0000] {dag.py:3441} INFO - Setting next_dagrun for example_kubernetes_executor to None, run_after=None
[2023-10-14T17:04:17.369+0000] {processor.py:175} INFO - Processing /home/airflow/.local/lib/python3.7/site-packages/airflow/example_dags/example_kubernetes_executor.py took 0.173 seconds
[2023-10-14T17:04:47.582+0000] {processor.py:153} INFO - Started process (PID=5853) to work on /home/airflow/.local/lib/python3.7/site-packages/airflow/example_dags/example_kubernetes_executor.py
[2023-10-14T17:04:47.605+0000] {processor.py:743} INFO - Processing file /home/airflow/.local/lib/python3.7/site-packages/airflow/example_dags/example_kubernetes_executor.py for tasks to queue
[2023-10-14T17:04:47.609+0000] {logging_mixin.py:137} INFO - [2023-10-14T17:04:47.609+0000] {dagbag.py:538} INFO - Filling up the DagBag from /home/airflow/.local/lib/python3.7/site-packages/airflow/example_dags/example_kubernetes_executor.py
[2023-10-14T17:04:47.647+0000] {processor.py:753} INFO - DAG(s) dict_keys(['example_kubernetes_executor']) retrieved from /home/airflow/.local/lib/python3.7/site-packages/airflow/example_dags/example_kubernetes_executor.py
[2023-10-14T17:04:47.692+0000] {logging_mixin.py:137} INFO - [2023-10-14T17:04:47.692+0000] {dag.py:2690} INFO - Sync 1 DAGs
[2023-10-14T17:04:47.736+0000] {logging_mixin.py:137} INFO - [2023-10-14T17:04:47.736+0000] {dag.py:3441} INFO - Setting next_dagrun for example_kubernetes_executor to None, run_after=None
[2023-10-14T17:04:47.773+0000] {processor.py:175} INFO - Processing /home/airflow/.local/lib/python3.7/site-packages/airflow/example_dags/example_kubernetes_executor.py took 0.195 seconds
[2023-10-14T17:05:18.668+0000] {processor.py:153} INFO - Started process (PID=5946) to work on /home/airflow/.local/lib/python3.7/site-packages/airflow/example_dags/example_kubernetes_executor.py
[2023-10-14T17:05:18.669+0000] {processor.py:743} INFO - Processing file /home/airflow/.local/lib/python3.7/site-packages/airflow/example_dags/example_kubernetes_executor.py for tasks to queue
[2023-10-14T17:05:18.670+0000] {logging_mixin.py:137} INFO - [2023-10-14T17:05:18.670+0000] {dagbag.py:538} INFO - Filling up the DagBag from /home/airflow/.local/lib/python3.7/site-packages/airflow/example_dags/example_kubernetes_executor.py
[2023-10-14T17:05:18.706+0000] {processor.py:753} INFO - DAG(s) dict_keys(['example_kubernetes_executor']) retrieved from /home/airflow/.local/lib/python3.7/site-packages/airflow/example_dags/example_kubernetes_executor.py
[2023-10-14T17:05:18.744+0000] {logging_mixin.py:137} INFO - [2023-10-14T17:05:18.744+0000] {dag.py:2690} INFO - Sync 1 DAGs
[2023-10-14T17:05:18.766+0000] {logging_mixin.py:137} INFO - [2023-10-14T17:05:18.766+0000] {dag.py:3441} INFO - Setting next_dagrun for example_kubernetes_executor to None, run_after=None
[2023-10-14T17:05:18.787+0000] {processor.py:175} INFO - Processing /home/airflow/.local/lib/python3.7/site-packages/airflow/example_dags/example_kubernetes_executor.py took 0.123 seconds
[2023-10-14T17:05:49.372+0000] {processor.py:153} INFO - Started process (PID=6020) to work on /home/airflow/.local/lib/python3.7/site-packages/airflow/example_dags/example_kubernetes_executor.py
[2023-10-14T17:05:49.373+0000] {processor.py:743} INFO - Processing file /home/airflow/.local/lib/python3.7/site-packages/airflow/example_dags/example_kubernetes_executor.py for tasks to queue
[2023-10-14T17:05:49.374+0000] {logging_mixin.py:137} INFO - [2023-10-14T17:05:49.374+0000] {dagbag.py:538} INFO - Filling up the DagBag from /home/airflow/.local/lib/python3.7/site-packages/airflow/example_dags/example_kubernetes_executor.py
[2023-10-14T17:05:49.405+0000] {processor.py:753} INFO - DAG(s) dict_keys(['example_kubernetes_executor']) retrieved from /home/airflow/.local/lib/python3.7/site-packages/airflow/example_dags/example_kubernetes_executor.py
[2023-10-14T17:05:49.443+0000] {logging_mixin.py:137} INFO - [2023-10-14T17:05:49.442+0000] {dag.py:2690} INFO - Sync 1 DAGs
[2023-10-14T17:05:49.487+0000] {logging_mixin.py:137} INFO - [2023-10-14T17:05:49.487+0000] {dag.py:3441} INFO - Setting next_dagrun for example_kubernetes_executor to None, run_after=None
[2023-10-14T17:05:49.522+0000] {processor.py:175} INFO - Processing /home/airflow/.local/lib/python3.7/site-packages/airflow/example_dags/example_kubernetes_executor.py took 0.155 seconds
[2023-10-14T17:06:19.581+0000] {processor.py:153} INFO - Started process (PID=6113) to work on /home/airflow/.local/lib/python3.7/site-packages/airflow/example_dags/example_kubernetes_executor.py
[2023-10-14T17:06:19.585+0000] {processor.py:743} INFO - Processing file /home/airflow/.local/lib/python3.7/site-packages/airflow/example_dags/example_kubernetes_executor.py for tasks to queue
[2023-10-14T17:06:19.587+0000] {logging_mixin.py:137} INFO - [2023-10-14T17:06:19.587+0000] {dagbag.py:538} INFO - Filling up the DagBag from /home/airflow/.local/lib/python3.7/site-packages/airflow/example_dags/example_kubernetes_executor.py
[2023-10-14T17:06:19.619+0000] {processor.py:753} INFO - DAG(s) dict_keys(['example_kubernetes_executor']) retrieved from /home/airflow/.local/lib/python3.7/site-packages/airflow/example_dags/example_kubernetes_executor.py
[2023-10-14T17:06:19.651+0000] {logging_mixin.py:137} INFO - [2023-10-14T17:06:19.650+0000] {dag.py:2690} INFO - Sync 1 DAGs
[2023-10-14T17:06:19.677+0000] {logging_mixin.py:137} INFO - [2023-10-14T17:06:19.677+0000] {dag.py:3441} INFO - Setting next_dagrun for example_kubernetes_executor to None, run_after=None
[2023-10-14T17:06:19.701+0000] {processor.py:175} INFO - Processing /home/airflow/.local/lib/python3.7/site-packages/airflow/example_dags/example_kubernetes_executor.py took 0.123 seconds
[2023-10-14T17:06:50.681+0000] {processor.py:153} INFO - Started process (PID=6197) to work on /home/airflow/.local/lib/python3.7/site-packages/airflow/example_dags/example_kubernetes_executor.py
[2023-10-14T17:06:50.683+0000] {processor.py:743} INFO - Processing file /home/airflow/.local/lib/python3.7/site-packages/airflow/example_dags/example_kubernetes_executor.py for tasks to queue
[2023-10-14T17:06:50.685+0000] {logging_mixin.py:137} INFO - [2023-10-14T17:06:50.685+0000] {dagbag.py:538} INFO - Filling up the DagBag from /home/airflow/.local/lib/python3.7/site-packages/airflow/example_dags/example_kubernetes_executor.py
[2023-10-14T17:06:50.708+0000] {processor.py:753} INFO - DAG(s) dict_keys(['example_kubernetes_executor']) retrieved from /home/airflow/.local/lib/python3.7/site-packages/airflow/example_dags/example_kubernetes_executor.py
[2023-10-14T17:06:50.743+0000] {logging_mixin.py:137} INFO - [2023-10-14T17:06:50.743+0000] {dag.py:2690} INFO - Sync 1 DAGs
[2023-10-14T17:06:50.781+0000] {logging_mixin.py:137} INFO - [2023-10-14T17:06:50.781+0000] {dag.py:3441} INFO - Setting next_dagrun for example_kubernetes_executor to None, run_after=None
[2023-10-14T17:06:50.815+0000] {processor.py:175} INFO - Processing /home/airflow/.local/lib/python3.7/site-packages/airflow/example_dags/example_kubernetes_executor.py took 0.138 seconds
[2023-10-14T17:07:21.170+0000] {processor.py:153} INFO - Started process (PID=6281) to work on /home/airflow/.local/lib/python3.7/site-packages/airflow/example_dags/example_kubernetes_executor.py
[2023-10-14T17:07:21.274+0000] {processor.py:743} INFO - Processing file /home/airflow/.local/lib/python3.7/site-packages/airflow/example_dags/example_kubernetes_executor.py for tasks to queue
[2023-10-14T17:07:21.296+0000] {logging_mixin.py:137} INFO - [2023-10-14T17:07:21.296+0000] {dagbag.py:538} INFO - Filling up the DagBag from /home/airflow/.local/lib/python3.7/site-packages/airflow/example_dags/example_kubernetes_executor.py
[2023-10-14T17:07:21.347+0000] {processor.py:753} INFO - DAG(s) dict_keys(['example_kubernetes_executor']) retrieved from /home/airflow/.local/lib/python3.7/site-packages/airflow/example_dags/example_kubernetes_executor.py
[2023-10-14T17:07:21.375+0000] {logging_mixin.py:137} INFO - [2023-10-14T17:07:21.375+0000] {dag.py:2690} INFO - Sync 1 DAGs
[2023-10-14T17:07:21.407+0000] {logging_mixin.py:137} INFO - [2023-10-14T17:07:21.407+0000] {dag.py:3441} INFO - Setting next_dagrun for example_kubernetes_executor to None, run_after=None
[2023-10-14T17:07:21.451+0000] {processor.py:175} INFO - Processing /home/airflow/.local/lib/python3.7/site-packages/airflow/example_dags/example_kubernetes_executor.py took 0.286 seconds
[2023-10-14T17:07:51.956+0000] {processor.py:153} INFO - Started process (PID=6355) to work on /home/airflow/.local/lib/python3.7/site-packages/airflow/example_dags/example_kubernetes_executor.py
[2023-10-14T17:07:51.958+0000] {processor.py:743} INFO - Processing file /home/airflow/.local/lib/python3.7/site-packages/airflow/example_dags/example_kubernetes_executor.py for tasks to queue
[2023-10-14T17:07:51.959+0000] {logging_mixin.py:137} INFO - [2023-10-14T17:07:51.958+0000] {dagbag.py:538} INFO - Filling up the DagBag from /home/airflow/.local/lib/python3.7/site-packages/airflow/example_dags/example_kubernetes_executor.py
[2023-10-14T17:07:52.000+0000] {processor.py:753} INFO - DAG(s) dict_keys(['example_kubernetes_executor']) retrieved from /home/airflow/.local/lib/python3.7/site-packages/airflow/example_dags/example_kubernetes_executor.py
[2023-10-14T17:07:52.039+0000] {logging_mixin.py:137} INFO - [2023-10-14T17:07:52.039+0000] {dag.py:2690} INFO - Sync 1 DAGs
[2023-10-14T17:07:52.060+0000] {logging_mixin.py:137} INFO - [2023-10-14T17:07:52.060+0000] {dag.py:3441} INFO - Setting next_dagrun for example_kubernetes_executor to None, run_after=None
[2023-10-14T17:07:52.083+0000] {processor.py:175} INFO - Processing /home/airflow/.local/lib/python3.7/site-packages/airflow/example_dags/example_kubernetes_executor.py took 0.131 seconds
[2023-10-14T17:08:22.750+0000] {processor.py:153} INFO - Started process (PID=6447) to work on /home/airflow/.local/lib/python3.7/site-packages/airflow/example_dags/example_kubernetes_executor.py
[2023-10-14T17:08:22.752+0000] {processor.py:743} INFO - Processing file /home/airflow/.local/lib/python3.7/site-packages/airflow/example_dags/example_kubernetes_executor.py for tasks to queue
[2023-10-14T17:08:22.753+0000] {logging_mixin.py:137} INFO - [2023-10-14T17:08:22.753+0000] {dagbag.py:538} INFO - Filling up the DagBag from /home/airflow/.local/lib/python3.7/site-packages/airflow/example_dags/example_kubernetes_executor.py
[2023-10-14T17:08:22.787+0000] {processor.py:753} INFO - DAG(s) dict_keys(['example_kubernetes_executor']) retrieved from /home/airflow/.local/lib/python3.7/site-packages/airflow/example_dags/example_kubernetes_executor.py
[2023-10-14T17:08:22.818+0000] {logging_mixin.py:137} INFO - [2023-10-14T17:08:22.818+0000] {dag.py:2690} INFO - Sync 1 DAGs
[2023-10-14T17:08:22.840+0000] {logging_mixin.py:137} INFO - [2023-10-14T17:08:22.840+0000] {dag.py:3441} INFO - Setting next_dagrun for example_kubernetes_executor to None, run_after=None
[2023-10-14T17:08:22.860+0000] {processor.py:175} INFO - Processing /home/airflow/.local/lib/python3.7/site-packages/airflow/example_dags/example_kubernetes_executor.py took 0.113 seconds
[2023-10-14T17:08:53.586+0000] {processor.py:153} INFO - Started process (PID=6529) to work on /home/airflow/.local/lib/python3.7/site-packages/airflow/example_dags/example_kubernetes_executor.py
[2023-10-14T17:08:53.587+0000] {processor.py:743} INFO - Processing file /home/airflow/.local/lib/python3.7/site-packages/airflow/example_dags/example_kubernetes_executor.py for tasks to queue
[2023-10-14T17:08:53.589+0000] {logging_mixin.py:137} INFO - [2023-10-14T17:08:53.589+0000] {dagbag.py:538} INFO - Filling up the DagBag from /home/airflow/.local/lib/python3.7/site-packages/airflow/example_dags/example_kubernetes_executor.py
[2023-10-14T17:08:53.635+0000] {processor.py:753} INFO - DAG(s) dict_keys(['example_kubernetes_executor']) retrieved from /home/airflow/.local/lib/python3.7/site-packages/airflow/example_dags/example_kubernetes_executor.py
[2023-10-14T17:08:53.684+0000] {logging_mixin.py:137} INFO - [2023-10-14T17:08:53.684+0000] {dag.py:2690} INFO - Sync 1 DAGs
[2023-10-14T17:08:53.765+0000] {logging_mixin.py:137} INFO - [2023-10-14T17:08:53.765+0000] {dag.py:3441} INFO - Setting next_dagrun for example_kubernetes_executor to None, run_after=None
[2023-10-14T17:08:53.804+0000] {processor.py:175} INFO - Processing /home/airflow/.local/lib/python3.7/site-packages/airflow/example_dags/example_kubernetes_executor.py took 0.221 seconds
[2023-10-14T17:09:24.322+0000] {processor.py:153} INFO - Started process (PID=6615) to work on /home/airflow/.local/lib/python3.7/site-packages/airflow/example_dags/example_kubernetes_executor.py
[2023-10-14T17:09:24.323+0000] {processor.py:743} INFO - Processing file /home/airflow/.local/lib/python3.7/site-packages/airflow/example_dags/example_kubernetes_executor.py for tasks to queue
[2023-10-14T17:09:24.324+0000] {logging_mixin.py:137} INFO - [2023-10-14T17:09:24.324+0000] {dagbag.py:538} INFO - Filling up the DagBag from /home/airflow/.local/lib/python3.7/site-packages/airflow/example_dags/example_kubernetes_executor.py
[2023-10-14T17:09:24.355+0000] {processor.py:753} INFO - DAG(s) dict_keys(['example_kubernetes_executor']) retrieved from /home/airflow/.local/lib/python3.7/site-packages/airflow/example_dags/example_kubernetes_executor.py
[2023-10-14T17:09:24.384+0000] {logging_mixin.py:137} INFO - [2023-10-14T17:09:24.384+0000] {dag.py:2690} INFO - Sync 1 DAGs
[2023-10-14T17:09:24.412+0000] {logging_mixin.py:137} INFO - [2023-10-14T17:09:24.412+0000] {dag.py:3441} INFO - Setting next_dagrun for example_kubernetes_executor to None, run_after=None
[2023-10-14T17:09:24.441+0000] {processor.py:175} INFO - Processing /home/airflow/.local/lib/python3.7/site-packages/airflow/example_dags/example_kubernetes_executor.py took 0.123 seconds
[2023-10-14T17:09:54.956+0000] {processor.py:153} INFO - Started process (PID=6690) to work on /home/airflow/.local/lib/python3.7/site-packages/airflow/example_dags/example_kubernetes_executor.py
[2023-10-14T17:09:54.958+0000] {processor.py:743} INFO - Processing file /home/airflow/.local/lib/python3.7/site-packages/airflow/example_dags/example_kubernetes_executor.py for tasks to queue
[2023-10-14T17:09:54.960+0000] {logging_mixin.py:137} INFO - [2023-10-14T17:09:54.960+0000] {dagbag.py:538} INFO - Filling up the DagBag from /home/airflow/.local/lib/python3.7/site-packages/airflow/example_dags/example_kubernetes_executor.py
[2023-10-14T17:09:54.990+0000] {processor.py:753} INFO - DAG(s) dict_keys(['example_kubernetes_executor']) retrieved from /home/airflow/.local/lib/python3.7/site-packages/airflow/example_dags/example_kubernetes_executor.py
[2023-10-14T17:09:55.025+0000] {logging_mixin.py:137} INFO - [2023-10-14T17:09:55.025+0000] {dag.py:2690} INFO - Sync 1 DAGs
[2023-10-14T17:09:55.052+0000] {logging_mixin.py:137} INFO - [2023-10-14T17:09:55.052+0000] {dag.py:3441} INFO - Setting next_dagrun for example_kubernetes_executor to None, run_after=None
[2023-10-14T17:09:55.083+0000] {processor.py:175} INFO - Processing /home/airflow/.local/lib/python3.7/site-packages/airflow/example_dags/example_kubernetes_executor.py took 0.130 seconds
[2023-10-14T17:10:25.510+0000] {processor.py:153} INFO - Started process (PID=6782) to work on /home/airflow/.local/lib/python3.7/site-packages/airflow/example_dags/example_kubernetes_executor.py
[2023-10-14T17:10:25.512+0000] {processor.py:743} INFO - Processing file /home/airflow/.local/lib/python3.7/site-packages/airflow/example_dags/example_kubernetes_executor.py for tasks to queue
[2023-10-14T17:10:25.513+0000] {logging_mixin.py:137} INFO - [2023-10-14T17:10:25.513+0000] {dagbag.py:538} INFO - Filling up the DagBag from /home/airflow/.local/lib/python3.7/site-packages/airflow/example_dags/example_kubernetes_executor.py
[2023-10-14T17:10:25.544+0000] {processor.py:753} INFO - DAG(s) dict_keys(['example_kubernetes_executor']) retrieved from /home/airflow/.local/lib/python3.7/site-packages/airflow/example_dags/example_kubernetes_executor.py
[2023-10-14T17:10:25.576+0000] {logging_mixin.py:137} INFO - [2023-10-14T17:10:25.576+0000] {dag.py:2690} INFO - Sync 1 DAGs
[2023-10-14T17:10:25.598+0000] {logging_mixin.py:137} INFO - [2023-10-14T17:10:25.598+0000] {dag.py:3441} INFO - Setting next_dagrun for example_kubernetes_executor to None, run_after=None
[2023-10-14T17:10:25.627+0000] {processor.py:175} INFO - Processing /home/airflow/.local/lib/python3.7/site-packages/airflow/example_dags/example_kubernetes_executor.py took 0.121 seconds
[2023-10-14T17:10:56.042+0000] {processor.py:153} INFO - Started process (PID=6857) to work on /home/airflow/.local/lib/python3.7/site-packages/airflow/example_dags/example_kubernetes_executor.py
[2023-10-14T17:10:56.044+0000] {processor.py:743} INFO - Processing file /home/airflow/.local/lib/python3.7/site-packages/airflow/example_dags/example_kubernetes_executor.py for tasks to queue
[2023-10-14T17:10:56.045+0000] {logging_mixin.py:137} INFO - [2023-10-14T17:10:56.045+0000] {dagbag.py:538} INFO - Filling up the DagBag from /home/airflow/.local/lib/python3.7/site-packages/airflow/example_dags/example_kubernetes_executor.py
[2023-10-14T17:10:56.072+0000] {processor.py:753} INFO - DAG(s) dict_keys(['example_kubernetes_executor']) retrieved from /home/airflow/.local/lib/python3.7/site-packages/airflow/example_dags/example_kubernetes_executor.py
[2023-10-14T17:10:56.105+0000] {logging_mixin.py:137} INFO - [2023-10-14T17:10:56.105+0000] {dag.py:2690} INFO - Sync 1 DAGs
[2023-10-14T17:10:56.125+0000] {logging_mixin.py:137} INFO - [2023-10-14T17:10:56.125+0000] {dag.py:3441} INFO - Setting next_dagrun for example_kubernetes_executor to None, run_after=None
[2023-10-14T17:10:56.148+0000] {processor.py:175} INFO - Processing /home/airflow/.local/lib/python3.7/site-packages/airflow/example_dags/example_kubernetes_executor.py took 0.110 seconds
[2023-10-14T17:11:27.057+0000] {processor.py:153} INFO - Started process (PID=6950) to work on /home/airflow/.local/lib/python3.7/site-packages/airflow/example_dags/example_kubernetes_executor.py
[2023-10-14T17:11:27.063+0000] {processor.py:743} INFO - Processing file /home/airflow/.local/lib/python3.7/site-packages/airflow/example_dags/example_kubernetes_executor.py for tasks to queue
[2023-10-14T17:11:27.070+0000] {logging_mixin.py:137} INFO - [2023-10-14T17:11:27.070+0000] {dagbag.py:538} INFO - Filling up the DagBag from /home/airflow/.local/lib/python3.7/site-packages/airflow/example_dags/example_kubernetes_executor.py
[2023-10-14T17:11:27.120+0000] {processor.py:753} INFO - DAG(s) dict_keys(['example_kubernetes_executor']) retrieved from /home/airflow/.local/lib/python3.7/site-packages/airflow/example_dags/example_kubernetes_executor.py
[2023-10-14T17:11:27.183+0000] {logging_mixin.py:137} INFO - [2023-10-14T17:11:27.183+0000] {dag.py:2690} INFO - Sync 1 DAGs
[2023-10-14T17:11:27.227+0000] {logging_mixin.py:137} INFO - [2023-10-14T17:11:27.227+0000] {dag.py:3441} INFO - Setting next_dagrun for example_kubernetes_executor to None, run_after=None
[2023-10-14T17:11:27.257+0000] {processor.py:175} INFO - Processing /home/airflow/.local/lib/python3.7/site-packages/airflow/example_dags/example_kubernetes_executor.py took 0.203 seconds
[2023-10-14T17:11:57.443+0000] {processor.py:153} INFO - Started process (PID=7025) to work on /home/airflow/.local/lib/python3.7/site-packages/airflow/example_dags/example_kubernetes_executor.py
[2023-10-14T17:11:57.444+0000] {processor.py:743} INFO - Processing file /home/airflow/.local/lib/python3.7/site-packages/airflow/example_dags/example_kubernetes_executor.py for tasks to queue
[2023-10-14T17:11:57.445+0000] {logging_mixin.py:137} INFO - [2023-10-14T17:11:57.445+0000] {dagbag.py:538} INFO - Filling up the DagBag from /home/airflow/.local/lib/python3.7/site-packages/airflow/example_dags/example_kubernetes_executor.py
[2023-10-14T17:11:57.475+0000] {processor.py:753} INFO - DAG(s) dict_keys(['example_kubernetes_executor']) retrieved from /home/airflow/.local/lib/python3.7/site-packages/airflow/example_dags/example_kubernetes_executor.py
[2023-10-14T17:11:57.506+0000] {logging_mixin.py:137} INFO - [2023-10-14T17:11:57.505+0000] {dag.py:2690} INFO - Sync 1 DAGs
[2023-10-14T17:11:57.529+0000] {logging_mixin.py:137} INFO - [2023-10-14T17:11:57.528+0000] {dag.py:3441} INFO - Setting next_dagrun for example_kubernetes_executor to None, run_after=None
[2023-10-14T17:11:57.548+0000] {processor.py:175} INFO - Processing /home/airflow/.local/lib/python3.7/site-packages/airflow/example_dags/example_kubernetes_executor.py took 0.108 seconds
[2023-10-14T17:12:27.713+0000] {processor.py:153} INFO - Started process (PID=7118) to work on /home/airflow/.local/lib/python3.7/site-packages/airflow/example_dags/example_kubernetes_executor.py
[2023-10-14T17:12:27.715+0000] {processor.py:743} INFO - Processing file /home/airflow/.local/lib/python3.7/site-packages/airflow/example_dags/example_kubernetes_executor.py for tasks to queue
[2023-10-14T17:12:27.716+0000] {logging_mixin.py:137} INFO - [2023-10-14T17:12:27.716+0000] {dagbag.py:538} INFO - Filling up the DagBag from /home/airflow/.local/lib/python3.7/site-packages/airflow/example_dags/example_kubernetes_executor.py
[2023-10-14T17:12:27.754+0000] {processor.py:753} INFO - DAG(s) dict_keys(['example_kubernetes_executor']) retrieved from /home/airflow/.local/lib/python3.7/site-packages/airflow/example_dags/example_kubernetes_executor.py
[2023-10-14T17:12:27.796+0000] {logging_mixin.py:137} INFO - [2023-10-14T17:12:27.796+0000] {dag.py:2690} INFO - Sync 1 DAGs
[2023-10-14T17:12:27.828+0000] {logging_mixin.py:137} INFO - [2023-10-14T17:12:27.828+0000] {dag.py:3441} INFO - Setting next_dagrun for example_kubernetes_executor to None, run_after=None
[2023-10-14T17:12:27.857+0000] {processor.py:175} INFO - Processing /home/airflow/.local/lib/python3.7/site-packages/airflow/example_dags/example_kubernetes_executor.py took 0.147 seconds
[2023-10-14T17:12:58.561+0000] {processor.py:153} INFO - Started process (PID=7193) to work on /home/airflow/.local/lib/python3.7/site-packages/airflow/example_dags/example_kubernetes_executor.py
[2023-10-14T17:12:58.562+0000] {processor.py:743} INFO - Processing file /home/airflow/.local/lib/python3.7/site-packages/airflow/example_dags/example_kubernetes_executor.py for tasks to queue
[2023-10-14T17:12:58.564+0000] {logging_mixin.py:137} INFO - [2023-10-14T17:12:58.564+0000] {dagbag.py:538} INFO - Filling up the DagBag from /home/airflow/.local/lib/python3.7/site-packages/airflow/example_dags/example_kubernetes_executor.py
[2023-10-14T17:12:58.598+0000] {processor.py:753} INFO - DAG(s) dict_keys(['example_kubernetes_executor']) retrieved from /home/airflow/.local/lib/python3.7/site-packages/airflow/example_dags/example_kubernetes_executor.py
[2023-10-14T17:12:58.642+0000] {logging_mixin.py:137} INFO - [2023-10-14T17:12:58.642+0000] {dag.py:2690} INFO - Sync 1 DAGs
[2023-10-14T17:12:58.672+0000] {logging_mixin.py:137} INFO - [2023-10-14T17:12:58.672+0000] {dag.py:3441} INFO - Setting next_dagrun for example_kubernetes_executor to None, run_after=None
[2023-10-14T17:12:58.699+0000] {processor.py:175} INFO - Processing /home/airflow/.local/lib/python3.7/site-packages/airflow/example_dags/example_kubernetes_executor.py took 0.143 seconds
[2023-10-14T17:13:29.594+0000] {processor.py:153} INFO - Started process (PID=7286) to work on /home/airflow/.local/lib/python3.7/site-packages/airflow/example_dags/example_kubernetes_executor.py
[2023-10-14T17:13:29.599+0000] {processor.py:743} INFO - Processing file /home/airflow/.local/lib/python3.7/site-packages/airflow/example_dags/example_kubernetes_executor.py for tasks to queue
[2023-10-14T17:13:29.602+0000] {logging_mixin.py:137} INFO - [2023-10-14T17:13:29.602+0000] {dagbag.py:538} INFO - Filling up the DagBag from /home/airflow/.local/lib/python3.7/site-packages/airflow/example_dags/example_kubernetes_executor.py
[2023-10-14T17:13:29.665+0000] {processor.py:753} INFO - DAG(s) dict_keys(['example_kubernetes_executor']) retrieved from /home/airflow/.local/lib/python3.7/site-packages/airflow/example_dags/example_kubernetes_executor.py
[2023-10-14T17:13:29.722+0000] {logging_mixin.py:137} INFO - [2023-10-14T17:13:29.722+0000] {dag.py:2690} INFO - Sync 1 DAGs
[2023-10-14T17:13:29.750+0000] {logging_mixin.py:137} INFO - [2023-10-14T17:13:29.750+0000] {dag.py:3441} INFO - Setting next_dagrun for example_kubernetes_executor to None, run_after=None
[2023-10-14T17:13:29.774+0000] {processor.py:175} INFO - Processing /home/airflow/.local/lib/python3.7/site-packages/airflow/example_dags/example_kubernetes_executor.py took 0.191 seconds
[2023-10-14T17:13:59.901+0000] {processor.py:153} INFO - Started process (PID=7361) to work on /home/airflow/.local/lib/python3.7/site-packages/airflow/example_dags/example_kubernetes_executor.py
[2023-10-14T17:13:59.902+0000] {processor.py:743} INFO - Processing file /home/airflow/.local/lib/python3.7/site-packages/airflow/example_dags/example_kubernetes_executor.py for tasks to queue
[2023-10-14T17:13:59.903+0000] {logging_mixin.py:137} INFO - [2023-10-14T17:13:59.903+0000] {dagbag.py:538} INFO - Filling up the DagBag from /home/airflow/.local/lib/python3.7/site-packages/airflow/example_dags/example_kubernetes_executor.py
[2023-10-14T17:13:59.934+0000] {processor.py:753} INFO - DAG(s) dict_keys(['example_kubernetes_executor']) retrieved from /home/airflow/.local/lib/python3.7/site-packages/airflow/example_dags/example_kubernetes_executor.py
[2023-10-14T17:13:59.965+0000] {logging_mixin.py:137} INFO - [2023-10-14T17:13:59.965+0000] {dag.py:2690} INFO - Sync 1 DAGs
[2023-10-14T17:13:59.990+0000] {logging_mixin.py:137} INFO - [2023-10-14T17:13:59.990+0000] {dag.py:3441} INFO - Setting next_dagrun for example_kubernetes_executor to None, run_after=None
[2023-10-14T17:14:00.009+0000] {processor.py:175} INFO - Processing /home/airflow/.local/lib/python3.7/site-packages/airflow/example_dags/example_kubernetes_executor.py took 0.112 seconds
[2023-10-14T17:14:30.544+0000] {processor.py:153} INFO - Started process (PID=7454) to work on /home/airflow/.local/lib/python3.7/site-packages/airflow/example_dags/example_kubernetes_executor.py
[2023-10-14T17:14:30.546+0000] {processor.py:743} INFO - Processing file /home/airflow/.local/lib/python3.7/site-packages/airflow/example_dags/example_kubernetes_executor.py for tasks to queue
[2023-10-14T17:14:30.547+0000] {logging_mixin.py:137} INFO - [2023-10-14T17:14:30.547+0000] {dagbag.py:538} INFO - Filling up the DagBag from /home/airflow/.local/lib/python3.7/site-packages/airflow/example_dags/example_kubernetes_executor.py
[2023-10-14T17:14:30.576+0000] {processor.py:753} INFO - DAG(s) dict_keys(['example_kubernetes_executor']) retrieved from /home/airflow/.local/lib/python3.7/site-packages/airflow/example_dags/example_kubernetes_executor.py
[2023-10-14T17:14:30.607+0000] {logging_mixin.py:137} INFO - [2023-10-14T17:14:30.607+0000] {dag.py:2690} INFO - Sync 1 DAGs
[2023-10-14T17:14:30.632+0000] {logging_mixin.py:137} INFO - [2023-10-14T17:14:30.632+0000] {dag.py:3441} INFO - Setting next_dagrun for example_kubernetes_executor to None, run_after=None
[2023-10-14T17:14:30.666+0000] {processor.py:175} INFO - Processing /home/airflow/.local/lib/python3.7/site-packages/airflow/example_dags/example_kubernetes_executor.py took 0.126 seconds
[2023-10-14T17:15:00.793+0000] {processor.py:153} INFO - Started process (PID=7529) to work on /home/airflow/.local/lib/python3.7/site-packages/airflow/example_dags/example_kubernetes_executor.py
[2023-10-14T17:15:00.794+0000] {processor.py:743} INFO - Processing file /home/airflow/.local/lib/python3.7/site-packages/airflow/example_dags/example_kubernetes_executor.py for tasks to queue
[2023-10-14T17:15:00.795+0000] {logging_mixin.py:137} INFO - [2023-10-14T17:15:00.795+0000] {dagbag.py:538} INFO - Filling up the DagBag from /home/airflow/.local/lib/python3.7/site-packages/airflow/example_dags/example_kubernetes_executor.py
[2023-10-14T17:15:00.824+0000] {processor.py:753} INFO - DAG(s) dict_keys(['example_kubernetes_executor']) retrieved from /home/airflow/.local/lib/python3.7/site-packages/airflow/example_dags/example_kubernetes_executor.py
[2023-10-14T17:15:00.855+0000] {logging_mixin.py:137} INFO - [2023-10-14T17:15:00.854+0000] {dag.py:2690} INFO - Sync 1 DAGs
[2023-10-14T17:15:00.873+0000] {logging_mixin.py:137} INFO - [2023-10-14T17:15:00.873+0000] {dag.py:3441} INFO - Setting next_dagrun for example_kubernetes_executor to None, run_after=None
[2023-10-14T17:15:00.892+0000] {processor.py:175} INFO - Processing /home/airflow/.local/lib/python3.7/site-packages/airflow/example_dags/example_kubernetes_executor.py took 0.103 seconds
[2023-10-14T17:15:31.295+0000] {processor.py:153} INFO - Started process (PID=7621) to work on /home/airflow/.local/lib/python3.7/site-packages/airflow/example_dags/example_kubernetes_executor.py
[2023-10-14T17:15:31.298+0000] {processor.py:743} INFO - Processing file /home/airflow/.local/lib/python3.7/site-packages/airflow/example_dags/example_kubernetes_executor.py for tasks to queue
[2023-10-14T17:15:31.299+0000] {logging_mixin.py:137} INFO - [2023-10-14T17:15:31.298+0000] {dagbag.py:538} INFO - Filling up the DagBag from /home/airflow/.local/lib/python3.7/site-packages/airflow/example_dags/example_kubernetes_executor.py
[2023-10-14T17:15:31.343+0000] {processor.py:753} INFO - DAG(s) dict_keys(['example_kubernetes_executor']) retrieved from /home/airflow/.local/lib/python3.7/site-packages/airflow/example_dags/example_kubernetes_executor.py
[2023-10-14T17:15:31.391+0000] {logging_mixin.py:137} INFO - [2023-10-14T17:15:31.391+0000] {dag.py:2690} INFO - Sync 1 DAGs
[2023-10-14T17:15:31.427+0000] {logging_mixin.py:137} INFO - [2023-10-14T17:15:31.427+0000] {dag.py:3441} INFO - Setting next_dagrun for example_kubernetes_executor to None, run_after=None
[2023-10-14T17:15:31.459+0000] {processor.py:175} INFO - Processing /home/airflow/.local/lib/python3.7/site-packages/airflow/example_dags/example_kubernetes_executor.py took 0.170 seconds
[2023-10-14T17:16:01.644+0000] {processor.py:153} INFO - Started process (PID=7696) to work on /home/airflow/.local/lib/python3.7/site-packages/airflow/example_dags/example_kubernetes_executor.py
[2023-10-14T17:16:01.645+0000] {processor.py:743} INFO - Processing file /home/airflow/.local/lib/python3.7/site-packages/airflow/example_dags/example_kubernetes_executor.py for tasks to queue
[2023-10-14T17:16:01.646+0000] {logging_mixin.py:137} INFO - [2023-10-14T17:16:01.646+0000] {dagbag.py:538} INFO - Filling up the DagBag from /home/airflow/.local/lib/python3.7/site-packages/airflow/example_dags/example_kubernetes_executor.py
[2023-10-14T17:16:01.678+0000] {processor.py:753} INFO - DAG(s) dict_keys(['example_kubernetes_executor']) retrieved from /home/airflow/.local/lib/python3.7/site-packages/airflow/example_dags/example_kubernetes_executor.py
[2023-10-14T17:16:01.712+0000] {logging_mixin.py:137} INFO - [2023-10-14T17:16:01.712+0000] {dag.py:2690} INFO - Sync 1 DAGs
[2023-10-14T17:16:01.738+0000] {logging_mixin.py:137} INFO - [2023-10-14T17:16:01.738+0000] {dag.py:3441} INFO - Setting next_dagrun for example_kubernetes_executor to None, run_after=None
[2023-10-14T17:16:01.759+0000] {processor.py:175} INFO - Processing /home/airflow/.local/lib/python3.7/site-packages/airflow/example_dags/example_kubernetes_executor.py took 0.120 seconds
[2023-10-14T17:16:31.895+0000] {processor.py:153} INFO - Started process (PID=7789) to work on /home/airflow/.local/lib/python3.7/site-packages/airflow/example_dags/example_kubernetes_executor.py
[2023-10-14T17:16:31.896+0000] {processor.py:743} INFO - Processing file /home/airflow/.local/lib/python3.7/site-packages/airflow/example_dags/example_kubernetes_executor.py for tasks to queue
[2023-10-14T17:16:31.897+0000] {logging_mixin.py:137} INFO - [2023-10-14T17:16:31.897+0000] {dagbag.py:538} INFO - Filling up the DagBag from /home/airflow/.local/lib/python3.7/site-packages/airflow/example_dags/example_kubernetes_executor.py
[2023-10-14T17:16:31.940+0000] {processor.py:753} INFO - DAG(s) dict_keys(['example_kubernetes_executor']) retrieved from /home/airflow/.local/lib/python3.7/site-packages/airflow/example_dags/example_kubernetes_executor.py
[2023-10-14T17:16:31.999+0000] {logging_mixin.py:137} INFO - [2023-10-14T17:16:31.998+0000] {dag.py:2690} INFO - Sync 1 DAGs
[2023-10-14T17:16:32.071+0000] {logging_mixin.py:137} INFO - [2023-10-14T17:16:32.071+0000] {dag.py:3441} INFO - Setting next_dagrun for example_kubernetes_executor to None, run_after=None
[2023-10-14T17:16:32.113+0000] {processor.py:175} INFO - Processing /home/airflow/.local/lib/python3.7/site-packages/airflow/example_dags/example_kubernetes_executor.py took 0.225 seconds
[2023-10-14T17:17:02.218+0000] {processor.py:153} INFO - Started process (PID=7864) to work on /home/airflow/.local/lib/python3.7/site-packages/airflow/example_dags/example_kubernetes_executor.py
[2023-10-14T17:17:02.219+0000] {processor.py:743} INFO - Processing file /home/airflow/.local/lib/python3.7/site-packages/airflow/example_dags/example_kubernetes_executor.py for tasks to queue
[2023-10-14T17:17:02.220+0000] {logging_mixin.py:137} INFO - [2023-10-14T17:17:02.220+0000] {dagbag.py:538} INFO - Filling up the DagBag from /home/airflow/.local/lib/python3.7/site-packages/airflow/example_dags/example_kubernetes_executor.py
[2023-10-14T17:17:02.252+0000] {processor.py:753} INFO - DAG(s) dict_keys(['example_kubernetes_executor']) retrieved from /home/airflow/.local/lib/python3.7/site-packages/airflow/example_dags/example_kubernetes_executor.py
[2023-10-14T17:17:02.287+0000] {logging_mixin.py:137} INFO - [2023-10-14T17:17:02.287+0000] {dag.py:2690} INFO - Sync 1 DAGs
[2023-10-14T17:17:02.312+0000] {logging_mixin.py:137} INFO - [2023-10-14T17:17:02.312+0000] {dag.py:3441} INFO - Setting next_dagrun for example_kubernetes_executor to None, run_after=None
[2023-10-14T17:17:02.346+0000] {processor.py:175} INFO - Processing /home/airflow/.local/lib/python3.7/site-packages/airflow/example_dags/example_kubernetes_executor.py took 0.132 seconds
[2023-10-14T17:17:32.406+0000] {processor.py:153} INFO - Started process (PID=7957) to work on /home/airflow/.local/lib/python3.7/site-packages/airflow/example_dags/example_kubernetes_executor.py
[2023-10-14T17:17:32.409+0000] {processor.py:743} INFO - Processing file /home/airflow/.local/lib/python3.7/site-packages/airflow/example_dags/example_kubernetes_executor.py for tasks to queue
[2023-10-14T17:17:32.411+0000] {logging_mixin.py:137} INFO - [2023-10-14T17:17:32.411+0000] {dagbag.py:538} INFO - Filling up the DagBag from /home/airflow/.local/lib/python3.7/site-packages/airflow/example_dags/example_kubernetes_executor.py
[2023-10-14T17:17:32.439+0000] {processor.py:753} INFO - DAG(s) dict_keys(['example_kubernetes_executor']) retrieved from /home/airflow/.local/lib/python3.7/site-packages/airflow/example_dags/example_kubernetes_executor.py
[2023-10-14T17:17:32.488+0000] {logging_mixin.py:137} INFO - [2023-10-14T17:17:32.481+0000] {dag.py:2690} INFO - Sync 1 DAGs
[2023-10-14T17:17:32.516+0000] {logging_mixin.py:137} INFO - [2023-10-14T17:17:32.516+0000] {dag.py:3441} INFO - Setting next_dagrun for example_kubernetes_executor to None, run_after=None
[2023-10-14T17:17:32.541+0000] {processor.py:175} INFO - Processing /home/airflow/.local/lib/python3.7/site-packages/airflow/example_dags/example_kubernetes_executor.py took 0.139 seconds
[2023-10-14T17:18:03.501+0000] {processor.py:153} INFO - Started process (PID=8032) to work on /home/airflow/.local/lib/python3.7/site-packages/airflow/example_dags/example_kubernetes_executor.py
[2023-10-14T17:18:03.502+0000] {processor.py:743} INFO - Processing file /home/airflow/.local/lib/python3.7/site-packages/airflow/example_dags/example_kubernetes_executor.py for tasks to queue
[2023-10-14T17:18:03.503+0000] {logging_mixin.py:137} INFO - [2023-10-14T17:18:03.503+0000] {dagbag.py:538} INFO - Filling up the DagBag from /home/airflow/.local/lib/python3.7/site-packages/airflow/example_dags/example_kubernetes_executor.py
[2023-10-14T17:18:03.535+0000] {processor.py:753} INFO - DAG(s) dict_keys(['example_kubernetes_executor']) retrieved from /home/airflow/.local/lib/python3.7/site-packages/airflow/example_dags/example_kubernetes_executor.py
[2023-10-14T17:18:03.567+0000] {logging_mixin.py:137} INFO - [2023-10-14T17:18:03.567+0000] {dag.py:2690} INFO - Sync 1 DAGs
[2023-10-14T17:18:03.590+0000] {logging_mixin.py:137} INFO - [2023-10-14T17:18:03.590+0000] {dag.py:3441} INFO - Setting next_dagrun for example_kubernetes_executor to None, run_after=None
[2023-10-14T17:18:03.610+0000] {processor.py:175} INFO - Processing /home/airflow/.local/lib/python3.7/site-packages/airflow/example_dags/example_kubernetes_executor.py took 0.113 seconds
[2023-10-14T17:18:35.646+0000] {processor.py:153} INFO - Started process (PID=8116) to work on /home/airflow/.local/lib/python3.7/site-packages/airflow/example_dags/example_kubernetes_executor.py
[2023-10-14T17:18:35.650+0000] {processor.py:743} INFO - Processing file /home/airflow/.local/lib/python3.7/site-packages/airflow/example_dags/example_kubernetes_executor.py for tasks to queue
[2023-10-14T17:18:35.690+0000] {logging_mixin.py:137} INFO - [2023-10-14T17:18:35.690+0000] {dagbag.py:538} INFO - Filling up the DagBag from /home/airflow/.local/lib/python3.7/site-packages/airflow/example_dags/example_kubernetes_executor.py
[2023-10-14T17:18:35.800+0000] {processor.py:753} INFO - DAG(s) dict_keys(['example_kubernetes_executor']) retrieved from /home/airflow/.local/lib/python3.7/site-packages/airflow/example_dags/example_kubernetes_executor.py
[2023-10-14T17:18:35.966+0000] {logging_mixin.py:137} INFO - [2023-10-14T17:18:35.966+0000] {dag.py:2690} INFO - Sync 1 DAGs
[2023-10-14T17:18:36.010+0000] {logging_mixin.py:137} INFO - [2023-10-14T17:18:36.009+0000] {dag.py:3441} INFO - Setting next_dagrun for example_kubernetes_executor to None, run_after=None
[2023-10-14T17:18:36.072+0000] {processor.py:175} INFO - Processing /home/airflow/.local/lib/python3.7/site-packages/airflow/example_dags/example_kubernetes_executor.py took 0.432 seconds
[2023-10-14T17:19:06.361+0000] {processor.py:153} INFO - Started process (PID=8200) to work on /home/airflow/.local/lib/python3.7/site-packages/airflow/example_dags/example_kubernetes_executor.py
[2023-10-14T17:19:06.362+0000] {processor.py:743} INFO - Processing file /home/airflow/.local/lib/python3.7/site-packages/airflow/example_dags/example_kubernetes_executor.py for tasks to queue
[2023-10-14T17:19:06.363+0000] {logging_mixin.py:137} INFO - [2023-10-14T17:19:06.363+0000] {dagbag.py:538} INFO - Filling up the DagBag from /home/airflow/.local/lib/python3.7/site-packages/airflow/example_dags/example_kubernetes_executor.py
[2023-10-14T17:19:06.396+0000] {processor.py:753} INFO - DAG(s) dict_keys(['example_kubernetes_executor']) retrieved from /home/airflow/.local/lib/python3.7/site-packages/airflow/example_dags/example_kubernetes_executor.py
[2023-10-14T17:19:06.435+0000] {logging_mixin.py:137} INFO - [2023-10-14T17:19:06.435+0000] {dag.py:2690} INFO - Sync 1 DAGs
[2023-10-14T17:19:06.463+0000] {logging_mixin.py:137} INFO - [2023-10-14T17:19:06.463+0000] {dag.py:3441} INFO - Setting next_dagrun for example_kubernetes_executor to None, run_after=None
[2023-10-14T17:19:06.505+0000] {processor.py:175} INFO - Processing /home/airflow/.local/lib/python3.7/site-packages/airflow/example_dags/example_kubernetes_executor.py took 0.148 seconds
[2023-10-14T17:19:36.633+0000] {processor.py:153} INFO - Started process (PID=8275) to work on /home/airflow/.local/lib/python3.7/site-packages/airflow/example_dags/example_kubernetes_executor.py
[2023-10-14T17:19:36.634+0000] {processor.py:743} INFO - Processing file /home/airflow/.local/lib/python3.7/site-packages/airflow/example_dags/example_kubernetes_executor.py for tasks to queue
[2023-10-14T17:19:36.635+0000] {logging_mixin.py:137} INFO - [2023-10-14T17:19:36.635+0000] {dagbag.py:538} INFO - Filling up the DagBag from /home/airflow/.local/lib/python3.7/site-packages/airflow/example_dags/example_kubernetes_executor.py
[2023-10-14T17:19:36.660+0000] {processor.py:753} INFO - DAG(s) dict_keys(['example_kubernetes_executor']) retrieved from /home/airflow/.local/lib/python3.7/site-packages/airflow/example_dags/example_kubernetes_executor.py
[2023-10-14T17:19:36.693+0000] {logging_mixin.py:137} INFO - [2023-10-14T17:19:36.693+0000] {dag.py:2690} INFO - Sync 1 DAGs
[2023-10-14T17:19:36.728+0000] {logging_mixin.py:137} INFO - [2023-10-14T17:19:36.728+0000] {dag.py:3441} INFO - Setting next_dagrun for example_kubernetes_executor to None, run_after=None
[2023-10-14T17:19:36.766+0000] {processor.py:175} INFO - Processing /home/airflow/.local/lib/python3.7/site-packages/airflow/example_dags/example_kubernetes_executor.py took 0.138 seconds
[2023-10-14T17:20:07.003+0000] {processor.py:153} INFO - Started process (PID=8368) to work on /home/airflow/.local/lib/python3.7/site-packages/airflow/example_dags/example_kubernetes_executor.py
[2023-10-14T17:20:07.005+0000] {processor.py:743} INFO - Processing file /home/airflow/.local/lib/python3.7/site-packages/airflow/example_dags/example_kubernetes_executor.py for tasks to queue
[2023-10-14T17:20:07.006+0000] {logging_mixin.py:137} INFO - [2023-10-14T17:20:07.006+0000] {dagbag.py:538} INFO - Filling up the DagBag from /home/airflow/.local/lib/python3.7/site-packages/airflow/example_dags/example_kubernetes_executor.py
[2023-10-14T17:20:07.036+0000] {processor.py:753} INFO - DAG(s) dict_keys(['example_kubernetes_executor']) retrieved from /home/airflow/.local/lib/python3.7/site-packages/airflow/example_dags/example_kubernetes_executor.py
[2023-10-14T17:20:07.081+0000] {logging_mixin.py:137} INFO - [2023-10-14T17:20:07.080+0000] {dag.py:2690} INFO - Sync 1 DAGs
[2023-10-14T17:20:07.105+0000] {logging_mixin.py:137} INFO - [2023-10-14T17:20:07.105+0000] {dag.py:3441} INFO - Setting next_dagrun for example_kubernetes_executor to None, run_after=None
[2023-10-14T17:20:07.134+0000] {processor.py:175} INFO - Processing /home/airflow/.local/lib/python3.7/site-packages/airflow/example_dags/example_kubernetes_executor.py took 0.134 seconds
[2023-10-14T17:20:37.326+0000] {processor.py:153} INFO - Started process (PID=8443) to work on /home/airflow/.local/lib/python3.7/site-packages/airflow/example_dags/example_kubernetes_executor.py
[2023-10-14T17:20:37.328+0000] {processor.py:743} INFO - Processing file /home/airflow/.local/lib/python3.7/site-packages/airflow/example_dags/example_kubernetes_executor.py for tasks to queue
[2023-10-14T17:20:37.329+0000] {logging_mixin.py:137} INFO - [2023-10-14T17:20:37.329+0000] {dagbag.py:538} INFO - Filling up the DagBag from /home/airflow/.local/lib/python3.7/site-packages/airflow/example_dags/example_kubernetes_executor.py
[2023-10-14T17:20:37.362+0000] {processor.py:753} INFO - DAG(s) dict_keys(['example_kubernetes_executor']) retrieved from /home/airflow/.local/lib/python3.7/site-packages/airflow/example_dags/example_kubernetes_executor.py
[2023-10-14T17:20:37.416+0000] {logging_mixin.py:137} INFO - [2023-10-14T17:20:37.416+0000] {dag.py:2690} INFO - Sync 1 DAGs
[2023-10-14T17:20:37.436+0000] {logging_mixin.py:137} INFO - [2023-10-14T17:20:37.435+0000] {dag.py:3441} INFO - Setting next_dagrun for example_kubernetes_executor to None, run_after=None
[2023-10-14T17:20:37.461+0000] {processor.py:175} INFO - Processing /home/airflow/.local/lib/python3.7/site-packages/airflow/example_dags/example_kubernetes_executor.py took 0.143 seconds
[2023-10-14T17:21:07.809+0000] {processor.py:153} INFO - Started process (PID=8535) to work on /home/airflow/.local/lib/python3.7/site-packages/airflow/example_dags/example_kubernetes_executor.py
[2023-10-14T17:21:07.811+0000] {processor.py:743} INFO - Processing file /home/airflow/.local/lib/python3.7/site-packages/airflow/example_dags/example_kubernetes_executor.py for tasks to queue
[2023-10-14T17:21:07.813+0000] {logging_mixin.py:137} INFO - [2023-10-14T17:21:07.813+0000] {dagbag.py:538} INFO - Filling up the DagBag from /home/airflow/.local/lib/python3.7/site-packages/airflow/example_dags/example_kubernetes_executor.py
[2023-10-14T17:21:07.845+0000] {processor.py:753} INFO - DAG(s) dict_keys(['example_kubernetes_executor']) retrieved from /home/airflow/.local/lib/python3.7/site-packages/airflow/example_dags/example_kubernetes_executor.py
[2023-10-14T17:21:07.881+0000] {logging_mixin.py:137} INFO - [2023-10-14T17:21:07.881+0000] {dag.py:2690} INFO - Sync 1 DAGs
[2023-10-14T17:21:07.910+0000] {logging_mixin.py:137} INFO - [2023-10-14T17:21:07.909+0000] {dag.py:3441} INFO - Setting next_dagrun for example_kubernetes_executor to None, run_after=None
[2023-10-14T17:21:07.938+0000] {processor.py:175} INFO - Processing /home/airflow/.local/lib/python3.7/site-packages/airflow/example_dags/example_kubernetes_executor.py took 0.142 seconds
[2023-10-14T17:21:38.290+0000] {processor.py:153} INFO - Started process (PID=8609) to work on /home/airflow/.local/lib/python3.7/site-packages/airflow/example_dags/example_kubernetes_executor.py
[2023-10-14T17:21:38.291+0000] {processor.py:743} INFO - Processing file /home/airflow/.local/lib/python3.7/site-packages/airflow/example_dags/example_kubernetes_executor.py for tasks to queue
[2023-10-14T17:21:38.292+0000] {logging_mixin.py:137} INFO - [2023-10-14T17:21:38.292+0000] {dagbag.py:538} INFO - Filling up the DagBag from /home/airflow/.local/lib/python3.7/site-packages/airflow/example_dags/example_kubernetes_executor.py
[2023-10-14T17:21:38.327+0000] {processor.py:753} INFO - DAG(s) dict_keys(['example_kubernetes_executor']) retrieved from /home/airflow/.local/lib/python3.7/site-packages/airflow/example_dags/example_kubernetes_executor.py
[2023-10-14T17:21:38.362+0000] {logging_mixin.py:137} INFO - [2023-10-14T17:21:38.362+0000] {dag.py:2690} INFO - Sync 1 DAGs
[2023-10-14T17:21:38.390+0000] {logging_mixin.py:137} INFO - [2023-10-14T17:21:38.390+0000] {dag.py:3441} INFO - Setting next_dagrun for example_kubernetes_executor to None, run_after=None
[2023-10-14T17:21:38.411+0000] {processor.py:175} INFO - Processing /home/airflow/.local/lib/python3.7/site-packages/airflow/example_dags/example_kubernetes_executor.py took 0.127 seconds
[2023-10-14T17:22:08.836+0000] {processor.py:153} INFO - Started process (PID=8702) to work on /home/airflow/.local/lib/python3.7/site-packages/airflow/example_dags/example_kubernetes_executor.py
[2023-10-14T17:22:08.838+0000] {processor.py:743} INFO - Processing file /home/airflow/.local/lib/python3.7/site-packages/airflow/example_dags/example_kubernetes_executor.py for tasks to queue
[2023-10-14T17:22:08.839+0000] {logging_mixin.py:137} INFO - [2023-10-14T17:22:08.839+0000] {dagbag.py:538} INFO - Filling up the DagBag from /home/airflow/.local/lib/python3.7/site-packages/airflow/example_dags/example_kubernetes_executor.py
[2023-10-14T17:22:08.872+0000] {processor.py:753} INFO - DAG(s) dict_keys(['example_kubernetes_executor']) retrieved from /home/airflow/.local/lib/python3.7/site-packages/airflow/example_dags/example_kubernetes_executor.py
[2023-10-14T17:22:08.901+0000] {logging_mixin.py:137} INFO - [2023-10-14T17:22:08.901+0000] {dag.py:2690} INFO - Sync 1 DAGs
[2023-10-14T17:22:08.925+0000] {logging_mixin.py:137} INFO - [2023-10-14T17:22:08.925+0000] {dag.py:3441} INFO - Setting next_dagrun for example_kubernetes_executor to None, run_after=None
[2023-10-14T17:22:08.943+0000] {processor.py:175} INFO - Processing /home/airflow/.local/lib/python3.7/site-packages/airflow/example_dags/example_kubernetes_executor.py took 0.111 seconds
[2023-10-14T17:22:39.017+0000] {processor.py:153} INFO - Started process (PID=8777) to work on /home/airflow/.local/lib/python3.7/site-packages/airflow/example_dags/example_kubernetes_executor.py
[2023-10-14T17:22:39.018+0000] {processor.py:743} INFO - Processing file /home/airflow/.local/lib/python3.7/site-packages/airflow/example_dags/example_kubernetes_executor.py for tasks to queue
[2023-10-14T17:22:39.020+0000] {logging_mixin.py:137} INFO - [2023-10-14T17:22:39.020+0000] {dagbag.py:538} INFO - Filling up the DagBag from /home/airflow/.local/lib/python3.7/site-packages/airflow/example_dags/example_kubernetes_executor.py
[2023-10-14T17:22:39.046+0000] {processor.py:753} INFO - DAG(s) dict_keys(['example_kubernetes_executor']) retrieved from /home/airflow/.local/lib/python3.7/site-packages/airflow/example_dags/example_kubernetes_executor.py
[2023-10-14T17:22:39.082+0000] {logging_mixin.py:137} INFO - [2023-10-14T17:22:39.081+0000] {dag.py:2690} INFO - Sync 1 DAGs
[2023-10-14T17:22:39.106+0000] {logging_mixin.py:137} INFO - [2023-10-14T17:22:39.105+0000] {dag.py:3441} INFO - Setting next_dagrun for example_kubernetes_executor to None, run_after=None
[2023-10-14T17:22:39.136+0000] {processor.py:175} INFO - Processing /home/airflow/.local/lib/python3.7/site-packages/airflow/example_dags/example_kubernetes_executor.py took 0.123 seconds
[2023-10-14T17:23:09.258+0000] {processor.py:153} INFO - Started process (PID=8870) to work on /home/airflow/.local/lib/python3.7/site-packages/airflow/example_dags/example_kubernetes_executor.py
[2023-10-14T17:23:09.259+0000] {processor.py:743} INFO - Processing file /home/airflow/.local/lib/python3.7/site-packages/airflow/example_dags/example_kubernetes_executor.py for tasks to queue
[2023-10-14T17:23:09.261+0000] {logging_mixin.py:137} INFO - [2023-10-14T17:23:09.261+0000] {dagbag.py:538} INFO - Filling up the DagBag from /home/airflow/.local/lib/python3.7/site-packages/airflow/example_dags/example_kubernetes_executor.py
[2023-10-14T17:23:09.298+0000] {processor.py:753} INFO - DAG(s) dict_keys(['example_kubernetes_executor']) retrieved from /home/airflow/.local/lib/python3.7/site-packages/airflow/example_dags/example_kubernetes_executor.py
[2023-10-14T17:23:09.343+0000] {logging_mixin.py:137} INFO - [2023-10-14T17:23:09.342+0000] {dag.py:2690} INFO - Sync 1 DAGs
[2023-10-14T17:23:09.390+0000] {logging_mixin.py:137} INFO - [2023-10-14T17:23:09.390+0000] {dag.py:3441} INFO - Setting next_dagrun for example_kubernetes_executor to None, run_after=None
[2023-10-14T17:23:09.452+0000] {processor.py:175} INFO - Processing /home/airflow/.local/lib/python3.7/site-packages/airflow/example_dags/example_kubernetes_executor.py took 0.199 seconds
[2023-10-14T17:23:39.649+0000] {processor.py:153} INFO - Started process (PID=8945) to work on /home/airflow/.local/lib/python3.7/site-packages/airflow/example_dags/example_kubernetes_executor.py
[2023-10-14T17:23:39.650+0000] {processor.py:743} INFO - Processing file /home/airflow/.local/lib/python3.7/site-packages/airflow/example_dags/example_kubernetes_executor.py for tasks to queue
[2023-10-14T17:23:39.651+0000] {logging_mixin.py:137} INFO - [2023-10-14T17:23:39.651+0000] {dagbag.py:538} INFO - Filling up the DagBag from /home/airflow/.local/lib/python3.7/site-packages/airflow/example_dags/example_kubernetes_executor.py
[2023-10-14T17:23:39.682+0000] {processor.py:753} INFO - DAG(s) dict_keys(['example_kubernetes_executor']) retrieved from /home/airflow/.local/lib/python3.7/site-packages/airflow/example_dags/example_kubernetes_executor.py
[2023-10-14T17:23:39.731+0000] {logging_mixin.py:137} INFO - [2023-10-14T17:23:39.731+0000] {dag.py:2690} INFO - Sync 1 DAGs
[2023-10-14T17:23:39.770+0000] {logging_mixin.py:137} INFO - [2023-10-14T17:23:39.769+0000] {dag.py:3441} INFO - Setting next_dagrun for example_kubernetes_executor to None, run_after=None
[2023-10-14T17:23:39.807+0000] {processor.py:175} INFO - Processing /home/airflow/.local/lib/python3.7/site-packages/airflow/example_dags/example_kubernetes_executor.py took 0.162 seconds
[2023-10-14T17:24:09.922+0000] {processor.py:153} INFO - Started process (PID=9029) to work on /home/airflow/.local/lib/python3.7/site-packages/airflow/example_dags/example_kubernetes_executor.py
[2023-10-14T17:24:09.924+0000] {processor.py:743} INFO - Processing file /home/airflow/.local/lib/python3.7/site-packages/airflow/example_dags/example_kubernetes_executor.py for tasks to queue
[2023-10-14T17:24:09.928+0000] {logging_mixin.py:137} INFO - [2023-10-14T17:24:09.928+0000] {dagbag.py:538} INFO - Filling up the DagBag from /home/airflow/.local/lib/python3.7/site-packages/airflow/example_dags/example_kubernetes_executor.py
[2023-10-14T17:24:09.961+0000] {processor.py:753} INFO - DAG(s) dict_keys(['example_kubernetes_executor']) retrieved from /home/airflow/.local/lib/python3.7/site-packages/airflow/example_dags/example_kubernetes_executor.py
[2023-10-14T17:24:10.006+0000] {logging_mixin.py:137} INFO - [2023-10-14T17:24:10.006+0000] {dag.py:2690} INFO - Sync 1 DAGs
[2023-10-14T17:24:10.038+0000] {logging_mixin.py:137} INFO - [2023-10-14T17:24:10.038+0000] {dag.py:3441} INFO - Setting next_dagrun for example_kubernetes_executor to None, run_after=None
[2023-10-14T17:24:10.064+0000] {processor.py:175} INFO - Processing /home/airflow/.local/lib/python3.7/site-packages/airflow/example_dags/example_kubernetes_executor.py took 0.147 seconds
[2023-10-14T17:24:40.344+0000] {processor.py:153} INFO - Started process (PID=9113) to work on /home/airflow/.local/lib/python3.7/site-packages/airflow/example_dags/example_kubernetes_executor.py
[2023-10-14T17:24:40.347+0000] {processor.py:743} INFO - Processing file /home/airflow/.local/lib/python3.7/site-packages/airflow/example_dags/example_kubernetes_executor.py for tasks to queue
[2023-10-14T17:24:40.349+0000] {logging_mixin.py:137} INFO - [2023-10-14T17:24:40.349+0000] {dagbag.py:538} INFO - Filling up the DagBag from /home/airflow/.local/lib/python3.7/site-packages/airflow/example_dags/example_kubernetes_executor.py
[2023-10-14T17:24:40.386+0000] {processor.py:753} INFO - DAG(s) dict_keys(['example_kubernetes_executor']) retrieved from /home/airflow/.local/lib/python3.7/site-packages/airflow/example_dags/example_kubernetes_executor.py
[2023-10-14T17:24:40.426+0000] {logging_mixin.py:137} INFO - [2023-10-14T17:24:40.425+0000] {dag.py:2690} INFO - Sync 1 DAGs
[2023-10-14T17:24:40.454+0000] {logging_mixin.py:137} INFO - [2023-10-14T17:24:40.454+0000] {dag.py:3441} INFO - Setting next_dagrun for example_kubernetes_executor to None, run_after=None
[2023-10-14T17:24:40.480+0000] {processor.py:175} INFO - Processing /home/airflow/.local/lib/python3.7/site-packages/airflow/example_dags/example_kubernetes_executor.py took 0.140 seconds
[2023-10-14T17:25:11.392+0000] {processor.py:153} INFO - Started process (PID=9205) to work on /home/airflow/.local/lib/python3.7/site-packages/airflow/example_dags/example_kubernetes_executor.py
[2023-10-14T17:25:11.398+0000] {processor.py:743} INFO - Processing file /home/airflow/.local/lib/python3.7/site-packages/airflow/example_dags/example_kubernetes_executor.py for tasks to queue
[2023-10-14T17:25:11.401+0000] {logging_mixin.py:137} INFO - [2023-10-14T17:25:11.401+0000] {dagbag.py:538} INFO - Filling up the DagBag from /home/airflow/.local/lib/python3.7/site-packages/airflow/example_dags/example_kubernetes_executor.py
[2023-10-14T17:25:11.439+0000] {processor.py:753} INFO - DAG(s) dict_keys(['example_kubernetes_executor']) retrieved from /home/airflow/.local/lib/python3.7/site-packages/airflow/example_dags/example_kubernetes_executor.py
[2023-10-14T17:25:11.481+0000] {logging_mixin.py:137} INFO - [2023-10-14T17:25:11.481+0000] {dag.py:2690} INFO - Sync 1 DAGs
[2023-10-14T17:25:11.503+0000] {logging_mixin.py:137} INFO - [2023-10-14T17:25:11.503+0000] {dag.py:3441} INFO - Setting next_dagrun for example_kubernetes_executor to None, run_after=None
[2023-10-14T17:25:11.526+0000] {processor.py:175} INFO - Processing /home/airflow/.local/lib/python3.7/site-packages/airflow/example_dags/example_kubernetes_executor.py took 0.139 seconds
[2023-10-14T17:25:42.252+0000] {processor.py:153} INFO - Started process (PID=9280) to work on /home/airflow/.local/lib/python3.7/site-packages/airflow/example_dags/example_kubernetes_executor.py
[2023-10-14T17:25:42.260+0000] {processor.py:743} INFO - Processing file /home/airflow/.local/lib/python3.7/site-packages/airflow/example_dags/example_kubernetes_executor.py for tasks to queue
[2023-10-14T17:25:42.262+0000] {logging_mixin.py:137} INFO - [2023-10-14T17:25:42.262+0000] {dagbag.py:538} INFO - Filling up the DagBag from /home/airflow/.local/lib/python3.7/site-packages/airflow/example_dags/example_kubernetes_executor.py
[2023-10-14T17:25:42.299+0000] {processor.py:753} INFO - DAG(s) dict_keys(['example_kubernetes_executor']) retrieved from /home/airflow/.local/lib/python3.7/site-packages/airflow/example_dags/example_kubernetes_executor.py
[2023-10-14T17:25:42.354+0000] {logging_mixin.py:137} INFO - [2023-10-14T17:25:42.354+0000] {dag.py:2690} INFO - Sync 1 DAGs
[2023-10-14T17:25:42.389+0000] {logging_mixin.py:137} INFO - [2023-10-14T17:25:42.389+0000] {dag.py:3441} INFO - Setting next_dagrun for example_kubernetes_executor to None, run_after=None
[2023-10-14T17:25:42.442+0000] {processor.py:175} INFO - Processing /home/airflow/.local/lib/python3.7/site-packages/airflow/example_dags/example_kubernetes_executor.py took 0.195 seconds
[2023-10-14T17:26:12.503+0000] {processor.py:153} INFO - Started process (PID=9373) to work on /home/airflow/.local/lib/python3.7/site-packages/airflow/example_dags/example_kubernetes_executor.py
[2023-10-14T17:26:12.504+0000] {processor.py:743} INFO - Processing file /home/airflow/.local/lib/python3.7/site-packages/airflow/example_dags/example_kubernetes_executor.py for tasks to queue
[2023-10-14T17:26:12.505+0000] {logging_mixin.py:137} INFO - [2023-10-14T17:26:12.505+0000] {dagbag.py:538} INFO - Filling up the DagBag from /home/airflow/.local/lib/python3.7/site-packages/airflow/example_dags/example_kubernetes_executor.py
[2023-10-14T17:26:12.529+0000] {processor.py:753} INFO - DAG(s) dict_keys(['example_kubernetes_executor']) retrieved from /home/airflow/.local/lib/python3.7/site-packages/airflow/example_dags/example_kubernetes_executor.py
[2023-10-14T17:26:12.560+0000] {logging_mixin.py:137} INFO - [2023-10-14T17:26:12.560+0000] {dag.py:2690} INFO - Sync 1 DAGs
[2023-10-14T17:26:12.586+0000] {logging_mixin.py:137} INFO - [2023-10-14T17:26:12.586+0000] {dag.py:3441} INFO - Setting next_dagrun for example_kubernetes_executor to None, run_after=None
[2023-10-14T17:26:12.604+0000] {processor.py:175} INFO - Processing /home/airflow/.local/lib/python3.7/site-packages/airflow/example_dags/example_kubernetes_executor.py took 0.106 seconds
[2023-10-14T17:26:42.754+0000] {processor.py:153} INFO - Started process (PID=9448) to work on /home/airflow/.local/lib/python3.7/site-packages/airflow/example_dags/example_kubernetes_executor.py
[2023-10-14T17:26:42.755+0000] {processor.py:743} INFO - Processing file /home/airflow/.local/lib/python3.7/site-packages/airflow/example_dags/example_kubernetes_executor.py for tasks to queue
[2023-10-14T17:26:42.756+0000] {logging_mixin.py:137} INFO - [2023-10-14T17:26:42.756+0000] {dagbag.py:538} INFO - Filling up the DagBag from /home/airflow/.local/lib/python3.7/site-packages/airflow/example_dags/example_kubernetes_executor.py
[2023-10-14T17:26:42.785+0000] {processor.py:753} INFO - DAG(s) dict_keys(['example_kubernetes_executor']) retrieved from /home/airflow/.local/lib/python3.7/site-packages/airflow/example_dags/example_kubernetes_executor.py
[2023-10-14T17:26:42.814+0000] {logging_mixin.py:137} INFO - [2023-10-14T17:26:42.814+0000] {dag.py:2690} INFO - Sync 1 DAGs
[2023-10-14T17:26:42.836+0000] {logging_mixin.py:137} INFO - [2023-10-14T17:26:42.836+0000] {dag.py:3441} INFO - Setting next_dagrun for example_kubernetes_executor to None, run_after=None
[2023-10-14T17:26:42.854+0000] {processor.py:175} INFO - Processing /home/airflow/.local/lib/python3.7/site-packages/airflow/example_dags/example_kubernetes_executor.py took 0.104 seconds
[2023-10-14T17:27:13.019+0000] {processor.py:153} INFO - Started process (PID=9541) to work on /home/airflow/.local/lib/python3.7/site-packages/airflow/example_dags/example_kubernetes_executor.py
[2023-10-14T17:27:13.021+0000] {processor.py:743} INFO - Processing file /home/airflow/.local/lib/python3.7/site-packages/airflow/example_dags/example_kubernetes_executor.py for tasks to queue
[2023-10-14T17:27:13.022+0000] {logging_mixin.py:137} INFO - [2023-10-14T17:27:13.021+0000] {dagbag.py:538} INFO - Filling up the DagBag from /home/airflow/.local/lib/python3.7/site-packages/airflow/example_dags/example_kubernetes_executor.py
[2023-10-14T17:27:13.049+0000] {processor.py:753} INFO - DAG(s) dict_keys(['example_kubernetes_executor']) retrieved from /home/airflow/.local/lib/python3.7/site-packages/airflow/example_dags/example_kubernetes_executor.py
[2023-10-14T17:27:13.079+0000] {logging_mixin.py:137} INFO - [2023-10-14T17:27:13.079+0000] {dag.py:2690} INFO - Sync 1 DAGs
[2023-10-14T17:27:13.105+0000] {logging_mixin.py:137} INFO - [2023-10-14T17:27:13.105+0000] {dag.py:3441} INFO - Setting next_dagrun for example_kubernetes_executor to None, run_after=None
[2023-10-14T17:27:13.124+0000] {processor.py:175} INFO - Processing /home/airflow/.local/lib/python3.7/site-packages/airflow/example_dags/example_kubernetes_executor.py took 0.109 seconds
[2023-10-14T17:27:43.867+0000] {processor.py:153} INFO - Started process (PID=9616) to work on /home/airflow/.local/lib/python3.7/site-packages/airflow/example_dags/example_kubernetes_executor.py
[2023-10-14T17:27:43.870+0000] {processor.py:743} INFO - Processing file /home/airflow/.local/lib/python3.7/site-packages/airflow/example_dags/example_kubernetes_executor.py for tasks to queue
[2023-10-14T17:27:43.872+0000] {logging_mixin.py:137} INFO - [2023-10-14T17:27:43.872+0000] {dagbag.py:538} INFO - Filling up the DagBag from /home/airflow/.local/lib/python3.7/site-packages/airflow/example_dags/example_kubernetes_executor.py
[2023-10-14T17:27:43.905+0000] {processor.py:753} INFO - DAG(s) dict_keys(['example_kubernetes_executor']) retrieved from /home/airflow/.local/lib/python3.7/site-packages/airflow/example_dags/example_kubernetes_executor.py
[2023-10-14T17:27:44.216+0000] {logging_mixin.py:137} INFO - [2023-10-14T17:27:43.929+0000] {dag.py:2690} INFO - Sync 1 DAGs
[2023-10-14T17:27:44.249+0000] {logging_mixin.py:137} INFO - [2023-10-14T17:27:44.249+0000] {dag.py:3441} INFO - Setting next_dagrun for example_kubernetes_executor to None, run_after=None
[2023-10-14T17:27:44.294+0000] {processor.py:175} INFO - Processing /home/airflow/.local/lib/python3.7/site-packages/airflow/example_dags/example_kubernetes_executor.py took 0.432 seconds
