[2023-10-14T01:23:54.114+0000] {processor.py:153} INFO - Started process (PID=3703) to work on /home/airflow/.local/lib/python3.7/site-packages/airflow/example_dags/example_skip_dag.py
[2023-10-14T01:23:54.120+0000] {processor.py:743} INFO - Processing file /home/airflow/.local/lib/python3.7/site-packages/airflow/example_dags/example_skip_dag.py for tasks to queue
[2023-10-14T01:23:54.124+0000] {logging_mixin.py:137} INFO - [2023-10-14T01:23:54.124+0000] {dagbag.py:538} INFO - Filling up the DagBag from /home/airflow/.local/lib/python3.7/site-packages/airflow/example_dags/example_skip_dag.py
[2023-10-14T01:23:54.144+0000] {processor.py:753} INFO - DAG(s) dict_keys(['example_skip_dag']) retrieved from /home/airflow/.local/lib/python3.7/site-packages/airflow/example_dags/example_skip_dag.py
[2023-10-14T01:23:54.179+0000] {logging_mixin.py:137} INFO - [2023-10-14T01:23:54.179+0000] {dag.py:2690} INFO - Sync 1 DAGs
[2023-10-14T01:23:54.211+0000] {logging_mixin.py:137} INFO - [2023-10-14T01:23:54.211+0000] {dag.py:3441} INFO - Setting next_dagrun for example_skip_dag to 2023-10-13T01:23:54.211158+00:00, run_after=2023-10-14T01:23:54.211158+00:00
[2023-10-14T01:23:54.240+0000] {processor.py:175} INFO - Processing /home/airflow/.local/lib/python3.7/site-packages/airflow/example_dags/example_skip_dag.py took 0.130 seconds
[2023-10-14T02:47:25.985+0000] {processor.py:153} INFO - Started process (PID=3796) to work on /home/airflow/.local/lib/python3.7/site-packages/airflow/example_dags/example_skip_dag.py
[2023-10-14T02:47:25.987+0000] {processor.py:743} INFO - Processing file /home/airflow/.local/lib/python3.7/site-packages/airflow/example_dags/example_skip_dag.py for tasks to queue
[2023-10-14T02:47:25.988+0000] {logging_mixin.py:137} INFO - [2023-10-14T02:47:25.988+0000] {dagbag.py:538} INFO - Filling up the DagBag from /home/airflow/.local/lib/python3.7/site-packages/airflow/example_dags/example_skip_dag.py
[2023-10-14T02:47:26.003+0000] {processor.py:753} INFO - DAG(s) dict_keys(['example_skip_dag']) retrieved from /home/airflow/.local/lib/python3.7/site-packages/airflow/example_dags/example_skip_dag.py
[2023-10-14T02:47:26.036+0000] {logging_mixin.py:137} INFO - [2023-10-14T02:47:26.036+0000] {dag.py:2690} INFO - Sync 1 DAGs
[2023-10-14T02:47:26.060+0000] {logging_mixin.py:137} INFO - [2023-10-14T02:47:26.060+0000] {dag.py:3441} INFO - Setting next_dagrun for example_skip_dag to 2023-10-13T02:47:26.060295+00:00, run_after=2023-10-14T02:47:26.060295+00:00
[2023-10-14T02:47:26.085+0000] {processor.py:175} INFO - Processing /home/airflow/.local/lib/python3.7/site-packages/airflow/example_dags/example_skip_dag.py took 0.103 seconds
[2023-10-14T03:53:19.223+0000] {processor.py:153} INFO - Started process (PID=3871) to work on /home/airflow/.local/lib/python3.7/site-packages/airflow/example_dags/example_skip_dag.py
[2023-10-14T03:53:19.226+0000] {processor.py:743} INFO - Processing file /home/airflow/.local/lib/python3.7/site-packages/airflow/example_dags/example_skip_dag.py for tasks to queue
[2023-10-14T03:53:19.230+0000] {logging_mixin.py:137} INFO - [2023-10-14T03:53:19.230+0000] {dagbag.py:538} INFO - Filling up the DagBag from /home/airflow/.local/lib/python3.7/site-packages/airflow/example_dags/example_skip_dag.py
[2023-10-14T03:53:19.248+0000] {processor.py:753} INFO - DAG(s) dict_keys(['example_skip_dag']) retrieved from /home/airflow/.local/lib/python3.7/site-packages/airflow/example_dags/example_skip_dag.py
[2023-10-14T03:53:19.282+0000] {logging_mixin.py:137} INFO - [2023-10-14T03:53:19.282+0000] {dag.py:2690} INFO - Sync 1 DAGs
[2023-10-14T03:53:19.315+0000] {logging_mixin.py:137} INFO - [2023-10-14T03:53:19.315+0000] {dag.py:3441} INFO - Setting next_dagrun for example_skip_dag to 2023-10-13T03:53:19.315502+00:00, run_after=2023-10-14T03:53:19.315502+00:00
[2023-10-14T03:53:19.345+0000] {processor.py:175} INFO - Processing /home/airflow/.local/lib/python3.7/site-packages/airflow/example_dags/example_skip_dag.py took 0.125 seconds
[2023-10-14T04:43:39.268+0000] {processor.py:153} INFO - Started process (PID=3964) to work on /home/airflow/.local/lib/python3.7/site-packages/airflow/example_dags/example_skip_dag.py
[2023-10-14T04:43:39.270+0000] {processor.py:743} INFO - Processing file /home/airflow/.local/lib/python3.7/site-packages/airflow/example_dags/example_skip_dag.py for tasks to queue
[2023-10-14T04:43:39.271+0000] {logging_mixin.py:137} INFO - [2023-10-14T04:43:39.271+0000] {dagbag.py:538} INFO - Filling up the DagBag from /home/airflow/.local/lib/python3.7/site-packages/airflow/example_dags/example_skip_dag.py
[2023-10-14T04:43:39.283+0000] {processor.py:753} INFO - DAG(s) dict_keys(['example_skip_dag']) retrieved from /home/airflow/.local/lib/python3.7/site-packages/airflow/example_dags/example_skip_dag.py
[2023-10-14T04:43:39.317+0000] {logging_mixin.py:137} INFO - [2023-10-14T04:43:39.317+0000] {dag.py:2690} INFO - Sync 1 DAGs
[2023-10-14T04:43:39.337+0000] {logging_mixin.py:137} INFO - [2023-10-14T04:43:39.337+0000] {dag.py:3441} INFO - Setting next_dagrun for example_skip_dag to 2023-10-13T04:43:39.337352+00:00, run_after=2023-10-14T04:43:39.337352+00:00
[2023-10-14T04:43:39.354+0000] {processor.py:175} INFO - Processing /home/airflow/.local/lib/python3.7/site-packages/airflow/example_dags/example_skip_dag.py took 0.090 seconds
[2023-10-14T06:07:42.320+0000] {processor.py:153} INFO - Started process (PID=4039) to work on /home/airflow/.local/lib/python3.7/site-packages/airflow/example_dags/example_skip_dag.py
[2023-10-14T06:07:42.323+0000] {processor.py:743} INFO - Processing file /home/airflow/.local/lib/python3.7/site-packages/airflow/example_dags/example_skip_dag.py for tasks to queue
[2023-10-14T06:07:42.325+0000] {logging_mixin.py:137} INFO - [2023-10-14T06:07:42.325+0000] {dagbag.py:538} INFO - Filling up the DagBag from /home/airflow/.local/lib/python3.7/site-packages/airflow/example_dags/example_skip_dag.py
[2023-10-14T06:07:42.340+0000] {processor.py:753} INFO - DAG(s) dict_keys(['example_skip_dag']) retrieved from /home/airflow/.local/lib/python3.7/site-packages/airflow/example_dags/example_skip_dag.py
[2023-10-14T06:07:42.364+0000] {logging_mixin.py:137} INFO - [2023-10-14T06:07:42.364+0000] {dag.py:2690} INFO - Sync 1 DAGs
[2023-10-14T06:07:42.388+0000] {logging_mixin.py:137} INFO - [2023-10-14T06:07:42.387+0000] {dag.py:3441} INFO - Setting next_dagrun for example_skip_dag to 2023-10-13T06:07:42.387706+00:00, run_after=2023-10-14T06:07:42.387706+00:00
[2023-10-14T06:07:42.430+0000] {processor.py:175} INFO - Processing /home/airflow/.local/lib/python3.7/site-packages/airflow/example_dags/example_skip_dag.py took 0.113 seconds
[2023-10-14T07:32:17.177+0000] {processor.py:153} INFO - Started process (PID=4113) to work on /home/airflow/.local/lib/python3.7/site-packages/airflow/example_dags/example_skip_dag.py
[2023-10-14T07:32:17.179+0000] {processor.py:743} INFO - Processing file /home/airflow/.local/lib/python3.7/site-packages/airflow/example_dags/example_skip_dag.py for tasks to queue
[2023-10-14T07:32:17.182+0000] {logging_mixin.py:137} INFO - [2023-10-14T07:32:17.181+0000] {dagbag.py:538} INFO - Filling up the DagBag from /home/airflow/.local/lib/python3.7/site-packages/airflow/example_dags/example_skip_dag.py
[2023-10-14T07:32:17.200+0000] {processor.py:753} INFO - DAG(s) dict_keys(['example_skip_dag']) retrieved from /home/airflow/.local/lib/python3.7/site-packages/airflow/example_dags/example_skip_dag.py
[2023-10-14T07:32:17.245+0000] {logging_mixin.py:137} INFO - [2023-10-14T07:32:17.245+0000] {dag.py:2690} INFO - Sync 1 DAGs
[2023-10-14T07:32:17.279+0000] {logging_mixin.py:137} INFO - [2023-10-14T07:32:17.279+0000] {dag.py:3441} INFO - Setting next_dagrun for example_skip_dag to 2023-10-13T07:32:17.279586+00:00, run_after=2023-10-14T07:32:17.279586+00:00
[2023-10-14T07:32:17.310+0000] {processor.py:175} INFO - Processing /home/airflow/.local/lib/python3.7/site-packages/airflow/example_dags/example_skip_dag.py took 0.137 seconds
[2023-10-14T08:56:37.668+0000] {processor.py:153} INFO - Started process (PID=4205) to work on /home/airflow/.local/lib/python3.7/site-packages/airflow/example_dags/example_skip_dag.py
[2023-10-14T08:56:37.670+0000] {processor.py:743} INFO - Processing file /home/airflow/.local/lib/python3.7/site-packages/airflow/example_dags/example_skip_dag.py for tasks to queue
[2023-10-14T08:56:37.671+0000] {logging_mixin.py:137} INFO - [2023-10-14T08:56:37.671+0000] {dagbag.py:538} INFO - Filling up the DagBag from /home/airflow/.local/lib/python3.7/site-packages/airflow/example_dags/example_skip_dag.py
[2023-10-14T08:56:37.684+0000] {processor.py:753} INFO - DAG(s) dict_keys(['example_skip_dag']) retrieved from /home/airflow/.local/lib/python3.7/site-packages/airflow/example_dags/example_skip_dag.py
[2023-10-14T08:56:37.709+0000] {logging_mixin.py:137} INFO - [2023-10-14T08:56:37.709+0000] {dag.py:2690} INFO - Sync 1 DAGs
[2023-10-14T08:56:37.733+0000] {logging_mixin.py:137} INFO - [2023-10-14T08:56:37.733+0000] {dag.py:3441} INFO - Setting next_dagrun for example_skip_dag to 2023-10-13T08:56:37.733476+00:00, run_after=2023-10-14T08:56:37.733476+00:00
[2023-10-14T08:56:37.750+0000] {processor.py:175} INFO - Processing /home/airflow/.local/lib/python3.7/site-packages/airflow/example_dags/example_skip_dag.py took 0.086 seconds
[2023-10-14T10:21:10.906+0000] {processor.py:153} INFO - Started process (PID=4280) to work on /home/airflow/.local/lib/python3.7/site-packages/airflow/example_dags/example_skip_dag.py
[2023-10-14T10:21:10.907+0000] {processor.py:743} INFO - Processing file /home/airflow/.local/lib/python3.7/site-packages/airflow/example_dags/example_skip_dag.py for tasks to queue
[2023-10-14T10:21:10.908+0000] {logging_mixin.py:137} INFO - [2023-10-14T10:21:10.908+0000] {dagbag.py:538} INFO - Filling up the DagBag from /home/airflow/.local/lib/python3.7/site-packages/airflow/example_dags/example_skip_dag.py
[2023-10-14T10:21:10.923+0000] {processor.py:753} INFO - DAG(s) dict_keys(['example_skip_dag']) retrieved from /home/airflow/.local/lib/python3.7/site-packages/airflow/example_dags/example_skip_dag.py
[2023-10-14T10:21:10.947+0000] {logging_mixin.py:137} INFO - [2023-10-14T10:21:10.947+0000] {dag.py:2690} INFO - Sync 1 DAGs
[2023-10-14T10:21:10.970+0000] {logging_mixin.py:137} INFO - [2023-10-14T10:21:10.970+0000] {dag.py:3441} INFO - Setting next_dagrun for example_skip_dag to 2023-10-13T10:21:10.970463+00:00, run_after=2023-10-14T10:21:10.970463+00:00
[2023-10-14T10:21:10.989+0000] {processor.py:175} INFO - Processing /home/airflow/.local/lib/python3.7/site-packages/airflow/example_dags/example_skip_dag.py took 0.086 seconds
[2023-10-14T12:01:30.701+0000] {processor.py:153} INFO - Started process (PID=4372) to work on /home/airflow/.local/lib/python3.7/site-packages/airflow/example_dags/example_skip_dag.py
[2023-10-14T12:01:30.706+0000] {processor.py:743} INFO - Processing file /home/airflow/.local/lib/python3.7/site-packages/airflow/example_dags/example_skip_dag.py for tasks to queue
[2023-10-14T12:01:30.711+0000] {logging_mixin.py:137} INFO - [2023-10-14T12:01:30.711+0000] {dagbag.py:538} INFO - Filling up the DagBag from /home/airflow/.local/lib/python3.7/site-packages/airflow/example_dags/example_skip_dag.py
[2023-10-14T12:01:30.729+0000] {processor.py:753} INFO - DAG(s) dict_keys(['example_skip_dag']) retrieved from /home/airflow/.local/lib/python3.7/site-packages/airflow/example_dags/example_skip_dag.py
[2023-10-14T12:01:30.770+0000] {logging_mixin.py:137} INFO - [2023-10-14T12:01:30.770+0000] {dag.py:2690} INFO - Sync 1 DAGs
[2023-10-14T12:01:30.808+0000] {logging_mixin.py:137} INFO - [2023-10-14T12:01:30.808+0000] {dag.py:3441} INFO - Setting next_dagrun for example_skip_dag to 2023-10-13T12:01:30.807697+00:00, run_after=2023-10-14T12:01:30.807697+00:00
[2023-10-14T12:01:30.857+0000] {processor.py:175} INFO - Processing /home/airflow/.local/lib/python3.7/site-packages/airflow/example_dags/example_skip_dag.py took 0.161 seconds
[2023-10-14T13:27:36.532+0000] {processor.py:153} INFO - Started process (PID=4447) to work on /home/airflow/.local/lib/python3.7/site-packages/airflow/example_dags/example_skip_dag.py
[2023-10-14T13:27:36.537+0000] {processor.py:743} INFO - Processing file /home/airflow/.local/lib/python3.7/site-packages/airflow/example_dags/example_skip_dag.py for tasks to queue
[2023-10-14T13:27:36.540+0000] {logging_mixin.py:137} INFO - [2023-10-14T13:27:36.540+0000] {dagbag.py:538} INFO - Filling up the DagBag from /home/airflow/.local/lib/python3.7/site-packages/airflow/example_dags/example_skip_dag.py
[2023-10-14T13:27:36.649+0000] {processor.py:753} INFO - DAG(s) dict_keys(['example_skip_dag']) retrieved from /home/airflow/.local/lib/python3.7/site-packages/airflow/example_dags/example_skip_dag.py
[2023-10-14T13:27:36.684+0000] {logging_mixin.py:137} INFO - [2023-10-14T13:27:36.684+0000] {dag.py:2690} INFO - Sync 1 DAGs
[2023-10-14T13:27:36.705+0000] {logging_mixin.py:137} INFO - [2023-10-14T13:27:36.705+0000] {dag.py:3441} INFO - Setting next_dagrun for example_skip_dag to 2023-10-13T13:27:36.705769+00:00, run_after=2023-10-14T13:27:36.705769+00:00
[2023-10-14T13:27:36.723+0000] {processor.py:175} INFO - Processing /home/airflow/.local/lib/python3.7/site-packages/airflow/example_dags/example_skip_dag.py took 0.209 seconds
[2023-10-14T14:19:09.669+0000] {processor.py:153} INFO - Started process (PID=4522) to work on /home/airflow/.local/lib/python3.7/site-packages/airflow/example_dags/example_skip_dag.py
[2023-10-14T14:19:09.670+0000] {processor.py:743} INFO - Processing file /home/airflow/.local/lib/python3.7/site-packages/airflow/example_dags/example_skip_dag.py for tasks to queue
[2023-10-14T14:19:09.672+0000] {logging_mixin.py:137} INFO - [2023-10-14T14:19:09.672+0000] {dagbag.py:538} INFO - Filling up the DagBag from /home/airflow/.local/lib/python3.7/site-packages/airflow/example_dags/example_skip_dag.py
[2023-10-14T14:19:09.684+0000] {processor.py:753} INFO - DAG(s) dict_keys(['example_skip_dag']) retrieved from /home/airflow/.local/lib/python3.7/site-packages/airflow/example_dags/example_skip_dag.py
[2023-10-14T14:19:09.710+0000] {logging_mixin.py:137} INFO - [2023-10-14T14:19:09.710+0000] {dag.py:2690} INFO - Sync 1 DAGs
[2023-10-14T14:19:09.733+0000] {logging_mixin.py:137} INFO - [2023-10-14T14:19:09.733+0000] {dag.py:3441} INFO - Setting next_dagrun for example_skip_dag to 2023-10-13T14:19:09.732829+00:00, run_after=2023-10-14T14:19:09.732829+00:00
[2023-10-14T14:19:09.750+0000] {processor.py:175} INFO - Processing /home/airflow/.local/lib/python3.7/site-packages/airflow/example_dags/example_skip_dag.py took 0.085 seconds
[2023-10-14T15:42:13.641+0000] {processor.py:153} INFO - Started process (PID=4614) to work on /home/airflow/.local/lib/python3.7/site-packages/airflow/example_dags/example_skip_dag.py
[2023-10-14T15:42:13.642+0000] {processor.py:743} INFO - Processing file /home/airflow/.local/lib/python3.7/site-packages/airflow/example_dags/example_skip_dag.py for tasks to queue
[2023-10-14T15:42:13.644+0000] {logging_mixin.py:137} INFO - [2023-10-14T15:42:13.644+0000] {dagbag.py:538} INFO - Filling up the DagBag from /home/airflow/.local/lib/python3.7/site-packages/airflow/example_dags/example_skip_dag.py
[2023-10-14T15:42:13.657+0000] {processor.py:753} INFO - DAG(s) dict_keys(['example_skip_dag']) retrieved from /home/airflow/.local/lib/python3.7/site-packages/airflow/example_dags/example_skip_dag.py
[2023-10-14T15:42:13.682+0000] {logging_mixin.py:137} INFO - [2023-10-14T15:42:13.682+0000] {dag.py:2690} INFO - Sync 1 DAGs
[2023-10-14T15:42:13.705+0000] {logging_mixin.py:137} INFO - [2023-10-14T15:42:13.705+0000] {dag.py:3441} INFO - Setting next_dagrun for example_skip_dag to 2023-10-13T15:42:13.705304+00:00, run_after=2023-10-14T15:42:13.705304+00:00
[2023-10-14T15:42:13.723+0000] {processor.py:175} INFO - Processing /home/airflow/.local/lib/python3.7/site-packages/airflow/example_dags/example_skip_dag.py took 0.085 seconds
[2023-10-14T16:57:35.124+0000] {processor.py:153} INFO - Started process (PID=4689) to work on /home/airflow/.local/lib/python3.7/site-packages/airflow/example_dags/example_skip_dag.py
[2023-10-14T16:57:35.125+0000] {processor.py:743} INFO - Processing file /home/airflow/.local/lib/python3.7/site-packages/airflow/example_dags/example_skip_dag.py for tasks to queue
[2023-10-14T16:57:35.126+0000] {logging_mixin.py:137} INFO - [2023-10-14T16:57:35.126+0000] {dagbag.py:538} INFO - Filling up the DagBag from /home/airflow/.local/lib/python3.7/site-packages/airflow/example_dags/example_skip_dag.py
[2023-10-14T16:57:35.140+0000] {processor.py:753} INFO - DAG(s) dict_keys(['example_skip_dag']) retrieved from /home/airflow/.local/lib/python3.7/site-packages/airflow/example_dags/example_skip_dag.py
[2023-10-14T16:57:35.170+0000] {logging_mixin.py:137} INFO - [2023-10-14T16:57:35.170+0000] {dag.py:2690} INFO - Sync 1 DAGs
[2023-10-14T16:57:35.193+0000] {logging_mixin.py:137} INFO - [2023-10-14T16:57:35.193+0000] {dag.py:3441} INFO - Setting next_dagrun for example_skip_dag to 2023-10-13T16:57:35.193217+00:00, run_after=2023-10-14T16:57:35.193217+00:00
[2023-10-14T16:57:35.211+0000] {processor.py:175} INFO - Processing /home/airflow/.local/lib/python3.7/site-packages/airflow/example_dags/example_skip_dag.py took 0.091 seconds
[2023-10-14T16:58:06.224+0000] {processor.py:153} INFO - Started process (PID=4781) to work on /home/airflow/.local/lib/python3.7/site-packages/airflow/example_dags/example_skip_dag.py
[2023-10-14T16:58:06.228+0000] {processor.py:743} INFO - Processing file /home/airflow/.local/lib/python3.7/site-packages/airflow/example_dags/example_skip_dag.py for tasks to queue
[2023-10-14T16:58:06.229+0000] {logging_mixin.py:137} INFO - [2023-10-14T16:58:06.229+0000] {dagbag.py:538} INFO - Filling up the DagBag from /home/airflow/.local/lib/python3.7/site-packages/airflow/example_dags/example_skip_dag.py
[2023-10-14T16:58:06.247+0000] {processor.py:753} INFO - DAG(s) dict_keys(['example_skip_dag']) retrieved from /home/airflow/.local/lib/python3.7/site-packages/airflow/example_dags/example_skip_dag.py
[2023-10-14T16:58:06.289+0000] {logging_mixin.py:137} INFO - [2023-10-14T16:58:06.289+0000] {dag.py:2690} INFO - Sync 1 DAGs
[2023-10-14T16:58:06.322+0000] {logging_mixin.py:137} INFO - [2023-10-14T16:58:06.322+0000] {dag.py:3441} INFO - Setting next_dagrun for example_skip_dag to 2023-10-13T16:58:06.322049+00:00, run_after=2023-10-14T16:58:06.322049+00:00
[2023-10-14T16:58:06.344+0000] {processor.py:175} INFO - Processing /home/airflow/.local/lib/python3.7/site-packages/airflow/example_dags/example_skip_dag.py took 0.124 seconds
[2023-10-14T16:58:39.025+0000] {processor.py:153} INFO - Started process (PID=4856) to work on /home/airflow/.local/lib/python3.7/site-packages/airflow/example_dags/example_skip_dag.py
[2023-10-14T16:58:39.029+0000] {processor.py:743} INFO - Processing file /home/airflow/.local/lib/python3.7/site-packages/airflow/example_dags/example_skip_dag.py for tasks to queue
[2023-10-14T16:58:39.032+0000] {logging_mixin.py:137} INFO - [2023-10-14T16:58:39.031+0000] {dagbag.py:538} INFO - Filling up the DagBag from /home/airflow/.local/lib/python3.7/site-packages/airflow/example_dags/example_skip_dag.py
[2023-10-14T16:58:39.050+0000] {processor.py:753} INFO - DAG(s) dict_keys(['example_skip_dag']) retrieved from /home/airflow/.local/lib/python3.7/site-packages/airflow/example_dags/example_skip_dag.py
[2023-10-14T16:58:39.090+0000] {logging_mixin.py:137} INFO - [2023-10-14T16:58:39.090+0000] {dag.py:2690} INFO - Sync 1 DAGs
[2023-10-14T16:58:39.261+0000] {logging_mixin.py:137} INFO - [2023-10-14T16:58:39.261+0000] {dag.py:3441} INFO - Setting next_dagrun for example_skip_dag to 2023-10-13T16:58:39.261286+00:00, run_after=2023-10-14T16:58:39.261286+00:00
[2023-10-14T16:58:39.310+0000] {processor.py:175} INFO - Processing /home/airflow/.local/lib/python3.7/site-packages/airflow/example_dags/example_skip_dag.py took 0.290 seconds
[2023-10-14T16:59:09.610+0000] {processor.py:153} INFO - Started process (PID=4949) to work on /home/airflow/.local/lib/python3.7/site-packages/airflow/example_dags/example_skip_dag.py
[2023-10-14T16:59:09.618+0000] {processor.py:743} INFO - Processing file /home/airflow/.local/lib/python3.7/site-packages/airflow/example_dags/example_skip_dag.py for tasks to queue
[2023-10-14T16:59:09.624+0000] {logging_mixin.py:137} INFO - [2023-10-14T16:59:09.624+0000] {dagbag.py:538} INFO - Filling up the DagBag from /home/airflow/.local/lib/python3.7/site-packages/airflow/example_dags/example_skip_dag.py
[2023-10-14T16:59:09.643+0000] {processor.py:753} INFO - DAG(s) dict_keys(['example_skip_dag']) retrieved from /home/airflow/.local/lib/python3.7/site-packages/airflow/example_dags/example_skip_dag.py
[2023-10-14T16:59:09.715+0000] {logging_mixin.py:137} INFO - [2023-10-14T16:59:09.714+0000] {dag.py:2690} INFO - Sync 1 DAGs
[2023-10-14T16:59:09.770+0000] {logging_mixin.py:137} INFO - [2023-10-14T16:59:09.770+0000] {dag.py:3441} INFO - Setting next_dagrun for example_skip_dag to 2023-10-13T16:59:09.769963+00:00, run_after=2023-10-14T16:59:09.769963+00:00
[2023-10-14T16:59:09.803+0000] {processor.py:175} INFO - Processing /home/airflow/.local/lib/python3.7/site-packages/airflow/example_dags/example_skip_dag.py took 0.197 seconds
[2023-10-14T16:59:40.446+0000] {processor.py:153} INFO - Started process (PID=5024) to work on /home/airflow/.local/lib/python3.7/site-packages/airflow/example_dags/example_skip_dag.py
[2023-10-14T16:59:40.447+0000] {processor.py:743} INFO - Processing file /home/airflow/.local/lib/python3.7/site-packages/airflow/example_dags/example_skip_dag.py for tasks to queue
[2023-10-14T16:59:40.448+0000] {logging_mixin.py:137} INFO - [2023-10-14T16:59:40.448+0000] {dagbag.py:538} INFO - Filling up the DagBag from /home/airflow/.local/lib/python3.7/site-packages/airflow/example_dags/example_skip_dag.py
[2023-10-14T16:59:40.459+0000] {processor.py:753} INFO - DAG(s) dict_keys(['example_skip_dag']) retrieved from /home/airflow/.local/lib/python3.7/site-packages/airflow/example_dags/example_skip_dag.py
[2023-10-14T16:59:40.482+0000] {logging_mixin.py:137} INFO - [2023-10-14T16:59:40.482+0000] {dag.py:2690} INFO - Sync 1 DAGs
[2023-10-14T16:59:40.500+0000] {logging_mixin.py:137} INFO - [2023-10-14T16:59:40.500+0000] {dag.py:3441} INFO - Setting next_dagrun for example_skip_dag to 2023-10-13T16:59:40.499834+00:00, run_after=2023-10-14T16:59:40.499834+00:00
[2023-10-14T16:59:40.519+0000] {processor.py:175} INFO - Processing /home/airflow/.local/lib/python3.7/site-packages/airflow/example_dags/example_skip_dag.py took 0.076 seconds
[2023-10-14T17:00:10.920+0000] {processor.py:153} INFO - Started process (PID=5117) to work on /home/airflow/.local/lib/python3.7/site-packages/airflow/example_dags/example_skip_dag.py
[2023-10-14T17:00:10.923+0000] {processor.py:743} INFO - Processing file /home/airflow/.local/lib/python3.7/site-packages/airflow/example_dags/example_skip_dag.py for tasks to queue
[2023-10-14T17:00:10.926+0000] {logging_mixin.py:137} INFO - [2023-10-14T17:00:10.926+0000] {dagbag.py:538} INFO - Filling up the DagBag from /home/airflow/.local/lib/python3.7/site-packages/airflow/example_dags/example_skip_dag.py
[2023-10-14T17:00:10.951+0000] {processor.py:753} INFO - DAG(s) dict_keys(['example_skip_dag']) retrieved from /home/airflow/.local/lib/python3.7/site-packages/airflow/example_dags/example_skip_dag.py
[2023-10-14T17:00:10.985+0000] {logging_mixin.py:137} INFO - [2023-10-14T17:00:10.984+0000] {dag.py:2690} INFO - Sync 1 DAGs
[2023-10-14T17:00:11.007+0000] {logging_mixin.py:137} INFO - [2023-10-14T17:00:11.006+0000] {dag.py:3441} INFO - Setting next_dagrun for example_skip_dag to 2023-10-13T17:00:11.006820+00:00, run_after=2023-10-14T17:00:11.006820+00:00
[2023-10-14T17:00:11.029+0000] {processor.py:175} INFO - Processing /home/airflow/.local/lib/python3.7/site-packages/airflow/example_dags/example_skip_dag.py took 0.113 seconds
[2023-10-14T17:00:41.134+0000] {processor.py:153} INFO - Started process (PID=5192) to work on /home/airflow/.local/lib/python3.7/site-packages/airflow/example_dags/example_skip_dag.py
[2023-10-14T17:00:41.136+0000] {processor.py:743} INFO - Processing file /home/airflow/.local/lib/python3.7/site-packages/airflow/example_dags/example_skip_dag.py for tasks to queue
[2023-10-14T17:00:41.136+0000] {logging_mixin.py:137} INFO - [2023-10-14T17:00:41.136+0000] {dagbag.py:538} INFO - Filling up the DagBag from /home/airflow/.local/lib/python3.7/site-packages/airflow/example_dags/example_skip_dag.py
[2023-10-14T17:00:41.150+0000] {processor.py:753} INFO - DAG(s) dict_keys(['example_skip_dag']) retrieved from /home/airflow/.local/lib/python3.7/site-packages/airflow/example_dags/example_skip_dag.py
[2023-10-14T17:00:41.173+0000] {logging_mixin.py:137} INFO - [2023-10-14T17:00:41.172+0000] {dag.py:2690} INFO - Sync 1 DAGs
[2023-10-14T17:00:41.192+0000] {logging_mixin.py:137} INFO - [2023-10-14T17:00:41.192+0000] {dag.py:3441} INFO - Setting next_dagrun for example_skip_dag to 2023-10-13T17:00:41.192386+00:00, run_after=2023-10-14T17:00:41.192386+00:00
[2023-10-14T17:00:41.210+0000] {processor.py:175} INFO - Processing /home/airflow/.local/lib/python3.7/site-packages/airflow/example_dags/example_skip_dag.py took 0.079 seconds
[2023-10-14T17:01:11.502+0000] {processor.py:153} INFO - Started process (PID=5285) to work on /home/airflow/.local/lib/python3.7/site-packages/airflow/example_dags/example_skip_dag.py
[2023-10-14T17:01:11.503+0000] {processor.py:743} INFO - Processing file /home/airflow/.local/lib/python3.7/site-packages/airflow/example_dags/example_skip_dag.py for tasks to queue
[2023-10-14T17:01:11.504+0000] {logging_mixin.py:137} INFO - [2023-10-14T17:01:11.504+0000] {dagbag.py:538} INFO - Filling up the DagBag from /home/airflow/.local/lib/python3.7/site-packages/airflow/example_dags/example_skip_dag.py
[2023-10-14T17:01:11.516+0000] {processor.py:753} INFO - DAG(s) dict_keys(['example_skip_dag']) retrieved from /home/airflow/.local/lib/python3.7/site-packages/airflow/example_dags/example_skip_dag.py
[2023-10-14T17:01:11.542+0000] {logging_mixin.py:137} INFO - [2023-10-14T17:01:11.542+0000] {dag.py:2690} INFO - Sync 1 DAGs
[2023-10-14T17:01:11.565+0000] {logging_mixin.py:137} INFO - [2023-10-14T17:01:11.565+0000] {dag.py:3441} INFO - Setting next_dagrun for example_skip_dag to 2023-10-13T17:01:11.565599+00:00, run_after=2023-10-14T17:01:11.565599+00:00
[2023-10-14T17:01:11.585+0000] {processor.py:175} INFO - Processing /home/airflow/.local/lib/python3.7/site-packages/airflow/example_dags/example_skip_dag.py took 0.088 seconds
[2023-10-14T17:01:41.873+0000] {processor.py:153} INFO - Started process (PID=5360) to work on /home/airflow/.local/lib/python3.7/site-packages/airflow/example_dags/example_skip_dag.py
[2023-10-14T17:01:41.874+0000] {processor.py:743} INFO - Processing file /home/airflow/.local/lib/python3.7/site-packages/airflow/example_dags/example_skip_dag.py for tasks to queue
[2023-10-14T17:01:41.875+0000] {logging_mixin.py:137} INFO - [2023-10-14T17:01:41.875+0000] {dagbag.py:538} INFO - Filling up the DagBag from /home/airflow/.local/lib/python3.7/site-packages/airflow/example_dags/example_skip_dag.py
[2023-10-14T17:01:41.892+0000] {processor.py:753} INFO - DAG(s) dict_keys(['example_skip_dag']) retrieved from /home/airflow/.local/lib/python3.7/site-packages/airflow/example_dags/example_skip_dag.py
[2023-10-14T17:01:41.921+0000] {logging_mixin.py:137} INFO - [2023-10-14T17:01:41.921+0000] {dag.py:2690} INFO - Sync 1 DAGs
[2023-10-14T17:01:41.950+0000] {logging_mixin.py:137} INFO - [2023-10-14T17:01:41.950+0000] {dag.py:3441} INFO - Setting next_dagrun for example_skip_dag to 2023-10-13T17:01:41.949887+00:00, run_after=2023-10-14T17:01:41.949887+00:00
[2023-10-14T17:01:41.970+0000] {processor.py:175} INFO - Processing /home/airflow/.local/lib/python3.7/site-packages/airflow/example_dags/example_skip_dag.py took 0.101 seconds
[2023-10-14T17:02:12.101+0000] {processor.py:153} INFO - Started process (PID=5453) to work on /home/airflow/.local/lib/python3.7/site-packages/airflow/example_dags/example_skip_dag.py
[2023-10-14T17:02:12.102+0000] {processor.py:743} INFO - Processing file /home/airflow/.local/lib/python3.7/site-packages/airflow/example_dags/example_skip_dag.py for tasks to queue
[2023-10-14T17:02:12.103+0000] {logging_mixin.py:137} INFO - [2023-10-14T17:02:12.103+0000] {dagbag.py:538} INFO - Filling up the DagBag from /home/airflow/.local/lib/python3.7/site-packages/airflow/example_dags/example_skip_dag.py
[2023-10-14T17:02:12.120+0000] {processor.py:753} INFO - DAG(s) dict_keys(['example_skip_dag']) retrieved from /home/airflow/.local/lib/python3.7/site-packages/airflow/example_dags/example_skip_dag.py
[2023-10-14T17:02:12.149+0000] {logging_mixin.py:137} INFO - [2023-10-14T17:02:12.149+0000] {dag.py:2690} INFO - Sync 1 DAGs
[2023-10-14T17:02:12.175+0000] {logging_mixin.py:137} INFO - [2023-10-14T17:02:12.175+0000] {dag.py:3441} INFO - Setting next_dagrun for example_skip_dag to 2023-10-13T17:02:12.175369+00:00, run_after=2023-10-14T17:02:12.175369+00:00
[2023-10-14T17:02:12.193+0000] {processor.py:175} INFO - Processing /home/airflow/.local/lib/python3.7/site-packages/airflow/example_dags/example_skip_dag.py took 0.096 seconds
[2023-10-14T17:02:42.537+0000] {processor.py:153} INFO - Started process (PID=5546) to work on /home/airflow/.local/lib/python3.7/site-packages/airflow/example_dags/example_skip_dag.py
[2023-10-14T17:02:42.539+0000] {processor.py:743} INFO - Processing file /home/airflow/.local/lib/python3.7/site-packages/airflow/example_dags/example_skip_dag.py for tasks to queue
[2023-10-14T17:02:42.542+0000] {logging_mixin.py:137} INFO - [2023-10-14T17:02:42.542+0000] {dagbag.py:538} INFO - Filling up the DagBag from /home/airflow/.local/lib/python3.7/site-packages/airflow/example_dags/example_skip_dag.py
[2023-10-14T17:02:42.563+0000] {processor.py:753} INFO - DAG(s) dict_keys(['example_skip_dag']) retrieved from /home/airflow/.local/lib/python3.7/site-packages/airflow/example_dags/example_skip_dag.py
[2023-10-14T17:02:42.592+0000] {logging_mixin.py:137} INFO - [2023-10-14T17:02:42.592+0000] {dag.py:2690} INFO - Sync 1 DAGs
[2023-10-14T17:02:42.621+0000] {logging_mixin.py:137} INFO - [2023-10-14T17:02:42.621+0000] {dag.py:3441} INFO - Setting next_dagrun for example_skip_dag to 2023-10-13T17:02:42.620909+00:00, run_after=2023-10-14T17:02:42.620909+00:00
[2023-10-14T17:02:42.645+0000] {processor.py:175} INFO - Processing /home/airflow/.local/lib/python3.7/site-packages/airflow/example_dags/example_skip_dag.py took 0.111 seconds
[2023-10-14T17:03:13.543+0000] {processor.py:153} INFO - Started process (PID=5621) to work on /home/airflow/.local/lib/python3.7/site-packages/airflow/example_dags/example_skip_dag.py
[2023-10-14T17:03:13.546+0000] {processor.py:743} INFO - Processing file /home/airflow/.local/lib/python3.7/site-packages/airflow/example_dags/example_skip_dag.py for tasks to queue
[2023-10-14T17:03:13.548+0000] {logging_mixin.py:137} INFO - [2023-10-14T17:03:13.548+0000] {dagbag.py:538} INFO - Filling up the DagBag from /home/airflow/.local/lib/python3.7/site-packages/airflow/example_dags/example_skip_dag.py
[2023-10-14T17:03:13.578+0000] {processor.py:753} INFO - DAG(s) dict_keys(['example_skip_dag']) retrieved from /home/airflow/.local/lib/python3.7/site-packages/airflow/example_dags/example_skip_dag.py
[2023-10-14T17:03:13.648+0000] {logging_mixin.py:137} INFO - [2023-10-14T17:03:13.648+0000] {dag.py:2690} INFO - Sync 1 DAGs
[2023-10-14T17:03:13.679+0000] {logging_mixin.py:137} INFO - [2023-10-14T17:03:13.679+0000] {dag.py:3441} INFO - Setting next_dagrun for example_skip_dag to 2023-10-13T17:03:13.678882+00:00, run_after=2023-10-14T17:03:13.678882+00:00
[2023-10-14T17:03:13.704+0000] {processor.py:175} INFO - Processing /home/airflow/.local/lib/python3.7/site-packages/airflow/example_dags/example_skip_dag.py took 0.165 seconds
[2023-10-14T17:03:47.473+0000] {processor.py:153} INFO - Started process (PID=5713) to work on /home/airflow/.local/lib/python3.7/site-packages/airflow/example_dags/example_skip_dag.py
[2023-10-14T17:03:47.477+0000] {processor.py:743} INFO - Processing file /home/airflow/.local/lib/python3.7/site-packages/airflow/example_dags/example_skip_dag.py for tasks to queue
[2023-10-14T17:03:47.479+0000] {logging_mixin.py:137} INFO - [2023-10-14T17:03:47.479+0000] {dagbag.py:538} INFO - Filling up the DagBag from /home/airflow/.local/lib/python3.7/site-packages/airflow/example_dags/example_skip_dag.py
[2023-10-14T17:03:47.505+0000] {processor.py:753} INFO - DAG(s) dict_keys(['example_skip_dag']) retrieved from /home/airflow/.local/lib/python3.7/site-packages/airflow/example_dags/example_skip_dag.py
[2023-10-14T17:03:47.569+0000] {logging_mixin.py:137} INFO - [2023-10-14T17:03:47.569+0000] {dag.py:2690} INFO - Sync 1 DAGs
[2023-10-14T17:03:47.619+0000] {logging_mixin.py:137} INFO - [2023-10-14T17:03:47.619+0000] {dag.py:3441} INFO - Setting next_dagrun for example_skip_dag to 2023-10-13T17:03:47.617795+00:00, run_after=2023-10-14T17:03:47.617795+00:00
[2023-10-14T17:03:47.648+0000] {processor.py:175} INFO - Processing /home/airflow/.local/lib/python3.7/site-packages/airflow/example_dags/example_skip_dag.py took 0.180 seconds
[2023-10-14T17:04:18.175+0000] {processor.py:153} INFO - Started process (PID=5787) to work on /home/airflow/.local/lib/python3.7/site-packages/airflow/example_dags/example_skip_dag.py
[2023-10-14T17:04:18.177+0000] {processor.py:743} INFO - Processing file /home/airflow/.local/lib/python3.7/site-packages/airflow/example_dags/example_skip_dag.py for tasks to queue
[2023-10-14T17:04:18.180+0000] {logging_mixin.py:137} INFO - [2023-10-14T17:04:18.180+0000] {dagbag.py:538} INFO - Filling up the DagBag from /home/airflow/.local/lib/python3.7/site-packages/airflow/example_dags/example_skip_dag.py
[2023-10-14T17:04:18.198+0000] {processor.py:753} INFO - DAG(s) dict_keys(['example_skip_dag']) retrieved from /home/airflow/.local/lib/python3.7/site-packages/airflow/example_dags/example_skip_dag.py
[2023-10-14T17:04:18.242+0000] {logging_mixin.py:137} INFO - [2023-10-14T17:04:18.241+0000] {dag.py:2690} INFO - Sync 1 DAGs
[2023-10-14T17:04:18.278+0000] {logging_mixin.py:137} INFO - [2023-10-14T17:04:18.278+0000] {dag.py:3441} INFO - Setting next_dagrun for example_skip_dag to 2023-10-13T17:04:18.277654+00:00, run_after=2023-10-14T17:04:18.277654+00:00
[2023-10-14T17:04:18.326+0000] {processor.py:175} INFO - Processing /home/airflow/.local/lib/python3.7/site-packages/airflow/example_dags/example_skip_dag.py took 0.156 seconds
[2023-10-14T17:04:48.607+0000] {processor.py:153} INFO - Started process (PID=5862) to work on /home/airflow/.local/lib/python3.7/site-packages/airflow/example_dags/example_skip_dag.py
[2023-10-14T17:04:48.608+0000] {processor.py:743} INFO - Processing file /home/airflow/.local/lib/python3.7/site-packages/airflow/example_dags/example_skip_dag.py for tasks to queue
[2023-10-14T17:04:48.609+0000] {logging_mixin.py:137} INFO - [2023-10-14T17:04:48.609+0000] {dagbag.py:538} INFO - Filling up the DagBag from /home/airflow/.local/lib/python3.7/site-packages/airflow/example_dags/example_skip_dag.py
[2023-10-14T17:04:48.624+0000] {processor.py:753} INFO - DAG(s) dict_keys(['example_skip_dag']) retrieved from /home/airflow/.local/lib/python3.7/site-packages/airflow/example_dags/example_skip_dag.py
[2023-10-14T17:04:48.649+0000] {logging_mixin.py:137} INFO - [2023-10-14T17:04:48.649+0000] {dag.py:2690} INFO - Sync 1 DAGs
[2023-10-14T17:04:48.676+0000] {logging_mixin.py:137} INFO - [2023-10-14T17:04:48.676+0000] {dag.py:3441} INFO - Setting next_dagrun for example_skip_dag to 2023-10-13T17:04:48.675959+00:00, run_after=2023-10-14T17:04:48.675959+00:00
[2023-10-14T17:04:48.704+0000] {processor.py:175} INFO - Processing /home/airflow/.local/lib/python3.7/site-packages/airflow/example_dags/example_skip_dag.py took 0.102 seconds
[2023-10-14T17:05:19.389+0000] {processor.py:153} INFO - Started process (PID=5955) to work on /home/airflow/.local/lib/python3.7/site-packages/airflow/example_dags/example_skip_dag.py
[2023-10-14T17:05:19.391+0000] {processor.py:743} INFO - Processing file /home/airflow/.local/lib/python3.7/site-packages/airflow/example_dags/example_skip_dag.py for tasks to queue
[2023-10-14T17:05:19.392+0000] {logging_mixin.py:137} INFO - [2023-10-14T17:05:19.392+0000] {dagbag.py:538} INFO - Filling up the DagBag from /home/airflow/.local/lib/python3.7/site-packages/airflow/example_dags/example_skip_dag.py
[2023-10-14T17:05:19.409+0000] {processor.py:753} INFO - DAG(s) dict_keys(['example_skip_dag']) retrieved from /home/airflow/.local/lib/python3.7/site-packages/airflow/example_dags/example_skip_dag.py
[2023-10-14T17:05:19.437+0000] {logging_mixin.py:137} INFO - [2023-10-14T17:05:19.437+0000] {dag.py:2690} INFO - Sync 1 DAGs
[2023-10-14T17:05:19.473+0000] {logging_mixin.py:137} INFO - [2023-10-14T17:05:19.472+0000] {dag.py:3441} INFO - Setting next_dagrun for example_skip_dag to 2023-10-13T17:05:19.472203+00:00, run_after=2023-10-14T17:05:19.472203+00:00
[2023-10-14T17:05:19.496+0000] {processor.py:175} INFO - Processing /home/airflow/.local/lib/python3.7/site-packages/airflow/example_dags/example_skip_dag.py took 0.111 seconds
[2023-10-14T17:05:50.391+0000] {processor.py:153} INFO - Started process (PID=6038) to work on /home/airflow/.local/lib/python3.7/site-packages/airflow/example_dags/example_skip_dag.py
[2023-10-14T17:05:50.393+0000] {processor.py:743} INFO - Processing file /home/airflow/.local/lib/python3.7/site-packages/airflow/example_dags/example_skip_dag.py for tasks to queue
[2023-10-14T17:05:50.395+0000] {logging_mixin.py:137} INFO - [2023-10-14T17:05:50.395+0000] {dagbag.py:538} INFO - Filling up the DagBag from /home/airflow/.local/lib/python3.7/site-packages/airflow/example_dags/example_skip_dag.py
[2023-10-14T17:05:50.423+0000] {processor.py:753} INFO - DAG(s) dict_keys(['example_skip_dag']) retrieved from /home/airflow/.local/lib/python3.7/site-packages/airflow/example_dags/example_skip_dag.py
[2023-10-14T17:05:50.472+0000] {logging_mixin.py:137} INFO - [2023-10-14T17:05:50.471+0000] {dag.py:2690} INFO - Sync 1 DAGs
[2023-10-14T17:05:50.503+0000] {logging_mixin.py:137} INFO - [2023-10-14T17:05:50.503+0000] {dag.py:3441} INFO - Setting next_dagrun for example_skip_dag to 2023-10-13T17:05:50.502934+00:00, run_after=2023-10-14T17:05:50.502934+00:00
[2023-10-14T17:05:50.542+0000] {processor.py:175} INFO - Processing /home/airflow/.local/lib/python3.7/site-packages/airflow/example_dags/example_skip_dag.py took 0.156 seconds
[2023-10-14T17:06:20.687+0000] {processor.py:153} INFO - Started process (PID=6122) to work on /home/airflow/.local/lib/python3.7/site-packages/airflow/example_dags/example_skip_dag.py
[2023-10-14T17:06:20.688+0000] {processor.py:743} INFO - Processing file /home/airflow/.local/lib/python3.7/site-packages/airflow/example_dags/example_skip_dag.py for tasks to queue
[2023-10-14T17:06:20.693+0000] {logging_mixin.py:137} INFO - [2023-10-14T17:06:20.690+0000] {dagbag.py:538} INFO - Filling up the DagBag from /home/airflow/.local/lib/python3.7/site-packages/airflow/example_dags/example_skip_dag.py
[2023-10-14T17:06:20.723+0000] {processor.py:753} INFO - DAG(s) dict_keys(['example_skip_dag']) retrieved from /home/airflow/.local/lib/python3.7/site-packages/airflow/example_dags/example_skip_dag.py
[2023-10-14T17:06:20.802+0000] {logging_mixin.py:137} INFO - [2023-10-14T17:06:20.802+0000] {dag.py:2690} INFO - Sync 1 DAGs
[2023-10-14T17:06:20.848+0000] {logging_mixin.py:137} INFO - [2023-10-14T17:06:20.847+0000] {dag.py:3441} INFO - Setting next_dagrun for example_skip_dag to 2023-10-13T17:06:20.847507+00:00, run_after=2023-10-14T17:06:20.847507+00:00
[2023-10-14T17:06:20.904+0000] {processor.py:175} INFO - Processing /home/airflow/.local/lib/python3.7/site-packages/airflow/example_dags/example_skip_dag.py took 0.225 seconds
[2023-10-14T17:06:52.407+0000] {processor.py:153} INFO - Started process (PID=6215) to work on /home/airflow/.local/lib/python3.7/site-packages/airflow/example_dags/example_skip_dag.py
[2023-10-14T17:06:52.409+0000] {processor.py:743} INFO - Processing file /home/airflow/.local/lib/python3.7/site-packages/airflow/example_dags/example_skip_dag.py for tasks to queue
[2023-10-14T17:06:52.412+0000] {logging_mixin.py:137} INFO - [2023-10-14T17:06:52.412+0000] {dagbag.py:538} INFO - Filling up the DagBag from /home/airflow/.local/lib/python3.7/site-packages/airflow/example_dags/example_skip_dag.py
[2023-10-14T17:06:52.431+0000] {processor.py:753} INFO - DAG(s) dict_keys(['example_skip_dag']) retrieved from /home/airflow/.local/lib/python3.7/site-packages/airflow/example_dags/example_skip_dag.py
[2023-10-14T17:06:52.465+0000] {logging_mixin.py:137} INFO - [2023-10-14T17:06:52.464+0000] {dag.py:2690} INFO - Sync 1 DAGs
[2023-10-14T17:06:52.499+0000] {logging_mixin.py:137} INFO - [2023-10-14T17:06:52.499+0000] {dag.py:3441} INFO - Setting next_dagrun for example_skip_dag to 2023-10-13T17:06:52.499220+00:00, run_after=2023-10-14T17:06:52.499220+00:00
[2023-10-14T17:06:52.526+0000] {processor.py:175} INFO - Processing /home/airflow/.local/lib/python3.7/site-packages/airflow/example_dags/example_skip_dag.py took 0.124 seconds
[2023-10-14T17:07:23.438+0000] {processor.py:153} INFO - Started process (PID=6290) to work on /home/airflow/.local/lib/python3.7/site-packages/airflow/example_dags/example_skip_dag.py
[2023-10-14T17:07:23.445+0000] {processor.py:743} INFO - Processing file /home/airflow/.local/lib/python3.7/site-packages/airflow/example_dags/example_skip_dag.py for tasks to queue
[2023-10-14T17:07:23.451+0000] {logging_mixin.py:137} INFO - [2023-10-14T17:07:23.451+0000] {dagbag.py:538} INFO - Filling up the DagBag from /home/airflow/.local/lib/python3.7/site-packages/airflow/example_dags/example_skip_dag.py
[2023-10-14T17:07:23.471+0000] {processor.py:753} INFO - DAG(s) dict_keys(['example_skip_dag']) retrieved from /home/airflow/.local/lib/python3.7/site-packages/airflow/example_dags/example_skip_dag.py
[2023-10-14T17:07:23.508+0000] {logging_mixin.py:137} INFO - [2023-10-14T17:07:23.508+0000] {dag.py:2690} INFO - Sync 1 DAGs
[2023-10-14T17:07:23.547+0000] {logging_mixin.py:137} INFO - [2023-10-14T17:07:23.547+0000] {dag.py:3441} INFO - Setting next_dagrun for example_skip_dag to 2023-10-13T17:07:23.546952+00:00, run_after=2023-10-14T17:07:23.546952+00:00
[2023-10-14T17:07:23.593+0000] {processor.py:175} INFO - Processing /home/airflow/.local/lib/python3.7/site-packages/airflow/example_dags/example_skip_dag.py took 0.159 seconds
[2023-10-14T17:07:54.082+0000] {processor.py:153} INFO - Started process (PID=6381) to work on /home/airflow/.local/lib/python3.7/site-packages/airflow/example_dags/example_skip_dag.py
[2023-10-14T17:07:54.087+0000] {processor.py:743} INFO - Processing file /home/airflow/.local/lib/python3.7/site-packages/airflow/example_dags/example_skip_dag.py for tasks to queue
[2023-10-14T17:07:54.091+0000] {logging_mixin.py:137} INFO - [2023-10-14T17:07:54.091+0000] {dagbag.py:538} INFO - Filling up the DagBag from /home/airflow/.local/lib/python3.7/site-packages/airflow/example_dags/example_skip_dag.py
[2023-10-14T17:07:54.119+0000] {processor.py:753} INFO - DAG(s) dict_keys(['example_skip_dag']) retrieved from /home/airflow/.local/lib/python3.7/site-packages/airflow/example_dags/example_skip_dag.py
[2023-10-14T17:07:54.170+0000] {logging_mixin.py:137} INFO - [2023-10-14T17:07:54.169+0000] {dag.py:2690} INFO - Sync 1 DAGs
[2023-10-14T17:07:54.205+0000] {logging_mixin.py:137} INFO - [2023-10-14T17:07:54.205+0000] {dag.py:3441} INFO - Setting next_dagrun for example_skip_dag to 2023-10-13T17:07:54.205326+00:00, run_after=2023-10-14T17:07:54.205326+00:00
[2023-10-14T17:07:54.232+0000] {processor.py:175} INFO - Processing /home/airflow/.local/lib/python3.7/site-packages/airflow/example_dags/example_skip_dag.py took 0.163 seconds
[2023-10-14T17:08:24.742+0000] {processor.py:153} INFO - Started process (PID=6456) to work on /home/airflow/.local/lib/python3.7/site-packages/airflow/example_dags/example_skip_dag.py
[2023-10-14T17:08:24.745+0000] {processor.py:743} INFO - Processing file /home/airflow/.local/lib/python3.7/site-packages/airflow/example_dags/example_skip_dag.py for tasks to queue
[2023-10-14T17:08:24.749+0000] {logging_mixin.py:137} INFO - [2023-10-14T17:08:24.749+0000] {dagbag.py:538} INFO - Filling up the DagBag from /home/airflow/.local/lib/python3.7/site-packages/airflow/example_dags/example_skip_dag.py
[2023-10-14T17:08:24.769+0000] {processor.py:753} INFO - DAG(s) dict_keys(['example_skip_dag']) retrieved from /home/airflow/.local/lib/python3.7/site-packages/airflow/example_dags/example_skip_dag.py
[2023-10-14T17:08:24.814+0000] {logging_mixin.py:137} INFO - [2023-10-14T17:08:24.814+0000] {dag.py:2690} INFO - Sync 1 DAGs
[2023-10-14T17:08:24.851+0000] {logging_mixin.py:137} INFO - [2023-10-14T17:08:24.851+0000] {dag.py:3441} INFO - Setting next_dagrun for example_skip_dag to 2023-10-13T17:08:24.851071+00:00, run_after=2023-10-14T17:08:24.851071+00:00
[2023-10-14T17:08:24.889+0000] {processor.py:175} INFO - Processing /home/airflow/.local/lib/python3.7/site-packages/airflow/example_dags/example_skip_dag.py took 0.154 seconds
[2023-10-14T17:08:56.640+0000] {processor.py:153} INFO - Started process (PID=6549) to work on /home/airflow/.local/lib/python3.7/site-packages/airflow/example_dags/example_skip_dag.py
[2023-10-14T17:08:56.655+0000] {processor.py:743} INFO - Processing file /home/airflow/.local/lib/python3.7/site-packages/airflow/example_dags/example_skip_dag.py for tasks to queue
[2023-10-14T17:08:56.690+0000] {logging_mixin.py:137} INFO - [2023-10-14T17:08:56.689+0000] {dagbag.py:538} INFO - Filling up the DagBag from /home/airflow/.local/lib/python3.7/site-packages/airflow/example_dags/example_skip_dag.py
[2023-10-14T17:08:56.712+0000] {processor.py:753} INFO - DAG(s) dict_keys(['example_skip_dag']) retrieved from /home/airflow/.local/lib/python3.7/site-packages/airflow/example_dags/example_skip_dag.py
[2023-10-14T17:08:56.753+0000] {logging_mixin.py:137} INFO - [2023-10-14T17:08:56.753+0000] {dag.py:2690} INFO - Sync 1 DAGs
[2023-10-14T17:08:56.787+0000] {logging_mixin.py:137} INFO - [2023-10-14T17:08:56.779+0000] {dag.py:3441} INFO - Setting next_dagrun for example_skip_dag to 2023-10-13T17:08:56.779718+00:00, run_after=2023-10-14T17:08:56.779718+00:00
[2023-10-14T17:08:56.817+0000] {processor.py:175} INFO - Processing /home/airflow/.local/lib/python3.7/site-packages/airflow/example_dags/example_skip_dag.py took 0.180 seconds
[2023-10-14T17:09:27.167+0000] {processor.py:153} INFO - Started process (PID=6624) to work on /home/airflow/.local/lib/python3.7/site-packages/airflow/example_dags/example_skip_dag.py
[2023-10-14T17:09:27.170+0000] {processor.py:743} INFO - Processing file /home/airflow/.local/lib/python3.7/site-packages/airflow/example_dags/example_skip_dag.py for tasks to queue
[2023-10-14T17:09:27.171+0000] {logging_mixin.py:137} INFO - [2023-10-14T17:09:27.171+0000] {dagbag.py:538} INFO - Filling up the DagBag from /home/airflow/.local/lib/python3.7/site-packages/airflow/example_dags/example_skip_dag.py
[2023-10-14T17:09:27.188+0000] {processor.py:753} INFO - DAG(s) dict_keys(['example_skip_dag']) retrieved from /home/airflow/.local/lib/python3.7/site-packages/airflow/example_dags/example_skip_dag.py
[2023-10-14T17:09:27.224+0000] {logging_mixin.py:137} INFO - [2023-10-14T17:09:27.223+0000] {dag.py:2690} INFO - Sync 1 DAGs
[2023-10-14T17:09:27.260+0000] {logging_mixin.py:137} INFO - [2023-10-14T17:09:27.260+0000] {dag.py:3441} INFO - Setting next_dagrun for example_skip_dag to 2023-10-13T17:09:27.260169+00:00, run_after=2023-10-14T17:09:27.260169+00:00
[2023-10-14T17:09:27.309+0000] {processor.py:175} INFO - Processing /home/airflow/.local/lib/python3.7/site-packages/airflow/example_dags/example_skip_dag.py took 0.146 seconds
[2023-10-14T17:09:57.464+0000] {processor.py:153} INFO - Started process (PID=6699) to work on /home/airflow/.local/lib/python3.7/site-packages/airflow/example_dags/example_skip_dag.py
[2023-10-14T17:09:57.465+0000] {processor.py:743} INFO - Processing file /home/airflow/.local/lib/python3.7/site-packages/airflow/example_dags/example_skip_dag.py for tasks to queue
[2023-10-14T17:09:57.467+0000] {logging_mixin.py:137} INFO - [2023-10-14T17:09:57.466+0000] {dagbag.py:538} INFO - Filling up the DagBag from /home/airflow/.local/lib/python3.7/site-packages/airflow/example_dags/example_skip_dag.py
[2023-10-14T17:09:57.481+0000] {processor.py:753} INFO - DAG(s) dict_keys(['example_skip_dag']) retrieved from /home/airflow/.local/lib/python3.7/site-packages/airflow/example_dags/example_skip_dag.py
[2023-10-14T17:09:57.506+0000] {logging_mixin.py:137} INFO - [2023-10-14T17:09:57.506+0000] {dag.py:2690} INFO - Sync 1 DAGs
[2023-10-14T17:09:57.531+0000] {logging_mixin.py:137} INFO - [2023-10-14T17:09:57.531+0000] {dag.py:3441} INFO - Setting next_dagrun for example_skip_dag to 2023-10-13T17:09:57.530921+00:00, run_after=2023-10-14T17:09:57.530921+00:00
[2023-10-14T17:09:57.552+0000] {processor.py:175} INFO - Processing /home/airflow/.local/lib/python3.7/site-packages/airflow/example_dags/example_skip_dag.py took 0.092 seconds
[2023-10-14T17:10:28.330+0000] {processor.py:153} INFO - Started process (PID=6791) to work on /home/airflow/.local/lib/python3.7/site-packages/airflow/example_dags/example_skip_dag.py
[2023-10-14T17:10:28.332+0000] {processor.py:743} INFO - Processing file /home/airflow/.local/lib/python3.7/site-packages/airflow/example_dags/example_skip_dag.py for tasks to queue
[2023-10-14T17:10:28.335+0000] {logging_mixin.py:137} INFO - [2023-10-14T17:10:28.335+0000] {dagbag.py:538} INFO - Filling up the DagBag from /home/airflow/.local/lib/python3.7/site-packages/airflow/example_dags/example_skip_dag.py
[2023-10-14T17:10:28.359+0000] {processor.py:753} INFO - DAG(s) dict_keys(['example_skip_dag']) retrieved from /home/airflow/.local/lib/python3.7/site-packages/airflow/example_dags/example_skip_dag.py
[2023-10-14T17:10:28.396+0000] {logging_mixin.py:137} INFO - [2023-10-14T17:10:28.396+0000] {dag.py:2690} INFO - Sync 1 DAGs
[2023-10-14T17:10:28.428+0000] {logging_mixin.py:137} INFO - [2023-10-14T17:10:28.428+0000] {dag.py:3441} INFO - Setting next_dagrun for example_skip_dag to 2023-10-13T17:10:28.426120+00:00, run_after=2023-10-14T17:10:28.426120+00:00
[2023-10-14T17:10:28.460+0000] {processor.py:175} INFO - Processing /home/airflow/.local/lib/python3.7/site-packages/airflow/example_dags/example_skip_dag.py took 0.136 seconds
[2023-10-14T17:10:58.639+0000] {processor.py:153} INFO - Started process (PID=6866) to work on /home/airflow/.local/lib/python3.7/site-packages/airflow/example_dags/example_skip_dag.py
[2023-10-14T17:10:58.640+0000] {processor.py:743} INFO - Processing file /home/airflow/.local/lib/python3.7/site-packages/airflow/example_dags/example_skip_dag.py for tasks to queue
[2023-10-14T17:10:58.641+0000] {logging_mixin.py:137} INFO - [2023-10-14T17:10:58.641+0000] {dagbag.py:538} INFO - Filling up the DagBag from /home/airflow/.local/lib/python3.7/site-packages/airflow/example_dags/example_skip_dag.py
[2023-10-14T17:10:58.655+0000] {processor.py:753} INFO - DAG(s) dict_keys(['example_skip_dag']) retrieved from /home/airflow/.local/lib/python3.7/site-packages/airflow/example_dags/example_skip_dag.py
[2023-10-14T17:10:58.682+0000] {logging_mixin.py:137} INFO - [2023-10-14T17:10:58.681+0000] {dag.py:2690} INFO - Sync 1 DAGs
[2023-10-14T17:10:58.704+0000] {logging_mixin.py:137} INFO - [2023-10-14T17:10:58.704+0000] {dag.py:3441} INFO - Setting next_dagrun for example_skip_dag to 2023-10-13T17:10:58.704495+00:00, run_after=2023-10-14T17:10:58.704495+00:00
[2023-10-14T17:10:58.724+0000] {processor.py:175} INFO - Processing /home/airflow/.local/lib/python3.7/site-packages/airflow/example_dags/example_skip_dag.py took 0.090 seconds
[2023-10-14T17:11:29.097+0000] {processor.py:153} INFO - Started process (PID=6959) to work on /home/airflow/.local/lib/python3.7/site-packages/airflow/example_dags/example_skip_dag.py
[2023-10-14T17:11:29.098+0000] {processor.py:743} INFO - Processing file /home/airflow/.local/lib/python3.7/site-packages/airflow/example_dags/example_skip_dag.py for tasks to queue
[2023-10-14T17:11:29.099+0000] {logging_mixin.py:137} INFO - [2023-10-14T17:11:29.099+0000] {dagbag.py:538} INFO - Filling up the DagBag from /home/airflow/.local/lib/python3.7/site-packages/airflow/example_dags/example_skip_dag.py
[2023-10-14T17:11:29.113+0000] {processor.py:753} INFO - DAG(s) dict_keys(['example_skip_dag']) retrieved from /home/airflow/.local/lib/python3.7/site-packages/airflow/example_dags/example_skip_dag.py
[2023-10-14T17:11:29.139+0000] {logging_mixin.py:137} INFO - [2023-10-14T17:11:29.138+0000] {dag.py:2690} INFO - Sync 1 DAGs
[2023-10-14T17:11:29.167+0000] {logging_mixin.py:137} INFO - [2023-10-14T17:11:29.167+0000] {dag.py:3441} INFO - Setting next_dagrun for example_skip_dag to 2023-10-13T17:11:29.166734+00:00, run_after=2023-10-14T17:11:29.166734+00:00
[2023-10-14T17:11:29.197+0000] {processor.py:175} INFO - Processing /home/airflow/.local/lib/python3.7/site-packages/airflow/example_dags/example_skip_dag.py took 0.104 seconds
[2023-10-14T17:11:59.335+0000] {processor.py:153} INFO - Started process (PID=7034) to work on /home/airflow/.local/lib/python3.7/site-packages/airflow/example_dags/example_skip_dag.py
[2023-10-14T17:11:59.337+0000] {processor.py:743} INFO - Processing file /home/airflow/.local/lib/python3.7/site-packages/airflow/example_dags/example_skip_dag.py for tasks to queue
[2023-10-14T17:11:59.338+0000] {logging_mixin.py:137} INFO - [2023-10-14T17:11:59.338+0000] {dagbag.py:538} INFO - Filling up the DagBag from /home/airflow/.local/lib/python3.7/site-packages/airflow/example_dags/example_skip_dag.py
[2023-10-14T17:11:59.357+0000] {processor.py:753} INFO - DAG(s) dict_keys(['example_skip_dag']) retrieved from /home/airflow/.local/lib/python3.7/site-packages/airflow/example_dags/example_skip_dag.py
[2023-10-14T17:11:59.390+0000] {logging_mixin.py:137} INFO - [2023-10-14T17:11:59.390+0000] {dag.py:2690} INFO - Sync 1 DAGs
[2023-10-14T17:11:59.422+0000] {logging_mixin.py:137} INFO - [2023-10-14T17:11:59.421+0000] {dag.py:3441} INFO - Setting next_dagrun for example_skip_dag to 2023-10-13T17:11:59.421558+00:00, run_after=2023-10-14T17:11:59.421558+00:00
[2023-10-14T17:11:59.467+0000] {processor.py:175} INFO - Processing /home/airflow/.local/lib/python3.7/site-packages/airflow/example_dags/example_skip_dag.py took 0.136 seconds
[2023-10-14T17:12:29.639+0000] {processor.py:153} INFO - Started process (PID=7127) to work on /home/airflow/.local/lib/python3.7/site-packages/airflow/example_dags/example_skip_dag.py
[2023-10-14T17:12:29.641+0000] {processor.py:743} INFO - Processing file /home/airflow/.local/lib/python3.7/site-packages/airflow/example_dags/example_skip_dag.py for tasks to queue
[2023-10-14T17:12:29.642+0000] {logging_mixin.py:137} INFO - [2023-10-14T17:12:29.642+0000] {dagbag.py:538} INFO - Filling up the DagBag from /home/airflow/.local/lib/python3.7/site-packages/airflow/example_dags/example_skip_dag.py
[2023-10-14T17:12:29.661+0000] {processor.py:753} INFO - DAG(s) dict_keys(['example_skip_dag']) retrieved from /home/airflow/.local/lib/python3.7/site-packages/airflow/example_dags/example_skip_dag.py
[2023-10-14T17:12:29.692+0000] {logging_mixin.py:137} INFO - [2023-10-14T17:12:29.691+0000] {dag.py:2690} INFO - Sync 1 DAGs
[2023-10-14T17:12:29.714+0000] {logging_mixin.py:137} INFO - [2023-10-14T17:12:29.714+0000] {dag.py:3441} INFO - Setting next_dagrun for example_skip_dag to 2023-10-13T17:12:29.714688+00:00, run_after=2023-10-14T17:12:29.714688+00:00
[2023-10-14T17:12:29.734+0000] {processor.py:175} INFO - Processing /home/airflow/.local/lib/python3.7/site-packages/airflow/example_dags/example_skip_dag.py took 0.099 seconds
[2023-10-14T17:13:00.232+0000] {processor.py:153} INFO - Started process (PID=7202) to work on /home/airflow/.local/lib/python3.7/site-packages/airflow/example_dags/example_skip_dag.py
[2023-10-14T17:13:00.233+0000] {processor.py:743} INFO - Processing file /home/airflow/.local/lib/python3.7/site-packages/airflow/example_dags/example_skip_dag.py for tasks to queue
[2023-10-14T17:13:00.234+0000] {logging_mixin.py:137} INFO - [2023-10-14T17:13:00.234+0000] {dagbag.py:538} INFO - Filling up the DagBag from /home/airflow/.local/lib/python3.7/site-packages/airflow/example_dags/example_skip_dag.py
[2023-10-14T17:13:00.250+0000] {processor.py:753} INFO - DAG(s) dict_keys(['example_skip_dag']) retrieved from /home/airflow/.local/lib/python3.7/site-packages/airflow/example_dags/example_skip_dag.py
[2023-10-14T17:13:00.279+0000] {logging_mixin.py:137} INFO - [2023-10-14T17:13:00.279+0000] {dag.py:2690} INFO - Sync 1 DAGs
[2023-10-14T17:13:00.308+0000] {logging_mixin.py:137} INFO - [2023-10-14T17:13:00.308+0000] {dag.py:3441} INFO - Setting next_dagrun for example_skip_dag to 2023-10-13T17:13:00.308435+00:00, run_after=2023-10-14T17:13:00.308435+00:00
[2023-10-14T17:13:00.327+0000] {processor.py:175} INFO - Processing /home/airflow/.local/lib/python3.7/site-packages/airflow/example_dags/example_skip_dag.py took 0.098 seconds
[2023-10-14T17:13:30.475+0000] {processor.py:153} INFO - Started process (PID=7295) to work on /home/airflow/.local/lib/python3.7/site-packages/airflow/example_dags/example_skip_dag.py
[2023-10-14T17:13:30.477+0000] {processor.py:743} INFO - Processing file /home/airflow/.local/lib/python3.7/site-packages/airflow/example_dags/example_skip_dag.py for tasks to queue
[2023-10-14T17:13:30.479+0000] {logging_mixin.py:137} INFO - [2023-10-14T17:13:30.478+0000] {dagbag.py:538} INFO - Filling up the DagBag from /home/airflow/.local/lib/python3.7/site-packages/airflow/example_dags/example_skip_dag.py
[2023-10-14T17:13:30.493+0000] {processor.py:753} INFO - DAG(s) dict_keys(['example_skip_dag']) retrieved from /home/airflow/.local/lib/python3.7/site-packages/airflow/example_dags/example_skip_dag.py
[2023-10-14T17:13:30.519+0000] {logging_mixin.py:137} INFO - [2023-10-14T17:13:30.519+0000] {dag.py:2690} INFO - Sync 1 DAGs
[2023-10-14T17:13:30.543+0000] {logging_mixin.py:137} INFO - [2023-10-14T17:13:30.543+0000] {dag.py:3441} INFO - Setting next_dagrun for example_skip_dag to 2023-10-13T17:13:30.543154+00:00, run_after=2023-10-14T17:13:30.543154+00:00
[2023-10-14T17:13:30.564+0000] {processor.py:175} INFO - Processing /home/airflow/.local/lib/python3.7/site-packages/airflow/example_dags/example_skip_dag.py took 0.094 seconds
[2023-10-14T17:14:00.871+0000] {processor.py:153} INFO - Started process (PID=7370) to work on /home/airflow/.local/lib/python3.7/site-packages/airflow/example_dags/example_skip_dag.py
[2023-10-14T17:14:00.873+0000] {processor.py:743} INFO - Processing file /home/airflow/.local/lib/python3.7/site-packages/airflow/example_dags/example_skip_dag.py for tasks to queue
[2023-10-14T17:14:00.876+0000] {logging_mixin.py:137} INFO - [2023-10-14T17:14:00.876+0000] {dagbag.py:538} INFO - Filling up the DagBag from /home/airflow/.local/lib/python3.7/site-packages/airflow/example_dags/example_skip_dag.py
[2023-10-14T17:14:00.904+0000] {processor.py:753} INFO - DAG(s) dict_keys(['example_skip_dag']) retrieved from /home/airflow/.local/lib/python3.7/site-packages/airflow/example_dags/example_skip_dag.py
[2023-10-14T17:14:00.942+0000] {logging_mixin.py:137} INFO - [2023-10-14T17:14:00.942+0000] {dag.py:2690} INFO - Sync 1 DAGs
[2023-10-14T17:14:00.968+0000] {logging_mixin.py:137} INFO - [2023-10-14T17:14:00.968+0000] {dag.py:3441} INFO - Setting next_dagrun for example_skip_dag to 2023-10-13T17:14:00.968329+00:00, run_after=2023-10-14T17:14:00.968329+00:00
[2023-10-14T17:14:00.995+0000] {processor.py:175} INFO - Processing /home/airflow/.local/lib/python3.7/site-packages/airflow/example_dags/example_skip_dag.py took 0.132 seconds
[2023-10-14T17:14:31.544+0000] {processor.py:153} INFO - Started process (PID=7463) to work on /home/airflow/.local/lib/python3.7/site-packages/airflow/example_dags/example_skip_dag.py
[2023-10-14T17:14:31.545+0000] {processor.py:743} INFO - Processing file /home/airflow/.local/lib/python3.7/site-packages/airflow/example_dags/example_skip_dag.py for tasks to queue
[2023-10-14T17:14:31.546+0000] {logging_mixin.py:137} INFO - [2023-10-14T17:14:31.546+0000] {dagbag.py:538} INFO - Filling up the DagBag from /home/airflow/.local/lib/python3.7/site-packages/airflow/example_dags/example_skip_dag.py
[2023-10-14T17:14:31.575+0000] {processor.py:753} INFO - DAG(s) dict_keys(['example_skip_dag']) retrieved from /home/airflow/.local/lib/python3.7/site-packages/airflow/example_dags/example_skip_dag.py
[2023-10-14T17:14:31.609+0000] {logging_mixin.py:137} INFO - [2023-10-14T17:14:31.608+0000] {dag.py:2690} INFO - Sync 1 DAGs
[2023-10-14T17:14:31.638+0000] {logging_mixin.py:137} INFO - [2023-10-14T17:14:31.638+0000] {dag.py:3441} INFO - Setting next_dagrun for example_skip_dag to 2023-10-13T17:14:31.638161+00:00, run_after=2023-10-14T17:14:31.638161+00:00
[2023-10-14T17:14:31.659+0000] {processor.py:175} INFO - Processing /home/airflow/.local/lib/python3.7/site-packages/airflow/example_dags/example_skip_dag.py took 0.120 seconds
[2023-10-14T17:15:02.483+0000] {processor.py:153} INFO - Started process (PID=7538) to work on /home/airflow/.local/lib/python3.7/site-packages/airflow/example_dags/example_skip_dag.py
[2023-10-14T17:15:02.484+0000] {processor.py:743} INFO - Processing file /home/airflow/.local/lib/python3.7/site-packages/airflow/example_dags/example_skip_dag.py for tasks to queue
[2023-10-14T17:15:02.485+0000] {logging_mixin.py:137} INFO - [2023-10-14T17:15:02.484+0000] {dagbag.py:538} INFO - Filling up the DagBag from /home/airflow/.local/lib/python3.7/site-packages/airflow/example_dags/example_skip_dag.py
[2023-10-14T17:15:02.500+0000] {processor.py:753} INFO - DAG(s) dict_keys(['example_skip_dag']) retrieved from /home/airflow/.local/lib/python3.7/site-packages/airflow/example_dags/example_skip_dag.py
[2023-10-14T17:15:02.523+0000] {logging_mixin.py:137} INFO - [2023-10-14T17:15:02.523+0000] {dag.py:2690} INFO - Sync 1 DAGs
[2023-10-14T17:15:02.544+0000] {logging_mixin.py:137} INFO - [2023-10-14T17:15:02.543+0000] {dag.py:3441} INFO - Setting next_dagrun for example_skip_dag to 2023-10-13T17:15:02.543413+00:00, run_after=2023-10-14T17:15:02.543413+00:00
[2023-10-14T17:15:02.559+0000] {processor.py:175} INFO - Processing /home/airflow/.local/lib/python3.7/site-packages/airflow/example_dags/example_skip_dag.py took 0.079 seconds
[2023-10-14T17:15:33.303+0000] {processor.py:153} INFO - Started process (PID=7630) to work on /home/airflow/.local/lib/python3.7/site-packages/airflow/example_dags/example_skip_dag.py
[2023-10-14T17:15:33.305+0000] {processor.py:743} INFO - Processing file /home/airflow/.local/lib/python3.7/site-packages/airflow/example_dags/example_skip_dag.py for tasks to queue
[2023-10-14T17:15:33.308+0000] {logging_mixin.py:137} INFO - [2023-10-14T17:15:33.308+0000] {dagbag.py:538} INFO - Filling up the DagBag from /home/airflow/.local/lib/python3.7/site-packages/airflow/example_dags/example_skip_dag.py
[2023-10-14T17:15:33.344+0000] {processor.py:753} INFO - DAG(s) dict_keys(['example_skip_dag']) retrieved from /home/airflow/.local/lib/python3.7/site-packages/airflow/example_dags/example_skip_dag.py
[2023-10-14T17:15:33.461+0000] {logging_mixin.py:137} INFO - [2023-10-14T17:15:33.461+0000] {dag.py:2690} INFO - Sync 1 DAGs
[2023-10-14T17:15:33.501+0000] {logging_mixin.py:137} INFO - [2023-10-14T17:15:33.500+0000] {dag.py:3441} INFO - Setting next_dagrun for example_skip_dag to 2023-10-13T17:15:33.500395+00:00, run_after=2023-10-14T17:15:33.500395+00:00
[2023-10-14T17:15:33.529+0000] {processor.py:175} INFO - Processing /home/airflow/.local/lib/python3.7/site-packages/airflow/example_dags/example_skip_dag.py took 0.231 seconds
[2023-10-14T17:16:03.672+0000] {processor.py:153} INFO - Started process (PID=7712) to work on /home/airflow/.local/lib/python3.7/site-packages/airflow/example_dags/example_skip_dag.py
[2023-10-14T17:16:03.674+0000] {processor.py:743} INFO - Processing file /home/airflow/.local/lib/python3.7/site-packages/airflow/example_dags/example_skip_dag.py for tasks to queue
[2023-10-14T17:16:03.676+0000] {logging_mixin.py:137} INFO - [2023-10-14T17:16:03.676+0000] {dagbag.py:538} INFO - Filling up the DagBag from /home/airflow/.local/lib/python3.7/site-packages/airflow/example_dags/example_skip_dag.py
[2023-10-14T17:16:03.696+0000] {processor.py:753} INFO - DAG(s) dict_keys(['example_skip_dag']) retrieved from /home/airflow/.local/lib/python3.7/site-packages/airflow/example_dags/example_skip_dag.py
[2023-10-14T17:16:03.724+0000] {logging_mixin.py:137} INFO - [2023-10-14T17:16:03.724+0000] {dag.py:2690} INFO - Sync 1 DAGs
[2023-10-14T17:16:03.760+0000] {logging_mixin.py:137} INFO - [2023-10-14T17:16:03.760+0000] {dag.py:3441} INFO - Setting next_dagrun for example_skip_dag to 2023-10-13T17:16:03.760489+00:00, run_after=2023-10-14T17:16:03.760489+00:00
[2023-10-14T17:16:03.803+0000] {processor.py:175} INFO - Processing /home/airflow/.local/lib/python3.7/site-packages/airflow/example_dags/example_skip_dag.py took 0.134 seconds
[2023-10-14T17:16:34.311+0000] {processor.py:153} INFO - Started process (PID=7798) to work on /home/airflow/.local/lib/python3.7/site-packages/airflow/example_dags/example_skip_dag.py
[2023-10-14T17:16:34.313+0000] {processor.py:743} INFO - Processing file /home/airflow/.local/lib/python3.7/site-packages/airflow/example_dags/example_skip_dag.py for tasks to queue
[2023-10-14T17:16:34.314+0000] {logging_mixin.py:137} INFO - [2023-10-14T17:16:34.314+0000] {dagbag.py:538} INFO - Filling up the DagBag from /home/airflow/.local/lib/python3.7/site-packages/airflow/example_dags/example_skip_dag.py
[2023-10-14T17:16:34.328+0000] {processor.py:753} INFO - DAG(s) dict_keys(['example_skip_dag']) retrieved from /home/airflow/.local/lib/python3.7/site-packages/airflow/example_dags/example_skip_dag.py
[2023-10-14T17:16:34.364+0000] {logging_mixin.py:137} INFO - [2023-10-14T17:16:34.363+0000] {dag.py:2690} INFO - Sync 1 DAGs
[2023-10-14T17:16:34.417+0000] {logging_mixin.py:137} INFO - [2023-10-14T17:16:34.417+0000] {dag.py:3441} INFO - Setting next_dagrun for example_skip_dag to 2023-10-13T17:16:34.417212+00:00, run_after=2023-10-14T17:16:34.417212+00:00
[2023-10-14T17:16:34.459+0000] {processor.py:175} INFO - Processing /home/airflow/.local/lib/python3.7/site-packages/airflow/example_dags/example_skip_dag.py took 0.152 seconds
[2023-10-14T17:17:05.369+0000] {processor.py:153} INFO - Started process (PID=7882) to work on /home/airflow/.local/lib/python3.7/site-packages/airflow/example_dags/example_skip_dag.py
[2023-10-14T17:17:05.370+0000] {processor.py:743} INFO - Processing file /home/airflow/.local/lib/python3.7/site-packages/airflow/example_dags/example_skip_dag.py for tasks to queue
[2023-10-14T17:17:05.373+0000] {logging_mixin.py:137} INFO - [2023-10-14T17:17:05.372+0000] {dagbag.py:538} INFO - Filling up the DagBag from /home/airflow/.local/lib/python3.7/site-packages/airflow/example_dags/example_skip_dag.py
[2023-10-14T17:17:05.399+0000] {processor.py:753} INFO - DAG(s) dict_keys(['example_skip_dag']) retrieved from /home/airflow/.local/lib/python3.7/site-packages/airflow/example_dags/example_skip_dag.py
[2023-10-14T17:17:05.478+0000] {logging_mixin.py:137} INFO - [2023-10-14T17:17:05.478+0000] {dag.py:2690} INFO - Sync 1 DAGs
[2023-10-14T17:17:05.499+0000] {logging_mixin.py:137} INFO - [2023-10-14T17:17:05.499+0000] {dag.py:3441} INFO - Setting next_dagrun for example_skip_dag to 2023-10-13T17:17:05.499230+00:00, run_after=2023-10-14T17:17:05.499230+00:00
[2023-10-14T17:17:05.544+0000] {processor.py:175} INFO - Processing /home/airflow/.local/lib/python3.7/site-packages/airflow/example_dags/example_skip_dag.py took 0.180 seconds
[2023-10-14T17:17:44.523+0000] {processor.py:153} INFO - Started process (PID=7976) to work on /home/airflow/.local/lib/python3.7/site-packages/airflow/example_dags/example_skip_dag.py
[2023-10-14T17:17:44.526+0000] {processor.py:743} INFO - Processing file /home/airflow/.local/lib/python3.7/site-packages/airflow/example_dags/example_skip_dag.py for tasks to queue
[2023-10-14T17:17:44.531+0000] {logging_mixin.py:137} INFO - [2023-10-14T17:17:44.531+0000] {dagbag.py:538} INFO - Filling up the DagBag from /home/airflow/.local/lib/python3.7/site-packages/airflow/example_dags/example_skip_dag.py
[2023-10-14T17:17:44.587+0000] {processor.py:753} INFO - DAG(s) dict_keys(['example_skip_dag']) retrieved from /home/airflow/.local/lib/python3.7/site-packages/airflow/example_dags/example_skip_dag.py
[2023-10-14T17:17:44.825+0000] {logging_mixin.py:137} INFO - [2023-10-14T17:17:44.825+0000] {dag.py:2690} INFO - Sync 1 DAGs
[2023-10-14T17:17:44.871+0000] {logging_mixin.py:137} INFO - [2023-10-14T17:17:44.871+0000] {dag.py:3441} INFO - Setting next_dagrun for example_skip_dag to 2023-10-13T17:17:44.871276+00:00, run_after=2023-10-14T17:17:44.871276+00:00
[2023-10-14T17:17:44.958+0000] {processor.py:175} INFO - Processing /home/airflow/.local/lib/python3.7/site-packages/airflow/example_dags/example_skip_dag.py took 0.441 seconds
[2023-10-14T17:18:15.574+0000] {processor.py:153} INFO - Started process (PID=8059) to work on /home/airflow/.local/lib/python3.7/site-packages/airflow/example_dags/example_skip_dag.py
[2023-10-14T17:18:15.575+0000] {processor.py:743} INFO - Processing file /home/airflow/.local/lib/python3.7/site-packages/airflow/example_dags/example_skip_dag.py for tasks to queue
[2023-10-14T17:18:15.577+0000] {logging_mixin.py:137} INFO - [2023-10-14T17:18:15.577+0000] {dagbag.py:538} INFO - Filling up the DagBag from /home/airflow/.local/lib/python3.7/site-packages/airflow/example_dags/example_skip_dag.py
[2023-10-14T17:18:15.590+0000] {processor.py:753} INFO - DAG(s) dict_keys(['example_skip_dag']) retrieved from /home/airflow/.local/lib/python3.7/site-packages/airflow/example_dags/example_skip_dag.py
[2023-10-14T17:18:15.618+0000] {logging_mixin.py:137} INFO - [2023-10-14T17:18:15.618+0000] {dag.py:2690} INFO - Sync 1 DAGs
[2023-10-14T17:18:15.643+0000] {logging_mixin.py:137} INFO - [2023-10-14T17:18:15.643+0000] {dag.py:3441} INFO - Setting next_dagrun for example_skip_dag to 2023-10-13T17:18:15.642833+00:00, run_after=2023-10-14T17:18:15.642833+00:00
[2023-10-14T17:18:15.668+0000] {processor.py:175} INFO - Processing /home/airflow/.local/lib/python3.7/site-packages/airflow/example_dags/example_skip_dag.py took 0.100 seconds
[2023-10-14T17:18:45.979+0000] {processor.py:153} INFO - Started process (PID=8134) to work on /home/airflow/.local/lib/python3.7/site-packages/airflow/example_dags/example_skip_dag.py
[2023-10-14T17:18:45.980+0000] {processor.py:743} INFO - Processing file /home/airflow/.local/lib/python3.7/site-packages/airflow/example_dags/example_skip_dag.py for tasks to queue
[2023-10-14T17:18:45.981+0000] {logging_mixin.py:137} INFO - [2023-10-14T17:18:45.981+0000] {dagbag.py:538} INFO - Filling up the DagBag from /home/airflow/.local/lib/python3.7/site-packages/airflow/example_dags/example_skip_dag.py
[2023-10-14T17:18:45.998+0000] {processor.py:753} INFO - DAG(s) dict_keys(['example_skip_dag']) retrieved from /home/airflow/.local/lib/python3.7/site-packages/airflow/example_dags/example_skip_dag.py
[2023-10-14T17:18:46.048+0000] {logging_mixin.py:137} INFO - [2023-10-14T17:18:46.047+0000] {dag.py:2690} INFO - Sync 1 DAGs
[2023-10-14T17:18:46.093+0000] {logging_mixin.py:137} INFO - [2023-10-14T17:18:46.093+0000] {dag.py:3441} INFO - Setting next_dagrun for example_skip_dag to 2023-10-13T17:18:46.093055+00:00, run_after=2023-10-14T17:18:46.093055+00:00
[2023-10-14T17:18:46.140+0000] {processor.py:175} INFO - Processing /home/airflow/.local/lib/python3.7/site-packages/airflow/example_dags/example_skip_dag.py took 0.167 seconds
[2023-10-14T17:19:16.223+0000] {processor.py:153} INFO - Started process (PID=8227) to work on /home/airflow/.local/lib/python3.7/site-packages/airflow/example_dags/example_skip_dag.py
[2023-10-14T17:19:16.224+0000] {processor.py:743} INFO - Processing file /home/airflow/.local/lib/python3.7/site-packages/airflow/example_dags/example_skip_dag.py for tasks to queue
[2023-10-14T17:19:16.226+0000] {logging_mixin.py:137} INFO - [2023-10-14T17:19:16.226+0000] {dagbag.py:538} INFO - Filling up the DagBag from /home/airflow/.local/lib/python3.7/site-packages/airflow/example_dags/example_skip_dag.py
[2023-10-14T17:19:16.242+0000] {processor.py:753} INFO - DAG(s) dict_keys(['example_skip_dag']) retrieved from /home/airflow/.local/lib/python3.7/site-packages/airflow/example_dags/example_skip_dag.py
[2023-10-14T17:19:16.271+0000] {logging_mixin.py:137} INFO - [2023-10-14T17:19:16.271+0000] {dag.py:2690} INFO - Sync 1 DAGs
[2023-10-14T17:19:16.296+0000] {logging_mixin.py:137} INFO - [2023-10-14T17:19:16.296+0000] {dag.py:3441} INFO - Setting next_dagrun for example_skip_dag to 2023-10-13T17:19:16.295966+00:00, run_after=2023-10-14T17:19:16.295966+00:00
[2023-10-14T17:19:16.317+0000] {processor.py:175} INFO - Processing /home/airflow/.local/lib/python3.7/site-packages/airflow/example_dags/example_skip_dag.py took 0.098 seconds
[2023-10-14T17:19:46.693+0000] {processor.py:153} INFO - Started process (PID=8302) to work on /home/airflow/.local/lib/python3.7/site-packages/airflow/example_dags/example_skip_dag.py
[2023-10-14T17:19:46.695+0000] {processor.py:743} INFO - Processing file /home/airflow/.local/lib/python3.7/site-packages/airflow/example_dags/example_skip_dag.py for tasks to queue
[2023-10-14T17:19:46.696+0000] {logging_mixin.py:137} INFO - [2023-10-14T17:19:46.695+0000] {dagbag.py:538} INFO - Filling up the DagBag from /home/airflow/.local/lib/python3.7/site-packages/airflow/example_dags/example_skip_dag.py
[2023-10-14T17:19:46.707+0000] {processor.py:753} INFO - DAG(s) dict_keys(['example_skip_dag']) retrieved from /home/airflow/.local/lib/python3.7/site-packages/airflow/example_dags/example_skip_dag.py
[2023-10-14T17:19:46.739+0000] {logging_mixin.py:137} INFO - [2023-10-14T17:19:46.739+0000] {dag.py:2690} INFO - Sync 1 DAGs
[2023-10-14T17:19:46.776+0000] {logging_mixin.py:137} INFO - [2023-10-14T17:19:46.776+0000] {dag.py:3441} INFO - Setting next_dagrun for example_skip_dag to 2023-10-13T17:19:46.775646+00:00, run_after=2023-10-14T17:19:46.775646+00:00
[2023-10-14T17:19:46.821+0000] {processor.py:175} INFO - Processing /home/airflow/.local/lib/python3.7/site-packages/airflow/example_dags/example_skip_dag.py took 0.132 seconds
[2023-10-14T17:20:17.296+0000] {processor.py:153} INFO - Started process (PID=8395) to work on /home/airflow/.local/lib/python3.7/site-packages/airflow/example_dags/example_skip_dag.py
[2023-10-14T17:20:17.297+0000] {processor.py:743} INFO - Processing file /home/airflow/.local/lib/python3.7/site-packages/airflow/example_dags/example_skip_dag.py for tasks to queue
[2023-10-14T17:20:17.298+0000] {logging_mixin.py:137} INFO - [2023-10-14T17:20:17.298+0000] {dagbag.py:538} INFO - Filling up the DagBag from /home/airflow/.local/lib/python3.7/site-packages/airflow/example_dags/example_skip_dag.py
[2023-10-14T17:20:17.314+0000] {processor.py:753} INFO - DAG(s) dict_keys(['example_skip_dag']) retrieved from /home/airflow/.local/lib/python3.7/site-packages/airflow/example_dags/example_skip_dag.py
[2023-10-14T17:20:17.338+0000] {logging_mixin.py:137} INFO - [2023-10-14T17:20:17.338+0000] {dag.py:2690} INFO - Sync 1 DAGs
[2023-10-14T17:20:17.367+0000] {logging_mixin.py:137} INFO - [2023-10-14T17:20:17.367+0000] {dag.py:3441} INFO - Setting next_dagrun for example_skip_dag to 2023-10-13T17:20:17.367254+00:00, run_after=2023-10-14T17:20:17.367254+00:00
[2023-10-14T17:20:17.394+0000] {processor.py:175} INFO - Processing /home/airflow/.local/lib/python3.7/site-packages/airflow/example_dags/example_skip_dag.py took 0.103 seconds
[2023-10-14T17:20:47.982+0000] {processor.py:153} INFO - Started process (PID=8470) to work on /home/airflow/.local/lib/python3.7/site-packages/airflow/example_dags/example_skip_dag.py
[2023-10-14T17:20:47.984+0000] {processor.py:743} INFO - Processing file /home/airflow/.local/lib/python3.7/site-packages/airflow/example_dags/example_skip_dag.py for tasks to queue
[2023-10-14T17:20:47.986+0000] {logging_mixin.py:137} INFO - [2023-10-14T17:20:47.986+0000] {dagbag.py:538} INFO - Filling up the DagBag from /home/airflow/.local/lib/python3.7/site-packages/airflow/example_dags/example_skip_dag.py
[2023-10-14T17:20:48.001+0000] {processor.py:753} INFO - DAG(s) dict_keys(['example_skip_dag']) retrieved from /home/airflow/.local/lib/python3.7/site-packages/airflow/example_dags/example_skip_dag.py
[2023-10-14T17:20:48.030+0000] {logging_mixin.py:137} INFO - [2023-10-14T17:20:48.030+0000] {dag.py:2690} INFO - Sync 1 DAGs
[2023-10-14T17:20:48.054+0000] {logging_mixin.py:137} INFO - [2023-10-14T17:20:48.054+0000] {dag.py:3441} INFO - Setting next_dagrun for example_skip_dag to 2023-10-13T17:20:48.054382+00:00, run_after=2023-10-14T17:20:48.054382+00:00
[2023-10-14T17:20:48.070+0000] {processor.py:175} INFO - Processing /home/airflow/.local/lib/python3.7/site-packages/airflow/example_dags/example_skip_dag.py took 0.092 seconds
[2023-10-14T17:21:18.882+0000] {processor.py:153} INFO - Started process (PID=8561) to work on /home/airflow/.local/lib/python3.7/site-packages/airflow/example_dags/example_skip_dag.py
[2023-10-14T17:21:18.888+0000] {processor.py:743} INFO - Processing file /home/airflow/.local/lib/python3.7/site-packages/airflow/example_dags/example_skip_dag.py for tasks to queue
[2023-10-14T17:21:18.894+0000] {logging_mixin.py:137} INFO - [2023-10-14T17:21:18.894+0000] {dagbag.py:538} INFO - Filling up the DagBag from /home/airflow/.local/lib/python3.7/site-packages/airflow/example_dags/example_skip_dag.py
[2023-10-14T17:21:18.918+0000] {processor.py:753} INFO - DAG(s) dict_keys(['example_skip_dag']) retrieved from /home/airflow/.local/lib/python3.7/site-packages/airflow/example_dags/example_skip_dag.py
[2023-10-14T17:21:19.003+0000] {logging_mixin.py:137} INFO - [2023-10-14T17:21:19.002+0000] {dag.py:2690} INFO - Sync 1 DAGs
[2023-10-14T17:21:19.034+0000] {logging_mixin.py:137} INFO - [2023-10-14T17:21:19.034+0000] {dag.py:3441} INFO - Setting next_dagrun for example_skip_dag to 2023-10-13T17:21:19.033941+00:00, run_after=2023-10-14T17:21:19.033941+00:00
[2023-10-14T17:21:19.061+0000] {processor.py:175} INFO - Processing /home/airflow/.local/lib/python3.7/site-packages/airflow/example_dags/example_skip_dag.py took 0.183 seconds
[2023-10-14T17:21:50.023+0000] {processor.py:153} INFO - Started process (PID=8636) to work on /home/airflow/.local/lib/python3.7/site-packages/airflow/example_dags/example_skip_dag.py
[2023-10-14T17:21:50.024+0000] {processor.py:743} INFO - Processing file /home/airflow/.local/lib/python3.7/site-packages/airflow/example_dags/example_skip_dag.py for tasks to queue
[2023-10-14T17:21:50.025+0000] {logging_mixin.py:137} INFO - [2023-10-14T17:21:50.025+0000] {dagbag.py:538} INFO - Filling up the DagBag from /home/airflow/.local/lib/python3.7/site-packages/airflow/example_dags/example_skip_dag.py
[2023-10-14T17:21:50.041+0000] {processor.py:753} INFO - DAG(s) dict_keys(['example_skip_dag']) retrieved from /home/airflow/.local/lib/python3.7/site-packages/airflow/example_dags/example_skip_dag.py
[2023-10-14T17:21:50.076+0000] {logging_mixin.py:137} INFO - [2023-10-14T17:21:50.076+0000] {dag.py:2690} INFO - Sync 1 DAGs
[2023-10-14T17:21:50.100+0000] {logging_mixin.py:137} INFO - [2023-10-14T17:21:50.100+0000] {dag.py:3441} INFO - Setting next_dagrun for example_skip_dag to 2023-10-13T17:21:50.100522+00:00, run_after=2023-10-14T17:21:50.100522+00:00
[2023-10-14T17:21:50.120+0000] {processor.py:175} INFO - Processing /home/airflow/.local/lib/python3.7/site-packages/airflow/example_dags/example_skip_dag.py took 0.101 seconds
[2023-10-14T17:22:20.499+0000] {processor.py:153} INFO - Started process (PID=8729) to work on /home/airflow/.local/lib/python3.7/site-packages/airflow/example_dags/example_skip_dag.py
[2023-10-14T17:22:20.501+0000] {processor.py:743} INFO - Processing file /home/airflow/.local/lib/python3.7/site-packages/airflow/example_dags/example_skip_dag.py for tasks to queue
[2023-10-14T17:22:20.502+0000] {logging_mixin.py:137} INFO - [2023-10-14T17:22:20.502+0000] {dagbag.py:538} INFO - Filling up the DagBag from /home/airflow/.local/lib/python3.7/site-packages/airflow/example_dags/example_skip_dag.py
[2023-10-14T17:22:20.519+0000] {processor.py:753} INFO - DAG(s) dict_keys(['example_skip_dag']) retrieved from /home/airflow/.local/lib/python3.7/site-packages/airflow/example_dags/example_skip_dag.py
[2023-10-14T17:22:20.559+0000] {logging_mixin.py:137} INFO - [2023-10-14T17:22:20.559+0000] {dag.py:2690} INFO - Sync 1 DAGs
[2023-10-14T17:22:20.590+0000] {logging_mixin.py:137} INFO - [2023-10-14T17:22:20.590+0000] {dag.py:3441} INFO - Setting next_dagrun for example_skip_dag to 2023-10-13T17:22:20.589201+00:00, run_after=2023-10-14T17:22:20.589201+00:00
[2023-10-14T17:22:20.616+0000] {processor.py:175} INFO - Processing /home/airflow/.local/lib/python3.7/site-packages/airflow/example_dags/example_skip_dag.py took 0.121 seconds
[2023-10-14T17:22:50.666+0000] {processor.py:153} INFO - Started process (PID=8804) to work on /home/airflow/.local/lib/python3.7/site-packages/airflow/example_dags/example_skip_dag.py
[2023-10-14T17:22:50.667+0000] {processor.py:743} INFO - Processing file /home/airflow/.local/lib/python3.7/site-packages/airflow/example_dags/example_skip_dag.py for tasks to queue
[2023-10-14T17:22:50.668+0000] {logging_mixin.py:137} INFO - [2023-10-14T17:22:50.668+0000] {dagbag.py:538} INFO - Filling up the DagBag from /home/airflow/.local/lib/python3.7/site-packages/airflow/example_dags/example_skip_dag.py
[2023-10-14T17:22:50.685+0000] {processor.py:753} INFO - DAG(s) dict_keys(['example_skip_dag']) retrieved from /home/airflow/.local/lib/python3.7/site-packages/airflow/example_dags/example_skip_dag.py
[2023-10-14T17:22:50.725+0000] {logging_mixin.py:137} INFO - [2023-10-14T17:22:50.725+0000] {dag.py:2690} INFO - Sync 1 DAGs
[2023-10-14T17:22:50.761+0000] {logging_mixin.py:137} INFO - [2023-10-14T17:22:50.761+0000] {dag.py:3441} INFO - Setting next_dagrun for example_skip_dag to 2023-10-13T17:22:50.761459+00:00, run_after=2023-10-14T17:22:50.761459+00:00
[2023-10-14T17:22:50.797+0000] {processor.py:175} INFO - Processing /home/airflow/.local/lib/python3.7/site-packages/airflow/example_dags/example_skip_dag.py took 0.133 seconds
[2023-10-14T17:23:21.030+0000] {processor.py:153} INFO - Started process (PID=8897) to work on /home/airflow/.local/lib/python3.7/site-packages/airflow/example_dags/example_skip_dag.py
[2023-10-14T17:23:21.033+0000] {processor.py:743} INFO - Processing file /home/airflow/.local/lib/python3.7/site-packages/airflow/example_dags/example_skip_dag.py for tasks to queue
[2023-10-14T17:23:21.041+0000] {logging_mixin.py:137} INFO - [2023-10-14T17:23:21.041+0000] {dagbag.py:538} INFO - Filling up the DagBag from /home/airflow/.local/lib/python3.7/site-packages/airflow/example_dags/example_skip_dag.py
[2023-10-14T17:23:21.072+0000] {processor.py:753} INFO - DAG(s) dict_keys(['example_skip_dag']) retrieved from /home/airflow/.local/lib/python3.7/site-packages/airflow/example_dags/example_skip_dag.py
[2023-10-14T17:23:21.131+0000] {logging_mixin.py:137} INFO - [2023-10-14T17:23:21.131+0000] {dag.py:2690} INFO - Sync 1 DAGs
[2023-10-14T17:23:21.174+0000] {logging_mixin.py:137} INFO - [2023-10-14T17:23:21.174+0000] {dag.py:3441} INFO - Setting next_dagrun for example_skip_dag to 2023-10-13T17:23:21.174503+00:00, run_after=2023-10-14T17:23:21.174503+00:00
[2023-10-14T17:23:21.208+0000] {processor.py:175} INFO - Processing /home/airflow/.local/lib/python3.7/site-packages/airflow/example_dags/example_skip_dag.py took 0.184 seconds
[2023-10-14T17:23:51.327+0000] {processor.py:153} INFO - Started process (PID=8972) to work on /home/airflow/.local/lib/python3.7/site-packages/airflow/example_dags/example_skip_dag.py
[2023-10-14T17:23:51.328+0000] {processor.py:743} INFO - Processing file /home/airflow/.local/lib/python3.7/site-packages/airflow/example_dags/example_skip_dag.py for tasks to queue
[2023-10-14T17:23:51.329+0000] {logging_mixin.py:137} INFO - [2023-10-14T17:23:51.329+0000] {dagbag.py:538} INFO - Filling up the DagBag from /home/airflow/.local/lib/python3.7/site-packages/airflow/example_dags/example_skip_dag.py
[2023-10-14T17:23:51.347+0000] {processor.py:753} INFO - DAG(s) dict_keys(['example_skip_dag']) retrieved from /home/airflow/.local/lib/python3.7/site-packages/airflow/example_dags/example_skip_dag.py
[2023-10-14T17:23:51.420+0000] {logging_mixin.py:137} INFO - [2023-10-14T17:23:51.420+0000] {dag.py:2690} INFO - Sync 1 DAGs
[2023-10-14T17:23:51.520+0000] {logging_mixin.py:137} INFO - [2023-10-14T17:23:51.520+0000] {dag.py:3441} INFO - Setting next_dagrun for example_skip_dag to 2023-10-13T17:23:51.520508+00:00, run_after=2023-10-14T17:23:51.520508+00:00
[2023-10-14T17:23:51.669+0000] {processor.py:175} INFO - Processing /home/airflow/.local/lib/python3.7/site-packages/airflow/example_dags/example_skip_dag.py took 0.346 seconds
[2023-10-14T17:24:21.727+0000] {processor.py:153} INFO - Started process (PID=9054) to work on /home/airflow/.local/lib/python3.7/site-packages/airflow/example_dags/example_skip_dag.py
[2023-10-14T17:24:21.728+0000] {processor.py:743} INFO - Processing file /home/airflow/.local/lib/python3.7/site-packages/airflow/example_dags/example_skip_dag.py for tasks to queue
[2023-10-14T17:24:21.729+0000] {logging_mixin.py:137} INFO - [2023-10-14T17:24:21.729+0000] {dagbag.py:538} INFO - Filling up the DagBag from /home/airflow/.local/lib/python3.7/site-packages/airflow/example_dags/example_skip_dag.py
[2023-10-14T17:24:21.745+0000] {processor.py:753} INFO - DAG(s) dict_keys(['example_skip_dag']) retrieved from /home/airflow/.local/lib/python3.7/site-packages/airflow/example_dags/example_skip_dag.py
[2023-10-14T17:24:21.776+0000] {logging_mixin.py:137} INFO - [2023-10-14T17:24:21.776+0000] {dag.py:2690} INFO - Sync 1 DAGs
[2023-10-14T17:24:21.802+0000] {logging_mixin.py:137} INFO - [2023-10-14T17:24:21.802+0000] {dag.py:3441} INFO - Setting next_dagrun for example_skip_dag to 2023-10-13T17:24:21.802138+00:00, run_after=2023-10-14T17:24:21.802138+00:00
[2023-10-14T17:24:21.822+0000] {processor.py:175} INFO - Processing /home/airflow/.local/lib/python3.7/site-packages/airflow/example_dags/example_skip_dag.py took 0.101 seconds
[2023-10-14T17:24:51.989+0000] {processor.py:153} INFO - Started process (PID=9140) to work on /home/airflow/.local/lib/python3.7/site-packages/airflow/example_dags/example_skip_dag.py
[2023-10-14T17:24:51.991+0000] {processor.py:743} INFO - Processing file /home/airflow/.local/lib/python3.7/site-packages/airflow/example_dags/example_skip_dag.py for tasks to queue
[2023-10-14T17:24:51.996+0000] {logging_mixin.py:137} INFO - [2023-10-14T17:24:51.995+0000] {dagbag.py:538} INFO - Filling up the DagBag from /home/airflow/.local/lib/python3.7/site-packages/airflow/example_dags/example_skip_dag.py
[2023-10-14T17:24:52.017+0000] {processor.py:753} INFO - DAG(s) dict_keys(['example_skip_dag']) retrieved from /home/airflow/.local/lib/python3.7/site-packages/airflow/example_dags/example_skip_dag.py
[2023-10-14T17:24:52.047+0000] {logging_mixin.py:137} INFO - [2023-10-14T17:24:52.047+0000] {dag.py:2690} INFO - Sync 1 DAGs
[2023-10-14T17:24:52.077+0000] {logging_mixin.py:137} INFO - [2023-10-14T17:24:52.077+0000] {dag.py:3441} INFO - Setting next_dagrun for example_skip_dag to 2023-10-13T17:24:52.076941+00:00, run_after=2023-10-14T17:24:52.076941+00:00
[2023-10-14T17:24:52.099+0000] {processor.py:175} INFO - Processing /home/airflow/.local/lib/python3.7/site-packages/airflow/example_dags/example_skip_dag.py took 0.114 seconds
[2023-10-14T17:25:22.892+0000] {processor.py:153} INFO - Started process (PID=9232) to work on /home/airflow/.local/lib/python3.7/site-packages/airflow/example_dags/example_skip_dag.py
[2023-10-14T17:25:22.894+0000] {processor.py:743} INFO - Processing file /home/airflow/.local/lib/python3.7/site-packages/airflow/example_dags/example_skip_dag.py for tasks to queue
[2023-10-14T17:25:22.895+0000] {logging_mixin.py:137} INFO - [2023-10-14T17:25:22.895+0000] {dagbag.py:538} INFO - Filling up the DagBag from /home/airflow/.local/lib/python3.7/site-packages/airflow/example_dags/example_skip_dag.py
[2023-10-14T17:25:22.920+0000] {processor.py:753} INFO - DAG(s) dict_keys(['example_skip_dag']) retrieved from /home/airflow/.local/lib/python3.7/site-packages/airflow/example_dags/example_skip_dag.py
[2023-10-14T17:25:22.954+0000] {logging_mixin.py:137} INFO - [2023-10-14T17:25:22.954+0000] {dag.py:2690} INFO - Sync 1 DAGs
[2023-10-14T17:25:22.984+0000] {logging_mixin.py:137} INFO - [2023-10-14T17:25:22.984+0000] {dag.py:3441} INFO - Setting next_dagrun for example_skip_dag to 2023-10-13T17:25:22.983710+00:00, run_after=2023-10-14T17:25:22.983710+00:00
[2023-10-14T17:25:23.009+0000] {processor.py:175} INFO - Processing /home/airflow/.local/lib/python3.7/site-packages/airflow/example_dags/example_skip_dag.py took 0.120 seconds
[2023-10-14T17:25:53.200+0000] {processor.py:153} INFO - Started process (PID=9307) to work on /home/airflow/.local/lib/python3.7/site-packages/airflow/example_dags/example_skip_dag.py
[2023-10-14T17:25:53.201+0000] {processor.py:743} INFO - Processing file /home/airflow/.local/lib/python3.7/site-packages/airflow/example_dags/example_skip_dag.py for tasks to queue
[2023-10-14T17:25:53.202+0000] {logging_mixin.py:137} INFO - [2023-10-14T17:25:53.202+0000] {dagbag.py:538} INFO - Filling up the DagBag from /home/airflow/.local/lib/python3.7/site-packages/airflow/example_dags/example_skip_dag.py
[2023-10-14T17:25:53.214+0000] {processor.py:753} INFO - DAG(s) dict_keys(['example_skip_dag']) retrieved from /home/airflow/.local/lib/python3.7/site-packages/airflow/example_dags/example_skip_dag.py
[2023-10-14T17:25:53.240+0000] {logging_mixin.py:137} INFO - [2023-10-14T17:25:53.240+0000] {dag.py:2690} INFO - Sync 1 DAGs
[2023-10-14T17:25:53.262+0000] {logging_mixin.py:137} INFO - [2023-10-14T17:25:53.262+0000] {dag.py:3441} INFO - Setting next_dagrun for example_skip_dag to 2023-10-13T17:25:53.261681+00:00, run_after=2023-10-14T17:25:53.261681+00:00
[2023-10-14T17:25:53.286+0000] {processor.py:175} INFO - Processing /home/airflow/.local/lib/python3.7/site-packages/airflow/example_dags/example_skip_dag.py took 0.089 seconds
[2023-10-14T17:26:23.373+0000] {processor.py:153} INFO - Started process (PID=9400) to work on /home/airflow/.local/lib/python3.7/site-packages/airflow/example_dags/example_skip_dag.py
[2023-10-14T17:26:23.374+0000] {processor.py:743} INFO - Processing file /home/airflow/.local/lib/python3.7/site-packages/airflow/example_dags/example_skip_dag.py for tasks to queue
[2023-10-14T17:26:23.375+0000] {logging_mixin.py:137} INFO - [2023-10-14T17:26:23.375+0000] {dagbag.py:538} INFO - Filling up the DagBag from /home/airflow/.local/lib/python3.7/site-packages/airflow/example_dags/example_skip_dag.py
[2023-10-14T17:26:23.389+0000] {processor.py:753} INFO - DAG(s) dict_keys(['example_skip_dag']) retrieved from /home/airflow/.local/lib/python3.7/site-packages/airflow/example_dags/example_skip_dag.py
[2023-10-14T17:26:23.415+0000] {logging_mixin.py:137} INFO - [2023-10-14T17:26:23.414+0000] {dag.py:2690} INFO - Sync 1 DAGs
[2023-10-14T17:26:23.441+0000] {logging_mixin.py:137} INFO - [2023-10-14T17:26:23.441+0000] {dag.py:3441} INFO - Setting next_dagrun for example_skip_dag to 2023-10-13T17:26:23.441253+00:00, run_after=2023-10-14T17:26:23.441253+00:00
[2023-10-14T17:26:23.468+0000] {processor.py:175} INFO - Processing /home/airflow/.local/lib/python3.7/site-packages/airflow/example_dags/example_skip_dag.py took 0.099 seconds
[2023-10-14T17:26:53.651+0000] {processor.py:153} INFO - Started process (PID=9475) to work on /home/airflow/.local/lib/python3.7/site-packages/airflow/example_dags/example_skip_dag.py
[2023-10-14T17:26:53.654+0000] {processor.py:743} INFO - Processing file /home/airflow/.local/lib/python3.7/site-packages/airflow/example_dags/example_skip_dag.py for tasks to queue
[2023-10-14T17:26:53.659+0000] {logging_mixin.py:137} INFO - [2023-10-14T17:26:53.659+0000] {dagbag.py:538} INFO - Filling up the DagBag from /home/airflow/.local/lib/python3.7/site-packages/airflow/example_dags/example_skip_dag.py
[2023-10-14T17:26:53.675+0000] {processor.py:753} INFO - DAG(s) dict_keys(['example_skip_dag']) retrieved from /home/airflow/.local/lib/python3.7/site-packages/airflow/example_dags/example_skip_dag.py
[2023-10-14T17:26:53.715+0000] {logging_mixin.py:137} INFO - [2023-10-14T17:26:53.715+0000] {dag.py:2690} INFO - Sync 1 DAGs
[2023-10-14T17:26:53.745+0000] {logging_mixin.py:137} INFO - [2023-10-14T17:26:53.745+0000] {dag.py:3441} INFO - Setting next_dagrun for example_skip_dag to 2023-10-13T17:26:53.745152+00:00, run_after=2023-10-14T17:26:53.745152+00:00
[2023-10-14T17:26:53.770+0000] {processor.py:175} INFO - Processing /home/airflow/.local/lib/python3.7/site-packages/airflow/example_dags/example_skip_dag.py took 0.123 seconds
[2023-10-14T17:27:24.671+0000] {processor.py:153} INFO - Started process (PID=9568) to work on /home/airflow/.local/lib/python3.7/site-packages/airflow/example_dags/example_skip_dag.py
[2023-10-14T17:27:24.672+0000] {processor.py:743} INFO - Processing file /home/airflow/.local/lib/python3.7/site-packages/airflow/example_dags/example_skip_dag.py for tasks to queue
[2023-10-14T17:27:24.673+0000] {logging_mixin.py:137} INFO - [2023-10-14T17:27:24.673+0000] {dagbag.py:538} INFO - Filling up the DagBag from /home/airflow/.local/lib/python3.7/site-packages/airflow/example_dags/example_skip_dag.py
[2023-10-14T17:27:24.690+0000] {processor.py:753} INFO - DAG(s) dict_keys(['example_skip_dag']) retrieved from /home/airflow/.local/lib/python3.7/site-packages/airflow/example_dags/example_skip_dag.py
[2023-10-14T17:27:24.715+0000] {logging_mixin.py:137} INFO - [2023-10-14T17:27:24.715+0000] {dag.py:2690} INFO - Sync 1 DAGs
[2023-10-14T17:27:24.739+0000] {logging_mixin.py:137} INFO - [2023-10-14T17:27:24.739+0000] {dag.py:3441} INFO - Setting next_dagrun for example_skip_dag to 2023-10-13T17:27:24.739011+00:00, run_after=2023-10-14T17:27:24.739011+00:00
[2023-10-14T17:27:24.763+0000] {processor.py:175} INFO - Processing /home/airflow/.local/lib/python3.7/site-packages/airflow/example_dags/example_skip_dag.py took 0.096 seconds
[2023-10-14T17:27:55.094+0000] {processor.py:153} INFO - Started process (PID=9643) to work on /home/airflow/.local/lib/python3.7/site-packages/airflow/example_dags/example_skip_dag.py
[2023-10-14T17:27:55.095+0000] {processor.py:743} INFO - Processing file /home/airflow/.local/lib/python3.7/site-packages/airflow/example_dags/example_skip_dag.py for tasks to queue
[2023-10-14T17:27:55.096+0000] {logging_mixin.py:137} INFO - [2023-10-14T17:27:55.096+0000] {dagbag.py:538} INFO - Filling up the DagBag from /home/airflow/.local/lib/python3.7/site-packages/airflow/example_dags/example_skip_dag.py
[2023-10-14T17:27:55.110+0000] {processor.py:753} INFO - DAG(s) dict_keys(['example_skip_dag']) retrieved from /home/airflow/.local/lib/python3.7/site-packages/airflow/example_dags/example_skip_dag.py
[2023-10-14T17:27:55.137+0000] {logging_mixin.py:137} INFO - [2023-10-14T17:27:55.137+0000] {dag.py:2690} INFO - Sync 1 DAGs
[2023-10-14T17:27:55.161+0000] {logging_mixin.py:137} INFO - [2023-10-14T17:27:55.161+0000] {dag.py:3441} INFO - Setting next_dagrun for example_skip_dag to 2023-10-13T17:27:55.161514+00:00, run_after=2023-10-14T17:27:55.161514+00:00
[2023-10-14T17:27:55.182+0000] {processor.py:175} INFO - Processing /home/airflow/.local/lib/python3.7/site-packages/airflow/example_dags/example_skip_dag.py took 0.091 seconds
