[2023-10-14T01:23:51.822+0000] {processor.py:153} INFO - Started process (PID=3674) to work on /home/airflow/.local/lib/python3.7/site-packages/airflow/example_dags/example_trigger_target_dag.py
[2023-10-14T01:23:51.848+0000] {processor.py:743} INFO - Processing file /home/airflow/.local/lib/python3.7/site-packages/airflow/example_dags/example_trigger_target_dag.py for tasks to queue
[2023-10-14T01:23:51.858+0000] {logging_mixin.py:137} INFO - [2023-10-14T01:23:51.856+0000] {dagbag.py:538} INFO - Filling up the DagBag from /home/airflow/.local/lib/python3.7/site-packages/airflow/example_dags/example_trigger_target_dag.py
[2023-10-14T01:23:51.888+0000] {processor.py:753} INFO - DAG(s) dict_keys(['example_trigger_target_dag']) retrieved from /home/airflow/.local/lib/python3.7/site-packages/airflow/example_dags/example_trigger_target_dag.py
[2023-10-14T01:23:51.916+0000] {logging_mixin.py:137} INFO - [2023-10-14T01:23:51.916+0000] {dag.py:2690} INFO - Sync 1 DAGs
[2023-10-14T01:23:51.937+0000] {logging_mixin.py:137} INFO - [2023-10-14T01:23:51.936+0000] {dag.py:3441} INFO - Setting next_dagrun for example_trigger_target_dag to None, run_after=None
[2023-10-14T01:23:51.962+0000] {processor.py:175} INFO - Processing /home/airflow/.local/lib/python3.7/site-packages/airflow/example_dags/example_trigger_target_dag.py took 0.144 seconds
[2023-10-14T02:47:22.740+0000] {processor.py:153} INFO - Started process (PID=3749) to work on /home/airflow/.local/lib/python3.7/site-packages/airflow/example_dags/example_trigger_target_dag.py
[2023-10-14T02:47:22.742+0000] {processor.py:743} INFO - Processing file /home/airflow/.local/lib/python3.7/site-packages/airflow/example_dags/example_trigger_target_dag.py for tasks to queue
[2023-10-14T02:47:22.743+0000] {logging_mixin.py:137} INFO - [2023-10-14T02:47:22.743+0000] {dagbag.py:538} INFO - Filling up the DagBag from /home/airflow/.local/lib/python3.7/site-packages/airflow/example_dags/example_trigger_target_dag.py
[2023-10-14T02:47:22.764+0000] {processor.py:753} INFO - DAG(s) dict_keys(['example_trigger_target_dag']) retrieved from /home/airflow/.local/lib/python3.7/site-packages/airflow/example_dags/example_trigger_target_dag.py
[2023-10-14T02:47:22.836+0000] {logging_mixin.py:137} INFO - [2023-10-14T02:47:22.836+0000] {dag.py:2690} INFO - Sync 1 DAGs
[2023-10-14T02:47:22.871+0000] {logging_mixin.py:137} INFO - [2023-10-14T02:47:22.871+0000] {dag.py:3441} INFO - Setting next_dagrun for example_trigger_target_dag to None, run_after=None
[2023-10-14T02:47:22.899+0000] {processor.py:175} INFO - Processing /home/airflow/.local/lib/python3.7/site-packages/airflow/example_dags/example_trigger_target_dag.py took 0.163 seconds
[2023-10-14T03:53:15.653+0000] {processor.py:153} INFO - Started process (PID=3842) to work on /home/airflow/.local/lib/python3.7/site-packages/airflow/example_dags/example_trigger_target_dag.py
[2023-10-14T03:53:15.654+0000] {processor.py:743} INFO - Processing file /home/airflow/.local/lib/python3.7/site-packages/airflow/example_dags/example_trigger_target_dag.py for tasks to queue
[2023-10-14T03:53:15.655+0000] {logging_mixin.py:137} INFO - [2023-10-14T03:53:15.655+0000] {dagbag.py:538} INFO - Filling up the DagBag from /home/airflow/.local/lib/python3.7/site-packages/airflow/example_dags/example_trigger_target_dag.py
[2023-10-14T03:53:15.674+0000] {processor.py:753} INFO - DAG(s) dict_keys(['example_trigger_target_dag']) retrieved from /home/airflow/.local/lib/python3.7/site-packages/airflow/example_dags/example_trigger_target_dag.py
[2023-10-14T03:53:15.702+0000] {logging_mixin.py:137} INFO - [2023-10-14T03:53:15.702+0000] {dag.py:2690} INFO - Sync 1 DAGs
[2023-10-14T03:53:15.725+0000] {logging_mixin.py:137} INFO - [2023-10-14T03:53:15.725+0000] {dag.py:3441} INFO - Setting next_dagrun for example_trigger_target_dag to None, run_after=None
[2023-10-14T03:53:15.743+0000] {processor.py:175} INFO - Processing /home/airflow/.local/lib/python3.7/site-packages/airflow/example_dags/example_trigger_target_dag.py took 0.096 seconds
[2023-10-14T04:43:35.637+0000] {processor.py:153} INFO - Started process (PID=3917) to work on /home/airflow/.local/lib/python3.7/site-packages/airflow/example_dags/example_trigger_target_dag.py
[2023-10-14T04:43:35.653+0000] {processor.py:743} INFO - Processing file /home/airflow/.local/lib/python3.7/site-packages/airflow/example_dags/example_trigger_target_dag.py for tasks to queue
[2023-10-14T04:43:35.658+0000] {logging_mixin.py:137} INFO - [2023-10-14T04:43:35.658+0000] {dagbag.py:538} INFO - Filling up the DagBag from /home/airflow/.local/lib/python3.7/site-packages/airflow/example_dags/example_trigger_target_dag.py
[2023-10-14T04:43:35.689+0000] {processor.py:753} INFO - DAG(s) dict_keys(['example_trigger_target_dag']) retrieved from /home/airflow/.local/lib/python3.7/site-packages/airflow/example_dags/example_trigger_target_dag.py
[2023-10-14T04:43:35.737+0000] {logging_mixin.py:137} INFO - [2023-10-14T04:43:35.736+0000] {dag.py:2690} INFO - Sync 1 DAGs
[2023-10-14T04:43:35.766+0000] {logging_mixin.py:137} INFO - [2023-10-14T04:43:35.766+0000] {dag.py:3441} INFO - Setting next_dagrun for example_trigger_target_dag to None, run_after=None
[2023-10-14T04:43:35.791+0000] {processor.py:175} INFO - Processing /home/airflow/.local/lib/python3.7/site-packages/airflow/example_dags/example_trigger_target_dag.py took 0.158 seconds
[2023-10-14T06:07:37.744+0000] {processor.py:153} INFO - Started process (PID=4010) to work on /home/airflow/.local/lib/python3.7/site-packages/airflow/example_dags/example_trigger_target_dag.py
[2023-10-14T06:07:37.745+0000] {processor.py:743} INFO - Processing file /home/airflow/.local/lib/python3.7/site-packages/airflow/example_dags/example_trigger_target_dag.py for tasks to queue
[2023-10-14T06:07:37.746+0000] {logging_mixin.py:137} INFO - [2023-10-14T06:07:37.746+0000] {dagbag.py:538} INFO - Filling up the DagBag from /home/airflow/.local/lib/python3.7/site-packages/airflow/example_dags/example_trigger_target_dag.py
[2023-10-14T06:07:37.768+0000] {processor.py:753} INFO - DAG(s) dict_keys(['example_trigger_target_dag']) retrieved from /home/airflow/.local/lib/python3.7/site-packages/airflow/example_dags/example_trigger_target_dag.py
[2023-10-14T06:07:37.793+0000] {logging_mixin.py:137} INFO - [2023-10-14T06:07:37.793+0000] {dag.py:2690} INFO - Sync 1 DAGs
[2023-10-14T06:07:37.816+0000] {logging_mixin.py:137} INFO - [2023-10-14T06:07:37.816+0000] {dag.py:3441} INFO - Setting next_dagrun for example_trigger_target_dag to None, run_after=None
[2023-10-14T06:07:37.838+0000] {processor.py:175} INFO - Processing /home/airflow/.local/lib/python3.7/site-packages/airflow/example_dags/example_trigger_target_dag.py took 0.097 seconds
[2023-10-14T07:32:14.720+0000] {processor.py:153} INFO - Started process (PID=4084) to work on /home/airflow/.local/lib/python3.7/site-packages/airflow/example_dags/example_trigger_target_dag.py
[2023-10-14T07:32:14.721+0000] {processor.py:743} INFO - Processing file /home/airflow/.local/lib/python3.7/site-packages/airflow/example_dags/example_trigger_target_dag.py for tasks to queue
[2023-10-14T07:32:14.722+0000] {logging_mixin.py:137} INFO - [2023-10-14T07:32:14.722+0000] {dagbag.py:538} INFO - Filling up the DagBag from /home/airflow/.local/lib/python3.7/site-packages/airflow/example_dags/example_trigger_target_dag.py
[2023-10-14T07:32:14.743+0000] {processor.py:753} INFO - DAG(s) dict_keys(['example_trigger_target_dag']) retrieved from /home/airflow/.local/lib/python3.7/site-packages/airflow/example_dags/example_trigger_target_dag.py
[2023-10-14T07:32:14.769+0000] {logging_mixin.py:137} INFO - [2023-10-14T07:32:14.768+0000] {dag.py:2690} INFO - Sync 1 DAGs
[2023-10-14T07:32:14.793+0000] {logging_mixin.py:137} INFO - [2023-10-14T07:32:14.792+0000] {dag.py:3441} INFO - Setting next_dagrun for example_trigger_target_dag to None, run_after=None
[2023-10-14T07:32:14.813+0000] {processor.py:175} INFO - Processing /home/airflow/.local/lib/python3.7/site-packages/airflow/example_dags/example_trigger_target_dag.py took 0.096 seconds
[2023-10-14T08:56:34.691+0000] {processor.py:153} INFO - Started process (PID=4176) to work on /home/airflow/.local/lib/python3.7/site-packages/airflow/example_dags/example_trigger_target_dag.py
[2023-10-14T08:56:34.694+0000] {processor.py:743} INFO - Processing file /home/airflow/.local/lib/python3.7/site-packages/airflow/example_dags/example_trigger_target_dag.py for tasks to queue
[2023-10-14T08:56:34.697+0000] {logging_mixin.py:137} INFO - [2023-10-14T08:56:34.696+0000] {dagbag.py:538} INFO - Filling up the DagBag from /home/airflow/.local/lib/python3.7/site-packages/airflow/example_dags/example_trigger_target_dag.py
[2023-10-14T08:56:34.725+0000] {processor.py:753} INFO - DAG(s) dict_keys(['example_trigger_target_dag']) retrieved from /home/airflow/.local/lib/python3.7/site-packages/airflow/example_dags/example_trigger_target_dag.py
[2023-10-14T08:56:34.754+0000] {logging_mixin.py:137} INFO - [2023-10-14T08:56:34.754+0000] {dag.py:2690} INFO - Sync 1 DAGs
[2023-10-14T08:56:34.780+0000] {logging_mixin.py:137} INFO - [2023-10-14T08:56:34.780+0000] {dag.py:3441} INFO - Setting next_dagrun for example_trigger_target_dag to None, run_after=None
[2023-10-14T08:56:34.858+0000] {processor.py:175} INFO - Processing /home/airflow/.local/lib/python3.7/site-packages/airflow/example_dags/example_trigger_target_dag.py took 0.171 seconds
[2023-10-14T10:21:08.486+0000] {processor.py:153} INFO - Started process (PID=4251) to work on /home/airflow/.local/lib/python3.7/site-packages/airflow/example_dags/example_trigger_target_dag.py
[2023-10-14T10:21:08.487+0000] {processor.py:743} INFO - Processing file /home/airflow/.local/lib/python3.7/site-packages/airflow/example_dags/example_trigger_target_dag.py for tasks to queue
[2023-10-14T10:21:08.489+0000] {logging_mixin.py:137} INFO - [2023-10-14T10:21:08.489+0000] {dagbag.py:538} INFO - Filling up the DagBag from /home/airflow/.local/lib/python3.7/site-packages/airflow/example_dags/example_trigger_target_dag.py
[2023-10-14T10:21:08.519+0000] {processor.py:753} INFO - DAG(s) dict_keys(['example_trigger_target_dag']) retrieved from /home/airflow/.local/lib/python3.7/site-packages/airflow/example_dags/example_trigger_target_dag.py
[2023-10-14T10:21:08.586+0000] {logging_mixin.py:137} INFO - [2023-10-14T10:21:08.586+0000] {dag.py:2690} INFO - Sync 1 DAGs
[2023-10-14T10:21:08.678+0000] {logging_mixin.py:137} INFO - [2023-10-14T10:21:08.678+0000] {dag.py:3441} INFO - Setting next_dagrun for example_trigger_target_dag to None, run_after=None
[2023-10-14T10:21:08.723+0000] {processor.py:175} INFO - Processing /home/airflow/.local/lib/python3.7/site-packages/airflow/example_dags/example_trigger_target_dag.py took 0.242 seconds
[2023-10-14T12:01:25.753+0000] {processor.py:153} INFO - Started process (PID=4326) to work on /home/airflow/.local/lib/python3.7/site-packages/airflow/example_dags/example_trigger_target_dag.py
[2023-10-14T12:01:25.753+0000] {processor.py:743} INFO - Processing file /home/airflow/.local/lib/python3.7/site-packages/airflow/example_dags/example_trigger_target_dag.py for tasks to queue
[2023-10-14T12:01:25.755+0000] {logging_mixin.py:137} INFO - [2023-10-14T12:01:25.754+0000] {dagbag.py:538} INFO - Filling up the DagBag from /home/airflow/.local/lib/python3.7/site-packages/airflow/example_dags/example_trigger_target_dag.py
[2023-10-14T12:01:25.777+0000] {processor.py:753} INFO - DAG(s) dict_keys(['example_trigger_target_dag']) retrieved from /home/airflow/.local/lib/python3.7/site-packages/airflow/example_dags/example_trigger_target_dag.py
[2023-10-14T12:01:25.802+0000] {logging_mixin.py:137} INFO - [2023-10-14T12:01:25.802+0000] {dag.py:2690} INFO - Sync 1 DAGs
[2023-10-14T12:01:25.826+0000] {logging_mixin.py:137} INFO - [2023-10-14T12:01:25.826+0000] {dag.py:3441} INFO - Setting next_dagrun for example_trigger_target_dag to None, run_after=None
[2023-10-14T12:01:25.846+0000] {processor.py:175} INFO - Processing /home/airflow/.local/lib/python3.7/site-packages/airflow/example_dags/example_trigger_target_dag.py took 0.096 seconds
[2023-10-14T13:27:33.570+0000] {processor.py:153} INFO - Started process (PID=4418) to work on /home/airflow/.local/lib/python3.7/site-packages/airflow/example_dags/example_trigger_target_dag.py
[2023-10-14T13:27:33.574+0000] {processor.py:743} INFO - Processing file /home/airflow/.local/lib/python3.7/site-packages/airflow/example_dags/example_trigger_target_dag.py for tasks to queue
[2023-10-14T13:27:33.576+0000] {logging_mixin.py:137} INFO - [2023-10-14T13:27:33.576+0000] {dagbag.py:538} INFO - Filling up the DagBag from /home/airflow/.local/lib/python3.7/site-packages/airflow/example_dags/example_trigger_target_dag.py
[2023-10-14T13:27:33.604+0000] {processor.py:753} INFO - DAG(s) dict_keys(['example_trigger_target_dag']) retrieved from /home/airflow/.local/lib/python3.7/site-packages/airflow/example_dags/example_trigger_target_dag.py
[2023-10-14T13:27:33.642+0000] {logging_mixin.py:137} INFO - [2023-10-14T13:27:33.641+0000] {dag.py:2690} INFO - Sync 1 DAGs
[2023-10-14T13:27:33.669+0000] {logging_mixin.py:137} INFO - [2023-10-14T13:27:33.669+0000] {dag.py:3441} INFO - Setting next_dagrun for example_trigger_target_dag to None, run_after=None
[2023-10-14T13:27:33.699+0000] {processor.py:175} INFO - Processing /home/airflow/.local/lib/python3.7/site-packages/airflow/example_dags/example_trigger_target_dag.py took 0.133 seconds
[2023-10-14T14:19:07.485+0000] {processor.py:153} INFO - Started process (PID=4493) to work on /home/airflow/.local/lib/python3.7/site-packages/airflow/example_dags/example_trigger_target_dag.py
[2023-10-14T14:19:07.485+0000] {processor.py:743} INFO - Processing file /home/airflow/.local/lib/python3.7/site-packages/airflow/example_dags/example_trigger_target_dag.py for tasks to queue
[2023-10-14T14:19:07.486+0000] {logging_mixin.py:137} INFO - [2023-10-14T14:19:07.486+0000] {dagbag.py:538} INFO - Filling up the DagBag from /home/airflow/.local/lib/python3.7/site-packages/airflow/example_dags/example_trigger_target_dag.py
[2023-10-14T14:19:07.506+0000] {processor.py:753} INFO - DAG(s) dict_keys(['example_trigger_target_dag']) retrieved from /home/airflow/.local/lib/python3.7/site-packages/airflow/example_dags/example_trigger_target_dag.py
[2023-10-14T14:19:07.527+0000] {logging_mixin.py:137} INFO - [2023-10-14T14:19:07.527+0000] {dag.py:2690} INFO - Sync 1 DAGs
[2023-10-14T14:19:07.545+0000] {logging_mixin.py:137} INFO - [2023-10-14T14:19:07.545+0000] {dag.py:3441} INFO - Setting next_dagrun for example_trigger_target_dag to None, run_after=None
[2023-10-14T14:19:07.568+0000] {processor.py:175} INFO - Processing /home/airflow/.local/lib/python3.7/site-packages/airflow/example_dags/example_trigger_target_dag.py took 0.087 seconds
[2023-10-14T15:42:09.547+0000] {processor.py:153} INFO - Started process (PID=4567) to work on /home/airflow/.local/lib/python3.7/site-packages/airflow/example_dags/example_trigger_target_dag.py
[2023-10-14T15:42:09.549+0000] {processor.py:743} INFO - Processing file /home/airflow/.local/lib/python3.7/site-packages/airflow/example_dags/example_trigger_target_dag.py for tasks to queue
[2023-10-14T15:42:09.550+0000] {logging_mixin.py:137} INFO - [2023-10-14T15:42:09.550+0000] {dagbag.py:538} INFO - Filling up the DagBag from /home/airflow/.local/lib/python3.7/site-packages/airflow/example_dags/example_trigger_target_dag.py
[2023-10-14T15:42:09.582+0000] {processor.py:753} INFO - DAG(s) dict_keys(['example_trigger_target_dag']) retrieved from /home/airflow/.local/lib/python3.7/site-packages/airflow/example_dags/example_trigger_target_dag.py
[2023-10-14T15:42:09.613+0000] {logging_mixin.py:137} INFO - [2023-10-14T15:42:09.613+0000] {dag.py:2690} INFO - Sync 1 DAGs
[2023-10-14T15:42:09.642+0000] {logging_mixin.py:137} INFO - [2023-10-14T15:42:09.642+0000] {dag.py:3441} INFO - Setting next_dagrun for example_trigger_target_dag to None, run_after=None
[2023-10-14T15:42:09.672+0000] {processor.py:175} INFO - Processing /home/airflow/.local/lib/python3.7/site-packages/airflow/example_dags/example_trigger_target_dag.py took 0.129 seconds
[2023-10-14T16:57:32.140+0000] {processor.py:153} INFO - Started process (PID=4660) to work on /home/airflow/.local/lib/python3.7/site-packages/airflow/example_dags/example_trigger_target_dag.py
[2023-10-14T16:57:32.142+0000] {processor.py:743} INFO - Processing file /home/airflow/.local/lib/python3.7/site-packages/airflow/example_dags/example_trigger_target_dag.py for tasks to queue
[2023-10-14T16:57:32.143+0000] {logging_mixin.py:137} INFO - [2023-10-14T16:57:32.143+0000] {dagbag.py:538} INFO - Filling up the DagBag from /home/airflow/.local/lib/python3.7/site-packages/airflow/example_dags/example_trigger_target_dag.py
[2023-10-14T16:57:32.162+0000] {processor.py:753} INFO - DAG(s) dict_keys(['example_trigger_target_dag']) retrieved from /home/airflow/.local/lib/python3.7/site-packages/airflow/example_dags/example_trigger_target_dag.py
[2023-10-14T16:57:32.261+0000] {logging_mixin.py:137} INFO - [2023-10-14T16:57:32.261+0000] {dag.py:2690} INFO - Sync 1 DAGs
[2023-10-14T16:57:32.318+0000] {logging_mixin.py:137} INFO - [2023-10-14T16:57:32.318+0000] {dag.py:3441} INFO - Setting next_dagrun for example_trigger_target_dag to None, run_after=None
[2023-10-14T16:57:32.404+0000] {processor.py:175} INFO - Processing /home/airflow/.local/lib/python3.7/site-packages/airflow/example_dags/example_trigger_target_dag.py took 0.266 seconds
[2023-10-14T16:58:02.994+0000] {processor.py:153} INFO - Started process (PID=4735) to work on /home/airflow/.local/lib/python3.7/site-packages/airflow/example_dags/example_trigger_target_dag.py
[2023-10-14T16:58:02.995+0000] {processor.py:743} INFO - Processing file /home/airflow/.local/lib/python3.7/site-packages/airflow/example_dags/example_trigger_target_dag.py for tasks to queue
[2023-10-14T16:58:02.996+0000] {logging_mixin.py:137} INFO - [2023-10-14T16:58:02.996+0000] {dagbag.py:538} INFO - Filling up the DagBag from /home/airflow/.local/lib/python3.7/site-packages/airflow/example_dags/example_trigger_target_dag.py
[2023-10-14T16:58:03.014+0000] {processor.py:753} INFO - DAG(s) dict_keys(['example_trigger_target_dag']) retrieved from /home/airflow/.local/lib/python3.7/site-packages/airflow/example_dags/example_trigger_target_dag.py
[2023-10-14T16:58:03.042+0000] {logging_mixin.py:137} INFO - [2023-10-14T16:58:03.042+0000] {dag.py:2690} INFO - Sync 1 DAGs
[2023-10-14T16:58:03.066+0000] {logging_mixin.py:137} INFO - [2023-10-14T16:58:03.066+0000] {dag.py:3441} INFO - Setting next_dagrun for example_trigger_target_dag to None, run_after=None
[2023-10-14T16:58:03.086+0000] {processor.py:175} INFO - Processing /home/airflow/.local/lib/python3.7/site-packages/airflow/example_dags/example_trigger_target_dag.py took 0.096 seconds
[2023-10-14T16:58:33.410+0000] {processor.py:153} INFO - Started process (PID=4827) to work on /home/airflow/.local/lib/python3.7/site-packages/airflow/example_dags/example_trigger_target_dag.py
[2023-10-14T16:58:33.412+0000] {processor.py:743} INFO - Processing file /home/airflow/.local/lib/python3.7/site-packages/airflow/example_dags/example_trigger_target_dag.py for tasks to queue
[2023-10-14T16:58:33.414+0000] {logging_mixin.py:137} INFO - [2023-10-14T16:58:33.414+0000] {dagbag.py:538} INFO - Filling up the DagBag from /home/airflow/.local/lib/python3.7/site-packages/airflow/example_dags/example_trigger_target_dag.py
[2023-10-14T16:58:33.442+0000] {processor.py:753} INFO - DAG(s) dict_keys(['example_trigger_target_dag']) retrieved from /home/airflow/.local/lib/python3.7/site-packages/airflow/example_dags/example_trigger_target_dag.py
[2023-10-14T16:58:33.492+0000] {logging_mixin.py:137} INFO - [2023-10-14T16:58:33.492+0000] {dag.py:2690} INFO - Sync 1 DAGs
[2023-10-14T16:58:33.521+0000] {logging_mixin.py:137} INFO - [2023-10-14T16:58:33.521+0000] {dag.py:3441} INFO - Setting next_dagrun for example_trigger_target_dag to None, run_after=None
[2023-10-14T16:58:33.575+0000] {processor.py:175} INFO - Processing /home/airflow/.local/lib/python3.7/site-packages/airflow/example_dags/example_trigger_target_dag.py took 0.168 seconds
[2023-10-14T16:59:03.913+0000] {processor.py:153} INFO - Started process (PID=4902) to work on /home/airflow/.local/lib/python3.7/site-packages/airflow/example_dags/example_trigger_target_dag.py
[2023-10-14T16:59:03.915+0000] {processor.py:743} INFO - Processing file /home/airflow/.local/lib/python3.7/site-packages/airflow/example_dags/example_trigger_target_dag.py for tasks to queue
[2023-10-14T16:59:03.916+0000] {logging_mixin.py:137} INFO - [2023-10-14T16:59:03.916+0000] {dagbag.py:538} INFO - Filling up the DagBag from /home/airflow/.local/lib/python3.7/site-packages/airflow/example_dags/example_trigger_target_dag.py
[2023-10-14T16:59:03.943+0000] {processor.py:753} INFO - DAG(s) dict_keys(['example_trigger_target_dag']) retrieved from /home/airflow/.local/lib/python3.7/site-packages/airflow/example_dags/example_trigger_target_dag.py
[2023-10-14T16:59:03.977+0000] {logging_mixin.py:137} INFO - [2023-10-14T16:59:03.976+0000] {dag.py:2690} INFO - Sync 1 DAGs
[2023-10-14T16:59:04.003+0000] {logging_mixin.py:137} INFO - [2023-10-14T16:59:04.002+0000] {dag.py:3441} INFO - Setting next_dagrun for example_trigger_target_dag to None, run_after=None
[2023-10-14T16:59:04.032+0000] {processor.py:175} INFO - Processing /home/airflow/.local/lib/python3.7/site-packages/airflow/example_dags/example_trigger_target_dag.py took 0.124 seconds
[2023-10-14T16:59:34.769+0000] {processor.py:153} INFO - Started process (PID=4995) to work on /home/airflow/.local/lib/python3.7/site-packages/airflow/example_dags/example_trigger_target_dag.py
[2023-10-14T16:59:34.771+0000] {processor.py:743} INFO - Processing file /home/airflow/.local/lib/python3.7/site-packages/airflow/example_dags/example_trigger_target_dag.py for tasks to queue
[2023-10-14T16:59:34.772+0000] {logging_mixin.py:137} INFO - [2023-10-14T16:59:34.772+0000] {dagbag.py:538} INFO - Filling up the DagBag from /home/airflow/.local/lib/python3.7/site-packages/airflow/example_dags/example_trigger_target_dag.py
[2023-10-14T16:59:34.797+0000] {processor.py:753} INFO - DAG(s) dict_keys(['example_trigger_target_dag']) retrieved from /home/airflow/.local/lib/python3.7/site-packages/airflow/example_dags/example_trigger_target_dag.py
[2023-10-14T16:59:34.831+0000] {logging_mixin.py:137} INFO - [2023-10-14T16:59:34.831+0000] {dag.py:2690} INFO - Sync 1 DAGs
[2023-10-14T16:59:34.861+0000] {logging_mixin.py:137} INFO - [2023-10-14T16:59:34.861+0000] {dag.py:3441} INFO - Setting next_dagrun for example_trigger_target_dag to None, run_after=None
[2023-10-14T16:59:34.884+0000] {processor.py:175} INFO - Processing /home/airflow/.local/lib/python3.7/site-packages/airflow/example_dags/example_trigger_target_dag.py took 0.118 seconds
[2023-10-14T17:00:05.172+0000] {processor.py:153} INFO - Started process (PID=5070) to work on /home/airflow/.local/lib/python3.7/site-packages/airflow/example_dags/example_trigger_target_dag.py
[2023-10-14T17:00:05.174+0000] {processor.py:743} INFO - Processing file /home/airflow/.local/lib/python3.7/site-packages/airflow/example_dags/example_trigger_target_dag.py for tasks to queue
[2023-10-14T17:00:05.175+0000] {logging_mixin.py:137} INFO - [2023-10-14T17:00:05.175+0000] {dagbag.py:538} INFO - Filling up the DagBag from /home/airflow/.local/lib/python3.7/site-packages/airflow/example_dags/example_trigger_target_dag.py
[2023-10-14T17:00:05.200+0000] {processor.py:753} INFO - DAG(s) dict_keys(['example_trigger_target_dag']) retrieved from /home/airflow/.local/lib/python3.7/site-packages/airflow/example_dags/example_trigger_target_dag.py
[2023-10-14T17:00:05.234+0000] {logging_mixin.py:137} INFO - [2023-10-14T17:00:05.234+0000] {dag.py:2690} INFO - Sync 1 DAGs
[2023-10-14T17:00:05.260+0000] {logging_mixin.py:137} INFO - [2023-10-14T17:00:05.260+0000] {dag.py:3441} INFO - Setting next_dagrun for example_trigger_target_dag to None, run_after=None
[2023-10-14T17:00:05.280+0000] {processor.py:175} INFO - Processing /home/airflow/.local/lib/python3.7/site-packages/airflow/example_dags/example_trigger_target_dag.py took 0.118 seconds
[2023-10-14T17:00:35.761+0000] {processor.py:153} INFO - Started process (PID=5163) to work on /home/airflow/.local/lib/python3.7/site-packages/airflow/example_dags/example_trigger_target_dag.py
[2023-10-14T17:00:35.763+0000] {processor.py:743} INFO - Processing file /home/airflow/.local/lib/python3.7/site-packages/airflow/example_dags/example_trigger_target_dag.py for tasks to queue
[2023-10-14T17:00:35.766+0000] {logging_mixin.py:137} INFO - [2023-10-14T17:00:35.766+0000] {dagbag.py:538} INFO - Filling up the DagBag from /home/airflow/.local/lib/python3.7/site-packages/airflow/example_dags/example_trigger_target_dag.py
[2023-10-14T17:00:35.791+0000] {processor.py:753} INFO - DAG(s) dict_keys(['example_trigger_target_dag']) retrieved from /home/airflow/.local/lib/python3.7/site-packages/airflow/example_dags/example_trigger_target_dag.py
[2023-10-14T17:00:35.831+0000] {logging_mixin.py:137} INFO - [2023-10-14T17:00:35.831+0000] {dag.py:2690} INFO - Sync 1 DAGs
[2023-10-14T17:00:35.860+0000] {logging_mixin.py:137} INFO - [2023-10-14T17:00:35.860+0000] {dag.py:3441} INFO - Setting next_dagrun for example_trigger_target_dag to None, run_after=None
[2023-10-14T17:00:35.889+0000] {processor.py:175} INFO - Processing /home/airflow/.local/lib/python3.7/site-packages/airflow/example_dags/example_trigger_target_dag.py took 0.132 seconds
[2023-10-14T17:01:06.229+0000] {processor.py:153} INFO - Started process (PID=5247) to work on /home/airflow/.local/lib/python3.7/site-packages/airflow/example_dags/example_trigger_target_dag.py
[2023-10-14T17:01:06.231+0000] {processor.py:743} INFO - Processing file /home/airflow/.local/lib/python3.7/site-packages/airflow/example_dags/example_trigger_target_dag.py for tasks to queue
[2023-10-14T17:01:06.234+0000] {logging_mixin.py:137} INFO - [2023-10-14T17:01:06.234+0000] {dagbag.py:538} INFO - Filling up the DagBag from /home/airflow/.local/lib/python3.7/site-packages/airflow/example_dags/example_trigger_target_dag.py
[2023-10-14T17:01:06.259+0000] {processor.py:753} INFO - DAG(s) dict_keys(['example_trigger_target_dag']) retrieved from /home/airflow/.local/lib/python3.7/site-packages/airflow/example_dags/example_trigger_target_dag.py
[2023-10-14T17:01:06.295+0000] {logging_mixin.py:137} INFO - [2023-10-14T17:01:06.294+0000] {dag.py:2690} INFO - Sync 1 DAGs
[2023-10-14T17:01:06.320+0000] {logging_mixin.py:137} INFO - [2023-10-14T17:01:06.319+0000] {dag.py:3441} INFO - Setting next_dagrun for example_trigger_target_dag to None, run_after=None
[2023-10-14T17:01:06.346+0000] {processor.py:175} INFO - Processing /home/airflow/.local/lib/python3.7/site-packages/airflow/example_dags/example_trigger_target_dag.py took 0.120 seconds
[2023-10-14T17:01:37.773+0000] {processor.py:153} INFO - Started process (PID=5331) to work on /home/airflow/.local/lib/python3.7/site-packages/airflow/example_dags/example_trigger_target_dag.py
[2023-10-14T17:01:37.774+0000] {processor.py:743} INFO - Processing file /home/airflow/.local/lib/python3.7/site-packages/airflow/example_dags/example_trigger_target_dag.py for tasks to queue
[2023-10-14T17:01:37.775+0000] {logging_mixin.py:137} INFO - [2023-10-14T17:01:37.775+0000] {dagbag.py:538} INFO - Filling up the DagBag from /home/airflow/.local/lib/python3.7/site-packages/airflow/example_dags/example_trigger_target_dag.py
[2023-10-14T17:01:37.812+0000] {processor.py:753} INFO - DAG(s) dict_keys(['example_trigger_target_dag']) retrieved from /home/airflow/.local/lib/python3.7/site-packages/airflow/example_dags/example_trigger_target_dag.py
[2023-10-14T17:01:37.854+0000] {logging_mixin.py:137} INFO - [2023-10-14T17:01:37.854+0000] {dag.py:2690} INFO - Sync 1 DAGs
[2023-10-14T17:01:37.885+0000] {logging_mixin.py:137} INFO - [2023-10-14T17:01:37.885+0000] {dag.py:3441} INFO - Setting next_dagrun for example_trigger_target_dag to None, run_after=None
[2023-10-14T17:01:38.005+0000] {processor.py:175} INFO - Processing /home/airflow/.local/lib/python3.7/site-packages/airflow/example_dags/example_trigger_target_dag.py took 0.237 seconds
[2023-10-14T17:02:08.793+0000] {processor.py:153} INFO - Started process (PID=5424) to work on /home/airflow/.local/lib/python3.7/site-packages/airflow/example_dags/example_trigger_target_dag.py
[2023-10-14T17:02:08.794+0000] {processor.py:743} INFO - Processing file /home/airflow/.local/lib/python3.7/site-packages/airflow/example_dags/example_trigger_target_dag.py for tasks to queue
[2023-10-14T17:02:08.795+0000] {logging_mixin.py:137} INFO - [2023-10-14T17:02:08.795+0000] {dagbag.py:538} INFO - Filling up the DagBag from /home/airflow/.local/lib/python3.7/site-packages/airflow/example_dags/example_trigger_target_dag.py
[2023-10-14T17:02:08.813+0000] {processor.py:753} INFO - DAG(s) dict_keys(['example_trigger_target_dag']) retrieved from /home/airflow/.local/lib/python3.7/site-packages/airflow/example_dags/example_trigger_target_dag.py
[2023-10-14T17:02:08.848+0000] {logging_mixin.py:137} INFO - [2023-10-14T17:02:08.848+0000] {dag.py:2690} INFO - Sync 1 DAGs
[2023-10-14T17:02:08.870+0000] {logging_mixin.py:137} INFO - [2023-10-14T17:02:08.870+0000] {dag.py:3441} INFO - Setting next_dagrun for example_trigger_target_dag to None, run_after=None
[2023-10-14T17:02:08.892+0000] {processor.py:175} INFO - Processing /home/airflow/.local/lib/python3.7/site-packages/airflow/example_dags/example_trigger_target_dag.py took 0.101 seconds
[2023-10-14T17:02:39.378+0000] {processor.py:153} INFO - Started process (PID=5499) to work on /home/airflow/.local/lib/python3.7/site-packages/airflow/example_dags/example_trigger_target_dag.py
[2023-10-14T17:02:39.380+0000] {processor.py:743} INFO - Processing file /home/airflow/.local/lib/python3.7/site-packages/airflow/example_dags/example_trigger_target_dag.py for tasks to queue
[2023-10-14T17:02:39.382+0000] {logging_mixin.py:137} INFO - [2023-10-14T17:02:39.382+0000] {dagbag.py:538} INFO - Filling up the DagBag from /home/airflow/.local/lib/python3.7/site-packages/airflow/example_dags/example_trigger_target_dag.py
[2023-10-14T17:02:39.401+0000] {processor.py:753} INFO - DAG(s) dict_keys(['example_trigger_target_dag']) retrieved from /home/airflow/.local/lib/python3.7/site-packages/airflow/example_dags/example_trigger_target_dag.py
[2023-10-14T17:02:39.427+0000] {logging_mixin.py:137} INFO - [2023-10-14T17:02:39.427+0000] {dag.py:2690} INFO - Sync 1 DAGs
[2023-10-14T17:02:39.451+0000] {logging_mixin.py:137} INFO - [2023-10-14T17:02:39.451+0000] {dag.py:3441} INFO - Setting next_dagrun for example_trigger_target_dag to None, run_after=None
[2023-10-14T17:02:39.469+0000] {processor.py:175} INFO - Processing /home/airflow/.local/lib/python3.7/site-packages/airflow/example_dags/example_trigger_target_dag.py took 0.096 seconds
[2023-10-14T17:03:10.351+0000] {processor.py:153} INFO - Started process (PID=5592) to work on /home/airflow/.local/lib/python3.7/site-packages/airflow/example_dags/example_trigger_target_dag.py
[2023-10-14T17:03:10.353+0000] {processor.py:743} INFO - Processing file /home/airflow/.local/lib/python3.7/site-packages/airflow/example_dags/example_trigger_target_dag.py for tasks to queue
[2023-10-14T17:03:10.355+0000] {logging_mixin.py:137} INFO - [2023-10-14T17:03:10.355+0000] {dagbag.py:538} INFO - Filling up the DagBag from /home/airflow/.local/lib/python3.7/site-packages/airflow/example_dags/example_trigger_target_dag.py
[2023-10-14T17:03:10.377+0000] {processor.py:753} INFO - DAG(s) dict_keys(['example_trigger_target_dag']) retrieved from /home/airflow/.local/lib/python3.7/site-packages/airflow/example_dags/example_trigger_target_dag.py
[2023-10-14T17:03:10.410+0000] {logging_mixin.py:137} INFO - [2023-10-14T17:03:10.410+0000] {dag.py:2690} INFO - Sync 1 DAGs
[2023-10-14T17:03:10.443+0000] {logging_mixin.py:137} INFO - [2023-10-14T17:03:10.443+0000] {dag.py:3441} INFO - Setting next_dagrun for example_trigger_target_dag to None, run_after=None
[2023-10-14T17:03:10.467+0000] {processor.py:175} INFO - Processing /home/airflow/.local/lib/python3.7/site-packages/airflow/example_dags/example_trigger_target_dag.py took 0.119 seconds
[2023-10-14T17:03:41.338+0000] {processor.py:153} INFO - Started process (PID=5666) to work on /home/airflow/.local/lib/python3.7/site-packages/airflow/example_dags/example_trigger_target_dag.py
[2023-10-14T17:03:41.343+0000] {processor.py:743} INFO - Processing file /home/airflow/.local/lib/python3.7/site-packages/airflow/example_dags/example_trigger_target_dag.py for tasks to queue
[2023-10-14T17:03:41.358+0000] {logging_mixin.py:137} INFO - [2023-10-14T17:03:41.358+0000] {dagbag.py:538} INFO - Filling up the DagBag from /home/airflow/.local/lib/python3.7/site-packages/airflow/example_dags/example_trigger_target_dag.py
[2023-10-14T17:03:41.624+0000] {processor.py:753} INFO - DAG(s) dict_keys(['example_trigger_target_dag']) retrieved from /home/airflow/.local/lib/python3.7/site-packages/airflow/example_dags/example_trigger_target_dag.py
[2023-10-14T17:03:41.782+0000] {logging_mixin.py:137} INFO - [2023-10-14T17:03:41.780+0000] {dag.py:2690} INFO - Sync 1 DAGs
[2023-10-14T17:03:41.966+0000] {logging_mixin.py:137} INFO - [2023-10-14T17:03:41.966+0000] {dag.py:3441} INFO - Setting next_dagrun for example_trigger_target_dag to None, run_after=None
[2023-10-14T17:03:42.056+0000] {processor.py:175} INFO - Processing /home/airflow/.local/lib/python3.7/site-packages/airflow/example_dags/example_trigger_target_dag.py took 0.726 seconds
[2023-10-14T17:04:12.535+0000] {processor.py:153} INFO - Started process (PID=5758) to work on /home/airflow/.local/lib/python3.7/site-packages/airflow/example_dags/example_trigger_target_dag.py
[2023-10-14T17:04:12.544+0000] {processor.py:743} INFO - Processing file /home/airflow/.local/lib/python3.7/site-packages/airflow/example_dags/example_trigger_target_dag.py for tasks to queue
[2023-10-14T17:04:12.559+0000] {logging_mixin.py:137} INFO - [2023-10-14T17:04:12.558+0000] {dagbag.py:538} INFO - Filling up the DagBag from /home/airflow/.local/lib/python3.7/site-packages/airflow/example_dags/example_trigger_target_dag.py
[2023-10-14T17:04:12.588+0000] {processor.py:753} INFO - DAG(s) dict_keys(['example_trigger_target_dag']) retrieved from /home/airflow/.local/lib/python3.7/site-packages/airflow/example_dags/example_trigger_target_dag.py
[2023-10-14T17:04:12.686+0000] {logging_mixin.py:137} INFO - [2023-10-14T17:04:12.686+0000] {dag.py:2690} INFO - Sync 1 DAGs
[2023-10-14T17:04:12.749+0000] {logging_mixin.py:137} INFO - [2023-10-14T17:04:12.749+0000] {dag.py:3441} INFO - Setting next_dagrun for example_trigger_target_dag to None, run_after=None
[2023-10-14T17:04:12.834+0000] {processor.py:175} INFO - Processing /home/airflow/.local/lib/python3.7/site-packages/airflow/example_dags/example_trigger_target_dag.py took 0.301 seconds
[2023-10-14T17:04:43.404+0000] {processor.py:153} INFO - Started process (PID=5833) to work on /home/airflow/.local/lib/python3.7/site-packages/airflow/example_dags/example_trigger_target_dag.py
[2023-10-14T17:04:43.405+0000] {processor.py:743} INFO - Processing file /home/airflow/.local/lib/python3.7/site-packages/airflow/example_dags/example_trigger_target_dag.py for tasks to queue
[2023-10-14T17:04:43.406+0000] {logging_mixin.py:137} INFO - [2023-10-14T17:04:43.405+0000] {dagbag.py:538} INFO - Filling up the DagBag from /home/airflow/.local/lib/python3.7/site-packages/airflow/example_dags/example_trigger_target_dag.py
[2023-10-14T17:04:43.427+0000] {processor.py:753} INFO - DAG(s) dict_keys(['example_trigger_target_dag']) retrieved from /home/airflow/.local/lib/python3.7/site-packages/airflow/example_dags/example_trigger_target_dag.py
[2023-10-14T17:04:43.453+0000] {logging_mixin.py:137} INFO - [2023-10-14T17:04:43.453+0000] {dag.py:2690} INFO - Sync 1 DAGs
[2023-10-14T17:04:43.495+0000] {logging_mixin.py:137} INFO - [2023-10-14T17:04:43.495+0000] {dag.py:3441} INFO - Setting next_dagrun for example_trigger_target_dag to None, run_after=None
[2023-10-14T17:04:43.514+0000] {processor.py:175} INFO - Processing /home/airflow/.local/lib/python3.7/site-packages/airflow/example_dags/example_trigger_target_dag.py took 0.114 seconds
[2023-10-14T17:05:13.613+0000] {processor.py:153} INFO - Started process (PID=5917) to work on /home/airflow/.local/lib/python3.7/site-packages/airflow/example_dags/example_trigger_target_dag.py
[2023-10-14T17:05:13.615+0000] {processor.py:743} INFO - Processing file /home/airflow/.local/lib/python3.7/site-packages/airflow/example_dags/example_trigger_target_dag.py for tasks to queue
[2023-10-14T17:05:13.617+0000] {logging_mixin.py:137} INFO - [2023-10-14T17:05:13.617+0000] {dagbag.py:538} INFO - Filling up the DagBag from /home/airflow/.local/lib/python3.7/site-packages/airflow/example_dags/example_trigger_target_dag.py
[2023-10-14T17:05:13.641+0000] {processor.py:753} INFO - DAG(s) dict_keys(['example_trigger_target_dag']) retrieved from /home/airflow/.local/lib/python3.7/site-packages/airflow/example_dags/example_trigger_target_dag.py
[2023-10-14T17:05:13.687+0000] {logging_mixin.py:137} INFO - [2023-10-14T17:05:13.687+0000] {dag.py:2690} INFO - Sync 1 DAGs
[2023-10-14T17:05:13.719+0000] {logging_mixin.py:137} INFO - [2023-10-14T17:05:13.719+0000] {dag.py:3441} INFO - Setting next_dagrun for example_trigger_target_dag to None, run_after=None
[2023-10-14T17:05:13.750+0000] {processor.py:175} INFO - Processing /home/airflow/.local/lib/python3.7/site-packages/airflow/example_dags/example_trigger_target_dag.py took 0.143 seconds
[2023-10-14T17:05:44.312+0000] {processor.py:153} INFO - Started process (PID=6000) to work on /home/airflow/.local/lib/python3.7/site-packages/airflow/example_dags/example_trigger_target_dag.py
[2023-10-14T17:05:44.318+0000] {processor.py:743} INFO - Processing file /home/airflow/.local/lib/python3.7/site-packages/airflow/example_dags/example_trigger_target_dag.py for tasks to queue
[2023-10-14T17:05:44.321+0000] {logging_mixin.py:137} INFO - [2023-10-14T17:05:44.321+0000] {dagbag.py:538} INFO - Filling up the DagBag from /home/airflow/.local/lib/python3.7/site-packages/airflow/example_dags/example_trigger_target_dag.py
[2023-10-14T17:05:44.349+0000] {processor.py:753} INFO - DAG(s) dict_keys(['example_trigger_target_dag']) retrieved from /home/airflow/.local/lib/python3.7/site-packages/airflow/example_dags/example_trigger_target_dag.py
[2023-10-14T17:05:44.391+0000] {logging_mixin.py:137} INFO - [2023-10-14T17:05:44.391+0000] {dag.py:2690} INFO - Sync 1 DAGs
[2023-10-14T17:05:44.429+0000] {logging_mixin.py:137} INFO - [2023-10-14T17:05:44.429+0000] {dag.py:3441} INFO - Setting next_dagrun for example_trigger_target_dag to None, run_after=None
[2023-10-14T17:05:44.462+0000] {processor.py:175} INFO - Processing /home/airflow/.local/lib/python3.7/site-packages/airflow/example_dags/example_trigger_target_dag.py took 0.154 seconds
[2023-10-14T17:06:14.580+0000] {processor.py:153} INFO - Started process (PID=6084) to work on /home/airflow/.local/lib/python3.7/site-packages/airflow/example_dags/example_trigger_target_dag.py
[2023-10-14T17:06:14.581+0000] {processor.py:743} INFO - Processing file /home/airflow/.local/lib/python3.7/site-packages/airflow/example_dags/example_trigger_target_dag.py for tasks to queue
[2023-10-14T17:06:14.583+0000] {logging_mixin.py:137} INFO - [2023-10-14T17:06:14.582+0000] {dagbag.py:538} INFO - Filling up the DagBag from /home/airflow/.local/lib/python3.7/site-packages/airflow/example_dags/example_trigger_target_dag.py
[2023-10-14T17:06:14.610+0000] {processor.py:753} INFO - DAG(s) dict_keys(['example_trigger_target_dag']) retrieved from /home/airflow/.local/lib/python3.7/site-packages/airflow/example_dags/example_trigger_target_dag.py
[2023-10-14T17:06:14.654+0000] {logging_mixin.py:137} INFO - [2023-10-14T17:06:14.654+0000] {dag.py:2690} INFO - Sync 1 DAGs
[2023-10-14T17:06:14.696+0000] {logging_mixin.py:137} INFO - [2023-10-14T17:06:14.695+0000] {dag.py:3441} INFO - Setting next_dagrun for example_trigger_target_dag to None, run_after=None
[2023-10-14T17:06:14.764+0000] {processor.py:175} INFO - Processing /home/airflow/.local/lib/python3.7/site-packages/airflow/example_dags/example_trigger_target_dag.py took 0.188 seconds
[2023-10-14T17:06:44.996+0000] {processor.py:153} INFO - Started process (PID=6168) to work on /home/airflow/.local/lib/python3.7/site-packages/airflow/example_dags/example_trigger_target_dag.py
[2023-10-14T17:06:44.999+0000] {processor.py:743} INFO - Processing file /home/airflow/.local/lib/python3.7/site-packages/airflow/example_dags/example_trigger_target_dag.py for tasks to queue
[2023-10-14T17:06:45.001+0000] {logging_mixin.py:137} INFO - [2023-10-14T17:06:45.001+0000] {dagbag.py:538} INFO - Filling up the DagBag from /home/airflow/.local/lib/python3.7/site-packages/airflow/example_dags/example_trigger_target_dag.py
[2023-10-14T17:06:45.030+0000] {processor.py:753} INFO - DAG(s) dict_keys(['example_trigger_target_dag']) retrieved from /home/airflow/.local/lib/python3.7/site-packages/airflow/example_dags/example_trigger_target_dag.py
[2023-10-14T17:06:45.086+0000] {logging_mixin.py:137} INFO - [2023-10-14T17:06:45.085+0000] {dag.py:2690} INFO - Sync 1 DAGs
[2023-10-14T17:06:45.117+0000] {logging_mixin.py:137} INFO - [2023-10-14T17:06:45.116+0000] {dag.py:3441} INFO - Setting next_dagrun for example_trigger_target_dag to None, run_after=None
[2023-10-14T17:06:45.135+0000] {processor.py:175} INFO - Processing /home/airflow/.local/lib/python3.7/site-packages/airflow/example_dags/example_trigger_target_dag.py took 0.144 seconds
[2023-10-14T17:07:15.477+0000] {processor.py:153} INFO - Started process (PID=6243) to work on /home/airflow/.local/lib/python3.7/site-packages/airflow/example_dags/example_trigger_target_dag.py
[2023-10-14T17:07:15.478+0000] {processor.py:743} INFO - Processing file /home/airflow/.local/lib/python3.7/site-packages/airflow/example_dags/example_trigger_target_dag.py for tasks to queue
[2023-10-14T17:07:15.479+0000] {logging_mixin.py:137} INFO - [2023-10-14T17:07:15.478+0000] {dagbag.py:538} INFO - Filling up the DagBag from /home/airflow/.local/lib/python3.7/site-packages/airflow/example_dags/example_trigger_target_dag.py
[2023-10-14T17:07:15.503+0000] {processor.py:753} INFO - DAG(s) dict_keys(['example_trigger_target_dag']) retrieved from /home/airflow/.local/lib/python3.7/site-packages/airflow/example_dags/example_trigger_target_dag.py
[2023-10-14T17:07:15.554+0000] {logging_mixin.py:137} INFO - [2023-10-14T17:07:15.554+0000] {dag.py:2690} INFO - Sync 1 DAGs
[2023-10-14T17:07:15.582+0000] {logging_mixin.py:137} INFO - [2023-10-14T17:07:15.582+0000] {dag.py:3441} INFO - Setting next_dagrun for example_trigger_target_dag to None, run_after=None
[2023-10-14T17:07:15.628+0000] {processor.py:175} INFO - Processing /home/airflow/.local/lib/python3.7/site-packages/airflow/example_dags/example_trigger_target_dag.py took 0.153 seconds
[2023-10-14T17:07:46.503+0000] {processor.py:153} INFO - Started process (PID=6335) to work on /home/airflow/.local/lib/python3.7/site-packages/airflow/example_dags/example_trigger_target_dag.py
[2023-10-14T17:07:46.504+0000] {processor.py:743} INFO - Processing file /home/airflow/.local/lib/python3.7/site-packages/airflow/example_dags/example_trigger_target_dag.py for tasks to queue
[2023-10-14T17:07:46.505+0000] {logging_mixin.py:137} INFO - [2023-10-14T17:07:46.505+0000] {dagbag.py:538} INFO - Filling up the DagBag from /home/airflow/.local/lib/python3.7/site-packages/airflow/example_dags/example_trigger_target_dag.py
[2023-10-14T17:07:46.523+0000] {processor.py:753} INFO - DAG(s) dict_keys(['example_trigger_target_dag']) retrieved from /home/airflow/.local/lib/python3.7/site-packages/airflow/example_dags/example_trigger_target_dag.py
[2023-10-14T17:07:46.547+0000] {logging_mixin.py:137} INFO - [2023-10-14T17:07:46.547+0000] {dag.py:2690} INFO - Sync 1 DAGs
[2023-10-14T17:07:46.564+0000] {logging_mixin.py:137} INFO - [2023-10-14T17:07:46.564+0000] {dag.py:3441} INFO - Setting next_dagrun for example_trigger_target_dag to None, run_after=None
[2023-10-14T17:07:46.587+0000] {processor.py:175} INFO - Processing /home/airflow/.local/lib/python3.7/site-packages/airflow/example_dags/example_trigger_target_dag.py took 0.088 seconds
[2023-10-14T17:08:17.082+0000] {processor.py:153} INFO - Started process (PID=6409) to work on /home/airflow/.local/lib/python3.7/site-packages/airflow/example_dags/example_trigger_target_dag.py
[2023-10-14T17:08:17.084+0000] {processor.py:743} INFO - Processing file /home/airflow/.local/lib/python3.7/site-packages/airflow/example_dags/example_trigger_target_dag.py for tasks to queue
[2023-10-14T17:08:17.086+0000] {logging_mixin.py:137} INFO - [2023-10-14T17:08:17.086+0000] {dagbag.py:538} INFO - Filling up the DagBag from /home/airflow/.local/lib/python3.7/site-packages/airflow/example_dags/example_trigger_target_dag.py
[2023-10-14T17:08:17.110+0000] {processor.py:753} INFO - DAG(s) dict_keys(['example_trigger_target_dag']) retrieved from /home/airflow/.local/lib/python3.7/site-packages/airflow/example_dags/example_trigger_target_dag.py
[2023-10-14T17:08:17.145+0000] {logging_mixin.py:137} INFO - [2023-10-14T17:08:17.145+0000] {dag.py:2690} INFO - Sync 1 DAGs
[2023-10-14T17:08:17.171+0000] {logging_mixin.py:137} INFO - [2023-10-14T17:08:17.171+0000] {dag.py:3441} INFO - Setting next_dagrun for example_trigger_target_dag to None, run_after=None
[2023-10-14T17:08:17.189+0000] {processor.py:175} INFO - Processing /home/airflow/.local/lib/python3.7/site-packages/airflow/example_dags/example_trigger_target_dag.py took 0.110 seconds
[2023-10-14T17:08:47.953+0000] {processor.py:153} INFO - Started process (PID=6502) to work on /home/airflow/.local/lib/python3.7/site-packages/airflow/example_dags/example_trigger_target_dag.py
[2023-10-14T17:08:47.954+0000] {processor.py:743} INFO - Processing file /home/airflow/.local/lib/python3.7/site-packages/airflow/example_dags/example_trigger_target_dag.py for tasks to queue
[2023-10-14T17:08:47.955+0000] {logging_mixin.py:137} INFO - [2023-10-14T17:08:47.955+0000] {dagbag.py:538} INFO - Filling up the DagBag from /home/airflow/.local/lib/python3.7/site-packages/airflow/example_dags/example_trigger_target_dag.py
[2023-10-14T17:08:47.975+0000] {processor.py:753} INFO - DAG(s) dict_keys(['example_trigger_target_dag']) retrieved from /home/airflow/.local/lib/python3.7/site-packages/airflow/example_dags/example_trigger_target_dag.py
[2023-10-14T17:08:48.003+0000] {logging_mixin.py:137} INFO - [2023-10-14T17:08:48.003+0000] {dag.py:2690} INFO - Sync 1 DAGs
[2023-10-14T17:08:48.028+0000] {logging_mixin.py:137} INFO - [2023-10-14T17:08:48.028+0000] {dag.py:3441} INFO - Setting next_dagrun for example_trigger_target_dag to None, run_after=None
[2023-10-14T17:08:48.046+0000] {processor.py:175} INFO - Processing /home/airflow/.local/lib/python3.7/site-packages/airflow/example_dags/example_trigger_target_dag.py took 0.097 seconds
[2023-10-14T17:09:18.796+0000] {processor.py:153} INFO - Started process (PID=6577) to work on /home/airflow/.local/lib/python3.7/site-packages/airflow/example_dags/example_trigger_target_dag.py
[2023-10-14T17:09:18.800+0000] {processor.py:743} INFO - Processing file /home/airflow/.local/lib/python3.7/site-packages/airflow/example_dags/example_trigger_target_dag.py for tasks to queue
[2023-10-14T17:09:18.802+0000] {logging_mixin.py:137} INFO - [2023-10-14T17:09:18.802+0000] {dagbag.py:538} INFO - Filling up the DagBag from /home/airflow/.local/lib/python3.7/site-packages/airflow/example_dags/example_trigger_target_dag.py
[2023-10-14T17:09:18.824+0000] {processor.py:753} INFO - DAG(s) dict_keys(['example_trigger_target_dag']) retrieved from /home/airflow/.local/lib/python3.7/site-packages/airflow/example_dags/example_trigger_target_dag.py
[2023-10-14T17:09:18.861+0000] {logging_mixin.py:137} INFO - [2023-10-14T17:09:18.861+0000] {dag.py:2690} INFO - Sync 1 DAGs
[2023-10-14T17:09:18.883+0000] {logging_mixin.py:137} INFO - [2023-10-14T17:09:18.883+0000] {dag.py:3441} INFO - Setting next_dagrun for example_trigger_target_dag to None, run_after=None
[2023-10-14T17:09:18.903+0000] {processor.py:175} INFO - Processing /home/airflow/.local/lib/python3.7/site-packages/airflow/example_dags/example_trigger_target_dag.py took 0.116 seconds
[2023-10-14T17:09:49.377+0000] {processor.py:153} INFO - Started process (PID=6670) to work on /home/airflow/.local/lib/python3.7/site-packages/airflow/example_dags/example_trigger_target_dag.py
[2023-10-14T17:09:49.378+0000] {processor.py:743} INFO - Processing file /home/airflow/.local/lib/python3.7/site-packages/airflow/example_dags/example_trigger_target_dag.py for tasks to queue
[2023-10-14T17:09:49.379+0000] {logging_mixin.py:137} INFO - [2023-10-14T17:09:49.379+0000] {dagbag.py:538} INFO - Filling up the DagBag from /home/airflow/.local/lib/python3.7/site-packages/airflow/example_dags/example_trigger_target_dag.py
[2023-10-14T17:09:49.404+0000] {processor.py:753} INFO - DAG(s) dict_keys(['example_trigger_target_dag']) retrieved from /home/airflow/.local/lib/python3.7/site-packages/airflow/example_dags/example_trigger_target_dag.py
[2023-10-14T17:09:49.457+0000] {logging_mixin.py:137} INFO - [2023-10-14T17:09:49.457+0000] {dag.py:2690} INFO - Sync 1 DAGs
[2023-10-14T17:09:49.483+0000] {logging_mixin.py:137} INFO - [2023-10-14T17:09:49.483+0000] {dag.py:3441} INFO - Setting next_dagrun for example_trigger_target_dag to None, run_after=None
[2023-10-14T17:09:49.501+0000] {processor.py:175} INFO - Processing /home/airflow/.local/lib/python3.7/site-packages/airflow/example_dags/example_trigger_target_dag.py took 0.129 seconds
[2023-10-14T17:10:20.424+0000] {processor.py:153} INFO - Started process (PID=6744) to work on /home/airflow/.local/lib/python3.7/site-packages/airflow/example_dags/example_trigger_target_dag.py
[2023-10-14T17:10:20.425+0000] {processor.py:743} INFO - Processing file /home/airflow/.local/lib/python3.7/site-packages/airflow/example_dags/example_trigger_target_dag.py for tasks to queue
[2023-10-14T17:10:20.426+0000] {logging_mixin.py:137} INFO - [2023-10-14T17:10:20.426+0000] {dagbag.py:538} INFO - Filling up the DagBag from /home/airflow/.local/lib/python3.7/site-packages/airflow/example_dags/example_trigger_target_dag.py
[2023-10-14T17:10:20.444+0000] {processor.py:753} INFO - DAG(s) dict_keys(['example_trigger_target_dag']) retrieved from /home/airflow/.local/lib/python3.7/site-packages/airflow/example_dags/example_trigger_target_dag.py
[2023-10-14T17:10:20.471+0000] {logging_mixin.py:137} INFO - [2023-10-14T17:10:20.471+0000] {dag.py:2690} INFO - Sync 1 DAGs
[2023-10-14T17:10:20.488+0000] {logging_mixin.py:137} INFO - [2023-10-14T17:10:20.487+0000] {dag.py:3441} INFO - Setting next_dagrun for example_trigger_target_dag to None, run_after=None
[2023-10-14T17:10:20.510+0000] {processor.py:175} INFO - Processing /home/airflow/.local/lib/python3.7/site-packages/airflow/example_dags/example_trigger_target_dag.py took 0.090 seconds
[2023-10-14T17:10:51.145+0000] {processor.py:153} INFO - Started process (PID=6837) to work on /home/airflow/.local/lib/python3.7/site-packages/airflow/example_dags/example_trigger_target_dag.py
[2023-10-14T17:10:51.146+0000] {processor.py:743} INFO - Processing file /home/airflow/.local/lib/python3.7/site-packages/airflow/example_dags/example_trigger_target_dag.py for tasks to queue
[2023-10-14T17:10:51.147+0000] {logging_mixin.py:137} INFO - [2023-10-14T17:10:51.147+0000] {dagbag.py:538} INFO - Filling up the DagBag from /home/airflow/.local/lib/python3.7/site-packages/airflow/example_dags/example_trigger_target_dag.py
[2023-10-14T17:10:51.168+0000] {processor.py:753} INFO - DAG(s) dict_keys(['example_trigger_target_dag']) retrieved from /home/airflow/.local/lib/python3.7/site-packages/airflow/example_dags/example_trigger_target_dag.py
[2023-10-14T17:10:51.193+0000] {logging_mixin.py:137} INFO - [2023-10-14T17:10:51.193+0000] {dag.py:2690} INFO - Sync 1 DAGs
[2023-10-14T17:10:51.219+0000] {logging_mixin.py:137} INFO - [2023-10-14T17:10:51.219+0000] {dag.py:3441} INFO - Setting next_dagrun for example_trigger_target_dag to None, run_after=None
[2023-10-14T17:10:51.240+0000] {processor.py:175} INFO - Processing /home/airflow/.local/lib/python3.7/site-packages/airflow/example_dags/example_trigger_target_dag.py took 0.099 seconds
[2023-10-14T17:11:21.303+0000] {processor.py:153} INFO - Started process (PID=6912) to work on /home/airflow/.local/lib/python3.7/site-packages/airflow/example_dags/example_trigger_target_dag.py
[2023-10-14T17:11:21.304+0000] {processor.py:743} INFO - Processing file /home/airflow/.local/lib/python3.7/site-packages/airflow/example_dags/example_trigger_target_dag.py for tasks to queue
[2023-10-14T17:11:21.305+0000] {logging_mixin.py:137} INFO - [2023-10-14T17:11:21.305+0000] {dagbag.py:538} INFO - Filling up the DagBag from /home/airflow/.local/lib/python3.7/site-packages/airflow/example_dags/example_trigger_target_dag.py
[2023-10-14T17:11:21.329+0000] {processor.py:753} INFO - DAG(s) dict_keys(['example_trigger_target_dag']) retrieved from /home/airflow/.local/lib/python3.7/site-packages/airflow/example_dags/example_trigger_target_dag.py
[2023-10-14T17:11:21.356+0000] {logging_mixin.py:137} INFO - [2023-10-14T17:11:21.356+0000] {dag.py:2690} INFO - Sync 1 DAGs
[2023-10-14T17:11:21.383+0000] {logging_mixin.py:137} INFO - [2023-10-14T17:11:21.383+0000] {dag.py:3441} INFO - Setting next_dagrun for example_trigger_target_dag to None, run_after=None
[2023-10-14T17:11:21.404+0000] {processor.py:175} INFO - Processing /home/airflow/.local/lib/python3.7/site-packages/airflow/example_dags/example_trigger_target_dag.py took 0.104 seconds
[2023-10-14T17:11:51.831+0000] {processor.py:153} INFO - Started process (PID=7005) to work on /home/airflow/.local/lib/python3.7/site-packages/airflow/example_dags/example_trigger_target_dag.py
[2023-10-14T17:11:51.833+0000] {processor.py:743} INFO - Processing file /home/airflow/.local/lib/python3.7/site-packages/airflow/example_dags/example_trigger_target_dag.py for tasks to queue
[2023-10-14T17:11:51.834+0000] {logging_mixin.py:137} INFO - [2023-10-14T17:11:51.834+0000] {dagbag.py:538} INFO - Filling up the DagBag from /home/airflow/.local/lib/python3.7/site-packages/airflow/example_dags/example_trigger_target_dag.py
[2023-10-14T17:11:51.857+0000] {processor.py:753} INFO - DAG(s) dict_keys(['example_trigger_target_dag']) retrieved from /home/airflow/.local/lib/python3.7/site-packages/airflow/example_dags/example_trigger_target_dag.py
[2023-10-14T17:11:51.892+0000] {logging_mixin.py:137} INFO - [2023-10-14T17:11:51.892+0000] {dag.py:2690} INFO - Sync 1 DAGs
[2023-10-14T17:11:51.925+0000] {logging_mixin.py:137} INFO - [2023-10-14T17:11:51.925+0000] {dag.py:3441} INFO - Setting next_dagrun for example_trigger_target_dag to None, run_after=None
[2023-10-14T17:11:51.957+0000] {processor.py:175} INFO - Processing /home/airflow/.local/lib/python3.7/site-packages/airflow/example_dags/example_trigger_target_dag.py took 0.131 seconds
[2023-10-14T17:12:22.096+0000] {processor.py:153} INFO - Started process (PID=7080) to work on /home/airflow/.local/lib/python3.7/site-packages/airflow/example_dags/example_trigger_target_dag.py
[2023-10-14T17:12:22.098+0000] {processor.py:743} INFO - Processing file /home/airflow/.local/lib/python3.7/site-packages/airflow/example_dags/example_trigger_target_dag.py for tasks to queue
[2023-10-14T17:12:22.099+0000] {logging_mixin.py:137} INFO - [2023-10-14T17:12:22.098+0000] {dagbag.py:538} INFO - Filling up the DagBag from /home/airflow/.local/lib/python3.7/site-packages/airflow/example_dags/example_trigger_target_dag.py
[2023-10-14T17:12:22.122+0000] {processor.py:753} INFO - DAG(s) dict_keys(['example_trigger_target_dag']) retrieved from /home/airflow/.local/lib/python3.7/site-packages/airflow/example_dags/example_trigger_target_dag.py
[2023-10-14T17:12:22.147+0000] {logging_mixin.py:137} INFO - [2023-10-14T17:12:22.147+0000] {dag.py:2690} INFO - Sync 1 DAGs
[2023-10-14T17:12:22.168+0000] {logging_mixin.py:137} INFO - [2023-10-14T17:12:22.168+0000] {dag.py:3441} INFO - Setting next_dagrun for example_trigger_target_dag to None, run_after=None
[2023-10-14T17:12:22.187+0000] {processor.py:175} INFO - Processing /home/airflow/.local/lib/python3.7/site-packages/airflow/example_dags/example_trigger_target_dag.py took 0.094 seconds
[2023-10-14T17:12:52.267+0000] {processor.py:153} INFO - Started process (PID=7173) to work on /home/airflow/.local/lib/python3.7/site-packages/airflow/example_dags/example_trigger_target_dag.py
[2023-10-14T17:12:52.268+0000] {processor.py:743} INFO - Processing file /home/airflow/.local/lib/python3.7/site-packages/airflow/example_dags/example_trigger_target_dag.py for tasks to queue
[2023-10-14T17:12:52.269+0000] {logging_mixin.py:137} INFO - [2023-10-14T17:12:52.269+0000] {dagbag.py:538} INFO - Filling up the DagBag from /home/airflow/.local/lib/python3.7/site-packages/airflow/example_dags/example_trigger_target_dag.py
[2023-10-14T17:12:52.285+0000] {processor.py:753} INFO - DAG(s) dict_keys(['example_trigger_target_dag']) retrieved from /home/airflow/.local/lib/python3.7/site-packages/airflow/example_dags/example_trigger_target_dag.py
[2023-10-14T17:12:52.307+0000] {logging_mixin.py:137} INFO - [2023-10-14T17:12:52.307+0000] {dag.py:2690} INFO - Sync 1 DAGs
[2023-10-14T17:12:52.331+0000] {logging_mixin.py:137} INFO - [2023-10-14T17:12:52.331+0000] {dag.py:3441} INFO - Setting next_dagrun for example_trigger_target_dag to None, run_after=None
[2023-10-14T17:12:52.352+0000] {processor.py:175} INFO - Processing /home/airflow/.local/lib/python3.7/site-packages/airflow/example_dags/example_trigger_target_dag.py took 0.087 seconds
[2023-10-14T17:13:22.867+0000] {processor.py:153} INFO - Started process (PID=7248) to work on /home/airflow/.local/lib/python3.7/site-packages/airflow/example_dags/example_trigger_target_dag.py
[2023-10-14T17:13:22.869+0000] {processor.py:743} INFO - Processing file /home/airflow/.local/lib/python3.7/site-packages/airflow/example_dags/example_trigger_target_dag.py for tasks to queue
[2023-10-14T17:13:22.870+0000] {logging_mixin.py:137} INFO - [2023-10-14T17:13:22.870+0000] {dagbag.py:538} INFO - Filling up the DagBag from /home/airflow/.local/lib/python3.7/site-packages/airflow/example_dags/example_trigger_target_dag.py
[2023-10-14T17:13:22.897+0000] {processor.py:753} INFO - DAG(s) dict_keys(['example_trigger_target_dag']) retrieved from /home/airflow/.local/lib/python3.7/site-packages/airflow/example_dags/example_trigger_target_dag.py
[2023-10-14T17:13:22.927+0000] {logging_mixin.py:137} INFO - [2023-10-14T17:13:22.927+0000] {dag.py:2690} INFO - Sync 1 DAGs
[2023-10-14T17:13:22.947+0000] {logging_mixin.py:137} INFO - [2023-10-14T17:13:22.947+0000] {dag.py:3441} INFO - Setting next_dagrun for example_trigger_target_dag to None, run_after=None
[2023-10-14T17:13:22.975+0000] {processor.py:175} INFO - Processing /home/airflow/.local/lib/python3.7/site-packages/airflow/example_dags/example_trigger_target_dag.py took 0.112 seconds
[2023-10-14T17:13:53.199+0000] {processor.py:153} INFO - Started process (PID=7341) to work on /home/airflow/.local/lib/python3.7/site-packages/airflow/example_dags/example_trigger_target_dag.py
[2023-10-14T17:13:53.200+0000] {processor.py:743} INFO - Processing file /home/airflow/.local/lib/python3.7/site-packages/airflow/example_dags/example_trigger_target_dag.py for tasks to queue
[2023-10-14T17:13:53.201+0000] {logging_mixin.py:137} INFO - [2023-10-14T17:13:53.200+0000] {dagbag.py:538} INFO - Filling up the DagBag from /home/airflow/.local/lib/python3.7/site-packages/airflow/example_dags/example_trigger_target_dag.py
[2023-10-14T17:13:53.286+0000] {processor.py:753} INFO - DAG(s) dict_keys(['example_trigger_target_dag']) retrieved from /home/airflow/.local/lib/python3.7/site-packages/airflow/example_dags/example_trigger_target_dag.py
[2023-10-14T17:13:53.325+0000] {logging_mixin.py:137} INFO - [2023-10-14T17:13:53.325+0000] {dag.py:2690} INFO - Sync 1 DAGs
[2023-10-14T17:13:53.355+0000] {logging_mixin.py:137} INFO - [2023-10-14T17:13:53.355+0000] {dag.py:3441} INFO - Setting next_dagrun for example_trigger_target_dag to None, run_after=None
[2023-10-14T17:13:53.388+0000] {processor.py:175} INFO - Processing /home/airflow/.local/lib/python3.7/site-packages/airflow/example_dags/example_trigger_target_dag.py took 0.193 seconds
[2023-10-14T17:14:23.917+0000] {processor.py:153} INFO - Started process (PID=7416) to work on /home/airflow/.local/lib/python3.7/site-packages/airflow/example_dags/example_trigger_target_dag.py
[2023-10-14T17:14:23.918+0000] {processor.py:743} INFO - Processing file /home/airflow/.local/lib/python3.7/site-packages/airflow/example_dags/example_trigger_target_dag.py for tasks to queue
[2023-10-14T17:14:23.920+0000] {logging_mixin.py:137} INFO - [2023-10-14T17:14:23.920+0000] {dagbag.py:538} INFO - Filling up the DagBag from /home/airflow/.local/lib/python3.7/site-packages/airflow/example_dags/example_trigger_target_dag.py
[2023-10-14T17:14:23.945+0000] {processor.py:753} INFO - DAG(s) dict_keys(['example_trigger_target_dag']) retrieved from /home/airflow/.local/lib/python3.7/site-packages/airflow/example_dags/example_trigger_target_dag.py
[2023-10-14T17:14:23.973+0000] {logging_mixin.py:137} INFO - [2023-10-14T17:14:23.973+0000] {dag.py:2690} INFO - Sync 1 DAGs
[2023-10-14T17:14:23.997+0000] {logging_mixin.py:137} INFO - [2023-10-14T17:14:23.997+0000] {dag.py:3441} INFO - Setting next_dagrun for example_trigger_target_dag to None, run_after=None
[2023-10-14T17:14:24.018+0000] {processor.py:175} INFO - Processing /home/airflow/.local/lib/python3.7/site-packages/airflow/example_dags/example_trigger_target_dag.py took 0.106 seconds
[2023-10-14T17:14:54.380+0000] {processor.py:153} INFO - Started process (PID=7509) to work on /home/airflow/.local/lib/python3.7/site-packages/airflow/example_dags/example_trigger_target_dag.py
[2023-10-14T17:14:54.381+0000] {processor.py:743} INFO - Processing file /home/airflow/.local/lib/python3.7/site-packages/airflow/example_dags/example_trigger_target_dag.py for tasks to queue
[2023-10-14T17:14:54.382+0000] {logging_mixin.py:137} INFO - [2023-10-14T17:14:54.382+0000] {dagbag.py:538} INFO - Filling up the DagBag from /home/airflow/.local/lib/python3.7/site-packages/airflow/example_dags/example_trigger_target_dag.py
[2023-10-14T17:14:54.410+0000] {processor.py:753} INFO - DAG(s) dict_keys(['example_trigger_target_dag']) retrieved from /home/airflow/.local/lib/python3.7/site-packages/airflow/example_dags/example_trigger_target_dag.py
[2023-10-14T17:14:54.451+0000] {logging_mixin.py:137} INFO - [2023-10-14T17:14:54.451+0000] {dag.py:2690} INFO - Sync 1 DAGs
[2023-10-14T17:14:54.480+0000] {logging_mixin.py:137} INFO - [2023-10-14T17:14:54.480+0000] {dag.py:3441} INFO - Setting next_dagrun for example_trigger_target_dag to None, run_after=None
[2023-10-14T17:14:54.507+0000] {processor.py:175} INFO - Processing /home/airflow/.local/lib/python3.7/site-packages/airflow/example_dags/example_trigger_target_dag.py took 0.131 seconds
[2023-10-14T17:15:25.286+0000] {processor.py:153} INFO - Started process (PID=7584) to work on /home/airflow/.local/lib/python3.7/site-packages/airflow/example_dags/example_trigger_target_dag.py
[2023-10-14T17:15:25.287+0000] {processor.py:743} INFO - Processing file /home/airflow/.local/lib/python3.7/site-packages/airflow/example_dags/example_trigger_target_dag.py for tasks to queue
[2023-10-14T17:15:25.288+0000] {logging_mixin.py:137} INFO - [2023-10-14T17:15:25.288+0000] {dagbag.py:538} INFO - Filling up the DagBag from /home/airflow/.local/lib/python3.7/site-packages/airflow/example_dags/example_trigger_target_dag.py
[2023-10-14T17:15:25.309+0000] {processor.py:753} INFO - DAG(s) dict_keys(['example_trigger_target_dag']) retrieved from /home/airflow/.local/lib/python3.7/site-packages/airflow/example_dags/example_trigger_target_dag.py
[2023-10-14T17:15:25.336+0000] {logging_mixin.py:137} INFO - [2023-10-14T17:15:25.336+0000] {dag.py:2690} INFO - Sync 1 DAGs
[2023-10-14T17:15:25.359+0000] {logging_mixin.py:137} INFO - [2023-10-14T17:15:25.359+0000] {dag.py:3441} INFO - Setting next_dagrun for example_trigger_target_dag to None, run_after=None
[2023-10-14T17:15:25.378+0000] {processor.py:175} INFO - Processing /home/airflow/.local/lib/python3.7/site-packages/airflow/example_dags/example_trigger_target_dag.py took 0.097 seconds
[2023-10-14T17:15:56.150+0000] {processor.py:153} INFO - Started process (PID=7676) to work on /home/airflow/.local/lib/python3.7/site-packages/airflow/example_dags/example_trigger_target_dag.py
[2023-10-14T17:15:56.152+0000] {processor.py:743} INFO - Processing file /home/airflow/.local/lib/python3.7/site-packages/airflow/example_dags/example_trigger_target_dag.py for tasks to queue
[2023-10-14T17:15:56.153+0000] {logging_mixin.py:137} INFO - [2023-10-14T17:15:56.153+0000] {dagbag.py:538} INFO - Filling up the DagBag from /home/airflow/.local/lib/python3.7/site-packages/airflow/example_dags/example_trigger_target_dag.py
[2023-10-14T17:15:56.176+0000] {processor.py:753} INFO - DAG(s) dict_keys(['example_trigger_target_dag']) retrieved from /home/airflow/.local/lib/python3.7/site-packages/airflow/example_dags/example_trigger_target_dag.py
[2023-10-14T17:15:56.206+0000] {logging_mixin.py:137} INFO - [2023-10-14T17:15:56.206+0000] {dag.py:2690} INFO - Sync 1 DAGs
[2023-10-14T17:15:56.236+0000] {logging_mixin.py:137} INFO - [2023-10-14T17:15:56.236+0000] {dag.py:3441} INFO - Setting next_dagrun for example_trigger_target_dag to None, run_after=None
[2023-10-14T17:15:56.283+0000] {processor.py:175} INFO - Processing /home/airflow/.local/lib/python3.7/site-packages/airflow/example_dags/example_trigger_target_dag.py took 0.137 seconds
[2023-10-14T17:16:26.435+0000] {processor.py:153} INFO - Started process (PID=7751) to work on /home/airflow/.local/lib/python3.7/site-packages/airflow/example_dags/example_trigger_target_dag.py
[2023-10-14T17:16:26.436+0000] {processor.py:743} INFO - Processing file /home/airflow/.local/lib/python3.7/site-packages/airflow/example_dags/example_trigger_target_dag.py for tasks to queue
[2023-10-14T17:16:26.437+0000] {logging_mixin.py:137} INFO - [2023-10-14T17:16:26.437+0000] {dagbag.py:538} INFO - Filling up the DagBag from /home/airflow/.local/lib/python3.7/site-packages/airflow/example_dags/example_trigger_target_dag.py
[2023-10-14T17:16:26.458+0000] {processor.py:753} INFO - DAG(s) dict_keys(['example_trigger_target_dag']) retrieved from /home/airflow/.local/lib/python3.7/site-packages/airflow/example_dags/example_trigger_target_dag.py
[2023-10-14T17:16:26.485+0000] {logging_mixin.py:137} INFO - [2023-10-14T17:16:26.485+0000] {dag.py:2690} INFO - Sync 1 DAGs
[2023-10-14T17:16:26.508+0000] {logging_mixin.py:137} INFO - [2023-10-14T17:16:26.508+0000] {dag.py:3441} INFO - Setting next_dagrun for example_trigger_target_dag to None, run_after=None
[2023-10-14T17:16:26.531+0000] {processor.py:175} INFO - Processing /home/airflow/.local/lib/python3.7/site-packages/airflow/example_dags/example_trigger_target_dag.py took 0.101 seconds
[2023-10-14T17:16:57.160+0000] {processor.py:153} INFO - Started process (PID=7844) to work on /home/airflow/.local/lib/python3.7/site-packages/airflow/example_dags/example_trigger_target_dag.py
[2023-10-14T17:16:57.161+0000] {processor.py:743} INFO - Processing file /home/airflow/.local/lib/python3.7/site-packages/airflow/example_dags/example_trigger_target_dag.py for tasks to queue
[2023-10-14T17:16:57.163+0000] {logging_mixin.py:137} INFO - [2023-10-14T17:16:57.162+0000] {dagbag.py:538} INFO - Filling up the DagBag from /home/airflow/.local/lib/python3.7/site-packages/airflow/example_dags/example_trigger_target_dag.py
[2023-10-14T17:16:57.191+0000] {processor.py:753} INFO - DAG(s) dict_keys(['example_trigger_target_dag']) retrieved from /home/airflow/.local/lib/python3.7/site-packages/airflow/example_dags/example_trigger_target_dag.py
[2023-10-14T17:16:57.225+0000] {logging_mixin.py:137} INFO - [2023-10-14T17:16:57.225+0000] {dag.py:2690} INFO - Sync 1 DAGs
[2023-10-14T17:16:57.252+0000] {logging_mixin.py:137} INFO - [2023-10-14T17:16:57.252+0000] {dag.py:3441} INFO - Setting next_dagrun for example_trigger_target_dag to None, run_after=None
[2023-10-14T17:16:57.308+0000] {processor.py:175} INFO - Processing /home/airflow/.local/lib/python3.7/site-packages/airflow/example_dags/example_trigger_target_dag.py took 0.153 seconds
[2023-10-14T17:17:27.427+0000] {processor.py:153} INFO - Started process (PID=7919) to work on /home/airflow/.local/lib/python3.7/site-packages/airflow/example_dags/example_trigger_target_dag.py
[2023-10-14T17:17:27.428+0000] {processor.py:743} INFO - Processing file /home/airflow/.local/lib/python3.7/site-packages/airflow/example_dags/example_trigger_target_dag.py for tasks to queue
[2023-10-14T17:17:27.431+0000] {logging_mixin.py:137} INFO - [2023-10-14T17:17:27.430+0000] {dagbag.py:538} INFO - Filling up the DagBag from /home/airflow/.local/lib/python3.7/site-packages/airflow/example_dags/example_trigger_target_dag.py
[2023-10-14T17:17:27.455+0000] {processor.py:753} INFO - DAG(s) dict_keys(['example_trigger_target_dag']) retrieved from /home/airflow/.local/lib/python3.7/site-packages/airflow/example_dags/example_trigger_target_dag.py
[2023-10-14T17:17:27.485+0000] {logging_mixin.py:137} INFO - [2023-10-14T17:17:27.484+0000] {dag.py:2690} INFO - Sync 1 DAGs
[2023-10-14T17:17:27.510+0000] {logging_mixin.py:137} INFO - [2023-10-14T17:17:27.510+0000] {dag.py:3441} INFO - Setting next_dagrun for example_trigger_target_dag to None, run_after=None
[2023-10-14T17:17:27.542+0000] {processor.py:175} INFO - Processing /home/airflow/.local/lib/python3.7/site-packages/airflow/example_dags/example_trigger_target_dag.py took 0.119 seconds
[2023-10-14T17:17:57.958+0000] {processor.py:153} INFO - Started process (PID=7995) to work on /home/airflow/.local/lib/python3.7/site-packages/airflow/example_dags/example_trigger_target_dag.py
[2023-10-14T17:17:57.959+0000] {processor.py:743} INFO - Processing file /home/airflow/.local/lib/python3.7/site-packages/airflow/example_dags/example_trigger_target_dag.py for tasks to queue
[2023-10-14T17:17:57.961+0000] {logging_mixin.py:137} INFO - [2023-10-14T17:17:57.960+0000] {dagbag.py:538} INFO - Filling up the DagBag from /home/airflow/.local/lib/python3.7/site-packages/airflow/example_dags/example_trigger_target_dag.py
[2023-10-14T17:17:57.999+0000] {processor.py:753} INFO - DAG(s) dict_keys(['example_trigger_target_dag']) retrieved from /home/airflow/.local/lib/python3.7/site-packages/airflow/example_dags/example_trigger_target_dag.py
[2023-10-14T17:17:58.060+0000] {logging_mixin.py:137} INFO - [2023-10-14T17:17:58.060+0000] {dag.py:2690} INFO - Sync 1 DAGs
[2023-10-14T17:17:58.089+0000] {logging_mixin.py:137} INFO - [2023-10-14T17:17:58.089+0000] {dag.py:3441} INFO - Setting next_dagrun for example_trigger_target_dag to None, run_after=None
[2023-10-14T17:17:58.119+0000] {processor.py:175} INFO - Processing /home/airflow/.local/lib/python3.7/site-packages/airflow/example_dags/example_trigger_target_dag.py took 0.166 seconds
[2023-10-14T17:18:28.167+0000] {processor.py:153} INFO - Started process (PID=8087) to work on /home/airflow/.local/lib/python3.7/site-packages/airflow/example_dags/example_trigger_target_dag.py
[2023-10-14T17:18:28.169+0000] {processor.py:743} INFO - Processing file /home/airflow/.local/lib/python3.7/site-packages/airflow/example_dags/example_trigger_target_dag.py for tasks to queue
[2023-10-14T17:18:28.170+0000] {logging_mixin.py:137} INFO - [2023-10-14T17:18:28.170+0000] {dagbag.py:538} INFO - Filling up the DagBag from /home/airflow/.local/lib/python3.7/site-packages/airflow/example_dags/example_trigger_target_dag.py
[2023-10-14T17:18:28.191+0000] {processor.py:753} INFO - DAG(s) dict_keys(['example_trigger_target_dag']) retrieved from /home/airflow/.local/lib/python3.7/site-packages/airflow/example_dags/example_trigger_target_dag.py
[2023-10-14T17:18:28.217+0000] {logging_mixin.py:137} INFO - [2023-10-14T17:18:28.217+0000] {dag.py:2690} INFO - Sync 1 DAGs
[2023-10-14T17:18:28.240+0000] {logging_mixin.py:137} INFO - [2023-10-14T17:18:28.240+0000] {dag.py:3441} INFO - Setting next_dagrun for example_trigger_target_dag to None, run_after=None
[2023-10-14T17:18:28.258+0000] {processor.py:175} INFO - Processing /home/airflow/.local/lib/python3.7/site-packages/airflow/example_dags/example_trigger_target_dag.py took 0.095 seconds
[2023-10-14T17:18:58.837+0000] {processor.py:153} INFO - Started process (PID=8162) to work on /home/airflow/.local/lib/python3.7/site-packages/airflow/example_dags/example_trigger_target_dag.py
[2023-10-14T17:18:58.838+0000] {processor.py:743} INFO - Processing file /home/airflow/.local/lib/python3.7/site-packages/airflow/example_dags/example_trigger_target_dag.py for tasks to queue
[2023-10-14T17:18:58.839+0000] {logging_mixin.py:137} INFO - [2023-10-14T17:18:58.839+0000] {dagbag.py:538} INFO - Filling up the DagBag from /home/airflow/.local/lib/python3.7/site-packages/airflow/example_dags/example_trigger_target_dag.py
[2023-10-14T17:18:58.862+0000] {processor.py:753} INFO - DAG(s) dict_keys(['example_trigger_target_dag']) retrieved from /home/airflow/.local/lib/python3.7/site-packages/airflow/example_dags/example_trigger_target_dag.py
[2023-10-14T17:18:58.888+0000] {logging_mixin.py:137} INFO - [2023-10-14T17:18:58.888+0000] {dag.py:2690} INFO - Sync 1 DAGs
[2023-10-14T17:18:58.910+0000] {logging_mixin.py:137} INFO - [2023-10-14T17:18:58.910+0000] {dag.py:3441} INFO - Setting next_dagrun for example_trigger_target_dag to None, run_after=None
[2023-10-14T17:18:58.927+0000] {processor.py:175} INFO - Processing /home/airflow/.local/lib/python3.7/site-packages/airflow/example_dags/example_trigger_target_dag.py took 0.094 seconds
[2023-10-14T17:19:29.672+0000] {processor.py:153} INFO - Started process (PID=8255) to work on /home/airflow/.local/lib/python3.7/site-packages/airflow/example_dags/example_trigger_target_dag.py
[2023-10-14T17:19:29.674+0000] {processor.py:743} INFO - Processing file /home/airflow/.local/lib/python3.7/site-packages/airflow/example_dags/example_trigger_target_dag.py for tasks to queue
[2023-10-14T17:19:29.675+0000] {logging_mixin.py:137} INFO - [2023-10-14T17:19:29.675+0000] {dagbag.py:538} INFO - Filling up the DagBag from /home/airflow/.local/lib/python3.7/site-packages/airflow/example_dags/example_trigger_target_dag.py
[2023-10-14T17:19:29.700+0000] {processor.py:753} INFO - DAG(s) dict_keys(['example_trigger_target_dag']) retrieved from /home/airflow/.local/lib/python3.7/site-packages/airflow/example_dags/example_trigger_target_dag.py
[2023-10-14T17:19:29.729+0000] {logging_mixin.py:137} INFO - [2023-10-14T17:19:29.729+0000] {dag.py:2690} INFO - Sync 1 DAGs
[2023-10-14T17:19:29.751+0000] {logging_mixin.py:137} INFO - [2023-10-14T17:19:29.750+0000] {dag.py:3441} INFO - Setting next_dagrun for example_trigger_target_dag to None, run_after=None
[2023-10-14T17:19:29.769+0000] {processor.py:175} INFO - Processing /home/airflow/.local/lib/python3.7/site-packages/airflow/example_dags/example_trigger_target_dag.py took 0.101 seconds
[2023-10-14T17:20:00.288+0000] {processor.py:153} INFO - Started process (PID=8330) to work on /home/airflow/.local/lib/python3.7/site-packages/airflow/example_dags/example_trigger_target_dag.py
[2023-10-14T17:20:00.289+0000] {processor.py:743} INFO - Processing file /home/airflow/.local/lib/python3.7/site-packages/airflow/example_dags/example_trigger_target_dag.py for tasks to queue
[2023-10-14T17:20:00.290+0000] {logging_mixin.py:137} INFO - [2023-10-14T17:20:00.290+0000] {dagbag.py:538} INFO - Filling up the DagBag from /home/airflow/.local/lib/python3.7/site-packages/airflow/example_dags/example_trigger_target_dag.py
[2023-10-14T17:20:00.313+0000] {processor.py:753} INFO - DAG(s) dict_keys(['example_trigger_target_dag']) retrieved from /home/airflow/.local/lib/python3.7/site-packages/airflow/example_dags/example_trigger_target_dag.py
[2023-10-14T17:20:00.339+0000] {logging_mixin.py:137} INFO - [2023-10-14T17:20:00.339+0000] {dag.py:2690} INFO - Sync 1 DAGs
[2023-10-14T17:20:00.361+0000] {logging_mixin.py:137} INFO - [2023-10-14T17:20:00.361+0000] {dag.py:3441} INFO - Setting next_dagrun for example_trigger_target_dag to None, run_after=None
[2023-10-14T17:20:00.380+0000] {processor.py:175} INFO - Processing /home/airflow/.local/lib/python3.7/site-packages/airflow/example_dags/example_trigger_target_dag.py took 0.097 seconds
[2023-10-14T17:20:30.844+0000] {processor.py:153} INFO - Started process (PID=8423) to work on /home/airflow/.local/lib/python3.7/site-packages/airflow/example_dags/example_trigger_target_dag.py
[2023-10-14T17:20:30.845+0000] {processor.py:743} INFO - Processing file /home/airflow/.local/lib/python3.7/site-packages/airflow/example_dags/example_trigger_target_dag.py for tasks to queue
[2023-10-14T17:20:30.846+0000] {logging_mixin.py:137} INFO - [2023-10-14T17:20:30.846+0000] {dagbag.py:538} INFO - Filling up the DagBag from /home/airflow/.local/lib/python3.7/site-packages/airflow/example_dags/example_trigger_target_dag.py
[2023-10-14T17:20:30.869+0000] {processor.py:753} INFO - DAG(s) dict_keys(['example_trigger_target_dag']) retrieved from /home/airflow/.local/lib/python3.7/site-packages/airflow/example_dags/example_trigger_target_dag.py
[2023-10-14T17:20:30.895+0000] {logging_mixin.py:137} INFO - [2023-10-14T17:20:30.895+0000] {dag.py:2690} INFO - Sync 1 DAGs
[2023-10-14T17:20:30.922+0000] {logging_mixin.py:137} INFO - [2023-10-14T17:20:30.922+0000] {dag.py:3441} INFO - Setting next_dagrun for example_trigger_target_dag to None, run_after=None
[2023-10-14T17:20:30.945+0000] {processor.py:175} INFO - Processing /home/airflow/.local/lib/python3.7/site-packages/airflow/example_dags/example_trigger_target_dag.py took 0.105 seconds
[2023-10-14T17:21:01.445+0000] {processor.py:153} INFO - Started process (PID=8497) to work on /home/airflow/.local/lib/python3.7/site-packages/airflow/example_dags/example_trigger_target_dag.py
[2023-10-14T17:21:01.446+0000] {processor.py:743} INFO - Processing file /home/airflow/.local/lib/python3.7/site-packages/airflow/example_dags/example_trigger_target_dag.py for tasks to queue
[2023-10-14T17:21:01.447+0000] {logging_mixin.py:137} INFO - [2023-10-14T17:21:01.447+0000] {dagbag.py:538} INFO - Filling up the DagBag from /home/airflow/.local/lib/python3.7/site-packages/airflow/example_dags/example_trigger_target_dag.py
[2023-10-14T17:21:01.466+0000] {processor.py:753} INFO - DAG(s) dict_keys(['example_trigger_target_dag']) retrieved from /home/airflow/.local/lib/python3.7/site-packages/airflow/example_dags/example_trigger_target_dag.py
[2023-10-14T17:21:01.494+0000] {logging_mixin.py:137} INFO - [2023-10-14T17:21:01.494+0000] {dag.py:2690} INFO - Sync 1 DAGs
[2023-10-14T17:21:01.514+0000] {logging_mixin.py:137} INFO - [2023-10-14T17:21:01.514+0000] {dag.py:3441} INFO - Setting next_dagrun for example_trigger_target_dag to None, run_after=None
[2023-10-14T17:21:01.536+0000] {processor.py:175} INFO - Processing /home/airflow/.local/lib/python3.7/site-packages/airflow/example_dags/example_trigger_target_dag.py took 0.096 seconds
[2023-10-14T17:21:31.632+0000] {processor.py:153} INFO - Started process (PID=8589) to work on /home/airflow/.local/lib/python3.7/site-packages/airflow/example_dags/example_trigger_target_dag.py
[2023-10-14T17:21:31.634+0000] {processor.py:743} INFO - Processing file /home/airflow/.local/lib/python3.7/site-packages/airflow/example_dags/example_trigger_target_dag.py for tasks to queue
[2023-10-14T17:21:31.636+0000] {logging_mixin.py:137} INFO - [2023-10-14T17:21:31.636+0000] {dagbag.py:538} INFO - Filling up the DagBag from /home/airflow/.local/lib/python3.7/site-packages/airflow/example_dags/example_trigger_target_dag.py
[2023-10-14T17:21:31.664+0000] {processor.py:753} INFO - DAG(s) dict_keys(['example_trigger_target_dag']) retrieved from /home/airflow/.local/lib/python3.7/site-packages/airflow/example_dags/example_trigger_target_dag.py
[2023-10-14T17:21:31.700+0000] {logging_mixin.py:137} INFO - [2023-10-14T17:21:31.700+0000] {dag.py:2690} INFO - Sync 1 DAGs
[2023-10-14T17:21:31.799+0000] {logging_mixin.py:137} INFO - [2023-10-14T17:21:31.798+0000] {dag.py:3441} INFO - Setting next_dagrun for example_trigger_target_dag to None, run_after=None
[2023-10-14T17:21:31.834+0000] {processor.py:175} INFO - Processing /home/airflow/.local/lib/python3.7/site-packages/airflow/example_dags/example_trigger_target_dag.py took 0.206 seconds
[2023-10-14T17:22:01.873+0000] {processor.py:153} INFO - Started process (PID=8664) to work on /home/airflow/.local/lib/python3.7/site-packages/airflow/example_dags/example_trigger_target_dag.py
[2023-10-14T17:22:01.874+0000] {processor.py:743} INFO - Processing file /home/airflow/.local/lib/python3.7/site-packages/airflow/example_dags/example_trigger_target_dag.py for tasks to queue
[2023-10-14T17:22:01.875+0000] {logging_mixin.py:137} INFO - [2023-10-14T17:22:01.875+0000] {dagbag.py:538} INFO - Filling up the DagBag from /home/airflow/.local/lib/python3.7/site-packages/airflow/example_dags/example_trigger_target_dag.py
[2023-10-14T17:22:01.890+0000] {processor.py:753} INFO - DAG(s) dict_keys(['example_trigger_target_dag']) retrieved from /home/airflow/.local/lib/python3.7/site-packages/airflow/example_dags/example_trigger_target_dag.py
[2023-10-14T17:22:01.917+0000] {logging_mixin.py:137} INFO - [2023-10-14T17:22:01.917+0000] {dag.py:2690} INFO - Sync 1 DAGs
[2023-10-14T17:22:01.944+0000] {logging_mixin.py:137} INFO - [2023-10-14T17:22:01.943+0000] {dag.py:3441} INFO - Setting next_dagrun for example_trigger_target_dag to None, run_after=None
[2023-10-14T17:22:01.969+0000] {processor.py:175} INFO - Processing /home/airflow/.local/lib/python3.7/site-packages/airflow/example_dags/example_trigger_target_dag.py took 0.100 seconds
[2023-10-14T17:22:32.193+0000] {processor.py:153} INFO - Started process (PID=8757) to work on /home/airflow/.local/lib/python3.7/site-packages/airflow/example_dags/example_trigger_target_dag.py
[2023-10-14T17:22:32.195+0000] {processor.py:743} INFO - Processing file /home/airflow/.local/lib/python3.7/site-packages/airflow/example_dags/example_trigger_target_dag.py for tasks to queue
[2023-10-14T17:22:32.196+0000] {logging_mixin.py:137} INFO - [2023-10-14T17:22:32.196+0000] {dagbag.py:538} INFO - Filling up the DagBag from /home/airflow/.local/lib/python3.7/site-packages/airflow/example_dags/example_trigger_target_dag.py
[2023-10-14T17:22:32.412+0000] {processor.py:753} INFO - DAG(s) dict_keys(['example_trigger_target_dag']) retrieved from /home/airflow/.local/lib/python3.7/site-packages/airflow/example_dags/example_trigger_target_dag.py
[2023-10-14T17:22:32.456+0000] {logging_mixin.py:137} INFO - [2023-10-14T17:22:32.456+0000] {dag.py:2690} INFO - Sync 1 DAGs
[2023-10-14T17:22:32.491+0000] {logging_mixin.py:137} INFO - [2023-10-14T17:22:32.491+0000] {dag.py:3441} INFO - Setting next_dagrun for example_trigger_target_dag to None, run_after=None
[2023-10-14T17:22:32.513+0000] {processor.py:175} INFO - Processing /home/airflow/.local/lib/python3.7/site-packages/airflow/example_dags/example_trigger_target_dag.py took 0.324 seconds
[2023-10-14T17:23:03.205+0000] {processor.py:153} INFO - Started process (PID=8832) to work on /home/airflow/.local/lib/python3.7/site-packages/airflow/example_dags/example_trigger_target_dag.py
[2023-10-14T17:23:03.207+0000] {processor.py:743} INFO - Processing file /home/airflow/.local/lib/python3.7/site-packages/airflow/example_dags/example_trigger_target_dag.py for tasks to queue
[2023-10-14T17:23:03.207+0000] {logging_mixin.py:137} INFO - [2023-10-14T17:23:03.207+0000] {dagbag.py:538} INFO - Filling up the DagBag from /home/airflow/.local/lib/python3.7/site-packages/airflow/example_dags/example_trigger_target_dag.py
[2023-10-14T17:23:03.231+0000] {processor.py:753} INFO - DAG(s) dict_keys(['example_trigger_target_dag']) retrieved from /home/airflow/.local/lib/python3.7/site-packages/airflow/example_dags/example_trigger_target_dag.py
[2023-10-14T17:23:03.270+0000] {logging_mixin.py:137} INFO - [2023-10-14T17:23:03.270+0000] {dag.py:2690} INFO - Sync 1 DAGs
[2023-10-14T17:23:03.302+0000] {logging_mixin.py:137} INFO - [2023-10-14T17:23:03.302+0000] {dag.py:3441} INFO - Setting next_dagrun for example_trigger_target_dag to None, run_after=None
[2023-10-14T17:23:03.332+0000] {processor.py:175} INFO - Processing /home/airflow/.local/lib/python3.7/site-packages/airflow/example_dags/example_trigger_target_dag.py took 0.131 seconds
[2023-10-14T17:23:33.957+0000] {processor.py:153} INFO - Started process (PID=8925) to work on /home/airflow/.local/lib/python3.7/site-packages/airflow/example_dags/example_trigger_target_dag.py
[2023-10-14T17:23:33.959+0000] {processor.py:743} INFO - Processing file /home/airflow/.local/lib/python3.7/site-packages/airflow/example_dags/example_trigger_target_dag.py for tasks to queue
[2023-10-14T17:23:33.960+0000] {logging_mixin.py:137} INFO - [2023-10-14T17:23:33.960+0000] {dagbag.py:538} INFO - Filling up the DagBag from /home/airflow/.local/lib/python3.7/site-packages/airflow/example_dags/example_trigger_target_dag.py
[2023-10-14T17:23:33.985+0000] {processor.py:753} INFO - DAG(s) dict_keys(['example_trigger_target_dag']) retrieved from /home/airflow/.local/lib/python3.7/site-packages/airflow/example_dags/example_trigger_target_dag.py
[2023-10-14T17:23:34.024+0000] {logging_mixin.py:137} INFO - [2023-10-14T17:23:34.024+0000] {dag.py:2690} INFO - Sync 1 DAGs
[2023-10-14T17:23:34.045+0000] {logging_mixin.py:137} INFO - [2023-10-14T17:23:34.045+0000] {dag.py:3441} INFO - Setting next_dagrun for example_trigger_target_dag to None, run_after=None
[2023-10-14T17:23:34.071+0000] {processor.py:175} INFO - Processing /home/airflow/.local/lib/python3.7/site-packages/airflow/example_dags/example_trigger_target_dag.py took 0.118 seconds
[2023-10-14T17:24:04.165+0000] {processor.py:153} INFO - Started process (PID=9000) to work on /home/airflow/.local/lib/python3.7/site-packages/airflow/example_dags/example_trigger_target_dag.py
[2023-10-14T17:24:04.167+0000] {processor.py:743} INFO - Processing file /home/airflow/.local/lib/python3.7/site-packages/airflow/example_dags/example_trigger_target_dag.py for tasks to queue
[2023-10-14T17:24:04.168+0000] {logging_mixin.py:137} INFO - [2023-10-14T17:24:04.168+0000] {dagbag.py:538} INFO - Filling up the DagBag from /home/airflow/.local/lib/python3.7/site-packages/airflow/example_dags/example_trigger_target_dag.py
[2023-10-14T17:24:04.193+0000] {processor.py:753} INFO - DAG(s) dict_keys(['example_trigger_target_dag']) retrieved from /home/airflow/.local/lib/python3.7/site-packages/airflow/example_dags/example_trigger_target_dag.py
[2023-10-14T17:24:04.231+0000] {logging_mixin.py:137} INFO - [2023-10-14T17:24:04.230+0000] {dag.py:2690} INFO - Sync 1 DAGs
[2023-10-14T17:24:04.259+0000] {logging_mixin.py:137} INFO - [2023-10-14T17:24:04.259+0000] {dag.py:3441} INFO - Setting next_dagrun for example_trigger_target_dag to None, run_after=None
[2023-10-14T17:24:04.286+0000] {processor.py:175} INFO - Processing /home/airflow/.local/lib/python3.7/site-packages/airflow/example_dags/example_trigger_target_dag.py took 0.127 seconds
[2023-10-14T17:24:34.608+0000] {processor.py:153} INFO - Started process (PID=9093) to work on /home/airflow/.local/lib/python3.7/site-packages/airflow/example_dags/example_trigger_target_dag.py
[2023-10-14T17:24:34.609+0000] {processor.py:743} INFO - Processing file /home/airflow/.local/lib/python3.7/site-packages/airflow/example_dags/example_trigger_target_dag.py for tasks to queue
[2023-10-14T17:24:34.611+0000] {logging_mixin.py:137} INFO - [2023-10-14T17:24:34.610+0000] {dagbag.py:538} INFO - Filling up the DagBag from /home/airflow/.local/lib/python3.7/site-packages/airflow/example_dags/example_trigger_target_dag.py
[2023-10-14T17:24:34.629+0000] {processor.py:753} INFO - DAG(s) dict_keys(['example_trigger_target_dag']) retrieved from /home/airflow/.local/lib/python3.7/site-packages/airflow/example_dags/example_trigger_target_dag.py
[2023-10-14T17:24:34.653+0000] {logging_mixin.py:137} INFO - [2023-10-14T17:24:34.653+0000] {dag.py:2690} INFO - Sync 1 DAGs
[2023-10-14T17:24:34.678+0000] {logging_mixin.py:137} INFO - [2023-10-14T17:24:34.677+0000] {dag.py:3441} INFO - Setting next_dagrun for example_trigger_target_dag to None, run_after=None
[2023-10-14T17:24:34.702+0000] {processor.py:175} INFO - Processing /home/airflow/.local/lib/python3.7/site-packages/airflow/example_dags/example_trigger_target_dag.py took 0.098 seconds
[2023-10-14T17:25:04.751+0000] {processor.py:153} INFO - Started process (PID=9167) to work on /home/airflow/.local/lib/python3.7/site-packages/airflow/example_dags/example_trigger_target_dag.py
[2023-10-14T17:25:04.753+0000] {processor.py:743} INFO - Processing file /home/airflow/.local/lib/python3.7/site-packages/airflow/example_dags/example_trigger_target_dag.py for tasks to queue
[2023-10-14T17:25:04.755+0000] {logging_mixin.py:137} INFO - [2023-10-14T17:25:04.755+0000] {dagbag.py:538} INFO - Filling up the DagBag from /home/airflow/.local/lib/python3.7/site-packages/airflow/example_dags/example_trigger_target_dag.py
[2023-10-14T17:25:04.784+0000] {processor.py:753} INFO - DAG(s) dict_keys(['example_trigger_target_dag']) retrieved from /home/airflow/.local/lib/python3.7/site-packages/airflow/example_dags/example_trigger_target_dag.py
[2023-10-14T17:25:04.823+0000] {logging_mixin.py:137} INFO - [2023-10-14T17:25:04.823+0000] {dag.py:2690} INFO - Sync 1 DAGs
[2023-10-14T17:25:04.857+0000] {logging_mixin.py:137} INFO - [2023-10-14T17:25:04.857+0000] {dag.py:3441} INFO - Setting next_dagrun for example_trigger_target_dag to None, run_after=None
[2023-10-14T17:25:04.892+0000] {processor.py:175} INFO - Processing /home/airflow/.local/lib/python3.7/site-packages/airflow/example_dags/example_trigger_target_dag.py took 0.144 seconds
[2023-10-14T17:25:35.630+0000] {processor.py:153} INFO - Started process (PID=9260) to work on /home/airflow/.local/lib/python3.7/site-packages/airflow/example_dags/example_trigger_target_dag.py
[2023-10-14T17:25:35.631+0000] {processor.py:743} INFO - Processing file /home/airflow/.local/lib/python3.7/site-packages/airflow/example_dags/example_trigger_target_dag.py for tasks to queue
[2023-10-14T17:25:35.632+0000] {logging_mixin.py:137} INFO - [2023-10-14T17:25:35.632+0000] {dagbag.py:538} INFO - Filling up the DagBag from /home/airflow/.local/lib/python3.7/site-packages/airflow/example_dags/example_trigger_target_dag.py
[2023-10-14T17:25:35.655+0000] {processor.py:753} INFO - DAG(s) dict_keys(['example_trigger_target_dag']) retrieved from /home/airflow/.local/lib/python3.7/site-packages/airflow/example_dags/example_trigger_target_dag.py
[2023-10-14T17:25:35.680+0000] {logging_mixin.py:137} INFO - [2023-10-14T17:25:35.680+0000] {dag.py:2690} INFO - Sync 1 DAGs
[2023-10-14T17:25:35.705+0000] {logging_mixin.py:137} INFO - [2023-10-14T17:25:35.705+0000] {dag.py:3441} INFO - Setting next_dagrun for example_trigger_target_dag to None, run_after=None
[2023-10-14T17:25:35.726+0000] {processor.py:175} INFO - Processing /home/airflow/.local/lib/python3.7/site-packages/airflow/example_dags/example_trigger_target_dag.py took 0.100 seconds
[2023-10-14T17:26:05.988+0000] {processor.py:153} INFO - Started process (PID=9335) to work on /home/airflow/.local/lib/python3.7/site-packages/airflow/example_dags/example_trigger_target_dag.py
[2023-10-14T17:26:05.993+0000] {processor.py:743} INFO - Processing file /home/airflow/.local/lib/python3.7/site-packages/airflow/example_dags/example_trigger_target_dag.py for tasks to queue
[2023-10-14T17:26:05.998+0000] {logging_mixin.py:137} INFO - [2023-10-14T17:26:05.997+0000] {dagbag.py:538} INFO - Filling up the DagBag from /home/airflow/.local/lib/python3.7/site-packages/airflow/example_dags/example_trigger_target_dag.py
[2023-10-14T17:26:06.027+0000] {processor.py:753} INFO - DAG(s) dict_keys(['example_trigger_target_dag']) retrieved from /home/airflow/.local/lib/python3.7/site-packages/airflow/example_dags/example_trigger_target_dag.py
[2023-10-14T17:26:06.065+0000] {logging_mixin.py:137} INFO - [2023-10-14T17:26:06.064+0000] {dag.py:2690} INFO - Sync 1 DAGs
[2023-10-14T17:26:06.095+0000] {logging_mixin.py:137} INFO - [2023-10-14T17:26:06.095+0000] {dag.py:3441} INFO - Setting next_dagrun for example_trigger_target_dag to None, run_after=None
[2023-10-14T17:26:06.117+0000] {processor.py:175} INFO - Processing /home/airflow/.local/lib/python3.7/site-packages/airflow/example_dags/example_trigger_target_dag.py took 0.133 seconds
[2023-10-14T17:26:37.037+0000] {processor.py:153} INFO - Started process (PID=9428) to work on /home/airflow/.local/lib/python3.7/site-packages/airflow/example_dags/example_trigger_target_dag.py
[2023-10-14T17:26:37.038+0000] {processor.py:743} INFO - Processing file /home/airflow/.local/lib/python3.7/site-packages/airflow/example_dags/example_trigger_target_dag.py for tasks to queue
[2023-10-14T17:26:37.039+0000] {logging_mixin.py:137} INFO - [2023-10-14T17:26:37.039+0000] {dagbag.py:538} INFO - Filling up the DagBag from /home/airflow/.local/lib/python3.7/site-packages/airflow/example_dags/example_trigger_target_dag.py
[2023-10-14T17:26:37.061+0000] {processor.py:753} INFO - DAG(s) dict_keys(['example_trigger_target_dag']) retrieved from /home/airflow/.local/lib/python3.7/site-packages/airflow/example_dags/example_trigger_target_dag.py
[2023-10-14T17:26:37.088+0000] {logging_mixin.py:137} INFO - [2023-10-14T17:26:37.088+0000] {dag.py:2690} INFO - Sync 1 DAGs
[2023-10-14T17:26:37.113+0000] {logging_mixin.py:137} INFO - [2023-10-14T17:26:37.112+0000] {dag.py:3441} INFO - Setting next_dagrun for example_trigger_target_dag to None, run_after=None
[2023-10-14T17:26:37.132+0000] {processor.py:175} INFO - Processing /home/airflow/.local/lib/python3.7/site-packages/airflow/example_dags/example_trigger_target_dag.py took 0.099 seconds
[2023-10-14T17:27:07.347+0000] {processor.py:153} INFO - Started process (PID=9503) to work on /home/airflow/.local/lib/python3.7/site-packages/airflow/example_dags/example_trigger_target_dag.py
[2023-10-14T17:27:07.348+0000] {processor.py:743} INFO - Processing file /home/airflow/.local/lib/python3.7/site-packages/airflow/example_dags/example_trigger_target_dag.py for tasks to queue
[2023-10-14T17:27:07.349+0000] {logging_mixin.py:137} INFO - [2023-10-14T17:27:07.349+0000] {dagbag.py:538} INFO - Filling up the DagBag from /home/airflow/.local/lib/python3.7/site-packages/airflow/example_dags/example_trigger_target_dag.py
[2023-10-14T17:27:07.373+0000] {processor.py:753} INFO - DAG(s) dict_keys(['example_trigger_target_dag']) retrieved from /home/airflow/.local/lib/python3.7/site-packages/airflow/example_dags/example_trigger_target_dag.py
[2023-10-14T17:27:07.401+0000] {logging_mixin.py:137} INFO - [2023-10-14T17:27:07.400+0000] {dag.py:2690} INFO - Sync 1 DAGs
[2023-10-14T17:27:07.421+0000] {logging_mixin.py:137} INFO - [2023-10-14T17:27:07.421+0000] {dag.py:3441} INFO - Setting next_dagrun for example_trigger_target_dag to None, run_after=None
[2023-10-14T17:27:07.441+0000] {processor.py:175} INFO - Processing /home/airflow/.local/lib/python3.7/site-packages/airflow/example_dags/example_trigger_target_dag.py took 0.098 seconds
[2023-10-14T17:27:38.337+0000] {processor.py:153} INFO - Started process (PID=9596) to work on /home/airflow/.local/lib/python3.7/site-packages/airflow/example_dags/example_trigger_target_dag.py
[2023-10-14T17:27:38.338+0000] {processor.py:743} INFO - Processing file /home/airflow/.local/lib/python3.7/site-packages/airflow/example_dags/example_trigger_target_dag.py for tasks to queue
[2023-10-14T17:27:38.339+0000] {logging_mixin.py:137} INFO - [2023-10-14T17:27:38.339+0000] {dagbag.py:538} INFO - Filling up the DagBag from /home/airflow/.local/lib/python3.7/site-packages/airflow/example_dags/example_trigger_target_dag.py
[2023-10-14T17:27:38.361+0000] {processor.py:753} INFO - DAG(s) dict_keys(['example_trigger_target_dag']) retrieved from /home/airflow/.local/lib/python3.7/site-packages/airflow/example_dags/example_trigger_target_dag.py
[2023-10-14T17:27:38.385+0000] {logging_mixin.py:137} INFO - [2023-10-14T17:27:38.385+0000] {dag.py:2690} INFO - Sync 1 DAGs
[2023-10-14T17:27:38.407+0000] {logging_mixin.py:137} INFO - [2023-10-14T17:27:38.407+0000] {dag.py:3441} INFO - Setting next_dagrun for example_trigger_target_dag to None, run_after=None
[2023-10-14T17:27:38.426+0000] {processor.py:175} INFO - Processing /home/airflow/.local/lib/python3.7/site-packages/airflow/example_dags/example_trigger_target_dag.py took 0.092 seconds
