[2023-11-14T00:12:47.659+0000] {processor.py:153} INFO - Started process (PID=6372) to work on /home/airflow/.local/lib/python3.7/site-packages/airflow/example_dags/example_python_operator.py
[2023-11-14T00:12:47.660+0000] {processor.py:743} INFO - Processing file /home/airflow/.local/lib/python3.7/site-packages/airflow/example_dags/example_python_operator.py for tasks to queue
[2023-11-14T00:12:47.661+0000] {logging_mixin.py:137} INFO - [2023-11-14T00:12:47.661+0000] {dagbag.py:538} INFO - Filling up the DagBag from /home/airflow/.local/lib/python3.7/site-packages/airflow/example_dags/example_python_operator.py
[2023-11-14T00:12:47.674+0000] {logging_mixin.py:137} INFO - [2023-11-14T00:12:47.674+0000] {taskmixin.py:205} WARNING - Dependency <Task(_PythonDecoratedOperator): print_the_context>, log_sql_query already registered for DAG: example_python_operator
[2023-11-14T00:12:47.675+0000] {logging_mixin.py:137} INFO - [2023-11-14T00:12:47.675+0000] {taskmixin.py:205} WARNING - Dependency <Task(_PythonDecoratedOperator): log_sql_query>, print_the_context already registered for DAG: example_python_operator
[2023-11-14T00:12:47.675+0000] {logging_mixin.py:137} INFO - [2023-11-14T00:12:47.675+0000] {taskmixin.py:205} WARNING - Dependency <Task(_PythonDecoratedOperator): print_the_context>, log_sql_query already registered for DAG: example_python_operator
[2023-11-14T00:12:47.675+0000] {logging_mixin.py:137} INFO - [2023-11-14T00:12:47.675+0000] {taskmixin.py:205} WARNING - Dependency <Task(_PythonDecoratedOperator): log_sql_query>, print_the_context already registered for DAG: example_python_operator
[2023-11-14T00:12:47.676+0000] {logging_mixin.py:137} INFO - [2023-11-14T00:12:47.676+0000] {taskmixin.py:205} WARNING - Dependency <Task(_PythonDecoratedOperator): print_the_context>, log_sql_query already registered for DAG: example_python_operator
[2023-11-14T00:12:47.676+0000] {logging_mixin.py:137} INFO - [2023-11-14T00:12:47.676+0000] {taskmixin.py:205} WARNING - Dependency <Task(_PythonDecoratedOperator): log_sql_query>, print_the_context already registered for DAG: example_python_operator
[2023-11-14T00:12:47.676+0000] {logging_mixin.py:137} INFO - [2023-11-14T00:12:47.676+0000] {taskmixin.py:205} WARNING - Dependency <Task(_PythonDecoratedOperator): print_the_context>, log_sql_query already registered for DAG: example_python_operator
[2023-11-14T00:12:47.676+0000] {logging_mixin.py:137} INFO - [2023-11-14T00:12:47.676+0000] {taskmixin.py:205} WARNING - Dependency <Task(_PythonDecoratedOperator): log_sql_query>, print_the_context already registered for DAG: example_python_operator
[2023-11-14T00:12:47.682+0000] {processor.py:753} INFO - DAG(s) dict_keys(['example_python_operator']) retrieved from /home/airflow/.local/lib/python3.7/site-packages/airflow/example_dags/example_python_operator.py
[2023-11-14T00:12:47.700+0000] {logging_mixin.py:137} INFO - [2023-11-14T00:12:47.699+0000] {dag.py:2690} INFO - Sync 1 DAGs
[2023-11-14T00:12:47.713+0000] {logging_mixin.py:137} INFO - [2023-11-14T00:12:47.713+0000] {dag.py:3441} INFO - Setting next_dagrun for example_python_operator to None, run_after=None
[2023-11-14T00:12:47.723+0000] {processor.py:175} INFO - Processing /home/airflow/.local/lib/python3.7/site-packages/airflow/example_dags/example_python_operator.py took 0.067 seconds
[2023-11-14T01:20:49.948+0000] {processor.py:153} INFO - Started process (PID=6449) to work on /home/airflow/.local/lib/python3.7/site-packages/airflow/example_dags/example_python_operator.py
[2023-11-14T01:20:49.949+0000] {processor.py:743} INFO - Processing file /home/airflow/.local/lib/python3.7/site-packages/airflow/example_dags/example_python_operator.py for tasks to queue
[2023-11-14T01:20:49.950+0000] {logging_mixin.py:137} INFO - [2023-11-14T01:20:49.950+0000] {dagbag.py:538} INFO - Filling up the DagBag from /home/airflow/.local/lib/python3.7/site-packages/airflow/example_dags/example_python_operator.py
[2023-11-14T01:20:49.964+0000] {logging_mixin.py:137} INFO - [2023-11-14T01:20:49.964+0000] {taskmixin.py:205} WARNING - Dependency <Task(_PythonDecoratedOperator): print_the_context>, log_sql_query already registered for DAG: example_python_operator
[2023-11-14T01:20:49.965+0000] {logging_mixin.py:137} INFO - [2023-11-14T01:20:49.965+0000] {taskmixin.py:205} WARNING - Dependency <Task(_PythonDecoratedOperator): log_sql_query>, print_the_context already registered for DAG: example_python_operator
[2023-11-14T01:20:49.965+0000] {logging_mixin.py:137} INFO - [2023-11-14T01:20:49.965+0000] {taskmixin.py:205} WARNING - Dependency <Task(_PythonDecoratedOperator): print_the_context>, log_sql_query already registered for DAG: example_python_operator
[2023-11-14T01:20:49.965+0000] {logging_mixin.py:137} INFO - [2023-11-14T01:20:49.965+0000] {taskmixin.py:205} WARNING - Dependency <Task(_PythonDecoratedOperator): log_sql_query>, print_the_context already registered for DAG: example_python_operator
[2023-11-14T01:20:49.966+0000] {logging_mixin.py:137} INFO - [2023-11-14T01:20:49.966+0000] {taskmixin.py:205} WARNING - Dependency <Task(_PythonDecoratedOperator): print_the_context>, log_sql_query already registered for DAG: example_python_operator
[2023-11-14T01:20:49.966+0000] {logging_mixin.py:137} INFO - [2023-11-14T01:20:49.966+0000] {taskmixin.py:205} WARNING - Dependency <Task(_PythonDecoratedOperator): log_sql_query>, print_the_context already registered for DAG: example_python_operator
[2023-11-14T01:20:49.967+0000] {logging_mixin.py:137} INFO - [2023-11-14T01:20:49.967+0000] {taskmixin.py:205} WARNING - Dependency <Task(_PythonDecoratedOperator): print_the_context>, log_sql_query already registered for DAG: example_python_operator
[2023-11-14T01:20:49.967+0000] {logging_mixin.py:137} INFO - [2023-11-14T01:20:49.967+0000] {taskmixin.py:205} WARNING - Dependency <Task(_PythonDecoratedOperator): log_sql_query>, print_the_context already registered for DAG: example_python_operator
[2023-11-14T01:20:49.974+0000] {processor.py:753} INFO - DAG(s) dict_keys(['example_python_operator']) retrieved from /home/airflow/.local/lib/python3.7/site-packages/airflow/example_dags/example_python_operator.py
[2023-11-14T01:20:49.993+0000] {logging_mixin.py:137} INFO - [2023-11-14T01:20:49.993+0000] {dag.py:2690} INFO - Sync 1 DAGs
[2023-11-14T01:20:50.008+0000] {logging_mixin.py:137} INFO - [2023-11-14T01:20:50.008+0000] {dag.py:3441} INFO - Setting next_dagrun for example_python_operator to None, run_after=None
[2023-11-14T01:20:50.020+0000] {processor.py:175} INFO - Processing /home/airflow/.local/lib/python3.7/site-packages/airflow/example_dags/example_python_operator.py took 0.074 seconds
[2023-11-14T02:42:42.730+0000] {processor.py:153} INFO - Started process (PID=6544) to work on /home/airflow/.local/lib/python3.7/site-packages/airflow/example_dags/example_python_operator.py
[2023-11-14T02:42:42.731+0000] {processor.py:743} INFO - Processing file /home/airflow/.local/lib/python3.7/site-packages/airflow/example_dags/example_python_operator.py for tasks to queue
[2023-11-14T02:42:42.731+0000] {logging_mixin.py:137} INFO - [2023-11-14T02:42:42.731+0000] {dagbag.py:538} INFO - Filling up the DagBag from /home/airflow/.local/lib/python3.7/site-packages/airflow/example_dags/example_python_operator.py
[2023-11-14T02:42:42.741+0000] {logging_mixin.py:137} INFO - [2023-11-14T02:42:42.741+0000] {taskmixin.py:205} WARNING - Dependency <Task(_PythonDecoratedOperator): print_the_context>, log_sql_query already registered for DAG: example_python_operator
[2023-11-14T02:42:42.741+0000] {logging_mixin.py:137} INFO - [2023-11-14T02:42:42.741+0000] {taskmixin.py:205} WARNING - Dependency <Task(_PythonDecoratedOperator): log_sql_query>, print_the_context already registered for DAG: example_python_operator
[2023-11-14T02:42:42.742+0000] {logging_mixin.py:137} INFO - [2023-11-14T02:42:42.742+0000] {taskmixin.py:205} WARNING - Dependency <Task(_PythonDecoratedOperator): print_the_context>, log_sql_query already registered for DAG: example_python_operator
[2023-11-14T02:42:42.742+0000] {logging_mixin.py:137} INFO - [2023-11-14T02:42:42.742+0000] {taskmixin.py:205} WARNING - Dependency <Task(_PythonDecoratedOperator): log_sql_query>, print_the_context already registered for DAG: example_python_operator
[2023-11-14T02:42:42.742+0000] {logging_mixin.py:137} INFO - [2023-11-14T02:42:42.742+0000] {taskmixin.py:205} WARNING - Dependency <Task(_PythonDecoratedOperator): print_the_context>, log_sql_query already registered for DAG: example_python_operator
[2023-11-14T02:42:42.742+0000] {logging_mixin.py:137} INFO - [2023-11-14T02:42:42.742+0000] {taskmixin.py:205} WARNING - Dependency <Task(_PythonDecoratedOperator): log_sql_query>, print_the_context already registered for DAG: example_python_operator
[2023-11-14T02:42:42.743+0000] {logging_mixin.py:137} INFO - [2023-11-14T02:42:42.743+0000] {taskmixin.py:205} WARNING - Dependency <Task(_PythonDecoratedOperator): print_the_context>, log_sql_query already registered for DAG: example_python_operator
[2023-11-14T02:42:42.743+0000] {logging_mixin.py:137} INFO - [2023-11-14T02:42:42.743+0000] {taskmixin.py:205} WARNING - Dependency <Task(_PythonDecoratedOperator): log_sql_query>, print_the_context already registered for DAG: example_python_operator
[2023-11-14T02:42:42.747+0000] {processor.py:753} INFO - DAG(s) dict_keys(['example_python_operator']) retrieved from /home/airflow/.local/lib/python3.7/site-packages/airflow/example_dags/example_python_operator.py
[2023-11-14T02:42:42.763+0000] {logging_mixin.py:137} INFO - [2023-11-14T02:42:42.762+0000] {dag.py:2690} INFO - Sync 1 DAGs
[2023-11-14T02:42:42.774+0000] {logging_mixin.py:137} INFO - [2023-11-14T02:42:42.774+0000] {dag.py:3441} INFO - Setting next_dagrun for example_python_operator to None, run_after=None
[2023-11-14T02:42:42.783+0000] {processor.py:175} INFO - Processing /home/airflow/.local/lib/python3.7/site-packages/airflow/example_dags/example_python_operator.py took 0.054 seconds
[2023-11-14T04:06:45.777+0000] {processor.py:153} INFO - Started process (PID=6621) to work on /home/airflow/.local/lib/python3.7/site-packages/airflow/example_dags/example_python_operator.py
[2023-11-14T04:06:45.777+0000] {processor.py:743} INFO - Processing file /home/airflow/.local/lib/python3.7/site-packages/airflow/example_dags/example_python_operator.py for tasks to queue
[2023-11-14T04:06:45.778+0000] {logging_mixin.py:137} INFO - [2023-11-14T04:06:45.777+0000] {dagbag.py:538} INFO - Filling up the DagBag from /home/airflow/.local/lib/python3.7/site-packages/airflow/example_dags/example_python_operator.py
[2023-11-14T04:06:45.788+0000] {logging_mixin.py:137} INFO - [2023-11-14T04:06:45.788+0000] {taskmixin.py:205} WARNING - Dependency <Task(_PythonDecoratedOperator): print_the_context>, log_sql_query already registered for DAG: example_python_operator
[2023-11-14T04:06:45.788+0000] {logging_mixin.py:137} INFO - [2023-11-14T04:06:45.788+0000] {taskmixin.py:205} WARNING - Dependency <Task(_PythonDecoratedOperator): log_sql_query>, print_the_context already registered for DAG: example_python_operator
[2023-11-14T04:06:45.789+0000] {logging_mixin.py:137} INFO - [2023-11-14T04:06:45.789+0000] {taskmixin.py:205} WARNING - Dependency <Task(_PythonDecoratedOperator): print_the_context>, log_sql_query already registered for DAG: example_python_operator
[2023-11-14T04:06:45.789+0000] {logging_mixin.py:137} INFO - [2023-11-14T04:06:45.789+0000] {taskmixin.py:205} WARNING - Dependency <Task(_PythonDecoratedOperator): log_sql_query>, print_the_context already registered for DAG: example_python_operator
[2023-11-14T04:06:45.790+0000] {logging_mixin.py:137} INFO - [2023-11-14T04:06:45.789+0000] {taskmixin.py:205} WARNING - Dependency <Task(_PythonDecoratedOperator): print_the_context>, log_sql_query already registered for DAG: example_python_operator
[2023-11-14T04:06:45.790+0000] {logging_mixin.py:137} INFO - [2023-11-14T04:06:45.790+0000] {taskmixin.py:205} WARNING - Dependency <Task(_PythonDecoratedOperator): log_sql_query>, print_the_context already registered for DAG: example_python_operator
[2023-11-14T04:06:45.790+0000] {logging_mixin.py:137} INFO - [2023-11-14T04:06:45.790+0000] {taskmixin.py:205} WARNING - Dependency <Task(_PythonDecoratedOperator): print_the_context>, log_sql_query already registered for DAG: example_python_operator
[2023-11-14T04:06:45.791+0000] {logging_mixin.py:137} INFO - [2023-11-14T04:06:45.790+0000] {taskmixin.py:205} WARNING - Dependency <Task(_PythonDecoratedOperator): log_sql_query>, print_the_context already registered for DAG: example_python_operator
[2023-11-14T04:06:45.796+0000] {processor.py:753} INFO - DAG(s) dict_keys(['example_python_operator']) retrieved from /home/airflow/.local/lib/python3.7/site-packages/airflow/example_dags/example_python_operator.py
[2023-11-14T04:06:45.812+0000] {logging_mixin.py:137} INFO - [2023-11-14T04:06:45.812+0000] {dag.py:2690} INFO - Sync 1 DAGs
[2023-11-14T04:06:45.825+0000] {logging_mixin.py:137} INFO - [2023-11-14T04:06:45.825+0000] {dag.py:3441} INFO - Setting next_dagrun for example_python_operator to None, run_after=None
[2023-11-14T04:06:45.834+0000] {processor.py:175} INFO - Processing /home/airflow/.local/lib/python3.7/site-packages/airflow/example_dags/example_python_operator.py took 0.060 seconds
[2023-11-14T05:29:33.765+0000] {processor.py:153} INFO - Started process (PID=6716) to work on /home/airflow/.local/lib/python3.7/site-packages/airflow/example_dags/example_python_operator.py
[2023-11-14T05:29:33.766+0000] {processor.py:743} INFO - Processing file /home/airflow/.local/lib/python3.7/site-packages/airflow/example_dags/example_python_operator.py for tasks to queue
[2023-11-14T05:29:33.767+0000] {logging_mixin.py:137} INFO - [2023-11-14T05:29:33.766+0000] {dagbag.py:538} INFO - Filling up the DagBag from /home/airflow/.local/lib/python3.7/site-packages/airflow/example_dags/example_python_operator.py
[2023-11-14T05:29:33.777+0000] {logging_mixin.py:137} INFO - [2023-11-14T05:29:33.777+0000] {taskmixin.py:205} WARNING - Dependency <Task(_PythonDecoratedOperator): print_the_context>, log_sql_query already registered for DAG: example_python_operator
[2023-11-14T05:29:33.777+0000] {logging_mixin.py:137} INFO - [2023-11-14T05:29:33.777+0000] {taskmixin.py:205} WARNING - Dependency <Task(_PythonDecoratedOperator): log_sql_query>, print_the_context already registered for DAG: example_python_operator
[2023-11-14T05:29:33.777+0000] {logging_mixin.py:137} INFO - [2023-11-14T05:29:33.777+0000] {taskmixin.py:205} WARNING - Dependency <Task(_PythonDecoratedOperator): print_the_context>, log_sql_query already registered for DAG: example_python_operator
[2023-11-14T05:29:33.778+0000] {logging_mixin.py:137} INFO - [2023-11-14T05:29:33.778+0000] {taskmixin.py:205} WARNING - Dependency <Task(_PythonDecoratedOperator): log_sql_query>, print_the_context already registered for DAG: example_python_operator
[2023-11-14T05:29:33.778+0000] {logging_mixin.py:137} INFO - [2023-11-14T05:29:33.778+0000] {taskmixin.py:205} WARNING - Dependency <Task(_PythonDecoratedOperator): print_the_context>, log_sql_query already registered for DAG: example_python_operator
[2023-11-14T05:29:33.778+0000] {logging_mixin.py:137} INFO - [2023-11-14T05:29:33.778+0000] {taskmixin.py:205} WARNING - Dependency <Task(_PythonDecoratedOperator): log_sql_query>, print_the_context already registered for DAG: example_python_operator
[2023-11-14T05:29:33.778+0000] {logging_mixin.py:137} INFO - [2023-11-14T05:29:33.778+0000] {taskmixin.py:205} WARNING - Dependency <Task(_PythonDecoratedOperator): print_the_context>, log_sql_query already registered for DAG: example_python_operator
[2023-11-14T05:29:33.779+0000] {logging_mixin.py:137} INFO - [2023-11-14T05:29:33.779+0000] {taskmixin.py:205} WARNING - Dependency <Task(_PythonDecoratedOperator): log_sql_query>, print_the_context already registered for DAG: example_python_operator
[2023-11-14T05:29:33.784+0000] {processor.py:753} INFO - DAG(s) dict_keys(['example_python_operator']) retrieved from /home/airflow/.local/lib/python3.7/site-packages/airflow/example_dags/example_python_operator.py
[2023-11-14T05:29:33.798+0000] {logging_mixin.py:137} INFO - [2023-11-14T05:29:33.798+0000] {dag.py:2690} INFO - Sync 1 DAGs
[2023-11-14T05:29:33.811+0000] {logging_mixin.py:137} INFO - [2023-11-14T05:29:33.811+0000] {dag.py:3441} INFO - Setting next_dagrun for example_python_operator to None, run_after=None
[2023-11-14T05:29:33.820+0000] {processor.py:175} INFO - Processing /home/airflow/.local/lib/python3.7/site-packages/airflow/example_dags/example_python_operator.py took 0.057 seconds
[2023-11-14T06:51:23.643+0000] {processor.py:153} INFO - Started process (PID=6811) to work on /home/airflow/.local/lib/python3.7/site-packages/airflow/example_dags/example_python_operator.py
[2023-11-14T06:51:23.643+0000] {processor.py:743} INFO - Processing file /home/airflow/.local/lib/python3.7/site-packages/airflow/example_dags/example_python_operator.py for tasks to queue
[2023-11-14T06:51:23.644+0000] {logging_mixin.py:137} INFO - [2023-11-14T06:51:23.644+0000] {dagbag.py:538} INFO - Filling up the DagBag from /home/airflow/.local/lib/python3.7/site-packages/airflow/example_dags/example_python_operator.py
[2023-11-14T06:51:23.653+0000] {logging_mixin.py:137} INFO - [2023-11-14T06:51:23.653+0000] {taskmixin.py:205} WARNING - Dependency <Task(_PythonDecoratedOperator): print_the_context>, log_sql_query already registered for DAG: example_python_operator
[2023-11-14T06:51:23.653+0000] {logging_mixin.py:137} INFO - [2023-11-14T06:51:23.653+0000] {taskmixin.py:205} WARNING - Dependency <Task(_PythonDecoratedOperator): log_sql_query>, print_the_context already registered for DAG: example_python_operator
[2023-11-14T06:51:23.654+0000] {logging_mixin.py:137} INFO - [2023-11-14T06:51:23.654+0000] {taskmixin.py:205} WARNING - Dependency <Task(_PythonDecoratedOperator): print_the_context>, log_sql_query already registered for DAG: example_python_operator
[2023-11-14T06:51:23.654+0000] {logging_mixin.py:137} INFO - [2023-11-14T06:51:23.654+0000] {taskmixin.py:205} WARNING - Dependency <Task(_PythonDecoratedOperator): log_sql_query>, print_the_context already registered for DAG: example_python_operator
[2023-11-14T06:51:23.655+0000] {logging_mixin.py:137} INFO - [2023-11-14T06:51:23.655+0000] {taskmixin.py:205} WARNING - Dependency <Task(_PythonDecoratedOperator): print_the_context>, log_sql_query already registered for DAG: example_python_operator
[2023-11-14T06:51:23.655+0000] {logging_mixin.py:137} INFO - [2023-11-14T06:51:23.655+0000] {taskmixin.py:205} WARNING - Dependency <Task(_PythonDecoratedOperator): log_sql_query>, print_the_context already registered for DAG: example_python_operator
[2023-11-14T06:51:23.655+0000] {logging_mixin.py:137} INFO - [2023-11-14T06:51:23.655+0000] {taskmixin.py:205} WARNING - Dependency <Task(_PythonDecoratedOperator): print_the_context>, log_sql_query already registered for DAG: example_python_operator
[2023-11-14T06:51:23.655+0000] {logging_mixin.py:137} INFO - [2023-11-14T06:51:23.655+0000] {taskmixin.py:205} WARNING - Dependency <Task(_PythonDecoratedOperator): log_sql_query>, print_the_context already registered for DAG: example_python_operator
[2023-11-14T06:51:23.660+0000] {processor.py:753} INFO - DAG(s) dict_keys(['example_python_operator']) retrieved from /home/airflow/.local/lib/python3.7/site-packages/airflow/example_dags/example_python_operator.py
[2023-11-14T06:51:23.673+0000] {logging_mixin.py:137} INFO - [2023-11-14T06:51:23.673+0000] {dag.py:2690} INFO - Sync 1 DAGs
[2023-11-14T06:51:23.684+0000] {logging_mixin.py:137} INFO - [2023-11-14T06:51:23.684+0000] {dag.py:3441} INFO - Setting next_dagrun for example_python_operator to None, run_after=None
[2023-11-14T06:51:23.692+0000] {processor.py:175} INFO - Processing /home/airflow/.local/lib/python3.7/site-packages/airflow/example_dags/example_python_operator.py took 0.051 seconds
[2023-11-14T08:15:17.833+0000] {processor.py:153} INFO - Started process (PID=6888) to work on /home/airflow/.local/lib/python3.7/site-packages/airflow/example_dags/example_python_operator.py
[2023-11-14T08:15:17.833+0000] {processor.py:743} INFO - Processing file /home/airflow/.local/lib/python3.7/site-packages/airflow/example_dags/example_python_operator.py for tasks to queue
[2023-11-14T08:15:17.834+0000] {logging_mixin.py:137} INFO - [2023-11-14T08:15:17.834+0000] {dagbag.py:538} INFO - Filling up the DagBag from /home/airflow/.local/lib/python3.7/site-packages/airflow/example_dags/example_python_operator.py
[2023-11-14T08:15:17.843+0000] {logging_mixin.py:137} INFO - [2023-11-14T08:15:17.843+0000] {taskmixin.py:205} WARNING - Dependency <Task(_PythonDecoratedOperator): print_the_context>, log_sql_query already registered for DAG: example_python_operator
[2023-11-14T08:15:17.843+0000] {logging_mixin.py:137} INFO - [2023-11-14T08:15:17.843+0000] {taskmixin.py:205} WARNING - Dependency <Task(_PythonDecoratedOperator): log_sql_query>, print_the_context already registered for DAG: example_python_operator
[2023-11-14T08:15:17.844+0000] {logging_mixin.py:137} INFO - [2023-11-14T08:15:17.844+0000] {taskmixin.py:205} WARNING - Dependency <Task(_PythonDecoratedOperator): print_the_context>, log_sql_query already registered for DAG: example_python_operator
[2023-11-14T08:15:17.844+0000] {logging_mixin.py:137} INFO - [2023-11-14T08:15:17.844+0000] {taskmixin.py:205} WARNING - Dependency <Task(_PythonDecoratedOperator): log_sql_query>, print_the_context already registered for DAG: example_python_operator
[2023-11-14T08:15:17.844+0000] {logging_mixin.py:137} INFO - [2023-11-14T08:15:17.844+0000] {taskmixin.py:205} WARNING - Dependency <Task(_PythonDecoratedOperator): print_the_context>, log_sql_query already registered for DAG: example_python_operator
[2023-11-14T08:15:17.844+0000] {logging_mixin.py:137} INFO - [2023-11-14T08:15:17.844+0000] {taskmixin.py:205} WARNING - Dependency <Task(_PythonDecoratedOperator): log_sql_query>, print_the_context already registered for DAG: example_python_operator
[2023-11-14T08:15:17.845+0000] {logging_mixin.py:137} INFO - [2023-11-14T08:15:17.845+0000] {taskmixin.py:205} WARNING - Dependency <Task(_PythonDecoratedOperator): print_the_context>, log_sql_query already registered for DAG: example_python_operator
[2023-11-14T08:15:17.845+0000] {logging_mixin.py:137} INFO - [2023-11-14T08:15:17.845+0000] {taskmixin.py:205} WARNING - Dependency <Task(_PythonDecoratedOperator): log_sql_query>, print_the_context already registered for DAG: example_python_operator
[2023-11-14T08:15:17.849+0000] {processor.py:753} INFO - DAG(s) dict_keys(['example_python_operator']) retrieved from /home/airflow/.local/lib/python3.7/site-packages/airflow/example_dags/example_python_operator.py
[2023-11-14T08:15:17.863+0000] {logging_mixin.py:137} INFO - [2023-11-14T08:15:17.863+0000] {dag.py:2690} INFO - Sync 1 DAGs
[2023-11-14T08:15:17.874+0000] {logging_mixin.py:137} INFO - [2023-11-14T08:15:17.874+0000] {dag.py:3441} INFO - Setting next_dagrun for example_python_operator to None, run_after=None
[2023-11-14T08:15:17.882+0000] {processor.py:175} INFO - Processing /home/airflow/.local/lib/python3.7/site-packages/airflow/example_dags/example_python_operator.py took 0.051 seconds
[2023-11-14T09:29:43.011+0000] {processor.py:153} INFO - Started process (PID=6982) to work on /home/airflow/.local/lib/python3.7/site-packages/airflow/example_dags/example_python_operator.py
[2023-11-14T09:29:43.012+0000] {processor.py:743} INFO - Processing file /home/airflow/.local/lib/python3.7/site-packages/airflow/example_dags/example_python_operator.py for tasks to queue
[2023-11-14T09:29:43.012+0000] {logging_mixin.py:137} INFO - [2023-11-14T09:29:43.012+0000] {dagbag.py:538} INFO - Filling up the DagBag from /home/airflow/.local/lib/python3.7/site-packages/airflow/example_dags/example_python_operator.py
[2023-11-14T09:29:43.023+0000] {logging_mixin.py:137} INFO - [2023-11-14T09:29:43.023+0000] {taskmixin.py:205} WARNING - Dependency <Task(_PythonDecoratedOperator): print_the_context>, log_sql_query already registered for DAG: example_python_operator
[2023-11-14T09:29:43.023+0000] {logging_mixin.py:137} INFO - [2023-11-14T09:29:43.023+0000] {taskmixin.py:205} WARNING - Dependency <Task(_PythonDecoratedOperator): log_sql_query>, print_the_context already registered for DAG: example_python_operator
[2023-11-14T09:29:43.023+0000] {logging_mixin.py:137} INFO - [2023-11-14T09:29:43.023+0000] {taskmixin.py:205} WARNING - Dependency <Task(_PythonDecoratedOperator): print_the_context>, log_sql_query already registered for DAG: example_python_operator
[2023-11-14T09:29:43.024+0000] {logging_mixin.py:137} INFO - [2023-11-14T09:29:43.024+0000] {taskmixin.py:205} WARNING - Dependency <Task(_PythonDecoratedOperator): log_sql_query>, print_the_context already registered for DAG: example_python_operator
[2023-11-14T09:29:43.024+0000] {logging_mixin.py:137} INFO - [2023-11-14T09:29:43.024+0000] {taskmixin.py:205} WARNING - Dependency <Task(_PythonDecoratedOperator): print_the_context>, log_sql_query already registered for DAG: example_python_operator
[2023-11-14T09:29:43.024+0000] {logging_mixin.py:137} INFO - [2023-11-14T09:29:43.024+0000] {taskmixin.py:205} WARNING - Dependency <Task(_PythonDecoratedOperator): log_sql_query>, print_the_context already registered for DAG: example_python_operator
[2023-11-14T09:29:43.025+0000] {logging_mixin.py:137} INFO - [2023-11-14T09:29:43.025+0000] {taskmixin.py:205} WARNING - Dependency <Task(_PythonDecoratedOperator): print_the_context>, log_sql_query already registered for DAG: example_python_operator
[2023-11-14T09:29:43.025+0000] {logging_mixin.py:137} INFO - [2023-11-14T09:29:43.025+0000] {taskmixin.py:205} WARNING - Dependency <Task(_PythonDecoratedOperator): log_sql_query>, print_the_context already registered for DAG: example_python_operator
[2023-11-14T09:29:43.030+0000] {processor.py:753} INFO - DAG(s) dict_keys(['example_python_operator']) retrieved from /home/airflow/.local/lib/python3.7/site-packages/airflow/example_dags/example_python_operator.py
[2023-11-14T09:29:43.046+0000] {logging_mixin.py:137} INFO - [2023-11-14T09:29:43.046+0000] {dag.py:2690} INFO - Sync 1 DAGs
[2023-11-14T09:29:43.058+0000] {logging_mixin.py:137} INFO - [2023-11-14T09:29:43.058+0000] {dag.py:3441} INFO - Setting next_dagrun for example_python_operator to None, run_after=None
[2023-11-14T09:29:43.067+0000] {processor.py:175} INFO - Processing /home/airflow/.local/lib/python3.7/site-packages/airflow/example_dags/example_python_operator.py took 0.059 seconds
[2023-11-14T10:51:20.868+0000] {processor.py:153} INFO - Started process (PID=7077) to work on /home/airflow/.local/lib/python3.7/site-packages/airflow/example_dags/example_python_operator.py
[2023-11-14T10:51:20.868+0000] {processor.py:743} INFO - Processing file /home/airflow/.local/lib/python3.7/site-packages/airflow/example_dags/example_python_operator.py for tasks to queue
[2023-11-14T10:51:20.869+0000] {logging_mixin.py:137} INFO - [2023-11-14T10:51:20.869+0000] {dagbag.py:538} INFO - Filling up the DagBag from /home/airflow/.local/lib/python3.7/site-packages/airflow/example_dags/example_python_operator.py
[2023-11-14T10:51:20.879+0000] {logging_mixin.py:137} INFO - [2023-11-14T10:51:20.879+0000] {taskmixin.py:205} WARNING - Dependency <Task(_PythonDecoratedOperator): print_the_context>, log_sql_query already registered for DAG: example_python_operator
[2023-11-14T10:51:20.879+0000] {logging_mixin.py:137} INFO - [2023-11-14T10:51:20.879+0000] {taskmixin.py:205} WARNING - Dependency <Task(_PythonDecoratedOperator): log_sql_query>, print_the_context already registered for DAG: example_python_operator
[2023-11-14T10:51:20.879+0000] {logging_mixin.py:137} INFO - [2023-11-14T10:51:20.879+0000] {taskmixin.py:205} WARNING - Dependency <Task(_PythonDecoratedOperator): print_the_context>, log_sql_query already registered for DAG: example_python_operator
[2023-11-14T10:51:20.880+0000] {logging_mixin.py:137} INFO - [2023-11-14T10:51:20.880+0000] {taskmixin.py:205} WARNING - Dependency <Task(_PythonDecoratedOperator): log_sql_query>, print_the_context already registered for DAG: example_python_operator
[2023-11-14T10:51:20.880+0000] {logging_mixin.py:137} INFO - [2023-11-14T10:51:20.880+0000] {taskmixin.py:205} WARNING - Dependency <Task(_PythonDecoratedOperator): print_the_context>, log_sql_query already registered for DAG: example_python_operator
[2023-11-14T10:51:20.880+0000] {logging_mixin.py:137} INFO - [2023-11-14T10:51:20.880+0000] {taskmixin.py:205} WARNING - Dependency <Task(_PythonDecoratedOperator): log_sql_query>, print_the_context already registered for DAG: example_python_operator
[2023-11-14T10:51:20.881+0000] {logging_mixin.py:137} INFO - [2023-11-14T10:51:20.881+0000] {taskmixin.py:205} WARNING - Dependency <Task(_PythonDecoratedOperator): print_the_context>, log_sql_query already registered for DAG: example_python_operator
[2023-11-14T10:51:20.881+0000] {logging_mixin.py:137} INFO - [2023-11-14T10:51:20.881+0000] {taskmixin.py:205} WARNING - Dependency <Task(_PythonDecoratedOperator): log_sql_query>, print_the_context already registered for DAG: example_python_operator
[2023-11-14T10:51:20.885+0000] {processor.py:753} INFO - DAG(s) dict_keys(['example_python_operator']) retrieved from /home/airflow/.local/lib/python3.7/site-packages/airflow/example_dags/example_python_operator.py
[2023-11-14T10:51:20.900+0000] {logging_mixin.py:137} INFO - [2023-11-14T10:51:20.900+0000] {dag.py:2690} INFO - Sync 1 DAGs
[2023-11-14T10:51:20.912+0000] {logging_mixin.py:137} INFO - [2023-11-14T10:51:20.912+0000] {dag.py:3441} INFO - Setting next_dagrun for example_python_operator to None, run_after=None
[2023-11-14T10:51:20.920+0000] {processor.py:175} INFO - Processing /home/airflow/.local/lib/python3.7/site-packages/airflow/example_dags/example_python_operator.py took 0.054 seconds
[2023-11-14T12:14:46.824+0000] {processor.py:153} INFO - Started process (PID=7163) to work on /home/airflow/.local/lib/python3.7/site-packages/airflow/example_dags/example_python_operator.py
[2023-11-14T12:14:46.826+0000] {processor.py:743} INFO - Processing file /home/airflow/.local/lib/python3.7/site-packages/airflow/example_dags/example_python_operator.py for tasks to queue
[2023-11-14T12:14:46.827+0000] {logging_mixin.py:137} INFO - [2023-11-14T12:14:46.827+0000] {dagbag.py:538} INFO - Filling up the DagBag from /home/airflow/.local/lib/python3.7/site-packages/airflow/example_dags/example_python_operator.py
[2023-11-14T12:14:46.842+0000] {logging_mixin.py:137} INFO - [2023-11-14T12:14:46.842+0000] {taskmixin.py:205} WARNING - Dependency <Task(_PythonDecoratedOperator): print_the_context>, log_sql_query already registered for DAG: example_python_operator
[2023-11-14T12:14:46.843+0000] {logging_mixin.py:137} INFO - [2023-11-14T12:14:46.843+0000] {taskmixin.py:205} WARNING - Dependency <Task(_PythonDecoratedOperator): log_sql_query>, print_the_context already registered for DAG: example_python_operator
[2023-11-14T12:14:46.845+0000] {logging_mixin.py:137} INFO - [2023-11-14T12:14:46.845+0000] {taskmixin.py:205} WARNING - Dependency <Task(_PythonDecoratedOperator): print_the_context>, log_sql_query already registered for DAG: example_python_operator
[2023-11-14T12:14:46.846+0000] {logging_mixin.py:137} INFO - [2023-11-14T12:14:46.846+0000] {taskmixin.py:205} WARNING - Dependency <Task(_PythonDecoratedOperator): log_sql_query>, print_the_context already registered for DAG: example_python_operator
[2023-11-14T12:14:46.848+0000] {logging_mixin.py:137} INFO - [2023-11-14T12:14:46.848+0000] {taskmixin.py:205} WARNING - Dependency <Task(_PythonDecoratedOperator): print_the_context>, log_sql_query already registered for DAG: example_python_operator
[2023-11-14T12:14:46.849+0000] {logging_mixin.py:137} INFO - [2023-11-14T12:14:46.849+0000] {taskmixin.py:205} WARNING - Dependency <Task(_PythonDecoratedOperator): log_sql_query>, print_the_context already registered for DAG: example_python_operator
[2023-11-14T12:14:46.851+0000] {logging_mixin.py:137} INFO - [2023-11-14T12:14:46.850+0000] {taskmixin.py:205} WARNING - Dependency <Task(_PythonDecoratedOperator): print_the_context>, log_sql_query already registered for DAG: example_python_operator
[2023-11-14T12:14:46.851+0000] {logging_mixin.py:137} INFO - [2023-11-14T12:14:46.851+0000] {taskmixin.py:205} WARNING - Dependency <Task(_PythonDecoratedOperator): log_sql_query>, print_the_context already registered for DAG: example_python_operator
[2023-11-14T12:14:46.860+0000] {processor.py:753} INFO - DAG(s) dict_keys(['example_python_operator']) retrieved from /home/airflow/.local/lib/python3.7/site-packages/airflow/example_dags/example_python_operator.py
[2023-11-14T12:14:46.886+0000] {logging_mixin.py:137} INFO - [2023-11-14T12:14:46.886+0000] {dag.py:2690} INFO - Sync 1 DAGs
[2023-11-14T12:14:46.900+0000] {logging_mixin.py:137} INFO - [2023-11-14T12:14:46.900+0000] {dag.py:3441} INFO - Setting next_dagrun for example_python_operator to None, run_after=None
[2023-11-14T12:14:46.910+0000] {processor.py:175} INFO - Processing /home/airflow/.local/lib/python3.7/site-packages/airflow/example_dags/example_python_operator.py took 0.093 seconds
[2023-11-14T13:35:03.871+0000] {processor.py:153} INFO - Started process (PID=7249) to work on /home/airflow/.local/lib/python3.7/site-packages/airflow/example_dags/example_python_operator.py
[2023-11-14T13:35:03.871+0000] {processor.py:743} INFO - Processing file /home/airflow/.local/lib/python3.7/site-packages/airflow/example_dags/example_python_operator.py for tasks to queue
[2023-11-14T13:35:03.872+0000] {logging_mixin.py:137} INFO - [2023-11-14T13:35:03.872+0000] {dagbag.py:538} INFO - Filling up the DagBag from /home/airflow/.local/lib/python3.7/site-packages/airflow/example_dags/example_python_operator.py
[2023-11-14T13:35:03.882+0000] {logging_mixin.py:137} INFO - [2023-11-14T13:35:03.882+0000] {taskmixin.py:205} WARNING - Dependency <Task(_PythonDecoratedOperator): print_the_context>, log_sql_query already registered for DAG: example_python_operator
[2023-11-14T13:35:03.882+0000] {logging_mixin.py:137} INFO - [2023-11-14T13:35:03.882+0000] {taskmixin.py:205} WARNING - Dependency <Task(_PythonDecoratedOperator): log_sql_query>, print_the_context already registered for DAG: example_python_operator
[2023-11-14T13:35:03.882+0000] {logging_mixin.py:137} INFO - [2023-11-14T13:35:03.882+0000] {taskmixin.py:205} WARNING - Dependency <Task(_PythonDecoratedOperator): print_the_context>, log_sql_query already registered for DAG: example_python_operator
[2023-11-14T13:35:03.882+0000] {logging_mixin.py:137} INFO - [2023-11-14T13:35:03.882+0000] {taskmixin.py:205} WARNING - Dependency <Task(_PythonDecoratedOperator): log_sql_query>, print_the_context already registered for DAG: example_python_operator
[2023-11-14T13:35:03.883+0000] {logging_mixin.py:137} INFO - [2023-11-14T13:35:03.883+0000] {taskmixin.py:205} WARNING - Dependency <Task(_PythonDecoratedOperator): print_the_context>, log_sql_query already registered for DAG: example_python_operator
[2023-11-14T13:35:03.883+0000] {logging_mixin.py:137} INFO - [2023-11-14T13:35:03.883+0000] {taskmixin.py:205} WARNING - Dependency <Task(_PythonDecoratedOperator): log_sql_query>, print_the_context already registered for DAG: example_python_operator
[2023-11-14T13:35:03.883+0000] {logging_mixin.py:137} INFO - [2023-11-14T13:35:03.883+0000] {taskmixin.py:205} WARNING - Dependency <Task(_PythonDecoratedOperator): print_the_context>, log_sql_query already registered for DAG: example_python_operator
[2023-11-14T13:35:03.883+0000] {logging_mixin.py:137} INFO - [2023-11-14T13:35:03.883+0000] {taskmixin.py:205} WARNING - Dependency <Task(_PythonDecoratedOperator): log_sql_query>, print_the_context already registered for DAG: example_python_operator
[2023-11-14T13:35:03.888+0000] {processor.py:753} INFO - DAG(s) dict_keys(['example_python_operator']) retrieved from /home/airflow/.local/lib/python3.7/site-packages/airflow/example_dags/example_python_operator.py
[2023-11-14T13:35:03.902+0000] {logging_mixin.py:137} INFO - [2023-11-14T13:35:03.902+0000] {dag.py:2690} INFO - Sync 1 DAGs
[2023-11-14T13:35:03.913+0000] {logging_mixin.py:137} INFO - [2023-11-14T13:35:03.913+0000] {dag.py:3441} INFO - Setting next_dagrun for example_python_operator to None, run_after=None
[2023-11-14T13:35:03.922+0000] {processor.py:175} INFO - Processing /home/airflow/.local/lib/python3.7/site-packages/airflow/example_dags/example_python_operator.py took 0.053 seconds
[2023-11-14T14:58:23.034+0000] {processor.py:153} INFO - Started process (PID=7344) to work on /home/airflow/.local/lib/python3.7/site-packages/airflow/example_dags/example_python_operator.py
[2023-11-14T14:58:23.035+0000] {processor.py:743} INFO - Processing file /home/airflow/.local/lib/python3.7/site-packages/airflow/example_dags/example_python_operator.py for tasks to queue
[2023-11-14T14:58:23.035+0000] {logging_mixin.py:137} INFO - [2023-11-14T14:58:23.035+0000] {dagbag.py:538} INFO - Filling up the DagBag from /home/airflow/.local/lib/python3.7/site-packages/airflow/example_dags/example_python_operator.py
[2023-11-14T14:58:23.045+0000] {logging_mixin.py:137} INFO - [2023-11-14T14:58:23.045+0000] {taskmixin.py:205} WARNING - Dependency <Task(_PythonDecoratedOperator): print_the_context>, log_sql_query already registered for DAG: example_python_operator
[2023-11-14T14:58:23.045+0000] {logging_mixin.py:137} INFO - [2023-11-14T14:58:23.045+0000] {taskmixin.py:205} WARNING - Dependency <Task(_PythonDecoratedOperator): log_sql_query>, print_the_context already registered for DAG: example_python_operator
[2023-11-14T14:58:23.046+0000] {logging_mixin.py:137} INFO - [2023-11-14T14:58:23.046+0000] {taskmixin.py:205} WARNING - Dependency <Task(_PythonDecoratedOperator): print_the_context>, log_sql_query already registered for DAG: example_python_operator
[2023-11-14T14:58:23.046+0000] {logging_mixin.py:137} INFO - [2023-11-14T14:58:23.046+0000] {taskmixin.py:205} WARNING - Dependency <Task(_PythonDecoratedOperator): log_sql_query>, print_the_context already registered for DAG: example_python_operator
[2023-11-14T14:58:23.046+0000] {logging_mixin.py:137} INFO - [2023-11-14T14:58:23.046+0000] {taskmixin.py:205} WARNING - Dependency <Task(_PythonDecoratedOperator): print_the_context>, log_sql_query already registered for DAG: example_python_operator
[2023-11-14T14:58:23.046+0000] {logging_mixin.py:137} INFO - [2023-11-14T14:58:23.046+0000] {taskmixin.py:205} WARNING - Dependency <Task(_PythonDecoratedOperator): log_sql_query>, print_the_context already registered for DAG: example_python_operator
[2023-11-14T14:58:23.047+0000] {logging_mixin.py:137} INFO - [2023-11-14T14:58:23.047+0000] {taskmixin.py:205} WARNING - Dependency <Task(_PythonDecoratedOperator): print_the_context>, log_sql_query already registered for DAG: example_python_operator
[2023-11-14T14:58:23.047+0000] {logging_mixin.py:137} INFO - [2023-11-14T14:58:23.047+0000] {taskmixin.py:205} WARNING - Dependency <Task(_PythonDecoratedOperator): log_sql_query>, print_the_context already registered for DAG: example_python_operator
[2023-11-14T14:58:23.052+0000] {processor.py:753} INFO - DAG(s) dict_keys(['example_python_operator']) retrieved from /home/airflow/.local/lib/python3.7/site-packages/airflow/example_dags/example_python_operator.py
[2023-11-14T14:58:23.067+0000] {logging_mixin.py:137} INFO - [2023-11-14T14:58:23.067+0000] {dag.py:2690} INFO - Sync 1 DAGs
[2023-11-14T14:58:23.078+0000] {logging_mixin.py:137} INFO - [2023-11-14T14:58:23.078+0000] {dag.py:3441} INFO - Setting next_dagrun for example_python_operator to None, run_after=None
[2023-11-14T14:58:23.086+0000] {processor.py:175} INFO - Processing /home/airflow/.local/lib/python3.7/site-packages/airflow/example_dags/example_python_operator.py took 0.054 seconds
[2023-11-14T16:19:37.903+0000] {processor.py:153} INFO - Started process (PID=7421) to work on /home/airflow/.local/lib/python3.7/site-packages/airflow/example_dags/example_python_operator.py
[2023-11-14T16:19:37.903+0000] {processor.py:743} INFO - Processing file /home/airflow/.local/lib/python3.7/site-packages/airflow/example_dags/example_python_operator.py for tasks to queue
[2023-11-14T16:19:37.904+0000] {logging_mixin.py:137} INFO - [2023-11-14T16:19:37.904+0000] {dagbag.py:538} INFO - Filling up the DagBag from /home/airflow/.local/lib/python3.7/site-packages/airflow/example_dags/example_python_operator.py
[2023-11-14T16:19:37.913+0000] {logging_mixin.py:137} INFO - [2023-11-14T16:19:37.913+0000] {taskmixin.py:205} WARNING - Dependency <Task(_PythonDecoratedOperator): print_the_context>, log_sql_query already registered for DAG: example_python_operator
[2023-11-14T16:19:37.913+0000] {logging_mixin.py:137} INFO - [2023-11-14T16:19:37.913+0000] {taskmixin.py:205} WARNING - Dependency <Task(_PythonDecoratedOperator): log_sql_query>, print_the_context already registered for DAG: example_python_operator
[2023-11-14T16:19:37.914+0000] {logging_mixin.py:137} INFO - [2023-11-14T16:19:37.914+0000] {taskmixin.py:205} WARNING - Dependency <Task(_PythonDecoratedOperator): print_the_context>, log_sql_query already registered for DAG: example_python_operator
[2023-11-14T16:19:37.914+0000] {logging_mixin.py:137} INFO - [2023-11-14T16:19:37.914+0000] {taskmixin.py:205} WARNING - Dependency <Task(_PythonDecoratedOperator): log_sql_query>, print_the_context already registered for DAG: example_python_operator
[2023-11-14T16:19:37.914+0000] {logging_mixin.py:137} INFO - [2023-11-14T16:19:37.914+0000] {taskmixin.py:205} WARNING - Dependency <Task(_PythonDecoratedOperator): print_the_context>, log_sql_query already registered for DAG: example_python_operator
[2023-11-14T16:19:37.915+0000] {logging_mixin.py:137} INFO - [2023-11-14T16:19:37.915+0000] {taskmixin.py:205} WARNING - Dependency <Task(_PythonDecoratedOperator): log_sql_query>, print_the_context already registered for DAG: example_python_operator
[2023-11-14T16:19:37.915+0000] {logging_mixin.py:137} INFO - [2023-11-14T16:19:37.915+0000] {taskmixin.py:205} WARNING - Dependency <Task(_PythonDecoratedOperator): print_the_context>, log_sql_query already registered for DAG: example_python_operator
[2023-11-14T16:19:37.915+0000] {logging_mixin.py:137} INFO - [2023-11-14T16:19:37.915+0000] {taskmixin.py:205} WARNING - Dependency <Task(_PythonDecoratedOperator): log_sql_query>, print_the_context already registered for DAG: example_python_operator
[2023-11-14T16:19:37.920+0000] {processor.py:753} INFO - DAG(s) dict_keys(['example_python_operator']) retrieved from /home/airflow/.local/lib/python3.7/site-packages/airflow/example_dags/example_python_operator.py
[2023-11-14T16:19:37.934+0000] {logging_mixin.py:137} INFO - [2023-11-14T16:19:37.934+0000] {dag.py:2690} INFO - Sync 1 DAGs
[2023-11-14T16:19:37.945+0000] {logging_mixin.py:137} INFO - [2023-11-14T16:19:37.945+0000] {dag.py:3441} INFO - Setting next_dagrun for example_python_operator to None, run_after=None
[2023-11-14T16:19:37.954+0000] {processor.py:175} INFO - Processing /home/airflow/.local/lib/python3.7/site-packages/airflow/example_dags/example_python_operator.py took 0.053 seconds
[2023-11-14T17:12:33.480+0000] {processor.py:153} INFO - Started process (PID=7516) to work on /home/airflow/.local/lib/python3.7/site-packages/airflow/example_dags/example_python_operator.py
[2023-11-14T17:12:33.480+0000] {processor.py:743} INFO - Processing file /home/airflow/.local/lib/python3.7/site-packages/airflow/example_dags/example_python_operator.py for tasks to queue
[2023-11-14T17:12:33.481+0000] {logging_mixin.py:137} INFO - [2023-11-14T17:12:33.481+0000] {dagbag.py:538} INFO - Filling up the DagBag from /home/airflow/.local/lib/python3.7/site-packages/airflow/example_dags/example_python_operator.py
[2023-11-14T17:12:33.491+0000] {logging_mixin.py:137} INFO - [2023-11-14T17:12:33.491+0000] {taskmixin.py:205} WARNING - Dependency <Task(_PythonDecoratedOperator): print_the_context>, log_sql_query already registered for DAG: example_python_operator
[2023-11-14T17:12:33.491+0000] {logging_mixin.py:137} INFO - [2023-11-14T17:12:33.491+0000] {taskmixin.py:205} WARNING - Dependency <Task(_PythonDecoratedOperator): log_sql_query>, print_the_context already registered for DAG: example_python_operator
[2023-11-14T17:12:33.491+0000] {logging_mixin.py:137} INFO - [2023-11-14T17:12:33.491+0000] {taskmixin.py:205} WARNING - Dependency <Task(_PythonDecoratedOperator): print_the_context>, log_sql_query already registered for DAG: example_python_operator
[2023-11-14T17:12:33.491+0000] {logging_mixin.py:137} INFO - [2023-11-14T17:12:33.491+0000] {taskmixin.py:205} WARNING - Dependency <Task(_PythonDecoratedOperator): log_sql_query>, print_the_context already registered for DAG: example_python_operator
[2023-11-14T17:12:33.492+0000] {logging_mixin.py:137} INFO - [2023-11-14T17:12:33.492+0000] {taskmixin.py:205} WARNING - Dependency <Task(_PythonDecoratedOperator): print_the_context>, log_sql_query already registered for DAG: example_python_operator
[2023-11-14T17:12:33.492+0000] {logging_mixin.py:137} INFO - [2023-11-14T17:12:33.492+0000] {taskmixin.py:205} WARNING - Dependency <Task(_PythonDecoratedOperator): log_sql_query>, print_the_context already registered for DAG: example_python_operator
[2023-11-14T17:12:33.492+0000] {logging_mixin.py:137} INFO - [2023-11-14T17:12:33.492+0000] {taskmixin.py:205} WARNING - Dependency <Task(_PythonDecoratedOperator): print_the_context>, log_sql_query already registered for DAG: example_python_operator
[2023-11-14T17:12:33.492+0000] {logging_mixin.py:137} INFO - [2023-11-14T17:12:33.492+0000] {taskmixin.py:205} WARNING - Dependency <Task(_PythonDecoratedOperator): log_sql_query>, print_the_context already registered for DAG: example_python_operator
[2023-11-14T17:12:33.497+0000] {processor.py:753} INFO - DAG(s) dict_keys(['example_python_operator']) retrieved from /home/airflow/.local/lib/python3.7/site-packages/airflow/example_dags/example_python_operator.py
[2023-11-14T17:12:33.511+0000] {logging_mixin.py:137} INFO - [2023-11-14T17:12:33.511+0000] {dag.py:2690} INFO - Sync 1 DAGs
[2023-11-14T17:12:33.523+0000] {logging_mixin.py:137} INFO - [2023-11-14T17:12:33.523+0000] {dag.py:3441} INFO - Setting next_dagrun for example_python_operator to None, run_after=None
[2023-11-14T17:12:33.531+0000] {processor.py:175} INFO - Processing /home/airflow/.local/lib/python3.7/site-packages/airflow/example_dags/example_python_operator.py took 0.053 seconds
[2023-11-14T18:49:19.405+0000] {processor.py:153} INFO - Started process (PID=7611) to work on /home/airflow/.local/lib/python3.7/site-packages/airflow/example_dags/example_python_operator.py
[2023-11-14T18:49:19.407+0000] {processor.py:743} INFO - Processing file /home/airflow/.local/lib/python3.7/site-packages/airflow/example_dags/example_python_operator.py for tasks to queue
[2023-11-14T18:49:19.408+0000] {logging_mixin.py:137} INFO - [2023-11-14T18:49:19.408+0000] {dagbag.py:538} INFO - Filling up the DagBag from /home/airflow/.local/lib/python3.7/site-packages/airflow/example_dags/example_python_operator.py
[2023-11-14T18:49:19.417+0000] {logging_mixin.py:137} INFO - [2023-11-14T18:49:19.417+0000] {taskmixin.py:205} WARNING - Dependency <Task(_PythonDecoratedOperator): print_the_context>, log_sql_query already registered for DAG: example_python_operator
[2023-11-14T18:49:19.418+0000] {logging_mixin.py:137} INFO - [2023-11-14T18:49:19.418+0000] {taskmixin.py:205} WARNING - Dependency <Task(_PythonDecoratedOperator): log_sql_query>, print_the_context already registered for DAG: example_python_operator
[2023-11-14T18:49:19.418+0000] {logging_mixin.py:137} INFO - [2023-11-14T18:49:19.418+0000] {taskmixin.py:205} WARNING - Dependency <Task(_PythonDecoratedOperator): print_the_context>, log_sql_query already registered for DAG: example_python_operator
[2023-11-14T18:49:19.418+0000] {logging_mixin.py:137} INFO - [2023-11-14T18:49:19.418+0000] {taskmixin.py:205} WARNING - Dependency <Task(_PythonDecoratedOperator): log_sql_query>, print_the_context already registered for DAG: example_python_operator
[2023-11-14T18:49:19.419+0000] {logging_mixin.py:137} INFO - [2023-11-14T18:49:19.419+0000] {taskmixin.py:205} WARNING - Dependency <Task(_PythonDecoratedOperator): print_the_context>, log_sql_query already registered for DAG: example_python_operator
[2023-11-14T18:49:19.419+0000] {logging_mixin.py:137} INFO - [2023-11-14T18:49:19.419+0000] {taskmixin.py:205} WARNING - Dependency <Task(_PythonDecoratedOperator): log_sql_query>, print_the_context already registered for DAG: example_python_operator
[2023-11-14T18:49:19.419+0000] {logging_mixin.py:137} INFO - [2023-11-14T18:49:19.419+0000] {taskmixin.py:205} WARNING - Dependency <Task(_PythonDecoratedOperator): print_the_context>, log_sql_query already registered for DAG: example_python_operator
[2023-11-14T18:49:19.419+0000] {logging_mixin.py:137} INFO - [2023-11-14T18:49:19.419+0000] {taskmixin.py:205} WARNING - Dependency <Task(_PythonDecoratedOperator): log_sql_query>, print_the_context already registered for DAG: example_python_operator
[2023-11-14T18:49:19.424+0000] {processor.py:753} INFO - DAG(s) dict_keys(['example_python_operator']) retrieved from /home/airflow/.local/lib/python3.7/site-packages/airflow/example_dags/example_python_operator.py
[2023-11-14T18:49:19.439+0000] {logging_mixin.py:137} INFO - [2023-11-14T18:49:19.439+0000] {dag.py:2690} INFO - Sync 1 DAGs
[2023-11-14T18:49:19.450+0000] {logging_mixin.py:137} INFO - [2023-11-14T18:49:19.450+0000] {dag.py:3441} INFO - Setting next_dagrun for example_python_operator to None, run_after=None
[2023-11-14T18:49:19.458+0000] {processor.py:175} INFO - Processing /home/airflow/.local/lib/python3.7/site-packages/airflow/example_dags/example_python_operator.py took 0.054 seconds
[2023-11-14T20:10:03.393+0000] {processor.py:153} INFO - Started process (PID=7697) to work on /home/airflow/.local/lib/python3.7/site-packages/airflow/example_dags/example_python_operator.py
[2023-11-14T20:10:03.394+0000] {processor.py:743} INFO - Processing file /home/airflow/.local/lib/python3.7/site-packages/airflow/example_dags/example_python_operator.py for tasks to queue
[2023-11-14T20:10:03.394+0000] {logging_mixin.py:137} INFO - [2023-11-14T20:10:03.394+0000] {dagbag.py:538} INFO - Filling up the DagBag from /home/airflow/.local/lib/python3.7/site-packages/airflow/example_dags/example_python_operator.py
[2023-11-14T20:10:03.404+0000] {logging_mixin.py:137} INFO - [2023-11-14T20:10:03.404+0000] {taskmixin.py:205} WARNING - Dependency <Task(_PythonDecoratedOperator): print_the_context>, log_sql_query already registered for DAG: example_python_operator
[2023-11-14T20:10:03.404+0000] {logging_mixin.py:137} INFO - [2023-11-14T20:10:03.404+0000] {taskmixin.py:205} WARNING - Dependency <Task(_PythonDecoratedOperator): log_sql_query>, print_the_context already registered for DAG: example_python_operator
[2023-11-14T20:10:03.405+0000] {logging_mixin.py:137} INFO - [2023-11-14T20:10:03.405+0000] {taskmixin.py:205} WARNING - Dependency <Task(_PythonDecoratedOperator): print_the_context>, log_sql_query already registered for DAG: example_python_operator
[2023-11-14T20:10:03.405+0000] {logging_mixin.py:137} INFO - [2023-11-14T20:10:03.405+0000] {taskmixin.py:205} WARNING - Dependency <Task(_PythonDecoratedOperator): log_sql_query>, print_the_context already registered for DAG: example_python_operator
[2023-11-14T20:10:03.405+0000] {logging_mixin.py:137} INFO - [2023-11-14T20:10:03.405+0000] {taskmixin.py:205} WARNING - Dependency <Task(_PythonDecoratedOperator): print_the_context>, log_sql_query already registered for DAG: example_python_operator
[2023-11-14T20:10:03.406+0000] {logging_mixin.py:137} INFO - [2023-11-14T20:10:03.405+0000] {taskmixin.py:205} WARNING - Dependency <Task(_PythonDecoratedOperator): log_sql_query>, print_the_context already registered for DAG: example_python_operator
[2023-11-14T20:10:03.406+0000] {logging_mixin.py:137} INFO - [2023-11-14T20:10:03.406+0000] {taskmixin.py:205} WARNING - Dependency <Task(_PythonDecoratedOperator): print_the_context>, log_sql_query already registered for DAG: example_python_operator
[2023-11-14T20:10:03.406+0000] {logging_mixin.py:137} INFO - [2023-11-14T20:10:03.406+0000] {taskmixin.py:205} WARNING - Dependency <Task(_PythonDecoratedOperator): log_sql_query>, print_the_context already registered for DAG: example_python_operator
[2023-11-14T20:10:03.411+0000] {processor.py:753} INFO - DAG(s) dict_keys(['example_python_operator']) retrieved from /home/airflow/.local/lib/python3.7/site-packages/airflow/example_dags/example_python_operator.py
[2023-11-14T20:10:03.426+0000] {logging_mixin.py:137} INFO - [2023-11-14T20:10:03.425+0000] {dag.py:2690} INFO - Sync 1 DAGs
[2023-11-14T20:10:03.438+0000] {logging_mixin.py:137} INFO - [2023-11-14T20:10:03.437+0000] {dag.py:3441} INFO - Setting next_dagrun for example_python_operator to None, run_after=None
[2023-11-14T20:10:03.446+0000] {processor.py:175} INFO - Processing /home/airflow/.local/lib/python3.7/site-packages/airflow/example_dags/example_python_operator.py took 0.055 seconds
[2023-11-14T21:46:21.270+0000] {processor.py:153} INFO - Started process (PID=7783) to work on /home/airflow/.local/lib/python3.7/site-packages/airflow/example_dags/example_python_operator.py
[2023-11-14T21:46:21.271+0000] {processor.py:743} INFO - Processing file /home/airflow/.local/lib/python3.7/site-packages/airflow/example_dags/example_python_operator.py for tasks to queue
[2023-11-14T21:46:21.272+0000] {logging_mixin.py:137} INFO - [2023-11-14T21:46:21.272+0000] {dagbag.py:538} INFO - Filling up the DagBag from /home/airflow/.local/lib/python3.7/site-packages/airflow/example_dags/example_python_operator.py
[2023-11-14T21:46:21.284+0000] {logging_mixin.py:137} INFO - [2023-11-14T21:46:21.283+0000] {taskmixin.py:205} WARNING - Dependency <Task(_PythonDecoratedOperator): print_the_context>, log_sql_query already registered for DAG: example_python_operator
[2023-11-14T21:46:21.284+0000] {logging_mixin.py:137} INFO - [2023-11-14T21:46:21.284+0000] {taskmixin.py:205} WARNING - Dependency <Task(_PythonDecoratedOperator): log_sql_query>, print_the_context already registered for DAG: example_python_operator
[2023-11-14T21:46:21.284+0000] {logging_mixin.py:137} INFO - [2023-11-14T21:46:21.284+0000] {taskmixin.py:205} WARNING - Dependency <Task(_PythonDecoratedOperator): print_the_context>, log_sql_query already registered for DAG: example_python_operator
[2023-11-14T21:46:21.285+0000] {logging_mixin.py:137} INFO - [2023-11-14T21:46:21.285+0000] {taskmixin.py:205} WARNING - Dependency <Task(_PythonDecoratedOperator): log_sql_query>, print_the_context already registered for DAG: example_python_operator
[2023-11-14T21:46:21.285+0000] {logging_mixin.py:137} INFO - [2023-11-14T21:46:21.285+0000] {taskmixin.py:205} WARNING - Dependency <Task(_PythonDecoratedOperator): print_the_context>, log_sql_query already registered for DAG: example_python_operator
[2023-11-14T21:46:21.285+0000] {logging_mixin.py:137} INFO - [2023-11-14T21:46:21.285+0000] {taskmixin.py:205} WARNING - Dependency <Task(_PythonDecoratedOperator): log_sql_query>, print_the_context already registered for DAG: example_python_operator
[2023-11-14T21:46:21.286+0000] {logging_mixin.py:137} INFO - [2023-11-14T21:46:21.286+0000] {taskmixin.py:205} WARNING - Dependency <Task(_PythonDecoratedOperator): print_the_context>, log_sql_query already registered for DAG: example_python_operator
[2023-11-14T21:46:21.286+0000] {logging_mixin.py:137} INFO - [2023-11-14T21:46:21.286+0000] {taskmixin.py:205} WARNING - Dependency <Task(_PythonDecoratedOperator): log_sql_query>, print_the_context already registered for DAG: example_python_operator
[2023-11-14T21:46:21.292+0000] {processor.py:753} INFO - DAG(s) dict_keys(['example_python_operator']) retrieved from /home/airflow/.local/lib/python3.7/site-packages/airflow/example_dags/example_python_operator.py
[2023-11-14T21:46:21.310+0000] {logging_mixin.py:137} INFO - [2023-11-14T21:46:21.310+0000] {dag.py:2690} INFO - Sync 1 DAGs
[2023-11-14T21:46:21.327+0000] {logging_mixin.py:137} INFO - [2023-11-14T21:46:21.327+0000] {dag.py:3441} INFO - Setting next_dagrun for example_python_operator to None, run_after=None
[2023-11-14T21:46:21.338+0000] {processor.py:175} INFO - Processing /home/airflow/.local/lib/python3.7/site-packages/airflow/example_dags/example_python_operator.py took 0.071 seconds
[2023-11-14T21:46:52.319+0000] {processor.py:153} INFO - Started process (PID=7878) to work on /home/airflow/.local/lib/python3.7/site-packages/airflow/example_dags/example_python_operator.py
[2023-11-14T21:46:52.320+0000] {processor.py:743} INFO - Processing file /home/airflow/.local/lib/python3.7/site-packages/airflow/example_dags/example_python_operator.py for tasks to queue
[2023-11-14T21:46:52.320+0000] {logging_mixin.py:137} INFO - [2023-11-14T21:46:52.320+0000] {dagbag.py:538} INFO - Filling up the DagBag from /home/airflow/.local/lib/python3.7/site-packages/airflow/example_dags/example_python_operator.py
[2023-11-14T21:46:52.329+0000] {logging_mixin.py:137} INFO - [2023-11-14T21:46:52.329+0000] {taskmixin.py:205} WARNING - Dependency <Task(_PythonDecoratedOperator): print_the_context>, log_sql_query already registered for DAG: example_python_operator
[2023-11-14T21:46:52.329+0000] {logging_mixin.py:137} INFO - [2023-11-14T21:46:52.329+0000] {taskmixin.py:205} WARNING - Dependency <Task(_PythonDecoratedOperator): log_sql_query>, print_the_context already registered for DAG: example_python_operator
[2023-11-14T21:46:52.330+0000] {logging_mixin.py:137} INFO - [2023-11-14T21:46:52.330+0000] {taskmixin.py:205} WARNING - Dependency <Task(_PythonDecoratedOperator): print_the_context>, log_sql_query already registered for DAG: example_python_operator
[2023-11-14T21:46:52.330+0000] {logging_mixin.py:137} INFO - [2023-11-14T21:46:52.330+0000] {taskmixin.py:205} WARNING - Dependency <Task(_PythonDecoratedOperator): log_sql_query>, print_the_context already registered for DAG: example_python_operator
[2023-11-14T21:46:52.330+0000] {logging_mixin.py:137} INFO - [2023-11-14T21:46:52.330+0000] {taskmixin.py:205} WARNING - Dependency <Task(_PythonDecoratedOperator): print_the_context>, log_sql_query already registered for DAG: example_python_operator
[2023-11-14T21:46:52.330+0000] {logging_mixin.py:137} INFO - [2023-11-14T21:46:52.330+0000] {taskmixin.py:205} WARNING - Dependency <Task(_PythonDecoratedOperator): log_sql_query>, print_the_context already registered for DAG: example_python_operator
[2023-11-14T21:46:52.331+0000] {logging_mixin.py:137} INFO - [2023-11-14T21:46:52.331+0000] {taskmixin.py:205} WARNING - Dependency <Task(_PythonDecoratedOperator): print_the_context>, log_sql_query already registered for DAG: example_python_operator
[2023-11-14T21:46:52.331+0000] {logging_mixin.py:137} INFO - [2023-11-14T21:46:52.331+0000] {taskmixin.py:205} WARNING - Dependency <Task(_PythonDecoratedOperator): log_sql_query>, print_the_context already registered for DAG: example_python_operator
[2023-11-14T21:46:52.335+0000] {processor.py:753} INFO - DAG(s) dict_keys(['example_python_operator']) retrieved from /home/airflow/.local/lib/python3.7/site-packages/airflow/example_dags/example_python_operator.py
[2023-11-14T21:46:52.349+0000] {logging_mixin.py:137} INFO - [2023-11-14T21:46:52.348+0000] {dag.py:2690} INFO - Sync 1 DAGs
[2023-11-14T21:46:52.360+0000] {logging_mixin.py:137} INFO - [2023-11-14T21:46:52.360+0000] {dag.py:3441} INFO - Setting next_dagrun for example_python_operator to None, run_after=None
[2023-11-14T21:46:52.368+0000] {processor.py:175} INFO - Processing /home/airflow/.local/lib/python3.7/site-packages/airflow/example_dags/example_python_operator.py took 0.051 seconds
[2023-11-14T21:47:23.455+0000] {processor.py:153} INFO - Started process (PID=7973) to work on /home/airflow/.local/lib/python3.7/site-packages/airflow/example_dags/example_python_operator.py
[2023-11-14T21:47:23.455+0000] {processor.py:743} INFO - Processing file /home/airflow/.local/lib/python3.7/site-packages/airflow/example_dags/example_python_operator.py for tasks to queue
[2023-11-14T21:47:23.456+0000] {logging_mixin.py:137} INFO - [2023-11-14T21:47:23.456+0000] {dagbag.py:538} INFO - Filling up the DagBag from /home/airflow/.local/lib/python3.7/site-packages/airflow/example_dags/example_python_operator.py
[2023-11-14T21:47:23.467+0000] {logging_mixin.py:137} INFO - [2023-11-14T21:47:23.466+0000] {taskmixin.py:205} WARNING - Dependency <Task(_PythonDecoratedOperator): print_the_context>, log_sql_query already registered for DAG: example_python_operator
[2023-11-14T21:47:23.467+0000] {logging_mixin.py:137} INFO - [2023-11-14T21:47:23.467+0000] {taskmixin.py:205} WARNING - Dependency <Task(_PythonDecoratedOperator): log_sql_query>, print_the_context already registered for DAG: example_python_operator
[2023-11-14T21:47:23.467+0000] {logging_mixin.py:137} INFO - [2023-11-14T21:47:23.467+0000] {taskmixin.py:205} WARNING - Dependency <Task(_PythonDecoratedOperator): print_the_context>, log_sql_query already registered for DAG: example_python_operator
[2023-11-14T21:47:23.467+0000] {logging_mixin.py:137} INFO - [2023-11-14T21:47:23.467+0000] {taskmixin.py:205} WARNING - Dependency <Task(_PythonDecoratedOperator): log_sql_query>, print_the_context already registered for DAG: example_python_operator
[2023-11-14T21:47:23.468+0000] {logging_mixin.py:137} INFO - [2023-11-14T21:47:23.468+0000] {taskmixin.py:205} WARNING - Dependency <Task(_PythonDecoratedOperator): print_the_context>, log_sql_query already registered for DAG: example_python_operator
[2023-11-14T21:47:23.468+0000] {logging_mixin.py:137} INFO - [2023-11-14T21:47:23.468+0000] {taskmixin.py:205} WARNING - Dependency <Task(_PythonDecoratedOperator): log_sql_query>, print_the_context already registered for DAG: example_python_operator
[2023-11-14T21:47:23.468+0000] {logging_mixin.py:137} INFO - [2023-11-14T21:47:23.468+0000] {taskmixin.py:205} WARNING - Dependency <Task(_PythonDecoratedOperator): print_the_context>, log_sql_query already registered for DAG: example_python_operator
[2023-11-14T21:47:23.469+0000] {logging_mixin.py:137} INFO - [2023-11-14T21:47:23.469+0000] {taskmixin.py:205} WARNING - Dependency <Task(_PythonDecoratedOperator): log_sql_query>, print_the_context already registered for DAG: example_python_operator
[2023-11-14T21:47:23.474+0000] {processor.py:753} INFO - DAG(s) dict_keys(['example_python_operator']) retrieved from /home/airflow/.local/lib/python3.7/site-packages/airflow/example_dags/example_python_operator.py
[2023-11-14T21:47:23.490+0000] {logging_mixin.py:137} INFO - [2023-11-14T21:47:23.490+0000] {dag.py:2690} INFO - Sync 1 DAGs
[2023-11-14T21:47:23.503+0000] {logging_mixin.py:137} INFO - [2023-11-14T21:47:23.503+0000] {dag.py:3441} INFO - Setting next_dagrun for example_python_operator to None, run_after=None
[2023-11-14T21:47:23.512+0000] {processor.py:175} INFO - Processing /home/airflow/.local/lib/python3.7/site-packages/airflow/example_dags/example_python_operator.py took 0.062 seconds
[2023-11-14T23:08:37.588+0000] {processor.py:153} INFO - Started process (PID=8050) to work on /home/airflow/.local/lib/python3.7/site-packages/airflow/example_dags/example_python_operator.py
[2023-11-14T23:08:37.590+0000] {processor.py:743} INFO - Processing file /home/airflow/.local/lib/python3.7/site-packages/airflow/example_dags/example_python_operator.py for tasks to queue
[2023-11-14T23:08:37.592+0000] {logging_mixin.py:137} INFO - [2023-11-14T23:08:37.592+0000] {dagbag.py:538} INFO - Filling up the DagBag from /home/airflow/.local/lib/python3.7/site-packages/airflow/example_dags/example_python_operator.py
[2023-11-14T23:08:37.606+0000] {logging_mixin.py:137} INFO - [2023-11-14T23:08:37.606+0000] {taskmixin.py:205} WARNING - Dependency <Task(_PythonDecoratedOperator): print_the_context>, log_sql_query already registered for DAG: example_python_operator
[2023-11-14T23:08:37.606+0000] {logging_mixin.py:137} INFO - [2023-11-14T23:08:37.606+0000] {taskmixin.py:205} WARNING - Dependency <Task(_PythonDecoratedOperator): log_sql_query>, print_the_context already registered for DAG: example_python_operator
[2023-11-14T23:08:37.607+0000] {logging_mixin.py:137} INFO - [2023-11-14T23:08:37.607+0000] {taskmixin.py:205} WARNING - Dependency <Task(_PythonDecoratedOperator): print_the_context>, log_sql_query already registered for DAG: example_python_operator
[2023-11-14T23:08:37.607+0000] {logging_mixin.py:137} INFO - [2023-11-14T23:08:37.607+0000] {taskmixin.py:205} WARNING - Dependency <Task(_PythonDecoratedOperator): log_sql_query>, print_the_context already registered for DAG: example_python_operator
[2023-11-14T23:08:37.607+0000] {logging_mixin.py:137} INFO - [2023-11-14T23:08:37.607+0000] {taskmixin.py:205} WARNING - Dependency <Task(_PythonDecoratedOperator): print_the_context>, log_sql_query already registered for DAG: example_python_operator
[2023-11-14T23:08:37.608+0000] {logging_mixin.py:137} INFO - [2023-11-14T23:08:37.608+0000] {taskmixin.py:205} WARNING - Dependency <Task(_PythonDecoratedOperator): log_sql_query>, print_the_context already registered for DAG: example_python_operator
[2023-11-14T23:08:37.608+0000] {logging_mixin.py:137} INFO - [2023-11-14T23:08:37.608+0000] {taskmixin.py:205} WARNING - Dependency <Task(_PythonDecoratedOperator): print_the_context>, log_sql_query already registered for DAG: example_python_operator
[2023-11-14T23:08:37.608+0000] {logging_mixin.py:137} INFO - [2023-11-14T23:08:37.608+0000] {taskmixin.py:205} WARNING - Dependency <Task(_PythonDecoratedOperator): log_sql_query>, print_the_context already registered for DAG: example_python_operator
[2023-11-14T23:08:37.614+0000] {processor.py:753} INFO - DAG(s) dict_keys(['example_python_operator']) retrieved from /home/airflow/.local/lib/python3.7/site-packages/airflow/example_dags/example_python_operator.py
[2023-11-14T23:08:37.632+0000] {logging_mixin.py:137} INFO - [2023-11-14T23:08:37.632+0000] {dag.py:2690} INFO - Sync 1 DAGs
[2023-11-14T23:08:37.648+0000] {logging_mixin.py:137} INFO - [2023-11-14T23:08:37.648+0000] {dag.py:3441} INFO - Setting next_dagrun for example_python_operator to None, run_after=None
[2023-11-14T23:08:37.661+0000] {processor.py:175} INFO - Processing /home/airflow/.local/lib/python3.7/site-packages/airflow/example_dags/example_python_operator.py took 0.076 seconds
