[2023-11-14T00:12:47.925+0000] {processor.py:153} INFO - Started process (PID=6379) to work on /home/airflow/.local/lib/python3.7/site-packages/airflow/example_dags/example_nested_branch_dag.py
[2023-11-14T00:12:47.926+0000] {processor.py:743} INFO - Processing file /home/airflow/.local/lib/python3.7/site-packages/airflow/example_dags/example_nested_branch_dag.py for tasks to queue
[2023-11-14T00:12:47.926+0000] {logging_mixin.py:137} INFO - [2023-11-14T00:12:47.926+0000] {dagbag.py:538} INFO - Filling up the DagBag from /home/airflow/.local/lib/python3.7/site-packages/airflow/example_dags/example_nested_branch_dag.py
[2023-11-14T00:12:47.942+0000] {processor.py:753} INFO - DAG(s) dict_keys(['example_nested_branch_dag']) retrieved from /home/airflow/.local/lib/python3.7/site-packages/airflow/example_dags/example_nested_branch_dag.py
[2023-11-14T00:12:47.956+0000] {logging_mixin.py:137} INFO - [2023-11-14T00:12:47.956+0000] {dag.py:2690} INFO - Sync 1 DAGs
[2023-11-14T00:12:47.968+0000] {logging_mixin.py:137} INFO - [2023-11-14T00:12:47.968+0000] {dag.py:3441} INFO - Setting next_dagrun for example_nested_branch_dag to 2023-11-13T00:00:00+00:00, run_after=2023-11-14T00:00:00+00:00
[2023-11-14T00:12:47.977+0000] {processor.py:175} INFO - Processing /home/airflow/.local/lib/python3.7/site-packages/airflow/example_dags/example_nested_branch_dag.py took 0.055 seconds
[2023-11-14T01:20:50.337+0000] {processor.py:153} INFO - Started process (PID=6456) to work on /home/airflow/.local/lib/python3.7/site-packages/airflow/example_dags/example_nested_branch_dag.py
[2023-11-14T01:20:50.338+0000] {processor.py:743} INFO - Processing file /home/airflow/.local/lib/python3.7/site-packages/airflow/example_dags/example_nested_branch_dag.py for tasks to queue
[2023-11-14T01:20:50.338+0000] {logging_mixin.py:137} INFO - [2023-11-14T01:20:50.338+0000] {dagbag.py:538} INFO - Filling up the DagBag from /home/airflow/.local/lib/python3.7/site-packages/airflow/example_dags/example_nested_branch_dag.py
[2023-11-14T01:20:50.356+0000] {processor.py:753} INFO - DAG(s) dict_keys(['example_nested_branch_dag']) retrieved from /home/airflow/.local/lib/python3.7/site-packages/airflow/example_dags/example_nested_branch_dag.py
[2023-11-14T01:20:50.382+0000] {logging_mixin.py:137} INFO - [2023-11-14T01:20:50.381+0000] {dag.py:2690} INFO - Sync 1 DAGs
[2023-11-14T01:20:50.398+0000] {logging_mixin.py:137} INFO - [2023-11-14T01:20:50.398+0000] {dag.py:3441} INFO - Setting next_dagrun for example_nested_branch_dag to 2023-11-13T00:00:00+00:00, run_after=2023-11-14T00:00:00+00:00
[2023-11-14T01:20:50.411+0000] {processor.py:175} INFO - Processing /home/airflow/.local/lib/python3.7/site-packages/airflow/example_dags/example_nested_branch_dag.py took 0.078 seconds
[2023-11-14T02:42:42.984+0000] {processor.py:153} INFO - Started process (PID=6551) to work on /home/airflow/.local/lib/python3.7/site-packages/airflow/example_dags/example_nested_branch_dag.py
[2023-11-14T02:42:42.985+0000] {processor.py:743} INFO - Processing file /home/airflow/.local/lib/python3.7/site-packages/airflow/example_dags/example_nested_branch_dag.py for tasks to queue
[2023-11-14T02:42:42.985+0000] {logging_mixin.py:137} INFO - [2023-11-14T02:42:42.985+0000] {dagbag.py:538} INFO - Filling up the DagBag from /home/airflow/.local/lib/python3.7/site-packages/airflow/example_dags/example_nested_branch_dag.py
[2023-11-14T02:42:42.999+0000] {processor.py:753} INFO - DAG(s) dict_keys(['example_nested_branch_dag']) retrieved from /home/airflow/.local/lib/python3.7/site-packages/airflow/example_dags/example_nested_branch_dag.py
[2023-11-14T02:42:43.013+0000] {logging_mixin.py:137} INFO - [2023-11-14T02:42:43.013+0000] {dag.py:2690} INFO - Sync 1 DAGs
[2023-11-14T02:42:43.025+0000] {logging_mixin.py:137} INFO - [2023-11-14T02:42:43.025+0000] {dag.py:3441} INFO - Setting next_dagrun for example_nested_branch_dag to 2023-11-13T00:00:00+00:00, run_after=2023-11-14T00:00:00+00:00
[2023-11-14T02:42:43.033+0000] {processor.py:175} INFO - Processing /home/airflow/.local/lib/python3.7/site-packages/airflow/example_dags/example_nested_branch_dag.py took 0.051 seconds
[2023-11-14T04:06:46.051+0000] {processor.py:153} INFO - Started process (PID=6637) to work on /home/airflow/.local/lib/python3.7/site-packages/airflow/example_dags/example_nested_branch_dag.py
[2023-11-14T04:06:46.052+0000] {processor.py:743} INFO - Processing file /home/airflow/.local/lib/python3.7/site-packages/airflow/example_dags/example_nested_branch_dag.py for tasks to queue
[2023-11-14T04:06:46.052+0000] {logging_mixin.py:137} INFO - [2023-11-14T04:06:46.052+0000] {dagbag.py:538} INFO - Filling up the DagBag from /home/airflow/.local/lib/python3.7/site-packages/airflow/example_dags/example_nested_branch_dag.py
[2023-11-14T04:06:46.067+0000] {processor.py:753} INFO - DAG(s) dict_keys(['example_nested_branch_dag']) retrieved from /home/airflow/.local/lib/python3.7/site-packages/airflow/example_dags/example_nested_branch_dag.py
[2023-11-14T04:06:46.082+0000] {logging_mixin.py:137} INFO - [2023-11-14T04:06:46.082+0000] {dag.py:2690} INFO - Sync 1 DAGs
[2023-11-14T04:06:46.094+0000] {logging_mixin.py:137} INFO - [2023-11-14T04:06:46.094+0000] {dag.py:3441} INFO - Setting next_dagrun for example_nested_branch_dag to 2023-11-13T00:00:00+00:00, run_after=2023-11-14T00:00:00+00:00
[2023-11-14T04:06:46.103+0000] {processor.py:175} INFO - Processing /home/airflow/.local/lib/python3.7/site-packages/airflow/example_dags/example_nested_branch_dag.py took 0.054 seconds
[2023-11-14T05:29:34.041+0000] {processor.py:153} INFO - Started process (PID=6723) to work on /home/airflow/.local/lib/python3.7/site-packages/airflow/example_dags/example_nested_branch_dag.py
[2023-11-14T05:29:34.042+0000] {processor.py:743} INFO - Processing file /home/airflow/.local/lib/python3.7/site-packages/airflow/example_dags/example_nested_branch_dag.py for tasks to queue
[2023-11-14T05:29:34.042+0000] {logging_mixin.py:137} INFO - [2023-11-14T05:29:34.042+0000] {dagbag.py:538} INFO - Filling up the DagBag from /home/airflow/.local/lib/python3.7/site-packages/airflow/example_dags/example_nested_branch_dag.py
[2023-11-14T05:29:34.057+0000] {processor.py:753} INFO - DAG(s) dict_keys(['example_nested_branch_dag']) retrieved from /home/airflow/.local/lib/python3.7/site-packages/airflow/example_dags/example_nested_branch_dag.py
[2023-11-14T05:29:34.071+0000] {logging_mixin.py:137} INFO - [2023-11-14T05:29:34.071+0000] {dag.py:2690} INFO - Sync 1 DAGs
[2023-11-14T05:29:34.083+0000] {logging_mixin.py:137} INFO - [2023-11-14T05:29:34.083+0000] {dag.py:3441} INFO - Setting next_dagrun for example_nested_branch_dag to 2023-11-13T00:00:00+00:00, run_after=2023-11-14T00:00:00+00:00
[2023-11-14T05:29:34.091+0000] {processor.py:175} INFO - Processing /home/airflow/.local/lib/python3.7/site-packages/airflow/example_dags/example_nested_branch_dag.py took 0.053 seconds
[2023-11-14T06:51:23.985+0000] {processor.py:153} INFO - Started process (PID=6818) to work on /home/airflow/.local/lib/python3.7/site-packages/airflow/example_dags/example_nested_branch_dag.py
[2023-11-14T06:51:23.986+0000] {processor.py:743} INFO - Processing file /home/airflow/.local/lib/python3.7/site-packages/airflow/example_dags/example_nested_branch_dag.py for tasks to queue
[2023-11-14T06:51:23.987+0000] {logging_mixin.py:137} INFO - [2023-11-14T06:51:23.987+0000] {dagbag.py:538} INFO - Filling up the DagBag from /home/airflow/.local/lib/python3.7/site-packages/airflow/example_dags/example_nested_branch_dag.py
[2023-11-14T06:51:24.006+0000] {processor.py:753} INFO - DAG(s) dict_keys(['example_nested_branch_dag']) retrieved from /home/airflow/.local/lib/python3.7/site-packages/airflow/example_dags/example_nested_branch_dag.py
[2023-11-14T06:51:24.025+0000] {logging_mixin.py:137} INFO - [2023-11-14T06:51:24.025+0000] {dag.py:2690} INFO - Sync 1 DAGs
[2023-11-14T06:51:24.042+0000] {logging_mixin.py:137} INFO - [2023-11-14T06:51:24.042+0000] {dag.py:3441} INFO - Setting next_dagrun for example_nested_branch_dag to 2023-11-13T00:00:00+00:00, run_after=2023-11-14T00:00:00+00:00
[2023-11-14T06:51:24.054+0000] {processor.py:175} INFO - Processing /home/airflow/.local/lib/python3.7/site-packages/airflow/example_dags/example_nested_branch_dag.py took 0.074 seconds
[2023-11-14T08:15:18.068+0000] {processor.py:153} INFO - Started process (PID=6895) to work on /home/airflow/.local/lib/python3.7/site-packages/airflow/example_dags/example_nested_branch_dag.py
[2023-11-14T08:15:18.069+0000] {processor.py:743} INFO - Processing file /home/airflow/.local/lib/python3.7/site-packages/airflow/example_dags/example_nested_branch_dag.py for tasks to queue
[2023-11-14T08:15:18.069+0000] {logging_mixin.py:137} INFO - [2023-11-14T08:15:18.069+0000] {dagbag.py:538} INFO - Filling up the DagBag from /home/airflow/.local/lib/python3.7/site-packages/airflow/example_dags/example_nested_branch_dag.py
[2023-11-14T08:15:18.083+0000] {processor.py:753} INFO - DAG(s) dict_keys(['example_nested_branch_dag']) retrieved from /home/airflow/.local/lib/python3.7/site-packages/airflow/example_dags/example_nested_branch_dag.py
[2023-11-14T08:15:18.097+0000] {logging_mixin.py:137} INFO - [2023-11-14T08:15:18.097+0000] {dag.py:2690} INFO - Sync 1 DAGs
[2023-11-14T08:15:18.109+0000] {logging_mixin.py:137} INFO - [2023-11-14T08:15:18.109+0000] {dag.py:3441} INFO - Setting next_dagrun for example_nested_branch_dag to 2023-11-13T00:00:00+00:00, run_after=2023-11-14T00:00:00+00:00
[2023-11-14T08:15:18.120+0000] {processor.py:175} INFO - Processing /home/airflow/.local/lib/python3.7/site-packages/airflow/example_dags/example_nested_branch_dag.py took 0.054 seconds
[2023-11-14T09:29:43.249+0000] {processor.py:153} INFO - Started process (PID=6989) to work on /home/airflow/.local/lib/python3.7/site-packages/airflow/example_dags/example_nested_branch_dag.py
[2023-11-14T09:29:43.250+0000] {processor.py:743} INFO - Processing file /home/airflow/.local/lib/python3.7/site-packages/airflow/example_dags/example_nested_branch_dag.py for tasks to queue
[2023-11-14T09:29:43.250+0000] {logging_mixin.py:137} INFO - [2023-11-14T09:29:43.250+0000] {dagbag.py:538} INFO - Filling up the DagBag from /home/airflow/.local/lib/python3.7/site-packages/airflow/example_dags/example_nested_branch_dag.py
[2023-11-14T09:29:43.264+0000] {processor.py:753} INFO - DAG(s) dict_keys(['example_nested_branch_dag']) retrieved from /home/airflow/.local/lib/python3.7/site-packages/airflow/example_dags/example_nested_branch_dag.py
[2023-11-14T09:29:43.278+0000] {logging_mixin.py:137} INFO - [2023-11-14T09:29:43.278+0000] {dag.py:2690} INFO - Sync 1 DAGs
[2023-11-14T09:29:43.291+0000] {logging_mixin.py:137} INFO - [2023-11-14T09:29:43.291+0000] {dag.py:3441} INFO - Setting next_dagrun for example_nested_branch_dag to 2023-11-13T00:00:00+00:00, run_after=2023-11-14T00:00:00+00:00
[2023-11-14T09:29:43.300+0000] {processor.py:175} INFO - Processing /home/airflow/.local/lib/python3.7/site-packages/airflow/example_dags/example_nested_branch_dag.py took 0.053 seconds
[2023-11-14T10:51:21.103+0000] {processor.py:153} INFO - Started process (PID=7084) to work on /home/airflow/.local/lib/python3.7/site-packages/airflow/example_dags/example_nested_branch_dag.py
[2023-11-14T10:51:21.103+0000] {processor.py:743} INFO - Processing file /home/airflow/.local/lib/python3.7/site-packages/airflow/example_dags/example_nested_branch_dag.py for tasks to queue
[2023-11-14T10:51:21.104+0000] {logging_mixin.py:137} INFO - [2023-11-14T10:51:21.104+0000] {dagbag.py:538} INFO - Filling up the DagBag from /home/airflow/.local/lib/python3.7/site-packages/airflow/example_dags/example_nested_branch_dag.py
[2023-11-14T10:51:21.120+0000] {processor.py:753} INFO - DAG(s) dict_keys(['example_nested_branch_dag']) retrieved from /home/airflow/.local/lib/python3.7/site-packages/airflow/example_dags/example_nested_branch_dag.py
[2023-11-14T10:51:21.135+0000] {logging_mixin.py:137} INFO - [2023-11-14T10:51:21.135+0000] {dag.py:2690} INFO - Sync 1 DAGs
[2023-11-14T10:51:21.148+0000] {logging_mixin.py:137} INFO - [2023-11-14T10:51:21.148+0000] {dag.py:3441} INFO - Setting next_dagrun for example_nested_branch_dag to 2023-11-13T00:00:00+00:00, run_after=2023-11-14T00:00:00+00:00
[2023-11-14T10:51:21.158+0000] {processor.py:175} INFO - Processing /home/airflow/.local/lib/python3.7/site-packages/airflow/example_dags/example_nested_branch_dag.py took 0.058 seconds
[2023-11-14T12:14:47.205+0000] {processor.py:153} INFO - Started process (PID=7179) to work on /home/airflow/.local/lib/python3.7/site-packages/airflow/example_dags/example_nested_branch_dag.py
[2023-11-14T12:14:47.206+0000] {processor.py:743} INFO - Processing file /home/airflow/.local/lib/python3.7/site-packages/airflow/example_dags/example_nested_branch_dag.py for tasks to queue
[2023-11-14T12:14:47.207+0000] {logging_mixin.py:137} INFO - [2023-11-14T12:14:47.207+0000] {dagbag.py:538} INFO - Filling up the DagBag from /home/airflow/.local/lib/python3.7/site-packages/airflow/example_dags/example_nested_branch_dag.py
[2023-11-14T12:14:47.221+0000] {processor.py:753} INFO - DAG(s) dict_keys(['example_nested_branch_dag']) retrieved from /home/airflow/.local/lib/python3.7/site-packages/airflow/example_dags/example_nested_branch_dag.py
[2023-11-14T12:14:47.233+0000] {logging_mixin.py:137} INFO - [2023-11-14T12:14:47.233+0000] {dag.py:2690} INFO - Sync 1 DAGs
[2023-11-14T12:14:47.245+0000] {logging_mixin.py:137} INFO - [2023-11-14T12:14:47.245+0000] {dag.py:3441} INFO - Setting next_dagrun for example_nested_branch_dag to 2023-11-13T00:00:00+00:00, run_after=2023-11-14T00:00:00+00:00
[2023-11-14T12:14:47.255+0000] {processor.py:175} INFO - Processing /home/airflow/.local/lib/python3.7/site-packages/airflow/example_dags/example_nested_branch_dag.py took 0.053 seconds
[2023-11-14T13:35:04.113+0000] {processor.py:153} INFO - Started process (PID=7256) to work on /home/airflow/.local/lib/python3.7/site-packages/airflow/example_dags/example_nested_branch_dag.py
[2023-11-14T13:35:04.114+0000] {processor.py:743} INFO - Processing file /home/airflow/.local/lib/python3.7/site-packages/airflow/example_dags/example_nested_branch_dag.py for tasks to queue
[2023-11-14T13:35:04.114+0000] {logging_mixin.py:137} INFO - [2023-11-14T13:35:04.114+0000] {dagbag.py:538} INFO - Filling up the DagBag from /home/airflow/.local/lib/python3.7/site-packages/airflow/example_dags/example_nested_branch_dag.py
[2023-11-14T13:35:04.128+0000] {processor.py:753} INFO - DAG(s) dict_keys(['example_nested_branch_dag']) retrieved from /home/airflow/.local/lib/python3.7/site-packages/airflow/example_dags/example_nested_branch_dag.py
[2023-11-14T13:35:04.141+0000] {logging_mixin.py:137} INFO - [2023-11-14T13:35:04.140+0000] {dag.py:2690} INFO - Sync 1 DAGs
[2023-11-14T13:35:04.153+0000] {logging_mixin.py:137} INFO - [2023-11-14T13:35:04.153+0000] {dag.py:3441} INFO - Setting next_dagrun for example_nested_branch_dag to 2023-11-13T00:00:00+00:00, run_after=2023-11-14T00:00:00+00:00
[2023-11-14T13:35:04.161+0000] {processor.py:175} INFO - Processing /home/airflow/.local/lib/python3.7/site-packages/airflow/example_dags/example_nested_branch_dag.py took 0.050 seconds
[2023-11-14T14:58:23.278+0000] {processor.py:153} INFO - Started process (PID=7351) to work on /home/airflow/.local/lib/python3.7/site-packages/airflow/example_dags/example_nested_branch_dag.py
[2023-11-14T14:58:23.278+0000] {processor.py:743} INFO - Processing file /home/airflow/.local/lib/python3.7/site-packages/airflow/example_dags/example_nested_branch_dag.py for tasks to queue
[2023-11-14T14:58:23.279+0000] {logging_mixin.py:137} INFO - [2023-11-14T14:58:23.279+0000] {dagbag.py:538} INFO - Filling up the DagBag from /home/airflow/.local/lib/python3.7/site-packages/airflow/example_dags/example_nested_branch_dag.py
[2023-11-14T14:58:23.293+0000] {processor.py:753} INFO - DAG(s) dict_keys(['example_nested_branch_dag']) retrieved from /home/airflow/.local/lib/python3.7/site-packages/airflow/example_dags/example_nested_branch_dag.py
[2023-11-14T14:58:23.307+0000] {logging_mixin.py:137} INFO - [2023-11-14T14:58:23.307+0000] {dag.py:2690} INFO - Sync 1 DAGs
[2023-11-14T14:58:23.320+0000] {logging_mixin.py:137} INFO - [2023-11-14T14:58:23.320+0000] {dag.py:3441} INFO - Setting next_dagrun for example_nested_branch_dag to 2023-11-13T00:00:00+00:00, run_after=2023-11-14T00:00:00+00:00
[2023-11-14T14:58:23.329+0000] {processor.py:175} INFO - Processing /home/airflow/.local/lib/python3.7/site-packages/airflow/example_dags/example_nested_branch_dag.py took 0.054 seconds
[2023-11-14T16:19:38.126+0000] {processor.py:153} INFO - Started process (PID=7428) to work on /home/airflow/.local/lib/python3.7/site-packages/airflow/example_dags/example_nested_branch_dag.py
[2023-11-14T16:19:38.127+0000] {processor.py:743} INFO - Processing file /home/airflow/.local/lib/python3.7/site-packages/airflow/example_dags/example_nested_branch_dag.py for tasks to queue
[2023-11-14T16:19:38.127+0000] {logging_mixin.py:137} INFO - [2023-11-14T16:19:38.127+0000] {dagbag.py:538} INFO - Filling up the DagBag from /home/airflow/.local/lib/python3.7/site-packages/airflow/example_dags/example_nested_branch_dag.py
[2023-11-14T16:19:38.142+0000] {processor.py:753} INFO - DAG(s) dict_keys(['example_nested_branch_dag']) retrieved from /home/airflow/.local/lib/python3.7/site-packages/airflow/example_dags/example_nested_branch_dag.py
[2023-11-14T16:19:38.156+0000] {logging_mixin.py:137} INFO - [2023-11-14T16:19:38.156+0000] {dag.py:2690} INFO - Sync 1 DAGs
[2023-11-14T16:19:38.168+0000] {logging_mixin.py:137} INFO - [2023-11-14T16:19:38.168+0000] {dag.py:3441} INFO - Setting next_dagrun for example_nested_branch_dag to 2023-11-13T00:00:00+00:00, run_after=2023-11-14T00:00:00+00:00
[2023-11-14T16:19:38.177+0000] {processor.py:175} INFO - Processing /home/airflow/.local/lib/python3.7/site-packages/airflow/example_dags/example_nested_branch_dag.py took 0.053 seconds
[2023-11-14T17:12:33.727+0000] {processor.py:153} INFO - Started process (PID=7523) to work on /home/airflow/.local/lib/python3.7/site-packages/airflow/example_dags/example_nested_branch_dag.py
[2023-11-14T17:12:33.728+0000] {processor.py:743} INFO - Processing file /home/airflow/.local/lib/python3.7/site-packages/airflow/example_dags/example_nested_branch_dag.py for tasks to queue
[2023-11-14T17:12:33.728+0000] {logging_mixin.py:137} INFO - [2023-11-14T17:12:33.728+0000] {dagbag.py:538} INFO - Filling up the DagBag from /home/airflow/.local/lib/python3.7/site-packages/airflow/example_dags/example_nested_branch_dag.py
[2023-11-14T17:12:33.742+0000] {processor.py:753} INFO - DAG(s) dict_keys(['example_nested_branch_dag']) retrieved from /home/airflow/.local/lib/python3.7/site-packages/airflow/example_dags/example_nested_branch_dag.py
[2023-11-14T17:12:33.755+0000] {logging_mixin.py:137} INFO - [2023-11-14T17:12:33.755+0000] {dag.py:2690} INFO - Sync 1 DAGs
[2023-11-14T17:12:33.767+0000] {logging_mixin.py:137} INFO - [2023-11-14T17:12:33.767+0000] {dag.py:3441} INFO - Setting next_dagrun for example_nested_branch_dag to 2023-11-13T00:00:00+00:00, run_after=2023-11-14T00:00:00+00:00
[2023-11-14T17:12:33.776+0000] {processor.py:175} INFO - Processing /home/airflow/.local/lib/python3.7/site-packages/airflow/example_dags/example_nested_branch_dag.py took 0.051 seconds
[2023-11-14T18:49:19.649+0000] {processor.py:153} INFO - Started process (PID=7618) to work on /home/airflow/.local/lib/python3.7/site-packages/airflow/example_dags/example_nested_branch_dag.py
[2023-11-14T18:49:19.649+0000] {processor.py:743} INFO - Processing file /home/airflow/.local/lib/python3.7/site-packages/airflow/example_dags/example_nested_branch_dag.py for tasks to queue
[2023-11-14T18:49:19.650+0000] {logging_mixin.py:137} INFO - [2023-11-14T18:49:19.650+0000] {dagbag.py:538} INFO - Filling up the DagBag from /home/airflow/.local/lib/python3.7/site-packages/airflow/example_dags/example_nested_branch_dag.py
[2023-11-14T18:49:19.664+0000] {processor.py:753} INFO - DAG(s) dict_keys(['example_nested_branch_dag']) retrieved from /home/airflow/.local/lib/python3.7/site-packages/airflow/example_dags/example_nested_branch_dag.py
[2023-11-14T18:49:19.678+0000] {logging_mixin.py:137} INFO - [2023-11-14T18:49:19.678+0000] {dag.py:2690} INFO - Sync 1 DAGs
[2023-11-14T18:49:19.691+0000] {logging_mixin.py:137} INFO - [2023-11-14T18:49:19.691+0000] {dag.py:3441} INFO - Setting next_dagrun for example_nested_branch_dag to 2023-11-13T00:00:00+00:00, run_after=2023-11-14T00:00:00+00:00
[2023-11-14T18:49:19.699+0000] {processor.py:175} INFO - Processing /home/airflow/.local/lib/python3.7/site-packages/airflow/example_dags/example_nested_branch_dag.py took 0.053 seconds
[2023-11-14T20:10:03.716+0000] {processor.py:153} INFO - Started process (PID=7713) to work on /home/airflow/.local/lib/python3.7/site-packages/airflow/example_dags/example_nested_branch_dag.py
[2023-11-14T20:10:03.717+0000] {processor.py:743} INFO - Processing file /home/airflow/.local/lib/python3.7/site-packages/airflow/example_dags/example_nested_branch_dag.py for tasks to queue
[2023-11-14T20:10:03.718+0000] {logging_mixin.py:137} INFO - [2023-11-14T20:10:03.718+0000] {dagbag.py:538} INFO - Filling up the DagBag from /home/airflow/.local/lib/python3.7/site-packages/airflow/example_dags/example_nested_branch_dag.py
[2023-11-14T20:10:03.744+0000] {processor.py:753} INFO - DAG(s) dict_keys(['example_nested_branch_dag']) retrieved from /home/airflow/.local/lib/python3.7/site-packages/airflow/example_dags/example_nested_branch_dag.py
[2023-11-14T20:10:03.764+0000] {logging_mixin.py:137} INFO - [2023-11-14T20:10:03.764+0000] {dag.py:2690} INFO - Sync 1 DAGs
[2023-11-14T20:10:03.780+0000] {logging_mixin.py:137} INFO - [2023-11-14T20:10:03.779+0000] {dag.py:3441} INFO - Setting next_dagrun for example_nested_branch_dag to 2023-11-13T00:00:00+00:00, run_after=2023-11-14T00:00:00+00:00
[2023-11-14T20:10:03.789+0000] {processor.py:175} INFO - Processing /home/airflow/.local/lib/python3.7/site-packages/airflow/example_dags/example_nested_branch_dag.py took 0.076 seconds
[2023-11-14T21:46:21.657+0000] {processor.py:153} INFO - Started process (PID=7790) to work on /home/airflow/.local/lib/python3.7/site-packages/airflow/example_dags/example_nested_branch_dag.py
[2023-11-14T21:46:21.658+0000] {processor.py:743} INFO - Processing file /home/airflow/.local/lib/python3.7/site-packages/airflow/example_dags/example_nested_branch_dag.py for tasks to queue
[2023-11-14T21:46:21.658+0000] {logging_mixin.py:137} INFO - [2023-11-14T21:46:21.658+0000] {dagbag.py:538} INFO - Filling up the DagBag from /home/airflow/.local/lib/python3.7/site-packages/airflow/example_dags/example_nested_branch_dag.py
[2023-11-14T21:46:21.686+0000] {processor.py:753} INFO - DAG(s) dict_keys(['example_nested_branch_dag']) retrieved from /home/airflow/.local/lib/python3.7/site-packages/airflow/example_dags/example_nested_branch_dag.py
[2023-11-14T21:46:21.705+0000] {logging_mixin.py:137} INFO - [2023-11-14T21:46:21.705+0000] {dag.py:2690} INFO - Sync 1 DAGs
[2023-11-14T21:46:21.721+0000] {logging_mixin.py:137} INFO - [2023-11-14T21:46:21.721+0000] {dag.py:3441} INFO - Setting next_dagrun for example_nested_branch_dag to 2023-11-13T00:00:00+00:00, run_after=2023-11-14T00:00:00+00:00
[2023-11-14T21:46:21.733+0000] {processor.py:175} INFO - Processing /home/airflow/.local/lib/python3.7/site-packages/airflow/example_dags/example_nested_branch_dag.py took 0.081 seconds
[2023-11-14T21:46:52.620+0000] {processor.py:153} INFO - Started process (PID=7885) to work on /home/airflow/.local/lib/python3.7/site-packages/airflow/example_dags/example_nested_branch_dag.py
[2023-11-14T21:46:52.621+0000] {processor.py:743} INFO - Processing file /home/airflow/.local/lib/python3.7/site-packages/airflow/example_dags/example_nested_branch_dag.py for tasks to queue
[2023-11-14T21:46:52.621+0000] {logging_mixin.py:137} INFO - [2023-11-14T21:46:52.621+0000] {dagbag.py:538} INFO - Filling up the DagBag from /home/airflow/.local/lib/python3.7/site-packages/airflow/example_dags/example_nested_branch_dag.py
[2023-11-14T21:46:52.635+0000] {processor.py:753} INFO - DAG(s) dict_keys(['example_nested_branch_dag']) retrieved from /home/airflow/.local/lib/python3.7/site-packages/airflow/example_dags/example_nested_branch_dag.py
[2023-11-14T21:46:52.649+0000] {logging_mixin.py:137} INFO - [2023-11-14T21:46:52.649+0000] {dag.py:2690} INFO - Sync 1 DAGs
[2023-11-14T21:46:52.661+0000] {logging_mixin.py:137} INFO - [2023-11-14T21:46:52.661+0000] {dag.py:3441} INFO - Setting next_dagrun for example_nested_branch_dag to 2023-11-13T00:00:00+00:00, run_after=2023-11-14T00:00:00+00:00
[2023-11-14T21:46:52.670+0000] {processor.py:175} INFO - Processing /home/airflow/.local/lib/python3.7/site-packages/airflow/example_dags/example_nested_branch_dag.py took 0.052 seconds
[2023-11-14T21:47:23.702+0000] {processor.py:153} INFO - Started process (PID=7980) to work on /home/airflow/.local/lib/python3.7/site-packages/airflow/example_dags/example_nested_branch_dag.py
[2023-11-14T21:47:23.702+0000] {processor.py:743} INFO - Processing file /home/airflow/.local/lib/python3.7/site-packages/airflow/example_dags/example_nested_branch_dag.py for tasks to queue
[2023-11-14T21:47:23.702+0000] {logging_mixin.py:137} INFO - [2023-11-14T21:47:23.702+0000] {dagbag.py:538} INFO - Filling up the DagBag from /home/airflow/.local/lib/python3.7/site-packages/airflow/example_dags/example_nested_branch_dag.py
[2023-11-14T21:47:23.717+0000] {processor.py:753} INFO - DAG(s) dict_keys(['example_nested_branch_dag']) retrieved from /home/airflow/.local/lib/python3.7/site-packages/airflow/example_dags/example_nested_branch_dag.py
[2023-11-14T21:47:23.731+0000] {logging_mixin.py:137} INFO - [2023-11-14T21:47:23.731+0000] {dag.py:2690} INFO - Sync 1 DAGs
[2023-11-14T21:47:23.743+0000] {logging_mixin.py:137} INFO - [2023-11-14T21:47:23.743+0000] {dag.py:3441} INFO - Setting next_dagrun for example_nested_branch_dag to 2023-11-13T00:00:00+00:00, run_after=2023-11-14T00:00:00+00:00
[2023-11-14T21:47:23.751+0000] {processor.py:175} INFO - Processing /home/airflow/.local/lib/python3.7/site-packages/airflow/example_dags/example_nested_branch_dag.py took 0.052 seconds
[2023-11-14T23:08:37.950+0000] {processor.py:153} INFO - Started process (PID=8057) to work on /home/airflow/.local/lib/python3.7/site-packages/airflow/example_dags/example_nested_branch_dag.py
[2023-11-14T23:08:37.951+0000] {processor.py:743} INFO - Processing file /home/airflow/.local/lib/python3.7/site-packages/airflow/example_dags/example_nested_branch_dag.py for tasks to queue
[2023-11-14T23:08:37.951+0000] {logging_mixin.py:137} INFO - [2023-11-14T23:08:37.951+0000] {dagbag.py:538} INFO - Filling up the DagBag from /home/airflow/.local/lib/python3.7/site-packages/airflow/example_dags/example_nested_branch_dag.py
[2023-11-14T23:08:37.967+0000] {processor.py:753} INFO - DAG(s) dict_keys(['example_nested_branch_dag']) retrieved from /home/airflow/.local/lib/python3.7/site-packages/airflow/example_dags/example_nested_branch_dag.py
[2023-11-14T23:08:37.983+0000] {logging_mixin.py:137} INFO - [2023-11-14T23:08:37.983+0000] {dag.py:2690} INFO - Sync 1 DAGs
[2023-11-14T23:08:37.996+0000] {logging_mixin.py:137} INFO - [2023-11-14T23:08:37.996+0000] {dag.py:3441} INFO - Setting next_dagrun for example_nested_branch_dag to 2023-11-13T00:00:00+00:00, run_after=2023-11-14T00:00:00+00:00
[2023-11-14T23:08:38.005+0000] {processor.py:175} INFO - Processing /home/airflow/.local/lib/python3.7/site-packages/airflow/example_dags/example_nested_branch_dag.py took 0.058 seconds
