[2023-10-13T00:03:47.644+0000] {processor.py:153} INFO - Started process (PID=2142) to work on /home/airflow/.local/lib/python3.7/site-packages/airflow/example_dags/example_datasets.py
[2023-10-13T00:03:47.646+0000] {processor.py:743} INFO - Processing file /home/airflow/.local/lib/python3.7/site-packages/airflow/example_dags/example_datasets.py for tasks to queue
[2023-10-13T00:03:47.652+0000] {logging_mixin.py:137} INFO - [2023-10-13T00:03:47.652+0000] {dagbag.py:538} INFO - Filling up the DagBag from /home/airflow/.local/lib/python3.7/site-packages/airflow/example_dags/example_datasets.py
[2023-10-13T00:03:47.674+0000] {processor.py:753} INFO - DAG(s) dict_keys(['dataset_produces_2', 'dataset_consumes_1_and_2', 'dataset_consumes_1', 'dataset_produces_1', 'dataset_consumes_unknown_never_scheduled', 'dataset_consumes_1_never_scheduled']) retrieved from /home/airflow/.local/lib/python3.7/site-packages/airflow/example_dags/example_datasets.py
[2023-10-13T00:03:47.722+0000] {logging_mixin.py:137} INFO - [2023-10-13T00:03:47.722+0000] {dag.py:2690} INFO - Sync 6 DAGs
[2023-10-13T00:03:47.755+0000] {logging_mixin.py:137} INFO - [2023-10-13T00:03:47.755+0000] {dag.py:3441} INFO - Setting next_dagrun for dataset_consumes_1 to None, run_after=None
[2023-10-13T00:03:47.762+0000] {logging_mixin.py:137} INFO - [2023-10-13T00:03:47.762+0000] {dag.py:3441} INFO - Setting next_dagrun for dataset_consumes_1_and_2 to None, run_after=None
[2023-10-13T00:03:47.764+0000] {logging_mixin.py:137} INFO - [2023-10-13T00:03:47.764+0000] {dag.py:3441} INFO - Setting next_dagrun for dataset_consumes_1_never_scheduled to None, run_after=None
[2023-10-13T00:03:47.766+0000] {logging_mixin.py:137} INFO - [2023-10-13T00:03:47.765+0000] {dag.py:3441} INFO - Setting next_dagrun for dataset_consumes_unknown_never_scheduled to None, run_after=None
[2023-10-13T00:03:47.769+0000] {logging_mixin.py:137} INFO - [2023-10-13T00:03:47.769+0000] {dag.py:3441} INFO - Setting next_dagrun for dataset_produces_1 to 2023-10-12T00:00:00+00:00, run_after=2023-10-13T00:00:00+00:00
[2023-10-13T00:03:47.773+0000] {logging_mixin.py:137} INFO - [2023-10-13T00:03:47.773+0000] {dag.py:3441} INFO - Setting next_dagrun for dataset_produces_2 to None, run_after=None
[2023-10-13T00:03:47.823+0000] {processor.py:175} INFO - Processing /home/airflow/.local/lib/python3.7/site-packages/airflow/example_dags/example_datasets.py took 0.183 seconds
[2023-10-13T01:27:46.313+0000] {processor.py:153} INFO - Started process (PID=2216) to work on /home/airflow/.local/lib/python3.7/site-packages/airflow/example_dags/example_datasets.py
[2023-10-13T01:27:46.315+0000] {processor.py:743} INFO - Processing file /home/airflow/.local/lib/python3.7/site-packages/airflow/example_dags/example_datasets.py for tasks to queue
[2023-10-13T01:27:46.316+0000] {logging_mixin.py:137} INFO - [2023-10-13T01:27:46.316+0000] {dagbag.py:538} INFO - Filling up the DagBag from /home/airflow/.local/lib/python3.7/site-packages/airflow/example_dags/example_datasets.py
[2023-10-13T01:27:46.332+0000] {processor.py:753} INFO - DAG(s) dict_keys(['dataset_consumes_1_never_scheduled', 'dataset_consumes_unknown_never_scheduled', 'dataset_consumes_1', 'dataset_produces_1', 'dataset_produces_2', 'dataset_consumes_1_and_2']) retrieved from /home/airflow/.local/lib/python3.7/site-packages/airflow/example_dags/example_datasets.py
[2023-10-13T01:27:46.378+0000] {logging_mixin.py:137} INFO - [2023-10-13T01:27:46.378+0000] {dag.py:2690} INFO - Sync 6 DAGs
[2023-10-13T01:27:46.405+0000] {logging_mixin.py:137} INFO - [2023-10-13T01:27:46.405+0000] {dag.py:3441} INFO - Setting next_dagrun for dataset_consumes_1 to None, run_after=None
[2023-10-13T01:27:46.407+0000] {logging_mixin.py:137} INFO - [2023-10-13T01:27:46.407+0000] {dag.py:3441} INFO - Setting next_dagrun for dataset_consumes_1_and_2 to None, run_after=None
[2023-10-13T01:27:46.409+0000] {logging_mixin.py:137} INFO - [2023-10-13T01:27:46.409+0000] {dag.py:3441} INFO - Setting next_dagrun for dataset_consumes_1_never_scheduled to None, run_after=None
[2023-10-13T01:27:46.410+0000] {logging_mixin.py:137} INFO - [2023-10-13T01:27:46.410+0000] {dag.py:3441} INFO - Setting next_dagrun for dataset_consumes_unknown_never_scheduled to None, run_after=None
[2023-10-13T01:27:46.414+0000] {logging_mixin.py:137} INFO - [2023-10-13T01:27:46.413+0000] {dag.py:3441} INFO - Setting next_dagrun for dataset_produces_1 to 2023-10-12T00:00:00+00:00, run_after=2023-10-13T00:00:00+00:00
[2023-10-13T01:27:46.416+0000] {logging_mixin.py:137} INFO - [2023-10-13T01:27:46.416+0000] {dag.py:3441} INFO - Setting next_dagrun for dataset_produces_2 to None, run_after=None
[2023-10-13T01:27:46.455+0000] {processor.py:175} INFO - Processing /home/airflow/.local/lib/python3.7/site-packages/airflow/example_dags/example_datasets.py took 0.145 seconds
[2023-10-13T02:51:08.698+0000] {processor.py:153} INFO - Started process (PID=2309) to work on /home/airflow/.local/lib/python3.7/site-packages/airflow/example_dags/example_datasets.py
[2023-10-13T02:51:08.700+0000] {processor.py:743} INFO - Processing file /home/airflow/.local/lib/python3.7/site-packages/airflow/example_dags/example_datasets.py for tasks to queue
[2023-10-13T02:51:08.701+0000] {logging_mixin.py:137} INFO - [2023-10-13T02:51:08.701+0000] {dagbag.py:538} INFO - Filling up the DagBag from /home/airflow/.local/lib/python3.7/site-packages/airflow/example_dags/example_datasets.py
[2023-10-13T02:51:08.716+0000] {processor.py:753} INFO - DAG(s) dict_keys(['dataset_produces_1', 'dataset_produces_2', 'dataset_consumes_1', 'dataset_consumes_1_never_scheduled', 'dataset_consumes_1_and_2', 'dataset_consumes_unknown_never_scheduled']) retrieved from /home/airflow/.local/lib/python3.7/site-packages/airflow/example_dags/example_datasets.py
[2023-10-13T02:51:08.758+0000] {logging_mixin.py:137} INFO - [2023-10-13T02:51:08.758+0000] {dag.py:2690} INFO - Sync 6 DAGs
[2023-10-13T02:51:08.785+0000] {logging_mixin.py:137} INFO - [2023-10-13T02:51:08.785+0000] {dag.py:3441} INFO - Setting next_dagrun for dataset_consumes_1 to None, run_after=None
[2023-10-13T02:51:08.788+0000] {logging_mixin.py:137} INFO - [2023-10-13T02:51:08.788+0000] {dag.py:3441} INFO - Setting next_dagrun for dataset_consumes_1_and_2 to None, run_after=None
[2023-10-13T02:51:08.790+0000] {logging_mixin.py:137} INFO - [2023-10-13T02:51:08.790+0000] {dag.py:3441} INFO - Setting next_dagrun for dataset_consumes_1_never_scheduled to None, run_after=None
[2023-10-13T02:51:08.791+0000] {logging_mixin.py:137} INFO - [2023-10-13T02:51:08.791+0000] {dag.py:3441} INFO - Setting next_dagrun for dataset_consumes_unknown_never_scheduled to None, run_after=None
[2023-10-13T02:51:08.794+0000] {logging_mixin.py:137} INFO - [2023-10-13T02:51:08.794+0000] {dag.py:3441} INFO - Setting next_dagrun for dataset_produces_1 to 2023-10-12T00:00:00+00:00, run_after=2023-10-13T00:00:00+00:00
[2023-10-13T02:51:08.795+0000] {logging_mixin.py:137} INFO - [2023-10-13T02:51:08.795+0000] {dag.py:3441} INFO - Setting next_dagrun for dataset_produces_2 to None, run_after=None
[2023-10-13T02:51:08.851+0000] {processor.py:175} INFO - Processing /home/airflow/.local/lib/python3.7/site-packages/airflow/example_dags/example_datasets.py took 0.157 seconds
[2023-10-13T04:12:41.209+0000] {processor.py:153} INFO - Started process (PID=2384) to work on /home/airflow/.local/lib/python3.7/site-packages/airflow/example_dags/example_datasets.py
[2023-10-13T04:12:41.210+0000] {processor.py:743} INFO - Processing file /home/airflow/.local/lib/python3.7/site-packages/airflow/example_dags/example_datasets.py for tasks to queue
[2023-10-13T04:12:41.211+0000] {logging_mixin.py:137} INFO - [2023-10-13T04:12:41.211+0000] {dagbag.py:538} INFO - Filling up the DagBag from /home/airflow/.local/lib/python3.7/site-packages/airflow/example_dags/example_datasets.py
[2023-10-13T04:12:41.261+0000] {processor.py:753} INFO - DAG(s) dict_keys(['dataset_consumes_1_and_2', 'dataset_produces_1', 'dataset_consumes_unknown_never_scheduled', 'dataset_consumes_1', 'dataset_produces_2', 'dataset_consumes_1_never_scheduled']) retrieved from /home/airflow/.local/lib/python3.7/site-packages/airflow/example_dags/example_datasets.py
[2023-10-13T04:12:41.330+0000] {logging_mixin.py:137} INFO - [2023-10-13T04:12:41.330+0000] {dag.py:2690} INFO - Sync 6 DAGs
[2023-10-13T04:12:41.358+0000] {logging_mixin.py:137} INFO - [2023-10-13T04:12:41.357+0000] {dag.py:3441} INFO - Setting next_dagrun for dataset_consumes_1 to None, run_after=None
[2023-10-13T04:12:41.360+0000] {logging_mixin.py:137} INFO - [2023-10-13T04:12:41.360+0000] {dag.py:3441} INFO - Setting next_dagrun for dataset_consumes_1_and_2 to None, run_after=None
[2023-10-13T04:12:41.362+0000] {logging_mixin.py:137} INFO - [2023-10-13T04:12:41.362+0000] {dag.py:3441} INFO - Setting next_dagrun for dataset_consumes_1_never_scheduled to None, run_after=None
[2023-10-13T04:12:41.364+0000] {logging_mixin.py:137} INFO - [2023-10-13T04:12:41.364+0000] {dag.py:3441} INFO - Setting next_dagrun for dataset_consumes_unknown_never_scheduled to None, run_after=None
[2023-10-13T04:12:41.368+0000] {logging_mixin.py:137} INFO - [2023-10-13T04:12:41.368+0000] {dag.py:3441} INFO - Setting next_dagrun for dataset_produces_1 to 2023-10-12T00:00:00+00:00, run_after=2023-10-13T00:00:00+00:00
[2023-10-13T04:12:41.373+0000] {logging_mixin.py:137} INFO - [2023-10-13T04:12:41.373+0000] {dag.py:3441} INFO - Setting next_dagrun for dataset_produces_2 to None, run_after=None
[2023-10-13T04:12:41.459+0000] {processor.py:175} INFO - Processing /home/airflow/.local/lib/python3.7/site-packages/airflow/example_dags/example_datasets.py took 0.253 seconds
[2023-10-13T05:28:48.070+0000] {processor.py:153} INFO - Started process (PID=2476) to work on /home/airflow/.local/lib/python3.7/site-packages/airflow/example_dags/example_datasets.py
[2023-10-13T05:28:48.071+0000] {processor.py:743} INFO - Processing file /home/airflow/.local/lib/python3.7/site-packages/airflow/example_dags/example_datasets.py for tasks to queue
[2023-10-13T05:28:48.074+0000] {logging_mixin.py:137} INFO - [2023-10-13T05:28:48.073+0000] {dagbag.py:538} INFO - Filling up the DagBag from /home/airflow/.local/lib/python3.7/site-packages/airflow/example_dags/example_datasets.py
[2023-10-13T05:28:48.093+0000] {processor.py:753} INFO - DAG(s) dict_keys(['dataset_consumes_1', 'dataset_consumes_unknown_never_scheduled', 'dataset_produces_1', 'dataset_consumes_1_never_scheduled', 'dataset_produces_2', 'dataset_consumes_1_and_2']) retrieved from /home/airflow/.local/lib/python3.7/site-packages/airflow/example_dags/example_datasets.py
[2023-10-13T05:28:48.144+0000] {logging_mixin.py:137} INFO - [2023-10-13T05:28:48.144+0000] {dag.py:2690} INFO - Sync 6 DAGs
[2023-10-13T05:28:48.172+0000] {logging_mixin.py:137} INFO - [2023-10-13T05:28:48.172+0000] {dag.py:3441} INFO - Setting next_dagrun for dataset_consumes_1 to None, run_after=None
[2023-10-13T05:28:48.176+0000] {logging_mixin.py:137} INFO - [2023-10-13T05:28:48.176+0000] {dag.py:3441} INFO - Setting next_dagrun for dataset_consumes_1_and_2 to None, run_after=None
[2023-10-13T05:28:48.179+0000] {logging_mixin.py:137} INFO - [2023-10-13T05:28:48.179+0000] {dag.py:3441} INFO - Setting next_dagrun for dataset_consumes_1_never_scheduled to None, run_after=None
[2023-10-13T05:28:48.181+0000] {logging_mixin.py:137} INFO - [2023-10-13T05:28:48.181+0000] {dag.py:3441} INFO - Setting next_dagrun for dataset_consumes_unknown_never_scheduled to None, run_after=None
[2023-10-13T05:28:48.184+0000] {logging_mixin.py:137} INFO - [2023-10-13T05:28:48.184+0000] {dag.py:3441} INFO - Setting next_dagrun for dataset_produces_1 to 2023-10-12T00:00:00+00:00, run_after=2023-10-13T00:00:00+00:00
[2023-10-13T05:28:48.188+0000] {logging_mixin.py:137} INFO - [2023-10-13T05:28:48.188+0000] {dag.py:3441} INFO - Setting next_dagrun for dataset_produces_2 to None, run_after=None
[2023-10-13T05:28:48.237+0000] {processor.py:175} INFO - Processing /home/airflow/.local/lib/python3.7/site-packages/airflow/example_dags/example_datasets.py took 0.170 seconds
[2023-10-13T06:52:09.198+0000] {processor.py:153} INFO - Started process (PID=2551) to work on /home/airflow/.local/lib/python3.7/site-packages/airflow/example_dags/example_datasets.py
[2023-10-13T06:52:09.201+0000] {processor.py:743} INFO - Processing file /home/airflow/.local/lib/python3.7/site-packages/airflow/example_dags/example_datasets.py for tasks to queue
[2023-10-13T06:52:09.203+0000] {logging_mixin.py:137} INFO - [2023-10-13T06:52:09.203+0000] {dagbag.py:538} INFO - Filling up the DagBag from /home/airflow/.local/lib/python3.7/site-packages/airflow/example_dags/example_datasets.py
[2023-10-13T06:52:09.224+0000] {processor.py:753} INFO - DAG(s) dict_keys(['dataset_consumes_1_never_scheduled', 'dataset_consumes_1', 'dataset_consumes_unknown_never_scheduled', 'dataset_consumes_1_and_2', 'dataset_produces_2', 'dataset_produces_1']) retrieved from /home/airflow/.local/lib/python3.7/site-packages/airflow/example_dags/example_datasets.py
[2023-10-13T06:52:09.286+0000] {logging_mixin.py:137} INFO - [2023-10-13T06:52:09.286+0000] {dag.py:2690} INFO - Sync 6 DAGs
[2023-10-13T06:52:09.316+0000] {logging_mixin.py:137} INFO - [2023-10-13T06:52:09.316+0000] {dag.py:3441} INFO - Setting next_dagrun for dataset_consumes_1 to None, run_after=None
[2023-10-13T06:52:09.322+0000] {logging_mixin.py:137} INFO - [2023-10-13T06:52:09.321+0000] {dag.py:3441} INFO - Setting next_dagrun for dataset_consumes_1_and_2 to None, run_after=None
[2023-10-13T06:52:09.329+0000] {logging_mixin.py:137} INFO - [2023-10-13T06:52:09.329+0000] {dag.py:3441} INFO - Setting next_dagrun for dataset_consumes_1_never_scheduled to None, run_after=None
[2023-10-13T06:52:09.333+0000] {logging_mixin.py:137} INFO - [2023-10-13T06:52:09.333+0000] {dag.py:3441} INFO - Setting next_dagrun for dataset_consumes_unknown_never_scheduled to None, run_after=None
[2023-10-13T06:52:09.338+0000] {logging_mixin.py:137} INFO - [2023-10-13T06:52:09.338+0000] {dag.py:3441} INFO - Setting next_dagrun for dataset_produces_1 to 2023-10-12T00:00:00+00:00, run_after=2023-10-13T00:00:00+00:00
[2023-10-13T06:52:09.346+0000] {logging_mixin.py:137} INFO - [2023-10-13T06:52:09.346+0000] {dag.py:3441} INFO - Setting next_dagrun for dataset_produces_2 to None, run_after=None
[2023-10-13T06:52:09.398+0000] {processor.py:175} INFO - Processing /home/airflow/.local/lib/python3.7/site-packages/airflow/example_dags/example_datasets.py took 0.205 seconds
[2023-10-13T08:15:52.324+0000] {processor.py:153} INFO - Started process (PID=2643) to work on /home/airflow/.local/lib/python3.7/site-packages/airflow/example_dags/example_datasets.py
[2023-10-13T08:15:52.328+0000] {processor.py:743} INFO - Processing file /home/airflow/.local/lib/python3.7/site-packages/airflow/example_dags/example_datasets.py for tasks to queue
[2023-10-13T08:15:52.330+0000] {logging_mixin.py:137} INFO - [2023-10-13T08:15:52.330+0000] {dagbag.py:538} INFO - Filling up the DagBag from /home/airflow/.local/lib/python3.7/site-packages/airflow/example_dags/example_datasets.py
[2023-10-13T08:15:52.341+0000] {processor.py:753} INFO - DAG(s) dict_keys(['dataset_consumes_unknown_never_scheduled', 'dataset_consumes_1', 'dataset_consumes_1_never_scheduled', 'dataset_produces_2', 'dataset_consumes_1_and_2', 'dataset_produces_1']) retrieved from /home/airflow/.local/lib/python3.7/site-packages/airflow/example_dags/example_datasets.py
[2023-10-13T08:15:52.385+0000] {logging_mixin.py:137} INFO - [2023-10-13T08:15:52.385+0000] {dag.py:2690} INFO - Sync 6 DAGs
[2023-10-13T08:15:52.416+0000] {logging_mixin.py:137} INFO - [2023-10-13T08:15:52.416+0000] {dag.py:3441} INFO - Setting next_dagrun for dataset_consumes_1 to None, run_after=None
[2023-10-13T08:15:52.421+0000] {logging_mixin.py:137} INFO - [2023-10-13T08:15:52.421+0000] {dag.py:3441} INFO - Setting next_dagrun for dataset_consumes_1_and_2 to None, run_after=None
[2023-10-13T08:15:52.423+0000] {logging_mixin.py:137} INFO - [2023-10-13T08:15:52.423+0000] {dag.py:3441} INFO - Setting next_dagrun for dataset_consumes_1_never_scheduled to None, run_after=None
[2023-10-13T08:15:52.425+0000] {logging_mixin.py:137} INFO - [2023-10-13T08:15:52.425+0000] {dag.py:3441} INFO - Setting next_dagrun for dataset_consumes_unknown_never_scheduled to None, run_after=None
[2023-10-13T08:15:52.429+0000] {logging_mixin.py:137} INFO - [2023-10-13T08:15:52.428+0000] {dag.py:3441} INFO - Setting next_dagrun for dataset_produces_1 to 2023-10-12T00:00:00+00:00, run_after=2023-10-13T00:00:00+00:00
[2023-10-13T08:15:52.432+0000] {logging_mixin.py:137} INFO - [2023-10-13T08:15:52.432+0000] {dag.py:3441} INFO - Setting next_dagrun for dataset_produces_2 to None, run_after=None
[2023-10-13T08:15:52.465+0000] {processor.py:175} INFO - Processing /home/airflow/.local/lib/python3.7/site-packages/airflow/example_dags/example_datasets.py took 0.145 seconds
[2023-10-13T09:36:03.859+0000] {processor.py:153} INFO - Started process (PID=2718) to work on /home/airflow/.local/lib/python3.7/site-packages/airflow/example_dags/example_datasets.py
[2023-10-13T09:36:03.860+0000] {processor.py:743} INFO - Processing file /home/airflow/.local/lib/python3.7/site-packages/airflow/example_dags/example_datasets.py for tasks to queue
[2023-10-13T09:36:03.861+0000] {logging_mixin.py:137} INFO - [2023-10-13T09:36:03.861+0000] {dagbag.py:538} INFO - Filling up the DagBag from /home/airflow/.local/lib/python3.7/site-packages/airflow/example_dags/example_datasets.py
[2023-10-13T09:36:03.877+0000] {processor.py:753} INFO - DAG(s) dict_keys(['dataset_consumes_unknown_never_scheduled', 'dataset_produces_2', 'dataset_produces_1', 'dataset_consumes_1_never_scheduled', 'dataset_consumes_1', 'dataset_consumes_1_and_2']) retrieved from /home/airflow/.local/lib/python3.7/site-packages/airflow/example_dags/example_datasets.py
[2023-10-13T09:36:03.912+0000] {logging_mixin.py:137} INFO - [2023-10-13T09:36:03.912+0000] {dag.py:2690} INFO - Sync 6 DAGs
[2023-10-13T09:36:03.932+0000] {logging_mixin.py:137} INFO - [2023-10-13T09:36:03.932+0000] {dag.py:3441} INFO - Setting next_dagrun for dataset_consumes_1 to None, run_after=None
[2023-10-13T09:36:03.935+0000] {logging_mixin.py:137} INFO - [2023-10-13T09:36:03.935+0000] {dag.py:3441} INFO - Setting next_dagrun for dataset_consumes_1_and_2 to None, run_after=None
[2023-10-13T09:36:03.937+0000] {logging_mixin.py:137} INFO - [2023-10-13T09:36:03.937+0000] {dag.py:3441} INFO - Setting next_dagrun for dataset_consumes_1_never_scheduled to None, run_after=None
[2023-10-13T09:36:03.938+0000] {logging_mixin.py:137} INFO - [2023-10-13T09:36:03.938+0000] {dag.py:3441} INFO - Setting next_dagrun for dataset_consumes_unknown_never_scheduled to None, run_after=None
[2023-10-13T09:36:03.941+0000] {logging_mixin.py:137} INFO - [2023-10-13T09:36:03.941+0000] {dag.py:3441} INFO - Setting next_dagrun for dataset_produces_1 to 2023-10-12T00:00:00+00:00, run_after=2023-10-13T00:00:00+00:00
[2023-10-13T09:36:03.942+0000] {logging_mixin.py:137} INFO - [2023-10-13T09:36:03.942+0000] {dag.py:3441} INFO - Setting next_dagrun for dataset_produces_2 to None, run_after=None
[2023-10-13T09:36:03.973+0000] {processor.py:175} INFO - Processing /home/airflow/.local/lib/python3.7/site-packages/airflow/example_dags/example_datasets.py took 0.118 seconds
[2023-10-13T10:57:45.141+0000] {processor.py:153} INFO - Started process (PID=2802) to work on /home/airflow/.local/lib/python3.7/site-packages/airflow/example_dags/example_datasets.py
[2023-10-13T10:57:45.144+0000] {processor.py:743} INFO - Processing file /home/airflow/.local/lib/python3.7/site-packages/airflow/example_dags/example_datasets.py for tasks to queue
[2023-10-13T10:57:45.147+0000] {logging_mixin.py:137} INFO - [2023-10-13T10:57:45.147+0000] {dagbag.py:538} INFO - Filling up the DagBag from /home/airflow/.local/lib/python3.7/site-packages/airflow/example_dags/example_datasets.py
[2023-10-13T10:57:45.160+0000] {processor.py:753} INFO - DAG(s) dict_keys(['dataset_produces_1', 'dataset_consumes_1', 'dataset_produces_2', 'dataset_consumes_1_never_scheduled', 'dataset_consumes_1_and_2', 'dataset_consumes_unknown_never_scheduled']) retrieved from /home/airflow/.local/lib/python3.7/site-packages/airflow/example_dags/example_datasets.py
[2023-10-13T10:57:45.209+0000] {logging_mixin.py:137} INFO - [2023-10-13T10:57:45.209+0000] {dag.py:2690} INFO - Sync 6 DAGs
[2023-10-13T10:57:45.241+0000] {logging_mixin.py:137} INFO - [2023-10-13T10:57:45.241+0000] {dag.py:3441} INFO - Setting next_dagrun for dataset_consumes_1 to None, run_after=None
[2023-10-13T10:57:45.245+0000] {logging_mixin.py:137} INFO - [2023-10-13T10:57:45.245+0000] {dag.py:3441} INFO - Setting next_dagrun for dataset_consumes_1_and_2 to None, run_after=None
[2023-10-13T10:57:45.248+0000] {logging_mixin.py:137} INFO - [2023-10-13T10:57:45.248+0000] {dag.py:3441} INFO - Setting next_dagrun for dataset_consumes_1_never_scheduled to None, run_after=None
[2023-10-13T10:57:45.250+0000] {logging_mixin.py:137} INFO - [2023-10-13T10:57:45.250+0000] {dag.py:3441} INFO - Setting next_dagrun for dataset_consumes_unknown_never_scheduled to None, run_after=None
[2023-10-13T10:57:45.254+0000] {logging_mixin.py:137} INFO - [2023-10-13T10:57:45.253+0000] {dag.py:3441} INFO - Setting next_dagrun for dataset_produces_1 to 2023-10-12T00:00:00+00:00, run_after=2023-10-13T00:00:00+00:00
[2023-10-13T10:57:45.256+0000] {logging_mixin.py:137} INFO - [2023-10-13T10:57:45.256+0000] {dag.py:3441} INFO - Setting next_dagrun for dataset_produces_2 to None, run_after=None
[2023-10-13T10:57:45.294+0000] {processor.py:175} INFO - Processing /home/airflow/.local/lib/python3.7/site-packages/airflow/example_dags/example_datasets.py took 0.159 seconds
[2023-10-13T12:22:08.722+0000] {processor.py:153} INFO - Started process (PID=2885) to work on /home/airflow/.local/lib/python3.7/site-packages/airflow/example_dags/example_datasets.py
[2023-10-13T12:22:08.724+0000] {processor.py:743} INFO - Processing file /home/airflow/.local/lib/python3.7/site-packages/airflow/example_dags/example_datasets.py for tasks to queue
[2023-10-13T12:22:08.725+0000] {logging_mixin.py:137} INFO - [2023-10-13T12:22:08.725+0000] {dagbag.py:538} INFO - Filling up the DagBag from /home/airflow/.local/lib/python3.7/site-packages/airflow/example_dags/example_datasets.py
[2023-10-13T12:22:08.744+0000] {processor.py:753} INFO - DAG(s) dict_keys(['dataset_consumes_1', 'dataset_consumes_unknown_never_scheduled', 'dataset_consumes_1_and_2', 'dataset_produces_2', 'dataset_consumes_1_never_scheduled', 'dataset_produces_1']) retrieved from /home/airflow/.local/lib/python3.7/site-packages/airflow/example_dags/example_datasets.py
[2023-10-13T12:22:08.788+0000] {logging_mixin.py:137} INFO - [2023-10-13T12:22:08.788+0000] {dag.py:2690} INFO - Sync 6 DAGs
[2023-10-13T12:22:08.814+0000] {logging_mixin.py:137} INFO - [2023-10-13T12:22:08.813+0000] {dag.py:3441} INFO - Setting next_dagrun for dataset_consumes_1 to None, run_after=None
[2023-10-13T12:22:08.817+0000] {logging_mixin.py:137} INFO - [2023-10-13T12:22:08.817+0000] {dag.py:3441} INFO - Setting next_dagrun for dataset_consumes_1_and_2 to None, run_after=None
[2023-10-13T12:22:08.819+0000] {logging_mixin.py:137} INFO - [2023-10-13T12:22:08.819+0000] {dag.py:3441} INFO - Setting next_dagrun for dataset_consumes_1_never_scheduled to None, run_after=None
[2023-10-13T12:22:08.821+0000] {logging_mixin.py:137} INFO - [2023-10-13T12:22:08.821+0000] {dag.py:3441} INFO - Setting next_dagrun for dataset_consumes_unknown_never_scheduled to None, run_after=None
[2023-10-13T12:22:08.824+0000] {logging_mixin.py:137} INFO - [2023-10-13T12:22:08.824+0000] {dag.py:3441} INFO - Setting next_dagrun for dataset_produces_1 to 2023-10-12T00:00:00+00:00, run_after=2023-10-13T00:00:00+00:00
[2023-10-13T12:22:08.825+0000] {logging_mixin.py:137} INFO - [2023-10-13T12:22:08.825+0000] {dag.py:3441} INFO - Setting next_dagrun for dataset_produces_2 to None, run_after=None
[2023-10-13T12:22:08.859+0000] {processor.py:175} INFO - Processing /home/airflow/.local/lib/python3.7/site-packages/airflow/example_dags/example_datasets.py took 0.141 seconds
[2023-10-13T13:24:21.089+0000] {processor.py:153} INFO - Started process (PID=2960) to work on /home/airflow/.local/lib/python3.7/site-packages/airflow/example_dags/example_datasets.py
[2023-10-13T13:24:21.090+0000] {processor.py:743} INFO - Processing file /home/airflow/.local/lib/python3.7/site-packages/airflow/example_dags/example_datasets.py for tasks to queue
[2023-10-13T13:24:21.091+0000] {logging_mixin.py:137} INFO - [2023-10-13T13:24:21.091+0000] {dagbag.py:538} INFO - Filling up the DagBag from /home/airflow/.local/lib/python3.7/site-packages/airflow/example_dags/example_datasets.py
[2023-10-13T13:24:21.106+0000] {processor.py:753} INFO - DAG(s) dict_keys(['dataset_consumes_1_and_2', 'dataset_consumes_unknown_never_scheduled', 'dataset_produces_1', 'dataset_produces_2', 'dataset_consumes_1', 'dataset_consumes_1_never_scheduled']) retrieved from /home/airflow/.local/lib/python3.7/site-packages/airflow/example_dags/example_datasets.py
[2023-10-13T13:24:21.143+0000] {logging_mixin.py:137} INFO - [2023-10-13T13:24:21.142+0000] {dag.py:2690} INFO - Sync 6 DAGs
[2023-10-13T13:24:21.161+0000] {logging_mixin.py:137} INFO - [2023-10-13T13:24:21.161+0000] {dag.py:3441} INFO - Setting next_dagrun for dataset_consumes_1 to None, run_after=None
[2023-10-13T13:24:21.164+0000] {logging_mixin.py:137} INFO - [2023-10-13T13:24:21.164+0000] {dag.py:3441} INFO - Setting next_dagrun for dataset_consumes_1_and_2 to None, run_after=None
[2023-10-13T13:24:21.166+0000] {logging_mixin.py:137} INFO - [2023-10-13T13:24:21.166+0000] {dag.py:3441} INFO - Setting next_dagrun for dataset_consumes_1_never_scheduled to None, run_after=None
[2023-10-13T13:24:21.168+0000] {logging_mixin.py:137} INFO - [2023-10-13T13:24:21.168+0000] {dag.py:3441} INFO - Setting next_dagrun for dataset_consumes_unknown_never_scheduled to None, run_after=None
[2023-10-13T13:24:21.171+0000] {logging_mixin.py:137} INFO - [2023-10-13T13:24:21.171+0000] {dag.py:3441} INFO - Setting next_dagrun for dataset_produces_1 to 2023-10-12T00:00:00+00:00, run_after=2023-10-13T00:00:00+00:00
[2023-10-13T13:24:21.173+0000] {logging_mixin.py:137} INFO - [2023-10-13T13:24:21.172+0000] {dag.py:3441} INFO - Setting next_dagrun for dataset_produces_2 to None, run_after=None
[2023-10-13T13:24:21.207+0000] {processor.py:175} INFO - Processing /home/airflow/.local/lib/python3.7/site-packages/airflow/example_dags/example_datasets.py took 0.122 seconds
[2023-10-13T14:45:31.044+0000] {processor.py:153} INFO - Started process (PID=3053) to work on /home/airflow/.local/lib/python3.7/site-packages/airflow/example_dags/example_datasets.py
[2023-10-13T14:45:31.045+0000] {processor.py:743} INFO - Processing file /home/airflow/.local/lib/python3.7/site-packages/airflow/example_dags/example_datasets.py for tasks to queue
[2023-10-13T14:45:31.046+0000] {logging_mixin.py:137} INFO - [2023-10-13T14:45:31.046+0000] {dagbag.py:538} INFO - Filling up the DagBag from /home/airflow/.local/lib/python3.7/site-packages/airflow/example_dags/example_datasets.py
[2023-10-13T14:45:31.064+0000] {processor.py:753} INFO - DAG(s) dict_keys(['dataset_produces_1', 'dataset_consumes_1', 'dataset_consumes_1_never_scheduled', 'dataset_consumes_1_and_2', 'dataset_consumes_unknown_never_scheduled', 'dataset_produces_2']) retrieved from /home/airflow/.local/lib/python3.7/site-packages/airflow/example_dags/example_datasets.py
[2023-10-13T14:45:31.109+0000] {logging_mixin.py:137} INFO - [2023-10-13T14:45:31.108+0000] {dag.py:2690} INFO - Sync 6 DAGs
[2023-10-13T14:45:31.136+0000] {logging_mixin.py:137} INFO - [2023-10-13T14:45:31.136+0000] {dag.py:3441} INFO - Setting next_dagrun for dataset_consumes_1 to None, run_after=None
[2023-10-13T14:45:31.140+0000] {logging_mixin.py:137} INFO - [2023-10-13T14:45:31.140+0000] {dag.py:3441} INFO - Setting next_dagrun for dataset_consumes_1_and_2 to None, run_after=None
[2023-10-13T14:45:31.142+0000] {logging_mixin.py:137} INFO - [2023-10-13T14:45:31.142+0000] {dag.py:3441} INFO - Setting next_dagrun for dataset_consumes_1_never_scheduled to None, run_after=None
[2023-10-13T14:45:31.144+0000] {logging_mixin.py:137} INFO - [2023-10-13T14:45:31.144+0000] {dag.py:3441} INFO - Setting next_dagrun for dataset_consumes_unknown_never_scheduled to None, run_after=None
[2023-10-13T14:45:31.148+0000] {logging_mixin.py:137} INFO - [2023-10-13T14:45:31.148+0000] {dag.py:3441} INFO - Setting next_dagrun for dataset_produces_1 to 2023-10-12T00:00:00+00:00, run_after=2023-10-13T00:00:00+00:00
[2023-10-13T14:45:31.150+0000] {logging_mixin.py:137} INFO - [2023-10-13T14:45:31.150+0000] {dag.py:3441} INFO - Setting next_dagrun for dataset_produces_2 to None, run_after=None
[2023-10-13T14:45:31.184+0000] {processor.py:175} INFO - Processing /home/airflow/.local/lib/python3.7/site-packages/airflow/example_dags/example_datasets.py took 0.144 seconds
[2023-10-13T16:06:53.212+0000] {processor.py:153} INFO - Started process (PID=3128) to work on /home/airflow/.local/lib/python3.7/site-packages/airflow/example_dags/example_datasets.py
[2023-10-13T16:06:53.213+0000] {processor.py:743} INFO - Processing file /home/airflow/.local/lib/python3.7/site-packages/airflow/example_dags/example_datasets.py for tasks to queue
[2023-10-13T16:06:53.215+0000] {logging_mixin.py:137} INFO - [2023-10-13T16:06:53.214+0000] {dagbag.py:538} INFO - Filling up the DagBag from /home/airflow/.local/lib/python3.7/site-packages/airflow/example_dags/example_datasets.py
[2023-10-13T16:06:53.230+0000] {processor.py:753} INFO - DAG(s) dict_keys(['dataset_consumes_1_and_2', 'dataset_consumes_unknown_never_scheduled', 'dataset_consumes_1', 'dataset_produces_1', 'dataset_consumes_1_never_scheduled', 'dataset_produces_2']) retrieved from /home/airflow/.local/lib/python3.7/site-packages/airflow/example_dags/example_datasets.py
[2023-10-13T16:06:53.272+0000] {logging_mixin.py:137} INFO - [2023-10-13T16:06:53.272+0000] {dag.py:2690} INFO - Sync 6 DAGs
[2023-10-13T16:06:53.299+0000] {logging_mixin.py:137} INFO - [2023-10-13T16:06:53.298+0000] {dag.py:3441} INFO - Setting next_dagrun for dataset_consumes_1 to None, run_after=None
[2023-10-13T16:06:53.303+0000] {logging_mixin.py:137} INFO - [2023-10-13T16:06:53.303+0000] {dag.py:3441} INFO - Setting next_dagrun for dataset_consumes_1_and_2 to None, run_after=None
[2023-10-13T16:06:53.305+0000] {logging_mixin.py:137} INFO - [2023-10-13T16:06:53.305+0000] {dag.py:3441} INFO - Setting next_dagrun for dataset_consumes_1_never_scheduled to None, run_after=None
[2023-10-13T16:06:53.306+0000] {logging_mixin.py:137} INFO - [2023-10-13T16:06:53.306+0000] {dag.py:3441} INFO - Setting next_dagrun for dataset_consumes_unknown_never_scheduled to None, run_after=None
[2023-10-13T16:06:53.309+0000] {logging_mixin.py:137} INFO - [2023-10-13T16:06:53.309+0000] {dag.py:3441} INFO - Setting next_dagrun for dataset_produces_1 to 2023-10-12T00:00:00+00:00, run_after=2023-10-13T00:00:00+00:00
[2023-10-13T16:06:53.311+0000] {logging_mixin.py:137} INFO - [2023-10-13T16:06:53.311+0000] {dag.py:3441} INFO - Setting next_dagrun for dataset_produces_2 to None, run_after=None
[2023-10-13T16:06:53.337+0000] {processor.py:175} INFO - Processing /home/airflow/.local/lib/python3.7/site-packages/airflow/example_dags/example_datasets.py took 0.130 seconds
[2023-10-13T17:20:09.213+0000] {processor.py:153} INFO - Started process (PID=3202) to work on /home/airflow/.local/lib/python3.7/site-packages/airflow/example_dags/example_datasets.py
[2023-10-13T17:20:09.214+0000] {processor.py:743} INFO - Processing file /home/airflow/.local/lib/python3.7/site-packages/airflow/example_dags/example_datasets.py for tasks to queue
[2023-10-13T17:20:09.215+0000] {logging_mixin.py:137} INFO - [2023-10-13T17:20:09.215+0000] {dagbag.py:538} INFO - Filling up the DagBag from /home/airflow/.local/lib/python3.7/site-packages/airflow/example_dags/example_datasets.py
[2023-10-13T17:20:09.229+0000] {processor.py:753} INFO - DAG(s) dict_keys(['dataset_consumes_1', 'dataset_consumes_1_and_2', 'dataset_produces_1', 'dataset_produces_2', 'dataset_consumes_unknown_never_scheduled', 'dataset_consumes_1_never_scheduled']) retrieved from /home/airflow/.local/lib/python3.7/site-packages/airflow/example_dags/example_datasets.py
[2023-10-13T17:20:09.266+0000] {logging_mixin.py:137} INFO - [2023-10-13T17:20:09.266+0000] {dag.py:2690} INFO - Sync 6 DAGs
[2023-10-13T17:20:09.288+0000] {logging_mixin.py:137} INFO - [2023-10-13T17:20:09.288+0000] {dag.py:3441} INFO - Setting next_dagrun for dataset_consumes_1 to None, run_after=None
[2023-10-13T17:20:09.291+0000] {logging_mixin.py:137} INFO - [2023-10-13T17:20:09.291+0000] {dag.py:3441} INFO - Setting next_dagrun for dataset_consumes_1_and_2 to None, run_after=None
[2023-10-13T17:20:09.293+0000] {logging_mixin.py:137} INFO - [2023-10-13T17:20:09.293+0000] {dag.py:3441} INFO - Setting next_dagrun for dataset_consumes_1_never_scheduled to None, run_after=None
[2023-10-13T17:20:09.294+0000] {logging_mixin.py:137} INFO - [2023-10-13T17:20:09.294+0000] {dag.py:3441} INFO - Setting next_dagrun for dataset_consumes_unknown_never_scheduled to None, run_after=None
[2023-10-13T17:20:09.296+0000] {logging_mixin.py:137} INFO - [2023-10-13T17:20:09.296+0000] {dag.py:3441} INFO - Setting next_dagrun for dataset_produces_1 to 2023-10-12T00:00:00+00:00, run_after=2023-10-13T00:00:00+00:00
[2023-10-13T17:20:09.298+0000] {logging_mixin.py:137} INFO - [2023-10-13T17:20:09.298+0000] {dag.py:3441} INFO - Setting next_dagrun for dataset_produces_2 to None, run_after=None
[2023-10-13T17:20:09.331+0000] {processor.py:175} INFO - Processing /home/airflow/.local/lib/python3.7/site-packages/airflow/example_dags/example_datasets.py took 0.121 seconds
[2023-10-13T18:40:03.409+0000] {processor.py:153} INFO - Started process (PID=3295) to work on /home/airflow/.local/lib/python3.7/site-packages/airflow/example_dags/example_datasets.py
[2023-10-13T18:40:03.411+0000] {processor.py:743} INFO - Processing file /home/airflow/.local/lib/python3.7/site-packages/airflow/example_dags/example_datasets.py for tasks to queue
[2023-10-13T18:40:03.412+0000] {logging_mixin.py:137} INFO - [2023-10-13T18:40:03.412+0000] {dagbag.py:538} INFO - Filling up the DagBag from /home/airflow/.local/lib/python3.7/site-packages/airflow/example_dags/example_datasets.py
[2023-10-13T18:40:03.433+0000] {processor.py:753} INFO - DAG(s) dict_keys(['dataset_consumes_unknown_never_scheduled', 'dataset_consumes_1_never_scheduled', 'dataset_consumes_1', 'dataset_produces_2', 'dataset_consumes_1_and_2', 'dataset_produces_1']) retrieved from /home/airflow/.local/lib/python3.7/site-packages/airflow/example_dags/example_datasets.py
[2023-10-13T18:40:03.474+0000] {logging_mixin.py:137} INFO - [2023-10-13T18:40:03.474+0000] {dag.py:2690} INFO - Sync 6 DAGs
[2023-10-13T18:40:03.585+0000] {logging_mixin.py:137} INFO - [2023-10-13T18:40:03.584+0000] {dag.py:3441} INFO - Setting next_dagrun for dataset_consumes_1 to None, run_after=None
[2023-10-13T18:40:03.604+0000] {logging_mixin.py:137} INFO - [2023-10-13T18:40:03.604+0000] {dag.py:3441} INFO - Setting next_dagrun for dataset_consumes_1_and_2 to None, run_after=None
[2023-10-13T18:40:03.608+0000] {logging_mixin.py:137} INFO - [2023-10-13T18:40:03.608+0000] {dag.py:3441} INFO - Setting next_dagrun for dataset_consumes_1_never_scheduled to None, run_after=None
[2023-10-13T18:40:03.611+0000] {logging_mixin.py:137} INFO - [2023-10-13T18:40:03.611+0000] {dag.py:3441} INFO - Setting next_dagrun for dataset_consumes_unknown_never_scheduled to None, run_after=None
[2023-10-13T18:40:03.615+0000] {logging_mixin.py:137} INFO - [2023-10-13T18:40:03.615+0000] {dag.py:3441} INFO - Setting next_dagrun for dataset_produces_1 to 2023-10-12T00:00:00+00:00, run_after=2023-10-13T00:00:00+00:00
[2023-10-13T18:40:03.619+0000] {logging_mixin.py:137} INFO - [2023-10-13T18:40:03.619+0000] {dag.py:3441} INFO - Setting next_dagrun for dataset_produces_2 to None, run_after=None
[2023-10-13T18:40:03.654+0000] {processor.py:175} INFO - Processing /home/airflow/.local/lib/python3.7/site-packages/airflow/example_dags/example_datasets.py took 0.249 seconds
[2023-10-13T20:02:46.401+0000] {processor.py:153} INFO - Started process (PID=3377) to work on /home/airflow/.local/lib/python3.7/site-packages/airflow/example_dags/example_datasets.py
[2023-10-13T20:02:46.403+0000] {processor.py:743} INFO - Processing file /home/airflow/.local/lib/python3.7/site-packages/airflow/example_dags/example_datasets.py for tasks to queue
[2023-10-13T20:02:46.411+0000] {logging_mixin.py:137} INFO - [2023-10-13T20:02:46.411+0000] {dagbag.py:538} INFO - Filling up the DagBag from /home/airflow/.local/lib/python3.7/site-packages/airflow/example_dags/example_datasets.py
[2023-10-13T20:02:46.460+0000] {processor.py:753} INFO - DAG(s) dict_keys(['dataset_consumes_unknown_never_scheduled', 'dataset_produces_1', 'dataset_consumes_1_never_scheduled', 'dataset_consumes_1_and_2', 'dataset_consumes_1', 'dataset_produces_2']) retrieved from /home/airflow/.local/lib/python3.7/site-packages/airflow/example_dags/example_datasets.py
[2023-10-13T20:02:46.538+0000] {logging_mixin.py:137} INFO - [2023-10-13T20:02:46.537+0000] {dag.py:2690} INFO - Sync 6 DAGs
[2023-10-13T20:02:46.571+0000] {logging_mixin.py:137} INFO - [2023-10-13T20:02:46.571+0000] {dag.py:3441} INFO - Setting next_dagrun for dataset_consumes_1 to None, run_after=None
[2023-10-13T20:02:46.575+0000] {logging_mixin.py:137} INFO - [2023-10-13T20:02:46.575+0000] {dag.py:3441} INFO - Setting next_dagrun for dataset_consumes_1_and_2 to None, run_after=None
[2023-10-13T20:02:46.578+0000] {logging_mixin.py:137} INFO - [2023-10-13T20:02:46.578+0000] {dag.py:3441} INFO - Setting next_dagrun for dataset_consumes_1_never_scheduled to None, run_after=None
[2023-10-13T20:02:46.581+0000] {logging_mixin.py:137} INFO - [2023-10-13T20:02:46.580+0000] {dag.py:3441} INFO - Setting next_dagrun for dataset_consumes_unknown_never_scheduled to None, run_after=None
[2023-10-13T20:02:46.585+0000] {logging_mixin.py:137} INFO - [2023-10-13T20:02:46.585+0000] {dag.py:3441} INFO - Setting next_dagrun for dataset_produces_1 to 2023-10-12T00:00:00+00:00, run_after=2023-10-13T00:00:00+00:00
[2023-10-13T20:02:46.587+0000] {logging_mixin.py:137} INFO - [2023-10-13T20:02:46.587+0000] {dag.py:3441} INFO - Setting next_dagrun for dataset_produces_2 to None, run_after=None
[2023-10-13T20:02:46.629+0000] {processor.py:175} INFO - Processing /home/airflow/.local/lib/python3.7/site-packages/airflow/example_dags/example_datasets.py took 0.300 seconds
[2023-10-13T21:26:03.987+0000] {processor.py:153} INFO - Started process (PID=3463) to work on /home/airflow/.local/lib/python3.7/site-packages/airflow/example_dags/example_datasets.py
[2023-10-13T21:26:03.988+0000] {processor.py:743} INFO - Processing file /home/airflow/.local/lib/python3.7/site-packages/airflow/example_dags/example_datasets.py for tasks to queue
[2023-10-13T21:26:03.989+0000] {logging_mixin.py:137} INFO - [2023-10-13T21:26:03.989+0000] {dagbag.py:538} INFO - Filling up the DagBag from /home/airflow/.local/lib/python3.7/site-packages/airflow/example_dags/example_datasets.py
[2023-10-13T21:26:04.006+0000] {processor.py:753} INFO - DAG(s) dict_keys(['dataset_consumes_unknown_never_scheduled', 'dataset_consumes_1_and_2', 'dataset_produces_1', 'dataset_consumes_1_never_scheduled', 'dataset_consumes_1', 'dataset_produces_2']) retrieved from /home/airflow/.local/lib/python3.7/site-packages/airflow/example_dags/example_datasets.py
[2023-10-13T21:26:04.059+0000] {logging_mixin.py:137} INFO - [2023-10-13T21:26:04.059+0000] {dag.py:2690} INFO - Sync 6 DAGs
[2023-10-13T21:26:04.086+0000] {logging_mixin.py:137} INFO - [2023-10-13T21:26:04.086+0000] {dag.py:3441} INFO - Setting next_dagrun for dataset_consumes_1 to None, run_after=None
[2023-10-13T21:26:04.091+0000] {logging_mixin.py:137} INFO - [2023-10-13T21:26:04.091+0000] {dag.py:3441} INFO - Setting next_dagrun for dataset_consumes_1_and_2 to None, run_after=None
[2023-10-13T21:26:04.093+0000] {logging_mixin.py:137} INFO - [2023-10-13T21:26:04.093+0000] {dag.py:3441} INFO - Setting next_dagrun for dataset_consumes_1_never_scheduled to None, run_after=None
[2023-10-13T21:26:04.095+0000] {logging_mixin.py:137} INFO - [2023-10-13T21:26:04.095+0000] {dag.py:3441} INFO - Setting next_dagrun for dataset_consumes_unknown_never_scheduled to None, run_after=None
[2023-10-13T21:26:04.101+0000] {logging_mixin.py:137} INFO - [2023-10-13T21:26:04.100+0000] {dag.py:3441} INFO - Setting next_dagrun for dataset_produces_1 to 2023-10-12T00:00:00+00:00, run_after=2023-10-13T00:00:00+00:00
[2023-10-13T21:26:04.104+0000] {logging_mixin.py:137} INFO - [2023-10-13T21:26:04.104+0000] {dag.py:3441} INFO - Setting next_dagrun for dataset_produces_2 to None, run_after=None
[2023-10-13T21:26:04.143+0000] {processor.py:175} INFO - Processing /home/airflow/.local/lib/python3.7/site-packages/airflow/example_dags/example_datasets.py took 0.160 seconds
[2023-10-13T22:25:36.772+0000] {processor.py:153} INFO - Started process (PID=3538) to work on /home/airflow/.local/lib/python3.7/site-packages/airflow/example_dags/example_datasets.py
[2023-10-13T22:25:36.786+0000] {processor.py:743} INFO - Processing file /home/airflow/.local/lib/python3.7/site-packages/airflow/example_dags/example_datasets.py for tasks to queue
[2023-10-13T22:25:36.798+0000] {logging_mixin.py:137} INFO - [2023-10-13T22:25:36.798+0000] {dagbag.py:538} INFO - Filling up the DagBag from /home/airflow/.local/lib/python3.7/site-packages/airflow/example_dags/example_datasets.py
[2023-10-13T22:25:36.818+0000] {processor.py:753} INFO - DAG(s) dict_keys(['dataset_consumes_1', 'dataset_consumes_unknown_never_scheduled', 'dataset_produces_1', 'dataset_produces_2', 'dataset_consumes_1_and_2', 'dataset_consumes_1_never_scheduled']) retrieved from /home/airflow/.local/lib/python3.7/site-packages/airflow/example_dags/example_datasets.py
[2023-10-13T22:25:36.916+0000] {logging_mixin.py:137} INFO - [2023-10-13T22:25:36.916+0000] {dag.py:2690} INFO - Sync 6 DAGs
[2023-10-13T22:25:36.944+0000] {logging_mixin.py:137} INFO - [2023-10-13T22:25:36.944+0000] {dag.py:3441} INFO - Setting next_dagrun for dataset_consumes_1 to None, run_after=None
[2023-10-13T22:25:36.948+0000] {logging_mixin.py:137} INFO - [2023-10-13T22:25:36.948+0000] {dag.py:3441} INFO - Setting next_dagrun for dataset_consumes_1_and_2 to None, run_after=None
[2023-10-13T22:25:36.950+0000] {logging_mixin.py:137} INFO - [2023-10-13T22:25:36.950+0000] {dag.py:3441} INFO - Setting next_dagrun for dataset_consumes_1_never_scheduled to None, run_after=None
[2023-10-13T22:25:36.953+0000] {logging_mixin.py:137} INFO - [2023-10-13T22:25:36.952+0000] {dag.py:3441} INFO - Setting next_dagrun for dataset_consumes_unknown_never_scheduled to None, run_after=None
[2023-10-13T22:25:36.957+0000] {logging_mixin.py:137} INFO - [2023-10-13T22:25:36.957+0000] {dag.py:3441} INFO - Setting next_dagrun for dataset_produces_1 to 2023-10-12T00:00:00+00:00, run_after=2023-10-13T00:00:00+00:00
[2023-10-13T22:25:36.960+0000] {logging_mixin.py:137} INFO - [2023-10-13T22:25:36.960+0000] {dag.py:3441} INFO - Setting next_dagrun for dataset_produces_2 to None, run_after=None
[2023-10-13T22:25:37.065+0000] {processor.py:175} INFO - Processing /home/airflow/.local/lib/python3.7/site-packages/airflow/example_dags/example_datasets.py took 0.296 seconds
[2023-10-13T23:46:43.091+0000] {processor.py:153} INFO - Started process (PID=3631) to work on /home/airflow/.local/lib/python3.7/site-packages/airflow/example_dags/example_datasets.py
[2023-10-13T23:46:43.092+0000] {processor.py:743} INFO - Processing file /home/airflow/.local/lib/python3.7/site-packages/airflow/example_dags/example_datasets.py for tasks to queue
[2023-10-13T23:46:43.094+0000] {logging_mixin.py:137} INFO - [2023-10-13T23:46:43.094+0000] {dagbag.py:538} INFO - Filling up the DagBag from /home/airflow/.local/lib/python3.7/site-packages/airflow/example_dags/example_datasets.py
[2023-10-13T23:46:43.114+0000] {processor.py:753} INFO - DAG(s) dict_keys(['dataset_consumes_unknown_never_scheduled', 'dataset_consumes_1_and_2', 'dataset_produces_1', 'dataset_consumes_1_never_scheduled', 'dataset_consumes_1', 'dataset_produces_2']) retrieved from /home/airflow/.local/lib/python3.7/site-packages/airflow/example_dags/example_datasets.py
[2023-10-13T23:46:43.153+0000] {logging_mixin.py:137} INFO - [2023-10-13T23:46:43.153+0000] {dag.py:2690} INFO - Sync 6 DAGs
[2023-10-13T23:46:43.180+0000] {logging_mixin.py:137} INFO - [2023-10-13T23:46:43.180+0000] {dag.py:3441} INFO - Setting next_dagrun for dataset_consumes_1 to None, run_after=None
[2023-10-13T23:46:43.184+0000] {logging_mixin.py:137} INFO - [2023-10-13T23:46:43.184+0000] {dag.py:3441} INFO - Setting next_dagrun for dataset_consumes_1_and_2 to None, run_after=None
[2023-10-13T23:46:43.186+0000] {logging_mixin.py:137} INFO - [2023-10-13T23:46:43.186+0000] {dag.py:3441} INFO - Setting next_dagrun for dataset_consumes_1_never_scheduled to None, run_after=None
[2023-10-13T23:46:43.188+0000] {logging_mixin.py:137} INFO - [2023-10-13T23:46:43.188+0000] {dag.py:3441} INFO - Setting next_dagrun for dataset_consumes_unknown_never_scheduled to None, run_after=None
[2023-10-13T23:46:43.190+0000] {logging_mixin.py:137} INFO - [2023-10-13T23:46:43.190+0000] {dag.py:3441} INFO - Setting next_dagrun for dataset_produces_1 to 2023-10-12T00:00:00+00:00, run_after=2023-10-13T00:00:00+00:00
[2023-10-13T23:46:43.192+0000] {logging_mixin.py:137} INFO - [2023-10-13T23:46:43.191+0000] {dag.py:3441} INFO - Setting next_dagrun for dataset_produces_2 to None, run_after=None
[2023-10-13T23:46:43.229+0000] {processor.py:175} INFO - Processing /home/airflow/.local/lib/python3.7/site-packages/airflow/example_dags/example_datasets.py took 0.141 seconds
