[2023-10-13T00:03:46.037+0000] {processor.py:153} INFO - Started process (PID=2133) to work on /home/airflow/.local/lib/python3.7/site-packages/airflow/example_dags/example_dag_decorator.py
[2023-10-13T00:03:46.040+0000] {processor.py:743} INFO - Processing file /home/airflow/.local/lib/python3.7/site-packages/airflow/example_dags/example_dag_decorator.py for tasks to queue
[2023-10-13T00:03:46.042+0000] {logging_mixin.py:137} INFO - [2023-10-13T00:03:46.042+0000] {dagbag.py:538} INFO - Filling up the DagBag from /home/airflow/.local/lib/python3.7/site-packages/airflow/example_dags/example_dag_decorator.py
[2023-10-13T00:03:46.163+0000] {logging_mixin.py:137} INFO - [2023-10-13T00:03:46.163+0000] {taskmixin.py:205} WARNING - Dependency <Task(_PythonDecoratedOperator): prepare_email>, send_email already registered for DAG: example_dag_decorator
[2023-10-13T00:03:46.173+0000] {logging_mixin.py:137} INFO - [2023-10-13T00:03:46.173+0000] {taskmixin.py:205} WARNING - Dependency <Task(EmailOperator): send_email>, prepare_email already registered for DAG: example_dag_decorator
[2023-10-13T00:03:46.187+0000] {processor.py:753} INFO - DAG(s) dict_keys(['example_dag_decorator']) retrieved from /home/airflow/.local/lib/python3.7/site-packages/airflow/example_dags/example_dag_decorator.py
[2023-10-13T00:03:46.299+0000] {logging_mixin.py:137} INFO - [2023-10-13T00:03:46.299+0000] {dag.py:2690} INFO - Sync 1 DAGs
[2023-10-13T00:03:46.320+0000] {logging_mixin.py:137} INFO - [2023-10-13T00:03:46.320+0000] {dag.py:3441} INFO - Setting next_dagrun for example_dag_decorator to None, run_after=None
[2023-10-13T00:03:46.346+0000] {processor.py:175} INFO - Processing /home/airflow/.local/lib/python3.7/site-packages/airflow/example_dags/example_dag_decorator.py took 0.314 seconds
[2023-10-13T01:27:45.356+0000] {processor.py:153} INFO - Started process (PID=2207) to work on /home/airflow/.local/lib/python3.7/site-packages/airflow/example_dags/example_dag_decorator.py
[2023-10-13T01:27:45.358+0000] {processor.py:743} INFO - Processing file /home/airflow/.local/lib/python3.7/site-packages/airflow/example_dags/example_dag_decorator.py for tasks to queue
[2023-10-13T01:27:45.360+0000] {logging_mixin.py:137} INFO - [2023-10-13T01:27:45.359+0000] {dagbag.py:538} INFO - Filling up the DagBag from /home/airflow/.local/lib/python3.7/site-packages/airflow/example_dags/example_dag_decorator.py
[2023-10-13T01:27:45.376+0000] {logging_mixin.py:137} INFO - [2023-10-13T01:27:45.376+0000] {taskmixin.py:205} WARNING - Dependency <Task(_PythonDecoratedOperator): prepare_email>, send_email already registered for DAG: example_dag_decorator
[2023-10-13T01:27:45.377+0000] {logging_mixin.py:137} INFO - [2023-10-13T01:27:45.376+0000] {taskmixin.py:205} WARNING - Dependency <Task(EmailOperator): send_email>, prepare_email already registered for DAG: example_dag_decorator
[2023-10-13T01:27:45.389+0000] {processor.py:753} INFO - DAG(s) dict_keys(['example_dag_decorator']) retrieved from /home/airflow/.local/lib/python3.7/site-packages/airflow/example_dags/example_dag_decorator.py
[2023-10-13T01:27:45.451+0000] {logging_mixin.py:137} INFO - [2023-10-13T01:27:45.450+0000] {dag.py:2690} INFO - Sync 1 DAGs
[2023-10-13T01:27:45.481+0000] {logging_mixin.py:137} INFO - [2023-10-13T01:27:45.480+0000] {dag.py:3441} INFO - Setting next_dagrun for example_dag_decorator to None, run_after=None
[2023-10-13T01:27:45.502+0000] {processor.py:175} INFO - Processing /home/airflow/.local/lib/python3.7/site-packages/airflow/example_dags/example_dag_decorator.py took 0.151 seconds
[2023-10-13T02:51:08.064+0000] {processor.py:153} INFO - Started process (PID=2300) to work on /home/airflow/.local/lib/python3.7/site-packages/airflow/example_dags/example_dag_decorator.py
[2023-10-13T02:51:08.066+0000] {processor.py:743} INFO - Processing file /home/airflow/.local/lib/python3.7/site-packages/airflow/example_dags/example_dag_decorator.py for tasks to queue
[2023-10-13T02:51:08.066+0000] {logging_mixin.py:137} INFO - [2023-10-13T02:51:08.066+0000] {dagbag.py:538} INFO - Filling up the DagBag from /home/airflow/.local/lib/python3.7/site-packages/airflow/example_dags/example_dag_decorator.py
[2023-10-13T02:51:08.079+0000] {logging_mixin.py:137} INFO - [2023-10-13T02:51:08.079+0000] {taskmixin.py:205} WARNING - Dependency <Task(_PythonDecoratedOperator): prepare_email>, send_email already registered for DAG: example_dag_decorator
[2023-10-13T02:51:08.079+0000] {logging_mixin.py:137} INFO - [2023-10-13T02:51:08.079+0000] {taskmixin.py:205} WARNING - Dependency <Task(EmailOperator): send_email>, prepare_email already registered for DAG: example_dag_decorator
[2023-10-13T02:51:08.087+0000] {processor.py:753} INFO - DAG(s) dict_keys(['example_dag_decorator']) retrieved from /home/airflow/.local/lib/python3.7/site-packages/airflow/example_dags/example_dag_decorator.py
[2023-10-13T02:51:08.149+0000] {logging_mixin.py:137} INFO - [2023-10-13T02:51:08.149+0000] {dag.py:2690} INFO - Sync 1 DAGs
[2023-10-13T02:51:08.170+0000] {logging_mixin.py:137} INFO - [2023-10-13T02:51:08.170+0000] {dag.py:3441} INFO - Setting next_dagrun for example_dag_decorator to None, run_after=None
[2023-10-13T02:51:08.191+0000] {processor.py:175} INFO - Processing /home/airflow/.local/lib/python3.7/site-packages/airflow/example_dags/example_dag_decorator.py took 0.130 seconds
[2023-10-13T04:12:40.401+0000] {processor.py:153} INFO - Started process (PID=2375) to work on /home/airflow/.local/lib/python3.7/site-packages/airflow/example_dags/example_dag_decorator.py
[2023-10-13T04:12:40.402+0000] {processor.py:743} INFO - Processing file /home/airflow/.local/lib/python3.7/site-packages/airflow/example_dags/example_dag_decorator.py for tasks to queue
[2023-10-13T04:12:40.403+0000] {logging_mixin.py:137} INFO - [2023-10-13T04:12:40.403+0000] {dagbag.py:538} INFO - Filling up the DagBag from /home/airflow/.local/lib/python3.7/site-packages/airflow/example_dags/example_dag_decorator.py
[2023-10-13T04:12:40.422+0000] {logging_mixin.py:137} INFO - [2023-10-13T04:12:40.421+0000] {taskmixin.py:205} WARNING - Dependency <Task(_PythonDecoratedOperator): prepare_email>, send_email already registered for DAG: example_dag_decorator
[2023-10-13T04:12:40.423+0000] {logging_mixin.py:137} INFO - [2023-10-13T04:12:40.422+0000] {taskmixin.py:205} WARNING - Dependency <Task(EmailOperator): send_email>, prepare_email already registered for DAG: example_dag_decorator
[2023-10-13T04:12:40.441+0000] {processor.py:753} INFO - DAG(s) dict_keys(['example_dag_decorator']) retrieved from /home/airflow/.local/lib/python3.7/site-packages/airflow/example_dags/example_dag_decorator.py
[2023-10-13T04:12:40.555+0000] {logging_mixin.py:137} INFO - [2023-10-13T04:12:40.555+0000] {dag.py:2690} INFO - Sync 1 DAGs
[2023-10-13T04:12:40.581+0000] {logging_mixin.py:137} INFO - [2023-10-13T04:12:40.581+0000] {dag.py:3441} INFO - Setting next_dagrun for example_dag_decorator to None, run_after=None
[2023-10-13T04:12:40.614+0000] {processor.py:175} INFO - Processing /home/airflow/.local/lib/python3.7/site-packages/airflow/example_dags/example_dag_decorator.py took 0.217 seconds
[2023-10-13T05:28:47.307+0000] {processor.py:153} INFO - Started process (PID=2467) to work on /home/airflow/.local/lib/python3.7/site-packages/airflow/example_dags/example_dag_decorator.py
[2023-10-13T05:28:47.309+0000] {processor.py:743} INFO - Processing file /home/airflow/.local/lib/python3.7/site-packages/airflow/example_dags/example_dag_decorator.py for tasks to queue
[2023-10-13T05:28:47.313+0000] {logging_mixin.py:137} INFO - [2023-10-13T05:28:47.313+0000] {dagbag.py:538} INFO - Filling up the DagBag from /home/airflow/.local/lib/python3.7/site-packages/airflow/example_dags/example_dag_decorator.py
[2023-10-13T05:28:47.337+0000] {logging_mixin.py:137} INFO - [2023-10-13T05:28:47.336+0000] {taskmixin.py:205} WARNING - Dependency <Task(_PythonDecoratedOperator): prepare_email>, send_email already registered for DAG: example_dag_decorator
[2023-10-13T05:28:47.338+0000] {logging_mixin.py:137} INFO - [2023-10-13T05:28:47.338+0000] {taskmixin.py:205} WARNING - Dependency <Task(EmailOperator): send_email>, prepare_email already registered for DAG: example_dag_decorator
[2023-10-13T05:28:47.356+0000] {processor.py:753} INFO - DAG(s) dict_keys(['example_dag_decorator']) retrieved from /home/airflow/.local/lib/python3.7/site-packages/airflow/example_dags/example_dag_decorator.py
[2023-10-13T05:28:47.440+0000] {logging_mixin.py:137} INFO - [2023-10-13T05:28:47.440+0000] {dag.py:2690} INFO - Sync 1 DAGs
[2023-10-13T05:28:47.468+0000] {logging_mixin.py:137} INFO - [2023-10-13T05:28:47.468+0000] {dag.py:3441} INFO - Setting next_dagrun for example_dag_decorator to None, run_after=None
[2023-10-13T05:28:47.498+0000] {processor.py:175} INFO - Processing /home/airflow/.local/lib/python3.7/site-packages/airflow/example_dags/example_dag_decorator.py took 0.196 seconds
[2023-10-13T06:52:08.468+0000] {processor.py:153} INFO - Started process (PID=2542) to work on /home/airflow/.local/lib/python3.7/site-packages/airflow/example_dags/example_dag_decorator.py
[2023-10-13T06:52:08.470+0000] {processor.py:743} INFO - Processing file /home/airflow/.local/lib/python3.7/site-packages/airflow/example_dags/example_dag_decorator.py for tasks to queue
[2023-10-13T06:52:08.471+0000] {logging_mixin.py:137} INFO - [2023-10-13T06:52:08.471+0000] {dagbag.py:538} INFO - Filling up the DagBag from /home/airflow/.local/lib/python3.7/site-packages/airflow/example_dags/example_dag_decorator.py
[2023-10-13T06:52:08.488+0000] {logging_mixin.py:137} INFO - [2023-10-13T06:52:08.488+0000] {taskmixin.py:205} WARNING - Dependency <Task(_PythonDecoratedOperator): prepare_email>, send_email already registered for DAG: example_dag_decorator
[2023-10-13T06:52:08.489+0000] {logging_mixin.py:137} INFO - [2023-10-13T06:52:08.489+0000] {taskmixin.py:205} WARNING - Dependency <Task(EmailOperator): send_email>, prepare_email already registered for DAG: example_dag_decorator
[2023-10-13T06:52:08.500+0000] {processor.py:753} INFO - DAG(s) dict_keys(['example_dag_decorator']) retrieved from /home/airflow/.local/lib/python3.7/site-packages/airflow/example_dags/example_dag_decorator.py
[2023-10-13T06:52:08.566+0000] {logging_mixin.py:137} INFO - [2023-10-13T06:52:08.566+0000] {dag.py:2690} INFO - Sync 1 DAGs
[2023-10-13T06:52:08.590+0000] {logging_mixin.py:137} INFO - [2023-10-13T06:52:08.590+0000] {dag.py:3441} INFO - Setting next_dagrun for example_dag_decorator to None, run_after=None
[2023-10-13T06:52:08.609+0000] {processor.py:175} INFO - Processing /home/airflow/.local/lib/python3.7/site-packages/airflow/example_dags/example_dag_decorator.py took 0.145 seconds
[2023-10-13T08:15:50.910+0000] {processor.py:153} INFO - Started process (PID=2634) to work on /home/airflow/.local/lib/python3.7/site-packages/airflow/example_dags/example_dag_decorator.py
[2023-10-13T08:15:50.912+0000] {processor.py:743} INFO - Processing file /home/airflow/.local/lib/python3.7/site-packages/airflow/example_dags/example_dag_decorator.py for tasks to queue
[2023-10-13T08:15:50.914+0000] {logging_mixin.py:137} INFO - [2023-10-13T08:15:50.914+0000] {dagbag.py:538} INFO - Filling up the DagBag from /home/airflow/.local/lib/python3.7/site-packages/airflow/example_dags/example_dag_decorator.py
[2023-10-13T08:15:50.933+0000] {logging_mixin.py:137} INFO - [2023-10-13T08:15:50.932+0000] {taskmixin.py:205} WARNING - Dependency <Task(_PythonDecoratedOperator): prepare_email>, send_email already registered for DAG: example_dag_decorator
[2023-10-13T08:15:50.934+0000] {logging_mixin.py:137} INFO - [2023-10-13T08:15:50.934+0000] {taskmixin.py:205} WARNING - Dependency <Task(EmailOperator): send_email>, prepare_email already registered for DAG: example_dag_decorator
[2023-10-13T08:15:50.951+0000] {processor.py:753} INFO - DAG(s) dict_keys(['example_dag_decorator']) retrieved from /home/airflow/.local/lib/python3.7/site-packages/airflow/example_dags/example_dag_decorator.py
[2023-10-13T08:15:51.038+0000] {logging_mixin.py:137} INFO - [2023-10-13T08:15:51.038+0000] {dag.py:2690} INFO - Sync 1 DAGs
[2023-10-13T08:15:51.065+0000] {logging_mixin.py:137} INFO - [2023-10-13T08:15:51.065+0000] {dag.py:3441} INFO - Setting next_dagrun for example_dag_decorator to None, run_after=None
[2023-10-13T08:15:51.104+0000] {processor.py:175} INFO - Processing /home/airflow/.local/lib/python3.7/site-packages/airflow/example_dags/example_dag_decorator.py took 0.198 seconds
[2023-10-13T09:36:03.211+0000] {processor.py:153} INFO - Started process (PID=2709) to work on /home/airflow/.local/lib/python3.7/site-packages/airflow/example_dags/example_dag_decorator.py
[2023-10-13T09:36:03.212+0000] {processor.py:743} INFO - Processing file /home/airflow/.local/lib/python3.7/site-packages/airflow/example_dags/example_dag_decorator.py for tasks to queue
[2023-10-13T09:36:03.213+0000] {logging_mixin.py:137} INFO - [2023-10-13T09:36:03.212+0000] {dagbag.py:538} INFO - Filling up the DagBag from /home/airflow/.local/lib/python3.7/site-packages/airflow/example_dags/example_dag_decorator.py
[2023-10-13T09:36:03.231+0000] {logging_mixin.py:137} INFO - [2023-10-13T09:36:03.231+0000] {taskmixin.py:205} WARNING - Dependency <Task(_PythonDecoratedOperator): prepare_email>, send_email already registered for DAG: example_dag_decorator
[2023-10-13T09:36:03.232+0000] {logging_mixin.py:137} INFO - [2023-10-13T09:36:03.232+0000] {taskmixin.py:205} WARNING - Dependency <Task(EmailOperator): send_email>, prepare_email already registered for DAG: example_dag_decorator
[2023-10-13T09:36:03.244+0000] {processor.py:753} INFO - DAG(s) dict_keys(['example_dag_decorator']) retrieved from /home/airflow/.local/lib/python3.7/site-packages/airflow/example_dags/example_dag_decorator.py
[2023-10-13T09:36:03.310+0000] {logging_mixin.py:137} INFO - [2023-10-13T09:36:03.310+0000] {dag.py:2690} INFO - Sync 1 DAGs
[2023-10-13T09:36:03.330+0000] {logging_mixin.py:137} INFO - [2023-10-13T09:36:03.330+0000] {dag.py:3441} INFO - Setting next_dagrun for example_dag_decorator to None, run_after=None
[2023-10-13T09:36:03.349+0000] {processor.py:175} INFO - Processing /home/airflow/.local/lib/python3.7/site-packages/airflow/example_dags/example_dag_decorator.py took 0.142 seconds
[2023-10-13T10:57:44.105+0000] {processor.py:153} INFO - Started process (PID=2784) to work on /home/airflow/.local/lib/python3.7/site-packages/airflow/example_dags/example_dag_decorator.py
[2023-10-13T10:57:44.106+0000] {processor.py:743} INFO - Processing file /home/airflow/.local/lib/python3.7/site-packages/airflow/example_dags/example_dag_decorator.py for tasks to queue
[2023-10-13T10:57:44.107+0000] {logging_mixin.py:137} INFO - [2023-10-13T10:57:44.107+0000] {dagbag.py:538} INFO - Filling up the DagBag from /home/airflow/.local/lib/python3.7/site-packages/airflow/example_dags/example_dag_decorator.py
[2023-10-13T10:57:44.128+0000] {logging_mixin.py:137} INFO - [2023-10-13T10:57:44.128+0000] {taskmixin.py:205} WARNING - Dependency <Task(_PythonDecoratedOperator): prepare_email>, send_email already registered for DAG: example_dag_decorator
[2023-10-13T10:57:44.129+0000] {logging_mixin.py:137} INFO - [2023-10-13T10:57:44.129+0000] {taskmixin.py:205} WARNING - Dependency <Task(EmailOperator): send_email>, prepare_email already registered for DAG: example_dag_decorator
[2023-10-13T10:57:44.145+0000] {processor.py:753} INFO - DAG(s) dict_keys(['example_dag_decorator']) retrieved from /home/airflow/.local/lib/python3.7/site-packages/airflow/example_dags/example_dag_decorator.py
[2023-10-13T10:57:44.237+0000] {logging_mixin.py:137} INFO - [2023-10-13T10:57:44.237+0000] {dag.py:2690} INFO - Sync 1 DAGs
[2023-10-13T10:57:44.484+0000] {logging_mixin.py:137} INFO - [2023-10-13T10:57:44.484+0000] {dag.py:3441} INFO - Setting next_dagrun for example_dag_decorator to None, run_after=None
[2023-10-13T10:57:44.527+0000] {processor.py:175} INFO - Processing /home/airflow/.local/lib/python3.7/site-packages/airflow/example_dags/example_dag_decorator.py took 0.426 seconds
[2023-10-13T12:22:08.100+0000] {processor.py:153} INFO - Started process (PID=2876) to work on /home/airflow/.local/lib/python3.7/site-packages/airflow/example_dags/example_dag_decorator.py
[2023-10-13T12:22:08.102+0000] {processor.py:743} INFO - Processing file /home/airflow/.local/lib/python3.7/site-packages/airflow/example_dags/example_dag_decorator.py for tasks to queue
[2023-10-13T12:22:08.103+0000] {logging_mixin.py:137} INFO - [2023-10-13T12:22:08.103+0000] {dagbag.py:538} INFO - Filling up the DagBag from /home/airflow/.local/lib/python3.7/site-packages/airflow/example_dags/example_dag_decorator.py
[2023-10-13T12:22:08.119+0000] {logging_mixin.py:137} INFO - [2023-10-13T12:22:08.119+0000] {taskmixin.py:205} WARNING - Dependency <Task(_PythonDecoratedOperator): prepare_email>, send_email already registered for DAG: example_dag_decorator
[2023-10-13T12:22:08.120+0000] {logging_mixin.py:137} INFO - [2023-10-13T12:22:08.120+0000] {taskmixin.py:205} WARNING - Dependency <Task(EmailOperator): send_email>, prepare_email already registered for DAG: example_dag_decorator
[2023-10-13T12:22:08.134+0000] {processor.py:753} INFO - DAG(s) dict_keys(['example_dag_decorator']) retrieved from /home/airflow/.local/lib/python3.7/site-packages/airflow/example_dags/example_dag_decorator.py
[2023-10-13T12:22:08.192+0000] {logging_mixin.py:137} INFO - [2023-10-13T12:22:08.192+0000] {dag.py:2690} INFO - Sync 1 DAGs
[2023-10-13T12:22:08.214+0000] {logging_mixin.py:137} INFO - [2023-10-13T12:22:08.214+0000] {dag.py:3441} INFO - Setting next_dagrun for example_dag_decorator to None, run_after=None
[2023-10-13T12:22:08.235+0000] {processor.py:175} INFO - Processing /home/airflow/.local/lib/python3.7/site-packages/airflow/example_dags/example_dag_decorator.py took 0.138 seconds
[2023-10-13T13:24:20.466+0000] {processor.py:153} INFO - Started process (PID=2951) to work on /home/airflow/.local/lib/python3.7/site-packages/airflow/example_dags/example_dag_decorator.py
[2023-10-13T13:24:20.468+0000] {processor.py:743} INFO - Processing file /home/airflow/.local/lib/python3.7/site-packages/airflow/example_dags/example_dag_decorator.py for tasks to queue
[2023-10-13T13:24:20.469+0000] {logging_mixin.py:137} INFO - [2023-10-13T13:24:20.469+0000] {dagbag.py:538} INFO - Filling up the DagBag from /home/airflow/.local/lib/python3.7/site-packages/airflow/example_dags/example_dag_decorator.py
[2023-10-13T13:24:20.488+0000] {logging_mixin.py:137} INFO - [2023-10-13T13:24:20.488+0000] {taskmixin.py:205} WARNING - Dependency <Task(_PythonDecoratedOperator): prepare_email>, send_email already registered for DAG: example_dag_decorator
[2023-10-13T13:24:20.489+0000] {logging_mixin.py:137} INFO - [2023-10-13T13:24:20.488+0000] {taskmixin.py:205} WARNING - Dependency <Task(EmailOperator): send_email>, prepare_email already registered for DAG: example_dag_decorator
[2023-10-13T13:24:20.501+0000] {processor.py:753} INFO - DAG(s) dict_keys(['example_dag_decorator']) retrieved from /home/airflow/.local/lib/python3.7/site-packages/airflow/example_dags/example_dag_decorator.py
[2023-10-13T13:24:20.557+0000] {logging_mixin.py:137} INFO - [2023-10-13T13:24:20.556+0000] {dag.py:2690} INFO - Sync 1 DAGs
[2023-10-13T13:24:20.575+0000] {logging_mixin.py:137} INFO - [2023-10-13T13:24:20.574+0000] {dag.py:3441} INFO - Setting next_dagrun for example_dag_decorator to None, run_after=None
[2023-10-13T13:24:20.595+0000] {processor.py:175} INFO - Processing /home/airflow/.local/lib/python3.7/site-packages/airflow/example_dags/example_dag_decorator.py took 0.133 seconds
[2023-10-13T14:45:30.391+0000] {processor.py:153} INFO - Started process (PID=3044) to work on /home/airflow/.local/lib/python3.7/site-packages/airflow/example_dags/example_dag_decorator.py
[2023-10-13T14:45:30.393+0000] {processor.py:743} INFO - Processing file /home/airflow/.local/lib/python3.7/site-packages/airflow/example_dags/example_dag_decorator.py for tasks to queue
[2023-10-13T14:45:30.394+0000] {logging_mixin.py:137} INFO - [2023-10-13T14:45:30.394+0000] {dagbag.py:538} INFO - Filling up the DagBag from /home/airflow/.local/lib/python3.7/site-packages/airflow/example_dags/example_dag_decorator.py
[2023-10-13T14:45:30.421+0000] {logging_mixin.py:137} INFO - [2023-10-13T14:45:30.420+0000] {taskmixin.py:205} WARNING - Dependency <Task(_PythonDecoratedOperator): prepare_email>, send_email already registered for DAG: example_dag_decorator
[2023-10-13T14:45:30.424+0000] {logging_mixin.py:137} INFO - [2023-10-13T14:45:30.424+0000] {taskmixin.py:205} WARNING - Dependency <Task(EmailOperator): send_email>, prepare_email already registered for DAG: example_dag_decorator
[2023-10-13T14:45:30.438+0000] {processor.py:753} INFO - DAG(s) dict_keys(['example_dag_decorator']) retrieved from /home/airflow/.local/lib/python3.7/site-packages/airflow/example_dags/example_dag_decorator.py
[2023-10-13T14:45:30.504+0000] {logging_mixin.py:137} INFO - [2023-10-13T14:45:30.504+0000] {dag.py:2690} INFO - Sync 1 DAGs
[2023-10-13T14:45:30.524+0000] {logging_mixin.py:137} INFO - [2023-10-13T14:45:30.524+0000] {dag.py:3441} INFO - Setting next_dagrun for example_dag_decorator to None, run_after=None
[2023-10-13T14:45:30.543+0000] {processor.py:175} INFO - Processing /home/airflow/.local/lib/python3.7/site-packages/airflow/example_dags/example_dag_decorator.py took 0.157 seconds
[2023-10-13T16:06:52.313+0000] {processor.py:153} INFO - Started process (PID=3119) to work on /home/airflow/.local/lib/python3.7/site-packages/airflow/example_dags/example_dag_decorator.py
[2023-10-13T16:06:52.315+0000] {processor.py:743} INFO - Processing file /home/airflow/.local/lib/python3.7/site-packages/airflow/example_dags/example_dag_decorator.py for tasks to queue
[2023-10-13T16:06:52.319+0000] {logging_mixin.py:137} INFO - [2023-10-13T16:06:52.319+0000] {dagbag.py:538} INFO - Filling up the DagBag from /home/airflow/.local/lib/python3.7/site-packages/airflow/example_dags/example_dag_decorator.py
[2023-10-13T16:06:52.341+0000] {logging_mixin.py:137} INFO - [2023-10-13T16:06:52.340+0000] {taskmixin.py:205} WARNING - Dependency <Task(_PythonDecoratedOperator): prepare_email>, send_email already registered for DAG: example_dag_decorator
[2023-10-13T16:06:52.342+0000] {logging_mixin.py:137} INFO - [2023-10-13T16:06:52.341+0000] {taskmixin.py:205} WARNING - Dependency <Task(EmailOperator): send_email>, prepare_email already registered for DAG: example_dag_decorator
[2023-10-13T16:06:52.356+0000] {processor.py:753} INFO - DAG(s) dict_keys(['example_dag_decorator']) retrieved from /home/airflow/.local/lib/python3.7/site-packages/airflow/example_dags/example_dag_decorator.py
[2023-10-13T16:06:52.440+0000] {logging_mixin.py:137} INFO - [2023-10-13T16:06:52.440+0000] {dag.py:2690} INFO - Sync 1 DAGs
[2023-10-13T16:06:52.465+0000] {logging_mixin.py:137} INFO - [2023-10-13T16:06:52.465+0000] {dag.py:3441} INFO - Setting next_dagrun for example_dag_decorator to None, run_after=None
[2023-10-13T16:06:52.497+0000] {processor.py:175} INFO - Processing /home/airflow/.local/lib/python3.7/site-packages/airflow/example_dags/example_dag_decorator.py took 0.189 seconds
[2023-10-13T17:20:08.276+0000] {processor.py:153} INFO - Started process (PID=3193) to work on /home/airflow/.local/lib/python3.7/site-packages/airflow/example_dags/example_dag_decorator.py
[2023-10-13T17:20:08.278+0000] {processor.py:743} INFO - Processing file /home/airflow/.local/lib/python3.7/site-packages/airflow/example_dags/example_dag_decorator.py for tasks to queue
[2023-10-13T17:20:08.279+0000] {logging_mixin.py:137} INFO - [2023-10-13T17:20:08.279+0000] {dagbag.py:538} INFO - Filling up the DagBag from /home/airflow/.local/lib/python3.7/site-packages/airflow/example_dags/example_dag_decorator.py
[2023-10-13T17:20:08.302+0000] {logging_mixin.py:137} INFO - [2023-10-13T17:20:08.301+0000] {taskmixin.py:205} WARNING - Dependency <Task(_PythonDecoratedOperator): prepare_email>, send_email already registered for DAG: example_dag_decorator
[2023-10-13T17:20:08.302+0000] {logging_mixin.py:137} INFO - [2023-10-13T17:20:08.302+0000] {taskmixin.py:205} WARNING - Dependency <Task(EmailOperator): send_email>, prepare_email already registered for DAG: example_dag_decorator
[2023-10-13T17:20:08.316+0000] {processor.py:753} INFO - DAG(s) dict_keys(['example_dag_decorator']) retrieved from /home/airflow/.local/lib/python3.7/site-packages/airflow/example_dags/example_dag_decorator.py
[2023-10-13T17:20:08.381+0000] {logging_mixin.py:137} INFO - [2023-10-13T17:20:08.381+0000] {dag.py:2690} INFO - Sync 1 DAGs
[2023-10-13T17:20:08.408+0000] {logging_mixin.py:137} INFO - [2023-10-13T17:20:08.408+0000] {dag.py:3441} INFO - Setting next_dagrun for example_dag_decorator to None, run_after=None
[2023-10-13T17:20:08.436+0000] {processor.py:175} INFO - Processing /home/airflow/.local/lib/python3.7/site-packages/airflow/example_dags/example_dag_decorator.py took 0.163 seconds
[2023-10-13T18:40:02.687+0000] {processor.py:153} INFO - Started process (PID=3286) to work on /home/airflow/.local/lib/python3.7/site-packages/airflow/example_dags/example_dag_decorator.py
[2023-10-13T18:40:02.690+0000] {processor.py:743} INFO - Processing file /home/airflow/.local/lib/python3.7/site-packages/airflow/example_dags/example_dag_decorator.py for tasks to queue
[2023-10-13T18:40:02.693+0000] {logging_mixin.py:137} INFO - [2023-10-13T18:40:02.693+0000] {dagbag.py:538} INFO - Filling up the DagBag from /home/airflow/.local/lib/python3.7/site-packages/airflow/example_dags/example_dag_decorator.py
[2023-10-13T18:40:02.715+0000] {logging_mixin.py:137} INFO - [2023-10-13T18:40:02.715+0000] {taskmixin.py:205} WARNING - Dependency <Task(_PythonDecoratedOperator): prepare_email>, send_email already registered for DAG: example_dag_decorator
[2023-10-13T18:40:02.716+0000] {logging_mixin.py:137} INFO - [2023-10-13T18:40:02.716+0000] {taskmixin.py:205} WARNING - Dependency <Task(EmailOperator): send_email>, prepare_email already registered for DAG: example_dag_decorator
[2023-10-13T18:40:02.732+0000] {processor.py:753} INFO - DAG(s) dict_keys(['example_dag_decorator']) retrieved from /home/airflow/.local/lib/python3.7/site-packages/airflow/example_dags/example_dag_decorator.py
[2023-10-13T18:40:02.813+0000] {logging_mixin.py:137} INFO - [2023-10-13T18:40:02.813+0000] {dag.py:2690} INFO - Sync 1 DAGs
[2023-10-13T18:40:02.843+0000] {logging_mixin.py:137} INFO - [2023-10-13T18:40:02.843+0000] {dag.py:3441} INFO - Setting next_dagrun for example_dag_decorator to None, run_after=None
[2023-10-13T18:40:02.876+0000] {processor.py:175} INFO - Processing /home/airflow/.local/lib/python3.7/site-packages/airflow/example_dags/example_dag_decorator.py took 0.193 seconds
[2023-10-13T20:02:45.473+0000] {processor.py:153} INFO - Started process (PID=3361) to work on /home/airflow/.local/lib/python3.7/site-packages/airflow/example_dags/example_dag_decorator.py
[2023-10-13T20:02:45.474+0000] {processor.py:743} INFO - Processing file /home/airflow/.local/lib/python3.7/site-packages/airflow/example_dags/example_dag_decorator.py for tasks to queue
[2023-10-13T20:02:45.476+0000] {logging_mixin.py:137} INFO - [2023-10-13T20:02:45.475+0000] {dagbag.py:538} INFO - Filling up the DagBag from /home/airflow/.local/lib/python3.7/site-packages/airflow/example_dags/example_dag_decorator.py
[2023-10-13T20:02:45.493+0000] {logging_mixin.py:137} INFO - [2023-10-13T20:02:45.493+0000] {taskmixin.py:205} WARNING - Dependency <Task(_PythonDecoratedOperator): prepare_email>, send_email already registered for DAG: example_dag_decorator
[2023-10-13T20:02:45.494+0000] {logging_mixin.py:137} INFO - [2023-10-13T20:02:45.493+0000] {taskmixin.py:205} WARNING - Dependency <Task(EmailOperator): send_email>, prepare_email already registered for DAG: example_dag_decorator
[2023-10-13T20:02:45.507+0000] {processor.py:753} INFO - DAG(s) dict_keys(['example_dag_decorator']) retrieved from /home/airflow/.local/lib/python3.7/site-packages/airflow/example_dags/example_dag_decorator.py
[2023-10-13T20:02:45.566+0000] {logging_mixin.py:137} INFO - [2023-10-13T20:02:45.565+0000] {dag.py:2690} INFO - Sync 1 DAGs
[2023-10-13T20:02:45.589+0000] {logging_mixin.py:137} INFO - [2023-10-13T20:02:45.589+0000] {dag.py:3441} INFO - Setting next_dagrun for example_dag_decorator to None, run_after=None
[2023-10-13T20:02:45.612+0000] {processor.py:175} INFO - Processing /home/airflow/.local/lib/python3.7/site-packages/airflow/example_dags/example_dag_decorator.py took 0.142 seconds
[2023-10-13T21:26:03.004+0000] {processor.py:153} INFO - Started process (PID=3454) to work on /home/airflow/.local/lib/python3.7/site-packages/airflow/example_dags/example_dag_decorator.py
[2023-10-13T21:26:03.006+0000] {processor.py:743} INFO - Processing file /home/airflow/.local/lib/python3.7/site-packages/airflow/example_dags/example_dag_decorator.py for tasks to queue
[2023-10-13T21:26:03.007+0000] {logging_mixin.py:137} INFO - [2023-10-13T21:26:03.007+0000] {dagbag.py:538} INFO - Filling up the DagBag from /home/airflow/.local/lib/python3.7/site-packages/airflow/example_dags/example_dag_decorator.py
[2023-10-13T21:26:03.027+0000] {logging_mixin.py:137} INFO - [2023-10-13T21:26:03.027+0000] {taskmixin.py:205} WARNING - Dependency <Task(_PythonDecoratedOperator): prepare_email>, send_email already registered for DAG: example_dag_decorator
[2023-10-13T21:26:03.029+0000] {logging_mixin.py:137} INFO - [2023-10-13T21:26:03.028+0000] {taskmixin.py:205} WARNING - Dependency <Task(EmailOperator): send_email>, prepare_email already registered for DAG: example_dag_decorator
[2023-10-13T21:26:03.042+0000] {processor.py:753} INFO - DAG(s) dict_keys(['example_dag_decorator']) retrieved from /home/airflow/.local/lib/python3.7/site-packages/airflow/example_dags/example_dag_decorator.py
[2023-10-13T21:26:03.104+0000] {logging_mixin.py:137} INFO - [2023-10-13T21:26:03.104+0000] {dag.py:2690} INFO - Sync 1 DAGs
[2023-10-13T21:26:03.131+0000] {logging_mixin.py:137} INFO - [2023-10-13T21:26:03.130+0000] {dag.py:3441} INFO - Setting next_dagrun for example_dag_decorator to None, run_after=None
[2023-10-13T21:26:03.157+0000] {processor.py:175} INFO - Processing /home/airflow/.local/lib/python3.7/site-packages/airflow/example_dags/example_dag_decorator.py took 0.156 seconds
[2023-10-13T22:25:35.422+0000] {processor.py:153} INFO - Started process (PID=3529) to work on /home/airflow/.local/lib/python3.7/site-packages/airflow/example_dags/example_dag_decorator.py
[2023-10-13T22:25:35.425+0000] {processor.py:743} INFO - Processing file /home/airflow/.local/lib/python3.7/site-packages/airflow/example_dags/example_dag_decorator.py for tasks to queue
[2023-10-13T22:25:35.428+0000] {logging_mixin.py:137} INFO - [2023-10-13T22:25:35.428+0000] {dagbag.py:538} INFO - Filling up the DagBag from /home/airflow/.local/lib/python3.7/site-packages/airflow/example_dags/example_dag_decorator.py
[2023-10-13T22:25:35.447+0000] {logging_mixin.py:137} INFO - [2023-10-13T22:25:35.447+0000] {taskmixin.py:205} WARNING - Dependency <Task(_PythonDecoratedOperator): prepare_email>, send_email already registered for DAG: example_dag_decorator
[2023-10-13T22:25:35.448+0000] {logging_mixin.py:137} INFO - [2023-10-13T22:25:35.448+0000] {taskmixin.py:205} WARNING - Dependency <Task(EmailOperator): send_email>, prepare_email already registered for DAG: example_dag_decorator
[2023-10-13T22:25:35.464+0000] {processor.py:753} INFO - DAG(s) dict_keys(['example_dag_decorator']) retrieved from /home/airflow/.local/lib/python3.7/site-packages/airflow/example_dags/example_dag_decorator.py
[2023-10-13T22:25:35.571+0000] {logging_mixin.py:137} INFO - [2023-10-13T22:25:35.571+0000] {dag.py:2690} INFO - Sync 1 DAGs
[2023-10-13T22:25:35.623+0000] {logging_mixin.py:137} INFO - [2023-10-13T22:25:35.623+0000] {dag.py:3441} INFO - Setting next_dagrun for example_dag_decorator to None, run_after=None
[2023-10-13T22:25:35.692+0000] {processor.py:175} INFO - Processing /home/airflow/.local/lib/python3.7/site-packages/airflow/example_dags/example_dag_decorator.py took 0.273 seconds
[2023-10-13T23:46:42.253+0000] {processor.py:153} INFO - Started process (PID=3622) to work on /home/airflow/.local/lib/python3.7/site-packages/airflow/example_dags/example_dag_decorator.py
[2023-10-13T23:46:42.257+0000] {processor.py:743} INFO - Processing file /home/airflow/.local/lib/python3.7/site-packages/airflow/example_dags/example_dag_decorator.py for tasks to queue
[2023-10-13T23:46:42.260+0000] {logging_mixin.py:137} INFO - [2023-10-13T23:46:42.260+0000] {dagbag.py:538} INFO - Filling up the DagBag from /home/airflow/.local/lib/python3.7/site-packages/airflow/example_dags/example_dag_decorator.py
[2023-10-13T23:46:42.283+0000] {logging_mixin.py:137} INFO - [2023-10-13T23:46:42.283+0000] {taskmixin.py:205} WARNING - Dependency <Task(_PythonDecoratedOperator): prepare_email>, send_email already registered for DAG: example_dag_decorator
[2023-10-13T23:46:42.285+0000] {logging_mixin.py:137} INFO - [2023-10-13T23:46:42.285+0000] {taskmixin.py:205} WARNING - Dependency <Task(EmailOperator): send_email>, prepare_email already registered for DAG: example_dag_decorator
[2023-10-13T23:46:42.299+0000] {processor.py:753} INFO - DAG(s) dict_keys(['example_dag_decorator']) retrieved from /home/airflow/.local/lib/python3.7/site-packages/airflow/example_dags/example_dag_decorator.py
[2023-10-13T23:46:42.411+0000] {logging_mixin.py:137} INFO - [2023-10-13T23:46:42.411+0000] {dag.py:2690} INFO - Sync 1 DAGs
[2023-10-13T23:46:42.443+0000] {logging_mixin.py:137} INFO - [2023-10-13T23:46:42.443+0000] {dag.py:3441} INFO - Setting next_dagrun for example_dag_decorator to None, run_after=None
[2023-10-13T23:46:42.468+0000] {processor.py:175} INFO - Processing /home/airflow/.local/lib/python3.7/site-packages/airflow/example_dags/example_dag_decorator.py took 0.219 seconds
