[2023-10-20T00:05:31.405+0000] {processor.py:153} INFO - Started process (PID=73911) to work on /home/airflow/.local/lib/python3.7/site-packages/airflow/example_dags/example_dag_decorator.py
[2023-10-20T00:05:31.406+0000] {processor.py:743} INFO - Processing file /home/airflow/.local/lib/python3.7/site-packages/airflow/example_dags/example_dag_decorator.py for tasks to queue
[2023-10-20T00:05:31.406+0000] {logging_mixin.py:137} INFO - [2023-10-20T00:05:31.406+0000] {dagbag.py:538} INFO - Filling up the DagBag from /home/airflow/.local/lib/python3.7/site-packages/airflow/example_dags/example_dag_decorator.py
[2023-10-20T00:05:31.416+0000] {logging_mixin.py:137} INFO - [2023-10-20T00:05:31.416+0000] {taskmixin.py:205} WARNING - Dependency <Task(_PythonDecoratedOperator): prepare_email>, send_email already registered for DAG: example_dag_decorator
[2023-10-20T00:05:31.416+0000] {logging_mixin.py:137} INFO - [2023-10-20T00:05:31.416+0000] {taskmixin.py:205} WARNING - Dependency <Task(EmailOperator): send_email>, prepare_email already registered for DAG: example_dag_decorator
[2023-10-20T00:05:31.424+0000] {processor.py:753} INFO - DAG(s) dict_keys(['example_dag_decorator']) retrieved from /home/airflow/.local/lib/python3.7/site-packages/airflow/example_dags/example_dag_decorator.py
[2023-10-20T00:05:31.457+0000] {logging_mixin.py:137} INFO - [2023-10-20T00:05:31.457+0000] {dag.py:2690} INFO - Sync 1 DAGs
[2023-10-20T00:05:31.469+0000] {logging_mixin.py:137} INFO - [2023-10-20T00:05:31.469+0000] {dag.py:3441} INFO - Setting next_dagrun for example_dag_decorator to None, run_after=None
[2023-10-20T00:05:31.478+0000] {processor.py:175} INFO - Processing /home/airflow/.local/lib/python3.7/site-packages/airflow/example_dags/example_dag_decorator.py took 0.075 seconds
[2023-10-20T01:31:27.353+0000] {processor.py:153} INFO - Started process (PID=73987) to work on /home/airflow/.local/lib/python3.7/site-packages/airflow/example_dags/example_dag_decorator.py
[2023-10-20T01:31:27.354+0000] {processor.py:743} INFO - Processing file /home/airflow/.local/lib/python3.7/site-packages/airflow/example_dags/example_dag_decorator.py for tasks to queue
[2023-10-20T01:31:27.354+0000] {logging_mixin.py:137} INFO - [2023-10-20T01:31:27.354+0000] {dagbag.py:538} INFO - Filling up the DagBag from /home/airflow/.local/lib/python3.7/site-packages/airflow/example_dags/example_dag_decorator.py
[2023-10-20T01:31:27.363+0000] {logging_mixin.py:137} INFO - [2023-10-20T01:31:27.363+0000] {taskmixin.py:205} WARNING - Dependency <Task(_PythonDecoratedOperator): prepare_email>, send_email already registered for DAG: example_dag_decorator
[2023-10-20T01:31:27.364+0000] {logging_mixin.py:137} INFO - [2023-10-20T01:31:27.364+0000] {taskmixin.py:205} WARNING - Dependency <Task(EmailOperator): send_email>, prepare_email already registered for DAG: example_dag_decorator
[2023-10-20T01:31:27.370+0000] {processor.py:753} INFO - DAG(s) dict_keys(['example_dag_decorator']) retrieved from /home/airflow/.local/lib/python3.7/site-packages/airflow/example_dags/example_dag_decorator.py
[2023-10-20T01:31:27.403+0000] {logging_mixin.py:137} INFO - [2023-10-20T01:31:27.403+0000] {dag.py:2690} INFO - Sync 1 DAGs
[2023-10-20T01:31:27.413+0000] {logging_mixin.py:137} INFO - [2023-10-20T01:31:27.413+0000] {dag.py:3441} INFO - Setting next_dagrun for example_dag_decorator to None, run_after=None
[2023-10-20T01:31:27.424+0000] {processor.py:175} INFO - Processing /home/airflow/.local/lib/python3.7/site-packages/airflow/example_dags/example_dag_decorator.py took 0.073 seconds
[2023-10-20T02:57:24.639+0000] {processor.py:153} INFO - Started process (PID=74081) to work on /home/airflow/.local/lib/python3.7/site-packages/airflow/example_dags/example_dag_decorator.py
[2023-10-20T02:57:24.640+0000] {processor.py:743} INFO - Processing file /home/airflow/.local/lib/python3.7/site-packages/airflow/example_dags/example_dag_decorator.py for tasks to queue
[2023-10-20T02:57:24.640+0000] {logging_mixin.py:137} INFO - [2023-10-20T02:57:24.640+0000] {dagbag.py:538} INFO - Filling up the DagBag from /home/airflow/.local/lib/python3.7/site-packages/airflow/example_dags/example_dag_decorator.py
[2023-10-20T02:57:24.650+0000] {logging_mixin.py:137} INFO - [2023-10-20T02:57:24.650+0000] {taskmixin.py:205} WARNING - Dependency <Task(_PythonDecoratedOperator): prepare_email>, send_email already registered for DAG: example_dag_decorator
[2023-10-20T02:57:24.650+0000] {logging_mixin.py:137} INFO - [2023-10-20T02:57:24.650+0000] {taskmixin.py:205} WARNING - Dependency <Task(EmailOperator): send_email>, prepare_email already registered for DAG: example_dag_decorator
[2023-10-20T02:57:24.657+0000] {processor.py:753} INFO - DAG(s) dict_keys(['example_dag_decorator']) retrieved from /home/airflow/.local/lib/python3.7/site-packages/airflow/example_dags/example_dag_decorator.py
[2023-10-20T02:57:24.688+0000] {logging_mixin.py:137} INFO - [2023-10-20T02:57:24.687+0000] {dag.py:2690} INFO - Sync 1 DAGs
[2023-10-20T02:57:24.699+0000] {logging_mixin.py:137} INFO - [2023-10-20T02:57:24.698+0000] {dag.py:3441} INFO - Setting next_dagrun for example_dag_decorator to None, run_after=None
[2023-10-20T02:57:24.707+0000] {processor.py:175} INFO - Processing /home/airflow/.local/lib/python3.7/site-packages/airflow/example_dags/example_dag_decorator.py took 0.070 seconds
[2023-10-20T04:19:27.639+0000] {processor.py:153} INFO - Started process (PID=74175) to work on /home/airflow/.local/lib/python3.7/site-packages/airflow/example_dags/example_dag_decorator.py
[2023-10-20T04:19:27.639+0000] {processor.py:743} INFO - Processing file /home/airflow/.local/lib/python3.7/site-packages/airflow/example_dags/example_dag_decorator.py for tasks to queue
[2023-10-20T04:19:27.639+0000] {logging_mixin.py:137} INFO - [2023-10-20T04:19:27.639+0000] {dagbag.py:538} INFO - Filling up the DagBag from /home/airflow/.local/lib/python3.7/site-packages/airflow/example_dags/example_dag_decorator.py
[2023-10-20T04:19:27.649+0000] {logging_mixin.py:137} INFO - [2023-10-20T04:19:27.649+0000] {taskmixin.py:205} WARNING - Dependency <Task(_PythonDecoratedOperator): prepare_email>, send_email already registered for DAG: example_dag_decorator
[2023-10-20T04:19:27.649+0000] {logging_mixin.py:137} INFO - [2023-10-20T04:19:27.649+0000] {taskmixin.py:205} WARNING - Dependency <Task(EmailOperator): send_email>, prepare_email already registered for DAG: example_dag_decorator
[2023-10-20T04:19:27.656+0000] {processor.py:753} INFO - DAG(s) dict_keys(['example_dag_decorator']) retrieved from /home/airflow/.local/lib/python3.7/site-packages/airflow/example_dags/example_dag_decorator.py
[2023-10-20T04:19:27.688+0000] {logging_mixin.py:137} INFO - [2023-10-20T04:19:27.688+0000] {dag.py:2690} INFO - Sync 1 DAGs
[2023-10-20T04:19:27.700+0000] {logging_mixin.py:137} INFO - [2023-10-20T04:19:27.700+0000] {dag.py:3441} INFO - Setting next_dagrun for example_dag_decorator to None, run_after=None
[2023-10-20T04:19:27.710+0000] {processor.py:175} INFO - Processing /home/airflow/.local/lib/python3.7/site-packages/airflow/example_dags/example_dag_decorator.py took 0.074 seconds
[2023-10-20T05:08:16.443+0000] {processor.py:153} INFO - Started process (PID=74251) to work on /home/airflow/.local/lib/python3.7/site-packages/airflow/example_dags/example_dag_decorator.py
[2023-10-20T05:08:16.444+0000] {processor.py:743} INFO - Processing file /home/airflow/.local/lib/python3.7/site-packages/airflow/example_dags/example_dag_decorator.py for tasks to queue
[2023-10-20T05:08:16.445+0000] {logging_mixin.py:137} INFO - [2023-10-20T05:08:16.445+0000] {dagbag.py:538} INFO - Filling up the DagBag from /home/airflow/.local/lib/python3.7/site-packages/airflow/example_dags/example_dag_decorator.py
[2023-10-20T05:08:16.457+0000] {logging_mixin.py:137} INFO - [2023-10-20T05:08:16.457+0000] {taskmixin.py:205} WARNING - Dependency <Task(_PythonDecoratedOperator): prepare_email>, send_email already registered for DAG: example_dag_decorator
[2023-10-20T05:08:16.459+0000] {logging_mixin.py:137} INFO - [2023-10-20T05:08:16.458+0000] {taskmixin.py:205} WARNING - Dependency <Task(EmailOperator): send_email>, prepare_email already registered for DAG: example_dag_decorator
[2023-10-20T05:08:16.471+0000] {processor.py:753} INFO - DAG(s) dict_keys(['example_dag_decorator']) retrieved from /home/airflow/.local/lib/python3.7/site-packages/airflow/example_dags/example_dag_decorator.py
[2023-10-20T05:08:16.524+0000] {logging_mixin.py:137} INFO - [2023-10-20T05:08:16.524+0000] {dag.py:2690} INFO - Sync 1 DAGs
[2023-10-20T05:08:16.539+0000] {logging_mixin.py:137} INFO - [2023-10-20T05:08:16.539+0000] {dag.py:3441} INFO - Setting next_dagrun for example_dag_decorator to None, run_after=None
[2023-10-20T05:08:16.556+0000] {processor.py:175} INFO - Processing /home/airflow/.local/lib/python3.7/site-packages/airflow/example_dags/example_dag_decorator.py took 0.123 seconds
[2023-10-20T06:18:02.216+0000] {processor.py:153} INFO - Started process (PID=74345) to work on /home/airflow/.local/lib/python3.7/site-packages/airflow/example_dags/example_dag_decorator.py
[2023-10-20T06:18:02.217+0000] {processor.py:743} INFO - Processing file /home/airflow/.local/lib/python3.7/site-packages/airflow/example_dags/example_dag_decorator.py for tasks to queue
[2023-10-20T06:18:02.217+0000] {logging_mixin.py:137} INFO - [2023-10-20T06:18:02.217+0000] {dagbag.py:538} INFO - Filling up the DagBag from /home/airflow/.local/lib/python3.7/site-packages/airflow/example_dags/example_dag_decorator.py
[2023-10-20T06:18:02.226+0000] {logging_mixin.py:137} INFO - [2023-10-20T06:18:02.226+0000] {taskmixin.py:205} WARNING - Dependency <Task(_PythonDecoratedOperator): prepare_email>, send_email already registered for DAG: example_dag_decorator
[2023-10-20T06:18:02.226+0000] {logging_mixin.py:137} INFO - [2023-10-20T06:18:02.226+0000] {taskmixin.py:205} WARNING - Dependency <Task(EmailOperator): send_email>, prepare_email already registered for DAG: example_dag_decorator
[2023-10-20T06:18:02.233+0000] {processor.py:753} INFO - DAG(s) dict_keys(['example_dag_decorator']) retrieved from /home/airflow/.local/lib/python3.7/site-packages/airflow/example_dags/example_dag_decorator.py
[2023-10-20T06:18:02.264+0000] {logging_mixin.py:137} INFO - [2023-10-20T06:18:02.264+0000] {dag.py:2690} INFO - Sync 1 DAGs
[2023-10-20T06:18:02.275+0000] {logging_mixin.py:137} INFO - [2023-10-20T06:18:02.275+0000] {dag.py:3441} INFO - Setting next_dagrun for example_dag_decorator to None, run_after=None
[2023-10-20T06:18:02.284+0000] {processor.py:175} INFO - Processing /home/airflow/.local/lib/python3.7/site-packages/airflow/example_dags/example_dag_decorator.py took 0.070 seconds
[2023-10-20T07:44:02.583+0000] {processor.py:153} INFO - Started process (PID=74440) to work on /home/airflow/.local/lib/python3.7/site-packages/airflow/example_dags/example_dag_decorator.py
[2023-10-20T07:44:02.583+0000] {processor.py:743} INFO - Processing file /home/airflow/.local/lib/python3.7/site-packages/airflow/example_dags/example_dag_decorator.py for tasks to queue
[2023-10-20T07:44:02.583+0000] {logging_mixin.py:137} INFO - [2023-10-20T07:44:02.583+0000] {dagbag.py:538} INFO - Filling up the DagBag from /home/airflow/.local/lib/python3.7/site-packages/airflow/example_dags/example_dag_decorator.py
[2023-10-20T07:44:02.592+0000] {logging_mixin.py:137} INFO - [2023-10-20T07:44:02.592+0000] {taskmixin.py:205} WARNING - Dependency <Task(_PythonDecoratedOperator): prepare_email>, send_email already registered for DAG: example_dag_decorator
[2023-10-20T07:44:02.593+0000] {logging_mixin.py:137} INFO - [2023-10-20T07:44:02.593+0000] {taskmixin.py:205} WARNING - Dependency <Task(EmailOperator): send_email>, prepare_email already registered for DAG: example_dag_decorator
[2023-10-20T07:44:02.599+0000] {processor.py:753} INFO - DAG(s) dict_keys(['example_dag_decorator']) retrieved from /home/airflow/.local/lib/python3.7/site-packages/airflow/example_dags/example_dag_decorator.py
[2023-10-20T07:44:02.630+0000] {logging_mixin.py:137} INFO - [2023-10-20T07:44:02.630+0000] {dag.py:2690} INFO - Sync 1 DAGs
[2023-10-20T07:44:02.640+0000] {logging_mixin.py:137} INFO - [2023-10-20T07:44:02.640+0000] {dag.py:3441} INFO - Setting next_dagrun for example_dag_decorator to None, run_after=None
[2023-10-20T07:44:02.648+0000] {processor.py:175} INFO - Processing /home/airflow/.local/lib/python3.7/site-packages/airflow/example_dags/example_dag_decorator.py took 0.067 seconds
[2023-10-20T09:05:41.641+0000] {processor.py:153} INFO - Started process (PID=74516) to work on /home/airflow/.local/lib/python3.7/site-packages/airflow/example_dags/example_dag_decorator.py
[2023-10-20T09:05:41.641+0000] {processor.py:743} INFO - Processing file /home/airflow/.local/lib/python3.7/site-packages/airflow/example_dags/example_dag_decorator.py for tasks to queue
[2023-10-20T09:05:41.642+0000] {logging_mixin.py:137} INFO - [2023-10-20T09:05:41.642+0000] {dagbag.py:538} INFO - Filling up the DagBag from /home/airflow/.local/lib/python3.7/site-packages/airflow/example_dags/example_dag_decorator.py
[2023-10-20T09:05:41.651+0000] {logging_mixin.py:137} INFO - [2023-10-20T09:05:41.650+0000] {taskmixin.py:205} WARNING - Dependency <Task(_PythonDecoratedOperator): prepare_email>, send_email already registered for DAG: example_dag_decorator
[2023-10-20T09:05:41.651+0000] {logging_mixin.py:137} INFO - [2023-10-20T09:05:41.651+0000] {taskmixin.py:205} WARNING - Dependency <Task(EmailOperator): send_email>, prepare_email already registered for DAG: example_dag_decorator
[2023-10-20T09:05:41.658+0000] {processor.py:753} INFO - DAG(s) dict_keys(['example_dag_decorator']) retrieved from /home/airflow/.local/lib/python3.7/site-packages/airflow/example_dags/example_dag_decorator.py
[2023-10-20T09:05:41.689+0000] {logging_mixin.py:137} INFO - [2023-10-20T09:05:41.689+0000] {dag.py:2690} INFO - Sync 1 DAGs
[2023-10-20T09:05:41.699+0000] {logging_mixin.py:137} INFO - [2023-10-20T09:05:41.699+0000] {dag.py:3441} INFO - Setting next_dagrun for example_dag_decorator to None, run_after=None
[2023-10-20T09:05:41.709+0000] {processor.py:175} INFO - Processing /home/airflow/.local/lib/python3.7/site-packages/airflow/example_dags/example_dag_decorator.py took 0.070 seconds
[2023-10-20T10:31:10.471+0000] {processor.py:153} INFO - Started process (PID=74610) to work on /home/airflow/.local/lib/python3.7/site-packages/airflow/example_dags/example_dag_decorator.py
[2023-10-20T10:31:10.471+0000] {processor.py:743} INFO - Processing file /home/airflow/.local/lib/python3.7/site-packages/airflow/example_dags/example_dag_decorator.py for tasks to queue
[2023-10-20T10:31:10.472+0000] {logging_mixin.py:137} INFO - [2023-10-20T10:31:10.472+0000] {dagbag.py:538} INFO - Filling up the DagBag from /home/airflow/.local/lib/python3.7/site-packages/airflow/example_dags/example_dag_decorator.py
[2023-10-20T10:31:10.481+0000] {logging_mixin.py:137} INFO - [2023-10-20T10:31:10.481+0000] {taskmixin.py:205} WARNING - Dependency <Task(_PythonDecoratedOperator): prepare_email>, send_email already registered for DAG: example_dag_decorator
[2023-10-20T10:31:10.481+0000] {logging_mixin.py:137} INFO - [2023-10-20T10:31:10.481+0000] {taskmixin.py:205} WARNING - Dependency <Task(EmailOperator): send_email>, prepare_email already registered for DAG: example_dag_decorator
[2023-10-20T10:31:10.488+0000] {processor.py:753} INFO - DAG(s) dict_keys(['example_dag_decorator']) retrieved from /home/airflow/.local/lib/python3.7/site-packages/airflow/example_dags/example_dag_decorator.py
[2023-10-20T10:31:10.521+0000] {logging_mixin.py:137} INFO - [2023-10-20T10:31:10.521+0000] {dag.py:2690} INFO - Sync 1 DAGs
[2023-10-20T10:31:10.532+0000] {logging_mixin.py:137} INFO - [2023-10-20T10:31:10.532+0000] {dag.py:3441} INFO - Setting next_dagrun for example_dag_decorator to None, run_after=None
[2023-10-20T10:31:10.541+0000] {processor.py:175} INFO - Processing /home/airflow/.local/lib/python3.7/site-packages/airflow/example_dags/example_dag_decorator.py took 0.072 seconds
[2023-10-20T11:57:01.392+0000] {processor.py:153} INFO - Started process (PID=74704) to work on /home/airflow/.local/lib/python3.7/site-packages/airflow/example_dags/example_dag_decorator.py
[2023-10-20T11:57:01.393+0000] {processor.py:743} INFO - Processing file /home/airflow/.local/lib/python3.7/site-packages/airflow/example_dags/example_dag_decorator.py for tasks to queue
[2023-10-20T11:57:01.393+0000] {logging_mixin.py:137} INFO - [2023-10-20T11:57:01.393+0000] {dagbag.py:538} INFO - Filling up the DagBag from /home/airflow/.local/lib/python3.7/site-packages/airflow/example_dags/example_dag_decorator.py
[2023-10-20T11:57:01.402+0000] {logging_mixin.py:137} INFO - [2023-10-20T11:57:01.402+0000] {taskmixin.py:205} WARNING - Dependency <Task(_PythonDecoratedOperator): prepare_email>, send_email already registered for DAG: example_dag_decorator
[2023-10-20T11:57:01.402+0000] {logging_mixin.py:137} INFO - [2023-10-20T11:57:01.402+0000] {taskmixin.py:205} WARNING - Dependency <Task(EmailOperator): send_email>, prepare_email already registered for DAG: example_dag_decorator
[2023-10-20T11:57:01.409+0000] {processor.py:753} INFO - DAG(s) dict_keys(['example_dag_decorator']) retrieved from /home/airflow/.local/lib/python3.7/site-packages/airflow/example_dags/example_dag_decorator.py
[2023-10-20T11:57:01.440+0000] {logging_mixin.py:137} INFO - [2023-10-20T11:57:01.440+0000] {dag.py:2690} INFO - Sync 1 DAGs
[2023-10-20T11:57:01.451+0000] {logging_mixin.py:137} INFO - [2023-10-20T11:57:01.451+0000] {dag.py:3441} INFO - Setting next_dagrun for example_dag_decorator to None, run_after=None
[2023-10-20T11:57:01.459+0000] {processor.py:175} INFO - Processing /home/airflow/.local/lib/python3.7/site-packages/airflow/example_dags/example_dag_decorator.py took 0.069 seconds
[2023-10-20T13:09:22.233+0000] {processor.py:153} INFO - Started process (PID=74780) to work on /home/airflow/.local/lib/python3.7/site-packages/airflow/example_dags/example_dag_decorator.py
[2023-10-20T13:09:22.233+0000] {processor.py:743} INFO - Processing file /home/airflow/.local/lib/python3.7/site-packages/airflow/example_dags/example_dag_decorator.py for tasks to queue
[2023-10-20T13:09:22.233+0000] {logging_mixin.py:137} INFO - [2023-10-20T13:09:22.233+0000] {dagbag.py:538} INFO - Filling up the DagBag from /home/airflow/.local/lib/python3.7/site-packages/airflow/example_dags/example_dag_decorator.py
[2023-10-20T13:09:22.242+0000] {logging_mixin.py:137} INFO - [2023-10-20T13:09:22.242+0000] {taskmixin.py:205} WARNING - Dependency <Task(_PythonDecoratedOperator): prepare_email>, send_email already registered for DAG: example_dag_decorator
[2023-10-20T13:09:22.243+0000] {logging_mixin.py:137} INFO - [2023-10-20T13:09:22.243+0000] {taskmixin.py:205} WARNING - Dependency <Task(EmailOperator): send_email>, prepare_email already registered for DAG: example_dag_decorator
[2023-10-20T13:09:22.250+0000] {processor.py:753} INFO - DAG(s) dict_keys(['example_dag_decorator']) retrieved from /home/airflow/.local/lib/python3.7/site-packages/airflow/example_dags/example_dag_decorator.py
[2023-10-20T13:09:22.283+0000] {logging_mixin.py:137} INFO - [2023-10-20T13:09:22.283+0000] {dag.py:2690} INFO - Sync 1 DAGs
[2023-10-20T13:09:22.294+0000] {logging_mixin.py:137} INFO - [2023-10-20T13:09:22.294+0000] {dag.py:3441} INFO - Setting next_dagrun for example_dag_decorator to None, run_after=None
[2023-10-20T13:09:22.306+0000] {processor.py:175} INFO - Processing /home/airflow/.local/lib/python3.7/site-packages/airflow/example_dags/example_dag_decorator.py took 0.075 seconds
[2023-10-20T13:09:52.987+0000] {processor.py:153} INFO - Started process (PID=74873) to work on /home/airflow/.local/lib/python3.7/site-packages/airflow/example_dags/example_dag_decorator.py
[2023-10-20T13:09:52.987+0000] {processor.py:743} INFO - Processing file /home/airflow/.local/lib/python3.7/site-packages/airflow/example_dags/example_dag_decorator.py for tasks to queue
[2023-10-20T13:09:52.988+0000] {logging_mixin.py:137} INFO - [2023-10-20T13:09:52.988+0000] {dagbag.py:538} INFO - Filling up the DagBag from /home/airflow/.local/lib/python3.7/site-packages/airflow/example_dags/example_dag_decorator.py
[2023-10-20T13:09:52.997+0000] {logging_mixin.py:137} INFO - [2023-10-20T13:09:52.997+0000] {taskmixin.py:205} WARNING - Dependency <Task(_PythonDecoratedOperator): prepare_email>, send_email already registered for DAG: example_dag_decorator
[2023-10-20T13:09:52.998+0000] {logging_mixin.py:137} INFO - [2023-10-20T13:09:52.998+0000] {taskmixin.py:205} WARNING - Dependency <Task(EmailOperator): send_email>, prepare_email already registered for DAG: example_dag_decorator
[2023-10-20T13:09:53.005+0000] {processor.py:753} INFO - DAG(s) dict_keys(['example_dag_decorator']) retrieved from /home/airflow/.local/lib/python3.7/site-packages/airflow/example_dags/example_dag_decorator.py
[2023-10-20T13:09:53.038+0000] {logging_mixin.py:137} INFO - [2023-10-20T13:09:53.038+0000] {dag.py:2690} INFO - Sync 1 DAGs
[2023-10-20T13:09:53.049+0000] {logging_mixin.py:137} INFO - [2023-10-20T13:09:53.048+0000] {dag.py:3441} INFO - Setting next_dagrun for example_dag_decorator to None, run_after=None
[2023-10-20T13:09:53.057+0000] {processor.py:175} INFO - Processing /home/airflow/.local/lib/python3.7/site-packages/airflow/example_dags/example_dag_decorator.py took 0.072 seconds
[2023-10-20T13:10:23.747+0000] {processor.py:153} INFO - Started process (PID=74967) to work on /home/airflow/.local/lib/python3.7/site-packages/airflow/example_dags/example_dag_decorator.py
[2023-10-20T13:10:23.748+0000] {processor.py:743} INFO - Processing file /home/airflow/.local/lib/python3.7/site-packages/airflow/example_dags/example_dag_decorator.py for tasks to queue
[2023-10-20T13:10:23.748+0000] {logging_mixin.py:137} INFO - [2023-10-20T13:10:23.748+0000] {dagbag.py:538} INFO - Filling up the DagBag from /home/airflow/.local/lib/python3.7/site-packages/airflow/example_dags/example_dag_decorator.py
[2023-10-20T13:10:23.757+0000] {logging_mixin.py:137} INFO - [2023-10-20T13:10:23.757+0000] {taskmixin.py:205} WARNING - Dependency <Task(_PythonDecoratedOperator): prepare_email>, send_email already registered for DAG: example_dag_decorator
[2023-10-20T13:10:23.757+0000] {logging_mixin.py:137} INFO - [2023-10-20T13:10:23.757+0000] {taskmixin.py:205} WARNING - Dependency <Task(EmailOperator): send_email>, prepare_email already registered for DAG: example_dag_decorator
[2023-10-20T13:10:23.764+0000] {processor.py:753} INFO - DAG(s) dict_keys(['example_dag_decorator']) retrieved from /home/airflow/.local/lib/python3.7/site-packages/airflow/example_dags/example_dag_decorator.py
[2023-10-20T13:10:23.796+0000] {logging_mixin.py:137} INFO - [2023-10-20T13:10:23.796+0000] {dag.py:2690} INFO - Sync 1 DAGs
[2023-10-20T13:10:23.806+0000] {logging_mixin.py:137} INFO - [2023-10-20T13:10:23.806+0000] {dag.py:3441} INFO - Setting next_dagrun for example_dag_decorator to None, run_after=None
[2023-10-20T13:10:23.815+0000] {processor.py:175} INFO - Processing /home/airflow/.local/lib/python3.7/site-packages/airflow/example_dags/example_dag_decorator.py took 0.070 seconds
[2023-10-20T13:10:54.468+0000] {processor.py:153} INFO - Started process (PID=75061) to work on /home/airflow/.local/lib/python3.7/site-packages/airflow/example_dags/example_dag_decorator.py
[2023-10-20T13:10:54.468+0000] {processor.py:743} INFO - Processing file /home/airflow/.local/lib/python3.7/site-packages/airflow/example_dags/example_dag_decorator.py for tasks to queue
[2023-10-20T13:10:54.469+0000] {logging_mixin.py:137} INFO - [2023-10-20T13:10:54.469+0000] {dagbag.py:538} INFO - Filling up the DagBag from /home/airflow/.local/lib/python3.7/site-packages/airflow/example_dags/example_dag_decorator.py
[2023-10-20T13:10:54.477+0000] {logging_mixin.py:137} INFO - [2023-10-20T13:10:54.477+0000] {taskmixin.py:205} WARNING - Dependency <Task(_PythonDecoratedOperator): prepare_email>, send_email already registered for DAG: example_dag_decorator
[2023-10-20T13:10:54.478+0000] {logging_mixin.py:137} INFO - [2023-10-20T13:10:54.478+0000] {taskmixin.py:205} WARNING - Dependency <Task(EmailOperator): send_email>, prepare_email already registered for DAG: example_dag_decorator
[2023-10-20T13:10:54.484+0000] {processor.py:753} INFO - DAG(s) dict_keys(['example_dag_decorator']) retrieved from /home/airflow/.local/lib/python3.7/site-packages/airflow/example_dags/example_dag_decorator.py
[2023-10-20T13:10:54.515+0000] {logging_mixin.py:137} INFO - [2023-10-20T13:10:54.515+0000] {dag.py:2690} INFO - Sync 1 DAGs
[2023-10-20T13:10:54.525+0000] {logging_mixin.py:137} INFO - [2023-10-20T13:10:54.525+0000] {dag.py:3441} INFO - Setting next_dagrun for example_dag_decorator to None, run_after=None
[2023-10-20T13:10:54.534+0000] {processor.py:175} INFO - Processing /home/airflow/.local/lib/python3.7/site-packages/airflow/example_dags/example_dag_decorator.py took 0.068 seconds
[2023-10-20T13:11:25.040+0000] {processor.py:153} INFO - Started process (PID=75137) to work on /home/airflow/.local/lib/python3.7/site-packages/airflow/example_dags/example_dag_decorator.py
[2023-10-20T13:11:25.040+0000] {processor.py:743} INFO - Processing file /home/airflow/.local/lib/python3.7/site-packages/airflow/example_dags/example_dag_decorator.py for tasks to queue
[2023-10-20T13:11:25.041+0000] {logging_mixin.py:137} INFO - [2023-10-20T13:11:25.041+0000] {dagbag.py:538} INFO - Filling up the DagBag from /home/airflow/.local/lib/python3.7/site-packages/airflow/example_dags/example_dag_decorator.py
[2023-10-20T13:11:25.050+0000] {logging_mixin.py:137} INFO - [2023-10-20T13:11:25.050+0000] {taskmixin.py:205} WARNING - Dependency <Task(_PythonDecoratedOperator): prepare_email>, send_email already registered for DAG: example_dag_decorator
[2023-10-20T13:11:25.050+0000] {logging_mixin.py:137} INFO - [2023-10-20T13:11:25.050+0000] {taskmixin.py:205} WARNING - Dependency <Task(EmailOperator): send_email>, prepare_email already registered for DAG: example_dag_decorator
[2023-10-20T13:11:25.057+0000] {processor.py:753} INFO - DAG(s) dict_keys(['example_dag_decorator']) retrieved from /home/airflow/.local/lib/python3.7/site-packages/airflow/example_dags/example_dag_decorator.py
[2023-10-20T13:11:25.088+0000] {logging_mixin.py:137} INFO - [2023-10-20T13:11:25.088+0000] {dag.py:2690} INFO - Sync 1 DAGs
[2023-10-20T13:11:25.098+0000] {logging_mixin.py:137} INFO - [2023-10-20T13:11:25.098+0000] {dag.py:3441} INFO - Setting next_dagrun for example_dag_decorator to None, run_after=None
[2023-10-20T13:11:25.107+0000] {processor.py:175} INFO - Processing /home/airflow/.local/lib/python3.7/site-packages/airflow/example_dags/example_dag_decorator.py took 0.069 seconds
[2023-10-20T13:11:55.754+0000] {processor.py:153} INFO - Started process (PID=75231) to work on /home/airflow/.local/lib/python3.7/site-packages/airflow/example_dags/example_dag_decorator.py
[2023-10-20T13:11:55.754+0000] {processor.py:743} INFO - Processing file /home/airflow/.local/lib/python3.7/site-packages/airflow/example_dags/example_dag_decorator.py for tasks to queue
[2023-10-20T13:11:55.755+0000] {logging_mixin.py:137} INFO - [2023-10-20T13:11:55.755+0000] {dagbag.py:538} INFO - Filling up the DagBag from /home/airflow/.local/lib/python3.7/site-packages/airflow/example_dags/example_dag_decorator.py
[2023-10-20T13:11:55.764+0000] {logging_mixin.py:137} INFO - [2023-10-20T13:11:55.764+0000] {taskmixin.py:205} WARNING - Dependency <Task(_PythonDecoratedOperator): prepare_email>, send_email already registered for DAG: example_dag_decorator
[2023-10-20T13:11:55.764+0000] {logging_mixin.py:137} INFO - [2023-10-20T13:11:55.764+0000] {taskmixin.py:205} WARNING - Dependency <Task(EmailOperator): send_email>, prepare_email already registered for DAG: example_dag_decorator
[2023-10-20T13:11:55.771+0000] {processor.py:753} INFO - DAG(s) dict_keys(['example_dag_decorator']) retrieved from /home/airflow/.local/lib/python3.7/site-packages/airflow/example_dags/example_dag_decorator.py
[2023-10-20T13:11:55.801+0000] {logging_mixin.py:137} INFO - [2023-10-20T13:11:55.801+0000] {dag.py:2690} INFO - Sync 1 DAGs
[2023-10-20T13:11:55.812+0000] {logging_mixin.py:137} INFO - [2023-10-20T13:11:55.812+0000] {dag.py:3441} INFO - Setting next_dagrun for example_dag_decorator to None, run_after=None
[2023-10-20T13:11:55.821+0000] {processor.py:175} INFO - Processing /home/airflow/.local/lib/python3.7/site-packages/airflow/example_dags/example_dag_decorator.py took 0.069 seconds
[2023-10-20T13:12:26.385+0000] {processor.py:153} INFO - Started process (PID=75325) to work on /home/airflow/.local/lib/python3.7/site-packages/airflow/example_dags/example_dag_decorator.py
[2023-10-20T13:12:26.386+0000] {processor.py:743} INFO - Processing file /home/airflow/.local/lib/python3.7/site-packages/airflow/example_dags/example_dag_decorator.py for tasks to queue
[2023-10-20T13:12:26.386+0000] {logging_mixin.py:137} INFO - [2023-10-20T13:12:26.386+0000] {dagbag.py:538} INFO - Filling up the DagBag from /home/airflow/.local/lib/python3.7/site-packages/airflow/example_dags/example_dag_decorator.py
[2023-10-20T13:12:26.395+0000] {logging_mixin.py:137} INFO - [2023-10-20T13:12:26.395+0000] {taskmixin.py:205} WARNING - Dependency <Task(_PythonDecoratedOperator): prepare_email>, send_email already registered for DAG: example_dag_decorator
[2023-10-20T13:12:26.395+0000] {logging_mixin.py:137} INFO - [2023-10-20T13:12:26.395+0000] {taskmixin.py:205} WARNING - Dependency <Task(EmailOperator): send_email>, prepare_email already registered for DAG: example_dag_decorator
[2023-10-20T13:12:26.402+0000] {processor.py:753} INFO - DAG(s) dict_keys(['example_dag_decorator']) retrieved from /home/airflow/.local/lib/python3.7/site-packages/airflow/example_dags/example_dag_decorator.py
[2023-10-20T13:12:26.433+0000] {logging_mixin.py:137} INFO - [2023-10-20T13:12:26.433+0000] {dag.py:2690} INFO - Sync 1 DAGs
[2023-10-20T13:12:26.443+0000] {logging_mixin.py:137} INFO - [2023-10-20T13:12:26.443+0000] {dag.py:3441} INFO - Setting next_dagrun for example_dag_decorator to None, run_after=None
[2023-10-20T13:12:26.452+0000] {processor.py:175} INFO - Processing /home/airflow/.local/lib/python3.7/site-packages/airflow/example_dags/example_dag_decorator.py took 0.069 seconds
[2023-10-20T13:12:56.994+0000] {processor.py:153} INFO - Started process (PID=75419) to work on /home/airflow/.local/lib/python3.7/site-packages/airflow/example_dags/example_dag_decorator.py
[2023-10-20T13:12:56.995+0000] {processor.py:743} INFO - Processing file /home/airflow/.local/lib/python3.7/site-packages/airflow/example_dags/example_dag_decorator.py for tasks to queue
[2023-10-20T13:12:56.995+0000] {logging_mixin.py:137} INFO - [2023-10-20T13:12:56.995+0000] {dagbag.py:538} INFO - Filling up the DagBag from /home/airflow/.local/lib/python3.7/site-packages/airflow/example_dags/example_dag_decorator.py
[2023-10-20T13:12:57.005+0000] {logging_mixin.py:137} INFO - [2023-10-20T13:12:57.005+0000] {taskmixin.py:205} WARNING - Dependency <Task(_PythonDecoratedOperator): prepare_email>, send_email already registered for DAG: example_dag_decorator
[2023-10-20T13:12:57.005+0000] {logging_mixin.py:137} INFO - [2023-10-20T13:12:57.005+0000] {taskmixin.py:205} WARNING - Dependency <Task(EmailOperator): send_email>, prepare_email already registered for DAG: example_dag_decorator
[2023-10-20T13:12:57.013+0000] {processor.py:753} INFO - DAG(s) dict_keys(['example_dag_decorator']) retrieved from /home/airflow/.local/lib/python3.7/site-packages/airflow/example_dags/example_dag_decorator.py
[2023-10-20T13:12:57.044+0000] {logging_mixin.py:137} INFO - [2023-10-20T13:12:57.044+0000] {dag.py:2690} INFO - Sync 1 DAGs
[2023-10-20T13:12:57.055+0000] {logging_mixin.py:137} INFO - [2023-10-20T13:12:57.055+0000] {dag.py:3441} INFO - Setting next_dagrun for example_dag_decorator to None, run_after=None
[2023-10-20T13:12:57.065+0000] {processor.py:175} INFO - Processing /home/airflow/.local/lib/python3.7/site-packages/airflow/example_dags/example_dag_decorator.py took 0.073 seconds
[2023-10-20T13:13:27.618+0000] {processor.py:153} INFO - Started process (PID=75495) to work on /home/airflow/.local/lib/python3.7/site-packages/airflow/example_dags/example_dag_decorator.py
[2023-10-20T13:13:27.619+0000] {processor.py:743} INFO - Processing file /home/airflow/.local/lib/python3.7/site-packages/airflow/example_dags/example_dag_decorator.py for tasks to queue
[2023-10-20T13:13:27.619+0000] {logging_mixin.py:137} INFO - [2023-10-20T13:13:27.619+0000] {dagbag.py:538} INFO - Filling up the DagBag from /home/airflow/.local/lib/python3.7/site-packages/airflow/example_dags/example_dag_decorator.py
[2023-10-20T13:13:27.628+0000] {logging_mixin.py:137} INFO - [2023-10-20T13:13:27.628+0000] {taskmixin.py:205} WARNING - Dependency <Task(_PythonDecoratedOperator): prepare_email>, send_email already registered for DAG: example_dag_decorator
[2023-10-20T13:13:27.628+0000] {logging_mixin.py:137} INFO - [2023-10-20T13:13:27.628+0000] {taskmixin.py:205} WARNING - Dependency <Task(EmailOperator): send_email>, prepare_email already registered for DAG: example_dag_decorator
[2023-10-20T13:13:27.635+0000] {processor.py:753} INFO - DAG(s) dict_keys(['example_dag_decorator']) retrieved from /home/airflow/.local/lib/python3.7/site-packages/airflow/example_dags/example_dag_decorator.py
[2023-10-20T13:13:27.667+0000] {logging_mixin.py:137} INFO - [2023-10-20T13:13:27.667+0000] {dag.py:2690} INFO - Sync 1 DAGs
[2023-10-20T13:13:27.679+0000] {logging_mixin.py:137} INFO - [2023-10-20T13:13:27.679+0000] {dag.py:3441} INFO - Setting next_dagrun for example_dag_decorator to None, run_after=None
[2023-10-20T13:13:27.687+0000] {processor.py:175} INFO - Processing /home/airflow/.local/lib/python3.7/site-packages/airflow/example_dags/example_dag_decorator.py took 0.071 seconds
[2023-10-20T13:13:58.261+0000] {processor.py:153} INFO - Started process (PID=75589) to work on /home/airflow/.local/lib/python3.7/site-packages/airflow/example_dags/example_dag_decorator.py
[2023-10-20T13:13:58.261+0000] {processor.py:743} INFO - Processing file /home/airflow/.local/lib/python3.7/site-packages/airflow/example_dags/example_dag_decorator.py for tasks to queue
[2023-10-20T13:13:58.262+0000] {logging_mixin.py:137} INFO - [2023-10-20T13:13:58.262+0000] {dagbag.py:538} INFO - Filling up the DagBag from /home/airflow/.local/lib/python3.7/site-packages/airflow/example_dags/example_dag_decorator.py
[2023-10-20T13:13:58.271+0000] {logging_mixin.py:137} INFO - [2023-10-20T13:13:58.271+0000] {taskmixin.py:205} WARNING - Dependency <Task(_PythonDecoratedOperator): prepare_email>, send_email already registered for DAG: example_dag_decorator
[2023-10-20T13:13:58.272+0000] {logging_mixin.py:137} INFO - [2023-10-20T13:13:58.272+0000] {taskmixin.py:205} WARNING - Dependency <Task(EmailOperator): send_email>, prepare_email already registered for DAG: example_dag_decorator
[2023-10-20T13:13:58.278+0000] {processor.py:753} INFO - DAG(s) dict_keys(['example_dag_decorator']) retrieved from /home/airflow/.local/lib/python3.7/site-packages/airflow/example_dags/example_dag_decorator.py
[2023-10-20T13:13:58.310+0000] {logging_mixin.py:137} INFO - [2023-10-20T13:13:58.310+0000] {dag.py:2690} INFO - Sync 1 DAGs
[2023-10-20T13:13:58.320+0000] {logging_mixin.py:137} INFO - [2023-10-20T13:13:58.320+0000] {dag.py:3441} INFO - Setting next_dagrun for example_dag_decorator to None, run_after=None
[2023-10-20T13:13:58.329+0000] {processor.py:175} INFO - Processing /home/airflow/.local/lib/python3.7/site-packages/airflow/example_dags/example_dag_decorator.py took 0.070 seconds
[2023-10-20T13:14:28.873+0000] {processor.py:153} INFO - Started process (PID=75683) to work on /home/airflow/.local/lib/python3.7/site-packages/airflow/example_dags/example_dag_decorator.py
[2023-10-20T13:14:28.874+0000] {processor.py:743} INFO - Processing file /home/airflow/.local/lib/python3.7/site-packages/airflow/example_dags/example_dag_decorator.py for tasks to queue
[2023-10-20T13:14:28.874+0000] {logging_mixin.py:137} INFO - [2023-10-20T13:14:28.874+0000] {dagbag.py:538} INFO - Filling up the DagBag from /home/airflow/.local/lib/python3.7/site-packages/airflow/example_dags/example_dag_decorator.py
[2023-10-20T13:14:28.883+0000] {logging_mixin.py:137} INFO - [2023-10-20T13:14:28.883+0000] {taskmixin.py:205} WARNING - Dependency <Task(_PythonDecoratedOperator): prepare_email>, send_email already registered for DAG: example_dag_decorator
[2023-10-20T13:14:28.883+0000] {logging_mixin.py:137} INFO - [2023-10-20T13:14:28.883+0000] {taskmixin.py:205} WARNING - Dependency <Task(EmailOperator): send_email>, prepare_email already registered for DAG: example_dag_decorator
[2023-10-20T13:14:28.890+0000] {processor.py:753} INFO - DAG(s) dict_keys(['example_dag_decorator']) retrieved from /home/airflow/.local/lib/python3.7/site-packages/airflow/example_dags/example_dag_decorator.py
[2023-10-20T13:14:28.923+0000] {logging_mixin.py:137} INFO - [2023-10-20T13:14:28.923+0000] {dag.py:2690} INFO - Sync 1 DAGs
[2023-10-20T13:14:28.934+0000] {logging_mixin.py:137} INFO - [2023-10-20T13:14:28.934+0000] {dag.py:3441} INFO - Setting next_dagrun for example_dag_decorator to None, run_after=None
[2023-10-20T13:14:28.943+0000] {processor.py:175} INFO - Processing /home/airflow/.local/lib/python3.7/site-packages/airflow/example_dags/example_dag_decorator.py took 0.071 seconds
[2023-10-20T13:14:59.489+0000] {processor.py:153} INFO - Started process (PID=75768) to work on /home/airflow/.local/lib/python3.7/site-packages/airflow/example_dags/example_dag_decorator.py
[2023-10-20T13:14:59.490+0000] {processor.py:743} INFO - Processing file /home/airflow/.local/lib/python3.7/site-packages/airflow/example_dags/example_dag_decorator.py for tasks to queue
[2023-10-20T13:14:59.491+0000] {logging_mixin.py:137} INFO - [2023-10-20T13:14:59.490+0000] {dagbag.py:538} INFO - Filling up the DagBag from /home/airflow/.local/lib/python3.7/site-packages/airflow/example_dags/example_dag_decorator.py
[2023-10-20T13:14:59.501+0000] {logging_mixin.py:137} INFO - [2023-10-20T13:14:59.501+0000] {taskmixin.py:205} WARNING - Dependency <Task(_PythonDecoratedOperator): prepare_email>, send_email already registered for DAG: example_dag_decorator
[2023-10-20T13:14:59.501+0000] {logging_mixin.py:137} INFO - [2023-10-20T13:14:59.501+0000] {taskmixin.py:205} WARNING - Dependency <Task(EmailOperator): send_email>, prepare_email already registered for DAG: example_dag_decorator
[2023-10-20T13:14:59.508+0000] {processor.py:753} INFO - DAG(s) dict_keys(['example_dag_decorator']) retrieved from /home/airflow/.local/lib/python3.7/site-packages/airflow/example_dags/example_dag_decorator.py
[2023-10-20T13:14:59.540+0000] {logging_mixin.py:137} INFO - [2023-10-20T13:14:59.540+0000] {dag.py:2690} INFO - Sync 1 DAGs
[2023-10-20T13:14:59.551+0000] {logging_mixin.py:137} INFO - [2023-10-20T13:14:59.551+0000] {dag.py:3441} INFO - Setting next_dagrun for example_dag_decorator to None, run_after=None
[2023-10-20T13:14:59.561+0000] {processor.py:175} INFO - Processing /home/airflow/.local/lib/python3.7/site-packages/airflow/example_dags/example_dag_decorator.py took 0.076 seconds
[2023-10-20T13:15:30.315+0000] {processor.py:153} INFO - Started process (PID=75853) to work on /home/airflow/.local/lib/python3.7/site-packages/airflow/example_dags/example_dag_decorator.py
[2023-10-20T13:15:30.316+0000] {processor.py:743} INFO - Processing file /home/airflow/.local/lib/python3.7/site-packages/airflow/example_dags/example_dag_decorator.py for tasks to queue
[2023-10-20T13:15:30.316+0000] {logging_mixin.py:137} INFO - [2023-10-20T13:15:30.316+0000] {dagbag.py:538} INFO - Filling up the DagBag from /home/airflow/.local/lib/python3.7/site-packages/airflow/example_dags/example_dag_decorator.py
[2023-10-20T13:15:30.326+0000] {logging_mixin.py:137} INFO - [2023-10-20T13:15:30.326+0000] {taskmixin.py:205} WARNING - Dependency <Task(_PythonDecoratedOperator): prepare_email>, send_email already registered for DAG: example_dag_decorator
[2023-10-20T13:15:30.326+0000] {logging_mixin.py:137} INFO - [2023-10-20T13:15:30.326+0000] {taskmixin.py:205} WARNING - Dependency <Task(EmailOperator): send_email>, prepare_email already registered for DAG: example_dag_decorator
[2023-10-20T13:15:30.332+0000] {processor.py:753} INFO - DAG(s) dict_keys(['example_dag_decorator']) retrieved from /home/airflow/.local/lib/python3.7/site-packages/airflow/example_dags/example_dag_decorator.py
[2023-10-20T13:15:30.362+0000] {logging_mixin.py:137} INFO - [2023-10-20T13:15:30.362+0000] {dag.py:2690} INFO - Sync 1 DAGs
[2023-10-20T13:15:30.373+0000] {logging_mixin.py:137} INFO - [2023-10-20T13:15:30.373+0000] {dag.py:3441} INFO - Setting next_dagrun for example_dag_decorator to None, run_after=None
[2023-10-20T13:15:30.383+0000] {processor.py:175} INFO - Processing /home/airflow/.local/lib/python3.7/site-packages/airflow/example_dags/example_dag_decorator.py took 0.070 seconds
[2023-10-20T13:16:00.879+0000] {processor.py:153} INFO - Started process (PID=75947) to work on /home/airflow/.local/lib/python3.7/site-packages/airflow/example_dags/example_dag_decorator.py
[2023-10-20T13:16:00.880+0000] {processor.py:743} INFO - Processing file /home/airflow/.local/lib/python3.7/site-packages/airflow/example_dags/example_dag_decorator.py for tasks to queue
[2023-10-20T13:16:00.880+0000] {logging_mixin.py:137} INFO - [2023-10-20T13:16:00.880+0000] {dagbag.py:538} INFO - Filling up the DagBag from /home/airflow/.local/lib/python3.7/site-packages/airflow/example_dags/example_dag_decorator.py
[2023-10-20T13:16:00.889+0000] {logging_mixin.py:137} INFO - [2023-10-20T13:16:00.889+0000] {taskmixin.py:205} WARNING - Dependency <Task(_PythonDecoratedOperator): prepare_email>, send_email already registered for DAG: example_dag_decorator
[2023-10-20T13:16:00.889+0000] {logging_mixin.py:137} INFO - [2023-10-20T13:16:00.889+0000] {taskmixin.py:205} WARNING - Dependency <Task(EmailOperator): send_email>, prepare_email already registered for DAG: example_dag_decorator
[2023-10-20T13:16:00.896+0000] {processor.py:753} INFO - DAG(s) dict_keys(['example_dag_decorator']) retrieved from /home/airflow/.local/lib/python3.7/site-packages/airflow/example_dags/example_dag_decorator.py
[2023-10-20T13:16:00.927+0000] {logging_mixin.py:137} INFO - [2023-10-20T13:16:00.927+0000] {dag.py:2690} INFO - Sync 1 DAGs
[2023-10-20T13:16:00.937+0000] {logging_mixin.py:137} INFO - [2023-10-20T13:16:00.937+0000] {dag.py:3441} INFO - Setting next_dagrun for example_dag_decorator to None, run_after=None
[2023-10-20T13:16:00.946+0000] {processor.py:175} INFO - Processing /home/airflow/.local/lib/python3.7/site-packages/airflow/example_dags/example_dag_decorator.py took 0.069 seconds
[2023-10-20T13:16:31.447+0000] {processor.py:153} INFO - Started process (PID=76041) to work on /home/airflow/.local/lib/python3.7/site-packages/airflow/example_dags/example_dag_decorator.py
[2023-10-20T13:16:31.447+0000] {processor.py:743} INFO - Processing file /home/airflow/.local/lib/python3.7/site-packages/airflow/example_dags/example_dag_decorator.py for tasks to queue
[2023-10-20T13:16:31.448+0000] {logging_mixin.py:137} INFO - [2023-10-20T13:16:31.448+0000] {dagbag.py:538} INFO - Filling up the DagBag from /home/airflow/.local/lib/python3.7/site-packages/airflow/example_dags/example_dag_decorator.py
[2023-10-20T13:16:31.457+0000] {logging_mixin.py:137} INFO - [2023-10-20T13:16:31.457+0000] {taskmixin.py:205} WARNING - Dependency <Task(_PythonDecoratedOperator): prepare_email>, send_email already registered for DAG: example_dag_decorator
[2023-10-20T13:16:31.457+0000] {logging_mixin.py:137} INFO - [2023-10-20T13:16:31.457+0000] {taskmixin.py:205} WARNING - Dependency <Task(EmailOperator): send_email>, prepare_email already registered for DAG: example_dag_decorator
[2023-10-20T13:16:31.464+0000] {processor.py:753} INFO - DAG(s) dict_keys(['example_dag_decorator']) retrieved from /home/airflow/.local/lib/python3.7/site-packages/airflow/example_dags/example_dag_decorator.py
[2023-10-20T13:16:31.495+0000] {logging_mixin.py:137} INFO - [2023-10-20T13:16:31.495+0000] {dag.py:2690} INFO - Sync 1 DAGs
[2023-10-20T13:16:31.506+0000] {logging_mixin.py:137} INFO - [2023-10-20T13:16:31.506+0000] {dag.py:3441} INFO - Setting next_dagrun for example_dag_decorator to None, run_after=None
[2023-10-20T13:16:31.515+0000] {processor.py:175} INFO - Processing /home/airflow/.local/lib/python3.7/site-packages/airflow/example_dags/example_dag_decorator.py took 0.071 seconds
[2023-10-20T13:17:02.015+0000] {processor.py:153} INFO - Started process (PID=76124) to work on /home/airflow/.local/lib/python3.7/site-packages/airflow/example_dags/example_dag_decorator.py
[2023-10-20T13:17:02.015+0000] {processor.py:743} INFO - Processing file /home/airflow/.local/lib/python3.7/site-packages/airflow/example_dags/example_dag_decorator.py for tasks to queue
[2023-10-20T13:17:02.016+0000] {logging_mixin.py:137} INFO - [2023-10-20T13:17:02.016+0000] {dagbag.py:538} INFO - Filling up the DagBag from /home/airflow/.local/lib/python3.7/site-packages/airflow/example_dags/example_dag_decorator.py
[2023-10-20T13:17:02.025+0000] {logging_mixin.py:137} INFO - [2023-10-20T13:17:02.025+0000] {taskmixin.py:205} WARNING - Dependency <Task(_PythonDecoratedOperator): prepare_email>, send_email already registered for DAG: example_dag_decorator
[2023-10-20T13:17:02.025+0000] {logging_mixin.py:137} INFO - [2023-10-20T13:17:02.025+0000] {taskmixin.py:205} WARNING - Dependency <Task(EmailOperator): send_email>, prepare_email already registered for DAG: example_dag_decorator
[2023-10-20T13:17:02.032+0000] {processor.py:753} INFO - DAG(s) dict_keys(['example_dag_decorator']) retrieved from /home/airflow/.local/lib/python3.7/site-packages/airflow/example_dags/example_dag_decorator.py
[2023-10-20T13:17:02.064+0000] {logging_mixin.py:137} INFO - [2023-10-20T13:17:02.064+0000] {dag.py:2690} INFO - Sync 1 DAGs
[2023-10-20T13:17:02.075+0000] {logging_mixin.py:137} INFO - [2023-10-20T13:17:02.075+0000] {dag.py:3441} INFO - Setting next_dagrun for example_dag_decorator to None, run_after=None
[2023-10-20T13:17:02.084+0000] {processor.py:175} INFO - Processing /home/airflow/.local/lib/python3.7/site-packages/airflow/example_dags/example_dag_decorator.py took 0.072 seconds
[2023-10-20T13:17:32.667+0000] {processor.py:153} INFO - Started process (PID=76211) to work on /home/airflow/.local/lib/python3.7/site-packages/airflow/example_dags/example_dag_decorator.py
[2023-10-20T13:17:32.668+0000] {processor.py:743} INFO - Processing file /home/airflow/.local/lib/python3.7/site-packages/airflow/example_dags/example_dag_decorator.py for tasks to queue
[2023-10-20T13:17:32.668+0000] {logging_mixin.py:137} INFO - [2023-10-20T13:17:32.668+0000] {dagbag.py:538} INFO - Filling up the DagBag from /home/airflow/.local/lib/python3.7/site-packages/airflow/example_dags/example_dag_decorator.py
[2023-10-20T13:17:32.678+0000] {logging_mixin.py:137} INFO - [2023-10-20T13:17:32.678+0000] {taskmixin.py:205} WARNING - Dependency <Task(_PythonDecoratedOperator): prepare_email>, send_email already registered for DAG: example_dag_decorator
[2023-10-20T13:17:32.679+0000] {logging_mixin.py:137} INFO - [2023-10-20T13:17:32.679+0000] {taskmixin.py:205} WARNING - Dependency <Task(EmailOperator): send_email>, prepare_email already registered for DAG: example_dag_decorator
[2023-10-20T13:17:32.686+0000] {processor.py:753} INFO - DAG(s) dict_keys(['example_dag_decorator']) retrieved from /home/airflow/.local/lib/python3.7/site-packages/airflow/example_dags/example_dag_decorator.py
[2023-10-20T13:17:32.718+0000] {logging_mixin.py:137} INFO - [2023-10-20T13:17:32.718+0000] {dag.py:2690} INFO - Sync 1 DAGs
[2023-10-20T13:17:32.729+0000] {logging_mixin.py:137} INFO - [2023-10-20T13:17:32.729+0000] {dag.py:3441} INFO - Setting next_dagrun for example_dag_decorator to None, run_after=None
[2023-10-20T13:17:32.738+0000] {processor.py:175} INFO - Processing /home/airflow/.local/lib/python3.7/site-packages/airflow/example_dags/example_dag_decorator.py took 0.073 seconds
[2023-10-20T13:18:03.401+0000] {processor.py:153} INFO - Started process (PID=76305) to work on /home/airflow/.local/lib/python3.7/site-packages/airflow/example_dags/example_dag_decorator.py
[2023-10-20T13:18:03.402+0000] {processor.py:743} INFO - Processing file /home/airflow/.local/lib/python3.7/site-packages/airflow/example_dags/example_dag_decorator.py for tasks to queue
[2023-10-20T13:18:03.402+0000] {logging_mixin.py:137} INFO - [2023-10-20T13:18:03.402+0000] {dagbag.py:538} INFO - Filling up the DagBag from /home/airflow/.local/lib/python3.7/site-packages/airflow/example_dags/example_dag_decorator.py
[2023-10-20T13:18:03.411+0000] {logging_mixin.py:137} INFO - [2023-10-20T13:18:03.411+0000] {taskmixin.py:205} WARNING - Dependency <Task(_PythonDecoratedOperator): prepare_email>, send_email already registered for DAG: example_dag_decorator
[2023-10-20T13:18:03.412+0000] {logging_mixin.py:137} INFO - [2023-10-20T13:18:03.412+0000] {taskmixin.py:205} WARNING - Dependency <Task(EmailOperator): send_email>, prepare_email already registered for DAG: example_dag_decorator
[2023-10-20T13:18:03.419+0000] {processor.py:753} INFO - DAG(s) dict_keys(['example_dag_decorator']) retrieved from /home/airflow/.local/lib/python3.7/site-packages/airflow/example_dags/example_dag_decorator.py
[2023-10-20T13:18:03.451+0000] {logging_mixin.py:137} INFO - [2023-10-20T13:18:03.451+0000] {dag.py:2690} INFO - Sync 1 DAGs
[2023-10-20T13:18:03.462+0000] {logging_mixin.py:137} INFO - [2023-10-20T13:18:03.462+0000] {dag.py:3441} INFO - Setting next_dagrun for example_dag_decorator to None, run_after=None
[2023-10-20T13:18:03.470+0000] {processor.py:175} INFO - Processing /home/airflow/.local/lib/python3.7/site-packages/airflow/example_dags/example_dag_decorator.py took 0.071 seconds
[2023-10-20T13:18:33.980+0000] {processor.py:153} INFO - Started process (PID=76399) to work on /home/airflow/.local/lib/python3.7/site-packages/airflow/example_dags/example_dag_decorator.py
[2023-10-20T13:18:33.981+0000] {processor.py:743} INFO - Processing file /home/airflow/.local/lib/python3.7/site-packages/airflow/example_dags/example_dag_decorator.py for tasks to queue
[2023-10-20T13:18:33.981+0000] {logging_mixin.py:137} INFO - [2023-10-20T13:18:33.981+0000] {dagbag.py:538} INFO - Filling up the DagBag from /home/airflow/.local/lib/python3.7/site-packages/airflow/example_dags/example_dag_decorator.py
[2023-10-20T13:18:33.990+0000] {logging_mixin.py:137} INFO - [2023-10-20T13:18:33.990+0000] {taskmixin.py:205} WARNING - Dependency <Task(_PythonDecoratedOperator): prepare_email>, send_email already registered for DAG: example_dag_decorator
[2023-10-20T13:18:33.990+0000] {logging_mixin.py:137} INFO - [2023-10-20T13:18:33.990+0000] {taskmixin.py:205} WARNING - Dependency <Task(EmailOperator): send_email>, prepare_email already registered for DAG: example_dag_decorator
[2023-10-20T13:18:33.997+0000] {processor.py:753} INFO - DAG(s) dict_keys(['example_dag_decorator']) retrieved from /home/airflow/.local/lib/python3.7/site-packages/airflow/example_dags/example_dag_decorator.py
[2023-10-20T13:18:34.027+0000] {logging_mixin.py:137} INFO - [2023-10-20T13:18:34.027+0000] {dag.py:2690} INFO - Sync 1 DAGs
[2023-10-20T13:18:34.036+0000] {logging_mixin.py:137} INFO - [2023-10-20T13:18:34.036+0000] {dag.py:3441} INFO - Setting next_dagrun for example_dag_decorator to None, run_after=None
[2023-10-20T13:18:34.045+0000] {processor.py:175} INFO - Processing /home/airflow/.local/lib/python3.7/site-packages/airflow/example_dags/example_dag_decorator.py took 0.067 seconds
[2023-10-20T13:19:04.665+0000] {processor.py:153} INFO - Started process (PID=76482) to work on /home/airflow/.local/lib/python3.7/site-packages/airflow/example_dags/example_dag_decorator.py
[2023-10-20T13:19:04.666+0000] {processor.py:743} INFO - Processing file /home/airflow/.local/lib/python3.7/site-packages/airflow/example_dags/example_dag_decorator.py for tasks to queue
[2023-10-20T13:19:04.666+0000] {logging_mixin.py:137} INFO - [2023-10-20T13:19:04.666+0000] {dagbag.py:538} INFO - Filling up the DagBag from /home/airflow/.local/lib/python3.7/site-packages/airflow/example_dags/example_dag_decorator.py
[2023-10-20T13:19:04.676+0000] {logging_mixin.py:137} INFO - [2023-10-20T13:19:04.676+0000] {taskmixin.py:205} WARNING - Dependency <Task(_PythonDecoratedOperator): prepare_email>, send_email already registered for DAG: example_dag_decorator
[2023-10-20T13:19:04.676+0000] {logging_mixin.py:137} INFO - [2023-10-20T13:19:04.676+0000] {taskmixin.py:205} WARNING - Dependency <Task(EmailOperator): send_email>, prepare_email already registered for DAG: example_dag_decorator
[2023-10-20T13:19:04.683+0000] {processor.py:753} INFO - DAG(s) dict_keys(['example_dag_decorator']) retrieved from /home/airflow/.local/lib/python3.7/site-packages/airflow/example_dags/example_dag_decorator.py
[2023-10-20T13:19:04.716+0000] {logging_mixin.py:137} INFO - [2023-10-20T13:19:04.716+0000] {dag.py:2690} INFO - Sync 1 DAGs
[2023-10-20T13:19:04.728+0000] {logging_mixin.py:137} INFO - [2023-10-20T13:19:04.728+0000] {dag.py:3441} INFO - Setting next_dagrun for example_dag_decorator to None, run_after=None
[2023-10-20T13:19:04.738+0000] {processor.py:175} INFO - Processing /home/airflow/.local/lib/python3.7/site-packages/airflow/example_dags/example_dag_decorator.py took 0.074 seconds
[2023-10-20T13:19:35.260+0000] {processor.py:153} INFO - Started process (PID=76569) to work on /home/airflow/.local/lib/python3.7/site-packages/airflow/example_dags/example_dag_decorator.py
[2023-10-20T13:19:35.261+0000] {processor.py:743} INFO - Processing file /home/airflow/.local/lib/python3.7/site-packages/airflow/example_dags/example_dag_decorator.py for tasks to queue
[2023-10-20T13:19:35.262+0000] {logging_mixin.py:137} INFO - [2023-10-20T13:19:35.261+0000] {dagbag.py:538} INFO - Filling up the DagBag from /home/airflow/.local/lib/python3.7/site-packages/airflow/example_dags/example_dag_decorator.py
[2023-10-20T13:19:35.271+0000] {logging_mixin.py:137} INFO - [2023-10-20T13:19:35.271+0000] {taskmixin.py:205} WARNING - Dependency <Task(_PythonDecoratedOperator): prepare_email>, send_email already registered for DAG: example_dag_decorator
[2023-10-20T13:19:35.271+0000] {logging_mixin.py:137} INFO - [2023-10-20T13:19:35.271+0000] {taskmixin.py:205} WARNING - Dependency <Task(EmailOperator): send_email>, prepare_email already registered for DAG: example_dag_decorator
[2023-10-20T13:19:35.279+0000] {processor.py:753} INFO - DAG(s) dict_keys(['example_dag_decorator']) retrieved from /home/airflow/.local/lib/python3.7/site-packages/airflow/example_dags/example_dag_decorator.py
[2023-10-20T13:19:35.313+0000] {logging_mixin.py:137} INFO - [2023-10-20T13:19:35.313+0000] {dag.py:2690} INFO - Sync 1 DAGs
[2023-10-20T13:19:35.325+0000] {logging_mixin.py:137} INFO - [2023-10-20T13:19:35.324+0000] {dag.py:3441} INFO - Setting next_dagrun for example_dag_decorator to None, run_after=None
[2023-10-20T13:19:35.334+0000] {processor.py:175} INFO - Processing /home/airflow/.local/lib/python3.7/site-packages/airflow/example_dags/example_dag_decorator.py took 0.076 seconds
[2023-10-20T13:20:05.905+0000] {processor.py:153} INFO - Started process (PID=76663) to work on /home/airflow/.local/lib/python3.7/site-packages/airflow/example_dags/example_dag_decorator.py
[2023-10-20T13:20:05.905+0000] {processor.py:743} INFO - Processing file /home/airflow/.local/lib/python3.7/site-packages/airflow/example_dags/example_dag_decorator.py for tasks to queue
[2023-10-20T13:20:05.906+0000] {logging_mixin.py:137} INFO - [2023-10-20T13:20:05.906+0000] {dagbag.py:538} INFO - Filling up the DagBag from /home/airflow/.local/lib/python3.7/site-packages/airflow/example_dags/example_dag_decorator.py
[2023-10-20T13:20:05.915+0000] {logging_mixin.py:137} INFO - [2023-10-20T13:20:05.915+0000] {taskmixin.py:205} WARNING - Dependency <Task(_PythonDecoratedOperator): prepare_email>, send_email already registered for DAG: example_dag_decorator
[2023-10-20T13:20:05.915+0000] {logging_mixin.py:137} INFO - [2023-10-20T13:20:05.915+0000] {taskmixin.py:205} WARNING - Dependency <Task(EmailOperator): send_email>, prepare_email already registered for DAG: example_dag_decorator
[2023-10-20T13:20:05.922+0000] {processor.py:753} INFO - DAG(s) dict_keys(['example_dag_decorator']) retrieved from /home/airflow/.local/lib/python3.7/site-packages/airflow/example_dags/example_dag_decorator.py
[2023-10-20T13:20:05.952+0000] {logging_mixin.py:137} INFO - [2023-10-20T13:20:05.952+0000] {dag.py:2690} INFO - Sync 1 DAGs
[2023-10-20T13:20:05.963+0000] {logging_mixin.py:137} INFO - [2023-10-20T13:20:05.962+0000] {dag.py:3441} INFO - Setting next_dagrun for example_dag_decorator to None, run_after=None
[2023-10-20T13:20:05.972+0000] {processor.py:175} INFO - Processing /home/airflow/.local/lib/python3.7/site-packages/airflow/example_dags/example_dag_decorator.py took 0.069 seconds
[2023-10-20T13:20:36.468+0000] {processor.py:153} INFO - Started process (PID=76757) to work on /home/airflow/.local/lib/python3.7/site-packages/airflow/example_dags/example_dag_decorator.py
[2023-10-20T13:20:36.469+0000] {processor.py:743} INFO - Processing file /home/airflow/.local/lib/python3.7/site-packages/airflow/example_dags/example_dag_decorator.py for tasks to queue
[2023-10-20T13:20:36.469+0000] {logging_mixin.py:137} INFO - [2023-10-20T13:20:36.469+0000] {dagbag.py:538} INFO - Filling up the DagBag from /home/airflow/.local/lib/python3.7/site-packages/airflow/example_dags/example_dag_decorator.py
[2023-10-20T13:20:36.478+0000] {logging_mixin.py:137} INFO - [2023-10-20T13:20:36.478+0000] {taskmixin.py:205} WARNING - Dependency <Task(_PythonDecoratedOperator): prepare_email>, send_email already registered for DAG: example_dag_decorator
[2023-10-20T13:20:36.479+0000] {logging_mixin.py:137} INFO - [2023-10-20T13:20:36.479+0000] {taskmixin.py:205} WARNING - Dependency <Task(EmailOperator): send_email>, prepare_email already registered for DAG: example_dag_decorator
[2023-10-20T13:20:36.487+0000] {processor.py:753} INFO - DAG(s) dict_keys(['example_dag_decorator']) retrieved from /home/airflow/.local/lib/python3.7/site-packages/airflow/example_dags/example_dag_decorator.py
[2023-10-20T13:20:36.520+0000] {logging_mixin.py:137} INFO - [2023-10-20T13:20:36.520+0000] {dag.py:2690} INFO - Sync 1 DAGs
[2023-10-20T13:20:36.531+0000] {logging_mixin.py:137} INFO - [2023-10-20T13:20:36.531+0000] {dag.py:3441} INFO - Setting next_dagrun for example_dag_decorator to None, run_after=None
[2023-10-20T13:20:36.540+0000] {processor.py:175} INFO - Processing /home/airflow/.local/lib/python3.7/site-packages/airflow/example_dags/example_dag_decorator.py took 0.073 seconds
[2023-10-20T13:21:07.176+0000] {processor.py:153} INFO - Started process (PID=76833) to work on /home/airflow/.local/lib/python3.7/site-packages/airflow/example_dags/example_dag_decorator.py
[2023-10-20T13:21:07.177+0000] {processor.py:743} INFO - Processing file /home/airflow/.local/lib/python3.7/site-packages/airflow/example_dags/example_dag_decorator.py for tasks to queue
[2023-10-20T13:21:07.177+0000] {logging_mixin.py:137} INFO - [2023-10-20T13:21:07.177+0000] {dagbag.py:538} INFO - Filling up the DagBag from /home/airflow/.local/lib/python3.7/site-packages/airflow/example_dags/example_dag_decorator.py
[2023-10-20T13:21:07.187+0000] {logging_mixin.py:137} INFO - [2023-10-20T13:21:07.187+0000] {taskmixin.py:205} WARNING - Dependency <Task(_PythonDecoratedOperator): prepare_email>, send_email already registered for DAG: example_dag_decorator
[2023-10-20T13:21:07.187+0000] {logging_mixin.py:137} INFO - [2023-10-20T13:21:07.187+0000] {taskmixin.py:205} WARNING - Dependency <Task(EmailOperator): send_email>, prepare_email already registered for DAG: example_dag_decorator
[2023-10-20T13:21:07.194+0000] {processor.py:753} INFO - DAG(s) dict_keys(['example_dag_decorator']) retrieved from /home/airflow/.local/lib/python3.7/site-packages/airflow/example_dags/example_dag_decorator.py
[2023-10-20T13:21:07.227+0000] {logging_mixin.py:137} INFO - [2023-10-20T13:21:07.227+0000] {dag.py:2690} INFO - Sync 1 DAGs
[2023-10-20T13:21:07.237+0000] {logging_mixin.py:137} INFO - [2023-10-20T13:21:07.237+0000] {dag.py:3441} INFO - Setting next_dagrun for example_dag_decorator to None, run_after=None
[2023-10-20T13:21:07.247+0000] {processor.py:175} INFO - Processing /home/airflow/.local/lib/python3.7/site-packages/airflow/example_dags/example_dag_decorator.py took 0.072 seconds
[2023-10-20T13:21:37.825+0000] {processor.py:153} INFO - Started process (PID=76927) to work on /home/airflow/.local/lib/python3.7/site-packages/airflow/example_dags/example_dag_decorator.py
[2023-10-20T13:21:37.825+0000] {processor.py:743} INFO - Processing file /home/airflow/.local/lib/python3.7/site-packages/airflow/example_dags/example_dag_decorator.py for tasks to queue
[2023-10-20T13:21:37.826+0000] {logging_mixin.py:137} INFO - [2023-10-20T13:21:37.826+0000] {dagbag.py:538} INFO - Filling up the DagBag from /home/airflow/.local/lib/python3.7/site-packages/airflow/example_dags/example_dag_decorator.py
[2023-10-20T13:21:37.835+0000] {logging_mixin.py:137} INFO - [2023-10-20T13:21:37.835+0000] {taskmixin.py:205} WARNING - Dependency <Task(_PythonDecoratedOperator): prepare_email>, send_email already registered for DAG: example_dag_decorator
[2023-10-20T13:21:37.835+0000] {logging_mixin.py:137} INFO - [2023-10-20T13:21:37.835+0000] {taskmixin.py:205} WARNING - Dependency <Task(EmailOperator): send_email>, prepare_email already registered for DAG: example_dag_decorator
[2023-10-20T13:21:37.842+0000] {processor.py:753} INFO - DAG(s) dict_keys(['example_dag_decorator']) retrieved from /home/airflow/.local/lib/python3.7/site-packages/airflow/example_dags/example_dag_decorator.py
[2023-10-20T13:21:37.876+0000] {logging_mixin.py:137} INFO - [2023-10-20T13:21:37.876+0000] {dag.py:2690} INFO - Sync 1 DAGs
[2023-10-20T13:21:37.888+0000] {logging_mixin.py:137} INFO - [2023-10-20T13:21:37.888+0000] {dag.py:3441} INFO - Setting next_dagrun for example_dag_decorator to None, run_after=None
[2023-10-20T13:21:37.898+0000] {processor.py:175} INFO - Processing /home/airflow/.local/lib/python3.7/site-packages/airflow/example_dags/example_dag_decorator.py took 0.075 seconds
[2023-10-20T13:22:08.418+0000] {processor.py:153} INFO - Started process (PID=77021) to work on /home/airflow/.local/lib/python3.7/site-packages/airflow/example_dags/example_dag_decorator.py
[2023-10-20T13:22:08.419+0000] {processor.py:743} INFO - Processing file /home/airflow/.local/lib/python3.7/site-packages/airflow/example_dags/example_dag_decorator.py for tasks to queue
[2023-10-20T13:22:08.419+0000] {logging_mixin.py:137} INFO - [2023-10-20T13:22:08.419+0000] {dagbag.py:538} INFO - Filling up the DagBag from /home/airflow/.local/lib/python3.7/site-packages/airflow/example_dags/example_dag_decorator.py
[2023-10-20T13:22:08.428+0000] {logging_mixin.py:137} INFO - [2023-10-20T13:22:08.428+0000] {taskmixin.py:205} WARNING - Dependency <Task(_PythonDecoratedOperator): prepare_email>, send_email already registered for DAG: example_dag_decorator
[2023-10-20T13:22:08.428+0000] {logging_mixin.py:137} INFO - [2023-10-20T13:22:08.428+0000] {taskmixin.py:205} WARNING - Dependency <Task(EmailOperator): send_email>, prepare_email already registered for DAG: example_dag_decorator
[2023-10-20T13:22:08.436+0000] {processor.py:753} INFO - DAG(s) dict_keys(['example_dag_decorator']) retrieved from /home/airflow/.local/lib/python3.7/site-packages/airflow/example_dags/example_dag_decorator.py
[2023-10-20T13:22:08.468+0000] {logging_mixin.py:137} INFO - [2023-10-20T13:22:08.468+0000] {dag.py:2690} INFO - Sync 1 DAGs
[2023-10-20T13:22:08.479+0000] {logging_mixin.py:137} INFO - [2023-10-20T13:22:08.479+0000] {dag.py:3441} INFO - Setting next_dagrun for example_dag_decorator to None, run_after=None
[2023-10-20T13:22:08.489+0000] {processor.py:175} INFO - Processing /home/airflow/.local/lib/python3.7/site-packages/airflow/example_dags/example_dag_decorator.py took 0.072 seconds
[2023-10-20T13:22:39.184+0000] {processor.py:153} INFO - Started process (PID=77115) to work on /home/airflow/.local/lib/python3.7/site-packages/airflow/example_dags/example_dag_decorator.py
[2023-10-20T13:22:39.185+0000] {processor.py:743} INFO - Processing file /home/airflow/.local/lib/python3.7/site-packages/airflow/example_dags/example_dag_decorator.py for tasks to queue
[2023-10-20T13:22:39.185+0000] {logging_mixin.py:137} INFO - [2023-10-20T13:22:39.185+0000] {dagbag.py:538} INFO - Filling up the DagBag from /home/airflow/.local/lib/python3.7/site-packages/airflow/example_dags/example_dag_decorator.py
[2023-10-20T13:22:39.194+0000] {logging_mixin.py:137} INFO - [2023-10-20T13:22:39.194+0000] {taskmixin.py:205} WARNING - Dependency <Task(_PythonDecoratedOperator): prepare_email>, send_email already registered for DAG: example_dag_decorator
[2023-10-20T13:22:39.194+0000] {logging_mixin.py:137} INFO - [2023-10-20T13:22:39.194+0000] {taskmixin.py:205} WARNING - Dependency <Task(EmailOperator): send_email>, prepare_email already registered for DAG: example_dag_decorator
[2023-10-20T13:22:39.201+0000] {processor.py:753} INFO - DAG(s) dict_keys(['example_dag_decorator']) retrieved from /home/airflow/.local/lib/python3.7/site-packages/airflow/example_dags/example_dag_decorator.py
[2023-10-20T13:22:39.232+0000] {logging_mixin.py:137} INFO - [2023-10-20T13:22:39.232+0000] {dag.py:2690} INFO - Sync 1 DAGs
[2023-10-20T13:22:39.244+0000] {logging_mixin.py:137} INFO - [2023-10-20T13:22:39.244+0000] {dag.py:3441} INFO - Setting next_dagrun for example_dag_decorator to None, run_after=None
[2023-10-20T13:22:39.253+0000] {processor.py:175} INFO - Processing /home/airflow/.local/lib/python3.7/site-packages/airflow/example_dags/example_dag_decorator.py took 0.071 seconds
[2023-10-20T13:23:09.701+0000] {processor.py:153} INFO - Started process (PID=77191) to work on /home/airflow/.local/lib/python3.7/site-packages/airflow/example_dags/example_dag_decorator.py
[2023-10-20T13:23:09.701+0000] {processor.py:743} INFO - Processing file /home/airflow/.local/lib/python3.7/site-packages/airflow/example_dags/example_dag_decorator.py for tasks to queue
[2023-10-20T13:23:09.701+0000] {logging_mixin.py:137} INFO - [2023-10-20T13:23:09.701+0000] {dagbag.py:538} INFO - Filling up the DagBag from /home/airflow/.local/lib/python3.7/site-packages/airflow/example_dags/example_dag_decorator.py
[2023-10-20T13:23:09.710+0000] {logging_mixin.py:137} INFO - [2023-10-20T13:23:09.710+0000] {taskmixin.py:205} WARNING - Dependency <Task(_PythonDecoratedOperator): prepare_email>, send_email already registered for DAG: example_dag_decorator
[2023-10-20T13:23:09.711+0000] {logging_mixin.py:137} INFO - [2023-10-20T13:23:09.710+0000] {taskmixin.py:205} WARNING - Dependency <Task(EmailOperator): send_email>, prepare_email already registered for DAG: example_dag_decorator
[2023-10-20T13:23:09.717+0000] {processor.py:753} INFO - DAG(s) dict_keys(['example_dag_decorator']) retrieved from /home/airflow/.local/lib/python3.7/site-packages/airflow/example_dags/example_dag_decorator.py
[2023-10-20T13:23:09.749+0000] {logging_mixin.py:137} INFO - [2023-10-20T13:23:09.749+0000] {dag.py:2690} INFO - Sync 1 DAGs
[2023-10-20T13:23:09.760+0000] {logging_mixin.py:137} INFO - [2023-10-20T13:23:09.760+0000] {dag.py:3441} INFO - Setting next_dagrun for example_dag_decorator to None, run_after=None
[2023-10-20T13:23:09.769+0000] {processor.py:175} INFO - Processing /home/airflow/.local/lib/python3.7/site-packages/airflow/example_dags/example_dag_decorator.py took 0.070 seconds
[2023-10-20T13:23:40.322+0000] {processor.py:153} INFO - Started process (PID=77285) to work on /home/airflow/.local/lib/python3.7/site-packages/airflow/example_dags/example_dag_decorator.py
[2023-10-20T13:23:40.322+0000] {processor.py:743} INFO - Processing file /home/airflow/.local/lib/python3.7/site-packages/airflow/example_dags/example_dag_decorator.py for tasks to queue
[2023-10-20T13:23:40.323+0000] {logging_mixin.py:137} INFO - [2023-10-20T13:23:40.323+0000] {dagbag.py:538} INFO - Filling up the DagBag from /home/airflow/.local/lib/python3.7/site-packages/airflow/example_dags/example_dag_decorator.py
[2023-10-20T13:23:40.331+0000] {logging_mixin.py:137} INFO - [2023-10-20T13:23:40.331+0000] {taskmixin.py:205} WARNING - Dependency <Task(_PythonDecoratedOperator): prepare_email>, send_email already registered for DAG: example_dag_decorator
[2023-10-20T13:23:40.332+0000] {logging_mixin.py:137} INFO - [2023-10-20T13:23:40.331+0000] {taskmixin.py:205} WARNING - Dependency <Task(EmailOperator): send_email>, prepare_email already registered for DAG: example_dag_decorator
[2023-10-20T13:23:40.338+0000] {processor.py:753} INFO - DAG(s) dict_keys(['example_dag_decorator']) retrieved from /home/airflow/.local/lib/python3.7/site-packages/airflow/example_dags/example_dag_decorator.py
[2023-10-20T13:23:40.370+0000] {logging_mixin.py:137} INFO - [2023-10-20T13:23:40.370+0000] {dag.py:2690} INFO - Sync 1 DAGs
[2023-10-20T13:23:40.380+0000] {logging_mixin.py:137} INFO - [2023-10-20T13:23:40.380+0000] {dag.py:3441} INFO - Setting next_dagrun for example_dag_decorator to None, run_after=None
[2023-10-20T13:23:40.388+0000] {processor.py:175} INFO - Processing /home/airflow/.local/lib/python3.7/site-packages/airflow/example_dags/example_dag_decorator.py took 0.068 seconds
[2023-10-20T13:24:11.020+0000] {processor.py:153} INFO - Started process (PID=77379) to work on /home/airflow/.local/lib/python3.7/site-packages/airflow/example_dags/example_dag_decorator.py
[2023-10-20T13:24:11.021+0000] {processor.py:743} INFO - Processing file /home/airflow/.local/lib/python3.7/site-packages/airflow/example_dags/example_dag_decorator.py for tasks to queue
[2023-10-20T13:24:11.021+0000] {logging_mixin.py:137} INFO - [2023-10-20T13:24:11.021+0000] {dagbag.py:538} INFO - Filling up the DagBag from /home/airflow/.local/lib/python3.7/site-packages/airflow/example_dags/example_dag_decorator.py
[2023-10-20T13:24:11.030+0000] {logging_mixin.py:137} INFO - [2023-10-20T13:24:11.030+0000] {taskmixin.py:205} WARNING - Dependency <Task(_PythonDecoratedOperator): prepare_email>, send_email already registered for DAG: example_dag_decorator
[2023-10-20T13:24:11.030+0000] {logging_mixin.py:137} INFO - [2023-10-20T13:24:11.030+0000] {taskmixin.py:205} WARNING - Dependency <Task(EmailOperator): send_email>, prepare_email already registered for DAG: example_dag_decorator
[2023-10-20T13:24:11.037+0000] {processor.py:753} INFO - DAG(s) dict_keys(['example_dag_decorator']) retrieved from /home/airflow/.local/lib/python3.7/site-packages/airflow/example_dags/example_dag_decorator.py
[2023-10-20T13:24:11.067+0000] {logging_mixin.py:137} INFO - [2023-10-20T13:24:11.067+0000] {dag.py:2690} INFO - Sync 1 DAGs
[2023-10-20T13:24:11.078+0000] {logging_mixin.py:137} INFO - [2023-10-20T13:24:11.078+0000] {dag.py:3441} INFO - Setting next_dagrun for example_dag_decorator to None, run_after=None
[2023-10-20T13:24:11.087+0000] {processor.py:175} INFO - Processing /home/airflow/.local/lib/python3.7/site-packages/airflow/example_dags/example_dag_decorator.py took 0.070 seconds
[2023-10-20T13:24:41.712+0000] {processor.py:153} INFO - Started process (PID=77473) to work on /home/airflow/.local/lib/python3.7/site-packages/airflow/example_dags/example_dag_decorator.py
[2023-10-20T13:24:41.713+0000] {processor.py:743} INFO - Processing file /home/airflow/.local/lib/python3.7/site-packages/airflow/example_dags/example_dag_decorator.py for tasks to queue
[2023-10-20T13:24:41.713+0000] {logging_mixin.py:137} INFO - [2023-10-20T13:24:41.713+0000] {dagbag.py:538} INFO - Filling up the DagBag from /home/airflow/.local/lib/python3.7/site-packages/airflow/example_dags/example_dag_decorator.py
[2023-10-20T13:24:41.725+0000] {logging_mixin.py:137} INFO - [2023-10-20T13:24:41.725+0000] {taskmixin.py:205} WARNING - Dependency <Task(_PythonDecoratedOperator): prepare_email>, send_email already registered for DAG: example_dag_decorator
[2023-10-20T13:24:41.725+0000] {logging_mixin.py:137} INFO - [2023-10-20T13:24:41.725+0000] {taskmixin.py:205} WARNING - Dependency <Task(EmailOperator): send_email>, prepare_email already registered for DAG: example_dag_decorator
[2023-10-20T13:24:41.733+0000] {processor.py:753} INFO - DAG(s) dict_keys(['example_dag_decorator']) retrieved from /home/airflow/.local/lib/python3.7/site-packages/airflow/example_dags/example_dag_decorator.py
[2023-10-20T13:24:41.769+0000] {logging_mixin.py:137} INFO - [2023-10-20T13:24:41.769+0000] {dag.py:2690} INFO - Sync 1 DAGs
[2023-10-20T13:24:41.780+0000] {logging_mixin.py:137} INFO - [2023-10-20T13:24:41.780+0000] {dag.py:3441} INFO - Setting next_dagrun for example_dag_decorator to None, run_after=None
[2023-10-20T13:24:41.790+0000] {processor.py:175} INFO - Processing /home/airflow/.local/lib/python3.7/site-packages/airflow/example_dags/example_dag_decorator.py took 0.080 seconds
[2023-10-20T13:25:12.484+0000] {processor.py:153} INFO - Started process (PID=77549) to work on /home/airflow/.local/lib/python3.7/site-packages/airflow/example_dags/example_dag_decorator.py
[2023-10-20T13:25:12.485+0000] {processor.py:743} INFO - Processing file /home/airflow/.local/lib/python3.7/site-packages/airflow/example_dags/example_dag_decorator.py for tasks to queue
[2023-10-20T13:25:12.485+0000] {logging_mixin.py:137} INFO - [2023-10-20T13:25:12.485+0000] {dagbag.py:538} INFO - Filling up the DagBag from /home/airflow/.local/lib/python3.7/site-packages/airflow/example_dags/example_dag_decorator.py
[2023-10-20T13:25:12.494+0000] {logging_mixin.py:137} INFO - [2023-10-20T13:25:12.494+0000] {taskmixin.py:205} WARNING - Dependency <Task(_PythonDecoratedOperator): prepare_email>, send_email already registered for DAG: example_dag_decorator
[2023-10-20T13:25:12.495+0000] {logging_mixin.py:137} INFO - [2023-10-20T13:25:12.494+0000] {taskmixin.py:205} WARNING - Dependency <Task(EmailOperator): send_email>, prepare_email already registered for DAG: example_dag_decorator
[2023-10-20T13:25:12.502+0000] {processor.py:753} INFO - DAG(s) dict_keys(['example_dag_decorator']) retrieved from /home/airflow/.local/lib/python3.7/site-packages/airflow/example_dags/example_dag_decorator.py
[2023-10-20T13:25:12.534+0000] {logging_mixin.py:137} INFO - [2023-10-20T13:25:12.534+0000] {dag.py:2690} INFO - Sync 1 DAGs
[2023-10-20T13:25:12.545+0000] {logging_mixin.py:137} INFO - [2023-10-20T13:25:12.545+0000] {dag.py:3441} INFO - Setting next_dagrun for example_dag_decorator to None, run_after=None
[2023-10-20T13:25:12.553+0000] {processor.py:175} INFO - Processing /home/airflow/.local/lib/python3.7/site-packages/airflow/example_dags/example_dag_decorator.py took 0.071 seconds
[2023-10-20T13:25:43.146+0000] {processor.py:153} INFO - Started process (PID=77643) to work on /home/airflow/.local/lib/python3.7/site-packages/airflow/example_dags/example_dag_decorator.py
[2023-10-20T13:25:43.147+0000] {processor.py:743} INFO - Processing file /home/airflow/.local/lib/python3.7/site-packages/airflow/example_dags/example_dag_decorator.py for tasks to queue
[2023-10-20T13:25:43.147+0000] {logging_mixin.py:137} INFO - [2023-10-20T13:25:43.147+0000] {dagbag.py:538} INFO - Filling up the DagBag from /home/airflow/.local/lib/python3.7/site-packages/airflow/example_dags/example_dag_decorator.py
[2023-10-20T13:25:43.155+0000] {logging_mixin.py:137} INFO - [2023-10-20T13:25:43.155+0000] {taskmixin.py:205} WARNING - Dependency <Task(_PythonDecoratedOperator): prepare_email>, send_email already registered for DAG: example_dag_decorator
[2023-10-20T13:25:43.156+0000] {logging_mixin.py:137} INFO - [2023-10-20T13:25:43.156+0000] {taskmixin.py:205} WARNING - Dependency <Task(EmailOperator): send_email>, prepare_email already registered for DAG: example_dag_decorator
[2023-10-20T13:25:43.162+0000] {processor.py:753} INFO - DAG(s) dict_keys(['example_dag_decorator']) retrieved from /home/airflow/.local/lib/python3.7/site-packages/airflow/example_dags/example_dag_decorator.py
[2023-10-20T13:25:43.194+0000] {logging_mixin.py:137} INFO - [2023-10-20T13:25:43.193+0000] {dag.py:2690} INFO - Sync 1 DAGs
[2023-10-20T13:25:43.204+0000] {logging_mixin.py:137} INFO - [2023-10-20T13:25:43.204+0000] {dag.py:3441} INFO - Setting next_dagrun for example_dag_decorator to None, run_after=None
[2023-10-20T13:25:43.214+0000] {processor.py:175} INFO - Processing /home/airflow/.local/lib/python3.7/site-packages/airflow/example_dags/example_dag_decorator.py took 0.070 seconds
[2023-10-20T13:26:14.010+0000] {processor.py:153} INFO - Started process (PID=77737) to work on /home/airflow/.local/lib/python3.7/site-packages/airflow/example_dags/example_dag_decorator.py
[2023-10-20T13:26:14.011+0000] {processor.py:743} INFO - Processing file /home/airflow/.local/lib/python3.7/site-packages/airflow/example_dags/example_dag_decorator.py for tasks to queue
[2023-10-20T13:26:14.012+0000] {logging_mixin.py:137} INFO - [2023-10-20T13:26:14.012+0000] {dagbag.py:538} INFO - Filling up the DagBag from /home/airflow/.local/lib/python3.7/site-packages/airflow/example_dags/example_dag_decorator.py
[2023-10-20T13:26:14.024+0000] {logging_mixin.py:137} INFO - [2023-10-20T13:26:14.024+0000] {taskmixin.py:205} WARNING - Dependency <Task(_PythonDecoratedOperator): prepare_email>, send_email already registered for DAG: example_dag_decorator
[2023-10-20T13:26:14.025+0000] {logging_mixin.py:137} INFO - [2023-10-20T13:26:14.025+0000] {taskmixin.py:205} WARNING - Dependency <Task(EmailOperator): send_email>, prepare_email already registered for DAG: example_dag_decorator
[2023-10-20T13:26:14.033+0000] {processor.py:753} INFO - DAG(s) dict_keys(['example_dag_decorator']) retrieved from /home/airflow/.local/lib/python3.7/site-packages/airflow/example_dags/example_dag_decorator.py
[2023-10-20T13:26:14.069+0000] {logging_mixin.py:137} INFO - [2023-10-20T13:26:14.069+0000] {dag.py:2690} INFO - Sync 1 DAGs
[2023-10-20T13:26:14.082+0000] {logging_mixin.py:137} INFO - [2023-10-20T13:26:14.082+0000] {dag.py:3441} INFO - Setting next_dagrun for example_dag_decorator to None, run_after=None
[2023-10-20T13:26:14.095+0000] {processor.py:175} INFO - Processing /home/airflow/.local/lib/python3.7/site-packages/airflow/example_dags/example_dag_decorator.py took 0.088 seconds
[2023-10-20T13:26:44.615+0000] {processor.py:153} INFO - Started process (PID=77822) to work on /home/airflow/.local/lib/python3.7/site-packages/airflow/example_dags/example_dag_decorator.py
[2023-10-20T13:26:44.616+0000] {processor.py:743} INFO - Processing file /home/airflow/.local/lib/python3.7/site-packages/airflow/example_dags/example_dag_decorator.py for tasks to queue
[2023-10-20T13:26:44.617+0000] {logging_mixin.py:137} INFO - [2023-10-20T13:26:44.617+0000] {dagbag.py:538} INFO - Filling up the DagBag from /home/airflow/.local/lib/python3.7/site-packages/airflow/example_dags/example_dag_decorator.py
[2023-10-20T13:26:44.626+0000] {logging_mixin.py:137} INFO - [2023-10-20T13:26:44.626+0000] {taskmixin.py:205} WARNING - Dependency <Task(_PythonDecoratedOperator): prepare_email>, send_email already registered for DAG: example_dag_decorator
[2023-10-20T13:26:44.627+0000] {logging_mixin.py:137} INFO - [2023-10-20T13:26:44.627+0000] {taskmixin.py:205} WARNING - Dependency <Task(EmailOperator): send_email>, prepare_email already registered for DAG: example_dag_decorator
[2023-10-20T13:26:44.634+0000] {processor.py:753} INFO - DAG(s) dict_keys(['example_dag_decorator']) retrieved from /home/airflow/.local/lib/python3.7/site-packages/airflow/example_dags/example_dag_decorator.py
[2023-10-20T13:26:44.668+0000] {logging_mixin.py:137} INFO - [2023-10-20T13:26:44.668+0000] {dag.py:2690} INFO - Sync 1 DAGs
[2023-10-20T13:26:44.680+0000] {logging_mixin.py:137} INFO - [2023-10-20T13:26:44.680+0000] {dag.py:3441} INFO - Setting next_dagrun for example_dag_decorator to None, run_after=None
[2023-10-20T13:26:44.689+0000] {processor.py:175} INFO - Processing /home/airflow/.local/lib/python3.7/site-packages/airflow/example_dags/example_dag_decorator.py took 0.076 seconds
[2023-10-20T13:27:15.363+0000] {processor.py:153} INFO - Started process (PID=77907) to work on /home/airflow/.local/lib/python3.7/site-packages/airflow/example_dags/example_dag_decorator.py
[2023-10-20T13:27:15.364+0000] {processor.py:743} INFO - Processing file /home/airflow/.local/lib/python3.7/site-packages/airflow/example_dags/example_dag_decorator.py for tasks to queue
[2023-10-20T13:27:15.364+0000] {logging_mixin.py:137} INFO - [2023-10-20T13:27:15.364+0000] {dagbag.py:538} INFO - Filling up the DagBag from /home/airflow/.local/lib/python3.7/site-packages/airflow/example_dags/example_dag_decorator.py
[2023-10-20T13:27:15.373+0000] {logging_mixin.py:137} INFO - [2023-10-20T13:27:15.373+0000] {taskmixin.py:205} WARNING - Dependency <Task(_PythonDecoratedOperator): prepare_email>, send_email already registered for DAG: example_dag_decorator
[2023-10-20T13:27:15.373+0000] {logging_mixin.py:137} INFO - [2023-10-20T13:27:15.373+0000] {taskmixin.py:205} WARNING - Dependency <Task(EmailOperator): send_email>, prepare_email already registered for DAG: example_dag_decorator
[2023-10-20T13:27:15.381+0000] {processor.py:753} INFO - DAG(s) dict_keys(['example_dag_decorator']) retrieved from /home/airflow/.local/lib/python3.7/site-packages/airflow/example_dags/example_dag_decorator.py
[2023-10-20T13:27:15.413+0000] {logging_mixin.py:137} INFO - [2023-10-20T13:27:15.413+0000] {dag.py:2690} INFO - Sync 1 DAGs
[2023-10-20T13:27:15.424+0000] {logging_mixin.py:137} INFO - [2023-10-20T13:27:15.424+0000] {dag.py:3441} INFO - Setting next_dagrun for example_dag_decorator to None, run_after=None
[2023-10-20T13:27:15.432+0000] {processor.py:175} INFO - Processing /home/airflow/.local/lib/python3.7/site-packages/airflow/example_dags/example_dag_decorator.py took 0.071 seconds
[2023-10-20T13:27:46.070+0000] {processor.py:153} INFO - Started process (PID=78001) to work on /home/airflow/.local/lib/python3.7/site-packages/airflow/example_dags/example_dag_decorator.py
[2023-10-20T13:27:46.071+0000] {processor.py:743} INFO - Processing file /home/airflow/.local/lib/python3.7/site-packages/airflow/example_dags/example_dag_decorator.py for tasks to queue
[2023-10-20T13:27:46.071+0000] {logging_mixin.py:137} INFO - [2023-10-20T13:27:46.071+0000] {dagbag.py:538} INFO - Filling up the DagBag from /home/airflow/.local/lib/python3.7/site-packages/airflow/example_dags/example_dag_decorator.py
[2023-10-20T13:27:46.080+0000] {logging_mixin.py:137} INFO - [2023-10-20T13:27:46.080+0000] {taskmixin.py:205} WARNING - Dependency <Task(_PythonDecoratedOperator): prepare_email>, send_email already registered for DAG: example_dag_decorator
[2023-10-20T13:27:46.081+0000] {logging_mixin.py:137} INFO - [2023-10-20T13:27:46.081+0000] {taskmixin.py:205} WARNING - Dependency <Task(EmailOperator): send_email>, prepare_email already registered for DAG: example_dag_decorator
[2023-10-20T13:27:46.088+0000] {processor.py:753} INFO - DAG(s) dict_keys(['example_dag_decorator']) retrieved from /home/airflow/.local/lib/python3.7/site-packages/airflow/example_dags/example_dag_decorator.py
[2023-10-20T13:27:46.118+0000] {logging_mixin.py:137} INFO - [2023-10-20T13:27:46.118+0000] {dag.py:2690} INFO - Sync 1 DAGs
[2023-10-20T13:27:46.129+0000] {logging_mixin.py:137} INFO - [2023-10-20T13:27:46.129+0000] {dag.py:3441} INFO - Setting next_dagrun for example_dag_decorator to None, run_after=None
[2023-10-20T13:27:46.138+0000] {processor.py:175} INFO - Processing /home/airflow/.local/lib/python3.7/site-packages/airflow/example_dags/example_dag_decorator.py took 0.070 seconds
[2023-10-20T13:28:16.682+0000] {processor.py:153} INFO - Started process (PID=78096) to work on /home/airflow/.local/lib/python3.7/site-packages/airflow/example_dags/example_dag_decorator.py
[2023-10-20T13:28:16.683+0000] {processor.py:743} INFO - Processing file /home/airflow/.local/lib/python3.7/site-packages/airflow/example_dags/example_dag_decorator.py for tasks to queue
[2023-10-20T13:28:16.683+0000] {logging_mixin.py:137} INFO - [2023-10-20T13:28:16.683+0000] {dagbag.py:538} INFO - Filling up the DagBag from /home/airflow/.local/lib/python3.7/site-packages/airflow/example_dags/example_dag_decorator.py
[2023-10-20T13:28:16.693+0000] {logging_mixin.py:137} INFO - [2023-10-20T13:28:16.693+0000] {taskmixin.py:205} WARNING - Dependency <Task(_PythonDecoratedOperator): prepare_email>, send_email already registered for DAG: example_dag_decorator
[2023-10-20T13:28:16.693+0000] {logging_mixin.py:137} INFO - [2023-10-20T13:28:16.693+0000] {taskmixin.py:205} WARNING - Dependency <Task(EmailOperator): send_email>, prepare_email already registered for DAG: example_dag_decorator
[2023-10-20T13:28:16.700+0000] {processor.py:753} INFO - DAG(s) dict_keys(['example_dag_decorator']) retrieved from /home/airflow/.local/lib/python3.7/site-packages/airflow/example_dags/example_dag_decorator.py
[2023-10-20T13:28:16.733+0000] {logging_mixin.py:137} INFO - [2023-10-20T13:28:16.733+0000] {dag.py:2690} INFO - Sync 1 DAGs
[2023-10-20T13:28:16.744+0000] {logging_mixin.py:137} INFO - [2023-10-20T13:28:16.744+0000] {dag.py:3441} INFO - Setting next_dagrun for example_dag_decorator to None, run_after=None
[2023-10-20T13:28:16.752+0000] {processor.py:175} INFO - Processing /home/airflow/.local/lib/python3.7/site-packages/airflow/example_dags/example_dag_decorator.py took 0.071 seconds
