[2023-10-20T00:05:30.402+0000] {processor.py:153} INFO - Started process (PID=73889) to work on /home/airflow/.local/lib/python3.7/site-packages/airflow/example_dags/example_trigger_controller_dag.py
[2023-10-20T00:05:30.403+0000] {processor.py:743} INFO - Processing file /home/airflow/.local/lib/python3.7/site-packages/airflow/example_dags/example_trigger_controller_dag.py for tasks to queue
[2023-10-20T00:05:30.404+0000] {logging_mixin.py:137} INFO - [2023-10-20T00:05:30.404+0000] {dagbag.py:538} INFO - Filling up the DagBag from /home/airflow/.local/lib/python3.7/site-packages/airflow/example_dags/example_trigger_controller_dag.py
[2023-10-20T00:05:30.413+0000] {processor.py:753} INFO - DAG(s) dict_keys(['example_trigger_controller_dag']) retrieved from /home/airflow/.local/lib/python3.7/site-packages/airflow/example_dags/example_trigger_controller_dag.py
[2023-10-20T00:05:30.430+0000] {logging_mixin.py:137} INFO - [2023-10-20T00:05:30.429+0000] {dag.py:2690} INFO - Sync 1 DAGs
[2023-10-20T00:05:30.445+0000] {logging_mixin.py:137} INFO - [2023-10-20T00:05:30.445+0000] {dag.py:3441} INFO - Setting next_dagrun for example_trigger_controller_dag to 2021-01-01T00:00:00+00:00, run_after=2021-01-01T00:00:00+00:00
[2023-10-20T00:05:30.462+0000] {processor.py:175} INFO - Processing /home/airflow/.local/lib/python3.7/site-packages/airflow/example_dags/example_trigger_controller_dag.py took 0.063 seconds
[2023-10-20T01:31:26.436+0000] {processor.py:153} INFO - Started process (PID=73965) to work on /home/airflow/.local/lib/python3.7/site-packages/airflow/example_dags/example_trigger_controller_dag.py
[2023-10-20T01:31:26.437+0000] {processor.py:743} INFO - Processing file /home/airflow/.local/lib/python3.7/site-packages/airflow/example_dags/example_trigger_controller_dag.py for tasks to queue
[2023-10-20T01:31:26.437+0000] {logging_mixin.py:137} INFO - [2023-10-20T01:31:26.437+0000] {dagbag.py:538} INFO - Filling up the DagBag from /home/airflow/.local/lib/python3.7/site-packages/airflow/example_dags/example_trigger_controller_dag.py
[2023-10-20T01:31:26.446+0000] {processor.py:753} INFO - DAG(s) dict_keys(['example_trigger_controller_dag']) retrieved from /home/airflow/.local/lib/python3.7/site-packages/airflow/example_dags/example_trigger_controller_dag.py
[2023-10-20T01:31:26.467+0000] {logging_mixin.py:137} INFO - [2023-10-20T01:31:26.467+0000] {dag.py:2690} INFO - Sync 1 DAGs
[2023-10-20T01:31:26.484+0000] {logging_mixin.py:137} INFO - [2023-10-20T01:31:26.484+0000] {dag.py:3441} INFO - Setting next_dagrun for example_trigger_controller_dag to 2021-01-01T00:00:00+00:00, run_after=2021-01-01T00:00:00+00:00
[2023-10-20T01:31:26.496+0000] {processor.py:175} INFO - Processing /home/airflow/.local/lib/python3.7/site-packages/airflow/example_dags/example_trigger_controller_dag.py took 0.062 seconds
[2023-10-20T02:57:23.685+0000] {processor.py:153} INFO - Started process (PID=74059) to work on /home/airflow/.local/lib/python3.7/site-packages/airflow/example_dags/example_trigger_controller_dag.py
[2023-10-20T02:57:23.689+0000] {processor.py:743} INFO - Processing file /home/airflow/.local/lib/python3.7/site-packages/airflow/example_dags/example_trigger_controller_dag.py for tasks to queue
[2023-10-20T02:57:23.690+0000] {logging_mixin.py:137} INFO - [2023-10-20T02:57:23.690+0000] {dagbag.py:538} INFO - Filling up the DagBag from /home/airflow/.local/lib/python3.7/site-packages/airflow/example_dags/example_trigger_controller_dag.py
[2023-10-20T02:57:23.700+0000] {processor.py:753} INFO - DAG(s) dict_keys(['example_trigger_controller_dag']) retrieved from /home/airflow/.local/lib/python3.7/site-packages/airflow/example_dags/example_trigger_controller_dag.py
[2023-10-20T02:57:23.737+0000] {logging_mixin.py:137} INFO - [2023-10-20T02:57:23.737+0000] {dag.py:2690} INFO - Sync 1 DAGs
[2023-10-20T02:57:23.754+0000] {logging_mixin.py:137} INFO - [2023-10-20T02:57:23.754+0000] {dag.py:3441} INFO - Setting next_dagrun for example_trigger_controller_dag to 2021-01-01T00:00:00+00:00, run_after=2021-01-01T00:00:00+00:00
[2023-10-20T02:57:23.767+0000] {processor.py:175} INFO - Processing /home/airflow/.local/lib/python3.7/site-packages/airflow/example_dags/example_trigger_controller_dag.py took 0.085 seconds
[2023-10-20T04:19:26.622+0000] {processor.py:153} INFO - Started process (PID=74153) to work on /home/airflow/.local/lib/python3.7/site-packages/airflow/example_dags/example_trigger_controller_dag.py
[2023-10-20T04:19:26.623+0000] {processor.py:743} INFO - Processing file /home/airflow/.local/lib/python3.7/site-packages/airflow/example_dags/example_trigger_controller_dag.py for tasks to queue
[2023-10-20T04:19:26.623+0000] {logging_mixin.py:137} INFO - [2023-10-20T04:19:26.623+0000] {dagbag.py:538} INFO - Filling up the DagBag from /home/airflow/.local/lib/python3.7/site-packages/airflow/example_dags/example_trigger_controller_dag.py
[2023-10-20T04:19:26.630+0000] {processor.py:753} INFO - DAG(s) dict_keys(['example_trigger_controller_dag']) retrieved from /home/airflow/.local/lib/python3.7/site-packages/airflow/example_dags/example_trigger_controller_dag.py
[2023-10-20T04:19:26.643+0000] {logging_mixin.py:137} INFO - [2023-10-20T04:19:26.643+0000] {dag.py:2690} INFO - Sync 1 DAGs
[2023-10-20T04:19:26.655+0000] {logging_mixin.py:137} INFO - [2023-10-20T04:19:26.655+0000] {dag.py:3441} INFO - Setting next_dagrun for example_trigger_controller_dag to 2021-01-01T00:00:00+00:00, run_after=2021-01-01T00:00:00+00:00
[2023-10-20T04:19:26.678+0000] {processor.py:175} INFO - Processing /home/airflow/.local/lib/python3.7/site-packages/airflow/example_dags/example_trigger_controller_dag.py took 0.058 seconds
[2023-10-20T05:08:15.563+0000] {processor.py:153} INFO - Started process (PID=74229) to work on /home/airflow/.local/lib/python3.7/site-packages/airflow/example_dags/example_trigger_controller_dag.py
[2023-10-20T05:08:15.563+0000] {processor.py:743} INFO - Processing file /home/airflow/.local/lib/python3.7/site-packages/airflow/example_dags/example_trigger_controller_dag.py for tasks to queue
[2023-10-20T05:08:15.564+0000] {logging_mixin.py:137} INFO - [2023-10-20T05:08:15.564+0000] {dagbag.py:538} INFO - Filling up the DagBag from /home/airflow/.local/lib/python3.7/site-packages/airflow/example_dags/example_trigger_controller_dag.py
[2023-10-20T05:08:15.570+0000] {processor.py:753} INFO - DAG(s) dict_keys(['example_trigger_controller_dag']) retrieved from /home/airflow/.local/lib/python3.7/site-packages/airflow/example_dags/example_trigger_controller_dag.py
[2023-10-20T05:08:15.584+0000] {logging_mixin.py:137} INFO - [2023-10-20T05:08:15.584+0000] {dag.py:2690} INFO - Sync 1 DAGs
[2023-10-20T05:08:15.596+0000] {logging_mixin.py:137} INFO - [2023-10-20T05:08:15.595+0000] {dag.py:3441} INFO - Setting next_dagrun for example_trigger_controller_dag to 2021-01-01T00:00:00+00:00, run_after=2021-01-01T00:00:00+00:00
[2023-10-20T05:08:15.604+0000] {processor.py:175} INFO - Processing /home/airflow/.local/lib/python3.7/site-packages/airflow/example_dags/example_trigger_controller_dag.py took 0.043 seconds
[2023-10-20T06:18:01.360+0000] {processor.py:153} INFO - Started process (PID=74323) to work on /home/airflow/.local/lib/python3.7/site-packages/airflow/example_dags/example_trigger_controller_dag.py
[2023-10-20T06:18:01.362+0000] {processor.py:743} INFO - Processing file /home/airflow/.local/lib/python3.7/site-packages/airflow/example_dags/example_trigger_controller_dag.py for tasks to queue
[2023-10-20T06:18:01.362+0000] {logging_mixin.py:137} INFO - [2023-10-20T06:18:01.362+0000] {dagbag.py:538} INFO - Filling up the DagBag from /home/airflow/.local/lib/python3.7/site-packages/airflow/example_dags/example_trigger_controller_dag.py
[2023-10-20T06:18:01.373+0000] {processor.py:753} INFO - DAG(s) dict_keys(['example_trigger_controller_dag']) retrieved from /home/airflow/.local/lib/python3.7/site-packages/airflow/example_dags/example_trigger_controller_dag.py
[2023-10-20T06:18:01.395+0000] {logging_mixin.py:137} INFO - [2023-10-20T06:18:01.395+0000] {dag.py:2690} INFO - Sync 1 DAGs
[2023-10-20T06:18:01.414+0000] {logging_mixin.py:137} INFO - [2023-10-20T06:18:01.414+0000] {dag.py:3441} INFO - Setting next_dagrun for example_trigger_controller_dag to 2021-01-01T00:00:00+00:00, run_after=2021-01-01T00:00:00+00:00
[2023-10-20T06:18:01.430+0000] {processor.py:175} INFO - Processing /home/airflow/.local/lib/python3.7/site-packages/airflow/example_dags/example_trigger_controller_dag.py took 0.073 seconds
[2023-10-20T07:44:01.807+0000] {processor.py:153} INFO - Started process (PID=74418) to work on /home/airflow/.local/lib/python3.7/site-packages/airflow/example_dags/example_trigger_controller_dag.py
[2023-10-20T07:44:01.807+0000] {processor.py:743} INFO - Processing file /home/airflow/.local/lib/python3.7/site-packages/airflow/example_dags/example_trigger_controller_dag.py for tasks to queue
[2023-10-20T07:44:01.808+0000] {logging_mixin.py:137} INFO - [2023-10-20T07:44:01.808+0000] {dagbag.py:538} INFO - Filling up the DagBag from /home/airflow/.local/lib/python3.7/site-packages/airflow/example_dags/example_trigger_controller_dag.py
[2023-10-20T07:44:01.815+0000] {processor.py:753} INFO - DAG(s) dict_keys(['example_trigger_controller_dag']) retrieved from /home/airflow/.local/lib/python3.7/site-packages/airflow/example_dags/example_trigger_controller_dag.py
[2023-10-20T07:44:01.828+0000] {logging_mixin.py:137} INFO - [2023-10-20T07:44:01.828+0000] {dag.py:2690} INFO - Sync 1 DAGs
[2023-10-20T07:44:01.840+0000] {logging_mixin.py:137} INFO - [2023-10-20T07:44:01.840+0000] {dag.py:3441} INFO - Setting next_dagrun for example_trigger_controller_dag to 2021-01-01T00:00:00+00:00, run_after=2021-01-01T00:00:00+00:00
[2023-10-20T07:44:01.849+0000] {processor.py:175} INFO - Processing /home/airflow/.local/lib/python3.7/site-packages/airflow/example_dags/example_trigger_controller_dag.py took 0.044 seconds
[2023-10-20T09:05:40.834+0000] {processor.py:153} INFO - Started process (PID=74494) to work on /home/airflow/.local/lib/python3.7/site-packages/airflow/example_dags/example_trigger_controller_dag.py
[2023-10-20T09:05:40.835+0000] {processor.py:743} INFO - Processing file /home/airflow/.local/lib/python3.7/site-packages/airflow/example_dags/example_trigger_controller_dag.py for tasks to queue
[2023-10-20T09:05:40.836+0000] {logging_mixin.py:137} INFO - [2023-10-20T09:05:40.836+0000] {dagbag.py:538} INFO - Filling up the DagBag from /home/airflow/.local/lib/python3.7/site-packages/airflow/example_dags/example_trigger_controller_dag.py
[2023-10-20T09:05:40.847+0000] {processor.py:753} INFO - DAG(s) dict_keys(['example_trigger_controller_dag']) retrieved from /home/airflow/.local/lib/python3.7/site-packages/airflow/example_dags/example_trigger_controller_dag.py
[2023-10-20T09:05:40.871+0000] {logging_mixin.py:137} INFO - [2023-10-20T09:05:40.871+0000] {dag.py:2690} INFO - Sync 1 DAGs
[2023-10-20T09:05:40.886+0000] {logging_mixin.py:137} INFO - [2023-10-20T09:05:40.886+0000] {dag.py:3441} INFO - Setting next_dagrun for example_trigger_controller_dag to 2021-01-01T00:00:00+00:00, run_after=2021-01-01T00:00:00+00:00
[2023-10-20T09:05:40.896+0000] {processor.py:175} INFO - Processing /home/airflow/.local/lib/python3.7/site-packages/airflow/example_dags/example_trigger_controller_dag.py took 0.069 seconds
[2023-10-20T10:31:09.458+0000] {processor.py:153} INFO - Started process (PID=74588) to work on /home/airflow/.local/lib/python3.7/site-packages/airflow/example_dags/example_trigger_controller_dag.py
[2023-10-20T10:31:09.459+0000] {processor.py:743} INFO - Processing file /home/airflow/.local/lib/python3.7/site-packages/airflow/example_dags/example_trigger_controller_dag.py for tasks to queue
[2023-10-20T10:31:09.460+0000] {logging_mixin.py:137} INFO - [2023-10-20T10:31:09.460+0000] {dagbag.py:538} INFO - Filling up the DagBag from /home/airflow/.local/lib/python3.7/site-packages/airflow/example_dags/example_trigger_controller_dag.py
[2023-10-20T10:31:09.468+0000] {processor.py:753} INFO - DAG(s) dict_keys(['example_trigger_controller_dag']) retrieved from /home/airflow/.local/lib/python3.7/site-packages/airflow/example_dags/example_trigger_controller_dag.py
[2023-10-20T10:31:09.485+0000] {logging_mixin.py:137} INFO - [2023-10-20T10:31:09.485+0000] {dag.py:2690} INFO - Sync 1 DAGs
[2023-10-20T10:31:09.499+0000] {logging_mixin.py:137} INFO - [2023-10-20T10:31:09.499+0000] {dag.py:3441} INFO - Setting next_dagrun for example_trigger_controller_dag to 2021-01-01T00:00:00+00:00, run_after=2021-01-01T00:00:00+00:00
[2023-10-20T10:31:09.509+0000] {processor.py:175} INFO - Processing /home/airflow/.local/lib/python3.7/site-packages/airflow/example_dags/example_trigger_controller_dag.py took 0.053 seconds
[2023-10-20T11:57:00.385+0000] {processor.py:153} INFO - Started process (PID=74682) to work on /home/airflow/.local/lib/python3.7/site-packages/airflow/example_dags/example_trigger_controller_dag.py
[2023-10-20T11:57:00.386+0000] {processor.py:743} INFO - Processing file /home/airflow/.local/lib/python3.7/site-packages/airflow/example_dags/example_trigger_controller_dag.py for tasks to queue
[2023-10-20T11:57:00.386+0000] {logging_mixin.py:137} INFO - [2023-10-20T11:57:00.386+0000] {dagbag.py:538} INFO - Filling up the DagBag from /home/airflow/.local/lib/python3.7/site-packages/airflow/example_dags/example_trigger_controller_dag.py
[2023-10-20T11:57:00.393+0000] {processor.py:753} INFO - DAG(s) dict_keys(['example_trigger_controller_dag']) retrieved from /home/airflow/.local/lib/python3.7/site-packages/airflow/example_dags/example_trigger_controller_dag.py
[2023-10-20T11:57:00.414+0000] {logging_mixin.py:137} INFO - [2023-10-20T11:57:00.414+0000] {dag.py:2690} INFO - Sync 1 DAGs
[2023-10-20T11:57:00.428+0000] {logging_mixin.py:137} INFO - [2023-10-20T11:57:00.428+0000] {dag.py:3441} INFO - Setting next_dagrun for example_trigger_controller_dag to 2021-01-01T00:00:00+00:00, run_after=2021-01-01T00:00:00+00:00
[2023-10-20T11:57:00.438+0000] {processor.py:175} INFO - Processing /home/airflow/.local/lib/python3.7/site-packages/airflow/example_dags/example_trigger_controller_dag.py took 0.055 seconds
[2023-10-20T13:09:21.395+0000] {processor.py:153} INFO - Started process (PID=74758) to work on /home/airflow/.local/lib/python3.7/site-packages/airflow/example_dags/example_trigger_controller_dag.py
[2023-10-20T13:09:21.396+0000] {processor.py:743} INFO - Processing file /home/airflow/.local/lib/python3.7/site-packages/airflow/example_dags/example_trigger_controller_dag.py for tasks to queue
[2023-10-20T13:09:21.397+0000] {logging_mixin.py:137} INFO - [2023-10-20T13:09:21.397+0000] {dagbag.py:538} INFO - Filling up the DagBag from /home/airflow/.local/lib/python3.7/site-packages/airflow/example_dags/example_trigger_controller_dag.py
[2023-10-20T13:09:21.407+0000] {processor.py:753} INFO - DAG(s) dict_keys(['example_trigger_controller_dag']) retrieved from /home/airflow/.local/lib/python3.7/site-packages/airflow/example_dags/example_trigger_controller_dag.py
[2023-10-20T13:09:21.429+0000] {logging_mixin.py:137} INFO - [2023-10-20T13:09:21.429+0000] {dag.py:2690} INFO - Sync 1 DAGs
[2023-10-20T13:09:21.446+0000] {logging_mixin.py:137} INFO - [2023-10-20T13:09:21.446+0000] {dag.py:3441} INFO - Setting next_dagrun for example_trigger_controller_dag to 2021-01-01T00:00:00+00:00, run_after=2021-01-01T00:00:00+00:00
[2023-10-20T13:09:21.460+0000] {processor.py:175} INFO - Processing /home/airflow/.local/lib/python3.7/site-packages/airflow/example_dags/example_trigger_controller_dag.py took 0.068 seconds
[2023-10-20T13:09:52.162+0000] {processor.py:153} INFO - Started process (PID=74851) to work on /home/airflow/.local/lib/python3.7/site-packages/airflow/example_dags/example_trigger_controller_dag.py
[2023-10-20T13:09:52.162+0000] {processor.py:743} INFO - Processing file /home/airflow/.local/lib/python3.7/site-packages/airflow/example_dags/example_trigger_controller_dag.py for tasks to queue
[2023-10-20T13:09:52.163+0000] {logging_mixin.py:137} INFO - [2023-10-20T13:09:52.162+0000] {dagbag.py:538} INFO - Filling up the DagBag from /home/airflow/.local/lib/python3.7/site-packages/airflow/example_dags/example_trigger_controller_dag.py
[2023-10-20T13:09:52.169+0000] {processor.py:753} INFO - DAG(s) dict_keys(['example_trigger_controller_dag']) retrieved from /home/airflow/.local/lib/python3.7/site-packages/airflow/example_dags/example_trigger_controller_dag.py
[2023-10-20T13:09:52.183+0000] {logging_mixin.py:137} INFO - [2023-10-20T13:09:52.183+0000] {dag.py:2690} INFO - Sync 1 DAGs
[2023-10-20T13:09:52.194+0000] {logging_mixin.py:137} INFO - [2023-10-20T13:09:52.194+0000] {dag.py:3441} INFO - Setting next_dagrun for example_trigger_controller_dag to 2021-01-01T00:00:00+00:00, run_after=2021-01-01T00:00:00+00:00
[2023-10-20T13:09:52.203+0000] {processor.py:175} INFO - Processing /home/airflow/.local/lib/python3.7/site-packages/airflow/example_dags/example_trigger_controller_dag.py took 0.043 seconds
[2023-10-20T13:10:22.961+0000] {processor.py:153} INFO - Started process (PID=74945) to work on /home/airflow/.local/lib/python3.7/site-packages/airflow/example_dags/example_trigger_controller_dag.py
[2023-10-20T13:10:22.962+0000] {processor.py:743} INFO - Processing file /home/airflow/.local/lib/python3.7/site-packages/airflow/example_dags/example_trigger_controller_dag.py for tasks to queue
[2023-10-20T13:10:22.962+0000] {logging_mixin.py:137} INFO - [2023-10-20T13:10:22.962+0000] {dagbag.py:538} INFO - Filling up the DagBag from /home/airflow/.local/lib/python3.7/site-packages/airflow/example_dags/example_trigger_controller_dag.py
[2023-10-20T13:10:22.969+0000] {processor.py:753} INFO - DAG(s) dict_keys(['example_trigger_controller_dag']) retrieved from /home/airflow/.local/lib/python3.7/site-packages/airflow/example_dags/example_trigger_controller_dag.py
[2023-10-20T13:10:22.982+0000] {logging_mixin.py:137} INFO - [2023-10-20T13:10:22.982+0000] {dag.py:2690} INFO - Sync 1 DAGs
[2023-10-20T13:10:22.994+0000] {logging_mixin.py:137} INFO - [2023-10-20T13:10:22.994+0000] {dag.py:3441} INFO - Setting next_dagrun for example_trigger_controller_dag to 2021-01-01T00:00:00+00:00, run_after=2021-01-01T00:00:00+00:00
[2023-10-20T13:10:23.003+0000] {processor.py:175} INFO - Processing /home/airflow/.local/lib/python3.7/site-packages/airflow/example_dags/example_trigger_controller_dag.py took 0.044 seconds
[2023-10-20T13:10:53.701+0000] {processor.py:153} INFO - Started process (PID=75039) to work on /home/airflow/.local/lib/python3.7/site-packages/airflow/example_dags/example_trigger_controller_dag.py
[2023-10-20T13:10:53.702+0000] {processor.py:743} INFO - Processing file /home/airflow/.local/lib/python3.7/site-packages/airflow/example_dags/example_trigger_controller_dag.py for tasks to queue
[2023-10-20T13:10:53.702+0000] {logging_mixin.py:137} INFO - [2023-10-20T13:10:53.702+0000] {dagbag.py:538} INFO - Filling up the DagBag from /home/airflow/.local/lib/python3.7/site-packages/airflow/example_dags/example_trigger_controller_dag.py
[2023-10-20T13:10:53.708+0000] {processor.py:753} INFO - DAG(s) dict_keys(['example_trigger_controller_dag']) retrieved from /home/airflow/.local/lib/python3.7/site-packages/airflow/example_dags/example_trigger_controller_dag.py
[2023-10-20T13:10:53.722+0000] {logging_mixin.py:137} INFO - [2023-10-20T13:10:53.722+0000] {dag.py:2690} INFO - Sync 1 DAGs
[2023-10-20T13:10:53.733+0000] {logging_mixin.py:137} INFO - [2023-10-20T13:10:53.733+0000] {dag.py:3441} INFO - Setting next_dagrun for example_trigger_controller_dag to 2021-01-01T00:00:00+00:00, run_after=2021-01-01T00:00:00+00:00
[2023-10-20T13:10:53.742+0000] {processor.py:175} INFO - Processing /home/airflow/.local/lib/python3.7/site-packages/airflow/example_dags/example_trigger_controller_dag.py took 0.043 seconds
[2023-10-20T13:11:24.316+0000] {processor.py:153} INFO - Started process (PID=75115) to work on /home/airflow/.local/lib/python3.7/site-packages/airflow/example_dags/example_trigger_controller_dag.py
[2023-10-20T13:11:24.316+0000] {processor.py:743} INFO - Processing file /home/airflow/.local/lib/python3.7/site-packages/airflow/example_dags/example_trigger_controller_dag.py for tasks to queue
[2023-10-20T13:11:24.317+0000] {logging_mixin.py:137} INFO - [2023-10-20T13:11:24.317+0000] {dagbag.py:538} INFO - Filling up the DagBag from /home/airflow/.local/lib/python3.7/site-packages/airflow/example_dags/example_trigger_controller_dag.py
[2023-10-20T13:11:24.323+0000] {processor.py:753} INFO - DAG(s) dict_keys(['example_trigger_controller_dag']) retrieved from /home/airflow/.local/lib/python3.7/site-packages/airflow/example_dags/example_trigger_controller_dag.py
[2023-10-20T13:11:24.336+0000] {logging_mixin.py:137} INFO - [2023-10-20T13:11:24.336+0000] {dag.py:2690} INFO - Sync 1 DAGs
[2023-10-20T13:11:24.348+0000] {logging_mixin.py:137} INFO - [2023-10-20T13:11:24.348+0000] {dag.py:3441} INFO - Setting next_dagrun for example_trigger_controller_dag to 2021-01-01T00:00:00+00:00, run_after=2021-01-01T00:00:00+00:00
[2023-10-20T13:11:24.357+0000] {processor.py:175} INFO - Processing /home/airflow/.local/lib/python3.7/site-packages/airflow/example_dags/example_trigger_controller_dag.py took 0.042 seconds
[2023-10-20T13:11:54.986+0000] {processor.py:153} INFO - Started process (PID=75209) to work on /home/airflow/.local/lib/python3.7/site-packages/airflow/example_dags/example_trigger_controller_dag.py
[2023-10-20T13:11:54.986+0000] {processor.py:743} INFO - Processing file /home/airflow/.local/lib/python3.7/site-packages/airflow/example_dags/example_trigger_controller_dag.py for tasks to queue
[2023-10-20T13:11:54.987+0000] {logging_mixin.py:137} INFO - [2023-10-20T13:11:54.986+0000] {dagbag.py:538} INFO - Filling up the DagBag from /home/airflow/.local/lib/python3.7/site-packages/airflow/example_dags/example_trigger_controller_dag.py
[2023-10-20T13:11:54.993+0000] {processor.py:753} INFO - DAG(s) dict_keys(['example_trigger_controller_dag']) retrieved from /home/airflow/.local/lib/python3.7/site-packages/airflow/example_dags/example_trigger_controller_dag.py
[2023-10-20T13:11:55.007+0000] {logging_mixin.py:137} INFO - [2023-10-20T13:11:55.006+0000] {dag.py:2690} INFO - Sync 1 DAGs
[2023-10-20T13:11:55.018+0000] {logging_mixin.py:137} INFO - [2023-10-20T13:11:55.018+0000] {dag.py:3441} INFO - Setting next_dagrun for example_trigger_controller_dag to 2021-01-01T00:00:00+00:00, run_after=2021-01-01T00:00:00+00:00
[2023-10-20T13:11:55.026+0000] {processor.py:175} INFO - Processing /home/airflow/.local/lib/python3.7/site-packages/airflow/example_dags/example_trigger_controller_dag.py took 0.043 seconds
[2023-10-20T13:12:25.611+0000] {processor.py:153} INFO - Started process (PID=75303) to work on /home/airflow/.local/lib/python3.7/site-packages/airflow/example_dags/example_trigger_controller_dag.py
[2023-10-20T13:12:25.611+0000] {processor.py:743} INFO - Processing file /home/airflow/.local/lib/python3.7/site-packages/airflow/example_dags/example_trigger_controller_dag.py for tasks to queue
[2023-10-20T13:12:25.612+0000] {logging_mixin.py:137} INFO - [2023-10-20T13:12:25.612+0000] {dagbag.py:538} INFO - Filling up the DagBag from /home/airflow/.local/lib/python3.7/site-packages/airflow/example_dags/example_trigger_controller_dag.py
[2023-10-20T13:12:25.618+0000] {processor.py:753} INFO - DAG(s) dict_keys(['example_trigger_controller_dag']) retrieved from /home/airflow/.local/lib/python3.7/site-packages/airflow/example_dags/example_trigger_controller_dag.py
[2023-10-20T13:12:25.631+0000] {logging_mixin.py:137} INFO - [2023-10-20T13:12:25.631+0000] {dag.py:2690} INFO - Sync 1 DAGs
[2023-10-20T13:12:25.643+0000] {logging_mixin.py:137} INFO - [2023-10-20T13:12:25.643+0000] {dag.py:3441} INFO - Setting next_dagrun for example_trigger_controller_dag to 2021-01-01T00:00:00+00:00, run_after=2021-01-01T00:00:00+00:00
[2023-10-20T13:12:25.651+0000] {processor.py:175} INFO - Processing /home/airflow/.local/lib/python3.7/site-packages/airflow/example_dags/example_trigger_controller_dag.py took 0.042 seconds
[2023-10-20T13:12:56.231+0000] {processor.py:153} INFO - Started process (PID=75397) to work on /home/airflow/.local/lib/python3.7/site-packages/airflow/example_dags/example_trigger_controller_dag.py
[2023-10-20T13:12:56.231+0000] {processor.py:743} INFO - Processing file /home/airflow/.local/lib/python3.7/site-packages/airflow/example_dags/example_trigger_controller_dag.py for tasks to queue
[2023-10-20T13:12:56.232+0000] {logging_mixin.py:137} INFO - [2023-10-20T13:12:56.232+0000] {dagbag.py:538} INFO - Filling up the DagBag from /home/airflow/.local/lib/python3.7/site-packages/airflow/example_dags/example_trigger_controller_dag.py
[2023-10-20T13:12:56.240+0000] {processor.py:753} INFO - DAG(s) dict_keys(['example_trigger_controller_dag']) retrieved from /home/airflow/.local/lib/python3.7/site-packages/airflow/example_dags/example_trigger_controller_dag.py
[2023-10-20T13:12:56.257+0000] {logging_mixin.py:137} INFO - [2023-10-20T13:12:56.257+0000] {dag.py:2690} INFO - Sync 1 DAGs
[2023-10-20T13:12:56.272+0000] {logging_mixin.py:137} INFO - [2023-10-20T13:12:56.271+0000] {dag.py:3441} INFO - Setting next_dagrun for example_trigger_controller_dag to 2021-01-01T00:00:00+00:00, run_after=2021-01-01T00:00:00+00:00
[2023-10-20T13:12:56.286+0000] {processor.py:175} INFO - Processing /home/airflow/.local/lib/python3.7/site-packages/airflow/example_dags/example_trigger_controller_dag.py took 0.058 seconds
[2023-10-20T13:13:26.851+0000] {processor.py:153} INFO - Started process (PID=75473) to work on /home/airflow/.local/lib/python3.7/site-packages/airflow/example_dags/example_trigger_controller_dag.py
[2023-10-20T13:13:26.852+0000] {processor.py:743} INFO - Processing file /home/airflow/.local/lib/python3.7/site-packages/airflow/example_dags/example_trigger_controller_dag.py for tasks to queue
[2023-10-20T13:13:26.852+0000] {logging_mixin.py:137} INFO - [2023-10-20T13:13:26.852+0000] {dagbag.py:538} INFO - Filling up the DagBag from /home/airflow/.local/lib/python3.7/site-packages/airflow/example_dags/example_trigger_controller_dag.py
[2023-10-20T13:13:26.859+0000] {processor.py:753} INFO - DAG(s) dict_keys(['example_trigger_controller_dag']) retrieved from /home/airflow/.local/lib/python3.7/site-packages/airflow/example_dags/example_trigger_controller_dag.py
[2023-10-20T13:13:26.876+0000] {logging_mixin.py:137} INFO - [2023-10-20T13:13:26.876+0000] {dag.py:2690} INFO - Sync 1 DAGs
[2023-10-20T13:13:26.889+0000] {logging_mixin.py:137} INFO - [2023-10-20T13:13:26.889+0000] {dag.py:3441} INFO - Setting next_dagrun for example_trigger_controller_dag to 2021-01-01T00:00:00+00:00, run_after=2021-01-01T00:00:00+00:00
[2023-10-20T13:13:26.898+0000] {processor.py:175} INFO - Processing /home/airflow/.local/lib/python3.7/site-packages/airflow/example_dags/example_trigger_controller_dag.py took 0.049 seconds
[2023-10-20T13:13:57.471+0000] {processor.py:153} INFO - Started process (PID=75567) to work on /home/airflow/.local/lib/python3.7/site-packages/airflow/example_dags/example_trigger_controller_dag.py
[2023-10-20T13:13:57.472+0000] {processor.py:743} INFO - Processing file /home/airflow/.local/lib/python3.7/site-packages/airflow/example_dags/example_trigger_controller_dag.py for tasks to queue
[2023-10-20T13:13:57.472+0000] {logging_mixin.py:137} INFO - [2023-10-20T13:13:57.472+0000] {dagbag.py:538} INFO - Filling up the DagBag from /home/airflow/.local/lib/python3.7/site-packages/airflow/example_dags/example_trigger_controller_dag.py
[2023-10-20T13:13:57.478+0000] {processor.py:753} INFO - DAG(s) dict_keys(['example_trigger_controller_dag']) retrieved from /home/airflow/.local/lib/python3.7/site-packages/airflow/example_dags/example_trigger_controller_dag.py
[2023-10-20T13:13:57.492+0000] {logging_mixin.py:137} INFO - [2023-10-20T13:13:57.492+0000] {dag.py:2690} INFO - Sync 1 DAGs
[2023-10-20T13:13:57.504+0000] {logging_mixin.py:137} INFO - [2023-10-20T13:13:57.504+0000] {dag.py:3441} INFO - Setting next_dagrun for example_trigger_controller_dag to 2021-01-01T00:00:00+00:00, run_after=2021-01-01T00:00:00+00:00
[2023-10-20T13:13:57.513+0000] {processor.py:175} INFO - Processing /home/airflow/.local/lib/python3.7/site-packages/airflow/example_dags/example_trigger_controller_dag.py took 0.044 seconds
[2023-10-20T13:14:28.125+0000] {processor.py:153} INFO - Started process (PID=75661) to work on /home/airflow/.local/lib/python3.7/site-packages/airflow/example_dags/example_trigger_controller_dag.py
[2023-10-20T13:14:28.126+0000] {processor.py:743} INFO - Processing file /home/airflow/.local/lib/python3.7/site-packages/airflow/example_dags/example_trigger_controller_dag.py for tasks to queue
[2023-10-20T13:14:28.126+0000] {logging_mixin.py:137} INFO - [2023-10-20T13:14:28.126+0000] {dagbag.py:538} INFO - Filling up the DagBag from /home/airflow/.local/lib/python3.7/site-packages/airflow/example_dags/example_trigger_controller_dag.py
[2023-10-20T13:14:28.133+0000] {processor.py:753} INFO - DAG(s) dict_keys(['example_trigger_controller_dag']) retrieved from /home/airflow/.local/lib/python3.7/site-packages/airflow/example_dags/example_trigger_controller_dag.py
[2023-10-20T13:14:28.147+0000] {logging_mixin.py:137} INFO - [2023-10-20T13:14:28.147+0000] {dag.py:2690} INFO - Sync 1 DAGs
[2023-10-20T13:14:28.159+0000] {logging_mixin.py:137} INFO - [2023-10-20T13:14:28.159+0000] {dag.py:3441} INFO - Setting next_dagrun for example_trigger_controller_dag to 2021-01-01T00:00:00+00:00, run_after=2021-01-01T00:00:00+00:00
[2023-10-20T13:14:28.168+0000] {processor.py:175} INFO - Processing /home/airflow/.local/lib/python3.7/site-packages/airflow/example_dags/example_trigger_controller_dag.py took 0.045 seconds
[2023-10-20T13:14:58.682+0000] {processor.py:153} INFO - Started process (PID=75737) to work on /home/airflow/.local/lib/python3.7/site-packages/airflow/example_dags/example_trigger_controller_dag.py
[2023-10-20T13:14:58.682+0000] {processor.py:743} INFO - Processing file /home/airflow/.local/lib/python3.7/site-packages/airflow/example_dags/example_trigger_controller_dag.py for tasks to queue
[2023-10-20T13:14:58.683+0000] {logging_mixin.py:137} INFO - [2023-10-20T13:14:58.682+0000] {dagbag.py:538} INFO - Filling up the DagBag from /home/airflow/.local/lib/python3.7/site-packages/airflow/example_dags/example_trigger_controller_dag.py
[2023-10-20T13:14:58.689+0000] {processor.py:753} INFO - DAG(s) dict_keys(['example_trigger_controller_dag']) retrieved from /home/airflow/.local/lib/python3.7/site-packages/airflow/example_dags/example_trigger_controller_dag.py
[2023-10-20T13:14:58.702+0000] {logging_mixin.py:137} INFO - [2023-10-20T13:14:58.702+0000] {dag.py:2690} INFO - Sync 1 DAGs
[2023-10-20T13:14:58.714+0000] {logging_mixin.py:137} INFO - [2023-10-20T13:14:58.714+0000] {dag.py:3441} INFO - Setting next_dagrun for example_trigger_controller_dag to 2021-01-01T00:00:00+00:00, run_after=2021-01-01T00:00:00+00:00
[2023-10-20T13:14:58.722+0000] {processor.py:175} INFO - Processing /home/airflow/.local/lib/python3.7/site-packages/airflow/example_dags/example_trigger_controller_dag.py took 0.043 seconds
[2023-10-20T13:15:29.552+0000] {processor.py:153} INFO - Started process (PID=75831) to work on /home/airflow/.local/lib/python3.7/site-packages/airflow/example_dags/example_trigger_controller_dag.py
[2023-10-20T13:15:29.552+0000] {processor.py:743} INFO - Processing file /home/airflow/.local/lib/python3.7/site-packages/airflow/example_dags/example_trigger_controller_dag.py for tasks to queue
[2023-10-20T13:15:29.553+0000] {logging_mixin.py:137} INFO - [2023-10-20T13:15:29.553+0000] {dagbag.py:538} INFO - Filling up the DagBag from /home/airflow/.local/lib/python3.7/site-packages/airflow/example_dags/example_trigger_controller_dag.py
[2023-10-20T13:15:29.559+0000] {processor.py:753} INFO - DAG(s) dict_keys(['example_trigger_controller_dag']) retrieved from /home/airflow/.local/lib/python3.7/site-packages/airflow/example_dags/example_trigger_controller_dag.py
[2023-10-20T13:15:29.573+0000] {logging_mixin.py:137} INFO - [2023-10-20T13:15:29.573+0000] {dag.py:2690} INFO - Sync 1 DAGs
[2023-10-20T13:15:29.585+0000] {logging_mixin.py:137} INFO - [2023-10-20T13:15:29.585+0000] {dag.py:3441} INFO - Setting next_dagrun for example_trigger_controller_dag to 2021-01-01T00:00:00+00:00, run_after=2021-01-01T00:00:00+00:00
[2023-10-20T13:15:29.593+0000] {processor.py:175} INFO - Processing /home/airflow/.local/lib/python3.7/site-packages/airflow/example_dags/example_trigger_controller_dag.py took 0.043 seconds
[2023-10-20T13:16:00.158+0000] {processor.py:153} INFO - Started process (PID=75925) to work on /home/airflow/.local/lib/python3.7/site-packages/airflow/example_dags/example_trigger_controller_dag.py
[2023-10-20T13:16:00.159+0000] {processor.py:743} INFO - Processing file /home/airflow/.local/lib/python3.7/site-packages/airflow/example_dags/example_trigger_controller_dag.py for tasks to queue
[2023-10-20T13:16:00.159+0000] {logging_mixin.py:137} INFO - [2023-10-20T13:16:00.159+0000] {dagbag.py:538} INFO - Filling up the DagBag from /home/airflow/.local/lib/python3.7/site-packages/airflow/example_dags/example_trigger_controller_dag.py
[2023-10-20T13:16:00.165+0000] {processor.py:753} INFO - DAG(s) dict_keys(['example_trigger_controller_dag']) retrieved from /home/airflow/.local/lib/python3.7/site-packages/airflow/example_dags/example_trigger_controller_dag.py
[2023-10-20T13:16:00.179+0000] {logging_mixin.py:137} INFO - [2023-10-20T13:16:00.179+0000] {dag.py:2690} INFO - Sync 1 DAGs
[2023-10-20T13:16:00.190+0000] {logging_mixin.py:137} INFO - [2023-10-20T13:16:00.190+0000] {dag.py:3441} INFO - Setting next_dagrun for example_trigger_controller_dag to 2021-01-01T00:00:00+00:00, run_after=2021-01-01T00:00:00+00:00
[2023-10-20T13:16:00.199+0000] {processor.py:175} INFO - Processing /home/airflow/.local/lib/python3.7/site-packages/airflow/example_dags/example_trigger_controller_dag.py took 0.043 seconds
[2023-10-20T13:16:30.673+0000] {processor.py:153} INFO - Started process (PID=76019) to work on /home/airflow/.local/lib/python3.7/site-packages/airflow/example_dags/example_trigger_controller_dag.py
[2023-10-20T13:16:30.674+0000] {processor.py:743} INFO - Processing file /home/airflow/.local/lib/python3.7/site-packages/airflow/example_dags/example_trigger_controller_dag.py for tasks to queue
[2023-10-20T13:16:30.674+0000] {logging_mixin.py:137} INFO - [2023-10-20T13:16:30.674+0000] {dagbag.py:538} INFO - Filling up the DagBag from /home/airflow/.local/lib/python3.7/site-packages/airflow/example_dags/example_trigger_controller_dag.py
[2023-10-20T13:16:30.680+0000] {processor.py:753} INFO - DAG(s) dict_keys(['example_trigger_controller_dag']) retrieved from /home/airflow/.local/lib/python3.7/site-packages/airflow/example_dags/example_trigger_controller_dag.py
[2023-10-20T13:16:30.694+0000] {logging_mixin.py:137} INFO - [2023-10-20T13:16:30.693+0000] {dag.py:2690} INFO - Sync 1 DAGs
[2023-10-20T13:16:30.706+0000] {logging_mixin.py:137} INFO - [2023-10-20T13:16:30.705+0000] {dag.py:3441} INFO - Setting next_dagrun for example_trigger_controller_dag to 2021-01-01T00:00:00+00:00, run_after=2021-01-01T00:00:00+00:00
[2023-10-20T13:16:30.714+0000] {processor.py:175} INFO - Processing /home/airflow/.local/lib/python3.7/site-packages/airflow/example_dags/example_trigger_controller_dag.py took 0.042 seconds
[2023-10-20T13:17:01.282+0000] {processor.py:153} INFO - Started process (PID=76095) to work on /home/airflow/.local/lib/python3.7/site-packages/airflow/example_dags/example_trigger_controller_dag.py
[2023-10-20T13:17:01.283+0000] {processor.py:743} INFO - Processing file /home/airflow/.local/lib/python3.7/site-packages/airflow/example_dags/example_trigger_controller_dag.py for tasks to queue
[2023-10-20T13:17:01.283+0000] {logging_mixin.py:137} INFO - [2023-10-20T13:17:01.283+0000] {dagbag.py:538} INFO - Filling up the DagBag from /home/airflow/.local/lib/python3.7/site-packages/airflow/example_dags/example_trigger_controller_dag.py
[2023-10-20T13:17:01.289+0000] {processor.py:753} INFO - DAG(s) dict_keys(['example_trigger_controller_dag']) retrieved from /home/airflow/.local/lib/python3.7/site-packages/airflow/example_dags/example_trigger_controller_dag.py
[2023-10-20T13:17:01.303+0000] {logging_mixin.py:137} INFO - [2023-10-20T13:17:01.303+0000] {dag.py:2690} INFO - Sync 1 DAGs
[2023-10-20T13:17:01.314+0000] {logging_mixin.py:137} INFO - [2023-10-20T13:17:01.314+0000] {dag.py:3441} INFO - Setting next_dagrun for example_trigger_controller_dag to 2021-01-01T00:00:00+00:00, run_after=2021-01-01T00:00:00+00:00
[2023-10-20T13:17:01.323+0000] {processor.py:175} INFO - Processing /home/airflow/.local/lib/python3.7/site-packages/airflow/example_dags/example_trigger_controller_dag.py took 0.043 seconds
[2023-10-20T13:17:31.948+0000] {processor.py:153} INFO - Started process (PID=76189) to work on /home/airflow/.local/lib/python3.7/site-packages/airflow/example_dags/example_trigger_controller_dag.py
[2023-10-20T13:17:31.949+0000] {processor.py:743} INFO - Processing file /home/airflow/.local/lib/python3.7/site-packages/airflow/example_dags/example_trigger_controller_dag.py for tasks to queue
[2023-10-20T13:17:31.949+0000] {logging_mixin.py:137} INFO - [2023-10-20T13:17:31.949+0000] {dagbag.py:538} INFO - Filling up the DagBag from /home/airflow/.local/lib/python3.7/site-packages/airflow/example_dags/example_trigger_controller_dag.py
[2023-10-20T13:17:31.956+0000] {processor.py:753} INFO - DAG(s) dict_keys(['example_trigger_controller_dag']) retrieved from /home/airflow/.local/lib/python3.7/site-packages/airflow/example_dags/example_trigger_controller_dag.py
[2023-10-20T13:17:31.968+0000] {logging_mixin.py:137} INFO - [2023-10-20T13:17:31.968+0000] {dag.py:2690} INFO - Sync 1 DAGs
[2023-10-20T13:17:31.980+0000] {logging_mixin.py:137} INFO - [2023-10-20T13:17:31.980+0000] {dag.py:3441} INFO - Setting next_dagrun for example_trigger_controller_dag to 2021-01-01T00:00:00+00:00, run_after=2021-01-01T00:00:00+00:00
[2023-10-20T13:17:31.988+0000] {processor.py:175} INFO - Processing /home/airflow/.local/lib/python3.7/site-packages/airflow/example_dags/example_trigger_controller_dag.py took 0.042 seconds
[2023-10-20T13:18:02.617+0000] {processor.py:153} INFO - Started process (PID=76283) to work on /home/airflow/.local/lib/python3.7/site-packages/airflow/example_dags/example_trigger_controller_dag.py
[2023-10-20T13:18:02.618+0000] {processor.py:743} INFO - Processing file /home/airflow/.local/lib/python3.7/site-packages/airflow/example_dags/example_trigger_controller_dag.py for tasks to queue
[2023-10-20T13:18:02.618+0000] {logging_mixin.py:137} INFO - [2023-10-20T13:18:02.618+0000] {dagbag.py:538} INFO - Filling up the DagBag from /home/airflow/.local/lib/python3.7/site-packages/airflow/example_dags/example_trigger_controller_dag.py
[2023-10-20T13:18:02.625+0000] {processor.py:753} INFO - DAG(s) dict_keys(['example_trigger_controller_dag']) retrieved from /home/airflow/.local/lib/python3.7/site-packages/airflow/example_dags/example_trigger_controller_dag.py
[2023-10-20T13:18:02.638+0000] {logging_mixin.py:137} INFO - [2023-10-20T13:18:02.638+0000] {dag.py:2690} INFO - Sync 1 DAGs
[2023-10-20T13:18:02.649+0000] {logging_mixin.py:137} INFO - [2023-10-20T13:18:02.649+0000] {dag.py:3441} INFO - Setting next_dagrun for example_trigger_controller_dag to 2021-01-01T00:00:00+00:00, run_after=2021-01-01T00:00:00+00:00
[2023-10-20T13:18:02.658+0000] {processor.py:175} INFO - Processing /home/airflow/.local/lib/python3.7/site-packages/airflow/example_dags/example_trigger_controller_dag.py took 0.043 seconds
[2023-10-20T13:18:33.264+0000] {processor.py:153} INFO - Started process (PID=76377) to work on /home/airflow/.local/lib/python3.7/site-packages/airflow/example_dags/example_trigger_controller_dag.py
[2023-10-20T13:18:33.265+0000] {processor.py:743} INFO - Processing file /home/airflow/.local/lib/python3.7/site-packages/airflow/example_dags/example_trigger_controller_dag.py for tasks to queue
[2023-10-20T13:18:33.265+0000] {logging_mixin.py:137} INFO - [2023-10-20T13:18:33.265+0000] {dagbag.py:538} INFO - Filling up the DagBag from /home/airflow/.local/lib/python3.7/site-packages/airflow/example_dags/example_trigger_controller_dag.py
[2023-10-20T13:18:33.271+0000] {processor.py:753} INFO - DAG(s) dict_keys(['example_trigger_controller_dag']) retrieved from /home/airflow/.local/lib/python3.7/site-packages/airflow/example_dags/example_trigger_controller_dag.py
[2023-10-20T13:18:33.284+0000] {logging_mixin.py:137} INFO - [2023-10-20T13:18:33.284+0000] {dag.py:2690} INFO - Sync 1 DAGs
[2023-10-20T13:18:33.296+0000] {logging_mixin.py:137} INFO - [2023-10-20T13:18:33.296+0000] {dag.py:3441} INFO - Setting next_dagrun for example_trigger_controller_dag to 2021-01-01T00:00:00+00:00, run_after=2021-01-01T00:00:00+00:00
[2023-10-20T13:18:33.305+0000] {processor.py:175} INFO - Processing /home/airflow/.local/lib/python3.7/site-packages/airflow/example_dags/example_trigger_controller_dag.py took 0.043 seconds
[2023-10-20T13:19:03.924+0000] {processor.py:153} INFO - Started process (PID=76453) to work on /home/airflow/.local/lib/python3.7/site-packages/airflow/example_dags/example_trigger_controller_dag.py
[2023-10-20T13:19:03.925+0000] {processor.py:743} INFO - Processing file /home/airflow/.local/lib/python3.7/site-packages/airflow/example_dags/example_trigger_controller_dag.py for tasks to queue
[2023-10-20T13:19:03.925+0000] {logging_mixin.py:137} INFO - [2023-10-20T13:19:03.925+0000] {dagbag.py:538} INFO - Filling up the DagBag from /home/airflow/.local/lib/python3.7/site-packages/airflow/example_dags/example_trigger_controller_dag.py
[2023-10-20T13:19:03.932+0000] {processor.py:753} INFO - DAG(s) dict_keys(['example_trigger_controller_dag']) retrieved from /home/airflow/.local/lib/python3.7/site-packages/airflow/example_dags/example_trigger_controller_dag.py
[2023-10-20T13:19:03.946+0000] {logging_mixin.py:137} INFO - [2023-10-20T13:19:03.946+0000] {dag.py:2690} INFO - Sync 1 DAGs
[2023-10-20T13:19:03.958+0000] {logging_mixin.py:137} INFO - [2023-10-20T13:19:03.958+0000] {dag.py:3441} INFO - Setting next_dagrun for example_trigger_controller_dag to 2021-01-01T00:00:00+00:00, run_after=2021-01-01T00:00:00+00:00
[2023-10-20T13:19:03.966+0000] {processor.py:175} INFO - Processing /home/airflow/.local/lib/python3.7/site-packages/airflow/example_dags/example_trigger_controller_dag.py took 0.044 seconds
[2023-10-20T13:19:34.521+0000] {processor.py:153} INFO - Started process (PID=76547) to work on /home/airflow/.local/lib/python3.7/site-packages/airflow/example_dags/example_trigger_controller_dag.py
[2023-10-20T13:19:34.522+0000] {processor.py:743} INFO - Processing file /home/airflow/.local/lib/python3.7/site-packages/airflow/example_dags/example_trigger_controller_dag.py for tasks to queue
[2023-10-20T13:19:34.522+0000] {logging_mixin.py:137} INFO - [2023-10-20T13:19:34.522+0000] {dagbag.py:538} INFO - Filling up the DagBag from /home/airflow/.local/lib/python3.7/site-packages/airflow/example_dags/example_trigger_controller_dag.py
[2023-10-20T13:19:34.529+0000] {processor.py:753} INFO - DAG(s) dict_keys(['example_trigger_controller_dag']) retrieved from /home/airflow/.local/lib/python3.7/site-packages/airflow/example_dags/example_trigger_controller_dag.py
[2023-10-20T13:19:34.544+0000] {logging_mixin.py:137} INFO - [2023-10-20T13:19:34.544+0000] {dag.py:2690} INFO - Sync 1 DAGs
[2023-10-20T13:19:34.557+0000] {logging_mixin.py:137} INFO - [2023-10-20T13:19:34.557+0000] {dag.py:3441} INFO - Setting next_dagrun for example_trigger_controller_dag to 2021-01-01T00:00:00+00:00, run_after=2021-01-01T00:00:00+00:00
[2023-10-20T13:19:34.566+0000] {processor.py:175} INFO - Processing /home/airflow/.local/lib/python3.7/site-packages/airflow/example_dags/example_trigger_controller_dag.py took 0.047 seconds
[2023-10-20T13:20:05.110+0000] {processor.py:153} INFO - Started process (PID=76641) to work on /home/airflow/.local/lib/python3.7/site-packages/airflow/example_dags/example_trigger_controller_dag.py
[2023-10-20T13:20:05.111+0000] {processor.py:743} INFO - Processing file /home/airflow/.local/lib/python3.7/site-packages/airflow/example_dags/example_trigger_controller_dag.py for tasks to queue
[2023-10-20T13:20:05.111+0000] {logging_mixin.py:137} INFO - [2023-10-20T13:20:05.111+0000] {dagbag.py:538} INFO - Filling up the DagBag from /home/airflow/.local/lib/python3.7/site-packages/airflow/example_dags/example_trigger_controller_dag.py
[2023-10-20T13:20:05.118+0000] {processor.py:753} INFO - DAG(s) dict_keys(['example_trigger_controller_dag']) retrieved from /home/airflow/.local/lib/python3.7/site-packages/airflow/example_dags/example_trigger_controller_dag.py
[2023-10-20T13:20:05.133+0000] {logging_mixin.py:137} INFO - [2023-10-20T13:20:05.133+0000] {dag.py:2690} INFO - Sync 1 DAGs
[2023-10-20T13:20:05.147+0000] {logging_mixin.py:137} INFO - [2023-10-20T13:20:05.146+0000] {dag.py:3441} INFO - Setting next_dagrun for example_trigger_controller_dag to 2021-01-01T00:00:00+00:00, run_after=2021-01-01T00:00:00+00:00
[2023-10-20T13:20:05.156+0000] {processor.py:175} INFO - Processing /home/airflow/.local/lib/python3.7/site-packages/airflow/example_dags/example_trigger_controller_dag.py took 0.048 seconds
[2023-10-20T13:20:35.722+0000] {processor.py:153} INFO - Started process (PID=76735) to work on /home/airflow/.local/lib/python3.7/site-packages/airflow/example_dags/example_trigger_controller_dag.py
[2023-10-20T13:20:35.723+0000] {processor.py:743} INFO - Processing file /home/airflow/.local/lib/python3.7/site-packages/airflow/example_dags/example_trigger_controller_dag.py for tasks to queue
[2023-10-20T13:20:35.724+0000] {logging_mixin.py:137} INFO - [2023-10-20T13:20:35.723+0000] {dagbag.py:538} INFO - Filling up the DagBag from /home/airflow/.local/lib/python3.7/site-packages/airflow/example_dags/example_trigger_controller_dag.py
[2023-10-20T13:20:35.731+0000] {processor.py:753} INFO - DAG(s) dict_keys(['example_trigger_controller_dag']) retrieved from /home/airflow/.local/lib/python3.7/site-packages/airflow/example_dags/example_trigger_controller_dag.py
[2023-10-20T13:20:35.748+0000] {logging_mixin.py:137} INFO - [2023-10-20T13:20:35.748+0000] {dag.py:2690} INFO - Sync 1 DAGs
[2023-10-20T13:20:35.761+0000] {logging_mixin.py:137} INFO - [2023-10-20T13:20:35.761+0000] {dag.py:3441} INFO - Setting next_dagrun for example_trigger_controller_dag to 2021-01-01T00:00:00+00:00, run_after=2021-01-01T00:00:00+00:00
[2023-10-20T13:20:35.770+0000] {processor.py:175} INFO - Processing /home/airflow/.local/lib/python3.7/site-packages/airflow/example_dags/example_trigger_controller_dag.py took 0.051 seconds
[2023-10-20T13:21:06.370+0000] {processor.py:153} INFO - Started process (PID=76811) to work on /home/airflow/.local/lib/python3.7/site-packages/airflow/example_dags/example_trigger_controller_dag.py
[2023-10-20T13:21:06.371+0000] {processor.py:743} INFO - Processing file /home/airflow/.local/lib/python3.7/site-packages/airflow/example_dags/example_trigger_controller_dag.py for tasks to queue
[2023-10-20T13:21:06.371+0000] {logging_mixin.py:137} INFO - [2023-10-20T13:21:06.371+0000] {dagbag.py:538} INFO - Filling up the DagBag from /home/airflow/.local/lib/python3.7/site-packages/airflow/example_dags/example_trigger_controller_dag.py
[2023-10-20T13:21:06.378+0000] {processor.py:753} INFO - DAG(s) dict_keys(['example_trigger_controller_dag']) retrieved from /home/airflow/.local/lib/python3.7/site-packages/airflow/example_dags/example_trigger_controller_dag.py
[2023-10-20T13:21:06.392+0000] {logging_mixin.py:137} INFO - [2023-10-20T13:21:06.392+0000] {dag.py:2690} INFO - Sync 1 DAGs
[2023-10-20T13:21:06.404+0000] {logging_mixin.py:137} INFO - [2023-10-20T13:21:06.404+0000] {dag.py:3441} INFO - Setting next_dagrun for example_trigger_controller_dag to 2021-01-01T00:00:00+00:00, run_after=2021-01-01T00:00:00+00:00
[2023-10-20T13:21:06.413+0000] {processor.py:175} INFO - Processing /home/airflow/.local/lib/python3.7/site-packages/airflow/example_dags/example_trigger_controller_dag.py took 0.045 seconds
[2023-10-20T13:21:37.042+0000] {processor.py:153} INFO - Started process (PID=76905) to work on /home/airflow/.local/lib/python3.7/site-packages/airflow/example_dags/example_trigger_controller_dag.py
[2023-10-20T13:21:37.042+0000] {processor.py:743} INFO - Processing file /home/airflow/.local/lib/python3.7/site-packages/airflow/example_dags/example_trigger_controller_dag.py for tasks to queue
[2023-10-20T13:21:37.043+0000] {logging_mixin.py:137} INFO - [2023-10-20T13:21:37.043+0000] {dagbag.py:538} INFO - Filling up the DagBag from /home/airflow/.local/lib/python3.7/site-packages/airflow/example_dags/example_trigger_controller_dag.py
[2023-10-20T13:21:37.049+0000] {processor.py:753} INFO - DAG(s) dict_keys(['example_trigger_controller_dag']) retrieved from /home/airflow/.local/lib/python3.7/site-packages/airflow/example_dags/example_trigger_controller_dag.py
[2023-10-20T13:21:37.063+0000] {logging_mixin.py:137} INFO - [2023-10-20T13:21:37.063+0000] {dag.py:2690} INFO - Sync 1 DAGs
[2023-10-20T13:21:37.074+0000] {logging_mixin.py:137} INFO - [2023-10-20T13:21:37.074+0000] {dag.py:3441} INFO - Setting next_dagrun for example_trigger_controller_dag to 2021-01-01T00:00:00+00:00, run_after=2021-01-01T00:00:00+00:00
[2023-10-20T13:21:37.082+0000] {processor.py:175} INFO - Processing /home/airflow/.local/lib/python3.7/site-packages/airflow/example_dags/example_trigger_controller_dag.py took 0.043 seconds
[2023-10-20T13:22:07.647+0000] {processor.py:153} INFO - Started process (PID=76999) to work on /home/airflow/.local/lib/python3.7/site-packages/airflow/example_dags/example_trigger_controller_dag.py
[2023-10-20T13:22:07.647+0000] {processor.py:743} INFO - Processing file /home/airflow/.local/lib/python3.7/site-packages/airflow/example_dags/example_trigger_controller_dag.py for tasks to queue
[2023-10-20T13:22:07.648+0000] {logging_mixin.py:137} INFO - [2023-10-20T13:22:07.648+0000] {dagbag.py:538} INFO - Filling up the DagBag from /home/airflow/.local/lib/python3.7/site-packages/airflow/example_dags/example_trigger_controller_dag.py
[2023-10-20T13:22:07.654+0000] {processor.py:753} INFO - DAG(s) dict_keys(['example_trigger_controller_dag']) retrieved from /home/airflow/.local/lib/python3.7/site-packages/airflow/example_dags/example_trigger_controller_dag.py
[2023-10-20T13:22:07.668+0000] {logging_mixin.py:137} INFO - [2023-10-20T13:22:07.667+0000] {dag.py:2690} INFO - Sync 1 DAGs
[2023-10-20T13:22:07.679+0000] {logging_mixin.py:137} INFO - [2023-10-20T13:22:07.679+0000] {dag.py:3441} INFO - Setting next_dagrun for example_trigger_controller_dag to 2021-01-01T00:00:00+00:00, run_after=2021-01-01T00:00:00+00:00
[2023-10-20T13:22:07.688+0000] {processor.py:175} INFO - Processing /home/airflow/.local/lib/python3.7/site-packages/airflow/example_dags/example_trigger_controller_dag.py took 0.043 seconds
[2023-10-20T13:22:38.354+0000] {processor.py:153} INFO - Started process (PID=77093) to work on /home/airflow/.local/lib/python3.7/site-packages/airflow/example_dags/example_trigger_controller_dag.py
[2023-10-20T13:22:38.355+0000] {processor.py:743} INFO - Processing file /home/airflow/.local/lib/python3.7/site-packages/airflow/example_dags/example_trigger_controller_dag.py for tasks to queue
[2023-10-20T13:22:38.355+0000] {logging_mixin.py:137} INFO - [2023-10-20T13:22:38.355+0000] {dagbag.py:538} INFO - Filling up the DagBag from /home/airflow/.local/lib/python3.7/site-packages/airflow/example_dags/example_trigger_controller_dag.py
[2023-10-20T13:22:38.361+0000] {processor.py:753} INFO - DAG(s) dict_keys(['example_trigger_controller_dag']) retrieved from /home/airflow/.local/lib/python3.7/site-packages/airflow/example_dags/example_trigger_controller_dag.py
[2023-10-20T13:22:38.375+0000] {logging_mixin.py:137} INFO - [2023-10-20T13:22:38.375+0000] {dag.py:2690} INFO - Sync 1 DAGs
[2023-10-20T13:22:38.387+0000] {logging_mixin.py:137} INFO - [2023-10-20T13:22:38.387+0000] {dag.py:3441} INFO - Setting next_dagrun for example_trigger_controller_dag to 2021-01-01T00:00:00+00:00, run_after=2021-01-01T00:00:00+00:00
[2023-10-20T13:22:38.396+0000] {processor.py:175} INFO - Processing /home/airflow/.local/lib/python3.7/site-packages/airflow/example_dags/example_trigger_controller_dag.py took 0.044 seconds
[2023-10-20T13:23:09.038+0000] {processor.py:153} INFO - Started process (PID=77169) to work on /home/airflow/.local/lib/python3.7/site-packages/airflow/example_dags/example_trigger_controller_dag.py
[2023-10-20T13:23:09.039+0000] {processor.py:743} INFO - Processing file /home/airflow/.local/lib/python3.7/site-packages/airflow/example_dags/example_trigger_controller_dag.py for tasks to queue
[2023-10-20T13:23:09.040+0000] {logging_mixin.py:137} INFO - [2023-10-20T13:23:09.039+0000] {dagbag.py:538} INFO - Filling up the DagBag from /home/airflow/.local/lib/python3.7/site-packages/airflow/example_dags/example_trigger_controller_dag.py
[2023-10-20T13:23:09.046+0000] {processor.py:753} INFO - DAG(s) dict_keys(['example_trigger_controller_dag']) retrieved from /home/airflow/.local/lib/python3.7/site-packages/airflow/example_dags/example_trigger_controller_dag.py
[2023-10-20T13:23:09.059+0000] {logging_mixin.py:137} INFO - [2023-10-20T13:23:09.059+0000] {dag.py:2690} INFO - Sync 1 DAGs
[2023-10-20T13:23:09.071+0000] {logging_mixin.py:137} INFO - [2023-10-20T13:23:09.071+0000] {dag.py:3441} INFO - Setting next_dagrun for example_trigger_controller_dag to 2021-01-01T00:00:00+00:00, run_after=2021-01-01T00:00:00+00:00
[2023-10-20T13:23:09.079+0000] {processor.py:175} INFO - Processing /home/airflow/.local/lib/python3.7/site-packages/airflow/example_dags/example_trigger_controller_dag.py took 0.043 seconds
[2023-10-20T13:23:39.609+0000] {processor.py:153} INFO - Started process (PID=77263) to work on /home/airflow/.local/lib/python3.7/site-packages/airflow/example_dags/example_trigger_controller_dag.py
[2023-10-20T13:23:39.609+0000] {processor.py:743} INFO - Processing file /home/airflow/.local/lib/python3.7/site-packages/airflow/example_dags/example_trigger_controller_dag.py for tasks to queue
[2023-10-20T13:23:39.610+0000] {logging_mixin.py:137} INFO - [2023-10-20T13:23:39.610+0000] {dagbag.py:538} INFO - Filling up the DagBag from /home/airflow/.local/lib/python3.7/site-packages/airflow/example_dags/example_trigger_controller_dag.py
[2023-10-20T13:23:39.616+0000] {processor.py:753} INFO - DAG(s) dict_keys(['example_trigger_controller_dag']) retrieved from /home/airflow/.local/lib/python3.7/site-packages/airflow/example_dags/example_trigger_controller_dag.py
[2023-10-20T13:23:39.629+0000] {logging_mixin.py:137} INFO - [2023-10-20T13:23:39.629+0000] {dag.py:2690} INFO - Sync 1 DAGs
[2023-10-20T13:23:39.641+0000] {logging_mixin.py:137} INFO - [2023-10-20T13:23:39.641+0000] {dag.py:3441} INFO - Setting next_dagrun for example_trigger_controller_dag to 2021-01-01T00:00:00+00:00, run_after=2021-01-01T00:00:00+00:00
[2023-10-20T13:23:39.650+0000] {processor.py:175} INFO - Processing /home/airflow/.local/lib/python3.7/site-packages/airflow/example_dags/example_trigger_controller_dag.py took 0.043 seconds
[2023-10-20T13:24:10.226+0000] {processor.py:153} INFO - Started process (PID=77357) to work on /home/airflow/.local/lib/python3.7/site-packages/airflow/example_dags/example_trigger_controller_dag.py
[2023-10-20T13:24:10.226+0000] {processor.py:743} INFO - Processing file /home/airflow/.local/lib/python3.7/site-packages/airflow/example_dags/example_trigger_controller_dag.py for tasks to queue
[2023-10-20T13:24:10.227+0000] {logging_mixin.py:137} INFO - [2023-10-20T13:24:10.227+0000] {dagbag.py:538} INFO - Filling up the DagBag from /home/airflow/.local/lib/python3.7/site-packages/airflow/example_dags/example_trigger_controller_dag.py
[2023-10-20T13:24:10.233+0000] {processor.py:753} INFO - DAG(s) dict_keys(['example_trigger_controller_dag']) retrieved from /home/airflow/.local/lib/python3.7/site-packages/airflow/example_dags/example_trigger_controller_dag.py
[2023-10-20T13:24:10.247+0000] {logging_mixin.py:137} INFO - [2023-10-20T13:24:10.247+0000] {dag.py:2690} INFO - Sync 1 DAGs
[2023-10-20T13:24:10.259+0000] {logging_mixin.py:137} INFO - [2023-10-20T13:24:10.259+0000] {dag.py:3441} INFO - Setting next_dagrun for example_trigger_controller_dag to 2021-01-01T00:00:00+00:00, run_after=2021-01-01T00:00:00+00:00
[2023-10-20T13:24:10.268+0000] {processor.py:175} INFO - Processing /home/airflow/.local/lib/python3.7/site-packages/airflow/example_dags/example_trigger_controller_dag.py took 0.044 seconds
[2023-10-20T13:24:40.886+0000] {processor.py:153} INFO - Started process (PID=77433) to work on /home/airflow/.local/lib/python3.7/site-packages/airflow/example_dags/example_trigger_controller_dag.py
[2023-10-20T13:24:40.886+0000] {processor.py:743} INFO - Processing file /home/airflow/.local/lib/python3.7/site-packages/airflow/example_dags/example_trigger_controller_dag.py for tasks to queue
[2023-10-20T13:24:40.887+0000] {logging_mixin.py:137} INFO - [2023-10-20T13:24:40.887+0000] {dagbag.py:538} INFO - Filling up the DagBag from /home/airflow/.local/lib/python3.7/site-packages/airflow/example_dags/example_trigger_controller_dag.py
[2023-10-20T13:24:40.893+0000] {processor.py:753} INFO - DAG(s) dict_keys(['example_trigger_controller_dag']) retrieved from /home/airflow/.local/lib/python3.7/site-packages/airflow/example_dags/example_trigger_controller_dag.py
[2023-10-20T13:24:40.907+0000] {logging_mixin.py:137} INFO - [2023-10-20T13:24:40.907+0000] {dag.py:2690} INFO - Sync 1 DAGs
[2023-10-20T13:24:40.919+0000] {logging_mixin.py:137} INFO - [2023-10-20T13:24:40.919+0000] {dag.py:3441} INFO - Setting next_dagrun for example_trigger_controller_dag to 2021-01-01T00:00:00+00:00, run_after=2021-01-01T00:00:00+00:00
[2023-10-20T13:24:40.927+0000] {processor.py:175} INFO - Processing /home/airflow/.local/lib/python3.7/site-packages/airflow/example_dags/example_trigger_controller_dag.py took 0.043 seconds
[2023-10-20T13:25:11.755+0000] {processor.py:153} INFO - Started process (PID=77527) to work on /home/airflow/.local/lib/python3.7/site-packages/airflow/example_dags/example_trigger_controller_dag.py
[2023-10-20T13:25:11.755+0000] {processor.py:743} INFO - Processing file /home/airflow/.local/lib/python3.7/site-packages/airflow/example_dags/example_trigger_controller_dag.py for tasks to queue
[2023-10-20T13:25:11.756+0000] {logging_mixin.py:137} INFO - [2023-10-20T13:25:11.756+0000] {dagbag.py:538} INFO - Filling up the DagBag from /home/airflow/.local/lib/python3.7/site-packages/airflow/example_dags/example_trigger_controller_dag.py
[2023-10-20T13:25:11.763+0000] {processor.py:753} INFO - DAG(s) dict_keys(['example_trigger_controller_dag']) retrieved from /home/airflow/.local/lib/python3.7/site-packages/airflow/example_dags/example_trigger_controller_dag.py
[2023-10-20T13:25:11.777+0000] {logging_mixin.py:137} INFO - [2023-10-20T13:25:11.777+0000] {dag.py:2690} INFO - Sync 1 DAGs
[2023-10-20T13:25:11.789+0000] {logging_mixin.py:137} INFO - [2023-10-20T13:25:11.789+0000] {dag.py:3441} INFO - Setting next_dagrun for example_trigger_controller_dag to 2021-01-01T00:00:00+00:00, run_after=2021-01-01T00:00:00+00:00
[2023-10-20T13:25:11.798+0000] {processor.py:175} INFO - Processing /home/airflow/.local/lib/python3.7/site-packages/airflow/example_dags/example_trigger_controller_dag.py took 0.046 seconds
[2023-10-20T13:25:42.412+0000] {processor.py:153} INFO - Started process (PID=77621) to work on /home/airflow/.local/lib/python3.7/site-packages/airflow/example_dags/example_trigger_controller_dag.py
[2023-10-20T13:25:42.413+0000] {processor.py:743} INFO - Processing file /home/airflow/.local/lib/python3.7/site-packages/airflow/example_dags/example_trigger_controller_dag.py for tasks to queue
[2023-10-20T13:25:42.413+0000] {logging_mixin.py:137} INFO - [2023-10-20T13:25:42.413+0000] {dagbag.py:538} INFO - Filling up the DagBag from /home/airflow/.local/lib/python3.7/site-packages/airflow/example_dags/example_trigger_controller_dag.py
[2023-10-20T13:25:42.420+0000] {processor.py:753} INFO - DAG(s) dict_keys(['example_trigger_controller_dag']) retrieved from /home/airflow/.local/lib/python3.7/site-packages/airflow/example_dags/example_trigger_controller_dag.py
[2023-10-20T13:25:42.434+0000] {logging_mixin.py:137} INFO - [2023-10-20T13:25:42.434+0000] {dag.py:2690} INFO - Sync 1 DAGs
[2023-10-20T13:25:42.446+0000] {logging_mixin.py:137} INFO - [2023-10-20T13:25:42.446+0000] {dag.py:3441} INFO - Setting next_dagrun for example_trigger_controller_dag to 2021-01-01T00:00:00+00:00, run_after=2021-01-01T00:00:00+00:00
[2023-10-20T13:25:42.454+0000] {processor.py:175} INFO - Processing /home/airflow/.local/lib/python3.7/site-packages/airflow/example_dags/example_trigger_controller_dag.py took 0.044 seconds
[2023-10-20T13:26:13.019+0000] {processor.py:153} INFO - Started process (PID=77715) to work on /home/airflow/.local/lib/python3.7/site-packages/airflow/example_dags/example_trigger_controller_dag.py
[2023-10-20T13:26:13.020+0000] {processor.py:743} INFO - Processing file /home/airflow/.local/lib/python3.7/site-packages/airflow/example_dags/example_trigger_controller_dag.py for tasks to queue
[2023-10-20T13:26:13.020+0000] {logging_mixin.py:137} INFO - [2023-10-20T13:26:13.020+0000] {dagbag.py:538} INFO - Filling up the DagBag from /home/airflow/.local/lib/python3.7/site-packages/airflow/example_dags/example_trigger_controller_dag.py
[2023-10-20T13:26:13.027+0000] {processor.py:753} INFO - DAG(s) dict_keys(['example_trigger_controller_dag']) retrieved from /home/airflow/.local/lib/python3.7/site-packages/airflow/example_dags/example_trigger_controller_dag.py
[2023-10-20T13:26:13.041+0000] {logging_mixin.py:137} INFO - [2023-10-20T13:26:13.041+0000] {dag.py:2690} INFO - Sync 1 DAGs
[2023-10-20T13:26:13.053+0000] {logging_mixin.py:137} INFO - [2023-10-20T13:26:13.053+0000] {dag.py:3441} INFO - Setting next_dagrun for example_trigger_controller_dag to 2021-01-01T00:00:00+00:00, run_after=2021-01-01T00:00:00+00:00
[2023-10-20T13:26:13.062+0000] {processor.py:175} INFO - Processing /home/airflow/.local/lib/python3.7/site-packages/airflow/example_dags/example_trigger_controller_dag.py took 0.045 seconds
[2023-10-20T13:26:43.849+0000] {processor.py:153} INFO - Started process (PID=77791) to work on /home/airflow/.local/lib/python3.7/site-packages/airflow/example_dags/example_trigger_controller_dag.py
[2023-10-20T13:26:43.850+0000] {processor.py:743} INFO - Processing file /home/airflow/.local/lib/python3.7/site-packages/airflow/example_dags/example_trigger_controller_dag.py for tasks to queue
[2023-10-20T13:26:43.850+0000] {logging_mixin.py:137} INFO - [2023-10-20T13:26:43.850+0000] {dagbag.py:538} INFO - Filling up the DagBag from /home/airflow/.local/lib/python3.7/site-packages/airflow/example_dags/example_trigger_controller_dag.py
[2023-10-20T13:26:43.856+0000] {processor.py:753} INFO - DAG(s) dict_keys(['example_trigger_controller_dag']) retrieved from /home/airflow/.local/lib/python3.7/site-packages/airflow/example_dags/example_trigger_controller_dag.py
[2023-10-20T13:26:43.871+0000] {logging_mixin.py:137} INFO - [2023-10-20T13:26:43.870+0000] {dag.py:2690} INFO - Sync 1 DAGs
[2023-10-20T13:26:43.883+0000] {logging_mixin.py:137} INFO - [2023-10-20T13:26:43.883+0000] {dag.py:3441} INFO - Setting next_dagrun for example_trigger_controller_dag to 2021-01-01T00:00:00+00:00, run_after=2021-01-01T00:00:00+00:00
[2023-10-20T13:26:43.893+0000] {processor.py:175} INFO - Processing /home/airflow/.local/lib/python3.7/site-packages/airflow/example_dags/example_trigger_controller_dag.py took 0.046 seconds
[2023-10-20T13:27:14.641+0000] {processor.py:153} INFO - Started process (PID=77885) to work on /home/airflow/.local/lib/python3.7/site-packages/airflow/example_dags/example_trigger_controller_dag.py
[2023-10-20T13:27:14.641+0000] {processor.py:743} INFO - Processing file /home/airflow/.local/lib/python3.7/site-packages/airflow/example_dags/example_trigger_controller_dag.py for tasks to queue
[2023-10-20T13:27:14.641+0000] {logging_mixin.py:137} INFO - [2023-10-20T13:27:14.641+0000] {dagbag.py:538} INFO - Filling up the DagBag from /home/airflow/.local/lib/python3.7/site-packages/airflow/example_dags/example_trigger_controller_dag.py
[2023-10-20T13:27:14.648+0000] {processor.py:753} INFO - DAG(s) dict_keys(['example_trigger_controller_dag']) retrieved from /home/airflow/.local/lib/python3.7/site-packages/airflow/example_dags/example_trigger_controller_dag.py
[2023-10-20T13:27:14.660+0000] {logging_mixin.py:137} INFO - [2023-10-20T13:27:14.660+0000] {dag.py:2690} INFO - Sync 1 DAGs
[2023-10-20T13:27:14.672+0000] {logging_mixin.py:137} INFO - [2023-10-20T13:27:14.672+0000] {dag.py:3441} INFO - Setting next_dagrun for example_trigger_controller_dag to 2021-01-01T00:00:00+00:00, run_after=2021-01-01T00:00:00+00:00
[2023-10-20T13:27:14.680+0000] {processor.py:175} INFO - Processing /home/airflow/.local/lib/python3.7/site-packages/airflow/example_dags/example_trigger_controller_dag.py took 0.042 seconds
[2023-10-20T13:27:45.265+0000] {processor.py:153} INFO - Started process (PID=77979) to work on /home/airflow/.local/lib/python3.7/site-packages/airflow/example_dags/example_trigger_controller_dag.py
[2023-10-20T13:27:45.266+0000] {processor.py:743} INFO - Processing file /home/airflow/.local/lib/python3.7/site-packages/airflow/example_dags/example_trigger_controller_dag.py for tasks to queue
[2023-10-20T13:27:45.266+0000] {logging_mixin.py:137} INFO - [2023-10-20T13:27:45.266+0000] {dagbag.py:538} INFO - Filling up the DagBag from /home/airflow/.local/lib/python3.7/site-packages/airflow/example_dags/example_trigger_controller_dag.py
[2023-10-20T13:27:45.273+0000] {processor.py:753} INFO - DAG(s) dict_keys(['example_trigger_controller_dag']) retrieved from /home/airflow/.local/lib/python3.7/site-packages/airflow/example_dags/example_trigger_controller_dag.py
[2023-10-20T13:27:45.287+0000] {logging_mixin.py:137} INFO - [2023-10-20T13:27:45.287+0000] {dag.py:2690} INFO - Sync 1 DAGs
[2023-10-20T13:27:45.300+0000] {logging_mixin.py:137} INFO - [2023-10-20T13:27:45.300+0000] {dag.py:3441} INFO - Setting next_dagrun for example_trigger_controller_dag to 2021-01-01T00:00:00+00:00, run_after=2021-01-01T00:00:00+00:00
[2023-10-20T13:27:45.308+0000] {processor.py:175} INFO - Processing /home/airflow/.local/lib/python3.7/site-packages/airflow/example_dags/example_trigger_controller_dag.py took 0.045 seconds
[2023-10-20T13:28:15.970+0000] {processor.py:153} INFO - Started process (PID=78074) to work on /home/airflow/.local/lib/python3.7/site-packages/airflow/example_dags/example_trigger_controller_dag.py
[2023-10-20T13:28:15.970+0000] {processor.py:743} INFO - Processing file /home/airflow/.local/lib/python3.7/site-packages/airflow/example_dags/example_trigger_controller_dag.py for tasks to queue
[2023-10-20T13:28:15.970+0000] {logging_mixin.py:137} INFO - [2023-10-20T13:28:15.970+0000] {dagbag.py:538} INFO - Filling up the DagBag from /home/airflow/.local/lib/python3.7/site-packages/airflow/example_dags/example_trigger_controller_dag.py
[2023-10-20T13:28:15.977+0000] {processor.py:753} INFO - DAG(s) dict_keys(['example_trigger_controller_dag']) retrieved from /home/airflow/.local/lib/python3.7/site-packages/airflow/example_dags/example_trigger_controller_dag.py
[2023-10-20T13:28:15.990+0000] {logging_mixin.py:137} INFO - [2023-10-20T13:28:15.990+0000] {dag.py:2690} INFO - Sync 1 DAGs
[2023-10-20T13:28:16.001+0000] {logging_mixin.py:137} INFO - [2023-10-20T13:28:16.001+0000] {dag.py:3441} INFO - Setting next_dagrun for example_trigger_controller_dag to 2021-01-01T00:00:00+00:00, run_after=2021-01-01T00:00:00+00:00
[2023-10-20T13:28:16.009+0000] {processor.py:175} INFO - Processing /home/airflow/.local/lib/python3.7/site-packages/airflow/example_dags/example_trigger_controller_dag.py took 0.042 seconds
