[2023-10-20T00:05:31.179+0000] {processor.py:153} INFO - Started process (PID=73906) to work on /home/airflow/.local/lib/python3.7/site-packages/airflow/example_dags/example_nested_branch_dag.py
[2023-10-20T00:05:31.180+0000] {processor.py:743} INFO - Processing file /home/airflow/.local/lib/python3.7/site-packages/airflow/example_dags/example_nested_branch_dag.py for tasks to queue
[2023-10-20T00:05:31.180+0000] {logging_mixin.py:137} INFO - [2023-10-20T00:05:31.180+0000] {dagbag.py:538} INFO - Filling up the DagBag from /home/airflow/.local/lib/python3.7/site-packages/airflow/example_dags/example_nested_branch_dag.py
[2023-10-20T00:05:31.203+0000] {processor.py:753} INFO - DAG(s) dict_keys(['example_nested_branch_dag']) retrieved from /home/airflow/.local/lib/python3.7/site-packages/airflow/example_dags/example_nested_branch_dag.py
[2023-10-20T00:05:31.230+0000] {logging_mixin.py:137} INFO - [2023-10-20T00:05:31.230+0000] {dag.py:2690} INFO - Sync 1 DAGs
[2023-10-20T00:05:31.252+0000] {logging_mixin.py:137} INFO - [2023-10-20T00:05:31.252+0000] {dag.py:3441} INFO - Setting next_dagrun for example_nested_branch_dag to 2023-10-19T00:00:00+00:00, run_after=2023-10-20T00:00:00+00:00
[2023-10-20T00:05:31.264+0000] {processor.py:175} INFO - Processing /home/airflow/.local/lib/python3.7/site-packages/airflow/example_dags/example_nested_branch_dag.py took 0.088 seconds
[2023-10-20T01:31:27.174+0000] {processor.py:153} INFO - Started process (PID=73982) to work on /home/airflow/.local/lib/python3.7/site-packages/airflow/example_dags/example_nested_branch_dag.py
[2023-10-20T01:31:27.174+0000] {processor.py:743} INFO - Processing file /home/airflow/.local/lib/python3.7/site-packages/airflow/example_dags/example_nested_branch_dag.py for tasks to queue
[2023-10-20T01:31:27.174+0000] {logging_mixin.py:137} INFO - [2023-10-20T01:31:27.174+0000] {dagbag.py:538} INFO - Filling up the DagBag from /home/airflow/.local/lib/python3.7/site-packages/airflow/example_dags/example_nested_branch_dag.py
[2023-10-20T01:31:27.187+0000] {processor.py:753} INFO - DAG(s) dict_keys(['example_nested_branch_dag']) retrieved from /home/airflow/.local/lib/python3.7/site-packages/airflow/example_dags/example_nested_branch_dag.py
[2023-10-20T01:31:27.200+0000] {logging_mixin.py:137} INFO - [2023-10-20T01:31:27.200+0000] {dag.py:2690} INFO - Sync 1 DAGs
[2023-10-20T01:31:27.212+0000] {logging_mixin.py:137} INFO - [2023-10-20T01:31:27.212+0000] {dag.py:3441} INFO - Setting next_dagrun for example_nested_branch_dag to 2023-10-19T00:00:00+00:00, run_after=2023-10-20T00:00:00+00:00
[2023-10-20T01:31:27.219+0000] {processor.py:175} INFO - Processing /home/airflow/.local/lib/python3.7/site-packages/airflow/example_dags/example_nested_branch_dag.py took 0.048 seconds
[2023-10-20T02:57:24.408+0000] {processor.py:153} INFO - Started process (PID=74076) to work on /home/airflow/.local/lib/python3.7/site-packages/airflow/example_dags/example_nested_branch_dag.py
[2023-10-20T02:57:24.408+0000] {processor.py:743} INFO - Processing file /home/airflow/.local/lib/python3.7/site-packages/airflow/example_dags/example_nested_branch_dag.py for tasks to queue
[2023-10-20T02:57:24.408+0000] {logging_mixin.py:137} INFO - [2023-10-20T02:57:24.408+0000] {dagbag.py:538} INFO - Filling up the DagBag from /home/airflow/.local/lib/python3.7/site-packages/airflow/example_dags/example_nested_branch_dag.py
[2023-10-20T02:57:24.421+0000] {processor.py:753} INFO - DAG(s) dict_keys(['example_nested_branch_dag']) retrieved from /home/airflow/.local/lib/python3.7/site-packages/airflow/example_dags/example_nested_branch_dag.py
[2023-10-20T02:57:24.434+0000] {logging_mixin.py:137} INFO - [2023-10-20T02:57:24.434+0000] {dag.py:2690} INFO - Sync 1 DAGs
[2023-10-20T02:57:24.446+0000] {logging_mixin.py:137} INFO - [2023-10-20T02:57:24.446+0000] {dag.py:3441} INFO - Setting next_dagrun for example_nested_branch_dag to 2023-10-19T00:00:00+00:00, run_after=2023-10-20T00:00:00+00:00
[2023-10-20T02:57:24.454+0000] {processor.py:175} INFO - Processing /home/airflow/.local/lib/python3.7/site-packages/airflow/example_dags/example_nested_branch_dag.py took 0.049 seconds
[2023-10-20T04:19:27.455+0000] {processor.py:153} INFO - Started process (PID=74170) to work on /home/airflow/.local/lib/python3.7/site-packages/airflow/example_dags/example_nested_branch_dag.py
[2023-10-20T04:19:27.455+0000] {processor.py:743} INFO - Processing file /home/airflow/.local/lib/python3.7/site-packages/airflow/example_dags/example_nested_branch_dag.py for tasks to queue
[2023-10-20T04:19:27.456+0000] {logging_mixin.py:137} INFO - [2023-10-20T04:19:27.456+0000] {dagbag.py:538} INFO - Filling up the DagBag from /home/airflow/.local/lib/python3.7/site-packages/airflow/example_dags/example_nested_branch_dag.py
[2023-10-20T04:19:27.470+0000] {processor.py:753} INFO - DAG(s) dict_keys(['example_nested_branch_dag']) retrieved from /home/airflow/.local/lib/python3.7/site-packages/airflow/example_dags/example_nested_branch_dag.py
[2023-10-20T04:19:27.484+0000] {logging_mixin.py:137} INFO - [2023-10-20T04:19:27.484+0000] {dag.py:2690} INFO - Sync 1 DAGs
[2023-10-20T04:19:27.497+0000] {logging_mixin.py:137} INFO - [2023-10-20T04:19:27.496+0000] {dag.py:3441} INFO - Setting next_dagrun for example_nested_branch_dag to 2023-10-19T00:00:00+00:00, run_after=2023-10-20T00:00:00+00:00
[2023-10-20T04:19:27.505+0000] {processor.py:175} INFO - Processing /home/airflow/.local/lib/python3.7/site-packages/airflow/example_dags/example_nested_branch_dag.py took 0.052 seconds
[2023-10-20T05:08:16.107+0000] {processor.py:153} INFO - Started process (PID=74246) to work on /home/airflow/.local/lib/python3.7/site-packages/airflow/example_dags/example_nested_branch_dag.py
[2023-10-20T05:08:16.108+0000] {processor.py:743} INFO - Processing file /home/airflow/.local/lib/python3.7/site-packages/airflow/example_dags/example_nested_branch_dag.py for tasks to queue
[2023-10-20T05:08:16.108+0000] {logging_mixin.py:137} INFO - [2023-10-20T05:08:16.108+0000] {dagbag.py:538} INFO - Filling up the DagBag from /home/airflow/.local/lib/python3.7/site-packages/airflow/example_dags/example_nested_branch_dag.py
[2023-10-20T05:08:16.125+0000] {processor.py:753} INFO - DAG(s) dict_keys(['example_nested_branch_dag']) retrieved from /home/airflow/.local/lib/python3.7/site-packages/airflow/example_dags/example_nested_branch_dag.py
[2023-10-20T05:08:16.142+0000] {logging_mixin.py:137} INFO - [2023-10-20T05:08:16.142+0000] {dag.py:2690} INFO - Sync 1 DAGs
[2023-10-20T05:08:16.156+0000] {logging_mixin.py:137} INFO - [2023-10-20T05:08:16.156+0000] {dag.py:3441} INFO - Setting next_dagrun for example_nested_branch_dag to 2023-10-19T00:00:00+00:00, run_after=2023-10-20T00:00:00+00:00
[2023-10-20T05:08:16.169+0000] {processor.py:175} INFO - Processing /home/airflow/.local/lib/python3.7/site-packages/airflow/example_dags/example_nested_branch_dag.py took 0.065 seconds
[2023-10-20T06:18:02.040+0000] {processor.py:153} INFO - Started process (PID=74340) to work on /home/airflow/.local/lib/python3.7/site-packages/airflow/example_dags/example_nested_branch_dag.py
[2023-10-20T06:18:02.040+0000] {processor.py:743} INFO - Processing file /home/airflow/.local/lib/python3.7/site-packages/airflow/example_dags/example_nested_branch_dag.py for tasks to queue
[2023-10-20T06:18:02.041+0000] {logging_mixin.py:137} INFO - [2023-10-20T06:18:02.041+0000] {dagbag.py:538} INFO - Filling up the DagBag from /home/airflow/.local/lib/python3.7/site-packages/airflow/example_dags/example_nested_branch_dag.py
[2023-10-20T06:18:02.054+0000] {processor.py:753} INFO - DAG(s) dict_keys(['example_nested_branch_dag']) retrieved from /home/airflow/.local/lib/python3.7/site-packages/airflow/example_dags/example_nested_branch_dag.py
[2023-10-20T06:18:02.067+0000] {logging_mixin.py:137} INFO - [2023-10-20T06:18:02.067+0000] {dag.py:2690} INFO - Sync 1 DAGs
[2023-10-20T06:18:02.079+0000] {logging_mixin.py:137} INFO - [2023-10-20T06:18:02.078+0000] {dag.py:3441} INFO - Setting next_dagrun for example_nested_branch_dag to 2023-10-19T00:00:00+00:00, run_after=2023-10-20T00:00:00+00:00
[2023-10-20T06:18:02.086+0000] {processor.py:175} INFO - Processing /home/airflow/.local/lib/python3.7/site-packages/airflow/example_dags/example_nested_branch_dag.py took 0.049 seconds
[2023-10-20T07:44:02.351+0000] {processor.py:153} INFO - Started process (PID=74435) to work on /home/airflow/.local/lib/python3.7/site-packages/airflow/example_dags/example_nested_branch_dag.py
[2023-10-20T07:44:02.352+0000] {processor.py:743} INFO - Processing file /home/airflow/.local/lib/python3.7/site-packages/airflow/example_dags/example_nested_branch_dag.py for tasks to queue
[2023-10-20T07:44:02.352+0000] {logging_mixin.py:137} INFO - [2023-10-20T07:44:02.352+0000] {dagbag.py:538} INFO - Filling up the DagBag from /home/airflow/.local/lib/python3.7/site-packages/airflow/example_dags/example_nested_branch_dag.py
[2023-10-20T07:44:02.364+0000] {processor.py:753} INFO - DAG(s) dict_keys(['example_nested_branch_dag']) retrieved from /home/airflow/.local/lib/python3.7/site-packages/airflow/example_dags/example_nested_branch_dag.py
[2023-10-20T07:44:02.377+0000] {logging_mixin.py:137} INFO - [2023-10-20T07:44:02.376+0000] {dag.py:2690} INFO - Sync 1 DAGs
[2023-10-20T07:44:02.389+0000] {logging_mixin.py:137} INFO - [2023-10-20T07:44:02.389+0000] {dag.py:3441} INFO - Setting next_dagrun for example_nested_branch_dag to 2023-10-19T00:00:00+00:00, run_after=2023-10-20T00:00:00+00:00
[2023-10-20T07:44:02.397+0000] {processor.py:175} INFO - Processing /home/airflow/.local/lib/python3.7/site-packages/airflow/example_dags/example_nested_branch_dag.py took 0.048 seconds
[2023-10-20T09:05:41.455+0000] {processor.py:153} INFO - Started process (PID=74511) to work on /home/airflow/.local/lib/python3.7/site-packages/airflow/example_dags/example_nested_branch_dag.py
[2023-10-20T09:05:41.455+0000] {processor.py:743} INFO - Processing file /home/airflow/.local/lib/python3.7/site-packages/airflow/example_dags/example_nested_branch_dag.py for tasks to queue
[2023-10-20T09:05:41.456+0000] {logging_mixin.py:137} INFO - [2023-10-20T09:05:41.456+0000] {dagbag.py:538} INFO - Filling up the DagBag from /home/airflow/.local/lib/python3.7/site-packages/airflow/example_dags/example_nested_branch_dag.py
[2023-10-20T09:05:41.468+0000] {processor.py:753} INFO - DAG(s) dict_keys(['example_nested_branch_dag']) retrieved from /home/airflow/.local/lib/python3.7/site-packages/airflow/example_dags/example_nested_branch_dag.py
[2023-10-20T09:05:41.482+0000] {logging_mixin.py:137} INFO - [2023-10-20T09:05:41.482+0000] {dag.py:2690} INFO - Sync 1 DAGs
[2023-10-20T09:05:41.493+0000] {logging_mixin.py:137} INFO - [2023-10-20T09:05:41.493+0000] {dag.py:3441} INFO - Setting next_dagrun for example_nested_branch_dag to 2023-10-19T00:00:00+00:00, run_after=2023-10-20T00:00:00+00:00
[2023-10-20T09:05:41.501+0000] {processor.py:175} INFO - Processing /home/airflow/.local/lib/python3.7/site-packages/airflow/example_dags/example_nested_branch_dag.py took 0.048 seconds
[2023-10-20T10:31:10.233+0000] {processor.py:153} INFO - Started process (PID=74605) to work on /home/airflow/.local/lib/python3.7/site-packages/airflow/example_dags/example_nested_branch_dag.py
[2023-10-20T10:31:10.234+0000] {processor.py:743} INFO - Processing file /home/airflow/.local/lib/python3.7/site-packages/airflow/example_dags/example_nested_branch_dag.py for tasks to queue
[2023-10-20T10:31:10.234+0000] {logging_mixin.py:137} INFO - [2023-10-20T10:31:10.234+0000] {dagbag.py:538} INFO - Filling up the DagBag from /home/airflow/.local/lib/python3.7/site-packages/airflow/example_dags/example_nested_branch_dag.py
[2023-10-20T10:31:10.247+0000] {processor.py:753} INFO - DAG(s) dict_keys(['example_nested_branch_dag']) retrieved from /home/airflow/.local/lib/python3.7/site-packages/airflow/example_dags/example_nested_branch_dag.py
[2023-10-20T10:31:10.260+0000] {logging_mixin.py:137} INFO - [2023-10-20T10:31:10.260+0000] {dag.py:2690} INFO - Sync 1 DAGs
[2023-10-20T10:31:10.273+0000] {logging_mixin.py:137} INFO - [2023-10-20T10:31:10.273+0000] {dag.py:3441} INFO - Setting next_dagrun for example_nested_branch_dag to 2023-10-19T00:00:00+00:00, run_after=2023-10-20T00:00:00+00:00
[2023-10-20T10:31:10.281+0000] {processor.py:175} INFO - Processing /home/airflow/.local/lib/python3.7/site-packages/airflow/example_dags/example_nested_branch_dag.py took 0.051 seconds
[2023-10-20T11:57:01.150+0000] {processor.py:153} INFO - Started process (PID=74699) to work on /home/airflow/.local/lib/python3.7/site-packages/airflow/example_dags/example_nested_branch_dag.py
[2023-10-20T11:57:01.151+0000] {processor.py:743} INFO - Processing file /home/airflow/.local/lib/python3.7/site-packages/airflow/example_dags/example_nested_branch_dag.py for tasks to queue
[2023-10-20T11:57:01.151+0000] {logging_mixin.py:137} INFO - [2023-10-20T11:57:01.151+0000] {dagbag.py:538} INFO - Filling up the DagBag from /home/airflow/.local/lib/python3.7/site-packages/airflow/example_dags/example_nested_branch_dag.py
[2023-10-20T11:57:01.164+0000] {processor.py:753} INFO - DAG(s) dict_keys(['example_nested_branch_dag']) retrieved from /home/airflow/.local/lib/python3.7/site-packages/airflow/example_dags/example_nested_branch_dag.py
[2023-10-20T11:57:01.177+0000] {logging_mixin.py:137} INFO - [2023-10-20T11:57:01.177+0000] {dag.py:2690} INFO - Sync 1 DAGs
[2023-10-20T11:57:01.190+0000] {logging_mixin.py:137} INFO - [2023-10-20T11:57:01.190+0000] {dag.py:3441} INFO - Setting next_dagrun for example_nested_branch_dag to 2023-10-19T00:00:00+00:00, run_after=2023-10-20T00:00:00+00:00
[2023-10-20T11:57:01.199+0000] {processor.py:175} INFO - Processing /home/airflow/.local/lib/python3.7/site-packages/airflow/example_dags/example_nested_branch_dag.py took 0.051 seconds
[2023-10-20T13:09:22.047+0000] {processor.py:153} INFO - Started process (PID=74775) to work on /home/airflow/.local/lib/python3.7/site-packages/airflow/example_dags/example_nested_branch_dag.py
[2023-10-20T13:09:22.047+0000] {processor.py:743} INFO - Processing file /home/airflow/.local/lib/python3.7/site-packages/airflow/example_dags/example_nested_branch_dag.py for tasks to queue
[2023-10-20T13:09:22.048+0000] {logging_mixin.py:137} INFO - [2023-10-20T13:09:22.048+0000] {dagbag.py:538} INFO - Filling up the DagBag from /home/airflow/.local/lib/python3.7/site-packages/airflow/example_dags/example_nested_branch_dag.py
[2023-10-20T13:09:22.061+0000] {processor.py:753} INFO - DAG(s) dict_keys(['example_nested_branch_dag']) retrieved from /home/airflow/.local/lib/python3.7/site-packages/airflow/example_dags/example_nested_branch_dag.py
[2023-10-20T13:09:22.075+0000] {logging_mixin.py:137} INFO - [2023-10-20T13:09:22.075+0000] {dag.py:2690} INFO - Sync 1 DAGs
[2023-10-20T13:09:22.087+0000] {logging_mixin.py:137} INFO - [2023-10-20T13:09:22.086+0000] {dag.py:3441} INFO - Setting next_dagrun for example_nested_branch_dag to 2023-10-19T00:00:00+00:00, run_after=2023-10-20T00:00:00+00:00
[2023-10-20T13:09:22.095+0000] {processor.py:175} INFO - Processing /home/airflow/.local/lib/python3.7/site-packages/airflow/example_dags/example_nested_branch_dag.py took 0.051 seconds
[2023-10-20T13:09:52.788+0000] {processor.py:153} INFO - Started process (PID=74868) to work on /home/airflow/.local/lib/python3.7/site-packages/airflow/example_dags/example_nested_branch_dag.py
[2023-10-20T13:09:52.789+0000] {processor.py:743} INFO - Processing file /home/airflow/.local/lib/python3.7/site-packages/airflow/example_dags/example_nested_branch_dag.py for tasks to queue
[2023-10-20T13:09:52.789+0000] {logging_mixin.py:137} INFO - [2023-10-20T13:09:52.789+0000] {dagbag.py:538} INFO - Filling up the DagBag from /home/airflow/.local/lib/python3.7/site-packages/airflow/example_dags/example_nested_branch_dag.py
[2023-10-20T13:09:52.802+0000] {processor.py:753} INFO - DAG(s) dict_keys(['example_nested_branch_dag']) retrieved from /home/airflow/.local/lib/python3.7/site-packages/airflow/example_dags/example_nested_branch_dag.py
[2023-10-20T13:09:52.816+0000] {logging_mixin.py:137} INFO - [2023-10-20T13:09:52.816+0000] {dag.py:2690} INFO - Sync 1 DAGs
[2023-10-20T13:09:52.829+0000] {logging_mixin.py:137} INFO - [2023-10-20T13:09:52.829+0000] {dag.py:3441} INFO - Setting next_dagrun for example_nested_branch_dag to 2023-10-19T00:00:00+00:00, run_after=2023-10-20T00:00:00+00:00
[2023-10-20T13:09:52.837+0000] {processor.py:175} INFO - Processing /home/airflow/.local/lib/python3.7/site-packages/airflow/example_dags/example_nested_branch_dag.py took 0.051 seconds
[2023-10-20T13:10:23.564+0000] {processor.py:153} INFO - Started process (PID=74962) to work on /home/airflow/.local/lib/python3.7/site-packages/airflow/example_dags/example_nested_branch_dag.py
[2023-10-20T13:10:23.565+0000] {processor.py:743} INFO - Processing file /home/airflow/.local/lib/python3.7/site-packages/airflow/example_dags/example_nested_branch_dag.py for tasks to queue
[2023-10-20T13:10:23.565+0000] {logging_mixin.py:137} INFO - [2023-10-20T13:10:23.565+0000] {dagbag.py:538} INFO - Filling up the DagBag from /home/airflow/.local/lib/python3.7/site-packages/airflow/example_dags/example_nested_branch_dag.py
[2023-10-20T13:10:23.579+0000] {processor.py:753} INFO - DAG(s) dict_keys(['example_nested_branch_dag']) retrieved from /home/airflow/.local/lib/python3.7/site-packages/airflow/example_dags/example_nested_branch_dag.py
[2023-10-20T13:10:23.592+0000] {logging_mixin.py:137} INFO - [2023-10-20T13:10:23.592+0000] {dag.py:2690} INFO - Sync 1 DAGs
[2023-10-20T13:10:23.604+0000] {logging_mixin.py:137} INFO - [2023-10-20T13:10:23.604+0000] {dag.py:3441} INFO - Setting next_dagrun for example_nested_branch_dag to 2023-10-19T00:00:00+00:00, run_after=2023-10-20T00:00:00+00:00
[2023-10-20T13:10:23.614+0000] {processor.py:175} INFO - Processing /home/airflow/.local/lib/python3.7/site-packages/airflow/example_dags/example_nested_branch_dag.py took 0.052 seconds
[2023-10-20T13:10:54.237+0000] {processor.py:153} INFO - Started process (PID=75056) to work on /home/airflow/.local/lib/python3.7/site-packages/airflow/example_dags/example_nested_branch_dag.py
[2023-10-20T13:10:54.238+0000] {processor.py:743} INFO - Processing file /home/airflow/.local/lib/python3.7/site-packages/airflow/example_dags/example_nested_branch_dag.py for tasks to queue
[2023-10-20T13:10:54.238+0000] {logging_mixin.py:137} INFO - [2023-10-20T13:10:54.238+0000] {dagbag.py:538} INFO - Filling up the DagBag from /home/airflow/.local/lib/python3.7/site-packages/airflow/example_dags/example_nested_branch_dag.py
[2023-10-20T13:10:54.251+0000] {processor.py:753} INFO - DAG(s) dict_keys(['example_nested_branch_dag']) retrieved from /home/airflow/.local/lib/python3.7/site-packages/airflow/example_dags/example_nested_branch_dag.py
[2023-10-20T13:10:54.263+0000] {logging_mixin.py:137} INFO - [2023-10-20T13:10:54.263+0000] {dag.py:2690} INFO - Sync 1 DAGs
[2023-10-20T13:10:54.276+0000] {logging_mixin.py:137} INFO - [2023-10-20T13:10:54.276+0000] {dag.py:3441} INFO - Setting next_dagrun for example_nested_branch_dag to 2023-10-19T00:00:00+00:00, run_after=2023-10-20T00:00:00+00:00
[2023-10-20T13:10:54.284+0000] {processor.py:175} INFO - Processing /home/airflow/.local/lib/python3.7/site-packages/airflow/example_dags/example_nested_branch_dag.py took 0.048 seconds
[2023-10-20T13:11:24.859+0000] {processor.py:153} INFO - Started process (PID=75132) to work on /home/airflow/.local/lib/python3.7/site-packages/airflow/example_dags/example_nested_branch_dag.py
[2023-10-20T13:11:24.860+0000] {processor.py:743} INFO - Processing file /home/airflow/.local/lib/python3.7/site-packages/airflow/example_dags/example_nested_branch_dag.py for tasks to queue
[2023-10-20T13:11:24.860+0000] {logging_mixin.py:137} INFO - [2023-10-20T13:11:24.860+0000] {dagbag.py:538} INFO - Filling up the DagBag from /home/airflow/.local/lib/python3.7/site-packages/airflow/example_dags/example_nested_branch_dag.py
[2023-10-20T13:11:24.874+0000] {processor.py:753} INFO - DAG(s) dict_keys(['example_nested_branch_dag']) retrieved from /home/airflow/.local/lib/python3.7/site-packages/airflow/example_dags/example_nested_branch_dag.py
[2023-10-20T13:11:24.887+0000] {logging_mixin.py:137} INFO - [2023-10-20T13:11:24.887+0000] {dag.py:2690} INFO - Sync 1 DAGs
[2023-10-20T13:11:24.899+0000] {logging_mixin.py:137} INFO - [2023-10-20T13:11:24.899+0000] {dag.py:3441} INFO - Setting next_dagrun for example_nested_branch_dag to 2023-10-19T00:00:00+00:00, run_after=2023-10-20T00:00:00+00:00
[2023-10-20T13:11:24.907+0000] {processor.py:175} INFO - Processing /home/airflow/.local/lib/python3.7/site-packages/airflow/example_dags/example_nested_branch_dag.py took 0.050 seconds
[2023-10-20T13:11:55.523+0000] {processor.py:153} INFO - Started process (PID=75226) to work on /home/airflow/.local/lib/python3.7/site-packages/airflow/example_dags/example_nested_branch_dag.py
[2023-10-20T13:11:55.523+0000] {processor.py:743} INFO - Processing file /home/airflow/.local/lib/python3.7/site-packages/airflow/example_dags/example_nested_branch_dag.py for tasks to queue
[2023-10-20T13:11:55.523+0000] {logging_mixin.py:137} INFO - [2023-10-20T13:11:55.523+0000] {dagbag.py:538} INFO - Filling up the DagBag from /home/airflow/.local/lib/python3.7/site-packages/airflow/example_dags/example_nested_branch_dag.py
[2023-10-20T13:11:55.536+0000] {processor.py:753} INFO - DAG(s) dict_keys(['example_nested_branch_dag']) retrieved from /home/airflow/.local/lib/python3.7/site-packages/airflow/example_dags/example_nested_branch_dag.py
[2023-10-20T13:11:55.549+0000] {logging_mixin.py:137} INFO - [2023-10-20T13:11:55.549+0000] {dag.py:2690} INFO - Sync 1 DAGs
[2023-10-20T13:11:55.561+0000] {logging_mixin.py:137} INFO - [2023-10-20T13:11:55.561+0000] {dag.py:3441} INFO - Setting next_dagrun for example_nested_branch_dag to 2023-10-19T00:00:00+00:00, run_after=2023-10-20T00:00:00+00:00
[2023-10-20T13:11:55.569+0000] {processor.py:175} INFO - Processing /home/airflow/.local/lib/python3.7/site-packages/airflow/example_dags/example_nested_branch_dag.py took 0.048 seconds
[2023-10-20T13:12:26.150+0000] {processor.py:153} INFO - Started process (PID=75320) to work on /home/airflow/.local/lib/python3.7/site-packages/airflow/example_dags/example_nested_branch_dag.py
[2023-10-20T13:12:26.151+0000] {processor.py:743} INFO - Processing file /home/airflow/.local/lib/python3.7/site-packages/airflow/example_dags/example_nested_branch_dag.py for tasks to queue
[2023-10-20T13:12:26.151+0000] {logging_mixin.py:137} INFO - [2023-10-20T13:12:26.151+0000] {dagbag.py:538} INFO - Filling up the DagBag from /home/airflow/.local/lib/python3.7/site-packages/airflow/example_dags/example_nested_branch_dag.py
[2023-10-20T13:12:26.164+0000] {processor.py:753} INFO - DAG(s) dict_keys(['example_nested_branch_dag']) retrieved from /home/airflow/.local/lib/python3.7/site-packages/airflow/example_dags/example_nested_branch_dag.py
[2023-10-20T13:12:26.177+0000] {logging_mixin.py:137} INFO - [2023-10-20T13:12:26.177+0000] {dag.py:2690} INFO - Sync 1 DAGs
[2023-10-20T13:12:26.190+0000] {logging_mixin.py:137} INFO - [2023-10-20T13:12:26.190+0000] {dag.py:3441} INFO - Setting next_dagrun for example_nested_branch_dag to 2023-10-19T00:00:00+00:00, run_after=2023-10-20T00:00:00+00:00
[2023-10-20T13:12:26.198+0000] {processor.py:175} INFO - Processing /home/airflow/.local/lib/python3.7/site-packages/airflow/example_dags/example_nested_branch_dag.py took 0.050 seconds
[2023-10-20T13:12:56.800+0000] {processor.py:153} INFO - Started process (PID=75414) to work on /home/airflow/.local/lib/python3.7/site-packages/airflow/example_dags/example_nested_branch_dag.py
[2023-10-20T13:12:56.801+0000] {processor.py:743} INFO - Processing file /home/airflow/.local/lib/python3.7/site-packages/airflow/example_dags/example_nested_branch_dag.py for tasks to queue
[2023-10-20T13:12:56.801+0000] {logging_mixin.py:137} INFO - [2023-10-20T13:12:56.801+0000] {dagbag.py:538} INFO - Filling up the DagBag from /home/airflow/.local/lib/python3.7/site-packages/airflow/example_dags/example_nested_branch_dag.py
[2023-10-20T13:12:56.815+0000] {processor.py:753} INFO - DAG(s) dict_keys(['example_nested_branch_dag']) retrieved from /home/airflow/.local/lib/python3.7/site-packages/airflow/example_dags/example_nested_branch_dag.py
[2023-10-20T13:12:56.829+0000] {logging_mixin.py:137} INFO - [2023-10-20T13:12:56.829+0000] {dag.py:2690} INFO - Sync 1 DAGs
[2023-10-20T13:12:56.843+0000] {logging_mixin.py:137} INFO - [2023-10-20T13:12:56.842+0000] {dag.py:3441} INFO - Setting next_dagrun for example_nested_branch_dag to 2023-10-19T00:00:00+00:00, run_after=2023-10-20T00:00:00+00:00
[2023-10-20T13:12:56.853+0000] {processor.py:175} INFO - Processing /home/airflow/.local/lib/python3.7/site-packages/airflow/example_dags/example_nested_branch_dag.py took 0.055 seconds
[2023-10-20T13:13:27.427+0000] {processor.py:153} INFO - Started process (PID=75490) to work on /home/airflow/.local/lib/python3.7/site-packages/airflow/example_dags/example_nested_branch_dag.py
[2023-10-20T13:13:27.428+0000] {processor.py:743} INFO - Processing file /home/airflow/.local/lib/python3.7/site-packages/airflow/example_dags/example_nested_branch_dag.py for tasks to queue
[2023-10-20T13:13:27.428+0000] {logging_mixin.py:137} INFO - [2023-10-20T13:13:27.428+0000] {dagbag.py:538} INFO - Filling up the DagBag from /home/airflow/.local/lib/python3.7/site-packages/airflow/example_dags/example_nested_branch_dag.py
[2023-10-20T13:13:27.441+0000] {processor.py:753} INFO - DAG(s) dict_keys(['example_nested_branch_dag']) retrieved from /home/airflow/.local/lib/python3.7/site-packages/airflow/example_dags/example_nested_branch_dag.py
[2023-10-20T13:13:27.456+0000] {logging_mixin.py:137} INFO - [2023-10-20T13:13:27.456+0000] {dag.py:2690} INFO - Sync 1 DAGs
[2023-10-20T13:13:27.469+0000] {logging_mixin.py:137} INFO - [2023-10-20T13:13:27.469+0000] {dag.py:3441} INFO - Setting next_dagrun for example_nested_branch_dag to 2023-10-19T00:00:00+00:00, run_after=2023-10-20T00:00:00+00:00
[2023-10-20T13:13:27.478+0000] {processor.py:175} INFO - Processing /home/airflow/.local/lib/python3.7/site-packages/airflow/example_dags/example_nested_branch_dag.py took 0.053 seconds
[2023-10-20T13:13:58.021+0000] {processor.py:153} INFO - Started process (PID=75584) to work on /home/airflow/.local/lib/python3.7/site-packages/airflow/example_dags/example_nested_branch_dag.py
[2023-10-20T13:13:58.021+0000] {processor.py:743} INFO - Processing file /home/airflow/.local/lib/python3.7/site-packages/airflow/example_dags/example_nested_branch_dag.py for tasks to queue
[2023-10-20T13:13:58.022+0000] {logging_mixin.py:137} INFO - [2023-10-20T13:13:58.022+0000] {dagbag.py:538} INFO - Filling up the DagBag from /home/airflow/.local/lib/python3.7/site-packages/airflow/example_dags/example_nested_branch_dag.py
[2023-10-20T13:13:58.035+0000] {processor.py:753} INFO - DAG(s) dict_keys(['example_nested_branch_dag']) retrieved from /home/airflow/.local/lib/python3.7/site-packages/airflow/example_dags/example_nested_branch_dag.py
[2023-10-20T13:13:58.048+0000] {logging_mixin.py:137} INFO - [2023-10-20T13:13:58.048+0000] {dag.py:2690} INFO - Sync 1 DAGs
[2023-10-20T13:13:58.060+0000] {logging_mixin.py:137} INFO - [2023-10-20T13:13:58.060+0000] {dag.py:3441} INFO - Setting next_dagrun for example_nested_branch_dag to 2023-10-19T00:00:00+00:00, run_after=2023-10-20T00:00:00+00:00
[2023-10-20T13:13:58.069+0000] {processor.py:175} INFO - Processing /home/airflow/.local/lib/python3.7/site-packages/airflow/example_dags/example_nested_branch_dag.py took 0.049 seconds
[2023-10-20T13:14:28.692+0000] {processor.py:153} INFO - Started process (PID=75678) to work on /home/airflow/.local/lib/python3.7/site-packages/airflow/example_dags/example_nested_branch_dag.py
[2023-10-20T13:14:28.692+0000] {processor.py:743} INFO - Processing file /home/airflow/.local/lib/python3.7/site-packages/airflow/example_dags/example_nested_branch_dag.py for tasks to queue
[2023-10-20T13:14:28.693+0000] {logging_mixin.py:137} INFO - [2023-10-20T13:14:28.693+0000] {dagbag.py:538} INFO - Filling up the DagBag from /home/airflow/.local/lib/python3.7/site-packages/airflow/example_dags/example_nested_branch_dag.py
[2023-10-20T13:14:28.706+0000] {processor.py:753} INFO - DAG(s) dict_keys(['example_nested_branch_dag']) retrieved from /home/airflow/.local/lib/python3.7/site-packages/airflow/example_dags/example_nested_branch_dag.py
[2023-10-20T13:14:28.719+0000] {logging_mixin.py:137} INFO - [2023-10-20T13:14:28.719+0000] {dag.py:2690} INFO - Sync 1 DAGs
[2023-10-20T13:14:28.731+0000] {logging_mixin.py:137} INFO - [2023-10-20T13:14:28.731+0000] {dag.py:3441} INFO - Setting next_dagrun for example_nested_branch_dag to 2023-10-19T00:00:00+00:00, run_after=2023-10-20T00:00:00+00:00
[2023-10-20T13:14:28.739+0000] {processor.py:175} INFO - Processing /home/airflow/.local/lib/python3.7/site-packages/airflow/example_dags/example_nested_branch_dag.py took 0.049 seconds
[2023-10-20T13:14:59.250+0000] {processor.py:153} INFO - Started process (PID=75763) to work on /home/airflow/.local/lib/python3.7/site-packages/airflow/example_dags/example_nested_branch_dag.py
[2023-10-20T13:14:59.250+0000] {processor.py:743} INFO - Processing file /home/airflow/.local/lib/python3.7/site-packages/airflow/example_dags/example_nested_branch_dag.py for tasks to queue
[2023-10-20T13:14:59.251+0000] {logging_mixin.py:137} INFO - [2023-10-20T13:14:59.250+0000] {dagbag.py:538} INFO - Filling up the DagBag from /home/airflow/.local/lib/python3.7/site-packages/airflow/example_dags/example_nested_branch_dag.py
[2023-10-20T13:14:59.265+0000] {processor.py:753} INFO - DAG(s) dict_keys(['example_nested_branch_dag']) retrieved from /home/airflow/.local/lib/python3.7/site-packages/airflow/example_dags/example_nested_branch_dag.py
[2023-10-20T13:14:59.280+0000] {logging_mixin.py:137} INFO - [2023-10-20T13:14:59.280+0000] {dag.py:2690} INFO - Sync 1 DAGs
[2023-10-20T13:14:59.293+0000] {logging_mixin.py:137} INFO - [2023-10-20T13:14:59.293+0000] {dag.py:3441} INFO - Setting next_dagrun for example_nested_branch_dag to 2023-10-19T00:00:00+00:00, run_after=2023-10-20T00:00:00+00:00
[2023-10-20T13:14:59.302+0000] {processor.py:175} INFO - Processing /home/airflow/.local/lib/python3.7/site-packages/airflow/example_dags/example_nested_branch_dag.py took 0.055 seconds
[2023-10-20T13:15:30.086+0000] {processor.py:153} INFO - Started process (PID=75848) to work on /home/airflow/.local/lib/python3.7/site-packages/airflow/example_dags/example_nested_branch_dag.py
[2023-10-20T13:15:30.086+0000] {processor.py:743} INFO - Processing file /home/airflow/.local/lib/python3.7/site-packages/airflow/example_dags/example_nested_branch_dag.py for tasks to queue
[2023-10-20T13:15:30.087+0000] {logging_mixin.py:137} INFO - [2023-10-20T13:15:30.087+0000] {dagbag.py:538} INFO - Filling up the DagBag from /home/airflow/.local/lib/python3.7/site-packages/airflow/example_dags/example_nested_branch_dag.py
[2023-10-20T13:15:30.099+0000] {processor.py:753} INFO - DAG(s) dict_keys(['example_nested_branch_dag']) retrieved from /home/airflow/.local/lib/python3.7/site-packages/airflow/example_dags/example_nested_branch_dag.py
[2023-10-20T13:15:30.112+0000] {logging_mixin.py:137} INFO - [2023-10-20T13:15:30.112+0000] {dag.py:2690} INFO - Sync 1 DAGs
[2023-10-20T13:15:30.124+0000] {logging_mixin.py:137} INFO - [2023-10-20T13:15:30.124+0000] {dag.py:3441} INFO - Setting next_dagrun for example_nested_branch_dag to 2023-10-19T00:00:00+00:00, run_after=2023-10-20T00:00:00+00:00
[2023-10-20T13:15:30.132+0000] {processor.py:175} INFO - Processing /home/airflow/.local/lib/python3.7/site-packages/airflow/example_dags/example_nested_branch_dag.py took 0.049 seconds
[2023-10-20T13:16:00.700+0000] {processor.py:153} INFO - Started process (PID=75942) to work on /home/airflow/.local/lib/python3.7/site-packages/airflow/example_dags/example_nested_branch_dag.py
[2023-10-20T13:16:00.701+0000] {processor.py:743} INFO - Processing file /home/airflow/.local/lib/python3.7/site-packages/airflow/example_dags/example_nested_branch_dag.py for tasks to queue
[2023-10-20T13:16:00.701+0000] {logging_mixin.py:137} INFO - [2023-10-20T13:16:00.701+0000] {dagbag.py:538} INFO - Filling up the DagBag from /home/airflow/.local/lib/python3.7/site-packages/airflow/example_dags/example_nested_branch_dag.py
[2023-10-20T13:16:00.715+0000] {processor.py:753} INFO - DAG(s) dict_keys(['example_nested_branch_dag']) retrieved from /home/airflow/.local/lib/python3.7/site-packages/airflow/example_dags/example_nested_branch_dag.py
[2023-10-20T13:16:00.728+0000] {logging_mixin.py:137} INFO - [2023-10-20T13:16:00.728+0000] {dag.py:2690} INFO - Sync 1 DAGs
[2023-10-20T13:16:00.741+0000] {logging_mixin.py:137} INFO - [2023-10-20T13:16:00.741+0000] {dag.py:3441} INFO - Setting next_dagrun for example_nested_branch_dag to 2023-10-19T00:00:00+00:00, run_after=2023-10-20T00:00:00+00:00
[2023-10-20T13:16:00.749+0000] {processor.py:175} INFO - Processing /home/airflow/.local/lib/python3.7/site-packages/airflow/example_dags/example_nested_branch_dag.py took 0.051 seconds
[2023-10-20T13:16:31.208+0000] {processor.py:153} INFO - Started process (PID=76036) to work on /home/airflow/.local/lib/python3.7/site-packages/airflow/example_dags/example_nested_branch_dag.py
[2023-10-20T13:16:31.208+0000] {processor.py:743} INFO - Processing file /home/airflow/.local/lib/python3.7/site-packages/airflow/example_dags/example_nested_branch_dag.py for tasks to queue
[2023-10-20T13:16:31.209+0000] {logging_mixin.py:137} INFO - [2023-10-20T13:16:31.208+0000] {dagbag.py:538} INFO - Filling up the DagBag from /home/airflow/.local/lib/python3.7/site-packages/airflow/example_dags/example_nested_branch_dag.py
[2023-10-20T13:16:31.221+0000] {processor.py:753} INFO - DAG(s) dict_keys(['example_nested_branch_dag']) retrieved from /home/airflow/.local/lib/python3.7/site-packages/airflow/example_dags/example_nested_branch_dag.py
[2023-10-20T13:16:31.234+0000] {logging_mixin.py:137} INFO - [2023-10-20T13:16:31.233+0000] {dag.py:2690} INFO - Sync 1 DAGs
[2023-10-20T13:16:31.245+0000] {logging_mixin.py:137} INFO - [2023-10-20T13:16:31.245+0000] {dag.py:3441} INFO - Setting next_dagrun for example_nested_branch_dag to 2023-10-19T00:00:00+00:00, run_after=2023-10-20T00:00:00+00:00
[2023-10-20T13:16:31.253+0000] {processor.py:175} INFO - Processing /home/airflow/.local/lib/python3.7/site-packages/airflow/example_dags/example_nested_branch_dag.py took 0.047 seconds
[2023-10-20T13:17:01.823+0000] {processor.py:153} INFO - Started process (PID=76112) to work on /home/airflow/.local/lib/python3.7/site-packages/airflow/example_dags/example_nested_branch_dag.py
[2023-10-20T13:17:01.823+0000] {processor.py:743} INFO - Processing file /home/airflow/.local/lib/python3.7/site-packages/airflow/example_dags/example_nested_branch_dag.py for tasks to queue
[2023-10-20T13:17:01.823+0000] {logging_mixin.py:137} INFO - [2023-10-20T13:17:01.823+0000] {dagbag.py:538} INFO - Filling up the DagBag from /home/airflow/.local/lib/python3.7/site-packages/airflow/example_dags/example_nested_branch_dag.py
[2023-10-20T13:17:01.836+0000] {processor.py:753} INFO - DAG(s) dict_keys(['example_nested_branch_dag']) retrieved from /home/airflow/.local/lib/python3.7/site-packages/airflow/example_dags/example_nested_branch_dag.py
[2023-10-20T13:17:01.848+0000] {logging_mixin.py:137} INFO - [2023-10-20T13:17:01.848+0000] {dag.py:2690} INFO - Sync 1 DAGs
[2023-10-20T13:17:01.860+0000] {logging_mixin.py:137} INFO - [2023-10-20T13:17:01.860+0000] {dag.py:3441} INFO - Setting next_dagrun for example_nested_branch_dag to 2023-10-19T00:00:00+00:00, run_after=2023-10-20T00:00:00+00:00
[2023-10-20T13:17:01.868+0000] {processor.py:175} INFO - Processing /home/airflow/.local/lib/python3.7/site-packages/airflow/example_dags/example_nested_branch_dag.py took 0.048 seconds
[2023-10-20T13:17:32.483+0000] {processor.py:153} INFO - Started process (PID=76206) to work on /home/airflow/.local/lib/python3.7/site-packages/airflow/example_dags/example_nested_branch_dag.py
[2023-10-20T13:17:32.483+0000] {processor.py:743} INFO - Processing file /home/airflow/.local/lib/python3.7/site-packages/airflow/example_dags/example_nested_branch_dag.py for tasks to queue
[2023-10-20T13:17:32.483+0000] {logging_mixin.py:137} INFO - [2023-10-20T13:17:32.483+0000] {dagbag.py:538} INFO - Filling up the DagBag from /home/airflow/.local/lib/python3.7/site-packages/airflow/example_dags/example_nested_branch_dag.py
[2023-10-20T13:17:32.497+0000] {processor.py:753} INFO - DAG(s) dict_keys(['example_nested_branch_dag']) retrieved from /home/airflow/.local/lib/python3.7/site-packages/airflow/example_dags/example_nested_branch_dag.py
[2023-10-20T13:17:32.510+0000] {logging_mixin.py:137} INFO - [2023-10-20T13:17:32.510+0000] {dag.py:2690} INFO - Sync 1 DAGs
[2023-10-20T13:17:32.522+0000] {logging_mixin.py:137} INFO - [2023-10-20T13:17:32.522+0000] {dag.py:3441} INFO - Setting next_dagrun for example_nested_branch_dag to 2023-10-19T00:00:00+00:00, run_after=2023-10-20T00:00:00+00:00
[2023-10-20T13:17:32.530+0000] {processor.py:175} INFO - Processing /home/airflow/.local/lib/python3.7/site-packages/airflow/example_dags/example_nested_branch_dag.py took 0.049 seconds
[2023-10-20T13:18:03.169+0000] {processor.py:153} INFO - Started process (PID=76300) to work on /home/airflow/.local/lib/python3.7/site-packages/airflow/example_dags/example_nested_branch_dag.py
[2023-10-20T13:18:03.170+0000] {processor.py:743} INFO - Processing file /home/airflow/.local/lib/python3.7/site-packages/airflow/example_dags/example_nested_branch_dag.py for tasks to queue
[2023-10-20T13:18:03.170+0000] {logging_mixin.py:137} INFO - [2023-10-20T13:18:03.170+0000] {dagbag.py:538} INFO - Filling up the DagBag from /home/airflow/.local/lib/python3.7/site-packages/airflow/example_dags/example_nested_branch_dag.py
[2023-10-20T13:18:03.183+0000] {processor.py:753} INFO - DAG(s) dict_keys(['example_nested_branch_dag']) retrieved from /home/airflow/.local/lib/python3.7/site-packages/airflow/example_dags/example_nested_branch_dag.py
[2023-10-20T13:18:03.195+0000] {logging_mixin.py:137} INFO - [2023-10-20T13:18:03.195+0000] {dag.py:2690} INFO - Sync 1 DAGs
[2023-10-20T13:18:03.207+0000] {logging_mixin.py:137} INFO - [2023-10-20T13:18:03.207+0000] {dag.py:3441} INFO - Setting next_dagrun for example_nested_branch_dag to 2023-10-19T00:00:00+00:00, run_after=2023-10-20T00:00:00+00:00
[2023-10-20T13:18:03.216+0000] {processor.py:175} INFO - Processing /home/airflow/.local/lib/python3.7/site-packages/airflow/example_dags/example_nested_branch_dag.py took 0.048 seconds
[2023-10-20T13:18:33.804+0000] {processor.py:153} INFO - Started process (PID=76394) to work on /home/airflow/.local/lib/python3.7/site-packages/airflow/example_dags/example_nested_branch_dag.py
[2023-10-20T13:18:33.805+0000] {processor.py:743} INFO - Processing file /home/airflow/.local/lib/python3.7/site-packages/airflow/example_dags/example_nested_branch_dag.py for tasks to queue
[2023-10-20T13:18:33.805+0000] {logging_mixin.py:137} INFO - [2023-10-20T13:18:33.805+0000] {dagbag.py:538} INFO - Filling up the DagBag from /home/airflow/.local/lib/python3.7/site-packages/airflow/example_dags/example_nested_branch_dag.py
[2023-10-20T13:18:33.818+0000] {processor.py:753} INFO - DAG(s) dict_keys(['example_nested_branch_dag']) retrieved from /home/airflow/.local/lib/python3.7/site-packages/airflow/example_dags/example_nested_branch_dag.py
[2023-10-20T13:18:33.831+0000] {logging_mixin.py:137} INFO - [2023-10-20T13:18:33.831+0000] {dag.py:2690} INFO - Sync 1 DAGs
[2023-10-20T13:18:33.843+0000] {logging_mixin.py:137} INFO - [2023-10-20T13:18:33.842+0000] {dag.py:3441} INFO - Setting next_dagrun for example_nested_branch_dag to 2023-10-19T00:00:00+00:00, run_after=2023-10-20T00:00:00+00:00
[2023-10-20T13:18:33.850+0000] {processor.py:175} INFO - Processing /home/airflow/.local/lib/python3.7/site-packages/airflow/example_dags/example_nested_branch_dag.py took 0.048 seconds
[2023-10-20T13:19:04.475+0000] {processor.py:153} INFO - Started process (PID=76470) to work on /home/airflow/.local/lib/python3.7/site-packages/airflow/example_dags/example_nested_branch_dag.py
[2023-10-20T13:19:04.475+0000] {processor.py:743} INFO - Processing file /home/airflow/.local/lib/python3.7/site-packages/airflow/example_dags/example_nested_branch_dag.py for tasks to queue
[2023-10-20T13:19:04.476+0000] {logging_mixin.py:137} INFO - [2023-10-20T13:19:04.476+0000] {dagbag.py:538} INFO - Filling up the DagBag from /home/airflow/.local/lib/python3.7/site-packages/airflow/example_dags/example_nested_branch_dag.py
[2023-10-20T13:19:04.490+0000] {processor.py:753} INFO - DAG(s) dict_keys(['example_nested_branch_dag']) retrieved from /home/airflow/.local/lib/python3.7/site-packages/airflow/example_dags/example_nested_branch_dag.py
[2023-10-20T13:19:04.504+0000] {logging_mixin.py:137} INFO - [2023-10-20T13:19:04.504+0000] {dag.py:2690} INFO - Sync 1 DAGs
[2023-10-20T13:19:04.515+0000] {logging_mixin.py:137} INFO - [2023-10-20T13:19:04.515+0000] {dag.py:3441} INFO - Setting next_dagrun for example_nested_branch_dag to 2023-10-19T00:00:00+00:00, run_after=2023-10-20T00:00:00+00:00
[2023-10-20T13:19:04.523+0000] {processor.py:175} INFO - Processing /home/airflow/.local/lib/python3.7/site-packages/airflow/example_dags/example_nested_branch_dag.py took 0.050 seconds
[2023-10-20T13:19:35.076+0000] {processor.py:153} INFO - Started process (PID=76564) to work on /home/airflow/.local/lib/python3.7/site-packages/airflow/example_dags/example_nested_branch_dag.py
[2023-10-20T13:19:35.076+0000] {processor.py:743} INFO - Processing file /home/airflow/.local/lib/python3.7/site-packages/airflow/example_dags/example_nested_branch_dag.py for tasks to queue
[2023-10-20T13:19:35.076+0000] {logging_mixin.py:137} INFO - [2023-10-20T13:19:35.076+0000] {dagbag.py:538} INFO - Filling up the DagBag from /home/airflow/.local/lib/python3.7/site-packages/airflow/example_dags/example_nested_branch_dag.py
[2023-10-20T13:19:35.089+0000] {processor.py:753} INFO - DAG(s) dict_keys(['example_nested_branch_dag']) retrieved from /home/airflow/.local/lib/python3.7/site-packages/airflow/example_dags/example_nested_branch_dag.py
[2023-10-20T13:19:35.103+0000] {logging_mixin.py:137} INFO - [2023-10-20T13:19:35.102+0000] {dag.py:2690} INFO - Sync 1 DAGs
[2023-10-20T13:19:35.115+0000] {logging_mixin.py:137} INFO - [2023-10-20T13:19:35.115+0000] {dag.py:3441} INFO - Setting next_dagrun for example_nested_branch_dag to 2023-10-19T00:00:00+00:00, run_after=2023-10-20T00:00:00+00:00
[2023-10-20T13:19:35.122+0000] {processor.py:175} INFO - Processing /home/airflow/.local/lib/python3.7/site-packages/airflow/example_dags/example_nested_branch_dag.py took 0.049 seconds
[2023-10-20T13:20:05.719+0000] {processor.py:153} INFO - Started process (PID=76658) to work on /home/airflow/.local/lib/python3.7/site-packages/airflow/example_dags/example_nested_branch_dag.py
[2023-10-20T13:20:05.719+0000] {processor.py:743} INFO - Processing file /home/airflow/.local/lib/python3.7/site-packages/airflow/example_dags/example_nested_branch_dag.py for tasks to queue
[2023-10-20T13:20:05.720+0000] {logging_mixin.py:137} INFO - [2023-10-20T13:20:05.720+0000] {dagbag.py:538} INFO - Filling up the DagBag from /home/airflow/.local/lib/python3.7/site-packages/airflow/example_dags/example_nested_branch_dag.py
[2023-10-20T13:20:05.734+0000] {processor.py:753} INFO - DAG(s) dict_keys(['example_nested_branch_dag']) retrieved from /home/airflow/.local/lib/python3.7/site-packages/airflow/example_dags/example_nested_branch_dag.py
[2023-10-20T13:20:05.749+0000] {logging_mixin.py:137} INFO - [2023-10-20T13:20:05.749+0000] {dag.py:2690} INFO - Sync 1 DAGs
[2023-10-20T13:20:05.762+0000] {logging_mixin.py:137} INFO - [2023-10-20T13:20:05.762+0000] {dag.py:3441} INFO - Setting next_dagrun for example_nested_branch_dag to 2023-10-19T00:00:00+00:00, run_after=2023-10-20T00:00:00+00:00
[2023-10-20T13:20:05.771+0000] {processor.py:175} INFO - Processing /home/airflow/.local/lib/python3.7/site-packages/airflow/example_dags/example_nested_branch_dag.py took 0.054 seconds
[2023-10-20T13:20:36.284+0000] {processor.py:153} INFO - Started process (PID=76752) to work on /home/airflow/.local/lib/python3.7/site-packages/airflow/example_dags/example_nested_branch_dag.py
[2023-10-20T13:20:36.284+0000] {processor.py:743} INFO - Processing file /home/airflow/.local/lib/python3.7/site-packages/airflow/example_dags/example_nested_branch_dag.py for tasks to queue
[2023-10-20T13:20:36.285+0000] {logging_mixin.py:137} INFO - [2023-10-20T13:20:36.285+0000] {dagbag.py:538} INFO - Filling up the DagBag from /home/airflow/.local/lib/python3.7/site-packages/airflow/example_dags/example_nested_branch_dag.py
[2023-10-20T13:20:36.298+0000] {processor.py:753} INFO - DAG(s) dict_keys(['example_nested_branch_dag']) retrieved from /home/airflow/.local/lib/python3.7/site-packages/airflow/example_dags/example_nested_branch_dag.py
[2023-10-20T13:20:36.310+0000] {logging_mixin.py:137} INFO - [2023-10-20T13:20:36.310+0000] {dag.py:2690} INFO - Sync 1 DAGs
[2023-10-20T13:20:36.322+0000] {logging_mixin.py:137} INFO - [2023-10-20T13:20:36.322+0000] {dag.py:3441} INFO - Setting next_dagrun for example_nested_branch_dag to 2023-10-19T00:00:00+00:00, run_after=2023-10-20T00:00:00+00:00
[2023-10-20T13:20:36.331+0000] {processor.py:175} INFO - Processing /home/airflow/.local/lib/python3.7/site-packages/airflow/example_dags/example_nested_branch_dag.py took 0.048 seconds
[2023-10-20T13:21:06.934+0000] {processor.py:153} INFO - Started process (PID=76828) to work on /home/airflow/.local/lib/python3.7/site-packages/airflow/example_dags/example_nested_branch_dag.py
[2023-10-20T13:21:06.934+0000] {processor.py:743} INFO - Processing file /home/airflow/.local/lib/python3.7/site-packages/airflow/example_dags/example_nested_branch_dag.py for tasks to queue
[2023-10-20T13:21:06.935+0000] {logging_mixin.py:137} INFO - [2023-10-20T13:21:06.935+0000] {dagbag.py:538} INFO - Filling up the DagBag from /home/airflow/.local/lib/python3.7/site-packages/airflow/example_dags/example_nested_branch_dag.py
[2023-10-20T13:21:06.947+0000] {processor.py:753} INFO - DAG(s) dict_keys(['example_nested_branch_dag']) retrieved from /home/airflow/.local/lib/python3.7/site-packages/airflow/example_dags/example_nested_branch_dag.py
[2023-10-20T13:21:06.960+0000] {logging_mixin.py:137} INFO - [2023-10-20T13:21:06.960+0000] {dag.py:2690} INFO - Sync 1 DAGs
[2023-10-20T13:21:06.974+0000] {logging_mixin.py:137} INFO - [2023-10-20T13:21:06.974+0000] {dag.py:3441} INFO - Setting next_dagrun for example_nested_branch_dag to 2023-10-19T00:00:00+00:00, run_after=2023-10-20T00:00:00+00:00
[2023-10-20T13:21:06.983+0000] {processor.py:175} INFO - Processing /home/airflow/.local/lib/python3.7/site-packages/airflow/example_dags/example_nested_branch_dag.py took 0.052 seconds
[2023-10-20T13:21:37.581+0000] {processor.py:153} INFO - Started process (PID=76922) to work on /home/airflow/.local/lib/python3.7/site-packages/airflow/example_dags/example_nested_branch_dag.py
[2023-10-20T13:21:37.582+0000] {processor.py:743} INFO - Processing file /home/airflow/.local/lib/python3.7/site-packages/airflow/example_dags/example_nested_branch_dag.py for tasks to queue
[2023-10-20T13:21:37.582+0000] {logging_mixin.py:137} INFO - [2023-10-20T13:21:37.582+0000] {dagbag.py:538} INFO - Filling up the DagBag from /home/airflow/.local/lib/python3.7/site-packages/airflow/example_dags/example_nested_branch_dag.py
[2023-10-20T13:21:37.595+0000] {processor.py:753} INFO - DAG(s) dict_keys(['example_nested_branch_dag']) retrieved from /home/airflow/.local/lib/python3.7/site-packages/airflow/example_dags/example_nested_branch_dag.py
[2023-10-20T13:21:37.608+0000] {logging_mixin.py:137} INFO - [2023-10-20T13:21:37.608+0000] {dag.py:2690} INFO - Sync 1 DAGs
[2023-10-20T13:21:37.621+0000] {logging_mixin.py:137} INFO - [2023-10-20T13:21:37.621+0000] {dag.py:3441} INFO - Setting next_dagrun for example_nested_branch_dag to 2023-10-19T00:00:00+00:00, run_after=2023-10-20T00:00:00+00:00
[2023-10-20T13:21:37.630+0000] {processor.py:175} INFO - Processing /home/airflow/.local/lib/python3.7/site-packages/airflow/example_dags/example_nested_branch_dag.py took 0.050 seconds
[2023-10-20T13:22:08.198+0000] {processor.py:153} INFO - Started process (PID=77016) to work on /home/airflow/.local/lib/python3.7/site-packages/airflow/example_dags/example_nested_branch_dag.py
[2023-10-20T13:22:08.198+0000] {processor.py:743} INFO - Processing file /home/airflow/.local/lib/python3.7/site-packages/airflow/example_dags/example_nested_branch_dag.py for tasks to queue
[2023-10-20T13:22:08.199+0000] {logging_mixin.py:137} INFO - [2023-10-20T13:22:08.199+0000] {dagbag.py:538} INFO - Filling up the DagBag from /home/airflow/.local/lib/python3.7/site-packages/airflow/example_dags/example_nested_branch_dag.py
[2023-10-20T13:22:08.216+0000] {processor.py:753} INFO - DAG(s) dict_keys(['example_nested_branch_dag']) retrieved from /home/airflow/.local/lib/python3.7/site-packages/airflow/example_dags/example_nested_branch_dag.py
[2023-10-20T13:22:08.238+0000] {logging_mixin.py:137} INFO - [2023-10-20T13:22:08.237+0000] {dag.py:2690} INFO - Sync 1 DAGs
[2023-10-20T13:22:08.256+0000] {logging_mixin.py:137} INFO - [2023-10-20T13:22:08.256+0000] {dag.py:3441} INFO - Setting next_dagrun for example_nested_branch_dag to 2023-10-19T00:00:00+00:00, run_after=2023-10-20T00:00:00+00:00
[2023-10-20T13:22:08.280+0000] {processor.py:175} INFO - Processing /home/airflow/.local/lib/python3.7/site-packages/airflow/example_dags/example_nested_branch_dag.py took 0.084 seconds
[2023-10-20T13:22:39.053+0000] {processor.py:153} INFO - Started process (PID=77110) to work on /home/airflow/.local/lib/python3.7/site-packages/airflow/example_dags/example_nested_branch_dag.py
[2023-10-20T13:22:39.053+0000] {processor.py:743} INFO - Processing file /home/airflow/.local/lib/python3.7/site-packages/airflow/example_dags/example_nested_branch_dag.py for tasks to queue
[2023-10-20T13:22:39.054+0000] {logging_mixin.py:137} INFO - [2023-10-20T13:22:39.053+0000] {dagbag.py:538} INFO - Filling up the DagBag from /home/airflow/.local/lib/python3.7/site-packages/airflow/example_dags/example_nested_branch_dag.py
[2023-10-20T13:22:39.067+0000] {processor.py:753} INFO - DAG(s) dict_keys(['example_nested_branch_dag']) retrieved from /home/airflow/.local/lib/python3.7/site-packages/airflow/example_dags/example_nested_branch_dag.py
[2023-10-20T13:22:39.081+0000] {logging_mixin.py:137} INFO - [2023-10-20T13:22:39.081+0000] {dag.py:2690} INFO - Sync 1 DAGs
[2023-10-20T13:22:39.093+0000] {logging_mixin.py:137} INFO - [2023-10-20T13:22:39.093+0000] {dag.py:3441} INFO - Setting next_dagrun for example_nested_branch_dag to 2023-10-19T00:00:00+00:00, run_after=2023-10-20T00:00:00+00:00
[2023-10-20T13:22:39.101+0000] {processor.py:175} INFO - Processing /home/airflow/.local/lib/python3.7/site-packages/airflow/example_dags/example_nested_branch_dag.py took 0.051 seconds
[2023-10-20T13:23:09.518+0000] {processor.py:153} INFO - Started process (PID=77186) to work on /home/airflow/.local/lib/python3.7/site-packages/airflow/example_dags/example_nested_branch_dag.py
[2023-10-20T13:23:09.518+0000] {processor.py:743} INFO - Processing file /home/airflow/.local/lib/python3.7/site-packages/airflow/example_dags/example_nested_branch_dag.py for tasks to queue
[2023-10-20T13:23:09.518+0000] {logging_mixin.py:137} INFO - [2023-10-20T13:23:09.518+0000] {dagbag.py:538} INFO - Filling up the DagBag from /home/airflow/.local/lib/python3.7/site-packages/airflow/example_dags/example_nested_branch_dag.py
[2023-10-20T13:23:09.531+0000] {processor.py:753} INFO - DAG(s) dict_keys(['example_nested_branch_dag']) retrieved from /home/airflow/.local/lib/python3.7/site-packages/airflow/example_dags/example_nested_branch_dag.py
[2023-10-20T13:23:09.545+0000] {logging_mixin.py:137} INFO - [2023-10-20T13:23:09.544+0000] {dag.py:2690} INFO - Sync 1 DAGs
[2023-10-20T13:23:09.556+0000] {logging_mixin.py:137} INFO - [2023-10-20T13:23:09.556+0000] {dag.py:3441} INFO - Setting next_dagrun for example_nested_branch_dag to 2023-10-19T00:00:00+00:00, run_after=2023-10-20T00:00:00+00:00
[2023-10-20T13:23:09.564+0000] {processor.py:175} INFO - Processing /home/airflow/.local/lib/python3.7/site-packages/airflow/example_dags/example_nested_branch_dag.py took 0.049 seconds
[2023-10-20T13:23:40.144+0000] {processor.py:153} INFO - Started process (PID=77280) to work on /home/airflow/.local/lib/python3.7/site-packages/airflow/example_dags/example_nested_branch_dag.py
[2023-10-20T13:23:40.145+0000] {processor.py:743} INFO - Processing file /home/airflow/.local/lib/python3.7/site-packages/airflow/example_dags/example_nested_branch_dag.py for tasks to queue
[2023-10-20T13:23:40.145+0000] {logging_mixin.py:137} INFO - [2023-10-20T13:23:40.145+0000] {dagbag.py:538} INFO - Filling up the DagBag from /home/airflow/.local/lib/python3.7/site-packages/airflow/example_dags/example_nested_branch_dag.py
[2023-10-20T13:23:40.158+0000] {processor.py:753} INFO - DAG(s) dict_keys(['example_nested_branch_dag']) retrieved from /home/airflow/.local/lib/python3.7/site-packages/airflow/example_dags/example_nested_branch_dag.py
[2023-10-20T13:23:40.172+0000] {logging_mixin.py:137} INFO - [2023-10-20T13:23:40.171+0000] {dag.py:2690} INFO - Sync 1 DAGs
[2023-10-20T13:23:40.184+0000] {logging_mixin.py:137} INFO - [2023-10-20T13:23:40.183+0000] {dag.py:3441} INFO - Setting next_dagrun for example_nested_branch_dag to 2023-10-19T00:00:00+00:00, run_after=2023-10-20T00:00:00+00:00
[2023-10-20T13:23:40.192+0000] {processor.py:175} INFO - Processing /home/airflow/.local/lib/python3.7/site-packages/airflow/example_dags/example_nested_branch_dag.py took 0.049 seconds
[2023-10-20T13:24:10.840+0000] {processor.py:153} INFO - Started process (PID=77374) to work on /home/airflow/.local/lib/python3.7/site-packages/airflow/example_dags/example_nested_branch_dag.py
[2023-10-20T13:24:10.841+0000] {processor.py:743} INFO - Processing file /home/airflow/.local/lib/python3.7/site-packages/airflow/example_dags/example_nested_branch_dag.py for tasks to queue
[2023-10-20T13:24:10.841+0000] {logging_mixin.py:137} INFO - [2023-10-20T13:24:10.841+0000] {dagbag.py:538} INFO - Filling up the DagBag from /home/airflow/.local/lib/python3.7/site-packages/airflow/example_dags/example_nested_branch_dag.py
[2023-10-20T13:24:10.855+0000] {processor.py:753} INFO - DAG(s) dict_keys(['example_nested_branch_dag']) retrieved from /home/airflow/.local/lib/python3.7/site-packages/airflow/example_dags/example_nested_branch_dag.py
[2023-10-20T13:24:10.869+0000] {logging_mixin.py:137} INFO - [2023-10-20T13:24:10.869+0000] {dag.py:2690} INFO - Sync 1 DAGs
[2023-10-20T13:24:10.881+0000] {logging_mixin.py:137} INFO - [2023-10-20T13:24:10.881+0000] {dag.py:3441} INFO - Setting next_dagrun for example_nested_branch_dag to 2023-10-19T00:00:00+00:00, run_after=2023-10-20T00:00:00+00:00
[2023-10-20T13:24:10.890+0000] {processor.py:175} INFO - Processing /home/airflow/.local/lib/python3.7/site-packages/airflow/example_dags/example_nested_branch_dag.py took 0.052 seconds
[2023-10-20T13:24:41.510+0000] {processor.py:153} INFO - Started process (PID=77468) to work on /home/airflow/.local/lib/python3.7/site-packages/airflow/example_dags/example_nested_branch_dag.py
[2023-10-20T13:24:41.522+0000] {processor.py:743} INFO - Processing file /home/airflow/.local/lib/python3.7/site-packages/airflow/example_dags/example_nested_branch_dag.py for tasks to queue
[2023-10-20T13:24:41.524+0000] {logging_mixin.py:137} INFO - [2023-10-20T13:24:41.524+0000] {dagbag.py:538} INFO - Filling up the DagBag from /home/airflow/.local/lib/python3.7/site-packages/airflow/example_dags/example_nested_branch_dag.py
[2023-10-20T13:24:41.554+0000] {processor.py:753} INFO - DAG(s) dict_keys(['example_nested_branch_dag']) retrieved from /home/airflow/.local/lib/python3.7/site-packages/airflow/example_dags/example_nested_branch_dag.py
[2023-10-20T13:24:41.574+0000] {logging_mixin.py:137} INFO - [2023-10-20T13:24:41.574+0000] {dag.py:2690} INFO - Sync 1 DAGs
[2023-10-20T13:24:41.590+0000] {logging_mixin.py:137} INFO - [2023-10-20T13:24:41.590+0000] {dag.py:3441} INFO - Setting next_dagrun for example_nested_branch_dag to 2023-10-19T00:00:00+00:00, run_after=2023-10-20T00:00:00+00:00
[2023-10-20T13:24:41.605+0000] {processor.py:175} INFO - Processing /home/airflow/.local/lib/python3.7/site-packages/airflow/example_dags/example_nested_branch_dag.py took 0.097 seconds
[2023-10-20T13:25:12.302+0000] {processor.py:153} INFO - Started process (PID=77544) to work on /home/airflow/.local/lib/python3.7/site-packages/airflow/example_dags/example_nested_branch_dag.py
[2023-10-20T13:25:12.303+0000] {processor.py:743} INFO - Processing file /home/airflow/.local/lib/python3.7/site-packages/airflow/example_dags/example_nested_branch_dag.py for tasks to queue
[2023-10-20T13:25:12.303+0000] {logging_mixin.py:137} INFO - [2023-10-20T13:25:12.303+0000] {dagbag.py:538} INFO - Filling up the DagBag from /home/airflow/.local/lib/python3.7/site-packages/airflow/example_dags/example_nested_branch_dag.py
[2023-10-20T13:25:12.316+0000] {processor.py:753} INFO - DAG(s) dict_keys(['example_nested_branch_dag']) retrieved from /home/airflow/.local/lib/python3.7/site-packages/airflow/example_dags/example_nested_branch_dag.py
[2023-10-20T13:25:12.329+0000] {logging_mixin.py:137} INFO - [2023-10-20T13:25:12.329+0000] {dag.py:2690} INFO - Sync 1 DAGs
[2023-10-20T13:25:12.342+0000] {logging_mixin.py:137} INFO - [2023-10-20T13:25:12.342+0000] {dag.py:3441} INFO - Setting next_dagrun for example_nested_branch_dag to 2023-10-19T00:00:00+00:00, run_after=2023-10-20T00:00:00+00:00
[2023-10-20T13:25:12.350+0000] {processor.py:175} INFO - Processing /home/airflow/.local/lib/python3.7/site-packages/airflow/example_dags/example_nested_branch_dag.py took 0.049 seconds
[2023-10-20T13:25:42.964+0000] {processor.py:153} INFO - Started process (PID=77638) to work on /home/airflow/.local/lib/python3.7/site-packages/airflow/example_dags/example_nested_branch_dag.py
[2023-10-20T13:25:42.964+0000] {processor.py:743} INFO - Processing file /home/airflow/.local/lib/python3.7/site-packages/airflow/example_dags/example_nested_branch_dag.py for tasks to queue
[2023-10-20T13:25:42.965+0000] {logging_mixin.py:137} INFO - [2023-10-20T13:25:42.965+0000] {dagbag.py:538} INFO - Filling up the DagBag from /home/airflow/.local/lib/python3.7/site-packages/airflow/example_dags/example_nested_branch_dag.py
[2023-10-20T13:25:42.978+0000] {processor.py:753} INFO - DAG(s) dict_keys(['example_nested_branch_dag']) retrieved from /home/airflow/.local/lib/python3.7/site-packages/airflow/example_dags/example_nested_branch_dag.py
[2023-10-20T13:25:42.992+0000] {logging_mixin.py:137} INFO - [2023-10-20T13:25:42.992+0000] {dag.py:2690} INFO - Sync 1 DAGs
[2023-10-20T13:25:43.004+0000] {logging_mixin.py:137} INFO - [2023-10-20T13:25:43.003+0000] {dag.py:3441} INFO - Setting next_dagrun for example_nested_branch_dag to 2023-10-19T00:00:00+00:00, run_after=2023-10-20T00:00:00+00:00
[2023-10-20T13:25:43.011+0000] {processor.py:175} INFO - Processing /home/airflow/.local/lib/python3.7/site-packages/airflow/example_dags/example_nested_branch_dag.py took 0.049 seconds
[2023-10-20T13:26:13.677+0000] {processor.py:153} INFO - Started process (PID=77732) to work on /home/airflow/.local/lib/python3.7/site-packages/airflow/example_dags/example_nested_branch_dag.py
[2023-10-20T13:26:13.678+0000] {processor.py:743} INFO - Processing file /home/airflow/.local/lib/python3.7/site-packages/airflow/example_dags/example_nested_branch_dag.py for tasks to queue
[2023-10-20T13:26:13.678+0000] {logging_mixin.py:137} INFO - [2023-10-20T13:26:13.678+0000] {dagbag.py:538} INFO - Filling up the DagBag from /home/airflow/.local/lib/python3.7/site-packages/airflow/example_dags/example_nested_branch_dag.py
[2023-10-20T13:26:13.693+0000] {processor.py:753} INFO - DAG(s) dict_keys(['example_nested_branch_dag']) retrieved from /home/airflow/.local/lib/python3.7/site-packages/airflow/example_dags/example_nested_branch_dag.py
[2023-10-20T13:26:13.708+0000] {logging_mixin.py:137} INFO - [2023-10-20T13:26:13.708+0000] {dag.py:2690} INFO - Sync 1 DAGs
[2023-10-20T13:26:13.722+0000] {logging_mixin.py:137} INFO - [2023-10-20T13:26:13.722+0000] {dag.py:3441} INFO - Setting next_dagrun for example_nested_branch_dag to 2023-10-19T00:00:00+00:00, run_after=2023-10-20T00:00:00+00:00
[2023-10-20T13:26:13.732+0000] {processor.py:175} INFO - Processing /home/airflow/.local/lib/python3.7/site-packages/airflow/example_dags/example_nested_branch_dag.py took 0.058 seconds
[2023-10-20T13:26:44.414+0000] {processor.py:153} INFO - Started process (PID=77808) to work on /home/airflow/.local/lib/python3.7/site-packages/airflow/example_dags/example_nested_branch_dag.py
[2023-10-20T13:26:44.414+0000] {processor.py:743} INFO - Processing file /home/airflow/.local/lib/python3.7/site-packages/airflow/example_dags/example_nested_branch_dag.py for tasks to queue
[2023-10-20T13:26:44.415+0000] {logging_mixin.py:137} INFO - [2023-10-20T13:26:44.415+0000] {dagbag.py:538} INFO - Filling up the DagBag from /home/airflow/.local/lib/python3.7/site-packages/airflow/example_dags/example_nested_branch_dag.py
[2023-10-20T13:26:44.429+0000] {processor.py:753} INFO - DAG(s) dict_keys(['example_nested_branch_dag']) retrieved from /home/airflow/.local/lib/python3.7/site-packages/airflow/example_dags/example_nested_branch_dag.py
[2023-10-20T13:26:44.444+0000] {logging_mixin.py:137} INFO - [2023-10-20T13:26:44.444+0000] {dag.py:2690} INFO - Sync 1 DAGs
[2023-10-20T13:26:44.457+0000] {logging_mixin.py:137} INFO - [2023-10-20T13:26:44.457+0000] {dag.py:3441} INFO - Setting next_dagrun for example_nested_branch_dag to 2023-10-19T00:00:00+00:00, run_after=2023-10-20T00:00:00+00:00
[2023-10-20T13:26:44.468+0000] {processor.py:175} INFO - Processing /home/airflow/.local/lib/python3.7/site-packages/airflow/example_dags/example_nested_branch_dag.py took 0.056 seconds
[2023-10-20T13:27:15.180+0000] {processor.py:153} INFO - Started process (PID=77902) to work on /home/airflow/.local/lib/python3.7/site-packages/airflow/example_dags/example_nested_branch_dag.py
[2023-10-20T13:27:15.180+0000] {processor.py:743} INFO - Processing file /home/airflow/.local/lib/python3.7/site-packages/airflow/example_dags/example_nested_branch_dag.py for tasks to queue
[2023-10-20T13:27:15.181+0000] {logging_mixin.py:137} INFO - [2023-10-20T13:27:15.180+0000] {dagbag.py:538} INFO - Filling up the DagBag from /home/airflow/.local/lib/python3.7/site-packages/airflow/example_dags/example_nested_branch_dag.py
[2023-10-20T13:27:15.193+0000] {processor.py:753} INFO - DAG(s) dict_keys(['example_nested_branch_dag']) retrieved from /home/airflow/.local/lib/python3.7/site-packages/airflow/example_dags/example_nested_branch_dag.py
[2023-10-20T13:27:15.206+0000] {logging_mixin.py:137} INFO - [2023-10-20T13:27:15.206+0000] {dag.py:2690} INFO - Sync 1 DAGs
[2023-10-20T13:27:15.218+0000] {logging_mixin.py:137} INFO - [2023-10-20T13:27:15.218+0000] {dag.py:3441} INFO - Setting next_dagrun for example_nested_branch_dag to 2023-10-19T00:00:00+00:00, run_after=2023-10-20T00:00:00+00:00
[2023-10-20T13:27:15.226+0000] {processor.py:175} INFO - Processing /home/airflow/.local/lib/python3.7/site-packages/airflow/example_dags/example_nested_branch_dag.py took 0.048 seconds
[2023-10-20T13:27:45.832+0000] {processor.py:153} INFO - Started process (PID=77996) to work on /home/airflow/.local/lib/python3.7/site-packages/airflow/example_dags/example_nested_branch_dag.py
[2023-10-20T13:27:45.832+0000] {processor.py:743} INFO - Processing file /home/airflow/.local/lib/python3.7/site-packages/airflow/example_dags/example_nested_branch_dag.py for tasks to queue
[2023-10-20T13:27:45.833+0000] {logging_mixin.py:137} INFO - [2023-10-20T13:27:45.833+0000] {dagbag.py:538} INFO - Filling up the DagBag from /home/airflow/.local/lib/python3.7/site-packages/airflow/example_dags/example_nested_branch_dag.py
[2023-10-20T13:27:45.845+0000] {processor.py:753} INFO - DAG(s) dict_keys(['example_nested_branch_dag']) retrieved from /home/airflow/.local/lib/python3.7/site-packages/airflow/example_dags/example_nested_branch_dag.py
[2023-10-20T13:27:45.859+0000] {logging_mixin.py:137} INFO - [2023-10-20T13:27:45.858+0000] {dag.py:2690} INFO - Sync 1 DAGs
[2023-10-20T13:27:45.871+0000] {logging_mixin.py:137} INFO - [2023-10-20T13:27:45.871+0000] {dag.py:3441} INFO - Setting next_dagrun for example_nested_branch_dag to 2023-10-19T00:00:00+00:00, run_after=2023-10-20T00:00:00+00:00
[2023-10-20T13:27:45.880+0000] {processor.py:175} INFO - Processing /home/airflow/.local/lib/python3.7/site-packages/airflow/example_dags/example_nested_branch_dag.py took 0.050 seconds
[2023-10-20T13:28:16.531+0000] {processor.py:153} INFO - Started process (PID=78091) to work on /home/airflow/.local/lib/python3.7/site-packages/airflow/example_dags/example_nested_branch_dag.py
[2023-10-20T13:28:16.532+0000] {processor.py:743} INFO - Processing file /home/airflow/.local/lib/python3.7/site-packages/airflow/example_dags/example_nested_branch_dag.py for tasks to queue
[2023-10-20T13:28:16.532+0000] {logging_mixin.py:137} INFO - [2023-10-20T13:28:16.532+0000] {dagbag.py:538} INFO - Filling up the DagBag from /home/airflow/.local/lib/python3.7/site-packages/airflow/example_dags/example_nested_branch_dag.py
[2023-10-20T13:28:16.546+0000] {processor.py:753} INFO - DAG(s) dict_keys(['example_nested_branch_dag']) retrieved from /home/airflow/.local/lib/python3.7/site-packages/airflow/example_dags/example_nested_branch_dag.py
[2023-10-20T13:28:16.559+0000] {logging_mixin.py:137} INFO - [2023-10-20T13:28:16.559+0000] {dag.py:2690} INFO - Sync 1 DAGs
[2023-10-20T13:28:16.572+0000] {logging_mixin.py:137} INFO - [2023-10-20T13:28:16.572+0000] {dag.py:3441} INFO - Setting next_dagrun for example_nested_branch_dag to 2023-10-19T00:00:00+00:00, run_after=2023-10-20T00:00:00+00:00
[2023-10-20T13:28:16.580+0000] {processor.py:175} INFO - Processing /home/airflow/.local/lib/python3.7/site-packages/airflow/example_dags/example_nested_branch_dag.py took 0.051 seconds
