[2023-12-11T13:46:44.004+0000] {taskinstance.py:1083} INFO - Dependencies all met for <TaskInstance: parallel_dag.extract_b scheduled__2023-12-09T00:00:00+00:00 [queued]>
[2023-12-11T13:46:44.011+0000] {taskinstance.py:1083} INFO - Dependencies all met for <TaskInstance: parallel_dag.extract_b scheduled__2023-12-09T00:00:00+00:00 [queued]>
[2023-12-11T13:46:44.012+0000] {taskinstance.py:1279} INFO - 
--------------------------------------------------------------------------------
[2023-12-11T13:46:44.013+0000] {taskinstance.py:1280} INFO - Starting attempt 1 of 1
[2023-12-11T13:46:44.014+0000] {taskinstance.py:1281} INFO - 
--------------------------------------------------------------------------------
[2023-12-11T13:46:44.046+0000] {taskinstance.py:1300} INFO - Executing <Task(BashOperator): extract_b> on 2023-12-09 00:00:00+00:00
[2023-12-11T13:46:44.058+0000] {standard_task_runner.py:55} INFO - Started process 64 to run task
[2023-12-11T13:46:44.060+0000] {standard_task_runner.py:82} INFO - Running: ['***', 'tasks', 'run', 'parallel_dag', 'extract_b', 'scheduled__2023-12-09T00:00:00+00:00', '--job-id', '269', '--raw', '--subdir', 'DAGS_FOLDER/parallel_dag.py', '--cfg-path', '/tmp/tmpk72ni71g']
[2023-12-11T13:46:44.063+0000] {standard_task_runner.py:83} INFO - Job 269: Subtask extract_b
[2023-12-11T13:46:44.164+0000] {task_command.py:388} INFO - Running <TaskInstance: parallel_dag.extract_b scheduled__2023-12-09T00:00:00+00:00 [running]> on host 41c3c193ed03
[2023-12-11T13:46:44.246+0000] {taskinstance.py:1509} INFO - Exporting the following env vars:
AIRFLOW_CTX_DAG_OWNER=***
AIRFLOW_CTX_DAG_ID=parallel_dag
AIRFLOW_CTX_TASK_ID=extract_b
AIRFLOW_CTX_EXECUTION_DATE=2023-12-09T00:00:00+00:00
AIRFLOW_CTX_TRY_NUMBER=1
AIRFLOW_CTX_DAG_RUN_ID=scheduled__2023-12-09T00:00:00+00:00
[2023-12-11T13:46:44.248+0000] {subprocess.py:63} INFO - Tmp dir root location: 
 /tmp
[2023-12-11T13:46:44.249+0000] {subprocess.py:75} INFO - Running command: ['/bin/bash', '-c', 'sleep 10']
[2023-12-11T13:46:44.259+0000] {subprocess.py:86} INFO - Output:
[2023-12-11T13:46:54.272+0000] {subprocess.py:97} INFO - Command exited with return code 0
[2023-12-11T13:46:54.314+0000] {taskinstance.py:1323} INFO - Marking task as SUCCESS. dag_id=parallel_dag, task_id=extract_b, execution_date=20231209T000000, start_date=20231211T134644, end_date=20231211T134654
[2023-12-11T13:46:54.365+0000] {local_task_job.py:208} INFO - Task exited with return code 0
[2023-12-11T13:46:54.386+0000] {taskinstance.py:2578} INFO - 1 downstream tasks scheduled from follow-on schedule check
